10.09.2014 00:01:13,238 - INFO  - Watchdog has been checked: 0 passed
10.09.2014 00:03:13,216 - INFO  - Watchdog has been checked: 0 passed
10.09.2014 00:05:13,204 - INFO  - Watchdog has been checked: 0 passed
10.09.2014 00:07:13,321 - INFO  - Watchdog has been checked: 0 passed
10.09.2014 00:09:13,297 - INFO  - Watchdog has been checked: 0 passed
10.09.2014 00:11:13,293 - INFO  - Watchdog has been checked: 0 passed
10.09.2014 00:13:13,250 - INFO  - Watchdog has been checked: 0 passed
10.09.2014 00:15:13,237 - INFO  - Watchdog has been checked: 0 passed
10.09.2014 00:17:13,252 - INFO  - Watchdog has been checked: 0 passed
10.09.2014 00:19:13,351 - INFO  - Watchdog has been checked: 0 passed
10.09.2014 00:21:13,305 - INFO  - Watchdog has been checked: 0 passed
10.09.2014 00:23:13,281 - INFO  - Watchdog has been checked: 0 passed
10.09.2014 00:25:13,231 - INFO  - Watchdog has been checked: 0 passed
10.09.2014 00:27:13,332 - INFO  - Watchdog has been checked: 0 passed
10.09.2014 00:29:13,332 - INFO  - Watchdog has been checked: 0 passed
10.09.2014 00:31:13,286 - INFO  - Watchdog has been checked: 0 passed
10.09.2014 00:33:13,244 - INFO  - Watchdog has been checked: 0 passed
10.09.2014 00:35:13,231 - INFO  - Watchdog has been checked: 0 passed
10.09.2014 00:37:13,348 - INFO  - Watchdog has been checked: 0 passed
10.09.2014 00:39:13,351 - INFO  - Watchdog has been checked: 0 passed
10.09.2014 00:41:13,328 - INFO  - Watchdog has been checked: 0 passed
10.09.2014 00:43:13,325 - INFO  - Watchdog has been checked: 0 passed
10.09.2014 00:45:13,336 - INFO  - Watchdog has been checked: 0 passed
10.09.2014 00:47:13,137 - INFO  - Watchdog has been checked: 0 passed
10.09.2014 00:49:13,113 - INFO  - Watchdog has been checked: 0 passed
10.09.2014 00:51:13,211 - INFO  - Watchdog has been checked: 0 passed
10.09.2014 00:53:13,139 - INFO  - Watchdog has been checked: 0 passed
10.09.2014 00:55:13,228 - INFO  - Watchdog has been checked: 0 passed
10.09.2014 00:57:12,985 - INFO  - Watchdog has been checked: 0 passed
10.09.2014 00:59:12,007 - INFO  - Watchdog has been checked: 0 passed
10.09.2014 01:01:11,252 - INFO  - Watchdog has been checked: 0 passed
10.09.2014 01:03:11,199 - INFO  - Watchdog has been checked: 0 passed
10.09.2014 01:05:11,215 - INFO  - Watchdog has been checked: 0 passed
10.09.2014 01:07:11,084 - INFO  - Watchdog has been checked: 0 passed
10.09.2014 01:09:11,037 - INFO  - Watchdog has been checked: 0 passed
10.09.2014 01:11:10,271 - INFO  - Watchdog has been checked: 0 passed
10.09.2014 01:13:10,696 - INFO  - Watchdog has been checked: 0 passed
10.09.2014 01:15:10,027 - INFO  - Watchdog has been checked: 0 passed
10.09.2014 01:17:08,960 - INFO  - Watchdog has been checked: 0 passed
10.09.2014 01:19:07,959 - INFO  - Watchdog has been checked: 0 passed
10.09.2014 01:21:07,963 - INFO  - Watchdog has been checked: 0 passed
10.09.2014 01:23:07,151 - INFO  - Watchdog has been checked: 0 passed
10.09.2014 01:25:07,187 - INFO  - Watchdog has been checked: 0 passed
10.09.2014 01:27:07,074 - INFO  - Watchdog has been checked: 0 passed
10.09.2014 01:29:06,077 - INFO  - Watchdog has been checked: 0 passed
10.09.2014 01:31:05,115 - INFO  - Watchdog has been checked: 0 passed
10.09.2014 01:33:05,207 - INFO  - Watchdog has been checked: 0 passed
10.09.2014 01:35:05,009 - INFO  - Watchdog has been checked: 0 passed
10.09.2014 01:37:04,050 - INFO  - Watchdog has been checked: 0 passed
10.09.2014 01:39:03,085 - INFO  - Watchdog has been checked: 0 passed
10.09.2014 01:41:02,016 - INFO  - Watchdog has been checked: 0 passed
10.09.2014 01:43:02,273 - INFO  - Watchdog has been checked: 0 passed
10.09.2014 01:45:02,180 - INFO  - Watchdog has been checked: 0 passed
10.09.2014 01:47:02,107 - INFO  - Watchdog has been checked: 0 passed
10.09.2014 01:49:01,329 - INFO  - Watchdog has been checked: 0 passed
10.09.2014 01:51:01,363 - INFO  - Watchdog has been checked: 0 passed
10.09.2014 01:53:01,210 - INFO  - Watchdog has been checked: 0 passed
10.09.2014 01:55:01,260 - INFO  - Watchdog has been checked: 0 passed
10.09.2014 01:57:01,328 - INFO  - Watchdog has been checked: 0 passed
10.09.2014 01:59:01,327 - INFO  - Watchdog has been checked: 0 passed
10.09.2014 02:01:01,348 - INFO  - Watchdog has been checked: 0 passed
10.09.2014 02:03:01,264 - INFO  - Watchdog has been checked: 0 passed
10.09.2014 02:05:01,273 - INFO  - Watchdog has been checked: 0 passed
10.09.2014 02:07:02,218 - INFO  - Watchdog has been checked: 0 passed
10.09.2014 02:09:02,411 - INFO  - Watchdog has been checked: 0 passed
10.09.2014 02:11:02,375 - INFO  - Watchdog has been checked: 0 passed
10.09.2014 02:13:02,375 - INFO  - Watchdog has been checked: 0 passed
10.09.2014 02:15:02,453 - INFO  - Watchdog has been checked: 0 passed
10.09.2014 02:17:02,228 - INFO  - Watchdog has been checked: 0 passed
10.09.2014 02:19:02,210 - INFO  - Watchdog has been checked: 0 passed
10.09.2014 02:21:02,205 - INFO  - Watchdog has been checked: 0 passed
10.09.2014 02:23:02,186 - INFO  - Watchdog has been checked: 0 passed
10.09.2014 02:25:02,167 - INFO  - Watchdog has been checked: 0 passed
10.09.2014 02:27:02,364 - INFO  - Watchdog has been checked: 0 passed
10.09.2014 02:29:02,172 - INFO  - Watchdog has been checked: 0 passed
10.09.2014 02:31:02,113 - INFO  - Watchdog has been checked: 0 passed
10.09.2014 02:33:02,115 - INFO  - Watchdog has been checked: 0 passed
10.09.2014 02:35:02,086 - INFO  - Watchdog has been checked: 0 passed
10.09.2014 02:37:02,077 - INFO  - Watchdog has been checked: 0 passed
10.09.2014 02:39:02,081 - INFO  - Watchdog has been checked: 0 passed
10.09.2014 02:41:02,031 - INFO  - Watchdog has been checked: 0 passed
10.09.2014 02:43:01,004 - INFO  - Watchdog has been checked: 0 passed
10.09.2014 02:45:01,984 - INFO  - Watchdog has been checked: 0 passed
10.09.2014 02:47:01,072 - INFO  - Watchdog has been checked: 0 passed
10.09.2014 02:49:01,251 - INFO  - Watchdog has been checked: 0 passed
10.09.2014 02:51:01,142 - INFO  - Watchdog has been checked: 0 passed
10.09.2014 02:53:01,049 - INFO  - Watchdog has been checked: 0 passed
10.09.2014 02:55:01,187 - INFO  - Watchdog has been checked: 0 passed
10.09.2014 02:57:01,264 - INFO  - Watchdog has been checked: 0 passed
10.09.2014 02:59:01,298 - INFO  - Watchdog has been checked: 0 passed
10.09.2014 03:01:01,212 - INFO  - Watchdog has been checked: 0 passed
10.09.2014 03:03:01,204 - INFO  - Watchdog has been checked: 0 passed
10.09.2014 03:05:01,197 - INFO  - Watchdog has been checked: 0 passed
10.09.2014 03:07:01,020 - INFO  - Watchdog has been checked: 0 passed
10.09.2014 03:09:02,293 - INFO  - Watchdog has been checked: 0 passed
10.09.2014 03:11:02,052 - INFO  - Watchdog has been checked: 0 passed
10.09.2014 03:13:02,155 - INFO  - Watchdog has been checked: 0 passed
10.09.2014 03:15:02,229 - INFO  - Watchdog has been checked: 0 passed
10.09.2014 03:17:02,214 - INFO  - Watchdog has been checked: 0 passed
10.09.2014 03:19:02,191 - INFO  - Watchdog has been checked: 0 passed
10.09.2014 03:21:02,219 - INFO  - Watchdog has been checked: 0 passed
10.09.2014 03:23:02,153 - INFO  - Watchdog has been checked: 0 passed
10.09.2014 03:25:02,171 - INFO  - Watchdog has been checked: 0 passed
10.09.2014 03:27:02,241 - INFO  - Watchdog has been checked: 0 passed
10.09.2014 03:29:02,253 - INFO  - Watchdog has been checked: 0 passed
10.09.2014 03:31:02,263 - INFO  - Watchdog has been checked: 0 passed
10.09.2014 03:33:02,186 - INFO  - Watchdog has been checked: 0 passed
10.09.2014 03:35:02,292 - INFO  - Watchdog has been checked: 0 passed
10.09.2014 03:37:02,125 - INFO  - Watchdog has been checked: 0 passed
10.09.2014 03:39:02,145 - INFO  - Watchdog has been checked: 0 passed
10.09.2014 03:41:02,101 - INFO  - Watchdog has been checked: 0 passed
10.09.2014 03:43:02,128 - INFO  - Watchdog has been checked: 0 passed
10.09.2014 03:45:02,138 - INFO  - Watchdog has been checked: 0 passed
10.09.2014 03:47:02,189 - INFO  - Watchdog has been checked: 0 passed
10.09.2014 03:49:02,209 - INFO  - Watchdog has been checked: 0 passed
10.09.2014 03:51:02,325 - INFO  - Watchdog has been checked: 0 passed
10.09.2014 03:53:02,247 - INFO  - Watchdog has been checked: 0 passed
10.09.2014 03:55:02,296 - INFO  - Watchdog has been checked: 0 passed
10.09.2014 03:57:02,086 - INFO  - Watchdog has been checked: 0 passed
10.09.2014 03:59:01,105 - INFO  - Watchdog has been checked: 0 passed
10.09.2014 04:01:01,317 - INFO  - Watchdog has been checked: 0 passed
10.09.2014 04:03:01,238 - INFO  - Watchdog has been checked: 0 passed
10.09.2014 04:05:01,304 - INFO  - Watchdog has been checked: 0 passed
10.09.2014 04:07:01,104 - INFO  - Watchdog has been checked: 0 passed
10.09.2014 04:09:01,099 - INFO  - Watchdog has been checked: 0 passed
10.09.2014 04:11:01,122 - INFO  - Watchdog has been checked: 0 passed
10.09.2014 04:13:01,318 - INFO  - Watchdog has been checked: 0 passed
10.09.2014 04:15:01,230 - INFO  - Watchdog has been checked: 0 passed
10.09.2014 04:17:01,348 - INFO  - Watchdog has been checked: 0 passed
10.09.2014 04:19:01,157 - INFO  - Watchdog has been checked: 0 passed
10.09.2014 04:21:01,118 - INFO  - Watchdog has been checked: 0 passed
10.09.2014 04:23:01,093 - INFO  - Watchdog has been checked: 0 passed
10.09.2014 04:25:01,193 - INFO  - Watchdog has been checked: 0 passed
10.09.2014 04:27:01,160 - INFO  - Watchdog has been checked: 0 passed
10.09.2014 04:29:01,153 - INFO  - Watchdog has been checked: 0 passed
10.09.2014 04:31:01,210 - INFO  - Watchdog has been checked: 0 passed
10.09.2014 04:33:01,335 - INFO  - Watchdog has been checked: 0 passed
10.09.2014 04:35:01,167 - INFO  - Watchdog has been checked: 0 passed
10.09.2014 04:37:01,305 - INFO  - Watchdog has been checked: 0 passed
10.09.2014 04:39:01,337 - INFO  - Watchdog has been checked: 0 passed
10.09.2014 04:41:01,252 - INFO  - Watchdog has been checked: 0 passed
10.09.2014 04:43:01,171 - INFO  - Watchdog has been checked: 0 passed
10.09.2014 04:45:01,214 - INFO  - Watchdog has been checked: 0 passed
10.09.2014 04:47:01,015 - INFO  - Watchdog has been checked: 0 passed
10.09.2014 04:48:59,994 - INFO  - Watchdog has been checked: 0 passed
10.09.2014 04:50:58,975 - INFO  - Watchdog has been checked: 0 passed
10.09.2014 04:52:58,208 - INFO  - Watchdog has been checked: 0 passed
10.09.2014 04:54:58,046 - INFO  - Watchdog has been checked: 0 passed
10.09.2014 04:56:57,088 - INFO  - Watchdog has been checked: 0 passed
10.09.2014 04:58:57,113 - INFO  - Watchdog has been checked: 0 passed
10.09.2014 05:00:57,075 - INFO  - Watchdog has been checked: 0 passed
10.09.2014 05:02:57,329 - INFO  - Watchdog has been checked: 0 passed
10.09.2014 05:04:57,075 - INFO  - Watchdog has been checked: 0 passed
10.09.2014 05:06:57,264 - INFO  - Watchdog has been checked: 0 passed
10.09.2014 05:08:57,229 - INFO  - Watchdog has been checked: 0 passed
10.09.2014 05:10:57,221 - INFO  - Watchdog has been checked: 0 passed
10.09.2014 05:12:57,177 - INFO  - Watchdog has been checked: 0 passed
10.09.2014 05:14:57,223 - INFO  - Watchdog has been checked: 0 passed
10.09.2014 05:16:57,743 - INFO  - Watchdog has been checked: 0 passed
10.09.2014 05:18:57,341 - INFO  - Watchdog has been checked: 0 passed
10.09.2014 05:20:57,289 - INFO  - Watchdog has been checked: 0 passed
10.09.2014 05:22:57,270 - INFO  - Watchdog has been checked: 0 passed
10.09.2014 05:24:57,297 - INFO  - Watchdog has been checked: 0 passed
10.09.2014 05:26:57,377 - INFO  - Watchdog has been checked: 0 passed
10.09.2014 05:28:57,413 - INFO  - Watchdog has been checked: 0 passed
10.09.2014 05:30:57,376 - INFO  - Watchdog has been checked: 0 passed
10.09.2014 05:32:57,287 - INFO  - Watchdog has been checked: 0 passed
10.09.2014 05:34:58,403 - INFO  - Watchdog has been checked: 0 passed
10.09.2014 05:36:58,178 - INFO  - Watchdog has been checked: 0 passed
10.09.2014 05:38:58,270 - INFO  - Watchdog has been checked: 0 passed
10.09.2014 05:40:58,219 - INFO  - Watchdog has been checked: 0 passed
10.09.2014 05:42:58,282 - INFO  - Watchdog has been checked: 0 passed
10.09.2014 05:44:58,226 - INFO  - Watchdog has been checked: 0 passed
10.09.2014 05:46:58,302 - INFO  - Watchdog has been checked: 0 passed
10.09.2014 05:48:58,282 - INFO  - Watchdog has been checked: 0 passed
10.09.2014 05:50:58,657 - INFO  - Watchdog has been checked: 0 passed
10.09.2014 05:52:58,292 - INFO  - Watchdog has been checked: 0 passed
10.09.2014 05:54:58,166 - INFO  - Watchdog has been checked: 0 passed
10.09.2014 05:56:58,139 - INFO  - Watchdog has been checked: 0 passed
10.09.2014 05:58:58,196 - INFO  - Watchdog has been checked: 0 passed
10.09.2014 06:00:58,194 - INFO  - Watchdog has been checked: 0 passed
10.09.2014 06:02:58,249 - INFO  - Watchdog has been checked: 0 passed
10.09.2014 06:04:58,162 - INFO  - Watchdog has been checked: 0 passed
10.09.2014 06:06:58,176 - INFO  - Watchdog has been checked: 0 passed
10.09.2014 06:08:58,167 - INFO  - Watchdog has been checked: 0 passed
10.09.2014 06:10:58,136 - INFO  - Watchdog has been checked: 0 passed
10.09.2014 06:12:58,065 - INFO  - Watchdog has been checked: 0 passed
10.09.2014 06:14:59,112 - INFO  - Watchdog has been checked: 0 passed
10.09.2014 06:15:02,023 - INFO  - mapping file sync started
10.09.2014 06:15:03,049 - INFO  - file successfully updated
10.09.2014 06:16:59,110 - INFO  - Watchdog has been checked: 0 passed
10.09.2014 06:18:59,111 - INFO  - Watchdog has been checked: 0 passed
10.09.2014 06:20:59,222 - INFO  - Watchdog has been checked: 0 passed
10.09.2014 06:22:59,008 - INFO  - Watchdog has been checked: 0 passed
10.09.2014 06:24:59,152 - INFO  - Watchdog has been checked: 0 passed
10.09.2014 06:26:59,175 - INFO  - Watchdog has been checked: 0 passed
10.09.2014 06:28:59,038 - INFO  - Watchdog has been checked: 0 passed
10.09.2014 06:30:59,026 - INFO  - Watchdog has been checked: 0 passed
10.09.2014 06:32:59,283 - INFO  - Watchdog has been checked: 0 passed
10.09.2014 06:34:58,954 - INFO  - Watchdog has been checked: 0 passed
10.09.2014 06:36:59,178 - INFO  - Watchdog has been checked: 0 passed
10.09.2014 06:38:59,217 - INFO  - Watchdog has been checked: 0 passed
10.09.2014 06:40:59,037 - INFO  - Watchdog has been checked: 0 passed
10.09.2014 06:42:59,237 - INFO  - Watchdog has been checked: 0 passed
10.09.2014 06:44:59,247 - INFO  - Watchdog has been checked: 0 passed
10.09.2014 06:46:59,075 - INFO  - Watchdog has been checked: 0 passed
10.09.2014 06:48:59,056 - INFO  - Watchdog has been checked: 0 passed
10.09.2014 06:50:59,271 - INFO  - Watchdog has been checked: 0 passed
10.09.2014 06:52:59,133 - INFO  - Watchdog has been checked: 0 passed
10.09.2014 06:54:59,203 - INFO  - Watchdog has been checked: 0 passed
10.09.2014 06:56:59,305 - INFO  - Watchdog has been checked: 0 passed
10.09.2014 06:58:59,351 - INFO  - Watchdog has been checked: 0 passed
10.09.2014 07:00:59,324 - INFO  - Watchdog has been checked: 0 passed
10.09.2014 07:02:59,263 - INFO  - Watchdog has been checked: 0 passed
10.09.2014 07:04:59,208 - INFO  - Watchdog has been checked: 0 passed
10.09.2014 07:06:59,341 - INFO  - Watchdog has been checked: 0 passed
10.09.2014 07:08:59,301 - INFO  - Watchdog has been checked: 0 passed
10.09.2014 07:10:59,095 - INFO  - Watchdog has been checked: 0 passed
10.09.2014 07:12:59,263 - INFO  - Watchdog has been checked: 0 passed
10.09.2014 07:14:59,325 - INFO  - Watchdog has been checked: 0 passed
10.09.2014 07:15:01,322 - INFO  - mapping file sync started
10.09.2014 07:15:01,856 - INFO  - file successfully updated
10.09.2014 07:16:59,203 - INFO  - Watchdog has been checked: 0 passed
10.09.2014 07:18:59,149 - INFO  - Watchdog has been checked: 0 passed
10.09.2014 07:20:58,082 - INFO  - Watchdog has been checked: 0 passed
10.09.2014 07:22:58,037 - INFO  - Watchdog has been checked: 0 passed
10.09.2014 07:24:57,261 - INFO  - Watchdog has been checked: 0 passed
10.09.2014 07:26:57,077 - INFO  - Watchdog has been checked: 0 passed
10.09.2014 07:28:56,002 - INFO  - Watchdog has been checked: 0 passed
10.09.2014 07:30:55,047 - INFO  - Watchdog has been checked: 0 passed
10.09.2014 07:32:54,211 - INFO  - Watchdog has been checked: 0 passed
10.09.2014 07:34:54,252 - INFO  - Watchdog has been checked: 0 passed
10.09.2014 07:36:54,057 - INFO  - Watchdog has been checked: 0 passed
10.09.2014 07:38:54,058 - INFO  - Watchdog has been checked: 0 passed
10.09.2014 07:40:54,221 - INFO  - Watchdog has been checked: 0 passed
10.09.2014 07:42:54,151 - INFO  - Watchdog has been checked: 0 passed
10.09.2014 07:44:54,246 - INFO  - Watchdog has been checked: 0 passed
10.09.2014 07:46:54,260 - INFO  - Watchdog has been checked: 0 passed
10.09.2014 07:48:54,212 - INFO  - Watchdog has been checked: 0 passed
10.09.2014 07:50:54,270 - INFO  - Watchdog has been checked: 0 passed
10.09.2014 07:52:54,277 - INFO  - Watchdog has been checked: 0 passed
10.09.2014 07:54:54,072 - INFO  - Watchdog has been checked: 0 passed
10.09.2014 07:56:54,173 - INFO  - Watchdog has been checked: 0 passed
10.09.2014 07:58:54,403 - INFO  - Watchdog has been checked: 0 passed
10.09.2014 08:00:54,247 - INFO  - Watchdog has been checked: 0 passed
10.09.2014 08:02:54,125 - INFO  - Watchdog has been checked: 0 passed
10.09.2014 08:04:54,195 - INFO  - Watchdog has been checked: 0 passed
10.09.2014 08:06:54,249 - INFO  - Watchdog has been checked: 0 passed
10.09.2014 08:08:54,251 - INFO  - Watchdog has been checked: 0 passed
10.09.2014 08:10:54,280 - INFO  - Watchdog has been checked: 0 passed
10.09.2014 08:12:54,155 - INFO  - Watchdog has been checked: 0 passed
10.09.2014 08:14:54,155 - INFO  - Watchdog has been checked: 0 passed
10.09.2014 08:16:54,198 - INFO  - Watchdog has been checked: 0 passed
10.09.2014 08:18:54,235 - INFO  - Watchdog has been checked: 0 passed
10.09.2014 08:20:54,184 - INFO  - Watchdog has been checked: 0 passed
10.09.2014 08:22:54,360 - INFO  - Watchdog has been checked: 0 passed
10.09.2014 08:24:54,178 - INFO  - Watchdog has been checked: 0 passed
10.09.2014 08:26:54,314 - INFO  - Watchdog has been checked: 0 passed
10.09.2014 08:28:54,277 - INFO  - Watchdog has been checked: 0 passed
10.09.2014 08:30:54,237 - INFO  - Watchdog has been checked: 0 passed
10.09.2014 08:32:54,113 - INFO  - Watchdog has been checked: 0 passed
10.09.2014 08:34:54,177 - INFO  - Watchdog has been checked: 0 passed
10.09.2014 08:36:53,999 - INFO  - Watchdog has been checked: 0 passed
10.09.2014 08:38:53,178 - INFO  - Watchdog has been checked: 0 passed
10.09.2014 08:40:53,285 - INFO  - Watchdog has been checked: 0 passed
10.09.2014 08:42:53,108 - INFO  - Watchdog has been checked: 0 passed
10.09.2014 08:44:53,262 - INFO  - Watchdog has been checked: 0 passed
10.09.2014 08:46:53,080 - INFO  - Watchdog has been checked: 0 passed
10.09.2014 08:48:53,115 - INFO  - Watchdog has been checked: 0 passed
10.09.2014 08:50:53,133 - INFO  - Watchdog has been checked: 0 passed
10.09.2014 08:52:53,214 - INFO  - Watchdog has been checked: 0 passed
10.09.2014 08:54:53,113 - INFO  - Watchdog has been checked: 0 passed
10.09.2014 08:56:53,041 - INFO  - Watchdog has been checked: 0 passed
10.09.2014 08:58:53,100 - INFO  - Watchdog has been checked: 0 passed
10.09.2014 09:00:53,314 - INFO  - Watchdog has been checked: 0 passed
10.09.2014 09:02:53,252 - INFO  - Watchdog has been checked: 0 passed
10.09.2014 09:04:53,143 - INFO  - Watchdog has been checked: 0 passed
10.09.2014 09:06:53,192 - INFO  - Watchdog has been checked: 0 passed
10.09.2014 09:08:53,209 - INFO  - Watchdog has been checked: 0 passed
10.09.2014 09:10:53,210 - INFO  - Watchdog has been checked: 0 passed
10.09.2014 09:12:53,327 - INFO  - Watchdog has been checked: 0 passed
10.09.2014 09:14:53,179 - INFO  - Watchdog has been checked: 0 passed
10.09.2014 09:16:53,196 - INFO  - Watchdog has been checked: 0 passed
10.09.2014 09:18:53,223 - INFO  - Watchdog has been checked: 0 passed
10.09.2014 09:20:53,130 - INFO  - Watchdog has been checked: 0 passed
10.09.2014 09:22:53,279 - INFO  - Watchdog has been checked: 0 passed
10.09.2014 09:24:53,289 - INFO  - Watchdog has been checked: 0 passed
10.09.2014 09:26:53,193 - INFO  - Watchdog has been checked: 0 passed
10.09.2014 09:28:53,193 - INFO  - Watchdog has been checked: 0 passed
10.09.2014 09:30:53,197 - INFO  - Watchdog has been checked: 0 passed
10.09.2014 09:32:53,299 - INFO  - Watchdog has been checked: 0 passed
10.09.2014 09:34:53,385 - INFO  - Watchdog has been checked: 0 passed
10.09.2014 09:36:53,204 - INFO  - Watchdog has been checked: 0 passed
10.09.2014 09:38:53,225 - INFO  - Watchdog has been checked: 0 passed
10.09.2014 09:40:53,212 - INFO  - Watchdog has been checked: 0 passed
10.09.2014 09:42:53,319 - INFO  - Watchdog has been checked: 0 passed
10.09.2014 09:44:53,384 - INFO  - Watchdog has been checked: 0 passed
10.09.2014 09:46:53,219 - INFO  - Watchdog has been checked: 0 passed
10.09.2014 09:48:53,217 - INFO  - Watchdog has been checked: 0 passed
10.09.2014 09:50:53,122 - INFO  - Watchdog has been checked: 0 passed
10.09.2014 09:52:53,298 - INFO  - Watchdog has been checked: 0 passed
10.09.2014 09:54:53,093 - INFO  - Watchdog has been checked: 0 passed
10.09.2014 09:56:53,093 - INFO  - Watchdog has been checked: 0 passed
10.09.2014 09:58:53,071 - INFO  - Watchdog has been checked: 0 passed
10.09.2014 10:00:52,812 - INFO  - Watchdog has been checked: 0 passed
10.09.2014 10:02:52,054 - INFO  - Watchdog has been checked: 0 passed
10.09.2014 10:04:51,846 - INFO  - Watchdog has been checked: 0 passed
10.09.2014 10:06:51,006 - INFO  - Watchdog has been checked: 0 passed
10.09.2014 10:08:51,013 - INFO  - Watchdog has been checked: 0 passed
10.09.2014 10:10:50,978 - INFO  - Watchdog has been checked: 0 passed
10.09.2014 10:12:50,951 - INFO  - Watchdog has been checked: 0 passed
10.09.2014 10:14:50,065 - INFO  - Watchdog has been checked: 0 passed
10.09.2014 10:16:49,146 - INFO  - Watchdog has been checked: 0 passed
10.09.2014 10:18:49,011 - INFO  - Watchdog has been checked: 0 passed
10.09.2014 10:20:47,943 - INFO  - Watchdog has been checked: 0 passed
10.09.2014 10:22:47,101 - INFO  - Watchdog has been checked: 0 passed
10.09.2014 10:23:26,940 - INFO  - searcher identified --- respT: 24ms, 5523 results, web:(PSIWeb), q=, 
10.09.2014 10:23:36,935 - INFO  - searcher identified --- respT: 31ms, 32 results, web:(PSIWeb), q=cloud, 
10.09.2014 10:23:37,867 - INFO  - searcher identified --- respT: 22ms, 32 results, web:(PSIWeb), q=cloud, 
10.09.2014 10:24:36,069 - INFO  - searcher identified --- respT: 21ms, 2496 results, web:(PSIWeb), q=web, 
10.09.2014 10:24:37,414 - INFO  - searcher identified --- respT: 53ms, 9 results, web:(PSIWeb), q=webtag, 
10.09.2014 10:24:38,128 - INFO  - searcher identified --- respT: 53ms, 9 results, web:(PSIWeb), q=webtag, 
10.09.2014 10:24:48,178 - INFO  - searcher identified --- respT: 20ms, 6 results, type:topic, web:(PSIWeb), q=webtag, 
10.09.2014 10:24:49,102 - INFO  - Watchdog has been checked: 0 passed
10.09.2014 10:24:53,190 - INFO  - searcher identified --- respT: 15ms, 27 results, type:topic, web:(PSIWeb), q=cloud, 
10.09.2014 10:26:49,207 - INFO  - Watchdog has been checked: 0 passed
10.09.2014 10:28:49,241 - INFO  - Watchdog has been checked: 0 passed
10.09.2014 10:30:49,342 - INFO  - Watchdog has been checked: 0 passed
10.09.2014 10:32:49,242 - INFO  - Watchdog has been checked: 0 passed
10.09.2014 10:34:49,287 - INFO  - Watchdog has been checked: 0 passed
10.09.2014 10:36:49,330 - INFO  - Watchdog has been checked: 0 passed
10.09.2014 10:38:51,697 - INFO  - Watchdog has been checked: 0 passed
10.09.2014 10:40:51,432 - INFO  - Watchdog has been checked: 0 passed
10.09.2014 10:42:51,442 - INFO  - Watchdog has been checked: 0 passed
10.09.2014 10:44:51,438 - INFO  - Watchdog has been checked: 0 passed
10.09.2014 10:46:51,286 - INFO  - Watchdog has been checked: 0 passed
10.09.2014 10:48:51,337 - INFO  - Watchdog has been checked: 0 passed
10.09.2014 10:50:51,365 - INFO  - Watchdog has been checked: 0 passed
10.09.2014 10:52:51,418 - INFO  - Watchdog has been checked: 0 passed
10.09.2014 10:54:51,458 - INFO  - Watchdog has been checked: 0 passed
10.09.2014 10:56:51,256 - INFO  - Watchdog has been checked: 0 passed
10.09.2014 10:58:51,353 - INFO  - Watchdog has been checked: 0 passed
10.09.2014 11:00:51,215 - INFO  - Watchdog has been checked: 0 passed
10.09.2014 11:02:51,437 - INFO  - Watchdog has been checked: 0 passed
10.09.2014 11:04:51,423 - INFO  - Watchdog has been checked: 0 passed
10.09.2014 11:06:51,276 - INFO  - Watchdog has been checked: 0 passed
10.09.2014 11:08:51,264 - INFO  - Watchdog has been checked: 0 passed
10.09.2014 11:10:51,262 - INFO  - Watchdog has been checked: 0 passed
10.09.2014 11:12:51,424 - INFO  - Watchdog has been checked: 0 passed
10.09.2014 11:14:51,412 - INFO  - Watchdog has been checked: 0 passed
10.09.2014 11:16:51,217 - INFO  - Watchdog has been checked: 0 passed
10.09.2014 11:18:51,257 - INFO  - Watchdog has been checked: 0 passed
10.09.2014 11:20:51,458 - INFO  - Watchdog has been checked: 0 passed
10.09.2014 11:22:51,347 - INFO  - Watchdog has been checked: 0 passed
10.09.2014 11:24:51,367 - INFO  - Watchdog has been checked: 0 passed
10.09.2014 11:26:51,476 - INFO  - Watchdog has been checked: 0 passed
10.09.2014 11:28:51,735 - INFO  - Watchdog has been checked: 0 passed
10.09.2014 11:30:51,562 - INFO  - Watchdog has been checked: 0 passed
10.09.2014 11:32:51,358 - INFO  - Watchdog has been checked: 0 passed
10.09.2014 11:34:51,356 - INFO  - Watchdog has been checked: 0 passed
10.09.2014 11:36:51,413 - INFO  - Watchdog has been checked: 0 passed
10.09.2014 11:38:51,328 - INFO  - Watchdog has been checked: 0 passed
10.09.2014 11:40:51,264 - INFO  - Watchdog has been checked: 0 passed
10.09.2014 11:42:51,258 - INFO  - Watchdog has been checked: 0 passed
10.09.2014 11:44:51,265 - INFO  - Watchdog has been checked: 0 passed
10.09.2014 11:46:51,215 - INFO  - Watchdog has been checked: 0 passed
10.09.2014 11:48:51,134 - INFO  - Watchdog has been checked: 0 passed
10.09.2014 11:50:51,115 - INFO  - Watchdog has been checked: 0 passed
10.09.2014 11:52:51,180 - INFO  - Watchdog has been checked: 0 passed
10.09.2014 11:54:51,171 - INFO  - Watchdog has been checked: 0 passed
10.09.2014 11:56:50,938 - INFO  - Watchdog has been checked: 0 passed
10.09.2014 11:58:50,022 - INFO  - Watchdog has been checked: 0 passed
10.09.2014 12:00:48,979 - INFO  - Watchdog has been checked: 0 passed
10.09.2014 12:02:48,102 - INFO  - Watchdog has been checked: 0 passed
10.09.2014 12:04:48,149 - INFO  - Watchdog has been checked: 0 passed
10.09.2014 12:06:48,052 - INFO  - Watchdog has been checked: 0 passed
10.09.2014 12:08:47,981 - INFO  - Watchdog has been checked: 0 passed
10.09.2014 12:10:47,007 - INFO  - Watchdog has been checked: 0 passed
10.09.2014 12:12:46,111 - INFO  - Watchdog has been checked: 0 passed
10.09.2014 12:14:45,164 - INFO  - Watchdog has been checked: 0 passed
10.09.2014 12:16:44,976 - INFO  - Watchdog has been checked: 0 passed
10.09.2014 12:18:44,046 - INFO  - Watchdog has been checked: 0 passed
10.09.2014 12:20:44,027 - INFO  - Watchdog has been checked: 0 passed
10.09.2014 12:22:43,198 - INFO  - Watchdog has been checked: 0 passed
10.09.2014 12:24:43,103 - INFO  - Watchdog has been checked: 0 passed
10.09.2014 12:26:43,213 - INFO  - Watchdog has been checked: 0 passed
10.09.2014 12:28:43,222 - INFO  - Watchdog has been checked: 0 passed
10.09.2014 12:30:43,218 - INFO  - Watchdog has been checked: 0 passed
10.09.2014 12:32:43,145 - INFO  - Watchdog has been checked: 0 passed
10.09.2014 12:34:43,212 - INFO  - Watchdog has been checked: 0 passed
10.09.2014 12:36:43,306 - INFO  - Watchdog has been checked: 0 passed
10.09.2014 12:38:43,362 - INFO  - Watchdog has been checked: 0 passed
10.09.2014 12:40:43,142 - INFO  - Watchdog has been checked: 0 passed
10.09.2014 12:42:43,303 - INFO  - Watchdog has been checked: 0 passed
10.09.2014 12:44:43,300 - INFO  - Watchdog has been checked: 0 passed
10.09.2014 12:46:43,394 - INFO  - Watchdog has been checked: 0 passed
10.09.2014 12:48:43,127 - INFO  - Watchdog has been checked: 0 passed
10.09.2014 12:50:43,152 - INFO  - Watchdog has been checked: 0 passed
10.09.2014 12:52:43,239 - INFO  - Watchdog has been checked: 0 passed
10.09.2014 12:54:43,318 - INFO  - Watchdog has been checked: 0 passed
10.09.2014 12:56:43,309 - INFO  - Watchdog has been checked: 0 passed
10.09.2014 12:58:43,352 - INFO  - Watchdog has been checked: 0 passed
10.09.2014 13:00:43,328 - INFO  - Watchdog has been checked: 0 passed
10.09.2014 13:02:43,214 - INFO  - Watchdog has been checked: 0 passed
10.09.2014 13:04:43,312 - INFO  - Watchdog has been checked: 0 passed
10.09.2014 13:06:43,354 - INFO  - Watchdog has been checked: 0 passed
10.09.2014 13:08:43,087 - INFO  - Watchdog has been checked: 0 passed
10.09.2014 13:10:43,093 - INFO  - Watchdog has been checked: 0 passed
10.09.2014 13:12:42,989 - INFO  - Watchdog has been checked: 0 passed
10.09.2014 13:14:43,129 - INFO  - Watchdog has been checked: 0 passed
10.09.2014 13:16:43,273 - INFO  - Watchdog has been checked: 0 passed
10.09.2014 13:18:43,021 - INFO  - Watchdog has been checked: 0 passed
10.09.2014 13:20:42,984 - INFO  - Watchdog has been checked: 0 passed
10.09.2014 13:22:42,061 - INFO  - Watchdog has been checked: 0 passed
10.09.2014 13:24:42,172 - INFO  - Watchdog has been checked: 0 passed
10.09.2014 13:26:42,194 - INFO  - Watchdog has been checked: 0 passed
10.09.2014 13:28:41,987 - INFO  - Watchdog has been checked: 0 passed
10.09.2014 13:30:41,997 - INFO  - Watchdog has been checked: 0 passed
10.09.2014 13:32:41,110 - INFO  - Watchdog has been checked: 0 passed
10.09.2014 13:34:41,192 - INFO  - Watchdog has been checked: 0 passed
10.09.2014 13:36:41,056 - INFO  - Watchdog has been checked: 0 passed
10.09.2014 13:38:40,153 - INFO  - Watchdog has been checked: 0 passed
10.09.2014 13:40:40,195 - INFO  - Watchdog has been checked: 0 passed
10.09.2014 13:42:40,329 - INFO  - Watchdog has been checked: 0 passed
10.09.2014 13:44:40,390 - INFO  - Watchdog has been checked: 0 passed
10.09.2014 13:46:40,458 - INFO  - Watchdog has been checked: 0 passed
10.09.2014 13:48:40,202 - INFO  - Watchdog has been checked: 0 passed
10.09.2014 13:50:40,215 - INFO  - Watchdog has been checked: 0 passed
10.09.2014 13:52:40,357 - INFO  - Watchdog has been checked: 0 passed
10.09.2014 13:54:40,344 - INFO  - Watchdog has been checked: 0 passed
10.09.2014 13:56:40,391 - INFO  - Watchdog has been checked: 0 passed
10.09.2014 13:58:40,100 - INFO  - Watchdog has been checked: 0 passed
10.09.2014 14:00:41,667 - INFO  - Watchdog has been checked: 0 passed
10.09.2014 14:02:41,257 - INFO  - Watchdog has been checked: 0 passed
10.09.2014 14:04:41,279 - INFO  - Watchdog has been checked: 0 passed
10.09.2014 14:06:41,286 - INFO  - Watchdog has been checked: 0 passed
10.09.2014 14:08:41,305 - INFO  - Watchdog has been checked: 0 passed
10.09.2014 14:10:41,287 - INFO  - Watchdog has been checked: 0 passed
10.09.2014 14:12:41,225 - INFO  - Watchdog has been checked: 0 passed
10.09.2014 14:14:41,182 - INFO  - Watchdog has been checked: 0 passed
10.09.2014 14:16:41,169 - INFO  - Watchdog has been checked: 0 passed
10.09.2014 14:18:41,208 - INFO  - Watchdog has been checked: 0 passed
10.09.2014 14:20:41,162 - INFO  - Watchdog has been checked: 0 passed
10.09.2014 14:22:41,018 - INFO  - Watchdog has been checked: 0 passed
10.09.2014 14:24:41,146 - INFO  - Watchdog has been checked: 0 passed
10.09.2014 14:26:40,054 - INFO  - Watchdog has been checked: 0 passed
10.09.2014 14:28:40,219 - INFO  - Watchdog has been checked: 0 passed
10.09.2014 14:30:40,177 - INFO  - Watchdog has been checked: 0 passed
10.09.2014 14:32:39,064 - INFO  - Watchdog has been checked: 0 passed
10.09.2014 14:34:38,045 - INFO  - Watchdog has been checked: 0 passed
10.09.2014 14:36:38,127 - INFO  - Watchdog has been checked: 0 passed
10.09.2014 14:38:38,199 - INFO  - Watchdog has been checked: 0 passed
10.09.2014 14:40:37,952 - INFO  - Watchdog has been checked: 0 passed
10.09.2014 14:42:37,344 - INFO  - Watchdog has been checked: 0 passed
10.09.2014 14:44:37,133 - INFO  - Watchdog has been checked: 0 passed
10.09.2014 14:46:37,182 - INFO  - Watchdog has been checked: 0 passed
10.09.2014 14:48:37,169 - INFO  - Watchdog has been checked: 0 passed
10.09.2014 14:50:37,097 - INFO  - Watchdog has been checked: 0 passed
10.09.2014 14:52:37,140 - INFO  - Watchdog has been checked: 0 passed
10.09.2014 14:54:37,061 - INFO  - Watchdog has been checked: 0 passed
10.09.2014 14:56:37,135 - INFO  - Watchdog has been checked: 0 passed
10.09.2014 14:58:38,489 - INFO  - Watchdog has been checked: 0 passed
10.09.2014 15:00:38,145 - INFO  - Watchdog has been checked: 0 passed
10.09.2014 15:02:38,060 - INFO  - Watchdog has been checked: 0 passed
10.09.2014 15:04:38,255 - INFO  - Watchdog has been checked: 0 passed
10.09.2014 15:06:38,335 - INFO  - Watchdog has been checked: 0 passed
10.09.2014 15:08:38,168 - INFO  - Watchdog has been checked: 0 passed
10.09.2014 15:10:38,136 - INFO  - Watchdog has been checked: 0 passed
10.09.2014 15:12:38,304 - INFO  - Watchdog has been checked: 0 passed
10.09.2014 15:14:38,266 - INFO  - Watchdog has been checked: 0 passed
10.09.2014 15:16:38,111 - INFO  - Watchdog has been checked: 0 passed
10.09.2014 15:18:37,383 - INFO  - Watchdog has been checked: 0 passed
10.09.2014 15:20:37,422 - INFO  - Watchdog has been checked: 0 passed
10.09.2014 15:22:37,731 - INFO  - Watchdog has been checked: 0 passed
10.09.2014 15:24:37,341 - INFO  - Watchdog has been checked: 0 passed
10.09.2014 15:26:38,340 - INFO  - Watchdog has been checked: 0 passed
10.09.2014 15:28:38,196 - INFO  - Watchdog has been checked: 0 passed
10.09.2014 15:30:38,167 - INFO  - Watchdog has been checked: 0 passed
10.09.2014 15:32:38,278 - INFO  - Watchdog has been checked: 0 passed
10.09.2014 15:34:38,297 - INFO  - Watchdog has been checked: 0 passed
10.09.2014 15:36:38,067 - INFO  - Watchdog has been checked: 0 passed
10.09.2014 15:38:38,104 - INFO  - Watchdog has been checked: 0 passed
10.09.2014 15:40:38,234 - INFO  - Watchdog has been checked: 0 passed
10.09.2014 15:42:38,161 - INFO  - Watchdog has been checked: 0 passed
10.09.2014 15:44:39,178 - INFO  - Watchdog has been checked: 0 passed
10.09.2014 15:46:39,244 - INFO  - Watchdog has been checked: 0 passed
10.09.2014 15:48:39,037 - INFO  - Watchdog has been checked: 0 passed
10.09.2014 15:50:39,250 - INFO  - Watchdog has been checked: 0 passed
10.09.2014 15:52:39,111 - INFO  - Watchdog has been checked: 0 passed
10.09.2014 15:54:39,114 - INFO  - Watchdog has been checked: 0 passed
10.09.2014 15:56:39,236 - INFO  - Watchdog has been checked: 0 passed
10.09.2014 15:58:39,245 - INFO  - Watchdog has been checked: 0 passed
10.09.2014 16:00:39,257 - INFO  - Watchdog has been checked: 0 passed
10.09.2014 16:02:39,062 - INFO  - Watchdog has been checked: 0 passed
10.09.2014 16:04:39,076 - INFO  - Watchdog has been checked: 0 passed
10.09.2014 16:06:39,151 - INFO  - Watchdog has been checked: 0 passed
10.09.2014 16:08:39,184 - INFO  - Watchdog has been checked: 0 passed
10.09.2014 16:10:39,130 - INFO  - Watchdog has been checked: 0 passed
10.09.2014 16:12:39,324 - INFO  - Watchdog has been checked: 0 passed
10.09.2014 16:14:39,295 - INFO  - Watchdog has been checked: 0 passed
10.09.2014 16:16:39,353 - INFO  - Watchdog has been checked: 0 passed
10.09.2014 16:18:39,113 - INFO  - Watchdog has been checked: 0 passed
10.09.2014 16:20:39,085 - INFO  - Watchdog has been checked: 0 passed
10.09.2014 16:22:39,203 - INFO  - Watchdog has been checked: 0 passed
10.09.2014 16:24:39,218 - INFO  - Watchdog has been checked: 0 passed
10.09.2014 16:26:39,335 - INFO  - Watchdog has been checked: 0 passed
10.09.2014 16:28:39,221 - INFO  - Watchdog has been checked: 0 passed
10.09.2014 16:30:39,176 - INFO  - Watchdog has been checked: 0 passed
10.09.2014 16:32:39,409 - INFO  - Watchdog has been checked: 0 passed
10.09.2014 16:34:39,362 - INFO  - Watchdog has been checked: 0 passed
10.09.2014 16:36:39,371 - INFO  - Watchdog has been checked: 0 passed
10.09.2014 16:38:39,177 - INFO  - Watchdog has been checked: 0 passed
10.09.2014 16:39:26,688 - INFO  - searcher identified --- respT: 15ms, 5529 results, web:(PSIWeb), q=, 
10.09.2014 16:39:34,325 - INFO  - searcher identified --- respT: 14ms, 4645 results, type:topic, web:(PSIWeb), q=, 
10.09.2014 16:39:48,623 - INFO  - searcher identified --- respT: 13ms, 5529 results, web:(PSIWeb), q=, 
10.09.2014 16:39:53,854 - INFO  - searcher identified --- respT: 11ms, 2 results, web:(PSIWeb), author:DanielSchnorf, q=, 
10.09.2014 16:40:39,146 - INFO  - Watchdog has been checked: 0 passed
10.09.2014 16:42:38,219 - INFO  - Watchdog has been checked: 0 passed
10.09.2014 16:44:38,221 - INFO  - Watchdog has been checked: 0 passed
10.09.2014 16:46:38,234 - INFO  - Watchdog has been checked: 0 passed
10.09.2014 16:48:38,109 - INFO  - Watchdog has been checked: 0 passed
10.09.2014 16:50:37,388 - INFO  - Watchdog has been checked: 0 passed
10.09.2014 16:52:37,273 - INFO  - Watchdog has been checked: 0 passed
10.09.2014 16:54:36,119 - INFO  - Watchdog has been checked: 0 passed
10.09.2014 16:56:36,174 - INFO  - Watchdog has been checked: 0 passed
10.09.2014 16:58:36,281 - INFO  - Watchdog has been checked: 0 passed
10.09.2014 17:00:36,244 - INFO  - Watchdog has been checked: 0 passed
10.09.2014 17:02:36,073 - INFO  - Watchdog has been checked: 0 passed
10.09.2014 17:04:35,099 - INFO  - Watchdog has been checked: 0 passed
10.09.2014 17:06:35,120 - INFO  - Watchdog has been checked: 0 passed
10.09.2014 17:08:35,623 - INFO  - Watchdog has been checked: 0 passed
10.09.2014 17:10:35,224 - INFO  - Watchdog has been checked: 0 passed
10.09.2014 17:12:35,111 - INFO  - Watchdog has been checked: 0 passed
10.09.2014 17:14:35,182 - INFO  - Watchdog has been checked: 0 passed
10.09.2014 17:16:35,213 - INFO  - Watchdog has been checked: 0 passed
10.09.2014 17:18:35,254 - INFO  - Watchdog has been checked: 0 passed
10.09.2014 17:20:35,238 - INFO  - Watchdog has been checked: 0 passed
10.09.2014 17:22:35,083 - INFO  - Watchdog has been checked: 0 passed
10.09.2014 17:24:35,247 - INFO  - Watchdog has been checked: 0 passed
10.09.2014 17:26:35,263 - INFO  - Watchdog has been checked: 0 passed
10.09.2014 17:28:35,338 - INFO  - Watchdog has been checked: 0 passed
10.09.2014 17:30:35,278 - INFO  - Watchdog has been checked: 0 passed
10.09.2014 17:32:35,357 - INFO  - Watchdog has been checked: 0 passed
10.09.2014 17:34:35,178 - INFO  - Watchdog has been checked: 0 passed
10.09.2014 17:36:35,231 - INFO  - Watchdog has been checked: 0 passed
10.09.2014 17:38:35,265 - INFO  - Watchdog has been checked: 0 passed
10.09.2014 17:40:35,293 - INFO  - Watchdog has been checked: 0 passed
10.09.2014 17:42:35,321 - INFO  - Watchdog has been checked: 0 passed
10.09.2014 17:44:35,142 - INFO  - Watchdog has been checked: 0 passed
10.09.2014 17:46:35,264 - INFO  - Watchdog has been checked: 0 passed
10.09.2014 17:48:35,302 - INFO  - Watchdog has been checked: 0 passed
10.09.2014 17:50:35,337 - INFO  - Watchdog has been checked: 0 passed
10.09.2014 17:52:35,186 - INFO  - Watchdog has been checked: 0 passed
10.09.2014 17:54:35,272 - INFO  - Watchdog has been checked: 0 passed
10.09.2014 17:56:35,283 - INFO  - Watchdog has been checked: 0 passed
10.09.2014 17:58:35,286 - INFO  - Watchdog has been checked: 0 passed
10.09.2014 18:00:35,314 - INFO  - Watchdog has been checked: 0 passed
10.09.2014 18:02:35,340 - INFO  - Watchdog has been checked: 0 passed
10.09.2014 18:04:35,128 - INFO  - Watchdog has been checked: 0 passed
10.09.2014 18:06:35,115 - INFO  - Watchdog has been checked: 0 passed
10.09.2014 18:08:35,197 - INFO  - Watchdog has been checked: 0 passed
10.09.2014 18:10:35,254 - INFO  - Watchdog has been checked: 0 passed
10.09.2014 18:12:35,257 - INFO  - Watchdog has been checked: 0 passed
10.09.2014 18:14:35,196 - INFO  - Watchdog has been checked: 0 passed
10.09.2014 18:16:34,963 - INFO  - Watchdog has been checked: 0 passed
10.09.2014 18:18:34,008 - INFO  - Watchdog has been checked: 0 passed
10.09.2014 18:20:33,027 - INFO  - Watchdog has been checked: 0 passed
10.09.2014 18:22:32,062 - INFO  - Watchdog has been checked: 0 passed
10.09.2014 18:24:31,110 - INFO  - Watchdog has been checked: 0 passed
10.09.2014 18:26:30,153 - INFO  - Watchdog has been checked: 0 passed
10.09.2014 18:28:30,008 - INFO  - Watchdog has been checked: 0 passed
10.09.2014 18:30:29,004 - INFO  - Watchdog has been checked: 0 passed
10.09.2014 18:32:28,115 - INFO  - Watchdog has been checked: 0 passed
10.09.2014 18:34:28,223 - INFO  - Watchdog has been checked: 0 passed
10.09.2014 18:36:28,244 - INFO  - Watchdog has been checked: 0 passed
10.09.2014 18:38:28,126 - INFO  - Watchdog has been checked: 0 passed
10.09.2014 18:40:27,516 - INFO  - Watchdog has been checked: 0 passed
10.09.2014 18:42:27,145 - INFO  - Watchdog has been checked: 0 passed
10.09.2014 18:44:26,201 - INFO  - Watchdog has been checked: 0 passed
10.09.2014 18:46:26,233 - INFO  - Watchdog has been checked: 0 passed
10.09.2014 18:48:26,092 - INFO  - Watchdog has been checked: 0 passed
10.09.2014 18:50:26,063 - INFO  - Watchdog has been checked: 0 passed
10.09.2014 18:52:25,143 - INFO  - Watchdog has been checked: 0 passed
10.09.2014 18:54:25,227 - INFO  - Watchdog has been checked: 0 passed
10.09.2014 18:56:25,274 - INFO  - Watchdog has been checked: 0 passed
10.09.2014 18:58:25,357 - INFO  - Watchdog has been checked: 0 passed
10.09.2014 19:00:25,168 - INFO  - Watchdog has been checked: 0 passed
10.09.2014 19:02:25,188 - INFO  - Watchdog has been checked: 0 passed
10.09.2014 19:04:25,311 - INFO  - Watchdog has been checked: 0 passed
10.09.2014 19:06:25,297 - INFO  - Watchdog has been checked: 0 passed
10.09.2014 19:08:25,298 - INFO  - Watchdog has been checked: 0 passed
10.09.2014 19:10:25,289 - INFO  - Watchdog has been checked: 0 passed
10.09.2014 19:12:25,107 - INFO  - Watchdog has been checked: 0 passed
10.09.2014 19:14:25,235 - INFO  - Watchdog has been checked: 0 passed
10.09.2014 19:16:25,172 - INFO  - Watchdog has been checked: 0 passed
10.09.2014 19:18:25,277 - INFO  - Watchdog has been checked: 0 passed
10.09.2014 19:20:25,296 - INFO  - Watchdog has been checked: 0 passed
10.09.2014 19:22:25,371 - INFO  - Watchdog has been checked: 0 passed
10.09.2014 19:24:25,268 - INFO  - Watchdog has been checked: 0 passed
10.09.2014 19:26:25,263 - INFO  - Watchdog has been checked: 0 passed
10.09.2014 19:28:25,419 - INFO  - Watchdog has been checked: 0 passed
10.09.2014 19:30:25,130 - INFO  - Watchdog has been checked: 0 passed
10.09.2014 19:32:25,229 - INFO  - Watchdog has been checked: 0 passed
10.09.2014 19:34:25,228 - INFO  - Watchdog has been checked: 0 passed
10.09.2014 19:36:25,259 - INFO  - Watchdog has been checked: 0 passed
10.09.2014 19:38:25,206 - INFO  - Watchdog has been checked: 0 passed
10.09.2014 19:40:25,186 - INFO  - Watchdog has been checked: 0 passed
10.09.2014 19:42:25,229 - INFO  - Watchdog has been checked: 0 passed
10.09.2014 19:44:25,256 - INFO  - Watchdog has been checked: 0 passed
10.09.2014 19:46:25,226 - INFO  - Watchdog has been checked: 0 passed
10.09.2014 19:48:25,051 - INFO  - Watchdog has been checked: 0 passed
10.09.2014 19:50:24,100 - INFO  - Watchdog has been checked: 0 passed
10.09.2014 19:52:23,078 - INFO  - Watchdog has been checked: 0 passed
10.09.2014 19:54:22,193 - INFO  - Watchdog has been checked: 0 passed
10.09.2014 19:56:22,084 - INFO  - Watchdog has been checked: 0 passed
10.09.2014 19:58:21,217 - INFO  - Watchdog has been checked: 0 passed
10.09.2014 20:00:21,267 - INFO  - Watchdog has been checked: 0 passed
10.09.2014 20:02:21,092 - INFO  - Watchdog has been checked: 0 passed
10.09.2014 20:04:20,192 - INFO  - Watchdog has been checked: 0 passed
10.09.2014 20:06:20,190 - INFO  - Watchdog has been checked: 0 passed
10.09.2014 20:08:20,180 - INFO  - Watchdog has been checked: 0 passed
10.09.2014 20:10:20,251 - INFO  - Watchdog has been checked: 0 passed
10.09.2014 20:12:20,216 - INFO  - Watchdog has been checked: 0 passed
10.09.2014 20:14:20,270 - INFO  - Watchdog has been checked: 0 passed
10.09.2014 20:16:20,412 - INFO  - Watchdog has been checked: 0 passed
10.09.2014 20:18:20,286 - INFO  - Watchdog has been checked: 0 passed
10.09.2014 20:20:20,290 - INFO  - Watchdog has been checked: 0 passed
10.09.2014 20:22:20,380 - INFO  - Watchdog has been checked: 0 passed
10.09.2014 20:24:20,349 - INFO  - Watchdog has been checked: 0 passed
10.09.2014 20:26:20,154 - INFO  - Watchdog has been checked: 0 passed
10.09.2014 20:28:20,225 - INFO  - Watchdog has been checked: 0 passed
10.09.2014 20:30:20,261 - INFO  - Watchdog has been checked: 0 passed
10.09.2014 20:32:20,304 - INFO  - Watchdog has been checked: 0 passed
10.09.2014 20:34:20,339 - INFO  - Watchdog has been checked: 0 passed
10.09.2014 20:36:20,383 - INFO  - Watchdog has been checked: 0 passed
10.09.2014 20:38:20,219 - INFO  - Watchdog has been checked: 0 passed
10.09.2014 20:40:20,290 - INFO  - Watchdog has been checked: 0 passed
10.09.2014 20:42:20,334 - INFO  - Watchdog has been checked: 0 passed
10.09.2014 20:44:20,347 - INFO  - Watchdog has been checked: 0 passed
10.09.2014 20:46:20,127 - INFO  - Watchdog has been checked: 0 passed
10.09.2014 20:48:19,160 - INFO  - Watchdog has been checked: 0 passed
10.09.2014 20:50:19,127 - INFO  - Watchdog has been checked: 0 passed
10.09.2014 20:52:19,266 - INFO  - Watchdog has been checked: 0 passed
10.09.2014 20:54:19,243 - INFO  - Watchdog has been checked: 0 passed
10.09.2014 20:56:19,244 - INFO  - Watchdog has been checked: 0 passed
10.09.2014 20:58:19,280 - INFO  - Watchdog has been checked: 0 passed
10.09.2014 21:00:19,208 - INFO  - Watchdog has been checked: 0 passed
10.09.2014 21:02:19,078 - INFO  - Watchdog has been checked: 0 passed
10.09.2014 21:04:18,114 - INFO  - Watchdog has been checked: 0 passed
10.09.2014 21:06:17,074 - INFO  - Watchdog has been checked: 0 passed
10.09.2014 21:08:17,114 - INFO  - Watchdog has been checked: 0 passed
10.09.2014 21:10:17,089 - INFO  - Watchdog has been checked: 0 passed
10.09.2014 21:12:17,182 - INFO  - Watchdog has been checked: 0 passed
10.09.2014 21:14:17,089 - INFO  - Watchdog has been checked: 0 passed
10.09.2014 21:16:17,168 - INFO  - Watchdog has been checked: 0 passed
10.09.2014 21:18:17,036 - INFO  - Watchdog has been checked: 0 passed
10.09.2014 21:20:17,634 - INFO  - Watchdog has been checked: 0 passed
10.09.2014 21:22:17,360 - INFO  - Watchdog has been checked: 0 passed
10.09.2014 21:24:19,259 - INFO  - Watchdog has been checked: 0 passed
10.09.2014 21:26:18,985 - INFO  - Watchdog has been checked: 0 passed
10.09.2014 21:28:19,098 - INFO  - Watchdog has been checked: 0 passed
10.09.2014 21:30:19,095 - INFO  - Watchdog has been checked: 0 passed
10.09.2014 21:32:19,227 - INFO  - Watchdog has been checked: 0 passed
10.09.2014 21:34:19,304 - INFO  - Watchdog has been checked: 0 passed
10.09.2014 21:36:19,352 - INFO  - Watchdog has been checked: 0 passed
10.09.2014 21:38:19,107 - INFO  - Watchdog has been checked: 0 passed
10.09.2014 21:40:19,208 - INFO  - Watchdog has been checked: 0 passed
10.09.2014 21:42:19,282 - INFO  - Watchdog has been checked: 0 passed
10.09.2014 21:44:19,825 - INFO  - Watchdog has been checked: 0 passed
10.09.2014 21:46:19,391 - INFO  - Watchdog has been checked: 0 passed
10.09.2014 21:48:19,211 - INFO  - Watchdog has been checked: 0 passed
10.09.2014 21:50:19,365 - INFO  - Watchdog has been checked: 0 passed
10.09.2014 21:52:19,315 - INFO  - Watchdog has been checked: 0 passed
10.09.2014 21:54:19,388 - INFO  - Watchdog has been checked: 0 passed
10.09.2014 21:56:19,450 - INFO  - Watchdog has been checked: 0 passed
10.09.2014 21:58:19,263 - INFO  - Watchdog has been checked: 0 passed
10.09.2014 22:00:19,323 - INFO  - Watchdog has been checked: 0 passed
10.09.2014 22:02:19,435 - INFO  - Watchdog has been checked: 0 passed
10.09.2014 22:04:19,401 - INFO  - Watchdog has been checked: 0 passed
10.09.2014 22:06:19,228 - INFO  - Watchdog has been checked: 0 passed
10.09.2014 22:08:19,184 - INFO  - Watchdog has been checked: 0 passed
10.09.2014 22:10:19,325 - INFO  - Watchdog has been checked: 0 passed
10.09.2014 22:12:19,184 - INFO  - Watchdog has been checked: 0 passed
10.09.2014 22:14:18,147 - INFO  - Watchdog has been checked: 0 passed
10.09.2014 22:16:17,117 - INFO  - Watchdog has been checked: 0 passed
10.09.2014 22:18:17,115 - INFO  - Watchdog has been checked: 0 passed
10.09.2014 22:20:17,194 - INFO  - Watchdog has been checked: 0 passed
10.09.2014 22:22:17,175 - INFO  - Watchdog has been checked: 0 passed
10.09.2014 22:24:17,125 - INFO  - Watchdog has been checked: 0 passed
10.09.2014 22:26:16,031 - INFO  - Watchdog has been checked: 0 passed
10.09.2014 22:28:15,069 - INFO  - Watchdog has been checked: 0 passed
10.09.2014 22:30:14,175 - INFO  - Watchdog has been checked: 0 passed
10.09.2014 22:32:15,863 - INFO  - Watchdog has been checked: 0 passed
10.09.2014 22:34:14,078 - INFO  - Watchdog has been checked: 0 passed
10.09.2014 22:36:13,121 - INFO  - Watchdog has been checked: 0 passed
10.09.2014 22:38:12,113 - INFO  - Watchdog has been checked: 0 passed
10.09.2014 22:40:11,198 - INFO  - Watchdog has been checked: 0 passed
10.09.2014 22:42:10,279 - INFO  - Watchdog has been checked: 0 passed
10.09.2014 22:44:10,380 - INFO  - Watchdog has been checked: 0 passed
10.09.2014 22:46:10,148 - INFO  - Watchdog has been checked: 0 passed
10.09.2014 22:48:09,219 - INFO  - Watchdog has been checked: 0 passed
10.09.2014 22:50:09,212 - INFO  - Watchdog has been checked: 0 passed
10.09.2014 22:52:09,273 - INFO  - Watchdog has been checked: 0 passed
10.09.2014 22:54:09,323 - INFO  - Watchdog has been checked: 0 passed
10.09.2014 22:56:09,297 - INFO  - Watchdog has been checked: 0 passed
10.09.2014 22:58:09,398 - INFO  - Watchdog has been checked: 0 passed
10.09.2014 23:00:09,407 - INFO  - Watchdog has been checked: 0 passed
10.09.2014 23:02:09,263 - INFO  - Watchdog has been checked: 0 passed
10.09.2014 23:04:09,244 - INFO  - Watchdog has been checked: 0 passed
10.09.2014 23:06:09,287 - INFO  - Watchdog has been checked: 0 passed
10.09.2014 23:08:09,413 - INFO  - Watchdog has been checked: 0 passed
10.09.2014 23:10:09,345 - INFO  - Watchdog has been checked: 0 passed
10.09.2014 23:12:09,232 - INFO  - Watchdog has been checked: 0 passed
10.09.2014 23:14:09,186 - INFO  - Watchdog has been checked: 0 passed
10.09.2014 23:16:09,314 - INFO  - Watchdog has been checked: 0 passed
10.09.2014 23:18:09,351 - INFO  - Watchdog has been checked: 0 passed
10.09.2014 23:20:09,270 - INFO  - Watchdog has been checked: 0 passed
10.09.2014 23:22:09,070 - INFO  - Watchdog has been checked: 0 passed
10.09.2014 23:24:08,081 - INFO  - Watchdog has been checked: 0 passed
10.09.2014 23:26:07,074 - INFO  - Watchdog has been checked: 0 passed
10.09.2014 23:28:07,144 - INFO  - Watchdog has been checked: 0 passed
10.09.2014 23:31:54,169 - INFO  - Watchdog has been checked: 0 passed
10.09.2014 23:31:54,190 - INFO  - Watchdog has been checked: 0 passed
10.09.2014 23:32:09,159 - INFO  - Watchdog has been checked: 0 passed
10.09.2014 23:34:09,184 - INFO  - Watchdog has been checked: 0 passed
10.09.2014 23:36:09,034 - INFO  - Watchdog has been checked: 0 passed
10.09.2014 23:38:09,146 - INFO  - Watchdog has been checked: 0 passed
10.09.2014 23:40:09,107 - INFO  - Watchdog has been checked: 0 passed
10.09.2014 23:42:09,200 - INFO  - Watchdog has been checked: 0 passed
10.09.2014 23:44:10,529 - INFO  - Watchdog has been checked: 0 passed
10.09.2014 23:46:10,251 - INFO  - Watchdog has been checked: 0 passed
10.09.2014 23:48:10,078 - INFO  - Watchdog has been checked: 0 passed
10.09.2014 23:50:10,263 - INFO  - Watchdog has been checked: 0 passed
10.09.2014 23:52:10,184 - INFO  - Watchdog has been checked: 0 passed
10.09.2014 23:54:10,107 - INFO  - Watchdog has been checked: 0 passed
10.09.2014 23:56:10,109 - INFO  - Watchdog has been checked: 0 passed
10.09.2014 23:58:10,183 - INFO  - Watchdog has been checked: 0 passed
