23.07.2014 00:01:18,167 - INFO  - Watchdog has been checked: 0 passed
23.07.2014 00:03:18,011 - INFO  - Watchdog has been checked: 0 passed
23.07.2014 00:05:17,071 - INFO  - Watchdog has been checked: 0 passed
23.07.2014 00:07:16,101 - INFO  - Watchdog has been checked: 0 passed
23.07.2014 00:09:15,128 - INFO  - Watchdog has been checked: 0 passed
23.07.2014 00:11:14,120 - INFO  - Watchdog has been checked: 0 passed
23.07.2014 00:13:14,186 - INFO  - Watchdog has been checked: 0 passed
23.07.2014 00:15:13,237 - INFO  - Watchdog has been checked: 0 passed
23.07.2014 00:17:13,319 - INFO  - Watchdog has been checked: 0 passed
23.07.2014 00:19:13,055 - INFO  - Watchdog has been checked: 0 passed
23.07.2014 00:21:12,117 - INFO  - Watchdog has been checked: 0 passed
23.07.2014 00:23:11,201 - INFO  - Watchdog has been checked: 0 passed
23.07.2014 00:25:11,325 - INFO  - Watchdog has been checked: 0 passed
23.07.2014 00:27:11,156 - INFO  - Watchdog has been checked: 0 passed
23.07.2014 00:29:11,291 - INFO  - Watchdog has been checked: 0 passed
23.07.2014 00:31:11,113 - INFO  - Watchdog has been checked: 0 passed
23.07.2014 00:33:11,209 - INFO  - Watchdog has been checked: 0 passed
23.07.2014 00:35:11,271 - INFO  - Watchdog has been checked: 0 passed
23.07.2014 00:37:11,183 - INFO  - Watchdog has been checked: 0 passed
23.07.2014 00:39:11,272 - INFO  - Watchdog has been checked: 0 passed
23.07.2014 00:41:11,248 - INFO  - Watchdog has been checked: 0 passed
23.07.2014 00:43:11,217 - INFO  - Watchdog has been checked: 0 passed
23.07.2014 00:45:11,233 - INFO  - Watchdog has been checked: 0 passed
23.07.2014 00:47:11,281 - INFO  - Watchdog has been checked: 0 passed
23.07.2014 00:49:11,352 - INFO  - Watchdog has been checked: 0 passed
23.07.2014 00:51:11,132 - INFO  - Watchdog has been checked: 0 passed
23.07.2014 00:53:11,196 - INFO  - Watchdog has been checked: 0 passed
23.07.2014 00:55:11,265 - INFO  - Watchdog has been checked: 0 passed
23.07.2014 00:57:11,149 - INFO  - Watchdog has been checked: 0 passed
23.07.2014 00:59:11,190 - INFO  - Watchdog has been checked: 0 passed
23.07.2014 01:01:11,185 - INFO  - Watchdog has been checked: 0 passed
23.07.2014 01:03:11,201 - INFO  - Watchdog has been checked: 0 passed
23.07.2014 01:05:11,303 - INFO  - Watchdog has been checked: 0 passed
23.07.2014 01:07:11,281 - INFO  - Watchdog has been checked: 0 passed
23.07.2014 01:09:11,062 - INFO  - Watchdog has been checked: 0 passed
23.07.2014 01:11:10,088 - INFO  - Watchdog has been checked: 0 passed
23.07.2014 01:13:09,993 - INFO  - Watchdog has been checked: 0 passed
23.07.2014 01:15:09,094 - INFO  - Watchdog has been checked: 0 passed
23.07.2014 01:17:08,149 - INFO  - Watchdog has been checked: 0 passed
23.07.2014 01:19:08,150 - INFO  - Watchdog has been checked: 0 passed
23.07.2014 01:21:08,001 - INFO  - Watchdog has been checked: 0 passed
23.07.2014 01:23:07,044 - INFO  - Watchdog has been checked: 0 passed
23.07.2014 01:25:06,112 - INFO  - Watchdog has been checked: 0 passed
23.07.2014 01:27:05,668 - INFO  - Watchdog has been checked: 0 passed
23.07.2014 01:29:06,062 - INFO  - Watchdog has been checked: 0 passed
23.07.2014 01:31:05,182 - INFO  - Watchdog has been checked: 0 passed
23.07.2014 01:33:05,197 - INFO  - Watchdog has been checked: 0 passed
23.07.2014 01:35:05,215 - INFO  - Watchdog has been checked: 0 passed
23.07.2014 01:37:05,214 - INFO  - Watchdog has been checked: 0 passed
23.07.2014 01:39:05,272 - INFO  - Watchdog has been checked: 0 passed
23.07.2014 01:41:05,130 - INFO  - Watchdog has been checked: 0 passed
23.07.2014 01:43:05,677 - INFO  - Watchdog has been checked: 0 passed
23.07.2014 01:45:05,365 - INFO  - Watchdog has been checked: 0 passed
23.07.2014 01:47:05,387 - INFO  - Watchdog has been checked: 0 passed
23.07.2014 01:49:08,697 - INFO  - Watchdog has been checked: 0 passed
23.07.2014 01:51:08,232 - INFO  - Watchdog has been checked: 0 passed
23.07.2014 01:53:08,365 - INFO  - Watchdog has been checked: 0 passed
23.07.2014 01:55:08,169 - INFO  - Watchdog has been checked: 0 passed
23.07.2014 01:57:08,192 - INFO  - Watchdog has been checked: 0 passed
23.07.2014 01:59:08,252 - INFO  - Watchdog has been checked: 0 passed
23.07.2014 02:01:08,292 - INFO  - Watchdog has been checked: 0 passed
23.07.2014 02:03:08,280 - INFO  - Watchdog has been checked: 0 passed
23.07.2014 02:05:08,087 - INFO  - Watchdog has been checked: 0 passed
23.07.2014 02:07:08,074 - INFO  - Watchdog has been checked: 0 passed
23.07.2014 02:09:08,121 - INFO  - Watchdog has been checked: 0 passed
23.07.2014 02:11:08,192 - INFO  - Watchdog has been checked: 0 passed
23.07.2014 02:13:09,236 - INFO  - Watchdog has been checked: 0 passed
23.07.2014 02:15:09,239 - INFO  - Watchdog has been checked: 0 passed
23.07.2014 02:17:09,318 - INFO  - Watchdog has been checked: 0 passed
23.07.2014 02:19:09,319 - INFO  - Watchdog has been checked: 0 passed
23.07.2014 02:21:09,151 - INFO  - Watchdog has been checked: 0 passed
23.07.2014 02:23:09,181 - INFO  - Watchdog has been checked: 0 passed
23.07.2014 02:25:09,295 - INFO  - Watchdog has been checked: 0 passed
23.07.2014 02:27:09,298 - INFO  - Watchdog has been checked: 0 passed
23.07.2014 02:29:09,314 - INFO  - Watchdog has been checked: 0 passed
23.07.2014 02:31:09,157 - INFO  - Watchdog has been checked: 0 passed
23.07.2014 02:33:09,198 - INFO  - Watchdog has been checked: 0 passed
23.07.2014 02:35:09,282 - INFO  - Watchdog has been checked: 0 passed
23.07.2014 02:37:09,332 - INFO  - Watchdog has been checked: 0 passed
23.07.2014 02:39:09,335 - INFO  - Watchdog has been checked: 0 passed
23.07.2014 02:41:09,144 - INFO  - Watchdog has been checked: 0 passed
23.07.2014 02:43:08,270 - INFO  - Watchdog has been checked: 0 passed
23.07.2014 02:45:08,292 - INFO  - Watchdog has been checked: 0 passed
23.07.2014 02:47:08,292 - INFO  - Watchdog has been checked: 0 passed
23.07.2014 02:49:08,326 - INFO  - Watchdog has been checked: 0 passed
23.07.2014 02:51:08,319 - INFO  - Watchdog has been checked: 0 passed
23.07.2014 02:53:08,253 - INFO  - Watchdog has been checked: 0 passed
23.07.2014 02:55:08,264 - INFO  - Watchdog has been checked: 0 passed
23.07.2014 02:57:08,268 - INFO  - Watchdog has been checked: 0 passed
23.07.2014 02:59:08,356 - INFO  - Watchdog has been checked: 0 passed
23.07.2014 03:01:08,182 - INFO  - Watchdog has been checked: 0 passed
23.07.2014 03:03:08,234 - INFO  - Watchdog has been checked: 0 passed
23.07.2014 03:05:08,286 - INFO  - Watchdog has been checked: 0 passed
23.07.2014 03:07:08,281 - INFO  - Watchdog has been checked: 0 passed
23.07.2014 03:09:08,147 - INFO  - Watchdog has been checked: 0 passed
23.07.2014 03:11:08,198 - INFO  - Watchdog has been checked: 0 passed
23.07.2014 03:13:08,302 - INFO  - Watchdog has been checked: 0 passed
23.07.2014 03:15:09,135 - INFO  - Watchdog has been checked: 0 passed
23.07.2014 03:17:09,220 - INFO  - Watchdog has been checked: 0 passed
23.07.2014 03:19:09,315 - INFO  - Watchdog has been checked: 0 passed
23.07.2014 03:21:09,080 - INFO  - Watchdog has been checked: 0 passed
23.07.2014 03:23:09,277 - INFO  - Watchdog has been checked: 0 passed
23.07.2014 03:25:09,327 - INFO  - Watchdog has been checked: 0 passed
23.07.2014 03:27:09,331 - INFO  - Watchdog has been checked: 0 passed
23.07.2014 03:29:09,114 - INFO  - Watchdog has been checked: 0 passed
23.07.2014 03:31:09,208 - INFO  - Watchdog has been checked: 0 passed
23.07.2014 03:33:09,203 - INFO  - Watchdog has been checked: 0 passed
23.07.2014 03:35:09,014 - INFO  - Watchdog has been checked: 0 passed
23.07.2014 03:37:08,222 - INFO  - Watchdog has been checked: 0 passed
23.07.2014 03:39:08,262 - INFO  - Watchdog has been checked: 0 passed
23.07.2014 03:41:08,086 - INFO  - Watchdog has been checked: 0 passed
23.07.2014 03:43:07,148 - INFO  - Watchdog has been checked: 0 passed
23.07.2014 03:45:07,237 - INFO  - Watchdog has been checked: 0 passed
23.07.2014 03:47:07,218 - INFO  - Watchdog has been checked: 0 passed
23.07.2014 03:49:07,210 - INFO  - Watchdog has been checked: 0 passed
23.07.2014 03:51:07,276 - INFO  - Watchdog has been checked: 0 passed
23.07.2014 03:53:07,043 - INFO  - Watchdog has been checked: 0 passed
23.07.2014 03:55:06,045 - INFO  - Watchdog has been checked: 0 passed
23.07.2014 03:57:06,125 - INFO  - Watchdog has been checked: 0 passed
23.07.2014 03:59:06,192 - INFO  - Watchdog has been checked: 0 passed
23.07.2014 04:01:06,287 - INFO  - Watchdog has been checked: 0 passed
23.07.2014 04:03:06,308 - INFO  - Watchdog has been checked: 0 passed
23.07.2014 04:05:06,299 - INFO  - Watchdog has been checked: 0 passed
23.07.2014 04:07:06,301 - INFO  - Watchdog has been checked: 0 passed
23.07.2014 04:09:06,245 - INFO  - Watchdog has been checked: 0 passed
23.07.2014 04:11:06,094 - INFO  - Watchdog has been checked: 0 passed
23.07.2014 04:13:05,374 - INFO  - Watchdog has been checked: 0 passed
23.07.2014 04:15:05,126 - INFO  - Watchdog has been checked: 0 passed
23.07.2014 04:17:04,352 - INFO  - Watchdog has been checked: 0 passed
23.07.2014 04:19:04,104 - INFO  - Watchdog has been checked: 0 passed
23.07.2014 04:21:04,206 - INFO  - Watchdog has been checked: 0 passed
23.07.2014 04:23:04,233 - INFO  - Watchdog has been checked: 0 passed
23.07.2014 04:25:04,282 - INFO  - Watchdog has been checked: 0 passed
23.07.2014 04:27:04,297 - INFO  - Watchdog has been checked: 0 passed
23.07.2014 04:29:04,279 - INFO  - Watchdog has been checked: 0 passed
23.07.2014 04:31:04,108 - INFO  - Watchdog has been checked: 0 passed
23.07.2014 04:33:04,119 - INFO  - Watchdog has been checked: 0 passed
23.07.2014 04:35:04,115 - INFO  - Watchdog has been checked: 0 passed
23.07.2014 04:37:04,141 - INFO  - Watchdog has been checked: 0 passed
23.07.2014 04:39:04,116 - INFO  - Watchdog has been checked: 0 passed
23.07.2014 04:41:03,955 - INFO  - Watchdog has been checked: 0 passed
23.07.2014 04:43:03,009 - INFO  - Watchdog has been checked: 0 passed
23.07.2014 04:45:02,049 - INFO  - Watchdog has been checked: 0 passed
23.07.2014 04:47:02,127 - INFO  - Watchdog has been checked: 0 passed
23.07.2014 04:49:02,207 - INFO  - Watchdog has been checked: 0 passed
23.07.2014 04:51:02,054 - INFO  - Watchdog has been checked: 0 passed
23.07.2014 04:53:01,062 - INFO  - Watchdog has been checked: 0 passed
23.07.2014 04:55:01,074 - INFO  - Watchdog has been checked: 0 passed
23.07.2014 04:57:00,101 - INFO  - Watchdog has been checked: 0 passed
23.07.2014 04:59:00,099 - INFO  - Watchdog has been checked: 0 passed
23.07.2014 05:00:59,215 - INFO  - Watchdog has been checked: 0 passed
23.07.2014 05:02:59,253 - INFO  - Watchdog has been checked: 0 passed
23.07.2014 05:04:59,302 - INFO  - Watchdog has been checked: 0 passed
23.07.2014 05:06:59,122 - INFO  - Watchdog has been checked: 0 passed
23.07.2014 05:08:59,134 - INFO  - Watchdog has been checked: 0 passed
23.07.2014 05:10:59,226 - INFO  - Watchdog has been checked: 0 passed
23.07.2014 05:12:59,265 - INFO  - Watchdog has been checked: 0 passed
23.07.2014 05:14:59,336 - INFO  - Watchdog has been checked: 0 passed
23.07.2014 05:16:59,370 - INFO  - Watchdog has been checked: 0 passed
23.07.2014 05:18:59,393 - INFO  - Watchdog has been checked: 0 passed
23.07.2014 05:20:59,214 - INFO  - Watchdog has been checked: 0 passed
23.07.2014 05:22:59,230 - INFO  - Watchdog has been checked: 0 passed
23.07.2014 05:24:59,344 - INFO  - Watchdog has been checked: 0 passed
23.07.2014 05:26:59,378 - INFO  - Watchdog has been checked: 0 passed
23.07.2014 05:28:59,225 - INFO  - Watchdog has been checked: 0 passed
23.07.2014 05:30:59,297 - INFO  - Watchdog has been checked: 0 passed
23.07.2014 05:32:59,309 - INFO  - Watchdog has been checked: 0 passed
23.07.2014 05:34:59,091 - INFO  - Watchdog has been checked: 0 passed
23.07.2014 05:36:59,155 - INFO  - Watchdog has been checked: 0 passed
23.07.2014 05:38:59,132 - INFO  - Watchdog has been checked: 0 passed
23.07.2014 05:40:59,218 - INFO  - Watchdog has been checked: 0 passed
23.07.2014 05:42:59,232 - INFO  - Watchdog has been checked: 0 passed
23.07.2014 05:44:59,460 - INFO  - Watchdog has been checked: 0 passed
23.07.2014 05:46:59,333 - INFO  - Watchdog has been checked: 0 passed
23.07.2014 05:48:59,325 - INFO  - Watchdog has been checked: 0 passed
23.07.2014 05:50:59,171 - INFO  - Watchdog has been checked: 0 passed
23.07.2014 05:52:59,146 - INFO  - Watchdog has been checked: 0 passed
23.07.2014 05:54:59,277 - INFO  - Watchdog has been checked: 0 passed
23.07.2014 05:56:59,014 - INFO  - Watchdog has been checked: 0 passed
23.07.2014 05:58:57,979 - INFO  - Watchdog has been checked: 0 passed
23.07.2014 06:00:57,059 - INFO  - Watchdog has been checked: 0 passed
23.07.2014 06:02:57,062 - INFO  - Watchdog has been checked: 0 passed
23.07.2014 06:04:57,092 - INFO  - Watchdog has been checked: 0 passed
23.07.2014 06:06:57,098 - INFO  - Watchdog has been checked: 0 passed
23.07.2014 06:08:57,136 - INFO  - Watchdog has been checked: 0 passed
23.07.2014 06:10:57,175 - INFO  - Watchdog has been checked: 0 passed
23.07.2014 06:12:57,028 - INFO  - Watchdog has been checked: 0 passed
23.07.2014 06:14:56,068 - INFO  - Watchdog has been checked: 0 passed
23.07.2014 06:15:01,474 - INFO  - mapping file sync started
23.07.2014 06:15:01,987 - INFO  - file successfully updated
23.07.2014 06:16:55,139 - INFO  - Watchdog has been checked: 0 passed
23.07.2014 06:18:55,184 - INFO  - Watchdog has been checked: 0 passed
23.07.2014 06:20:55,204 - INFO  - Watchdog has been checked: 0 passed
23.07.2014 06:22:57,832 - INFO  - Watchdog has been checked: 0 passed
23.07.2014 06:24:57,330 - INFO  - Watchdog has been checked: 0 passed
23.07.2014 06:26:57,078 - INFO  - Watchdog has been checked: 0 passed
23.07.2014 06:28:56,173 - INFO  - Watchdog has been checked: 0 passed
23.07.2014 06:30:56,245 - INFO  - Watchdog has been checked: 0 passed
23.07.2014 06:32:56,233 - INFO  - Watchdog has been checked: 0 passed
23.07.2014 06:34:56,283 - INFO  - Watchdog has been checked: 0 passed
23.07.2014 06:36:56,141 - INFO  - Watchdog has been checked: 0 passed
23.07.2014 06:38:56,157 - INFO  - Watchdog has been checked: 0 passed
23.07.2014 06:40:56,258 - INFO  - Watchdog has been checked: 0 passed
23.07.2014 06:42:56,255 - INFO  - Watchdog has been checked: 0 passed
23.07.2014 06:44:56,293 - INFO  - Watchdog has been checked: 0 passed
23.07.2014 06:46:56,344 - INFO  - Watchdog has been checked: 0 passed
23.07.2014 06:48:56,348 - INFO  - Watchdog has been checked: 0 passed
23.07.2014 06:50:56,197 - INFO  - Watchdog has been checked: 0 passed
23.07.2014 06:52:56,234 - INFO  - Watchdog has been checked: 0 passed
23.07.2014 06:54:56,275 - INFO  - Watchdog has been checked: 0 passed
23.07.2014 06:56:56,281 - INFO  - Watchdog has been checked: 0 passed
23.07.2014 06:58:56,270 - INFO  - Watchdog has been checked: 0 passed
23.07.2014 07:00:56,049 - INFO  - Watchdog has been checked: 0 passed
23.07.2014 07:02:56,278 - INFO  - Watchdog has been checked: 0 passed
23.07.2014 07:04:56,060 - INFO  - Watchdog has been checked: 0 passed
23.07.2014 07:06:56,088 - INFO  - Watchdog has been checked: 0 passed
23.07.2014 07:08:56,101 - INFO  - Watchdog has been checked: 0 passed
23.07.2014 07:10:56,176 - INFO  - Watchdog has been checked: 0 passed
23.07.2014 07:12:56,255 - INFO  - Watchdog has been checked: 0 passed
23.07.2014 07:14:56,196 - INFO  - Watchdog has been checked: 0 passed
23.07.2014 07:15:01,307 - INFO  - mapping file sync started
23.07.2014 07:15:01,893 - INFO  - file successfully updated
23.07.2014 07:16:56,215 - INFO  - Watchdog has been checked: 0 passed
23.07.2014 07:18:56,319 - INFO  - Watchdog has been checked: 0 passed
23.07.2014 07:20:56,143 - INFO  - Watchdog has been checked: 0 passed
23.07.2014 07:22:56,037 - INFO  - Watchdog has been checked: 0 passed
23.07.2014 07:24:59,142 - INFO  - Watchdog has been checked: 0 passed
23.07.2014 07:26:59,131 - INFO  - Watchdog has been checked: 0 passed
23.07.2014 07:28:59,142 - INFO  - Watchdog has been checked: 0 passed
23.07.2014 07:30:59,350 - INFO  - Watchdog has been checked: 0 passed
23.07.2014 07:32:59,338 - INFO  - Watchdog has been checked: 0 passed
23.07.2014 07:34:59,115 - INFO  - Watchdog has been checked: 0 passed
23.07.2014 07:36:58,100 - INFO  - Watchdog has been checked: 0 passed
23.07.2014 07:38:58,126 - INFO  - Watchdog has been checked: 0 passed
23.07.2014 07:40:58,213 - INFO  - Watchdog has been checked: 0 passed
23.07.2014 07:42:58,256 - INFO  - Watchdog has been checked: 0 passed
23.07.2014 07:44:58,267 - INFO  - Watchdog has been checked: 0 passed
23.07.2014 07:46:58,070 - INFO  - Watchdog has been checked: 0 passed
23.07.2014 07:48:59,057 - INFO  - Watchdog has been checked: 0 passed
23.07.2014 07:50:58,144 - INFO  - Watchdog has been checked: 0 passed
23.07.2014 07:52:58,184 - INFO  - Watchdog has been checked: 0 passed
23.07.2014 07:54:58,525 - INFO  - Watchdog has been checked: 0 passed
23.07.2014 07:56:58,221 - INFO  - Watchdog has been checked: 0 passed
23.07.2014 07:58:58,303 - INFO  - Watchdog has been checked: 0 passed
23.07.2014 08:00:58,348 - INFO  - Watchdog has been checked: 0 passed
23.07.2014 08:02:58,077 - INFO  - Watchdog has been checked: 0 passed
23.07.2014 08:04:58,172 - INFO  - Watchdog has been checked: 0 passed
23.07.2014 08:06:58,204 - INFO  - Watchdog has been checked: 0 passed
23.07.2014 08:08:58,179 - INFO  - Watchdog has been checked: 0 passed
23.07.2014 08:10:58,276 - INFO  - Watchdog has been checked: 0 passed
23.07.2014 08:12:58,248 - INFO  - Watchdog has been checked: 0 passed
23.07.2014 08:14:58,343 - INFO  - Watchdog has been checked: 0 passed
23.07.2014 08:16:58,260 - INFO  - Watchdog has been checked: 0 passed
23.07.2014 08:18:58,000 - INFO  - Watchdog has been checked: 0 passed
23.07.2014 08:20:58,168 - INFO  - Watchdog has been checked: 0 passed
23.07.2014 08:22:58,139 - INFO  - Watchdog has been checked: 0 passed
23.07.2014 08:24:58,116 - INFO  - Watchdog has been checked: 0 passed
23.07.2014 08:26:58,141 - INFO  - Watchdog has been checked: 0 passed
23.07.2014 08:28:58,157 - INFO  - Watchdog has been checked: 0 passed
23.07.2014 08:30:58,383 - INFO  - Watchdog has been checked: 0 passed
23.07.2014 08:32:58,066 - INFO  - Watchdog has been checked: 0 passed
23.07.2014 08:34:57,052 - INFO  - Watchdog has been checked: 0 passed
23.07.2014 08:36:57,096 - INFO  - Watchdog has been checked: 0 passed
23.07.2014 08:38:57,143 - INFO  - Watchdog has been checked: 0 passed
23.07.2014 08:40:57,154 - INFO  - Watchdog has been checked: 0 passed
23.07.2014 08:42:57,168 - INFO  - Watchdog has been checked: 0 passed
23.07.2014 08:44:57,226 - INFO  - Watchdog has been checked: 0 passed
23.07.2014 08:46:57,113 - INFO  - Watchdog has been checked: 0 passed
23.07.2014 08:48:57,116 - INFO  - Watchdog has been checked: 0 passed
23.07.2014 08:50:59,194 - INFO  - Watchdog has been checked: 0 passed
23.07.2014 08:52:59,228 - INFO  - Watchdog has been checked: 0 passed
23.07.2014 08:54:59,285 - INFO  - Watchdog has been checked: 0 passed
23.07.2014 08:56:59,307 - INFO  - Watchdog has been checked: 0 passed
23.07.2014 08:58:59,119 - INFO  - Watchdog has been checked: 0 passed
23.07.2014 09:00:59,309 - INFO  - Watchdog has been checked: 0 passed
23.07.2014 09:02:59,215 - INFO  - Watchdog has been checked: 0 passed
23.07.2014 09:04:59,241 - INFO  - Watchdog has been checked: 0 passed
23.07.2014 09:06:59,287 - INFO  - Watchdog has been checked: 0 passed
23.07.2014 09:08:59,281 - INFO  - Watchdog has been checked: 0 passed
23.07.2014 09:10:59,421 - INFO  - Watchdog has been checked: 0 passed
23.07.2014 09:12:59,378 - INFO  - Watchdog has been checked: 0 passed
23.07.2014 09:14:59,273 - INFO  - Watchdog has been checked: 0 passed
23.07.2014 09:16:59,262 - INFO  - Watchdog has been checked: 0 passed
23.07.2014 09:18:59,262 - INFO  - Watchdog has been checked: 0 passed
23.07.2014 09:20:59,404 - INFO  - Watchdog has been checked: 0 passed
23.07.2014 09:22:59,260 - INFO  - Watchdog has been checked: 0 passed
23.07.2014 09:24:59,118 - INFO  - Watchdog has been checked: 0 passed
23.07.2014 09:26:59,125 - INFO  - Watchdog has been checked: 0 passed
23.07.2014 09:28:59,183 - INFO  - Watchdog has been checked: 0 passed
23.07.2014 09:30:59,292 - INFO  - Watchdog has been checked: 0 passed
23.07.2014 09:32:59,117 - INFO  - Watchdog has been checked: 0 passed
23.07.2014 09:34:59,038 - INFO  - Watchdog has been checked: 0 passed
23.07.2014 09:36:59,035 - INFO  - Watchdog has been checked: 0 passed
23.07.2014 09:38:59,049 - INFO  - Watchdog has been checked: 0 passed
23.07.2014 09:40:59,218 - INFO  - Watchdog has been checked: 0 passed
23.07.2014 09:42:59,236 - INFO  - Watchdog has been checked: 0 passed
23.07.2014 09:44:59,006 - INFO  - Watchdog has been checked: 0 passed
23.07.2014 09:46:59,016 - INFO  - Watchdog has been checked: 0 passed
23.07.2014 09:48:59,055 - INFO  - Watchdog has been checked: 0 passed
23.07.2014 09:50:59,164 - INFO  - Watchdog has been checked: 0 passed
23.07.2014 09:52:59,310 - INFO  - Watchdog has been checked: 0 passed
23.07.2014 09:54:59,246 - INFO  - Watchdog has been checked: 0 passed
23.07.2014 09:56:58,990 - INFO  - Watchdog has been checked: 0 passed
23.07.2014 09:58:59,128 - INFO  - Watchdog has been checked: 0 passed
23.07.2014 10:00:59,243 - INFO  - Watchdog has been checked: 0 passed
23.07.2014 10:02:59,271 - INFO  - Watchdog has been checked: 0 passed
23.07.2014 10:04:59,306 - INFO  - Watchdog has been checked: 0 passed
23.07.2014 10:06:59,064 - INFO  - Watchdog has been checked: 0 passed
23.07.2014 10:08:59,110 - INFO  - Watchdog has been checked: 0 passed
23.07.2014 10:10:59,202 - INFO  - Watchdog has been checked: 0 passed
23.07.2014 10:12:59,227 - INFO  - Watchdog has been checked: 0 passed
23.07.2014 10:14:59,229 - INFO  - Watchdog has been checked: 0 passed
23.07.2014 10:16:59,275 - INFO  - Watchdog has been checked: 0 passed
23.07.2014 10:18:59,325 - INFO  - Watchdog has been checked: 0 passed
23.07.2014 10:20:59,459 - INFO  - Watchdog has been checked: 0 passed
23.07.2014 10:22:59,234 - INFO  - Watchdog has been checked: 0 passed
23.07.2014 10:24:59,260 - INFO  - Watchdog has been checked: 0 passed
23.07.2014 10:26:59,229 - INFO  - Watchdog has been checked: 0 passed
23.07.2014 10:28:59,026 - INFO  - Watchdog has been checked: 0 passed
23.07.2014 10:30:58,286 - INFO  - Watchdog has been checked: 0 passed
23.07.2014 10:32:58,145 - INFO  - Watchdog has been checked: 0 passed
23.07.2014 10:34:58,259 - INFO  - Watchdog has been checked: 0 passed
23.07.2014 10:36:58,305 - INFO  - Watchdog has been checked: 0 passed
23.07.2014 10:38:58,302 - INFO  - Watchdog has been checked: 0 passed
23.07.2014 10:40:58,110 - INFO  - Watchdog has been checked: 0 passed
23.07.2014 10:42:57,109 - INFO  - Watchdog has been checked: 0 passed
23.07.2014 10:44:56,122 - INFO  - Watchdog has been checked: 0 passed
23.07.2014 10:45:52,386 - ERROR - unknown wikiuser
23.07.2014 10:45:52,460 - INFO  - searcher anonymous --- respT: 29ms, 28241 results, q=, 
23.07.2014 10:45:56,497 - ERROR - unknown wikiuser
23.07.2014 10:45:56,572 - INFO  - searcher anonymous --- respT: 22ms, 2577 results, q=mode, 
23.07.2014 10:45:57,832 - ERROR - unknown wikiuser
23.07.2014 10:45:57,898 - INFO  - searcher anonymous --- respT: 21ms, 3694 results, q=mod, 
23.07.2014 10:46:01,071 - ERROR - unknown wikiuser
23.07.2014 10:46:01,167 - INFO  - searcher anonymous --- respT: 40ms, 8 results, q=modulefiles, 
23.07.2014 10:46:55,138 - INFO  - Watchdog has been checked: 0 passed
23.07.2014 10:48:54,074 - INFO  - Watchdog has been checked: 0 passed
23.07.2014 10:50:53,175 - INFO  - Watchdog has been checked: 0 passed
23.07.2014 10:52:52,181 - INFO  - Watchdog has been checked: 0 passed
23.07.2014 10:54:51,217 - INFO  - Watchdog has been checked: 0 passed
23.07.2014 10:56:51,276 - INFO  - Watchdog has been checked: 0 passed
23.07.2014 10:58:51,140 - INFO  - Watchdog has been checked: 0 passed
23.07.2014 11:00:51,235 - INFO  - Watchdog has been checked: 0 passed
23.07.2014 11:02:51,282 - INFO  - Watchdog has been checked: 0 passed
23.07.2014 11:04:51,222 - INFO  - Watchdog has been checked: 0 passed
23.07.2014 11:06:51,068 - INFO  - Watchdog has been checked: 0 passed
23.07.2014 11:08:51,095 - INFO  - Watchdog has been checked: 0 passed
23.07.2014 11:10:51,399 - INFO  - Watchdog has been checked: 0 passed
23.07.2014 11:12:51,151 - INFO  - Watchdog has been checked: 0 passed
23.07.2014 11:14:51,174 - INFO  - Watchdog has been checked: 0 passed
23.07.2014 11:16:51,338 - INFO  - Watchdog has been checked: 0 passed
23.07.2014 11:18:51,257 - INFO  - Watchdog has been checked: 0 passed
23.07.2014 11:20:51,329 - INFO  - Watchdog has been checked: 0 passed
23.07.2014 11:22:51,179 - INFO  - Watchdog has been checked: 0 passed
23.07.2014 11:24:51,267 - INFO  - Watchdog has been checked: 0 passed
23.07.2014 11:26:51,221 - INFO  - Watchdog has been checked: 0 passed
23.07.2014 11:28:51,184 - INFO  - Watchdog has been checked: 0 passed
23.07.2014 11:30:51,217 - INFO  - Watchdog has been checked: 0 passed
23.07.2014 11:32:51,275 - INFO  - Watchdog has been checked: 0 passed
23.07.2014 11:34:51,009 - INFO  - Watchdog has been checked: 0 passed
23.07.2014 11:36:51,027 - INFO  - Watchdog has been checked: 0 passed
23.07.2014 11:38:51,049 - INFO  - Watchdog has been checked: 0 passed
23.07.2014 11:40:51,114 - INFO  - Watchdog has been checked: 0 passed
23.07.2014 11:42:51,168 - INFO  - Watchdog has been checked: 0 passed
23.07.2014 11:44:51,167 - INFO  - Watchdog has been checked: 0 passed
23.07.2014 11:46:51,287 - INFO  - Watchdog has been checked: 0 passed
23.07.2014 11:48:51,261 - INFO  - Watchdog has been checked: 0 passed
23.07.2014 11:50:51,079 - INFO  - Watchdog has been checked: 0 passed
23.07.2014 11:52:51,097 - INFO  - Watchdog has been checked: 0 passed
23.07.2014 11:54:51,150 - INFO  - Watchdog has been checked: 0 passed
23.07.2014 11:56:51,154 - INFO  - Watchdog has been checked: 0 passed
23.07.2014 11:58:51,177 - INFO  - Watchdog has been checked: 0 passed
23.07.2014 12:00:51,214 - INFO  - Watchdog has been checked: 0 passed
23.07.2014 12:02:51,217 - INFO  - Watchdog has been checked: 0 passed
23.07.2014 12:04:51,028 - INFO  - Watchdog has been checked: 0 passed
23.07.2014 12:06:50,049 - INFO  - Watchdog has been checked: 0 passed
23.07.2014 12:08:49,104 - INFO  - Watchdog has been checked: 0 passed
23.07.2014 12:10:49,162 - INFO  - Watchdog has been checked: 0 passed
23.07.2014 12:12:49,132 - INFO  - Watchdog has been checked: 0 passed
23.07.2014 12:14:49,226 - INFO  - Watchdog has been checked: 0 passed
23.07.2014 12:16:49,302 - INFO  - Watchdog has been checked: 0 passed
23.07.2014 12:18:49,081 - INFO  - Watchdog has been checked: 0 passed
23.07.2014 12:20:48,128 - INFO  - Watchdog has been checked: 0 passed
23.07.2014 12:22:49,115 - INFO  - Watchdog has been checked: 0 passed
23.07.2014 12:24:49,221 - INFO  - Watchdog has been checked: 0 passed
23.07.2014 12:26:49,236 - INFO  - Watchdog has been checked: 0 passed
23.07.2014 12:28:49,266 - INFO  - Watchdog has been checked: 0 passed
23.07.2014 12:30:49,070 - INFO  - Watchdog has been checked: 0 passed
23.07.2014 12:32:49,057 - INFO  - Watchdog has been checked: 0 passed
23.07.2014 12:34:48,098 - INFO  - Watchdog has been checked: 0 passed
23.07.2014 12:36:48,178 - INFO  - Watchdog has been checked: 0 passed
23.07.2014 12:38:48,259 - INFO  - Watchdog has been checked: 0 passed
23.07.2014 12:40:48,276 - INFO  - Watchdog has been checked: 0 passed
23.07.2014 12:42:48,238 - INFO  - Watchdog has been checked: 0 passed
23.07.2014 12:44:48,040 - INFO  - Watchdog has been checked: 0 passed
23.07.2014 12:46:47,066 - INFO  - Watchdog has been checked: 0 passed
23.07.2014 12:48:47,055 - INFO  - Watchdog has been checked: 0 passed
23.07.2014 12:50:47,137 - INFO  - Watchdog has been checked: 0 passed
23.07.2014 12:52:47,192 - INFO  - Watchdog has been checked: 0 passed
23.07.2014 12:54:47,292 - INFO  - Watchdog has been checked: 0 passed
23.07.2014 12:56:47,327 - INFO  - Watchdog has been checked: 0 passed
23.07.2014 12:58:47,315 - INFO  - Watchdog has been checked: 0 passed
23.07.2014 13:00:49,118 - INFO  - Watchdog has been checked: 0 passed
23.07.2014 13:02:49,121 - INFO  - Watchdog has been checked: 0 passed
23.07.2014 13:04:49,169 - INFO  - Watchdog has been checked: 0 passed
23.07.2014 13:06:49,208 - INFO  - Watchdog has been checked: 0 passed
23.07.2014 13:08:49,235 - INFO  - Watchdog has been checked: 0 passed
23.07.2014 13:10:49,330 - INFO  - Watchdog has been checked: 0 passed
23.07.2014 13:12:49,313 - INFO  - Watchdog has been checked: 0 passed
23.07.2014 13:14:49,324 - INFO  - Watchdog has been checked: 0 passed
23.07.2014 13:16:49,126 - INFO  - Watchdog has been checked: 0 passed
23.07.2014 13:18:49,110 - INFO  - Watchdog has been checked: 0 passed
23.07.2014 13:20:49,188 - INFO  - Watchdog has been checked: 0 passed
23.07.2014 13:22:49,173 - INFO  - Watchdog has been checked: 0 passed
23.07.2014 13:24:49,233 - INFO  - Watchdog has been checked: 0 passed
23.07.2014 13:26:49,294 - INFO  - Watchdog has been checked: 0 passed
23.07.2014 13:28:49,298 - INFO  - Watchdog has been checked: 0 passed
23.07.2014 13:30:49,116 - INFO  - Watchdog has been checked: 0 passed
23.07.2014 13:32:49,142 - INFO  - Watchdog has been checked: 0 passed
23.07.2014 13:34:49,186 - INFO  - Watchdog has been checked: 0 passed
23.07.2014 13:36:49,216 - INFO  - Watchdog has been checked: 0 passed
23.07.2014 13:38:49,211 - INFO  - Watchdog has been checked: 0 passed
23.07.2014 13:40:49,264 - INFO  - Watchdog has been checked: 0 passed
23.07.2014 13:42:49,083 - INFO  - Watchdog has been checked: 0 passed
23.07.2014 13:44:48,071 - INFO  - Watchdog has been checked: 0 passed
23.07.2014 13:46:47,184 - INFO  - Watchdog has been checked: 0 passed
23.07.2014 13:48:47,138 - INFO  - Watchdog has been checked: 0 passed
23.07.2014 13:50:47,190 - INFO  - Watchdog has been checked: 0 passed
23.07.2014 13:52:47,211 - INFO  - Watchdog has been checked: 0 passed
23.07.2014 13:54:47,243 - INFO  - Watchdog has been checked: 0 passed
23.07.2014 13:56:47,030 - INFO  - Watchdog has been checked: 0 passed
23.07.2014 13:58:46,990 - INFO  - Watchdog has been checked: 0 passed
23.07.2014 14:00:47,018 - INFO  - Watchdog has been checked: 0 passed
23.07.2014 14:02:48,566 - INFO  - Watchdog has been checked: 0 passed
23.07.2014 14:04:48,072 - INFO  - Watchdog has been checked: 0 passed
23.07.2014 14:06:48,108 - INFO  - Watchdog has been checked: 0 passed
23.07.2014 14:08:48,154 - INFO  - Watchdog has been checked: 0 passed
23.07.2014 14:10:48,182 - INFO  - Watchdog has been checked: 0 passed
23.07.2014 14:12:47,987 - INFO  - Watchdog has been checked: 0 passed
23.07.2014 14:14:47,985 - INFO  - Watchdog has been checked: 0 passed
23.07.2014 14:16:48,118 - INFO  - Watchdog has been checked: 0 passed
23.07.2014 14:18:48,167 - INFO  - Watchdog has been checked: 0 passed
23.07.2014 14:20:48,143 - INFO  - Watchdog has been checked: 0 passed
23.07.2014 14:22:48,001 - INFO  - Watchdog has been checked: 0 passed
23.07.2014 14:24:48,070 - INFO  - Watchdog has been checked: 0 passed
23.07.2014 14:26:48,062 - INFO  - Watchdog has been checked: 0 passed
23.07.2014 14:28:48,112 - INFO  - Watchdog has been checked: 0 passed
23.07.2014 14:30:48,010 - INFO  - Watchdog has been checked: 0 passed
23.07.2014 14:32:48,101 - INFO  - Watchdog has been checked: 0 passed
23.07.2014 14:34:48,138 - INFO  - Watchdog has been checked: 0 passed
23.07.2014 14:36:48,167 - INFO  - Watchdog has been checked: 0 passed
23.07.2014 14:38:48,234 - INFO  - Watchdog has been checked: 0 passed
23.07.2014 14:40:48,290 - INFO  - Watchdog has been checked: 0 passed
23.07.2014 14:42:48,260 - INFO  - Watchdog has been checked: 0 passed
23.07.2014 14:44:48,380 - INFO  - Watchdog has been checked: 0 passed
23.07.2014 14:46:48,131 - INFO  - Watchdog has been checked: 0 passed
23.07.2014 14:48:48,137 - INFO  - Watchdog has been checked: 0 passed
23.07.2014 14:50:48,200 - INFO  - Watchdog has been checked: 0 passed
23.07.2014 14:52:48,227 - INFO  - Watchdog has been checked: 0 passed
23.07.2014 14:54:48,314 - INFO  - Watchdog has been checked: 0 passed
23.07.2014 14:56:48,303 - INFO  - Watchdog has been checked: 0 passed
23.07.2014 14:58:48,345 - INFO  - Watchdog has been checked: 0 passed
23.07.2014 15:00:48,126 - INFO  - Watchdog has been checked: 0 passed
23.07.2014 15:02:48,299 - INFO  - Watchdog has been checked: 0 passed
23.07.2014 15:04:48,132 - INFO  - Watchdog has been checked: 0 passed
23.07.2014 15:06:47,153 - INFO  - Watchdog has been checked: 0 passed
23.07.2014 15:08:46,156 - INFO  - Watchdog has been checked: 0 passed
23.07.2014 15:10:45,183 - INFO  - Watchdog has been checked: 0 passed
23.07.2014 15:12:44,201 - INFO  - Watchdog has been checked: 0 passed
23.07.2014 15:14:44,290 - INFO  - Watchdog has been checked: 0 passed
23.07.2014 15:16:44,060 - INFO  - Watchdog has been checked: 0 passed
23.07.2014 15:18:43,049 - INFO  - Watchdog has been checked: 0 passed
23.07.2014 15:20:43,162 - INFO  - Watchdog has been checked: 0 passed
23.07.2014 15:22:43,166 - INFO  - Watchdog has been checked: 0 passed
23.07.2014 15:24:43,197 - INFO  - Watchdog has been checked: 0 passed
23.07.2014 15:26:42,989 - INFO  - Watchdog has been checked: 0 passed
23.07.2014 15:28:43,012 - INFO  - Watchdog has been checked: 0 passed
23.07.2014 15:30:43,107 - INFO  - Watchdog has been checked: 0 passed
23.07.2014 15:32:43,007 - INFO  - Watchdog has been checked: 0 passed
23.07.2014 15:34:43,042 - INFO  - Watchdog has been checked: 0 passed
23.07.2014 15:36:43,121 - INFO  - Watchdog has been checked: 0 passed
23.07.2014 15:38:43,115 - INFO  - Watchdog has been checked: 0 passed
23.07.2014 15:40:42,935 - INFO  - Watchdog has been checked: 0 passed
23.07.2014 15:42:42,924 - INFO  - Watchdog has been checked: 0 passed
23.07.2014 15:44:42,970 - INFO  - Watchdog has been checked: 0 passed
23.07.2014 15:46:43,021 - INFO  - Watchdog has been checked: 0 passed
23.07.2014 15:48:43,017 - INFO  - Watchdog has been checked: 0 passed
23.07.2014 15:50:43,073 - INFO  - Watchdog has been checked: 0 passed
23.07.2014 15:52:43,132 - INFO  - Watchdog has been checked: 0 passed
23.07.2014 15:54:43,000 - INFO  - Watchdog has been checked: 0 passed
23.07.2014 15:56:42,112 - INFO  - Watchdog has been checked: 0 passed
23.07.2014 15:58:42,093 - INFO  - Watchdog has been checked: 0 passed
23.07.2014 16:00:42,118 - INFO  - Watchdog has been checked: 0 passed
23.07.2014 16:02:42,179 - INFO  - Watchdog has been checked: 0 passed
23.07.2014 16:04:42,216 - INFO  - Watchdog has been checked: 0 passed
23.07.2014 16:06:42,065 - INFO  - Watchdog has been checked: 0 passed
23.07.2014 16:08:41,252 - INFO  - Watchdog has been checked: 0 passed
23.07.2014 16:10:41,334 - INFO  - Watchdog has been checked: 0 passed
23.07.2014 16:12:41,120 - INFO  - Watchdog has been checked: 0 passed
23.07.2014 16:14:40,144 - INFO  - Watchdog has been checked: 0 passed
23.07.2014 16:16:39,214 - INFO  - Watchdog has been checked: 0 passed
23.07.2014 16:18:39,228 - INFO  - Watchdog has been checked: 0 passed
23.07.2014 16:20:39,263 - INFO  - Watchdog has been checked: 0 passed
23.07.2014 16:22:39,326 - INFO  - Watchdog has been checked: 0 passed
23.07.2014 16:24:39,367 - INFO  - Watchdog has been checked: 0 passed
23.07.2014 16:26:39,409 - INFO  - Watchdog has been checked: 0 passed
23.07.2014 16:28:39,206 - INFO  - Watchdog has been checked: 0 passed
23.07.2014 16:30:43,081 - INFO  - Watchdog has been checked: 0 passed
23.07.2014 16:32:42,308 - INFO  - Watchdog has been checked: 0 passed
23.07.2014 16:34:42,389 - INFO  - Watchdog has been checked: 0 passed
23.07.2014 16:36:42,190 - INFO  - Watchdog has been checked: 0 passed
23.07.2014 16:38:42,257 - INFO  - Watchdog has been checked: 0 passed
23.07.2014 16:40:42,301 - INFO  - Watchdog has been checked: 0 passed
23.07.2014 16:42:42,329 - INFO  - Watchdog has been checked: 0 passed
23.07.2014 16:44:42,088 - INFO  - Watchdog has been checked: 0 passed
23.07.2014 16:46:41,090 - INFO  - Watchdog has been checked: 0 passed
23.07.2014 16:48:41,083 - INFO  - Watchdog has been checked: 0 passed
23.07.2014 16:50:41,129 - INFO  - Watchdog has been checked: 0 passed
23.07.2014 16:52:41,148 - INFO  - Watchdog has been checked: 0 passed
23.07.2014 16:54:41,212 - INFO  - Watchdog has been checked: 0 passed
23.07.2014 16:56:41,219 - INFO  - Watchdog has been checked: 0 passed
23.07.2014 16:58:40,982 - INFO  - Watchdog has been checked: 0 passed
23.07.2014 17:00:41,051 - INFO  - Watchdog has been checked: 0 passed
23.07.2014 17:02:41,067 - INFO  - Watchdog has been checked: 0 passed
23.07.2014 17:04:41,206 - INFO  - Watchdog has been checked: 0 passed
23.07.2014 17:06:41,272 - INFO  - Watchdog has been checked: 0 passed
23.07.2014 17:08:41,137 - INFO  - Watchdog has been checked: 0 passed
23.07.2014 17:10:41,172 - INFO  - Watchdog has been checked: 0 passed
23.07.2014 17:12:41,170 - INFO  - Watchdog has been checked: 0 passed
23.07.2014 17:14:41,055 - INFO  - Watchdog has been checked: 0 passed
23.07.2014 17:16:40,079 - INFO  - Watchdog has been checked: 0 passed
23.07.2014 17:18:40,126 - INFO  - Watchdog has been checked: 0 passed
23.07.2014 17:20:40,188 - INFO  - Watchdog has been checked: 0 passed
23.07.2014 17:22:40,256 - INFO  - Watchdog has been checked: 0 passed
23.07.2014 17:24:40,131 - INFO  - Watchdog has been checked: 0 passed
23.07.2014 17:26:40,191 - INFO  - Watchdog has been checked: 0 passed
23.07.2014 17:28:40,331 - INFO  - Watchdog has been checked: 0 passed
23.07.2014 17:30:40,428 - INFO  - Watchdog has been checked: 0 passed
23.07.2014 17:32:43,336 - INFO  - Watchdog has been checked: 0 passed
23.07.2014 17:34:43,340 - INFO  - Watchdog has been checked: 0 passed
23.07.2014 17:36:43,373 - INFO  - Watchdog has been checked: 0 passed
23.07.2014 17:38:43,383 - INFO  - Watchdog has been checked: 0 passed
23.07.2014 17:40:43,261 - INFO  - Watchdog has been checked: 0 passed
23.07.2014 17:42:43,263 - INFO  - Watchdog has been checked: 0 passed
23.07.2014 17:44:43,342 - INFO  - Watchdog has been checked: 0 passed
23.07.2014 17:46:43,107 - INFO  - Watchdog has been checked: 0 passed
23.07.2014 17:48:43,136 - INFO  - Watchdog has been checked: 0 passed
23.07.2014 17:50:43,229 - INFO  - Watchdog has been checked: 0 passed
23.07.2014 17:52:43,223 - INFO  - Watchdog has been checked: 0 passed
23.07.2014 17:54:43,271 - INFO  - Watchdog has been checked: 0 passed
23.07.2014 17:56:43,072 - INFO  - Watchdog has been checked: 0 passed
23.07.2014 17:58:43,056 - INFO  - Watchdog has been checked: 0 passed
23.07.2014 18:00:43,130 - INFO  - Watchdog has been checked: 0 passed
23.07.2014 18:02:43,154 - INFO  - Watchdog has been checked: 0 passed
23.07.2014 18:04:43,198 - INFO  - Watchdog has been checked: 0 passed
23.07.2014 18:06:43,293 - INFO  - Watchdog has been checked: 0 passed
23.07.2014 18:08:43,038 - INFO  - Watchdog has been checked: 0 passed
23.07.2014 18:10:43,169 - INFO  - Watchdog has been checked: 0 passed
23.07.2014 18:12:43,179 - INFO  - Watchdog has been checked: 0 passed
23.07.2014 18:14:43,240 - INFO  - Watchdog has been checked: 0 passed
23.07.2014 18:16:43,062 - INFO  - Watchdog has been checked: 0 passed
23.07.2014 18:18:43,050 - INFO  - Watchdog has been checked: 0 passed
23.07.2014 18:20:43,114 - INFO  - Watchdog has been checked: 0 passed
23.07.2014 18:22:43,175 - INFO  - Watchdog has been checked: 0 passed
23.07.2014 18:24:43,210 - INFO  - Watchdog has been checked: 0 passed
23.07.2014 18:26:43,077 - INFO  - Watchdog has been checked: 0 passed
23.07.2014 18:28:43,107 - INFO  - Watchdog has been checked: 0 passed
23.07.2014 18:30:43,217 - INFO  - Watchdog has been checked: 0 passed
23.07.2014 18:32:43,281 - INFO  - Watchdog has been checked: 0 passed
23.07.2014 18:34:43,276 - INFO  - Watchdog has been checked: 0 passed
23.07.2014 18:36:43,109 - INFO  - Watchdog has been checked: 0 passed
23.07.2014 18:38:43,120 - INFO  - Watchdog has been checked: 0 passed
23.07.2014 18:40:43,195 - INFO  - Watchdog has been checked: 0 passed
23.07.2014 18:42:43,248 - INFO  - Watchdog has been checked: 0 passed
23.07.2014 18:44:43,070 - INFO  - Watchdog has been checked: 0 passed
23.07.2014 18:46:43,172 - INFO  - Watchdog has been checked: 0 passed
23.07.2014 18:48:43,230 - INFO  - Watchdog has been checked: 0 passed
23.07.2014 18:50:43,286 - INFO  - Watchdog has been checked: 0 passed
23.07.2014 18:52:43,100 - INFO  - Watchdog has been checked: 0 passed
23.07.2014 18:54:43,152 - INFO  - Watchdog has been checked: 0 passed
23.07.2014 18:56:43,206 - INFO  - Watchdog has been checked: 0 passed
23.07.2014 18:58:43,303 - INFO  - Watchdog has been checked: 0 passed
23.07.2014 19:00:43,165 - INFO  - Watchdog has been checked: 0 passed
23.07.2014 19:02:43,216 - INFO  - Watchdog has been checked: 0 passed
23.07.2014 19:04:43,273 - INFO  - Watchdog has been checked: 0 passed
23.07.2014 19:06:43,309 - INFO  - Watchdog has been checked: 0 passed
23.07.2014 19:08:43,350 - INFO  - Watchdog has been checked: 0 passed
23.07.2014 19:10:43,147 - INFO  - Watchdog has been checked: 0 passed
23.07.2014 19:12:43,208 - INFO  - Watchdog has been checked: 0 passed
23.07.2014 19:14:43,271 - INFO  - Watchdog has been checked: 0 passed
23.07.2014 19:16:43,262 - INFO  - Watchdog has been checked: 0 passed
23.07.2014 19:18:43,076 - INFO  - Watchdog has been checked: 0 passed
23.07.2014 19:20:43,105 - INFO  - Watchdog has been checked: 0 passed
23.07.2014 19:22:42,134 - INFO  - Watchdog has been checked: 0 passed
23.07.2014 19:24:42,212 - INFO  - Watchdog has been checked: 0 passed
23.07.2014 19:26:42,246 - INFO  - Watchdog has been checked: 0 passed
23.07.2014 19:28:42,091 - INFO  - Watchdog has been checked: 0 passed
23.07.2014 19:30:42,199 - INFO  - Watchdog has been checked: 0 passed
23.07.2014 19:32:42,119 - INFO  - Watchdog has been checked: 0 passed
23.07.2014 19:34:42,233 - INFO  - Watchdog has been checked: 0 passed
23.07.2014 19:36:42,249 - INFO  - Watchdog has been checked: 0 passed
23.07.2014 19:38:42,278 - INFO  - Watchdog has been checked: 0 passed
23.07.2014 19:40:42,085 - INFO  - Watchdog has been checked: 0 passed
23.07.2014 19:42:42,078 - INFO  - Watchdog has been checked: 0 passed
23.07.2014 19:44:42,190 - INFO  - Watchdog has been checked: 0 passed
23.07.2014 19:46:42,240 - INFO  - Watchdog has been checked: 0 passed
23.07.2014 19:48:42,052 - INFO  - Watchdog has been checked: 0 passed
23.07.2014 19:50:41,096 - INFO  - Watchdog has been checked: 0 passed
23.07.2014 19:52:40,113 - INFO  - Watchdog has been checked: 0 passed
23.07.2014 19:54:40,224 - INFO  - Watchdog has been checked: 0 passed
23.07.2014 19:56:40,228 - INFO  - Watchdog has been checked: 0 passed
23.07.2014 19:58:40,284 - INFO  - Watchdog has been checked: 0 passed
23.07.2014 20:00:40,151 - INFO  - Watchdog has been checked: 0 passed
23.07.2014 20:02:40,143 - INFO  - Watchdog has been checked: 0 passed
23.07.2014 20:04:40,233 - INFO  - Watchdog has been checked: 0 passed
23.07.2014 20:06:40,119 - INFO  - Watchdog has been checked: 0 passed
23.07.2014 20:08:40,142 - INFO  - Watchdog has been checked: 0 passed
23.07.2014 20:10:40,304 - INFO  - Watchdog has been checked: 0 passed
23.07.2014 20:12:40,241 - INFO  - Watchdog has been checked: 0 passed
23.07.2014 20:14:40,076 - INFO  - Watchdog has been checked: 0 passed
23.07.2014 20:16:40,191 - INFO  - Watchdog has been checked: 0 passed
23.07.2014 20:18:40,229 - INFO  - Watchdog has been checked: 0 passed
23.07.2014 20:20:40,087 - INFO  - Watchdog has been checked: 0 passed
23.07.2014 20:22:39,081 - INFO  - Watchdog has been checked: 0 passed
23.07.2014 20:24:38,104 - INFO  - Watchdog has been checked: 0 passed
23.07.2014 20:26:38,201 - INFO  - Watchdog has been checked: 0 passed
23.07.2014 20:28:38,323 - INFO  - Watchdog has been checked: 0 passed
23.07.2014 20:30:38,095 - INFO  - Watchdog has been checked: 0 passed
23.07.2014 20:32:37,145 - INFO  - Watchdog has been checked: 0 passed
23.07.2014 20:34:36,159 - INFO  - Watchdog has been checked: 0 passed
23.07.2014 20:36:36,264 - INFO  - Watchdog has been checked: 0 passed
23.07.2014 20:38:36,311 - INFO  - Watchdog has been checked: 0 passed
23.07.2014 20:40:36,089 - INFO  - Watchdog has been checked: 0 passed
23.07.2014 20:42:36,103 - INFO  - Watchdog has been checked: 0 passed
23.07.2014 20:44:36,195 - INFO  - Watchdog has been checked: 0 passed
23.07.2014 20:46:35,313 - INFO  - Watchdog has been checked: 0 passed
23.07.2014 20:48:35,286 - INFO  - Watchdog has been checked: 0 passed
23.07.2014 20:50:35,135 - INFO  - Watchdog has been checked: 0 passed
23.07.2014 20:52:35,163 - INFO  - Watchdog has been checked: 0 passed
23.07.2014 20:54:35,183 - INFO  - Watchdog has been checked: 0 passed
23.07.2014 20:56:35,329 - INFO  - Watchdog has been checked: 0 passed
23.07.2014 20:58:35,323 - INFO  - Watchdog has been checked: 0 passed
23.07.2014 21:00:35,087 - INFO  - Watchdog has been checked: 0 passed
23.07.2014 21:02:34,191 - INFO  - Watchdog has been checked: 0 passed
23.07.2014 21:04:34,187 - INFO  - Watchdog has been checked: 0 passed
23.07.2014 21:06:34,295 - INFO  - Watchdog has been checked: 0 passed
23.07.2014 21:08:34,307 - INFO  - Watchdog has been checked: 0 passed
23.07.2014 21:10:34,171 - INFO  - Watchdog has been checked: 0 passed
23.07.2014 21:12:34,221 - INFO  - Watchdog has been checked: 0 passed
23.07.2014 21:14:34,224 - INFO  - Watchdog has been checked: 0 passed
23.07.2014 21:16:34,311 - INFO  - Watchdog has been checked: 0 passed
23.07.2014 21:18:34,092 - INFO  - Watchdog has been checked: 0 passed
23.07.2014 21:20:34,147 - INFO  - Watchdog has been checked: 0 passed
23.07.2014 21:22:34,158 - INFO  - Watchdog has been checked: 0 passed
23.07.2014 21:24:34,192 - INFO  - Watchdog has been checked: 0 passed
23.07.2014 21:26:34,224 - INFO  - Watchdog has been checked: 0 passed
23.07.2014 21:28:34,281 - INFO  - Watchdog has been checked: 0 passed
23.07.2014 21:30:34,055 - INFO  - Watchdog has been checked: 0 passed
23.07.2014 21:32:33,149 - INFO  - Watchdog has been checked: 0 passed
23.07.2014 21:34:33,146 - INFO  - Watchdog has been checked: 0 passed
23.07.2014 21:36:33,248 - INFO  - Watchdog has been checked: 0 passed
23.07.2014 21:38:33,007 - INFO  - Watchdog has been checked: 0 passed
23.07.2014 21:40:32,117 - INFO  - Watchdog has been checked: 0 passed
23.07.2014 21:42:31,154 - INFO  - Watchdog has been checked: 0 passed
23.07.2014 21:44:31,088 - INFO  - Watchdog has been checked: 0 passed
23.07.2014 21:46:31,256 - INFO  - Watchdog has been checked: 0 passed
23.07.2014 21:48:31,367 - INFO  - Watchdog has been checked: 0 passed
23.07.2014 21:50:31,211 - INFO  - Watchdog has been checked: 0 passed
23.07.2014 21:52:31,189 - INFO  - Watchdog has been checked: 0 passed
23.07.2014 21:54:31,242 - INFO  - Watchdog has been checked: 0 passed
23.07.2014 21:56:31,018 - INFO  - Watchdog has been checked: 0 passed
23.07.2014 21:58:31,807 - INFO  - Watchdog has been checked: 0 passed
23.07.2014 22:00:31,148 - INFO  - Watchdog has been checked: 0 passed
23.07.2014 22:02:31,180 - INFO  - Watchdog has been checked: 0 passed
23.07.2014 22:04:31,248 - INFO  - Watchdog has been checked: 0 passed
23.07.2014 22:06:32,389 - INFO  - Watchdog has been checked: 0 passed
23.07.2014 22:08:32,121 - INFO  - Watchdog has been checked: 0 passed
23.07.2014 22:10:32,329 - INFO  - Watchdog has been checked: 0 passed
23.07.2014 22:12:32,279 - INFO  - Watchdog has been checked: 0 passed
23.07.2014 22:14:32,078 - INFO  - Watchdog has been checked: 0 passed
23.07.2014 22:16:32,109 - INFO  - Watchdog has been checked: 0 passed
23.07.2014 22:18:32,141 - INFO  - Watchdog has been checked: 0 passed
23.07.2014 22:20:32,264 - INFO  - Watchdog has been checked: 0 passed
23.07.2014 22:22:32,241 - INFO  - Watchdog has been checked: 0 passed
23.07.2014 22:24:32,291 - INFO  - Watchdog has been checked: 0 passed
23.07.2014 22:26:32,049 - INFO  - Watchdog has been checked: 0 passed
23.07.2014 22:28:32,128 - INFO  - Watchdog has been checked: 0 passed
23.07.2014 22:30:32,288 - INFO  - Watchdog has been checked: 0 passed
23.07.2014 22:32:32,276 - INFO  - Watchdog has been checked: 0 passed
23.07.2014 22:34:32,141 - INFO  - Watchdog has been checked: 0 passed
23.07.2014 22:36:32,247 - INFO  - Watchdog has been checked: 0 passed
23.07.2014 22:38:32,217 - INFO  - Watchdog has been checked: 0 passed
23.07.2014 22:40:32,339 - INFO  - Watchdog has been checked: 0 passed
23.07.2014 22:42:32,302 - INFO  - Watchdog has been checked: 0 passed
23.07.2014 22:44:32,106 - INFO  - Watchdog has been checked: 0 passed
23.07.2014 22:46:31,142 - INFO  - Watchdog has been checked: 0 passed
23.07.2014 22:48:31,373 - INFO  - Watchdog has been checked: 0 passed
23.07.2014 22:50:31,068 - INFO  - Watchdog has been checked: 0 passed
23.07.2014 22:52:30,149 - INFO  - Watchdog has been checked: 0 passed
23.07.2014 22:54:30,068 - INFO  - Watchdog has been checked: 0 passed
23.07.2014 22:56:29,123 - INFO  - Watchdog has been checked: 0 passed
23.07.2014 22:58:29,263 - INFO  - Watchdog has been checked: 0 passed
23.07.2014 23:00:29,099 - INFO  - Watchdog has been checked: 0 passed
23.07.2014 23:02:29,151 - INFO  - Watchdog has been checked: 0 passed
23.07.2014 23:04:29,052 - INFO  - Watchdog has been checked: 0 passed
23.07.2014 23:06:29,110 - INFO  - Watchdog has been checked: 0 passed
23.07.2014 23:08:30,935 - INFO  - Watchdog has been checked: 0 passed
23.07.2014 23:10:29,994 - INFO  - Watchdog has been checked: 0 passed
23.07.2014 23:12:29,043 - INFO  - Watchdog has been checked: 0 passed
23.07.2014 23:14:28,026 - INFO  - Watchdog has been checked: 0 passed
23.07.2014 23:16:27,099 - INFO  - Watchdog has been checked: 0 passed
23.07.2014 23:18:26,058 - INFO  - Watchdog has been checked: 0 passed
23.07.2014 23:20:25,146 - INFO  - Watchdog has been checked: 0 passed
23.07.2014 23:22:25,182 - INFO  - Watchdog has been checked: 0 passed
23.07.2014 23:24:25,201 - INFO  - Watchdog has been checked: 0 passed
23.07.2014 23:26:25,004 - INFO  - Watchdog has been checked: 0 passed
23.07.2014 23:28:24,101 - INFO  - Watchdog has been checked: 0 passed
23.07.2014 23:30:53,122 - INFO  - Watchdog has been checked: 0 passed
23.07.2014 23:31:23,256 - INFO  - Watchdog has been checked: 0 passed
23.07.2014 23:33:23,150 - INFO  - Watchdog has been checked: 0 passed
23.07.2014 23:35:23,164 - INFO  - Watchdog has been checked: 0 passed
23.07.2014 23:37:23,349 - INFO  - Watchdog has been checked: 0 passed
23.07.2014 23:39:23,113 - INFO  - Watchdog has been checked: 0 passed
23.07.2014 23:41:23,259 - INFO  - Watchdog has been checked: 0 passed
23.07.2014 23:43:23,249 - INFO  - Watchdog has been checked: 0 passed
23.07.2014 23:45:23,269 - INFO  - Watchdog has been checked: 0 passed
23.07.2014 23:47:23,334 - INFO  - Watchdog has been checked: 0 passed
23.07.2014 23:49:23,357 - INFO  - Watchdog has been checked: 0 passed
23.07.2014 23:51:23,213 - INFO  - Watchdog has been checked: 0 passed
23.07.2014 23:53:23,346 - INFO  - Watchdog has been checked: 0 passed
23.07.2014 23:55:23,381 - INFO  - Watchdog has been checked: 0 passed
23.07.2014 23:57:23,411 - INFO  - Watchdog has been checked: 0 passed
23.07.2014 23:59:23,269 - INFO  - Watchdog has been checked: 0 passed
