04.08.2014 00:01:15,326 - INFO  - Watchdog has been checked: 0 passed
04.08.2014 00:03:15,091 - INFO  - Watchdog has been checked: 0 passed
04.08.2014 00:05:14,195 - INFO  - Watchdog has been checked: 0 passed
04.08.2014 00:07:13,174 - INFO  - Watchdog has been checked: 0 passed
04.08.2014 00:09:13,276 - INFO  - Watchdog has been checked: 0 passed
04.08.2014 00:11:13,246 - INFO  - Watchdog has been checked: 0 passed
04.08.2014 00:13:13,075 - INFO  - Watchdog has been checked: 0 passed
04.08.2014 00:15:12,229 - INFO  - Watchdog has been checked: 0 passed
04.08.2014 00:17:12,081 - INFO  - Watchdog has been checked: 0 passed
04.08.2014 00:19:12,267 - INFO  - Watchdog has been checked: 0 passed
04.08.2014 00:21:12,144 - INFO  - Watchdog has been checked: 0 passed
04.08.2014 00:23:12,262 - INFO  - Watchdog has been checked: 0 passed
04.08.2014 00:25:12,222 - INFO  - Watchdog has been checked: 0 passed
04.08.2014 00:27:12,126 - INFO  - Watchdog has been checked: 0 passed
04.08.2014 00:29:12,202 - INFO  - Watchdog has been checked: 0 passed
04.08.2014 00:31:12,193 - INFO  - Watchdog has been checked: 0 passed
04.08.2014 00:33:12,370 - INFO  - Watchdog has been checked: 0 passed
04.08.2014 00:35:12,268 - INFO  - Watchdog has been checked: 0 passed
04.08.2014 00:37:12,106 - INFO  - Watchdog has been checked: 0 passed
04.08.2014 00:39:12,203 - INFO  - Watchdog has been checked: 0 passed
04.08.2014 00:41:12,073 - INFO  - Watchdog has been checked: 0 passed
04.08.2014 00:43:12,064 - INFO  - Watchdog has been checked: 0 passed
04.08.2014 00:45:12,211 - INFO  - Watchdog has been checked: 0 passed
04.08.2014 00:47:12,080 - INFO  - Watchdog has been checked: 0 passed
04.08.2014 00:49:12,018 - INFO  - Watchdog has been checked: 0 passed
04.08.2014 00:51:12,086 - INFO  - Watchdog has been checked: 0 passed
04.08.2014 00:53:12,088 - INFO  - Watchdog has been checked: 0 passed
04.08.2014 00:55:12,219 - INFO  - Watchdog has been checked: 0 passed
04.08.2014 00:57:12,330 - INFO  - Watchdog has been checked: 0 passed
04.08.2014 00:59:12,249 - INFO  - Watchdog has been checked: 0 passed
04.08.2014 01:01:12,080 - INFO  - Watchdog has been checked: 0 passed
04.08.2014 01:03:12,282 - INFO  - Watchdog has been checked: 0 passed
04.08.2014 01:05:12,261 - INFO  - Watchdog has been checked: 0 passed
04.08.2014 01:07:12,247 - INFO  - Watchdog has been checked: 0 passed
04.08.2014 01:09:12,266 - INFO  - Watchdog has been checked: 0 passed
04.08.2014 01:11:12,159 - INFO  - Watchdog has been checked: 0 passed
04.08.2014 01:13:12,279 - INFO  - Watchdog has been checked: 0 passed
04.08.2014 01:15:12,301 - INFO  - Watchdog has been checked: 0 passed
04.08.2014 01:17:12,218 - INFO  - Watchdog has been checked: 0 passed
04.08.2014 01:19:12,201 - INFO  - Watchdog has been checked: 0 passed
04.08.2014 01:21:12,321 - INFO  - Watchdog has been checked: 0 passed
04.08.2014 01:23:12,148 - INFO  - Watchdog has been checked: 0 passed
04.08.2014 01:25:12,150 - INFO  - Watchdog has been checked: 0 passed
04.08.2014 01:27:12,146 - INFO  - Watchdog has been checked: 0 passed
04.08.2014 01:29:11,097 - INFO  - Watchdog has been checked: 0 passed
04.08.2014 01:31:11,030 - INFO  - Watchdog has been checked: 0 passed
04.08.2014 01:33:11,093 - INFO  - Watchdog has been checked: 0 passed
04.08.2014 01:35:11,124 - INFO  - Watchdog has been checked: 0 passed
04.08.2014 01:37:11,058 - INFO  - Watchdog has been checked: 0 passed
04.08.2014 01:39:11,098 - INFO  - Watchdog has been checked: 0 passed
04.08.2014 01:41:11,151 - INFO  - Watchdog has been checked: 0 passed
04.08.2014 01:43:11,166 - INFO  - Watchdog has been checked: 0 passed
04.08.2014 01:45:11,192 - INFO  - Watchdog has been checked: 0 passed
04.08.2014 01:47:11,222 - INFO  - Watchdog has been checked: 0 passed
04.08.2014 01:49:11,110 - INFO  - Watchdog has been checked: 0 passed
04.08.2014 01:51:11,188 - INFO  - Watchdog has been checked: 0 passed
04.08.2014 01:53:11,147 - INFO  - Watchdog has been checked: 0 passed
04.08.2014 01:55:11,288 - INFO  - Watchdog has been checked: 0 passed
04.08.2014 01:57:11,317 - INFO  - Watchdog has been checked: 0 passed
04.08.2014 01:59:11,194 - INFO  - Watchdog has been checked: 0 passed
04.08.2014 02:01:11,158 - INFO  - Watchdog has been checked: 0 passed
04.08.2014 02:03:11,139 - INFO  - Watchdog has been checked: 0 passed
04.08.2014 02:05:11,301 - INFO  - Watchdog has been checked: 0 passed
04.08.2014 02:07:11,226 - INFO  - Watchdog has been checked: 0 passed
04.08.2014 02:09:11,175 - INFO  - Watchdog has been checked: 0 passed
04.08.2014 02:11:11,174 - INFO  - Watchdog has been checked: 0 passed
04.08.2014 02:13:11,164 - INFO  - Watchdog has been checked: 0 passed
04.08.2014 02:15:11,215 - INFO  - Watchdog has been checked: 0 passed
04.08.2014 02:17:11,246 - INFO  - Watchdog has been checked: 0 passed
04.08.2014 02:19:11,116 - INFO  - Watchdog has been checked: 0 passed
04.08.2014 02:21:11,098 - INFO  - Watchdog has been checked: 0 passed
04.08.2014 02:23:11,227 - INFO  - Watchdog has been checked: 0 passed
04.08.2014 02:25:11,250 - INFO  - Watchdog has been checked: 0 passed
04.08.2014 02:27:11,321 - INFO  - Watchdog has been checked: 0 passed
04.08.2014 02:29:11,161 - INFO  - Watchdog has been checked: 0 passed
04.08.2014 02:31:11,167 - INFO  - Watchdog has been checked: 0 passed
04.08.2014 02:33:11,165 - INFO  - Watchdog has been checked: 0 passed
04.08.2014 02:35:11,167 - INFO  - Watchdog has been checked: 0 passed
04.08.2014 02:37:11,267 - INFO  - Watchdog has been checked: 0 passed
04.08.2014 02:39:11,282 - INFO  - Watchdog has been checked: 0 passed
04.08.2014 02:41:11,300 - INFO  - Watchdog has been checked: 0 passed
04.08.2014 02:43:11,335 - INFO  - Watchdog has been checked: 0 passed
04.08.2014 02:45:11,036 - INFO  - Watchdog has been checked: 0 passed
04.08.2014 02:47:11,135 - INFO  - Watchdog has been checked: 0 passed
04.08.2014 02:49:11,208 - INFO  - Watchdog has been checked: 0 passed
04.08.2014 02:51:11,177 - INFO  - Watchdog has been checked: 0 passed
04.08.2014 02:53:11,235 - INFO  - Watchdog has been checked: 0 passed
04.08.2014 02:55:11,275 - INFO  - Watchdog has been checked: 0 passed
04.08.2014 02:57:11,142 - INFO  - Watchdog has been checked: 0 passed
04.08.2014 02:59:11,181 - INFO  - Watchdog has been checked: 0 passed
04.08.2014 03:01:11,225 - INFO  - Watchdog has been checked: 0 passed
04.08.2014 03:03:11,118 - INFO  - Watchdog has been checked: 0 passed
04.08.2014 03:05:11,287 - INFO  - Watchdog has been checked: 0 passed
04.08.2014 03:07:11,122 - INFO  - Watchdog has been checked: 0 passed
04.08.2014 03:09:11,262 - INFO  - Watchdog has been checked: 0 passed
04.08.2014 03:11:11,182 - INFO  - Watchdog has been checked: 0 passed
04.08.2014 03:13:11,018 - INFO  - Watchdog has been checked: 0 passed
04.08.2014 03:15:10,007 - INFO  - Watchdog has been checked: 0 passed
04.08.2014 03:17:09,021 - INFO  - Watchdog has been checked: 0 passed
04.08.2014 03:19:08,200 - INFO  - Watchdog has been checked: 0 passed
04.08.2014 03:21:08,869 - INFO  - Watchdog has been checked: 0 passed
04.08.2014 03:23:08,075 - INFO  - Watchdog has been checked: 0 passed
04.08.2014 03:25:07,237 - INFO  - Watchdog has been checked: 0 passed
04.08.2014 03:27:07,080 - INFO  - Watchdog has been checked: 0 passed
04.08.2014 03:29:06,202 - INFO  - Watchdog has been checked: 0 passed
04.08.2014 03:31:06,146 - INFO  - Watchdog has been checked: 0 passed
04.08.2014 03:33:05,233 - INFO  - Watchdog has been checked: 0 passed
04.08.2014 03:35:05,176 - INFO  - Watchdog has been checked: 0 passed
04.08.2014 03:37:05,052 - INFO  - Watchdog has been checked: 0 passed
04.08.2014 03:39:04,315 - INFO  - Watchdog has been checked: 0 passed
04.08.2014 03:41:04,147 - INFO  - Watchdog has been checked: 0 passed
04.08.2014 03:43:03,284 - INFO  - Watchdog has been checked: 0 passed
04.08.2014 03:45:03,241 - INFO  - Watchdog has been checked: 0 passed
04.08.2014 03:47:07,274 - INFO  - Watchdog has been checked: 0 passed
04.08.2014 03:49:07,177 - INFO  - Watchdog has been checked: 0 passed
04.08.2014 03:51:07,315 - INFO  - Watchdog has been checked: 0 passed
04.08.2014 03:53:07,170 - INFO  - Watchdog has been checked: 0 passed
04.08.2014 03:55:07,117 - INFO  - Watchdog has been checked: 0 passed
04.08.2014 03:57:07,308 - INFO  - Watchdog has been checked: 0 passed
04.08.2014 03:59:07,318 - INFO  - Watchdog has been checked: 0 passed
04.08.2014 04:01:07,278 - INFO  - Watchdog has been checked: 0 passed
04.08.2014 04:03:07,267 - INFO  - Watchdog has been checked: 0 passed
04.08.2014 04:05:07,255 - INFO  - Watchdog has been checked: 0 passed
04.08.2014 04:07:07,182 - INFO  - Watchdog has been checked: 0 passed
04.08.2014 04:09:07,172 - INFO  - Watchdog has been checked: 0 passed
04.08.2014 04:11:07,294 - INFO  - Watchdog has been checked: 0 passed
04.08.2014 04:13:07,347 - INFO  - Watchdog has been checked: 0 passed
04.08.2014 04:15:07,273 - INFO  - Watchdog has been checked: 0 passed
04.08.2014 04:17:07,425 - INFO  - Watchdog has been checked: 0 passed
04.08.2014 04:19:07,385 - INFO  - Watchdog has been checked: 0 passed
04.08.2014 04:21:07,290 - INFO  - Watchdog has been checked: 0 passed
04.08.2014 04:23:07,300 - INFO  - Watchdog has been checked: 0 passed
04.08.2014 04:25:07,408 - INFO  - Watchdog has been checked: 0 passed
04.08.2014 04:27:07,388 - INFO  - Watchdog has been checked: 0 passed
04.08.2014 04:29:07,374 - INFO  - Watchdog has been checked: 0 passed
04.08.2014 04:31:07,501 - INFO  - Watchdog has been checked: 0 passed
04.08.2014 04:33:07,265 - INFO  - Watchdog has been checked: 0 passed
04.08.2014 04:35:07,352 - INFO  - Watchdog has been checked: 0 passed
04.08.2014 04:37:07,337 - INFO  - Watchdog has been checked: 0 passed
04.08.2014 04:39:07,277 - INFO  - Watchdog has been checked: 0 passed
04.08.2014 04:41:07,226 - INFO  - Watchdog has been checked: 0 passed
04.08.2014 04:43:07,204 - INFO  - Watchdog has been checked: 0 passed
04.08.2014 04:45:07,257 - INFO  - Watchdog has been checked: 0 passed
04.08.2014 04:47:07,200 - INFO  - Watchdog has been checked: 0 passed
04.08.2014 04:49:07,092 - INFO  - Watchdog has been checked: 0 passed
04.08.2014 04:51:07,052 - INFO  - Watchdog has been checked: 0 passed
04.08.2014 04:53:07,058 - INFO  - Watchdog has been checked: 0 passed
04.08.2014 04:55:06,109 - INFO  - Watchdog has been checked: 0 passed
04.08.2014 04:57:05,088 - INFO  - Watchdog has been checked: 0 passed
04.08.2014 04:59:05,245 - INFO  - Watchdog has been checked: 0 passed
04.08.2014 05:01:05,177 - INFO  - Watchdog has been checked: 0 passed
04.08.2014 05:03:05,205 - INFO  - Watchdog has been checked: 0 passed
04.08.2014 05:05:05,211 - INFO  - Watchdog has been checked: 0 passed
04.08.2014 05:07:05,183 - INFO  - Watchdog has been checked: 0 passed
04.08.2014 05:09:05,036 - INFO  - Watchdog has been checked: 0 passed
04.08.2014 05:11:05,055 - INFO  - Watchdog has been checked: 0 passed
04.08.2014 05:13:04,132 - INFO  - Watchdog has been checked: 0 passed
04.08.2014 05:15:07,150 - INFO  - Watchdog has been checked: 0 passed
04.08.2014 05:17:07,212 - INFO  - Watchdog has been checked: 0 passed
04.08.2014 05:19:07,321 - INFO  - Watchdog has been checked: 0 passed
04.08.2014 05:21:07,282 - INFO  - Watchdog has been checked: 0 passed
04.08.2014 05:23:07,349 - INFO  - Watchdog has been checked: 0 passed
04.08.2014 05:25:07,273 - INFO  - Watchdog has been checked: 0 passed
04.08.2014 05:27:07,261 - INFO  - Watchdog has been checked: 0 passed
04.08.2014 05:29:07,131 - INFO  - Watchdog has been checked: 0 passed
04.08.2014 05:31:07,076 - INFO  - Watchdog has been checked: 0 passed
04.08.2014 05:33:07,179 - INFO  - Watchdog has been checked: 0 passed
04.08.2014 05:35:07,127 - INFO  - Watchdog has been checked: 0 passed
04.08.2014 05:37:07,245 - INFO  - Watchdog has been checked: 0 passed
04.08.2014 05:39:07,178 - INFO  - Watchdog has been checked: 0 passed
04.08.2014 05:41:07,332 - INFO  - Watchdog has been checked: 0 passed
04.08.2014 05:43:07,174 - INFO  - Watchdog has been checked: 0 passed
04.08.2014 05:45:07,051 - INFO  - Watchdog has been checked: 0 passed
04.08.2014 05:47:07,131 - INFO  - Watchdog has been checked: 0 passed
04.08.2014 05:49:07,025 - INFO  - Watchdog has been checked: 0 passed
04.08.2014 05:51:07,180 - INFO  - Watchdog has been checked: 0 passed
04.08.2014 05:53:07,273 - INFO  - Watchdog has been checked: 0 passed
04.08.2014 05:55:07,252 - INFO  - Watchdog has been checked: 0 passed
04.08.2014 05:57:07,164 - INFO  - Watchdog has been checked: 0 passed
04.08.2014 05:59:07,058 - INFO  - Watchdog has been checked: 0 passed
04.08.2014 06:01:06,070 - INFO  - Watchdog has been checked: 0 passed
04.08.2014 06:03:06,020 - INFO  - Watchdog has been checked: 0 passed
04.08.2014 06:05:05,243 - INFO  - Watchdog has been checked: 0 passed
04.08.2014 06:07:05,105 - INFO  - Watchdog has been checked: 0 passed
04.08.2014 06:09:05,320 - INFO  - Watchdog has been checked: 0 passed
04.08.2014 06:11:05,098 - INFO  - Watchdog has been checked: 0 passed
04.08.2014 06:13:04,237 - INFO  - Watchdog has been checked: 0 passed
04.08.2014 06:15:01,890 - INFO  - mapping file sync started
04.08.2014 06:15:02,821 - INFO  - file successfully updated
04.08.2014 06:15:04,304 - INFO  - Watchdog has been checked: 0 passed
04.08.2014 06:17:07,012 - INFO  - Watchdog has been checked: 0 passed
04.08.2014 06:19:06,164 - INFO  - Watchdog has been checked: 0 passed
04.08.2014 06:21:06,238 - INFO  - Watchdog has been checked: 0 passed
04.08.2014 06:23:06,141 - INFO  - Watchdog has been checked: 0 passed
04.08.2014 06:25:06,140 - INFO  - Watchdog has been checked: 0 passed
04.08.2014 06:27:08,251 - INFO  - Watchdog has been checked: 0 passed
04.08.2014 06:29:08,130 - INFO  - Watchdog has been checked: 0 passed
04.08.2014 06:31:08,230 - INFO  - Watchdog has been checked: 0 passed
04.08.2014 06:33:08,146 - INFO  - Watchdog has been checked: 0 passed
04.08.2014 06:35:08,161 - INFO  - Watchdog has been checked: 0 passed
04.08.2014 06:37:08,111 - INFO  - Watchdog has been checked: 0 passed
04.08.2014 06:39:08,165 - INFO  - Watchdog has been checked: 0 passed
04.08.2014 06:41:08,223 - INFO  - Watchdog has been checked: 0 passed
04.08.2014 06:43:08,126 - INFO  - Watchdog has been checked: 0 passed
04.08.2014 06:45:08,163 - INFO  - Watchdog has been checked: 0 passed
04.08.2014 06:47:08,273 - INFO  - Watchdog has been checked: 0 passed
04.08.2014 06:49:08,247 - INFO  - Watchdog has been checked: 0 passed
04.08.2014 06:51:08,123 - INFO  - Watchdog has been checked: 0 passed
04.08.2014 06:53:08,158 - INFO  - Watchdog has been checked: 0 passed
04.08.2014 06:55:08,251 - INFO  - Watchdog has been checked: 0 passed
04.08.2014 06:57:08,158 - INFO  - Watchdog has been checked: 0 passed
04.08.2014 06:59:08,113 - INFO  - Watchdog has been checked: 0 passed
04.08.2014 07:01:07,990 - INFO  - Watchdog has been checked: 0 passed
04.08.2014 07:03:07,033 - INFO  - Watchdog has been checked: 0 passed
04.08.2014 07:05:07,063 - INFO  - Watchdog has been checked: 0 passed
04.08.2014 07:07:07,014 - INFO  - Watchdog has been checked: 0 passed
04.08.2014 07:09:05,972 - INFO  - Watchdog has been checked: 0 passed
04.08.2014 07:11:05,130 - INFO  - Watchdog has been checked: 0 passed
04.08.2014 07:13:05,160 - INFO  - Watchdog has been checked: 0 passed
04.08.2014 07:15:01,947 - INFO  - mapping file sync started
04.08.2014 07:15:02,426 - INFO  - file successfully updated
04.08.2014 07:15:05,203 - INFO  - Watchdog has been checked: 0 passed
04.08.2014 07:17:05,153 - INFO  - Watchdog has been checked: 0 passed
04.08.2014 07:19:06,154 - INFO  - Watchdog has been checked: 0 passed
04.08.2014 07:21:05,975 - INFO  - Watchdog has been checked: 0 passed
04.08.2014 07:23:05,233 - INFO  - Watchdog has been checked: 0 passed
04.08.2014 07:25:05,092 - INFO  - Watchdog has been checked: 0 passed
04.08.2014 07:27:05,095 - INFO  - Watchdog has been checked: 0 passed
04.08.2014 07:29:07,249 - INFO  - Watchdog has been checked: 0 passed
04.08.2014 07:31:07,233 - INFO  - Watchdog has been checked: 0 passed
04.08.2014 07:33:07,267 - INFO  - Watchdog has been checked: 0 passed
04.08.2014 07:35:07,116 - INFO  - Watchdog has been checked: 0 passed
04.08.2014 07:37:07,152 - INFO  - Watchdog has been checked: 0 passed
04.08.2014 07:39:07,263 - INFO  - Watchdog has been checked: 0 passed
04.08.2014 07:41:07,008 - INFO  - Watchdog has been checked: 0 passed
04.08.2014 07:43:06,062 - INFO  - Watchdog has been checked: 0 passed
04.08.2014 07:45:05,130 - INFO  - Watchdog has been checked: 0 passed
04.08.2014 07:47:05,121 - INFO  - Watchdog has been checked: 0 passed
04.08.2014 07:49:05,275 - INFO  - Watchdog has been checked: 0 passed
04.08.2014 07:51:05,318 - INFO  - Watchdog has been checked: 0 passed
04.08.2014 07:53:05,141 - INFO  - Watchdog has been checked: 0 passed
04.08.2014 07:55:07,386 - INFO  - Watchdog has been checked: 0 passed
04.08.2014 07:57:07,200 - INFO  - Watchdog has been checked: 0 passed
04.08.2014 07:59:07,320 - INFO  - Watchdog has been checked: 0 passed
04.08.2014 08:01:07,260 - INFO  - Watchdog has been checked: 0 passed
04.08.2014 08:03:07,279 - INFO  - Watchdog has been checked: 0 passed
04.08.2014 08:05:07,272 - INFO  - Watchdog has been checked: 0 passed
04.08.2014 08:07:07,107 - INFO  - Watchdog has been checked: 0 passed
04.08.2014 08:09:07,300 - INFO  - Watchdog has been checked: 0 passed
04.08.2014 08:11:07,242 - INFO  - Watchdog has been checked: 0 passed
04.08.2014 08:13:07,272 - INFO  - Watchdog has been checked: 0 passed
04.08.2014 08:15:07,242 - INFO  - Watchdog has been checked: 0 passed
04.08.2014 08:17:07,096 - INFO  - Watchdog has been checked: 0 passed
04.08.2014 08:19:07,215 - INFO  - Watchdog has been checked: 0 passed
04.08.2014 08:21:07,123 - INFO  - Watchdog has been checked: 0 passed
04.08.2014 08:23:07,267 - INFO  - Watchdog has been checked: 0 passed
04.08.2014 08:25:07,224 - INFO  - Watchdog has been checked: 0 passed
04.08.2014 08:27:07,038 - INFO  - Watchdog has been checked: 0 passed
04.08.2014 08:29:07,211 - INFO  - Watchdog has been checked: 0 passed
04.08.2014 08:31:08,452 - INFO  - Watchdog has been checked: 0 passed
04.08.2014 08:33:08,152 - INFO  - Watchdog has been checked: 0 passed
04.08.2014 08:35:08,131 - INFO  - Watchdog has been checked: 0 passed
04.08.2014 08:37:08,247 - INFO  - Watchdog has been checked: 0 passed
04.08.2014 08:39:08,202 - INFO  - Watchdog has been checked: 0 passed
04.08.2014 08:41:08,270 - INFO  - Watchdog has been checked: 0 passed
04.08.2014 08:43:08,160 - INFO  - Watchdog has been checked: 0 passed
04.08.2014 08:45:08,129 - INFO  - Watchdog has been checked: 0 passed
04.08.2014 08:47:08,198 - INFO  - Watchdog has been checked: 0 passed
04.08.2014 08:49:08,114 - INFO  - Watchdog has been checked: 0 passed
04.08.2014 08:51:08,216 - INFO  - Watchdog has been checked: 0 passed
04.08.2014 08:53:08,107 - INFO  - Watchdog has been checked: 0 passed
04.08.2014 08:55:07,115 - INFO  - Watchdog has been checked: 0 passed
04.08.2014 08:57:07,331 - INFO  - Watchdog has been checked: 0 passed
04.08.2014 08:59:07,314 - INFO  - Watchdog has been checked: 0 passed
04.08.2014 09:01:07,152 - INFO  - Watchdog has been checked: 0 passed
04.08.2014 09:03:07,234 - INFO  - Watchdog has been checked: 0 passed
04.08.2014 09:05:07,262 - INFO  - Watchdog has been checked: 0 passed
04.08.2014 09:07:07,145 - INFO  - Watchdog has been checked: 0 passed
04.08.2014 09:09:07,173 - INFO  - Watchdog has been checked: 0 passed
04.08.2014 09:11:07,033 - INFO  - Watchdog has been checked: 0 passed
04.08.2014 09:13:06,148 - INFO  - Watchdog has been checked: 0 passed
04.08.2014 09:15:06,162 - INFO  - Watchdog has been checked: 0 passed
04.08.2014 09:17:06,106 - INFO  - Watchdog has been checked: 0 passed
04.08.2014 09:19:06,088 - INFO  - Watchdog has been checked: 0 passed
04.08.2014 09:21:06,270 - INFO  - Watchdog has been checked: 0 passed
04.08.2014 09:23:06,260 - INFO  - Watchdog has been checked: 0 passed
04.08.2014 09:25:06,018 - INFO  - Watchdog has been checked: 0 passed
04.08.2014 09:27:05,218 - INFO  - Watchdog has been checked: 0 passed
04.08.2014 09:29:05,208 - INFO  - Watchdog has been checked: 0 passed
04.08.2014 09:31:05,148 - INFO  - Watchdog has been checked: 0 passed
04.08.2014 09:33:07,189 - INFO  - Watchdog has been checked: 0 passed
04.08.2014 09:35:07,053 - INFO  - Watchdog has been checked: 0 passed
04.08.2014 09:37:07,306 - INFO  - Watchdog has been checked: 0 passed
04.08.2014 09:39:07,246 - INFO  - Watchdog has been checked: 0 passed
04.08.2014 09:41:07,122 - INFO  - Watchdog has been checked: 0 passed
04.08.2014 09:43:07,112 - INFO  - Watchdog has been checked: 0 passed
04.08.2014 09:45:07,120 - INFO  - Watchdog has been checked: 0 passed
04.08.2014 09:47:07,100 - INFO  - Watchdog has been checked: 0 passed
04.08.2014 09:49:07,020 - INFO  - Watchdog has been checked: 0 passed
04.08.2014 09:51:07,176 - INFO  - Watchdog has been checked: 0 passed
04.08.2014 09:53:07,205 - INFO  - Watchdog has been checked: 0 passed
04.08.2014 09:55:07,141 - INFO  - Watchdog has been checked: 0 passed
04.08.2014 09:57:07,225 - INFO  - Watchdog has been checked: 0 passed
04.08.2014 09:59:07,341 - INFO  - Watchdog has been checked: 0 passed
04.08.2014 10:01:07,251 - INFO  - Watchdog has been checked: 0 passed
04.08.2014 10:03:07,277 - INFO  - Watchdog has been checked: 0 passed
04.08.2014 10:05:07,069 - INFO  - Watchdog has been checked: 0 passed
04.08.2014 10:07:07,053 - INFO  - Watchdog has been checked: 0 passed
04.08.2014 10:09:06,203 - INFO  - Watchdog has been checked: 0 passed
04.08.2014 10:11:06,160 - INFO  - Watchdog has been checked: 0 passed
04.08.2014 10:13:06,165 - INFO  - Watchdog has been checked: 0 passed
04.08.2014 10:15:06,251 - INFO  - Watchdog has been checked: 0 passed
04.08.2014 10:17:06,282 - INFO  - Watchdog has been checked: 0 passed
04.08.2014 10:19:06,247 - INFO  - Watchdog has been checked: 0 passed
04.08.2014 10:21:06,236 - INFO  - Watchdog has been checked: 0 passed
04.08.2014 10:23:06,330 - INFO  - Watchdog has been checked: 0 passed
04.08.2014 10:25:06,252 - INFO  - Watchdog has been checked: 0 passed
04.08.2014 10:27:06,234 - INFO  - Watchdog has been checked: 0 passed
04.08.2014 10:29:06,079 - INFO  - Watchdog has been checked: 0 passed
04.08.2014 10:31:05,308 - INFO  - Watchdog has been checked: 0 passed
04.08.2014 10:33:05,124 - INFO  - Watchdog has been checked: 0 passed
04.08.2014 10:35:08,075 - INFO  - Watchdog has been checked: 0 passed
04.08.2014 10:37:07,235 - INFO  - Watchdog has been checked: 0 passed
04.08.2014 10:39:07,120 - INFO  - Watchdog has been checked: 0 passed
04.08.2014 10:41:06,290 - INFO  - Watchdog has been checked: 0 passed
04.08.2014 10:43:06,100 - INFO  - Watchdog has been checked: 0 passed
04.08.2014 10:45:05,070 - INFO  - Watchdog has been checked: 0 passed
04.08.2014 10:47:04,154 - INFO  - Watchdog has been checked: 0 passed
04.08.2014 10:49:03,297 - INFO  - Watchdog has been checked: 0 passed
04.08.2014 10:51:03,215 - INFO  - Watchdog has been checked: 0 passed
04.08.2014 10:53:03,286 - INFO  - Watchdog has been checked: 0 passed
04.08.2014 10:55:03,285 - INFO  - Watchdog has been checked: 0 passed
04.08.2014 10:57:03,215 - INFO  - Watchdog has been checked: 0 passed
04.08.2014 10:59:03,122 - INFO  - Watchdog has been checked: 0 passed
04.08.2014 11:01:07,224 - INFO  - Watchdog has been checked: 0 passed
04.08.2014 11:03:07,132 - INFO  - Watchdog has been checked: 0 passed
04.08.2014 11:05:07,105 - INFO  - Watchdog has been checked: 0 passed
04.08.2014 11:07:06,161 - INFO  - Watchdog has been checked: 0 passed
04.08.2014 11:09:06,045 - INFO  - Watchdog has been checked: 0 passed
04.08.2014 11:11:06,162 - INFO  - Watchdog has been checked: 0 passed
04.08.2014 11:13:06,073 - INFO  - Watchdog has been checked: 0 passed
04.08.2014 11:15:05,332 - INFO  - Watchdog has been checked: 0 passed
04.08.2014 11:17:05,098 - INFO  - Watchdog has been checked: 0 passed
04.08.2014 11:19:05,276 - INFO  - Watchdog has been checked: 0 passed
04.08.2014 11:21:05,127 - INFO  - Watchdog has been checked: 0 passed
04.08.2014 11:23:05,060 - INFO  - Watchdog has been checked: 0 passed
04.08.2014 11:25:05,323 - INFO  - Watchdog has been checked: 0 passed
04.08.2014 11:27:05,233 - INFO  - Watchdog has been checked: 0 passed
04.08.2014 11:29:05,120 - INFO  - Watchdog has been checked: 0 passed
04.08.2014 11:31:05,215 - INFO  - Watchdog has been checked: 0 passed
04.08.2014 11:33:05,058 - INFO  - Watchdog has been checked: 0 passed
04.08.2014 11:35:05,066 - INFO  - Watchdog has been checked: 0 passed
04.08.2014 11:37:07,783 - INFO  - Watchdog has been checked: 0 passed
04.08.2014 11:39:07,109 - INFO  - Watchdog has been checked: 0 passed
04.08.2014 11:41:07,229 - INFO  - Watchdog has been checked: 0 passed
04.08.2014 11:43:07,293 - INFO  - Watchdog has been checked: 0 passed
04.08.2014 11:44:27,731 - INFO  - searcher identified --- respT: 23ms, 10650 results, q=bu, 
04.08.2014 11:44:30,011 - INFO  - searcher identified --- respT: 10ms, 66 results, q=buecklers, 
04.08.2014 11:44:32,095 - INFO  - searcher identified --- respT: 13ms, 43 results, q=buecklers task, 
04.08.2014 11:44:40,507 - INFO  - searcher identified --- respT: 16ms, 9 results, q=buecklers task alfresco, 
04.08.2014 11:45:07,296 - INFO  - Watchdog has been checked: 0 passed
04.08.2014 11:47:07,277 - INFO  - Watchdog has been checked: 0 passed
04.08.2014 11:49:07,278 - INFO  - Watchdog has been checked: 0 passed
04.08.2014 11:51:07,369 - INFO  - Watchdog has been checked: 0 passed
04.08.2014 11:53:07,189 - INFO  - Watchdog has been checked: 0 passed
04.08.2014 11:55:07,204 - INFO  - Watchdog has been checked: 0 passed
04.08.2014 11:57:07,112 - INFO  - Watchdog has been checked: 0 passed
04.08.2014 11:59:07,139 - INFO  - Watchdog has been checked: 0 passed
04.08.2014 12:01:07,295 - INFO  - Watchdog has been checked: 0 passed
04.08.2014 12:03:07,367 - INFO  - Watchdog has been checked: 0 passed
04.08.2014 12:05:07,181 - INFO  - Watchdog has been checked: 0 passed
04.08.2014 12:07:07,184 - INFO  - Watchdog has been checked: 0 passed
04.08.2014 12:09:06,101 - INFO  - Watchdog has been checked: 0 passed
04.08.2014 12:11:05,219 - INFO  - Watchdog has been checked: 0 passed
04.08.2014 12:13:05,201 - INFO  - Watchdog has been checked: 0 passed
04.08.2014 12:15:05,042 - INFO  - Watchdog has been checked: 0 passed
04.08.2014 12:17:04,239 - INFO  - Watchdog has been checked: 0 passed
04.08.2014 12:19:04,201 - INFO  - Watchdog has been checked: 0 passed
04.08.2014 12:21:04,074 - INFO  - Watchdog has been checked: 0 passed
04.08.2014 12:23:03,075 - INFO  - Watchdog has been checked: 0 passed
04.08.2014 12:25:02,134 - INFO  - Watchdog has been checked: 0 passed
04.08.2014 12:27:01,132 - INFO  - Watchdog has been checked: 0 passed
04.08.2014 12:29:01,051 - INFO  - Watchdog has been checked: 0 passed
04.08.2014 12:31:00,254 - INFO  - Watchdog has been checked: 0 passed
04.08.2014 12:33:00,239 - INFO  - Watchdog has been checked: 0 passed
04.08.2014 12:35:00,052 - INFO  - Watchdog has been checked: 0 passed
04.08.2014 12:36:59,058 - INFO  - Watchdog has been checked: 0 passed
04.08.2014 12:38:58,085 - INFO  - Watchdog has been checked: 0 passed
04.08.2014 12:40:57,087 - INFO  - Watchdog has been checked: 0 passed
04.08.2014 12:42:56,145 - INFO  - Watchdog has been checked: 0 passed
04.08.2014 12:44:55,266 - INFO  - Watchdog has been checked: 0 passed
04.08.2014 12:46:55,167 - INFO  - Watchdog has been checked: 0 passed
04.08.2014 12:48:54,294 - INFO  - Watchdog has been checked: 0 passed
04.08.2014 12:50:54,263 - INFO  - Watchdog has been checked: 0 passed
04.08.2014 12:52:54,330 - INFO  - Watchdog has been checked: 0 passed
04.08.2014 12:54:56,025 - INFO  - Watchdog has been checked: 0 passed
04.08.2014 12:56:55,194 - INFO  - Watchdog has been checked: 0 passed
04.08.2014 12:58:55,321 - INFO  - Watchdog has been checked: 0 passed
04.08.2014 13:00:55,285 - INFO  - Watchdog has been checked: 0 passed
04.08.2014 13:02:55,308 - INFO  - Watchdog has been checked: 0 passed
04.08.2014 13:04:58,018 - INFO  - Watchdog has been checked: 0 passed
04.08.2014 13:06:57,108 - INFO  - Watchdog has been checked: 0 passed
04.08.2014 13:08:57,200 - INFO  - Watchdog has been checked: 0 passed
04.08.2014 13:10:57,172 - INFO  - Watchdog has been checked: 0 passed
04.08.2014 13:12:57,207 - INFO  - Watchdog has been checked: 0 passed
04.08.2014 13:14:57,171 - INFO  - Watchdog has been checked: 0 passed
04.08.2014 13:16:56,993 - INFO  - Watchdog has been checked: 0 passed
04.08.2014 13:18:57,078 - INFO  - Watchdog has been checked: 0 passed
04.08.2014 13:20:57,075 - INFO  - Watchdog has been checked: 0 passed
04.08.2014 13:22:57,108 - INFO  - Watchdog has been checked: 0 passed
04.08.2014 13:24:57,093 - INFO  - Watchdog has been checked: 0 passed
04.08.2014 13:26:57,166 - INFO  - Watchdog has been checked: 0 passed
04.08.2014 13:28:57,019 - INFO  - Watchdog has been checked: 0 passed
04.08.2014 13:30:57,198 - INFO  - Watchdog has been checked: 0 passed
04.08.2014 13:32:57,074 - INFO  - Watchdog has been checked: 0 passed
04.08.2014 13:34:57,075 - INFO  - Watchdog has been checked: 0 passed
04.08.2014 13:36:57,165 - INFO  - Watchdog has been checked: 0 passed
04.08.2014 13:38:57,122 - INFO  - Watchdog has been checked: 0 passed
04.08.2014 13:40:57,060 - INFO  - Watchdog has been checked: 0 passed
04.08.2014 13:42:57,127 - INFO  - Watchdog has been checked: 0 passed
04.08.2014 13:44:57,106 - INFO  - Watchdog has been checked: 0 passed
04.08.2014 13:46:57,209 - INFO  - Watchdog has been checked: 0 passed
04.08.2014 13:48:57,102 - INFO  - Watchdog has been checked: 0 passed
04.08.2014 13:50:57,274 - INFO  - Watchdog has been checked: 0 passed
04.08.2014 13:52:57,114 - INFO  - Watchdog has been checked: 0 passed
04.08.2014 13:54:57,086 - INFO  - Watchdog has been checked: 0 passed
04.08.2014 13:56:57,136 - INFO  - Watchdog has been checked: 0 passed
04.08.2014 13:58:57,031 - INFO  - Watchdog has been checked: 0 passed
04.08.2014 14:00:57,221 - INFO  - Watchdog has been checked: 0 passed
04.08.2014 14:02:57,123 - INFO  - Watchdog has been checked: 0 passed
04.08.2014 14:04:57,129 - INFO  - Watchdog has been checked: 0 passed
04.08.2014 14:07:00,166 - INFO  - Watchdog has been checked: 0 passed
04.08.2014 14:09:00,369 - INFO  - Watchdog has been checked: 0 passed
04.08.2014 14:11:00,237 - INFO  - Watchdog has been checked: 0 passed
04.08.2014 14:13:00,328 - INFO  - Watchdog has been checked: 0 passed
04.08.2014 14:15:00,365 - INFO  - Watchdog has been checked: 0 passed
04.08.2014 14:17:00,335 - INFO  - Watchdog has been checked: 0 passed
04.08.2014 14:19:00,329 - INFO  - Watchdog has been checked: 0 passed
04.08.2014 14:21:00,190 - INFO  - Watchdog has been checked: 0 passed
04.08.2014 14:23:00,265 - INFO  - Watchdog has been checked: 0 passed
04.08.2014 14:25:00,285 - INFO  - Watchdog has been checked: 0 passed
04.08.2014 14:27:00,246 - INFO  - Watchdog has been checked: 0 passed
04.08.2014 14:29:00,203 - INFO  - Watchdog has been checked: 0 passed
04.08.2014 14:31:00,320 - INFO  - Watchdog has been checked: 0 passed
04.08.2014 14:33:00,357 - INFO  - Watchdog has been checked: 0 passed
04.08.2014 14:35:00,208 - INFO  - Watchdog has been checked: 0 passed
04.08.2014 14:37:00,246 - INFO  - Watchdog has been checked: 0 passed
04.08.2014 14:39:00,139 - INFO  - Watchdog has been checked: 0 passed
04.08.2014 14:41:00,049 - INFO  - Watchdog has been checked: 0 passed
04.08.2014 14:42:59,065 - INFO  - Watchdog has been checked: 0 passed
04.08.2014 14:44:58,179 - INFO  - Watchdog has been checked: 0 passed
04.08.2014 14:46:58,218 - INFO  - Watchdog has been checked: 0 passed
04.08.2014 14:48:58,081 - INFO  - Watchdog has been checked: 0 passed
04.08.2014 14:50:58,632 - INFO  - Watchdog has been checked: 0 passed
04.08.2014 14:52:58,125 - INFO  - Watchdog has been checked: 0 passed
04.08.2014 14:54:57,954 - INFO  - Watchdog has been checked: 0 passed
04.08.2014 14:56:57,154 - INFO  - Watchdog has been checked: 0 passed
04.08.2014 14:58:57,119 - INFO  - Watchdog has been checked: 0 passed
04.08.2014 15:00:57,079 - INFO  - Watchdog has been checked: 0 passed
04.08.2014 15:02:56,095 - INFO  - Watchdog has been checked: 0 passed
04.08.2014 15:04:55,157 - INFO  - Watchdog has been checked: 0 passed
04.08.2014 15:06:55,138 - INFO  - Watchdog has been checked: 0 passed
04.08.2014 15:08:57,313 - INFO  - Watchdog has been checked: 0 passed
04.08.2014 15:10:57,300 - INFO  - Watchdog has been checked: 0 passed
04.08.2014 15:12:57,301 - INFO  - Watchdog has been checked: 0 passed
04.08.2014 15:14:57,173 - INFO  - Watchdog has been checked: 0 passed
04.08.2014 15:16:57,201 - INFO  - Watchdog has been checked: 0 passed
04.08.2014 15:18:57,370 - INFO  - Watchdog has been checked: 0 passed
04.08.2014 15:20:57,311 - INFO  - Watchdog has been checked: 0 passed
04.08.2014 15:22:57,336 - INFO  - Watchdog has been checked: 0 passed
04.08.2014 15:24:57,227 - INFO  - Watchdog has been checked: 0 passed
04.08.2014 15:26:57,263 - INFO  - Watchdog has been checked: 0 passed
04.08.2014 15:28:57,312 - INFO  - Watchdog has been checked: 0 passed
04.08.2014 15:30:57,384 - INFO  - Watchdog has been checked: 0 passed
04.08.2014 15:32:57,370 - INFO  - Watchdog has been checked: 0 passed
04.08.2014 15:34:57,462 - INFO  - Watchdog has been checked: 0 passed
04.08.2014 15:36:57,317 - INFO  - Watchdog has been checked: 0 passed
04.08.2014 15:38:57,416 - INFO  - Watchdog has been checked: 0 passed
04.08.2014 15:40:57,330 - INFO  - Watchdog has been checked: 0 passed
04.08.2014 15:42:57,099 - INFO  - Watchdog has been checked: 0 passed
04.08.2014 15:44:56,309 - INFO  - Watchdog has been checked: 0 passed
04.08.2014 15:46:56,161 - INFO  - Watchdog has been checked: 0 passed
04.08.2014 15:48:56,261 - INFO  - Watchdog has been checked: 0 passed
04.08.2014 15:50:56,235 - INFO  - Watchdog has been checked: 0 passed
04.08.2014 15:52:56,370 - INFO  - Watchdog has been checked: 0 passed
04.08.2014 15:54:56,047 - INFO  - Watchdog has been checked: 0 passed
04.08.2014 15:56:56,178 - INFO  - Watchdog has been checked: 0 passed
04.08.2014 15:58:56,352 - INFO  - Watchdog has been checked: 0 passed
04.08.2014 16:00:56,861 - INFO  - Watchdog has been checked: 0 passed
04.08.2014 16:02:56,008 - INFO  - Watchdog has been checked: 0 passed
04.08.2014 16:04:56,212 - INFO  - Watchdog has been checked: 0 passed
04.08.2014 16:06:56,022 - INFO  - Watchdog has been checked: 0 passed
04.08.2014 16:08:56,286 - INFO  - Watchdog has been checked: 0 passed
04.08.2014 16:10:57,095 - INFO  - Watchdog has been checked: 0 passed
04.08.2014 16:12:57,274 - INFO  - Watchdog has been checked: 0 passed
04.08.2014 16:14:57,214 - INFO  - Watchdog has been checked: 0 passed
04.08.2014 16:16:57,165 - INFO  - Watchdog has been checked: 0 passed
04.08.2014 16:18:57,221 - INFO  - Watchdog has been checked: 0 passed
04.08.2014 16:20:57,100 - INFO  - Watchdog has been checked: 0 passed
04.08.2014 16:22:57,223 - INFO  - Watchdog has been checked: 0 passed
04.08.2014 16:24:57,173 - INFO  - Watchdog has been checked: 0 passed
04.08.2014 16:26:57,240 - INFO  - Watchdog has been checked: 0 passed
04.08.2014 16:28:57,232 - INFO  - Watchdog has been checked: 0 passed
04.08.2014 16:30:57,285 - INFO  - Watchdog has been checked: 0 passed
04.08.2014 16:32:57,125 - INFO  - Watchdog has been checked: 0 passed
04.08.2014 16:34:57,092 - INFO  - Watchdog has been checked: 0 passed
04.08.2014 16:36:57,230 - INFO  - Watchdog has been checked: 0 passed
04.08.2014 16:38:57,110 - INFO  - Watchdog has been checked: 0 passed
04.08.2014 16:40:56,191 - INFO  - Watchdog has been checked: 0 passed
04.08.2014 16:42:56,317 - INFO  - Watchdog has been checked: 0 passed
04.08.2014 16:44:56,403 - INFO  - Watchdog has been checked: 0 passed
04.08.2014 16:46:56,302 - INFO  - Watchdog has been checked: 0 passed
04.08.2014 16:48:56,352 - INFO  - Watchdog has been checked: 0 passed
04.08.2014 16:50:56,150 - INFO  - Watchdog has been checked: 0 passed
04.08.2014 16:52:56,232 - INFO  - Watchdog has been checked: 0 passed
04.08.2014 16:54:56,212 - INFO  - Watchdog has been checked: 0 passed
04.08.2014 16:56:56,200 - INFO  - Watchdog has been checked: 0 passed
04.08.2014 16:58:56,160 - INFO  - Watchdog has been checked: 0 passed
04.08.2014 17:00:56,041 - INFO  - Watchdog has been checked: 0 passed
04.08.2014 17:02:56,068 - INFO  - Watchdog has been checked: 0 passed
04.08.2014 17:04:56,044 - INFO  - Watchdog has been checked: 0 passed
04.08.2014 17:06:55,995 - INFO  - Watchdog has been checked: 0 passed
04.08.2014 17:08:54,975 - INFO  - Watchdog has been checked: 0 passed
04.08.2014 17:10:54,107 - INFO  - Watchdog has been checked: 0 passed
04.08.2014 17:12:57,188 - INFO  - Watchdog has been checked: 0 passed
04.08.2014 17:14:57,103 - INFO  - Watchdog has been checked: 0 passed
04.08.2014 17:16:57,023 - INFO  - Watchdog has been checked: 0 passed
04.08.2014 17:18:56,209 - INFO  - Watchdog has been checked: 0 passed
04.08.2014 17:20:56,190 - INFO  - Watchdog has been checked: 0 passed
04.08.2014 17:22:56,206 - INFO  - Watchdog has been checked: 0 passed
04.08.2014 17:24:56,063 - INFO  - Watchdog has been checked: 0 passed
04.08.2014 17:26:56,044 - INFO  - Watchdog has been checked: 0 passed
04.08.2014 17:28:55,200 - INFO  - Watchdog has been checked: 0 passed
04.08.2014 17:30:55,172 - INFO  - Watchdog has been checked: 0 passed
04.08.2014 17:32:55,160 - INFO  - Watchdog has been checked: 0 passed
04.08.2014 17:34:55,251 - INFO  - Watchdog has been checked: 0 passed
04.08.2014 17:36:55,287 - INFO  - Watchdog has been checked: 0 passed
04.08.2014 17:38:57,400 - INFO  - Watchdog has been checked: 0 passed
04.08.2014 17:40:57,166 - INFO  - Watchdog has been checked: 0 passed
04.08.2014 17:43:57,301 - INFO  - Watchdog has been checked: 0 passed
04.08.2014 17:45:57,371 - INFO  - Watchdog has been checked: 0 passed
04.08.2014 17:47:57,201 - INFO  - Watchdog has been checked: 0 passed
04.08.2014 17:49:57,226 - INFO  - Watchdog has been checked: 0 passed
04.08.2014 17:51:57,201 - INFO  - Watchdog has been checked: 0 passed
04.08.2014 17:53:57,186 - INFO  - Watchdog has been checked: 0 passed
04.08.2014 17:55:57,233 - INFO  - Watchdog has been checked: 0 passed
04.08.2014 17:57:57,091 - INFO  - Watchdog has been checked: 0 passed
04.08.2014 17:59:57,305 - INFO  - Watchdog has been checked: 0 passed
04.08.2014 18:01:57,409 - INFO  - Watchdog has been checked: 0 passed
04.08.2014 18:03:57,315 - INFO  - Watchdog has been checked: 0 passed
04.08.2014 18:05:57,168 - INFO  - Watchdog has been checked: 0 passed
04.08.2014 18:07:57,329 - INFO  - Watchdog has been checked: 0 passed
04.08.2014 18:09:57,277 - INFO  - Watchdog has been checked: 0 passed
04.08.2014 18:11:57,080 - INFO  - Watchdog has been checked: 0 passed
04.08.2014 18:13:56,046 - INFO  - Watchdog has been checked: 0 passed
04.08.2014 18:15:55,084 - INFO  - Watchdog has been checked: 0 passed
04.08.2014 18:17:55,295 - INFO  - Watchdog has been checked: 0 passed
04.08.2014 18:19:55,239 - INFO  - Watchdog has been checked: 0 passed
04.08.2014 18:21:55,043 - INFO  - Watchdog has been checked: 0 passed
04.08.2014 18:23:54,166 - INFO  - Watchdog has been checked: 0 passed
04.08.2014 18:25:54,175 - INFO  - Watchdog has been checked: 0 passed
04.08.2014 18:27:54,130 - INFO  - Watchdog has been checked: 0 passed
04.08.2014 18:29:53,201 - INFO  - Watchdog has been checked: 0 passed
04.08.2014 18:31:53,315 - INFO  - Watchdog has been checked: 0 passed
04.08.2014 18:33:53,170 - INFO  - Watchdog has been checked: 0 passed
04.08.2014 18:35:55,405 - INFO  - Watchdog has been checked: 0 passed
04.08.2014 18:37:55,191 - INFO  - Watchdog has been checked: 0 passed
04.08.2014 18:39:55,263 - INFO  - Watchdog has been checked: 0 passed
04.08.2014 18:41:55,073 - INFO  - Watchdog has been checked: 0 passed
04.08.2014 18:43:55,189 - INFO  - Watchdog has been checked: 0 passed
04.08.2014 18:45:57,388 - INFO  - Watchdog has been checked: 0 passed
04.08.2014 18:47:57,178 - INFO  - Watchdog has been checked: 0 passed
04.08.2014 18:49:57,280 - INFO  - Watchdog has been checked: 0 passed
04.08.2014 18:51:57,228 - INFO  - Watchdog has been checked: 0 passed
04.08.2014 18:53:57,245 - INFO  - Watchdog has been checked: 0 passed
04.08.2014 18:55:57,162 - INFO  - Watchdog has been checked: 0 passed
04.08.2014 18:57:57,195 - INFO  - Watchdog has been checked: 0 passed
04.08.2014 18:59:57,160 - INFO  - Watchdog has been checked: 0 passed
04.08.2014 19:01:57,151 - INFO  - Watchdog has been checked: 0 passed
04.08.2014 19:03:57,261 - INFO  - Watchdog has been checked: 0 passed
04.08.2014 19:05:57,102 - INFO  - Watchdog has been checked: 0 passed
04.08.2014 19:07:57,086 - INFO  - Watchdog has been checked: 0 passed
04.08.2014 19:09:57,351 - INFO  - Watchdog has been checked: 0 passed
04.08.2014 19:11:57,455 - INFO  - Watchdog has been checked: 0 passed
04.08.2014 19:13:57,193 - INFO  - Watchdog has been checked: 0 passed
04.08.2014 19:15:57,096 - INFO  - Watchdog has been checked: 0 passed
04.08.2014 19:17:57,053 - INFO  - Watchdog has been checked: 0 passed
04.08.2014 19:19:57,256 - INFO  - Watchdog has been checked: 0 passed
04.08.2014 19:21:57,141 - INFO  - Watchdog has been checked: 0 passed
04.08.2014 19:23:57,085 - INFO  - Watchdog has been checked: 0 passed
04.08.2014 19:25:57,098 - INFO  - Watchdog has been checked: 0 passed
04.08.2014 19:27:57,073 - INFO  - Watchdog has been checked: 0 passed
04.08.2014 19:29:56,262 - INFO  - Watchdog has been checked: 0 passed
04.08.2014 19:31:56,154 - INFO  - Watchdog has been checked: 0 passed
04.08.2014 19:33:56,102 - INFO  - Watchdog has been checked: 0 passed
04.08.2014 19:35:55,319 - INFO  - Watchdog has been checked: 0 passed
04.08.2014 19:37:55,283 - INFO  - Watchdog has been checked: 0 passed
04.08.2014 19:39:55,289 - INFO  - Watchdog has been checked: 0 passed
04.08.2014 19:41:55,150 - INFO  - Watchdog has been checked: 0 passed
04.08.2014 19:43:55,274 - INFO  - Watchdog has been checked: 0 passed
04.08.2014 19:45:55,233 - INFO  - Watchdog has been checked: 0 passed
04.08.2014 19:47:57,331 - INFO  - Watchdog has been checked: 0 passed
04.08.2014 19:49:57,146 - INFO  - Watchdog has been checked: 0 passed
04.08.2014 19:51:57,265 - INFO  - Watchdog has been checked: 0 passed
04.08.2014 19:53:57,236 - INFO  - Watchdog has been checked: 0 passed
04.08.2014 19:55:57,224 - INFO  - Watchdog has been checked: 0 passed
04.08.2014 19:57:57,337 - INFO  - Watchdog has been checked: 0 passed
04.08.2014 19:59:57,383 - INFO  - Watchdog has been checked: 0 passed
04.08.2014 20:01:57,318 - INFO  - Watchdog has been checked: 0 passed
04.08.2014 20:03:57,124 - INFO  - Watchdog has been checked: 0 passed
04.08.2014 20:05:57,126 - INFO  - Watchdog has been checked: 0 passed
04.08.2014 20:07:57,310 - INFO  - Watchdog has been checked: 0 passed
04.08.2014 20:09:57,323 - INFO  - Watchdog has been checked: 0 passed
04.08.2014 20:11:57,239 - INFO  - Watchdog has been checked: 0 passed
04.08.2014 20:13:57,346 - INFO  - Watchdog has been checked: 0 passed
04.08.2014 20:15:57,168 - INFO  - Watchdog has been checked: 0 passed
04.08.2014 20:17:56,314 - INFO  - Watchdog has been checked: 0 passed
04.08.2014 20:19:56,272 - INFO  - Watchdog has been checked: 0 passed
04.08.2014 20:21:56,263 - INFO  - Watchdog has been checked: 0 passed
04.08.2014 20:23:55,338 - INFO  - Watchdog has been checked: 0 passed
04.08.2014 20:25:55,136 - INFO  - Watchdog has been checked: 0 passed
04.08.2014 20:27:54,299 - INFO  - Watchdog has been checked: 0 passed
04.08.2014 20:29:54,322 - INFO  - Watchdog has been checked: 0 passed
04.08.2014 20:31:54,300 - INFO  - Watchdog has been checked: 0 passed
04.08.2014 20:33:54,017 - INFO  - Watchdog has been checked: 0 passed
04.08.2014 20:35:53,072 - INFO  - Watchdog has been checked: 0 passed
04.08.2014 20:37:53,310 - INFO  - Watchdog has been checked: 0 passed
04.08.2014 20:39:55,523 - INFO  - Watchdog has been checked: 0 passed
04.08.2014 20:41:55,252 - INFO  - Watchdog has been checked: 0 passed
04.08.2014 20:43:55,293 - INFO  - Watchdog has been checked: 0 passed
04.08.2014 20:45:55,131 - INFO  - Watchdog has been checked: 0 passed
04.08.2014 20:47:55,306 - INFO  - Watchdog has been checked: 0 passed
04.08.2014 20:49:57,207 - INFO  - Watchdog has been checked: 0 passed
04.08.2014 20:51:57,268 - INFO  - Watchdog has been checked: 0 passed
04.08.2014 20:53:57,276 - INFO  - Watchdog has been checked: 0 passed
04.08.2014 20:55:57,083 - INFO  - Watchdog has been checked: 0 passed
04.08.2014 20:57:57,297 - INFO  - Watchdog has been checked: 0 passed
04.08.2014 20:59:57,155 - INFO  - Watchdog has been checked: 0 passed
04.08.2014 21:01:57,242 - INFO  - Watchdog has been checked: 0 passed
04.08.2014 21:03:57,282 - INFO  - Watchdog has been checked: 0 passed
04.08.2014 21:05:57,317 - INFO  - Watchdog has been checked: 0 passed
04.08.2014 21:07:57,235 - INFO  - Watchdog has been checked: 0 passed
04.08.2014 21:09:57,370 - INFO  - Watchdog has been checked: 0 passed
04.08.2014 21:11:57,143 - INFO  - Watchdog has been checked: 0 passed
04.08.2014 21:13:57,198 - INFO  - Watchdog has been checked: 0 passed
04.08.2014 21:15:57,220 - INFO  - Watchdog has been checked: 0 passed
04.08.2014 21:17:57,198 - INFO  - Watchdog has been checked: 0 passed
04.08.2014 21:19:57,318 - INFO  - Watchdog has been checked: 0 passed
04.08.2014 21:21:57,332 - INFO  - Watchdog has been checked: 0 passed
04.08.2014 21:23:57,112 - INFO  - Watchdog has been checked: 0 passed
04.08.2014 21:25:56,329 - INFO  - Watchdog has been checked: 0 passed
04.08.2014 21:27:56,392 - INFO  - Watchdog has been checked: 0 passed
04.08.2014 21:29:56,295 - INFO  - Watchdog has been checked: 0 passed
04.08.2014 21:31:56,303 - INFO  - Watchdog has been checked: 0 passed
04.08.2014 21:33:56,410 - INFO  - Watchdog has been checked: 0 passed
04.08.2014 21:35:56,320 - INFO  - Watchdog has been checked: 0 passed
04.08.2014 21:37:56,355 - INFO  - Watchdog has been checked: 0 passed
04.08.2014 21:39:56,278 - INFO  - Watchdog has been checked: 0 passed
04.08.2014 21:41:56,562 - INFO  - Watchdog has been checked: 0 passed
04.08.2014 21:43:56,290 - INFO  - Watchdog has been checked: 0 passed
04.08.2014 21:45:56,226 - INFO  - Watchdog has been checked: 0 passed
04.08.2014 21:47:55,193 - INFO  - Watchdog has been checked: 0 passed
04.08.2014 21:49:54,143 - INFO  - Watchdog has been checked: 0 passed
04.08.2014 21:51:57,492 - INFO  - Watchdog has been checked: 0 passed
04.08.2014 21:53:57,235 - INFO  - Watchdog has been checked: 0 passed
04.08.2014 21:55:57,171 - INFO  - Watchdog has been checked: 0 passed
04.08.2014 21:57:57,157 - INFO  - Watchdog has been checked: 0 passed
04.08.2014 21:59:57,104 - INFO  - Watchdog has been checked: 0 passed
04.08.2014 22:01:57,014 - INFO  - Watchdog has been checked: 0 passed
04.08.2014 22:03:56,162 - INFO  - Watchdog has been checked: 0 passed
04.08.2014 22:05:56,153 - INFO  - Watchdog has been checked: 0 passed
04.08.2014 22:07:56,084 - INFO  - Watchdog has been checked: 0 passed
04.08.2014 22:09:56,014 - INFO  - Watchdog has been checked: 0 passed
04.08.2014 22:11:55,212 - INFO  - Watchdog has been checked: 0 passed
04.08.2014 22:13:55,042 - INFO  - Watchdog has been checked: 0 passed
04.08.2014 22:15:55,110 - INFO  - Watchdog has been checked: 0 passed
04.08.2014 22:17:57,231 - INFO  - Watchdog has been checked: 0 passed
04.08.2014 22:19:56,991 - INFO  - Watchdog has been checked: 0 passed
04.08.2014 22:21:56,191 - INFO  - Watchdog has been checked: 0 passed
04.08.2014 22:23:56,056 - INFO  - Watchdog has been checked: 0 passed
04.08.2014 22:25:55,138 - INFO  - Watchdog has been checked: 0 passed
04.08.2014 22:27:55,230 - INFO  - Watchdog has been checked: 0 passed
04.08.2014 22:29:55,267 - INFO  - Watchdog has been checked: 0 passed
04.08.2014 22:31:55,217 - INFO  - Watchdog has been checked: 0 passed
04.08.2014 22:33:55,119 - INFO  - Watchdog has been checked: 0 passed
04.08.2014 22:35:54,112 - INFO  - Watchdog has been checked: 0 passed
04.08.2014 22:37:53,285 - INFO  - Watchdog has been checked: 0 passed
04.08.2014 22:39:53,302 - INFO  - Watchdog has been checked: 0 passed
04.08.2014 22:41:53,263 - INFO  - Watchdog has been checked: 0 passed
04.08.2014 22:43:55,673 - INFO  - Watchdog has been checked: 0 passed
04.08.2014 22:45:55,153 - INFO  - Watchdog has been checked: 0 passed
04.08.2014 22:47:55,306 - INFO  - Watchdog has been checked: 0 passed
04.08.2014 22:49:55,280 - INFO  - Watchdog has been checked: 0 passed
04.08.2014 22:51:55,263 - INFO  - Watchdog has been checked: 0 passed
04.08.2014 22:53:57,501 - INFO  - Watchdog has been checked: 0 passed
04.08.2014 22:55:57,356 - INFO  - Watchdog has been checked: 0 passed
04.08.2014 22:57:57,266 - INFO  - Watchdog has been checked: 0 passed
04.08.2014 22:59:57,239 - INFO  - Watchdog has been checked: 0 passed
04.08.2014 23:01:57,298 - INFO  - Watchdog has been checked: 0 passed
04.08.2014 23:03:57,271 - INFO  - Watchdog has been checked: 0 passed
04.08.2014 23:05:57,306 - INFO  - Watchdog has been checked: 0 passed
04.08.2014 23:07:57,306 - INFO  - Watchdog has been checked: 0 passed
04.08.2014 23:09:57,278 - INFO  - Watchdog has been checked: 0 passed
04.08.2014 23:11:57,322 - INFO  - Watchdog has been checked: 0 passed
04.08.2014 23:13:57,280 - INFO  - Watchdog has been checked: 0 passed
04.08.2014 23:15:57,303 - INFO  - Watchdog has been checked: 0 passed
04.08.2014 23:17:57,216 - INFO  - Watchdog has been checked: 0 passed
04.08.2014 23:19:57,122 - INFO  - Watchdog has been checked: 0 passed
04.08.2014 23:21:57,160 - INFO  - Watchdog has been checked: 0 passed
04.08.2014 23:23:57,293 - INFO  - Watchdog has been checked: 0 passed
04.08.2014 23:25:57,029 - INFO  - Watchdog has been checked: 0 passed
04.08.2014 23:27:57,278 - INFO  - Watchdog has been checked: 0 passed
04.08.2014 23:29:57,145 - INFO  - Watchdog has been checked: 0 passed
04.08.2014 23:31:56,978 - INFO  - Watchdog has been checked: 0 passed
04.08.2014 23:33:56,020 - INFO  - Watchdog has been checked: 0 passed
04.08.2014 23:35:55,037 - INFO  - Watchdog has been checked: 0 passed
04.08.2014 23:37:53,984 - INFO  - Watchdog has been checked: 0 passed
04.08.2014 23:39:53,134 - INFO  - Watchdog has been checked: 0 passed
04.08.2014 23:41:53,177 - INFO  - Watchdog has been checked: 0 passed
04.08.2014 23:43:53,212 - INFO  - Watchdog has been checked: 0 passed
04.08.2014 23:45:55,797 - INFO  - Watchdog has been checked: 0 passed
04.08.2014 23:47:55,049 - INFO  - Watchdog has been checked: 0 passed
04.08.2014 23:49:54,220 - INFO  - Watchdog has been checked: 0 passed
04.08.2014 23:51:54,022 - INFO  - Watchdog has been checked: 0 passed
04.08.2014 23:53:53,086 - INFO  - Watchdog has been checked: 0 passed
04.08.2014 23:55:57,105 - INFO  - Watchdog has been checked: 0 passed
04.08.2014 23:57:57,139 - INFO  - Watchdog has been checked: 0 passed
04.08.2014 23:59:57,297 - INFO  - Watchdog has been checked: 0 passed
