12.06.2014 00:01:50,143 - INFO  - Watchdog has been checked: 0 passed
12.06.2014 00:03:49,373 - INFO  - Watchdog has been checked: 0 passed
12.06.2014 00:05:49,179 - INFO  - Watchdog has been checked: 0 passed
12.06.2014 00:07:49,207 - INFO  - Watchdog has been checked: 0 passed
12.06.2014 00:09:49,341 - INFO  - Watchdog has been checked: 0 passed
12.06.2014 00:11:49,381 - INFO  - Watchdog has been checked: 0 passed
12.06.2014 00:13:49,396 - INFO  - Watchdog has been checked: 0 passed
12.06.2014 00:15:49,308 - INFO  - Watchdog has been checked: 0 passed
12.06.2014 00:17:49,329 - INFO  - Watchdog has been checked: 0 passed
12.06.2014 00:19:49,423 - INFO  - Watchdog has been checked: 0 passed
12.06.2014 00:21:49,470 - INFO  - Watchdog has been checked: 0 passed
12.06.2014 00:23:49,433 - INFO  - Watchdog has been checked: 0 passed
12.06.2014 00:25:49,293 - INFO  - Watchdog has been checked: 0 passed
12.06.2014 00:27:49,282 - INFO  - Watchdog has been checked: 0 passed
12.06.2014 00:29:49,393 - INFO  - Watchdog has been checked: 0 passed
12.06.2014 00:31:49,448 - INFO  - Watchdog has been checked: 0 passed
12.06.2014 00:33:49,437 - INFO  - Watchdog has been checked: 0 passed
12.06.2014 00:35:50,659 - INFO  - Watchdog has been checked: 0 passed
12.06.2014 00:37:50,348 - INFO  - Watchdog has been checked: 0 passed
12.06.2014 00:39:50,218 - INFO  - Watchdog has been checked: 0 passed
12.06.2014 00:41:50,272 - INFO  - Watchdog has been checked: 0 passed
12.06.2014 00:43:50,262 - INFO  - Watchdog has been checked: 0 passed
12.06.2014 00:45:50,103 - INFO  - Watchdog has been checked: 0 passed
12.06.2014 00:47:50,261 - INFO  - Watchdog has been checked: 0 passed
12.06.2014 00:49:50,134 - INFO  - Watchdog has been checked: 0 passed
12.06.2014 00:51:50,169 - INFO  - Watchdog has been checked: 0 passed
12.06.2014 00:53:50,143 - INFO  - Watchdog has been checked: 0 passed
12.06.2014 00:55:50,255 - INFO  - Watchdog has been checked: 0 passed
12.06.2014 00:57:50,289 - INFO  - Watchdog has been checked: 0 passed
12.06.2014 00:59:50,163 - INFO  - Watchdog has been checked: 0 passed
12.06.2014 01:01:50,155 - INFO  - Watchdog has been checked: 0 passed
12.06.2014 01:03:50,071 - INFO  - Watchdog has been checked: 0 passed
12.06.2014 01:05:50,220 - INFO  - Watchdog has been checked: 0 passed
12.06.2014 01:07:50,237 - INFO  - Watchdog has been checked: 0 passed
12.06.2014 01:09:50,125 - INFO  - Watchdog has been checked: 0 passed
12.06.2014 01:11:50,200 - INFO  - Watchdog has been checked: 0 passed
12.06.2014 01:13:50,179 - INFO  - Watchdog has been checked: 0 passed
12.06.2014 01:15:50,229 - INFO  - Watchdog has been checked: 0 passed
12.06.2014 01:17:50,289 - INFO  - Watchdog has been checked: 0 passed
12.06.2014 01:19:50,103 - INFO  - Watchdog has been checked: 0 passed
12.06.2014 01:21:49,108 - INFO  - Watchdog has been checked: 0 passed
12.06.2014 01:23:48,118 - INFO  - Watchdog has been checked: 0 passed
12.06.2014 01:25:48,216 - INFO  - Watchdog has been checked: 0 passed
12.06.2014 01:27:48,253 - INFO  - Watchdog has been checked: 0 passed
12.06.2014 01:29:48,018 - INFO  - Watchdog has been checked: 0 passed
12.06.2014 01:31:47,378 - INFO  - Watchdog has been checked: 0 passed
12.06.2014 01:33:47,368 - INFO  - Watchdog has been checked: 0 passed
12.06.2014 01:35:47,262 - INFO  - Watchdog has been checked: 0 passed
12.06.2014 01:37:49,638 - INFO  - Watchdog has been checked: 0 passed
12.06.2014 01:39:49,147 - INFO  - Watchdog has been checked: 0 passed
12.06.2014 01:41:49,137 - INFO  - Watchdog has been checked: 0 passed
12.06.2014 01:43:49,251 - INFO  - Watchdog has been checked: 0 passed
12.06.2014 01:45:49,199 - INFO  - Watchdog has been checked: 0 passed
12.06.2014 01:47:49,271 - INFO  - Watchdog has been checked: 0 passed
12.06.2014 01:49:49,164 - INFO  - Watchdog has been checked: 0 passed
12.06.2014 01:51:49,155 - INFO  - Watchdog has been checked: 0 passed
12.06.2014 01:53:49,144 - INFO  - Watchdog has been checked: 0 passed
12.06.2014 01:55:49,224 - INFO  - Watchdog has been checked: 0 passed
12.06.2014 01:57:49,194 - INFO  - Watchdog has been checked: 0 passed
12.06.2014 01:59:49,079 - INFO  - Watchdog has been checked: 0 passed
12.06.2014 02:01:48,086 - INFO  - Watchdog has been checked: 0 passed
12.06.2014 02:03:48,156 - INFO  - Watchdog has been checked: 0 passed
12.06.2014 02:05:48,028 - INFO  - Watchdog has been checked: 0 passed
12.06.2014 02:07:47,257 - INFO  - Watchdog has been checked: 0 passed
12.06.2014 02:09:47,142 - INFO  - Watchdog has been checked: 0 passed
12.06.2014 02:11:47,184 - INFO  - Watchdog has been checked: 0 passed
12.06.2014 02:13:47,103 - INFO  - Watchdog has been checked: 0 passed
12.06.2014 02:15:47,225 - INFO  - Watchdog has been checked: 0 passed
12.06.2014 02:17:47,224 - INFO  - Watchdog has been checked: 0 passed
12.06.2014 02:19:47,117 - INFO  - Watchdog has been checked: 0 passed
12.06.2014 02:21:47,290 - INFO  - Watchdog has been checked: 0 passed
12.06.2014 02:23:47,089 - INFO  - Watchdog has been checked: 0 passed
12.06.2014 02:25:47,267 - INFO  - Watchdog has been checked: 0 passed
12.06.2014 02:27:47,295 - INFO  - Watchdog has been checked: 0 passed
12.06.2014 02:29:47,174 - INFO  - Watchdog has been checked: 0 passed
12.06.2014 02:31:47,191 - INFO  - Watchdog has been checked: 0 passed
12.06.2014 02:33:47,142 - INFO  - Watchdog has been checked: 0 passed
12.06.2014 02:35:47,353 - INFO  - Watchdog has been checked: 0 passed
12.06.2014 02:37:47,299 - INFO  - Watchdog has been checked: 0 passed
12.06.2014 02:39:48,729 - INFO  - Watchdog has been checked: 0 passed
12.06.2014 02:41:48,238 - INFO  - Watchdog has been checked: 0 passed
12.06.2014 02:43:48,186 - INFO  - Watchdog has been checked: 0 passed
12.06.2014 02:45:48,337 - INFO  - Watchdog has been checked: 0 passed
12.06.2014 02:47:48,356 - INFO  - Watchdog has been checked: 0 passed
12.06.2014 02:49:48,189 - INFO  - Watchdog has been checked: 0 passed
12.06.2014 02:51:48,258 - INFO  - Watchdog has been checked: 0 passed
12.06.2014 02:53:48,242 - INFO  - Watchdog has been checked: 0 passed
12.06.2014 02:55:48,365 - INFO  - Watchdog has been checked: 0 passed
12.06.2014 02:57:48,347 - INFO  - Watchdog has been checked: 0 passed
12.06.2014 02:59:48,264 - INFO  - Watchdog has been checked: 0 passed
12.06.2014 03:01:49,645 - INFO  - Watchdog has been checked: 0 passed
12.06.2014 03:03:49,249 - INFO  - Watchdog has been checked: 0 passed
12.06.2014 03:05:49,086 - INFO  - Watchdog has been checked: 0 passed
12.06.2014 03:07:49,043 - INFO  - Watchdog has been checked: 0 passed
12.06.2014 03:09:48,248 - INFO  - Watchdog has been checked: 0 passed
12.06.2014 03:11:48,254 - INFO  - Watchdog has been checked: 0 passed
12.06.2014 03:13:48,063 - INFO  - Watchdog has been checked: 0 passed
12.06.2014 03:15:48,112 - INFO  - Watchdog has been checked: 0 passed
12.06.2014 03:17:48,195 - INFO  - Watchdog has been checked: 0 passed
12.06.2014 03:19:48,057 - INFO  - Watchdog has been checked: 0 passed
12.06.2014 03:21:48,036 - INFO  - Watchdog has been checked: 0 passed
12.06.2014 03:23:48,107 - INFO  - Watchdog has been checked: 0 passed
12.06.2014 03:25:48,216 - INFO  - Watchdog has been checked: 0 passed
12.06.2014 03:27:48,184 - INFO  - Watchdog has been checked: 0 passed
12.06.2014 03:29:48,113 - INFO  - Watchdog has been checked: 0 passed
12.06.2014 03:31:48,225 - INFO  - Watchdog has been checked: 0 passed
12.06.2014 03:33:48,099 - INFO  - Watchdog has been checked: 0 passed
12.06.2014 03:35:48,186 - INFO  - Watchdog has been checked: 0 passed
12.06.2014 03:37:48,209 - INFO  - Watchdog has been checked: 0 passed
12.06.2014 03:39:48,121 - INFO  - Watchdog has been checked: 0 passed
12.06.2014 03:41:50,588 - INFO  - Watchdog has been checked: 0 passed
12.06.2014 03:43:50,157 - INFO  - Watchdog has been checked: 0 passed
12.06.2014 03:45:50,318 - INFO  - Watchdog has been checked: 0 passed
12.06.2014 03:47:50,154 - INFO  - Watchdog has been checked: 0 passed
12.06.2014 03:49:50,312 - INFO  - Watchdog has been checked: 0 passed
12.06.2014 03:51:50,255 - INFO  - Watchdog has been checked: 0 passed
12.06.2014 03:53:50,248 - INFO  - Watchdog has been checked: 0 passed
12.06.2014 03:55:50,120 - INFO  - Watchdog has been checked: 0 passed
12.06.2014 03:57:50,131 - INFO  - Watchdog has been checked: 0 passed
12.06.2014 03:59:49,241 - INFO  - Watchdog has been checked: 0 passed
12.06.2014 04:01:49,231 - INFO  - Watchdog has been checked: 0 passed
12.06.2014 04:03:50,487 - INFO  - Watchdog has been checked: 0 passed
12.06.2014 04:05:50,287 - INFO  - Watchdog has been checked: 0 passed
12.06.2014 04:07:50,283 - INFO  - Watchdog has been checked: 0 passed
12.06.2014 04:09:50,179 - INFO  - Watchdog has been checked: 0 passed
12.06.2014 04:11:50,270 - INFO  - Watchdog has been checked: 0 passed
12.06.2014 04:13:50,264 - INFO  - Watchdog has been checked: 0 passed
12.06.2014 04:15:50,161 - INFO  - Watchdog has been checked: 0 passed
12.06.2014 04:17:50,204 - INFO  - Watchdog has been checked: 0 passed
12.06.2014 04:19:50,263 - INFO  - Watchdog has been checked: 0 passed
12.06.2014 04:21:50,208 - INFO  - Watchdog has been checked: 0 passed
12.06.2014 04:23:50,136 - INFO  - Watchdog has been checked: 0 passed
12.06.2014 04:25:50,006 - INFO  - Watchdog has been checked: 0 passed
12.06.2014 04:27:48,974 - INFO  - Watchdog has been checked: 0 passed
12.06.2014 04:29:48,083 - INFO  - Watchdog has been checked: 0 passed
12.06.2014 04:31:47,914 - INFO  - Watchdog has been checked: 0 passed
12.06.2014 04:33:47,085 - INFO  - Watchdog has been checked: 0 passed
12.06.2014 04:35:47,000 - INFO  - Watchdog has been checked: 0 passed
12.06.2014 04:37:45,956 - INFO  - Watchdog has been checked: 0 passed
12.06.2014 04:39:45,081 - INFO  - Watchdog has been checked: 0 passed
12.06.2014 04:41:45,098 - INFO  - Watchdog has been checked: 0 passed
12.06.2014 04:43:45,263 - INFO  - Watchdog has been checked: 0 passed
12.06.2014 04:45:45,041 - INFO  - Watchdog has been checked: 0 passed
12.06.2014 04:47:44,143 - INFO  - Watchdog has been checked: 0 passed
12.06.2014 04:49:44,154 - INFO  - Watchdog has been checked: 0 passed
12.06.2014 04:51:44,157 - INFO  - Watchdog has been checked: 0 passed
12.06.2014 04:53:44,197 - INFO  - Watchdog has been checked: 0 passed
12.06.2014 04:55:44,266 - INFO  - Watchdog has been checked: 0 passed
12.06.2014 04:57:44,152 - INFO  - Watchdog has been checked: 0 passed
12.06.2014 04:59:44,281 - INFO  - Watchdog has been checked: 0 passed
12.06.2014 05:01:44,329 - INFO  - Watchdog has been checked: 0 passed
12.06.2014 05:03:44,286 - INFO  - Watchdog has been checked: 0 passed
12.06.2014 05:05:44,399 - INFO  - Watchdog has been checked: 0 passed
12.06.2014 05:07:44,190 - INFO  - Watchdog has been checked: 0 passed
12.06.2014 05:09:44,275 - INFO  - Watchdog has been checked: 0 passed
12.06.2014 05:11:44,358 - INFO  - Watchdog has been checked: 0 passed
12.06.2014 05:13:44,379 - INFO  - Watchdog has been checked: 0 passed
12.06.2014 05:15:44,225 - INFO  - Watchdog has been checked: 0 passed
12.06.2014 05:17:44,265 - INFO  - Watchdog has been checked: 0 passed
12.06.2014 05:19:44,359 - INFO  - Watchdog has been checked: 0 passed
12.06.2014 05:21:44,422 - INFO  - Watchdog has been checked: 0 passed
12.06.2014 05:23:44,392 - INFO  - Watchdog has been checked: 0 passed
12.06.2014 05:25:44,477 - INFO  - Watchdog has been checked: 0 passed
12.06.2014 05:27:44,271 - INFO  - Watchdog has been checked: 0 passed
12.06.2014 05:29:44,348 - INFO  - Watchdog has been checked: 0 passed
12.06.2014 05:31:44,352 - INFO  - Watchdog has been checked: 0 passed
12.06.2014 05:33:44,334 - INFO  - Watchdog has been checked: 0 passed
12.06.2014 05:35:44,224 - INFO  - Watchdog has been checked: 0 passed
12.06.2014 05:37:44,206 - INFO  - Watchdog has been checked: 0 passed
12.06.2014 05:39:44,028 - INFO  - Watchdog has been checked: 0 passed
12.06.2014 05:41:44,023 - INFO  - Watchdog has been checked: 0 passed
12.06.2014 05:43:43,026 - INFO  - Watchdog has been checked: 0 passed
12.06.2014 05:45:42,095 - INFO  - Watchdog has been checked: 0 passed
12.06.2014 05:47:42,092 - INFO  - Watchdog has been checked: 0 passed
12.06.2014 05:49:40,999 - INFO  - Watchdog has been checked: 0 passed
12.06.2014 05:51:39,974 - INFO  - Watchdog has been checked: 0 passed
12.06.2014 05:53:39,049 - INFO  - Watchdog has been checked: 0 passed
12.06.2014 05:55:38,102 - INFO  - Watchdog has been checked: 0 passed
12.06.2014 05:57:38,125 - INFO  - Watchdog has been checked: 0 passed
12.06.2014 05:59:38,047 - INFO  - Watchdog has been checked: 0 passed
12.06.2014 06:01:37,578 - INFO  - Watchdog has been checked: 0 passed
12.06.2014 06:03:37,064 - INFO  - Watchdog has been checked: 0 passed
12.06.2014 06:05:36,144 - INFO  - Watchdog has been checked: 0 passed
12.06.2014 06:07:36,157 - INFO  - Watchdog has been checked: 0 passed
12.06.2014 06:09:36,138 - INFO  - Watchdog has been checked: 0 passed
12.06.2014 06:11:35,382 - INFO  - Watchdog has been checked: 0 passed
12.06.2014 06:13:35,161 - INFO  - Watchdog has been checked: 0 passed
12.06.2014 06:15:01,286 - INFO  - mapping file sync started
12.06.2014 06:15:01,849 - INFO  - file successfully updated
12.06.2014 06:15:35,301 - INFO  - Watchdog has been checked: 0 passed
12.06.2014 06:17:35,229 - INFO  - Watchdog has been checked: 0 passed
12.06.2014 06:19:35,180 - INFO  - Watchdog has been checked: 0 passed
12.06.2014 06:21:35,182 - INFO  - Watchdog has been checked: 0 passed
12.06.2014 06:23:35,184 - INFO  - Watchdog has been checked: 0 passed
12.06.2014 06:25:35,293 - INFO  - Watchdog has been checked: 0 passed
12.06.2014 06:27:35,281 - INFO  - Watchdog has been checked: 0 passed
12.06.2014 06:29:35,192 - INFO  - Watchdog has been checked: 0 passed
12.06.2014 06:31:35,162 - INFO  - Watchdog has been checked: 0 passed
12.06.2014 06:33:35,117 - INFO  - Watchdog has been checked: 0 passed
12.06.2014 06:35:35,217 - INFO  - Watchdog has been checked: 0 passed
12.06.2014 06:37:35,223 - INFO  - Watchdog has been checked: 0 passed
12.06.2014 06:39:35,167 - INFO  - Watchdog has been checked: 0 passed
12.06.2014 06:41:35,157 - INFO  - Watchdog has been checked: 0 passed
12.06.2014 06:43:35,105 - INFO  - Watchdog has been checked: 0 passed
12.06.2014 06:45:35,274 - INFO  - Watchdog has been checked: 0 passed
12.06.2014 06:47:35,235 - INFO  - Watchdog has been checked: 0 passed
12.06.2014 06:49:35,167 - INFO  - Watchdog has been checked: 0 passed
12.06.2014 06:51:35,161 - INFO  - Watchdog has been checked: 0 passed
12.06.2014 06:53:35,131 - INFO  - Watchdog has been checked: 0 passed
12.06.2014 06:55:35,221 - INFO  - Watchdog has been checked: 0 passed
12.06.2014 06:57:35,183 - INFO  - Watchdog has been checked: 0 passed
12.06.2014 06:59:35,112 - INFO  - Watchdog has been checked: 0 passed
12.06.2014 07:01:35,123 - INFO  - Watchdog has been checked: 0 passed
12.06.2014 07:03:35,093 - INFO  - Watchdog has been checked: 0 passed
12.06.2014 07:05:35,211 - INFO  - Watchdog has been checked: 0 passed
12.06.2014 07:07:35,171 - INFO  - Watchdog has been checked: 0 passed
12.06.2014 07:09:35,123 - INFO  - Watchdog has been checked: 0 passed
12.06.2014 07:11:35,217 - INFO  - Watchdog has been checked: 0 passed
12.06.2014 07:13:35,178 - INFO  - Watchdog has been checked: 0 passed
12.06.2014 07:15:01,219 - INFO  - mapping file sync started
12.06.2014 07:15:01,691 - INFO  - file successfully updated
12.06.2014 07:15:35,330 - INFO  - Watchdog has been checked: 0 passed
12.06.2014 07:17:35,299 - INFO  - Watchdog has been checked: 0 passed
12.06.2014 07:19:35,176 - INFO  - Watchdog has been checked: 0 passed
12.06.2014 07:21:35,223 - INFO  - Watchdog has been checked: 0 passed
12.06.2014 07:23:35,182 - INFO  - Watchdog has been checked: 0 passed
12.06.2014 07:25:35,322 - INFO  - Watchdog has been checked: 0 passed
12.06.2014 07:27:35,297 - INFO  - Watchdog has been checked: 0 passed
12.06.2014 07:29:35,217 - INFO  - Watchdog has been checked: 0 passed
12.06.2014 07:31:35,246 - INFO  - Watchdog has been checked: 0 passed
12.06.2014 07:33:35,197 - INFO  - Watchdog has been checked: 0 passed
12.06.2014 07:35:35,300 - INFO  - Watchdog has been checked: 0 passed
12.06.2014 07:37:35,304 - INFO  - Watchdog has been checked: 0 passed
12.06.2014 07:39:35,213 - INFO  - Watchdog has been checked: 0 passed
12.06.2014 07:41:35,280 - INFO  - Watchdog has been checked: 0 passed
12.06.2014 07:43:35,243 - INFO  - Watchdog has been checked: 0 passed
12.06.2014 07:45:35,385 - INFO  - Watchdog has been checked: 0 passed
12.06.2014 07:47:35,400 - INFO  - Watchdog has been checked: 0 passed
12.06.2014 07:49:35,280 - INFO  - Watchdog has been checked: 0 passed
12.06.2014 07:51:35,317 - INFO  - Watchdog has been checked: 0 passed
12.06.2014 07:53:35,303 - INFO  - Watchdog has been checked: 0 passed
12.06.2014 07:55:35,160 - INFO  - Watchdog has been checked: 0 passed
12.06.2014 07:57:35,148 - INFO  - Watchdog has been checked: 0 passed
12.06.2014 07:59:35,308 - INFO  - Watchdog has been checked: 0 passed
12.06.2014 08:01:35,302 - INFO  - Watchdog has been checked: 0 passed
12.06.2014 08:03:35,283 - INFO  - Watchdog has been checked: 0 passed
12.06.2014 08:05:35,143 - INFO  - Watchdog has been checked: 0 passed
12.06.2014 08:07:35,134 - INFO  - Watchdog has been checked: 0 passed
12.06.2014 08:09:35,290 - INFO  - Watchdog has been checked: 0 passed
12.06.2014 08:11:35,276 - INFO  - Watchdog has been checked: 0 passed
12.06.2014 08:13:35,095 - INFO  - Watchdog has been checked: 0 passed
12.06.2014 08:15:34,144 - INFO  - Watchdog has been checked: 0 passed
12.06.2014 08:17:34,155 - INFO  - Watchdog has been checked: 0 passed
12.06.2014 08:19:33,296 - INFO  - Watchdog has been checked: 0 passed
12.06.2014 08:21:33,294 - INFO  - Watchdog has been checked: 0 passed
12.06.2014 08:22:37,936 - INFO  - searcher identified --- respT: 54ms, 67481 results, q=, 
12.06.2014 08:23:02,111 - INFO  - searcher identified --- respT: 32ms, 47 results, q=om schnittstelle, 
12.06.2014 08:23:33,290 - INFO  - Watchdog has been checked: 0 passed
12.06.2014 08:25:33,146 - INFO  - Watchdog has been checked: 0 passed
12.06.2014 08:27:33,147 - INFO  - Watchdog has been checked: 0 passed
12.06.2014 08:29:32,306 - INFO  - Watchdog has been checked: 0 passed
12.06.2014 08:31:32,144 - INFO  - Watchdog has been checked: 0 passed
12.06.2014 08:33:31,142 - INFO  - Watchdog has been checked: 0 passed
12.06.2014 08:35:31,214 - INFO  - Watchdog has been checked: 0 passed
12.06.2014 08:37:31,180 - INFO  - Watchdog has been checked: 0 passed
12.06.2014 08:39:31,140 - INFO  - Watchdog has been checked: 0 passed
12.06.2014 08:41:31,342 - INFO  - Watchdog has been checked: 0 passed
12.06.2014 08:43:31,142 - INFO  - Watchdog has been checked: 0 passed
12.06.2014 08:45:31,331 - INFO  - Watchdog has been checked: 0 passed
12.06.2014 08:47:31,320 - INFO  - Watchdog has been checked: 0 passed
12.06.2014 08:49:31,289 - INFO  - Watchdog has been checked: 0 passed
12.06.2014 08:51:31,251 - INFO  - Watchdog has been checked: 0 passed
12.06.2014 08:53:31,289 - INFO  - Watchdog has been checked: 0 passed
12.06.2014 08:55:31,219 - INFO  - Watchdog has been checked: 0 passed
12.06.2014 08:57:31,377 - INFO  - Watchdog has been checked: 0 passed
12.06.2014 08:59:31,362 - INFO  - Watchdog has been checked: 0 passed
12.06.2014 09:01:31,307 - INFO  - Watchdog has been checked: 0 passed
12.06.2014 09:03:31,283 - INFO  - Watchdog has been checked: 0 passed
12.06.2014 09:05:31,168 - INFO  - Watchdog has been checked: 0 passed
12.06.2014 09:07:31,339 - INFO  - Watchdog has been checked: 0 passed
12.06.2014 09:09:31,248 - INFO  - Watchdog has been checked: 0 passed
12.06.2014 09:11:31,273 - INFO  - Watchdog has been checked: 0 passed
12.06.2014 09:13:31,264 - INFO  - Watchdog has been checked: 0 passed
12.06.2014 09:15:31,410 - INFO  - Watchdog has been checked: 0 passed
12.06.2014 09:17:31,346 - INFO  - Watchdog has been checked: 0 passed
12.06.2014 09:19:31,339 - INFO  - Watchdog has been checked: 0 passed
12.06.2014 09:21:31,284 - INFO  - Watchdog has been checked: 0 passed
12.06.2014 09:23:31,245 - INFO  - Watchdog has been checked: 0 passed
12.06.2014 09:25:31,324 - INFO  - Watchdog has been checked: 0 passed
12.06.2014 09:27:31,232 - INFO  - Watchdog has been checked: 0 passed
12.06.2014 09:29:31,161 - INFO  - Watchdog has been checked: 0 passed
12.06.2014 09:31:31,223 - INFO  - Watchdog has been checked: 0 passed
12.06.2014 09:33:31,063 - INFO  - Watchdog has been checked: 0 passed
12.06.2014 09:34:51,899 - INFO  - searcher identified --- respT: 27ms, 6 results, author:DanielLauk, q=om schnittstelle, 
12.06.2014 09:35:30,135 - INFO  - Watchdog has been checked: 0 passed
12.06.2014 09:37:29,063 - INFO  - Watchdog has been checked: 0 passed
12.06.2014 09:39:28,118 - INFO  - Watchdog has been checked: 0 passed
12.06.2014 09:41:28,041 - INFO  - Watchdog has been checked: 0 passed
12.06.2014 09:43:30,221 - INFO  - Watchdog has been checked: 0 passed
12.06.2014 09:45:30,189 - INFO  - Watchdog has been checked: 0 passed
12.06.2014 09:47:29,071 - INFO  - Watchdog has been checked: 0 passed
12.06.2014 09:49:27,939 - INFO  - Watchdog has been checked: 0 passed
12.06.2014 09:51:27,050 - INFO  - Watchdog has been checked: 0 passed
12.06.2014 09:53:25,995 - INFO  - Watchdog has been checked: 0 passed
12.06.2014 09:55:25,158 - INFO  - Watchdog has been checked: 0 passed
12.06.2014 09:57:25,176 - INFO  - Watchdog has been checked: 0 passed
12.06.2014 09:59:24,261 - INFO  - Watchdog has been checked: 0 passed
12.06.2014 10:01:24,086 - INFO  - Watchdog has been checked: 0 passed
12.06.2014 10:03:23,118 - INFO  - Watchdog has been checked: 0 passed
12.06.2014 10:05:22,254 - INFO  - Watchdog has been checked: 0 passed
12.06.2014 10:07:21,338 - INFO  - Watchdog has been checked: 0 passed
12.06.2014 10:09:21,636 - INFO  - Watchdog has been checked: 0 passed
12.06.2014 10:11:21,246 - INFO  - Watchdog has been checked: 0 passed
12.06.2014 10:13:21,218 - INFO  - Watchdog has been checked: 0 passed
12.06.2014 10:15:21,286 - INFO  - Watchdog has been checked: 0 passed
12.06.2014 10:17:21,211 - INFO  - Watchdog has been checked: 0 passed
12.06.2014 10:19:21,567 - INFO  - Watchdog has been checked: 0 passed
12.06.2014 10:21:21,367 - INFO  - Watchdog has been checked: 0 passed
12.06.2014 10:23:21,408 - INFO  - Watchdog has been checked: 0 passed
12.06.2014 10:25:21,469 - INFO  - Watchdog has been checked: 0 passed
12.06.2014 10:27:21,341 - INFO  - Watchdog has been checked: 0 passed
12.06.2014 10:29:21,621 - INFO  - Watchdog has been checked: 0 passed
12.06.2014 10:31:21,489 - INFO  - Watchdog has been checked: 0 passed
12.06.2014 10:33:21,253 - INFO  - Watchdog has been checked: 0 passed
12.06.2014 10:35:21,296 - INFO  - Watchdog has been checked: 0 passed
12.06.2014 10:37:21,312 - INFO  - Watchdog has been checked: 0 passed
12.06.2014 10:39:21,372 - INFO  - Watchdog has been checked: 0 passed
12.06.2014 10:41:21,217 - INFO  - Watchdog has been checked: 0 passed
12.06.2014 10:43:21,349 - INFO  - Watchdog has been checked: 0 passed
12.06.2014 10:45:21,209 - INFO  - Watchdog has been checked: 0 passed
12.06.2014 10:47:21,274 - INFO  - Watchdog has been checked: 0 passed
12.06.2014 10:49:21,547 - INFO  - Watchdog has been checked: 0 passed
12.06.2014 10:51:21,102 - INFO  - Watchdog has been checked: 0 passed
12.06.2014 10:53:21,093 - INFO  - Watchdog has been checked: 0 passed
12.06.2014 10:55:20,187 - INFO  - Watchdog has been checked: 0 passed
12.06.2014 10:57:20,158 - INFO  - Watchdog has been checked: 0 passed
12.06.2014 10:59:20,149 - INFO  - Watchdog has been checked: 0 passed
12.06.2014 11:01:20,145 - INFO  - Watchdog has been checked: 0 passed
12.06.2014 11:03:20,147 - INFO  - Watchdog has been checked: 0 passed
12.06.2014 11:05:20,262 - INFO  - Watchdog has been checked: 0 passed
12.06.2014 11:07:20,246 - INFO  - Watchdog has been checked: 0 passed
12.06.2014 11:09:20,396 - INFO  - Watchdog has been checked: 0 passed
12.06.2014 11:11:20,723 - INFO  - Watchdog has been checked: 0 passed
12.06.2014 11:13:20,311 - INFO  - Watchdog has been checked: 0 passed
12.06.2014 11:15:20,233 - INFO  - Watchdog has been checked: 0 passed
12.06.2014 11:17:20,213 - INFO  - Watchdog has been checked: 0 passed
12.06.2014 11:19:20,147 - INFO  - Watchdog has been checked: 0 passed
12.06.2014 11:21:20,209 - INFO  - Watchdog has been checked: 0 passed
12.06.2014 11:23:20,164 - INFO  - Watchdog has been checked: 0 passed
12.06.2014 11:25:20,246 - INFO  - Watchdog has been checked: 0 passed
12.06.2014 11:27:20,248 - INFO  - Watchdog has been checked: 0 passed
12.06.2014 11:29:20,254 - INFO  - Watchdog has been checked: 0 passed
12.06.2014 11:31:20,176 - INFO  - Watchdog has been checked: 0 passed
12.06.2014 11:33:20,774 - INFO  - Watchdog has been checked: 0 passed
12.06.2014 11:35:20,138 - INFO  - Watchdog has been checked: 0 passed
12.06.2014 11:37:20,359 - INFO  - Watchdog has been checked: 0 passed
12.06.2014 11:39:20,293 - INFO  - Watchdog has been checked: 0 passed
12.06.2014 11:41:20,301 - INFO  - Watchdog has been checked: 0 passed
12.06.2014 11:43:20,283 - INFO  - Watchdog has been checked: 0 passed
12.06.2014 11:45:20,210 - INFO  - Watchdog has been checked: 0 passed
12.06.2014 11:47:20,221 - INFO  - Watchdog has been checked: 0 passed
12.06.2014 11:49:20,453 - INFO  - Watchdog has been checked: 0 passed
12.06.2014 11:51:20,355 - INFO  - Watchdog has been checked: 0 passed
12.06.2014 11:53:20,330 - INFO  - Watchdog has been checked: 0 passed
12.06.2014 11:55:20,140 - INFO  - Watchdog has been checked: 0 passed
12.06.2014 11:57:20,174 - INFO  - Watchdog has been checked: 0 passed
12.06.2014 11:59:20,545 - INFO  - Watchdog has been checked: 0 passed
12.06.2014 12:01:20,345 - INFO  - Watchdog has been checked: 0 passed
12.06.2014 12:03:20,322 - INFO  - Watchdog has been checked: 0 passed
12.06.2014 12:05:20,158 - INFO  - Watchdog has been checked: 0 passed
12.06.2014 12:07:20,185 - INFO  - Watchdog has been checked: 0 passed
12.06.2014 12:09:20,328 - INFO  - Watchdog has been checked: 0 passed
12.06.2014 12:11:20,091 - INFO  - Watchdog has been checked: 0 passed
12.06.2014 12:13:20,375 - INFO  - Watchdog has been checked: 0 passed
12.06.2014 12:15:20,135 - INFO  - Watchdog has been checked: 0 passed
12.06.2014 12:17:21,514 - INFO  - Watchdog has been checked: 0 passed
12.06.2014 12:19:20,060 - INFO  - Watchdog has been checked: 0 passed
12.06.2014 12:21:19,290 - INFO  - Watchdog has been checked: 0 passed
12.06.2014 12:23:19,273 - INFO  - Watchdog has been checked: 0 passed
12.06.2014 12:25:19,186 - INFO  - Watchdog has been checked: 0 passed
12.06.2014 12:27:19,173 - INFO  - Watchdog has been checked: 0 passed
12.06.2014 12:29:19,294 - INFO  - Watchdog has been checked: 0 passed
12.06.2014 12:31:19,173 - INFO  - Watchdog has been checked: 0 passed
12.06.2014 12:33:18,319 - INFO  - Watchdog has been checked: 0 passed
12.06.2014 12:35:20,299 - INFO  - Watchdog has been checked: 0 passed
12.06.2014 12:37:20,136 - INFO  - Watchdog has been checked: 0 passed
12.06.2014 12:39:19,269 - INFO  - Watchdog has been checked: 0 passed
12.06.2014 12:41:19,277 - INFO  - Watchdog has been checked: 0 passed
12.06.2014 12:43:19,258 - INFO  - Watchdog has been checked: 0 passed
12.06.2014 12:45:19,322 - INFO  - Watchdog has been checked: 0 passed
12.06.2014 12:47:19,349 - INFO  - Watchdog has been checked: 0 passed
12.06.2014 12:49:19,347 - INFO  - Watchdog has been checked: 0 passed
12.06.2014 12:51:19,281 - INFO  - Watchdog has been checked: 0 passed
12.06.2014 12:53:19,219 - INFO  - Watchdog has been checked: 0 passed
12.06.2014 12:55:19,248 - INFO  - Watchdog has been checked: 0 passed
12.06.2014 12:57:19,295 - INFO  - Watchdog has been checked: 0 passed
12.06.2014 12:59:19,162 - INFO  - Watchdog has been checked: 0 passed
12.06.2014 13:01:19,325 - INFO  - Watchdog has been checked: 0 passed
12.06.2014 13:03:19,192 - INFO  - Watchdog has been checked: 0 passed
12.06.2014 13:05:19,247 - INFO  - Watchdog has been checked: 0 passed
12.06.2014 13:07:19,273 - INFO  - Watchdog has been checked: 0 passed
12.06.2014 13:09:19,217 - INFO  - Watchdog has been checked: 0 passed
12.06.2014 13:11:19,344 - INFO  - Watchdog has been checked: 0 passed
12.06.2014 13:13:19,153 - INFO  - Watchdog has been checked: 0 passed
12.06.2014 13:15:20,974 - INFO  - Watchdog has been checked: 0 passed
12.06.2014 13:17:20,223 - INFO  - Watchdog has been checked: 0 passed
12.06.2014 13:19:20,534 - INFO  - Watchdog has been checked: 0 passed
12.06.2014 13:21:20,048 - INFO  - Watchdog has been checked: 0 passed
12.06.2014 13:23:20,108 - INFO  - Watchdog has been checked: 0 passed
12.06.2014 13:25:20,139 - INFO  - Watchdog has been checked: 0 passed
12.06.2014 13:27:20,144 - INFO  - Watchdog has been checked: 0 passed
12.06.2014 13:29:20,122 - INFO  - Watchdog has been checked: 0 passed
12.06.2014 13:31:20,121 - INFO  - Watchdog has been checked: 0 passed
12.06.2014 13:33:20,118 - INFO  - Watchdog has been checked: 0 passed
12.06.2014 13:35:20,180 - INFO  - Watchdog has been checked: 0 passed
12.06.2014 13:37:20,157 - INFO  - Watchdog has been checked: 0 passed
12.06.2014 13:39:20,097 - INFO  - Watchdog has been checked: 0 passed
12.06.2014 13:41:19,187 - INFO  - Watchdog has been checked: 0 passed
12.06.2014 13:43:19,111 - INFO  - Watchdog has been checked: 0 passed
12.06.2014 13:45:18,237 - INFO  - Watchdog has been checked: 0 passed
12.06.2014 13:47:18,247 - INFO  - Watchdog has been checked: 0 passed
12.06.2014 13:49:18,097 - INFO  - Watchdog has been checked: 0 passed
12.06.2014 13:51:17,109 - INFO  - Watchdog has been checked: 0 passed
12.06.2014 13:53:16,083 - INFO  - Watchdog has been checked: 0 passed
12.06.2014 13:55:15,155 - INFO  - Watchdog has been checked: 0 passed
12.06.2014 13:57:14,105 - INFO  - Watchdog has been checked: 0 passed
12.06.2014 13:59:13,211 - INFO  - Watchdog has been checked: 0 passed
12.06.2014 14:01:13,334 - INFO  - Watchdog has been checked: 0 passed
12.06.2014 14:03:13,051 - INFO  - Watchdog has been checked: 0 passed
12.06.2014 14:05:13,308 - INFO  - Watchdog has been checked: 0 passed
12.06.2014 14:07:12,169 - INFO  - Watchdog has been checked: 0 passed
12.06.2014 14:09:11,258 - INFO  - Watchdog has been checked: 0 passed
12.06.2014 14:11:10,334 - INFO  - Watchdog has been checked: 0 passed
12.06.2014 14:13:10,349 - INFO  - Watchdog has been checked: 0 passed
12.06.2014 14:15:10,183 - INFO  - Watchdog has been checked: 0 passed
12.06.2014 14:17:09,412 - INFO  - Watchdog has been checked: 0 passed
12.06.2014 14:19:09,232 - INFO  - Watchdog has been checked: 0 passed
12.06.2014 14:21:09,313 - INFO  - Watchdog has been checked: 0 passed
12.06.2014 14:23:09,263 - INFO  - Watchdog has been checked: 0 passed
12.06.2014 14:25:09,118 - INFO  - Watchdog has been checked: 0 passed
12.06.2014 14:27:08,081 - INFO  - Watchdog has been checked: 0 passed
12.06.2014 14:29:07,260 - INFO  - Watchdog has been checked: 0 passed
12.06.2014 14:31:07,297 - INFO  - Watchdog has been checked: 0 passed
12.06.2014 14:33:07,050 - INFO  - Watchdog has been checked: 0 passed
12.06.2014 14:35:07,161 - INFO  - Watchdog has been checked: 0 passed
12.06.2014 14:37:07,194 - INFO  - Watchdog has been checked: 0 passed
12.06.2014 14:39:07,219 - INFO  - Watchdog has been checked: 0 passed
12.06.2014 14:41:07,053 - INFO  - Watchdog has been checked: 0 passed
12.06.2014 14:43:10,503 - INFO  - Watchdog has been checked: 0 passed
12.06.2014 14:45:10,181 - INFO  - Watchdog has been checked: 0 passed
12.06.2014 14:47:10,254 - INFO  - Watchdog has been checked: 0 passed
12.06.2014 14:49:10,240 - INFO  - Watchdog has been checked: 0 passed
12.06.2014 14:51:10,082 - INFO  - Watchdog has been checked: 0 passed
12.06.2014 14:53:10,148 - INFO  - Watchdog has been checked: 0 passed
12.06.2014 14:55:10,224 - INFO  - Watchdog has been checked: 0 passed
12.06.2014 14:57:10,261 - INFO  - Watchdog has been checked: 0 passed
12.06.2014 14:59:10,335 - INFO  - Watchdog has been checked: 0 passed
12.06.2014 15:01:10,185 - INFO  - Watchdog has been checked: 0 passed
12.06.2014 15:03:10,183 - INFO  - Watchdog has been checked: 0 passed
12.06.2014 15:05:10,740 - INFO  - Watchdog has been checked: 0 passed
12.06.2014 15:07:10,298 - INFO  - Watchdog has been checked: 0 passed
12.06.2014 15:09:10,367 - INFO  - Watchdog has been checked: 0 passed
12.06.2014 15:11:10,196 - INFO  - Watchdog has been checked: 0 passed
12.06.2014 15:13:10,218 - INFO  - Watchdog has been checked: 0 passed
12.06.2014 15:15:10,268 - INFO  - Watchdog has been checked: 0 passed
12.06.2014 15:17:10,348 - INFO  - Watchdog has been checked: 0 passed
12.06.2014 15:19:10,354 - INFO  - Watchdog has been checked: 0 passed
12.06.2014 15:21:10,176 - INFO  - Watchdog has been checked: 0 passed
12.06.2014 15:23:10,192 - INFO  - Watchdog has been checked: 0 passed
12.06.2014 15:25:10,279 - INFO  - Watchdog has been checked: 0 passed
12.06.2014 15:27:10,322 - INFO  - Watchdog has been checked: 0 passed
12.06.2014 15:29:10,140 - INFO  - Watchdog has been checked: 0 passed
12.06.2014 15:31:10,230 - INFO  - Watchdog has been checked: 0 passed
12.06.2014 15:33:10,264 - INFO  - Watchdog has been checked: 0 passed
12.06.2014 15:35:10,074 - INFO  - Watchdog has been checked: 0 passed
12.06.2014 15:37:10,070 - INFO  - Watchdog has been checked: 0 passed
12.06.2014 15:39:10,149 - INFO  - Watchdog has been checked: 0 passed
12.06.2014 15:41:10,240 - INFO  - Watchdog has been checked: 0 passed
12.06.2014 15:43:10,241 - INFO  - Watchdog has been checked: 0 passed
12.06.2014 15:45:10,050 - INFO  - Watchdog has been checked: 0 passed
12.06.2014 15:47:10,069 - INFO  - Watchdog has been checked: 0 passed
12.06.2014 15:49:10,188 - INFO  - Watchdog has been checked: 0 passed
12.06.2014 15:51:09,990 - INFO  - Watchdog has been checked: 0 passed
12.06.2014 15:53:09,087 - INFO  - Watchdog has been checked: 0 passed
12.06.2014 15:55:09,163 - INFO  - Watchdog has been checked: 0 passed
12.06.2014 15:57:09,177 - INFO  - Watchdog has been checked: 0 passed
12.06.2014 15:59:09,039 - INFO  - Watchdog has been checked: 0 passed
12.06.2014 15:59:24,412 - INFO  - searcher identified --- respT: 40ms, 67524 results, q=, 
12.06.2014 15:59:34,230 - INFO  - searcher identified --- respT: 49ms, 47 results, q=om schnitts, 
12.06.2014 15:59:35,743 - INFO  - searcher identified --- respT: 18ms, 1685 results, q=om, 
12.06.2014 15:59:38,177 - INFO  - searcher identified --- respT: 23ms, 52 results, q=omo, 
12.06.2014 15:59:40,267 - INFO  - searcher identified --- respT: 28ms, 18 results, q=om odbc, 
12.06.2014 15:59:54,157 - INFO  - searcher identified --- respT: 18ms, 2 results, author:DanielLauk, q=om odbc, 
12.06.2014 16:00:21,057 - INFO  - searcher identified --- respT: 11ms, no results, author:DanielLauk, q=hdbquery, 
12.06.2014 16:00:24,264 - INFO  - searcher identified --- respT: 18ms, 6 results, q=hdbquery, 
12.06.2014 16:00:46,582 - INFO  - searcher identified --- respT: 24ms, 95 results, q=hdb, 
12.06.2014 16:00:47,235 - INFO  - searcher identified --- respT: 31ms, 95 results, q=hdb, 
12.06.2014 16:01:08,119 - INFO  - Watchdog has been checked: 0 passed
12.06.2014 16:01:31,489 - INFO  - searcher identified --- respT: 37ms, 18 results, field_TopicType_lst:ClassifiedTopic, q=hdb, 
12.06.2014 16:02:57,244 - INFO  - searcher identified --- respT: 21ms, 163 results, field_TopicType_lst:ClassifiedTopic, q=schnittstelle, 
12.06.2014 16:02:57,923 - INFO  - searcher identified --- respT: 21ms, 163 results, field_TopicType_lst:ClassifiedTopic, q=schnittstelle, 
12.06.2014 16:03:01,056 - INFO  - searcher identified --- respT: 32ms, 29 results, field_TopicType_lst:ClassifiedTopic, q=schnittstelle om, 
12.06.2014 16:03:01,592 - INFO  - searcher identified --- respT: 32ms, 29 results, field_TopicType_lst:ClassifiedTopic, q=schnittstelle om, 
12.06.2014 16:03:08,154 - INFO  - Watchdog has been checked: 0 passed
12.06.2014 16:04:27,726 - INFO  - searcher identified --- respT: 38ms, 18 results, field_TopicType_lst:ClassifiedTopic, q=hdb, 
12.06.2014 16:04:29,169 - INFO  - searcher identified --- respT: 15ms, no results, field_TopicType_lst:ClassifiedTopic, q=hdbqueries, 
12.06.2014 16:04:29,400 - INFO  - searcher identified --- respT: 15ms, no results, q=hdbqueries, 
12.06.2014 16:04:32,500 - INFO  - searcher identified --- respT: 24ms, 2 results, q=hdb queries, 
12.06.2014 16:04:39,757 - INFO  - searcher identified --- respT: 23ms, 95 results, q=hdb, 
12.06.2014 16:04:41,030 - INFO  - searcher identified --- respT: 28ms, 83 results, q=hdb om, 
12.06.2014 16:04:59,648 - INFO  - searcher identified --- respT: 41ms, 14 results, field_TopicType_lst:ClassifiedTopic, q=hdb om, 
12.06.2014 16:05:08,250 - INFO  - Watchdog has been checked: 0 passed
12.06.2014 16:07:08,252 - INFO  - Watchdog has been checked: 0 passed
12.06.2014 16:09:08,153 - INFO  - Watchdog has been checked: 0 passed
12.06.2014 16:11:08,180 - INFO  - Watchdog has been checked: 0 passed
12.06.2014 16:13:08,214 - INFO  - Watchdog has been checked: 0 passed
12.06.2014 16:15:08,275 - INFO  - Watchdog has been checked: 0 passed
12.06.2014 16:17:08,261 - INFO  - Watchdog has been checked: 0 passed
12.06.2014 16:19:08,159 - INFO  - Watchdog has been checked: 0 passed
12.06.2014 16:21:08,221 - INFO  - Watchdog has been checked: 0 passed
12.06.2014 16:23:08,265 - INFO  - Watchdog has been checked: 0 passed
12.06.2014 16:25:08,362 - INFO  - Watchdog has been checked: 0 passed
12.06.2014 16:27:08,333 - INFO  - Watchdog has been checked: 0 passed
12.06.2014 16:29:08,181 - INFO  - Watchdog has been checked: 0 passed
12.06.2014 16:31:08,249 - INFO  - Watchdog has been checked: 0 passed
12.06.2014 16:33:08,277 - INFO  - Watchdog has been checked: 0 passed
12.06.2014 16:35:08,407 - INFO  - Watchdog has been checked: 0 passed
12.06.2014 16:37:08,331 - INFO  - Watchdog has been checked: 0 passed
12.06.2014 16:39:08,421 - INFO  - Watchdog has been checked: 0 passed
12.06.2014 16:41:08,289 - INFO  - Watchdog has been checked: 0 passed
12.06.2014 16:43:08,249 - INFO  - Watchdog has been checked: 0 passed
12.06.2014 16:45:08,414 - INFO  - Watchdog has been checked: 0 passed
12.06.2014 16:47:08,330 - INFO  - Watchdog has been checked: 0 passed
12.06.2014 16:49:08,423 - INFO  - Watchdog has been checked: 0 passed
12.06.2014 16:51:08,252 - INFO  - Watchdog has been checked: 0 passed
12.06.2014 16:53:08,275 - INFO  - Watchdog has been checked: 0 passed
12.06.2014 16:55:08,330 - INFO  - Watchdog has been checked: 0 passed
12.06.2014 16:57:08,338 - INFO  - Watchdog has been checked: 0 passed
12.06.2014 16:59:08,454 - INFO  - Watchdog has been checked: 0 passed
12.06.2014 17:01:08,329 - INFO  - Watchdog has been checked: 0 passed
12.06.2014 17:03:08,291 - INFO  - Watchdog has been checked: 0 passed
12.06.2014 17:05:08,387 - INFO  - Watchdog has been checked: 0 passed
12.06.2014 17:07:08,398 - INFO  - Watchdog has been checked: 0 passed
12.06.2014 17:09:08,461 - INFO  - Watchdog has been checked: 0 passed
12.06.2014 17:11:08,328 - INFO  - Watchdog has been checked: 0 passed
12.06.2014 17:13:08,303 - INFO  - Watchdog has been checked: 0 passed
12.06.2014 17:15:08,412 - INFO  - Watchdog has been checked: 0 passed
12.06.2014 17:17:08,417 - INFO  - Watchdog has been checked: 0 passed
12.06.2014 17:19:08,469 - INFO  - Watchdog has been checked: 0 passed
12.06.2014 17:21:08,302 - INFO  - Watchdog has been checked: 0 passed
12.06.2014 17:23:08,269 - INFO  - Watchdog has been checked: 0 passed
12.06.2014 17:25:08,312 - INFO  - Watchdog has been checked: 0 passed
12.06.2014 17:27:08,307 - INFO  - Watchdog has been checked: 0 passed
12.06.2014 17:29:08,109 - INFO  - Watchdog has been checked: 0 passed
12.06.2014 17:31:07,150 - INFO  - Watchdog has been checked: 0 passed
12.06.2014 17:33:07,144 - INFO  - Watchdog has been checked: 0 passed
12.06.2014 17:35:07,231 - INFO  - Watchdog has been checked: 0 passed
12.06.2014 17:37:06,966 - INFO  - Watchdog has been checked: 0 passed
12.06.2014 17:39:05,981 - INFO  - Watchdog has been checked: 0 passed
12.06.2014 17:41:05,103 - INFO  - Watchdog has been checked: 0 passed
12.06.2014 17:43:04,203 - INFO  - Watchdog has been checked: 0 passed
12.06.2014 17:45:04,226 - INFO  - Watchdog has been checked: 0 passed
12.06.2014 17:47:04,062 - INFO  - Watchdog has been checked: 0 passed
12.06.2014 17:49:03,066 - INFO  - Watchdog has been checked: 0 passed
12.06.2014 17:51:02,211 - INFO  - Watchdog has been checked: 0 passed
12.06.2014 17:53:02,256 - INFO  - Watchdog has been checked: 0 passed
12.06.2014 17:55:02,259 - INFO  - Watchdog has been checked: 0 passed
12.06.2014 17:57:02,291 - INFO  - Watchdog has been checked: 0 passed
12.06.2014 17:59:02,286 - INFO  - Watchdog has been checked: 0 passed
12.06.2014 18:01:02,176 - INFO  - Watchdog has been checked: 0 passed
12.06.2014 18:03:02,213 - INFO  - Watchdog has been checked: 0 passed
12.06.2014 18:05:02,360 - INFO  - Watchdog has been checked: 0 passed
12.06.2014 18:07:02,399 - INFO  - Watchdog has been checked: 0 passed
12.06.2014 18:09:02,395 - INFO  - Watchdog has been checked: 0 passed
12.06.2014 18:11:02,277 - INFO  - Watchdog has been checked: 0 passed
12.06.2014 18:13:02,320 - INFO  - Watchdog has been checked: 0 passed
12.06.2014 18:15:02,327 - INFO  - Watchdog has been checked: 0 passed
12.06.2014 18:17:02,375 - INFO  - Watchdog has been checked: 0 passed
12.06.2014 18:19:02,408 - INFO  - Watchdog has been checked: 0 passed
12.06.2014 18:21:02,272 - INFO  - Watchdog has been checked: 0 passed
12.06.2014 18:23:02,382 - INFO  - Watchdog has been checked: 0 passed
12.06.2014 18:25:02,391 - INFO  - Watchdog has been checked: 0 passed
12.06.2014 18:27:02,447 - INFO  - Watchdog has been checked: 0 passed
12.06.2014 18:29:02,518 - INFO  - Watchdog has been checked: 0 passed
12.06.2014 18:31:02,366 - INFO  - Watchdog has been checked: 0 passed
12.06.2014 18:33:02,382 - INFO  - Watchdog has been checked: 0 passed
12.06.2014 18:35:02,163 - INFO  - Watchdog has been checked: 0 passed
12.06.2014 18:37:02,168 - INFO  - Watchdog has been checked: 0 passed
12.06.2014 18:39:02,218 - INFO  - Watchdog has been checked: 0 passed
12.06.2014 18:41:02,052 - INFO  - Watchdog has been checked: 0 passed
12.06.2014 18:43:02,077 - INFO  - Watchdog has been checked: 0 passed
12.06.2014 18:45:02,122 - INFO  - Watchdog has been checked: 0 passed
12.06.2014 18:47:02,133 - INFO  - Watchdog has been checked: 0 passed
12.06.2014 18:49:01,965 - INFO  - Watchdog has been checked: 0 passed
12.06.2014 18:51:01,093 - INFO  - Watchdog has been checked: 0 passed
12.06.2014 18:53:01,128 - INFO  - Watchdog has been checked: 0 passed
12.06.2014 18:55:01,224 - INFO  - Watchdog has been checked: 0 passed
12.06.2014 18:57:01,244 - INFO  - Watchdog has been checked: 0 passed
12.06.2014 18:59:01,039 - INFO  - Watchdog has been checked: 0 passed
12.06.2014 19:01:00,150 - INFO  - Watchdog has been checked: 0 passed
12.06.2014 19:02:59,137 - INFO  - Watchdog has been checked: 0 passed
12.06.2014 19:04:59,187 - INFO  - Watchdog has been checked: 0 passed
12.06.2014 19:06:59,217 - INFO  - Watchdog has been checked: 0 passed
12.06.2014 19:08:59,354 - INFO  - Watchdog has been checked: 0 passed
12.06.2014 19:10:59,108 - INFO  - Watchdog has been checked: 0 passed
12.06.2014 19:12:59,099 - INFO  - Watchdog has been checked: 0 passed
12.06.2014 19:14:59,148 - INFO  - Watchdog has been checked: 0 passed
12.06.2014 19:17:01,220 - INFO  - Watchdog has been checked: 0 passed
12.06.2014 19:19:01,232 - INFO  - Watchdog has been checked: 0 passed
12.06.2014 19:21:01,351 - INFO  - Watchdog has been checked: 0 passed
12.06.2014 19:23:01,373 - INFO  - Watchdog has been checked: 0 passed
12.06.2014 19:25:01,410 - INFO  - Watchdog has been checked: 0 passed
12.06.2014 19:27:01,427 - INFO  - Watchdog has been checked: 0 passed
12.06.2014 19:29:01,158 - INFO  - Watchdog has been checked: 0 passed
12.06.2014 19:31:01,315 - INFO  - Watchdog has been checked: 0 passed
12.06.2014 19:33:01,303 - INFO  - Watchdog has been checked: 0 passed
12.06.2014 19:35:01,312 - INFO  - Watchdog has been checked: 0 passed
12.06.2014 19:37:01,349 - INFO  - Watchdog has been checked: 0 passed
12.06.2014 19:39:01,394 - INFO  - Watchdog has been checked: 0 passed
12.06.2014 19:41:01,246 - INFO  - Watchdog has been checked: 0 passed
12.06.2014 19:43:01,248 - INFO  - Watchdog has been checked: 0 passed
12.06.2014 19:45:01,285 - INFO  - Watchdog has been checked: 0 passed
12.06.2014 19:47:01,340 - INFO  - Watchdog has been checked: 0 passed
12.06.2014 19:49:01,170 - INFO  - Watchdog has been checked: 0 passed
12.06.2014 19:51:01,220 - INFO  - Watchdog has been checked: 0 passed
12.06.2014 19:53:01,226 - INFO  - Watchdog has been checked: 0 passed
12.06.2014 19:55:01,259 - INFO  - Watchdog has been checked: 0 passed
12.06.2014 19:57:01,286 - INFO  - Watchdog has been checked: 0 passed
12.06.2014 19:59:01,107 - INFO  - Watchdog has been checked: 0 passed
12.06.2014 20:01:01,127 - INFO  - Watchdog has been checked: 0 passed
12.06.2014 20:03:01,144 - INFO  - Watchdog has been checked: 0 passed
12.06.2014 20:05:01,153 - INFO  - Watchdog has been checked: 0 passed
12.06.2014 20:07:01,210 - INFO  - Watchdog has been checked: 0 passed
12.06.2014 20:09:01,307 - INFO  - Watchdog has been checked: 0 passed
12.06.2014 20:11:01,145 - INFO  - Watchdog has been checked: 0 passed
12.06.2014 20:13:01,218 - INFO  - Watchdog has been checked: 0 passed
12.06.2014 20:15:01,201 - INFO  - Watchdog has been checked: 0 passed
12.06.2014 20:17:01,269 - INFO  - Watchdog has been checked: 0 passed
12.06.2014 20:19:01,448 - INFO  - Watchdog has been checked: 0 passed
12.06.2014 20:21:01,150 - INFO  - Watchdog has been checked: 0 passed
12.06.2014 20:23:01,184 - INFO  - Watchdog has been checked: 0 passed
12.06.2014 20:25:01,168 - INFO  - Watchdog has been checked: 0 passed
12.06.2014 20:27:01,239 - INFO  - Watchdog has been checked: 0 passed
12.06.2014 20:29:01,488 - INFO  - Watchdog has been checked: 0 passed
12.06.2014 20:31:01,109 - INFO  - Watchdog has been checked: 0 passed
12.06.2014 20:33:01,138 - INFO  - Watchdog has been checked: 0 passed
12.06.2014 20:35:01,142 - INFO  - Watchdog has been checked: 0 passed
12.06.2014 20:37:01,193 - INFO  - Watchdog has been checked: 0 passed
12.06.2014 20:39:01,429 - INFO  - Watchdog has been checked: 0 passed
12.06.2014 20:41:01,327 - INFO  - Watchdog has been checked: 0 passed
12.06.2014 20:43:01,359 - INFO  - Watchdog has been checked: 0 passed
12.06.2014 20:45:01,153 - INFO  - Watchdog has been checked: 0 passed
12.06.2014 20:47:00,184 - INFO  - Watchdog has been checked: 0 passed
12.06.2014 20:49:00,252 - INFO  - Watchdog has been checked: 0 passed
12.06.2014 20:51:00,289 - INFO  - Watchdog has been checked: 0 passed
12.06.2014 20:53:00,335 - INFO  - Watchdog has been checked: 0 passed
12.06.2014 20:55:00,350 - INFO  - Watchdog has been checked: 0 passed
12.06.2014 20:57:00,168 - INFO  - Watchdog has been checked: 0 passed
12.06.2014 20:59:00,186 - INFO  - Watchdog has been checked: 0 passed
12.06.2014 21:01:00,262 - INFO  - Watchdog has been checked: 0 passed
12.06.2014 21:03:00,308 - INFO  - Watchdog has been checked: 0 passed
12.06.2014 21:05:00,100 - INFO  - Watchdog has been checked: 0 passed
12.06.2014 21:06:59,113 - INFO  - Watchdog has been checked: 0 passed
12.06.2014 21:08:59,112 - INFO  - Watchdog has been checked: 0 passed
12.06.2014 21:10:58,213 - INFO  - Watchdog has been checked: 0 passed
12.06.2014 21:12:58,208 - INFO  - Watchdog has been checked: 0 passed
12.06.2014 21:14:58,218 - INFO  - Watchdog has been checked: 0 passed
12.06.2014 21:16:58,230 - INFO  - Watchdog has been checked: 0 passed
12.06.2014 21:18:58,260 - INFO  - Watchdog has been checked: 0 passed
12.06.2014 21:21:00,725 - INFO  - Watchdog has been checked: 0 passed
12.06.2014 21:23:00,174 - INFO  - Watchdog has been checked: 0 passed
12.06.2014 21:25:00,212 - INFO  - Watchdog has been checked: 0 passed
12.06.2014 21:27:00,208 - INFO  - Watchdog has been checked: 0 passed
12.06.2014 21:29:00,303 - INFO  - Watchdog has been checked: 0 passed
12.06.2014 21:31:00,140 - INFO  - Watchdog has been checked: 0 passed
12.06.2014 21:33:00,127 - INFO  - Watchdog has been checked: 0 passed
12.06.2014 21:35:00,136 - INFO  - Watchdog has been checked: 0 passed
12.06.2014 21:37:00,166 - INFO  - Watchdog has been checked: 0 passed
12.06.2014 21:39:00,283 - INFO  - Watchdog has been checked: 0 passed
12.06.2014 21:40:59,996 - INFO  - Watchdog has been checked: 0 passed
12.06.2014 21:43:00,997 - INFO  - Watchdog has been checked: 0 passed
12.06.2014 21:45:00,115 - INFO  - Watchdog has been checked: 0 passed
12.06.2014 21:47:00,132 - INFO  - Watchdog has been checked: 0 passed
12.06.2014 21:49:00,172 - INFO  - Watchdog has been checked: 0 passed
12.06.2014 21:51:00,256 - INFO  - Watchdog has been checked: 0 passed
12.06.2014 21:53:00,258 - INFO  - Watchdog has been checked: 0 passed
12.06.2014 21:55:00,060 - INFO  - Watchdog has been checked: 0 passed
12.06.2014 21:57:00,084 - INFO  - Watchdog has been checked: 0 passed
12.06.2014 21:58:59,091 - INFO  - Watchdog has been checked: 0 passed
12.06.2014 22:00:59,210 - INFO  - Watchdog has been checked: 0 passed
12.06.2014 22:02:59,210 - INFO  - Watchdog has been checked: 0 passed
12.06.2014 22:04:59,231 - INFO  - Watchdog has been checked: 0 passed
12.06.2014 22:06:59,267 - INFO  - Watchdog has been checked: 0 passed
12.06.2014 22:08:59,267 - INFO  - Watchdog has been checked: 0 passed
12.06.2014 22:10:59,197 - INFO  - Watchdog has been checked: 0 passed
12.06.2014 22:12:59,210 - INFO  - Watchdog has been checked: 0 passed
12.06.2014 22:14:59,210 - INFO  - Watchdog has been checked: 0 passed
12.06.2014 22:16:59,251 - INFO  - Watchdog has been checked: 0 passed
12.06.2014 22:18:59,267 - INFO  - Watchdog has been checked: 0 passed
12.06.2014 22:20:59,181 - INFO  - Watchdog has been checked: 0 passed
12.06.2014 22:23:00,860 - INFO  - Watchdog has been checked: 0 passed
12.06.2014 22:25:00,172 - INFO  - Watchdog has been checked: 0 passed
12.06.2014 22:27:00,169 - INFO  - Watchdog has been checked: 0 passed
12.06.2014 22:29:00,198 - INFO  - Watchdog has been checked: 0 passed
12.06.2014 22:31:00,370 - INFO  - Watchdog has been checked: 0 passed
12.06.2014 22:33:00,392 - INFO  - Watchdog has been checked: 0 passed
12.06.2014 22:35:00,171 - INFO  - Watchdog has been checked: 0 passed
12.06.2014 22:37:00,242 - INFO  - Watchdog has been checked: 0 passed
12.06.2014 22:39:00,303 - INFO  - Watchdog has been checked: 0 passed
12.06.2014 22:41:00,416 - INFO  - Watchdog has been checked: 0 passed
12.06.2014 22:43:00,434 - INFO  - Watchdog has been checked: 0 passed
12.06.2014 22:45:01,448 - INFO  - Watchdog has been checked: 0 passed
12.06.2014 22:47:01,273 - INFO  - Watchdog has been checked: 0 passed
12.06.2014 22:49:01,462 - INFO  - Watchdog has been checked: 0 passed
12.06.2014 22:51:01,378 - INFO  - Watchdog has been checked: 0 passed
12.06.2014 22:53:01,355 - INFO  - Watchdog has been checked: 0 passed
12.06.2014 22:55:01,140 - INFO  - Watchdog has been checked: 0 passed
12.06.2014 22:57:00,107 - INFO  - Watchdog has been checked: 0 passed
12.06.2014 22:58:59,068 - INFO  - Watchdog has been checked: 0 passed
12.06.2014 23:00:58,166 - INFO  - Watchdog has been checked: 0 passed
12.06.2014 23:02:57,196 - INFO  - Watchdog has been checked: 0 passed
12.06.2014 23:04:57,262 - INFO  - Watchdog has been checked: 0 passed
12.06.2014 23:06:57,047 - INFO  - Watchdog has been checked: 0 passed
12.06.2014 23:08:56,180 - INFO  - Watchdog has been checked: 0 passed
12.06.2014 23:10:55,173 - INFO  - Watchdog has been checked: 0 passed
12.06.2014 23:12:54,192 - INFO  - Watchdog has been checked: 0 passed
12.06.2014 23:14:54,201 - INFO  - Watchdog has been checked: 0 passed
12.06.2014 23:16:53,263 - INFO  - Watchdog has been checked: 0 passed
12.06.2014 23:18:53,033 - INFO  - Watchdog has been checked: 0 passed
12.06.2014 23:20:52,193 - INFO  - Watchdog has been checked: 0 passed
12.06.2014 23:22:52,204 - INFO  - Watchdog has been checked: 0 passed
12.06.2014 23:24:52,219 - INFO  - Watchdog has been checked: 0 passed
12.06.2014 23:26:52,256 - INFO  - Watchdog has been checked: 0 passed
12.06.2014 23:28:52,227 - INFO  - Watchdog has been checked: 0 passed
12.06.2014 23:31:10,579 - INFO  - Watchdog has been checked: 0 passed
12.06.2014 23:31:52,241 - INFO  - Watchdog has been checked: 0 passed
12.06.2014 23:33:52,246 - INFO  - Watchdog has been checked: 0 passed
12.06.2014 23:35:52,092 - INFO  - Watchdog has been checked: 0 passed
12.06.2014 23:37:52,087 - INFO  - Watchdog has been checked: 0 passed
12.06.2014 23:39:52,198 - INFO  - Watchdog has been checked: 0 passed
12.06.2014 23:41:52,205 - INFO  - Watchdog has been checked: 0 passed
12.06.2014 23:43:52,219 - INFO  - Watchdog has been checked: 0 passed
12.06.2014 23:45:52,154 - INFO  - Watchdog has been checked: 0 passed
12.06.2014 23:47:52,175 - INFO  - Watchdog has been checked: 0 passed
12.06.2014 23:49:52,289 - INFO  - Watchdog has been checked: 0 passed
12.06.2014 23:51:52,313 - INFO  - Watchdog has been checked: 0 passed
12.06.2014 23:53:52,293 - INFO  - Watchdog has been checked: 0 passed
12.06.2014 23:55:52,148 - INFO  - Watchdog has been checked: 0 passed
12.06.2014 23:57:52,126 - INFO  - Watchdog has been checked: 0 passed
12.06.2014 23:59:52,206 - INFO  - Watchdog has been checked: 0 passed
