11.08.2014 00:01:18,261 - INFO  - Watchdog has been checked: 0 passed
11.08.2014 00:03:18,172 - INFO  - Watchdog has been checked: 0 passed
11.08.2014 00:05:18,174 - INFO  - Watchdog has been checked: 0 passed
11.08.2014 00:07:18,412 - INFO  - Watchdog has been checked: 0 passed
11.08.2014 00:09:18,370 - INFO  - Watchdog has been checked: 0 passed
11.08.2014 00:11:18,380 - INFO  - Watchdog has been checked: 0 passed
11.08.2014 00:13:18,250 - INFO  - Watchdog has been checked: 0 passed
11.08.2014 00:15:18,286 - INFO  - Watchdog has been checked: 0 passed
11.08.2014 00:17:18,442 - INFO  - Watchdog has been checked: 0 passed
11.08.2014 00:19:18,370 - INFO  - Watchdog has been checked: 0 passed
11.08.2014 00:21:18,420 - INFO  - Watchdog has been checked: 0 passed
11.08.2014 00:23:18,385 - INFO  - Watchdog has been checked: 0 passed
11.08.2014 00:25:18,428 - INFO  - Watchdog has been checked: 0 passed
11.08.2014 00:27:18,254 - INFO  - Watchdog has been checked: 0 passed
11.08.2014 00:29:18,179 - INFO  - Watchdog has been checked: 0 passed
11.08.2014 00:31:18,131 - INFO  - Watchdog has been checked: 0 passed
11.08.2014 00:33:17,114 - INFO  - Watchdog has been checked: 0 passed
11.08.2014 00:35:16,131 - INFO  - Watchdog has been checked: 0 passed
11.08.2014 00:37:16,127 - INFO  - Watchdog has been checked: 0 passed
11.08.2014 00:39:16,210 - INFO  - Watchdog has been checked: 0 passed
11.08.2014 00:41:16,220 - INFO  - Watchdog has been checked: 0 passed
11.08.2014 00:43:16,145 - INFO  - Watchdog has been checked: 0 passed
11.08.2014 00:45:16,102 - INFO  - Watchdog has been checked: 0 passed
11.08.2014 00:47:16,173 - INFO  - Watchdog has been checked: 0 passed
11.08.2014 00:49:16,258 - INFO  - Watchdog has been checked: 0 passed
11.08.2014 00:51:16,191 - INFO  - Watchdog has been checked: 0 passed
11.08.2014 00:53:16,163 - INFO  - Watchdog has been checked: 0 passed
11.08.2014 00:55:16,176 - INFO  - Watchdog has been checked: 0 passed
11.08.2014 00:57:18,198 - INFO  - Watchdog has been checked: 0 passed
11.08.2014 00:59:18,345 - INFO  - Watchdog has been checked: 0 passed
11.08.2014 01:01:18,267 - INFO  - Watchdog has been checked: 0 passed
11.08.2014 01:03:18,218 - INFO  - Watchdog has been checked: 0 passed
11.08.2014 01:05:18,252 - INFO  - Watchdog has been checked: 0 passed
11.08.2014 01:07:18,336 - INFO  - Watchdog has been checked: 0 passed
11.08.2014 01:09:18,141 - INFO  - Watchdog has been checked: 0 passed
11.08.2014 01:11:18,294 - INFO  - Watchdog has been checked: 0 passed
11.08.2014 01:13:18,267 - INFO  - Watchdog has been checked: 0 passed
11.08.2014 01:15:18,299 - INFO  - Watchdog has been checked: 0 passed
11.08.2014 01:17:18,458 - INFO  - Watchdog has been checked: 0 passed
11.08.2014 01:19:18,225 - INFO  - Watchdog has been checked: 0 passed
11.08.2014 01:21:18,175 - INFO  - Watchdog has been checked: 0 passed
11.08.2014 01:23:18,345 - INFO  - Watchdog has been checked: 0 passed
11.08.2014 01:25:18,206 - INFO  - Watchdog has been checked: 0 passed
11.08.2014 01:27:18,412 - INFO  - Watchdog has been checked: 0 passed
11.08.2014 01:29:18,377 - INFO  - Watchdog has been checked: 0 passed
11.08.2014 01:31:18,381 - INFO  - Watchdog has been checked: 0 passed
11.08.2014 01:33:18,279 - INFO  - Watchdog has been checked: 0 passed
11.08.2014 01:35:18,421 - INFO  - Watchdog has been checked: 0 passed
11.08.2014 01:37:18,485 - INFO  - Watchdog has been checked: 0 passed
11.08.2014 01:39:18,232 - INFO  - Watchdog has been checked: 0 passed
11.08.2014 01:41:18,108 - INFO  - Watchdog has been checked: 0 passed
11.08.2014 01:43:18,301 - INFO  - Watchdog has been checked: 0 passed
11.08.2014 01:45:18,168 - INFO  - Watchdog has been checked: 0 passed
11.08.2014 01:47:18,210 - INFO  - Watchdog has been checked: 0 passed
11.08.2014 01:49:18,260 - INFO  - Watchdog has been checked: 0 passed
11.08.2014 01:51:18,226 - INFO  - Watchdog has been checked: 0 passed
11.08.2014 01:53:18,110 - INFO  - Watchdog has been checked: 0 passed
11.08.2014 01:55:18,287 - INFO  - Watchdog has been checked: 0 passed
11.08.2014 01:57:18,305 - INFO  - Watchdog has been checked: 0 passed
11.08.2014 01:59:18,258 - INFO  - Watchdog has been checked: 0 passed
11.08.2014 02:01:18,015 - INFO  - Watchdog has been checked: 0 passed
11.08.2014 02:03:17,193 - INFO  - Watchdog has been checked: 0 passed
11.08.2014 02:05:17,274 - INFO  - Watchdog has been checked: 0 passed
11.08.2014 02:07:17,324 - INFO  - Watchdog has been checked: 0 passed
11.08.2014 02:09:17,118 - INFO  - Watchdog has been checked: 0 passed
11.08.2014 02:11:16,222 - INFO  - Watchdog has been checked: 0 passed
11.08.2014 02:13:16,110 - INFO  - Watchdog has been checked: 0 passed
11.08.2014 02:15:16,225 - INFO  - Watchdog has been checked: 0 passed
11.08.2014 02:17:16,236 - INFO  - Watchdog has been checked: 0 passed
11.08.2014 02:19:18,320 - INFO  - Watchdog has been checked: 0 passed
11.08.2014 02:21:18,350 - INFO  - Watchdog has been checked: 0 passed
11.08.2014 02:23:18,270 - INFO  - Watchdog has been checked: 0 passed
11.08.2014 02:25:18,309 - INFO  - Watchdog has been checked: 0 passed
11.08.2014 02:27:18,196 - INFO  - Watchdog has been checked: 0 passed
11.08.2014 02:29:18,151 - INFO  - Watchdog has been checked: 0 passed
11.08.2014 02:31:18,185 - INFO  - Watchdog has been checked: 0 passed
11.08.2014 02:33:18,363 - INFO  - Watchdog has been checked: 0 passed
11.08.2014 02:35:18,178 - INFO  - Watchdog has been checked: 0 passed
11.08.2014 02:37:18,304 - INFO  - Watchdog has been checked: 0 passed
11.08.2014 02:39:18,191 - INFO  - Watchdog has been checked: 0 passed
11.08.2014 02:41:18,224 - INFO  - Watchdog has been checked: 0 passed
11.08.2014 02:43:18,213 - INFO  - Watchdog has been checked: 0 passed
11.08.2014 02:45:18,314 - INFO  - Watchdog has been checked: 0 passed
11.08.2014 02:47:18,326 - INFO  - Watchdog has been checked: 0 passed
11.08.2014 02:49:18,313 - INFO  - Watchdog has been checked: 0 passed
11.08.2014 02:51:18,336 - INFO  - Watchdog has been checked: 0 passed
11.08.2014 02:53:18,385 - INFO  - Watchdog has been checked: 0 passed
11.08.2014 02:55:18,379 - INFO  - Watchdog has been checked: 0 passed
11.08.2014 02:57:18,242 - INFO  - Watchdog has been checked: 0 passed
11.08.2014 02:59:18,228 - INFO  - Watchdog has been checked: 0 passed
11.08.2014 03:01:18,209 - INFO  - Watchdog has been checked: 0 passed
11.08.2014 03:03:18,157 - INFO  - Watchdog has been checked: 0 passed
11.08.2014 03:05:18,154 - INFO  - Watchdog has been checked: 0 passed
11.08.2014 03:07:18,274 - INFO  - Watchdog has been checked: 0 passed
11.08.2014 03:09:18,258 - INFO  - Watchdog has been checked: 0 passed
11.08.2014 03:11:18,230 - INFO  - Watchdog has been checked: 0 passed
11.08.2014 03:13:18,168 - INFO  - Watchdog has been checked: 0 passed
11.08.2014 03:15:18,178 - INFO  - Watchdog has been checked: 0 passed
11.08.2014 03:17:18,369 - INFO  - Watchdog has been checked: 0 passed
11.08.2014 03:19:18,125 - INFO  - Watchdog has been checked: 0 passed
11.08.2014 03:21:18,374 - INFO  - Watchdog has been checked: 0 passed
11.08.2014 03:23:18,260 - INFO  - Watchdog has been checked: 0 passed
11.08.2014 03:25:18,244 - INFO  - Watchdog has been checked: 0 passed
11.08.2014 03:27:18,434 - INFO  - Watchdog has been checked: 0 passed
11.08.2014 03:29:18,155 - INFO  - Watchdog has been checked: 0 passed
11.08.2014 03:31:18,379 - INFO  - Watchdog has been checked: 0 passed
11.08.2014 03:33:18,277 - INFO  - Watchdog has been checked: 0 passed
11.08.2014 03:35:18,200 - INFO  - Watchdog has been checked: 0 passed
11.08.2014 03:37:18,299 - INFO  - Watchdog has been checked: 0 passed
11.08.2014 03:39:18,260 - INFO  - Watchdog has been checked: 0 passed
11.08.2014 03:41:18,165 - INFO  - Watchdog has been checked: 0 passed
11.08.2014 03:43:18,424 - INFO  - Watchdog has been checked: 0 passed
11.08.2014 03:45:18,378 - INFO  - Watchdog has been checked: 0 passed
11.08.2014 03:47:18,466 - INFO  - Watchdog has been checked: 0 passed
11.08.2014 03:49:18,233 - INFO  - Watchdog has been checked: 0 passed
11.08.2014 03:51:18,406 - INFO  - Watchdog has been checked: 0 passed
11.08.2014 03:53:18,382 - INFO  - Watchdog has been checked: 0 passed
11.08.2014 03:55:18,400 - INFO  - Watchdog has been checked: 0 passed
11.08.2014 03:57:18,501 - INFO  - Watchdog has been checked: 0 passed
11.08.2014 03:59:18,259 - INFO  - Watchdog has been checked: 0 passed
11.08.2014 04:01:18,418 - INFO  - Watchdog has been checked: 0 passed
11.08.2014 04:03:18,356 - INFO  - Watchdog has been checked: 0 passed
11.08.2014 04:05:18,363 - INFO  - Watchdog has been checked: 0 passed
11.08.2014 04:07:18,421 - INFO  - Watchdog has been checked: 0 passed
11.08.2014 04:09:18,180 - INFO  - Watchdog has been checked: 0 passed
11.08.2014 04:11:18,373 - INFO  - Watchdog has been checked: 0 passed
11.08.2014 04:13:18,314 - INFO  - Watchdog has been checked: 0 passed
11.08.2014 04:15:18,334 - INFO  - Watchdog has been checked: 0 passed
11.08.2014 04:17:18,410 - INFO  - Watchdog has been checked: 0 passed
11.08.2014 04:19:18,129 - INFO  - Watchdog has been checked: 0 passed
11.08.2014 04:21:18,091 - INFO  - Watchdog has been checked: 0 passed
11.08.2014 04:23:18,236 - INFO  - Watchdog has been checked: 0 passed
11.08.2014 04:25:18,321 - INFO  - Watchdog has been checked: 0 passed
11.08.2014 04:27:18,347 - INFO  - Watchdog has been checked: 0 passed
11.08.2014 04:29:18,048 - INFO  - Watchdog has been checked: 0 passed
11.08.2014 04:31:18,061 - INFO  - Watchdog has been checked: 0 passed
11.08.2014 04:33:16,952 - INFO  - Watchdog has been checked: 0 passed
11.08.2014 04:35:16,093 - INFO  - Watchdog has been checked: 0 passed
11.08.2014 04:37:16,025 - INFO  - Watchdog has been checked: 0 passed
11.08.2014 04:39:16,121 - INFO  - Watchdog has been checked: 0 passed
11.08.2014 04:41:16,171 - INFO  - Watchdog has been checked: 0 passed
11.08.2014 04:43:16,071 - INFO  - Watchdog has been checked: 0 passed
11.08.2014 04:45:15,078 - INFO  - Watchdog has been checked: 0 passed
11.08.2014 04:47:15,075 - INFO  - Watchdog has been checked: 0 passed
11.08.2014 04:49:14,187 - INFO  - Watchdog has been checked: 0 passed
11.08.2014 04:51:14,218 - INFO  - Watchdog has been checked: 0 passed
11.08.2014 04:53:14,134 - INFO  - Watchdog has been checked: 0 passed
11.08.2014 04:55:14,326 - INFO  - Watchdog has been checked: 0 passed
11.08.2014 04:57:14,298 - INFO  - Watchdog has been checked: 0 passed
11.08.2014 04:59:14,105 - INFO  - Watchdog has been checked: 0 passed
11.08.2014 05:01:14,143 - INFO  - Watchdog has been checked: 0 passed
11.08.2014 05:03:14,253 - INFO  - Watchdog has been checked: 0 passed
11.08.2014 05:05:18,309 - INFO  - Watchdog has been checked: 0 passed
11.08.2014 05:07:18,251 - INFO  - Watchdog has been checked: 0 passed
11.08.2014 05:09:18,229 - INFO  - Watchdog has been checked: 0 passed
11.08.2014 05:11:18,207 - INFO  - Watchdog has been checked: 0 passed
11.08.2014 05:13:18,401 - INFO  - Watchdog has been checked: 0 passed
11.08.2014 05:15:18,183 - INFO  - Watchdog has been checked: 0 passed
11.08.2014 05:17:18,305 - INFO  - Watchdog has been checked: 0 passed
11.08.2014 05:19:18,291 - INFO  - Watchdog has been checked: 0 passed
11.08.2014 05:21:18,297 - INFO  - Watchdog has been checked: 0 passed
11.08.2014 05:23:18,233 - INFO  - Watchdog has been checked: 0 passed
11.08.2014 05:25:18,268 - INFO  - Watchdog has been checked: 0 passed
11.08.2014 05:27:18,387 - INFO  - Watchdog has been checked: 0 passed
11.08.2014 05:29:18,345 - INFO  - Watchdog has been checked: 0 passed
11.08.2014 05:31:18,357 - INFO  - Watchdog has been checked: 0 passed
11.08.2014 05:33:18,269 - INFO  - Watchdog has been checked: 0 passed
11.08.2014 05:35:18,440 - INFO  - Watchdog has been checked: 0 passed
11.08.2014 05:37:18,405 - INFO  - Watchdog has been checked: 0 passed
11.08.2014 05:39:18,361 - INFO  - Watchdog has been checked: 0 passed
11.08.2014 05:41:18,314 - INFO  - Watchdog has been checked: 0 passed
11.08.2014 05:43:18,269 - INFO  - Watchdog has been checked: 0 passed
11.08.2014 05:45:18,312 - INFO  - Watchdog has been checked: 0 passed
11.08.2014 05:47:18,466 - INFO  - Watchdog has been checked: 0 passed
11.08.2014 05:49:18,417 - INFO  - Watchdog has been checked: 0 passed
11.08.2014 05:51:18,370 - INFO  - Watchdog has been checked: 0 passed
11.08.2014 05:53:18,350 - INFO  - Watchdog has been checked: 0 passed
11.08.2014 05:55:18,338 - INFO  - Watchdog has been checked: 0 passed
11.08.2014 05:57:18,456 - INFO  - Watchdog has been checked: 0 passed
11.08.2014 05:59:18,255 - INFO  - Watchdog has been checked: 0 passed
11.08.2014 06:01:18,194 - INFO  - Watchdog has been checked: 0 passed
11.08.2014 06:03:18,135 - INFO  - Watchdog has been checked: 0 passed
11.08.2014 06:05:18,111 - INFO  - Watchdog has been checked: 0 passed
11.08.2014 06:07:18,379 - INFO  - Watchdog has been checked: 0 passed
11.08.2014 06:09:18,193 - INFO  - Watchdog has been checked: 0 passed
11.08.2014 06:11:17,082 - INFO  - Watchdog has been checked: 0 passed
11.08.2014 06:13:16,062 - INFO  - Watchdog has been checked: 0 passed
11.08.2014 06:15:01,757 - INFO  - mapping file sync started
11.08.2014 06:15:02,786 - INFO  - file successfully updated
11.08.2014 06:15:15,087 - INFO  - Watchdog has been checked: 0 passed
11.08.2014 06:17:14,090 - INFO  - Watchdog has been checked: 0 passed
11.08.2014 06:19:13,166 - INFO  - Watchdog has been checked: 0 passed
11.08.2014 06:21:13,063 - INFO  - Watchdog has been checked: 0 passed
11.08.2014 06:23:13,083 - INFO  - Watchdog has been checked: 0 passed
11.08.2014 06:25:12,121 - INFO  - Watchdog has been checked: 0 passed
11.08.2014 06:27:11,084 - INFO  - Watchdog has been checked: 0 passed
11.08.2014 06:29:10,248 - INFO  - Watchdog has been checked: 0 passed
11.08.2014 06:31:10,169 - INFO  - Watchdog has been checked: 0 passed
11.08.2014 06:33:10,345 - INFO  - Watchdog has been checked: 0 passed
11.08.2014 06:35:10,169 - INFO  - Watchdog has been checked: 0 passed
11.08.2014 06:37:10,136 - INFO  - Watchdog has been checked: 0 passed
11.08.2014 06:39:09,317 - INFO  - Watchdog has been checked: 0 passed
11.08.2014 06:41:09,283 - INFO  - Watchdog has been checked: 0 passed
11.08.2014 06:43:09,220 - INFO  - Watchdog has been checked: 0 passed
11.08.2014 06:45:09,304 - INFO  - Watchdog has been checked: 0 passed
11.08.2014 06:47:09,236 - INFO  - Watchdog has been checked: 0 passed
11.08.2014 06:49:09,159 - INFO  - Watchdog has been checked: 0 passed
11.08.2014 06:51:09,158 - INFO  - Watchdog has been checked: 0 passed
11.08.2014 06:53:09,308 - INFO  - Watchdog has been checked: 0 passed
11.08.2014 06:55:09,179 - INFO  - Watchdog has been checked: 0 passed
11.08.2014 06:57:09,150 - INFO  - Watchdog has been checked: 0 passed
11.08.2014 06:59:09,285 - INFO  - Watchdog has been checked: 0 passed
11.08.2014 07:01:09,259 - INFO  - Watchdog has been checked: 0 passed
11.08.2014 07:03:09,409 - INFO  - Watchdog has been checked: 0 passed
11.08.2014 07:05:09,211 - INFO  - Watchdog has been checked: 0 passed
11.08.2014 07:07:09,340 - INFO  - Watchdog has been checked: 0 passed
11.08.2014 07:09:09,160 - INFO  - Watchdog has been checked: 0 passed
11.08.2014 07:11:09,201 - INFO  - Watchdog has been checked: 0 passed
11.08.2014 07:13:09,168 - INFO  - Watchdog has been checked: 0 passed
11.08.2014 07:15:01,208 - INFO  - mapping file sync started
11.08.2014 07:15:01,743 - INFO  - file successfully updated
11.08.2014 07:15:09,276 - INFO  - Watchdog has been checked: 0 passed
11.08.2014 07:17:09,126 - INFO  - Watchdog has been checked: 0 passed
11.08.2014 07:19:09,185 - INFO  - Watchdog has been checked: 0 passed
11.08.2014 07:21:09,185 - INFO  - Watchdog has been checked: 0 passed
11.08.2014 07:23:09,011 - INFO  - Watchdog has been checked: 0 passed
11.08.2014 07:25:08,122 - INFO  - Watchdog has been checked: 0 passed
11.08.2014 07:27:08,017 - INFO  - Watchdog has been checked: 0 passed
11.08.2014 07:29:07,073 - INFO  - Watchdog has been checked: 0 passed
11.08.2014 07:31:06,189 - INFO  - Watchdog has been checked: 0 passed
11.08.2014 07:33:06,067 - INFO  - Watchdog has been checked: 0 passed
11.08.2014 07:35:08,182 - INFO  - Watchdog has been checked: 0 passed
11.08.2014 07:37:08,163 - INFO  - Watchdog has been checked: 0 passed
11.08.2014 07:39:07,125 - INFO  - Watchdog has been checked: 0 passed
11.08.2014 07:41:06,173 - INFO  - Watchdog has been checked: 0 passed
11.08.2014 07:43:06,271 - INFO  - Watchdog has been checked: 0 passed
11.08.2014 07:45:06,288 - INFO  - Watchdog has been checked: 0 passed
11.08.2014 07:47:06,234 - INFO  - Watchdog has been checked: 0 passed
11.08.2014 07:49:06,294 - INFO  - Watchdog has been checked: 0 passed
11.08.2014 07:51:06,145 - INFO  - Watchdog has been checked: 0 passed
11.08.2014 07:53:05,310 - INFO  - Watchdog has been checked: 0 passed
11.08.2014 07:55:08,334 - INFO  - Watchdog has been checked: 0 passed
11.08.2014 07:57:08,315 - INFO  - Watchdog has been checked: 0 passed
11.08.2014 07:59:08,276 - INFO  - Watchdog has been checked: 0 passed
11.08.2014 08:01:08,260 - INFO  - Watchdog has been checked: 0 passed
11.08.2014 08:03:08,198 - INFO  - Watchdog has been checked: 0 passed
11.08.2014 08:05:08,204 - INFO  - Watchdog has been checked: 0 passed
11.08.2014 08:07:08,268 - INFO  - Watchdog has been checked: 0 passed
11.08.2014 08:09:08,331 - INFO  - Watchdog has been checked: 0 passed
11.08.2014 08:11:08,291 - INFO  - Watchdog has been checked: 0 passed
11.08.2014 08:13:08,271 - INFO  - Watchdog has been checked: 0 passed
11.08.2014 08:15:08,268 - INFO  - Watchdog has been checked: 0 passed
11.08.2014 08:17:08,325 - INFO  - Watchdog has been checked: 0 passed
11.08.2014 08:19:08,413 - INFO  - Watchdog has been checked: 0 passed
11.08.2014 08:21:08,357 - INFO  - Watchdog has been checked: 0 passed
11.08.2014 08:23:08,324 - INFO  - Watchdog has been checked: 0 passed
11.08.2014 08:25:08,291 - INFO  - Watchdog has been checked: 0 passed
11.08.2014 08:27:08,369 - INFO  - Watchdog has been checked: 0 passed
11.08.2014 08:29:08,443 - INFO  - Watchdog has been checked: 0 passed
11.08.2014 08:31:08,394 - INFO  - Watchdog has been checked: 0 passed
11.08.2014 08:33:08,348 - INFO  - Watchdog has been checked: 0 passed
11.08.2014 08:35:08,097 - INFO  - Watchdog has been checked: 0 passed
11.08.2014 08:37:08,184 - INFO  - Watchdog has been checked: 0 passed
11.08.2014 08:39:08,307 - INFO  - Watchdog has been checked: 0 passed
11.08.2014 08:41:08,219 - INFO  - Watchdog has been checked: 0 passed
11.08.2014 08:43:08,244 - INFO  - Watchdog has been checked: 0 passed
11.08.2014 08:45:08,125 - INFO  - Watchdog has been checked: 0 passed
11.08.2014 08:47:08,111 - INFO  - Watchdog has been checked: 0 passed
11.08.2014 08:49:08,281 - INFO  - Watchdog has been checked: 0 passed
11.08.2014 08:51:08,138 - INFO  - Watchdog has been checked: 0 passed
11.08.2014 08:53:08,117 - INFO  - Watchdog has been checked: 0 passed
11.08.2014 08:55:07,099 - INFO  - Watchdog has been checked: 0 passed
11.08.2014 08:57:08,111 - INFO  - Watchdog has been checked: 0 passed
11.08.2014 08:59:07,190 - INFO  - Watchdog has been checked: 0 passed
11.08.2014 09:01:07,121 - INFO  - Watchdog has been checked: 0 passed
11.08.2014 09:03:07,129 - INFO  - Watchdog has been checked: 0 passed
11.08.2014 09:05:06,148 - INFO  - Watchdog has been checked: 0 passed
11.08.2014 09:07:05,133 - INFO  - Watchdog has been checked: 0 passed
11.08.2014 09:09:05,024 - INFO  - Watchdog has been checked: 0 passed
11.08.2014 09:11:04,241 - INFO  - Watchdog has been checked: 0 passed
11.08.2014 09:13:04,139 - INFO  - Watchdog has been checked: 0 passed
11.08.2014 09:15:04,276 - INFO  - Watchdog has been checked: 0 passed
11.08.2014 09:17:04,250 - INFO  - Watchdog has been checked: 0 passed
11.08.2014 09:19:04,180 - INFO  - Watchdog has been checked: 0 passed
11.08.2014 09:21:03,238 - INFO  - Watchdog has been checked: 0 passed
11.08.2014 09:23:03,159 - INFO  - Watchdog has been checked: 0 passed
11.08.2014 09:25:02,275 - INFO  - Watchdog has been checked: 0 passed
11.08.2014 09:27:02,336 - INFO  - Watchdog has been checked: 0 passed
11.08.2014 09:29:02,260 - INFO  - Watchdog has been checked: 0 passed
11.08.2014 09:31:02,186 - INFO  - Watchdog has been checked: 0 passed
11.08.2014 09:33:02,337 - INFO  - Watchdog has been checked: 0 passed
11.08.2014 09:35:02,181 - INFO  - Watchdog has been checked: 0 passed
11.08.2014 09:36:10,972 - INFO  - searcher identified --- respT: 65ms, 77133 results, q=, 
11.08.2014 09:36:17,875 - INFO  - searcher identified --- respT: 10ms, 80 results, q=dienstreise, 
11.08.2014 09:37:02,241 - INFO  - Watchdog has been checked: 0 passed
11.08.2014 09:39:02,279 - INFO  - Watchdog has been checked: 0 passed
11.08.2014 09:41:02,376 - INFO  - Watchdog has been checked: 0 passed
11.08.2014 09:43:02,276 - INFO  - Watchdog has been checked: 0 passed
11.08.2014 09:45:02,295 - INFO  - Watchdog has been checked: 0 passed
11.08.2014 09:47:02,349 - INFO  - Watchdog has been checked: 0 passed
11.08.2014 09:49:02,180 - INFO  - Watchdog has been checked: 0 passed
11.08.2014 09:51:02,170 - INFO  - Watchdog has been checked: 0 passed
11.08.2014 09:51:32,902 - INFO  - searcher identified --- respT: 38ms, 77136 results, q=, 
11.08.2014 09:51:35,585 - INFO  - searcher identified --- respT: 10ms, 67 results, q=buecklers, 
11.08.2014 09:51:35,629 - INFO  - searcher identified --- respT: 10ms, 67 results, q=buecklers, 
11.08.2014 09:52:00,843 - INFO  - searcher identified --- respT: 12ms, 64 results, q=buecklers thomas, 
11.08.2014 09:53:02,248 - INFO  - Watchdog has been checked: 0 passed
11.08.2014 09:55:02,126 - INFO  - Watchdog has been checked: 0 passed
11.08.2014 09:57:02,099 - INFO  - Watchdog has been checked: 0 passed
11.08.2014 09:59:02,237 - INFO  - Watchdog has been checked: 0 passed
11.08.2014 10:01:02,265 - INFO  - Watchdog has been checked: 0 passed
11.08.2014 10:03:02,121 - INFO  - Watchdog has been checked: 0 passed
11.08.2014 10:05:02,143 - INFO  - Watchdog has been checked: 0 passed
11.08.2014 10:07:02,216 - INFO  - Watchdog has been checked: 0 passed
11.08.2014 10:09:02,271 - INFO  - Watchdog has been checked: 0 passed
11.08.2014 10:11:02,297 - INFO  - Watchdog has been checked: 0 passed
11.08.2014 10:13:02,098 - INFO  - Watchdog has been checked: 0 passed
11.08.2014 10:15:02,153 - INFO  - Watchdog has been checked: 0 passed
11.08.2014 10:17:02,243 - INFO  - Watchdog has been checked: 0 passed
11.08.2014 10:19:02,264 - INFO  - Watchdog has been checked: 0 passed
11.08.2014 10:21:02,274 - INFO  - Watchdog has been checked: 0 passed
11.08.2014 10:23:02,159 - INFO  - Watchdog has been checked: 0 passed
11.08.2014 10:25:02,162 - INFO  - Watchdog has been checked: 0 passed
11.08.2014 10:27:02,202 - INFO  - Watchdog has been checked: 0 passed
11.08.2014 10:29:02,179 - INFO  - Watchdog has been checked: 0 passed
11.08.2014 10:31:02,299 - INFO  - Watchdog has been checked: 0 passed
11.08.2014 10:33:02,217 - INFO  - Watchdog has been checked: 0 passed
11.08.2014 10:35:02,224 - INFO  - Watchdog has been checked: 0 passed
11.08.2014 10:37:02,308 - INFO  - Watchdog has been checked: 0 passed
11.08.2014 10:39:02,307 - INFO  - Watchdog has been checked: 0 passed
11.08.2014 10:41:02,289 - INFO  - Watchdog has been checked: 0 passed
11.08.2014 10:43:02,265 - INFO  - Watchdog has been checked: 0 passed
11.08.2014 10:45:02,281 - INFO  - Watchdog has been checked: 0 passed
11.08.2014 10:47:02,346 - INFO  - Watchdog has been checked: 0 passed
11.08.2014 10:49:02,184 - INFO  - Watchdog has been checked: 0 passed
11.08.2014 10:51:02,376 - INFO  - Watchdog has been checked: 0 passed
11.08.2014 10:53:02,308 - INFO  - Watchdog has been checked: 0 passed
11.08.2014 10:55:02,273 - INFO  - Watchdog has been checked: 0 passed
11.08.2014 10:57:02,305 - INFO  - Watchdog has been checked: 0 passed
11.08.2014 10:59:02,168 - INFO  - Watchdog has been checked: 0 passed
11.08.2014 11:01:02,144 - INFO  - Watchdog has been checked: 0 passed
11.08.2014 11:03:02,089 - INFO  - Watchdog has been checked: 0 passed
11.08.2014 11:05:01,162 - INFO  - Watchdog has been checked: 0 passed
11.08.2014 11:07:00,098 - INFO  - Watchdog has been checked: 0 passed
11.08.2014 11:09:00,060 - INFO  - Watchdog has been checked: 0 passed
11.08.2014 11:10:59,225 - INFO  - Watchdog has been checked: 0 passed
11.08.2014 11:12:59,203 - INFO  - Watchdog has been checked: 0 passed
11.08.2014 11:14:59,209 - INFO  - Watchdog has been checked: 0 passed
11.08.2014 11:16:59,214 - INFO  - Watchdog has been checked: 0 passed
11.08.2014 11:18:59,136 - INFO  - Watchdog has been checked: 0 passed
11.08.2014 11:20:59,060 - INFO  - Watchdog has been checked: 0 passed
11.08.2014 11:22:59,249 - INFO  - Watchdog has been checked: 0 passed
11.08.2014 11:24:59,293 - INFO  - Watchdog has been checked: 0 passed
11.08.2014 11:26:59,274 - INFO  - Watchdog has been checked: 0 passed
11.08.2014 11:28:59,091 - INFO  - Watchdog has been checked: 0 passed
11.08.2014 11:30:59,338 - INFO  - Watchdog has been checked: 0 passed
11.08.2014 11:32:59,248 - INFO  - Watchdog has been checked: 0 passed
11.08.2014 11:34:59,259 - INFO  - Watchdog has been checked: 0 passed
11.08.2014 11:36:59,231 - INFO  - Watchdog has been checked: 0 passed
11.08.2014 11:37:47,770 - INFO  - searcher identified --- respT: 36ms, 77144 results, q=, 
11.08.2014 11:38:50,893 - INFO  - searcher identified --- respT: 21ms, 511 results, q=alfresco task, 
11.08.2014 11:38:59,365 - INFO  - Watchdog has been checked: 0 passed
11.08.2014 11:40:59,354 - INFO  - Watchdog has been checked: 0 passed
11.08.2014 11:42:59,270 - INFO  - Watchdog has been checked: 0 passed
11.08.2014 11:44:59,374 - INFO  - Watchdog has been checked: 0 passed
11.08.2014 11:46:59,322 - INFO  - Watchdog has been checked: 0 passed
11.08.2014 11:48:07,314 - INFO  - searcher identified --- respT: 44ms, 82605 results, q=, 
11.08.2014 11:48:14,825 - INFO  - searcher identified --- respT: 16ms, no results, q=optiwres, 
11.08.2014 11:48:18,273 - INFO  - searcher identified --- respT: 19ms, no results, q=optiwr, 
11.08.2014 11:48:19,534 - INFO  - searcher identified --- respT: 32ms, 56 results, q=optiwares, 
11.08.2014 11:48:23,329 - INFO  - searcher identified --- respT: 14ms, 2 results, q=optiwares.web.psi.ch, 
11.08.2014 11:48:59,197 - INFO  - Watchdog has been checked: 0 passed
11.08.2014 11:49:26,438 - INFO  - searcher identified --- respT: 10ms, 56 results, q=optiwares, 
11.08.2014 11:50:59,413 - INFO  - Watchdog has been checked: 0 passed
11.08.2014 11:52:59,318 - INFO  - Watchdog has been checked: 0 passed
11.08.2014 11:54:59,428 - INFO  - Watchdog has been checked: 0 passed
11.08.2014 11:56:59,368 - INFO  - Watchdog has been checked: 0 passed
11.08.2014 11:58:59,294 - INFO  - Watchdog has been checked: 0 passed
11.08.2014 12:00:59,252 - INFO  - Watchdog has been checked: 0 passed
11.08.2014 12:02:59,367 - INFO  - Watchdog has been checked: 0 passed
11.08.2014 12:04:59,297 - INFO  - Watchdog has been checked: 0 passed
11.08.2014 12:06:59,210 - INFO  - Watchdog has been checked: 0 passed
11.08.2014 12:08:59,311 - INFO  - Watchdog has been checked: 0 passed
11.08.2014 12:10:59,356 - INFO  - Watchdog has been checked: 0 passed
11.08.2014 12:12:59,316 - INFO  - Watchdog has been checked: 0 passed
11.08.2014 12:14:59,178 - INFO  - Watchdog has been checked: 0 passed
11.08.2014 12:16:59,392 - INFO  - Watchdog has been checked: 0 passed
11.08.2014 12:18:59,111 - INFO  - Watchdog has been checked: 0 passed
11.08.2014 12:20:59,214 - INFO  - Watchdog has been checked: 0 passed
11.08.2014 12:22:59,193 - INFO  - Watchdog has been checked: 0 passed
11.08.2014 12:24:59,056 - INFO  - Watchdog has been checked: 0 passed
11.08.2014 12:26:58,333 - INFO  - Watchdog has been checked: 0 passed
11.08.2014 12:28:58,425 - INFO  - Watchdog has been checked: 0 passed
11.08.2014 12:30:58,132 - INFO  - Watchdog has been checked: 0 passed
11.08.2014 12:32:58,331 - INFO  - Watchdog has been checked: 0 passed
11.08.2014 12:34:58,451 - INFO  - Watchdog has been checked: 0 passed
11.08.2014 12:36:58,184 - INFO  - Watchdog has been checked: 0 passed
11.08.2014 12:38:58,307 - INFO  - Watchdog has been checked: 0 passed
11.08.2014 12:40:58,090 - INFO  - Watchdog has been checked: 0 passed
11.08.2014 12:42:57,386 - INFO  - Watchdog has been checked: 0 passed
11.08.2014 12:44:57,291 - INFO  - Watchdog has been checked: 0 passed
11.08.2014 12:46:57,338 - INFO  - Watchdog has been checked: 0 passed
11.08.2014 12:48:57,162 - INFO  - Watchdog has been checked: 0 passed
11.08.2014 12:50:57,192 - INFO  - Watchdog has been checked: 0 passed
11.08.2014 12:52:57,276 - INFO  - Watchdog has been checked: 0 passed
11.08.2014 12:54:57,092 - INFO  - Watchdog has been checked: 0 passed
11.08.2014 12:56:57,240 - INFO  - Watchdog has been checked: 0 passed
11.08.2014 12:58:57,232 - INFO  - Watchdog has been checked: 0 passed
11.08.2014 13:00:57,257 - INFO  - Watchdog has been checked: 0 passed
11.08.2014 13:02:57,275 - INFO  - Watchdog has been checked: 0 passed
11.08.2014 13:04:57,279 - INFO  - Watchdog has been checked: 0 passed
11.08.2014 13:06:57,189 - INFO  - Watchdog has been checked: 0 passed
11.08.2014 13:08:57,221 - INFO  - Watchdog has been checked: 0 passed
11.08.2014 13:10:58,185 - INFO  - Watchdog has been checked: 0 passed
11.08.2014 13:12:58,284 - INFO  - Watchdog has been checked: 0 passed
11.08.2014 13:14:58,302 - INFO  - Watchdog has been checked: 0 passed
11.08.2014 13:16:58,336 - INFO  - Watchdog has been checked: 0 passed
11.08.2014 13:18:58,183 - INFO  - Watchdog has been checked: 0 passed
11.08.2014 13:20:58,141 - INFO  - Watchdog has been checked: 0 passed
11.08.2014 13:22:58,332 - INFO  - Watchdog has been checked: 0 passed
11.08.2014 13:24:58,122 - INFO  - Watchdog has been checked: 0 passed
11.08.2014 13:26:58,343 - INFO  - Watchdog has been checked: 0 passed
11.08.2014 13:28:58,264 - INFO  - Watchdog has been checked: 0 passed
11.08.2014 13:30:58,413 - INFO  - Watchdog has been checked: 0 passed
11.08.2014 13:32:58,400 - INFO  - Watchdog has been checked: 0 passed
11.08.2014 13:34:58,419 - INFO  - Watchdog has been checked: 0 passed
11.08.2014 13:36:58,310 - INFO  - Watchdog has been checked: 0 passed
11.08.2014 13:38:58,345 - INFO  - Watchdog has been checked: 0 passed
11.08.2014 13:40:58,272 - INFO  - Watchdog has been checked: 0 passed
11.08.2014 13:42:58,204 - INFO  - Watchdog has been checked: 0 passed
11.08.2014 13:44:58,270 - INFO  - Watchdog has been checked: 0 passed
11.08.2014 13:46:58,215 - INFO  - Watchdog has been checked: 0 passed
11.08.2014 13:48:58,131 - INFO  - Watchdog has been checked: 0 passed
11.08.2014 13:50:58,265 - INFO  - Watchdog has been checked: 0 passed
11.08.2014 13:52:58,192 - INFO  - Watchdog has been checked: 0 passed
11.08.2014 13:54:58,226 - INFO  - Watchdog has been checked: 0 passed
11.08.2014 13:56:58,191 - INFO  - Watchdog has been checked: 0 passed
11.08.2014 13:58:58,156 - INFO  - Watchdog has been checked: 0 passed
11.08.2014 14:00:58,063 - INFO  - Watchdog has been checked: 0 passed
11.08.2014 14:02:57,988 - INFO  - Watchdog has been checked: 0 passed
11.08.2014 14:04:57,068 - INFO  - Watchdog has been checked: 0 passed
11.08.2014 14:06:56,021 - INFO  - Watchdog has been checked: 0 passed
11.08.2014 14:08:55,162 - INFO  - Watchdog has been checked: 0 passed
11.08.2014 14:10:55,175 - INFO  - Watchdog has been checked: 0 passed
11.08.2014 14:12:58,305 - INFO  - Watchdog has been checked: 0 passed
11.08.2014 14:14:58,192 - INFO  - Watchdog has been checked: 0 passed
11.08.2014 14:16:58,085 - INFO  - Watchdog has been checked: 0 passed
11.08.2014 14:18:58,218 - INFO  - Watchdog has been checked: 0 passed
11.08.2014 14:20:58,214 - INFO  - Watchdog has been checked: 0 passed
11.08.2014 14:22:58,138 - INFO  - Watchdog has been checked: 0 passed
11.08.2014 14:24:58,288 - INFO  - Watchdog has been checked: 0 passed
11.08.2014 14:26:58,205 - INFO  - Watchdog has been checked: 0 passed
11.08.2014 14:28:58,154 - INFO  - Watchdog has been checked: 0 passed
11.08.2014 14:30:58,184 - INFO  - Watchdog has been checked: 0 passed
11.08.2014 14:32:58,308 - INFO  - Watchdog has been checked: 0 passed
11.08.2014 14:34:58,204 - INFO  - Watchdog has been checked: 0 passed
11.08.2014 14:36:58,175 - INFO  - Watchdog has been checked: 0 passed
11.08.2014 14:38:58,297 - INFO  - Watchdog has been checked: 0 passed
11.08.2014 14:40:58,297 - INFO  - Watchdog has been checked: 0 passed
11.08.2014 14:42:58,192 - INFO  - Watchdog has been checked: 0 passed
11.08.2014 14:44:58,242 - INFO  - Watchdog has been checked: 0 passed
11.08.2014 14:46:58,268 - INFO  - Watchdog has been checked: 0 passed
11.08.2014 14:48:58,422 - INFO  - Watchdog has been checked: 0 passed
11.08.2014 14:50:58,282 - INFO  - Watchdog has been checked: 0 passed
11.08.2014 14:52:58,352 - INFO  - Watchdog has been checked: 0 passed
11.08.2014 14:54:58,451 - INFO  - Watchdog has been checked: 0 passed
11.08.2014 14:56:58,477 - INFO  - Watchdog has been checked: 0 passed
11.08.2014 14:58:58,286 - INFO  - Watchdog has been checked: 0 passed
11.08.2014 15:00:58,358 - INFO  - Watchdog has been checked: 0 passed
11.08.2014 15:02:58,144 - INFO  - Watchdog has been checked: 0 passed
11.08.2014 15:04:58,210 - INFO  - Watchdog has been checked: 0 passed
11.08.2014 15:06:58,208 - INFO  - Watchdog has been checked: 0 passed
11.08.2014 15:08:58,307 - INFO  - Watchdog has been checked: 0 passed
11.08.2014 15:10:58,301 - INFO  - Watchdog has been checked: 0 passed
11.08.2014 15:12:58,190 - INFO  - Watchdog has been checked: 0 passed
11.08.2014 15:14:58,230 - INFO  - Watchdog has been checked: 0 passed
11.08.2014 15:16:58,384 - INFO  - Watchdog has been checked: 0 passed
11.08.2014 15:18:58,357 - INFO  - Watchdog has been checked: 0 passed
11.08.2014 15:20:58,071 - INFO  - Watchdog has been checked: 0 passed
11.08.2014 15:22:58,224 - INFO  - Watchdog has been checked: 0 passed
11.08.2014 15:24:58,284 - INFO  - Watchdog has been checked: 0 passed
11.08.2014 15:26:58,074 - INFO  - Watchdog has been checked: 0 passed
11.08.2014 15:28:57,081 - INFO  - Watchdog has been checked: 0 passed
11.08.2014 15:30:57,110 - INFO  - Watchdog has been checked: 0 passed
11.08.2014 15:32:57,024 - INFO  - Watchdog has been checked: 0 passed
11.08.2014 15:34:58,047 - INFO  - Watchdog has been checked: 0 passed
11.08.2014 15:36:58,147 - INFO  - Watchdog has been checked: 0 passed
11.08.2014 15:38:58,285 - INFO  - Watchdog has been checked: 0 passed
11.08.2014 15:40:58,227 - INFO  - Watchdog has been checked: 0 passed
11.08.2014 15:42:58,114 - INFO  - Watchdog has been checked: 0 passed
11.08.2014 15:44:58,147 - INFO  - Watchdog has been checked: 0 passed
11.08.2014 15:46:58,172 - INFO  - Watchdog has been checked: 0 passed
11.08.2014 15:48:58,350 - INFO  - Watchdog has been checked: 0 passed
11.08.2014 15:50:58,264 - INFO  - Watchdog has been checked: 0 passed
11.08.2014 15:52:58,233 - INFO  - Watchdog has been checked: 0 passed
11.08.2014 15:54:58,214 - INFO  - Watchdog has been checked: 0 passed
11.08.2014 15:56:58,242 - INFO  - Watchdog has been checked: 0 passed
11.08.2014 15:58:58,361 - INFO  - Watchdog has been checked: 0 passed
11.08.2014 16:00:58,311 - INFO  - Watchdog has been checked: 0 passed
11.08.2014 16:02:58,217 - INFO  - Watchdog has been checked: 0 passed
11.08.2014 16:04:58,220 - INFO  - Watchdog has been checked: 0 passed
11.08.2014 16:06:58,234 - INFO  - Watchdog has been checked: 0 passed
11.08.2014 16:08:58,369 - INFO  - Watchdog has been checked: 0 passed
11.08.2014 16:10:58,296 - INFO  - Watchdog has been checked: 0 passed
11.08.2014 16:12:58,245 - INFO  - Watchdog has been checked: 0 passed
11.08.2014 16:14:58,241 - INFO  - Watchdog has been checked: 0 passed
11.08.2014 16:16:58,566 - INFO  - Watchdog has been checked: 0 passed
11.08.2014 16:18:58,410 - INFO  - Watchdog has been checked: 0 passed
11.08.2014 16:20:58,262 - INFO  - Watchdog has been checked: 0 passed
11.08.2014 16:22:58,195 - INFO  - Watchdog has been checked: 0 passed
11.08.2014 16:24:58,234 - INFO  - Watchdog has been checked: 0 passed
11.08.2014 16:26:58,210 - INFO  - Watchdog has been checked: 0 passed
11.08.2014 16:28:58,349 - INFO  - Watchdog has been checked: 0 passed
11.08.2014 16:30:58,245 - INFO  - Watchdog has been checked: 0 passed
11.08.2014 16:32:58,185 - INFO  - Watchdog has been checked: 0 passed
11.08.2014 16:34:58,236 - INFO  - Watchdog has been checked: 0 passed
11.08.2014 16:36:58,218 - INFO  - Watchdog has been checked: 0 passed
11.08.2014 16:38:58,102 - INFO  - Watchdog has been checked: 0 passed
11.08.2014 16:40:57,061 - INFO  - Watchdog has been checked: 0 passed
11.08.2014 16:42:56,503 - INFO  - Watchdog has been checked: 0 passed
11.08.2014 16:44:56,234 - INFO  - Watchdog has been checked: 0 passed
11.08.2014 16:46:56,228 - INFO  - Watchdog has been checked: 0 passed
11.08.2014 16:48:56,336 - INFO  - Watchdog has been checked: 0 passed
11.08.2014 16:50:56,065 - INFO  - Watchdog has been checked: 0 passed
11.08.2014 16:52:55,250 - INFO  - Watchdog has been checked: 0 passed
11.08.2014 16:54:55,388 - INFO  - Watchdog has been checked: 0 passed
11.08.2014 16:56:55,267 - INFO  - Watchdog has been checked: 0 passed
11.08.2014 16:58:55,157 - INFO  - Watchdog has been checked: 0 passed
11.08.2014 17:00:55,208 - INFO  - Watchdog has been checked: 0 passed
11.08.2014 17:02:55,279 - INFO  - Watchdog has been checked: 0 passed
11.08.2014 17:04:55,471 - INFO  - Watchdog has been checked: 0 passed
11.08.2014 17:06:55,349 - INFO  - Watchdog has been checked: 0 passed
11.08.2014 17:08:55,484 - INFO  - Watchdog has been checked: 0 passed
11.08.2014 17:10:55,216 - INFO  - Watchdog has been checked: 0 passed
11.08.2014 17:12:55,347 - INFO  - Watchdog has been checked: 0 passed
11.08.2014 17:14:55,200 - INFO  - Watchdog has been checked: 0 passed
11.08.2014 17:16:55,170 - INFO  - Watchdog has been checked: 0 passed
11.08.2014 17:18:58,249 - INFO  - Watchdog has been checked: 0 passed
11.08.2014 17:20:58,317 - INFO  - Watchdog has been checked: 0 passed
11.08.2014 17:22:58,198 - INFO  - Watchdog has been checked: 0 passed
11.08.2014 17:24:58,243 - INFO  - Watchdog has been checked: 0 passed
11.08.2014 17:26:58,218 - INFO  - Watchdog has been checked: 0 passed
11.08.2014 17:28:58,345 - INFO  - Watchdog has been checked: 0 passed
11.08.2014 17:30:58,132 - INFO  - Watchdog has been checked: 0 passed
11.08.2014 17:32:58,273 - INFO  - Watchdog has been checked: 0 passed
11.08.2014 17:34:58,309 - INFO  - Watchdog has been checked: 0 passed
11.08.2014 17:36:58,313 - INFO  - Watchdog has been checked: 0 passed
11.08.2014 17:38:58,176 - INFO  - Watchdog has been checked: 0 passed
11.08.2014 17:40:58,200 - INFO  - Watchdog has been checked: 0 passed
11.08.2014 17:42:58,303 - INFO  - Watchdog has been checked: 0 passed
11.08.2014 17:44:58,044 - INFO  - Watchdog has been checked: 0 passed
11.08.2014 17:46:58,081 - INFO  - Watchdog has been checked: 0 passed
11.08.2014 17:48:58,186 - INFO  - Watchdog has been checked: 0 passed
11.08.2014 17:50:58,157 - INFO  - Watchdog has been checked: 0 passed
11.08.2014 17:52:58,040 - INFO  - Watchdog has been checked: 0 passed
11.08.2014 17:54:58,079 - INFO  - Watchdog has been checked: 0 passed
11.08.2014 17:56:58,119 - INFO  - Watchdog has been checked: 0 passed
11.08.2014 17:58:58,210 - INFO  - Watchdog has been checked: 0 passed
11.08.2014 18:00:58,223 - INFO  - Watchdog has been checked: 0 passed
11.08.2014 18:02:58,098 - INFO  - Watchdog has been checked: 0 passed
11.08.2014 18:04:58,198 - INFO  - Watchdog has been checked: 0 passed
11.08.2014 18:06:58,203 - INFO  - Watchdog has been checked: 0 passed
11.08.2014 18:08:58,333 - INFO  - Watchdog has been checked: 0 passed
11.08.2014 18:10:58,298 - INFO  - Watchdog has been checked: 0 passed
11.08.2014 18:12:58,200 - INFO  - Watchdog has been checked: 0 passed
11.08.2014 18:14:58,243 - INFO  - Watchdog has been checked: 0 passed
11.08.2014 18:16:58,272 - INFO  - Watchdog has been checked: 0 passed
11.08.2014 18:18:58,165 - INFO  - Watchdog has been checked: 0 passed
11.08.2014 18:20:58,381 - INFO  - Watchdog has been checked: 0 passed
11.08.2014 18:22:58,327 - INFO  - Watchdog has been checked: 0 passed
11.08.2014 18:24:58,390 - INFO  - Watchdog has been checked: 0 passed
11.08.2014 18:26:58,402 - INFO  - Watchdog has been checked: 0 passed
11.08.2014 18:28:58,238 - INFO  - Watchdog has been checked: 0 passed
11.08.2014 18:30:58,419 - INFO  - Watchdog has been checked: 0 passed
11.08.2014 18:32:58,392 - INFO  - Watchdog has been checked: 0 passed
11.08.2014 18:34:58,477 - INFO  - Watchdog has been checked: 0 passed
11.08.2014 18:36:58,272 - INFO  - Watchdog has been checked: 0 passed
11.08.2014 18:38:57,241 - INFO  - Watchdog has been checked: 0 passed
11.08.2014 18:40:57,206 - INFO  - Watchdog has been checked: 0 passed
11.08.2014 18:42:57,187 - INFO  - Watchdog has been checked: 0 passed
11.08.2014 18:44:57,304 - INFO  - Watchdog has been checked: 0 passed
11.08.2014 18:46:57,305 - INFO  - Watchdog has been checked: 0 passed
11.08.2014 18:48:57,232 - INFO  - Watchdog has been checked: 0 passed
11.08.2014 18:50:57,212 - INFO  - Watchdog has been checked: 0 passed
11.08.2014 18:52:57,148 - INFO  - Watchdog has been checked: 0 passed
11.08.2014 18:54:56,183 - INFO  - Watchdog has been checked: 0 passed
11.08.2014 18:56:56,178 - INFO  - Watchdog has been checked: 0 passed
11.08.2014 18:58:56,301 - INFO  - Watchdog has been checked: 0 passed
11.08.2014 19:00:56,266 - INFO  - Watchdog has been checked: 0 passed
11.08.2014 19:02:56,267 - INFO  - Watchdog has been checked: 0 passed
11.08.2014 19:04:56,300 - INFO  - Watchdog has been checked: 0 passed
11.08.2014 19:06:56,291 - INFO  - Watchdog has been checked: 0 passed
11.08.2014 19:08:56,174 - INFO  - Watchdog has been checked: 0 passed
11.08.2014 19:10:56,142 - INFO  - Watchdog has been checked: 0 passed
11.08.2014 19:12:56,312 - INFO  - Watchdog has been checked: 0 passed
11.08.2014 19:14:56,145 - INFO  - Watchdog has been checked: 0 passed
11.08.2014 19:16:56,104 - INFO  - Watchdog has been checked: 0 passed
11.08.2014 19:18:56,240 - INFO  - Watchdog has been checked: 0 passed
11.08.2014 19:20:56,247 - INFO  - Watchdog has been checked: 0 passed
11.08.2014 19:22:58,397 - INFO  - Watchdog has been checked: 0 passed
11.08.2014 19:24:58,224 - INFO  - Watchdog has been checked: 0 passed
11.08.2014 19:26:58,252 - INFO  - Watchdog has been checked: 0 passed
11.08.2014 19:28:58,085 - INFO  - Watchdog has been checked: 0 passed
11.08.2014 19:30:58,150 - INFO  - Watchdog has been checked: 0 passed
11.08.2014 19:32:58,268 - INFO  - Watchdog has been checked: 0 passed
11.08.2014 19:34:58,134 - INFO  - Watchdog has been checked: 0 passed
11.08.2014 19:36:58,268 - INFO  - Watchdog has been checked: 0 passed
11.08.2014 19:38:58,145 - INFO  - Watchdog has been checked: 0 passed
11.08.2014 19:40:58,126 - INFO  - Watchdog has been checked: 0 passed
11.08.2014 19:42:58,113 - INFO  - Watchdog has been checked: 0 passed
11.08.2014 19:44:57,094 - INFO  - Watchdog has been checked: 0 passed
11.08.2014 19:46:56,301 - INFO  - Watchdog has been checked: 0 passed
11.08.2014 19:48:57,207 - INFO  - Watchdog has been checked: 0 passed
11.08.2014 19:50:57,263 - INFO  - Watchdog has been checked: 0 passed
11.08.2014 19:52:57,131 - INFO  - Watchdog has been checked: 0 passed
11.08.2014 19:54:57,197 - INFO  - Watchdog has been checked: 0 passed
11.08.2014 19:56:57,211 - INFO  - Watchdog has been checked: 0 passed
11.08.2014 19:58:57,291 - INFO  - Watchdog has been checked: 0 passed
11.08.2014 20:00:57,068 - INFO  - Watchdog has been checked: 0 passed
11.08.2014 20:02:56,159 - INFO  - Watchdog has been checked: 0 passed
11.08.2014 20:04:56,251 - INFO  - Watchdog has been checked: 0 passed
11.08.2014 20:06:56,256 - INFO  - Watchdog has been checked: 0 passed
11.08.2014 20:08:56,064 - INFO  - Watchdog has been checked: 0 passed
11.08.2014 20:10:56,125 - INFO  - Watchdog has been checked: 0 passed
11.08.2014 20:12:56,272 - INFO  - Watchdog has been checked: 0 passed
11.08.2014 20:14:56,055 - INFO  - Watchdog has been checked: 0 passed
11.08.2014 20:16:56,077 - INFO  - Watchdog has been checked: 0 passed
11.08.2014 20:18:56,147 - INFO  - Watchdog has been checked: 0 passed
11.08.2014 20:20:56,233 - INFO  - Watchdog has been checked: 0 passed
11.08.2014 20:22:56,140 - INFO  - Watchdog has been checked: 0 passed
11.08.2014 20:24:58,194 - INFO  - Watchdog has been checked: 0 passed
11.08.2014 20:26:58,115 - INFO  - Watchdog has been checked: 0 passed
11.08.2014 20:28:58,181 - INFO  - Watchdog has been checked: 0 passed
11.08.2014 20:30:58,222 - INFO  - Watchdog has been checked: 0 passed
11.08.2014 20:32:58,068 - INFO  - Watchdog has been checked: 0 passed
11.08.2014 20:34:57,057 - INFO  - Watchdog has been checked: 0 passed
11.08.2014 20:36:56,186 - INFO  - Watchdog has been checked: 0 passed
11.08.2014 20:38:56,181 - INFO  - Watchdog has been checked: 0 passed
11.08.2014 20:40:56,215 - INFO  - Watchdog has been checked: 0 passed
11.08.2014 20:42:56,118 - INFO  - Watchdog has been checked: 0 passed
11.08.2014 20:44:58,101 - INFO  - Watchdog has been checked: 0 passed
11.08.2014 20:46:57,237 - INFO  - Watchdog has been checked: 0 passed
11.08.2014 20:48:57,288 - INFO  - Watchdog has been checked: 0 passed
11.08.2014 20:50:57,232 - INFO  - Watchdog has been checked: 0 passed
11.08.2014 20:52:57,187 - INFO  - Watchdog has been checked: 0 passed
11.08.2014 20:54:57,286 - INFO  - Watchdog has been checked: 0 passed
11.08.2014 20:56:57,289 - INFO  - Watchdog has been checked: 0 passed
11.08.2014 20:58:57,124 - INFO  - Watchdog has been checked: 0 passed
11.08.2014 21:00:56,145 - INFO  - Watchdog has been checked: 0 passed
11.08.2014 21:02:56,324 - INFO  - Watchdog has been checked: 0 passed
11.08.2014 21:04:56,338 - INFO  - Watchdog has been checked: 0 passed
11.08.2014 21:06:56,089 - INFO  - Watchdog has been checked: 0 passed
11.08.2014 21:08:55,197 - INFO  - Watchdog has been checked: 0 passed
11.08.2014 21:10:55,146 - INFO  - Watchdog has been checked: 0 passed
11.08.2014 21:12:55,324 - INFO  - Watchdog has been checked: 0 passed
11.08.2014 21:14:55,101 - INFO  - Watchdog has been checked: 0 passed
11.08.2014 21:16:55,188 - INFO  - Watchdog has been checked: 0 passed
11.08.2014 21:18:54,215 - INFO  - Watchdog has been checked: 0 passed
11.08.2014 21:20:54,417 - INFO  - Watchdog has been checked: 0 passed
11.08.2014 21:22:54,419 - INFO  - Watchdog has been checked: 0 passed
11.08.2014 21:24:54,229 - INFO  - Watchdog has been checked: 0 passed
11.08.2014 21:26:58,444 - INFO  - Watchdog has been checked: 0 passed
11.08.2014 21:28:58,342 - INFO  - Watchdog has been checked: 0 passed
11.08.2014 21:30:58,268 - INFO  - Watchdog has been checked: 0 passed
11.08.2014 21:32:58,161 - INFO  - Watchdog has been checked: 0 passed
11.08.2014 21:34:58,201 - INFO  - Watchdog has been checked: 0 passed
11.08.2014 21:36:58,234 - INFO  - Watchdog has been checked: 0 passed
11.08.2014 21:38:58,112 - INFO  - Watchdog has been checked: 0 passed
11.08.2014 21:40:58,287 - INFO  - Watchdog has been checked: 0 passed
11.08.2014 21:42:58,194 - INFO  - Watchdog has been checked: 0 passed
11.08.2014 21:44:58,237 - INFO  - Watchdog has been checked: 0 passed
11.08.2014 21:46:58,203 - INFO  - Watchdog has been checked: 0 passed
11.08.2014 21:48:58,089 - INFO  - Watchdog has been checked: 0 passed
11.08.2014 21:50:58,318 - INFO  - Watchdog has been checked: 0 passed
11.08.2014 21:52:58,241 - INFO  - Watchdog has been checked: 0 passed
11.08.2014 21:54:58,306 - INFO  - Watchdog has been checked: 0 passed
11.08.2014 21:56:58,305 - INFO  - Watchdog has been checked: 0 passed
11.08.2014 21:58:58,242 - INFO  - Watchdog has been checked: 0 passed
11.08.2014 22:00:58,164 - INFO  - Watchdog has been checked: 0 passed
11.08.2014 22:02:58,240 - INFO  - Watchdog has been checked: 0 passed
11.08.2014 22:04:58,177 - INFO  - Watchdog has been checked: 0 passed
11.08.2014 22:06:58,165 - INFO  - Watchdog has been checked: 0 passed
11.08.2014 22:08:58,341 - INFO  - Watchdog has been checked: 0 passed
11.08.2014 22:10:58,287 - INFO  - Watchdog has been checked: 0 passed
11.08.2014 22:12:58,158 - INFO  - Watchdog has been checked: 0 passed
11.08.2014 22:14:58,273 - INFO  - Watchdog has been checked: 0 passed
11.08.2014 22:16:58,235 - INFO  - Watchdog has been checked: 0 passed
11.08.2014 22:18:58,353 - INFO  - Watchdog has been checked: 0 passed
11.08.2014 22:20:58,296 - INFO  - Watchdog has been checked: 0 passed
11.08.2014 22:22:58,223 - INFO  - Watchdog has been checked: 0 passed
11.08.2014 22:24:58,258 - INFO  - Watchdog has been checked: 0 passed
11.08.2014 22:26:58,264 - INFO  - Watchdog has been checked: 0 passed
11.08.2014 22:28:58,361 - INFO  - Watchdog has been checked: 0 passed
11.08.2014 22:30:58,316 - INFO  - Watchdog has been checked: 0 passed
11.08.2014 22:32:58,228 - INFO  - Watchdog has been checked: 0 passed
11.08.2014 22:34:58,276 - INFO  - Watchdog has been checked: 0 passed
11.08.2014 22:36:58,304 - INFO  - Watchdog has been checked: 0 passed
11.08.2014 22:38:58,291 - INFO  - Watchdog has been checked: 0 passed
11.08.2014 22:40:58,307 - INFO  - Watchdog has been checked: 0 passed
11.08.2014 22:42:58,207 - INFO  - Watchdog has been checked: 0 passed
11.08.2014 22:44:57,228 - INFO  - Watchdog has been checked: 0 passed
11.08.2014 22:46:57,206 - INFO  - Watchdog has been checked: 0 passed
11.08.2014 22:48:58,263 - INFO  - Watchdog has been checked: 0 passed
11.08.2014 22:50:58,013 - INFO  - Watchdog has been checked: 0 passed
11.08.2014 22:52:57,159 - INFO  - Watchdog has been checked: 0 passed
11.08.2014 22:54:57,167 - INFO  - Watchdog has been checked: 0 passed
11.08.2014 22:56:57,186 - INFO  - Watchdog has been checked: 0 passed
11.08.2014 22:58:57,227 - INFO  - Watchdog has been checked: 0 passed
11.08.2014 23:00:57,063 - INFO  - Watchdog has been checked: 0 passed
11.08.2014 23:02:56,257 - INFO  - Watchdog has been checked: 0 passed
11.08.2014 23:04:56,009 - INFO  - Watchdog has been checked: 0 passed
11.08.2014 23:06:56,079 - INFO  - Watchdog has been checked: 0 passed
11.08.2014 23:08:55,131 - INFO  - Watchdog has been checked: 0 passed
11.08.2014 23:10:55,152 - INFO  - Watchdog has been checked: 0 passed
11.08.2014 23:12:55,280 - INFO  - Watchdog has been checked: 0 passed
11.08.2014 23:14:55,091 - INFO  - Watchdog has been checked: 0 passed
11.08.2014 23:16:55,134 - INFO  - Watchdog has been checked: 0 passed
11.08.2014 23:18:55,188 - INFO  - Watchdog has been checked: 0 passed
11.08.2014 23:20:55,185 - INFO  - Watchdog has been checked: 0 passed
11.08.2014 23:22:55,325 - INFO  - Watchdog has been checked: 0 passed
11.08.2014 23:24:55,137 - INFO  - Watchdog has been checked: 0 passed
11.08.2014 23:26:55,178 - INFO  - Watchdog has been checked: 0 passed
11.08.2014 23:28:55,262 - INFO  - Watchdog has been checked: 0 passed
11.08.2014 23:30:58,211 - INFO  - Watchdog has been checked: 0 passed
11.08.2014 23:31:58,332 - INFO  - Watchdog has been checked: 0 passed
11.08.2014 23:33:58,292 - INFO  - Watchdog has been checked: 0 passed
11.08.2014 23:35:58,311 - INFO  - Watchdog has been checked: 0 passed
11.08.2014 23:37:58,179 - INFO  - Watchdog has been checked: 0 passed
11.08.2014 23:39:58,380 - INFO  - Watchdog has been checked: 0 passed
11.08.2014 23:41:58,406 - INFO  - Watchdog has been checked: 0 passed
11.08.2014 23:43:58,345 - INFO  - Watchdog has been checked: 0 passed
11.08.2014 23:45:58,373 - INFO  - Watchdog has been checked: 0 passed
11.08.2014 23:47:58,205 - INFO  - Watchdog has been checked: 0 passed
11.08.2014 23:49:58,442 - INFO  - Watchdog has been checked: 0 passed
11.08.2014 23:51:58,435 - INFO  - Watchdog has been checked: 0 passed
11.08.2014 23:53:58,400 - INFO  - Watchdog has been checked: 0 passed
11.08.2014 23:55:58,400 - INFO  - Watchdog has been checked: 0 passed
11.08.2014 23:57:58,461 - INFO  - Watchdog has been checked: 0 passed
11.08.2014 23:59:58,420 - INFO  - Watchdog has been checked: 0 passed
