08.09.2014 00:01:26,041 - INFO  - Watchdog has been checked: 0 passed
08.09.2014 00:03:26,148 - INFO  - Watchdog has been checked: 0 passed
08.09.2014 00:05:26,203 - INFO  - Watchdog has been checked: 0 passed
08.09.2014 00:07:26,380 - INFO  - Watchdog has been checked: 0 passed
08.09.2014 00:09:26,249 - INFO  - Watchdog has been checked: 0 passed
08.09.2014 00:11:26,246 - INFO  - Watchdog has been checked: 0 passed
08.09.2014 00:13:26,315 - INFO  - Watchdog has been checked: 0 passed
08.09.2014 00:15:26,142 - INFO  - Watchdog has been checked: 0 passed
08.09.2014 00:17:28,409 - INFO  - Watchdog has been checked: 0 passed
08.09.2014 00:19:28,293 - INFO  - Watchdog has been checked: 0 passed
08.09.2014 00:21:28,311 - INFO  - Watchdog has been checked: 0 passed
08.09.2014 00:23:28,098 - INFO  - Watchdog has been checked: 0 passed
08.09.2014 00:25:28,261 - INFO  - Watchdog has been checked: 0 passed
08.09.2014 00:27:28,184 - INFO  - Watchdog has been checked: 0 passed
08.09.2014 00:29:28,296 - INFO  - Watchdog has been checked: 0 passed
08.09.2014 00:31:28,331 - INFO  - Watchdog has been checked: 0 passed
08.09.2014 00:33:28,157 - INFO  - Watchdog has been checked: 0 passed
08.09.2014 00:35:28,330 - INFO  - Watchdog has been checked: 0 passed
08.09.2014 00:37:28,240 - INFO  - Watchdog has been checked: 0 passed
08.09.2014 00:39:28,376 - INFO  - Watchdog has been checked: 0 passed
08.09.2014 00:41:28,360 - INFO  - Watchdog has been checked: 0 passed
08.09.2014 00:43:28,167 - INFO  - Watchdog has been checked: 0 passed
08.09.2014 00:45:28,217 - INFO  - Watchdog has been checked: 0 passed
08.09.2014 00:47:28,143 - INFO  - Watchdog has been checked: 0 passed
08.09.2014 00:49:28,020 - INFO  - Watchdog has been checked: 0 passed
08.09.2014 00:51:27,018 - INFO  - Watchdog has been checked: 0 passed
08.09.2014 00:53:26,280 - INFO  - Watchdog has been checked: 0 passed
08.09.2014 00:55:26,135 - INFO  - Watchdog has been checked: 0 passed
08.09.2014 00:57:25,203 - INFO  - Watchdog has been checked: 0 passed
08.09.2014 00:59:25,107 - INFO  - Watchdog has been checked: 0 passed
08.09.2014 01:01:24,108 - INFO  - Watchdog has been checked: 0 passed
08.09.2014 01:03:24,115 - INFO  - Watchdog has been checked: 0 passed
08.09.2014 01:05:24,209 - INFO  - Watchdog has been checked: 0 passed
08.09.2014 01:07:24,194 - INFO  - Watchdog has been checked: 0 passed
08.09.2014 01:09:24,044 - INFO  - Watchdog has been checked: 0 passed
08.09.2014 01:11:23,068 - INFO  - Watchdog has been checked: 0 passed
08.09.2014 01:13:22,196 - INFO  - Watchdog has been checked: 0 passed
08.09.2014 01:15:22,119 - INFO  - Watchdog has been checked: 0 passed
08.09.2014 01:17:21,279 - INFO  - Watchdog has been checked: 0 passed
08.09.2014 01:19:21,172 - INFO  - Watchdog has been checked: 0 passed
08.09.2014 01:21:21,135 - INFO  - Watchdog has been checked: 0 passed
08.09.2014 01:23:21,211 - INFO  - Watchdog has been checked: 0 passed
08.09.2014 01:25:21,087 - INFO  - Watchdog has been checked: 0 passed
08.09.2014 01:27:21,253 - INFO  - Watchdog has been checked: 0 passed
08.09.2014 01:29:21,154 - INFO  - Watchdog has been checked: 0 passed
08.09.2014 01:31:21,235 - INFO  - Watchdog has been checked: 0 passed
08.09.2014 01:33:21,300 - INFO  - Watchdog has been checked: 0 passed
08.09.2014 01:35:21,170 - INFO  - Watchdog has been checked: 0 passed
08.09.2014 01:37:21,164 - INFO  - Watchdog has been checked: 0 passed
08.09.2014 01:39:21,350 - INFO  - Watchdog has been checked: 0 passed
08.09.2014 01:41:21,337 - INFO  - Watchdog has been checked: 0 passed
08.09.2014 01:43:21,202 - INFO  - Watchdog has been checked: 0 passed
08.09.2014 01:45:21,311 - INFO  - Watchdog has been checked: 0 passed
08.09.2014 01:47:21,210 - INFO  - Watchdog has been checked: 0 passed
08.09.2014 01:49:21,152 - INFO  - Watchdog has been checked: 0 passed
08.09.2014 01:51:21,154 - INFO  - Watchdog has been checked: 0 passed
08.09.2014 01:53:21,228 - INFO  - Watchdog has been checked: 0 passed
08.09.2014 01:55:21,331 - INFO  - Watchdog has been checked: 0 passed
08.09.2014 01:57:21,248 - INFO  - Watchdog has been checked: 0 passed
08.09.2014 01:59:21,389 - INFO  - Watchdog has been checked: 0 passed
08.09.2014 02:01:21,401 - INFO  - Watchdog has been checked: 0 passed
08.09.2014 02:03:21,209 - INFO  - Watchdog has been checked: 0 passed
08.09.2014 02:05:21,278 - INFO  - Watchdog has been checked: 0 passed
08.09.2014 02:07:21,183 - INFO  - Watchdog has been checked: 0 passed
08.09.2014 02:09:21,322 - INFO  - Watchdog has been checked: 0 passed
08.09.2014 02:11:21,313 - INFO  - Watchdog has been checked: 0 passed
08.09.2014 02:13:21,332 - INFO  - Watchdog has been checked: 0 passed
08.09.2014 02:15:21,246 - INFO  - Watchdog has been checked: 0 passed
08.09.2014 02:17:21,199 - INFO  - Watchdog has been checked: 0 passed
08.09.2014 02:19:21,412 - INFO  - Watchdog has been checked: 0 passed
08.09.2014 02:21:21,251 - INFO  - Watchdog has been checked: 0 passed
08.09.2014 02:23:21,303 - INFO  - Watchdog has been checked: 0 passed
08.09.2014 02:25:21,431 - INFO  - Watchdog has been checked: 0 passed
08.09.2014 02:27:21,377 - INFO  - Watchdog has been checked: 0 passed
08.09.2014 02:29:21,272 - INFO  - Watchdog has been checked: 0 passed
08.09.2014 02:31:21,271 - INFO  - Watchdog has been checked: 0 passed
08.09.2014 02:33:21,205 - INFO  - Watchdog has been checked: 0 passed
08.09.2014 02:35:21,116 - INFO  - Watchdog has been checked: 0 passed
08.09.2014 02:37:21,295 - INFO  - Watchdog has been checked: 0 passed
08.09.2014 02:39:21,221 - INFO  - Watchdog has been checked: 0 passed
08.09.2014 02:41:21,204 - INFO  - Watchdog has been checked: 0 passed
08.09.2014 02:43:21,022 - INFO  - Watchdog has been checked: 0 passed
08.09.2014 02:45:20,127 - INFO  - Watchdog has been checked: 0 passed
08.09.2014 02:47:20,332 - INFO  - Watchdog has been checked: 0 passed
08.09.2014 02:49:19,988 - INFO  - Watchdog has been checked: 0 passed
08.09.2014 02:51:20,049 - INFO  - Watchdog has been checked: 0 passed
08.09.2014 02:53:20,111 - INFO  - Watchdog has been checked: 0 passed
08.09.2014 02:55:18,991 - INFO  - Watchdog has been checked: 0 passed
08.09.2014 02:57:18,985 - INFO  - Watchdog has been checked: 0 passed
08.09.2014 02:59:17,997 - INFO  - Watchdog has been checked: 0 passed
08.09.2014 03:01:17,993 - INFO  - Watchdog has been checked: 0 passed
08.09.2014 03:03:18,050 - INFO  - Watchdog has been checked: 0 passed
08.09.2014 03:05:18,211 - INFO  - Watchdog has been checked: 0 passed
08.09.2014 03:07:18,235 - INFO  - Watchdog has been checked: 0 passed
08.09.2014 03:09:18,066 - INFO  - Watchdog has been checked: 0 passed
08.09.2014 03:11:18,151 - INFO  - Watchdog has been checked: 0 passed
08.09.2014 03:13:18,206 - INFO  - Watchdog has been checked: 0 passed
08.09.2014 03:15:18,268 - INFO  - Watchdog has been checked: 0 passed
08.09.2014 03:17:18,068 - INFO  - Watchdog has been checked: 0 passed
08.09.2014 03:19:18,176 - INFO  - Watchdog has been checked: 0 passed
08.09.2014 03:21:18,168 - INFO  - Watchdog has been checked: 0 passed
08.09.2014 03:23:18,218 - INFO  - Watchdog has been checked: 0 passed
08.09.2014 03:25:18,137 - INFO  - Watchdog has been checked: 0 passed
08.09.2014 03:27:18,205 - INFO  - Watchdog has been checked: 0 passed
08.09.2014 03:29:18,246 - INFO  - Watchdog has been checked: 0 passed
08.09.2014 03:31:18,266 - INFO  - Watchdog has been checked: 0 passed
08.09.2014 03:33:18,291 - INFO  - Watchdog has been checked: 0 passed
08.09.2014 03:35:18,175 - INFO  - Watchdog has been checked: 0 passed
08.09.2014 03:37:18,265 - INFO  - Watchdog has been checked: 0 passed
08.09.2014 03:39:18,341 - INFO  - Watchdog has been checked: 0 passed
08.09.2014 03:41:18,318 - INFO  - Watchdog has been checked: 0 passed
08.09.2014 03:43:18,213 - INFO  - Watchdog has been checked: 0 passed
08.09.2014 03:45:18,312 - INFO  - Watchdog has been checked: 0 passed
08.09.2014 03:47:18,372 - INFO  - Watchdog has been checked: 0 passed
08.09.2014 03:49:18,399 - INFO  - Watchdog has been checked: 0 passed
08.09.2014 03:51:18,150 - INFO  - Watchdog has been checked: 0 passed
08.09.2014 03:53:18,205 - INFO  - Watchdog has been checked: 0 passed
08.09.2014 03:55:18,318 - INFO  - Watchdog has been checked: 0 passed
08.09.2014 03:57:18,356 - INFO  - Watchdog has been checked: 0 passed
08.09.2014 03:59:18,085 - INFO  - Watchdog has been checked: 0 passed
08.09.2014 04:01:18,186 - INFO  - Watchdog has been checked: 0 passed
08.09.2014 04:03:18,161 - INFO  - Watchdog has been checked: 0 passed
08.09.2014 04:05:18,006 - INFO  - Watchdog has been checked: 0 passed
08.09.2014 04:07:18,085 - INFO  - Watchdog has been checked: 0 passed
08.09.2014 04:09:17,082 - INFO  - Watchdog has been checked: 0 passed
08.09.2014 04:11:17,110 - INFO  - Watchdog has been checked: 0 passed
08.09.2014 04:13:17,380 - INFO  - Watchdog has been checked: 0 passed
08.09.2014 04:15:17,058 - INFO  - Watchdog has been checked: 0 passed
08.09.2014 04:17:18,039 - INFO  - Watchdog has been checked: 0 passed
08.09.2014 04:19:17,038 - INFO  - Watchdog has been checked: 0 passed
08.09.2014 04:21:17,135 - INFO  - Watchdog has been checked: 0 passed
08.09.2014 04:23:17,105 - INFO  - Watchdog has been checked: 0 passed
08.09.2014 04:25:16,980 - INFO  - Watchdog has been checked: 0 passed
08.09.2014 04:27:16,023 - INFO  - Watchdog has been checked: 0 passed
08.09.2014 04:29:16,286 - INFO  - Watchdog has been checked: 0 passed
08.09.2014 04:31:16,332 - INFO  - Watchdog has been checked: 0 passed
08.09.2014 04:33:16,240 - INFO  - Watchdog has been checked: 0 passed
08.09.2014 04:35:16,324 - INFO  - Watchdog has been checked: 0 passed
08.09.2014 04:37:16,099 - INFO  - Watchdog has been checked: 0 passed
08.09.2014 04:39:16,170 - INFO  - Watchdog has been checked: 0 passed
08.09.2014 04:41:16,177 - INFO  - Watchdog has been checked: 0 passed
08.09.2014 04:43:16,329 - INFO  - Watchdog has been checked: 0 passed
08.09.2014 04:45:16,179 - INFO  - Watchdog has been checked: 0 passed
08.09.2014 04:47:16,181 - INFO  - Watchdog has been checked: 0 passed
08.09.2014 04:49:16,228 - INFO  - Watchdog has been checked: 0 passed
08.09.2014 04:51:18,146 - INFO  - Watchdog has been checked: 0 passed
08.09.2014 04:53:18,142 - INFO  - Watchdog has been checked: 0 passed
08.09.2014 04:55:18,290 - INFO  - Watchdog has been checked: 0 passed
08.09.2014 04:57:18,344 - INFO  - Watchdog has been checked: 0 passed
08.09.2014 04:59:18,178 - INFO  - Watchdog has been checked: 0 passed
08.09.2014 05:01:18,385 - INFO  - Watchdog has been checked: 0 passed
08.09.2014 05:03:18,165 - INFO  - Watchdog has been checked: 0 passed
08.09.2014 05:05:18,323 - INFO  - Watchdog has been checked: 0 passed
08.09.2014 05:07:18,419 - INFO  - Watchdog has been checked: 0 passed
08.09.2014 05:09:18,195 - INFO  - Watchdog has been checked: 0 passed
08.09.2014 05:11:17,386 - INFO  - Watchdog has been checked: 0 passed
08.09.2014 05:13:17,202 - INFO  - Watchdog has been checked: 0 passed
08.09.2014 05:15:18,324 - INFO  - Watchdog has been checked: 0 passed
08.09.2014 05:17:18,372 - INFO  - Watchdog has been checked: 0 passed
08.09.2014 05:19:18,433 - INFO  - Watchdog has been checked: 0 passed
08.09.2014 05:21:18,422 - INFO  - Watchdog has been checked: 0 passed
08.09.2014 05:23:18,255 - INFO  - Watchdog has been checked: 0 passed
08.09.2014 05:25:18,387 - INFO  - Watchdog has been checked: 0 passed
08.09.2014 05:27:18,200 - INFO  - Watchdog has been checked: 0 passed
08.09.2014 05:29:18,102 - INFO  - Watchdog has been checked: 0 passed
08.09.2014 05:31:18,090 - INFO  - Watchdog has been checked: 0 passed
08.09.2014 05:33:18,101 - INFO  - Watchdog has been checked: 0 passed
08.09.2014 05:35:17,971 - INFO  - Watchdog has been checked: 0 passed
08.09.2014 05:37:16,961 - INFO  - Watchdog has been checked: 0 passed
08.09.2014 05:39:16,027 - INFO  - Watchdog has been checked: 0 passed
08.09.2014 05:41:16,111 - INFO  - Watchdog has been checked: 0 passed
08.09.2014 05:43:16,107 - INFO  - Watchdog has been checked: 0 passed
08.09.2014 05:45:15,959 - INFO  - Watchdog has been checked: 0 passed
08.09.2014 05:47:14,933 - INFO  - Watchdog has been checked: 0 passed
08.09.2014 05:49:15,010 - INFO  - Watchdog has been checked: 0 passed
08.09.2014 05:51:15,032 - INFO  - Watchdog has been checked: 0 passed
08.09.2014 05:53:15,105 - INFO  - Watchdog has been checked: 0 passed
08.09.2014 05:55:15,222 - INFO  - Watchdog has been checked: 0 passed
08.09.2014 05:57:15,019 - INFO  - Watchdog has been checked: 0 passed
08.09.2014 05:59:14,990 - INFO  - Watchdog has been checked: 0 passed
08.09.2014 06:01:15,008 - INFO  - Watchdog has been checked: 0 passed
08.09.2014 06:03:15,072 - INFO  - Watchdog has been checked: 0 passed
08.09.2014 06:05:15,152 - INFO  - Watchdog has been checked: 0 passed
08.09.2014 06:07:14,987 - INFO  - Watchdog has been checked: 0 passed
08.09.2014 06:09:15,239 - INFO  - Watchdog has been checked: 0 passed
08.09.2014 06:11:15,226 - INFO  - Watchdog has been checked: 0 passed
08.09.2014 06:13:15,364 - INFO  - Watchdog has been checked: 0 passed
08.09.2014 06:15:02,365 - INFO  - mapping file sync started
08.09.2014 06:15:03,577 - INFO  - file successfully updated
08.09.2014 06:15:15,228 - INFO  - Watchdog has been checked: 0 passed
08.09.2014 06:17:15,143 - INFO  - Watchdog has been checked: 0 passed
08.09.2014 06:19:15,127 - INFO  - Watchdog has been checked: 0 passed
08.09.2014 06:21:15,058 - INFO  - Watchdog has been checked: 0 passed
08.09.2014 06:23:15,193 - INFO  - Watchdog has been checked: 0 passed
08.09.2014 06:25:15,164 - INFO  - Watchdog has been checked: 0 passed
08.09.2014 06:27:15,228 - INFO  - Watchdog has been checked: 0 passed
08.09.2014 06:29:15,232 - INFO  - Watchdog has been checked: 0 passed
08.09.2014 06:31:15,212 - INFO  - Watchdog has been checked: 0 passed
08.09.2014 06:33:15,291 - INFO  - Watchdog has been checked: 0 passed
08.09.2014 06:35:15,259 - INFO  - Watchdog has been checked: 0 passed
08.09.2014 06:37:15,307 - INFO  - Watchdog has been checked: 0 passed
08.09.2014 06:39:15,288 - INFO  - Watchdog has been checked: 0 passed
08.09.2014 06:41:15,321 - INFO  - Watchdog has been checked: 0 passed
08.09.2014 06:43:15,124 - INFO  - Watchdog has been checked: 0 passed
08.09.2014 06:45:15,249 - INFO  - Watchdog has been checked: 0 passed
08.09.2014 06:47:15,230 - INFO  - Watchdog has been checked: 0 passed
08.09.2014 06:49:15,173 - INFO  - Watchdog has been checked: 0 passed
08.09.2014 06:51:15,198 - INFO  - Watchdog has been checked: 0 passed
08.09.2014 06:53:15,329 - INFO  - Watchdog has been checked: 0 passed
08.09.2014 06:55:15,249 - INFO  - Watchdog has been checked: 0 passed
08.09.2014 06:57:14,239 - INFO  - Watchdog has been checked: 0 passed
08.09.2014 06:59:13,278 - INFO  - Watchdog has been checked: 0 passed
08.09.2014 07:01:13,278 - INFO  - Watchdog has been checked: 0 passed
08.09.2014 07:03:13,213 - INFO  - Watchdog has been checked: 0 passed
08.09.2014 07:05:12,259 - INFO  - Watchdog has been checked: 0 passed
08.09.2014 07:07:12,374 - INFO  - Watchdog has been checked: 0 passed
08.09.2014 07:09:12,395 - INFO  - Watchdog has been checked: 0 passed
08.09.2014 07:11:12,407 - INFO  - Watchdog has been checked: 0 passed
08.09.2014 07:13:12,184 - INFO  - Watchdog has been checked: 0 passed
08.09.2014 07:15:01,807 - INFO  - mapping file sync started
08.09.2014 07:15:02,321 - INFO  - file successfully updated
08.09.2014 07:15:12,325 - INFO  - Watchdog has been checked: 0 passed
08.09.2014 07:17:12,325 - INFO  - Watchdog has been checked: 0 passed
08.09.2014 07:19:12,098 - INFO  - Watchdog has been checked: 0 passed
08.09.2014 07:21:12,275 - INFO  - Watchdog has been checked: 0 passed
08.09.2014 07:23:12,102 - INFO  - Watchdog has been checked: 0 passed
08.09.2014 07:25:12,250 - INFO  - Watchdog has been checked: 0 passed
08.09.2014 07:27:12,319 - INFO  - Watchdog has been checked: 0 passed
08.09.2014 07:29:12,107 - INFO  - Watchdog has been checked: 0 passed
08.09.2014 07:31:12,345 - INFO  - Watchdog has been checked: 0 passed
08.09.2014 07:33:12,156 - INFO  - Watchdog has been checked: 0 passed
08.09.2014 07:35:12,256 - INFO  - Watchdog has been checked: 0 passed
08.09.2014 07:37:12,237 - INFO  - Watchdog has been checked: 0 passed
08.09.2014 07:39:12,096 - INFO  - Watchdog has been checked: 0 passed
08.09.2014 07:41:12,034 - INFO  - Watchdog has been checked: 0 passed
08.09.2014 07:43:12,145 - INFO  - Watchdog has been checked: 0 passed
08.09.2014 07:45:11,970 - INFO  - Watchdog has been checked: 0 passed
08.09.2014 07:47:11,026 - INFO  - Watchdog has been checked: 0 passed
08.09.2014 07:49:11,203 - INFO  - Watchdog has been checked: 0 passed
08.09.2014 07:51:11,106 - INFO  - Watchdog has been checked: 0 passed
08.09.2014 07:53:11,136 - INFO  - Watchdog has been checked: 0 passed
08.09.2014 07:55:11,017 - INFO  - Watchdog has been checked: 0 passed
08.09.2014 07:57:10,999 - INFO  - Watchdog has been checked: 0 passed
08.09.2014 07:59:11,055 - INFO  - Watchdog has been checked: 0 passed
08.09.2014 08:01:11,014 - INFO  - Watchdog has been checked: 0 passed
08.09.2014 08:03:11,113 - INFO  - Watchdog has been checked: 0 passed
08.09.2014 08:05:11,042 - INFO  - Watchdog has been checked: 0 passed
08.09.2014 08:07:11,096 - INFO  - Watchdog has been checked: 0 passed
08.09.2014 08:09:11,108 - INFO  - Watchdog has been checked: 0 passed
08.09.2014 08:11:11,130 - INFO  - Watchdog has been checked: 0 passed
08.09.2014 08:13:11,122 - INFO  - Watchdog has been checked: 0 passed
08.09.2014 08:15:11,011 - INFO  - Watchdog has been checked: 0 passed
08.09.2014 08:17:11,109 - INFO  - Watchdog has been checked: 0 passed
08.09.2014 08:19:10,944 - INFO  - Watchdog has been checked: 0 passed
08.09.2014 08:21:11,142 - INFO  - Watchdog has been checked: 0 passed
08.09.2014 08:23:10,988 - INFO  - Watchdog has been checked: 0 passed
08.09.2014 08:25:11,066 - INFO  - Watchdog has been checked: 0 passed
08.09.2014 08:27:11,166 - INFO  - Watchdog has been checked: 0 passed
08.09.2014 08:29:11,179 - INFO  - Watchdog has been checked: 0 passed
08.09.2014 08:31:11,028 - INFO  - Watchdog has been checked: 0 passed
08.09.2014 08:33:11,081 - INFO  - Watchdog has been checked: 0 passed
08.09.2014 08:35:11,286 - INFO  - Watchdog has been checked: 0 passed
08.09.2014 08:37:11,260 - INFO  - Watchdog has been checked: 0 passed
08.09.2014 08:39:11,089 - INFO  - Watchdog has been checked: 0 passed
08.09.2014 08:41:10,110 - INFO  - Watchdog has been checked: 0 passed
08.09.2014 08:43:10,237 - INFO  - Watchdog has been checked: 0 passed
08.09.2014 08:45:10,405 - INFO  - Watchdog has been checked: 0 passed
08.09.2014 08:46:13,192 - INFO  - searcher identified --- respT: 1ms, no results, q=, 
08.09.2014 08:46:58,283 - INFO  - searcher identified --- respT: 2ms, no results, q=schaub, 
08.09.2014 08:46:58,653 - INFO  - searcher identified --- respT: 1ms, no results, q=schaub, 
08.09.2014 08:47:10,207 - INFO  - Watchdog has been checked: 0 passed
08.09.2014 08:47:22,752 - INFO  - searcher identified --- respT: 2ms, no results, q=, 
08.09.2014 08:49:10,223 - INFO  - Watchdog has been checked: 0 passed
08.09.2014 08:51:09,169 - INFO  - Watchdog has been checked: 0 passed
08.09.2014 08:53:09,200 - INFO  - Watchdog has been checked: 0 passed
08.09.2014 08:55:09,351 - INFO  - Watchdog has been checked: 0 passed
08.09.2014 08:57:09,334 - INFO  - Watchdog has been checked: 0 passed
08.09.2014 08:59:09,361 - INFO  - Watchdog has been checked: 0 passed
08.09.2014 09:01:09,312 - INFO  - Watchdog has been checked: 0 passed
08.09.2014 09:01:20,331 - INFO  - searcher identified --- respT: 2ms, no results, q=, 
08.09.2014 09:01:26,348 - INFO  - searcher identified --- respT: 2ms, no results, q=schaub, 
08.09.2014 09:01:26,744 - INFO  - searcher identified --- respT: 2ms, no results, q=schaub, 
08.09.2014 09:03:09,198 - INFO  - Watchdog has been checked: 0 passed
08.09.2014 09:05:09,297 - INFO  - Watchdog has been checked: 0 passed
08.09.2014 09:07:09,019 - INFO  - Watchdog has been checked: 0 passed
08.09.2014 09:09:08,224 - INFO  - Watchdog has been checked: 0 passed
08.09.2014 09:11:08,259 - INFO  - Watchdog has been checked: 0 passed
08.09.2014 09:13:08,030 - INFO  - Watchdog has been checked: 0 passed
08.09.2014 09:15:08,194 - INFO  - Watchdog has been checked: 0 passed
08.09.2014 09:17:08,136 - INFO  - Watchdog has been checked: 0 passed
08.09.2014 09:19:08,171 - INFO  - Watchdog has been checked: 0 passed
08.09.2014 09:21:08,125 - INFO  - Watchdog has been checked: 0 passed
08.09.2014 09:23:07,952 - INFO  - Watchdog has been checked: 0 passed
08.09.2014 09:25:08,269 - INFO  - Watchdog has been checked: 0 passed
08.09.2014 09:26:57,858 - INFO  - searcher identified --- respT: 2ms, no results, q=schaub, 
08.09.2014 09:27:08,111 - INFO  - Watchdog has been checked: 0 passed
08.09.2014 09:29:08,054 - INFO  - Watchdog has been checked: 0 passed
08.09.2014 09:31:08,077 - INFO  - Watchdog has been checked: 0 passed
08.09.2014 09:33:08,100 - INFO  - Watchdog has been checked: 0 passed
08.09.2014 09:35:07,949 - INFO  - Watchdog has been checked: 0 passed
08.09.2014 09:37:06,934 - INFO  - Watchdog has been checked: 0 passed
08.09.2014 09:39:05,982 - INFO  - Watchdog has been checked: 0 passed
08.09.2014 09:41:06,190 - INFO  - Watchdog has been checked: 0 passed
08.09.2014 09:43:06,098 - INFO  - Watchdog has been checked: 0 passed
08.09.2014 09:45:06,190 - INFO  - Watchdog has been checked: 0 passed
08.09.2014 09:47:06,261 - INFO  - Watchdog has been checked: 0 passed
08.09.2014 09:49:06,231 - INFO  - Watchdog has been checked: 0 passed
08.09.2014 09:51:06,292 - INFO  - Watchdog has been checked: 0 passed
08.09.2014 09:53:06,071 - INFO  - Watchdog has been checked: 0 passed
08.09.2014 09:55:06,204 - INFO  - Watchdog has been checked: 0 passed
08.09.2014 09:57:06,176 - INFO  - Watchdog has been checked: 0 passed
08.09.2014 09:59:06,170 - INFO  - Watchdog has been checked: 0 passed
08.09.2014 10:01:06,123 - INFO  - Watchdog has been checked: 0 passed
08.09.2014 10:03:06,305 - INFO  - Watchdog has been checked: 0 passed
08.09.2014 10:05:06,429 - INFO  - Watchdog has been checked: 0 passed
08.09.2014 10:07:06,543 - INFO  - Watchdog has been checked: 0 passed
08.09.2014 10:09:06,575 - INFO  - Watchdog has been checked: 0 passed
08.09.2014 10:11:06,549 - INFO  - Watchdog has been checked: 0 passed
08.09.2014 10:13:06,387 - INFO  - Watchdog has been checked: 0 passed
08.09.2014 10:15:06,558 - INFO  - Watchdog has been checked: 0 passed
08.09.2014 10:17:06,399 - INFO  - Watchdog has been checked: 0 passed
08.09.2014 10:19:06,600 - INFO  - Watchdog has been checked: 0 passed
08.09.2014 10:21:06,356 - INFO  - Watchdog has been checked: 0 passed
08.09.2014 10:23:06,289 - INFO  - Watchdog has been checked: 0 passed
08.09.2014 10:25:06,370 - INFO  - Watchdog has been checked: 0 passed
08.09.2014 10:27:08,088 - INFO  - Watchdog has been checked: 0 passed
08.09.2014 10:29:07,316 - INFO  - Watchdog has been checked: 0 passed
08.09.2014 10:31:07,373 - INFO  - Watchdog has been checked: 0 passed
08.09.2014 10:33:07,247 - INFO  - Watchdog has been checked: 0 passed
08.09.2014 10:35:07,389 - INFO  - Watchdog has been checked: 0 passed
08.09.2014 10:37:07,305 - INFO  - Watchdog has been checked: 0 passed
08.09.2014 10:39:07,248 - INFO  - Watchdog has been checked: 0 passed
08.09.2014 10:41:07,165 - INFO  - Watchdog has been checked: 0 passed
08.09.2014 10:43:06,238 - INFO  - Watchdog has been checked: 0 passed
08.09.2014 10:45:06,325 - INFO  - Watchdog has been checked: 0 passed
08.09.2014 10:47:06,300 - INFO  - Watchdog has been checked: 0 passed
08.09.2014 10:49:06,442 - INFO  - Watchdog has been checked: 0 passed
08.09.2014 10:51:08,208 - INFO  - Watchdog has been checked: 0 passed
08.09.2014 10:53:08,208 - INFO  - Watchdog has been checked: 0 passed
08.09.2014 10:55:08,137 - INFO  - Watchdog has been checked: 0 passed
08.09.2014 10:57:08,102 - INFO  - Watchdog has been checked: 0 passed
08.09.2014 10:59:07,304 - INFO  - Watchdog has been checked: 0 passed
08.09.2014 11:01:07,284 - INFO  - Watchdog has been checked: 0 passed
08.09.2014 11:03:07,086 - INFO  - Watchdog has been checked: 0 passed
08.09.2014 11:05:07,220 - INFO  - Watchdog has been checked: 0 passed
08.09.2014 11:07:06,167 - INFO  - Watchdog has been checked: 0 passed
08.09.2014 11:09:06,175 - INFO  - Watchdog has been checked: 0 passed
08.09.2014 11:11:06,208 - INFO  - Watchdog has been checked: 0 passed
08.09.2014 11:13:06,193 - INFO  - Watchdog has been checked: 0 passed
08.09.2014 11:15:06,108 - INFO  - Watchdog has been checked: 0 passed
08.09.2014 11:17:06,160 - INFO  - Watchdog has been checked: 0 passed
08.09.2014 11:19:06,194 - INFO  - Watchdog has been checked: 0 passed
08.09.2014 11:21:06,134 - INFO  - Watchdog has been checked: 0 passed
08.09.2014 11:23:06,308 - INFO  - Watchdog has been checked: 0 passed
08.09.2014 11:25:06,434 - INFO  - Watchdog has been checked: 0 passed
08.09.2014 11:27:06,206 - INFO  - Watchdog has been checked: 0 passed
08.09.2014 11:29:08,198 - INFO  - Watchdog has been checked: 0 passed
08.09.2014 11:31:08,219 - INFO  - Watchdog has been checked: 0 passed
08.09.2014 11:33:08,233 - INFO  - Watchdog has been checked: 0 passed
08.09.2014 11:35:08,193 - INFO  - Watchdog has been checked: 0 passed
08.09.2014 11:37:08,152 - INFO  - Watchdog has been checked: 0 passed
08.09.2014 11:39:08,193 - INFO  - Watchdog has been checked: 0 passed
08.09.2014 11:41:08,159 - INFO  - Watchdog has been checked: 0 passed
08.09.2014 11:43:08,299 - INFO  - Watchdog has been checked: 0 passed
08.09.2014 11:45:08,529 - INFO  - Watchdog has been checked: 0 passed
08.09.2014 11:47:08,215 - INFO  - Watchdog has been checked: 0 passed
08.09.2014 11:49:08,346 - INFO  - Watchdog has been checked: 0 passed
08.09.2014 11:51:08,144 - INFO  - Watchdog has been checked: 0 passed
08.09.2014 11:53:07,228 - INFO  - Watchdog has been checked: 0 passed
08.09.2014 11:53:26,811 - INFO  - searcher identified --- respT: 25ms, 151 results, q=schaub, 
08.09.2014 11:55:07,311 - INFO  - Watchdog has been checked: 0 passed
08.09.2014 11:55:23,887 - INFO  - searcher identified --- respT: 42ms, 151 results, q=schaub, 
08.09.2014 11:55:38,719 - INFO  - searcher identified --- respT: 22ms, no results, web:(PSIWeb), q=, 
08.09.2014 11:55:47,985 - INFO  - searcher identified --- respT: 19ms, 446 results, web:(AHL.HZE), q=, 
08.09.2014 11:55:58,010 - INFO  - searcher identified --- respT: 48ms, 6731 results, web:(AHL.HZE AIT), q=, 
08.09.2014 11:56:05,689 - INFO  - searcher identified --- respT: 18ms, 6285 results, web:(AIT), q=, 
08.09.2014 11:57:08,234 - INFO  - Watchdog has been checked: 0 passed
08.09.2014 11:59:08,143 - INFO  - Watchdog has been checked: 0 passed
08.09.2014 12:01:07,123 - INFO  - Watchdog has been checked: 0 passed
08.09.2014 12:03:06,174 - INFO  - Watchdog has been checked: 0 passed
08.09.2014 12:05:06,288 - INFO  - Watchdog has been checked: 0 passed
08.09.2014 12:07:06,345 - INFO  - Watchdog has been checked: 0 passed
08.09.2014 12:09:06,366 - INFO  - Watchdog has been checked: 0 passed
08.09.2014 12:11:06,122 - INFO  - Watchdog has been checked: 0 passed
08.09.2014 12:13:05,152 - INFO  - Watchdog has been checked: 0 passed
08.09.2014 12:15:04,191 - INFO  - Watchdog has been checked: 0 passed
08.09.2014 12:17:04,190 - INFO  - Watchdog has been checked: 0 passed
08.09.2014 12:19:04,038 - INFO  - Watchdog has been checked: 0 passed
08.09.2014 12:21:03,269 - INFO  - Watchdog has been checked: 0 passed
08.09.2014 12:23:03,087 - INFO  - Watchdog has been checked: 0 passed
08.09.2014 12:25:02,171 - INFO  - Watchdog has been checked: 0 passed
08.09.2014 12:27:02,313 - INFO  - Watchdog has been checked: 0 passed
08.09.2014 12:29:02,075 - INFO  - Watchdog has been checked: 0 passed
08.09.2014 12:31:02,076 - INFO  - Watchdog has been checked: 0 passed
08.09.2014 12:33:02,302 - INFO  - Watchdog has been checked: 0 passed
08.09.2014 12:35:02,153 - INFO  - Watchdog has been checked: 0 passed
08.09.2014 12:37:02,098 - INFO  - Watchdog has been checked: 0 passed
08.09.2014 12:39:02,243 - INFO  - Watchdog has been checked: 0 passed
08.09.2014 12:41:02,157 - INFO  - Watchdog has been checked: 0 passed
08.09.2014 12:43:02,372 - INFO  - Watchdog has been checked: 0 passed
08.09.2014 12:45:02,215 - INFO  - Watchdog has been checked: 0 passed
08.09.2014 12:47:02,239 - INFO  - Watchdog has been checked: 0 passed
08.09.2014 12:49:02,295 - INFO  - Watchdog has been checked: 0 passed
08.09.2014 12:51:02,317 - INFO  - Watchdog has been checked: 0 passed
08.09.2014 12:53:02,400 - INFO  - Watchdog has been checked: 0 passed
08.09.2014 12:55:02,299 - INFO  - Watchdog has been checked: 0 passed
08.09.2014 12:57:02,225 - INFO  - Watchdog has been checked: 0 passed
08.09.2014 12:59:02,334 - INFO  - Watchdog has been checked: 0 passed
08.09.2014 13:01:02,272 - INFO  - Watchdog has been checked: 0 passed
08.09.2014 13:03:02,430 - INFO  - Watchdog has been checked: 0 passed
08.09.2014 13:05:02,264 - INFO  - Watchdog has been checked: 0 passed
08.09.2014 13:07:02,287 - INFO  - Watchdog has been checked: 0 passed
08.09.2014 13:09:02,301 - INFO  - Watchdog has been checked: 0 passed
08.09.2014 13:11:02,395 - INFO  - Watchdog has been checked: 0 passed
08.09.2014 13:13:02,113 - INFO  - Watchdog has been checked: 0 passed
08.09.2014 13:15:01,287 - INFO  - Watchdog has been checked: 0 passed
08.09.2014 13:17:01,194 - INFO  - Watchdog has been checked: 0 passed
08.09.2014 13:19:01,292 - INFO  - Watchdog has been checked: 0 passed
08.09.2014 13:21:01,067 - INFO  - Watchdog has been checked: 0 passed
08.09.2014 13:23:00,152 - INFO  - Watchdog has been checked: 0 passed
08.09.2014 13:25:00,209 - INFO  - Watchdog has been checked: 0 passed
08.09.2014 13:27:00,137 - INFO  - Watchdog has been checked: 0 passed
08.09.2014 13:29:00,247 - INFO  - Watchdog has been checked: 0 passed
08.09.2014 13:31:00,227 - INFO  - Watchdog has been checked: 0 passed
08.09.2014 13:31:26,041 - INFO  - searcher identified --- respT: 24ms, 6285 results, web:(AIT), q=, 
08.09.2014 13:31:39,789 - INFO  - searcher identified --- respT: 22ms, 73245 results, q=, 
08.09.2014 13:31:50,338 - INFO  - searcher identified --- respT: 24ms, 1754 results, q=schaub, 
08.09.2014 13:31:50,416 - INFO  - searcher identified --- respT: 21ms, 1754 results, q=schaub, 
08.09.2014 13:32:59,991 - INFO  - Watchdog has been checked: 0 passed
08.09.2014 13:34:59,132 - INFO  - Watchdog has been checked: 0 passed
08.09.2014 13:36:59,175 - INFO  - Watchdog has been checked: 0 passed
08.09.2014 13:38:59,245 - INFO  - Watchdog has been checked: 0 passed
08.09.2014 13:40:59,001 - INFO  - Watchdog has been checked: 0 passed
08.09.2014 13:42:58,070 - INFO  - Watchdog has been checked: 0 passed
08.09.2014 13:44:57,194 - INFO  - Watchdog has been checked: 0 passed
08.09.2014 13:46:57,221 - INFO  - Watchdog has been checked: 0 passed
08.09.2014 13:48:57,232 - INFO  - Watchdog has been checked: 0 passed
08.09.2014 13:50:57,316 - INFO  - Watchdog has been checked: 0 passed
08.09.2014 13:52:57,059 - INFO  - Watchdog has been checked: 0 passed
08.09.2014 13:54:56,211 - INFO  - Watchdog has been checked: 0 passed
08.09.2014 13:56:56,243 - INFO  - Watchdog has been checked: 0 passed
08.09.2014 13:58:57,106 - INFO  - Watchdog has been checked: 0 passed
08.09.2014 14:00:56,324 - INFO  - Watchdog has been checked: 0 passed
08.09.2014 14:02:56,423 - INFO  - Watchdog has been checked: 0 passed
08.09.2014 14:04:56,251 - INFO  - Watchdog has been checked: 0 passed
08.09.2014 14:06:56,294 - INFO  - Watchdog has been checked: 0 passed
08.09.2014 14:08:56,353 - INFO  - Watchdog has been checked: 0 passed
08.09.2014 14:10:56,354 - INFO  - Watchdog has been checked: 0 passed
08.09.2014 14:12:56,414 - INFO  - Watchdog has been checked: 0 passed
08.09.2014 14:14:56,286 - INFO  - Watchdog has been checked: 0 passed
08.09.2014 14:16:56,335 - INFO  - Watchdog has been checked: 0 passed
08.09.2014 14:18:56,425 - INFO  - Watchdog has been checked: 0 passed
08.09.2014 14:20:56,304 - INFO  - Watchdog has been checked: 0 passed
08.09.2014 14:22:56,451 - INFO  - Watchdog has been checked: 0 passed
08.09.2014 14:24:56,484 - INFO  - Watchdog has been checked: 0 passed
08.09.2014 14:26:58,316 - INFO  - Watchdog has been checked: 0 passed
08.09.2014 14:28:58,351 - INFO  - Watchdog has been checked: 0 passed
08.09.2014 14:30:58,394 - INFO  - Watchdog has been checked: 0 passed
08.09.2014 14:32:58,431 - INFO  - Watchdog has been checked: 0 passed
08.09.2014 14:34:58,306 - INFO  - Watchdog has been checked: 0 passed
08.09.2014 14:36:58,313 - INFO  - Watchdog has been checked: 0 passed
08.09.2014 14:38:58,527 - INFO  - Watchdog has been checked: 0 passed
08.09.2014 14:40:58,320 - INFO  - Watchdog has been checked: 0 passed
08.09.2014 14:42:58,503 - INFO  - Watchdog has been checked: 0 passed
08.09.2014 14:44:58,331 - INFO  - Watchdog has been checked: 0 passed
08.09.2014 14:46:58,401 - INFO  - Watchdog has been checked: 0 passed
08.09.2014 14:48:58,372 - INFO  - Watchdog has been checked: 0 passed
08.09.2014 14:50:58,389 - INFO  - Watchdog has been checked: 0 passed
08.09.2014 14:52:58,191 - INFO  - Watchdog has been checked: 0 passed
08.09.2014 14:54:58,275 - INFO  - Watchdog has been checked: 0 passed
08.09.2014 14:56:58,001 - INFO  - Watchdog has been checked: 0 passed
08.09.2014 14:58:57,041 - INFO  - Watchdog has been checked: 0 passed
08.09.2014 15:00:56,987 - INFO  - Watchdog has been checked: 0 passed
08.09.2014 15:02:56,007 - INFO  - Watchdog has been checked: 0 passed
08.09.2014 15:04:55,085 - INFO  - Watchdog has been checked: 0 passed
08.09.2014 15:06:54,899 - INFO  - Watchdog has been checked: 0 passed
08.09.2014 15:08:53,961 - INFO  - Watchdog has been checked: 0 passed
08.09.2014 15:10:52,939 - INFO  - Watchdog has been checked: 0 passed
08.09.2014 15:12:51,991 - INFO  - Watchdog has been checked: 0 passed
08.09.2014 15:14:51,112 - INFO  - Watchdog has been checked: 0 passed
08.09.2014 15:16:51,093 - INFO  - Watchdog has been checked: 0 passed
08.09.2014 15:18:50,949 - INFO  - Watchdog has been checked: 0 passed
08.09.2014 15:20:49,949 - INFO  - Watchdog has been checked: 0 passed
08.09.2014 15:22:49,133 - INFO  - Watchdog has been checked: 0 passed
08.09.2014 15:24:49,059 - INFO  - Watchdog has been checked: 0 passed
08.09.2014 15:26:48,216 - INFO  - Watchdog has been checked: 0 passed
08.09.2014 15:28:48,217 - INFO  - Watchdog has been checked: 0 passed
08.09.2014 15:30:48,112 - INFO  - Watchdog has been checked: 0 passed
08.09.2014 15:32:48,123 - INFO  - Watchdog has been checked: 0 passed
08.09.2014 15:34:48,313 - INFO  - Watchdog has been checked: 0 passed
08.09.2014 15:36:48,309 - INFO  - Watchdog has been checked: 0 passed
08.09.2014 15:38:48,147 - INFO  - Watchdog has been checked: 0 passed
08.09.2014 15:40:48,215 - INFO  - Watchdog has been checked: 0 passed
08.09.2014 15:42:48,246 - INFO  - Watchdog has been checked: 0 passed
08.09.2014 15:44:48,130 - INFO  - Watchdog has been checked: 0 passed
08.09.2014 15:46:48,132 - INFO  - Watchdog has been checked: 0 passed
08.09.2014 15:48:48,239 - INFO  - Watchdog has been checked: 0 passed
08.09.2014 15:50:48,246 - INFO  - Watchdog has been checked: 0 passed
08.09.2014 15:52:48,294 - INFO  - Watchdog has been checked: 0 passed
08.09.2014 15:54:48,417 - INFO  - Watchdog has been checked: 0 passed
08.09.2014 15:56:48,407 - INFO  - Watchdog has been checked: 0 passed
08.09.2014 15:58:48,238 - INFO  - Watchdog has been checked: 0 passed
08.09.2014 16:00:48,240 - INFO  - Watchdog has been checked: 0 passed
08.09.2014 16:02:48,275 - INFO  - Watchdog has been checked: 0 passed
08.09.2014 16:04:48,362 - INFO  - Watchdog has been checked: 0 passed
08.09.2014 16:06:48,222 - INFO  - Watchdog has been checked: 0 passed
08.09.2014 16:08:48,221 - INFO  - Watchdog has been checked: 0 passed
08.09.2014 16:10:48,261 - INFO  - Watchdog has been checked: 0 passed
08.09.2014 16:12:48,257 - INFO  - Watchdog has been checked: 0 passed
08.09.2014 16:14:48,372 - INFO  - Watchdog has been checked: 0 passed
08.09.2014 16:16:48,443 - INFO  - Watchdog has been checked: 0 passed
08.09.2014 16:18:48,244 - INFO  - Watchdog has been checked: 0 passed
08.09.2014 16:20:48,375 - INFO  - Watchdog has been checked: 0 passed
08.09.2014 16:22:48,403 - INFO  - Watchdog has been checked: 0 passed
08.09.2014 16:24:48,386 - INFO  - Watchdog has been checked: 0 passed
08.09.2014 16:26:48,339 - INFO  - Watchdog has been checked: 0 passed
08.09.2014 16:28:48,354 - INFO  - Watchdog has been checked: 0 passed
08.09.2014 16:30:48,131 - INFO  - Watchdog has been checked: 0 passed
08.09.2014 16:32:47,224 - INFO  - Watchdog has been checked: 0 passed
08.09.2014 16:34:47,071 - INFO  - Watchdog has been checked: 0 passed
08.09.2014 16:36:46,153 - INFO  - Watchdog has been checked: 0 passed
08.09.2014 16:38:45,020 - INFO  - Watchdog has been checked: 0 passed
08.09.2014 16:40:44,044 - INFO  - Watchdog has been checked: 0 passed
08.09.2014 16:42:43,137 - INFO  - Watchdog has been checked: 0 passed
08.09.2014 16:44:42,970 - INFO  - Watchdog has been checked: 0 passed
08.09.2014 16:46:41,993 - INFO  - Watchdog has been checked: 0 passed
08.09.2014 16:48:41,033 - INFO  - Watchdog has been checked: 0 passed
08.09.2014 16:50:40,206 - INFO  - Watchdog has been checked: 0 passed
08.09.2014 16:52:40,177 - INFO  - Watchdog has been checked: 0 passed
08.09.2014 16:54:40,052 - INFO  - Watchdog has been checked: 0 passed
08.09.2014 16:56:39,082 - INFO  - Watchdog has been checked: 0 passed
08.09.2014 16:58:39,146 - INFO  - Watchdog has been checked: 0 passed
08.09.2014 17:00:39,207 - INFO  - Watchdog has been checked: 0 passed
08.09.2014 17:02:39,016 - INFO  - Watchdog has been checked: 0 passed
08.09.2014 17:04:39,100 - INFO  - Watchdog has been checked: 0 passed
08.09.2014 17:06:39,214 - INFO  - Watchdog has been checked: 0 passed
08.09.2014 17:08:39,057 - INFO  - Watchdog has been checked: 0 passed
08.09.2014 17:10:39,070 - INFO  - Watchdog has been checked: 0 passed
08.09.2014 17:12:39,277 - INFO  - Watchdog has been checked: 0 passed
08.09.2014 17:14:39,211 - INFO  - Watchdog has been checked: 0 passed
08.09.2014 17:16:39,035 - INFO  - Watchdog has been checked: 0 passed
08.09.2014 17:18:39,124 - INFO  - Watchdog has been checked: 0 passed
08.09.2014 17:20:39,198 - INFO  - Watchdog has been checked: 0 passed
08.09.2014 17:22:39,317 - INFO  - Watchdog has been checked: 0 passed
08.09.2014 17:24:39,143 - INFO  - Watchdog has been checked: 0 passed
08.09.2014 17:26:39,360 - INFO  - Watchdog has been checked: 0 passed
08.09.2014 17:28:39,184 - INFO  - Watchdog has been checked: 0 passed
08.09.2014 17:30:39,168 - INFO  - Watchdog has been checked: 0 passed
08.09.2014 17:32:39,211 - INFO  - Watchdog has been checked: 0 passed
08.09.2014 17:34:39,469 - INFO  - Watchdog has been checked: 0 passed
08.09.2014 17:36:39,218 - INFO  - Watchdog has been checked: 0 passed
08.09.2014 17:38:39,272 - INFO  - Watchdog has been checked: 0 passed
08.09.2014 17:40:39,262 - INFO  - Watchdog has been checked: 0 passed
08.09.2014 17:42:39,295 - INFO  - Watchdog has been checked: 0 passed
08.09.2014 17:44:39,215 - INFO  - Watchdog has been checked: 0 passed
08.09.2014 17:46:39,189 - INFO  - Watchdog has been checked: 0 passed
08.09.2014 17:48:39,286 - INFO  - Watchdog has been checked: 0 passed
08.09.2014 17:50:39,204 - INFO  - Watchdog has been checked: 0 passed
08.09.2014 17:52:39,167 - INFO  - Watchdog has been checked: 0 passed
08.09.2014 17:54:39,207 - INFO  - Watchdog has been checked: 0 passed
08.09.2014 17:56:39,177 - INFO  - Watchdog has been checked: 0 passed
08.09.2014 17:58:39,243 - INFO  - Watchdog has been checked: 0 passed
08.09.2014 18:00:39,238 - INFO  - Watchdog has been checked: 0 passed
08.09.2014 18:02:38,989 - INFO  - Watchdog has been checked: 0 passed
08.09.2014 18:04:37,924 - INFO  - Watchdog has been checked: 0 passed
08.09.2014 18:06:37,152 - INFO  - Watchdog has been checked: 0 passed
08.09.2014 18:08:36,983 - INFO  - Watchdog has been checked: 0 passed
08.09.2014 18:10:37,025 - INFO  - Watchdog has been checked: 0 passed
08.09.2014 18:12:37,065 - INFO  - Watchdog has been checked: 0 passed
08.09.2014 18:14:37,098 - INFO  - Watchdog has been checked: 0 passed
08.09.2014 18:16:36,211 - INFO  - Watchdog has been checked: 0 passed
08.09.2014 18:18:36,210 - INFO  - Watchdog has been checked: 0 passed
08.09.2014 18:20:38,105 - INFO  - Watchdog has been checked: 0 passed
08.09.2014 18:22:38,311 - INFO  - Watchdog has been checked: 0 passed
08.09.2014 18:24:38,255 - INFO  - Watchdog has been checked: 0 passed
08.09.2014 18:26:38,117 - INFO  - Watchdog has been checked: 0 passed
08.09.2014 18:28:38,281 - INFO  - Watchdog has been checked: 0 passed
08.09.2014 18:30:38,266 - INFO  - Watchdog has been checked: 0 passed
08.09.2014 18:32:38,126 - INFO  - Watchdog has been checked: 0 passed
08.09.2014 18:34:38,168 - INFO  - Watchdog has been checked: 0 passed
08.09.2014 18:36:38,204 - INFO  - Watchdog has been checked: 0 passed
08.09.2014 18:38:38,201 - INFO  - Watchdog has been checked: 0 passed
08.09.2014 18:40:38,062 - INFO  - Watchdog has been checked: 0 passed
08.09.2014 18:42:38,035 - INFO  - Watchdog has been checked: 0 passed
08.09.2014 18:44:38,168 - INFO  - Watchdog has been checked: 0 passed
08.09.2014 18:46:38,055 - INFO  - Watchdog has been checked: 0 passed
08.09.2014 18:48:37,101 - INFO  - Watchdog has been checked: 0 passed
08.09.2014 18:50:37,153 - INFO  - Watchdog has been checked: 0 passed
08.09.2014 18:52:37,184 - INFO  - Watchdog has been checked: 0 passed
08.09.2014 18:54:37,288 - INFO  - Watchdog has been checked: 0 passed
08.09.2014 18:56:37,128 - INFO  - Watchdog has been checked: 0 passed
08.09.2014 18:58:37,676 - INFO  - Watchdog has been checked: 0 passed
08.09.2014 19:00:37,180 - INFO  - Watchdog has been checked: 0 passed
08.09.2014 19:02:37,194 - INFO  - Watchdog has been checked: 0 passed
08.09.2014 19:04:37,338 - INFO  - Watchdog has been checked: 0 passed
08.09.2014 19:06:37,209 - INFO  - Watchdog has been checked: 0 passed
08.09.2014 19:08:37,213 - INFO  - Watchdog has been checked: 0 passed
08.09.2014 19:10:37,284 - INFO  - Watchdog has been checked: 0 passed
08.09.2014 19:12:37,125 - INFO  - Watchdog has been checked: 0 passed
08.09.2014 19:14:36,170 - INFO  - Watchdog has been checked: 0 passed
08.09.2014 19:16:36,236 - INFO  - Watchdog has been checked: 0 passed
08.09.2014 19:18:36,298 - INFO  - Watchdog has been checked: 0 passed
08.09.2014 19:20:36,146 - INFO  - Watchdog has been checked: 0 passed
08.09.2014 19:22:36,228 - INFO  - Watchdog has been checked: 0 passed
08.09.2014 19:24:36,305 - INFO  - Watchdog has been checked: 0 passed
08.09.2014 19:26:38,074 - INFO  - Watchdog has been checked: 0 passed
08.09.2014 19:28:37,171 - INFO  - Watchdog has been checked: 0 passed
08.09.2014 19:30:37,204 - INFO  - Watchdog has been checked: 0 passed
08.09.2014 19:32:37,071 - INFO  - Watchdog has been checked: 0 passed
08.09.2014 19:34:36,115 - INFO  - Watchdog has been checked: 0 passed
08.09.2014 19:36:35,040 - INFO  - Watchdog has been checked: 0 passed
08.09.2014 19:38:34,139 - INFO  - Watchdog has been checked: 0 passed
08.09.2014 19:40:34,273 - INFO  - Watchdog has been checked: 0 passed
08.09.2014 19:42:34,028 - INFO  - Watchdog has been checked: 0 passed
08.09.2014 19:44:34,077 - INFO  - Watchdog has been checked: 0 passed
08.09.2014 19:46:34,081 - INFO  - Watchdog has been checked: 0 passed
08.09.2014 19:48:34,149 - INFO  - Watchdog has been checked: 0 passed
08.09.2014 19:50:34,275 - INFO  - Watchdog has been checked: 0 passed
08.09.2014 19:52:34,222 - INFO  - Watchdog has been checked: 0 passed
08.09.2014 19:54:34,081 - INFO  - Watchdog has been checked: 0 passed
08.09.2014 19:56:34,112 - INFO  - Watchdog has been checked: 0 passed
08.09.2014 19:58:34,159 - INFO  - Watchdog has been checked: 0 passed
08.09.2014 20:00:34,153 - INFO  - Watchdog has been checked: 0 passed
08.09.2014 20:02:34,164 - INFO  - Watchdog has been checked: 0 passed
08.09.2014 20:04:34,251 - INFO  - Watchdog has been checked: 0 passed
08.09.2014 20:06:34,220 - INFO  - Watchdog has been checked: 0 passed
08.09.2014 20:08:34,273 - INFO  - Watchdog has been checked: 0 passed
08.09.2014 20:10:34,305 - INFO  - Watchdog has been checked: 0 passed
08.09.2014 20:12:34,329 - INFO  - Watchdog has been checked: 0 passed
08.09.2014 20:14:34,189 - INFO  - Watchdog has been checked: 0 passed
08.09.2014 20:16:34,262 - INFO  - Watchdog has been checked: 0 passed
08.09.2014 20:18:34,252 - INFO  - Watchdog has been checked: 0 passed
08.09.2014 20:20:34,292 - INFO  - Watchdog has been checked: 0 passed
08.09.2014 20:22:34,325 - INFO  - Watchdog has been checked: 0 passed
08.09.2014 20:24:34,232 - INFO  - Watchdog has been checked: 0 passed
08.09.2014 20:26:34,267 - INFO  - Watchdog has been checked: 0 passed
08.09.2014 20:28:34,293 - INFO  - Watchdog has been checked: 0 passed
08.09.2014 20:30:34,404 - INFO  - Watchdog has been checked: 0 passed
08.09.2014 20:32:34,395 - INFO  - Watchdog has been checked: 0 passed
08.09.2014 20:34:34,357 - INFO  - Watchdog has been checked: 0 passed
08.09.2014 20:36:34,290 - INFO  - Watchdog has been checked: 0 passed
08.09.2014 20:38:34,328 - INFO  - Watchdog has been checked: 0 passed
08.09.2014 20:40:34,408 - INFO  - Watchdog has been checked: 0 passed
08.09.2014 20:42:34,356 - INFO  - Watchdog has been checked: 0 passed
08.09.2014 20:44:34,293 - INFO  - Watchdog has been checked: 0 passed
08.09.2014 20:46:34,249 - INFO  - Watchdog has been checked: 0 passed
08.09.2014 20:48:34,306 - INFO  - Watchdog has been checked: 0 passed
08.09.2014 20:50:34,283 - INFO  - Watchdog has been checked: 0 passed
08.09.2014 20:52:34,205 - INFO  - Watchdog has been checked: 0 passed
08.09.2014 20:54:33,104 - INFO  - Watchdog has been checked: 0 passed
08.09.2014 20:56:33,178 - INFO  - Watchdog has been checked: 0 passed
08.09.2014 20:58:33,174 - INFO  - Watchdog has been checked: 0 passed
08.09.2014 21:00:33,254 - INFO  - Watchdog has been checked: 0 passed
08.09.2014 21:02:32,944 - INFO  - Watchdog has been checked: 0 passed
08.09.2014 21:04:32,083 - INFO  - Watchdog has been checked: 0 passed
08.09.2014 21:06:31,170 - INFO  - Watchdog has been checked: 0 passed
08.09.2014 21:08:31,194 - INFO  - Watchdog has been checked: 0 passed
08.09.2014 21:10:31,104 - INFO  - Watchdog has been checked: 0 passed
08.09.2014 21:12:31,369 - INFO  - Watchdog has been checked: 0 passed
08.09.2014 21:14:30,161 - INFO  - Watchdog has been checked: 0 passed
08.09.2014 21:16:30,186 - INFO  - Watchdog has been checked: 0 passed
08.09.2014 21:18:30,263 - INFO  - Watchdog has been checked: 0 passed
08.09.2014 21:20:30,001 - INFO  - Watchdog has been checked: 0 passed
08.09.2014 21:22:29,346 - INFO  - Watchdog has been checked: 0 passed
08.09.2014 21:24:29,230 - INFO  - Watchdog has been checked: 0 passed
08.09.2014 21:26:29,324 - INFO  - Watchdog has been checked: 0 passed
08.09.2014 21:28:29,128 - INFO  - Watchdog has been checked: 0 passed
08.09.2014 21:30:29,152 - INFO  - Watchdog has been checked: 0 passed
08.09.2014 21:32:29,188 - INFO  - Watchdog has been checked: 0 passed
08.09.2014 21:34:29,395 - INFO  - Watchdog has been checked: 0 passed
08.09.2014 21:36:29,129 - INFO  - Watchdog has been checked: 0 passed
08.09.2014 21:38:29,397 - INFO  - Watchdog has been checked: 0 passed
08.09.2014 21:40:29,177 - INFO  - Watchdog has been checked: 0 passed
08.09.2014 21:42:29,209 - INFO  - Watchdog has been checked: 0 passed
08.09.2014 21:44:29,345 - INFO  - Watchdog has been checked: 0 passed
08.09.2014 21:46:29,399 - INFO  - Watchdog has been checked: 0 passed
08.09.2014 21:48:29,393 - INFO  - Watchdog has been checked: 0 passed
08.09.2014 21:50:29,137 - INFO  - Watchdog has been checked: 0 passed
08.09.2014 21:52:29,198 - INFO  - Watchdog has been checked: 0 passed
08.09.2014 21:54:29,271 - INFO  - Watchdog has been checked: 0 passed
08.09.2014 21:56:29,297 - INFO  - Watchdog has been checked: 0 passed
08.09.2014 21:58:29,365 - INFO  - Watchdog has been checked: 0 passed
08.09.2014 22:00:29,137 - INFO  - Watchdog has been checked: 0 passed
08.09.2014 22:02:29,248 - INFO  - Watchdog has been checked: 0 passed
08.09.2014 22:04:29,413 - INFO  - Watchdog has been checked: 0 passed
08.09.2014 22:06:29,468 - INFO  - Watchdog has been checked: 0 passed
08.09.2014 22:08:29,233 - INFO  - Watchdog has been checked: 0 passed
08.09.2014 22:10:29,269 - INFO  - Watchdog has been checked: 0 passed
08.09.2014 22:12:29,396 - INFO  - Watchdog has been checked: 0 passed
08.09.2014 22:14:29,447 - INFO  - Watchdog has been checked: 0 passed
08.09.2014 22:16:29,296 - INFO  - Watchdog has been checked: 0 passed
08.09.2014 22:18:29,417 - INFO  - Watchdog has been checked: 0 passed
08.09.2014 22:20:29,134 - INFO  - Watchdog has been checked: 0 passed
08.09.2014 22:22:29,116 - INFO  - Watchdog has been checked: 0 passed
08.09.2014 22:24:29,250 - INFO  - Watchdog has been checked: 0 passed
08.09.2014 22:26:29,164 - INFO  - Watchdog has been checked: 0 passed
08.09.2014 22:28:29,161 - INFO  - Watchdog has been checked: 0 passed
08.09.2014 22:30:29,077 - INFO  - Watchdog has been checked: 0 passed
08.09.2014 22:32:29,181 - INFO  - Watchdog has been checked: 0 passed
08.09.2014 22:34:29,023 - INFO  - Watchdog has been checked: 0 passed
08.09.2014 22:36:28,139 - INFO  - Watchdog has been checked: 0 passed
08.09.2014 22:38:28,064 - INFO  - Watchdog has been checked: 0 passed
08.09.2014 22:40:28,058 - INFO  - Watchdog has been checked: 0 passed
08.09.2014 22:42:27,030 - INFO  - Watchdog has been checked: 0 passed
08.09.2014 22:44:26,311 - INFO  - Watchdog has been checked: 0 passed
08.09.2014 22:46:26,193 - INFO  - Watchdog has been checked: 0 passed
08.09.2014 22:48:26,230 - INFO  - Watchdog has been checked: 0 passed
08.09.2014 22:50:26,244 - INFO  - Watchdog has been checked: 0 passed
08.09.2014 22:52:26,387 - INFO  - Watchdog has been checked: 0 passed
08.09.2014 22:54:27,618 - INFO  - Watchdog has been checked: 0 passed
08.09.2014 22:56:27,236 - INFO  - Watchdog has been checked: 0 passed
08.09.2014 22:58:27,244 - INFO  - Watchdog has been checked: 0 passed
08.09.2014 23:00:27,311 - INFO  - Watchdog has been checked: 0 passed
08.09.2014 23:02:27,353 - INFO  - Watchdog has been checked: 0 passed
08.09.2014 23:04:27,268 - INFO  - Watchdog has been checked: 0 passed
08.09.2014 23:06:27,213 - INFO  - Watchdog has been checked: 0 passed
08.09.2014 23:08:27,231 - INFO  - Watchdog has been checked: 0 passed
08.09.2014 23:10:27,364 - INFO  - Watchdog has been checked: 0 passed
08.09.2014 23:12:27,337 - INFO  - Watchdog has been checked: 0 passed
08.09.2014 23:14:27,250 - INFO  - Watchdog has been checked: 0 passed
08.09.2014 23:16:27,265 - INFO  - Watchdog has been checked: 0 passed
08.09.2014 23:18:27,306 - INFO  - Watchdog has been checked: 0 passed
08.09.2014 23:20:27,374 - INFO  - Watchdog has been checked: 0 passed
08.09.2014 23:22:27,326 - INFO  - Watchdog has been checked: 0 passed
08.09.2014 23:24:27,287 - INFO  - Watchdog has been checked: 0 passed
08.09.2014 23:26:27,275 - INFO  - Watchdog has been checked: 0 passed
08.09.2014 23:28:27,355 - INFO  - Watchdog has been checked: 0 passed
08.09.2014 23:30:57,361 - INFO  - Watchdog has been checked: 0 passed
08.09.2014 23:31:27,372 - INFO  - Watchdog has been checked: 0 passed
08.09.2014 23:33:27,237 - INFO  - Watchdog has been checked: 0 passed
08.09.2014 23:35:27,392 - INFO  - Watchdog has been checked: 0 passed
08.09.2014 23:37:27,493 - INFO  - Watchdog has been checked: 0 passed
08.09.2014 23:39:27,394 - INFO  - Watchdog has been checked: 0 passed
08.09.2014 23:41:27,375 - INFO  - Watchdog has been checked: 0 passed
08.09.2014 23:43:27,187 - INFO  - Watchdog has been checked: 0 passed
08.09.2014 23:45:27,250 - INFO  - Watchdog has been checked: 0 passed
08.09.2014 23:47:27,123 - INFO  - Watchdog has been checked: 0 passed
08.09.2014 23:49:27,263 - INFO  - Watchdog has been checked: 0 passed
08.09.2014 23:51:27,237 - INFO  - Watchdog has been checked: 0 passed
08.09.2014 23:53:26,996 - INFO  - Watchdog has been checked: 0 passed
08.09.2014 23:55:26,053 - INFO  - Watchdog has been checked: 0 passed
08.09.2014 23:57:25,908 - INFO  - Watchdog has been checked: 0 passed
08.09.2014 23:59:25,052 - INFO  - Watchdog has been checked: 0 passed
