26.05.2014 07:45:27,969 - ERROR - unknown wikiuser
26.05.2014 07:45:28,032 - INFO  - searcher anonymous --- respT: 24ms, 27845 results, q=, 
26.05.2014 07:45:34,080 - ERROR - unknown wikiuser
26.05.2014 07:45:34,110 - INFO  - searcher anonymous --- respT: 9ms, 7 results, q=buecklers, 
26.05.2014 07:45:35,790 - ERROR - unknown wikiuser
26.05.2014 07:45:35,819 - INFO  - searcher anonymous --- respT: 10ms, no results, q=buecklers tea, 
26.05.2014 07:45:37,088 - ERROR - unknown wikiuser
26.05.2014 07:45:37,117 - INFO  - searcher anonymous --- respT: 10ms, no results, q=buecklers task, 
26.05.2014 07:45:47,197 - ERROR - unknown wikiuser
26.05.2014 07:45:47,229 - INFO  - searcher anonymous --- respT: 10ms, no results, q=buecklers tas, 
26.05.2014 07:45:48,829 - ERROR - unknown wikiuser
26.05.2014 07:45:48,888 - INFO  - searcher anonymous --- respT: 11ms, 1 results, q=buecklers ta, 
26.05.2014 07:45:51,997 - ERROR - unknown wikiuser
26.05.2014 07:45:52,085 - INFO  - searcher anonymous --- respT: 11ms, 6 results, q=buecklers t, 
26.05.2014 07:50:13,100 - INFO  - searcher identified --- respT: 15ms, 376 results, q=beu, 
26.05.2014 07:51:18,530 - INFO  - searcher identified --- respT: 20ms, 61 results, q=buec, 
26.05.2014 08:13:57,283 - INFO  - searcher identified --- respT: 30ms, 38045 results, q=, 
26.05.2014 08:17:56,813 - INFO  - searcher identified --- respT: 59ms, 13 results, q=buecklers task, 
26.05.2014 08:18:13,892 - INFO  - searcher identified --- respT: 14ms, no results, q=bueckelrs, 
26.05.2014 08:18:16,706 - INFO  - searcher identified --- respT: 12ms, 25 results, q=buecklers, 
26.05.2014 08:18:20,317 - INFO  - searcher identified --- respT: 15ms, 13 results, q=buecklers task, 
26.05.2014 08:19:31,886 - INFO  - searcher identified --- respT: 11ms, 25 results, q=buecklers, 
26.05.2014 08:19:33,905 - INFO  - searcher identified --- respT: 15ms, 13 results, q=buecklers task, 
26.05.2014 08:20:28,332 - INFO  - searcher identified --- respT: 20ms, 25 results, q=bueckler, 
26.05.2014 08:20:29,487 - INFO  - searcher identified --- respT: 12ms, 25 results, q=buecklers, 
26.05.2014 08:20:31,627 - INFO  - searcher identified --- respT: 16ms, 13 results, q=buecklers task, 
26.05.2014 08:23:32,485 - INFO  - searcher identified --- respT: 30ms, 599 results, q=Spee, 
26.05.2014 08:23:34,476 - INFO  - searcher identified --- respT: 24ms, 4 results, q=Speedik, 
26.05.2014 08:23:35,510 - INFO  - searcher identified --- respT: 16ms, no results, q=Speediki, 
26.05.2014 08:23:48,308 - INFO  - searcher identified --- respT: 23ms, 4 results, q=Speedik, 
26.05.2014 08:23:49,352 - INFO  - searcher identified --- respT: 13ms, 4 results, q=Speedikon, 
26.05.2014 08:24:01,818 - INFO  - searcher identified --- respT: 13ms, 1223 results, q=neue, 
26.05.2014 08:24:07,925 - INFO  - searcher identified --- respT: 40ms, 38047 results, q=, 
26.05.2014 08:24:24,706 - INFO  - searcher identified --- respT: 19ms, 2347 results, q=https:, 
26.05.2014 08:24:30,667 - INFO  - searcher identified --- respT: 32ms, 771 results, q=https://intranet.psi.ch/se, 
26.05.2014 08:24:33,014 - INFO  - searcher identified --- respT: 32ms, 140 results, q=https://intranet.psi.ch/search, 
26.05.2014 08:24:50,484 - INFO  - searcher identified --- respT: 30ms, 599 results, q=Spee, 
26.05.2014 08:24:53,387 - INFO  - searcher identified --- respT: 16ms, no results, q=Speediki, 
26.05.2014 08:24:54,687 - INFO  - searcher identified --- respT: 23ms, 4 results, q=Speedik, 
26.05.2014 08:24:55,930 - INFO  - searcher identified --- respT: 12ms, 4 results, q=Speedikon, 
26.05.2014 08:24:59,595 - INFO  - searcher identified --- respT: 12ms, 4 results, q=Speedikon, 
26.05.2014 08:25:07,241 - INFO  - searcher identified --- respT: 75ms, 38047 results, q=, 
26.05.2014 08:25:12,996 - INFO  - searcher identified --- respT: 22ms, 3469 results, q=neu, 
26.05.2014 08:25:16,325 - INFO  - searcher identified --- respT: 13ms, 1223 results, q=neue, 
26.05.2014 08:25:20,192 - INFO  - searcher identified --- respT: 31ms, 140 results, q=https://intranet.psi.ch/search/, 
26.05.2014 09:41:48,705 - INFO  - searcher identified --- respT: 26ms, 38081 results, q=, 
26.05.2014 09:41:51,249 - INFO  - searcher identified --- respT: 19ms, no results, q=bueckers, 
26.05.2014 09:41:52,116 - INFO  - searcher identified --- respT: 21ms, 25 results, q=bueck, 
26.05.2014 09:41:54,070 - INFO  - searcher identified --- respT: 17ms, 13 results, q=buecklers task, 
26.05.2014 09:44:44,933 - INFO  - searcher identified --- respT: 16ms, 13 results, q=buecklers task, page turned
26.05.2014 10:49:14,448 - INFO  - searcher identified --- respT: 51ms, 70970 results, q=, 
26.05.2014 10:49:18,466 - INFO  - searcher identified --- respT: 15ms, 49 results, q=SOMA, 
26.05.2014 10:49:19,218 - INFO  - searcher identified --- respT: 15ms, 49 results, q=SOMA, 
26.05.2014 15:59:21,923 - INFO  - searcher identified --- respT: 42ms, 71015 results, q=, 
26.05.2014 15:59:39,411 - INFO  - searcher identified --- respT: 19ms, 123 results, q=AAI, 
26.05.2014 16:40:51,242 - INFO  - searcher identified --- respT: 62ms, 38179 results, q=, 
26.05.2014 16:40:55,978 - INFO  - searcher identified --- respT: 15ms, no results, q=buecklerws, 
26.05.2014 16:40:57,410 - INFO  - searcher identified --- respT: 14ms, 25 results, q=buecklers, 
26.05.2014 16:40:58,947 - INFO  - searcher identified --- respT: 16ms, 22 results, q=buecklers thomas, 
26.05.2014 16:41:01,002 - INFO  - searcher identified --- respT: 19ms, 8 results, q=buecklers t, 
26.05.2014 16:41:02,705 - INFO  - searcher identified --- respT: 18ms, 13 results, q=buecklers tasks, 
26.05.2014 16:41:47,857 - INFO  - searcher identified --- respT: 17ms, 13 results, q=buecklers tasks, page turned
26.05.2014 16:41:59,406 - INFO  - searcher identified --- respT: 18ms, 13 results, q=buecklers tasks, 
