24.06.2014 00:01:21,168 - INFO  - Watchdog has been checked: 0 passed
24.06.2014 00:03:21,096 - INFO  - Watchdog has been checked: 0 passed
24.06.2014 00:05:19,929 - INFO  - Watchdog has been checked: 0 passed
24.06.2014 00:07:18,985 - INFO  - Watchdog has been checked: 0 passed
24.06.2014 00:09:18,174 - INFO  - Watchdog has been checked: 0 passed
24.06.2014 00:11:17,222 - INFO  - Watchdog has been checked: 0 passed
24.06.2014 00:13:15,996 - INFO  - Watchdog has been checked: 0 passed
24.06.2014 00:15:15,098 - INFO  - Watchdog has been checked: 0 passed
24.06.2014 00:17:14,089 - INFO  - Watchdog has been checked: 0 passed
24.06.2014 00:19:13,189 - INFO  - Watchdog has been checked: 0 passed
24.06.2014 00:21:13,036 - INFO  - Watchdog has been checked: 0 passed
24.06.2014 00:23:12,298 - INFO  - Watchdog has been checked: 0 passed
24.06.2014 00:25:12,103 - INFO  - Watchdog has been checked: 0 passed
24.06.2014 00:27:11,082 - INFO  - Watchdog has been checked: 0 passed
24.06.2014 00:29:11,167 - INFO  - Watchdog has been checked: 0 passed
24.06.2014 00:31:11,376 - INFO  - Watchdog has been checked: 0 passed
24.06.2014 00:33:11,357 - INFO  - Watchdog has been checked: 0 passed
24.06.2014 00:35:11,181 - INFO  - Watchdog has been checked: 0 passed
24.06.2014 00:37:10,211 - INFO  - Watchdog has been checked: 0 passed
24.06.2014 00:39:10,273 - INFO  - Watchdog has been checked: 0 passed
24.06.2014 00:41:10,228 - INFO  - Watchdog has been checked: 0 passed
24.06.2014 00:43:10,212 - INFO  - Watchdog has been checked: 0 passed
24.06.2014 00:45:10,283 - INFO  - Watchdog has been checked: 0 passed
24.06.2014 00:47:10,294 - INFO  - Watchdog has been checked: 0 passed
24.06.2014 00:49:10,375 - INFO  - Watchdog has been checked: 0 passed
24.06.2014 00:51:10,247 - INFO  - Watchdog has been checked: 0 passed
24.06.2014 00:53:10,247 - INFO  - Watchdog has been checked: 0 passed
24.06.2014 00:55:10,315 - INFO  - Watchdog has been checked: 0 passed
24.06.2014 00:57:10,151 - INFO  - Watchdog has been checked: 0 passed
24.06.2014 00:59:10,193 - INFO  - Watchdog has been checked: 0 passed
24.06.2014 01:01:10,347 - INFO  - Watchdog has been checked: 0 passed
24.06.2014 01:03:10,354 - INFO  - Watchdog has been checked: 0 passed
24.06.2014 01:05:10,374 - INFO  - Watchdog has been checked: 0 passed
24.06.2014 01:07:10,181 - INFO  - Watchdog has been checked: 0 passed
24.06.2014 01:09:10,242 - INFO  - Watchdog has been checked: 0 passed
24.06.2014 01:11:10,166 - INFO  - Watchdog has been checked: 0 passed
24.06.2014 01:13:10,156 - INFO  - Watchdog has been checked: 0 passed
24.06.2014 01:15:10,224 - INFO  - Watchdog has been checked: 0 passed
24.06.2014 01:17:10,285 - INFO  - Watchdog has been checked: 0 passed
24.06.2014 01:19:10,050 - INFO  - Watchdog has been checked: 0 passed
24.06.2014 01:21:10,231 - INFO  - Watchdog has been checked: 0 passed
24.06.2014 01:23:10,068 - INFO  - Watchdog has been checked: 0 passed
24.06.2014 01:25:10,088 - INFO  - Watchdog has been checked: 0 passed
24.06.2014 01:27:09,157 - INFO  - Watchdog has been checked: 0 passed
24.06.2014 01:29:09,309 - INFO  - Watchdog has been checked: 0 passed
24.06.2014 01:31:09,180 - INFO  - Watchdog has been checked: 0 passed
24.06.2014 01:33:09,160 - INFO  - Watchdog has been checked: 0 passed
24.06.2014 01:35:09,161 - INFO  - Watchdog has been checked: 0 passed
24.06.2014 01:37:09,240 - INFO  - Watchdog has been checked: 0 passed
24.06.2014 01:39:09,215 - INFO  - Watchdog has been checked: 0 passed
24.06.2014 01:41:09,080 - INFO  - Watchdog has been checked: 0 passed
24.06.2014 01:43:09,159 - INFO  - Watchdog has been checked: 0 passed
24.06.2014 01:45:09,163 - INFO  - Watchdog has been checked: 0 passed
24.06.2014 01:47:09,212 - INFO  - Watchdog has been checked: 0 passed
24.06.2014 01:49:09,303 - INFO  - Watchdog has been checked: 0 passed
24.06.2014 01:51:09,125 - INFO  - Watchdog has been checked: 0 passed
24.06.2014 01:53:09,199 - INFO  - Watchdog has been checked: 0 passed
24.06.2014 01:55:09,297 - INFO  - Watchdog has been checked: 0 passed
24.06.2014 01:57:09,382 - INFO  - Watchdog has been checked: 0 passed
24.06.2014 01:59:09,272 - INFO  - Watchdog has been checked: 0 passed
24.06.2014 02:01:09,344 - INFO  - Watchdog has been checked: 0 passed
24.06.2014 02:03:09,408 - INFO  - Watchdog has been checked: 0 passed
24.06.2014 02:05:09,414 - INFO  - Watchdog has been checked: 0 passed
24.06.2014 02:07:09,193 - INFO  - Watchdog has been checked: 0 passed
24.06.2014 02:09:09,339 - INFO  - Watchdog has been checked: 0 passed
24.06.2014 02:11:09,427 - INFO  - Watchdog has been checked: 0 passed
24.06.2014 02:13:09,251 - INFO  - Watchdog has been checked: 0 passed
24.06.2014 02:15:09,299 - INFO  - Watchdog has been checked: 0 passed
24.06.2014 02:17:09,321 - INFO  - Watchdog has been checked: 0 passed
24.06.2014 02:19:09,269 - INFO  - Watchdog has been checked: 0 passed
24.06.2014 02:21:09,322 - INFO  - Watchdog has been checked: 0 passed
24.06.2014 02:23:09,091 - INFO  - Watchdog has been checked: 0 passed
24.06.2014 02:25:09,149 - INFO  - Watchdog has been checked: 0 passed
24.06.2014 02:27:09,160 - INFO  - Watchdog has been checked: 0 passed
24.06.2014 02:29:09,253 - INFO  - Watchdog has been checked: 0 passed
24.06.2014 02:31:09,072 - INFO  - Watchdog has been checked: 0 passed
24.06.2014 02:33:09,153 - INFO  - Watchdog has been checked: 0 passed
24.06.2014 02:35:08,993 - INFO  - Watchdog has been checked: 0 passed
24.06.2014 02:37:07,998 - INFO  - Watchdog has been checked: 0 passed
24.06.2014 02:39:07,109 - INFO  - Watchdog has been checked: 0 passed
24.06.2014 02:41:05,933 - INFO  - Watchdog has been checked: 0 passed
24.06.2014 02:43:04,968 - INFO  - Watchdog has been checked: 0 passed
24.06.2014 02:45:03,993 - INFO  - Watchdog has been checked: 0 passed
24.06.2014 02:47:03,043 - INFO  - Watchdog has been checked: 0 passed
24.06.2014 02:49:03,106 - INFO  - Watchdog has been checked: 0 passed
24.06.2014 02:51:03,088 - INFO  - Watchdog has been checked: 0 passed
24.06.2014 02:53:02,086 - INFO  - Watchdog has been checked: 0 passed
24.06.2014 02:55:01,078 - INFO  - Watchdog has been checked: 0 passed
24.06.2014 02:57:00,133 - INFO  - Watchdog has been checked: 0 passed
24.06.2014 02:59:00,150 - INFO  - Watchdog has been checked: 0 passed
24.06.2014 03:01:00,089 - INFO  - Watchdog has been checked: 0 passed
24.06.2014 03:03:00,200 - INFO  - Watchdog has been checked: 0 passed
24.06.2014 03:05:00,196 - INFO  - Watchdog has been checked: 0 passed
24.06.2014 03:07:00,247 - INFO  - Watchdog has been checked: 0 passed
24.06.2014 03:09:00,112 - INFO  - Watchdog has been checked: 0 passed
24.06.2014 03:10:59,310 - INFO  - Watchdog has been checked: 0 passed
24.06.2014 03:12:59,319 - INFO  - Watchdog has been checked: 0 passed
24.06.2014 03:14:59,139 - INFO  - Watchdog has been checked: 0 passed
24.06.2014 03:16:59,257 - INFO  - Watchdog has been checked: 0 passed
24.06.2014 03:18:59,276 - INFO  - Watchdog has been checked: 0 passed
24.06.2014 03:20:59,194 - INFO  - Watchdog has been checked: 0 passed
24.06.2014 03:22:59,230 - INFO  - Watchdog has been checked: 0 passed
24.06.2014 03:24:59,203 - INFO  - Watchdog has been checked: 0 passed
24.06.2014 03:26:59,335 - INFO  - Watchdog has been checked: 0 passed
24.06.2014 03:28:59,343 - INFO  - Watchdog has been checked: 0 passed
24.06.2014 03:30:59,254 - INFO  - Watchdog has been checked: 0 passed
24.06.2014 03:32:59,304 - INFO  - Watchdog has been checked: 0 passed
24.06.2014 03:34:59,243 - INFO  - Watchdog has been checked: 0 passed
24.06.2014 03:36:59,418 - INFO  - Watchdog has been checked: 0 passed
24.06.2014 03:38:59,224 - INFO  - Watchdog has been checked: 0 passed
24.06.2014 03:40:59,331 - INFO  - Watchdog has been checked: 0 passed
24.06.2014 03:42:59,128 - INFO  - Watchdog has been checked: 0 passed
24.06.2014 03:44:59,102 - INFO  - Watchdog has been checked: 0 passed
24.06.2014 03:46:59,167 - INFO  - Watchdog has been checked: 0 passed
24.06.2014 03:48:59,250 - INFO  - Watchdog has been checked: 0 passed
24.06.2014 03:50:59,115 - INFO  - Watchdog has been checked: 0 passed
24.06.2014 03:52:59,218 - INFO  - Watchdog has been checked: 0 passed
24.06.2014 03:54:59,156 - INFO  - Watchdog has been checked: 0 passed
24.06.2014 03:56:58,942 - INFO  - Watchdog has been checked: 0 passed
24.06.2014 03:58:57,917 - INFO  - Watchdog has been checked: 0 passed
24.06.2014 04:00:57,068 - INFO  - Watchdog has been checked: 0 passed
24.06.2014 04:02:56,993 - INFO  - Watchdog has been checked: 0 passed
24.06.2014 04:04:56,106 - INFO  - Watchdog has been checked: 0 passed
24.06.2014 04:06:55,929 - INFO  - Watchdog has been checked: 0 passed
24.06.2014 04:08:54,989 - INFO  - Watchdog has been checked: 0 passed
24.06.2014 04:10:53,859 - INFO  - Watchdog has been checked: 0 passed
24.06.2014 04:12:52,924 - INFO  - Watchdog has been checked: 0 passed
24.06.2014 04:14:51,941 - INFO  - Watchdog has been checked: 0 passed
24.06.2014 04:16:51,001 - INFO  - Watchdog has been checked: 0 passed
24.06.2014 04:18:51,178 - INFO  - Watchdog has been checked: 0 passed
24.06.2014 04:20:50,998 - INFO  - Watchdog has been checked: 0 passed
24.06.2014 04:22:50,074 - INFO  - Watchdog has been checked: 0 passed
24.06.2014 04:24:50,155 - INFO  - Watchdog has been checked: 0 passed
24.06.2014 04:26:50,214 - INFO  - Watchdog has been checked: 0 passed
24.06.2014 04:28:50,016 - INFO  - Watchdog has been checked: 0 passed
24.06.2014 04:30:49,157 - INFO  - Watchdog has been checked: 0 passed
24.06.2014 04:32:49,176 - INFO  - Watchdog has been checked: 0 passed
24.06.2014 04:34:49,196 - INFO  - Watchdog has been checked: 0 passed
24.06.2014 04:36:49,259 - INFO  - Watchdog has been checked: 0 passed
24.06.2014 04:38:49,092 - INFO  - Watchdog has been checked: 0 passed
24.06.2014 04:40:49,283 - INFO  - Watchdog has been checked: 0 passed
24.06.2014 04:42:49,132 - INFO  - Watchdog has been checked: 0 passed
24.06.2014 04:44:49,145 - INFO  - Watchdog has been checked: 0 passed
24.06.2014 04:46:49,210 - INFO  - Watchdog has been checked: 0 passed
24.06.2014 04:48:49,253 - INFO  - Watchdog has been checked: 0 passed
24.06.2014 04:50:49,395 - INFO  - Watchdog has been checked: 0 passed
24.06.2014 04:52:49,415 - INFO  - Watchdog has been checked: 0 passed
24.06.2014 04:54:49,441 - INFO  - Watchdog has been checked: 0 passed
24.06.2014 04:56:49,229 - INFO  - Watchdog has been checked: 0 passed
24.06.2014 04:58:49,236 - INFO  - Watchdog has been checked: 0 passed
24.06.2014 05:00:49,152 - INFO  - Watchdog has been checked: 0 passed
24.06.2014 05:02:49,174 - INFO  - Watchdog has been checked: 0 passed
24.06.2014 05:04:49,203 - INFO  - Watchdog has been checked: 0 passed
24.06.2014 05:06:49,284 - INFO  - Watchdog has been checked: 0 passed
24.06.2014 05:08:49,349 - INFO  - Watchdog has been checked: 0 passed
24.06.2014 05:10:49,256 - INFO  - Watchdog has been checked: 0 passed
24.06.2014 05:12:49,264 - INFO  - Watchdog has been checked: 0 passed
24.06.2014 05:14:49,093 - INFO  - Watchdog has been checked: 0 passed
24.06.2014 05:16:49,134 - INFO  - Watchdog has been checked: 0 passed
24.06.2014 05:18:49,141 - INFO  - Watchdog has been checked: 0 passed
24.06.2014 05:20:49,048 - INFO  - Watchdog has been checked: 0 passed
24.06.2014 05:22:48,050 - INFO  - Watchdog has been checked: 0 passed
24.06.2014 05:24:48,100 - INFO  - Watchdog has been checked: 0 passed
24.06.2014 05:26:47,984 - INFO  - Watchdog has been checked: 0 passed
24.06.2014 05:28:46,983 - INFO  - Watchdog has been checked: 0 passed
24.06.2014 05:30:46,164 - INFO  - Watchdog has been checked: 0 passed
24.06.2014 05:32:45,983 - INFO  - Watchdog has been checked: 0 passed
24.06.2014 05:34:45,215 - INFO  - Watchdog has been checked: 0 passed
24.06.2014 05:36:45,073 - INFO  - Watchdog has been checked: 0 passed
24.06.2014 05:38:44,068 - INFO  - Watchdog has been checked: 0 passed
24.06.2014 05:40:42,991 - INFO  - Watchdog has been checked: 0 passed
24.06.2014 05:42:42,223 - INFO  - Watchdog has been checked: 0 passed
24.06.2014 05:44:42,022 - INFO  - Watchdog has been checked: 0 passed
24.06.2014 05:46:42,130 - INFO  - Watchdog has been checked: 0 passed
24.06.2014 05:48:42,105 - INFO  - Watchdog has been checked: 0 passed
24.06.2014 05:50:42,282 - INFO  - Watchdog has been checked: 0 passed
24.06.2014 05:52:42,288 - INFO  - Watchdog has been checked: 0 passed
24.06.2014 05:54:44,881 - INFO  - Watchdog has been checked: 0 passed
24.06.2014 05:56:44,283 - INFO  - Watchdog has been checked: 0 passed
24.06.2014 05:58:44,302 - INFO  - Watchdog has been checked: 0 passed
24.06.2014 06:00:44,252 - INFO  - Watchdog has been checked: 0 passed
24.06.2014 06:02:44,359 - INFO  - Watchdog has been checked: 0 passed
24.06.2014 06:04:44,340 - INFO  - Watchdog has been checked: 0 passed
24.06.2014 06:06:44,222 - INFO  - Watchdog has been checked: 0 passed
24.06.2014 06:08:44,242 - INFO  - Watchdog has been checked: 0 passed
24.06.2014 06:10:44,193 - INFO  - Watchdog has been checked: 0 passed
24.06.2014 06:12:44,300 - INFO  - Watchdog has been checked: 0 passed
24.06.2014 06:14:44,317 - INFO  - Watchdog has been checked: 0 passed
24.06.2014 06:15:02,006 - INFO  - mapping file sync started
24.06.2014 06:15:02,513 - INFO  - file successfully updated
24.06.2014 06:16:44,421 - INFO  - Watchdog has been checked: 0 passed
24.06.2014 06:18:44,454 - INFO  - Watchdog has been checked: 0 passed
24.06.2014 06:20:44,316 - INFO  - Watchdog has been checked: 0 passed
24.06.2014 06:22:44,467 - INFO  - Watchdog has been checked: 0 passed
24.06.2014 06:24:44,477 - INFO  - Watchdog has been checked: 0 passed
24.06.2014 06:26:44,307 - INFO  - Watchdog has been checked: 0 passed
24.06.2014 06:28:44,310 - INFO  - Watchdog has been checked: 0 passed
24.06.2014 06:30:44,170 - INFO  - Watchdog has been checked: 0 passed
24.06.2014 06:32:44,267 - INFO  - Watchdog has been checked: 0 passed
24.06.2014 06:34:44,249 - INFO  - Watchdog has been checked: 0 passed
24.06.2014 06:36:44,300 - INFO  - Watchdog has been checked: 0 passed
24.06.2014 06:38:44,316 - INFO  - Watchdog has been checked: 0 passed
24.06.2014 06:40:44,177 - INFO  - Watchdog has been checked: 0 passed
24.06.2014 06:42:44,018 - INFO  - Watchdog has been checked: 0 passed
24.06.2014 06:44:44,281 - INFO  - Watchdog has been checked: 0 passed
24.06.2014 06:46:44,109 - INFO  - Watchdog has been checked: 0 passed
24.06.2014 06:48:44,141 - INFO  - Watchdog has been checked: 0 passed
24.06.2014 06:50:44,002 - INFO  - Watchdog has been checked: 0 passed
24.06.2014 06:52:43,059 - INFO  - Watchdog has been checked: 0 passed
24.06.2014 06:54:43,028 - INFO  - Watchdog has been checked: 0 passed
24.06.2014 06:56:42,204 - INFO  - Watchdog has been checked: 0 passed
24.06.2014 06:58:42,139 - INFO  - Watchdog has been checked: 0 passed
24.06.2014 07:00:42,119 - INFO  - Watchdog has been checked: 0 passed
24.06.2014 07:02:42,030 - INFO  - Watchdog has been checked: 0 passed
24.06.2014 07:04:42,073 - INFO  - Watchdog has been checked: 0 passed
24.06.2014 07:06:42,117 - INFO  - Watchdog has been checked: 0 passed
24.06.2014 07:08:42,142 - INFO  - Watchdog has been checked: 0 passed
24.06.2014 07:10:42,117 - INFO  - Watchdog has been checked: 0 passed
24.06.2014 07:12:42,167 - INFO  - Watchdog has been checked: 0 passed
24.06.2014 07:14:42,240 - INFO  - Watchdog has been checked: 0 passed
24.06.2014 07:15:01,846 - INFO  - mapping file sync started
24.06.2014 07:15:02,325 - INFO  - file successfully updated
24.06.2014 07:16:42,070 - INFO  - Watchdog has been checked: 0 passed
24.06.2014 07:18:41,034 - INFO  - Watchdog has been checked: 0 passed
24.06.2014 07:20:40,202 - INFO  - Watchdog has been checked: 0 passed
24.06.2014 07:22:40,186 - INFO  - Watchdog has been checked: 0 passed
24.06.2014 07:24:40,306 - INFO  - Watchdog has been checked: 0 passed
24.06.2014 07:26:40,079 - INFO  - Watchdog has been checked: 0 passed
24.06.2014 07:28:40,147 - INFO  - Watchdog has been checked: 0 passed
24.06.2014 07:30:40,288 - INFO  - Watchdog has been checked: 0 passed
24.06.2014 07:32:40,332 - INFO  - Watchdog has been checked: 0 passed
24.06.2014 07:34:40,138 - INFO  - Watchdog has been checked: 0 passed
24.06.2014 07:36:40,229 - INFO  - Watchdog has been checked: 0 passed
24.06.2014 07:38:40,252 - INFO  - Watchdog has been checked: 0 passed
24.06.2014 07:40:40,185 - INFO  - Watchdog has been checked: 0 passed
24.06.2014 07:42:40,380 - INFO  - Watchdog has been checked: 0 passed
24.06.2014 07:44:40,261 - INFO  - Watchdog has been checked: 0 passed
24.06.2014 07:46:40,309 - INFO  - Watchdog has been checked: 0 passed
24.06.2014 07:48:40,302 - INFO  - Watchdog has been checked: 0 passed
24.06.2014 07:50:40,252 - INFO  - Watchdog has been checked: 0 passed
24.06.2014 07:52:40,281 - INFO  - Watchdog has been checked: 0 passed
24.06.2014 07:54:40,067 - INFO  - Watchdog has been checked: 0 passed
24.06.2014 07:56:40,188 - INFO  - Watchdog has been checked: 0 passed
24.06.2014 07:58:40,144 - INFO  - Watchdog has been checked: 0 passed
24.06.2014 08:00:40,302 - INFO  - Watchdog has been checked: 0 passed
24.06.2014 08:02:40,044 - INFO  - Watchdog has been checked: 0 passed
24.06.2014 08:04:39,144 - INFO  - Watchdog has been checked: 0 passed
24.06.2014 08:06:39,213 - INFO  - Watchdog has been checked: 0 passed
24.06.2014 08:08:39,213 - INFO  - Watchdog has been checked: 0 passed
24.06.2014 08:10:39,124 - INFO  - Watchdog has been checked: 0 passed
24.06.2014 08:12:39,147 - INFO  - Watchdog has been checked: 0 passed
24.06.2014 08:14:39,235 - INFO  - Watchdog has been checked: 0 passed
24.06.2014 08:16:39,013 - INFO  - Watchdog has been checked: 0 passed
24.06.2014 08:18:38,006 - INFO  - Watchdog has been checked: 0 passed
24.06.2014 08:23:37,103 - INFO  - Watchdog has been checked: 0 passed
24.06.2014 08:25:37,192 - INFO  - Watchdog has been checked: 0 passed
24.06.2014 08:27:37,257 - INFO  - Watchdog has been checked: 0 passed
24.06.2014 08:29:37,104 - INFO  - Watchdog has been checked: 0 passed
24.06.2014 08:31:37,181 - INFO  - Watchdog has been checked: 0 passed
24.06.2014 08:33:37,212 - INFO  - Watchdog has been checked: 0 passed
24.06.2014 08:35:37,284 - INFO  - Watchdog has been checked: 0 passed
24.06.2014 08:37:37,299 - INFO  - Watchdog has been checked: 0 passed
24.06.2014 08:37:49,709 - INFO  - searcher identified --- respT: 64ms, 83526 results, q=, 
24.06.2014 08:37:56,926 - INFO  - searcher identified --- respT: 21ms, 522 results, q=isp, 
24.06.2014 08:37:58,490 - INFO  - searcher identified --- respT: 22ms, 52 results, q=ispconf, 
24.06.2014 08:37:59,432 - INFO  - searcher identified --- respT: 16ms, 52 results, q=ispconfig, 
24.06.2014 08:38:13,776 - INFO  - searcher identified --- respT: 31ms, 52 results, q=ispconfig, 
24.06.2014 08:39:37,171 - INFO  - Watchdog has been checked: 0 passed
24.06.2014 08:41:37,254 - INFO  - Watchdog has been checked: 0 passed
24.06.2014 08:43:37,258 - INFO  - Watchdog has been checked: 0 passed
24.06.2014 08:45:37,103 - INFO  - Watchdog has been checked: 0 passed
24.06.2014 08:47:37,141 - INFO  - Watchdog has been checked: 0 passed
24.06.2014 08:49:37,211 - INFO  - Watchdog has been checked: 0 passed
24.06.2014 08:51:37,346 - INFO  - Watchdog has been checked: 0 passed
24.06.2014 08:53:37,319 - INFO  - Watchdog has been checked: 0 passed
24.06.2014 08:55:37,211 - INFO  - Watchdog has been checked: 0 passed
24.06.2014 08:57:37,227 - INFO  - Watchdog has been checked: 0 passed
24.06.2014 08:59:37,356 - INFO  - Watchdog has been checked: 0 passed
24.06.2014 09:01:37,184 - INFO  - Watchdog has been checked: 0 passed
24.06.2014 09:03:37,231 - INFO  - Watchdog has been checked: 0 passed
24.06.2014 09:05:37,207 - INFO  - Watchdog has been checked: 0 passed
24.06.2014 09:07:37,204 - INFO  - Watchdog has been checked: 0 passed
24.06.2014 09:09:37,092 - INFO  - Watchdog has been checked: 0 passed
24.06.2014 09:11:36,304 - INFO  - Watchdog has been checked: 0 passed
24.06.2014 09:13:36,323 - INFO  - Watchdog has been checked: 0 passed
24.06.2014 09:15:36,163 - INFO  - Watchdog has been checked: 0 passed
24.06.2014 09:17:36,111 - INFO  - Watchdog has been checked: 0 passed
24.06.2014 09:19:35,230 - INFO  - Watchdog has been checked: 0 passed
24.06.2014 09:21:34,054 - INFO  - Watchdog has been checked: 0 passed
24.06.2014 09:23:33,105 - INFO  - Watchdog has been checked: 0 passed
24.06.2014 09:25:32,141 - INFO  - Watchdog has been checked: 0 passed
24.06.2014 09:27:31,184 - INFO  - Watchdog has been checked: 0 passed
24.06.2014 09:29:31,099 - INFO  - Watchdog has been checked: 0 passed
24.06.2014 09:31:30,097 - INFO  - Watchdog has been checked: 0 passed
24.06.2014 09:33:30,140 - INFO  - Watchdog has been checked: 0 passed
24.06.2014 09:35:29,178 - INFO  - Watchdog has been checked: 0 passed
24.06.2014 09:37:29,173 - INFO  - Watchdog has been checked: 0 passed
24.06.2014 09:39:29,053 - INFO  - Watchdog has been checked: 0 passed
24.06.2014 09:41:28,105 - INFO  - Watchdog has been checked: 0 passed
24.06.2014 09:43:28,145 - INFO  - Watchdog has been checked: 0 passed
24.06.2014 09:45:28,265 - INFO  - Watchdog has been checked: 0 passed
24.06.2014 09:47:28,211 - INFO  - Watchdog has been checked: 0 passed
24.06.2014 09:49:28,080 - INFO  - Watchdog has been checked: 0 passed
24.06.2014 09:51:28,222 - INFO  - Watchdog has been checked: 0 passed
24.06.2014 09:53:28,197 - INFO  - Watchdog has been checked: 0 passed
24.06.2014 09:55:28,302 - INFO  - Watchdog has been checked: 0 passed
24.06.2014 09:57:28,216 - INFO  - Watchdog has been checked: 0 passed
24.06.2014 09:59:28,147 - INFO  - Watchdog has been checked: 0 passed
24.06.2014 10:01:28,213 - INFO  - Watchdog has been checked: 0 passed
24.06.2014 10:03:28,252 - INFO  - Watchdog has been checked: 0 passed
24.06.2014 10:05:28,084 - INFO  - Watchdog has been checked: 0 passed
24.06.2014 10:07:28,235 - INFO  - Watchdog has been checked: 0 passed
24.06.2014 10:09:28,344 - INFO  - Watchdog has been checked: 0 passed
24.06.2014 10:11:28,165 - INFO  - Watchdog has been checked: 0 passed
24.06.2014 10:13:28,189 - INFO  - Watchdog has been checked: 0 passed
24.06.2014 10:15:28,295 - INFO  - Watchdog has been checked: 0 passed
24.06.2014 10:17:28,335 - INFO  - Watchdog has been checked: 0 passed
24.06.2014 10:19:28,177 - INFO  - Watchdog has been checked: 0 passed
24.06.2014 10:21:28,252 - INFO  - Watchdog has been checked: 0 passed
24.06.2014 10:23:28,278 - INFO  - Watchdog has been checked: 0 passed
24.06.2014 10:25:28,362 - INFO  - Watchdog has been checked: 0 passed
24.06.2014 10:27:28,405 - INFO  - Watchdog has been checked: 0 passed
24.06.2014 10:29:28,318 - INFO  - Watchdog has been checked: 0 passed
24.06.2014 10:31:28,333 - INFO  - Watchdog has been checked: 0 passed
24.06.2014 10:33:28,435 - INFO  - Watchdog has been checked: 0 passed
24.06.2014 10:34:40,814 - INFO  - searcher identified --- respT: 49ms, 39816 results, q=, 
24.06.2014 10:34:47,019 - INFO  - searcher identified --- respT: 17ms, 13038 results, type:image, q=, 
24.06.2014 10:34:52,453 - INFO  - searcher identified --- respT: 17ms, 13038 results, type:image, q=, page turned
24.06.2014 10:35:07,991 - INFO  - searcher identified --- respT: 17ms, 13038 results, type:image, q=, page turned
24.06.2014 10:35:13,942 - INFO  - searcher identified --- respT: 18ms, 13038 results, type:image, q=, page turned
24.06.2014 10:35:28,168 - INFO  - Watchdog has been checked: 0 passed
24.06.2014 10:35:39,925 - INFO  - searcher identified --- respT: 18ms, 13038 results, type:image, q=, page turned
24.06.2014 10:35:41,168 - INFO  - searcher identified --- respT: 17ms, 13038 results, type:image, q=, page turned
24.06.2014 10:35:42,545 - INFO  - searcher identified --- respT: 20ms, 13038 results, type:image, q=, page turned
24.06.2014 10:35:43,724 - INFO  - searcher identified --- respT: 17ms, 13038 results, type:image, q=, page turned
24.06.2014 10:35:44,538 - INFO  - searcher identified --- respT: 17ms, 13038 results, type:image, q=, page turned
24.06.2014 10:35:45,451 - INFO  - searcher identified --- respT: 19ms, 13038 results, type:image, q=, page turned
24.06.2014 10:35:46,620 - INFO  - searcher identified --- respT: 19ms, 13038 results, type:image, q=, page turned
24.06.2014 10:35:47,329 - INFO  - searcher identified --- respT: 18ms, 13038 results, type:image, q=, page turned
24.06.2014 10:35:48,697 - INFO  - searcher identified --- respT: 18ms, 13038 results, type:image, q=, page turned
24.06.2014 10:35:50,264 - INFO  - searcher identified --- respT: 34ms, 13038 results, type:image, q=, page turned
24.06.2014 10:35:50,264 - INFO  - searcher identified --- respT: 30ms, 13038 results, type:image, q=, page turned
24.06.2014 10:35:59,978 - INFO  - searcher identified --- respT: 18ms, 13038 results, type:image, q=, page turned
24.06.2014 10:36:08,280 - INFO  - searcher identified --- respT: 18ms, 13038 results, type:image, q=, page turned
24.06.2014 10:36:14,585 - INFO  - searcher identified --- respT: 18ms, 13038 results, type:image, q=, page turned
24.06.2014 10:36:20,491 - INFO  - searcher identified --- respT: 18ms, 13038 results, type:image, q=, page turned
24.06.2014 10:36:27,970 - INFO  - searcher identified --- respT: 19ms, 13038 results, type:image, q=, page turned
24.06.2014 10:36:44,152 - INFO  - searcher identified --- respT: 18ms, 13038 results, type:image, q=, page turned
24.06.2014 10:37:08,897 - INFO  - searcher identified --- respT: 18ms, 13038 results, type:image, q=, page turned
24.06.2014 10:37:15,568 - INFO  - searcher identified --- respT: 21ms, 13038 results, type:image, q=, page turned
24.06.2014 10:37:25,147 - INFO  - searcher identified --- respT: 18ms, 13038 results, type:image, q=, page turned
24.06.2014 10:37:28,108 - INFO  - Watchdog has been checked: 0 passed
24.06.2014 10:37:33,168 - INFO  - searcher identified --- respT: 20ms, 13038 results, type:image, q=, page turned
24.06.2014 10:37:44,847 - INFO  - searcher identified --- respT: 19ms, 13038 results, type:image, q=, page turned
24.06.2014 10:37:52,995 - INFO  - searcher identified --- respT: 18ms, 13038 results, type:image, q=, page turned
24.06.2014 10:38:16,449 - INFO  - searcher identified --- respT: 18ms, 13038 results, type:image, q=, page turned
24.06.2014 10:38:28,338 - INFO  - searcher identified --- respT: 17ms, 13038 results, type:image, q=, page turned
24.06.2014 10:38:55,771 - INFO  - searcher identified --- respT: 18ms, 13038 results, type:image, q=, page turned
24.06.2014 10:39:07,228 - INFO  - searcher identified --- respT: 20ms, 13038 results, type:image, q=, page turned
24.06.2014 10:39:16,430 - INFO  - searcher identified --- respT: 17ms, 13038 results, type:image, q=, page turned
24.06.2014 10:39:24,565 - INFO  - searcher identified --- respT: 19ms, 13038 results, type:image, q=, page turned
24.06.2014 10:39:27,097 - INFO  - Watchdog has been checked: 0 passed
24.06.2014 10:39:40,355 - INFO  - searcher identified --- respT: 18ms, 13038 results, type:image, q=, page turned
24.06.2014 10:40:09,571 - INFO  - searcher identified --- respT: 20ms, 13038 results, type:image, q=, page turned
24.06.2014 10:40:23,638 - INFO  - searcher identified --- respT: 18ms, 13038 results, type:image, q=, page turned
24.06.2014 10:40:32,276 - INFO  - searcher identified --- respT: 20ms, 13038 results, type:image, q=, page turned
24.06.2014 10:40:45,756 - INFO  - searcher identified --- respT: 19ms, 13038 results, type:image, q=, page turned
24.06.2014 10:40:54,520 - INFO  - searcher identified --- respT: 18ms, 13038 results, type:image, q=, page turned
24.06.2014 10:41:04,646 - INFO  - searcher identified --- respT: 19ms, 13038 results, type:image, q=, page turned
24.06.2014 10:41:10,538 - INFO  - searcher identified --- respT: 25ms, 13038 results, type:image, q=, page turned
24.06.2014 10:41:27,141 - INFO  - Watchdog has been checked: 0 passed
24.06.2014 10:41:29,597 - INFO  - searcher identified --- respT: 21ms, 13038 results, type:image, q=, page turned
24.06.2014 10:41:39,980 - INFO  - searcher identified --- respT: 19ms, 13038 results, type:image, q=, page turned
24.06.2014 10:42:31,602 - INFO  - searcher identified --- respT: 18ms, 13038 results, type:image, q=, page turned
24.06.2014 10:42:42,755 - INFO  - searcher identified --- respT: 19ms, 13038 results, type:image, q=, page turned
24.06.2014 10:43:04,127 - INFO  - searcher identified --- respT: 18ms, 13038 results, type:image, q=, page turned
24.06.2014 10:43:11,282 - INFO  - searcher identified --- respT: 18ms, 13038 results, type:image, q=, page turned
24.06.2014 10:43:27,097 - INFO  - Watchdog has been checked: 0 passed
24.06.2014 10:43:56,281 - INFO  - searcher identified --- respT: 19ms, 13038 results, type:image, q=, page turned
24.06.2014 10:44:04,786 - INFO  - searcher identified --- respT: 19ms, 13038 results, type:image, q=, page turned
24.06.2014 10:44:22,786 - INFO  - searcher identified --- respT: 19ms, 13038 results, type:image, q=, page turned
24.06.2014 10:44:43,019 - INFO  - searcher identified --- respT: 20ms, 13038 results, type:image, q=, page turned
24.06.2014 10:44:49,803 - INFO  - searcher identified --- respT: 20ms, 13038 results, type:image, q=, page turned
24.06.2014 10:45:07,157 - INFO  - searcher identified --- respT: 19ms, 13038 results, type:image, q=, page turned
24.06.2014 10:45:26,164 - INFO  - Watchdog has been checked: 0 passed
24.06.2014 10:47:25,228 - INFO  - Watchdog has been checked: 0 passed
24.06.2014 10:49:25,056 - INFO  - Watchdog has been checked: 0 passed
24.06.2014 10:50:56,576 - INFO  - searcher identified --- respT: 19ms, 13038 results, type:image, q=, page turned
24.06.2014 10:51:22,636 - INFO  - searcher identified --- respT: 19ms, 13038 results, type:image, q=, page turned
24.06.2014 10:51:24,249 - INFO  - Watchdog has been checked: 0 passed
24.06.2014 10:51:29,040 - INFO  - searcher identified --- respT: 18ms, 13038 results, type:image, q=, page turned
24.06.2014 10:51:36,204 - INFO  - searcher identified --- respT: 42ms, 13038 results, type:image, q=, page turned
24.06.2014 10:51:42,747 - INFO  - searcher identified --- respT: 19ms, 13038 results, type:image, q=, page turned
24.06.2014 10:51:49,635 - INFO  - searcher identified --- respT: 21ms, 13038 results, type:image, q=, page turned
24.06.2014 10:52:19,251 - INFO  - searcher identified --- respT: 19ms, 13038 results, type:image, q=, page turned
24.06.2014 10:53:17,652 - INFO  - searcher identified --- respT: 18ms, 13038 results, type:image, q=, page turned
24.06.2014 10:53:24,235 - INFO  - Watchdog has been checked: 0 passed
24.06.2014 10:53:25,973 - INFO  - searcher identified --- respT: 18ms, 13038 results, type:image, q=, page turned
24.06.2014 10:53:31,565 - INFO  - searcher identified --- respT: 20ms, 13038 results, type:image, q=, page turned
24.06.2014 10:53:47,415 - INFO  - searcher identified --- respT: 18ms, 13038 results, type:image, q=, page turned
24.06.2014 10:53:53,355 - INFO  - searcher identified --- respT: 19ms, 13038 results, type:image, q=, page turned
24.06.2014 10:53:59,829 - INFO  - searcher identified --- respT: 19ms, 13038 results, type:image, q=, page turned
24.06.2014 10:54:14,850 - INFO  - searcher identified --- respT: 18ms, 13038 results, type:image, q=, page turned
24.06.2014 10:54:49,806 - INFO  - searcher identified --- respT: 18ms, 13038 results, type:image, q=, page turned
24.06.2014 10:55:24,264 - INFO  - Watchdog has been checked: 0 passed
24.06.2014 10:55:25,539 - INFO  - searcher identified --- respT: 19ms, 13038 results, type:image, q=, page turned
24.06.2014 10:55:47,870 - INFO  - searcher identified --- respT: 18ms, 13038 results, type:image, q=, page turned
24.06.2014 10:56:06,067 - INFO  - searcher identified --- respT: 18ms, 13038 results, type:image, q=, page turned
24.06.2014 10:56:23,199 - INFO  - searcher identified --- respT: 18ms, 13038 results, type:image, q=, page turned
24.06.2014 10:56:38,231 - INFO  - searcher identified --- respT: 21ms, 13038 results, type:image, q=, page turned
24.06.2014 10:57:13,786 - INFO  - searcher identified --- respT: 19ms, 13038 results, type:image, q=, page turned
24.06.2014 10:57:24,089 - INFO  - searcher identified --- respT: 20ms, 13038 results, type:image, q=, page turned
24.06.2014 10:57:24,240 - INFO  - Watchdog has been checked: 0 passed
24.06.2014 10:57:35,272 - INFO  - searcher identified --- respT: 19ms, 13038 results, type:image, q=, page turned
24.06.2014 10:58:04,421 - INFO  - searcher identified --- respT: 18ms, 13038 results, type:image, q=, page turned
24.06.2014 10:59:08,442 - INFO  - searcher identified --- respT: 18ms, 13038 results, type:image, q=, page turned
24.06.2014 10:59:24,159 - INFO  - Watchdog has been checked: 0 passed
24.06.2014 10:59:40,602 - INFO  - searcher identified --- respT: 19ms, 13038 results, type:image, q=, page turned
24.06.2014 11:00:01,415 - INFO  - searcher identified --- respT: 20ms, 13038 results, type:image, q=, page turned
24.06.2014 11:00:10,070 - INFO  - searcher identified --- respT: 18ms, 13038 results, type:image, q=, page turned
24.06.2014 11:00:20,080 - INFO  - searcher identified --- respT: 19ms, 13038 results, type:image, q=, page turned
24.06.2014 11:00:30,399 - INFO  - searcher identified --- respT: 18ms, 13038 results, type:image, q=, page turned
24.06.2014 11:01:07,013 - INFO  - searcher identified --- respT: 19ms, 13037 results, type:image, q=, page turned
24.06.2014 11:01:21,533 - INFO  - searcher identified --- respT: 19ms, 13036 results, type:image, q=, page turned
24.06.2014 11:01:24,222 - INFO  - Watchdog has been checked: 0 passed
24.06.2014 11:01:28,319 - INFO  - searcher identified --- respT: 19ms, 13036 results, type:image, q=, page turned
24.06.2014 11:01:38,808 - INFO  - searcher identified --- respT: 20ms, 13036 results, type:image, q=, page turned
24.06.2014 11:01:48,400 - INFO  - searcher identified --- respT: 19ms, 13036 results, type:image, q=, page turned
24.06.2014 11:02:05,317 - INFO  - searcher identified --- respT: 20ms, 13036 results, type:image, q=, page turned
24.06.2014 11:02:16,799 - INFO  - searcher identified --- respT: 19ms, 13036 results, type:image, q=, page turned
24.06.2014 11:02:23,970 - INFO  - searcher identified --- respT: 22ms, 13036 results, type:image, q=, page turned
24.06.2014 11:02:32,242 - INFO  - searcher identified --- respT: 18ms, 13036 results, type:image, q=, page turned
24.06.2014 11:02:42,201 - INFO  - searcher identified --- respT: 20ms, 13036 results, type:image, q=, page turned
24.06.2014 11:03:01,424 - INFO  - searcher identified --- respT: 20ms, 13036 results, type:image, q=, page turned
24.06.2014 11:03:09,632 - INFO  - searcher identified --- respT: 19ms, 13036 results, type:image, q=, page turned
24.06.2014 11:03:24,280 - INFO  - Watchdog has been checked: 0 passed
24.06.2014 11:03:25,104 - INFO  - searcher identified --- respT: 19ms, 13036 results, type:image, q=, page turned
24.06.2014 11:03:31,581 - INFO  - searcher identified --- respT: 19ms, 13036 results, type:image, q=, page turned
24.06.2014 11:03:36,653 - INFO  - searcher identified --- respT: 19ms, 13036 results, type:image, q=, page turned
24.06.2014 11:03:42,218 - INFO  - searcher identified --- respT: 19ms, 13036 results, type:image, q=, page turned
24.06.2014 11:03:49,150 - INFO  - searcher identified --- respT: 21ms, 13036 results, type:image, q=, page turned
24.06.2014 11:03:54,695 - INFO  - searcher identified --- respT: 19ms, 13036 results, type:image, q=, page turned
24.06.2014 11:04:00,998 - INFO  - searcher identified --- respT: 20ms, 13036 results, type:image, q=, page turned
24.06.2014 11:04:06,626 - INFO  - searcher identified --- respT: 20ms, 13036 results, type:image, q=, page turned
24.06.2014 11:04:26,401 - INFO  - searcher identified --- respT: 20ms, 13036 results, type:image, q=, page turned
24.06.2014 11:05:24,355 - INFO  - Watchdog has been checked: 0 passed
24.06.2014 11:05:50,666 - INFO  - searcher identified --- respT: 19ms, 13036 results, type:image, q=, page turned
24.06.2014 11:05:57,041 - INFO  - searcher identified --- respT: 19ms, 13036 results, type:image, q=, page turned
24.06.2014 11:06:09,852 - INFO  - searcher identified --- respT: 19ms, 13036 results, type:image, q=, page turned
24.06.2014 11:06:28,930 - INFO  - searcher identified --- respT: 24ms, 13036 results, type:image, q=, page turned
24.06.2014 11:06:45,934 - INFO  - searcher identified --- respT: 20ms, 13036 results, type:image, q=, page turned
24.06.2014 11:07:10,046 - INFO  - searcher identified --- respT: 20ms, 13036 results, type:image, q=, page turned
24.06.2014 11:07:21,237 - INFO  - searcher identified --- respT: 19ms, 13036 results, type:image, q=, page turned
24.06.2014 11:07:24,332 - INFO  - Watchdog has been checked: 0 passed
24.06.2014 11:07:25,453 - INFO  - searcher identified --- respT: 62ms, 13036 results, type:image, q=, page turned
24.06.2014 11:07:28,838 - INFO  - searcher identified --- respT: 20ms, 13036 results, type:image, q=, page turned
24.06.2014 11:07:42,296 - INFO  - searcher identified --- respT: 19ms, 13036 results, type:image, q=, page turned
24.06.2014 11:07:55,716 - INFO  - searcher identified --- respT: 20ms, 13036 results, type:image, q=, page turned
24.06.2014 11:08:03,509 - INFO  - searcher identified --- respT: 19ms, 13036 results, type:image, q=, page turned
24.06.2014 11:08:08,950 - INFO  - searcher identified --- respT: 25ms, 13036 results, type:image, q=, page turned
24.06.2014 11:08:14,284 - INFO  - searcher identified --- respT: 20ms, 13036 results, type:image, q=, page turned
24.06.2014 11:08:17,613 - INFO  - searcher identified --- respT: 19ms, 13036 results, type:image, q=, page turned
24.06.2014 11:08:20,974 - INFO  - searcher identified --- respT: 19ms, 13036 results, type:image, q=, page turned
24.06.2014 11:08:24,395 - INFO  - searcher identified --- respT: 20ms, 13036 results, type:image, q=, page turned
24.06.2014 11:08:28,468 - INFO  - searcher identified --- respT: 20ms, 13036 results, type:image, q=, page turned
24.06.2014 11:08:31,148 - INFO  - searcher identified --- respT: 20ms, 13036 results, type:image, q=, page turned
24.06.2014 11:08:36,590 - INFO  - searcher identified --- respT: 19ms, 13036 results, type:image, q=, page turned
24.06.2014 11:08:42,259 - INFO  - searcher identified --- respT: 20ms, 13036 results, type:image, q=, page turned
24.06.2014 11:08:57,884 - INFO  - searcher identified --- respT: 19ms, 13036 results, type:image, q=, page turned
24.06.2014 11:09:02,127 - INFO  - searcher identified --- respT: 22ms, 13036 results, type:image, q=, page turned
24.06.2014 11:09:09,062 - INFO  - searcher identified --- respT: 20ms, 13036 results, type:image, q=, page turned
24.06.2014 11:09:14,148 - INFO  - searcher identified --- respT: 20ms, 13036 results, type:image, q=, page turned
24.06.2014 11:09:18,302 - INFO  - searcher identified --- respT: 20ms, 13036 results, type:image, q=, page turned
24.06.2014 11:09:24,205 - INFO  - Watchdog has been checked: 0 passed
24.06.2014 11:09:29,882 - INFO  - searcher identified --- respT: 20ms, 13036 results, type:image, q=, page turned
24.06.2014 11:09:33,959 - INFO  - searcher identified --- respT: 21ms, 13036 results, type:image, q=, page turned
24.06.2014 11:09:37,876 - INFO  - searcher identified --- respT: 21ms, 13036 results, type:image, q=, page turned
24.06.2014 11:10:00,031 - INFO  - searcher identified --- respT: 21ms, 13036 results, type:image, q=, page turned
24.06.2014 11:10:07,303 - INFO  - searcher identified --- respT: 20ms, 13036 results, type:image, q=, page turned
24.06.2014 11:10:29,993 - INFO  - searcher identified --- respT: 19ms, 13036 results, type:image, q=, page turned
24.06.2014 11:10:47,363 - INFO  - searcher identified --- respT: 19ms, 13036 results, type:image, q=, page turned
24.06.2014 11:11:07,408 - INFO  - searcher identified --- respT: 20ms, 13036 results, type:image, q=, page turned
24.06.2014 11:11:14,828 - INFO  - searcher identified --- respT: 46ms, 13036 results, type:image, q=, page turned
24.06.2014 11:11:20,951 - INFO  - searcher identified --- respT: 19ms, 13036 results, type:image, q=, page turned
24.06.2014 11:11:24,335 - INFO  - Watchdog has been checked: 0 passed
24.06.2014 11:11:27,704 - INFO  - searcher identified --- respT: 20ms, 13036 results, type:image, q=, page turned
24.06.2014 11:11:41,546 - INFO  - searcher identified --- respT: 21ms, 13036 results, type:image, q=, page turned
24.06.2014 11:12:02,035 - INFO  - searcher identified --- respT: 20ms, 13036 results, type:image, q=, page turned
24.06.2014 11:12:27,569 - INFO  - searcher identified --- respT: 20ms, 13036 results, type:image, q=, page turned
24.06.2014 11:12:40,421 - INFO  - searcher identified --- respT: 22ms, 13036 results, type:image, q=, page turned
24.06.2014 11:13:09,905 - INFO  - searcher identified --- respT: 20ms, 13036 results, type:image, q=, page turned
24.06.2014 11:13:17,307 - INFO  - searcher identified --- respT: 20ms, 13036 results, type:image, q=, page turned
24.06.2014 11:13:24,298 - INFO  - Watchdog has been checked: 0 passed
24.06.2014 11:13:25,435 - INFO  - searcher identified --- respT: 22ms, 13036 results, type:image, q=, page turned
24.06.2014 11:13:33,457 - INFO  - searcher identified --- respT: 21ms, 13036 results, type:image, q=, page turned
24.06.2014 11:14:16,396 - INFO  - searcher identified --- respT: 20ms, 13036 results, type:image, q=, page turned
24.06.2014 11:14:29,696 - INFO  - searcher identified --- respT: 20ms, 13036 results, type:image, q=, page turned
24.06.2014 11:14:39,366 - INFO  - searcher identified --- respT: 23ms, 13036 results, type:image, q=, page turned
24.06.2014 11:14:48,187 - INFO  - searcher identified --- respT: 23ms, 13036 results, type:image, q=, page turned
24.06.2014 11:14:55,558 - INFO  - searcher identified --- respT: 21ms, 13036 results, type:image, q=, page turned
24.06.2014 11:15:00,857 - INFO  - searcher identified --- respT: 20ms, 13036 results, type:image, q=, page turned
24.06.2014 11:15:05,716 - INFO  - searcher identified --- respT: 22ms, 13036 results, type:image, q=, page turned
24.06.2014 11:15:10,130 - INFO  - searcher identified --- respT: 20ms, 13036 results, type:image, q=, page turned
24.06.2014 11:15:14,471 - INFO  - searcher identified --- respT: 20ms, 13036 results, type:image, q=, page turned
24.06.2014 11:15:18,084 - INFO  - searcher identified --- respT: 20ms, 13036 results, type:image, q=, page turned
24.06.2014 11:15:23,806 - INFO  - searcher identified --- respT: 21ms, 13036 results, type:image, q=, page turned
24.06.2014 11:15:24,197 - INFO  - Watchdog has been checked: 0 passed
24.06.2014 11:15:31,472 - INFO  - searcher identified --- respT: 22ms, 13036 results, type:image, q=, page turned
24.06.2014 11:16:13,043 - INFO  - searcher identified --- respT: 20ms, 13036 results, type:image, q=, page turned
24.06.2014 11:16:32,181 - INFO  - searcher identified --- respT: 20ms, 13036 results, type:image, q=, page turned
24.06.2014 11:16:39,618 - INFO  - searcher identified --- respT: 27ms, 13036 results, type:image, q=, page turned
24.06.2014 11:17:17,554 - INFO  - searcher identified --- respT: 20ms, 13036 results, type:image, q=, page turned
24.06.2014 11:17:24,233 - INFO  - Watchdog has been checked: 0 passed
24.06.2014 11:17:25,397 - INFO  - searcher identified --- respT: 22ms, 13036 results, type:image, q=, page turned
24.06.2014 11:17:30,892 - INFO  - searcher identified --- respT: 24ms, 13036 results, type:image, q=, page turned
24.06.2014 11:17:38,281 - INFO  - searcher identified --- respT: 21ms, 13036 results, type:image, q=, page turned
24.06.2014 11:17:44,235 - INFO  - searcher identified --- respT: 22ms, 13036 results, type:image, q=, page turned
24.06.2014 11:18:06,805 - INFO  - searcher identified --- respT: 21ms, 13036 results, type:image, q=, page turned
24.06.2014 11:18:14,492 - INFO  - searcher identified --- respT: 22ms, 13036 results, type:image, q=, page turned
24.06.2014 11:18:19,297 - INFO  - searcher identified --- respT: 22ms, 13036 results, type:image, q=, page turned
24.06.2014 11:18:30,528 - INFO  - searcher identified --- respT: 21ms, 13036 results, type:image, q=, page turned
24.06.2014 11:18:38,519 - INFO  - searcher identified --- respT: 21ms, 13036 results, type:image, q=, page turned
24.06.2014 11:18:46,576 - INFO  - searcher identified --- respT: 45ms, 13036 results, type:image, q=, page turned
24.06.2014 11:18:53,953 - INFO  - searcher identified --- respT: 22ms, 13036 results, type:image, q=, page turned
24.06.2014 11:18:59,614 - INFO  - searcher identified --- respT: 22ms, 13036 results, type:image, q=, page turned
24.06.2014 11:19:19,490 - INFO  - searcher identified --- respT: 21ms, 13036 results, type:image, q=, page turned
24.06.2014 11:19:24,386 - INFO  - Watchdog has been checked: 0 passed
24.06.2014 11:19:27,111 - INFO  - searcher identified --- respT: 21ms, 13036 results, type:image, q=, page turned
24.06.2014 11:19:38,162 - INFO  - searcher identified --- respT: 21ms, 13036 results, type:image, q=, page turned
24.06.2014 11:20:09,223 - INFO  - searcher identified --- respT: 20ms, 13036 results, type:image, q=, page turned
24.06.2014 11:20:23,395 - INFO  - searcher identified --- respT: 20ms, 13036 results, type:image, q=, page turned
24.06.2014 11:20:30,166 - INFO  - searcher identified --- respT: 20ms, 13036 results, type:image, q=, page turned
24.06.2014 11:20:43,257 - INFO  - searcher identified --- respT: 20ms, 13036 results, type:image, q=, page turned
24.06.2014 11:20:53,293 - INFO  - searcher identified --- respT: 22ms, 13036 results, type:image, q=, page turned
24.06.2014 11:21:04,208 - INFO  - searcher identified --- respT: 21ms, 13036 results, type:image, q=, page turned
24.06.2014 11:21:12,295 - INFO  - searcher identified --- respT: 46ms, 13036 results, type:image, q=, page turned
24.06.2014 11:21:24,273 - INFO  - Watchdog has been checked: 0 passed
24.06.2014 11:21:34,573 - INFO  - searcher identified --- respT: 21ms, 13036 results, type:image, q=, page turned
24.06.2014 11:21:42,219 - INFO  - searcher identified --- respT: 21ms, 13036 results, type:image, q=, page turned
24.06.2014 11:21:59,537 - INFO  - searcher identified --- respT: 21ms, 13036 results, type:image, q=, page turned
24.06.2014 11:23:24,244 - INFO  - Watchdog has been checked: 0 passed
24.06.2014 11:25:25,039 - INFO  - Watchdog has been checked: 0 passed
24.06.2014 11:27:24,291 - INFO  - Watchdog has been checked: 0 passed
24.06.2014 11:29:24,109 - INFO  - Watchdog has been checked: 0 passed
24.06.2014 11:31:24,201 - INFO  - Watchdog has been checked: 0 passed
24.06.2014 11:33:24,226 - INFO  - Watchdog has been checked: 0 passed
24.06.2014 11:35:24,211 - INFO  - Watchdog has been checked: 0 passed
24.06.2014 11:37:24,172 - INFO  - Watchdog has been checked: 0 passed
24.06.2014 11:39:24,174 - INFO  - Watchdog has been checked: 0 passed
24.06.2014 11:41:24,043 - INFO  - Watchdog has been checked: 0 passed
24.06.2014 11:43:23,084 - INFO  - Watchdog has been checked: 0 passed
24.06.2014 11:45:23,137 - INFO  - Watchdog has been checked: 0 passed
24.06.2014 11:46:53,024 - INFO  - searcher identified --- respT: 22ms, 13036 results, type:image, q=, page turned
24.06.2014 11:47:23,194 - INFO  - Watchdog has been checked: 0 passed
24.06.2014 11:47:50,907 - INFO  - searcher identified --- respT: 21ms, 13036 results, type:image, q=, page turned
24.06.2014 11:48:05,751 - INFO  - searcher identified --- respT: 21ms, 13036 results, type:image, q=, page turned
24.06.2014 11:48:19,329 - INFO  - searcher identified --- respT: 21ms, 13036 results, type:image, q=, page turned
24.06.2014 11:48:39,971 - INFO  - searcher identified --- respT: 22ms, 13036 results, type:image, q=, page turned
24.06.2014 11:49:23,328 - INFO  - Watchdog has been checked: 0 passed
24.06.2014 11:51:23,151 - INFO  - Watchdog has been checked: 0 passed
24.06.2014 11:53:23,120 - INFO  - Watchdog has been checked: 0 passed
24.06.2014 11:55:23,261 - INFO  - Watchdog has been checked: 0 passed
24.06.2014 11:57:23,187 - INFO  - Watchdog has been checked: 0 passed
24.06.2014 11:59:23,133 - INFO  - Watchdog has been checked: 0 passed
24.06.2014 12:01:22,150 - INFO  - Watchdog has been checked: 0 passed
24.06.2014 12:03:22,225 - INFO  - Watchdog has been checked: 0 passed
24.06.2014 12:05:23,548 - INFO  - Watchdog has been checked: 0 passed
24.06.2014 12:07:23,058 - INFO  - Watchdog has been checked: 0 passed
24.06.2014 12:09:23,193 - INFO  - Watchdog has been checked: 0 passed
24.06.2014 12:11:23,277 - INFO  - Watchdog has been checked: 0 passed
24.06.2014 12:13:23,123 - INFO  - Watchdog has been checked: 0 passed
24.06.2014 12:15:23,230 - INFO  - Watchdog has been checked: 0 passed
24.06.2014 12:17:23,248 - INFO  - Watchdog has been checked: 0 passed
24.06.2014 12:19:23,151 - INFO  - Watchdog has been checked: 0 passed
24.06.2014 12:21:23,344 - INFO  - Watchdog has been checked: 0 passed
24.06.2014 12:23:23,160 - INFO  - Watchdog has been checked: 0 passed
24.06.2014 12:25:23,202 - INFO  - Watchdog has been checked: 0 passed
24.06.2014 12:27:26,170 - INFO  - Watchdog has been checked: 0 passed
24.06.2014 12:29:26,085 - INFO  - Watchdog has been checked: 0 passed
24.06.2014 12:31:25,130 - INFO  - Watchdog has been checked: 0 passed
24.06.2014 12:33:25,170 - INFO  - Watchdog has been checked: 0 passed
24.06.2014 12:35:25,272 - INFO  - Watchdog has been checked: 0 passed
24.06.2014 12:37:25,208 - INFO  - Watchdog has been checked: 0 passed
24.06.2014 12:39:25,123 - INFO  - Watchdog has been checked: 0 passed
24.06.2014 12:41:25,178 - INFO  - Watchdog has been checked: 0 passed
24.06.2014 12:43:25,215 - INFO  - Watchdog has been checked: 0 passed
24.06.2014 12:45:25,061 - INFO  - Watchdog has been checked: 0 passed
24.06.2014 12:47:25,073 - INFO  - Watchdog has been checked: 0 passed
24.06.2014 12:49:24,285 - INFO  - Watchdog has been checked: 0 passed
24.06.2014 12:51:24,338 - INFO  - Watchdog has been checked: 0 passed
24.06.2014 12:53:24,092 - INFO  - Watchdog has been checked: 0 passed
24.06.2014 12:55:23,105 - INFO  - Watchdog has been checked: 0 passed
24.06.2014 12:57:22,098 - INFO  - Watchdog has been checked: 0 passed
24.06.2014 12:59:21,212 - INFO  - Watchdog has been checked: 0 passed
24.06.2014 13:01:21,256 - INFO  - Watchdog has been checked: 0 passed
24.06.2014 13:03:21,224 - INFO  - Watchdog has been checked: 0 passed
24.06.2014 13:05:21,065 - INFO  - Watchdog has been checked: 0 passed
24.06.2014 13:07:21,095 - INFO  - Watchdog has been checked: 0 passed
24.06.2014 13:09:21,207 - INFO  - Watchdog has been checked: 0 passed
24.06.2014 13:11:21,044 - INFO  - Watchdog has been checked: 0 passed
24.06.2014 13:13:21,154 - INFO  - Watchdog has been checked: 0 passed
24.06.2014 13:15:21,212 - INFO  - Watchdog has been checked: 0 passed
24.06.2014 13:17:21,177 - INFO  - Watchdog has been checked: 0 passed
24.06.2014 13:19:21,302 - INFO  - Watchdog has been checked: 0 passed
24.06.2014 13:21:21,117 - INFO  - Watchdog has been checked: 0 passed
24.06.2014 13:23:21,149 - INFO  - Watchdog has been checked: 0 passed
24.06.2014 13:25:21,262 - INFO  - Watchdog has been checked: 0 passed
24.06.2014 13:27:21,239 - INFO  - Watchdog has been checked: 0 passed
24.06.2014 13:29:21,356 - INFO  - Watchdog has been checked: 0 passed
24.06.2014 13:31:21,153 - INFO  - Watchdog has been checked: 0 passed
24.06.2014 13:33:21,270 - INFO  - Watchdog has been checked: 0 passed
24.06.2014 13:35:21,062 - INFO  - Watchdog has been checked: 0 passed
24.06.2014 13:37:19,962 - INFO  - Watchdog has been checked: 0 passed
24.06.2014 13:38:58,509 - INFO  - searcher identified --- respT: 21ms, 13037 results, type:image, q=, page turned
24.06.2014 13:39:04,469 - INFO  - searcher identified --- respT: 19ms, 13037 results, type:image, q=, page turned
24.06.2014 13:39:10,605 - INFO  - searcher identified --- respT: 20ms, 13037 results, type:image, q=, page turned
24.06.2014 13:39:15,384 - INFO  - searcher identified --- respT: 20ms, 13037 results, type:image, q=, page turned
24.06.2014 13:39:19,075 - INFO  - Watchdog has been checked: 0 passed
24.06.2014 13:39:29,622 - INFO  - searcher identified --- respT: 19ms, 13037 results, type:image, q=, page turned
24.06.2014 13:40:09,326 - INFO  - searcher identified --- respT: 20ms, 13037 results, type:image, q=, page turned
24.06.2014 13:40:36,856 - INFO  - searcher identified --- respT: 20ms, 13037 results, type:image, q=, page turned
24.06.2014 13:41:08,469 - INFO  - searcher identified --- respT: 20ms, 13037 results, type:image, q=, page turned
24.06.2014 13:41:19,331 - INFO  - Watchdog has been checked: 0 passed
24.06.2014 13:41:26,184 - INFO  - searcher identified --- respT: 21ms, 13037 results, type:image, q=, page turned
24.06.2014 13:41:39,330 - INFO  - searcher identified --- respT: 19ms, 13037 results, type:image, q=, page turned
24.06.2014 13:41:42,806 - INFO  - searcher identified --- respT: 19ms, 13037 results, type:image, q=, page turned
24.06.2014 13:41:46,358 - INFO  - searcher identified --- respT: 41ms, 13037 results, type:image, q=, page turned
24.06.2014 13:42:31,372 - INFO  - searcher identified --- respT: 19ms, 13037 results, type:image, q=, page turned
24.06.2014 13:42:47,894 - INFO  - searcher identified --- respT: 21ms, 13037 results, type:image, q=, page turned
24.06.2014 13:43:19,347 - INFO  - Watchdog has been checked: 0 passed
24.06.2014 13:44:10,555 - INFO  - searcher identified --- respT: 20ms, 13037 results, type:image, q=, page turned
24.06.2014 13:45:19,123 - INFO  - Watchdog has been checked: 0 passed
24.06.2014 13:45:44,924 - INFO  - searcher identified --- respT: 20ms, 13037 results, type:image, q=, page turned
24.06.2014 13:45:52,698 - INFO  - searcher identified --- respT: 20ms, 13037 results, type:image, q=, page turned
24.06.2014 13:46:02,773 - INFO  - searcher identified --- respT: 19ms, 13037 results, type:image, q=, page turned
24.06.2014 13:46:05,880 - INFO  - searcher identified --- respT: 20ms, 13037 results, type:image, q=, page turned
24.06.2014 13:46:49,724 - INFO  - searcher identified --- respT: 20ms, 13037 results, type:image, q=, page turned
24.06.2014 13:47:10,336 - INFO  - searcher identified --- respT: 20ms, 13037 results, type:image, q=, page turned
24.06.2014 13:47:18,034 - INFO  - searcher identified --- respT: 20ms, 13037 results, type:image, q=, page turned
24.06.2014 13:47:19,149 - INFO  - Watchdog has been checked: 0 passed
24.06.2014 13:47:48,434 - INFO  - searcher identified --- respT: 20ms, 13037 results, type:image, q=, page turned
24.06.2014 13:48:01,323 - INFO  - searcher identified --- respT: 19ms, 13037 results, type:image, q=, page turned
24.06.2014 13:48:18,041 - INFO  - searcher identified --- respT: 20ms, 13037 results, type:image, q=, page turned
24.06.2014 13:48:26,074 - INFO  - searcher identified --- respT: 20ms, 13037 results, type:image, q=, page turned
24.06.2014 13:48:36,709 - INFO  - searcher identified --- respT: 21ms, 13037 results, type:image, q=, page turned
24.06.2014 13:48:40,224 - INFO  - searcher identified --- respT: 20ms, 13037 results, type:image, q=, page turned
24.06.2014 13:48:56,029 - INFO  - searcher identified --- respT: 20ms, 13037 results, type:image, q=, page turned
24.06.2014 13:49:07,524 - INFO  - searcher identified --- respT: 20ms, 13037 results, type:image, q=, page turned
24.06.2014 13:49:19,242 - INFO  - Watchdog has been checked: 0 passed
24.06.2014 13:49:21,593 - INFO  - searcher identified --- respT: 20ms, 13037 results, type:image, q=, page turned
24.06.2014 13:49:31,989 - INFO  - searcher identified --- respT: 21ms, 13037 results, type:image, q=, page turned
24.06.2014 13:49:36,994 - INFO  - searcher identified --- respT: 20ms, 13037 results, type:image, q=, page turned
24.06.2014 13:49:43,150 - INFO  - searcher identified --- respT: 20ms, 13037 results, type:image, q=, page turned
24.06.2014 13:49:49,947 - INFO  - searcher identified --- respT: 20ms, 13037 results, type:image, q=, page turned
24.06.2014 13:49:55,918 - INFO  - searcher identified --- respT: 19ms, 13037 results, type:image, q=, page turned
24.06.2014 13:49:59,594 - INFO  - searcher identified --- respT: 20ms, 13037 results, type:image, q=, page turned
24.06.2014 13:50:02,989 - INFO  - searcher identified --- respT: 20ms, 13037 results, type:image, q=, page turned
24.06.2014 13:50:09,576 - INFO  - searcher identified --- respT: 20ms, 13037 results, type:image, q=, page turned
24.06.2014 13:50:14,399 - INFO  - searcher identified --- respT: 20ms, 13037 results, type:image, q=, page turned
24.06.2014 13:51:19,104 - INFO  - Watchdog has been checked: 0 passed
24.06.2014 13:53:19,231 - INFO  - Watchdog has been checked: 0 passed
24.06.2014 13:55:19,222 - INFO  - Watchdog has been checked: 0 passed
24.06.2014 13:57:19,216 - INFO  - Watchdog has been checked: 0 passed
24.06.2014 13:59:19,171 - INFO  - Watchdog has been checked: 0 passed
24.06.2014 14:01:19,230 - INFO  - Watchdog has been checked: 0 passed
24.06.2014 14:03:19,260 - INFO  - Watchdog has been checked: 0 passed
24.06.2014 14:05:19,297 - INFO  - Watchdog has been checked: 0 passed
24.06.2014 14:07:19,059 - INFO  - Watchdog has been checked: 0 passed
24.06.2014 14:09:18,164 - INFO  - Watchdog has been checked: 0 passed
24.06.2014 14:11:18,277 - INFO  - Watchdog has been checked: 0 passed
24.06.2014 14:13:18,301 - INFO  - Watchdog has been checked: 0 passed
24.06.2014 14:15:18,130 - INFO  - Watchdog has been checked: 0 passed
24.06.2014 14:17:18,143 - INFO  - Watchdog has been checked: 0 passed
24.06.2014 14:19:18,253 - INFO  - Watchdog has been checked: 0 passed
24.06.2014 14:21:18,168 - INFO  - Watchdog has been checked: 0 passed
24.06.2014 14:23:18,261 - INFO  - Watchdog has been checked: 0 passed
24.06.2014 14:25:18,228 - INFO  - Watchdog has been checked: 0 passed
24.06.2014 14:27:18,254 - INFO  - Watchdog has been checked: 0 passed
24.06.2014 14:29:18,392 - INFO  - Watchdog has been checked: 0 passed
24.06.2014 14:31:18,219 - INFO  - Watchdog has been checked: 0 passed
24.06.2014 14:33:18,228 - INFO  - Watchdog has been checked: 0 passed
24.06.2014 14:35:18,151 - INFO  - Watchdog has been checked: 0 passed
24.06.2014 14:37:18,285 - INFO  - Watchdog has been checked: 0 passed
24.06.2014 14:39:18,152 - INFO  - Watchdog has been checked: 0 passed
24.06.2014 14:41:18,212 - INFO  - Watchdog has been checked: 0 passed
24.06.2014 14:43:18,271 - INFO  - Watchdog has been checked: 0 passed
24.06.2014 14:45:18,244 - INFO  - Watchdog has been checked: 0 passed
24.06.2014 14:47:18,232 - INFO  - Watchdog has been checked: 0 passed
24.06.2014 14:49:18,093 - INFO  - Watchdog has been checked: 0 passed
24.06.2014 14:51:18,192 - INFO  - Watchdog has been checked: 0 passed
24.06.2014 14:53:18,219 - INFO  - Watchdog has been checked: 0 passed
24.06.2014 14:55:18,219 - INFO  - Watchdog has been checked: 0 passed
24.06.2014 14:57:18,211 - INFO  - Watchdog has been checked: 0 passed
24.06.2014 14:59:18,158 - INFO  - Watchdog has been checked: 0 passed
24.06.2014 15:01:18,226 - INFO  - Watchdog has been checked: 0 passed
24.06.2014 15:03:18,248 - INFO  - Watchdog has been checked: 0 passed
24.06.2014 15:05:18,088 - INFO  - Watchdog has been checked: 0 passed
24.06.2014 15:07:17,302 - INFO  - Watchdog has been checked: 0 passed
24.06.2014 15:09:17,169 - INFO  - Watchdog has been checked: 0 passed
24.06.2014 15:11:17,261 - INFO  - Watchdog has been checked: 0 passed
24.06.2014 15:13:17,329 - INFO  - Watchdog has been checked: 0 passed
24.06.2014 15:15:17,143 - INFO  - Watchdog has been checked: 0 passed
24.06.2014 15:17:17,101 - INFO  - Watchdog has been checked: 0 passed
24.06.2014 15:19:17,254 - INFO  - Watchdog has been checked: 0 passed
24.06.2014 15:21:17,061 - INFO  - Watchdog has been checked: 0 passed
24.06.2014 15:23:17,128 - INFO  - Watchdog has been checked: 0 passed
24.06.2014 15:25:17,129 - INFO  - Watchdog has been checked: 0 passed
24.06.2014 15:27:17,157 - INFO  - Watchdog has been checked: 0 passed
24.06.2014 15:29:17,211 - INFO  - Watchdog has been checked: 0 passed
24.06.2014 15:31:17,115 - INFO  - Watchdog has been checked: 0 passed
24.06.2014 15:33:17,133 - INFO  - Watchdog has been checked: 0 passed
24.06.2014 15:35:17,188 - INFO  - Watchdog has been checked: 0 passed
24.06.2014 15:37:17,176 - INFO  - Watchdog has been checked: 0 passed
24.06.2014 15:39:17,305 - INFO  - Watchdog has been checked: 0 passed
24.06.2014 15:41:17,131 - INFO  - Watchdog has been checked: 0 passed
24.06.2014 15:43:17,173 - INFO  - Watchdog has been checked: 0 passed
24.06.2014 15:45:17,171 - INFO  - Watchdog has been checked: 0 passed
24.06.2014 15:47:17,123 - INFO  - Watchdog has been checked: 0 passed
24.06.2014 15:49:17,267 - INFO  - Watchdog has been checked: 0 passed
24.06.2014 15:51:17,160 - INFO  - Watchdog has been checked: 0 passed
24.06.2014 15:53:17,230 - INFO  - Watchdog has been checked: 0 passed
24.06.2014 15:55:17,231 - INFO  - Watchdog has been checked: 0 passed
24.06.2014 15:57:17,180 - INFO  - Watchdog has been checked: 0 passed
24.06.2014 15:59:17,283 - INFO  - Watchdog has been checked: 0 passed
24.06.2014 16:01:17,156 - INFO  - Watchdog has been checked: 0 passed
24.06.2014 16:03:17,128 - INFO  - Watchdog has been checked: 0 passed
24.06.2014 16:05:17,203 - INFO  - Watchdog has been checked: 0 passed
24.06.2014 16:07:17,165 - INFO  - Watchdog has been checked: 0 passed
24.06.2014 16:09:17,041 - INFO  - Watchdog has been checked: 0 passed
24.06.2014 16:11:17,127 - INFO  - Watchdog has been checked: 0 passed
24.06.2014 16:13:16,972 - INFO  - Watchdog has been checked: 0 passed
24.06.2014 16:15:16,109 - INFO  - Watchdog has been checked: 0 passed
24.06.2014 16:17:16,098 - INFO  - Watchdog has been checked: 0 passed
24.06.2014 16:17:51,920 - INFO  - searcher identified --- respT: 41ms, 83611 results, q=, 
24.06.2014 16:17:57,196 - INFO  - searcher identified --- respT: 14ms, 52 results, q=ispconfig, 
24.06.2014 16:17:58,014 - INFO  - searcher identified --- respT: 15ms, 52 results, q=ispconfig, 
24.06.2014 16:18:02,473 - INFO  - searcher identified --- respT: 29ms, 52 results, q=ispconfig, 
24.06.2014 16:19:16,205 - INFO  - Watchdog has been checked: 0 passed
24.06.2014 16:21:16,055 - INFO  - Watchdog has been checked: 0 passed
24.06.2014 16:23:15,165 - INFO  - Watchdog has been checked: 0 passed
24.06.2014 16:25:15,131 - INFO  - Watchdog has been checked: 0 passed
24.06.2014 16:27:15,123 - INFO  - Watchdog has been checked: 0 passed
24.06.2014 16:29:15,275 - INFO  - Watchdog has been checked: 0 passed
24.06.2014 16:31:15,112 - INFO  - Watchdog has been checked: 0 passed
24.06.2014 16:33:15,122 - INFO  - Watchdog has been checked: 0 passed
24.06.2014 16:35:15,199 - INFO  - Watchdog has been checked: 0 passed
24.06.2014 16:37:15,281 - INFO  - Watchdog has been checked: 0 passed
24.06.2014 16:39:15,346 - INFO  - Watchdog has been checked: 0 passed
24.06.2014 16:41:15,220 - INFO  - Watchdog has been checked: 0 passed
24.06.2014 16:43:15,268 - INFO  - Watchdog has been checked: 0 passed
24.06.2014 16:45:15,318 - INFO  - Watchdog has been checked: 0 passed
24.06.2014 16:47:15,267 - INFO  - Watchdog has been checked: 0 passed
24.06.2014 16:49:15,246 - INFO  - Watchdog has been checked: 0 passed
24.06.2014 16:51:15,138 - INFO  - Watchdog has been checked: 0 passed
24.06.2014 16:53:15,194 - INFO  - Watchdog has been checked: 0 passed
24.06.2014 16:55:15,229 - INFO  - Watchdog has been checked: 0 passed
24.06.2014 16:57:15,210 - INFO  - Watchdog has been checked: 0 passed
24.06.2014 16:59:15,092 - INFO  - Watchdog has been checked: 0 passed
24.06.2014 17:01:16,201 - INFO  - Watchdog has been checked: 0 passed
24.06.2014 17:03:16,419 - INFO  - Watchdog has been checked: 0 passed
24.06.2014 17:05:16,199 - INFO  - Watchdog has been checked: 0 passed
24.06.2014 17:07:16,203 - INFO  - Watchdog has been checked: 0 passed
24.06.2014 17:09:16,324 - INFO  - Watchdog has been checked: 0 passed
24.06.2014 17:11:16,159 - INFO  - Watchdog has been checked: 0 passed
24.06.2014 17:13:16,185 - INFO  - Watchdog has been checked: 0 passed
24.06.2014 17:15:16,202 - INFO  - Watchdog has been checked: 0 passed
24.06.2014 17:17:16,250 - INFO  - Watchdog has been checked: 0 passed
24.06.2014 17:19:16,050 - INFO  - Watchdog has been checked: 0 passed
24.06.2014 17:21:16,128 - INFO  - Watchdog has been checked: 0 passed
24.06.2014 17:23:16,193 - INFO  - Watchdog has been checked: 0 passed
24.06.2014 17:25:16,047 - INFO  - Watchdog has been checked: 0 passed
24.06.2014 17:27:15,055 - INFO  - Watchdog has been checked: 0 passed
24.06.2014 17:29:14,151 - INFO  - Watchdog has been checked: 0 passed
24.06.2014 17:31:14,130 - INFO  - Watchdog has been checked: 0 passed
24.06.2014 17:33:14,052 - INFO  - Watchdog has been checked: 0 passed
24.06.2014 17:35:13,023 - INFO  - Watchdog has been checked: 0 passed
24.06.2014 17:37:13,017 - INFO  - Watchdog has been checked: 0 passed
24.06.2014 17:39:13,120 - INFO  - Watchdog has been checked: 0 passed
24.06.2014 17:41:14,017 - INFO  - Watchdog has been checked: 0 passed
24.06.2014 17:43:14,047 - INFO  - Watchdog has been checked: 0 passed
24.06.2014 17:45:13,087 - INFO  - Watchdog has been checked: 0 passed
24.06.2014 17:47:13,048 - INFO  - Watchdog has been checked: 0 passed
24.06.2014 17:49:13,189 - INFO  - Watchdog has been checked: 0 passed
24.06.2014 17:51:13,271 - INFO  - Watchdog has been checked: 0 passed
24.06.2014 17:53:13,088 - INFO  - Watchdog has been checked: 0 passed
24.06.2014 17:55:12,347 - INFO  - Watchdog has been checked: 0 passed
24.06.2014 17:57:12,328 - INFO  - Watchdog has been checked: 0 passed
24.06.2014 17:59:12,177 - INFO  - Watchdog has been checked: 0 passed
24.06.2014 18:01:12,250 - INFO  - Watchdog has been checked: 0 passed
24.06.2014 18:03:16,342 - INFO  - Watchdog has been checked: 0 passed
24.06.2014 18:05:16,080 - INFO  - Watchdog has been checked: 0 passed
24.06.2014 18:07:16,318 - INFO  - Watchdog has been checked: 0 passed
24.06.2014 18:09:16,249 - INFO  - Watchdog has been checked: 0 passed
24.06.2014 18:11:16,309 - INFO  - Watchdog has been checked: 0 passed
24.06.2014 18:13:16,411 - INFO  - Watchdog has been checked: 0 passed
24.06.2014 18:15:16,404 - INFO  - Watchdog has been checked: 0 passed
24.06.2014 18:17:16,392 - INFO  - Watchdog has been checked: 0 passed
24.06.2014 18:19:16,278 - INFO  - Watchdog has been checked: 0 passed
24.06.2014 18:21:16,352 - INFO  - Watchdog has been checked: 0 passed
24.06.2014 18:23:16,474 - INFO  - Watchdog has been checked: 0 passed
24.06.2014 18:25:16,421 - INFO  - Watchdog has been checked: 0 passed
24.06.2014 18:27:16,454 - INFO  - Watchdog has been checked: 0 passed
24.06.2014 18:29:16,269 - INFO  - Watchdog has been checked: 0 passed
24.06.2014 18:31:16,415 - INFO  - Watchdog has been checked: 0 passed
24.06.2014 18:33:16,424 - INFO  - Watchdog has been checked: 0 passed
24.06.2014 18:35:16,482 - INFO  - Watchdog has been checked: 0 passed
24.06.2014 18:37:16,458 - INFO  - Watchdog has been checked: 0 passed
24.06.2014 18:39:16,267 - INFO  - Watchdog has been checked: 0 passed
24.06.2014 18:41:16,388 - INFO  - Watchdog has been checked: 0 passed
24.06.2014 18:43:16,481 - INFO  - Watchdog has been checked: 0 passed
24.06.2014 18:45:16,197 - INFO  - Watchdog has been checked: 0 passed
24.06.2014 18:47:16,148 - INFO  - Watchdog has been checked: 0 passed
24.06.2014 18:49:16,179 - INFO  - Watchdog has been checked: 0 passed
24.06.2014 18:51:16,153 - INFO  - Watchdog has been checked: 0 passed
24.06.2014 18:53:16,083 - INFO  - Watchdog has been checked: 0 passed
24.06.2014 18:55:16,168 - INFO  - Watchdog has been checked: 0 passed
24.06.2014 18:57:16,136 - INFO  - Watchdog has been checked: 0 passed
24.06.2014 18:59:16,189 - INFO  - Watchdog has been checked: 0 passed
24.06.2014 19:01:16,039 - INFO  - Watchdog has been checked: 0 passed
24.06.2014 19:03:16,089 - INFO  - Watchdog has been checked: 0 passed
24.06.2014 19:05:16,067 - INFO  - Watchdog has been checked: 0 passed
24.06.2014 19:07:16,092 - INFO  - Watchdog has been checked: 0 passed
24.06.2014 19:09:16,167 - INFO  - Watchdog has been checked: 0 passed
24.06.2014 19:11:16,047 - INFO  - Watchdog has been checked: 0 passed
24.06.2014 19:13:16,097 - INFO  - Watchdog has been checked: 0 passed
24.06.2014 19:15:15,157 - INFO  - Watchdog has been checked: 0 passed
24.06.2014 19:17:14,191 - INFO  - Watchdog has been checked: 0 passed
24.06.2014 19:19:14,255 - INFO  - Watchdog has been checked: 0 passed
24.06.2014 19:21:14,153 - INFO  - Watchdog has been checked: 0 passed
24.06.2014 19:23:14,260 - INFO  - Watchdog has been checked: 0 passed
24.06.2014 19:25:14,252 - INFO  - Watchdog has been checked: 0 passed
24.06.2014 19:27:14,317 - INFO  - Watchdog has been checked: 0 passed
24.06.2014 19:29:14,139 - INFO  - Watchdog has been checked: 0 passed
24.06.2014 19:31:14,262 - INFO  - Watchdog has been checked: 0 passed
24.06.2014 19:33:14,290 - INFO  - Watchdog has been checked: 0 passed
24.06.2014 19:35:14,305 - INFO  - Watchdog has been checked: 0 passed
24.06.2014 19:37:14,314 - INFO  - Watchdog has been checked: 0 passed
24.06.2014 19:39:14,214 - INFO  - Watchdog has been checked: 0 passed
24.06.2014 19:41:14,275 - INFO  - Watchdog has been checked: 0 passed
24.06.2014 19:43:14,360 - INFO  - Watchdog has been checked: 0 passed
24.06.2014 19:45:14,397 - INFO  - Watchdog has been checked: 0 passed
24.06.2014 19:47:14,349 - INFO  - Watchdog has been checked: 0 passed
24.06.2014 19:49:14,425 - INFO  - Watchdog has been checked: 0 passed
24.06.2014 19:51:14,323 - INFO  - Watchdog has been checked: 0 passed
24.06.2014 19:53:14,346 - INFO  - Watchdog has been checked: 0 passed
24.06.2014 19:55:14,370 - INFO  - Watchdog has been checked: 0 passed
24.06.2014 19:57:14,396 - INFO  - Watchdog has been checked: 0 passed
24.06.2014 19:59:14,450 - INFO  - Watchdog has been checked: 0 passed
24.06.2014 20:01:14,317 - INFO  - Watchdog has been checked: 0 passed
24.06.2014 20:03:14,356 - INFO  - Watchdog has been checked: 0 passed
24.06.2014 20:05:14,365 - INFO  - Watchdog has been checked: 0 passed
24.06.2014 20:07:17,420 - INFO  - Watchdog has been checked: 0 passed
24.06.2014 20:09:17,254 - INFO  - Watchdog has been checked: 0 passed
24.06.2014 20:11:17,333 - INFO  - Watchdog has been checked: 0 passed
24.06.2014 20:13:17,384 - INFO  - Watchdog has been checked: 0 passed
24.06.2014 20:15:17,397 - INFO  - Watchdog has been checked: 0 passed
24.06.2014 20:17:17,366 - INFO  - Watchdog has been checked: 0 passed
24.06.2014 20:19:17,229 - INFO  - Watchdog has been checked: 0 passed
24.06.2014 20:21:17,260 - INFO  - Watchdog has been checked: 0 passed
24.06.2014 20:23:17,063 - INFO  - Watchdog has been checked: 0 passed
24.06.2014 20:25:17,103 - INFO  - Watchdog has been checked: 0 passed
24.06.2014 20:27:17,121 - INFO  - Watchdog has been checked: 0 passed
24.06.2014 20:29:16,965 - INFO  - Watchdog has been checked: 0 passed
24.06.2014 20:31:17,011 - INFO  - Watchdog has been checked: 0 passed
24.06.2014 20:33:17,034 - INFO  - Watchdog has been checked: 0 passed
24.06.2014 20:35:16,802 - INFO  - Watchdog has been checked: 0 passed
24.06.2014 20:37:16,122 - INFO  - Watchdog has been checked: 0 passed
24.06.2014 20:39:14,907 - INFO  - Watchdog has been checked: 0 passed
24.06.2014 20:41:14,085 - INFO  - Watchdog has been checked: 0 passed
24.06.2014 20:43:13,112 - INFO  - Watchdog has been checked: 0 passed
24.06.2014 20:45:12,117 - INFO  - Watchdog has been checked: 0 passed
24.06.2014 20:47:14,211 - INFO  - Watchdog has been checked: 0 passed
24.06.2014 20:49:14,099 - INFO  - Watchdog has been checked: 0 passed
24.06.2014 20:51:14,040 - INFO  - Watchdog has been checked: 0 passed
24.06.2014 20:53:12,966 - INFO  - Watchdog has been checked: 0 passed
24.06.2014 20:55:12,033 - INFO  - Watchdog has been checked: 0 passed
24.06.2014 20:57:11,984 - INFO  - Watchdog has been checked: 0 passed
24.06.2014 20:59:11,036 - INFO  - Watchdog has been checked: 0 passed
24.06.2014 21:01:11,140 - INFO  - Watchdog has been checked: 0 passed
24.06.2014 21:03:11,162 - INFO  - Watchdog has been checked: 0 passed
24.06.2014 21:05:11,247 - INFO  - Watchdog has been checked: 0 passed
24.06.2014 21:07:11,300 - INFO  - Watchdog has been checked: 0 passed
24.06.2014 21:09:11,127 - INFO  - Watchdog has been checked: 0 passed
24.06.2014 21:11:10,301 - INFO  - Watchdog has been checked: 0 passed
24.06.2014 21:13:10,334 - INFO  - Watchdog has been checked: 0 passed
24.06.2014 21:15:10,230 - INFO  - Watchdog has been checked: 0 passed
24.06.2014 21:17:09,274 - INFO  - Watchdog has been checked: 0 passed
24.06.2014 21:19:09,352 - INFO  - Watchdog has been checked: 0 passed
24.06.2014 21:21:09,226 - INFO  - Watchdog has been checked: 0 passed
24.06.2014 21:23:09,226 - INFO  - Watchdog has been checked: 0 passed
24.06.2014 21:25:09,273 - INFO  - Watchdog has been checked: 0 passed
24.06.2014 21:27:09,258 - INFO  - Watchdog has been checked: 0 passed
24.06.2014 21:29:09,338 - INFO  - Watchdog has been checked: 0 passed
24.06.2014 21:31:09,219 - INFO  - Watchdog has been checked: 0 passed
24.06.2014 21:33:09,184 - INFO  - Watchdog has been checked: 0 passed
24.06.2014 21:35:09,150 - INFO  - Watchdog has been checked: 0 passed
24.06.2014 21:37:09,187 - INFO  - Watchdog has been checked: 0 passed
24.06.2014 21:39:09,243 - INFO  - Watchdog has been checked: 0 passed
24.06.2014 21:41:09,145 - INFO  - Watchdog has been checked: 0 passed
24.06.2014 21:43:09,123 - INFO  - Watchdog has been checked: 0 passed
24.06.2014 21:45:09,115 - INFO  - Watchdog has been checked: 0 passed
24.06.2014 21:47:09,215 - INFO  - Watchdog has been checked: 0 passed
24.06.2014 21:49:09,003 - INFO  - Watchdog has been checked: 0 passed
24.06.2014 21:51:08,155 - INFO  - Watchdog has been checked: 0 passed
24.06.2014 21:53:08,173 - INFO  - Watchdog has been checked: 0 passed
24.06.2014 21:55:08,196 - INFO  - Watchdog has been checked: 0 passed
24.06.2014 21:57:08,235 - INFO  - Watchdog has been checked: 0 passed
24.06.2014 21:59:08,064 - INFO  - Watchdog has been checked: 0 passed
24.06.2014 22:01:08,187 - INFO  - Watchdog has been checked: 0 passed
24.06.2014 22:03:08,256 - INFO  - Watchdog has been checked: 0 passed
24.06.2014 22:05:08,026 - INFO  - Watchdog has been checked: 0 passed
24.06.2014 22:07:08,046 - INFO  - Watchdog has been checked: 0 passed
24.06.2014 22:09:08,083 - INFO  - Watchdog has been checked: 0 passed
24.06.2014 22:11:08,183 - INFO  - Watchdog has been checked: 0 passed
24.06.2014 22:13:07,995 - INFO  - Watchdog has been checked: 0 passed
24.06.2014 22:15:07,000 - INFO  - Watchdog has been checked: 0 passed
24.06.2014 22:17:06,044 - INFO  - Watchdog has been checked: 0 passed
24.06.2014 22:19:05,142 - INFO  - Watchdog has been checked: 0 passed
24.06.2014 22:21:04,993 - INFO  - Watchdog has been checked: 0 passed
24.06.2014 22:23:04,054 - INFO  - Watchdog has been checked: 0 passed
24.06.2014 22:25:03,991 - INFO  - Watchdog has been checked: 0 passed
24.06.2014 22:27:03,138 - INFO  - Watchdog has been checked: 0 passed
24.06.2014 22:29:03,220 - INFO  - Watchdog has been checked: 0 passed
24.06.2014 22:31:03,076 - INFO  - Watchdog has been checked: 0 passed
24.06.2014 22:33:02,208 - INFO  - Watchdog has been checked: 0 passed
24.06.2014 22:35:02,127 - INFO  - Watchdog has been checked: 0 passed
24.06.2014 22:37:06,193 - INFO  - Watchdog has been checked: 0 passed
24.06.2014 22:39:06,078 - INFO  - Watchdog has been checked: 0 passed
24.06.2014 22:41:05,204 - INFO  - Watchdog has been checked: 0 passed
24.06.2014 22:43:05,307 - INFO  - Watchdog has been checked: 0 passed
24.06.2014 22:45:05,242 - INFO  - Watchdog has been checked: 0 passed
24.06.2014 22:47:05,274 - INFO  - Watchdog has been checked: 0 passed
24.06.2014 22:49:05,404 - INFO  - Watchdog has been checked: 0 passed
24.06.2014 22:51:05,277 - INFO  - Watchdog has been checked: 0 passed
24.06.2014 22:53:05,355 - INFO  - Watchdog has been checked: 0 passed
24.06.2014 22:55:05,289 - INFO  - Watchdog has been checked: 0 passed
24.06.2014 22:57:05,084 - INFO  - Watchdog has been checked: 0 passed
24.06.2014 22:59:05,282 - INFO  - Watchdog has been checked: 0 passed
24.06.2014 23:01:05,281 - INFO  - Watchdog has been checked: 0 passed
24.06.2014 23:03:05,326 - INFO  - Watchdog has been checked: 0 passed
24.06.2014 23:05:05,128 - INFO  - Watchdog has been checked: 0 passed
24.06.2014 23:07:05,157 - INFO  - Watchdog has been checked: 0 passed
24.06.2014 23:09:05,298 - INFO  - Watchdog has been checked: 0 passed
24.06.2014 23:11:05,178 - INFO  - Watchdog has been checked: 0 passed
24.06.2014 23:13:05,201 - INFO  - Watchdog has been checked: 0 passed
24.06.2014 23:15:05,255 - INFO  - Watchdog has been checked: 0 passed
24.06.2014 23:17:05,307 - INFO  - Watchdog has been checked: 0 passed
24.06.2014 23:19:05,459 - INFO  - Watchdog has been checked: 0 passed
24.06.2014 23:21:05,284 - INFO  - Watchdog has been checked: 0 passed
24.06.2014 23:23:05,300 - INFO  - Watchdog has been checked: 0 passed
24.06.2014 23:25:05,283 - INFO  - Watchdog has been checked: 0 passed
24.06.2014 23:27:05,285 - INFO  - Watchdog has been checked: 0 passed
24.06.2014 23:29:05,129 - INFO  - Watchdog has been checked: 0 passed
24.06.2014 23:31:10,117 - INFO  - Watchdog has been checked: 0 passed
24.06.2014 23:33:05,101 - INFO  - Watchdog has been checked: 0 passed
24.06.2014 23:35:05,093 - INFO  - Watchdog has been checked: 0 passed
24.06.2014 23:37:05,159 - INFO  - Watchdog has been checked: 0 passed
24.06.2014 23:39:06,273 - INFO  - Watchdog has been checked: 0 passed
24.06.2014 23:41:06,181 - INFO  - Watchdog has been checked: 0 passed
24.06.2014 23:43:06,236 - INFO  - Watchdog has been checked: 0 passed
24.06.2014 23:45:06,272 - INFO  - Watchdog has been checked: 0 passed
24.06.2014 23:47:06,024 - INFO  - Watchdog has been checked: 0 passed
24.06.2014 23:49:06,099 - INFO  - Watchdog has been checked: 0 passed
24.06.2014 23:51:06,266 - INFO  - Watchdog has been checked: 0 passed
24.06.2014 23:53:06,261 - INFO  - Watchdog has been checked: 0 passed
24.06.2014 23:55:06,282 - INFO  - Watchdog has been checked: 0 passed
24.06.2014 23:57:06,095 - INFO  - Watchdog has been checked: 0 passed
24.06.2014 23:59:06,174 - INFO  - Watchdog has been checked: 0 passed
