23.05.2014 11:50:25,913 - INFO  - searcher identified --- respT: 73ms, 70931 results, q=, 
23.05.2014 11:50:29,501 - INFO  - searcher identified --- respT: 22ms, 9775 results, q=Spe, 
23.05.2014 11:50:31,332 - INFO  - searcher identified --- respT: 30ms, 1149 results, q=Spee, 
23.05.2014 11:50:32,330 - INFO  - searcher identified --- respT: 24ms, 1124 results, q=Speed, 
23.05.2014 11:50:33,703 - INFO  - searcher identified --- respT: 29ms, 52 results, q=Speedi, 
23.05.2014 11:50:36,121 - INFO  - searcher identified --- respT: 31ms, 29 results, q=Speedik, 
23.05.2014 11:50:36,886 - INFO  - searcher identified --- respT: 18ms, no results, q=Speediki, 
23.05.2014 11:50:37,417 - INFO  - searcher identified --- respT: 31ms, 29 results, q=Speedik, 
23.05.2014 11:50:38,429 - INFO  - searcher identified --- respT: 15ms, 29 results, q=Speedikon, 
23.05.2014 11:50:45,211 - INFO  - searcher identified --- respT: 17ms, 29 results, q=Speedikon, 
23.05.2014 11:54:10,192 - INFO  - searcher identified --- respT: 73ms, 70932 results, q=, 
23.05.2014 11:54:13,163 - INFO  - searcher identified --- respT: 19ms, 4174 results, q=neue, 
23.05.2014 11:54:14,941 - INFO  - searcher identified --- respT: 16ms, 6259 results, q=n, 
23.05.2014 11:54:20,447 - INFO  - searcher identified --- respT: 37ms, 289 results, q=https://intranet.psi.ch/search/, 
23.05.2014 14:36:40,173 - INFO  - searcher identified --- respT: 48ms, 70935 results, q=, 
23.05.2014 14:36:42,700 - INFO  - searcher identified --- respT: 16ms, 2182 results, q=Switch, 
23.05.2014 14:36:44,585 - INFO  - searcher identified --- respT: 26ms, 2 results, q=SwitchDr, 
23.05.2014 14:40:43,599 - INFO  - searcher identified --- respT: 43ms, 63445 results, q=, 
23.05.2014 14:40:47,554 - INFO  - searcher identified --- respT: 22ms, 7975 results, q=mail, 
23.05.2014 14:40:50,704 - INFO  - searcher identified --- respT: 43ms, 6 results, q=mailfilter, 
23.05.2014 15:00:46,569 - INFO  - searcher identified --- respT: 48ms, 79118 results, q=, 
23.05.2014 15:00:52,381 - INFO  - searcher identified --- respT: 31ms, 2084 results, web:(System), q=, 
23.05.2014 15:00:56,360 - INFO  - searcher identified --- respT: 72ms, 13 results, web:(System), q=mim, 
23.05.2014 15:00:57,317 - INFO  - searcher identified --- respT: 32ms, 13 results, web:(System), q=mime, 
23.05.2014 15:01:04,820 - INFO  - searcher identified --- respT: 48ms, 13 results, web:(System), q=mime, page turned
23.05.2014 15:01:11,477 - INFO  - searcher identified --- respT: 26ms, 143 results, web:(System), q=content, 
23.05.2014 15:01:20,127 - INFO  - searcher identified --- respT: 25ms, 143 results, web:(System), q=content-, 
23.05.2014 15:01:21,302 - INFO  - searcher identified --- respT: 53ms, 79 results, web:(System), q=content-type, 
23.05.2014 15:01:31,246 - INFO  - searcher identified --- respT: 18ms, 158 results, web:(System), q=url, 
23.05.2014 15:05:46,140 - INFO  - searcher identified --- respT: 47ms, 70936 results, q=, 
23.05.2014 15:06:44,045 - INFO  - searcher identified --- respT: 39ms, 10 results, q=ami.web.psi, 
23.05.2014 15:06:45,907 - INFO  - searcher identified --- respT: 40ms, 10 results, q=ami.web.psi/, 
23.05.2014 16:05:03,872 - INFO  - searcher identified --- respT: 18ms, 5115 results, web:(PSIWeb), q=, 
