14.08.2014 00:01:49,258 - INFO  - Watchdog has been checked: 0 passed
14.08.2014 00:03:49,183 - INFO  - Watchdog has been checked: 0 passed
14.08.2014 00:05:49,160 - INFO  - Watchdog has been checked: 0 passed
14.08.2014 00:07:49,000 - INFO  - Watchdog has been checked: 0 passed
14.08.2014 00:09:47,983 - INFO  - Watchdog has been checked: 0 passed
14.08.2014 00:11:47,033 - INFO  - Watchdog has been checked: 0 passed
14.08.2014 00:13:45,962 - INFO  - Watchdog has been checked: 0 passed
14.08.2014 00:15:45,022 - INFO  - Watchdog has been checked: 0 passed
14.08.2014 00:17:44,045 - INFO  - Watchdog has been checked: 0 passed
14.08.2014 00:19:42,985 - INFO  - Watchdog has been checked: 0 passed
14.08.2014 00:21:41,983 - INFO  - Watchdog has been checked: 0 passed
14.08.2014 00:23:41,172 - INFO  - Watchdog has been checked: 0 passed
14.08.2014 00:25:41,153 - INFO  - Watchdog has been checked: 0 passed
14.08.2014 00:27:41,050 - INFO  - Watchdog has been checked: 0 passed
14.08.2014 00:29:40,287 - INFO  - Watchdog has been checked: 0 passed
14.08.2014 00:31:40,114 - INFO  - Watchdog has been checked: 0 passed
14.08.2014 00:33:40,335 - INFO  - Watchdog has been checked: 0 passed
14.08.2014 00:35:40,176 - INFO  - Watchdog has been checked: 0 passed
14.08.2014 00:37:40,365 - INFO  - Watchdog has been checked: 0 passed
14.08.2014 00:39:40,315 - INFO  - Watchdog has been checked: 0 passed
14.08.2014 00:41:40,325 - INFO  - Watchdog has been checked: 0 passed
14.08.2014 00:43:40,536 - INFO  - Watchdog has been checked: 0 passed
14.08.2014 00:45:40,227 - INFO  - Watchdog has been checked: 0 passed
14.08.2014 00:47:40,116 - INFO  - Watchdog has been checked: 0 passed
14.08.2014 00:49:40,272 - INFO  - Watchdog has been checked: 0 passed
14.08.2014 00:51:40,220 - INFO  - Watchdog has been checked: 0 passed
14.08.2014 00:53:40,192 - INFO  - Watchdog has been checked: 0 passed
14.08.2014 00:55:40,262 - INFO  - Watchdog has been checked: 0 passed
14.08.2014 00:57:40,189 - INFO  - Watchdog has been checked: 0 passed
14.08.2014 00:59:40,152 - INFO  - Watchdog has been checked: 0 passed
14.08.2014 01:01:40,070 - INFO  - Watchdog has been checked: 0 passed
14.08.2014 01:03:40,121 - INFO  - Watchdog has been checked: 0 passed
14.08.2014 01:05:40,105 - INFO  - Watchdog has been checked: 0 passed
14.08.2014 01:07:40,261 - INFO  - Watchdog has been checked: 0 passed
14.08.2014 01:09:40,303 - INFO  - Watchdog has been checked: 0 passed
14.08.2014 01:11:40,237 - INFO  - Watchdog has been checked: 0 passed
14.08.2014 01:13:40,262 - INFO  - Watchdog has been checked: 0 passed
14.08.2014 01:15:40,252 - INFO  - Watchdog has been checked: 0 passed
14.08.2014 01:17:40,086 - INFO  - Watchdog has been checked: 0 passed
14.08.2014 01:19:40,265 - INFO  - Watchdog has been checked: 0 passed
14.08.2014 01:21:40,260 - INFO  - Watchdog has been checked: 0 passed
14.08.2014 01:23:40,065 - INFO  - Watchdog has been checked: 0 passed
14.08.2014 01:25:39,115 - INFO  - Watchdog has been checked: 0 passed
14.08.2014 01:27:39,172 - INFO  - Watchdog has been checked: 0 passed
14.08.2014 01:29:39,281 - INFO  - Watchdog has been checked: 0 passed
14.08.2014 01:31:39,305 - INFO  - Watchdog has been checked: 0 passed
14.08.2014 01:33:39,270 - INFO  - Watchdog has been checked: 0 passed
14.08.2014 01:35:39,293 - INFO  - Watchdog has been checked: 0 passed
14.08.2014 01:37:39,214 - INFO  - Watchdog has been checked: 0 passed
14.08.2014 01:39:39,240 - INFO  - Watchdog has been checked: 0 passed
14.08.2014 01:41:39,196 - INFO  - Watchdog has been checked: 0 passed
14.08.2014 01:43:39,168 - INFO  - Watchdog has been checked: 0 passed
14.08.2014 01:45:39,254 - INFO  - Watchdog has been checked: 0 passed
14.08.2014 01:47:39,392 - INFO  - Watchdog has been checked: 0 passed
14.08.2014 01:49:39,379 - INFO  - Watchdog has been checked: 0 passed
14.08.2014 01:51:39,175 - INFO  - Watchdog has been checked: 0 passed
14.08.2014 01:53:39,352 - INFO  - Watchdog has been checked: 0 passed
14.08.2014 01:55:39,145 - INFO  - Watchdog has been checked: 0 passed
14.08.2014 01:57:39,203 - INFO  - Watchdog has been checked: 0 passed
14.08.2014 01:59:39,188 - INFO  - Watchdog has been checked: 0 passed
14.08.2014 02:01:39,194 - INFO  - Watchdog has been checked: 0 passed
14.08.2014 02:03:39,412 - INFO  - Watchdog has been checked: 0 passed
14.08.2014 02:05:39,219 - INFO  - Watchdog has been checked: 0 passed
14.08.2014 02:07:39,294 - INFO  - Watchdog has been checked: 0 passed
14.08.2014 02:09:39,091 - INFO  - Watchdog has been checked: 0 passed
14.08.2014 02:11:39,059 - INFO  - Watchdog has been checked: 0 passed
14.08.2014 02:13:39,272 - INFO  - Watchdog has been checked: 0 passed
14.08.2014 02:15:39,094 - INFO  - Watchdog has been checked: 0 passed
14.08.2014 02:17:39,141 - INFO  - Watchdog has been checked: 0 passed
14.08.2014 02:19:39,168 - INFO  - Watchdog has been checked: 0 passed
14.08.2014 02:21:39,116 - INFO  - Watchdog has been checked: 0 passed
14.08.2014 02:23:39,036 - INFO  - Watchdog has been checked: 0 passed
14.08.2014 02:25:38,114 - INFO  - Watchdog has been checked: 0 passed
14.08.2014 02:27:38,215 - INFO  - Watchdog has been checked: 0 passed
14.08.2014 02:29:39,145 - INFO  - Watchdog has been checked: 0 passed
14.08.2014 02:31:39,182 - INFO  - Watchdog has been checked: 0 passed
14.08.2014 02:33:39,083 - INFO  - Watchdog has been checked: 0 passed
14.08.2014 02:35:39,104 - INFO  - Watchdog has been checked: 0 passed
14.08.2014 02:37:39,242 - INFO  - Watchdog has been checked: 0 passed
14.08.2014 02:39:39,249 - INFO  - Watchdog has been checked: 0 passed
14.08.2014 02:41:39,302 - INFO  - Watchdog has been checked: 0 passed
14.08.2014 02:43:39,203 - INFO  - Watchdog has been checked: 0 passed
14.08.2014 02:45:38,998 - INFO  - Watchdog has been checked: 0 passed
14.08.2014 02:47:38,213 - INFO  - Watchdog has been checked: 0 passed
14.08.2014 02:49:38,318 - INFO  - Watchdog has been checked: 0 passed
14.08.2014 02:51:38,321 - INFO  - Watchdog has been checked: 0 passed
14.08.2014 02:53:38,259 - INFO  - Watchdog has been checked: 0 passed
14.08.2014 02:55:38,303 - INFO  - Watchdog has been checked: 0 passed
14.08.2014 02:57:38,183 - INFO  - Watchdog has been checked: 0 passed
14.08.2014 02:59:37,159 - INFO  - Watchdog has been checked: 0 passed
14.08.2014 03:01:37,326 - INFO  - Watchdog has been checked: 0 passed
14.08.2014 03:03:37,228 - INFO  - Watchdog has been checked: 0 passed
14.08.2014 03:05:36,240 - INFO  - Watchdog has been checked: 0 passed
14.08.2014 03:07:36,260 - INFO  - Watchdog has been checked: 0 passed
14.08.2014 03:09:36,259 - INFO  - Watchdog has been checked: 0 passed
14.08.2014 03:11:36,220 - INFO  - Watchdog has been checked: 0 passed
14.08.2014 03:13:35,191 - INFO  - Watchdog has been checked: 0 passed
14.08.2014 03:15:35,257 - INFO  - Watchdog has been checked: 0 passed
14.08.2014 03:17:35,348 - INFO  - Watchdog has been checked: 0 passed
14.08.2014 03:19:35,401 - INFO  - Watchdog has been checked: 0 passed
14.08.2014 03:21:35,267 - INFO  - Watchdog has been checked: 0 passed
14.08.2014 03:23:35,300 - INFO  - Watchdog has been checked: 0 passed
14.08.2014 03:25:35,339 - INFO  - Watchdog has been checked: 0 passed
14.08.2014 03:27:35,171 - INFO  - Watchdog has been checked: 0 passed
14.08.2014 03:29:35,312 - INFO  - Watchdog has been checked: 0 passed
14.08.2014 03:31:38,259 - INFO  - Watchdog has been checked: 0 passed
14.08.2014 03:33:38,231 - INFO  - Watchdog has been checked: 0 passed
14.08.2014 03:35:38,265 - INFO  - Watchdog has been checked: 0 passed
14.08.2014 03:37:38,200 - INFO  - Watchdog has been checked: 0 passed
14.08.2014 03:39:38,157 - INFO  - Watchdog has been checked: 0 passed
14.08.2014 03:41:38,138 - INFO  - Watchdog has been checked: 0 passed
14.08.2014 03:43:38,044 - INFO  - Watchdog has been checked: 0 passed
14.08.2014 03:45:38,067 - INFO  - Watchdog has been checked: 0 passed
14.08.2014 03:47:38,011 - INFO  - Watchdog has been checked: 0 passed
14.08.2014 03:49:37,022 - INFO  - Watchdog has been checked: 0 passed
14.08.2014 03:51:36,013 - INFO  - Watchdog has been checked: 0 passed
14.08.2014 03:53:34,973 - INFO  - Watchdog has been checked: 0 passed
14.08.2014 03:55:34,055 - INFO  - Watchdog has been checked: 0 passed
14.08.2014 03:57:33,050 - INFO  - Watchdog has been checked: 0 passed
14.08.2014 03:59:32,062 - INFO  - Watchdog has been checked: 0 passed
14.08.2014 04:01:31,075 - INFO  - Watchdog has been checked: 0 passed
14.08.2014 04:03:30,210 - INFO  - Watchdog has been checked: 0 passed
14.08.2014 04:05:30,063 - INFO  - Watchdog has been checked: 0 passed
14.08.2014 04:07:29,127 - INFO  - Watchdog has been checked: 0 passed
14.08.2014 04:09:29,153 - INFO  - Watchdog has been checked: 0 passed
14.08.2014 04:11:29,152 - INFO  - Watchdog has been checked: 0 passed
14.08.2014 04:13:29,070 - INFO  - Watchdog has been checked: 0 passed
14.08.2014 04:15:28,171 - INFO  - Watchdog has been checked: 0 passed
14.08.2014 04:17:28,221 - INFO  - Watchdog has been checked: 0 passed
14.08.2014 04:19:28,234 - INFO  - Watchdog has been checked: 0 passed
14.08.2014 04:21:28,268 - INFO  - Watchdog has been checked: 0 passed
14.08.2014 04:23:28,181 - INFO  - Watchdog has been checked: 0 passed
14.08.2014 04:25:28,264 - INFO  - Watchdog has been checked: 0 passed
14.08.2014 04:27:28,114 - INFO  - Watchdog has been checked: 0 passed
14.08.2014 04:29:27,102 - INFO  - Watchdog has been checked: 0 passed
14.08.2014 04:31:27,112 - INFO  - Watchdog has been checked: 0 passed
14.08.2014 04:33:27,246 - INFO  - Watchdog has been checked: 0 passed
14.08.2014 04:35:27,106 - INFO  - Watchdog has been checked: 0 passed
14.08.2014 04:37:27,170 - INFO  - Watchdog has been checked: 0 passed
14.08.2014 04:39:27,114 - INFO  - Watchdog has been checked: 0 passed
14.08.2014 04:41:27,115 - INFO  - Watchdog has been checked: 0 passed
14.08.2014 04:43:27,361 - INFO  - Watchdog has been checked: 0 passed
14.08.2014 04:45:27,331 - INFO  - Watchdog has been checked: 0 passed
14.08.2014 04:47:27,226 - INFO  - Watchdog has been checked: 0 passed
14.08.2014 04:49:27,190 - INFO  - Watchdog has been checked: 0 passed
14.08.2014 04:51:27,224 - INFO  - Watchdog has been checked: 0 passed
14.08.2014 04:53:27,378 - INFO  - Watchdog has been checked: 0 passed
14.08.2014 04:55:27,177 - INFO  - Watchdog has been checked: 0 passed
14.08.2014 04:57:27,263 - INFO  - Watchdog has been checked: 0 passed
14.08.2014 04:59:28,449 - INFO  - Watchdog has been checked: 0 passed
14.08.2014 05:01:28,242 - INFO  - Watchdog has been checked: 0 passed
14.08.2014 05:03:28,357 - INFO  - Watchdog has been checked: 0 passed
14.08.2014 05:05:28,229 - INFO  - Watchdog has been checked: 0 passed
14.08.2014 05:07:28,349 - INFO  - Watchdog has been checked: 0 passed
14.08.2014 05:09:28,287 - INFO  - Watchdog has been checked: 0 passed
14.08.2014 05:11:28,293 - INFO  - Watchdog has been checked: 0 passed
14.08.2014 05:13:28,249 - INFO  - Watchdog has been checked: 0 passed
14.08.2014 05:15:28,264 - INFO  - Watchdog has been checked: 0 passed
14.08.2014 05:17:28,418 - INFO  - Watchdog has been checked: 0 passed
14.08.2014 05:19:28,320 - INFO  - Watchdog has been checked: 0 passed
14.08.2014 05:21:28,263 - INFO  - Watchdog has been checked: 0 passed
14.08.2014 05:23:28,468 - INFO  - Watchdog has been checked: 0 passed
14.08.2014 05:25:28,215 - INFO  - Watchdog has been checked: 0 passed
14.08.2014 05:27:28,272 - INFO  - Watchdog has been checked: 0 passed
14.08.2014 05:29:28,260 - INFO  - Watchdog has been checked: 0 passed
14.08.2014 05:31:28,234 - INFO  - Watchdog has been checked: 0 passed
14.08.2014 05:33:28,184 - INFO  - Watchdog has been checked: 0 passed
14.08.2014 05:35:28,381 - INFO  - Watchdog has been checked: 0 passed
14.08.2014 05:37:28,042 - INFO  - Watchdog has been checked: 0 passed
14.08.2014 05:39:28,062 - INFO  - Watchdog has been checked: 0 passed
14.08.2014 05:41:27,022 - INFO  - Watchdog has been checked: 0 passed
14.08.2014 05:43:26,292 - INFO  - Watchdog has been checked: 0 passed
14.08.2014 05:45:26,040 - INFO  - Watchdog has been checked: 0 passed
14.08.2014 05:47:25,122 - INFO  - Watchdog has been checked: 0 passed
14.08.2014 05:49:25,140 - INFO  - Watchdog has been checked: 0 passed
14.08.2014 05:51:24,332 - INFO  - Watchdog has been checked: 0 passed
14.08.2014 05:53:24,331 - INFO  - Watchdog has been checked: 0 passed
14.08.2014 05:55:24,150 - INFO  - Watchdog has been checked: 0 passed
14.08.2014 05:57:24,138 - INFO  - Watchdog has been checked: 0 passed
14.08.2014 05:59:24,135 - INFO  - Watchdog has been checked: 0 passed
14.08.2014 06:01:28,355 - INFO  - Watchdog has been checked: 0 passed
14.08.2014 06:03:28,099 - INFO  - Watchdog has been checked: 0 passed
14.08.2014 06:05:27,305 - INFO  - Watchdog has been checked: 0 passed
14.08.2014 06:07:27,298 - INFO  - Watchdog has been checked: 0 passed
14.08.2014 06:09:27,241 - INFO  - Watchdog has been checked: 0 passed
14.08.2014 06:11:27,161 - INFO  - Watchdog has been checked: 0 passed
14.08.2014 06:13:27,216 - INFO  - Watchdog has been checked: 0 passed
14.08.2014 06:15:01,977 - INFO  - mapping file sync started
14.08.2014 06:15:03,217 - INFO  - file successfully updated
14.08.2014 06:15:27,439 - INFO  - Watchdog has been checked: 0 passed
14.08.2014 06:17:27,220 - INFO  - Watchdog has been checked: 0 passed
14.08.2014 06:19:27,301 - INFO  - Watchdog has been checked: 0 passed
14.08.2014 06:21:27,313 - INFO  - Watchdog has been checked: 0 passed
14.08.2014 06:23:27,207 - INFO  - Watchdog has been checked: 0 passed
14.08.2014 06:25:27,491 - INFO  - Watchdog has been checked: 0 passed
14.08.2014 06:27:27,183 - INFO  - Watchdog has been checked: 0 passed
14.08.2014 06:29:27,176 - INFO  - Watchdog has been checked: 0 passed
14.08.2014 06:31:27,181 - INFO  - Watchdog has been checked: 0 passed
14.08.2014 06:33:27,105 - INFO  - Watchdog has been checked: 0 passed
14.08.2014 06:35:27,292 - INFO  - Watchdog has been checked: 0 passed
14.08.2014 06:37:27,243 - INFO  - Watchdog has been checked: 0 passed
14.08.2014 06:39:27,318 - INFO  - Watchdog has been checked: 0 passed
14.08.2014 06:41:27,343 - INFO  - Watchdog has been checked: 0 passed
14.08.2014 06:43:27,342 - INFO  - Watchdog has been checked: 0 passed
14.08.2014 06:45:27,321 - INFO  - Watchdog has been checked: 0 passed
14.08.2014 06:47:27,230 - INFO  - Watchdog has been checked: 0 passed
14.08.2014 06:49:27,270 - INFO  - Watchdog has been checked: 0 passed
14.08.2014 06:51:27,207 - INFO  - Watchdog has been checked: 0 passed
14.08.2014 06:53:27,087 - INFO  - Watchdog has been checked: 0 passed
14.08.2014 06:55:27,225 - INFO  - Watchdog has been checked: 0 passed
14.08.2014 06:57:27,265 - INFO  - Watchdog has been checked: 0 passed
14.08.2014 06:59:27,277 - INFO  - Watchdog has been checked: 0 passed
14.08.2014 07:01:27,272 - INFO  - Watchdog has been checked: 0 passed
14.08.2014 07:03:27,175 - INFO  - Watchdog has been checked: 0 passed
14.08.2014 07:05:27,361 - INFO  - Watchdog has been checked: 0 passed
14.08.2014 07:07:27,039 - INFO  - Watchdog has been checked: 0 passed
14.08.2014 07:09:27,057 - INFO  - Watchdog has been checked: 0 passed
14.08.2014 07:11:27,051 - INFO  - Watchdog has been checked: 0 passed
14.08.2014 07:13:27,032 - INFO  - Watchdog has been checked: 0 passed
14.08.2014 07:15:02,144 - INFO  - mapping file sync started
14.08.2014 07:15:02,701 - INFO  - file successfully updated
14.08.2014 07:15:26,034 - INFO  - Watchdog has been checked: 0 passed
14.08.2014 07:17:26,195 - INFO  - Watchdog has been checked: 0 passed
14.08.2014 07:19:26,135 - INFO  - Watchdog has been checked: 0 passed
14.08.2014 07:21:26,153 - INFO  - Watchdog has been checked: 0 passed
14.08.2014 07:23:26,109 - INFO  - Watchdog has been checked: 0 passed
14.08.2014 07:25:26,173 - INFO  - Watchdog has been checked: 0 passed
14.08.2014 07:27:26,308 - INFO  - Watchdog has been checked: 0 passed
14.08.2014 07:29:26,270 - INFO  - Watchdog has been checked: 0 passed
14.08.2014 07:31:26,149 - INFO  - Watchdog has been checked: 0 passed
14.08.2014 07:33:26,065 - INFO  - Watchdog has been checked: 0 passed
14.08.2014 07:35:25,100 - INFO  - Watchdog has been checked: 0 passed
14.08.2014 07:37:25,209 - INFO  - Watchdog has been checked: 0 passed
14.08.2014 07:39:25,198 - INFO  - Watchdog has been checked: 0 passed
14.08.2014 07:41:25,201 - INFO  - Watchdog has been checked: 0 passed
14.08.2014 07:43:25,418 - INFO  - Watchdog has been checked: 0 passed
14.08.2014 07:45:25,180 - INFO  - Watchdog has been checked: 0 passed
14.08.2014 07:47:25,293 - INFO  - Watchdog has been checked: 0 passed
14.08.2014 07:49:25,299 - INFO  - Watchdog has been checked: 0 passed
14.08.2014 07:51:25,187 - INFO  - Watchdog has been checked: 0 passed
14.08.2014 07:53:25,373 - INFO  - Watchdog has been checked: 0 passed
14.08.2014 07:55:25,376 - INFO  - Watchdog has been checked: 0 passed
14.08.2014 07:57:25,170 - INFO  - Watchdog has been checked: 0 passed
14.08.2014 07:59:25,193 - INFO  - Watchdog has been checked: 0 passed
14.08.2014 08:01:25,175 - INFO  - Watchdog has been checked: 0 passed
14.08.2014 08:03:25,334 - INFO  - Watchdog has been checked: 0 passed
14.08.2014 08:05:26,764 - INFO  - Watchdog has been checked: 0 passed
14.08.2014 08:07:26,468 - INFO  - Watchdog has been checked: 0 passed
14.08.2014 08:09:26,473 - INFO  - Watchdog has been checked: 0 passed
14.08.2014 08:11:26,436 - INFO  - Watchdog has been checked: 0 passed
14.08.2014 08:13:26,445 - INFO  - Watchdog has been checked: 0 passed
14.08.2014 08:15:26,470 - INFO  - Watchdog has been checked: 0 passed
14.08.2014 08:17:26,326 - INFO  - Watchdog has been checked: 0 passed
14.08.2014 08:19:26,306 - INFO  - Watchdog has been checked: 0 passed
14.08.2014 08:21:26,243 - INFO  - Watchdog has been checked: 0 passed
14.08.2014 08:23:26,201 - INFO  - Watchdog has been checked: 0 passed
14.08.2014 08:25:26,295 - INFO  - Watchdog has been checked: 0 passed
14.08.2014 08:27:26,357 - INFO  - Watchdog has been checked: 0 passed
14.08.2014 08:29:26,301 - INFO  - Watchdog has been checked: 0 passed
14.08.2014 08:31:26,060 - INFO  - Watchdog has been checked: 0 passed
14.08.2014 08:33:25,128 - INFO  - Watchdog has been checked: 0 passed
14.08.2014 08:35:24,160 - INFO  - Watchdog has been checked: 0 passed
14.08.2014 08:37:22,998 - INFO  - Watchdog has been checked: 0 passed
14.08.2014 08:39:22,000 - INFO  - Watchdog has been checked: 0 passed
14.08.2014 08:41:21,214 - INFO  - Watchdog has been checked: 0 passed
14.08.2014 08:43:21,208 - INFO  - Watchdog has been checked: 0 passed
14.08.2014 08:45:21,196 - INFO  - Watchdog has been checked: 0 passed
14.08.2014 08:47:20,071 - INFO  - Watchdog has been checked: 0 passed
14.08.2014 08:49:19,059 - INFO  - Watchdog has been checked: 0 passed
14.08.2014 08:51:18,048 - INFO  - Watchdog has been checked: 0 passed
14.08.2014 08:53:17,049 - INFO  - Watchdog has been checked: 0 passed
14.08.2014 08:55:16,084 - INFO  - Watchdog has been checked: 0 passed
14.08.2014 08:57:15,040 - INFO  - Watchdog has been checked: 0 passed
14.08.2014 08:59:14,147 - INFO  - Watchdog has been checked: 0 passed
14.08.2014 09:01:14,152 - INFO  - Watchdog has been checked: 0 passed
14.08.2014 09:03:14,120 - INFO  - Watchdog has been checked: 0 passed
14.08.2014 09:05:14,203 - INFO  - Watchdog has been checked: 0 passed
14.08.2014 09:07:14,206 - INFO  - Watchdog has been checked: 0 passed
14.08.2014 09:09:14,315 - INFO  - Watchdog has been checked: 0 passed
14.08.2014 09:11:14,292 - INFO  - Watchdog has been checked: 0 passed
14.08.2014 09:13:14,280 - INFO  - Watchdog has been checked: 0 passed
14.08.2014 09:15:14,342 - INFO  - Watchdog has been checked: 0 passed
14.08.2014 09:17:14,315 - INFO  - Watchdog has been checked: 0 passed
14.08.2014 09:19:14,184 - INFO  - Watchdog has been checked: 0 passed
14.08.2014 09:21:14,385 - INFO  - Watchdog has been checked: 0 passed
14.08.2014 09:23:14,330 - INFO  - Watchdog has been checked: 0 passed
14.08.2014 09:25:14,393 - INFO  - Watchdog has been checked: 0 passed
14.08.2014 09:27:14,401 - INFO  - Watchdog has been checked: 0 passed
14.08.2014 09:29:14,264 - INFO  - Watchdog has been checked: 0 passed
14.08.2014 09:31:14,269 - INFO  - Watchdog has been checked: 0 passed
14.08.2014 09:33:17,849 - INFO  - Watchdog has been checked: 0 passed
14.08.2014 09:35:17,198 - INFO  - Watchdog has been checked: 0 passed
14.08.2014 09:37:17,170 - INFO  - Watchdog has been checked: 0 passed
14.08.2014 09:39:17,292 - INFO  - Watchdog has been checked: 0 passed
14.08.2014 09:41:17,286 - INFO  - Watchdog has been checked: 0 passed
14.08.2014 09:43:17,239 - INFO  - Watchdog has been checked: 0 passed
14.08.2014 09:45:17,307 - INFO  - Watchdog has been checked: 0 passed
14.08.2014 09:47:17,270 - INFO  - Watchdog has been checked: 0 passed
14.08.2014 09:49:17,133 - INFO  - Watchdog has been checked: 0 passed
14.08.2014 09:51:17,130 - INFO  - Watchdog has been checked: 0 passed
14.08.2014 09:53:17,292 - INFO  - Watchdog has been checked: 0 passed
14.08.2014 09:55:17,167 - INFO  - Watchdog has been checked: 0 passed
14.08.2014 09:57:17,256 - INFO  - Watchdog has been checked: 0 passed
14.08.2014 09:59:17,260 - INFO  - Watchdog has been checked: 0 passed
14.08.2014 10:01:17,080 - INFO  - Watchdog has been checked: 0 passed
14.08.2014 10:03:17,251 - INFO  - Watchdog has been checked: 0 passed
14.08.2014 10:05:17,063 - INFO  - Watchdog has been checked: 0 passed
14.08.2014 10:07:16,079 - INFO  - Watchdog has been checked: 0 passed
14.08.2014 10:09:16,184 - INFO  - Watchdog has been checked: 0 passed
14.08.2014 10:11:16,168 - INFO  - Watchdog has been checked: 0 passed
14.08.2014 10:13:16,100 - INFO  - Watchdog has been checked: 0 passed
14.08.2014 10:15:16,160 - INFO  - Watchdog has been checked: 0 passed
14.08.2014 10:17:16,137 - INFO  - Watchdog has been checked: 0 passed
14.08.2014 10:19:16,291 - INFO  - Watchdog has been checked: 0 passed
14.08.2014 10:21:16,279 - INFO  - Watchdog has been checked: 0 passed
14.08.2014 10:23:16,233 - INFO  - Watchdog has been checked: 0 passed
14.08.2014 10:25:16,221 - INFO  - Watchdog has been checked: 0 passed
14.08.2014 10:27:16,231 - INFO  - Watchdog has been checked: 0 passed
14.08.2014 10:29:16,075 - INFO  - Watchdog has been checked: 0 passed
14.08.2014 10:31:15,280 - INFO  - Watchdog has been checked: 0 passed
14.08.2014 10:33:15,213 - INFO  - Watchdog has been checked: 0 passed
14.08.2014 10:35:18,245 - INFO  - Watchdog has been checked: 0 passed
14.08.2014 10:37:18,455 - INFO  - Watchdog has been checked: 0 passed
14.08.2014 10:39:18,165 - INFO  - Watchdog has been checked: 0 passed
14.08.2014 10:41:18,408 - INFO  - Watchdog has been checked: 0 passed
14.08.2014 10:43:18,246 - INFO  - Watchdog has been checked: 0 passed
14.08.2014 10:45:18,373 - INFO  - Watchdog has been checked: 0 passed
14.08.2014 10:47:18,415 - INFO  - Watchdog has been checked: 0 passed
14.08.2014 10:49:18,069 - INFO  - Watchdog has been checked: 0 passed
14.08.2014 10:51:18,347 - INFO  - Watchdog has been checked: 0 passed
14.08.2014 10:53:18,209 - INFO  - Watchdog has been checked: 0 passed
14.08.2014 10:55:18,157 - INFO  - Watchdog has been checked: 0 passed
14.08.2014 10:57:18,366 - INFO  - Watchdog has been checked: 0 passed
14.08.2014 10:59:18,096 - INFO  - Watchdog has been checked: 0 passed
14.08.2014 11:01:18,156 - INFO  - Watchdog has been checked: 0 passed
14.08.2014 11:01:56,441 - INFO  - searcher identified --- respT: 21ms, 5414 results, web:(PSIWeb), q=, 
14.08.2014 11:01:59,009 - INFO  - searcher identified --- respT: 28ms, 699 results, web:(PSIWeb), q=test, 
14.08.2014 11:02:01,310 - INFO  - searcher identified --- respT: 35ms, 44 results, web:(PSIWeb), q=test p, 
14.08.2014 11:02:04,719 - INFO  - searcher identified --- respT: 31ms, 48 results, web:(PSIWeb), q=test proto, 
14.08.2014 11:02:08,379 - INFO  - searcher identified --- respT: 29ms, 25 results, web:(PSIWeb), q=test protokoll, 
14.08.2014 11:02:21,431 - INFO  - searcher identified --- respT: 22ms, 3 results, web:(PSIWeb), date:[NOW-1MONTH TO NOW], q=test protokoll, 
14.08.2014 11:03:18,030 - INFO  - Watchdog has been checked: 0 passed
14.08.2014 11:05:17,165 - INFO  - Watchdog has been checked: 0 passed
14.08.2014 11:07:17,127 - INFO  - Watchdog has been checked: 0 passed
14.08.2014 11:09:17,235 - INFO  - Watchdog has been checked: 0 passed
14.08.2014 11:11:17,189 - INFO  - Watchdog has been checked: 0 passed
14.08.2014 11:13:17,158 - INFO  - Watchdog has been checked: 0 passed
14.08.2014 11:15:17,182 - INFO  - Watchdog has been checked: 0 passed
14.08.2014 11:17:17,195 - INFO  - Watchdog has been checked: 0 passed
14.08.2014 11:19:17,393 - INFO  - Watchdog has been checked: 0 passed
14.08.2014 11:21:17,312 - INFO  - Watchdog has been checked: 0 passed
14.08.2014 11:23:17,235 - INFO  - Watchdog has been checked: 0 passed
14.08.2014 11:25:17,276 - INFO  - Watchdog has been checked: 0 passed
14.08.2014 11:27:17,088 - INFO  - Watchdog has been checked: 0 passed
14.08.2014 11:29:17,233 - INFO  - Watchdog has been checked: 0 passed
14.08.2014 11:31:17,219 - INFO  - Watchdog has been checked: 0 passed
14.08.2014 11:33:17,157 - INFO  - Watchdog has been checked: 0 passed
14.08.2014 11:35:17,228 - INFO  - Watchdog has been checked: 0 passed
14.08.2014 11:37:18,179 - INFO  - Watchdog has been checked: 0 passed
14.08.2014 11:39:18,269 - INFO  - Watchdog has been checked: 0 passed
14.08.2014 11:41:18,288 - INFO  - Watchdog has been checked: 0 passed
14.08.2014 11:43:18,156 - INFO  - Watchdog has been checked: 0 passed
14.08.2014 11:45:18,191 - INFO  - Watchdog has been checked: 0 passed
14.08.2014 11:47:18,256 - INFO  - Watchdog has been checked: 0 passed
14.08.2014 11:49:18,280 - INFO  - Watchdog has been checked: 0 passed
14.08.2014 11:51:18,249 - INFO  - Watchdog has been checked: 0 passed
14.08.2014 11:53:18,203 - INFO  - Watchdog has been checked: 0 passed
14.08.2014 11:55:18,257 - INFO  - Watchdog has been checked: 0 passed
14.08.2014 11:57:18,333 - INFO  - Watchdog has been checked: 0 passed
14.08.2014 11:59:18,077 - INFO  - Watchdog has been checked: 0 passed
14.08.2014 12:01:18,186 - INFO  - Watchdog has been checked: 0 passed
14.08.2014 12:03:18,274 - INFO  - Watchdog has been checked: 0 passed
14.08.2014 12:05:18,080 - INFO  - Watchdog has been checked: 0 passed
14.08.2014 12:07:18,272 - INFO  - Watchdog has been checked: 0 passed
14.08.2014 12:09:18,235 - INFO  - Watchdog has been checked: 0 passed
14.08.2014 12:11:18,245 - INFO  - Watchdog has been checked: 0 passed
14.08.2014 12:13:18,205 - INFO  - Watchdog has been checked: 0 passed
14.08.2014 12:15:18,179 - INFO  - Watchdog has been checked: 0 passed
14.08.2014 12:17:18,296 - INFO  - Watchdog has been checked: 0 passed
14.08.2014 12:19:18,303 - INFO  - Watchdog has been checked: 0 passed
14.08.2014 12:21:18,303 - INFO  - Watchdog has been checked: 0 passed
14.08.2014 12:23:18,211 - INFO  - Watchdog has been checked: 0 passed
14.08.2014 12:25:18,258 - INFO  - Watchdog has been checked: 0 passed
14.08.2014 12:27:18,330 - INFO  - Watchdog has been checked: 0 passed
14.08.2014 12:29:18,314 - INFO  - Watchdog has been checked: 0 passed
14.08.2014 12:31:18,342 - INFO  - Watchdog has been checked: 0 passed
14.08.2014 12:33:18,307 - INFO  - Watchdog has been checked: 0 passed
14.08.2014 12:35:18,355 - INFO  - Watchdog has been checked: 0 passed
14.08.2014 12:37:18,464 - INFO  - Watchdog has been checked: 0 passed
14.08.2014 12:39:18,176 - INFO  - Watchdog has been checked: 0 passed
14.08.2014 12:41:18,207 - INFO  - Watchdog has been checked: 0 passed
14.08.2014 12:43:18,185 - INFO  - Watchdog has been checked: 0 passed
14.08.2014 12:45:18,164 - INFO  - Watchdog has been checked: 0 passed
14.08.2014 12:47:18,300 - INFO  - Watchdog has been checked: 0 passed
14.08.2014 12:49:18,034 - INFO  - Watchdog has been checked: 0 passed
14.08.2014 12:51:16,983 - INFO  - Watchdog has been checked: 0 passed
14.08.2014 12:53:16,157 - INFO  - Watchdog has been checked: 0 passed
14.08.2014 12:55:15,952 - INFO  - Watchdog has been checked: 0 passed
14.08.2014 12:57:14,963 - INFO  - Watchdog has been checked: 0 passed
14.08.2014 12:59:14,057 - INFO  - Watchdog has been checked: 0 passed
14.08.2014 13:01:12,993 - INFO  - Watchdog has been checked: 0 passed
14.08.2014 13:03:12,202 - INFO  - Watchdog has been checked: 0 passed
14.08.2014 13:05:12,234 - INFO  - Watchdog has been checked: 0 passed
14.08.2014 13:07:12,002 - INFO  - Watchdog has been checked: 0 passed
14.08.2014 13:09:11,183 - INFO  - Watchdog has been checked: 0 passed
14.08.2014 13:11:11,110 - INFO  - Watchdog has been checked: 0 passed
14.08.2014 13:13:11,097 - INFO  - Watchdog has been checked: 0 passed
14.08.2014 13:15:11,149 - INFO  - Watchdog has been checked: 0 passed
14.08.2014 13:17:11,143 - INFO  - Watchdog has been checked: 0 passed
14.08.2014 13:19:11,238 - INFO  - Watchdog has been checked: 0 passed
14.08.2014 13:21:11,244 - INFO  - Watchdog has been checked: 0 passed
14.08.2014 13:23:11,222 - INFO  - Watchdog has been checked: 0 passed
14.08.2014 13:25:11,242 - INFO  - Watchdog has been checked: 0 passed
14.08.2014 13:27:11,231 - INFO  - Watchdog has been checked: 0 passed
14.08.2014 13:29:11,327 - INFO  - Watchdog has been checked: 0 passed
14.08.2014 13:31:11,298 - INFO  - Watchdog has been checked: 0 passed
14.08.2014 13:33:11,322 - INFO  - Watchdog has been checked: 0 passed
14.08.2014 13:33:20,928 - INFO  - searcher identified --- respT: 36ms, 77249 results, q=, 
14.08.2014 13:33:23,423 - INFO  - searcher identified --- respT: 96ms, 8 results, q=EIDA, 
14.08.2014 13:33:24,207 - INFO  - searcher identified --- respT: 79ms, 8 results, q=EIDA, 
14.08.2014 13:33:40,317 - INFO  - searcher identified --- respT: 29ms, 10 results, q=EIAD, 
14.08.2014 13:35:11,341 - INFO  - Watchdog has been checked: 0 passed
14.08.2014 13:37:11,346 - INFO  - Watchdog has been checked: 0 passed
14.08.2014 13:39:11,220 - INFO  - Watchdog has been checked: 0 passed
14.08.2014 13:41:11,300 - INFO  - Watchdog has been checked: 0 passed
14.08.2014 13:43:11,269 - INFO  - Watchdog has been checked: 0 passed
14.08.2014 13:45:11,288 - INFO  - Watchdog has been checked: 0 passed
14.08.2014 13:47:11,293 - INFO  - Watchdog has been checked: 0 passed
14.08.2014 13:49:11,430 - INFO  - Watchdog has been checked: 0 passed
14.08.2014 13:51:11,411 - INFO  - Watchdog has been checked: 0 passed
14.08.2014 13:52:22,796 - INFO  - searcher identified --- respT: 94ms, 77251 results, q=, 
14.08.2014 13:52:26,847 - INFO  - searcher identified --- respT: 33ms, 16728 results, q=wiki, 
14.08.2014 13:52:29,664 - INFO  - searcher identified --- respT: 21ms, 14 results, q=wiki cheat sh, 
14.08.2014 13:52:30,748 - INFO  - searcher identified --- respT: 21ms, 12 results, q=wiki cheat sheet, 
14.08.2014 13:53:11,273 - INFO  - Watchdog has been checked: 0 passed
14.08.2014 13:55:11,276 - INFO  - Watchdog has been checked: 0 passed
14.08.2014 13:57:11,237 - INFO  - Watchdog has been checked: 0 passed
14.08.2014 13:59:11,320 - INFO  - Watchdog has been checked: 0 passed
14.08.2014 14:01:11,284 - INFO  - Watchdog has been checked: 0 passed
14.08.2014 14:03:11,170 - INFO  - Watchdog has been checked: 0 passed
14.08.2014 14:05:11,187 - INFO  - Watchdog has been checked: 0 passed
14.08.2014 14:07:11,231 - INFO  - Watchdog has been checked: 0 passed
14.08.2014 14:09:11,069 - INFO  - Watchdog has been checked: 0 passed
14.08.2014 14:11:11,007 - INFO  - Watchdog has been checked: 0 passed
14.08.2014 14:13:10,206 - INFO  - Watchdog has been checked: 0 passed
14.08.2014 14:15:10,257 - INFO  - Watchdog has been checked: 0 passed
14.08.2014 14:17:10,246 - INFO  - Watchdog has been checked: 0 passed
14.08.2014 14:19:10,137 - INFO  - Watchdog has been checked: 0 passed
14.08.2014 14:21:10,110 - INFO  - Watchdog has been checked: 0 passed
14.08.2014 14:23:10,325 - INFO  - Watchdog has been checked: 0 passed
14.08.2014 14:25:10,085 - INFO  - Watchdog has been checked: 0 passed
14.08.2014 14:27:10,338 - INFO  - Watchdog has been checked: 0 passed
14.08.2014 14:29:10,165 - INFO  - Watchdog has been checked: 0 passed
14.08.2014 14:31:10,142 - INFO  - Watchdog has been checked: 0 passed
14.08.2014 14:33:10,087 - INFO  - Watchdog has been checked: 0 passed
14.08.2014 14:35:10,152 - INFO  - Watchdog has been checked: 0 passed
14.08.2014 14:37:10,111 - INFO  - Watchdog has been checked: 0 passed
14.08.2014 14:39:10,229 - INFO  - Watchdog has been checked: 0 passed
14.08.2014 14:41:10,261 - INFO  - Watchdog has been checked: 0 passed
14.08.2014 14:43:10,173 - INFO  - Watchdog has been checked: 0 passed
14.08.2014 14:45:10,230 - INFO  - Watchdog has been checked: 0 passed
14.08.2014 14:47:10,266 - INFO  - Watchdog has been checked: 0 passed
14.08.2014 14:49:10,212 - INFO  - Watchdog has been checked: 0 passed
14.08.2014 14:51:10,389 - INFO  - Watchdog has been checked: 0 passed
14.08.2014 14:53:10,316 - INFO  - Watchdog has been checked: 0 passed
14.08.2014 14:55:10,113 - INFO  - Watchdog has been checked: 0 passed
14.08.2014 14:57:10,140 - INFO  - Watchdog has been checked: 0 passed
14.08.2014 14:59:10,287 - INFO  - Watchdog has been checked: 0 passed
14.08.2014 15:01:10,313 - INFO  - Watchdog has been checked: 0 passed
14.08.2014 15:03:10,136 - INFO  - Watchdog has been checked: 0 passed
14.08.2014 15:05:10,132 - INFO  - Watchdog has been checked: 0 passed
14.08.2014 15:07:10,231 - INFO  - Watchdog has been checked: 0 passed
14.08.2014 15:09:11,196 - INFO  - Watchdog has been checked: 0 passed
14.08.2014 15:11:11,210 - INFO  - Watchdog has been checked: 0 passed
14.08.2014 15:13:11,138 - INFO  - Watchdog has been checked: 0 passed
14.08.2014 15:15:11,239 - INFO  - Watchdog has been checked: 0 passed
14.08.2014 15:17:11,320 - INFO  - Watchdog has been checked: 0 passed
14.08.2014 15:19:11,221 - INFO  - Watchdog has been checked: 0 passed
14.08.2014 15:21:11,246 - INFO  - Watchdog has been checked: 0 passed
14.08.2014 15:23:11,157 - INFO  - Watchdog has been checked: 0 passed
14.08.2014 15:25:11,250 - INFO  - Watchdog has been checked: 0 passed
14.08.2014 15:27:11,118 - INFO  - Watchdog has been checked: 0 passed
14.08.2014 15:29:11,237 - INFO  - Watchdog has been checked: 0 passed
14.08.2014 15:31:11,186 - INFO  - Watchdog has been checked: 0 passed
14.08.2014 15:33:11,205 - INFO  - Watchdog has been checked: 0 passed
14.08.2014 15:35:11,258 - INFO  - Watchdog has been checked: 0 passed
14.08.2014 15:37:11,330 - INFO  - Watchdog has been checked: 0 passed
14.08.2014 15:39:11,167 - INFO  - Watchdog has been checked: 0 passed
14.08.2014 15:41:11,248 - INFO  - Watchdog has been checked: 0 passed
14.08.2014 15:43:11,172 - INFO  - Watchdog has been checked: 0 passed
14.08.2014 15:45:11,203 - INFO  - Watchdog has been checked: 0 passed
14.08.2014 15:47:11,256 - INFO  - Watchdog has been checked: 0 passed
14.08.2014 15:49:11,117 - INFO  - Watchdog has been checked: 0 passed
14.08.2014 15:51:11,213 - INFO  - Watchdog has been checked: 0 passed
14.08.2014 15:53:11,295 - INFO  - Watchdog has been checked: 0 passed
14.08.2014 15:55:11,228 - INFO  - Watchdog has been checked: 0 passed
14.08.2014 15:57:11,037 - INFO  - Watchdog has been checked: 0 passed
14.08.2014 15:59:11,145 - INFO  - Watchdog has been checked: 0 passed
14.08.2014 16:01:11,230 - INFO  - Watchdog has been checked: 0 passed
14.08.2014 16:03:11,081 - INFO  - Watchdog has been checked: 0 passed
14.08.2014 16:05:11,076 - INFO  - Watchdog has been checked: 0 passed
14.08.2014 16:07:11,166 - INFO  - Watchdog has been checked: 0 passed
14.08.2014 16:09:11,196 - INFO  - Watchdog has been checked: 0 passed
14.08.2014 16:11:12,923 - INFO  - Watchdog has been checked: 0 passed
14.08.2014 16:13:12,193 - INFO  - Watchdog has been checked: 0 passed
14.08.2014 16:15:12,308 - INFO  - Watchdog has been checked: 0 passed
14.08.2014 16:17:12,326 - INFO  - Watchdog has been checked: 0 passed
14.08.2014 16:19:12,178 - INFO  - Watchdog has been checked: 0 passed
14.08.2014 16:21:12,248 - INFO  - Watchdog has been checked: 0 passed
14.08.2014 16:23:12,271 - INFO  - Watchdog has been checked: 0 passed
14.08.2014 16:25:12,360 - INFO  - Watchdog has been checked: 0 passed
14.08.2014 16:27:12,145 - INFO  - Watchdog has been checked: 0 passed
14.08.2014 16:29:12,292 - INFO  - Watchdog has been checked: 0 passed
14.08.2014 16:31:12,276 - INFO  - Watchdog has been checked: 0 passed
14.08.2014 16:33:12,293 - INFO  - Watchdog has been checked: 0 passed
14.08.2014 16:35:12,393 - INFO  - Watchdog has been checked: 0 passed
14.08.2014 16:37:12,076 - INFO  - Watchdog has been checked: 0 passed
14.08.2014 16:39:12,259 - INFO  - Watchdog has been checked: 0 passed
14.08.2014 16:41:12,293 - INFO  - Watchdog has been checked: 0 passed
14.08.2014 16:43:12,234 - INFO  - Watchdog has been checked: 0 passed
14.08.2014 16:45:12,031 - INFO  - Watchdog has been checked: 0 passed
14.08.2014 16:47:11,087 - INFO  - Watchdog has been checked: 0 passed
14.08.2014 16:49:10,174 - INFO  - Watchdog has been checked: 0 passed
14.08.2014 16:51:10,209 - INFO  - Watchdog has been checked: 0 passed
14.08.2014 16:53:09,972 - INFO  - Watchdog has been checked: 0 passed
14.08.2014 16:55:09,297 - INFO  - Watchdog has been checked: 0 passed
14.08.2014 16:57:08,011 - INFO  - Watchdog has been checked: 0 passed
14.08.2014 16:59:07,171 - INFO  - Watchdog has been checked: 0 passed
14.08.2014 17:01:07,188 - INFO  - Watchdog has been checked: 0 passed
14.08.2014 17:03:07,188 - INFO  - Watchdog has been checked: 0 passed
14.08.2014 17:05:07,051 - INFO  - Watchdog has been checked: 0 passed
14.08.2014 17:07:06,114 - INFO  - Watchdog has been checked: 0 passed
14.08.2014 17:09:06,244 - INFO  - Watchdog has been checked: 0 passed
14.08.2014 17:11:06,025 - INFO  - Watchdog has been checked: 0 passed
14.08.2014 17:13:05,254 - INFO  - Watchdog has been checked: 0 passed
14.08.2014 17:15:05,105 - INFO  - Watchdog has been checked: 0 passed
14.08.2014 17:17:05,086 - INFO  - Watchdog has been checked: 0 passed
14.08.2014 17:19:05,203 - INFO  - Watchdog has been checked: 0 passed
14.08.2014 17:21:05,254 - INFO  - Watchdog has been checked: 0 passed
14.08.2014 17:23:05,287 - INFO  - Watchdog has been checked: 0 passed
14.08.2014 17:25:05,359 - INFO  - Watchdog has been checked: 0 passed
14.08.2014 17:27:05,144 - INFO  - Watchdog has been checked: 0 passed
14.08.2014 17:29:05,364 - INFO  - Watchdog has been checked: 0 passed
14.08.2014 17:31:05,349 - INFO  - Watchdog has been checked: 0 passed
14.08.2014 17:33:05,295 - INFO  - Watchdog has been checked: 0 passed
14.08.2014 17:35:05,425 - INFO  - Watchdog has been checked: 0 passed
14.08.2014 17:37:05,232 - INFO  - Watchdog has been checked: 0 passed
14.08.2014 17:39:05,340 - INFO  - Watchdog has been checked: 0 passed
14.08.2014 17:41:05,401 - INFO  - Watchdog has been checked: 0 passed
14.08.2014 17:43:05,382 - INFO  - Watchdog has been checked: 0 passed
14.08.2014 17:45:05,427 - INFO  - Watchdog has been checked: 0 passed
14.08.2014 17:47:05,241 - INFO  - Watchdog has been checked: 0 passed
14.08.2014 17:49:05,341 - INFO  - Watchdog has been checked: 0 passed
14.08.2014 17:51:05,350 - INFO  - Watchdog has been checked: 0 passed
14.08.2014 17:53:05,284 - INFO  - Watchdog has been checked: 0 passed
14.08.2014 17:55:05,081 - INFO  - Watchdog has been checked: 0 passed
14.08.2014 17:57:05,132 - INFO  - Watchdog has been checked: 0 passed
14.08.2014 17:59:05,181 - INFO  - Watchdog has been checked: 0 passed
14.08.2014 18:01:05,174 - INFO  - Watchdog has been checked: 0 passed
14.08.2014 18:03:05,185 - INFO  - Watchdog has been checked: 0 passed
14.08.2014 18:05:05,213 - INFO  - Watchdog has been checked: 0 passed
14.08.2014 18:07:05,284 - INFO  - Watchdog has been checked: 0 passed
14.08.2014 18:09:05,125 - INFO  - Watchdog has been checked: 0 passed
14.08.2014 18:11:05,184 - INFO  - Watchdog has been checked: 0 passed
14.08.2014 18:13:05,218 - INFO  - Watchdog has been checked: 0 passed
14.08.2014 18:15:05,206 - INFO  - Watchdog has been checked: 0 passed
14.08.2014 18:17:05,073 - INFO  - Watchdog has been checked: 0 passed
14.08.2014 18:19:04,166 - INFO  - Watchdog has been checked: 0 passed
14.08.2014 18:21:04,064 - INFO  - Watchdog has been checked: 0 passed
14.08.2014 18:23:03,273 - INFO  - Watchdog has been checked: 0 passed
14.08.2014 18:25:03,314 - INFO  - Watchdog has been checked: 0 passed
14.08.2014 18:27:03,106 - INFO  - Watchdog has been checked: 0 passed
14.08.2014 18:29:02,322 - INFO  - Watchdog has been checked: 0 passed
14.08.2014 18:31:02,313 - INFO  - Watchdog has been checked: 0 passed
14.08.2014 18:33:02,299 - INFO  - Watchdog has been checked: 0 passed
14.08.2014 18:35:02,154 - INFO  - Watchdog has been checked: 0 passed
14.08.2014 18:37:02,195 - INFO  - Watchdog has been checked: 0 passed
14.08.2014 18:39:02,313 - INFO  - Watchdog has been checked: 0 passed
14.08.2014 18:41:03,342 - INFO  - Watchdog has been checked: 0 passed
14.08.2014 18:43:03,302 - INFO  - Watchdog has been checked: 0 passed
14.08.2014 18:45:03,230 - INFO  - Watchdog has been checked: 0 passed
14.08.2014 18:47:03,262 - INFO  - Watchdog has been checked: 0 passed
14.08.2014 18:49:03,249 - INFO  - Watchdog has been checked: 0 passed
14.08.2014 18:51:03,304 - INFO  - Watchdog has been checked: 0 passed
14.08.2014 18:53:03,276 - INFO  - Watchdog has been checked: 0 passed
14.08.2014 18:55:03,388 - INFO  - Watchdog has been checked: 0 passed
14.08.2014 18:57:03,155 - INFO  - Watchdog has been checked: 0 passed
14.08.2014 18:59:03,221 - INFO  - Watchdog has been checked: 0 passed
14.08.2014 19:01:03,288 - INFO  - Watchdog has been checked: 0 passed
14.08.2014 19:03:03,246 - INFO  - Watchdog has been checked: 0 passed
14.08.2014 19:05:03,321 - INFO  - Watchdog has been checked: 0 passed
14.08.2014 19:07:03,367 - INFO  - Watchdog has been checked: 0 passed
14.08.2014 19:09:03,238 - INFO  - Watchdog has been checked: 0 passed
14.08.2014 19:11:03,330 - INFO  - Watchdog has been checked: 0 passed
14.08.2014 19:13:03,297 - INFO  - Watchdog has been checked: 0 passed
14.08.2014 19:15:03,277 - INFO  - Watchdog has been checked: 0 passed
14.08.2014 19:17:03,185 - INFO  - Watchdog has been checked: 0 passed
14.08.2014 19:19:03,309 - INFO  - Watchdog has been checked: 0 passed
14.08.2014 19:21:03,341 - INFO  - Watchdog has been checked: 0 passed
14.08.2014 19:23:03,356 - INFO  - Watchdog has been checked: 0 passed
14.08.2014 19:25:03,172 - INFO  - Watchdog has been checked: 0 passed
14.08.2014 19:27:03,339 - INFO  - Watchdog has been checked: 0 passed
14.08.2014 19:29:03,212 - INFO  - Watchdog has been checked: 0 passed
14.08.2014 19:31:03,230 - INFO  - Watchdog has been checked: 0 passed
14.08.2014 19:33:03,208 - INFO  - Watchdog has been checked: 0 passed
14.08.2014 19:35:03,259 - INFO  - Watchdog has been checked: 0 passed
14.08.2014 19:37:03,111 - INFO  - Watchdog has been checked: 0 passed
14.08.2014 19:39:02,140 - INFO  - Watchdog has been checked: 0 passed
14.08.2014 19:41:02,010 - INFO  - Watchdog has been checked: 0 passed
14.08.2014 19:43:02,103 - INFO  - Watchdog has been checked: 0 passed
14.08.2014 19:45:01,046 - INFO  - Watchdog has been checked: 0 passed
14.08.2014 19:47:00,081 - INFO  - Watchdog has been checked: 0 passed
14.08.2014 19:49:00,094 - INFO  - Watchdog has been checked: 0 passed
14.08.2014 19:51:00,024 - INFO  - Watchdog has been checked: 0 passed
14.08.2014 19:52:59,238 - INFO  - Watchdog has been checked: 0 passed
14.08.2014 19:55:00,166 - INFO  - Watchdog has been checked: 0 passed
14.08.2014 19:57:00,139 - INFO  - Watchdog has been checked: 0 passed
14.08.2014 19:58:59,263 - INFO  - Watchdog has been checked: 0 passed
14.08.2014 20:00:59,311 - INFO  - Watchdog has been checked: 0 passed
14.08.2014 20:02:59,243 - INFO  - Watchdog has been checked: 0 passed
14.08.2014 20:04:59,328 - INFO  - Watchdog has been checked: 0 passed
14.08.2014 20:06:59,100 - INFO  - Watchdog has been checked: 0 passed
14.08.2014 20:08:59,210 - INFO  - Watchdog has been checked: 0 passed
14.08.2014 20:10:59,650 - INFO  - Watchdog has been checked: 0 passed
14.08.2014 20:12:59,225 - INFO  - Watchdog has been checked: 0 passed
14.08.2014 20:14:59,286 - INFO  - Watchdog has been checked: 0 passed
14.08.2014 20:16:59,345 - INFO  - Watchdog has been checked: 0 passed
14.08.2014 20:18:59,217 - INFO  - Watchdog has been checked: 0 passed
14.08.2014 20:20:59,324 - INFO  - Watchdog has been checked: 0 passed
14.08.2014 20:22:59,214 - INFO  - Watchdog has been checked: 0 passed
14.08.2014 20:24:59,246 - INFO  - Watchdog has been checked: 0 passed
14.08.2014 20:26:59,256 - INFO  - Watchdog has been checked: 0 passed
14.08.2014 20:28:59,248 - INFO  - Watchdog has been checked: 0 passed
14.08.2014 20:30:59,534 - INFO  - Watchdog has been checked: 0 passed
14.08.2014 20:32:59,424 - INFO  - Watchdog has been checked: 0 passed
14.08.2014 20:34:59,299 - INFO  - Watchdog has been checked: 0 passed
14.08.2014 20:36:59,378 - INFO  - Watchdog has been checked: 0 passed
14.08.2014 20:38:59,504 - INFO  - Watchdog has been checked: 0 passed
14.08.2014 20:40:59,302 - INFO  - Watchdog has been checked: 0 passed
14.08.2014 20:42:59,236 - INFO  - Watchdog has been checked: 0 passed
14.08.2014 20:45:02,412 - INFO  - Watchdog has been checked: 0 passed
14.08.2014 20:47:02,327 - INFO  - Watchdog has been checked: 0 passed
14.08.2014 20:49:02,166 - INFO  - Watchdog has been checked: 0 passed
14.08.2014 20:51:01,214 - INFO  - Watchdog has been checked: 0 passed
14.08.2014 20:53:01,130 - INFO  - Watchdog has been checked: 0 passed
14.08.2014 20:55:01,249 - INFO  - Watchdog has been checked: 0 passed
14.08.2014 20:57:01,284 - INFO  - Watchdog has been checked: 0 passed
14.08.2014 20:59:01,330 - INFO  - Watchdog has been checked: 0 passed
14.08.2014 21:01:01,082 - INFO  - Watchdog has been checked: 0 passed
14.08.2014 21:03:00,316 - INFO  - Watchdog has been checked: 0 passed
14.08.2014 21:05:00,081 - INFO  - Watchdog has been checked: 0 passed
14.08.2014 21:06:59,170 - INFO  - Watchdog has been checked: 0 passed
14.08.2014 21:08:58,163 - INFO  - Watchdog has been checked: 0 passed
14.08.2014 21:10:57,174 - INFO  - Watchdog has been checked: 0 passed
14.08.2014 21:12:57,111 - INFO  - Watchdog has been checked: 0 passed
14.08.2014 21:14:57,178 - INFO  - Watchdog has been checked: 0 passed
14.08.2014 21:16:57,191 - INFO  - Watchdog has been checked: 0 passed
14.08.2014 21:18:57,043 - INFO  - Watchdog has been checked: 0 passed
14.08.2014 21:20:57,083 - INFO  - Watchdog has been checked: 0 passed
14.08.2014 21:22:57,025 - INFO  - Watchdog has been checked: 0 passed
14.08.2014 21:24:57,075 - INFO  - Watchdog has been checked: 0 passed
14.08.2014 21:26:57,107 - INFO  - Watchdog has been checked: 0 passed
14.08.2014 21:28:56,261 - INFO  - Watchdog has been checked: 0 passed
14.08.2014 21:30:56,286 - INFO  - Watchdog has been checked: 0 passed
14.08.2014 21:32:56,211 - INFO  - Watchdog has been checked: 0 passed
14.08.2014 21:34:56,317 - INFO  - Watchdog has been checked: 0 passed
14.08.2014 21:36:56,123 - INFO  - Watchdog has been checked: 0 passed
14.08.2014 21:38:56,202 - INFO  - Watchdog has been checked: 0 passed
14.08.2014 21:40:56,236 - INFO  - Watchdog has been checked: 0 passed
14.08.2014 21:42:56,188 - INFO  - Watchdog has been checked: 0 passed
14.08.2014 21:44:56,312 - INFO  - Watchdog has been checked: 0 passed
14.08.2014 21:46:56,355 - INFO  - Watchdog has been checked: 0 passed
14.08.2014 21:48:56,212 - INFO  - Watchdog has been checked: 0 passed
14.08.2014 21:50:56,239 - INFO  - Watchdog has been checked: 0 passed
14.08.2014 21:52:56,227 - INFO  - Watchdog has been checked: 0 passed
14.08.2014 21:54:56,355 - INFO  - Watchdog has been checked: 0 passed
14.08.2014 21:56:56,430 - INFO  - Watchdog has been checked: 0 passed
14.08.2014 21:58:56,264 - INFO  - Watchdog has been checked: 0 passed
14.08.2014 22:00:56,256 - INFO  - Watchdog has been checked: 0 passed
14.08.2014 22:02:56,246 - INFO  - Watchdog has been checked: 0 passed
14.08.2014 22:04:56,359 - INFO  - Watchdog has been checked: 0 passed
14.08.2014 22:06:56,430 - INFO  - Watchdog has been checked: 0 passed
14.08.2014 22:08:56,293 - INFO  - Watchdog has been checked: 0 passed
14.08.2014 22:10:56,307 - INFO  - Watchdog has been checked: 0 passed
14.08.2014 22:12:56,233 - INFO  - Watchdog has been checked: 0 passed
14.08.2014 22:14:56,160 - INFO  - Watchdog has been checked: 0 passed
14.08.2014 22:16:56,286 - INFO  - Watchdog has been checked: 0 passed
14.08.2014 22:18:56,111 - INFO  - Watchdog has been checked: 0 passed
14.08.2014 22:20:56,136 - INFO  - Watchdog has been checked: 0 passed
14.08.2014 22:22:56,076 - INFO  - Watchdog has been checked: 0 passed
14.08.2014 22:24:55,217 - INFO  - Watchdog has been checked: 0 passed
14.08.2014 22:26:55,235 - INFO  - Watchdog has been checked: 0 passed
14.08.2014 22:28:55,142 - INFO  - Watchdog has been checked: 0 passed
14.08.2014 22:30:55,271 - INFO  - Watchdog has been checked: 0 passed
14.08.2014 22:32:55,255 - INFO  - Watchdog has been checked: 0 passed
14.08.2014 22:34:55,095 - INFO  - Watchdog has been checked: 0 passed
14.08.2014 22:36:55,187 - INFO  - Watchdog has been checked: 0 passed
14.08.2014 22:38:55,264 - INFO  - Watchdog has been checked: 0 passed
14.08.2014 22:40:55,328 - INFO  - Watchdog has been checked: 0 passed
14.08.2014 22:42:55,234 - INFO  - Watchdog has been checked: 0 passed
14.08.2014 22:44:55,312 - INFO  - Watchdog has been checked: 0 passed
14.08.2014 22:46:55,129 - INFO  - Watchdog has been checked: 0 passed
14.08.2014 22:48:55,245 - INFO  - Watchdog has been checked: 0 passed
14.08.2014 22:50:55,294 - INFO  - Watchdog has been checked: 0 passed
14.08.2014 22:52:55,181 - INFO  - Watchdog has been checked: 0 passed
14.08.2014 22:54:55,329 - INFO  - Watchdog has been checked: 0 passed
14.08.2014 22:56:55,102 - INFO  - Watchdog has been checked: 0 passed
14.08.2014 22:58:54,187 - INFO  - Watchdog has been checked: 0 passed
14.08.2014 23:00:54,207 - INFO  - Watchdog has been checked: 0 passed
14.08.2014 23:02:54,139 - INFO  - Watchdog has been checked: 0 passed
14.08.2014 23:04:54,215 - INFO  - Watchdog has been checked: 0 passed
14.08.2014 23:06:54,239 - INFO  - Watchdog has been checked: 0 passed
14.08.2014 23:08:54,347 - INFO  - Watchdog has been checked: 0 passed
14.08.2014 23:10:54,368 - INFO  - Watchdog has been checked: 0 passed
14.08.2014 23:12:54,310 - INFO  - Watchdog has been checked: 0 passed
14.08.2014 23:14:54,400 - INFO  - Watchdog has been checked: 0 passed
14.08.2014 23:16:54,227 - INFO  - Watchdog has been checked: 0 passed
14.08.2014 23:18:54,263 - INFO  - Watchdog has been checked: 0 passed
14.08.2014 23:20:54,311 - INFO  - Watchdog has been checked: 0 passed
14.08.2014 23:22:54,246 - INFO  - Watchdog has been checked: 0 passed
14.08.2014 23:24:54,316 - INFO  - Watchdog has been checked: 0 passed
14.08.2014 23:26:54,145 - INFO  - Watchdog has been checked: 0 passed
14.08.2014 23:28:54,283 - INFO  - Watchdog has been checked: 0 passed
14.08.2014 23:30:58,488 - INFO  - Watchdog has been checked: 0 passed
14.08.2014 23:32:54,245 - INFO  - Watchdog has been checked: 0 passed
14.08.2014 23:34:54,303 - INFO  - Watchdog has been checked: 0 passed
14.08.2014 23:36:54,108 - INFO  - Watchdog has been checked: 0 passed
14.08.2014 23:38:54,148 - INFO  - Watchdog has been checked: 0 passed
14.08.2014 23:40:54,180 - INFO  - Watchdog has been checked: 0 passed
14.08.2014 23:42:54,083 - INFO  - Watchdog has been checked: 0 passed
14.08.2014 23:44:54,111 - INFO  - Watchdog has been checked: 0 passed
14.08.2014 23:46:54,193 - INFO  - Watchdog has been checked: 0 passed
14.08.2014 23:48:54,029 - INFO  - Watchdog has been checked: 0 passed
14.08.2014 23:50:53,042 - INFO  - Watchdog has been checked: 0 passed
14.08.2014 23:52:52,003 - INFO  - Watchdog has been checked: 0 passed
14.08.2014 23:54:51,104 - INFO  - Watchdog has been checked: 0 passed
14.08.2014 23:56:51,226 - INFO  - Watchdog has been checked: 0 passed
14.08.2014 23:58:51,052 - INFO  - Watchdog has been checked: 0 passed
