14.07.2014 00:01:04,229 - INFO  - Watchdog has been checked: 0 passed
14.07.2014 00:03:04,359 - INFO  - Watchdog has been checked: 0 passed
14.07.2014 00:05:04,347 - INFO  - Watchdog has been checked: 0 passed
14.07.2014 00:07:04,385 - INFO  - Watchdog has been checked: 0 passed
14.07.2014 00:09:04,378 - INFO  - Watchdog has been checked: 0 passed
14.07.2014 00:11:08,232 - INFO  - Watchdog has been checked: 0 passed
14.07.2014 00:13:08,356 - INFO  - Watchdog has been checked: 0 passed
14.07.2014 00:15:08,417 - INFO  - Watchdog has been checked: 0 passed
14.07.2014 00:17:08,422 - INFO  - Watchdog has been checked: 0 passed
14.07.2014 00:19:08,457 - INFO  - Watchdog has been checked: 0 passed
14.07.2014 00:21:08,398 - INFO  - Watchdog has been checked: 0 passed
14.07.2014 00:23:08,213 - INFO  - Watchdog has been checked: 0 passed
14.07.2014 00:25:08,212 - INFO  - Watchdog has been checked: 0 passed
14.07.2014 00:27:08,202 - INFO  - Watchdog has been checked: 0 passed
14.07.2014 00:29:08,246 - INFO  - Watchdog has been checked: 0 passed
14.07.2014 00:31:08,257 - INFO  - Watchdog has been checked: 0 passed
14.07.2014 00:33:08,326 - INFO  - Watchdog has been checked: 0 passed
14.07.2014 00:35:08,164 - INFO  - Watchdog has been checked: 0 passed
14.07.2014 00:37:08,166 - INFO  - Watchdog has been checked: 0 passed
14.07.2014 00:39:08,169 - INFO  - Watchdog has been checked: 0 passed
14.07.2014 00:41:08,245 - INFO  - Watchdog has been checked: 0 passed
14.07.2014 00:43:08,064 - INFO  - Watchdog has been checked: 0 passed
14.07.2014 00:45:07,087 - INFO  - Watchdog has been checked: 0 passed
14.07.2014 00:47:06,336 - INFO  - Watchdog has been checked: 0 passed
14.07.2014 00:49:06,047 - INFO  - Watchdog has been checked: 0 passed
14.07.2014 00:51:05,141 - INFO  - Watchdog has been checked: 0 passed
14.07.2014 00:53:04,209 - INFO  - Watchdog has been checked: 0 passed
14.07.2014 00:55:04,244 - INFO  - Watchdog has been checked: 0 passed
14.07.2014 00:57:04,279 - INFO  - Watchdog has been checked: 0 passed
14.07.2014 00:59:04,221 - INFO  - Watchdog has been checked: 0 passed
14.07.2014 01:01:04,313 - INFO  - Watchdog has been checked: 0 passed
14.07.2014 01:03:04,144 - INFO  - Watchdog has been checked: 0 passed
14.07.2014 01:05:03,103 - INFO  - Watchdog has been checked: 0 passed
14.07.2014 01:07:02,328 - INFO  - Watchdog has been checked: 0 passed
14.07.2014 01:09:02,074 - INFO  - Watchdog has been checked: 0 passed
14.07.2014 01:11:01,192 - INFO  - Watchdog has been checked: 0 passed
14.07.2014 01:13:00,270 - INFO  - Watchdog has been checked: 0 passed
14.07.2014 01:14:59,230 - INFO  - Watchdog has been checked: 0 passed
14.07.2014 01:16:58,239 - INFO  - Watchdog has been checked: 0 passed
14.07.2014 01:18:57,253 - INFO  - Watchdog has been checked: 0 passed
14.07.2014 01:20:56,358 - INFO  - Watchdog has been checked: 0 passed
14.07.2014 01:22:56,167 - INFO  - Watchdog has been checked: 0 passed
14.07.2014 01:24:55,171 - INFO  - Watchdog has been checked: 0 passed
14.07.2014 01:26:54,397 - INFO  - Watchdog has been checked: 0 passed
14.07.2014 01:28:54,425 - INFO  - Watchdog has been checked: 0 passed
14.07.2014 01:30:54,327 - INFO  - Watchdog has been checked: 0 passed
14.07.2014 01:32:54,347 - INFO  - Watchdog has been checked: 0 passed
14.07.2014 01:34:54,370 - INFO  - Watchdog has been checked: 0 passed
14.07.2014 01:36:54,284 - INFO  - Watchdog has been checked: 0 passed
14.07.2014 01:38:58,322 - INFO  - Watchdog has been checked: 0 passed
14.07.2014 01:40:58,202 - INFO  - Watchdog has been checked: 0 passed
14.07.2014 01:42:58,287 - INFO  - Watchdog has been checked: 0 passed
14.07.2014 01:44:58,246 - INFO  - Watchdog has been checked: 0 passed
14.07.2014 01:46:58,274 - INFO  - Watchdog has been checked: 0 passed
14.07.2014 01:48:58,319 - INFO  - Watchdog has been checked: 0 passed
14.07.2014 01:50:58,419 - INFO  - Watchdog has been checked: 0 passed
14.07.2014 01:52:58,177 - INFO  - Watchdog has been checked: 0 passed
14.07.2014 01:54:58,131 - INFO  - Watchdog has been checked: 0 passed
14.07.2014 01:56:58,132 - INFO  - Watchdog has been checked: 0 passed
14.07.2014 01:58:58,170 - INFO  - Watchdog has been checked: 0 passed
14.07.2014 02:00:58,284 - INFO  - Watchdog has been checked: 0 passed
14.07.2014 02:02:58,121 - INFO  - Watchdog has been checked: 0 passed
14.07.2014 02:04:58,345 - INFO  - Watchdog has been checked: 0 passed
14.07.2014 02:06:58,307 - INFO  - Watchdog has been checked: 0 passed
14.07.2014 02:08:58,115 - INFO  - Watchdog has been checked: 0 passed
14.07.2014 02:10:57,202 - INFO  - Watchdog has been checked: 0 passed
14.07.2014 02:12:57,278 - INFO  - Watchdog has been checked: 0 passed
14.07.2014 02:14:57,244 - INFO  - Watchdog has been checked: 0 passed
14.07.2014 02:16:57,269 - INFO  - Watchdog has been checked: 0 passed
14.07.2014 02:18:57,310 - INFO  - Watchdog has been checked: 0 passed
14.07.2014 02:20:57,083 - INFO  - Watchdog has been checked: 0 passed
14.07.2014 02:22:56,193 - INFO  - Watchdog has been checked: 0 passed
14.07.2014 02:24:56,128 - INFO  - Watchdog has been checked: 0 passed
14.07.2014 02:26:56,096 - INFO  - Watchdog has been checked: 0 passed
14.07.2014 02:28:56,125 - INFO  - Watchdog has been checked: 0 passed
14.07.2014 02:30:56,245 - INFO  - Watchdog has been checked: 0 passed
14.07.2014 02:32:56,378 - INFO  - Watchdog has been checked: 0 passed
14.07.2014 02:34:56,355 - INFO  - Watchdog has been checked: 0 passed
14.07.2014 02:36:56,374 - INFO  - Watchdog has been checked: 0 passed
14.07.2014 02:38:56,114 - INFO  - Watchdog has been checked: 0 passed
14.07.2014 02:40:58,195 - INFO  - Watchdog has been checked: 0 passed
14.07.2014 02:42:58,270 - INFO  - Watchdog has been checked: 0 passed
14.07.2014 02:44:58,254 - INFO  - Watchdog has been checked: 0 passed
14.07.2014 02:46:58,250 - INFO  - Watchdog has been checked: 0 passed
14.07.2014 02:48:58,282 - INFO  - Watchdog has been checked: 0 passed
14.07.2014 02:50:58,131 - INFO  - Watchdog has been checked: 0 passed
14.07.2014 02:52:57,219 - INFO  - Watchdog has been checked: 0 passed
14.07.2014 02:54:56,197 - INFO  - Watchdog has been checked: 0 passed
14.07.2014 02:56:56,156 - INFO  - Watchdog has been checked: 0 passed
14.07.2014 02:58:56,237 - INFO  - Watchdog has been checked: 0 passed
14.07.2014 03:00:56,103 - INFO  - Watchdog has been checked: 0 passed
14.07.2014 03:02:56,211 - INFO  - Watchdog has been checked: 0 passed
14.07.2014 03:04:56,188 - INFO  - Watchdog has been checked: 0 passed
14.07.2014 03:06:56,217 - INFO  - Watchdog has been checked: 0 passed
14.07.2014 03:08:56,205 - INFO  - Watchdog has been checked: 0 passed
14.07.2014 03:10:56,360 - INFO  - Watchdog has been checked: 0 passed
14.07.2014 03:12:56,169 - INFO  - Watchdog has been checked: 0 passed
14.07.2014 03:14:56,194 - INFO  - Watchdog has been checked: 0 passed
14.07.2014 03:16:56,167 - INFO  - Watchdog has been checked: 0 passed
14.07.2014 03:18:56,195 - INFO  - Watchdog has been checked: 0 passed
14.07.2014 03:20:56,312 - INFO  - Watchdog has been checked: 0 passed
14.07.2014 03:22:56,383 - INFO  - Watchdog has been checked: 0 passed
14.07.2014 03:24:56,375 - INFO  - Watchdog has been checked: 0 passed
14.07.2014 03:26:56,370 - INFO  - Watchdog has been checked: 0 passed
14.07.2014 03:28:56,387 - INFO  - Watchdog has been checked: 0 passed
14.07.2014 03:30:56,244 - INFO  - Watchdog has been checked: 0 passed
14.07.2014 03:32:56,314 - INFO  - Watchdog has been checked: 0 passed
14.07.2014 03:34:56,281 - INFO  - Watchdog has been checked: 0 passed
14.07.2014 03:36:56,334 - INFO  - Watchdog has been checked: 0 passed
14.07.2014 03:38:56,341 - INFO  - Watchdog has been checked: 0 passed
14.07.2014 03:40:56,420 - INFO  - Watchdog has been checked: 0 passed
14.07.2014 03:42:58,223 - INFO  - Watchdog has been checked: 0 passed
14.07.2014 03:44:58,245 - INFO  - Watchdog has been checked: 0 passed
14.07.2014 03:52:40,019 - INFO  - Watchdog has been checked: 0 passed
14.07.2014 03:54:39,056 - INFO  - Watchdog has been checked: 0 passed
14.07.2014 03:56:38,044 - INFO  - Watchdog has been checked: 0 passed
14.07.2014 03:58:37,096 - INFO  - Watchdog has been checked: 0 passed
14.07.2014 04:00:36,182 - INFO  - Watchdog has been checked: 0 passed
14.07.2014 04:02:36,226 - INFO  - Watchdog has been checked: 0 passed
14.07.2014 04:04:36,245 - INFO  - Watchdog has been checked: 0 passed
14.07.2014 04:06:36,223 - INFO  - Watchdog has been checked: 0 passed
14.07.2014 04:08:36,265 - INFO  - Watchdog has been checked: 0 passed
14.07.2014 04:10:36,159 - INFO  - Watchdog has been checked: 0 passed
14.07.2014 04:12:36,171 - INFO  - Watchdog has been checked: 0 passed
14.07.2014 04:14:36,191 - INFO  - Watchdog has been checked: 0 passed
14.07.2014 04:16:35,181 - INFO  - Watchdog has been checked: 0 passed
14.07.2014 04:18:35,277 - INFO  - Watchdog has been checked: 0 passed
14.07.2014 04:20:35,113 - INFO  - Watchdog has been checked: 0 passed
14.07.2014 04:22:35,152 - INFO  - Watchdog has been checked: 0 passed
14.07.2014 04:24:35,163 - INFO  - Watchdog has been checked: 0 passed
14.07.2014 04:26:35,190 - INFO  - Watchdog has been checked: 0 passed
14.07.2014 04:28:35,256 - INFO  - Watchdog has been checked: 0 passed
14.07.2014 04:30:35,168 - INFO  - Watchdog has been checked: 0 passed
14.07.2014 04:32:35,191 - INFO  - Watchdog has been checked: 0 passed
14.07.2014 04:34:37,561 - INFO  - Watchdog has been checked: 0 passed
14.07.2014 04:36:37,136 - INFO  - Watchdog has been checked: 0 passed
14.07.2014 04:38:37,190 - INFO  - Watchdog has been checked: 0 passed
14.07.2014 04:40:37,271 - INFO  - Watchdog has been checked: 0 passed
14.07.2014 04:42:37,307 - INFO  - Watchdog has been checked: 0 passed
14.07.2014 04:44:37,311 - INFO  - Watchdog has been checked: 0 passed
14.07.2014 04:46:37,368 - INFO  - Watchdog has been checked: 0 passed
14.07.2014 04:48:37,186 - INFO  - Watchdog has been checked: 0 passed
14.07.2014 04:50:37,296 - INFO  - Watchdog has been checked: 0 passed
14.07.2014 04:52:37,401 - INFO  - Watchdog has been checked: 0 passed
14.07.2014 04:54:37,408 - INFO  - Watchdog has been checked: 0 passed
14.07.2014 04:56:37,369 - INFO  - Watchdog has been checked: 0 passed
14.07.2014 04:58:37,165 - INFO  - Watchdog has been checked: 0 passed
14.07.2014 05:00:37,244 - INFO  - Watchdog has been checked: 0 passed
14.07.2014 05:02:37,319 - INFO  - Watchdog has been checked: 0 passed
14.07.2014 05:04:37,315 - INFO  - Watchdog has been checked: 0 passed
14.07.2014 05:06:37,334 - INFO  - Watchdog has been checked: 0 passed
14.07.2014 05:08:37,367 - INFO  - Watchdog has been checked: 0 passed
14.07.2014 05:10:37,187 - INFO  - Watchdog has been checked: 0 passed
14.07.2014 05:12:37,229 - INFO  - Watchdog has been checked: 0 passed
14.07.2014 05:14:37,259 - INFO  - Watchdog has been checked: 0 passed
14.07.2014 05:16:37,266 - INFO  - Watchdog has been checked: 0 passed
14.07.2014 05:18:37,323 - INFO  - Watchdog has been checked: 0 passed
14.07.2014 05:20:37,159 - INFO  - Watchdog has been checked: 0 passed
14.07.2014 05:22:37,172 - INFO  - Watchdog has been checked: 0 passed
14.07.2014 05:24:37,153 - INFO  - Watchdog has been checked: 0 passed
14.07.2014 05:26:36,155 - INFO  - Watchdog has been checked: 0 passed
14.07.2014 05:28:35,208 - INFO  - Watchdog has been checked: 0 passed
14.07.2014 05:30:35,317 - INFO  - Watchdog has been checked: 0 passed
14.07.2014 05:32:35,124 - INFO  - Watchdog has been checked: 0 passed
14.07.2014 05:34:34,097 - INFO  - Watchdog has been checked: 0 passed
14.07.2014 05:36:37,340 - INFO  - Watchdog has been checked: 0 passed
14.07.2014 05:38:37,140 - INFO  - Watchdog has been checked: 0 passed
14.07.2014 05:40:36,231 - INFO  - Watchdog has been checked: 0 passed
14.07.2014 05:42:36,346 - INFO  - Watchdog has been checked: 0 passed
14.07.2014 05:44:36,364 - INFO  - Watchdog has been checked: 0 passed
14.07.2014 05:46:36,390 - INFO  - Watchdog has been checked: 0 passed
14.07.2014 05:48:36,164 - INFO  - Watchdog has been checked: 0 passed
14.07.2014 05:50:35,225 - INFO  - Watchdog has been checked: 0 passed
14.07.2014 05:52:35,294 - INFO  - Watchdog has been checked: 0 passed
14.07.2014 05:54:35,296 - INFO  - Watchdog has been checked: 0 passed
14.07.2014 05:56:35,273 - INFO  - Watchdog has been checked: 0 passed
14.07.2014 05:58:35,341 - INFO  - Watchdog has been checked: 0 passed
14.07.2014 06:00:35,152 - INFO  - Watchdog has been checked: 0 passed
14.07.2014 06:02:34,184 - INFO  - Watchdog has been checked: 0 passed
14.07.2014 06:04:34,196 - INFO  - Watchdog has been checked: 0 passed
14.07.2014 06:06:34,190 - INFO  - Watchdog has been checked: 0 passed
14.07.2014 06:08:34,437 - INFO  - Watchdog has been checked: 0 passed
14.07.2014 06:10:34,097 - INFO  - Watchdog has been checked: 0 passed
14.07.2014 06:12:34,140 - INFO  - Watchdog has been checked: 0 passed
14.07.2014 06:14:34,124 - INFO  - Watchdog has been checked: 0 passed
14.07.2014 06:15:01,963 - INFO  - mapping file sync started
14.07.2014 06:15:02,410 - INFO  - file successfully updated
14.07.2014 06:16:34,137 - INFO  - Watchdog has been checked: 0 passed
14.07.2014 06:18:34,197 - INFO  - Watchdog has been checked: 0 passed
14.07.2014 06:20:34,293 - INFO  - Watchdog has been checked: 0 passed
14.07.2014 06:22:34,279 - INFO  - Watchdog has been checked: 0 passed
14.07.2014 06:24:34,277 - INFO  - Watchdog has been checked: 0 passed
14.07.2014 06:26:34,289 - INFO  - Watchdog has been checked: 0 passed
14.07.2014 06:28:34,134 - INFO  - Watchdog has been checked: 0 passed
14.07.2014 06:30:34,280 - INFO  - Watchdog has been checked: 0 passed
14.07.2014 06:32:34,325 - INFO  - Watchdog has been checked: 0 passed
14.07.2014 06:34:34,371 - INFO  - Watchdog has been checked: 0 passed
14.07.2014 06:36:34,326 - INFO  - Watchdog has been checked: 0 passed
14.07.2014 06:38:37,386 - INFO  - Watchdog has been checked: 0 passed
14.07.2014 06:40:37,227 - INFO  - Watchdog has been checked: 0 passed
14.07.2014 06:42:37,286 - INFO  - Watchdog has been checked: 0 passed
14.07.2014 06:44:37,270 - INFO  - Watchdog has been checked: 0 passed
14.07.2014 06:46:37,317 - INFO  - Watchdog has been checked: 0 passed
14.07.2014 06:48:37,358 - INFO  - Watchdog has been checked: 0 passed
14.07.2014 06:50:37,217 - INFO  - Watchdog has been checked: 0 passed
14.07.2014 06:52:37,253 - INFO  - Watchdog has been checked: 0 passed
14.07.2014 06:54:37,211 - INFO  - Watchdog has been checked: 0 passed
14.07.2014 06:56:37,311 - INFO  - Watchdog has been checked: 0 passed
14.07.2014 06:58:37,346 - INFO  - Watchdog has been checked: 0 passed
14.07.2014 07:00:37,184 - INFO  - Watchdog has been checked: 0 passed
14.07.2014 07:02:37,240 - INFO  - Watchdog has been checked: 0 passed
14.07.2014 07:04:37,262 - INFO  - Watchdog has been checked: 0 passed
14.07.2014 07:06:37,239 - INFO  - Watchdog has been checked: 0 passed
14.07.2014 07:08:37,297 - INFO  - Watchdog has been checked: 0 passed
14.07.2014 07:10:37,412 - INFO  - Watchdog has been checked: 0 passed
14.07.2014 07:12:37,217 - INFO  - Watchdog has been checked: 0 passed
14.07.2014 07:14:37,457 - INFO  - Watchdog has been checked: 0 passed
14.07.2014 07:15:01,405 - INFO  - mapping file sync started
14.07.2014 07:15:01,821 - INFO  - file successfully updated
14.07.2014 07:16:37,456 - INFO  - Watchdog has been checked: 0 passed
14.07.2014 07:18:37,231 - INFO  - Watchdog has been checked: 0 passed
14.07.2014 07:20:37,303 - INFO  - Watchdog has been checked: 0 passed
14.07.2014 07:22:37,371 - INFO  - Watchdog has been checked: 0 passed
14.07.2014 07:24:37,311 - INFO  - Watchdog has been checked: 0 passed
14.07.2014 07:26:37,304 - INFO  - Watchdog has been checked: 0 passed
14.07.2014 07:28:37,040 - INFO  - Watchdog has been checked: 0 passed
14.07.2014 07:30:37,171 - INFO  - Watchdog has been checked: 0 passed
14.07.2014 07:32:37,241 - INFO  - Watchdog has been checked: 0 passed
14.07.2014 07:34:37,230 - INFO  - Watchdog has been checked: 0 passed
14.07.2014 07:36:37,222 - INFO  - Watchdog has been checked: 0 passed
14.07.2014 07:38:37,251 - INFO  - Watchdog has been checked: 0 passed
14.07.2014 07:40:37,273 - INFO  - Watchdog has been checked: 0 passed
14.07.2014 07:42:37,316 - INFO  - Watchdog has been checked: 0 passed
14.07.2014 07:44:37,328 - INFO  - Watchdog has been checked: 0 passed
14.07.2014 07:46:37,091 - INFO  - Watchdog has been checked: 0 passed
14.07.2014 07:48:37,140 - INFO  - Watchdog has been checked: 0 passed
14.07.2014 07:50:37,248 - INFO  - Watchdog has been checked: 0 passed
14.07.2014 07:52:37,107 - INFO  - Watchdog has been checked: 0 passed
14.07.2014 07:54:36,326 - INFO  - Watchdog has been checked: 0 passed
14.07.2014 07:56:36,138 - INFO  - Watchdog has been checked: 0 passed
14.07.2014 07:58:35,201 - INFO  - Watchdog has been checked: 0 passed
14.07.2014 08:00:35,259 - INFO  - Watchdog has been checked: 0 passed
14.07.2014 08:02:35,303 - INFO  - Watchdog has been checked: 0 passed
14.07.2014 08:04:35,274 - INFO  - Watchdog has been checked: 0 passed
14.07.2014 08:06:35,285 - INFO  - Watchdog has been checked: 0 passed
14.07.2014 08:08:35,316 - INFO  - Watchdog has been checked: 0 passed
14.07.2014 08:10:35,280 - INFO  - Watchdog has been checked: 0 passed
14.07.2014 08:12:35,366 - INFO  - Watchdog has been checked: 0 passed
14.07.2014 08:14:35,341 - INFO  - Watchdog has been checked: 0 passed
14.07.2014 08:16:35,333 - INFO  - Watchdog has been checked: 0 passed
14.07.2014 08:18:35,411 - INFO  - Watchdog has been checked: 0 passed
14.07.2014 08:20:35,407 - INFO  - Watchdog has been checked: 0 passed
14.07.2014 08:22:35,364 - INFO  - Watchdog has been checked: 0 passed
14.07.2014 08:24:35,331 - INFO  - Watchdog has been checked: 0 passed
14.07.2014 08:26:35,316 - INFO  - Watchdog has been checked: 0 passed
14.07.2014 08:28:35,135 - INFO  - Watchdog has been checked: 0 passed
14.07.2014 08:30:34,190 - INFO  - Watchdog has been checked: 0 passed
14.07.2014 08:32:34,235 - INFO  - Watchdog has been checked: 0 passed
14.07.2014 08:34:34,362 - INFO  - Watchdog has been checked: 0 passed
14.07.2014 08:36:34,221 - INFO  - Watchdog has been checked: 0 passed
14.07.2014 08:38:34,217 - INFO  - Watchdog has been checked: 0 passed
14.07.2014 08:40:34,122 - INFO  - Watchdog has been checked: 0 passed
14.07.2014 08:42:33,911 - INFO  - Watchdog has been checked: 0 passed
14.07.2014 08:44:33,147 - INFO  - Watchdog has been checked: 0 passed
14.07.2014 08:46:33,258 - INFO  - Watchdog has been checked: 0 passed
14.07.2014 08:48:33,618 - INFO  - Watchdog has been checked: 0 passed
14.07.2014 08:50:33,312 - INFO  - Watchdog has been checked: 0 passed
14.07.2014 08:52:33,156 - INFO  - Watchdog has been checked: 0 passed
14.07.2014 08:54:33,132 - INFO  - Watchdog has been checked: 0 passed
14.07.2014 08:56:33,326 - INFO  - Watchdog has been checked: 0 passed
14.07.2014 08:58:33,154 - INFO  - Watchdog has been checked: 0 passed
14.07.2014 09:00:33,236 - INFO  - Watchdog has been checked: 0 passed
14.07.2014 09:02:33,315 - INFO  - Watchdog has been checked: 0 passed
14.07.2014 09:04:33,303 - INFO  - Watchdog has been checked: 0 passed
14.07.2014 09:06:33,307 - INFO  - Watchdog has been checked: 0 passed
14.07.2014 09:08:33,346 - INFO  - Watchdog has been checked: 0 passed
14.07.2014 09:10:33,205 - INFO  - Watchdog has been checked: 0 passed
14.07.2014 09:12:33,258 - INFO  - Watchdog has been checked: 0 passed
14.07.2014 09:14:34,113 - INFO  - Watchdog has been checked: 0 passed
14.07.2014 09:16:34,104 - INFO  - Watchdog has been checked: 0 passed
14.07.2014 09:18:34,316 - INFO  - Watchdog has been checked: 0 passed
14.07.2014 09:20:34,355 - INFO  - Watchdog has been checked: 0 passed
14.07.2014 09:22:34,372 - INFO  - Watchdog has been checked: 0 passed
14.07.2014 09:24:34,328 - INFO  - Watchdog has been checked: 0 passed
14.07.2014 09:26:34,347 - INFO  - Watchdog has been checked: 0 passed
14.07.2014 09:28:34,118 - INFO  - Watchdog has been checked: 0 passed
14.07.2014 09:30:34,233 - INFO  - Watchdog has been checked: 0 passed
14.07.2014 09:32:34,258 - INFO  - Watchdog has been checked: 0 passed
14.07.2014 09:34:34,257 - INFO  - Watchdog has been checked: 0 passed
14.07.2014 09:36:35,816 - INFO  - Watchdog has been checked: 0 passed
14.07.2014 09:38:35,316 - INFO  - Watchdog has been checked: 0 passed
14.07.2014 09:40:35,170 - INFO  - Watchdog has been checked: 0 passed
14.07.2014 09:42:35,167 - INFO  - Watchdog has been checked: 0 passed
14.07.2014 09:44:37,089 - INFO  - Watchdog has been checked: 0 passed
14.07.2014 09:46:36,197 - INFO  - Watchdog has been checked: 0 passed
14.07.2014 09:48:36,238 - INFO  - Watchdog has been checked: 0 passed
14.07.2014 09:50:36,046 - INFO  - Watchdog has been checked: 0 passed
14.07.2014 09:52:35,127 - INFO  - Watchdog has been checked: 0 passed
14.07.2014 09:54:35,100 - INFO  - Watchdog has been checked: 0 passed
14.07.2014 09:56:35,969 - INFO  - Watchdog has been checked: 0 passed
14.07.2014 09:58:35,185 - INFO  - Watchdog has been checked: 0 passed
14.07.2014 10:00:35,215 - INFO  - Watchdog has been checked: 0 passed
14.07.2014 10:02:35,102 - INFO  - Watchdog has been checked: 0 passed
14.07.2014 10:04:34,268 - INFO  - Watchdog has been checked: 0 passed
14.07.2014 10:06:34,301 - INFO  - Watchdog has been checked: 0 passed
14.07.2014 10:08:34,345 - INFO  - Watchdog has been checked: 0 passed
14.07.2014 10:10:34,148 - INFO  - Watchdog has been checked: 0 passed
14.07.2014 10:12:33,258 - INFO  - Watchdog has been checked: 0 passed
14.07.2014 10:14:33,163 - INFO  - Watchdog has been checked: 0 passed
14.07.2014 10:16:32,141 - INFO  - Watchdog has been checked: 0 passed
14.07.2014 10:18:31,049 - INFO  - Watchdog has been checked: 0 passed
14.07.2014 10:20:30,250 - INFO  - Watchdog has been checked: 0 passed
14.07.2014 10:22:30,041 - INFO  - Watchdog has been checked: 0 passed
14.07.2014 10:24:29,184 - INFO  - Watchdog has been checked: 0 passed
14.07.2014 10:26:28,189 - INFO  - Watchdog has been checked: 0 passed
14.07.2014 10:28:27,276 - INFO  - Watchdog has been checked: 0 passed
14.07.2014 10:30:27,186 - INFO  - Watchdog has been checked: 0 passed
14.07.2014 10:32:27,253 - INFO  - Watchdog has been checked: 0 passed
14.07.2014 10:34:27,215 - INFO  - Watchdog has been checked: 0 passed
14.07.2014 10:36:27,273 - INFO  - Watchdog has been checked: 0 passed
14.07.2014 10:38:27,389 - INFO  - Watchdog has been checked: 0 passed
14.07.2014 10:40:27,164 - INFO  - Watchdog has been checked: 0 passed
14.07.2014 10:42:27,282 - INFO  - Watchdog has been checked: 0 passed
14.07.2014 10:44:27,229 - INFO  - Watchdog has been checked: 0 passed
14.07.2014 10:46:27,269 - INFO  - Watchdog has been checked: 0 passed
14.07.2014 10:48:27,362 - INFO  - Watchdog has been checked: 0 passed
14.07.2014 10:50:27,212 - INFO  - Watchdog has been checked: 0 passed
14.07.2014 10:52:27,298 - INFO  - Watchdog has been checked: 0 passed
14.07.2014 10:54:27,298 - INFO  - Watchdog has been checked: 0 passed
14.07.2014 10:56:27,332 - INFO  - Watchdog has been checked: 0 passed
14.07.2014 10:58:27,405 - INFO  - Watchdog has been checked: 0 passed
14.07.2014 11:00:27,232 - INFO  - Watchdog has been checked: 0 passed
14.07.2014 11:02:27,345 - INFO  - Watchdog has been checked: 0 passed
14.07.2014 11:04:27,378 - INFO  - Watchdog has been checked: 0 passed
14.07.2014 11:06:27,354 - INFO  - Watchdog has been checked: 0 passed
14.07.2014 11:08:27,399 - INFO  - Watchdog has been checked: 0 passed
14.07.2014 11:10:27,229 - INFO  - Watchdog has been checked: 0 passed
14.07.2014 11:12:27,231 - INFO  - Watchdog has been checked: 0 passed
14.07.2014 11:14:27,234 - INFO  - Watchdog has been checked: 0 passed
14.07.2014 11:16:27,208 - INFO  - Watchdog has been checked: 0 passed
14.07.2014 11:18:27,277 - INFO  - Watchdog has been checked: 0 passed
14.07.2014 11:20:27,116 - INFO  - Watchdog has been checked: 0 passed
14.07.2014 11:22:27,114 - INFO  - Watchdog has been checked: 0 passed
14.07.2014 11:24:27,103 - INFO  - Watchdog has been checked: 0 passed
14.07.2014 11:26:27,067 - INFO  - Watchdog has been checked: 0 passed
14.07.2014 11:28:26,075 - INFO  - Watchdog has been checked: 0 passed
14.07.2014 11:30:24,968 - INFO  - Watchdog has been checked: 0 passed
14.07.2014 11:32:24,018 - INFO  - Watchdog has been checked: 0 passed
14.07.2014 11:34:22,969 - INFO  - Watchdog has been checked: 0 passed
14.07.2014 11:36:22,074 - INFO  - Watchdog has been checked: 0 passed
14.07.2014 11:38:22,073 - INFO  - Watchdog has been checked: 0 passed
14.07.2014 11:40:21,075 - INFO  - Watchdog has been checked: 0 passed
14.07.2014 11:42:20,081 - INFO  - Watchdog has been checked: 0 passed
14.07.2014 11:44:19,053 - INFO  - Watchdog has been checked: 0 passed
14.07.2014 11:46:18,298 - INFO  - Watchdog has been checked: 0 passed
14.07.2014 11:48:18,234 - INFO  - Watchdog has been checked: 0 passed
14.07.2014 11:50:18,134 - INFO  - Watchdog has been checked: 0 passed
14.07.2014 11:52:18,166 - INFO  - Watchdog has been checked: 0 passed
14.07.2014 11:54:18,166 - INFO  - Watchdog has been checked: 0 passed
14.07.2014 11:56:18,240 - INFO  - Watchdog has been checked: 0 passed
14.07.2014 11:58:18,306 - INFO  - Watchdog has been checked: 0 passed
14.07.2014 12:00:18,172 - INFO  - Watchdog has been checked: 0 passed
14.07.2014 12:02:18,170 - INFO  - Watchdog has been checked: 0 passed
14.07.2014 12:04:18,184 - INFO  - Watchdog has been checked: 0 passed
14.07.2014 12:06:18,177 - INFO  - Watchdog has been checked: 0 passed
14.07.2014 12:08:18,232 - INFO  - Watchdog has been checked: 0 passed
14.07.2014 12:10:18,244 - INFO  - Watchdog has been checked: 0 passed
14.07.2014 12:12:18,238 - INFO  - Watchdog has been checked: 0 passed
14.07.2014 12:14:18,255 - INFO  - Watchdog has been checked: 0 passed
14.07.2014 12:16:18,296 - INFO  - Watchdog has been checked: 0 passed
14.07.2014 12:18:18,393 - INFO  - Watchdog has been checked: 0 passed
14.07.2014 12:20:18,275 - INFO  - Watchdog has been checked: 0 passed
14.07.2014 12:22:18,222 - INFO  - Watchdog has been checked: 0 passed
14.07.2014 12:24:18,299 - INFO  - Watchdog has been checked: 0 passed
14.07.2014 12:26:18,419 - INFO  - Watchdog has been checked: 0 passed
14.07.2014 12:28:18,410 - INFO  - Watchdog has been checked: 0 passed
14.07.2014 12:30:18,245 - INFO  - Watchdog has been checked: 0 passed
14.07.2014 12:32:18,284 - INFO  - Watchdog has been checked: 0 passed
14.07.2014 12:34:18,338 - INFO  - Watchdog has been checked: 0 passed
14.07.2014 12:36:18,371 - INFO  - Watchdog has been checked: 0 passed
14.07.2014 12:38:18,383 - INFO  - Watchdog has been checked: 0 passed
14.07.2014 12:40:18,452 - INFO  - Watchdog has been checked: 0 passed
14.07.2014 12:42:18,474 - INFO  - Watchdog has been checked: 0 passed
14.07.2014 12:44:18,198 - INFO  - Watchdog has been checked: 0 passed
14.07.2014 12:46:18,223 - INFO  - Watchdog has been checked: 0 passed
14.07.2014 12:48:18,294 - INFO  - Watchdog has been checked: 0 passed
14.07.2014 12:50:18,325 - INFO  - Watchdog has been checked: 0 passed
14.07.2014 12:52:18,330 - INFO  - Watchdog has been checked: 0 passed
14.07.2014 12:54:18,292 - INFO  - Watchdog has been checked: 0 passed
14.07.2014 12:56:18,126 - INFO  - Watchdog has been checked: 0 passed
14.07.2014 12:58:17,177 - INFO  - Watchdog has been checked: 0 passed
14.07.2014 13:00:17,187 - INFO  - Watchdog has been checked: 0 passed
14.07.2014 13:02:16,018 - INFO  - Watchdog has been checked: 0 passed
14.07.2014 13:04:15,013 - INFO  - Watchdog has been checked: 0 passed
14.07.2014 13:06:14,005 - INFO  - Watchdog has been checked: 0 passed
14.07.2014 13:08:13,093 - INFO  - Watchdog has been checked: 0 passed
14.07.2014 13:10:11,929 - INFO  - Watchdog has been checked: 0 passed
14.07.2014 13:12:11,168 - INFO  - Watchdog has been checked: 0 passed
14.07.2014 13:14:10,948 - INFO  - Watchdog has been checked: 0 passed
14.07.2014 13:16:09,965 - INFO  - Watchdog has been checked: 0 passed
14.07.2014 13:18:09,349 - INFO  - Watchdog has been checked: 0 passed
14.07.2014 13:20:08,145 - INFO  - Watchdog has been checked: 0 passed
14.07.2014 13:22:08,115 - INFO  - Watchdog has been checked: 0 passed
14.07.2014 13:23:47,418 - INFO  - searcher identified --- respT: 21ms, 5283 results, web:(PSIWeb), q=, 
14.07.2014 13:23:52,675 - INFO  - searcher identified --- respT: 23ms, 130 results, web:(PSIWeb), q=sync, 
14.07.2014 13:24:08,210 - INFO  - Watchdog has been checked: 0 passed
14.07.2014 13:24:40,780 - INFO  - searcher identified --- respT: 39ms, 10 results, web:(PSIWeb), date:[NOW-1MONTH TO NOW], q=sync, 
14.07.2014 13:24:51,866 - INFO  - searcher identified --- respT: 19ms, 3 results, web:(PSIWeb), date:[NOW/DAY-7DAY TO NOW], q=sync, 
14.07.2014 13:26:08,181 - INFO  - Watchdog has been checked: 0 passed
14.07.2014 13:28:08,071 - INFO  - Watchdog has been checked: 0 passed
14.07.2014 13:30:08,140 - INFO  - Watchdog has been checked: 0 passed
14.07.2014 13:32:08,124 - INFO  - Watchdog has been checked: 0 passed
14.07.2014 13:34:08,116 - INFO  - Watchdog has been checked: 0 passed
14.07.2014 13:36:08,165 - INFO  - Watchdog has been checked: 0 passed
14.07.2014 13:38:08,279 - INFO  - Watchdog has been checked: 0 passed
14.07.2014 13:40:08,164 - INFO  - Watchdog has been checked: 0 passed
14.07.2014 13:42:08,125 - INFO  - Watchdog has been checked: 0 passed
14.07.2014 13:44:08,176 - INFO  - Watchdog has been checked: 0 passed
14.07.2014 13:46:08,265 - INFO  - Watchdog has been checked: 0 passed
14.07.2014 13:48:08,286 - INFO  - Watchdog has been checked: 0 passed
14.07.2014 13:50:08,189 - INFO  - Watchdog has been checked: 0 passed
14.07.2014 13:52:08,182 - INFO  - Watchdog has been checked: 0 passed
14.07.2014 13:54:08,266 - INFO  - Watchdog has been checked: 0 passed
14.07.2014 13:56:08,225 - INFO  - Watchdog has been checked: 0 passed
14.07.2014 13:58:08,253 - INFO  - Watchdog has been checked: 0 passed
14.07.2014 14:00:08,338 - INFO  - Watchdog has been checked: 0 passed
14.07.2014 14:02:08,357 - INFO  - Watchdog has been checked: 0 passed
14.07.2014 14:04:08,405 - INFO  - Watchdog has been checked: 0 passed
14.07.2014 14:06:08,385 - INFO  - Watchdog has been checked: 0 passed
14.07.2014 14:08:08,418 - INFO  - Watchdog has been checked: 0 passed
14.07.2014 14:10:08,294 - INFO  - Watchdog has been checked: 0 passed
14.07.2014 14:12:08,259 - INFO  - Watchdog has been checked: 0 passed
14.07.2014 14:14:08,292 - INFO  - Watchdog has been checked: 0 passed
14.07.2014 14:16:08,264 - INFO  - Watchdog has been checked: 0 passed
14.07.2014 14:18:08,270 - INFO  - Watchdog has been checked: 0 passed
14.07.2014 14:20:07,896 - INFO  - Watchdog has been checked: 0 passed
14.07.2014 14:22:08,429 - INFO  - Watchdog has been checked: 0 passed
14.07.2014 14:24:07,798 - INFO  - Watchdog has been checked: 0 passed
14.07.2014 14:26:07,613 - INFO  - Watchdog has been checked: 0 passed
14.07.2014 14:28:08,240 - INFO  - Watchdog has been checked: 0 passed
14.07.2014 14:30:08,297 - INFO  - Watchdog has been checked: 0 passed
14.07.2014 14:32:07,641 - INFO  - Watchdog has been checked: 0 passed
14.07.2014 14:34:07,618 - INFO  - Watchdog has been checked: 0 passed
14.07.2014 14:36:08,017 - INFO  - Watchdog has been checked: 0 passed
14.07.2014 14:38:07,931 - INFO  - Watchdog has been checked: 0 passed
14.07.2014 14:40:07,621 - INFO  - Watchdog has been checked: 0 passed
14.07.2014 14:42:07,237 - INFO  - Watchdog has been checked: 0 passed
14.07.2014 14:44:06,696 - INFO  - Watchdog has been checked: 0 passed
14.07.2014 14:46:06,052 - INFO  - Watchdog has been checked: 0 passed
14.07.2014 14:48:05,893 - INFO  - Watchdog has been checked: 0 passed
14.07.2014 14:50:06,252 - INFO  - Watchdog has been checked: 0 passed
14.07.2014 14:52:06,011 - INFO  - Watchdog has been checked: 0 passed
14.07.2014 14:54:05,158 - INFO  - Watchdog has been checked: 0 passed
14.07.2014 14:56:05,098 - INFO  - Watchdog has been checked: 0 passed
14.07.2014 14:58:04,059 - INFO  - Watchdog has been checked: 0 passed
14.07.2014 15:00:04,232 - INFO  - Watchdog has been checked: 0 passed
14.07.2014 15:02:04,435 - INFO  - Watchdog has been checked: 0 passed
14.07.2014 15:04:04,431 - INFO  - Watchdog has been checked: 0 passed
14.07.2014 15:06:04,224 - INFO  - Watchdog has been checked: 0 passed
14.07.2014 15:08:04,189 - INFO  - Watchdog has been checked: 0 passed
14.07.2014 15:10:05,263 - INFO  - Watchdog has been checked: 0 passed
14.07.2014 15:12:05,094 - INFO  - Watchdog has been checked: 0 passed
14.07.2014 15:14:05,269 - INFO  - Watchdog has been checked: 0 passed
14.07.2014 15:16:05,225 - INFO  - Watchdog has been checked: 0 passed
14.07.2014 15:18:05,229 - INFO  - Watchdog has been checked: 0 passed
14.07.2014 15:20:05,265 - INFO  - Watchdog has been checked: 0 passed
14.07.2014 15:22:05,479 - INFO  - Watchdog has been checked: 0 passed
14.07.2014 15:24:05,240 - INFO  - Watchdog has been checked: 0 passed
14.07.2014 15:26:05,356 - INFO  - Watchdog has been checked: 0 passed
14.07.2014 15:28:05,196 - INFO  - Watchdog has been checked: 0 passed
14.07.2014 15:30:05,228 - INFO  - Watchdog has been checked: 0 passed
14.07.2014 15:32:05,260 - INFO  - Watchdog has been checked: 0 passed
14.07.2014 15:34:05,218 - INFO  - Watchdog has been checked: 0 passed
14.07.2014 15:36:05,313 - INFO  - Watchdog has been checked: 0 passed
14.07.2014 15:38:05,089 - INFO  - Watchdog has been checked: 0 passed
14.07.2014 15:40:04,137 - INFO  - Watchdog has been checked: 0 passed
14.07.2014 15:42:05,666 - INFO  - Watchdog has been checked: 0 passed
14.07.2014 15:44:05,214 - INFO  - Watchdog has been checked: 0 passed
14.07.2014 15:46:05,233 - INFO  - Watchdog has been checked: 0 passed
14.07.2014 15:48:05,352 - INFO  - Watchdog has been checked: 0 passed
14.07.2014 15:50:05,392 - INFO  - Watchdog has been checked: 0 passed
14.07.2014 15:52:05,286 - INFO  - Watchdog has been checked: 0 passed
14.07.2014 15:54:05,408 - INFO  - Watchdog has been checked: 0 passed
14.07.2014 15:56:05,222 - INFO  - Watchdog has been checked: 0 passed
14.07.2014 15:58:05,259 - INFO  - Watchdog has been checked: 0 passed
14.07.2014 16:00:05,317 - INFO  - Watchdog has been checked: 0 passed
14.07.2014 16:02:05,342 - INFO  - Watchdog has been checked: 0 passed
14.07.2014 16:04:05,349 - INFO  - Watchdog has been checked: 0 passed
14.07.2014 16:06:05,336 - INFO  - Watchdog has been checked: 0 passed
14.07.2014 16:08:05,101 - INFO  - Watchdog has been checked: 0 passed
14.07.2014 16:10:05,197 - INFO  - Watchdog has been checked: 0 passed
14.07.2014 16:12:07,376 - INFO  - Watchdog has been checked: 0 passed
14.07.2014 16:14:07,342 - INFO  - Watchdog has been checked: 0 passed
14.07.2014 16:16:07,000 - INFO  - Watchdog has been checked: 0 passed
14.07.2014 16:18:07,112 - INFO  - Watchdog has been checked: 0 passed
14.07.2014 16:20:07,053 - INFO  - Watchdog has been checked: 0 passed
14.07.2014 16:22:07,442 - INFO  - Watchdog has been checked: 0 passed
14.07.2014 16:24:07,055 - INFO  - Watchdog has been checked: 0 passed
14.07.2014 16:26:07,090 - INFO  - Watchdog has been checked: 0 passed
14.07.2014 16:28:07,080 - INFO  - Watchdog has been checked: 0 passed
14.07.2014 16:30:07,041 - INFO  - Watchdog has been checked: 0 passed
14.07.2014 16:32:07,320 - INFO  - Watchdog has been checked: 0 passed
14.07.2014 16:34:07,099 - INFO  - Watchdog has been checked: 0 passed
14.07.2014 16:36:07,219 - INFO  - Watchdog has been checked: 0 passed
14.07.2014 16:38:07,194 - INFO  - Watchdog has been checked: 0 passed
14.07.2014 16:40:07,103 - INFO  - Watchdog has been checked: 0 passed
14.07.2014 16:42:07,302 - INFO  - Watchdog has been checked: 0 passed
14.07.2014 16:44:07,153 - INFO  - Watchdog has been checked: 0 passed
14.07.2014 16:46:06,990 - INFO  - Watchdog has been checked: 0 passed
14.07.2014 16:48:06,006 - INFO  - Watchdog has been checked: 0 passed
14.07.2014 16:50:05,119 - INFO  - Watchdog has been checked: 0 passed
14.07.2014 16:52:05,179 - INFO  - Watchdog has been checked: 0 passed
14.07.2014 16:54:04,123 - INFO  - Watchdog has been checked: 0 passed
14.07.2014 16:56:03,265 - INFO  - Watchdog has been checked: 0 passed
14.07.2014 16:58:03,309 - INFO  - Watchdog has been checked: 0 passed
14.07.2014 17:00:03,169 - INFO  - Watchdog has been checked: 0 passed
14.07.2014 17:02:03,400 - INFO  - Watchdog has been checked: 0 passed
14.07.2014 17:04:03,419 - INFO  - Watchdog has been checked: 0 passed
14.07.2014 17:06:05,164 - INFO  - Watchdog has been checked: 0 passed
14.07.2014 17:08:04,349 - INFO  - Watchdog has been checked: 0 passed
14.07.2014 17:10:04,192 - INFO  - Watchdog has been checked: 0 passed
14.07.2014 17:12:03,392 - INFO  - Watchdog has been checked: 0 passed
14.07.2014 17:14:07,429 - INFO  - Watchdog has been checked: 0 passed
14.07.2014 17:16:07,256 - INFO  - Watchdog has been checked: 0 passed
14.07.2014 17:18:07,314 - INFO  - Watchdog has been checked: 0 passed
14.07.2014 17:20:07,454 - INFO  - Watchdog has been checked: 0 passed
14.07.2014 17:22:07,518 - INFO  - Watchdog has been checked: 0 passed
14.07.2014 17:24:07,455 - INFO  - Watchdog has been checked: 0 passed
14.07.2014 17:26:07,493 - INFO  - Watchdog has been checked: 0 passed
14.07.2014 17:28:07,522 - INFO  - Watchdog has been checked: 0 passed
14.07.2014 17:30:07,343 - INFO  - Watchdog has been checked: 0 passed
14.07.2014 17:32:07,498 - INFO  - Watchdog has been checked: 0 passed
14.07.2014 17:34:07,290 - INFO  - Watchdog has been checked: 0 passed
14.07.2014 17:36:07,321 - INFO  - Watchdog has been checked: 0 passed
14.07.2014 17:38:07,114 - INFO  - Watchdog has been checked: 0 passed
14.07.2014 17:40:07,116 - INFO  - Watchdog has been checked: 0 passed
14.07.2014 17:42:07,340 - INFO  - Watchdog has been checked: 0 passed
14.07.2014 17:44:07,195 - INFO  - Watchdog has been checked: 0 passed
14.07.2014 17:46:07,047 - INFO  - Watchdog has been checked: 0 passed
14.07.2014 17:48:06,098 - INFO  - Watchdog has been checked: 0 passed
14.07.2014 17:50:06,128 - INFO  - Watchdog has been checked: 0 passed
14.07.2014 17:52:06,161 - INFO  - Watchdog has been checked: 0 passed
14.07.2014 17:54:06,150 - INFO  - Watchdog has been checked: 0 passed
14.07.2014 17:56:06,169 - INFO  - Watchdog has been checked: 0 passed
14.07.2014 17:58:06,287 - INFO  - Watchdog has been checked: 0 passed
14.07.2014 18:00:06,100 - INFO  - Watchdog has been checked: 0 passed
14.07.2014 18:02:06,131 - INFO  - Watchdog has been checked: 0 passed
14.07.2014 18:04:06,116 - INFO  - Watchdog has been checked: 0 passed
14.07.2014 18:06:06,160 - INFO  - Watchdog has been checked: 0 passed
14.07.2014 18:08:06,277 - INFO  - Watchdog has been checked: 0 passed
14.07.2014 18:10:06,073 - INFO  - Watchdog has been checked: 0 passed
14.07.2014 18:12:05,067 - INFO  - Watchdog has been checked: 0 passed
14.07.2014 18:14:04,068 - INFO  - Watchdog has been checked: 0 passed
14.07.2014 18:16:07,092 - INFO  - Watchdog has been checked: 0 passed
14.07.2014 18:18:06,187 - INFO  - Watchdog has been checked: 0 passed
14.07.2014 18:20:06,298 - INFO  - Watchdog has been checked: 0 passed
14.07.2014 18:22:06,260 - INFO  - Watchdog has been checked: 0 passed
14.07.2014 18:24:06,244 - INFO  - Watchdog has been checked: 0 passed
14.07.2014 18:26:06,276 - INFO  - Watchdog has been checked: 0 passed
14.07.2014 18:28:07,391 - INFO  - Watchdog has been checked: 0 passed
14.07.2014 18:30:07,244 - INFO  - Watchdog has been checked: 0 passed
14.07.2014 18:32:07,214 - INFO  - Watchdog has been checked: 0 passed
14.07.2014 18:34:07,337 - INFO  - Watchdog has been checked: 0 passed
14.07.2014 18:36:07,296 - INFO  - Watchdog has been checked: 0 passed
14.07.2014 18:38:07,446 - INFO  - Watchdog has been checked: 0 passed
14.07.2014 18:40:07,300 - INFO  - Watchdog has been checked: 0 passed
14.07.2014 18:42:07,204 - INFO  - Watchdog has been checked: 0 passed
14.07.2014 18:44:07,303 - INFO  - Watchdog has been checked: 0 passed
14.07.2014 18:46:07,297 - INFO  - Watchdog has been checked: 0 passed
14.07.2014 18:48:07,406 - INFO  - Watchdog has been checked: 0 passed
14.07.2014 18:50:07,411 - INFO  - Watchdog has been checked: 0 passed
14.07.2014 18:52:07,982 - INFO  - Watchdog has been checked: 0 passed
14.07.2014 18:54:07,388 - INFO  - Watchdog has been checked: 0 passed
14.07.2014 18:56:07,500 - INFO  - Watchdog has been checked: 0 passed
14.07.2014 18:58:07,504 - INFO  - Watchdog has been checked: 0 passed
14.07.2014 19:00:07,376 - INFO  - Watchdog has been checked: 0 passed
14.07.2014 19:02:07,585 - INFO  - Watchdog has been checked: 0 passed
14.07.2014 19:04:07,178 - INFO  - Watchdog has been checked: 0 passed
14.07.2014 19:06:07,322 - INFO  - Watchdog has been checked: 0 passed
14.07.2014 19:08:07,253 - INFO  - Watchdog has been checked: 0 passed
14.07.2014 19:10:07,147 - INFO  - Watchdog has been checked: 0 passed
14.07.2014 19:12:07,359 - INFO  - Watchdog has been checked: 0 passed
14.07.2014 19:14:07,243 - INFO  - Watchdog has been checked: 0 passed
14.07.2014 19:16:07,149 - INFO  - Watchdog has been checked: 0 passed
14.07.2014 19:18:07,279 - INFO  - Watchdog has been checked: 0 passed
14.07.2014 19:20:06,938 - INFO  - Watchdog has been checked: 0 passed
14.07.2014 19:22:07,429 - INFO  - Watchdog has been checked: 0 passed
14.07.2014 19:24:07,071 - INFO  - Watchdog has been checked: 0 passed
14.07.2014 19:26:07,046 - INFO  - Watchdog has been checked: 0 passed
14.07.2014 19:28:07,050 - INFO  - Watchdog has been checked: 0 passed
14.07.2014 19:30:06,906 - INFO  - Watchdog has been checked: 0 passed
14.07.2014 19:32:05,938 - INFO  - Watchdog has been checked: 0 passed
14.07.2014 19:34:04,839 - INFO  - Watchdog has been checked: 0 passed
14.07.2014 19:36:03,972 - INFO  - Watchdog has been checked: 0 passed
14.07.2014 19:38:02,991 - INFO  - Watchdog has been checked: 0 passed
14.07.2014 19:40:02,038 - INFO  - Watchdog has been checked: 0 passed
14.07.2014 19:42:01,058 - INFO  - Watchdog has been checked: 0 passed
14.07.2014 19:44:00,061 - INFO  - Watchdog has been checked: 0 passed
14.07.2014 19:45:59,162 - INFO  - Watchdog has been checked: 0 passed
14.07.2014 19:47:57,992 - INFO  - Watchdog has been checked: 0 passed
14.07.2014 19:49:57,146 - INFO  - Watchdog has been checked: 0 passed
14.07.2014 19:51:57,159 - INFO  - Watchdog has been checked: 0 passed
14.07.2014 19:53:57,136 - INFO  - Watchdog has been checked: 0 passed
14.07.2014 19:55:57,252 - INFO  - Watchdog has been checked: 0 passed
14.07.2014 19:57:57,333 - INFO  - Watchdog has been checked: 0 passed
14.07.2014 19:59:57,355 - INFO  - Watchdog has been checked: 0 passed
14.07.2014 20:01:57,356 - INFO  - Watchdog has been checked: 0 passed
14.07.2014 20:03:57,364 - INFO  - Watchdog has been checked: 0 passed
14.07.2014 20:05:57,186 - INFO  - Watchdog has been checked: 0 passed
14.07.2014 20:07:57,208 - INFO  - Watchdog has been checked: 0 passed
14.07.2014 20:09:57,210 - INFO  - Watchdog has been checked: 0 passed
14.07.2014 20:11:57,211 - INFO  - Watchdog has been checked: 0 passed
14.07.2014 20:13:57,268 - INFO  - Watchdog has been checked: 0 passed
14.07.2014 20:15:57,267 - INFO  - Watchdog has been checked: 0 passed
14.07.2014 20:17:57,110 - INFO  - Watchdog has been checked: 0 passed
14.07.2014 20:19:57,131 - INFO  - Watchdog has been checked: 0 passed
14.07.2014 20:21:57,096 - INFO  - Watchdog has been checked: 0 passed
14.07.2014 20:23:57,200 - INFO  - Watchdog has been checked: 0 passed
14.07.2014 20:25:57,160 - INFO  - Watchdog has been checked: 0 passed
14.07.2014 20:27:57,300 - INFO  - Watchdog has been checked: 0 passed
14.07.2014 20:29:57,067 - INFO  - Watchdog has been checked: 0 passed
14.07.2014 20:31:57,072 - INFO  - Watchdog has been checked: 0 passed
14.07.2014 20:33:57,191 - INFO  - Watchdog has been checked: 0 passed
14.07.2014 20:35:57,065 - INFO  - Watchdog has been checked: 0 passed
14.07.2014 20:37:57,109 - INFO  - Watchdog has been checked: 0 passed
14.07.2014 20:39:57,196 - INFO  - Watchdog has been checked: 0 passed
14.07.2014 20:41:57,111 - INFO  - Watchdog has been checked: 0 passed
14.07.2014 20:43:57,224 - INFO  - Watchdog has been checked: 0 passed
14.07.2014 20:45:57,307 - INFO  - Watchdog has been checked: 0 passed
14.07.2014 20:47:57,067 - INFO  - Watchdog has been checked: 0 passed
14.07.2014 20:49:57,158 - INFO  - Watchdog has been checked: 0 passed
14.07.2014 20:51:57,181 - INFO  - Watchdog has been checked: 0 passed
14.07.2014 20:53:57,180 - INFO  - Watchdog has been checked: 0 passed
14.07.2014 20:55:57,199 - INFO  - Watchdog has been checked: 0 passed
14.07.2014 20:57:57,204 - INFO  - Watchdog has been checked: 0 passed
14.07.2014 20:59:57,133 - INFO  - Watchdog has been checked: 0 passed
14.07.2014 21:01:57,301 - INFO  - Watchdog has been checked: 0 passed
14.07.2014 21:03:57,146 - INFO  - Watchdog has been checked: 0 passed
14.07.2014 21:05:57,218 - INFO  - Watchdog has been checked: 0 passed
14.07.2014 21:07:57,222 - INFO  - Watchdog has been checked: 0 passed
14.07.2014 21:09:57,301 - INFO  - Watchdog has been checked: 0 passed
14.07.2014 21:11:57,290 - INFO  - Watchdog has been checked: 0 passed
14.07.2014 21:13:57,333 - INFO  - Watchdog has been checked: 0 passed
14.07.2014 21:15:57,655 - INFO  - Watchdog has been checked: 0 passed
14.07.2014 21:17:57,202 - INFO  - Watchdog has been checked: 0 passed
14.07.2014 21:19:57,300 - INFO  - Watchdog has been checked: 0 passed
14.07.2014 21:21:57,298 - INFO  - Watchdog has been checked: 0 passed
14.07.2014 21:23:57,264 - INFO  - Watchdog has been checked: 0 passed
14.07.2014 21:25:57,377 - INFO  - Watchdog has been checked: 0 passed
14.07.2014 21:27:57,354 - INFO  - Watchdog has been checked: 0 passed
14.07.2014 21:29:57,110 - INFO  - Watchdog has been checked: 0 passed
14.07.2014 21:31:56,590 - INFO  - Watchdog has been checked: 0 passed
14.07.2014 21:33:56,199 - INFO  - Watchdog has been checked: 0 passed
14.07.2014 21:35:56,137 - INFO  - Watchdog has been checked: 0 passed
14.07.2014 21:37:55,352 - INFO  - Watchdog has been checked: 0 passed
14.07.2014 21:39:55,723 - INFO  - Watchdog has been checked: 0 passed
14.07.2014 21:41:55,028 - INFO  - Watchdog has been checked: 0 passed
14.07.2014 21:43:54,142 - INFO  - Watchdog has been checked: 0 passed
14.07.2014 21:45:54,220 - INFO  - Watchdog has been checked: 0 passed
14.07.2014 21:47:57,203 - INFO  - Watchdog has been checked: 0 passed
14.07.2014 21:49:57,262 - INFO  - Watchdog has been checked: 0 passed
14.07.2014 21:51:57,276 - INFO  - Watchdog has been checked: 0 passed
14.07.2014 21:53:57,041 - INFO  - Watchdog has been checked: 0 passed
14.07.2014 21:55:56,064 - INFO  - Watchdog has been checked: 0 passed
14.07.2014 21:57:55,013 - INFO  - Watchdog has been checked: 0 passed
14.07.2014 21:59:55,053 - INFO  - Watchdog has been checked: 0 passed
14.07.2014 22:01:55,003 - INFO  - Watchdog has been checked: 0 passed
14.07.2014 22:03:55,189 - INFO  - Watchdog has been checked: 0 passed
14.07.2014 22:05:54,979 - INFO  - Watchdog has been checked: 0 passed
14.07.2014 22:07:53,954 - INFO  - Watchdog has been checked: 0 passed
14.07.2014 22:09:54,097 - INFO  - Watchdog has been checked: 0 passed
14.07.2014 22:11:53,068 - INFO  - Watchdog has been checked: 0 passed
14.07.2014 22:13:52,038 - INFO  - Watchdog has been checked: 0 passed
14.07.2014 22:15:52,111 - INFO  - Watchdog has been checked: 0 passed
14.07.2014 22:17:52,154 - INFO  - Watchdog has been checked: 0 passed
14.07.2014 22:19:52,209 - INFO  - Watchdog has been checked: 0 passed
14.07.2014 22:21:52,158 - INFO  - Watchdog has been checked: 0 passed
14.07.2014 22:23:51,244 - INFO  - Watchdog has been checked: 0 passed
14.07.2014 22:25:51,071 - INFO  - Watchdog has been checked: 0 passed
14.07.2014 22:27:49,529 - INFO  - Watchdog has been checked: 0 passed
14.07.2014 22:29:49,530 - INFO  - Watchdog has been checked: 0 passed
14.07.2014 22:31:50,176 - INFO  - Watchdog has been checked: 0 passed
14.07.2014 22:33:49,592 - INFO  - Watchdog has been checked: 0 passed
14.07.2014 22:35:49,609 - INFO  - Watchdog has been checked: 0 passed
14.07.2014 22:37:49,710 - INFO  - Watchdog has been checked: 0 passed
14.07.2014 22:39:50,365 - INFO  - Watchdog has been checked: 0 passed
14.07.2014 22:41:49,752 - INFO  - Watchdog has been checked: 0 passed
14.07.2014 22:43:49,729 - INFO  - Watchdog has been checked: 0 passed
14.07.2014 22:45:49,850 - INFO  - Watchdog has been checked: 0 passed
14.07.2014 22:47:49,988 - INFO  - Watchdog has been checked: 0 passed
14.07.2014 22:49:50,034 - INFO  - Watchdog has been checked: 0 passed
14.07.2014 22:51:50,055 - INFO  - Watchdog has been checked: 0 passed
14.07.2014 22:53:50,240 - INFO  - Watchdog has been checked: 0 passed
14.07.2014 22:55:50,203 - INFO  - Watchdog has been checked: 0 passed
14.07.2014 22:57:50,161 - INFO  - Watchdog has been checked: 0 passed
14.07.2014 22:59:50,292 - INFO  - Watchdog has been checked: 0 passed
14.07.2014 23:01:50,315 - INFO  - Watchdog has been checked: 0 passed
14.07.2014 23:03:50,440 - INFO  - Watchdog has been checked: 0 passed
14.07.2014 23:05:50,425 - INFO  - Watchdog has been checked: 0 passed
14.07.2014 23:07:50,283 - INFO  - Watchdog has been checked: 0 passed
14.07.2014 23:09:50,234 - INFO  - Watchdog has been checked: 0 passed
14.07.2014 23:11:50,266 - INFO  - Watchdog has been checked: 0 passed
14.07.2014 23:13:50,305 - INFO  - Watchdog has been checked: 0 passed
14.07.2014 23:15:50,303 - INFO  - Watchdog has been checked: 0 passed
14.07.2014 23:17:50,398 - INFO  - Watchdog has been checked: 0 passed
14.07.2014 23:19:50,224 - INFO  - Watchdog has been checked: 0 passed
14.07.2014 23:21:50,354 - INFO  - Watchdog has been checked: 0 passed
14.07.2014 23:23:50,217 - INFO  - Watchdog has been checked: 0 passed
14.07.2014 23:25:50,298 - INFO  - Watchdog has been checked: 0 passed
14.07.2014 23:27:50,307 - INFO  - Watchdog has been checked: 0 passed
14.07.2014 23:29:50,382 - INFO  - Watchdog has been checked: 0 passed
14.07.2014 23:31:50,250 - INFO  - Watchdog has been checked: 0 passed
14.07.2014 23:33:50,063 - INFO  - Watchdog has been checked: 0 passed
14.07.2014 23:35:50,080 - INFO  - Watchdog has been checked: 0 passed
14.07.2014 23:37:50,087 - INFO  - Watchdog has been checked: 0 passed
14.07.2014 23:39:50,242 - INFO  - Watchdog has been checked: 0 passed
14.07.2014 23:41:50,146 - INFO  - Watchdog has been checked: 0 passed
14.07.2014 23:43:50,064 - INFO  - Watchdog has been checked: 0 passed
14.07.2014 23:45:49,111 - INFO  - Watchdog has been checked: 0 passed
14.07.2014 23:47:49,289 - INFO  - Watchdog has been checked: 0 passed
14.07.2014 23:49:49,173 - INFO  - Watchdog has been checked: 0 passed
14.07.2014 23:51:47,987 - INFO  - Watchdog has been checked: 0 passed
14.07.2014 23:53:47,091 - INFO  - Watchdog has been checked: 0 passed
14.07.2014 23:55:46,198 - INFO  - Watchdog has been checked: 0 passed
14.07.2014 23:57:46,042 - INFO  - Watchdog has been checked: 0 passed
14.07.2014 23:59:45,142 - INFO  - Watchdog has been checked: 0 passed
