11.06.2014 00:00:15,217 - INFO  - Watchdog has been checked: 0 passed
11.06.2014 00:02:15,214 - INFO  - Watchdog has been checked: 0 passed
11.06.2014 00:04:15,224 - INFO  - Watchdog has been checked: 0 passed
11.06.2014 00:06:15,286 - INFO  - Watchdog has been checked: 0 passed
11.06.2014 00:08:15,289 - INFO  - Watchdog has been checked: 0 passed
11.06.2014 00:10:15,185 - INFO  - Watchdog has been checked: 0 passed
11.06.2014 00:12:15,174 - INFO  - Watchdog has been checked: 0 passed
11.06.2014 00:14:15,174 - INFO  - Watchdog has been checked: 0 passed
11.06.2014 00:16:15,238 - INFO  - Watchdog has been checked: 0 passed
11.06.2014 00:18:15,234 - INFO  - Watchdog has been checked: 0 passed
11.06.2014 00:20:15,135 - INFO  - Watchdog has been checked: 0 passed
11.06.2014 00:22:15,169 - INFO  - Watchdog has been checked: 0 passed
11.06.2014 00:24:15,147 - INFO  - Watchdog has been checked: 0 passed
11.06.2014 00:26:15,215 - INFO  - Watchdog has been checked: 0 passed
11.06.2014 00:28:15,234 - INFO  - Watchdog has been checked: 0 passed
11.06.2014 00:30:15,136 - INFO  - Watchdog has been checked: 0 passed
11.06.2014 00:32:15,156 - INFO  - Watchdog has been checked: 0 passed
11.06.2014 00:34:15,387 - INFO  - Watchdog has been checked: 0 passed
11.06.2014 00:36:15,318 - INFO  - Watchdog has been checked: 0 passed
11.06.2014 00:38:15,364 - INFO  - Watchdog has been checked: 0 passed
11.06.2014 00:40:15,273 - INFO  - Watchdog has been checked: 0 passed
11.06.2014 00:42:15,252 - INFO  - Watchdog has been checked: 0 passed
11.06.2014 00:44:15,354 - INFO  - Watchdog has been checked: 0 passed
11.06.2014 00:46:15,248 - INFO  - Watchdog has been checked: 0 passed
11.06.2014 00:48:15,264 - INFO  - Watchdog has been checked: 0 passed
11.06.2014 00:50:15,374 - INFO  - Watchdog has been checked: 0 passed
11.06.2014 00:52:15,322 - INFO  - Watchdog has been checked: 0 passed
11.06.2014 00:54:15,400 - INFO  - Watchdog has been checked: 0 passed
11.06.2014 00:56:15,124 - INFO  - Watchdog has been checked: 0 passed
11.06.2014 00:58:15,237 - INFO  - Watchdog has been checked: 0 passed
11.06.2014 01:00:15,351 - INFO  - Watchdog has been checked: 0 passed
11.06.2014 01:02:15,267 - INFO  - Watchdog has been checked: 0 passed
11.06.2014 01:04:15,304 - INFO  - Watchdog has been checked: 0 passed
11.06.2014 01:06:15,099 - INFO  - Watchdog has been checked: 0 passed
11.06.2014 01:08:14,141 - INFO  - Watchdog has been checked: 0 passed
11.06.2014 01:10:14,241 - INFO  - Watchdog has been checked: 0 passed
11.06.2014 01:12:14,244 - INFO  - Watchdog has been checked: 0 passed
11.06.2014 01:14:14,225 - INFO  - Watchdog has been checked: 0 passed
11.06.2014 01:16:14,298 - INFO  - Watchdog has been checked: 0 passed
11.06.2014 01:18:14,069 - INFO  - Watchdog has been checked: 0 passed
11.06.2014 01:20:14,197 - INFO  - Watchdog has been checked: 0 passed
11.06.2014 01:22:14,216 - INFO  - Watchdog has been checked: 0 passed
11.06.2014 01:24:14,172 - INFO  - Watchdog has been checked: 0 passed
11.06.2014 01:26:14,245 - INFO  - Watchdog has been checked: 0 passed
11.06.2014 01:28:14,274 - INFO  - Watchdog has been checked: 0 passed
11.06.2014 01:30:14,155 - INFO  - Watchdog has been checked: 0 passed
11.06.2014 01:32:14,134 - INFO  - Watchdog has been checked: 0 passed
11.06.2014 01:34:14,205 - INFO  - Watchdog has been checked: 0 passed
11.06.2014 01:36:14,212 - INFO  - Watchdog has been checked: 0 passed
11.06.2014 01:38:14,251 - INFO  - Watchdog has been checked: 0 passed
11.06.2014 01:40:14,135 - INFO  - Watchdog has been checked: 0 passed
11.06.2014 01:42:14,140 - INFO  - Watchdog has been checked: 0 passed
11.06.2014 01:44:14,137 - INFO  - Watchdog has been checked: 0 passed
11.06.2014 01:46:14,217 - INFO  - Watchdog has been checked: 0 passed
11.06.2014 01:48:14,318 - INFO  - Watchdog has been checked: 0 passed
11.06.2014 01:50:14,223 - INFO  - Watchdog has been checked: 0 passed
11.06.2014 01:52:14,078 - INFO  - Watchdog has been checked: 0 passed
11.06.2014 01:54:14,091 - INFO  - Watchdog has been checked: 0 passed
11.06.2014 01:56:14,064 - INFO  - Watchdog has been checked: 0 passed
11.06.2014 01:58:13,043 - INFO  - Watchdog has been checked: 0 passed
11.06.2014 02:00:13,290 - INFO  - Watchdog has been checked: 0 passed
11.06.2014 02:02:13,220 - INFO  - Watchdog has been checked: 0 passed
11.06.2014 02:04:13,278 - INFO  - Watchdog has been checked: 0 passed
11.06.2014 02:06:13,113 - INFO  - Watchdog has been checked: 0 passed
11.06.2014 02:08:12,119 - INFO  - Watchdog has been checked: 0 passed
11.06.2014 02:10:11,293 - INFO  - Watchdog has been checked: 0 passed
11.06.2014 02:12:11,280 - INFO  - Watchdog has been checked: 0 passed
11.06.2014 02:14:11,257 - INFO  - Watchdog has been checked: 0 passed
11.06.2014 02:16:11,345 - INFO  - Watchdog has been checked: 0 passed
11.06.2014 02:18:11,098 - INFO  - Watchdog has been checked: 0 passed
11.06.2014 02:20:10,273 - INFO  - Watchdog has been checked: 0 passed
11.06.2014 02:22:10,193 - INFO  - Watchdog has been checked: 0 passed
11.06.2014 02:24:10,342 - INFO  - Watchdog has been checked: 0 passed
11.06.2014 02:26:10,044 - INFO  - Watchdog has been checked: 0 passed
11.06.2014 02:28:09,071 - INFO  - Watchdog has been checked: 0 passed
11.06.2014 02:30:08,261 - INFO  - Watchdog has been checked: 0 passed
11.06.2014 02:32:07,213 - INFO  - Watchdog has been checked: 0 passed
11.06.2014 02:34:06,177 - INFO  - Watchdog has been checked: 0 passed
11.06.2014 02:36:05,167 - INFO  - Watchdog has been checked: 0 passed
11.06.2014 02:38:05,175 - INFO  - Watchdog has been checked: 0 passed
11.06.2014 02:40:05,300 - INFO  - Watchdog has been checked: 0 passed
11.06.2014 02:42:05,195 - INFO  - Watchdog has been checked: 0 passed
11.06.2014 02:44:05,276 - INFO  - Watchdog has been checked: 0 passed
11.06.2014 02:46:05,177 - INFO  - Watchdog has been checked: 0 passed
11.06.2014 02:48:05,211 - INFO  - Watchdog has been checked: 0 passed
11.06.2014 02:50:05,129 - INFO  - Watchdog has been checked: 0 passed
11.06.2014 02:52:05,126 - INFO  - Watchdog has been checked: 0 passed
11.06.2014 02:54:05,350 - INFO  - Watchdog has been checked: 0 passed
11.06.2014 02:56:05,196 - INFO  - Watchdog has been checked: 0 passed
11.06.2014 02:58:05,194 - INFO  - Watchdog has been checked: 0 passed
11.06.2014 03:00:05,068 - INFO  - Watchdog has been checked: 0 passed
11.06.2014 03:02:05,162 - INFO  - Watchdog has been checked: 0 passed
11.06.2014 03:04:05,082 - INFO  - Watchdog has been checked: 0 passed
11.06.2014 03:06:05,217 - INFO  - Watchdog has been checked: 0 passed
11.06.2014 03:08:05,256 - INFO  - Watchdog has been checked: 0 passed
11.06.2014 03:10:05,133 - INFO  - Watchdog has been checked: 0 passed
11.06.2014 03:12:05,179 - INFO  - Watchdog has been checked: 0 passed
11.06.2014 03:14:05,393 - INFO  - Watchdog has been checked: 0 passed
11.06.2014 03:16:05,250 - INFO  - Watchdog has been checked: 0 passed
11.06.2014 03:18:05,238 - INFO  - Watchdog has been checked: 0 passed
11.06.2014 03:20:05,070 - INFO  - Watchdog has been checked: 0 passed
11.06.2014 03:22:04,175 - INFO  - Watchdog has been checked: 0 passed
11.06.2014 03:24:04,135 - INFO  - Watchdog has been checked: 0 passed
11.06.2014 03:26:04,293 - INFO  - Watchdog has been checked: 0 passed
11.06.2014 03:28:04,082 - INFO  - Watchdog has been checked: 0 passed
11.06.2014 03:30:03,172 - INFO  - Watchdog has been checked: 0 passed
11.06.2014 03:32:03,202 - INFO  - Watchdog has been checked: 0 passed
11.06.2014 03:34:03,183 - INFO  - Watchdog has been checked: 0 passed
11.06.2014 03:36:03,017 - INFO  - Watchdog has been checked: 0 passed
11.06.2014 03:38:02,084 - INFO  - Watchdog has been checked: 0 passed
11.06.2014 03:40:01,174 - INFO  - Watchdog has been checked: 0 passed
11.06.2014 03:42:01,294 - INFO  - Watchdog has been checked: 0 passed
11.06.2014 03:44:01,251 - INFO  - Watchdog has been checked: 0 passed
11.06.2014 03:46:01,154 - INFO  - Watchdog has been checked: 0 passed
11.06.2014 03:48:00,146 - INFO  - Watchdog has been checked: 0 passed
11.06.2014 03:50:00,240 - INFO  - Watchdog has been checked: 0 passed
11.06.2014 03:52:00,334 - INFO  - Watchdog has been checked: 0 passed
11.06.2014 03:54:00,268 - INFO  - Watchdog has been checked: 0 passed
11.06.2014 03:56:00,097 - INFO  - Watchdog has been checked: 0 passed
11.06.2014 03:57:59,173 - INFO  - Watchdog has been checked: 0 passed
11.06.2014 03:59:58,266 - INFO  - Watchdog has been checked: 0 passed
11.06.2014 04:01:58,206 - INFO  - Watchdog has been checked: 0 passed
11.06.2014 04:03:58,328 - INFO  - Watchdog has been checked: 0 passed
11.06.2014 04:05:58,066 - INFO  - Watchdog has been checked: 0 passed
11.06.2014 04:07:57,205 - INFO  - Watchdog has been checked: 0 passed
11.06.2014 04:09:57,290 - INFO  - Watchdog has been checked: 0 passed
11.06.2014 04:11:57,293 - INFO  - Watchdog has been checked: 0 passed
11.06.2014 04:13:57,309 - INFO  - Watchdog has been checked: 0 passed
11.06.2014 04:15:57,205 - INFO  - Watchdog has been checked: 0 passed
11.06.2014 04:17:57,212 - INFO  - Watchdog has been checked: 0 passed
11.06.2014 04:19:57,142 - INFO  - Watchdog has been checked: 0 passed
11.06.2014 04:21:57,525 - INFO  - Watchdog has been checked: 0 passed
11.06.2014 04:23:57,388 - INFO  - Watchdog has been checked: 0 passed
11.06.2014 04:25:57,215 - INFO  - Watchdog has been checked: 0 passed
11.06.2014 04:27:57,203 - INFO  - Watchdog has been checked: 0 passed
11.06.2014 04:29:57,165 - INFO  - Watchdog has been checked: 0 passed
11.06.2014 04:32:00,186 - INFO  - Watchdog has been checked: 0 passed
11.06.2014 04:34:00,151 - INFO  - Watchdog has been checked: 0 passed
11.06.2014 04:36:00,262 - INFO  - Watchdog has been checked: 0 passed
11.06.2014 04:38:00,280 - INFO  - Watchdog has been checked: 0 passed
11.06.2014 04:40:00,234 - INFO  - Watchdog has been checked: 0 passed
11.06.2014 04:42:00,186 - INFO  - Watchdog has been checked: 0 passed
11.06.2014 04:44:00,247 - INFO  - Watchdog has been checked: 0 passed
11.06.2014 04:46:00,097 - INFO  - Watchdog has been checked: 0 passed
11.06.2014 04:48:00,143 - INFO  - Watchdog has been checked: 0 passed
11.06.2014 04:50:00,295 - INFO  - Watchdog has been checked: 0 passed
11.06.2014 04:52:00,306 - INFO  - Watchdog has been checked: 0 passed
11.06.2014 04:54:01,312 - INFO  - Watchdog has been checked: 0 passed
11.06.2014 04:56:01,222 - INFO  - Watchdog has been checked: 0 passed
11.06.2014 04:58:01,247 - INFO  - Watchdog has been checked: 0 passed
11.06.2014 05:00:01,144 - INFO  - Watchdog has been checked: 0 passed
11.06.2014 05:02:01,093 - INFO  - Watchdog has been checked: 0 passed
11.06.2014 05:04:01,070 - INFO  - Watchdog has been checked: 0 passed
11.06.2014 05:06:00,252 - INFO  - Watchdog has been checked: 0 passed
11.06.2014 05:08:00,255 - INFO  - Watchdog has been checked: 0 passed
11.06.2014 05:10:00,221 - INFO  - Watchdog has been checked: 0 passed
11.06.2014 05:11:59,229 - INFO  - Watchdog has been checked: 0 passed
11.06.2014 05:13:59,167 - INFO  - Watchdog has been checked: 0 passed
11.06.2014 05:15:58,326 - INFO  - Watchdog has been checked: 0 passed
11.06.2014 05:17:58,326 - INFO  - Watchdog has been checked: 0 passed
11.06.2014 05:19:58,180 - INFO  - Watchdog has been checked: 0 passed
11.06.2014 05:21:58,201 - INFO  - Watchdog has been checked: 0 passed
11.06.2014 05:23:57,127 - INFO  - Watchdog has been checked: 0 passed
11.06.2014 05:25:56,196 - INFO  - Watchdog has been checked: 0 passed
11.06.2014 05:27:56,219 - INFO  - Watchdog has been checked: 0 passed
11.06.2014 05:29:56,104 - INFO  - Watchdog has been checked: 0 passed
11.06.2014 05:31:55,112 - INFO  - Watchdog has been checked: 0 passed
11.06.2014 05:33:54,035 - INFO  - Watchdog has been checked: 0 passed
11.06.2014 05:35:53,178 - INFO  - Watchdog has been checked: 0 passed
11.06.2014 05:37:52,172 - INFO  - Watchdog has been checked: 0 passed
11.06.2014 05:39:51,027 - INFO  - Watchdog has been checked: 0 passed
11.06.2014 05:41:50,084 - INFO  - Watchdog has been checked: 0 passed
11.06.2014 05:43:49,281 - INFO  - Watchdog has been checked: 0 passed
11.06.2014 05:45:49,213 - INFO  - Watchdog has been checked: 0 passed
11.06.2014 05:47:49,300 - INFO  - Watchdog has been checked: 0 passed
11.06.2014 05:49:48,080 - INFO  - Watchdog has been checked: 0 passed
11.06.2014 05:51:48,186 - INFO  - Watchdog has been checked: 0 passed
11.06.2014 05:53:47,357 - INFO  - Watchdog has been checked: 0 passed
11.06.2014 05:55:47,147 - INFO  - Watchdog has been checked: 0 passed
11.06.2014 05:57:47,250 - INFO  - Watchdog has been checked: 0 passed
11.06.2014 05:59:49,650 - INFO  - Watchdog has been checked: 0 passed
11.06.2014 06:01:49,137 - INFO  - Watchdog has been checked: 0 passed
11.06.2014 06:03:49,339 - INFO  - Watchdog has been checked: 0 passed
11.06.2014 06:05:49,189 - INFO  - Watchdog has been checked: 0 passed
11.06.2014 06:07:49,292 - INFO  - Watchdog has been checked: 0 passed
11.06.2014 06:09:49,361 - INFO  - Watchdog has been checked: 0 passed
11.06.2014 06:11:49,414 - INFO  - Watchdog has been checked: 0 passed
11.06.2014 06:13:49,373 - INFO  - Watchdog has been checked: 0 passed
11.06.2014 06:15:01,249 - INFO  - mapping file sync started
11.06.2014 06:15:01,841 - INFO  - file successfully updated
11.06.2014 06:15:49,261 - INFO  - Watchdog has been checked: 0 passed
11.06.2014 06:17:49,267 - INFO  - Watchdog has been checked: 0 passed
11.06.2014 06:19:49,128 - INFO  - Watchdog has been checked: 0 passed
11.06.2014 06:21:50,699 - INFO  - Watchdog has been checked: 0 passed
11.06.2014 06:23:50,154 - INFO  - Watchdog has been checked: 0 passed
11.06.2014 06:25:50,261 - INFO  - Watchdog has been checked: 0 passed
11.06.2014 06:27:50,086 - INFO  - Watchdog has been checked: 0 passed
11.06.2014 06:29:50,168 - INFO  - Watchdog has been checked: 0 passed
11.06.2014 06:31:50,202 - INFO  - Watchdog has been checked: 0 passed
11.06.2014 06:33:50,243 - INFO  - Watchdog has been checked: 0 passed
11.06.2014 06:35:50,087 - INFO  - Watchdog has been checked: 0 passed
11.06.2014 06:37:50,198 - INFO  - Watchdog has been checked: 0 passed
11.06.2014 06:39:49,301 - INFO  - Watchdog has been checked: 0 passed
11.06.2014 06:41:49,042 - INFO  - Watchdog has been checked: 0 passed
11.06.2014 06:43:48,076 - INFO  - Watchdog has been checked: 0 passed
11.06.2014 06:45:47,172 - INFO  - Watchdog has been checked: 0 passed
11.06.2014 06:47:47,209 - INFO  - Watchdog has been checked: 0 passed
11.06.2014 06:49:47,363 - INFO  - Watchdog has been checked: 0 passed
11.06.2014 06:51:47,133 - INFO  - Watchdog has been checked: 0 passed
11.06.2014 06:53:47,163 - INFO  - Watchdog has been checked: 0 passed
11.06.2014 06:55:46,191 - INFO  - Watchdog has been checked: 0 passed
11.06.2014 06:57:46,183 - INFO  - Watchdog has been checked: 0 passed
11.06.2014 06:59:46,328 - INFO  - Watchdog has been checked: 0 passed
11.06.2014 07:01:46,297 - INFO  - Watchdog has been checked: 0 passed
11.06.2014 07:03:46,306 - INFO  - Watchdog has been checked: 0 passed
11.06.2014 07:05:46,170 - INFO  - Watchdog has been checked: 0 passed
11.06.2014 07:07:46,189 - INFO  - Watchdog has been checked: 0 passed
11.06.2014 07:09:46,079 - INFO  - Watchdog has been checked: 0 passed
11.06.2014 07:11:46,335 - INFO  - Watchdog has been checked: 0 passed
11.06.2014 07:13:46,130 - INFO  - Watchdog has been checked: 0 passed
11.06.2014 07:15:02,348 - INFO  - mapping file sync started
11.06.2014 07:15:02,780 - INFO  - file successfully updated
11.06.2014 07:15:46,249 - INFO  - Watchdog has been checked: 0 passed
11.06.2014 07:17:46,166 - INFO  - Watchdog has been checked: 0 passed
11.06.2014 07:19:46,299 - INFO  - Watchdog has been checked: 0 passed
11.06.2014 07:21:46,290 - INFO  - Watchdog has been checked: 0 passed
11.06.2014 07:23:46,276 - INFO  - Watchdog has been checked: 0 passed
11.06.2014 07:25:46,126 - INFO  - Watchdog has been checked: 0 passed
11.06.2014 07:27:46,085 - INFO  - Watchdog has been checked: 0 passed
11.06.2014 07:29:46,220 - INFO  - Watchdog has been checked: 0 passed
11.06.2014 07:31:46,246 - INFO  - Watchdog has been checked: 0 passed
11.06.2014 07:33:46,229 - INFO  - Watchdog has been checked: 0 passed
11.06.2014 07:35:46,145 - INFO  - Watchdog has been checked: 0 passed
11.06.2014 07:37:45,994 - INFO  - Watchdog has been checked: 0 passed
11.06.2014 07:39:45,140 - INFO  - Watchdog has been checked: 0 passed
11.06.2014 07:41:45,128 - INFO  - Watchdog has been checked: 0 passed
11.06.2014 07:43:45,121 - INFO  - Watchdog has been checked: 0 passed
11.06.2014 07:45:45,267 - INFO  - Watchdog has been checked: 0 passed
11.06.2014 07:47:45,065 - INFO  - Watchdog has been checked: 0 passed
11.06.2014 07:49:44,193 - INFO  - Watchdog has been checked: 0 passed
11.06.2014 07:51:44,235 - INFO  - Watchdog has been checked: 0 passed
11.06.2014 07:53:44,191 - INFO  - Watchdog has been checked: 0 passed
11.06.2014 07:55:44,318 - INFO  - Watchdog has been checked: 0 passed
11.06.2014 07:57:44,073 - INFO  - Watchdog has been checked: 0 passed
11.06.2014 07:59:43,173 - INFO  - Watchdog has been checked: 0 passed
11.06.2014 08:01:43,254 - INFO  - Watchdog has been checked: 0 passed
11.06.2014 08:03:43,233 - INFO  - Watchdog has been checked: 0 passed
11.06.2014 08:05:43,369 - INFO  - Watchdog has been checked: 0 passed
11.06.2014 08:07:43,291 - INFO  - Watchdog has been checked: 0 passed
11.06.2014 08:09:43,134 - INFO  - Watchdog has been checked: 0 passed
11.06.2014 08:11:43,149 - INFO  - Watchdog has been checked: 0 passed
11.06.2014 08:13:43,369 - INFO  - Watchdog has been checked: 0 passed
11.06.2014 08:15:43,220 - INFO  - Watchdog has been checked: 0 passed
11.06.2014 08:17:43,250 - INFO  - Watchdog has been checked: 0 passed
11.06.2014 08:19:43,271 - INFO  - Watchdog has been checked: 0 passed
11.06.2014 08:21:43,286 - INFO  - Watchdog has been checked: 0 passed
11.06.2014 08:23:43,263 - INFO  - Watchdog has been checked: 0 passed
11.06.2014 08:25:43,110 - INFO  - Watchdog has been checked: 0 passed
11.06.2014 08:27:43,206 - INFO  - Watchdog has been checked: 0 passed
11.06.2014 08:29:43,292 - INFO  - Watchdog has been checked: 0 passed
11.06.2014 08:31:43,361 - INFO  - Watchdog has been checked: 0 passed
11.06.2014 08:33:43,312 - INFO  - Watchdog has been checked: 0 passed
11.06.2014 08:35:43,183 - INFO  - Watchdog has been checked: 0 passed
11.06.2014 08:37:43,291 - INFO  - Watchdog has been checked: 0 passed
11.06.2014 08:39:43,071 - INFO  - Watchdog has been checked: 0 passed
11.06.2014 08:41:42,090 - INFO  - Watchdog has been checked: 0 passed
11.06.2014 08:43:41,105 - INFO  - Watchdog has been checked: 0 passed
11.06.2014 08:45:40,199 - INFO  - Watchdog has been checked: 0 passed
11.06.2014 08:47:40,248 - INFO  - Watchdog has been checked: 0 passed
11.06.2014 08:49:40,230 - INFO  - Watchdog has been checked: 0 passed
11.06.2014 08:51:41,369 - INFO  - Watchdog has been checked: 0 passed
11.06.2014 08:53:41,090 - INFO  - Watchdog has been checked: 0 passed
11.06.2014 08:55:41,160 - INFO  - Watchdog has been checked: 0 passed
11.06.2014 08:57:41,156 - INFO  - Watchdog has been checked: 0 passed
11.06.2014 08:59:41,094 - INFO  - Watchdog has been checked: 0 passed
11.06.2014 09:01:41,139 - INFO  - Watchdog has been checked: 0 passed
11.06.2014 09:03:41,116 - INFO  - Watchdog has been checked: 0 passed
11.06.2014 09:05:41,213 - INFO  - Watchdog has been checked: 0 passed
11.06.2014 09:07:41,196 - INFO  - Watchdog has been checked: 0 passed
11.06.2014 09:09:41,335 - INFO  - Watchdog has been checked: 0 passed
11.06.2014 09:11:41,329 - INFO  - Watchdog has been checked: 0 passed
11.06.2014 09:13:41,071 - INFO  - Watchdog has been checked: 0 passed
11.06.2014 09:15:41,180 - INFO  - Watchdog has been checked: 0 passed
11.06.2014 09:17:41,191 - INFO  - Watchdog has been checked: 0 passed
11.06.2014 09:19:41,122 - INFO  - Watchdog has been checked: 0 passed
11.06.2014 09:21:41,347 - INFO  - Watchdog has been checked: 0 passed
11.06.2014 09:23:41,159 - INFO  - Watchdog has been checked: 0 passed
11.06.2014 09:25:41,200 - INFO  - Watchdog has been checked: 0 passed
11.06.2014 09:27:41,165 - INFO  - Watchdog has been checked: 0 passed
11.06.2014 09:29:41,109 - INFO  - Watchdog has been checked: 0 passed
11.06.2014 09:31:41,311 - INFO  - Watchdog has been checked: 0 passed
11.06.2014 09:33:41,086 - INFO  - Watchdog has been checked: 0 passed
11.06.2014 09:35:41,210 - INFO  - Watchdog has been checked: 0 passed
11.06.2014 09:37:41,188 - INFO  - Watchdog has been checked: 0 passed
11.06.2014 09:39:41,136 - INFO  - Watchdog has been checked: 0 passed
11.06.2014 09:41:41,184 - INFO  - Watchdog has been checked: 0 passed
11.06.2014 09:43:41,102 - INFO  - Watchdog has been checked: 0 passed
11.06.2014 09:45:41,039 - INFO  - Watchdog has been checked: 0 passed
11.06.2014 09:47:40,054 - INFO  - Watchdog has been checked: 0 passed
11.06.2014 09:49:39,373 - INFO  - Watchdog has been checked: 0 passed
11.06.2014 09:51:39,237 - INFO  - Watchdog has been checked: 0 passed
11.06.2014 09:53:40,363 - INFO  - Watchdog has been checked: 0 passed
11.06.2014 09:55:40,126 - INFO  - Watchdog has been checked: 0 passed
11.06.2014 09:57:40,087 - INFO  - Watchdog has been checked: 0 passed
11.06.2014 09:59:39,258 - INFO  - Watchdog has been checked: 0 passed
11.06.2014 10:01:39,258 - INFO  - Watchdog has been checked: 0 passed
11.06.2014 10:03:39,258 - INFO  - Watchdog has been checked: 0 passed
11.06.2014 10:05:39,133 - INFO  - Watchdog has been checked: 0 passed
11.06.2014 10:07:39,409 - INFO  - Watchdog has been checked: 0 passed
11.06.2014 10:09:39,347 - INFO  - Watchdog has been checked: 0 passed
11.06.2014 10:11:39,356 - INFO  - Watchdog has been checked: 0 passed
11.06.2014 10:13:39,310 - INFO  - Watchdog has been checked: 0 passed
11.06.2014 10:15:39,182 - INFO  - Watchdog has been checked: 0 passed
11.06.2014 10:17:39,360 - INFO  - Watchdog has been checked: 0 passed
11.06.2014 10:19:39,415 - INFO  - Watchdog has been checked: 0 passed
11.06.2014 10:21:39,309 - INFO  - Watchdog has been checked: 0 passed
11.06.2014 10:23:39,285 - INFO  - Watchdog has been checked: 0 passed
11.06.2014 10:25:39,428 - INFO  - Watchdog has been checked: 0 passed
11.06.2014 10:27:39,203 - INFO  - Watchdog has been checked: 0 passed
11.06.2014 10:29:39,415 - INFO  - Watchdog has been checked: 0 passed
11.06.2014 10:31:39,259 - INFO  - Watchdog has been checked: 0 passed
11.06.2014 10:33:41,134 - INFO  - Watchdog has been checked: 0 passed
11.06.2014 10:35:41,302 - INFO  - Watchdog has been checked: 0 passed
11.06.2014 10:37:41,301 - INFO  - Watchdog has been checked: 0 passed
11.06.2014 10:39:41,467 - INFO  - Watchdog has been checked: 0 passed
11.06.2014 10:41:41,539 - INFO  - Watchdog has been checked: 0 passed
11.06.2014 10:43:41,488 - INFO  - Watchdog has been checked: 0 passed
11.06.2014 10:45:41,403 - INFO  - Watchdog has been checked: 0 passed
11.06.2014 10:47:41,414 - INFO  - Watchdog has been checked: 0 passed
11.06.2014 10:49:41,536 - INFO  - Watchdog has been checked: 0 passed
11.06.2014 10:51:41,441 - INFO  - Watchdog has been checked: 0 passed
11.06.2014 10:53:41,237 - INFO  - Watchdog has been checked: 0 passed
11.06.2014 10:55:41,307 - INFO  - Watchdog has been checked: 0 passed
11.06.2014 10:57:41,322 - INFO  - Watchdog has been checked: 0 passed
11.06.2014 10:59:41,165 - INFO  - Watchdog has been checked: 0 passed
11.06.2014 11:01:41,166 - INFO  - Watchdog has been checked: 0 passed
11.06.2014 11:03:41,138 - INFO  - Watchdog has been checked: 0 passed
11.06.2014 11:05:41,182 - INFO  - Watchdog has been checked: 0 passed
11.06.2014 11:07:41,171 - INFO  - Watchdog has been checked: 0 passed
11.06.2014 11:09:41,263 - INFO  - Watchdog has been checked: 0 passed
11.06.2014 11:11:41,086 - INFO  - Watchdog has been checked: 0 passed
11.06.2014 11:13:41,074 - INFO  - Watchdog has been checked: 0 passed
11.06.2014 11:15:40,142 - INFO  - Watchdog has been checked: 0 passed
11.06.2014 11:17:18,408 - INFO  - searcher identified --- respT: 41ms, 63923 results, q=, 
11.06.2014 11:17:21,451 - INFO  - searcher identified --- respT: 53ms, 127 results, q=winp, 
11.06.2014 11:17:22,348 - INFO  - searcher identified --- respT: 63ms, 31 results, q=winprint, 
11.06.2014 11:17:22,718 - INFO  - searcher identified --- respT: 39ms, 31 results, q=winprint, 
11.06.2014 11:17:40,142 - INFO  - Watchdog has been checked: 0 passed
11.06.2014 11:19:40,098 - INFO  - Watchdog has been checked: 0 passed
11.06.2014 11:21:40,156 - INFO  - Watchdog has been checked: 0 passed
11.06.2014 11:23:40,070 - INFO  - Watchdog has been checked: 0 passed
11.06.2014 11:25:39,138 - INFO  - Watchdog has been checked: 0 passed
11.06.2014 11:27:39,193 - INFO  - Watchdog has been checked: 0 passed
11.06.2014 11:29:39,166 - INFO  - Watchdog has been checked: 0 passed
11.06.2014 11:31:39,141 - INFO  - Watchdog has been checked: 0 passed
11.06.2014 11:33:39,188 - INFO  - Watchdog has been checked: 0 passed
11.06.2014 11:35:39,873 - INFO  - Watchdog has been checked: 0 passed
11.06.2014 11:37:39,287 - INFO  - Watchdog has been checked: 0 passed
11.06.2014 11:39:39,382 - INFO  - Watchdog has been checked: 0 passed
11.06.2014 11:39:43,463 - ERROR - unknown wikiuser
11.06.2014 11:39:43,568 - INFO  - searcher anonymous --- respT: 28ms, 27983 results, q=, 
11.06.2014 11:39:48,627 - ERROR - unknown wikiuser
11.06.2014 11:39:48,675 - INFO  - searcher anonymous --- respT: 17ms, 29 results, q=cups, 
11.06.2014 11:39:49,319 - ERROR - unknown wikiuser
11.06.2014 11:39:49,365 - INFO  - searcher anonymous --- respT: 18ms, 29 results, q=cups, 
11.06.2014 11:41:39,172 - INFO  - Watchdog has been checked: 0 passed
11.06.2014 11:43:39,220 - INFO  - Watchdog has been checked: 0 passed
11.06.2014 11:45:39,329 - INFO  - Watchdog has been checked: 0 passed
11.06.2014 11:47:39,309 - INFO  - Watchdog has been checked: 0 passed
11.06.2014 11:49:39,231 - INFO  - Watchdog has been checked: 0 passed
11.06.2014 11:51:39,202 - INFO  - Watchdog has been checked: 0 passed
11.06.2014 11:53:39,195 - INFO  - Watchdog has been checked: 0 passed
11.06.2014 11:55:39,300 - INFO  - Watchdog has been checked: 0 passed
11.06.2014 11:57:39,280 - INFO  - Watchdog has been checked: 0 passed
11.06.2014 11:59:39,216 - INFO  - Watchdog has been checked: 0 passed
11.06.2014 12:01:39,204 - INFO  - Watchdog has been checked: 0 passed
11.06.2014 12:03:39,245 - INFO  - Watchdog has been checked: 0 passed
11.06.2014 12:05:39,362 - INFO  - Watchdog has been checked: 0 passed
11.06.2014 12:07:39,328 - INFO  - Watchdog has been checked: 0 passed
11.06.2014 12:09:39,321 - INFO  - Watchdog has been checked: 0 passed
11.06.2014 12:11:39,252 - INFO  - Watchdog has been checked: 0 passed
11.06.2014 12:13:39,278 - INFO  - Watchdog has been checked: 0 passed
11.06.2014 12:15:39,159 - INFO  - Watchdog has been checked: 0 passed
11.06.2014 12:17:38,341 - INFO  - Watchdog has been checked: 0 passed
11.06.2014 12:19:38,372 - INFO  - Watchdog has been checked: 0 passed
11.06.2014 12:21:38,264 - INFO  - Watchdog has been checked: 0 passed
11.06.2014 12:23:38,260 - INFO  - Watchdog has been checked: 0 passed
11.06.2014 12:25:38,138 - INFO  - Watchdog has been checked: 0 passed
11.06.2014 12:27:37,082 - INFO  - Watchdog has been checked: 0 passed
11.06.2014 12:29:36,199 - INFO  - Watchdog has been checked: 0 passed
11.06.2014 12:31:35,175 - INFO  - Watchdog has been checked: 0 passed
11.06.2014 12:33:35,181 - INFO  - Watchdog has been checked: 0 passed
11.06.2014 12:35:35,081 - INFO  - Watchdog has been checked: 0 passed
11.06.2014 12:37:33,992 - INFO  - Watchdog has been checked: 0 passed
11.06.2014 12:39:34,192 - INFO  - Watchdog has been checked: 0 passed
11.06.2014 12:41:34,246 - INFO  - Watchdog has been checked: 0 passed
11.06.2014 12:43:34,244 - INFO  - Watchdog has been checked: 0 passed
11.06.2014 12:45:34,126 - INFO  - Watchdog has been checked: 0 passed
11.06.2014 12:47:33,079 - INFO  - Watchdog has been checked: 0 passed
11.06.2014 12:49:32,207 - INFO  - Watchdog has been checked: 0 passed
11.06.2014 12:51:32,239 - INFO  - Watchdog has been checked: 0 passed
11.06.2014 12:53:32,212 - INFO  - Watchdog has been checked: 0 passed
11.06.2014 12:55:32,071 - INFO  - Watchdog has been checked: 0 passed
11.06.2014 12:57:32,286 - INFO  - Watchdog has been checked: 0 passed
11.06.2014 12:59:32,146 - INFO  - Watchdog has been checked: 0 passed
11.06.2014 13:01:32,190 - INFO  - Watchdog has been checked: 0 passed
11.06.2014 13:03:32,176 - INFO  - Watchdog has been checked: 0 passed
11.06.2014 13:05:32,303 - INFO  - Watchdog has been checked: 0 passed
11.06.2014 13:07:32,301 - INFO  - Watchdog has been checked: 0 passed
11.06.2014 13:09:32,142 - INFO  - Watchdog has been checked: 0 passed
11.06.2014 13:11:32,415 - INFO  - Watchdog has been checked: 0 passed
11.06.2014 13:13:32,201 - INFO  - Watchdog has been checked: 0 passed
11.06.2014 13:15:32,310 - INFO  - Watchdog has been checked: 0 passed
11.06.2014 13:17:32,296 - INFO  - Watchdog has been checked: 0 passed
11.06.2014 13:19:32,187 - INFO  - Watchdog has been checked: 0 passed
11.06.2014 13:21:32,218 - INFO  - Watchdog has been checked: 0 passed
11.06.2014 13:23:32,216 - INFO  - Watchdog has been checked: 0 passed
11.06.2014 13:25:32,324 - INFO  - Watchdog has been checked: 0 passed
11.06.2014 13:27:32,325 - INFO  - Watchdog has been checked: 0 passed
11.06.2014 13:29:32,184 - INFO  - Watchdog has been checked: 0 passed
11.06.2014 13:31:32,242 - INFO  - Watchdog has been checked: 0 passed
11.06.2014 13:33:32,294 - INFO  - Watchdog has been checked: 0 passed
11.06.2014 13:35:32,435 - INFO  - Watchdog has been checked: 0 passed
11.06.2014 13:37:32,165 - INFO  - Watchdog has been checked: 0 passed
11.06.2014 13:39:32,241 - INFO  - Watchdog has been checked: 0 passed
11.06.2014 13:41:31,265 - INFO  - Watchdog has been checked: 0 passed
11.06.2014 13:43:31,420 - INFO  - Watchdog has been checked: 0 passed
11.06.2014 13:45:31,120 - INFO  - Watchdog has been checked: 0 passed
11.06.2014 13:47:30,114 - INFO  - Watchdog has been checked: 0 passed
11.06.2014 13:49:29,198 - INFO  - Watchdog has been checked: 0 passed
11.06.2014 13:51:28,228 - INFO  - Watchdog has been checked: 0 passed
11.06.2014 13:53:28,244 - INFO  - Watchdog has been checked: 0 passed
11.06.2014 13:55:27,309 - INFO  - Watchdog has been checked: 0 passed
11.06.2014 13:57:27,311 - INFO  - Watchdog has been checked: 0 passed
11.06.2014 13:59:27,188 - INFO  - Watchdog has been checked: 0 passed
11.06.2014 14:01:27,189 - INFO  - Watchdog has been checked: 0 passed
11.06.2014 14:03:26,230 - INFO  - Watchdog has been checked: 0 passed
11.06.2014 14:05:25,246 - INFO  - Watchdog has been checked: 0 passed
11.06.2014 14:07:24,267 - INFO  - Watchdog has been checked: 0 passed
11.06.2014 14:09:23,142 - INFO  - Watchdog has been checked: 0 passed
11.06.2014 14:11:22,173 - INFO  - Watchdog has been checked: 0 passed
11.06.2014 14:13:22,192 - INFO  - Watchdog has been checked: 0 passed
11.06.2014 14:15:22,296 - INFO  - Watchdog has been checked: 0 passed
11.06.2014 14:17:22,281 - INFO  - Watchdog has been checked: 0 passed
11.06.2014 14:19:22,162 - INFO  - Watchdog has been checked: 0 passed
11.06.2014 14:21:22,147 - INFO  - Watchdog has been checked: 0 passed
11.06.2014 14:23:22,178 - INFO  - Watchdog has been checked: 0 passed
11.06.2014 14:25:22,299 - INFO  - Watchdog has been checked: 0 passed
11.06.2014 14:27:22,266 - INFO  - Watchdog has been checked: 0 passed
11.06.2014 14:29:22,262 - INFO  - Watchdog has been checked: 0 passed
11.06.2014 14:31:22,171 - INFO  - Watchdog has been checked: 0 passed
11.06.2014 14:33:22,211 - INFO  - Watchdog has been checked: 0 passed
11.06.2014 14:35:22,344 - INFO  - Watchdog has been checked: 0 passed
11.06.2014 14:37:22,284 - INFO  - Watchdog has been checked: 0 passed
11.06.2014 14:39:22,384 - INFO  - Watchdog has been checked: 0 passed
11.06.2014 14:40:56,435 - INFO  - searcher identified --- respT: 26ms, 5171 results, web:(PSIWeb), q=, 
11.06.2014 14:41:22,401 - INFO  - Watchdog has been checked: 0 passed
11.06.2014 14:41:42,531 - INFO  - searcher identified --- respT: 72ms, 79779 results, q=, 
11.06.2014 14:43:22,146 - INFO  - Watchdog has been checked: 0 passed
11.06.2014 14:45:22,258 - INFO  - Watchdog has been checked: 0 passed
11.06.2014 14:47:22,290 - INFO  - Watchdog has been checked: 0 passed
11.06.2014 14:49:22,187 - INFO  - Watchdog has been checked: 0 passed
11.06.2014 14:51:22,233 - INFO  - Watchdog has been checked: 0 passed
11.06.2014 14:53:22,261 - INFO  - Watchdog has been checked: 0 passed
11.06.2014 14:55:22,170 - INFO  - Watchdog has been checked: 0 passed
11.06.2014 14:57:22,097 - INFO  - Watchdog has been checked: 0 passed
11.06.2014 14:59:22,208 - INFO  - Watchdog has been checked: 0 passed
11.06.2014 15:01:22,252 - INFO  - Watchdog has been checked: 0 passed
11.06.2014 15:03:22,245 - INFO  - Watchdog has been checked: 0 passed
11.06.2014 15:05:22,246 - INFO  - Watchdog has been checked: 0 passed
11.06.2014 15:07:22,208 - INFO  - Watchdog has been checked: 0 passed
11.06.2014 15:09:22,101 - INFO  - Watchdog has been checked: 0 passed
11.06.2014 15:11:21,092 - INFO  - Watchdog has been checked: 0 passed
11.06.2014 15:13:21,087 - INFO  - Watchdog has been checked: 0 passed
11.06.2014 15:15:21,226 - INFO  - Watchdog has been checked: 0 passed
11.06.2014 15:17:21,304 - INFO  - Watchdog has been checked: 0 passed
11.06.2014 15:19:21,282 - INFO  - Watchdog has been checked: 0 passed
11.06.2014 15:21:21,084 - INFO  - Watchdog has been checked: 0 passed
11.06.2014 15:23:20,277 - INFO  - Watchdog has been checked: 0 passed
11.06.2014 15:25:20,253 - INFO  - Watchdog has been checked: 0 passed
11.06.2014 15:27:20,279 - INFO  - Watchdog has been checked: 0 passed
11.06.2014 15:29:20,069 - INFO  - Watchdog has been checked: 0 passed
11.06.2014 15:31:19,253 - INFO  - Watchdog has been checked: 0 passed
11.06.2014 15:33:20,687 - INFO  - Watchdog has been checked: 0 passed
11.06.2014 15:35:20,283 - INFO  - Watchdog has been checked: 0 passed
11.06.2014 15:37:20,191 - INFO  - Watchdog has been checked: 0 passed
11.06.2014 15:39:20,143 - INFO  - Watchdog has been checked: 0 passed
11.06.2014 15:41:19,193 - INFO  - Watchdog has been checked: 0 passed
11.06.2014 15:43:18,195 - INFO  - Watchdog has been checked: 0 passed
11.06.2014 15:45:17,346 - INFO  - Watchdog has been checked: 0 passed
11.06.2014 15:47:17,435 - INFO  - Watchdog has been checked: 0 passed
11.06.2014 15:49:17,238 - INFO  - Watchdog has been checked: 0 passed
11.06.2014 15:51:17,278 - INFO  - Watchdog has been checked: 0 passed
11.06.2014 15:53:17,277 - INFO  - Watchdog has been checked: 0 passed
11.06.2014 15:55:21,096 - INFO  - Watchdog has been checked: 0 passed
11.06.2014 15:57:20,129 - INFO  - Watchdog has been checked: 0 passed
11.06.2014 15:59:19,188 - INFO  - Watchdog has been checked: 0 passed
11.06.2014 16:01:19,279 - INFO  - Watchdog has been checked: 0 passed
11.06.2014 16:03:19,323 - INFO  - Watchdog has been checked: 0 passed
11.06.2014 16:05:19,158 - INFO  - Watchdog has been checked: 0 passed
11.06.2014 16:07:19,203 - INFO  - Watchdog has been checked: 0 passed
11.06.2014 16:09:19,349 - INFO  - Watchdog has been checked: 0 passed
11.06.2014 16:11:19,118 - INFO  - Watchdog has been checked: 0 passed
11.06.2014 16:13:19,157 - INFO  - Watchdog has been checked: 0 passed
11.06.2014 16:15:19,232 - INFO  - Watchdog has been checked: 0 passed
11.06.2014 16:17:19,294 - INFO  - Watchdog has been checked: 0 passed
11.06.2014 16:19:19,161 - INFO  - Watchdog has been checked: 0 passed
11.06.2014 16:21:19,202 - INFO  - Watchdog has been checked: 0 passed
11.06.2014 16:23:19,217 - INFO  - Watchdog has been checked: 0 passed
11.06.2014 16:25:19,277 - INFO  - Watchdog has been checked: 0 passed
11.06.2014 16:27:19,290 - INFO  - Watchdog has been checked: 0 passed
11.06.2014 16:29:19,300 - INFO  - Watchdog has been checked: 0 passed
11.06.2014 16:31:19,237 - INFO  - Watchdog has been checked: 0 passed
11.06.2014 16:32:25,608 - INFO  - searcher identified --- respT: 110ms, 63938 results, q=, 
11.06.2014 16:32:29,058 - INFO  - searcher identified --- respT: 41ms, 28 results, q=google chrome, 
11.06.2014 16:32:30,416 - INFO  - searcher identified --- respT: 90ms, 63938 results, q=, 
11.06.2014 16:32:34,071 - INFO  - searcher identified --- respT: 33ms, 43 results, q=OM schnittstelle, 
11.06.2014 16:32:34,802 - INFO  - searcher identified --- respT: 33ms, 43 results, q=OM schnittstelle, 
11.06.2014 16:32:44,757 - INFO  - searcher identified --- respT: 30ms, 43 results, q=OM schnittstelle, page turned
11.06.2014 16:32:48,717 - INFO  - searcher identified --- respT: 41ms, 43 results, q=OM schnittstelle, page turned
11.06.2014 16:33:19,256 - INFO  - Watchdog has been checked: 0 passed
11.06.2014 16:35:19,875 - INFO  - Watchdog has been checked: 0 passed
11.06.2014 16:37:19,347 - INFO  - Watchdog has been checked: 0 passed
11.06.2014 16:39:19,261 - INFO  - Watchdog has been checked: 0 passed
11.06.2014 16:41:19,271 - INFO  - Watchdog has been checked: 0 passed
11.06.2014 16:43:19,321 - INFO  - Watchdog has been checked: 0 passed
11.06.2014 16:45:19,431 - INFO  - Watchdog has been checked: 0 passed
11.06.2014 16:47:19,160 - INFO  - Watchdog has been checked: 0 passed
11.06.2014 16:49:19,266 - INFO  - Watchdog has been checked: 0 passed
11.06.2014 16:50:19,752 - INFO  - searcher identified --- respT: 27ms, 5171 results, web:(PSIWeb), q=, 
11.06.2014 16:51:19,283 - INFO  - Watchdog has been checked: 0 passed
11.06.2014 16:53:19,307 - INFO  - Watchdog has been checked: 0 passed
11.06.2014 16:55:19,089 - INFO  - Watchdog has been checked: 0 passed
11.06.2014 16:57:19,119 - INFO  - Watchdog has been checked: 0 passed
11.06.2014 16:59:19,012 - INFO  - Watchdog has been checked: 0 passed
11.06.2014 17:01:18,068 - INFO  - Watchdog has been checked: 0 passed
11.06.2014 17:03:17,309 - INFO  - Watchdog has been checked: 0 passed
11.06.2014 17:05:17,155 - INFO  - Watchdog has been checked: 0 passed
11.06.2014 17:06:27,975 - INFO  - searcher identified --- respT: 86ms, 83205 results, q=, 
11.06.2014 17:06:34,727 - INFO  - searcher identified --- respT: 25ms, no results, q=<sceipt, 
11.06.2014 17:06:37,579 - INFO  - searcher identified --- respT: 54ms, 2566 results, q=<script, 
11.06.2014 17:06:39,069 - INFO  - searcher identified --- respT: 31ms, no results, q=<scriptY, 
11.06.2014 17:06:39,422 - INFO  - searcher identified --- respT: 50ms, 5 results, q=<scriptt, 
11.06.2014 17:06:40,270 - INFO  - searcher identified --- respT: 27ms, 2566 results, q=<script, 
11.06.2014 17:06:41,358 - INFO  - searcher identified --- respT: 26ms, 2566 results, q=<script>, 
11.06.2014 17:06:56,825 - INFO  - searcher identified --- respT: 15ms, 1 results, web:(AIT.Rackliste), q=<script>, 
11.06.2014 17:07:03,439 - INFO  - searcher identified --- respT: 26ms, 2566 results, q=<script>, 
11.06.2014 17:07:17,119 - INFO  - Watchdog has been checked: 0 passed
11.06.2014 17:09:17,231 - INFO  - Watchdog has been checked: 0 passed
11.06.2014 17:11:17,259 - INFO  - Watchdog has been checked: 0 passed
11.06.2014 17:13:17,285 - INFO  - Watchdog has been checked: 0 passed
11.06.2014 17:15:17,105 - INFO  - Watchdog has been checked: 0 passed
11.06.2014 17:17:16,040 - INFO  - Watchdog has been checked: 0 passed
11.06.2014 17:19:15,105 - INFO  - Watchdog has been checked: 0 passed
11.06.2014 17:21:14,171 - INFO  - Watchdog has been checked: 0 passed
11.06.2014 17:23:14,188 - INFO  - Watchdog has been checked: 0 passed
11.06.2014 17:25:14,274 - INFO  - Watchdog has been checked: 0 passed
11.06.2014 17:27:14,260 - INFO  - Watchdog has been checked: 0 passed
11.06.2014 17:29:14,119 - INFO  - Watchdog has been checked: 0 passed
11.06.2014 17:31:13,216 - INFO  - Watchdog has been checked: 0 passed
11.06.2014 17:33:13,123 - INFO  - Watchdog has been checked: 0 passed
11.06.2014 17:35:13,355 - INFO  - Watchdog has been checked: 0 passed
11.06.2014 17:37:13,325 - INFO  - Watchdog has been checked: 0 passed
11.06.2014 17:39:13,129 - INFO  - Watchdog has been checked: 0 passed
11.06.2014 17:41:13,230 - INFO  - Watchdog has been checked: 0 passed
11.06.2014 17:43:13,242 - INFO  - Watchdog has been checked: 0 passed
11.06.2014 17:45:13,353 - INFO  - Watchdog has been checked: 0 passed
11.06.2014 17:47:13,295 - INFO  - Watchdog has been checked: 0 passed
11.06.2014 17:49:13,150 - INFO  - Watchdog has been checked: 0 passed
11.06.2014 17:51:13,260 - INFO  - Watchdog has been checked: 0 passed
11.06.2014 17:53:13,271 - INFO  - Watchdog has been checked: 0 passed
11.06.2014 17:55:13,396 - INFO  - Watchdog has been checked: 0 passed
11.06.2014 17:57:13,403 - INFO  - Watchdog has been checked: 0 passed
11.06.2014 17:59:13,156 - INFO  - Watchdog has been checked: 0 passed
11.06.2014 18:01:13,363 - INFO  - Watchdog has been checked: 0 passed
11.06.2014 18:03:13,297 - INFO  - Watchdog has been checked: 0 passed
11.06.2014 18:05:13,089 - INFO  - Watchdog has been checked: 0 passed
11.06.2014 18:07:13,158 - INFO  - Watchdog has been checked: 0 passed
11.06.2014 18:09:13,195 - INFO  - Watchdog has been checked: 0 passed
11.06.2014 18:11:13,310 - INFO  - Watchdog has been checked: 0 passed
11.06.2014 18:13:13,314 - INFO  - Watchdog has been checked: 0 passed
11.06.2014 18:15:13,136 - INFO  - Watchdog has been checked: 0 passed
11.06.2014 18:17:13,107 - INFO  - Watchdog has been checked: 0 passed
11.06.2014 18:18:51,506 - INFO  - searcher identified --- respT: 28ms, 5171 results, web:(PSIWeb), q=, 
11.06.2014 18:19:13,166 - INFO  - Watchdog has been checked: 0 passed
11.06.2014 18:21:13,262 - INFO  - Watchdog has been checked: 0 passed
11.06.2014 18:23:13,231 - INFO  - Watchdog has been checked: 0 passed
11.06.2014 18:25:13,032 - INFO  - Watchdog has been checked: 0 passed
11.06.2014 18:27:12,024 - INFO  - Watchdog has been checked: 0 passed
11.06.2014 18:29:11,138 - INFO  - Watchdog has been checked: 0 passed
11.06.2014 18:31:11,172 - INFO  - Watchdog has been checked: 0 passed
11.06.2014 18:33:11,087 - INFO  - Watchdog has been checked: 0 passed
11.06.2014 18:35:10,099 - INFO  - Watchdog has been checked: 0 passed
11.06.2014 18:37:10,139 - INFO  - Watchdog has been checked: 0 passed
11.06.2014 18:39:10,306 - INFO  - Watchdog has been checked: 0 passed
11.06.2014 18:41:10,066 - INFO  - Watchdog has been checked: 0 passed
11.06.2014 18:43:09,074 - INFO  - Watchdog has been checked: 0 passed
11.06.2014 18:45:08,146 - INFO  - Watchdog has been checked: 0 passed
11.06.2014 18:47:08,200 - INFO  - Watchdog has been checked: 0 passed
11.06.2014 18:49:08,190 - INFO  - Watchdog has been checked: 0 passed
11.06.2014 18:51:08,252 - INFO  - Watchdog has been checked: 0 passed
11.06.2014 18:53:08,122 - INFO  - Watchdog has been checked: 0 passed
11.06.2014 18:55:07,179 - INFO  - Watchdog has been checked: 0 passed
11.06.2014 18:57:06,062 - INFO  - Watchdog has been checked: 0 passed
11.06.2014 18:59:05,441 - INFO  - Watchdog has been checked: 0 passed
11.06.2014 19:01:05,222 - INFO  - Watchdog has been checked: 0 passed
11.06.2014 19:03:05,285 - INFO  - Watchdog has been checked: 0 passed
11.06.2014 19:05:05,234 - INFO  - Watchdog has been checked: 0 passed
11.06.2014 19:07:05,273 - INFO  - Watchdog has been checked: 0 passed
11.06.2014 19:09:05,318 - INFO  - Watchdog has been checked: 0 passed
11.06.2014 19:11:05,165 - INFO  - Watchdog has been checked: 0 passed
11.06.2014 19:13:05,275 - INFO  - Watchdog has been checked: 0 passed
11.06.2014 19:15:05,253 - INFO  - Watchdog has been checked: 0 passed
11.06.2014 19:17:05,272 - INFO  - Watchdog has been checked: 0 passed
11.06.2014 19:19:05,287 - INFO  - Watchdog has been checked: 0 passed
11.06.2014 19:21:05,168 - INFO  - Watchdog has been checked: 0 passed
11.06.2014 19:23:05,142 - INFO  - Watchdog has been checked: 0 passed
11.06.2014 19:25:05,191 - INFO  - Watchdog has been checked: 0 passed
11.06.2014 19:27:05,146 - INFO  - Watchdog has been checked: 0 passed
11.06.2014 19:29:05,185 - INFO  - Watchdog has been checked: 0 passed
11.06.2014 19:31:05,033 - INFO  - Watchdog has been checked: 0 passed
11.06.2014 19:33:04,007 - INFO  - Watchdog has been checked: 0 passed
11.06.2014 19:35:03,050 - INFO  - Watchdog has been checked: 0 passed
11.06.2014 19:37:02,044 - INFO  - Watchdog has been checked: 0 passed
11.06.2014 19:39:01,050 - INFO  - Watchdog has been checked: 0 passed
11.06.2014 19:41:01,167 - INFO  - Watchdog has been checked: 0 passed
11.06.2014 19:43:01,232 - INFO  - Watchdog has been checked: 0 passed
11.06.2014 19:45:01,029 - INFO  - Watchdog has been checked: 0 passed
11.06.2014 19:47:00,097 - INFO  - Watchdog has been checked: 0 passed
11.06.2014 19:48:59,104 - INFO  - Watchdog has been checked: 0 passed
11.06.2014 19:50:59,245 - INFO  - Watchdog has been checked: 0 passed
11.06.2014 19:53:01,233 - INFO  - Watchdog has been checked: 0 passed
11.06.2014 19:55:01,271 - INFO  - Watchdog has been checked: 0 passed
11.06.2014 19:57:01,327 - INFO  - Watchdog has been checked: 0 passed
11.06.2014 19:59:01,301 - INFO  - Watchdog has been checked: 0 passed
11.06.2014 20:01:01,223 - INFO  - Watchdog has been checked: 0 passed
11.06.2014 20:03:01,330 - INFO  - Watchdog has been checked: 0 passed
11.06.2014 20:05:01,325 - INFO  - Watchdog has been checked: 0 passed
11.06.2014 20:07:01,295 - INFO  - Watchdog has been checked: 0 passed
11.06.2014 20:09:01,359 - INFO  - Watchdog has been checked: 0 passed
11.06.2014 20:11:01,244 - INFO  - Watchdog has been checked: 0 passed
11.06.2014 20:13:01,285 - INFO  - Watchdog has been checked: 0 passed
11.06.2014 20:15:01,306 - INFO  - Watchdog has been checked: 0 passed
11.06.2014 20:17:01,328 - INFO  - Watchdog has been checked: 0 passed
11.06.2014 20:19:01,322 - INFO  - Watchdog has been checked: 0 passed
11.06.2014 20:21:01,194 - INFO  - Watchdog has been checked: 0 passed
11.06.2014 20:23:01,218 - INFO  - Watchdog has been checked: 0 passed
11.06.2014 20:25:01,188 - INFO  - Watchdog has been checked: 0 passed
11.06.2014 20:27:01,251 - INFO  - Watchdog has been checked: 0 passed
11.06.2014 20:29:01,203 - INFO  - Watchdog has been checked: 0 passed
11.06.2014 20:31:01,118 - INFO  - Watchdog has been checked: 0 passed
11.06.2014 20:33:01,393 - INFO  - Watchdog has been checked: 0 passed
11.06.2014 20:35:01,158 - INFO  - Watchdog has been checked: 0 passed
11.06.2014 20:37:01,188 - INFO  - Watchdog has been checked: 0 passed
11.06.2014 20:39:01,249 - INFO  - Watchdog has been checked: 0 passed
11.06.2014 20:41:01,384 - INFO  - Watchdog has been checked: 0 passed
11.06.2014 20:43:01,174 - INFO  - Watchdog has been checked: 0 passed
11.06.2014 20:45:01,205 - INFO  - Watchdog has been checked: 0 passed
11.06.2014 20:47:01,202 - INFO  - Watchdog has been checked: 0 passed
11.06.2014 20:49:01,242 - INFO  - Watchdog has been checked: 0 passed
11.06.2014 20:51:01,151 - INFO  - Watchdog has been checked: 0 passed
11.06.2014 20:53:01,147 - INFO  - Watchdog has been checked: 0 passed
11.06.2014 20:55:01,130 - INFO  - Watchdog has been checked: 0 passed
11.06.2014 20:57:01,191 - INFO  - Watchdog has been checked: 0 passed
11.06.2014 20:59:01,214 - INFO  - Watchdog has been checked: 0 passed
11.06.2014 21:01:01,084 - INFO  - Watchdog has been checked: 0 passed
11.06.2014 21:03:00,205 - INFO  - Watchdog has been checked: 0 passed
11.06.2014 21:05:00,174 - INFO  - Watchdog has been checked: 0 passed
11.06.2014 21:07:00,220 - INFO  - Watchdog has been checked: 0 passed
11.06.2014 21:09:00,265 - INFO  - Watchdog has been checked: 0 passed
11.06.2014 21:11:00,136 - INFO  - Watchdog has been checked: 0 passed
11.06.2014 21:13:00,138 - INFO  - Watchdog has been checked: 0 passed
11.06.2014 21:15:00,177 - INFO  - Watchdog has been checked: 0 passed
11.06.2014 21:17:00,214 - INFO  - Watchdog has been checked: 0 passed
11.06.2014 21:19:00,205 - INFO  - Watchdog has been checked: 0 passed
11.06.2014 21:21:00,372 - INFO  - Watchdog has been checked: 0 passed
11.06.2014 21:23:00,380 - INFO  - Watchdog has been checked: 0 passed
11.06.2014 21:25:00,407 - INFO  - Watchdog has been checked: 0 passed
11.06.2014 21:27:00,455 - INFO  - Watchdog has been checked: 0 passed
11.06.2014 21:29:00,146 - INFO  - Watchdog has been checked: 0 passed
11.06.2014 21:31:00,303 - INFO  - Watchdog has been checked: 0 passed
11.06.2014 21:33:00,390 - INFO  - Watchdog has been checked: 0 passed
11.06.2014 21:35:00,344 - INFO  - Watchdog has been checked: 0 passed
11.06.2014 21:37:00,360 - INFO  - Watchdog has been checked: 0 passed
11.06.2014 21:39:00,152 - INFO  - Watchdog has been checked: 0 passed
11.06.2014 21:41:00,355 - INFO  - Watchdog has been checked: 0 passed
11.06.2014 21:43:00,389 - INFO  - Watchdog has been checked: 0 passed
11.06.2014 21:45:00,471 - INFO  - Watchdog has been checked: 0 passed
11.06.2014 21:47:00,221 - INFO  - Watchdog has been checked: 0 passed
11.06.2014 21:49:00,225 - INFO  - Watchdog has been checked: 0 passed
11.06.2014 21:51:00,388 - INFO  - Watchdog has been checked: 0 passed
11.06.2014 21:53:00,371 - INFO  - Watchdog has been checked: 0 passed
11.06.2014 21:55:00,071 - INFO  - Watchdog has been checked: 0 passed
11.06.2014 21:57:00,118 - INFO  - Watchdog has been checked: 0 passed
11.06.2014 21:59:00,177 - INFO  - Watchdog has been checked: 0 passed
11.06.2014 22:01:00,271 - INFO  - Watchdog has been checked: 0 passed
11.06.2014 22:03:00,283 - INFO  - Watchdog has been checked: 0 passed
11.06.2014 22:05:00,015 - INFO  - Watchdog has been checked: 0 passed
11.06.2014 22:06:59,025 - INFO  - Watchdog has been checked: 0 passed
11.06.2014 22:08:58,048 - INFO  - Watchdog has been checked: 0 passed
11.06.2014 22:10:57,261 - INFO  - Watchdog has been checked: 0 passed
11.06.2014 22:12:57,233 - INFO  - Watchdog has been checked: 0 passed
11.06.2014 22:14:57,223 - INFO  - Watchdog has been checked: 0 passed
11.06.2014 22:16:57,258 - INFO  - Watchdog has been checked: 0 passed
11.06.2014 22:18:57,389 - INFO  - Watchdog has been checked: 0 passed
11.06.2014 22:20:57,161 - INFO  - Watchdog has been checked: 0 passed
11.06.2014 22:22:56,203 - INFO  - Watchdog has been checked: 0 passed
11.06.2014 22:24:56,189 - INFO  - Watchdog has been checked: 0 passed
11.06.2014 22:26:55,197 - INFO  - Watchdog has been checked: 0 passed
11.06.2014 22:28:54,211 - INFO  - Watchdog has been checked: 0 passed
11.06.2014 22:30:54,100 - INFO  - Watchdog has been checked: 0 passed
11.06.2014 22:32:53,137 - INFO  - Watchdog has been checked: 0 passed
11.06.2014 22:34:52,168 - INFO  - Watchdog has been checked: 0 passed
11.06.2014 22:36:51,259 - INFO  - Watchdog has been checked: 0 passed
11.06.2014 22:38:51,223 - INFO  - Watchdog has been checked: 0 passed
11.06.2014 22:40:51,353 - INFO  - Watchdog has been checked: 0 passed
11.06.2014 22:42:51,438 - INFO  - Watchdog has been checked: 0 passed
11.06.2014 22:44:51,267 - INFO  - Watchdog has been checked: 0 passed
11.06.2014 22:46:51,230 - INFO  - Watchdog has been checked: 0 passed
11.06.2014 22:48:51,265 - INFO  - Watchdog has been checked: 0 passed
11.06.2014 22:50:51,138 - INFO  - Watchdog has been checked: 0 passed
11.06.2014 22:52:51,166 - INFO  - Watchdog has been checked: 0 passed
11.06.2014 22:54:51,192 - INFO  - Watchdog has been checked: 0 passed
11.06.2014 22:56:50,179 - INFO  - Watchdog has been checked: 0 passed
11.06.2014 22:58:50,181 - INFO  - Watchdog has been checked: 0 passed
11.06.2014 23:00:50,328 - INFO  - Watchdog has been checked: 0 passed
11.06.2014 23:02:50,503 - INFO  - Watchdog has been checked: 0 passed
11.06.2014 23:04:50,387 - INFO  - Watchdog has been checked: 0 passed
11.06.2014 23:06:50,396 - INFO  - Watchdog has been checked: 0 passed
11.06.2014 23:08:50,166 - INFO  - Watchdog has been checked: 0 passed
11.06.2014 23:10:50,287 - INFO  - Watchdog has been checked: 0 passed
11.06.2014 23:12:50,232 - INFO  - Watchdog has been checked: 0 passed
11.06.2014 23:14:50,116 - INFO  - Watchdog has been checked: 0 passed
11.06.2014 23:16:50,114 - INFO  - Watchdog has been checked: 0 passed
11.06.2014 23:18:49,995 - INFO  - Watchdog has been checked: 0 passed
11.06.2014 23:20:49,190 - INFO  - Watchdog has been checked: 0 passed
11.06.2014 23:22:49,169 - INFO  - Watchdog has been checked: 0 passed
11.06.2014 23:24:49,231 - INFO  - Watchdog has been checked: 0 passed
11.06.2014 23:26:48,986 - INFO  - Watchdog has been checked: 0 passed
11.06.2014 23:28:48,025 - INFO  - Watchdog has been checked: 0 passed
11.06.2014 23:30:54,357 - INFO  - Watchdog has been checked: 0 passed
11.06.2014 23:31:47,298 - INFO  - Watchdog has been checked: 0 passed
11.06.2014 23:33:49,593 - INFO  - Watchdog has been checked: 0 passed
11.06.2014 23:35:49,114 - INFO  - Watchdog has been checked: 0 passed
11.06.2014 23:37:48,161 - INFO  - Watchdog has been checked: 0 passed
11.06.2014 23:39:48,295 - INFO  - Watchdog has been checked: 0 passed
11.06.2014 23:41:48,364 - INFO  - Watchdog has been checked: 0 passed
11.06.2014 23:43:48,251 - INFO  - Watchdog has been checked: 0 passed
11.06.2014 23:45:48,181 - INFO  - Watchdog has been checked: 0 passed
11.06.2014 23:47:48,222 - INFO  - Watchdog has been checked: 0 passed
11.06.2014 23:49:48,131 - INFO  - Watchdog has been checked: 0 passed
11.06.2014 23:51:48,212 - INFO  - Watchdog has been checked: 0 passed
11.06.2014 23:53:48,329 - INFO  - Watchdog has been checked: 0 passed
11.06.2014 23:55:51,189 - INFO  - Watchdog has been checked: 0 passed
11.06.2014 23:57:50,251 - INFO  - Watchdog has been checked: 0 passed
11.06.2014 23:59:50,397 - INFO  - Watchdog has been checked: 0 passed
