04.09.2014 00:01:43,147 - INFO  - Watchdog has been checked: 0 passed
04.09.2014 00:03:43,174 - INFO  - Watchdog has been checked: 0 passed
04.09.2014 00:05:43,059 - INFO  - Watchdog has been checked: 0 passed
04.09.2014 00:07:43,235 - INFO  - Watchdog has been checked: 0 passed
04.09.2014 00:09:43,130 - INFO  - Watchdog has been checked: 0 passed
04.09.2014 00:11:43,062 - INFO  - Watchdog has been checked: 0 passed
04.09.2014 00:13:43,162 - INFO  - Watchdog has been checked: 0 passed
04.09.2014 00:15:43,272 - INFO  - Watchdog has been checked: 0 passed
04.09.2014 00:17:43,166 - INFO  - Watchdog has been checked: 0 passed
04.09.2014 00:19:43,287 - INFO  - Watchdog has been checked: 0 passed
04.09.2014 00:21:43,049 - INFO  - Watchdog has been checked: 0 passed
04.09.2014 00:23:43,119 - INFO  - Watchdog has been checked: 0 passed
04.09.2014 00:25:43,101 - INFO  - Watchdog has been checked: 0 passed
04.09.2014 00:27:43,296 - INFO  - Watchdog has been checked: 0 passed
04.09.2014 00:29:43,121 - INFO  - Watchdog has been checked: 0 passed
04.09.2014 00:31:43,066 - INFO  - Watchdog has been checked: 0 passed
04.09.2014 00:33:43,274 - INFO  - Watchdog has been checked: 0 passed
04.09.2014 00:35:43,359 - INFO  - Watchdog has been checked: 0 passed
04.09.2014 00:37:43,286 - INFO  - Watchdog has been checked: 0 passed
04.09.2014 00:39:43,200 - INFO  - Watchdog has been checked: 0 passed
04.09.2014 00:41:43,239 - INFO  - Watchdog has been checked: 0 passed
04.09.2014 00:43:43,266 - INFO  - Watchdog has been checked: 0 passed
04.09.2014 00:45:43,099 - INFO  - Watchdog has been checked: 0 passed
04.09.2014 00:47:42,141 - INFO  - Watchdog has been checked: 0 passed
04.09.2014 00:49:42,339 - INFO  - Watchdog has been checked: 0 passed
04.09.2014 00:51:42,319 - INFO  - Watchdog has been checked: 0 passed
04.09.2014 00:53:42,138 - INFO  - Watchdog has been checked: 0 passed
04.09.2014 00:55:42,314 - INFO  - Watchdog has been checked: 0 passed
04.09.2014 00:57:42,183 - INFO  - Watchdog has been checked: 0 passed
04.09.2014 00:59:42,310 - INFO  - Watchdog has been checked: 0 passed
04.09.2014 01:01:42,089 - INFO  - Watchdog has been checked: 0 passed
04.09.2014 01:03:41,042 - INFO  - Watchdog has been checked: 0 passed
04.09.2014 01:05:40,192 - INFO  - Watchdog has been checked: 0 passed
04.09.2014 01:07:40,283 - INFO  - Watchdog has been checked: 0 passed
04.09.2014 01:09:40,154 - INFO  - Watchdog has been checked: 0 passed
04.09.2014 01:11:40,158 - INFO  - Watchdog has been checked: 0 passed
04.09.2014 01:13:40,780 - INFO  - Watchdog has been checked: 0 passed
04.09.2014 01:15:40,008 - INFO  - Watchdog has been checked: 0 passed
04.09.2014 01:17:40,203 - INFO  - Watchdog has been checked: 0 passed
04.09.2014 01:19:40,015 - INFO  - Watchdog has been checked: 0 passed
04.09.2014 01:21:40,096 - INFO  - Watchdog has been checked: 0 passed
04.09.2014 01:23:40,058 - INFO  - Watchdog has been checked: 0 passed
04.09.2014 01:25:39,991 - INFO  - Watchdog has been checked: 0 passed
04.09.2014 01:27:40,151 - INFO  - Watchdog has been checked: 0 passed
04.09.2014 01:29:40,084 - INFO  - Watchdog has been checked: 0 passed
04.09.2014 01:31:40,070 - INFO  - Watchdog has been checked: 0 passed
04.09.2014 01:33:41,692 - INFO  - Watchdog has been checked: 0 passed
04.09.2014 01:35:41,217 - INFO  - Watchdog has been checked: 0 passed
04.09.2014 01:37:41,193 - INFO  - Watchdog has been checked: 0 passed
04.09.2014 01:39:41,210 - INFO  - Watchdog has been checked: 0 passed
04.09.2014 01:41:41,507 - INFO  - Watchdog has been checked: 0 passed
04.09.2014 01:43:41,296 - INFO  - Watchdog has been checked: 0 passed
04.09.2014 01:45:41,239 - INFO  - Watchdog has been checked: 0 passed
04.09.2014 01:47:41,067 - INFO  - Watchdog has been checked: 0 passed
04.09.2014 01:49:41,129 - INFO  - Watchdog has been checked: 0 passed
04.09.2014 01:51:41,108 - INFO  - Watchdog has been checked: 0 passed
04.09.2014 01:53:41,298 - INFO  - Watchdog has been checked: 0 passed
04.09.2014 01:55:41,063 - INFO  - Watchdog has been checked: 0 passed
04.09.2014 01:57:41,076 - INFO  - Watchdog has been checked: 0 passed
04.09.2014 01:59:40,989 - INFO  - Watchdog has been checked: 0 passed
04.09.2014 02:01:41,193 - INFO  - Watchdog has been checked: 0 passed
04.09.2014 02:03:41,431 - INFO  - Watchdog has been checked: 0 passed
04.09.2014 02:05:41,304 - INFO  - Watchdog has been checked: 0 passed
04.09.2014 02:07:41,212 - INFO  - Watchdog has been checked: 0 passed
04.09.2014 02:09:41,101 - INFO  - Watchdog has been checked: 0 passed
04.09.2014 02:11:41,124 - INFO  - Watchdog has been checked: 0 passed
04.09.2014 02:13:41,242 - INFO  - Watchdog has been checked: 0 passed
04.09.2014 02:15:41,135 - INFO  - Watchdog has been checked: 0 passed
04.09.2014 02:17:40,312 - INFO  - Watchdog has been checked: 0 passed
04.09.2014 02:19:40,201 - INFO  - Watchdog has been checked: 0 passed
04.09.2014 02:21:40,266 - INFO  - Watchdog has been checked: 0 passed
04.09.2014 02:23:40,188 - INFO  - Watchdog has been checked: 0 passed
04.09.2014 02:25:40,270 - INFO  - Watchdog has been checked: 0 passed
04.09.2014 02:27:40,396 - INFO  - Watchdog has been checked: 0 passed
04.09.2014 02:29:40,355 - INFO  - Watchdog has been checked: 0 passed
04.09.2014 02:31:40,345 - INFO  - Watchdog has been checked: 0 passed
04.09.2014 02:33:40,413 - INFO  - Watchdog has been checked: 0 passed
04.09.2014 02:35:41,888 - INFO  - Watchdog has been checked: 0 passed
04.09.2014 02:37:41,144 - INFO  - Watchdog has been checked: 0 passed
04.09.2014 02:39:40,182 - INFO  - Watchdog has been checked: 0 passed
04.09.2014 02:41:39,159 - INFO  - Watchdog has been checked: 0 passed
04.09.2014 02:43:39,217 - INFO  - Watchdog has been checked: 0 passed
04.09.2014 02:45:39,238 - INFO  - Watchdog has been checked: 0 passed
04.09.2014 02:47:39,093 - INFO  - Watchdog has been checked: 0 passed
04.09.2014 02:49:39,075 - INFO  - Watchdog has been checked: 0 passed
04.09.2014 02:51:37,973 - INFO  - Watchdog has been checked: 0 passed
04.09.2014 02:53:37,077 - INFO  - Watchdog has been checked: 0 passed
04.09.2014 02:55:36,957 - INFO  - Watchdog has been checked: 0 passed
04.09.2014 02:57:36,167 - INFO  - Watchdog has been checked: 0 passed
04.09.2014 02:59:35,991 - INFO  - Watchdog has been checked: 0 passed
04.09.2014 03:01:34,970 - INFO  - Watchdog has been checked: 0 passed
04.09.2014 03:03:34,051 - INFO  - Watchdog has been checked: 0 passed
04.09.2014 03:05:33,977 - INFO  - Watchdog has been checked: 0 passed
04.09.2014 03:07:32,995 - INFO  - Watchdog has been checked: 0 passed
04.09.2014 03:09:33,145 - INFO  - Watchdog has been checked: 0 passed
04.09.2014 03:11:33,194 - INFO  - Watchdog has been checked: 0 passed
04.09.2014 03:13:33,286 - INFO  - Watchdog has been checked: 0 passed
04.09.2014 03:15:33,119 - INFO  - Watchdog has been checked: 0 passed
04.09.2014 03:17:33,244 - INFO  - Watchdog has been checked: 0 passed
04.09.2014 03:19:33,152 - INFO  - Watchdog has been checked: 0 passed
04.09.2014 03:21:33,233 - INFO  - Watchdog has been checked: 0 passed
04.09.2014 03:23:33,249 - INFO  - Watchdog has been checked: 0 passed
04.09.2014 03:25:33,170 - INFO  - Watchdog has been checked: 0 passed
04.09.2014 03:27:33,297 - INFO  - Watchdog has been checked: 0 passed
04.09.2014 03:29:33,160 - INFO  - Watchdog has been checked: 0 passed
04.09.2014 03:31:33,181 - INFO  - Watchdog has been checked: 0 passed
04.09.2014 03:33:33,171 - INFO  - Watchdog has been checked: 0 passed
04.09.2014 03:35:33,303 - INFO  - Watchdog has been checked: 0 passed
04.09.2014 03:37:33,262 - INFO  - Watchdog has been checked: 0 passed
04.09.2014 03:39:33,120 - INFO  - Watchdog has been checked: 0 passed
04.09.2014 03:41:33,199 - INFO  - Watchdog has been checked: 0 passed
04.09.2014 03:43:33,181 - INFO  - Watchdog has been checked: 0 passed
04.09.2014 03:45:33,279 - INFO  - Watchdog has been checked: 0 passed
04.09.2014 03:47:33,207 - INFO  - Watchdog has been checked: 0 passed
04.09.2014 03:49:33,395 - INFO  - Watchdog has been checked: 0 passed
04.09.2014 03:51:33,172 - INFO  - Watchdog has been checked: 0 passed
04.09.2014 03:53:33,155 - INFO  - Watchdog has been checked: 0 passed
04.09.2014 03:55:33,329 - INFO  - Watchdog has been checked: 0 passed
04.09.2014 03:57:33,219 - INFO  - Watchdog has been checked: 0 passed
04.09.2014 03:59:33,315 - INFO  - Watchdog has been checked: 0 passed
04.09.2014 04:01:33,149 - INFO  - Watchdog has been checked: 0 passed
04.09.2014 04:03:33,154 - INFO  - Watchdog has been checked: 0 passed
04.09.2014 04:05:33,289 - INFO  - Watchdog has been checked: 0 passed
04.09.2014 04:07:33,228 - INFO  - Watchdog has been checked: 0 passed
04.09.2014 04:09:33,100 - INFO  - Watchdog has been checked: 0 passed
04.09.2014 04:11:33,154 - INFO  - Watchdog has been checked: 0 passed
04.09.2014 04:13:33,217 - INFO  - Watchdog has been checked: 0 passed
04.09.2014 04:15:33,058 - INFO  - Watchdog has been checked: 0 passed
04.09.2014 04:17:32,271 - INFO  - Watchdog has been checked: 0 passed
04.09.2014 04:19:32,071 - INFO  - Watchdog has been checked: 0 passed
04.09.2014 04:21:31,132 - INFO  - Watchdog has been checked: 0 passed
04.09.2014 04:23:31,189 - INFO  - Watchdog has been checked: 0 passed
04.09.2014 04:25:31,131 - INFO  - Watchdog has been checked: 0 passed
04.09.2014 04:27:31,225 - INFO  - Watchdog has been checked: 0 passed
04.09.2014 04:29:31,285 - INFO  - Watchdog has been checked: 0 passed
04.09.2014 04:31:31,108 - INFO  - Watchdog has been checked: 0 passed
04.09.2014 04:33:31,232 - INFO  - Watchdog has been checked: 0 passed
04.09.2014 04:35:31,314 - INFO  - Watchdog has been checked: 0 passed
04.09.2014 04:37:31,290 - INFO  - Watchdog has been checked: 0 passed
04.09.2014 04:39:31,081 - INFO  - Watchdog has been checked: 0 passed
04.09.2014 04:41:30,129 - INFO  - Watchdog has been checked: 0 passed
04.09.2014 04:43:30,176 - INFO  - Watchdog has been checked: 0 passed
04.09.2014 04:45:30,242 - INFO  - Watchdog has been checked: 0 passed
04.09.2014 04:47:30,113 - INFO  - Watchdog has been checked: 0 passed
04.09.2014 04:49:30,279 - INFO  - Watchdog has been checked: 0 passed
04.09.2014 04:51:30,259 - INFO  - Watchdog has been checked: 0 passed
04.09.2014 04:53:30,105 - INFO  - Watchdog has been checked: 0 passed
04.09.2014 04:55:30,119 - INFO  - Watchdog has been checked: 0 passed
04.09.2014 04:57:30,257 - INFO  - Watchdog has been checked: 0 passed
04.09.2014 04:59:30,052 - INFO  - Watchdog has been checked: 0 passed
04.09.2014 05:01:30,048 - INFO  - Watchdog has been checked: 0 passed
04.09.2014 05:03:30,158 - INFO  - Watchdog has been checked: 0 passed
04.09.2014 05:05:30,181 - INFO  - Watchdog has been checked: 0 passed
04.09.2014 05:07:30,209 - INFO  - Watchdog has been checked: 0 passed
04.09.2014 05:09:30,168 - INFO  - Watchdog has been checked: 0 passed
04.09.2014 05:11:30,148 - INFO  - Watchdog has been checked: 0 passed
04.09.2014 05:13:30,169 - INFO  - Watchdog has been checked: 0 passed
04.09.2014 05:15:30,338 - INFO  - Watchdog has been checked: 0 passed
04.09.2014 05:17:30,299 - INFO  - Watchdog has been checked: 0 passed
04.09.2014 05:19:30,096 - INFO  - Watchdog has been checked: 0 passed
04.09.2014 05:21:30,018 - INFO  - Watchdog has been checked: 0 passed
04.09.2014 05:23:30,153 - INFO  - Watchdog has been checked: 0 passed
04.09.2014 05:25:30,270 - INFO  - Watchdog has been checked: 0 passed
04.09.2014 05:27:30,139 - INFO  - Watchdog has been checked: 0 passed
04.09.2014 05:29:30,158 - INFO  - Watchdog has been checked: 0 passed
04.09.2014 05:31:30,116 - INFO  - Watchdog has been checked: 0 passed
04.09.2014 05:33:30,131 - INFO  - Watchdog has been checked: 0 passed
04.09.2014 05:35:30,239 - INFO  - Watchdog has been checked: 0 passed
04.09.2014 05:37:30,120 - INFO  - Watchdog has been checked: 0 passed
04.09.2014 05:39:30,316 - INFO  - Watchdog has been checked: 0 passed
04.09.2014 05:41:30,135 - INFO  - Watchdog has been checked: 0 passed
04.09.2014 05:43:30,148 - INFO  - Watchdog has been checked: 0 passed
04.09.2014 05:45:30,267 - INFO  - Watchdog has been checked: 0 passed
04.09.2014 05:47:30,113 - INFO  - Watchdog has been checked: 0 passed
04.09.2014 05:49:30,227 - INFO  - Watchdog has been checked: 0 passed
04.09.2014 05:51:30,278 - INFO  - Watchdog has been checked: 0 passed
04.09.2014 05:53:30,240 - INFO  - Watchdog has been checked: 0 passed
04.09.2014 05:55:30,216 - INFO  - Watchdog has been checked: 0 passed
04.09.2014 05:57:30,224 - INFO  - Watchdog has been checked: 0 passed
04.09.2014 05:59:30,110 - INFO  - Watchdog has been checked: 0 passed
04.09.2014 06:01:30,153 - INFO  - Watchdog has been checked: 0 passed
04.09.2014 06:03:30,084 - INFO  - Watchdog has been checked: 0 passed
04.09.2014 06:05:30,208 - INFO  - Watchdog has been checked: 0 passed
04.09.2014 06:07:30,136 - INFO  - Watchdog has been checked: 0 passed
04.09.2014 06:09:30,260 - INFO  - Watchdog has been checked: 0 passed
04.09.2014 06:11:30,274 - INFO  - Watchdog has been checked: 0 passed
04.09.2014 06:13:30,027 - INFO  - Watchdog has been checked: 0 passed
04.09.2014 06:15:01,604 - INFO  - mapping file sync started
04.09.2014 06:15:02,208 - INFO  - file successfully updated
04.09.2014 06:15:30,122 - INFO  - Watchdog has been checked: 0 passed
04.09.2014 06:17:30,079 - INFO  - Watchdog has been checked: 0 passed
04.09.2014 06:19:30,155 - INFO  - Watchdog has been checked: 0 passed
04.09.2014 06:21:30,267 - INFO  - Watchdog has been checked: 0 passed
04.09.2014 06:23:30,171 - INFO  - Watchdog has been checked: 0 passed
04.09.2014 06:25:30,327 - INFO  - Watchdog has been checked: 0 passed
04.09.2014 06:27:30,243 - INFO  - Watchdog has been checked: 0 passed
04.09.2014 06:29:30,093 - INFO  - Watchdog has been checked: 0 passed
04.09.2014 06:31:30,185 - INFO  - Watchdog has been checked: 0 passed
04.09.2014 06:33:30,131 - INFO  - Watchdog has been checked: 0 passed
04.09.2014 06:35:30,216 - INFO  - Watchdog has been checked: 0 passed
04.09.2014 06:37:30,152 - INFO  - Watchdog has been checked: 0 passed
04.09.2014 06:39:30,250 - INFO  - Watchdog has been checked: 0 passed
04.09.2014 06:41:30,203 - INFO  - Watchdog has been checked: 0 passed
04.09.2014 06:43:30,198 - INFO  - Watchdog has been checked: 0 passed
04.09.2014 06:45:30,318 - INFO  - Watchdog has been checked: 0 passed
04.09.2014 06:47:30,221 - INFO  - Watchdog has been checked: 0 passed
04.09.2014 06:49:30,304 - INFO  - Watchdog has been checked: 0 passed
04.09.2014 06:51:30,301 - INFO  - Watchdog has been checked: 0 passed
04.09.2014 06:53:30,106 - INFO  - Watchdog has been checked: 0 passed
04.09.2014 06:55:30,178 - INFO  - Watchdog has been checked: 0 passed
04.09.2014 06:57:30,135 - INFO  - Watchdog has been checked: 0 passed
04.09.2014 06:59:30,241 - INFO  - Watchdog has been checked: 0 passed
04.09.2014 07:01:30,320 - INFO  - Watchdog has been checked: 0 passed
04.09.2014 07:03:30,072 - INFO  - Watchdog has been checked: 0 passed
04.09.2014 07:05:29,171 - INFO  - Watchdog has been checked: 0 passed
04.09.2014 07:07:29,123 - INFO  - Watchdog has been checked: 0 passed
04.09.2014 07:09:29,221 - INFO  - Watchdog has been checked: 0 passed
04.09.2014 07:11:30,546 - INFO  - Watchdog has been checked: 0 passed
04.09.2014 07:13:30,127 - INFO  - Watchdog has been checked: 0 passed
04.09.2014 07:15:01,903 - INFO  - mapping file sync started
04.09.2014 07:15:02,403 - INFO  - file successfully updated
04.09.2014 07:15:30,192 - INFO  - Watchdog has been checked: 0 passed
04.09.2014 07:17:30,089 - INFO  - Watchdog has been checked: 0 passed
04.09.2014 07:19:30,184 - INFO  - Watchdog has been checked: 0 passed
04.09.2014 07:21:30,218 - INFO  - Watchdog has been checked: 0 passed
04.09.2014 07:23:30,224 - INFO  - Watchdog has been checked: 0 passed
04.09.2014 07:25:30,088 - INFO  - Watchdog has been checked: 0 passed
04.09.2014 07:27:30,221 - INFO  - Watchdog has been checked: 0 passed
04.09.2014 07:29:30,080 - INFO  - Watchdog has been checked: 0 passed
04.09.2014 07:31:30,084 - INFO  - Watchdog has been checked: 0 passed
04.09.2014 07:33:30,145 - INFO  - Watchdog has been checked: 0 passed
04.09.2014 07:35:30,181 - INFO  - Watchdog has been checked: 0 passed
04.09.2014 07:37:30,094 - INFO  - Watchdog has been checked: 0 passed
04.09.2014 07:39:30,219 - INFO  - Watchdog has been checked: 0 passed
04.09.2014 07:41:30,229 - INFO  - Watchdog has been checked: 0 passed
04.09.2014 07:43:30,064 - INFO  - Watchdog has been checked: 0 passed
04.09.2014 07:45:30,158 - INFO  - Watchdog has been checked: 0 passed
04.09.2014 07:47:30,049 - INFO  - Watchdog has been checked: 0 passed
04.09.2014 07:49:30,202 - INFO  - Watchdog has been checked: 0 passed
04.09.2014 07:51:30,149 - INFO  - Watchdog has been checked: 0 passed
04.09.2014 07:53:30,226 - INFO  - Watchdog has been checked: 0 passed
04.09.2014 07:55:30,343 - INFO  - Watchdog has been checked: 0 passed
04.09.2014 07:57:30,242 - INFO  - Watchdog has been checked: 0 passed
04.09.2014 07:59:30,062 - INFO  - Watchdog has been checked: 0 passed
04.09.2014 08:01:30,020 - INFO  - Watchdog has been checked: 0 passed
04.09.2014 08:03:29,064 - INFO  - Watchdog has been checked: 0 passed
04.09.2014 08:05:29,249 - INFO  - Watchdog has been checked: 0 passed
04.09.2014 08:07:29,165 - INFO  - Watchdog has been checked: 0 passed
04.09.2014 08:09:29,316 - INFO  - Watchdog has been checked: 0 passed
04.09.2014 08:11:29,294 - INFO  - Watchdog has been checked: 0 passed
04.09.2014 08:13:29,128 - INFO  - Watchdog has been checked: 0 passed
04.09.2014 08:15:29,110 - INFO  - Watchdog has been checked: 0 passed
04.09.2014 08:17:28,163 - INFO  - Watchdog has been checked: 0 passed
04.09.2014 08:19:28,406 - INFO  - Watchdog has been checked: 0 passed
04.09.2014 08:21:28,047 - INFO  - Watchdog has been checked: 0 passed
04.09.2014 08:23:28,110 - INFO  - Watchdog has been checked: 0 passed
04.09.2014 08:25:28,286 - INFO  - Watchdog has been checked: 0 passed
04.09.2014 08:27:29,321 - INFO  - Watchdog has been checked: 0 passed
04.09.2014 08:29:29,201 - INFO  - Watchdog has been checked: 0 passed
04.09.2014 08:31:29,263 - INFO  - Watchdog has been checked: 0 passed
04.09.2014 08:33:29,266 - INFO  - Watchdog has been checked: 0 passed
04.09.2014 08:35:29,126 - INFO  - Watchdog has been checked: 0 passed
04.09.2014 08:37:29,264 - INFO  - Watchdog has been checked: 0 passed
04.09.2014 08:39:29,095 - INFO  - Watchdog has been checked: 0 passed
04.09.2014 08:41:29,168 - INFO  - Watchdog has been checked: 0 passed
04.09.2014 08:43:29,136 - INFO  - Watchdog has been checked: 0 passed
04.09.2014 08:45:29,264 - INFO  - Watchdog has been checked: 0 passed
04.09.2014 08:47:29,154 - INFO  - Watchdog has been checked: 0 passed
04.09.2014 08:49:29,394 - INFO  - Watchdog has been checked: 0 passed
04.09.2014 08:51:29,308 - INFO  - Watchdog has been checked: 0 passed
04.09.2014 08:53:29,401 - INFO  - Watchdog has been checked: 0 passed
04.09.2014 08:55:29,373 - INFO  - Watchdog has been checked: 0 passed
04.09.2014 08:57:29,260 - INFO  - Watchdog has been checked: 0 passed
04.09.2014 08:59:29,358 - INFO  - Watchdog has been checked: 0 passed
04.09.2014 09:01:29,161 - INFO  - Watchdog has been checked: 0 passed
04.09.2014 09:03:29,362 - INFO  - Watchdog has been checked: 0 passed
04.09.2014 09:05:29,265 - INFO  - Watchdog has been checked: 0 passed
04.09.2014 09:07:29,232 - INFO  - Watchdog has been checked: 0 passed
04.09.2014 09:09:29,288 - INFO  - Watchdog has been checked: 0 passed
04.09.2014 09:11:29,273 - INFO  - Watchdog has been checked: 0 passed
04.09.2014 09:13:29,290 - INFO  - Watchdog has been checked: 0 passed
04.09.2014 09:15:29,208 - INFO  - Watchdog has been checked: 0 passed
04.09.2014 09:17:29,198 - INFO  - Watchdog has been checked: 0 passed
04.09.2014 09:19:29,274 - INFO  - Watchdog has been checked: 0 passed
04.09.2014 09:21:29,280 - INFO  - Watchdog has been checked: 0 passed
04.09.2014 09:23:29,233 - INFO  - Watchdog has been checked: 0 passed
04.09.2014 09:25:29,126 - INFO  - Watchdog has been checked: 0 passed
04.09.2014 09:27:29,011 - INFO  - Watchdog has been checked: 0 passed
04.09.2014 09:28:07,759 - INFO  - searcher identified --- respT: 43ms, 83259 results, q=, 
04.09.2014 09:28:26,868 - INFO  - searcher identified --- respT: 17ms, 5993 results, q=experiment, 
04.09.2014 09:28:29,753 - INFO  - searcher identified --- respT: 15ms, 400 results, q=experimentier, 
04.09.2014 09:28:31,436 - INFO  - searcher identified --- respT: 31ms, 93 results, q=experimentierha, 
04.09.2014 09:28:32,550 - INFO  - searcher identified --- respT: 20ms, 88 results, q=experimentierhalle, 
04.09.2014 09:29:29,065 - INFO  - Watchdog has been checked: 0 passed
04.09.2014 09:31:28,103 - INFO  - Watchdog has been checked: 0 passed
04.09.2014 09:32:44,740 - INFO  - searcher identified --- respT: 38ms, 83259 results, q=, 
04.09.2014 09:33:28,225 - INFO  - Watchdog has been checked: 0 passed
04.09.2014 09:35:28,071 - INFO  - Watchdog has been checked: 0 passed
04.09.2014 09:37:27,235 - INFO  - Watchdog has been checked: 0 passed
04.09.2014 09:39:27,314 - INFO  - Watchdog has been checked: 0 passed
04.09.2014 09:41:27,324 - INFO  - Watchdog has been checked: 0 passed
04.09.2014 09:43:27,056 - INFO  - Watchdog has been checked: 0 passed
04.09.2014 09:45:26,145 - INFO  - Watchdog has been checked: 0 passed
04.09.2014 09:47:25,286 - INFO  - Watchdog has been checked: 0 passed
04.09.2014 09:49:25,131 - INFO  - Watchdog has been checked: 0 passed
04.09.2014 09:51:24,181 - INFO  - Watchdog has been checked: 0 passed
04.09.2014 09:53:24,138 - INFO  - Watchdog has been checked: 0 passed
04.09.2014 09:55:24,301 - INFO  - Watchdog has been checked: 0 passed
04.09.2014 09:57:24,090 - INFO  - Watchdog has been checked: 0 passed
04.09.2014 09:59:24,250 - INFO  - Watchdog has been checked: 0 passed
04.09.2014 10:01:24,250 - INFO  - Watchdog has been checked: 0 passed
04.09.2014 10:03:24,354 - INFO  - Watchdog has been checked: 0 passed
04.09.2014 10:05:24,147 - INFO  - Watchdog has been checked: 0 passed
04.09.2014 10:07:23,358 - INFO  - Watchdog has been checked: 0 passed
04.09.2014 10:09:23,211 - INFO  - Watchdog has been checked: 0 passed
04.09.2014 10:11:23,259 - INFO  - Watchdog has been checked: 0 passed
04.09.2014 10:13:23,240 - INFO  - Watchdog has been checked: 0 passed
04.09.2014 10:15:23,190 - INFO  - Watchdog has been checked: 0 passed
04.09.2014 10:17:23,369 - INFO  - Watchdog has been checked: 0 passed
04.09.2014 10:19:23,261 - INFO  - Watchdog has been checked: 0 passed
04.09.2014 10:21:23,235 - INFO  - Watchdog has been checked: 0 passed
04.09.2014 10:23:23,297 - INFO  - Watchdog has been checked: 0 passed
04.09.2014 10:25:23,425 - INFO  - Watchdog has been checked: 0 passed
04.09.2014 10:27:23,296 - INFO  - Watchdog has been checked: 0 passed
04.09.2014 10:29:23,367 - INFO  - Watchdog has been checked: 0 passed
04.09.2014 10:31:23,426 - INFO  - Watchdog has been checked: 0 passed
04.09.2014 10:33:23,160 - INFO  - Watchdog has been checked: 0 passed
04.09.2014 10:35:23,277 - INFO  - Watchdog has been checked: 0 passed
04.09.2014 10:37:23,167 - INFO  - Watchdog has been checked: 0 passed
04.09.2014 10:39:23,058 - INFO  - Watchdog has been checked: 0 passed
04.09.2014 10:41:23,101 - INFO  - Watchdog has been checked: 0 passed
04.09.2014 10:43:23,156 - INFO  - Watchdog has been checked: 0 passed
04.09.2014 10:45:23,033 - INFO  - Watchdog has been checked: 0 passed
04.09.2014 10:47:22,493 - INFO  - Watchdog has been checked: 0 passed
04.09.2014 10:49:22,104 - INFO  - Watchdog has been checked: 0 passed
04.09.2014 10:51:22,196 - INFO  - Watchdog has been checked: 0 passed
04.09.2014 10:53:22,161 - INFO  - Watchdog has been checked: 0 passed
04.09.2014 10:55:22,013 - INFO  - Watchdog has been checked: 0 passed
04.09.2014 10:57:21,223 - INFO  - Watchdog has been checked: 0 passed
04.09.2014 10:59:20,328 - INFO  - Watchdog has been checked: 0 passed
04.09.2014 11:01:20,039 - INFO  - Watchdog has been checked: 0 passed
04.09.2014 11:03:19,168 - INFO  - Watchdog has been checked: 0 passed
04.09.2014 11:05:19,254 - INFO  - Watchdog has been checked: 0 passed
04.09.2014 11:07:19,173 - INFO  - Watchdog has been checked: 0 passed
04.09.2014 11:09:19,187 - INFO  - Watchdog has been checked: 0 passed
04.09.2014 11:11:19,258 - INFO  - Watchdog has been checked: 0 passed
04.09.2014 11:13:19,333 - INFO  - Watchdog has been checked: 0 passed
04.09.2014 11:15:19,144 - INFO  - Watchdog has been checked: 0 passed
04.09.2014 11:17:18,183 - INFO  - Watchdog has been checked: 0 passed
04.09.2014 11:19:18,239 - INFO  - Watchdog has been checked: 0 passed
04.09.2014 11:21:18,345 - INFO  - Watchdog has been checked: 0 passed
04.09.2014 11:23:19,239 - INFO  - Watchdog has been checked: 0 passed
04.09.2014 11:25:19,449 - INFO  - Watchdog has been checked: 0 passed
04.09.2014 11:27:19,114 - INFO  - Watchdog has been checked: 0 passed
04.09.2014 11:29:19,255 - INFO  - Watchdog has been checked: 0 passed
04.09.2014 11:31:19,228 - INFO  - Watchdog has been checked: 0 passed
04.09.2014 11:33:19,240 - INFO  - Watchdog has been checked: 0 passed
04.09.2014 11:35:19,429 - INFO  - Watchdog has been checked: 0 passed
04.09.2014 11:37:19,171 - INFO  - Watchdog has been checked: 0 passed
04.09.2014 11:39:19,179 - INFO  - Watchdog has been checked: 0 passed
04.09.2014 11:41:19,197 - INFO  - Watchdog has been checked: 0 passed
04.09.2014 11:43:19,471 - INFO  - Watchdog has been checked: 0 passed
04.09.2014 11:45:19,321 - INFO  - Watchdog has been checked: 0 passed
04.09.2014 11:47:19,342 - INFO  - Watchdog has been checked: 0 passed
04.09.2014 11:49:19,337 - INFO  - Watchdog has been checked: 0 passed
04.09.2014 11:51:19,473 - INFO  - Watchdog has been checked: 0 passed
04.09.2014 11:53:19,450 - INFO  - Watchdog has been checked: 0 passed
04.09.2014 11:55:19,300 - INFO  - Watchdog has been checked: 0 passed
04.09.2014 11:57:19,381 - INFO  - Watchdog has been checked: 0 passed
04.09.2014 11:59:19,529 - INFO  - Watchdog has been checked: 0 passed
04.09.2014 12:01:19,302 - INFO  - Watchdog has been checked: 0 passed
04.09.2014 12:03:19,306 - INFO  - Watchdog has been checked: 0 passed
04.09.2014 12:05:19,447 - INFO  - Watchdog has been checked: 0 passed
04.09.2014 12:07:19,300 - INFO  - Watchdog has been checked: 0 passed
04.09.2014 12:09:19,226 - INFO  - Watchdog has been checked: 0 passed
04.09.2014 12:11:19,316 - INFO  - Watchdog has been checked: 0 passed
04.09.2014 12:13:19,388 - INFO  - Watchdog has been checked: 0 passed
04.09.2014 12:15:19,197 - INFO  - Watchdog has been checked: 0 passed
04.09.2014 12:17:19,189 - INFO  - Watchdog has been checked: 0 passed
04.09.2014 12:19:19,192 - INFO  - Watchdog has been checked: 0 passed
04.09.2014 12:21:19,207 - INFO  - Watchdog has been checked: 0 passed
04.09.2014 12:23:19,185 - INFO  - Watchdog has been checked: 0 passed
04.09.2014 12:25:19,271 - INFO  - Watchdog has been checked: 0 passed
04.09.2014 12:27:19,013 - INFO  - Watchdog has been checked: 0 passed
04.09.2014 12:29:18,107 - INFO  - Watchdog has been checked: 0 passed
04.09.2014 12:31:17,173 - INFO  - Watchdog has been checked: 0 passed
04.09.2014 12:33:16,123 - INFO  - Watchdog has been checked: 0 passed
04.09.2014 12:35:15,169 - INFO  - Watchdog has been checked: 0 passed
04.09.2014 12:37:15,237 - INFO  - Watchdog has been checked: 0 passed
04.09.2014 12:39:15,226 - INFO  - Watchdog has been checked: 0 passed
04.09.2014 12:41:15,323 - INFO  - Watchdog has been checked: 0 passed
04.09.2014 12:43:15,051 - INFO  - Watchdog has been checked: 0 passed
04.09.2014 12:45:14,117 - INFO  - Watchdog has been checked: 0 passed
04.09.2014 12:47:14,155 - INFO  - Watchdog has been checked: 0 passed
04.09.2014 12:49:14,151 - INFO  - Watchdog has been checked: 0 passed
04.09.2014 12:51:14,174 - INFO  - Watchdog has been checked: 0 passed
04.09.2014 12:53:14,233 - INFO  - Watchdog has been checked: 0 passed
04.09.2014 12:55:14,071 - INFO  - Watchdog has been checked: 0 passed
04.09.2014 12:57:14,124 - INFO  - Watchdog has been checked: 0 passed
04.09.2014 12:59:14,131 - INFO  - Watchdog has been checked: 0 passed
04.09.2014 13:01:14,137 - INFO  - Watchdog has been checked: 0 passed
04.09.2014 13:03:14,153 - INFO  - Watchdog has been checked: 0 passed
04.09.2014 13:05:14,239 - INFO  - Watchdog has been checked: 0 passed
04.09.2014 13:07:14,393 - INFO  - Watchdog has been checked: 0 passed
04.09.2014 13:09:14,293 - INFO  - Watchdog has been checked: 0 passed
04.09.2014 13:11:14,296 - INFO  - Watchdog has been checked: 0 passed
04.09.2014 13:13:14,332 - INFO  - Watchdog has been checked: 0 passed
04.09.2014 13:15:14,199 - INFO  - Watchdog has been checked: 0 passed
04.09.2014 13:17:14,281 - INFO  - Watchdog has been checked: 0 passed
04.09.2014 13:19:14,203 - INFO  - Watchdog has been checked: 0 passed
04.09.2014 13:21:14,238 - INFO  - Watchdog has been checked: 0 passed
04.09.2014 13:23:14,313 - INFO  - Watchdog has been checked: 0 passed
04.09.2014 13:25:14,432 - INFO  - Watchdog has been checked: 0 passed
04.09.2014 13:27:14,429 - INFO  - Watchdog has been checked: 0 passed
04.09.2014 13:29:14,424 - INFO  - Watchdog has been checked: 0 passed
04.09.2014 13:31:14,477 - INFO  - Watchdog has been checked: 0 passed
04.09.2014 13:33:14,265 - INFO  - Watchdog has been checked: 0 passed
04.09.2014 13:35:14,494 - INFO  - Watchdog has been checked: 0 passed
04.09.2014 13:37:14,427 - INFO  - Watchdog has been checked: 0 passed
04.09.2014 13:39:14,167 - INFO  - Watchdog has been checked: 0 passed
04.09.2014 13:41:14,183 - INFO  - Watchdog has been checked: 0 passed
04.09.2014 13:43:14,243 - INFO  - Watchdog has been checked: 0 passed
04.09.2014 13:45:14,286 - INFO  - Watchdog has been checked: 0 passed
04.09.2014 13:47:14,352 - INFO  - Watchdog has been checked: 0 passed
04.09.2014 13:49:14,042 - INFO  - Watchdog has been checked: 0 passed
04.09.2014 13:51:14,165 - INFO  - Watchdog has been checked: 0 passed
04.09.2014 13:53:14,075 - INFO  - Watchdog has been checked: 0 passed
04.09.2014 13:55:13,078 - INFO  - Watchdog has been checked: 0 passed
04.09.2014 13:57:13,154 - INFO  - Watchdog has been checked: 0 passed
04.09.2014 13:59:13,083 - INFO  - Watchdog has been checked: 0 passed
04.09.2014 14:01:13,156 - INFO  - Watchdog has been checked: 0 passed
04.09.2014 14:03:13,148 - INFO  - Watchdog has been checked: 0 passed
04.09.2014 14:05:13,217 - INFO  - Watchdog has been checked: 0 passed
04.09.2014 14:07:13,091 - INFO  - Watchdog has been checked: 0 passed
04.09.2014 14:09:12,262 - INFO  - Watchdog has been checked: 0 passed
04.09.2014 14:11:12,093 - INFO  - Watchdog has been checked: 0 passed
04.09.2014 14:13:11,090 - INFO  - Watchdog has been checked: 0 passed
04.09.2014 14:15:11,048 - INFO  - Watchdog has been checked: 0 passed
04.09.2014 14:17:11,287 - INFO  - Watchdog has been checked: 0 passed
04.09.2014 14:19:11,292 - INFO  - Watchdog has been checked: 0 passed
04.09.2014 14:21:11,347 - INFO  - Watchdog has been checked: 0 passed
04.09.2014 14:23:11,183 - INFO  - Watchdog has been checked: 0 passed
04.09.2014 14:25:10,208 - INFO  - Watchdog has been checked: 0 passed
04.09.2014 14:27:10,290 - INFO  - Watchdog has been checked: 0 passed
04.09.2014 14:29:10,498 - INFO  - Watchdog has been checked: 0 passed
04.09.2014 14:31:10,117 - INFO  - Watchdog has been checked: 0 passed
04.09.2014 14:33:10,103 - INFO  - Watchdog has been checked: 0 passed
04.09.2014 14:35:10,229 - INFO  - Watchdog has been checked: 0 passed
04.09.2014 14:37:10,276 - INFO  - Watchdog has been checked: 0 passed
04.09.2014 14:39:10,416 - INFO  - Watchdog has been checked: 0 passed
04.09.2014 14:41:10,294 - INFO  - Watchdog has been checked: 0 passed
04.09.2014 14:43:10,120 - INFO  - Watchdog has been checked: 0 passed
04.09.2014 14:45:10,164 - INFO  - Watchdog has been checked: 0 passed
04.09.2014 14:47:10,325 - INFO  - Watchdog has been checked: 0 passed
04.09.2014 14:49:10,284 - INFO  - Watchdog has been checked: 0 passed
04.09.2014 14:51:10,061 - INFO  - Watchdog has been checked: 0 passed
04.09.2014 14:53:10,074 - INFO  - Watchdog has been checked: 0 passed
04.09.2014 14:55:10,218 - INFO  - Watchdog has been checked: 0 passed
04.09.2014 14:57:10,227 - INFO  - Watchdog has been checked: 0 passed
04.09.2014 14:59:10,431 - INFO  - Watchdog has been checked: 0 passed
04.09.2014 15:01:10,283 - INFO  - Watchdog has been checked: 0 passed
04.09.2014 15:03:10,096 - INFO  - Watchdog has been checked: 0 passed
04.09.2014 15:05:09,125 - INFO  - Watchdog has been checked: 0 passed
04.09.2014 15:07:08,255 - INFO  - Watchdog has been checked: 0 passed
04.09.2014 15:09:08,219 - INFO  - Watchdog has been checked: 0 passed
04.09.2014 15:11:08,283 - INFO  - Watchdog has been checked: 0 passed
04.09.2014 15:13:08,146 - INFO  - Watchdog has been checked: 0 passed
04.09.2014 15:15:09,206 - INFO  - Watchdog has been checked: 0 passed
04.09.2014 15:17:08,225 - INFO  - Watchdog has been checked: 0 passed
04.09.2014 15:19:07,218 - INFO  - Watchdog has been checked: 0 passed
04.09.2014 15:21:06,145 - INFO  - Watchdog has been checked: 0 passed
04.09.2014 15:23:05,164 - INFO  - Watchdog has been checked: 0 passed
04.09.2014 15:25:04,201 - INFO  - Watchdog has been checked: 0 passed
04.09.2014 15:27:03,285 - INFO  - Watchdog has been checked: 0 passed
04.09.2014 15:29:03,207 - INFO  - Watchdog has been checked: 0 passed
04.09.2014 15:31:03,263 - INFO  - Watchdog has been checked: 0 passed
04.09.2014 15:33:03,072 - INFO  - Watchdog has been checked: 0 passed
04.09.2014 15:35:03,204 - INFO  - Watchdog has been checked: 0 passed
04.09.2014 15:37:03,217 - INFO  - Watchdog has been checked: 0 passed
04.09.2014 15:39:03,171 - INFO  - Watchdog has been checked: 0 passed
04.09.2014 15:41:03,154 - INFO  - Watchdog has been checked: 0 passed
04.09.2014 15:43:03,022 - INFO  - Watchdog has been checked: 0 passed
04.09.2014 15:45:03,051 - INFO  - Watchdog has been checked: 0 passed
04.09.2014 15:47:02,116 - INFO  - Watchdog has been checked: 0 passed
04.09.2014 15:49:02,020 - INFO  - Watchdog has been checked: 0 passed
04.09.2014 15:51:02,103 - INFO  - Watchdog has been checked: 0 passed
04.09.2014 15:53:02,131 - INFO  - Watchdog has been checked: 0 passed
04.09.2014 15:55:01,969 - INFO  - Watchdog has been checked: 0 passed
04.09.2014 15:57:02,250 - INFO  - Watchdog has been checked: 0 passed
04.09.2014 15:59:02,182 - INFO  - Watchdog has been checked: 0 passed
04.09.2014 16:01:02,038 - INFO  - Watchdog has been checked: 0 passed
04.09.2014 16:03:02,134 - INFO  - Watchdog has been checked: 0 passed
04.09.2014 16:05:02,203 - INFO  - Watchdog has been checked: 0 passed
04.09.2014 16:07:02,224 - INFO  - Watchdog has been checked: 0 passed
04.09.2014 16:09:02,228 - INFO  - Watchdog has been checked: 0 passed
04.09.2014 16:11:02,212 - INFO  - Watchdog has been checked: 0 passed
04.09.2014 16:13:02,140 - INFO  - Watchdog has been checked: 0 passed
04.09.2014 16:15:02,228 - INFO  - Watchdog has been checked: 0 passed
04.09.2014 16:17:02,382 - INFO  - Watchdog has been checked: 0 passed
04.09.2014 16:19:02,269 - INFO  - Watchdog has been checked: 0 passed
04.09.2014 16:21:02,011 - INFO  - Watchdog has been checked: 0 passed
04.09.2014 16:23:02,210 - INFO  - Watchdog has been checked: 0 passed
04.09.2014 16:25:02,143 - INFO  - Watchdog has been checked: 0 passed
04.09.2014 16:27:02,291 - INFO  - Watchdog has been checked: 0 passed
04.09.2014 16:29:02,300 - INFO  - Watchdog has been checked: 0 passed
04.09.2014 16:31:02,102 - INFO  - Watchdog has been checked: 0 passed
04.09.2014 16:33:02,411 - INFO  - Watchdog has been checked: 0 passed
04.09.2014 16:35:02,229 - INFO  - Watchdog has been checked: 0 passed
04.09.2014 16:37:02,267 - INFO  - Watchdog has been checked: 0 passed
04.09.2014 16:39:02,314 - INFO  - Watchdog has been checked: 0 passed
04.09.2014 16:41:02,398 - INFO  - Watchdog has been checked: 0 passed
04.09.2014 16:43:02,168 - INFO  - Watchdog has been checked: 0 passed
04.09.2014 16:45:02,249 - INFO  - Watchdog has been checked: 0 passed
04.09.2014 16:47:02,269 - INFO  - Watchdog has been checked: 0 passed
04.09.2014 16:49:02,047 - INFO  - Watchdog has been checked: 0 passed
04.09.2014 16:51:01,084 - INFO  - Watchdog has been checked: 0 passed
04.09.2014 16:53:00,236 - INFO  - Watchdog has been checked: 0 passed
04.09.2014 16:55:00,026 - INFO  - Watchdog has been checked: 0 passed
04.09.2014 16:56:59,065 - INFO  - Watchdog has been checked: 0 passed
04.09.2014 16:58:58,006 - INFO  - Watchdog has been checked: 0 passed
04.09.2014 17:00:57,158 - INFO  - Watchdog has been checked: 0 passed
04.09.2014 17:02:56,994 - INFO  - Watchdog has been checked: 0 passed
04.09.2014 17:04:56,091 - INFO  - Watchdog has been checked: 0 passed
04.09.2014 17:06:55,200 - INFO  - Watchdog has been checked: 0 passed
04.09.2014 17:08:55,138 - INFO  - Watchdog has been checked: 0 passed
04.09.2014 17:10:55,021 - INFO  - Watchdog has been checked: 0 passed
04.09.2014 17:12:55,064 - INFO  - Watchdog has been checked: 0 passed
04.09.2014 17:14:55,273 - INFO  - Watchdog has been checked: 0 passed
04.09.2014 17:16:55,227 - INFO  - Watchdog has been checked: 0 passed
04.09.2014 17:18:55,233 - INFO  - Watchdog has been checked: 0 passed
04.09.2014 17:20:55,248 - INFO  - Watchdog has been checked: 0 passed
04.09.2014 17:22:55,051 - INFO  - Watchdog has been checked: 0 passed
04.09.2014 17:24:55,140 - INFO  - Watchdog has been checked: 0 passed
04.09.2014 17:26:55,251 - INFO  - Watchdog has been checked: 0 passed
04.09.2014 17:28:56,224 - INFO  - Watchdog has been checked: 0 passed
04.09.2014 17:30:56,287 - INFO  - Watchdog has been checked: 0 passed
04.09.2014 17:32:56,043 - INFO  - Watchdog has been checked: 0 passed
04.09.2014 17:34:55,128 - INFO  - Watchdog has been checked: 0 passed
04.09.2014 17:36:55,224 - INFO  - Watchdog has been checked: 0 passed
04.09.2014 17:38:55,172 - INFO  - Watchdog has been checked: 0 passed
04.09.2014 17:40:55,189 - INFO  - Watchdog has been checked: 0 passed
04.09.2014 17:42:55,257 - INFO  - Watchdog has been checked: 0 passed
04.09.2014 17:44:55,078 - INFO  - Watchdog has been checked: 0 passed
04.09.2014 17:46:55,208 - INFO  - Watchdog has been checked: 0 passed
04.09.2014 17:48:55,159 - INFO  - Watchdog has been checked: 0 passed
04.09.2014 17:50:55,317 - INFO  - Watchdog has been checked: 0 passed
04.09.2014 17:52:56,264 - INFO  - Watchdog has been checked: 0 passed
04.09.2014 17:54:56,395 - INFO  - Watchdog has been checked: 0 passed
04.09.2014 17:56:56,216 - INFO  - Watchdog has been checked: 0 passed
04.09.2014 17:58:56,167 - INFO  - Watchdog has been checked: 0 passed
04.09.2014 18:00:56,132 - INFO  - Watchdog has been checked: 0 passed
04.09.2014 18:02:55,193 - INFO  - Watchdog has been checked: 0 passed
04.09.2014 18:04:55,082 - INFO  - Watchdog has been checked: 0 passed
04.09.2014 18:06:55,154 - INFO  - Watchdog has been checked: 0 passed
04.09.2014 18:08:56,399 - INFO  - Watchdog has been checked: 0 passed
04.09.2014 18:10:56,208 - INFO  - Watchdog has been checked: 0 passed
04.09.2014 18:12:56,279 - INFO  - Watchdog has been checked: 0 passed
04.09.2014 18:14:56,153 - INFO  - Watchdog has been checked: 0 passed
04.09.2014 18:16:56,199 - INFO  - Watchdog has been checked: 0 passed
04.09.2014 18:18:56,289 - INFO  - Watchdog has been checked: 0 passed
04.09.2014 18:20:56,103 - INFO  - Watchdog has been checked: 0 passed
04.09.2014 18:22:56,202 - INFO  - Watchdog has been checked: 0 passed
04.09.2014 18:24:56,055 - INFO  - Watchdog has been checked: 0 passed
04.09.2014 18:26:56,099 - INFO  - Watchdog has been checked: 0 passed
04.09.2014 18:28:56,266 - INFO  - Watchdog has been checked: 0 passed
04.09.2014 18:30:56,097 - INFO  - Watchdog has been checked: 0 passed
04.09.2014 18:32:56,134 - INFO  - Watchdog has been checked: 0 passed
04.09.2014 18:34:56,098 - INFO  - Watchdog has been checked: 0 passed
04.09.2014 18:36:56,057 - INFO  - Watchdog has been checked: 0 passed
04.09.2014 18:38:56,056 - INFO  - Watchdog has been checked: 0 passed
04.09.2014 18:40:56,130 - INFO  - Watchdog has been checked: 0 passed
04.09.2014 18:42:56,262 - INFO  - Watchdog has been checked: 0 passed
04.09.2014 18:44:56,080 - INFO  - Watchdog has been checked: 0 passed
04.09.2014 18:46:56,119 - INFO  - Watchdog has been checked: 0 passed
04.09.2014 18:48:56,076 - INFO  - Watchdog has been checked: 0 passed
04.09.2014 18:50:56,112 - INFO  - Watchdog has been checked: 0 passed
04.09.2014 18:52:56,142 - INFO  - Watchdog has been checked: 0 passed
04.09.2014 18:54:56,056 - INFO  - Watchdog has been checked: 0 passed
04.09.2014 18:56:56,073 - INFO  - Watchdog has been checked: 0 passed
04.09.2014 18:58:56,116 - INFO  - Watchdog has been checked: 0 passed
04.09.2014 19:00:56,156 - INFO  - Watchdog has been checked: 0 passed
04.09.2014 19:02:56,233 - INFO  - Watchdog has been checked: 0 passed
04.09.2014 19:04:56,298 - INFO  - Watchdog has been checked: 0 passed
04.09.2014 19:06:56,138 - INFO  - Watchdog has been checked: 0 passed
04.09.2014 19:08:56,151 - INFO  - Watchdog has been checked: 0 passed
04.09.2014 19:10:56,183 - INFO  - Watchdog has been checked: 0 passed
04.09.2014 19:12:56,129 - INFO  - Watchdog has been checked: 0 passed
04.09.2014 19:14:56,248 - INFO  - Watchdog has been checked: 0 passed
04.09.2014 19:16:56,033 - INFO  - Watchdog has been checked: 0 passed
04.09.2014 19:18:55,244 - INFO  - Watchdog has been checked: 0 passed
04.09.2014 19:20:55,330 - INFO  - Watchdog has been checked: 0 passed
04.09.2014 19:22:55,336 - INFO  - Watchdog has been checked: 0 passed
04.09.2014 19:24:55,208 - INFO  - Watchdog has been checked: 0 passed
04.09.2014 19:26:55,279 - INFO  - Watchdog has been checked: 0 passed
04.09.2014 19:28:58,397 - INFO  - Watchdog has been checked: 0 passed
04.09.2014 19:30:58,265 - INFO  - Watchdog has been checked: 0 passed
04.09.2014 19:32:58,300 - INFO  - Watchdog has been checked: 0 passed
04.09.2014 19:34:58,198 - INFO  - Watchdog has been checked: 0 passed
04.09.2014 19:36:58,185 - INFO  - Watchdog has been checked: 0 passed
04.09.2014 19:38:58,089 - INFO  - Watchdog has been checked: 0 passed
04.09.2014 19:40:58,148 - INFO  - Watchdog has been checked: 0 passed
04.09.2014 19:42:58,217 - INFO  - Watchdog has been checked: 0 passed
04.09.2014 19:44:58,188 - INFO  - Watchdog has been checked: 0 passed
04.09.2014 19:46:58,292 - INFO  - Watchdog has been checked: 0 passed
04.09.2014 19:48:58,178 - INFO  - Watchdog has been checked: 0 passed
04.09.2014 19:50:58,284 - INFO  - Watchdog has been checked: 0 passed
04.09.2014 19:52:58,301 - INFO  - Watchdog has been checked: 0 passed
04.09.2014 19:54:58,214 - INFO  - Watchdog has been checked: 0 passed
04.09.2014 19:56:58,231 - INFO  - Watchdog has been checked: 0 passed
04.09.2014 19:58:58,267 - INFO  - Watchdog has been checked: 0 passed
04.09.2014 20:00:58,052 - INFO  - Watchdog has been checked: 0 passed
04.09.2014 20:02:58,110 - INFO  - Watchdog has been checked: 0 passed
04.09.2014 20:04:58,097 - INFO  - Watchdog has been checked: 0 passed
04.09.2014 20:06:57,945 - INFO  - Watchdog has been checked: 0 passed
04.09.2014 20:08:57,126 - INFO  - Watchdog has been checked: 0 passed
04.09.2014 20:10:57,045 - INFO  - Watchdog has been checked: 0 passed
04.09.2014 20:12:57,031 - INFO  - Watchdog has been checked: 0 passed
04.09.2014 20:14:56,128 - INFO  - Watchdog has been checked: 0 passed
04.09.2014 20:16:56,035 - INFO  - Watchdog has been checked: 0 passed
04.09.2014 20:18:56,810 - INFO  - Watchdog has been checked: 0 passed
04.09.2014 20:20:56,266 - INFO  - Watchdog has been checked: 0 passed
04.09.2014 20:22:56,051 - INFO  - Watchdog has been checked: 0 passed
04.09.2014 20:24:56,109 - INFO  - Watchdog has been checked: 0 passed
04.09.2014 20:26:56,228 - INFO  - Watchdog has been checked: 0 passed
04.09.2014 20:28:56,072 - INFO  - Watchdog has been checked: 0 passed
04.09.2014 20:30:56,134 - INFO  - Watchdog has been checked: 0 passed
04.09.2014 20:32:56,172 - INFO  - Watchdog has been checked: 0 passed
04.09.2014 20:34:56,077 - INFO  - Watchdog has been checked: 0 passed
04.09.2014 20:36:56,218 - INFO  - Watchdog has been checked: 0 passed
04.09.2014 20:38:56,162 - INFO  - Watchdog has been checked: 0 passed
04.09.2014 20:40:56,183 - INFO  - Watchdog has been checked: 0 passed
04.09.2014 20:42:56,302 - INFO  - Watchdog has been checked: 0 passed
04.09.2014 20:44:56,370 - INFO  - Watchdog has been checked: 0 passed
04.09.2014 20:46:56,256 - INFO  - Watchdog has been checked: 0 passed
04.09.2014 20:48:56,369 - INFO  - Watchdog has been checked: 0 passed
04.09.2014 20:50:56,153 - INFO  - Watchdog has been checked: 0 passed
04.09.2014 20:52:56,147 - INFO  - Watchdog has been checked: 0 passed
04.09.2014 20:54:56,277 - INFO  - Watchdog has been checked: 0 passed
04.09.2014 20:56:56,294 - INFO  - Watchdog has been checked: 0 passed
04.09.2014 20:58:58,275 - INFO  - Watchdog has been checked: 0 passed
04.09.2014 21:00:58,317 - INFO  - Watchdog has been checked: 0 passed
04.09.2014 21:02:58,401 - INFO  - Watchdog has been checked: 0 passed
04.09.2014 21:04:58,222 - INFO  - Watchdog has been checked: 0 passed
04.09.2014 21:06:58,260 - INFO  - Watchdog has been checked: 0 passed
04.09.2014 21:08:58,256 - INFO  - Watchdog has been checked: 0 passed
04.09.2014 21:10:58,288 - INFO  - Watchdog has been checked: 0 passed
04.09.2014 21:12:58,296 - INFO  - Watchdog has been checked: 0 passed
04.09.2014 21:14:58,264 - INFO  - Watchdog has been checked: 0 passed
04.09.2014 21:16:58,247 - INFO  - Watchdog has been checked: 0 passed
04.09.2014 21:18:58,221 - INFO  - Watchdog has been checked: 0 passed
04.09.2014 21:20:58,013 - INFO  - Watchdog has been checked: 0 passed
04.09.2014 21:22:57,062 - INFO  - Watchdog has been checked: 0 passed
04.09.2014 21:24:56,128 - INFO  - Watchdog has been checked: 0 passed
04.09.2014 21:26:55,161 - INFO  - Watchdog has been checked: 0 passed
04.09.2014 21:28:55,705 - INFO  - Watchdog has been checked: 0 passed
04.09.2014 21:30:54,910 - INFO  - Watchdog has been checked: 0 passed
04.09.2014 21:32:56,129 - INFO  - Watchdog has been checked: 0 passed
04.09.2014 21:34:56,046 - INFO  - Watchdog has been checked: 0 passed
04.09.2014 21:36:56,075 - INFO  - Watchdog has been checked: 0 passed
04.09.2014 21:38:56,075 - INFO  - Watchdog has been checked: 0 passed
04.09.2014 21:40:56,114 - INFO  - Watchdog has been checked: 0 passed
04.09.2014 21:42:56,179 - INFO  - Watchdog has been checked: 0 passed
04.09.2014 21:44:56,072 - INFO  - Watchdog has been checked: 0 passed
04.09.2014 21:46:56,157 - INFO  - Watchdog has been checked: 0 passed
04.09.2014 21:48:56,036 - INFO  - Watchdog has been checked: 0 passed
04.09.2014 21:50:55,166 - INFO  - Watchdog has been checked: 0 passed
04.09.2014 21:52:55,162 - INFO  - Watchdog has been checked: 0 passed
04.09.2014 21:54:55,113 - INFO  - Watchdog has been checked: 0 passed
04.09.2014 21:56:55,158 - INFO  - Watchdog has been checked: 0 passed
04.09.2014 21:58:56,413 - INFO  - Watchdog has been checked: 0 passed
04.09.2014 22:00:56,138 - INFO  - Watchdog has been checked: 0 passed
04.09.2014 22:02:56,185 - INFO  - Watchdog has been checked: 0 passed
04.09.2014 22:04:56,079 - INFO  - Watchdog has been checked: 0 passed
04.09.2014 22:06:56,137 - INFO  - Watchdog has been checked: 0 passed
04.09.2014 22:08:58,596 - INFO  - Watchdog has been checked: 0 passed
04.09.2014 22:10:58,208 - INFO  - Watchdog has been checked: 0 passed
04.09.2014 22:12:58,202 - INFO  - Watchdog has been checked: 0 passed
04.09.2014 22:14:58,099 - INFO  - Watchdog has been checked: 0 passed
04.09.2014 22:16:58,214 - INFO  - Watchdog has been checked: 0 passed
04.09.2014 22:18:58,177 - INFO  - Watchdog has been checked: 0 passed
04.09.2014 22:20:58,161 - INFO  - Watchdog has been checked: 0 passed
04.09.2014 22:22:58,193 - INFO  - Watchdog has been checked: 0 passed
04.09.2014 22:24:58,109 - INFO  - Watchdog has been checked: 0 passed
04.09.2014 22:26:58,246 - INFO  - Watchdog has been checked: 0 passed
04.09.2014 22:28:58,260 - INFO  - Watchdog has been checked: 0 passed
04.09.2014 22:30:58,236 - INFO  - Watchdog has been checked: 0 passed
04.09.2014 22:32:58,245 - INFO  - Watchdog has been checked: 0 passed
04.09.2014 22:34:58,358 - INFO  - Watchdog has been checked: 0 passed
04.09.2014 22:36:58,134 - INFO  - Watchdog has been checked: 0 passed
04.09.2014 22:38:57,330 - INFO  - Watchdog has been checked: 0 passed
04.09.2014 22:40:57,113 - INFO  - Watchdog has been checked: 0 passed
04.09.2014 22:42:56,131 - INFO  - Watchdog has been checked: 0 passed
04.09.2014 22:44:56,197 - INFO  - Watchdog has been checked: 0 passed
04.09.2014 22:46:56,348 - INFO  - Watchdog has been checked: 0 passed
04.09.2014 22:48:56,260 - INFO  - Watchdog has been checked: 0 passed
04.09.2014 22:50:56,302 - INFO  - Watchdog has been checked: 0 passed
04.09.2014 22:52:56,324 - INFO  - Watchdog has been checked: 0 passed
04.09.2014 22:54:56,195 - INFO  - Watchdog has been checked: 0 passed
04.09.2014 22:56:56,300 - INFO  - Watchdog has been checked: 0 passed
04.09.2014 22:58:56,224 - INFO  - Watchdog has been checked: 0 passed
04.09.2014 23:00:56,246 - INFO  - Watchdog has been checked: 0 passed
04.09.2014 23:02:56,339 - INFO  - Watchdog has been checked: 0 passed
04.09.2014 23:04:56,151 - INFO  - Watchdog has been checked: 0 passed
04.09.2014 23:06:56,266 - INFO  - Watchdog has been checked: 0 passed
04.09.2014 23:08:56,258 - INFO  - Watchdog has been checked: 0 passed
04.09.2014 23:10:56,239 - INFO  - Watchdog has been checked: 0 passed
04.09.2014 23:12:56,379 - INFO  - Watchdog has been checked: 0 passed
04.09.2014 23:14:56,144 - INFO  - Watchdog has been checked: 0 passed
04.09.2014 23:16:56,172 - INFO  - Watchdog has been checked: 0 passed
04.09.2014 23:18:56,190 - INFO  - Watchdog has been checked: 0 passed
04.09.2014 23:20:56,126 - INFO  - Watchdog has been checked: 0 passed
04.09.2014 23:22:56,306 - INFO  - Watchdog has been checked: 0 passed
04.09.2014 23:24:56,383 - INFO  - Watchdog has been checked: 0 passed
04.09.2014 23:26:56,234 - INFO  - Watchdog has been checked: 0 passed
04.09.2014 23:28:55,208 - INFO  - Watchdog has been checked: 0 passed
04.09.2014 23:35:21,299 - INFO  - Watchdog has been checked: 0 passed
04.09.2014 23:35:22,482 - INFO  - Watchdog has been checked: 0 passed
04.09.2014 23:35:22,484 - INFO  - Watchdog has been checked: 0 passed
04.09.2014 23:35:22,483 - INFO  - Watchdog has been checked: 0 passed
04.09.2014 23:36:56,206 - INFO  - Watchdog has been checked: 0 passed
04.09.2014 23:38:56,220 - INFO  - Watchdog has been checked: 0 passed
04.09.2014 23:40:56,121 - INFO  - Watchdog has been checked: 0 passed
04.09.2014 23:42:56,252 - INFO  - Watchdog has been checked: 0 passed
04.09.2014 23:44:56,249 - INFO  - Watchdog has been checked: 0 passed
04.09.2014 23:46:56,234 - INFO  - Watchdog has been checked: 0 passed
04.09.2014 23:48:56,404 - INFO  - Watchdog has been checked: 0 passed
04.09.2014 23:50:56,213 - INFO  - Watchdog has been checked: 0 passed
04.09.2014 23:52:56,075 - INFO  - Watchdog has been checked: 0 passed
04.09.2014 23:54:55,219 - INFO  - Watchdog has been checked: 0 passed
04.09.2014 23:56:55,181 - INFO  - Watchdog has been checked: 0 passed
04.09.2014 23:58:55,108 - INFO  - Watchdog has been checked: 0 passed
