15.07.2014 00:01:45,234 - INFO  - Watchdog has been checked: 0 passed
15.07.2014 00:03:45,056 - INFO  - Watchdog has been checked: 0 passed
15.07.2014 00:05:44,147 - INFO  - Watchdog has been checked: 0 passed
15.07.2014 00:07:44,135 - INFO  - Watchdog has been checked: 0 passed
15.07.2014 00:09:44,484 - INFO  - Watchdog has been checked: 0 passed
15.07.2014 00:11:44,223 - INFO  - Watchdog has been checked: 0 passed
15.07.2014 00:13:44,277 - INFO  - Watchdog has been checked: 0 passed
15.07.2014 00:15:44,359 - INFO  - Watchdog has been checked: 0 passed
15.07.2014 00:17:44,189 - INFO  - Watchdog has been checked: 0 passed
15.07.2014 00:19:44,307 - INFO  - Watchdog has been checked: 0 passed
15.07.2014 00:21:44,165 - INFO  - Watchdog has been checked: 0 passed
15.07.2014 00:23:44,338 - INFO  - Watchdog has been checked: 0 passed
15.07.2014 00:25:44,287 - INFO  - Watchdog has been checked: 0 passed
15.07.2014 00:27:44,344 - INFO  - Watchdog has been checked: 0 passed
15.07.2014 00:29:44,361 - INFO  - Watchdog has been checked: 0 passed
15.07.2014 00:31:44,376 - INFO  - Watchdog has been checked: 0 passed
15.07.2014 00:33:44,133 - INFO  - Watchdog has been checked: 0 passed
15.07.2014 00:35:44,195 - INFO  - Watchdog has been checked: 0 passed
15.07.2014 00:37:44,317 - INFO  - Watchdog has been checked: 0 passed
15.07.2014 00:39:44,342 - INFO  - Watchdog has been checked: 0 passed
15.07.2014 00:41:44,285 - INFO  - Watchdog has been checked: 0 passed
15.07.2014 00:43:44,303 - INFO  - Watchdog has been checked: 0 passed
15.07.2014 00:45:44,430 - INFO  - Watchdog has been checked: 0 passed
15.07.2014 00:47:44,288 - INFO  - Watchdog has been checked: 0 passed
15.07.2014 00:49:44,593 - INFO  - Watchdog has been checked: 0 passed
15.07.2014 00:51:44,466 - INFO  - Watchdog has been checked: 0 passed
15.07.2014 00:53:44,313 - INFO  - Watchdog has been checked: 0 passed
15.07.2014 00:55:44,350 - INFO  - Watchdog has been checked: 0 passed
15.07.2014 00:57:44,419 - INFO  - Watchdog has been checked: 0 passed
15.07.2014 00:59:44,517 - INFO  - Watchdog has been checked: 0 passed
15.07.2014 01:01:44,364 - INFO  - Watchdog has been checked: 0 passed
15.07.2014 01:03:44,210 - INFO  - Watchdog has been checked: 0 passed
15.07.2014 01:05:43,228 - INFO  - Watchdog has been checked: 0 passed
15.07.2014 01:07:43,314 - INFO  - Watchdog has been checked: 0 passed
15.07.2014 01:09:43,319 - INFO  - Watchdog has been checked: 0 passed
15.07.2014 01:11:46,129 - INFO  - Watchdog has been checked: 0 passed
15.07.2014 01:13:46,318 - INFO  - Watchdog has been checked: 0 passed
15.07.2014 01:15:46,325 - INFO  - Watchdog has been checked: 0 passed
15.07.2014 01:17:46,404 - INFO  - Watchdog has been checked: 0 passed
15.07.2014 01:19:47,540 - INFO  - Watchdog has been checked: 0 passed
15.07.2014 01:21:47,315 - INFO  - Watchdog has been checked: 0 passed
15.07.2014 01:23:47,374 - INFO  - Watchdog has been checked: 0 passed
15.07.2014 01:25:47,344 - INFO  - Watchdog has been checked: 0 passed
15.07.2014 01:27:47,181 - INFO  - Watchdog has been checked: 0 passed
15.07.2014 01:29:47,415 - INFO  - Watchdog has been checked: 0 passed
15.07.2014 01:31:47,232 - INFO  - Watchdog has been checked: 0 passed
15.07.2014 01:33:47,327 - INFO  - Watchdog has been checked: 0 passed
15.07.2014 01:35:47,125 - INFO  - Watchdog has been checked: 0 passed
15.07.2014 01:37:46,201 - INFO  - Watchdog has been checked: 0 passed
15.07.2014 01:39:46,319 - INFO  - Watchdog has been checked: 0 passed
15.07.2014 01:41:46,269 - INFO  - Watchdog has been checked: 0 passed
15.07.2014 01:43:46,110 - INFO  - Watchdog has been checked: 0 passed
15.07.2014 01:45:46,061 - INFO  - Watchdog has been checked: 0 passed
15.07.2014 01:47:45,152 - INFO  - Watchdog has been checked: 0 passed
15.07.2014 01:49:45,052 - INFO  - Watchdog has been checked: 0 passed
15.07.2014 01:51:45,199 - INFO  - Watchdog has been checked: 0 passed
15.07.2014 01:53:45,242 - INFO  - Watchdog has been checked: 0 passed
15.07.2014 01:55:45,204 - INFO  - Watchdog has been checked: 0 passed
15.07.2014 01:57:45,019 - INFO  - Watchdog has been checked: 0 passed
15.07.2014 01:59:44,215 - INFO  - Watchdog has been checked: 0 passed
15.07.2014 02:01:44,130 - INFO  - Watchdog has been checked: 0 passed
15.07.2014 02:03:43,241 - INFO  - Watchdog has been checked: 0 passed
15.07.2014 02:05:43,315 - INFO  - Watchdog has been checked: 0 passed
15.07.2014 02:07:43,093 - INFO  - Watchdog has been checked: 0 passed
15.07.2014 02:09:42,068 - INFO  - Watchdog has been checked: 0 passed
15.07.2014 02:11:41,304 - INFO  - Watchdog has been checked: 0 passed
15.07.2014 02:13:41,112 - INFO  - Watchdog has been checked: 0 passed
15.07.2014 02:15:40,225 - INFO  - Watchdog has been checked: 0 passed
15.07.2014 02:17:40,265 - INFO  - Watchdog has been checked: 0 passed
15.07.2014 02:19:40,292 - INFO  - Watchdog has been checked: 0 passed
15.07.2014 02:21:40,268 - INFO  - Watchdog has been checked: 0 passed
15.07.2014 02:23:40,321 - INFO  - Watchdog has been checked: 0 passed
15.07.2014 02:25:40,414 - INFO  - Watchdog has been checked: 0 passed
15.07.2014 02:27:40,172 - INFO  - Watchdog has been checked: 0 passed
15.07.2014 02:29:40,252 - INFO  - Watchdog has been checked: 0 passed
15.07.2014 02:31:40,247 - INFO  - Watchdog has been checked: 0 passed
15.07.2014 02:33:40,259 - INFO  - Watchdog has been checked: 0 passed
15.07.2014 02:35:40,348 - INFO  - Watchdog has been checked: 0 passed
15.07.2014 02:37:40,222 - INFO  - Watchdog has been checked: 0 passed
15.07.2014 02:39:40,273 - INFO  - Watchdog has been checked: 0 passed
15.07.2014 02:41:40,276 - INFO  - Watchdog has been checked: 0 passed
15.07.2014 02:43:40,334 - INFO  - Watchdog has been checked: 0 passed
15.07.2014 02:45:40,416 - INFO  - Watchdog has been checked: 0 passed
15.07.2014 02:47:40,256 - INFO  - Watchdog has been checked: 0 passed
15.07.2014 02:49:40,289 - INFO  - Watchdog has been checked: 0 passed
15.07.2014 02:51:40,294 - INFO  - Watchdog has been checked: 0 passed
15.07.2014 02:53:40,333 - INFO  - Watchdog has been checked: 0 passed
15.07.2014 02:55:40,434 - INFO  - Watchdog has been checked: 0 passed
15.07.2014 02:57:40,541 - INFO  - Watchdog has been checked: 0 passed
15.07.2014 02:59:40,293 - INFO  - Watchdog has been checked: 0 passed
15.07.2014 03:01:40,537 - INFO  - Watchdog has been checked: 0 passed
15.07.2014 03:03:40,297 - INFO  - Watchdog has been checked: 0 passed
15.07.2014 03:05:40,368 - INFO  - Watchdog has been checked: 0 passed
15.07.2014 03:07:40,455 - INFO  - Watchdog has been checked: 0 passed
15.07.2014 03:09:40,473 - INFO  - Watchdog has been checked: 0 passed
15.07.2014 03:11:40,437 - INFO  - Watchdog has been checked: 0 passed
15.07.2014 03:13:40,563 - INFO  - Watchdog has been checked: 0 passed
15.07.2014 03:15:40,578 - INFO  - Watchdog has been checked: 0 passed
15.07.2014 03:17:40,441 - INFO  - Watchdog has been checked: 0 passed
15.07.2014 03:19:40,400 - INFO  - Watchdog has been checked: 0 passed
15.07.2014 03:21:40,361 - INFO  - Watchdog has been checked: 0 passed
15.07.2014 03:23:40,477 - INFO  - Watchdog has been checked: 0 passed
15.07.2014 03:25:40,272 - INFO  - Watchdog has been checked: 0 passed
15.07.2014 03:27:40,400 - INFO  - Watchdog has been checked: 0 passed
15.07.2014 03:29:40,121 - INFO  - Watchdog has been checked: 0 passed
15.07.2014 03:31:39,165 - INFO  - Watchdog has been checked: 0 passed
15.07.2014 03:33:39,276 - INFO  - Watchdog has been checked: 0 passed
15.07.2014 03:35:39,041 - INFO  - Watchdog has been checked: 0 passed
15.07.2014 03:37:38,063 - INFO  - Watchdog has been checked: 0 passed
15.07.2014 03:39:37,086 - INFO  - Watchdog has been checked: 0 passed
15.07.2014 03:41:37,047 - INFO  - Watchdog has been checked: 0 passed
15.07.2014 03:43:36,125 - INFO  - Watchdog has been checked: 0 passed
15.07.2014 03:45:36,139 - INFO  - Watchdog has been checked: 0 passed
15.07.2014 03:47:36,184 - INFO  - Watchdog has been checked: 0 passed
15.07.2014 03:49:38,688 - INFO  - Watchdog has been checked: 0 passed
15.07.2014 03:51:38,183 - INFO  - Watchdog has been checked: 0 passed
15.07.2014 03:53:38,031 - INFO  - Watchdog has been checked: 0 passed
15.07.2014 03:55:37,043 - INFO  - Watchdog has been checked: 0 passed
15.07.2014 03:57:37,096 - INFO  - Watchdog has been checked: 0 passed
15.07.2014 03:59:36,092 - INFO  - Watchdog has been checked: 0 passed
15.07.2014 04:01:36,073 - INFO  - Watchdog has been checked: 0 passed
15.07.2014 04:03:36,144 - INFO  - Watchdog has been checked: 0 passed
15.07.2014 04:05:35,241 - INFO  - Watchdog has been checked: 0 passed
15.07.2014 04:07:34,278 - INFO  - Watchdog has been checked: 0 passed
15.07.2014 04:09:34,311 - INFO  - Watchdog has been checked: 0 passed
15.07.2014 04:11:34,259 - INFO  - Watchdog has been checked: 0 passed
15.07.2014 04:13:34,317 - INFO  - Watchdog has been checked: 0 passed
15.07.2014 04:15:34,392 - INFO  - Watchdog has been checked: 0 passed
15.07.2014 04:17:34,209 - INFO  - Watchdog has been checked: 0 passed
15.07.2014 04:19:34,276 - INFO  - Watchdog has been checked: 0 passed
15.07.2014 04:21:35,092 - INFO  - Watchdog has been checked: 0 passed
15.07.2014 04:23:37,125 - INFO  - Watchdog has been checked: 0 passed
15.07.2014 04:25:36,362 - INFO  - Watchdog has been checked: 0 passed
15.07.2014 04:27:36,395 - INFO  - Watchdog has been checked: 0 passed
15.07.2014 04:29:36,405 - INFO  - Watchdog has been checked: 0 passed
15.07.2014 04:31:36,393 - INFO  - Watchdog has been checked: 0 passed
15.07.2014 04:33:36,238 - INFO  - Watchdog has been checked: 0 passed
15.07.2014 04:35:36,353 - INFO  - Watchdog has been checked: 0 passed
15.07.2014 04:37:36,446 - INFO  - Watchdog has been checked: 0 passed
15.07.2014 04:39:36,497 - INFO  - Watchdog has been checked: 0 passed
15.07.2014 04:41:36,428 - INFO  - Watchdog has been checked: 0 passed
15.07.2014 04:43:38,336 - INFO  - Watchdog has been checked: 0 passed
15.07.2014 04:45:38,342 - INFO  - Watchdog has been checked: 0 passed
15.07.2014 04:47:38,333 - INFO  - Watchdog has been checked: 0 passed
15.07.2014 04:49:38,098 - INFO  - Watchdog has been checked: 0 passed
15.07.2014 04:51:38,348 - INFO  - Watchdog has been checked: 0 passed
15.07.2014 04:53:38,157 - INFO  - Watchdog has been checked: 0 passed
15.07.2014 04:55:38,248 - INFO  - Watchdog has been checked: 0 passed
15.07.2014 04:57:38,247 - INFO  - Watchdog has been checked: 0 passed
15.07.2014 04:59:38,055 - INFO  - Watchdog has been checked: 0 passed
15.07.2014 05:01:38,282 - INFO  - Watchdog has been checked: 0 passed
15.07.2014 05:03:38,096 - INFO  - Watchdog has been checked: 0 passed
15.07.2014 05:05:38,133 - INFO  - Watchdog has been checked: 0 passed
15.07.2014 05:07:38,174 - INFO  - Watchdog has been checked: 0 passed
15.07.2014 05:09:38,224 - INFO  - Watchdog has been checked: 0 passed
15.07.2014 05:11:38,181 - INFO  - Watchdog has been checked: 0 passed
15.07.2014 05:13:38,252 - INFO  - Watchdog has been checked: 0 passed
15.07.2014 05:15:38,293 - INFO  - Watchdog has been checked: 0 passed
15.07.2014 05:17:38,337 - INFO  - Watchdog has been checked: 0 passed
15.07.2014 05:19:38,116 - INFO  - Watchdog has been checked: 0 passed
15.07.2014 05:21:37,320 - INFO  - Watchdog has been checked: 0 passed
15.07.2014 05:23:37,410 - INFO  - Watchdog has been checked: 0 passed
15.07.2014 05:25:37,289 - INFO  - Watchdog has been checked: 0 passed
15.07.2014 05:27:37,162 - INFO  - Watchdog has been checked: 0 passed
15.07.2014 05:29:37,176 - INFO  - Watchdog has been checked: 0 passed
15.07.2014 05:31:37,149 - INFO  - Watchdog has been checked: 0 passed
15.07.2014 05:33:37,225 - INFO  - Watchdog has been checked: 0 passed
15.07.2014 05:35:37,262 - INFO  - Watchdog has been checked: 0 passed
15.07.2014 05:37:37,314 - INFO  - Watchdog has been checked: 0 passed
15.07.2014 05:39:37,345 - INFO  - Watchdog has been checked: 0 passed
15.07.2014 05:41:37,308 - INFO  - Watchdog has been checked: 0 passed
15.07.2014 05:43:37,371 - INFO  - Watchdog has been checked: 0 passed
15.07.2014 05:45:37,245 - INFO  - Watchdog has been checked: 0 passed
15.07.2014 05:47:37,285 - INFO  - Watchdog has been checked: 0 passed
15.07.2014 05:49:37,284 - INFO  - Watchdog has been checked: 0 passed
15.07.2014 05:51:37,251 - INFO  - Watchdog has been checked: 0 passed
15.07.2014 05:53:38,364 - INFO  - Watchdog has been checked: 0 passed
15.07.2014 05:55:38,359 - INFO  - Watchdog has been checked: 0 passed
15.07.2014 05:57:38,153 - INFO  - Watchdog has been checked: 0 passed
15.07.2014 05:59:38,174 - INFO  - Watchdog has been checked: 0 passed
15.07.2014 06:01:38,122 - INFO  - Watchdog has been checked: 0 passed
15.07.2014 06:03:37,186 - INFO  - Watchdog has been checked: 0 passed
15.07.2014 06:05:37,875 - INFO  - Watchdog has been checked: 0 passed
15.07.2014 06:07:37,285 - INFO  - Watchdog has been checked: 0 passed
15.07.2014 06:09:37,330 - INFO  - Watchdog has been checked: 0 passed
15.07.2014 06:11:37,302 - INFO  - Watchdog has been checked: 0 passed
15.07.2014 06:13:37,131 - INFO  - Watchdog has been checked: 0 passed
15.07.2014 06:15:01,636 - INFO  - mapping file sync started
15.07.2014 06:15:02,236 - INFO  - file successfully updated
15.07.2014 06:15:37,126 - INFO  - Watchdog has been checked: 0 passed
15.07.2014 06:17:37,167 - INFO  - Watchdog has been checked: 0 passed
15.07.2014 06:19:37,201 - INFO  - Watchdog has been checked: 0 passed
15.07.2014 06:21:37,166 - INFO  - Watchdog has been checked: 0 passed
15.07.2014 06:23:37,272 - INFO  - Watchdog has been checked: 0 passed
15.07.2014 06:25:37,286 - INFO  - Watchdog has been checked: 0 passed
15.07.2014 06:27:37,327 - INFO  - Watchdog has been checked: 0 passed
15.07.2014 06:29:37,349 - INFO  - Watchdog has been checked: 0 passed
15.07.2014 06:31:37,099 - INFO  - Watchdog has been checked: 0 passed
15.07.2014 06:33:36,122 - INFO  - Watchdog has been checked: 0 passed
15.07.2014 06:35:36,172 - INFO  - Watchdog has been checked: 0 passed
15.07.2014 06:37:36,240 - INFO  - Watchdog has been checked: 0 passed
15.07.2014 06:39:36,275 - INFO  - Watchdog has been checked: 0 passed
15.07.2014 06:41:36,210 - INFO  - Watchdog has been checked: 0 passed
15.07.2014 06:43:36,344 - INFO  - Watchdog has been checked: 0 passed
15.07.2014 06:45:36,371 - INFO  - Watchdog has been checked: 0 passed
15.07.2014 06:47:36,184 - INFO  - Watchdog has been checked: 0 passed
15.07.2014 06:49:36,255 - INFO  - Watchdog has been checked: 0 passed
15.07.2014 06:51:36,270 - INFO  - Watchdog has been checked: 0 passed
15.07.2014 06:53:36,117 - INFO  - Watchdog has been checked: 0 passed
15.07.2014 06:55:38,382 - INFO  - Watchdog has been checked: 0 passed
15.07.2014 06:57:38,207 - INFO  - Watchdog has been checked: 0 passed
15.07.2014 06:59:38,257 - INFO  - Watchdog has been checked: 0 passed
15.07.2014 07:01:38,327 - INFO  - Watchdog has been checked: 0 passed
15.07.2014 07:03:38,154 - INFO  - Watchdog has been checked: 0 passed
15.07.2014 07:05:38,200 - INFO  - Watchdog has been checked: 0 passed
15.07.2014 07:07:38,235 - INFO  - Watchdog has been checked: 0 passed
15.07.2014 07:09:38,355 - INFO  - Watchdog has been checked: 0 passed
15.07.2014 07:11:38,299 - INFO  - Watchdog has been checked: 0 passed
15.07.2014 07:13:38,193 - INFO  - Watchdog has been checked: 0 passed
15.07.2014 07:15:01,293 - INFO  - mapping file sync started
15.07.2014 07:15:01,782 - INFO  - file successfully updated
15.07.2014 07:15:38,232 - INFO  - Watchdog has been checked: 0 passed
15.07.2014 07:17:38,244 - INFO  - Watchdog has been checked: 0 passed
15.07.2014 07:19:38,272 - INFO  - Watchdog has been checked: 0 passed
15.07.2014 07:21:38,250 - INFO  - Watchdog has been checked: 0 passed
15.07.2014 07:23:38,302 - INFO  - Watchdog has been checked: 0 passed
15.07.2014 07:25:38,344 - INFO  - Watchdog has been checked: 0 passed
15.07.2014 07:27:38,164 - INFO  - Watchdog has been checked: 0 passed
15.07.2014 07:29:38,173 - INFO  - Watchdog has been checked: 0 passed
15.07.2014 07:31:38,221 - INFO  - Watchdog has been checked: 0 passed
15.07.2014 07:33:38,219 - INFO  - Watchdog has been checked: 0 passed
15.07.2014 07:35:38,231 - INFO  - Watchdog has been checked: 0 passed
15.07.2014 07:37:38,267 - INFO  - Watchdog has been checked: 0 passed
15.07.2014 07:39:38,072 - INFO  - Watchdog has been checked: 0 passed
15.07.2014 07:41:37,240 - INFO  - Watchdog has been checked: 0 passed
15.07.2014 07:43:37,060 - INFO  - Watchdog has been checked: 0 passed
15.07.2014 07:45:37,085 - INFO  - Watchdog has been checked: 0 passed
15.07.2014 07:47:36,177 - INFO  - Watchdog has been checked: 0 passed
15.07.2014 07:49:36,173 - INFO  - Watchdog has been checked: 0 passed
15.07.2014 07:51:36,185 - INFO  - Watchdog has been checked: 0 passed
15.07.2014 07:53:36,292 - INFO  - Watchdog has been checked: 0 passed
15.07.2014 07:55:36,089 - INFO  - Watchdog has been checked: 0 passed
15.07.2014 07:57:35,132 - INFO  - Watchdog has been checked: 0 passed
15.07.2014 07:59:35,178 - INFO  - Watchdog has been checked: 0 passed
15.07.2014 08:01:35,137 - INFO  - Watchdog has been checked: 0 passed
15.07.2014 08:03:35,211 - INFO  - Watchdog has been checked: 0 passed
15.07.2014 08:05:35,263 - INFO  - Watchdog has been checked: 0 passed
15.07.2014 08:07:35,303 - INFO  - Watchdog has been checked: 0 passed
15.07.2014 08:09:35,310 - INFO  - Watchdog has been checked: 0 passed
15.07.2014 08:11:35,262 - INFO  - Watchdog has been checked: 0 passed
15.07.2014 08:13:35,310 - INFO  - Watchdog has been checked: 0 passed
15.07.2014 08:15:35,101 - INFO  - Watchdog has been checked: 0 passed
15.07.2014 08:17:35,197 - INFO  - Watchdog has been checked: 0 passed
15.07.2014 08:19:35,255 - INFO  - Watchdog has been checked: 0 passed
15.07.2014 08:21:35,206 - INFO  - Watchdog has been checked: 0 passed
15.07.2014 08:23:35,263 - INFO  - Watchdog has been checked: 0 passed
15.07.2014 08:25:35,351 - INFO  - Watchdog has been checked: 0 passed
15.07.2014 08:27:35,170 - INFO  - Watchdog has been checked: 0 passed
15.07.2014 08:29:35,380 - INFO  - Watchdog has been checked: 0 passed
15.07.2014 08:31:35,176 - INFO  - Watchdog has been checked: 0 passed
15.07.2014 08:33:35,196 - INFO  - Watchdog has been checked: 0 passed
15.07.2014 08:35:35,236 - INFO  - Watchdog has been checked: 0 passed
15.07.2014 08:37:35,261 - INFO  - Watchdog has been checked: 0 passed
15.07.2014 08:39:35,313 - INFO  - Watchdog has been checked: 0 passed
15.07.2014 08:41:35,278 - INFO  - Watchdog has been checked: 0 passed
15.07.2014 08:43:35,125 - INFO  - Watchdog has been checked: 0 passed
15.07.2014 08:45:35,133 - INFO  - Watchdog has been checked: 0 passed
15.07.2014 08:47:35,151 - INFO  - Watchdog has been checked: 0 passed
15.07.2014 08:49:35,161 - INFO  - Watchdog has been checked: 0 passed
15.07.2014 08:51:35,136 - INFO  - Watchdog has been checked: 0 passed
15.07.2014 08:53:35,213 - INFO  - Watchdog has been checked: 0 passed
15.07.2014 08:55:35,289 - INFO  - Watchdog has been checked: 0 passed
15.07.2014 08:57:35,077 - INFO  - Watchdog has been checked: 0 passed
15.07.2014 08:59:38,356 - INFO  - Watchdog has been checked: 0 passed
15.07.2014 09:01:38,086 - INFO  - Watchdog has been checked: 0 passed
15.07.2014 09:03:38,132 - INFO  - Watchdog has been checked: 0 passed
15.07.2014 09:05:38,161 - INFO  - Watchdog has been checked: 0 passed
15.07.2014 09:07:38,239 - INFO  - Watchdog has been checked: 0 passed
15.07.2014 09:09:38,359 - INFO  - Watchdog has been checked: 0 passed
15.07.2014 09:11:38,217 - INFO  - Watchdog has been checked: 0 passed
15.07.2014 09:13:38,279 - INFO  - Watchdog has been checked: 0 passed
15.07.2014 09:15:38,322 - INFO  - Watchdog has been checked: 0 passed
15.07.2014 09:17:38,164 - INFO  - Watchdog has been checked: 0 passed
15.07.2014 09:19:38,229 - INFO  - Watchdog has been checked: 0 passed
15.07.2014 09:21:38,447 - INFO  - Watchdog has been checked: 0 passed
15.07.2014 09:23:38,222 - INFO  - Watchdog has been checked: 0 passed
15.07.2014 09:25:38,351 - INFO  - Watchdog has been checked: 0 passed
15.07.2014 09:27:38,299 - INFO  - Watchdog has been checked: 0 passed
15.07.2014 09:29:38,357 - INFO  - Watchdog has been checked: 0 passed
15.07.2014 09:31:38,310 - INFO  - Watchdog has been checked: 0 passed
15.07.2014 09:33:38,327 - INFO  - Watchdog has been checked: 0 passed
15.07.2014 09:35:38,153 - INFO  - Watchdog has been checked: 0 passed
15.07.2014 09:37:37,214 - INFO  - Watchdog has been checked: 0 passed
15.07.2014 09:39:37,245 - INFO  - Watchdog has been checked: 0 passed
15.07.2014 09:41:37,230 - INFO  - Watchdog has been checked: 0 passed
15.07.2014 09:43:37,281 - INFO  - Watchdog has been checked: 0 passed
15.07.2014 09:45:37,303 - INFO  - Watchdog has been checked: 0 passed
15.07.2014 09:47:37,343 - INFO  - Watchdog has been checked: 0 passed
15.07.2014 09:49:37,123 - INFO  - Watchdog has been checked: 0 passed
15.07.2014 09:51:36,116 - INFO  - Watchdog has been checked: 0 passed
15.07.2014 09:53:37,508 - INFO  - Watchdog has been checked: 0 passed
15.07.2014 09:55:37,244 - INFO  - Watchdog has been checked: 0 passed
15.07.2014 09:57:37,024 - INFO  - Watchdog has been checked: 0 passed
15.07.2014 09:59:36,153 - INFO  - Watchdog has been checked: 0 passed
15.07.2014 10:01:38,125 - INFO  - Watchdog has been checked: 0 passed
15.07.2014 10:03:37,189 - INFO  - Watchdog has been checked: 0 passed
15.07.2014 10:05:37,173 - INFO  - Watchdog has been checked: 0 passed
15.07.2014 10:07:37,076 - INFO  - Watchdog has been checked: 0 passed
15.07.2014 10:09:37,139 - INFO  - Watchdog has been checked: 0 passed
15.07.2014 10:11:36,999 - INFO  - Watchdog has been checked: 0 passed
15.07.2014 10:13:38,101 - INFO  - Watchdog has been checked: 0 passed
15.07.2014 10:15:38,188 - INFO  - Watchdog has been checked: 0 passed
15.07.2014 10:17:38,244 - INFO  - Watchdog has been checked: 0 passed
15.07.2014 10:19:38,077 - INFO  - Watchdog has been checked: 0 passed
15.07.2014 10:21:38,259 - INFO  - Watchdog has been checked: 0 passed
15.07.2014 10:23:38,089 - INFO  - Watchdog has been checked: 0 passed
15.07.2014 10:25:38,172 - INFO  - Watchdog has been checked: 0 passed
15.07.2014 10:27:38,201 - INFO  - Watchdog has been checked: 0 passed
15.07.2014 10:29:38,249 - INFO  - Watchdog has been checked: 0 passed
15.07.2014 10:31:38,317 - INFO  - Watchdog has been checked: 0 passed
15.07.2014 10:33:38,391 - INFO  - Watchdog has been checked: 0 passed
15.07.2014 10:35:38,185 - INFO  - Watchdog has been checked: 0 passed
15.07.2014 10:37:38,220 - INFO  - Watchdog has been checked: 0 passed
15.07.2014 10:39:38,261 - INFO  - Watchdog has been checked: 0 passed
15.07.2014 10:41:38,192 - INFO  - Watchdog has been checked: 0 passed
15.07.2014 10:43:38,312 - INFO  - Watchdog has been checked: 0 passed
15.07.2014 10:45:38,363 - INFO  - Watchdog has been checked: 0 passed
15.07.2014 10:47:38,383 - INFO  - Watchdog has been checked: 0 passed
15.07.2014 10:49:38,185 - INFO  - Watchdog has been checked: 0 passed
15.07.2014 10:51:38,374 - INFO  - Watchdog has been checked: 0 passed
15.07.2014 10:53:38,445 - INFO  - Watchdog has been checked: 0 passed
15.07.2014 10:55:38,251 - INFO  - Watchdog has been checked: 0 passed
15.07.2014 10:57:38,281 - INFO  - Watchdog has been checked: 0 passed
15.07.2014 10:59:38,354 - INFO  - Watchdog has been checked: 0 passed
15.07.2014 11:01:38,278 - INFO  - Watchdog has been checked: 0 passed
15.07.2014 11:03:38,412 - INFO  - Watchdog has been checked: 0 passed
15.07.2014 11:05:38,123 - INFO  - Watchdog has been checked: 0 passed
15.07.2014 11:07:38,151 - INFO  - Watchdog has been checked: 0 passed
15.07.2014 11:09:38,192 - INFO  - Watchdog has been checked: 0 passed
15.07.2014 11:11:38,162 - INFO  - Watchdog has been checked: 0 passed
15.07.2014 11:13:38,184 - INFO  - Watchdog has been checked: 0 passed
15.07.2014 11:15:37,342 - INFO  - Watchdog has been checked: 0 passed
15.07.2014 11:17:37,041 - INFO  - Watchdog has been checked: 0 passed
15.07.2014 11:19:36,077 - INFO  - Watchdog has been checked: 0 passed
15.07.2014 11:21:35,081 - INFO  - Watchdog has been checked: 0 passed
15.07.2014 11:23:34,117 - INFO  - Watchdog has been checked: 0 passed
15.07.2014 11:25:33,167 - INFO  - Watchdog has been checked: 0 passed
15.07.2014 11:27:32,075 - INFO  - Watchdog has been checked: 0 passed
15.07.2014 11:29:31,086 - INFO  - Watchdog has been checked: 0 passed
15.07.2014 11:31:30,099 - INFO  - Watchdog has been checked: 0 passed
15.07.2014 11:33:29,159 - INFO  - Watchdog has been checked: 0 passed
15.07.2014 11:35:28,193 - INFO  - Watchdog has been checked: 0 passed
15.07.2014 11:37:28,247 - INFO  - Watchdog has been checked: 0 passed
15.07.2014 11:39:28,265 - INFO  - Watchdog has been checked: 0 passed
15.07.2014 11:41:28,266 - INFO  - Watchdog has been checked: 0 passed
15.07.2014 11:43:28,227 - INFO  - Watchdog has been checked: 0 passed
15.07.2014 11:45:28,250 - INFO  - Watchdog has been checked: 0 passed
15.07.2014 11:47:28,332 - INFO  - Watchdog has been checked: 0 passed
15.07.2014 11:49:28,319 - INFO  - Watchdog has been checked: 0 passed
15.07.2014 11:51:28,331 - INFO  - Watchdog has been checked: 0 passed
15.07.2014 11:53:28,388 - INFO  - Watchdog has been checked: 0 passed
15.07.2014 11:55:28,140 - INFO  - Watchdog has been checked: 0 passed
15.07.2014 11:57:28,282 - INFO  - Watchdog has been checked: 0 passed
15.07.2014 11:59:28,310 - INFO  - Watchdog has been checked: 0 passed
15.07.2014 12:01:28,936 - INFO  - Watchdog has been checked: 0 passed
15.07.2014 12:03:28,374 - INFO  - Watchdog has been checked: 0 passed
15.07.2014 12:05:28,142 - INFO  - Watchdog has been checked: 0 passed
15.07.2014 12:07:28,262 - INFO  - Watchdog has been checked: 0 passed
15.07.2014 12:09:28,285 - INFO  - Watchdog has been checked: 0 passed
15.07.2014 12:11:28,323 - INFO  - Watchdog has been checked: 0 passed
15.07.2014 12:13:28,130 - INFO  - Watchdog has been checked: 0 passed
15.07.2014 12:15:28,158 - INFO  - Watchdog has been checked: 0 passed
15.07.2014 12:17:28,223 - INFO  - Watchdog has been checked: 0 passed
15.07.2014 12:19:28,211 - INFO  - Watchdog has been checked: 0 passed
15.07.2014 12:21:28,228 - INFO  - Watchdog has been checked: 0 passed
15.07.2014 12:23:28,029 - INFO  - Watchdog has been checked: 0 passed
15.07.2014 12:25:27,160 - INFO  - Watchdog has been checked: 0 passed
15.07.2014 12:27:27,277 - INFO  - Watchdog has been checked: 0 passed
15.07.2014 12:29:27,236 - INFO  - Watchdog has been checked: 0 passed
15.07.2014 12:31:28,223 - INFO  - Watchdog has been checked: 0 passed
15.07.2014 12:33:28,134 - INFO  - Watchdog has been checked: 0 passed
15.07.2014 12:35:28,255 - INFO  - Watchdog has been checked: 0 passed
15.07.2014 12:37:28,288 - INFO  - Watchdog has been checked: 0 passed
15.07.2014 12:39:28,113 - INFO  - Watchdog has been checked: 0 passed
15.07.2014 12:41:28,121 - INFO  - Watchdog has been checked: 0 passed
15.07.2014 12:43:27,233 - INFO  - Watchdog has been checked: 0 passed
15.07.2014 12:45:27,247 - INFO  - Watchdog has been checked: 0 passed
15.07.2014 12:47:27,298 - INFO  - Watchdog has been checked: 0 passed
15.07.2014 12:49:27,302 - INFO  - Watchdog has been checked: 0 passed
15.07.2014 12:51:27,154 - INFO  - Watchdog has been checked: 0 passed
15.07.2014 12:53:27,240 - INFO  - Watchdog has been checked: 0 passed
15.07.2014 12:55:27,130 - INFO  - Watchdog has been checked: 0 passed
15.07.2014 12:57:27,162 - INFO  - Watchdog has been checked: 0 passed
15.07.2014 12:59:27,223 - INFO  - Watchdog has been checked: 0 passed
15.07.2014 13:01:27,193 - INFO  - Watchdog has been checked: 0 passed
15.07.2014 13:03:27,295 - INFO  - Watchdog has been checked: 0 passed
15.07.2014 13:05:27,272 - INFO  - Watchdog has been checked: 0 passed
15.07.2014 13:07:27,318 - INFO  - Watchdog has been checked: 0 passed
15.07.2014 13:09:27,295 - INFO  - Watchdog has been checked: 0 passed
15.07.2014 13:11:27,221 - INFO  - Watchdog has been checked: 0 passed
15.07.2014 13:13:27,320 - INFO  - Watchdog has been checked: 0 passed
15.07.2014 13:15:27,358 - INFO  - Watchdog has been checked: 0 passed
15.07.2014 13:17:27,149 - INFO  - Watchdog has been checked: 0 passed
15.07.2014 13:19:27,189 - INFO  - Watchdog has been checked: 0 passed
15.07.2014 13:21:27,180 - INFO  - Watchdog has been checked: 0 passed
15.07.2014 13:23:27,245 - INFO  - Watchdog has been checked: 0 passed
15.07.2014 13:25:27,288 - INFO  - Watchdog has been checked: 0 passed
15.07.2014 13:27:27,154 - INFO  - Watchdog has been checked: 0 passed
15.07.2014 13:29:27,150 - INFO  - Watchdog has been checked: 0 passed
15.07.2014 13:31:27,172 - INFO  - Watchdog has been checked: 0 passed
15.07.2014 13:33:28,227 - INFO  - Watchdog has been checked: 0 passed
15.07.2014 13:35:28,112 - INFO  - Watchdog has been checked: 0 passed
15.07.2014 13:37:28,197 - INFO  - Watchdog has been checked: 0 passed
15.07.2014 13:39:28,181 - INFO  - Watchdog has been checked: 0 passed
15.07.2014 13:41:28,175 - INFO  - Watchdog has been checked: 0 passed
15.07.2014 13:43:28,260 - INFO  - Watchdog has been checked: 0 passed
15.07.2014 13:45:28,092 - INFO  - Watchdog has been checked: 0 passed
15.07.2014 13:47:28,123 - INFO  - Watchdog has been checked: 0 passed
15.07.2014 13:49:28,137 - INFO  - Watchdog has been checked: 0 passed
15.07.2014 13:51:27,116 - INFO  - Watchdog has been checked: 0 passed
15.07.2014 13:53:27,202 - INFO  - Watchdog has been checked: 0 passed
15.07.2014 13:55:27,301 - INFO  - Watchdog has been checked: 0 passed
15.07.2014 13:57:27,333 - INFO  - Watchdog has been checked: 0 passed
15.07.2014 13:59:27,315 - INFO  - Watchdog has been checked: 0 passed
15.07.2014 14:01:27,373 - INFO  - Watchdog has been checked: 0 passed
15.07.2014 14:03:27,195 - INFO  - Watchdog has been checked: 0 passed
15.07.2014 14:05:27,247 - INFO  - Watchdog has been checked: 0 passed
15.07.2014 14:07:27,287 - INFO  - Watchdog has been checked: 0 passed
15.07.2014 14:09:27,265 - INFO  - Watchdog has been checked: 0 passed
15.07.2014 14:11:27,277 - INFO  - Watchdog has been checked: 0 passed
15.07.2014 14:13:27,143 - INFO  - Watchdog has been checked: 0 passed
15.07.2014 14:15:27,176 - INFO  - Watchdog has been checked: 0 passed
15.07.2014 14:17:27,258 - INFO  - Watchdog has been checked: 0 passed
15.07.2014 14:19:27,233 - INFO  - Watchdog has been checked: 0 passed
15.07.2014 14:21:27,228 - INFO  - Watchdog has been checked: 0 passed
15.07.2014 14:23:27,258 - INFO  - Watchdog has been checked: 0 passed
15.07.2014 14:25:27,273 - INFO  - Watchdog has been checked: 0 passed
15.07.2014 14:27:27,150 - INFO  - Watchdog has been checked: 0 passed
15.07.2014 14:29:27,154 - INFO  - Watchdog has been checked: 0 passed
15.07.2014 14:31:26,235 - INFO  - Watchdog has been checked: 0 passed
15.07.2014 14:33:26,245 - INFO  - Watchdog has been checked: 0 passed
15.07.2014 14:35:28,148 - INFO  - Watchdog has been checked: 0 passed
15.07.2014 14:37:28,229 - INFO  - Watchdog has been checked: 0 passed
15.07.2014 14:39:28,231 - INFO  - Watchdog has been checked: 0 passed
15.07.2014 14:41:28,185 - INFO  - Watchdog has been checked: 0 passed
15.07.2014 14:43:28,281 - INFO  - Watchdog has been checked: 0 passed
15.07.2014 14:45:28,305 - INFO  - Watchdog has been checked: 0 passed
15.07.2014 14:47:28,161 - INFO  - Watchdog has been checked: 0 passed
15.07.2014 14:49:28,127 - INFO  - Watchdog has been checked: 0 passed
15.07.2014 14:51:28,181 - INFO  - Watchdog has been checked: 0 passed
15.07.2014 14:53:28,139 - INFO  - Watchdog has been checked: 0 passed
15.07.2014 14:55:28,211 - INFO  - Watchdog has been checked: 0 passed
15.07.2014 14:55:34,038 - INFO  - searcher identified --- respT: 12ms, no results, q=buecklers taks, 
15.07.2014 14:55:34,667 - INFO  - searcher identified --- respT: 13ms, no results, q=buecklers tak, 
15.07.2014 14:55:35,758 - INFO  - searcher identified --- respT: 17ms, 36 results, q=buecklers task, 
15.07.2014 14:56:09,494 - INFO  - searcher identified --- respT: 19ms, 36 results, q=buecklers task, 
15.07.2014 14:57:10,135 - INFO  - searcher identified --- respT: 28ms, 36 results, q=buecklers task, page turned
15.07.2014 14:57:28,297 - INFO  - Watchdog has been checked: 0 passed
15.07.2014 14:59:28,289 - INFO  - Watchdog has been checked: 0 passed
15.07.2014 15:01:28,246 - INFO  - Watchdog has been checked: 0 passed
15.07.2014 15:03:28,352 - INFO  - Watchdog has been checked: 0 passed
15.07.2014 15:05:28,143 - INFO  - Watchdog has been checked: 0 passed
15.07.2014 15:07:28,224 - INFO  - Watchdog has been checked: 0 passed
15.07.2014 15:09:28,219 - INFO  - Watchdog has been checked: 0 passed
15.07.2014 15:11:28,217 - INFO  - Watchdog has been checked: 0 passed
15.07.2014 15:13:28,191 - INFO  - Watchdog has been checked: 0 passed
15.07.2014 15:15:27,198 - INFO  - Watchdog has been checked: 0 passed
15.07.2014 15:17:27,249 - INFO  - Watchdog has been checked: 0 passed
15.07.2014 15:19:27,304 - INFO  - Watchdog has been checked: 0 passed
15.07.2014 15:21:27,441 - INFO  - Watchdog has been checked: 0 passed
15.07.2014 15:23:27,298 - INFO  - Watchdog has been checked: 0 passed
15.07.2014 15:25:27,300 - INFO  - Watchdog has been checked: 0 passed
15.07.2014 15:27:27,314 - INFO  - Watchdog has been checked: 0 passed
15.07.2014 15:29:27,287 - INFO  - Watchdog has been checked: 0 passed
15.07.2014 15:31:27,141 - INFO  - Watchdog has been checked: 0 passed
15.07.2014 15:33:27,259 - INFO  - Watchdog has been checked: 0 passed
15.07.2014 15:35:27,317 - INFO  - Watchdog has been checked: 0 passed
15.07.2014 15:37:27,092 - INFO  - Watchdog has been checked: 0 passed
15.07.2014 15:39:26,267 - INFO  - Watchdog has been checked: 0 passed
15.07.2014 15:41:26,268 - INFO  - Watchdog has been checked: 0 passed
15.07.2014 15:43:26,086 - INFO  - Watchdog has been checked: 0 passed
15.07.2014 15:45:25,166 - INFO  - Watchdog has been checked: 0 passed
15.07.2014 15:47:24,208 - INFO  - Watchdog has been checked: 0 passed
15.07.2014 15:49:24,312 - INFO  - Watchdog has been checked: 0 passed
15.07.2014 15:51:24,263 - INFO  - Watchdog has been checked: 0 passed
15.07.2014 15:53:24,340 - INFO  - Watchdog has been checked: 0 passed
15.07.2014 15:55:24,196 - INFO  - Watchdog has been checked: 0 passed
15.07.2014 15:57:23,165 - INFO  - Watchdog has been checked: 0 passed
15.07.2014 15:59:22,182 - INFO  - Watchdog has been checked: 0 passed
15.07.2014 16:01:21,108 - INFO  - Watchdog has been checked: 0 passed
15.07.2014 16:03:21,171 - INFO  - Watchdog has been checked: 0 passed
15.07.2014 16:05:20,232 - INFO  - Watchdog has been checked: 0 passed
15.07.2014 16:07:19,283 - INFO  - Watchdog has been checked: 0 passed
15.07.2014 16:09:19,273 - INFO  - Watchdog has been checked: 0 passed
15.07.2014 16:11:19,311 - INFO  - Watchdog has been checked: 0 passed
15.07.2014 16:13:19,133 - INFO  - Watchdog has been checked: 0 passed
15.07.2014 16:15:19,195 - INFO  - Watchdog has been checked: 0 passed
15.07.2014 16:17:18,251 - INFO  - Watchdog has been checked: 0 passed
15.07.2014 16:19:17,196 - INFO  - Watchdog has been checked: 0 passed
15.07.2014 16:21:16,281 - INFO  - Watchdog has been checked: 0 passed
15.07.2014 16:23:15,366 - INFO  - Watchdog has been checked: 0 passed
15.07.2014 16:25:15,203 - INFO  - Watchdog has been checked: 0 passed
15.07.2014 16:27:15,174 - INFO  - Watchdog has been checked: 0 passed
15.07.2014 16:29:14,150 - INFO  - Watchdog has been checked: 0 passed
15.07.2014 16:31:14,203 - INFO  - Watchdog has been checked: 0 passed
15.07.2014 16:33:14,340 - INFO  - Watchdog has been checked: 0 passed
15.07.2014 16:35:15,367 - INFO  - Watchdog has been checked: 0 passed
15.07.2014 16:37:15,232 - INFO  - Watchdog has been checked: 0 passed
15.07.2014 16:39:15,164 - INFO  - Watchdog has been checked: 0 passed
15.07.2014 16:41:15,236 - INFO  - Watchdog has been checked: 0 passed
15.07.2014 16:43:15,096 - INFO  - Watchdog has been checked: 0 passed
15.07.2014 16:45:15,120 - INFO  - Watchdog has been checked: 0 passed
15.07.2014 16:47:15,260 - INFO  - Watchdog has been checked: 0 passed
15.07.2014 16:49:15,154 - INFO  - Watchdog has been checked: 0 passed
15.07.2014 16:51:15,251 - INFO  - Watchdog has been checked: 0 passed
15.07.2014 16:53:15,317 - INFO  - Watchdog has been checked: 0 passed
15.07.2014 16:55:15,333 - INFO  - Watchdog has been checked: 0 passed
15.07.2014 16:57:15,991 - INFO  - Watchdog has been checked: 0 passed
15.07.2014 16:59:15,149 - INFO  - Watchdog has been checked: 0 passed
15.07.2014 17:01:15,208 - INFO  - Watchdog has been checked: 0 passed
15.07.2014 17:03:15,344 - INFO  - Watchdog has been checked: 0 passed
15.07.2014 17:05:18,378 - INFO  - Watchdog has been checked: 0 passed
15.07.2014 17:07:18,228 - INFO  - Watchdog has been checked: 0 passed
15.07.2014 17:09:18,273 - INFO  - Watchdog has been checked: 0 passed
15.07.2014 17:11:18,177 - INFO  - Watchdog has been checked: 0 passed
15.07.2014 17:13:18,320 - INFO  - Watchdog has been checked: 0 passed
15.07.2014 17:15:18,317 - INFO  - Watchdog has been checked: 0 passed
15.07.2014 17:17:18,163 - INFO  - Watchdog has been checked: 0 passed
15.07.2014 17:19:18,414 - INFO  - Watchdog has been checked: 0 passed
15.07.2014 17:21:18,094 - INFO  - Watchdog has been checked: 0 passed
15.07.2014 17:23:17,280 - INFO  - Watchdog has been checked: 0 passed
15.07.2014 17:25:17,231 - INFO  - Watchdog has been checked: 0 passed
15.07.2014 17:27:17,335 - INFO  - Watchdog has been checked: 0 passed
15.07.2014 17:29:17,262 - INFO  - Watchdog has been checked: 0 passed
15.07.2014 17:31:17,069 - INFO  - Watchdog has been checked: 0 passed
15.07.2014 17:33:21,880 - INFO  - Watchdog has been checked: 0 passed
15.07.2014 17:35:21,071 - INFO  - Watchdog has been checked: 0 passed
15.07.2014 17:37:20,100 - INFO  - Watchdog has been checked: 0 passed
15.07.2014 17:39:19,116 - INFO  - Watchdog has been checked: 0 passed
15.07.2014 17:41:18,053 - INFO  - Watchdog has been checked: 0 passed
15.07.2014 17:43:17,482 - INFO  - Watchdog has been checked: 0 passed
15.07.2014 17:45:17,228 - INFO  - Watchdog has been checked: 0 passed
15.07.2014 17:47:17,257 - INFO  - Watchdog has been checked: 0 passed
15.07.2014 17:49:17,270 - INFO  - Watchdog has been checked: 0 passed
15.07.2014 17:51:17,282 - INFO  - Watchdog has been checked: 0 passed
15.07.2014 17:53:12,099 - INFO  - searcher identified --- respT: 22ms, 5284 results, web:(PSIWeb), q=, 
15.07.2014 17:53:14,885 - INFO  - searcher identified --- respT: 41ms, 4 results, web:(PSIWeb), q=restar t, 
15.07.2014 17:53:17,188 - INFO  - Watchdog has been checked: 0 passed
15.07.2014 17:53:17,164 - INFO  - searcher identified --- respT: 19ms, 37 results, web:(PSIWeb), q=resta, 
15.07.2014 17:53:20,918 - INFO  - searcher identified --- respT: 46ms, 7 results, web:(PSIWeb), q=restart alfresco, 
15.07.2014 17:53:21,700 - INFO  - searcher identified --- respT: 61ms, 7 results, web:(PSIWeb), q=restart alfresco, 
15.07.2014 17:53:33,195 - INFO  - searcher identified --- respT: 33ms, 3 results, web:(PSIWeb), q=restart alfresco schaub, 
15.07.2014 17:53:33,595 - INFO  - searcher identified --- respT: 34ms, 3 results, web:(PSIWeb), q=restart alfresco schaub, 
15.07.2014 17:54:15,068 - INFO  - searcher identified --- respT: 17ms, no results, web:(PSIWeb), q=alfstart, 
15.07.2014 17:54:17,396 - INFO  - searcher identified --- respT: 17ms, 1 results, q=alfstart, 
15.07.2014 17:55:17,175 - INFO  - Watchdog has been checked: 0 passed
15.07.2014 17:57:17,203 - INFO  - Watchdog has been checked: 0 passed
15.07.2014 17:59:18,446 - INFO  - Watchdog has been checked: 0 passed
15.07.2014 18:01:18,218 - INFO  - Watchdog has been checked: 0 passed
15.07.2014 18:03:18,307 - INFO  - Watchdog has been checked: 0 passed
15.07.2014 18:05:18,366 - INFO  - Watchdog has been checked: 0 passed
15.07.2014 18:07:18,363 - INFO  - Watchdog has been checked: 0 passed
15.07.2014 18:09:18,392 - INFO  - Watchdog has been checked: 0 passed
15.07.2014 18:11:18,090 - INFO  - Watchdog has been checked: 0 passed
15.07.2014 18:13:18,182 - INFO  - Watchdog has been checked: 0 passed
15.07.2014 18:15:18,309 - INFO  - Watchdog has been checked: 0 passed
15.07.2014 18:17:18,367 - INFO  - Watchdog has been checked: 0 passed
15.07.2014 18:19:18,420 - INFO  - Watchdog has been checked: 0 passed
15.07.2014 18:21:18,390 - INFO  - Watchdog has been checked: 0 passed
15.07.2014 18:23:18,209 - INFO  - Watchdog has been checked: 0 passed
15.07.2014 18:25:18,273 - INFO  - Watchdog has been checked: 0 passed
15.07.2014 18:27:18,271 - INFO  - Watchdog has been checked: 0 passed
15.07.2014 18:29:18,285 - INFO  - Watchdog has been checked: 0 passed
15.07.2014 18:31:18,314 - INFO  - Watchdog has been checked: 0 passed
15.07.2014 18:33:18,096 - INFO  - Watchdog has been checked: 0 passed
15.07.2014 18:35:18,189 - INFO  - Watchdog has been checked: 0 passed
15.07.2014 18:37:18,219 - INFO  - Watchdog has been checked: 0 passed
15.07.2014 18:39:18,232 - INFO  - Watchdog has been checked: 0 passed
15.07.2014 18:41:18,249 - INFO  - Watchdog has been checked: 0 passed
15.07.2014 18:43:18,049 - INFO  - Watchdog has been checked: 0 passed
15.07.2014 18:45:17,148 - INFO  - Watchdog has been checked: 0 passed
15.07.2014 18:47:16,158 - INFO  - Watchdog has been checked: 0 passed
15.07.2014 18:49:16,140 - INFO  - Watchdog has been checked: 0 passed
15.07.2014 18:51:16,196 - INFO  - Watchdog has been checked: 0 passed
15.07.2014 18:53:16,265 - INFO  - Watchdog has been checked: 0 passed
15.07.2014 18:55:16,299 - INFO  - Watchdog has been checked: 0 passed
15.07.2014 18:57:16,174 - INFO  - Watchdog has been checked: 0 passed
15.07.2014 18:59:15,104 - INFO  - Watchdog has been checked: 0 passed
15.07.2014 19:01:17,977 - INFO  - Watchdog has been checked: 0 passed
15.07.2014 19:03:17,274 - INFO  - Watchdog has been checked: 0 passed
15.07.2014 19:05:17,335 - INFO  - Watchdog has been checked: 0 passed
15.07.2014 19:07:17,156 - INFO  - Watchdog has been checked: 0 passed
15.07.2014 19:09:18,548 - INFO  - Watchdog has been checked: 0 passed
15.07.2014 19:11:18,335 - INFO  - Watchdog has been checked: 0 passed
15.07.2014 19:13:18,292 - INFO  - Watchdog has been checked: 0 passed
15.07.2014 19:15:18,325 - INFO  - Watchdog has been checked: 0 passed
15.07.2014 19:17:18,402 - INFO  - Watchdog has been checked: 0 passed
15.07.2014 19:19:18,438 - INFO  - Watchdog has been checked: 0 passed
15.07.2014 19:21:18,330 - INFO  - Watchdog has been checked: 0 passed
15.07.2014 19:23:18,261 - INFO  - Watchdog has been checked: 0 passed
15.07.2014 19:25:18,218 - INFO  - Watchdog has been checked: 0 passed
15.07.2014 19:27:18,355 - INFO  - Watchdog has been checked: 0 passed
15.07.2014 19:29:18,334 - INFO  - Watchdog has been checked: 0 passed
15.07.2014 19:31:18,082 - INFO  - Watchdog has been checked: 0 passed
15.07.2014 19:33:18,127 - INFO  - Watchdog has been checked: 0 passed
15.07.2014 19:35:18,153 - INFO  - Watchdog has been checked: 0 passed
15.07.2014 19:37:18,019 - INFO  - Watchdog has been checked: 0 passed
15.07.2014 19:39:17,068 - INFO  - Watchdog has been checked: 0 passed
15.07.2014 19:41:17,100 - INFO  - Watchdog has been checked: 0 passed
15.07.2014 19:43:17,204 - INFO  - Watchdog has been checked: 0 passed
15.07.2014 19:45:17,179 - INFO  - Watchdog has been checked: 0 passed
15.07.2014 19:47:17,275 - INFO  - Watchdog has been checked: 0 passed
15.07.2014 19:49:17,251 - INFO  - Watchdog has been checked: 0 passed
15.07.2014 19:51:17,287 - INFO  - Watchdog has been checked: 0 passed
15.07.2014 19:53:17,140 - INFO  - Watchdog has been checked: 0 passed
15.07.2014 19:55:16,144 - INFO  - Watchdog has been checked: 0 passed
15.07.2014 19:57:16,192 - INFO  - Watchdog has been checked: 0 passed
15.07.2014 19:59:16,151 - INFO  - Watchdog has been checked: 0 passed
15.07.2014 20:01:16,156 - INFO  - Watchdog has been checked: 0 passed
15.07.2014 20:03:16,297 - INFO  - Watchdog has been checked: 0 passed
15.07.2014 20:05:16,319 - INFO  - Watchdog has been checked: 0 passed
15.07.2014 20:07:16,125 - INFO  - Watchdog has been checked: 0 passed
15.07.2014 20:09:16,345 - INFO  - Watchdog has been checked: 0 passed
15.07.2014 20:11:18,403 - INFO  - Watchdog has been checked: 0 passed
15.07.2014 20:13:18,265 - INFO  - Watchdog has been checked: 0 passed
15.07.2014 20:15:18,328 - INFO  - Watchdog has been checked: 0 passed
15.07.2014 20:17:18,108 - INFO  - Watchdog has been checked: 0 passed
15.07.2014 20:19:18,154 - INFO  - Watchdog has been checked: 0 passed
15.07.2014 20:21:18,151 - INFO  - Watchdog has been checked: 0 passed
15.07.2014 20:23:18,265 - INFO  - Watchdog has been checked: 0 passed
15.07.2014 20:25:18,371 - INFO  - Watchdog has been checked: 0 passed
15.07.2014 20:27:18,164 - INFO  - Watchdog has been checked: 0 passed
15.07.2014 20:29:18,179 - INFO  - Watchdog has been checked: 0 passed
15.07.2014 20:31:18,186 - INFO  - Watchdog has been checked: 0 passed
15.07.2014 20:33:18,383 - INFO  - Watchdog has been checked: 0 passed
15.07.2014 20:35:18,231 - INFO  - Watchdog has been checked: 0 passed
15.07.2014 20:37:18,250 - INFO  - Watchdog has been checked: 0 passed
15.07.2014 20:39:18,281 - INFO  - Watchdog has been checked: 0 passed
15.07.2014 20:41:18,237 - INFO  - Watchdog has been checked: 0 passed
15.07.2014 20:43:18,295 - INFO  - Watchdog has been checked: 0 passed
15.07.2014 20:45:18,110 - INFO  - Watchdog has been checked: 0 passed
15.07.2014 20:47:17,121 - INFO  - Watchdog has been checked: 0 passed
15.07.2014 20:49:16,131 - INFO  - Watchdog has been checked: 0 passed
15.07.2014 20:51:15,148 - INFO  - Watchdog has been checked: 0 passed
15.07.2014 20:53:14,203 - INFO  - Watchdog has been checked: 0 passed
15.07.2014 20:55:14,295 - INFO  - Watchdog has been checked: 0 passed
15.07.2014 20:57:14,324 - INFO  - Watchdog has been checked: 0 passed
15.07.2014 20:59:14,277 - INFO  - Watchdog has been checked: 0 passed
15.07.2014 21:01:14,338 - INFO  - Watchdog has been checked: 0 passed
15.07.2014 21:03:14,131 - INFO  - Watchdog has been checked: 0 passed
15.07.2014 21:05:16,073 - INFO  - Watchdog has been checked: 0 passed
15.07.2014 21:07:15,265 - INFO  - Watchdog has been checked: 0 passed
15.07.2014 21:09:15,182 - INFO  - Watchdog has been checked: 0 passed
15.07.2014 21:11:15,227 - INFO  - Watchdog has been checked: 0 passed
15.07.2014 21:13:18,297 - INFO  - Watchdog has been checked: 0 passed
15.07.2014 21:15:18,148 - INFO  - Watchdog has been checked: 0 passed
15.07.2014 21:17:18,208 - INFO  - Watchdog has been checked: 0 passed
15.07.2014 21:19:18,159 - INFO  - Watchdog has been checked: 0 passed
15.07.2014 21:21:18,229 - INFO  - Watchdog has been checked: 0 passed
15.07.2014 21:23:18,260 - INFO  - Watchdog has been checked: 0 passed
15.07.2014 21:25:18,276 - INFO  - Watchdog has been checked: 0 passed
15.07.2014 21:27:18,344 - INFO  - Watchdog has been checked: 0 passed
15.07.2014 21:29:18,309 - INFO  - Watchdog has been checked: 0 passed
15.07.2014 21:31:18,134 - INFO  - Watchdog has been checked: 0 passed
15.07.2014 21:33:18,188 - INFO  - Watchdog has been checked: 0 passed
15.07.2014 21:35:18,244 - INFO  - Watchdog has been checked: 0 passed
15.07.2014 21:37:18,333 - INFO  - Watchdog has been checked: 0 passed
15.07.2014 21:39:18,299 - INFO  - Watchdog has been checked: 0 passed
15.07.2014 21:41:18,282 - INFO  - Watchdog has been checked: 0 passed
15.07.2014 21:43:18,120 - INFO  - Watchdog has been checked: 0 passed
15.07.2014 21:45:18,193 - INFO  - Watchdog has been checked: 0 passed
15.07.2014 21:47:18,256 - INFO  - Watchdog has been checked: 0 passed
15.07.2014 21:49:18,232 - INFO  - Watchdog has been checked: 0 passed
15.07.2014 21:51:18,232 - INFO  - Watchdog has been checked: 0 passed
15.07.2014 21:53:18,328 - INFO  - Watchdog has been checked: 0 passed
15.07.2014 21:55:18,323 - INFO  - Watchdog has been checked: 0 passed
15.07.2014 21:57:18,113 - INFO  - Watchdog has been checked: 0 passed
15.07.2014 21:59:17,161 - INFO  - Watchdog has been checked: 0 passed
15.07.2014 22:01:17,182 - INFO  - Watchdog has been checked: 0 passed
15.07.2014 22:03:17,213 - INFO  - Watchdog has been checked: 0 passed
15.07.2014 22:05:17,262 - INFO  - Watchdog has been checked: 0 passed
15.07.2014 22:07:16,981 - INFO  - Watchdog has been checked: 0 passed
15.07.2014 22:09:16,298 - INFO  - Watchdog has been checked: 0 passed
15.07.2014 22:11:16,086 - INFO  - Watchdog has been checked: 0 passed
15.07.2014 22:13:15,189 - INFO  - Watchdog has been checked: 0 passed
15.07.2014 22:15:18,163 - INFO  - Watchdog has been checked: 0 passed
15.07.2014 22:17:18,206 - INFO  - Watchdog has been checked: 0 passed
15.07.2014 22:19:18,138 - INFO  - Watchdog has been checked: 0 passed
15.07.2014 22:21:18,079 - INFO  - Watchdog has been checked: 0 passed
15.07.2014 22:23:17,091 - INFO  - Watchdog has been checked: 0 passed
15.07.2014 22:25:16,165 - INFO  - Watchdog has been checked: 0 passed
15.07.2014 22:27:15,301 - INFO  - Watchdog has been checked: 0 passed
15.07.2014 22:29:15,249 - INFO  - Watchdog has been checked: 0 passed
15.07.2014 22:31:15,295 - INFO  - Watchdog has been checked: 0 passed
15.07.2014 22:33:15,196 - INFO  - Watchdog has been checked: 0 passed
15.07.2014 22:35:15,198 - INFO  - Watchdog has been checked: 0 passed
15.07.2014 22:37:15,250 - INFO  - Watchdog has been checked: 0 passed
15.07.2014 22:39:15,217 - INFO  - Watchdog has been checked: 0 passed
15.07.2014 22:41:15,231 - INFO  - Watchdog has been checked: 0 passed
15.07.2014 22:43:15,067 - INFO  - Watchdog has been checked: 0 passed
15.07.2014 22:45:14,127 - INFO  - Watchdog has been checked: 0 passed
15.07.2014 22:47:14,205 - INFO  - Watchdog has been checked: 0 passed
15.07.2014 22:49:14,383 - INFO  - Watchdog has been checked: 0 passed
15.07.2014 22:51:14,129 - INFO  - Watchdog has been checked: 0 passed
15.07.2014 22:53:14,239 - INFO  - Watchdog has been checked: 0 passed
15.07.2014 22:55:14,213 - INFO  - Watchdog has been checked: 0 passed
15.07.2014 22:57:14,263 - INFO  - Watchdog has been checked: 0 passed
15.07.2014 22:59:14,233 - INFO  - Watchdog has been checked: 0 passed
15.07.2014 23:01:14,291 - INFO  - Watchdog has been checked: 0 passed
15.07.2014 23:03:14,140 - INFO  - Watchdog has been checked: 0 passed
15.07.2014 23:05:14,171 - INFO  - Watchdog has been checked: 0 passed
15.07.2014 23:07:14,223 - INFO  - Watchdog has been checked: 0 passed
15.07.2014 23:09:14,436 - INFO  - Watchdog has been checked: 0 passed
15.07.2014 23:11:14,232 - INFO  - Watchdog has been checked: 0 passed
15.07.2014 23:13:14,332 - INFO  - Watchdog has been checked: 0 passed
15.07.2014 23:15:14,154 - INFO  - Watchdog has been checked: 0 passed
15.07.2014 23:17:15,537 - INFO  - Watchdog has been checked: 0 passed
15.07.2014 23:19:15,229 - INFO  - Watchdog has been checked: 0 passed
15.07.2014 23:21:15,291 - INFO  - Watchdog has been checked: 0 passed
15.07.2014 23:23:15,214 - INFO  - Watchdog has been checked: 0 passed
15.07.2014 23:25:15,225 - INFO  - Watchdog has been checked: 0 passed
15.07.2014 23:27:15,294 - INFO  - Watchdog has been checked: 0 passed
15.07.2014 23:29:15,297 - INFO  - Watchdog has been checked: 0 passed
15.07.2014 23:31:16,450 - INFO  - Watchdog has been checked: 0 passed
15.07.2014 23:33:15,169 - INFO  - Watchdog has been checked: 0 passed
15.07.2014 23:35:15,209 - INFO  - Watchdog has been checked: 0 passed
15.07.2014 23:37:15,336 - INFO  - Watchdog has been checked: 0 passed
15.07.2014 23:39:15,267 - INFO  - Watchdog has been checked: 0 passed
15.07.2014 23:41:15,288 - INFO  - Watchdog has been checked: 0 passed
15.07.2014 23:43:15,356 - INFO  - Watchdog has been checked: 0 passed
15.07.2014 23:45:15,064 - INFO  - Watchdog has been checked: 0 passed
15.07.2014 23:47:14,167 - INFO  - Watchdog has been checked: 0 passed
15.07.2014 23:49:14,922 - INFO  - Watchdog has been checked: 0 passed
15.07.2014 23:51:14,066 - INFO  - Watchdog has been checked: 0 passed
15.07.2014 23:53:14,298 - INFO  - Watchdog has been checked: 0 passed
15.07.2014 23:55:14,328 - INFO  - Watchdog has been checked: 0 passed
15.07.2014 23:57:14,384 - INFO  - Watchdog has been checked: 0 passed
15.07.2014 23:59:14,316 - INFO  - Watchdog has been checked: 0 passed
