31.07.2014 00:01:27,068 - INFO  - Watchdog has been checked: 0 passed
31.07.2014 00:03:27,221 - INFO  - Watchdog has been checked: 0 passed
31.07.2014 00:05:27,274 - INFO  - Watchdog has been checked: 0 passed
31.07.2014 00:07:27,391 - INFO  - Watchdog has been checked: 0 passed
31.07.2014 00:09:27,212 - INFO  - Watchdog has been checked: 0 passed
31.07.2014 00:11:27,095 - INFO  - Watchdog has been checked: 0 passed
31.07.2014 00:13:26,167 - INFO  - Watchdog has been checked: 0 passed
31.07.2014 00:15:26,264 - INFO  - Watchdog has been checked: 0 passed
31.07.2014 00:17:26,068 - INFO  - Watchdog has been checked: 0 passed
31.07.2014 00:19:26,545 - INFO  - Watchdog has been checked: 0 passed
31.07.2014 00:21:26,371 - INFO  - Watchdog has been checked: 0 passed
31.07.2014 00:23:26,125 - INFO  - Watchdog has been checked: 0 passed
31.07.2014 00:25:26,198 - INFO  - Watchdog has been checked: 0 passed
31.07.2014 00:27:26,350 - INFO  - Watchdog has been checked: 0 passed
31.07.2014 00:29:26,140 - INFO  - Watchdog has been checked: 0 passed
31.07.2014 00:31:26,158 - INFO  - Watchdog has been checked: 0 passed
31.07.2014 00:33:26,189 - INFO  - Watchdog has been checked: 0 passed
31.07.2014 00:35:26,303 - INFO  - Watchdog has been checked: 0 passed
31.07.2014 00:37:26,390 - INFO  - Watchdog has been checked: 0 passed
31.07.2014 00:39:26,331 - INFO  - Watchdog has been checked: 0 passed
31.07.2014 00:41:26,337 - INFO  - Watchdog has been checked: 0 passed
31.07.2014 00:43:26,403 - INFO  - Watchdog has been checked: 0 passed
31.07.2014 00:45:26,339 - INFO  - Watchdog has been checked: 0 passed
31.07.2014 00:47:26,270 - INFO  - Watchdog has been checked: 0 passed
31.07.2014 00:49:26,250 - INFO  - Watchdog has been checked: 0 passed
31.07.2014 00:51:26,210 - INFO  - Watchdog has been checked: 0 passed
31.07.2014 00:53:26,082 - INFO  - Watchdog has been checked: 0 passed
31.07.2014 00:55:27,268 - INFO  - Watchdog has been checked: 0 passed
31.07.2014 00:57:27,242 - INFO  - Watchdog has been checked: 0 passed
31.07.2014 00:59:27,350 - INFO  - Watchdog has been checked: 0 passed
31.07.2014 01:01:27,277 - INFO  - Watchdog has been checked: 0 passed
31.07.2014 01:03:27,159 - INFO  - Watchdog has been checked: 0 passed
31.07.2014 01:05:27,338 - INFO  - Watchdog has been checked: 0 passed
31.07.2014 01:07:27,304 - INFO  - Watchdog has been checked: 0 passed
31.07.2014 01:09:27,408 - INFO  - Watchdog has been checked: 0 passed
31.07.2014 01:11:27,165 - INFO  - Watchdog has been checked: 0 passed
31.07.2014 01:13:27,082 - INFO  - Watchdog has been checked: 0 passed
31.07.2014 01:15:26,148 - INFO  - Watchdog has been checked: 0 passed
31.07.2014 01:17:26,180 - INFO  - Watchdog has been checked: 0 passed
31.07.2014 01:19:26,187 - INFO  - Watchdog has been checked: 0 passed
31.07.2014 01:21:27,318 - INFO  - Watchdog has been checked: 0 passed
31.07.2014 01:23:27,242 - INFO  - Watchdog has been checked: 0 passed
31.07.2014 01:25:27,166 - INFO  - Watchdog has been checked: 0 passed
31.07.2014 01:27:27,336 - INFO  - Watchdog has been checked: 0 passed
31.07.2014 01:29:27,402 - INFO  - Watchdog has been checked: 0 passed
31.07.2014 01:31:27,268 - INFO  - Watchdog has been checked: 0 passed
31.07.2014 01:33:27,185 - INFO  - Watchdog has been checked: 0 passed
31.07.2014 01:35:27,426 - INFO  - Watchdog has been checked: 0 passed
31.07.2014 01:37:27,304 - INFO  - Watchdog has been checked: 0 passed
31.07.2014 01:39:27,380 - INFO  - Watchdog has been checked: 0 passed
31.07.2014 01:41:27,102 - INFO  - Watchdog has been checked: 0 passed
31.07.2014 01:43:26,326 - INFO  - Watchdog has been checked: 0 passed
31.07.2014 01:45:26,333 - INFO  - Watchdog has been checked: 0 passed
31.07.2014 01:47:26,177 - INFO  - Watchdog has been checked: 0 passed
31.07.2014 01:49:26,275 - INFO  - Watchdog has been checked: 0 passed
31.07.2014 01:51:26,323 - INFO  - Watchdog has been checked: 0 passed
31.07.2014 01:53:26,220 - INFO  - Watchdog has been checked: 0 passed
31.07.2014 01:55:26,169 - INFO  - Watchdog has been checked: 0 passed
31.07.2014 01:57:27,473 - INFO  - Watchdog has been checked: 0 passed
31.07.2014 01:59:27,378 - INFO  - Watchdog has been checked: 0 passed
31.07.2014 02:01:27,175 - INFO  - Watchdog has been checked: 0 passed
31.07.2014 02:03:27,303 - INFO  - Watchdog has been checked: 0 passed
31.07.2014 02:05:27,275 - INFO  - Watchdog has been checked: 0 passed
31.07.2014 02:07:27,415 - INFO  - Watchdog has been checked: 0 passed
31.07.2014 02:09:27,213 - INFO  - Watchdog has been checked: 0 passed
31.07.2014 02:11:27,274 - INFO  - Watchdog has been checked: 0 passed
31.07.2014 02:13:27,134 - INFO  - Watchdog has been checked: 0 passed
31.07.2014 02:15:27,101 - INFO  - Watchdog has been checked: 0 passed
31.07.2014 02:17:27,291 - INFO  - Watchdog has been checked: 0 passed
31.07.2014 02:19:27,067 - INFO  - Watchdog has been checked: 0 passed
31.07.2014 02:21:26,116 - INFO  - Watchdog has been checked: 0 passed
31.07.2014 02:23:27,033 - INFO  - Watchdog has been checked: 0 passed
31.07.2014 02:25:26,114 - INFO  - Watchdog has been checked: 0 passed
31.07.2014 02:27:26,117 - INFO  - Watchdog has been checked: 0 passed
31.07.2014 02:29:26,243 - INFO  - Watchdog has been checked: 0 passed
31.07.2014 02:31:26,074 - INFO  - Watchdog has been checked: 0 passed
31.07.2014 02:33:26,217 - INFO  - Watchdog has been checked: 0 passed
31.07.2014 02:35:26,321 - INFO  - Watchdog has been checked: 0 passed
31.07.2014 02:37:26,102 - INFO  - Watchdog has been checked: 0 passed
31.07.2014 02:39:26,237 - INFO  - Watchdog has been checked: 0 passed
31.07.2014 02:41:26,082 - INFO  - Watchdog has been checked: 0 passed
31.07.2014 02:43:26,147 - INFO  - Watchdog has been checked: 0 passed
31.07.2014 02:45:26,209 - INFO  - Watchdog has been checked: 0 passed
31.07.2014 02:47:26,207 - INFO  - Watchdog has been checked: 0 passed
31.07.2014 02:49:26,059 - INFO  - Watchdog has been checked: 0 passed
31.07.2014 02:51:26,204 - INFO  - Watchdog has been checked: 0 passed
31.07.2014 02:53:26,235 - INFO  - Watchdog has been checked: 0 passed
31.07.2014 02:55:26,092 - INFO  - Watchdog has been checked: 0 passed
31.07.2014 02:57:25,136 - INFO  - Watchdog has been checked: 0 passed
31.07.2014 02:59:27,148 - INFO  - Watchdog has been checked: 0 passed
31.07.2014 03:01:27,261 - INFO  - Watchdog has been checked: 0 passed
31.07.2014 03:03:27,094 - INFO  - Watchdog has been checked: 0 passed
31.07.2014 03:05:27,168 - INFO  - Watchdog has been checked: 0 passed
31.07.2014 03:07:26,284 - INFO  - Watchdog has been checked: 0 passed
31.07.2014 03:09:26,250 - INFO  - Watchdog has been checked: 0 passed
31.07.2014 03:11:26,276 - INFO  - Watchdog has been checked: 0 passed
31.07.2014 03:13:26,317 - INFO  - Watchdog has been checked: 0 passed
31.07.2014 03:15:27,330 - INFO  - Watchdog has been checked: 0 passed
31.07.2014 03:17:27,171 - INFO  - Watchdog has been checked: 0 passed
31.07.2014 03:19:27,257 - INFO  - Watchdog has been checked: 0 passed
31.07.2014 03:21:27,313 - INFO  - Watchdog has been checked: 0 passed
31.07.2014 03:23:27,198 - INFO  - Watchdog has been checked: 0 passed
31.07.2014 03:25:27,325 - INFO  - Watchdog has been checked: 0 passed
31.07.2014 03:27:27,357 - INFO  - Watchdog has been checked: 0 passed
31.07.2014 03:29:27,448 - INFO  - Watchdog has been checked: 0 passed
31.07.2014 03:31:27,294 - INFO  - Watchdog has been checked: 0 passed
31.07.2014 03:33:27,403 - INFO  - Watchdog has been checked: 0 passed
31.07.2014 03:35:27,380 - INFO  - Watchdog has been checked: 0 passed
31.07.2014 03:37:27,308 - INFO  - Watchdog has been checked: 0 passed
31.07.2014 03:39:27,362 - INFO  - Watchdog has been checked: 0 passed
31.07.2014 03:41:27,267 - INFO  - Watchdog has been checked: 0 passed
31.07.2014 03:43:27,359 - INFO  - Watchdog has been checked: 0 passed
31.07.2014 03:45:27,281 - INFO  - Watchdog has been checked: 0 passed
31.07.2014 03:47:27,271 - INFO  - Watchdog has been checked: 0 passed
31.07.2014 03:49:27,255 - INFO  - Watchdog has been checked: 0 passed
31.07.2014 03:51:27,161 - INFO  - Watchdog has been checked: 0 passed
31.07.2014 03:53:27,277 - INFO  - Watchdog has been checked: 0 passed
31.07.2014 03:55:27,191 - INFO  - Watchdog has been checked: 0 passed
31.07.2014 03:57:27,147 - INFO  - Watchdog has been checked: 0 passed
31.07.2014 03:59:26,086 - INFO  - Watchdog has been checked: 0 passed
31.07.2014 04:01:29,984 - INFO  - Watchdog has been checked: 0 passed
31.07.2014 04:03:29,196 - INFO  - Watchdog has been checked: 0 passed
31.07.2014 04:05:29,086 - INFO  - Watchdog has been checked: 0 passed
31.07.2014 04:07:29,044 - INFO  - Watchdog has been checked: 0 passed
31.07.2014 04:09:28,052 - INFO  - Watchdog has been checked: 0 passed
31.07.2014 04:11:28,148 - INFO  - Watchdog has been checked: 0 passed
31.07.2014 04:13:28,133 - INFO  - Watchdog has been checked: 0 passed
31.07.2014 04:15:28,030 - INFO  - Watchdog has been checked: 0 passed
31.07.2014 04:17:29,178 - INFO  - Watchdog has been checked: 0 passed
31.07.2014 04:19:29,263 - INFO  - Watchdog has been checked: 0 passed
31.07.2014 04:21:29,064 - INFO  - Watchdog has been checked: 0 passed
31.07.2014 04:23:29,276 - INFO  - Watchdog has been checked: 0 passed
31.07.2014 04:25:29,204 - INFO  - Watchdog has been checked: 0 passed
31.07.2014 04:27:29,341 - INFO  - Watchdog has been checked: 0 passed
31.07.2014 04:29:29,254 - INFO  - Watchdog has been checked: 0 passed
31.07.2014 04:31:29,063 - INFO  - Watchdog has been checked: 0 passed
31.07.2014 04:33:29,298 - INFO  - Watchdog has been checked: 0 passed
31.07.2014 04:35:29,223 - INFO  - Watchdog has been checked: 0 passed
31.07.2014 04:37:29,572 - INFO  - Watchdog has been checked: 0 passed
31.07.2014 04:39:29,164 - INFO  - Watchdog has been checked: 0 passed
31.07.2014 04:41:29,222 - INFO  - Watchdog has been checked: 0 passed
31.07.2014 04:43:29,141 - INFO  - Watchdog has been checked: 0 passed
31.07.2014 04:45:29,127 - INFO  - Watchdog has been checked: 0 passed
31.07.2014 04:47:29,635 - INFO  - Watchdog has been checked: 0 passed
31.07.2014 04:49:29,240 - INFO  - Watchdog has been checked: 0 passed
31.07.2014 04:51:29,168 - INFO  - Watchdog has been checked: 0 passed
31.07.2014 04:53:29,446 - INFO  - Watchdog has been checked: 0 passed
31.07.2014 04:55:29,571 - INFO  - Watchdog has been checked: 0 passed
31.07.2014 04:57:29,549 - INFO  - Watchdog has been checked: 0 passed
31.07.2014 04:59:29,229 - INFO  - Watchdog has been checked: 0 passed
31.07.2014 05:01:29,345 - INFO  - Watchdog has been checked: 0 passed
31.07.2014 05:03:29,564 - INFO  - Watchdog has been checked: 0 passed
31.07.2014 05:05:29,305 - INFO  - Watchdog has been checked: 0 passed
31.07.2014 05:07:29,639 - INFO  - Watchdog has been checked: 0 passed
31.07.2014 05:09:29,267 - INFO  - Watchdog has been checked: 0 passed
31.07.2014 05:11:29,378 - INFO  - Watchdog has been checked: 0 passed
31.07.2014 05:13:29,300 - INFO  - Watchdog has been checked: 0 passed
31.07.2014 05:15:29,333 - INFO  - Watchdog has been checked: 0 passed
31.07.2014 05:17:29,601 - INFO  - Watchdog has been checked: 0 passed
31.07.2014 05:19:29,315 - INFO  - Watchdog has been checked: 0 passed
31.07.2014 05:21:29,166 - INFO  - Watchdog has been checked: 0 passed
31.07.2014 05:23:29,212 - INFO  - Watchdog has been checked: 0 passed
31.07.2014 05:25:29,359 - INFO  - Watchdog has been checked: 0 passed
31.07.2014 05:27:29,195 - INFO  - Watchdog has been checked: 0 passed
31.07.2014 05:29:29,274 - INFO  - Watchdog has been checked: 0 passed
31.07.2014 05:31:29,209 - INFO  - Watchdog has been checked: 0 passed
31.07.2014 05:33:29,270 - INFO  - Watchdog has been checked: 0 passed
31.07.2014 05:35:29,294 - INFO  - Watchdog has been checked: 0 passed
31.07.2014 05:37:29,459 - INFO  - Watchdog has been checked: 0 passed
31.07.2014 05:39:29,358 - INFO  - Watchdog has been checked: 0 passed
31.07.2014 05:41:29,304 - INFO  - Watchdog has been checked: 0 passed
31.07.2014 05:43:29,399 - INFO  - Watchdog has been checked: 0 passed
31.07.2014 05:45:29,110 - INFO  - Watchdog has been checked: 0 passed
31.07.2014 05:47:29,273 - INFO  - Watchdog has been checked: 0 passed
31.07.2014 05:49:29,232 - INFO  - Watchdog has been checked: 0 passed
31.07.2014 05:51:29,137 - INFO  - Watchdog has been checked: 0 passed
31.07.2014 05:53:29,175 - INFO  - Watchdog has been checked: 0 passed
31.07.2014 05:55:29,150 - INFO  - Watchdog has been checked: 0 passed
31.07.2014 05:57:29,084 - INFO  - Watchdog has been checked: 0 passed
31.07.2014 05:59:29,040 - INFO  - Watchdog has been checked: 0 passed
31.07.2014 06:01:29,294 - INFO  - Watchdog has been checked: 0 passed
31.07.2014 06:03:29,135 - INFO  - Watchdog has been checked: 0 passed
31.07.2014 06:05:29,394 - INFO  - Watchdog has been checked: 0 passed
31.07.2014 06:07:29,348 - INFO  - Watchdog has been checked: 0 passed
31.07.2014 06:09:29,272 - INFO  - Watchdog has been checked: 0 passed
31.07.2014 06:11:29,221 - INFO  - Watchdog has been checked: 0 passed
31.07.2014 06:13:29,162 - INFO  - Watchdog has been checked: 0 passed
31.07.2014 06:15:01,405 - INFO  - mapping file sync started
31.07.2014 06:15:03,206 - INFO  - file successfully updated
31.07.2014 06:15:29,360 - INFO  - Watchdog has been checked: 0 passed
31.07.2014 06:17:29,429 - INFO  - Watchdog has been checked: 0 passed
31.07.2014 06:19:29,328 - INFO  - Watchdog has been checked: 0 passed
31.07.2014 06:21:29,490 - INFO  - Watchdog has been checked: 0 passed
31.07.2014 06:23:29,406 - INFO  - Watchdog has been checked: 0 passed
31.07.2014 06:25:29,324 - INFO  - Watchdog has been checked: 0 passed
31.07.2014 06:27:29,539 - INFO  - Watchdog has been checked: 0 passed
31.07.2014 06:29:29,272 - INFO  - Watchdog has been checked: 0 passed
31.07.2014 06:31:29,396 - INFO  - Watchdog has been checked: 0 passed
31.07.2014 06:33:29,343 - INFO  - Watchdog has been checked: 0 passed
31.07.2014 06:35:29,559 - INFO  - Watchdog has been checked: 0 passed
31.07.2014 06:37:29,482 - INFO  - Watchdog has been checked: 0 passed
31.07.2014 06:39:29,470 - INFO  - Watchdog has been checked: 0 passed
31.07.2014 06:41:29,271 - INFO  - Watchdog has been checked: 0 passed
31.07.2014 06:43:29,255 - INFO  - Watchdog has been checked: 0 passed
31.07.2014 06:45:29,169 - INFO  - Watchdog has been checked: 0 passed
31.07.2014 06:47:29,289 - INFO  - Watchdog has been checked: 0 passed
31.07.2014 06:49:29,118 - INFO  - Watchdog has been checked: 0 passed
31.07.2014 06:51:29,151 - INFO  - Watchdog has been checked: 0 passed
31.07.2014 06:53:29,079 - INFO  - Watchdog has been checked: 0 passed
31.07.2014 06:55:29,028 - INFO  - Watchdog has been checked: 0 passed
31.07.2014 06:57:29,121 - INFO  - Watchdog has been checked: 0 passed
31.07.2014 06:59:29,013 - INFO  - Watchdog has been checked: 0 passed
31.07.2014 07:01:28,107 - INFO  - Watchdog has been checked: 0 passed
31.07.2014 07:03:28,073 - INFO  - Watchdog has been checked: 0 passed
31.07.2014 07:05:27,274 - INFO  - Watchdog has been checked: 0 passed
31.07.2014 07:07:29,288 - INFO  - Watchdog has been checked: 0 passed
31.07.2014 07:09:29,246 - INFO  - Watchdog has been checked: 0 passed
31.07.2014 07:11:29,270 - INFO  - Watchdog has been checked: 0 passed
31.07.2014 07:13:29,214 - INFO  - Watchdog has been checked: 0 passed
31.07.2014 07:15:02,050 - INFO  - mapping file sync started
31.07.2014 07:15:02,557 - INFO  - file successfully updated
31.07.2014 07:15:29,160 - INFO  - Watchdog has been checked: 0 passed
31.07.2014 07:17:29,692 - INFO  - Watchdog has been checked: 0 passed
31.07.2014 07:19:29,113 - INFO  - Watchdog has been checked: 0 passed
31.07.2014 07:21:29,139 - INFO  - Watchdog has been checked: 0 passed
31.07.2014 07:23:29,252 - INFO  - Watchdog has been checked: 0 passed
31.07.2014 07:25:29,049 - INFO  - Watchdog has been checked: 0 passed
31.07.2014 07:27:29,490 - INFO  - Watchdog has been checked: 0 passed
31.07.2014 07:29:29,265 - INFO  - Watchdog has been checked: 0 passed
31.07.2014 07:31:29,079 - INFO  - Watchdog has been checked: 0 passed
31.07.2014 07:33:29,090 - INFO  - Watchdog has been checked: 0 passed
31.07.2014 07:35:28,253 - INFO  - Watchdog has been checked: 0 passed
31.07.2014 07:37:28,281 - INFO  - Watchdog has been checked: 0 passed
31.07.2014 07:39:28,224 - INFO  - Watchdog has been checked: 0 passed
31.07.2014 07:41:28,345 - INFO  - Watchdog has been checked: 0 passed
31.07.2014 07:43:28,145 - INFO  - Watchdog has been checked: 0 passed
31.07.2014 07:45:28,307 - INFO  - Watchdog has been checked: 0 passed
31.07.2014 07:47:28,086 - INFO  - Watchdog has been checked: 0 passed
31.07.2014 07:49:28,239 - INFO  - Watchdog has been checked: 0 passed
31.07.2014 07:51:28,137 - INFO  - Watchdog has been checked: 0 passed
31.07.2014 07:53:28,165 - INFO  - Watchdog has been checked: 0 passed
31.07.2014 07:55:28,243 - INFO  - Watchdog has been checked: 0 passed
31.07.2014 07:57:28,288 - INFO  - Watchdog has been checked: 0 passed
31.07.2014 07:59:28,608 - INFO  - Watchdog has been checked: 0 passed
31.07.2014 08:01:28,216 - INFO  - Watchdog has been checked: 0 passed
31.07.2014 08:03:28,295 - INFO  - Watchdog has been checked: 0 passed
31.07.2014 08:05:28,102 - INFO  - Watchdog has been checked: 0 passed
31.07.2014 08:07:28,172 - INFO  - Watchdog has been checked: 0 passed
31.07.2014 08:09:29,355 - INFO  - Watchdog has been checked: 0 passed
31.07.2014 08:11:29,180 - INFO  - Watchdog has been checked: 0 passed
31.07.2014 08:13:29,191 - INFO  - Watchdog has been checked: 0 passed
31.07.2014 08:15:29,028 - INFO  - Watchdog has been checked: 0 passed
31.07.2014 08:17:28,206 - INFO  - Watchdog has been checked: 0 passed
31.07.2014 08:19:28,098 - INFO  - Watchdog has been checked: 0 passed
31.07.2014 08:21:28,089 - INFO  - Watchdog has been checked: 0 passed
31.07.2014 08:23:28,172 - INFO  - Watchdog has been checked: 0 passed
31.07.2014 08:25:29,161 - INFO  - Watchdog has been checked: 0 passed
31.07.2014 08:27:29,339 - INFO  - Watchdog has been checked: 0 passed
31.07.2014 08:29:29,240 - INFO  - Watchdog has been checked: 0 passed
31.07.2014 08:31:29,391 - INFO  - Watchdog has been checked: 0 passed
31.07.2014 08:33:29,134 - INFO  - Watchdog has been checked: 0 passed
31.07.2014 08:35:29,695 - INFO  - Watchdog has been checked: 0 passed
31.07.2014 08:37:29,192 - INFO  - Watchdog has been checked: 0 passed
31.07.2014 08:39:29,284 - INFO  - Watchdog has been checked: 0 passed
31.07.2014 08:41:29,269 - INFO  - Watchdog has been checked: 0 passed
31.07.2014 08:43:29,206 - INFO  - Watchdog has been checked: 0 passed
31.07.2014 08:45:29,394 - INFO  - Watchdog has been checked: 0 passed
31.07.2014 08:47:29,309 - INFO  - Watchdog has been checked: 0 passed
31.07.2014 08:49:29,476 - INFO  - Watchdog has been checked: 0 passed
31.07.2014 08:51:29,222 - INFO  - Watchdog has been checked: 0 passed
31.07.2014 08:53:29,367 - INFO  - Watchdog has been checked: 0 passed
31.07.2014 08:55:29,379 - INFO  - Watchdog has been checked: 0 passed
31.07.2014 08:57:29,443 - INFO  - Watchdog has been checked: 0 passed
31.07.2014 08:59:29,319 - INFO  - Watchdog has been checked: 0 passed
31.07.2014 09:01:29,449 - INFO  - Watchdog has been checked: 0 passed
31.07.2014 09:03:29,327 - INFO  - Watchdog has been checked: 0 passed
31.07.2014 09:05:29,456 - INFO  - Watchdog has been checked: 0 passed
31.07.2014 09:07:29,435 - INFO  - Watchdog has been checked: 0 passed
31.07.2014 09:09:29,491 - INFO  - Watchdog has been checked: 0 passed
31.07.2014 09:11:29,513 - INFO  - Watchdog has been checked: 0 passed
31.07.2014 09:13:29,338 - INFO  - Watchdog has been checked: 0 passed
31.07.2014 09:15:29,498 - INFO  - Watchdog has been checked: 0 passed
31.07.2014 09:17:29,404 - INFO  - Watchdog has been checked: 0 passed
31.07.2014 09:19:29,555 - INFO  - Watchdog has been checked: 0 passed
31.07.2014 09:21:29,334 - INFO  - Watchdog has been checked: 0 passed
31.07.2014 09:23:29,330 - INFO  - Watchdog has been checked: 0 passed
31.07.2014 09:25:29,455 - INFO  - Watchdog has been checked: 0 passed
31.07.2014 09:27:29,290 - INFO  - Watchdog has been checked: 0 passed
31.07.2014 09:29:29,174 - INFO  - Watchdog has been checked: 0 passed
31.07.2014 09:31:29,171 - INFO  - Watchdog has been checked: 0 passed
31.07.2014 09:33:29,149 - INFO  - Watchdog has been checked: 0 passed
31.07.2014 09:35:29,338 - INFO  - Watchdog has been checked: 0 passed
31.07.2014 09:37:29,666 - INFO  - Watchdog has been checked: 0 passed
31.07.2014 09:39:29,387 - INFO  - Watchdog has been checked: 0 passed
31.07.2014 09:41:29,030 - INFO  - Watchdog has been checked: 0 passed
31.07.2014 09:43:27,938 - INFO  - Watchdog has been checked: 0 passed
31.07.2014 09:45:27,193 - INFO  - Watchdog has been checked: 0 passed
31.07.2014 09:47:26,956 - INFO  - Watchdog has been checked: 0 passed
31.07.2014 09:49:26,163 - INFO  - Watchdog has been checked: 0 passed
31.07.2014 09:51:26,364 - INFO  - Watchdog has been checked: 0 passed
31.07.2014 09:53:26,086 - INFO  - Watchdog has been checked: 0 passed
31.07.2014 09:55:26,073 - INFO  - Watchdog has been checked: 0 passed
31.07.2014 09:57:26,088 - INFO  - Watchdog has been checked: 0 passed
31.07.2014 09:59:26,127 - INFO  - Watchdog has been checked: 0 passed
31.07.2014 10:01:25,189 - INFO  - Watchdog has been checked: 0 passed
31.07.2014 10:03:26,868 - INFO  - Watchdog has been checked: 0 passed
31.07.2014 10:05:26,229 - INFO  - Watchdog has been checked: 0 passed
31.07.2014 10:07:26,102 - INFO  - Watchdog has been checked: 0 passed
31.07.2014 10:09:26,017 - INFO  - Watchdog has been checked: 0 passed
31.07.2014 10:11:26,364 - INFO  - Watchdog has been checked: 0 passed
31.07.2014 10:13:26,107 - INFO  - Watchdog has been checked: 0 passed
31.07.2014 10:15:26,222 - INFO  - Watchdog has been checked: 0 passed
31.07.2014 10:17:26,351 - INFO  - Watchdog has been checked: 0 passed
31.07.2014 10:19:26,235 - INFO  - Watchdog has been checked: 0 passed
31.07.2014 10:21:26,346 - INFO  - Watchdog has been checked: 0 passed
31.07.2014 10:23:26,386 - INFO  - Watchdog has been checked: 0 passed
31.07.2014 10:25:26,182 - INFO  - Watchdog has been checked: 0 passed
31.07.2014 10:27:26,182 - INFO  - Watchdog has been checked: 0 passed
31.07.2014 10:29:29,391 - INFO  - Watchdog has been checked: 0 passed
31.07.2014 10:31:29,361 - INFO  - Watchdog has been checked: 0 passed
31.07.2014 10:33:29,355 - INFO  - Watchdog has been checked: 0 passed
31.07.2014 10:35:29,133 - INFO  - Watchdog has been checked: 0 passed
31.07.2014 10:37:29,285 - INFO  - Watchdog has been checked: 0 passed
31.07.2014 10:39:29,436 - INFO  - Watchdog has been checked: 0 passed
31.07.2014 10:41:29,289 - INFO  - Watchdog has been checked: 0 passed
31.07.2014 10:43:29,381 - INFO  - Watchdog has been checked: 0 passed
31.07.2014 10:45:29,342 - INFO  - Watchdog has been checked: 0 passed
31.07.2014 10:47:29,493 - INFO  - Watchdog has been checked: 0 passed
31.07.2014 10:49:29,295 - INFO  - Watchdog has been checked: 0 passed
31.07.2014 10:51:29,200 - INFO  - Watchdog has been checked: 0 passed
31.07.2014 10:53:29,305 - INFO  - Watchdog has been checked: 0 passed
31.07.2014 10:55:29,271 - INFO  - Watchdog has been checked: 0 passed
31.07.2014 10:57:29,101 - INFO  - Watchdog has been checked: 0 passed
31.07.2014 10:59:29,118 - INFO  - Watchdog has been checked: 0 passed
31.07.2014 11:01:29,217 - INFO  - Watchdog has been checked: 0 passed
31.07.2014 11:03:29,109 - INFO  - Watchdog has been checked: 0 passed
31.07.2014 11:05:29,264 - INFO  - Watchdog has been checked: 0 passed
31.07.2014 11:07:29,188 - INFO  - Watchdog has been checked: 0 passed
31.07.2014 11:09:29,172 - INFO  - Watchdog has been checked: 0 passed
31.07.2014 11:11:29,089 - INFO  - Watchdog has been checked: 0 passed
31.07.2014 11:13:29,177 - INFO  - Watchdog has been checked: 0 passed
31.07.2014 11:15:29,091 - INFO  - Watchdog has been checked: 0 passed
31.07.2014 11:17:29,054 - INFO  - Watchdog has been checked: 0 passed
31.07.2014 11:19:28,083 - INFO  - Watchdog has been checked: 0 passed
31.07.2014 11:21:26,964 - INFO  - Watchdog has been checked: 0 passed
31.07.2014 11:23:26,087 - INFO  - Watchdog has been checked: 0 passed
31.07.2014 11:25:26,013 - INFO  - Watchdog has been checked: 0 passed
31.07.2014 11:27:26,197 - INFO  - Watchdog has been checked: 0 passed
31.07.2014 11:29:26,133 - INFO  - Watchdog has been checked: 0 passed
31.07.2014 11:31:29,114 - INFO  - Watchdog has been checked: 0 passed
31.07.2014 11:33:29,048 - INFO  - Watchdog has been checked: 0 passed
31.07.2014 11:35:29,185 - INFO  - Watchdog has been checked: 0 passed
31.07.2014 11:37:29,180 - INFO  - Watchdog has been checked: 0 passed
31.07.2014 11:39:29,188 - INFO  - Watchdog has been checked: 0 passed
31.07.2014 11:41:29,783 - INFO  - Watchdog has been checked: 0 passed
31.07.2014 11:43:29,254 - INFO  - Watchdog has been checked: 0 passed
31.07.2014 11:45:29,200 - INFO  - Watchdog has been checked: 0 passed
31.07.2014 11:47:29,164 - INFO  - Watchdog has been checked: 0 passed
31.07.2014 11:49:29,244 - INFO  - Watchdog has been checked: 0 passed
31.07.2014 11:51:29,249 - INFO  - Watchdog has been checked: 0 passed
31.07.2014 11:53:29,240 - INFO  - Watchdog has been checked: 0 passed
31.07.2014 11:55:29,135 - INFO  - Watchdog has been checked: 0 passed
31.07.2014 11:57:29,387 - INFO  - Watchdog has been checked: 0 passed
31.07.2014 11:59:29,207 - INFO  - Watchdog has been checked: 0 passed
31.07.2014 12:01:29,237 - INFO  - Watchdog has been checked: 0 passed
31.07.2014 12:03:29,241 - INFO  - Watchdog has been checked: 0 passed
31.07.2014 12:05:29,441 - INFO  - Watchdog has been checked: 0 passed
31.07.2014 12:07:29,488 - INFO  - Watchdog has been checked: 0 passed
31.07.2014 12:09:29,359 - INFO  - Watchdog has been checked: 0 passed
31.07.2014 12:11:29,405 - INFO  - Watchdog has been checked: 0 passed
31.07.2014 12:13:29,410 - INFO  - Watchdog has been checked: 0 passed
31.07.2014 12:15:29,308 - INFO  - Watchdog has been checked: 0 passed
31.07.2014 12:17:29,455 - INFO  - Watchdog has been checked: 0 passed
31.07.2014 12:19:29,319 - INFO  - Watchdog has been checked: 0 passed
31.07.2014 12:21:29,343 - INFO  - Watchdog has been checked: 0 passed
31.07.2014 12:23:29,514 - INFO  - Watchdog has been checked: 0 passed
31.07.2014 12:25:29,243 - INFO  - Watchdog has been checked: 0 passed
31.07.2014 12:27:29,444 - INFO  - Watchdog has been checked: 0 passed
31.07.2014 12:29:29,094 - INFO  - Watchdog has been checked: 0 passed
31.07.2014 12:31:28,140 - INFO  - Watchdog has been checked: 0 passed
31.07.2014 12:33:28,266 - INFO  - Watchdog has been checked: 0 passed
31.07.2014 12:35:28,262 - INFO  - Watchdog has been checked: 0 passed
31.07.2014 12:37:27,975 - INFO  - Watchdog has been checked: 0 passed
31.07.2014 12:39:26,995 - INFO  - Watchdog has been checked: 0 passed
31.07.2014 12:41:26,198 - INFO  - Watchdog has been checked: 0 passed
31.07.2014 12:43:29,277 - INFO  - Watchdog has been checked: 0 passed
31.07.2014 12:45:29,077 - INFO  - Watchdog has been checked: 0 passed
31.07.2014 12:47:28,206 - INFO  - Watchdog has been checked: 0 passed
31.07.2014 12:49:28,018 - INFO  - Watchdog has been checked: 0 passed
31.07.2014 12:51:27,125 - INFO  - Watchdog has been checked: 0 passed
31.07.2014 12:53:27,195 - INFO  - Watchdog has been checked: 0 passed
31.07.2014 12:55:27,083 - INFO  - Watchdog has been checked: 0 passed
31.07.2014 12:57:27,207 - INFO  - Watchdog has been checked: 0 passed
31.07.2014 12:59:27,270 - INFO  - Watchdog has been checked: 0 passed
31.07.2014 13:01:27,237 - INFO  - Watchdog has been checked: 0 passed
31.07.2014 13:03:27,295 - INFO  - Watchdog has been checked: 0 passed
31.07.2014 13:05:27,139 - INFO  - Watchdog has been checked: 0 passed
31.07.2014 13:07:27,323 - INFO  - Watchdog has been checked: 0 passed
31.07.2014 13:09:28,616 - INFO  - Watchdog has been checked: 0 passed
31.07.2014 13:11:28,255 - INFO  - Watchdog has been checked: 0 passed
31.07.2014 13:13:28,328 - INFO  - Watchdog has been checked: 0 passed
31.07.2014 13:15:28,328 - INFO  - Watchdog has been checked: 0 passed
31.07.2014 13:17:28,259 - INFO  - Watchdog has been checked: 0 passed
31.07.2014 13:19:28,260 - INFO  - Watchdog has been checked: 0 passed
31.07.2014 13:21:28,133 - INFO  - Watchdog has been checked: 0 passed
31.07.2014 13:23:28,279 - INFO  - Watchdog has been checked: 0 passed
31.07.2014 13:25:28,334 - INFO  - Watchdog has been checked: 0 passed
31.07.2014 13:27:28,170 - INFO  - Watchdog has been checked: 0 passed
31.07.2014 13:29:28,165 - INFO  - Watchdog has been checked: 0 passed
31.07.2014 13:31:28,171 - INFO  - Watchdog has been checked: 0 passed
31.07.2014 13:33:28,328 - INFO  - Watchdog has been checked: 0 passed
31.07.2014 13:35:29,280 - INFO  - Watchdog has been checked: 0 passed
31.07.2014 13:37:29,208 - INFO  - Watchdog has been checked: 0 passed
31.07.2014 13:39:29,309 - INFO  - Watchdog has been checked: 0 passed
31.07.2014 13:41:29,088 - INFO  - Watchdog has been checked: 0 passed
31.07.2014 13:43:28,198 - INFO  - Watchdog has been checked: 0 passed
31.07.2014 13:45:29,161 - INFO  - Watchdog has been checked: 0 passed
31.07.2014 13:47:29,116 - INFO  - Watchdog has been checked: 0 passed
31.07.2014 13:49:29,209 - INFO  - Watchdog has been checked: 0 passed
31.07.2014 13:51:29,064 - INFO  - Watchdog has been checked: 0 passed
31.07.2014 13:53:29,141 - INFO  - Watchdog has been checked: 0 passed
31.07.2014 13:55:29,123 - INFO  - Watchdog has been checked: 0 passed
31.07.2014 13:57:28,986 - INFO  - Watchdog has been checked: 0 passed
31.07.2014 13:59:28,110 - INFO  - Watchdog has been checked: 0 passed
31.07.2014 14:01:27,924 - INFO  - Watchdog has been checked: 0 passed
31.07.2014 14:03:27,084 - INFO  - Watchdog has been checked: 0 passed
31.07.2014 14:05:27,018 - INFO  - Watchdog has been checked: 0 passed
31.07.2014 14:07:26,188 - INFO  - Watchdog has been checked: 0 passed
31.07.2014 14:09:26,189 - INFO  - Watchdog has been checked: 0 passed
31.07.2014 14:11:28,026 - INFO  - Watchdog has been checked: 0 passed
31.07.2014 14:13:27,262 - INFO  - Watchdog has been checked: 0 passed
31.07.2014 14:15:27,140 - INFO  - Watchdog has been checked: 0 passed
31.07.2014 14:17:27,140 - INFO  - Watchdog has been checked: 0 passed
31.07.2014 14:19:27,065 - INFO  - Watchdog has been checked: 0 passed
31.07.2014 14:21:28,793 - INFO  - Watchdog has been checked: 0 passed
31.07.2014 14:23:28,126 - INFO  - Watchdog has been checked: 0 passed
31.07.2014 14:25:27,277 - INFO  - Watchdog has been checked: 0 passed
31.07.2014 14:27:27,384 - INFO  - Watchdog has been checked: 0 passed
31.07.2014 14:29:27,170 - INFO  - Watchdog has been checked: 0 passed
31.07.2014 14:31:26,267 - INFO  - Watchdog has been checked: 0 passed
31.07.2014 14:33:26,231 - INFO  - Watchdog has been checked: 0 passed
31.07.2014 14:35:26,156 - INFO  - Watchdog has been checked: 0 passed
31.07.2014 14:37:29,298 - INFO  - Watchdog has been checked: 0 passed
31.07.2014 14:39:29,390 - INFO  - Watchdog has been checked: 0 passed
31.07.2014 14:41:29,192 - INFO  - Watchdog has been checked: 0 passed
31.07.2014 14:43:29,413 - INFO  - Watchdog has been checked: 0 passed
31.07.2014 14:45:29,262 - INFO  - Watchdog has been checked: 0 passed
31.07.2014 14:47:29,812 - INFO  - Watchdog has been checked: 0 passed
31.07.2014 14:49:29,340 - INFO  - Watchdog has been checked: 0 passed
31.07.2014 14:51:29,142 - INFO  - Watchdog has been checked: 0 passed
31.07.2014 14:53:29,322 - INFO  - Watchdog has been checked: 0 passed
31.07.2014 14:55:29,350 - INFO  - Watchdog has been checked: 0 passed
31.07.2014 14:57:29,472 - INFO  - Watchdog has been checked: 0 passed
31.07.2014 14:59:29,333 - INFO  - Watchdog has been checked: 0 passed
31.07.2014 15:01:29,430 - INFO  - Watchdog has been checked: 0 passed
31.07.2014 15:03:29,352 - INFO  - Watchdog has been checked: 0 passed
31.07.2014 15:05:29,267 - INFO  - Watchdog has been checked: 0 passed
31.07.2014 15:07:29,892 - INFO  - Watchdog has been checked: 0 passed
31.07.2014 15:09:29,154 - INFO  - Watchdog has been checked: 0 passed
31.07.2014 15:11:29,221 - INFO  - Watchdog has been checked: 0 passed
31.07.2014 15:13:29,320 - INFO  - Watchdog has been checked: 0 passed
31.07.2014 15:15:29,124 - INFO  - Watchdog has been checked: 0 passed
31.07.2014 15:17:29,873 - INFO  - Watchdog has been checked: 0 passed
31.07.2014 15:19:29,185 - INFO  - Watchdog has been checked: 0 passed
31.07.2014 15:21:29,186 - INFO  - Watchdog has been checked: 0 passed
31.07.2014 15:23:28,140 - INFO  - Watchdog has been checked: 0 passed
31.07.2014 15:25:26,984 - INFO  - Watchdog has been checked: 0 passed
31.07.2014 15:27:26,114 - INFO  - Watchdog has been checked: 0 passed
31.07.2014 15:29:25,246 - INFO  - Watchdog has been checked: 0 passed
31.07.2014 15:31:25,274 - INFO  - Watchdog has been checked: 0 passed
31.07.2014 15:33:25,338 - INFO  - Watchdog has been checked: 0 passed
31.07.2014 15:35:25,162 - INFO  - Watchdog has been checked: 0 passed
31.07.2014 15:37:25,193 - INFO  - Watchdog has been checked: 0 passed
31.07.2014 15:39:29,114 - INFO  - Watchdog has been checked: 0 passed
31.07.2014 15:41:29,165 - INFO  - Watchdog has been checked: 0 passed
31.07.2014 15:43:29,234 - INFO  - Watchdog has been checked: 0 passed
31.07.2014 15:45:28,995 - INFO  - Watchdog has been checked: 0 passed
31.07.2014 15:47:29,100 - INFO  - Watchdog has been checked: 0 passed
31.07.2014 15:49:29,299 - INFO  - Watchdog has been checked: 0 passed
31.07.2014 15:51:29,110 - INFO  - Watchdog has been checked: 0 passed
31.07.2014 15:53:29,290 - INFO  - Watchdog has been checked: 0 passed
31.07.2014 15:55:29,293 - INFO  - Watchdog has been checked: 0 passed
31.07.2014 15:57:29,212 - INFO  - Watchdog has been checked: 0 passed
31.07.2014 15:59:29,231 - INFO  - Watchdog has been checked: 0 passed
31.07.2014 16:01:29,165 - INFO  - Watchdog has been checked: 0 passed
31.07.2014 16:03:29,233 - INFO  - Watchdog has been checked: 0 passed
31.07.2014 16:05:29,271 - INFO  - Watchdog has been checked: 0 passed
31.07.2014 16:07:29,154 - INFO  - Watchdog has been checked: 0 passed
31.07.2014 16:09:29,233 - INFO  - Watchdog has been checked: 0 passed
31.07.2014 16:11:29,387 - INFO  - Watchdog has been checked: 0 passed
31.07.2014 16:13:29,241 - INFO  - Watchdog has been checked: 0 passed
31.07.2014 16:15:29,225 - INFO  - Watchdog has been checked: 0 passed
31.07.2014 16:17:29,378 - INFO  - Watchdog has been checked: 0 passed
31.07.2014 16:19:29,451 - INFO  - Watchdog has been checked: 0 passed
31.07.2014 16:21:29,355 - INFO  - Watchdog has been checked: 0 passed
31.07.2014 16:23:29,263 - INFO  - Watchdog has been checked: 0 passed
31.07.2014 16:25:29,395 - INFO  - Watchdog has been checked: 0 passed
31.07.2014 16:27:29,208 - INFO  - Watchdog has been checked: 0 passed
31.07.2014 16:29:29,288 - INFO  - Watchdog has been checked: 0 passed
31.07.2014 16:31:29,117 - INFO  - Watchdog has been checked: 0 passed
31.07.2014 16:33:28,273 - INFO  - Watchdog has been checked: 0 passed
31.07.2014 16:35:28,174 - INFO  - Watchdog has been checked: 0 passed
31.07.2014 16:37:28,145 - INFO  - Watchdog has been checked: 0 passed
31.07.2014 16:39:28,160 - INFO  - Watchdog has been checked: 0 passed
31.07.2014 16:41:29,232 - INFO  - Watchdog has been checked: 0 passed
31.07.2014 16:43:29,252 - INFO  - Watchdog has been checked: 0 passed
31.07.2014 16:45:29,262 - INFO  - Watchdog has been checked: 0 passed
31.07.2014 16:47:28,382 - INFO  - Watchdog has been checked: 0 passed
31.07.2014 16:49:28,168 - INFO  - Watchdog has been checked: 0 passed
31.07.2014 16:51:29,447 - INFO  - Watchdog has been checked: 0 passed
31.07.2014 16:53:29,161 - INFO  - Watchdog has been checked: 0 passed
31.07.2014 16:55:28,082 - INFO  - Watchdog has been checked: 0 passed
31.07.2014 16:57:26,998 - INFO  - Watchdog has been checked: 0 passed
31.07.2014 16:59:26,019 - INFO  - Watchdog has been checked: 0 passed
31.07.2014 17:01:25,059 - INFO  - Watchdog has been checked: 0 passed
31.07.2014 17:03:24,013 - INFO  - Watchdog has been checked: 0 passed
31.07.2014 17:05:22,993 - INFO  - Watchdog has been checked: 0 passed
31.07.2014 17:07:22,071 - INFO  - Watchdog has been checked: 0 passed
31.07.2014 17:09:21,950 - INFO  - Watchdog has been checked: 0 passed
31.07.2014 17:11:21,075 - INFO  - Watchdog has been checked: 0 passed
31.07.2014 17:13:21,212 - INFO  - Watchdog has been checked: 0 passed
31.07.2014 17:15:21,016 - INFO  - Watchdog has been checked: 0 passed
31.07.2014 17:17:21,056 - INFO  - Watchdog has been checked: 0 passed
31.07.2014 17:19:21,214 - INFO  - Watchdog has been checked: 0 passed
31.07.2014 17:21:21,130 - INFO  - Watchdog has been checked: 0 passed
31.07.2014 17:23:20,160 - INFO  - Watchdog has been checked: 0 passed
31.07.2014 17:25:20,171 - INFO  - Watchdog has been checked: 0 passed
31.07.2014 17:27:20,283 - INFO  - Watchdog has been checked: 0 passed
31.07.2014 17:29:20,103 - INFO  - Watchdog has been checked: 0 passed
31.07.2014 17:31:20,286 - INFO  - Watchdog has been checked: 0 passed
31.07.2014 17:33:20,075 - INFO  - Watchdog has been checked: 0 passed
31.07.2014 17:35:20,223 - INFO  - Watchdog has been checked: 0 passed
31.07.2014 17:37:20,233 - INFO  - Watchdog has been checked: 0 passed
31.07.2014 17:39:20,350 - INFO  - Watchdog has been checked: 0 passed
31.07.2014 17:41:20,442 - INFO  - Watchdog has been checked: 0 passed
31.07.2014 17:43:20,155 - INFO  - Watchdog has been checked: 0 passed
31.07.2014 17:45:20,206 - INFO  - Watchdog has been checked: 0 passed
31.07.2014 17:47:20,366 - INFO  - Watchdog has been checked: 0 passed
31.07.2014 17:49:20,185 - INFO  - Watchdog has been checked: 0 passed
31.07.2014 17:51:20,162 - INFO  - Watchdog has been checked: 0 passed
31.07.2014 17:53:20,187 - INFO  - Watchdog has been checked: 0 passed
31.07.2014 17:55:20,297 - INFO  - Watchdog has been checked: 0 passed
31.07.2014 17:57:20,318 - INFO  - Watchdog has been checked: 0 passed
31.07.2014 17:59:20,160 - INFO  - Watchdog has been checked: 0 passed
31.07.2014 18:01:20,295 - INFO  - Watchdog has been checked: 0 passed
31.07.2014 18:03:20,344 - INFO  - Watchdog has been checked: 0 passed
31.07.2014 18:05:20,270 - INFO  - Watchdog has been checked: 0 passed
31.07.2014 18:07:20,353 - INFO  - Watchdog has been checked: 0 passed
31.07.2014 18:09:20,408 - INFO  - Watchdog has been checked: 0 passed
31.07.2014 18:11:20,303 - INFO  - Watchdog has been checked: 0 passed
31.07.2014 18:13:20,406 - INFO  - Watchdog has been checked: 0 passed
31.07.2014 18:15:20,452 - INFO  - Watchdog has been checked: 0 passed
31.07.2014 18:17:20,255 - INFO  - Watchdog has been checked: 0 passed
31.07.2014 18:19:19,245 - INFO  - Watchdog has been checked: 0 passed
31.07.2014 18:21:18,176 - INFO  - Watchdog has been checked: 0 passed
31.07.2014 18:23:17,379 - INFO  - Watchdog has been checked: 0 passed
31.07.2014 18:25:17,143 - INFO  - Watchdog has been checked: 0 passed
31.07.2014 18:27:16,089 - INFO  - Watchdog has been checked: 0 passed
31.07.2014 18:29:15,211 - INFO  - Watchdog has been checked: 0 passed
31.07.2014 18:31:14,108 - INFO  - Watchdog has been checked: 0 passed
31.07.2014 18:33:13,131 - INFO  - Watchdog has been checked: 0 passed
31.07.2014 18:35:11,899 - INFO  - Watchdog has been checked: 0 passed
31.07.2014 18:37:10,893 - INFO  - Watchdog has been checked: 0 passed
31.07.2014 18:37:56,876 - INFO  - searcher identified --- respT: 25ms, 5352 results, web:(PSIWeb), q=, 
31.07.2014 18:39:10,076 - INFO  - Watchdog has been checked: 0 passed
31.07.2014 18:41:08,992 - INFO  - Watchdog has been checked: 0 passed
31.07.2014 18:43:08,078 - INFO  - Watchdog has been checked: 0 passed
31.07.2014 18:45:09,037 - INFO  - Watchdog has been checked: 0 passed
31.07.2014 18:47:08,085 - INFO  - Watchdog has been checked: 0 passed
31.07.2014 18:49:07,029 - INFO  - Watchdog has been checked: 0 passed
31.07.2014 18:51:06,185 - INFO  - Watchdog has been checked: 0 passed
31.07.2014 18:53:05,988 - INFO  - Watchdog has been checked: 0 passed
31.07.2014 18:55:06,203 - INFO  - Watchdog has been checked: 0 passed
31.07.2014 18:57:06,044 - INFO  - Watchdog has been checked: 0 passed
31.07.2014 18:59:06,204 - INFO  - Watchdog has been checked: 0 passed
31.07.2014 19:01:06,125 - INFO  - Watchdog has been checked: 0 passed
31.07.2014 19:03:06,263 - INFO  - Watchdog has been checked: 0 passed
31.07.2014 19:05:06,278 - INFO  - Watchdog has been checked: 0 passed
31.07.2014 19:07:06,103 - INFO  - Watchdog has been checked: 0 passed
31.07.2014 19:09:06,055 - INFO  - Watchdog has been checked: 0 passed
31.07.2014 19:11:08,608 - INFO  - Watchdog has been checked: 0 passed
31.07.2014 19:13:08,038 - INFO  - Watchdog has been checked: 0 passed
31.07.2014 19:15:08,308 - INFO  - Watchdog has been checked: 0 passed
31.07.2014 19:17:08,069 - INFO  - Watchdog has been checked: 0 passed
31.07.2014 19:19:08,236 - INFO  - Watchdog has been checked: 0 passed
31.07.2014 19:21:09,320 - INFO  - Watchdog has been checked: 0 passed
31.07.2014 19:23:09,273 - INFO  - Watchdog has been checked: 0 passed
31.07.2014 19:25:09,336 - INFO  - Watchdog has been checked: 0 passed
31.07.2014 19:27:09,393 - INFO  - Watchdog has been checked: 0 passed
31.07.2014 19:29:09,338 - INFO  - Watchdog has been checked: 0 passed
31.07.2014 19:31:09,422 - INFO  - Watchdog has been checked: 0 passed
31.07.2014 19:33:09,338 - INFO  - Watchdog has been checked: 0 passed
31.07.2014 19:35:09,331 - INFO  - Watchdog has been checked: 0 passed
31.07.2014 19:37:09,356 - INFO  - Watchdog has been checked: 0 passed
31.07.2014 19:39:09,355 - INFO  - Watchdog has been checked: 0 passed
31.07.2014 19:41:09,394 - INFO  - Watchdog has been checked: 0 passed
31.07.2014 19:43:09,206 - INFO  - Watchdog has been checked: 0 passed
31.07.2014 19:45:09,205 - INFO  - Watchdog has been checked: 0 passed
31.07.2014 19:47:09,551 - INFO  - Watchdog has been checked: 0 passed
31.07.2014 19:49:09,233 - INFO  - Watchdog has been checked: 0 passed
31.07.2014 19:51:09,357 - INFO  - Watchdog has been checked: 0 passed
31.07.2014 19:53:09,183 - INFO  - Watchdog has been checked: 0 passed
31.07.2014 19:55:08,265 - INFO  - Watchdog has been checked: 0 passed
31.07.2014 19:57:08,163 - INFO  - Watchdog has been checked: 0 passed
31.07.2014 19:59:07,194 - INFO  - Watchdog has been checked: 0 passed
31.07.2014 20:01:06,303 - INFO  - Watchdog has been checked: 0 passed
31.07.2014 20:03:06,110 - INFO  - Watchdog has been checked: 0 passed
31.07.2014 20:05:05,132 - INFO  - Watchdog has been checked: 0 passed
31.07.2014 20:07:04,292 - INFO  - Watchdog has been checked: 0 passed
31.07.2014 20:09:04,070 - INFO  - Watchdog has been checked: 0 passed
31.07.2014 20:11:03,205 - INFO  - Watchdog has been checked: 0 passed
31.07.2014 20:13:03,260 - INFO  - Watchdog has been checked: 0 passed
31.07.2014 20:15:03,147 - INFO  - Watchdog has been checked: 0 passed
31.07.2014 20:17:03,060 - INFO  - Watchdog has been checked: 0 passed
31.07.2014 20:19:03,072 - INFO  - Watchdog has been checked: 0 passed
31.07.2014 20:21:03,198 - INFO  - Watchdog has been checked: 0 passed
31.07.2014 20:23:03,196 - INFO  - Watchdog has been checked: 0 passed
31.07.2014 20:25:03,048 - INFO  - Watchdog has been checked: 0 passed
31.07.2014 20:27:03,241 - INFO  - Watchdog has been checked: 0 passed
31.07.2014 20:29:03,214 - INFO  - Watchdog has been checked: 0 passed
31.07.2014 20:31:03,101 - INFO  - Watchdog has been checked: 0 passed
31.07.2014 20:33:03,097 - INFO  - Watchdog has been checked: 0 passed
31.07.2014 20:35:03,188 - INFO  - Watchdog has been checked: 0 passed
31.07.2014 20:37:03,198 - INFO  - Watchdog has been checked: 0 passed
31.07.2014 20:39:03,102 - INFO  - Watchdog has been checked: 0 passed
31.07.2014 20:41:03,276 - INFO  - Watchdog has been checked: 0 passed
31.07.2014 20:43:03,273 - INFO  - Watchdog has been checked: 0 passed
31.07.2014 20:45:03,091 - INFO  - Watchdog has been checked: 0 passed
31.07.2014 20:47:03,301 - INFO  - Watchdog has been checked: 0 passed
31.07.2014 20:49:03,249 - INFO  - Watchdog has been checked: 0 passed
31.07.2014 20:51:03,187 - INFO  - Watchdog has been checked: 0 passed
31.07.2014 20:53:03,216 - INFO  - Watchdog has been checked: 0 passed
31.07.2014 20:55:03,291 - INFO  - Watchdog has been checked: 0 passed
31.07.2014 20:57:03,258 - INFO  - Watchdog has been checked: 0 passed
31.07.2014 20:59:03,175 - INFO  - Watchdog has been checked: 0 passed
31.07.2014 21:01:03,167 - INFO  - Watchdog has been checked: 0 passed
31.07.2014 21:03:03,187 - INFO  - Watchdog has been checked: 0 passed
31.07.2014 21:05:03,221 - INFO  - Watchdog has been checked: 0 passed
31.07.2014 21:07:03,229 - INFO  - Watchdog has been checked: 0 passed
31.07.2014 21:09:03,071 - INFO  - Watchdog has been checked: 0 passed
31.07.2014 21:11:03,080 - INFO  - Watchdog has been checked: 0 passed
31.07.2014 21:13:02,125 - INFO  - Watchdog has been checked: 0 passed
31.07.2014 21:15:02,182 - INFO  - Watchdog has been checked: 0 passed
31.07.2014 21:17:02,258 - INFO  - Watchdog has been checked: 0 passed
31.07.2014 21:19:02,160 - INFO  - Watchdog has been checked: 0 passed
31.07.2014 21:21:02,066 - INFO  - Watchdog has been checked: 0 passed
31.07.2014 21:23:01,140 - INFO  - Watchdog has been checked: 0 passed
31.07.2014 21:25:01,245 - INFO  - Watchdog has been checked: 0 passed
31.07.2014 21:27:01,193 - INFO  - Watchdog has been checked: 0 passed
31.07.2014 21:29:01,060 - INFO  - Watchdog has been checked: 0 passed
31.07.2014 21:31:00,984 - INFO  - Watchdog has been checked: 0 passed
31.07.2014 21:33:00,024 - INFO  - Watchdog has been checked: 0 passed
31.07.2014 21:35:00,003 - INFO  - Watchdog has been checked: 0 passed
31.07.2014 21:36:59,095 - INFO  - Watchdog has been checked: 0 passed
31.07.2014 21:38:59,027 - INFO  - Watchdog has been checked: 0 passed
31.07.2014 21:40:59,153 - INFO  - Watchdog has been checked: 0 passed
31.07.2014 21:42:59,071 - INFO  - Watchdog has been checked: 0 passed
31.07.2014 21:44:58,241 - INFO  - Watchdog has been checked: 0 passed
31.07.2014 21:46:58,002 - INFO  - Watchdog has been checked: 0 passed
31.07.2014 21:48:57,278 - INFO  - Watchdog has been checked: 0 passed
31.07.2014 21:50:59,135 - INFO  - Watchdog has been checked: 0 passed
31.07.2014 21:52:59,248 - INFO  - Watchdog has been checked: 0 passed
31.07.2014 21:54:59,219 - INFO  - Watchdog has been checked: 0 passed
31.07.2014 21:56:59,233 - INFO  - Watchdog has been checked: 0 passed
31.07.2014 21:58:59,221 - INFO  - Watchdog has been checked: 0 passed
31.07.2014 22:00:59,267 - INFO  - Watchdog has been checked: 0 passed
31.07.2014 22:02:59,164 - INFO  - Watchdog has been checked: 0 passed
31.07.2014 22:04:59,205 - INFO  - Watchdog has been checked: 0 passed
31.07.2014 22:06:59,428 - INFO  - Watchdog has been checked: 0 passed
31.07.2014 22:08:59,151 - INFO  - Watchdog has been checked: 0 passed
31.07.2014 22:10:59,284 - INFO  - Watchdog has been checked: 0 passed
31.07.2014 22:12:59,346 - INFO  - Watchdog has been checked: 0 passed
31.07.2014 22:14:59,162 - INFO  - Watchdog has been checked: 0 passed
31.07.2014 22:16:59,456 - INFO  - Watchdog has been checked: 0 passed
31.07.2014 22:18:59,425 - INFO  - Watchdog has been checked: 0 passed
31.07.2014 22:20:59,269 - INFO  - Watchdog has been checked: 0 passed
31.07.2014 22:22:59,349 - INFO  - Watchdog has been checked: 0 passed
31.07.2014 22:24:59,375 - INFO  - Watchdog has been checked: 0 passed
31.07.2014 22:26:59,338 - INFO  - Watchdog has been checked: 0 passed
31.07.2014 22:28:59,367 - INFO  - Watchdog has been checked: 0 passed
31.07.2014 22:30:59,213 - INFO  - Watchdog has been checked: 0 passed
31.07.2014 22:32:59,257 - INFO  - Watchdog has been checked: 0 passed
31.07.2014 22:34:59,369 - INFO  - Watchdog has been checked: 0 passed
31.07.2014 22:36:59,342 - INFO  - Watchdog has been checked: 0 passed
31.07.2014 22:38:59,343 - INFO  - Watchdog has been checked: 0 passed
31.07.2014 22:40:59,420 - INFO  - Watchdog has been checked: 0 passed
31.07.2014 22:42:59,487 - INFO  - Watchdog has been checked: 0 passed
31.07.2014 22:44:59,321 - INFO  - Watchdog has been checked: 0 passed
31.07.2014 22:46:59,515 - INFO  - Watchdog has been checked: 0 passed
31.07.2014 22:48:59,317 - INFO  - Watchdog has been checked: 0 passed
31.07.2014 22:50:59,522 - INFO  - Watchdog has been checked: 0 passed
31.07.2014 22:52:59,546 - INFO  - Watchdog has been checked: 0 passed
31.07.2014 22:54:59,436 - INFO  - Watchdog has been checked: 0 passed
31.07.2014 22:56:59,309 - INFO  - Watchdog has been checked: 0 passed
31.07.2014 22:58:59,511 - INFO  - Watchdog has been checked: 0 passed
31.07.2014 23:00:59,406 - INFO  - Watchdog has been checked: 0 passed
31.07.2014 23:02:59,348 - INFO  - Watchdog has been checked: 0 passed
31.07.2014 23:04:59,165 - INFO  - Watchdog has been checked: 0 passed
31.07.2014 23:06:58,389 - INFO  - Watchdog has been checked: 0 passed
31.07.2014 23:08:58,266 - INFO  - Watchdog has been checked: 0 passed
31.07.2014 23:10:58,162 - INFO  - Watchdog has been checked: 0 passed
31.07.2014 23:12:57,135 - INFO  - Watchdog has been checked: 0 passed
31.07.2014 23:14:56,025 - INFO  - Watchdog has been checked: 0 passed
31.07.2014 23:16:55,120 - INFO  - Watchdog has been checked: 0 passed
31.07.2014 23:18:54,004 - INFO  - Watchdog has been checked: 0 passed
31.07.2014 23:20:53,036 - INFO  - Watchdog has been checked: 0 passed
31.07.2014 23:22:51,988 - INFO  - Watchdog has been checked: 0 passed
31.07.2014 23:24:51,086 - INFO  - Watchdog has been checked: 0 passed
31.07.2014 23:26:50,042 - INFO  - Watchdog has been checked: 0 passed
31.07.2014 23:28:49,183 - INFO  - Watchdog has been checked: 0 passed
31.07.2014 23:31:18,300 - INFO  - Watchdog has been checked: 0 passed
31.07.2014 23:31:48,225 - INFO  - Watchdog has been checked: 0 passed
31.07.2014 23:33:48,119 - INFO  - Watchdog has been checked: 0 passed
31.07.2014 23:35:48,208 - INFO  - Watchdog has been checked: 0 passed
31.07.2014 23:37:48,429 - INFO  - Watchdog has been checked: 0 passed
31.07.2014 23:39:48,349 - INFO  - Watchdog has been checked: 0 passed
31.07.2014 23:41:48,201 - INFO  - Watchdog has been checked: 0 passed
31.07.2014 23:43:48,443 - INFO  - Watchdog has been checked: 0 passed
31.07.2014 23:45:48,026 - INFO  - Watchdog has been checked: 0 passed
31.07.2014 23:47:48,311 - INFO  - Watchdog has been checked: 0 passed
31.07.2014 23:49:48,242 - INFO  - Watchdog has been checked: 0 passed
31.07.2014 23:51:48,226 - INFO  - Watchdog has been checked: 0 passed
31.07.2014 23:53:48,294 - INFO  - Watchdog has been checked: 0 passed
31.07.2014 23:55:48,130 - INFO  - Watchdog has been checked: 0 passed
31.07.2014 23:57:48,321 - INFO  - Watchdog has been checked: 0 passed
31.07.2014 23:59:48,207 - INFO  - Watchdog has been checked: 0 passed
