04.07.2014 00:01:31,243 - INFO  - Watchdog has been checked: 0 passed
04.07.2014 00:03:31,329 - INFO  - Watchdog has been checked: 0 passed
04.07.2014 00:05:31,177 - INFO  - Watchdog has been checked: 0 passed
04.07.2014 00:07:31,380 - INFO  - Watchdog has been checked: 0 passed
04.07.2014 00:09:31,195 - INFO  - Watchdog has been checked: 0 passed
04.07.2014 00:11:31,171 - INFO  - Watchdog has been checked: 0 passed
04.07.2014 00:13:31,288 - INFO  - Watchdog has been checked: 0 passed
04.07.2014 00:15:31,330 - INFO  - Watchdog has been checked: 0 passed
04.07.2014 00:17:31,159 - INFO  - Watchdog has been checked: 0 passed
04.07.2014 00:19:31,160 - INFO  - Watchdog has been checked: 0 passed
04.07.2014 00:21:31,139 - INFO  - Watchdog has been checked: 0 passed
04.07.2014 00:23:31,335 - INFO  - Watchdog has been checked: 0 passed
04.07.2014 00:25:31,225 - INFO  - Watchdog has been checked: 0 passed
04.07.2014 00:27:31,398 - INFO  - Watchdog has been checked: 0 passed
04.07.2014 00:29:31,290 - INFO  - Watchdog has been checked: 0 passed
04.07.2014 00:31:31,281 - INFO  - Watchdog has been checked: 0 passed
04.07.2014 00:33:31,397 - INFO  - Watchdog has been checked: 0 passed
04.07.2014 00:35:31,211 - INFO  - Watchdog has been checked: 0 passed
04.07.2014 00:37:31,179 - INFO  - Watchdog has been checked: 0 passed
04.07.2014 00:39:31,403 - INFO  - Watchdog has been checked: 0 passed
04.07.2014 00:41:31,385 - INFO  - Watchdog has been checked: 0 passed
04.07.2014 00:43:31,224 - INFO  - Watchdog has been checked: 0 passed
04.07.2014 00:45:31,317 - INFO  - Watchdog has been checked: 0 passed
04.07.2014 00:47:31,214 - INFO  - Watchdog has been checked: 0 passed
04.07.2014 00:49:31,208 - INFO  - Watchdog has been checked: 0 passed
04.07.2014 00:51:31,168 - INFO  - Watchdog has been checked: 0 passed
04.07.2014 00:53:31,049 - INFO  - Watchdog has been checked: 0 passed
04.07.2014 00:55:30,089 - INFO  - Watchdog has been checked: 0 passed
04.07.2014 00:57:30,058 - INFO  - Watchdog has been checked: 0 passed
04.07.2014 00:59:29,196 - INFO  - Watchdog has been checked: 0 passed
04.07.2014 01:01:29,059 - INFO  - Watchdog has been checked: 0 passed
04.07.2014 01:03:28,114 - INFO  - Watchdog has been checked: 0 passed
04.07.2014 01:05:28,288 - INFO  - Watchdog has been checked: 0 passed
04.07.2014 01:07:28,089 - INFO  - Watchdog has been checked: 0 passed
04.07.2014 01:09:28,114 - INFO  - Watchdog has been checked: 0 passed
04.07.2014 01:11:27,157 - INFO  - Watchdog has been checked: 0 passed
04.07.2014 01:13:26,212 - INFO  - Watchdog has been checked: 0 passed
04.07.2014 01:15:26,060 - INFO  - Watchdog has been checked: 0 passed
04.07.2014 01:17:26,304 - INFO  - Watchdog has been checked: 0 passed
04.07.2014 01:19:26,173 - INFO  - Watchdog has been checked: 0 passed
04.07.2014 01:21:26,254 - INFO  - Watchdog has been checked: 0 passed
04.07.2014 01:23:26,110 - INFO  - Watchdog has been checked: 0 passed
04.07.2014 01:25:26,224 - INFO  - Watchdog has been checked: 0 passed
04.07.2014 01:27:26,154 - INFO  - Watchdog has been checked: 0 passed
04.07.2014 01:29:26,331 - INFO  - Watchdog has been checked: 0 passed
04.07.2014 01:31:26,158 - INFO  - Watchdog has been checked: 0 passed
04.07.2014 01:33:26,247 - INFO  - Watchdog has been checked: 0 passed
04.07.2014 01:35:26,345 - INFO  - Watchdog has been checked: 0 passed
04.07.2014 01:37:26,335 - INFO  - Watchdog has been checked: 0 passed
04.07.2014 01:39:26,185 - INFO  - Watchdog has been checked: 0 passed
04.07.2014 01:41:26,279 - INFO  - Watchdog has been checked: 0 passed
04.07.2014 01:43:26,360 - INFO  - Watchdog has been checked: 0 passed
04.07.2014 01:45:26,210 - INFO  - Watchdog has been checked: 0 passed
04.07.2014 01:47:26,393 - INFO  - Watchdog has been checked: 0 passed
04.07.2014 01:49:26,260 - INFO  - Watchdog has been checked: 0 passed
04.07.2014 01:51:26,342 - INFO  - Watchdog has been checked: 0 passed
04.07.2014 01:53:26,414 - INFO  - Watchdog has been checked: 0 passed
04.07.2014 01:55:26,181 - INFO  - Watchdog has been checked: 0 passed
04.07.2014 01:57:26,126 - INFO  - Watchdog has been checked: 0 passed
04.07.2014 01:59:26,238 - INFO  - Watchdog has been checked: 0 passed
04.07.2014 02:01:26,287 - INFO  - Watchdog has been checked: 0 passed
04.07.2014 02:03:26,128 - INFO  - Watchdog has been checked: 0 passed
04.07.2014 02:05:26,191 - INFO  - Watchdog has been checked: 0 passed
04.07.2014 02:07:26,154 - INFO  - Watchdog has been checked: 0 passed
04.07.2014 02:09:26,291 - INFO  - Watchdog has been checked: 0 passed
04.07.2014 02:11:26,097 - INFO  - Watchdog has been checked: 0 passed
04.07.2014 02:13:26,210 - INFO  - Watchdog has been checked: 0 passed
04.07.2014 02:15:26,263 - INFO  - Watchdog has been checked: 0 passed
04.07.2014 02:17:26,249 - INFO  - Watchdog has been checked: 0 passed
04.07.2014 02:19:26,134 - INFO  - Watchdog has been checked: 0 passed
04.07.2014 02:21:26,156 - INFO  - Watchdog has been checked: 0 passed
04.07.2014 02:23:26,252 - INFO  - Watchdog has been checked: 0 passed
04.07.2014 02:25:26,111 - INFO  - Watchdog has been checked: 0 passed
04.07.2014 02:27:26,142 - INFO  - Watchdog has been checked: 0 passed
04.07.2014 02:29:26,295 - INFO  - Watchdog has been checked: 0 passed
04.07.2014 02:31:26,291 - INFO  - Watchdog has been checked: 0 passed
04.07.2014 02:33:26,198 - INFO  - Watchdog has been checked: 0 passed
04.07.2014 02:35:26,275 - INFO  - Watchdog has been checked: 0 passed
04.07.2014 02:37:26,231 - INFO  - Watchdog has been checked: 0 passed
04.07.2014 02:39:26,290 - INFO  - Watchdog has been checked: 0 passed
04.07.2014 02:41:26,311 - INFO  - Watchdog has been checked: 0 passed
04.07.2014 02:43:26,169 - INFO  - Watchdog has been checked: 0 passed
04.07.2014 02:45:26,282 - INFO  - Watchdog has been checked: 0 passed
04.07.2014 02:47:26,236 - INFO  - Watchdog has been checked: 0 passed
04.07.2014 02:49:26,200 - INFO  - Watchdog has been checked: 0 passed
04.07.2014 02:51:26,245 - INFO  - Watchdog has been checked: 0 passed
04.07.2014 02:53:26,385 - INFO  - Watchdog has been checked: 0 passed
04.07.2014 02:55:26,213 - INFO  - Watchdog has been checked: 0 passed
04.07.2014 02:57:26,382 - INFO  - Watchdog has been checked: 0 passed
04.07.2014 02:59:26,299 - INFO  - Watchdog has been checked: 0 passed
04.07.2014 03:01:26,296 - INFO  - Watchdog has been checked: 0 passed
04.07.2014 03:03:26,113 - INFO  - Watchdog has been checked: 0 passed
04.07.2014 03:05:26,193 - INFO  - Watchdog has been checked: 0 passed
04.07.2014 03:07:26,116 - INFO  - Watchdog has been checked: 0 passed
04.07.2014 03:09:26,291 - INFO  - Watchdog has been checked: 0 passed
04.07.2014 03:11:26,304 - INFO  - Watchdog has been checked: 0 passed
04.07.2014 03:13:26,137 - INFO  - Watchdog has been checked: 0 passed
04.07.2014 03:15:26,240 - INFO  - Watchdog has been checked: 0 passed
04.07.2014 03:17:26,153 - INFO  - Watchdog has been checked: 0 passed
04.07.2014 03:19:26,113 - INFO  - Watchdog has been checked: 0 passed
04.07.2014 03:21:26,163 - INFO  - Watchdog has been checked: 0 passed
04.07.2014 03:23:26,214 - INFO  - Watchdog has been checked: 0 passed
04.07.2014 03:25:26,123 - INFO  - Watchdog has been checked: 0 passed
04.07.2014 03:27:25,258 - INFO  - Watchdog has been checked: 0 passed
04.07.2014 03:29:25,179 - INFO  - Watchdog has been checked: 0 passed
04.07.2014 03:31:25,207 - INFO  - Watchdog has been checked: 0 passed
04.07.2014 03:33:25,076 - INFO  - Watchdog has been checked: 0 passed
04.07.2014 03:35:24,214 - INFO  - Watchdog has been checked: 0 passed
04.07.2014 03:37:24,095 - INFO  - Watchdog has been checked: 0 passed
04.07.2014 03:39:23,232 - INFO  - Watchdog has been checked: 0 passed
04.07.2014 03:41:23,070 - INFO  - Watchdog has been checked: 0 passed
04.07.2014 03:43:23,482 - INFO  - Watchdog has been checked: 0 passed
04.07.2014 03:45:23,186 - INFO  - Watchdog has been checked: 0 passed
04.07.2014 03:47:23,141 - INFO  - Watchdog has been checked: 0 passed
04.07.2014 03:49:23,253 - INFO  - Watchdog has been checked: 0 passed
04.07.2014 03:51:23,312 - INFO  - Watchdog has been checked: 0 passed
04.07.2014 03:53:23,351 - INFO  - Watchdog has been checked: 0 passed
04.07.2014 03:55:23,246 - INFO  - Watchdog has been checked: 0 passed
04.07.2014 03:57:23,187 - INFO  - Watchdog has been checked: 0 passed
04.07.2014 03:59:22,310 - INFO  - Watchdog has been checked: 0 passed
04.07.2014 04:01:22,411 - INFO  - Watchdog has been checked: 0 passed
04.07.2014 04:03:22,225 - INFO  - Watchdog has been checked: 0 passed
04.07.2014 04:05:22,324 - INFO  - Watchdog has been checked: 0 passed
04.07.2014 04:07:22,279 - INFO  - Watchdog has been checked: 0 passed
04.07.2014 04:09:22,155 - INFO  - Watchdog has been checked: 0 passed
04.07.2014 04:11:22,264 - INFO  - Watchdog has been checked: 0 passed
04.07.2014 04:13:22,352 - INFO  - Watchdog has been checked: 0 passed
04.07.2014 04:15:22,229 - INFO  - Watchdog has been checked: 0 passed
04.07.2014 04:17:23,983 - INFO  - Watchdog has been checked: 0 passed
04.07.2014 04:19:23,344 - INFO  - Watchdog has been checked: 0 passed
04.07.2014 04:21:23,172 - INFO  - Watchdog has been checked: 0 passed
04.07.2014 04:23:23,272 - INFO  - Watchdog has been checked: 0 passed
04.07.2014 04:25:23,311 - INFO  - Watchdog has been checked: 0 passed
04.07.2014 04:27:23,308 - INFO  - Watchdog has been checked: 0 passed
04.07.2014 04:29:23,179 - INFO  - Watchdog has been checked: 0 passed
04.07.2014 04:31:23,246 - INFO  - Watchdog has been checked: 0 passed
04.07.2014 04:33:23,065 - INFO  - Watchdog has been checked: 0 passed
04.07.2014 04:35:23,139 - INFO  - Watchdog has been checked: 0 passed
04.07.2014 04:37:23,116 - INFO  - Watchdog has been checked: 0 passed
04.07.2014 04:39:23,254 - INFO  - Watchdog has been checked: 0 passed
04.07.2014 04:41:23,294 - INFO  - Watchdog has been checked: 0 passed
04.07.2014 04:43:23,193 - INFO  - Watchdog has been checked: 0 passed
04.07.2014 04:45:23,423 - INFO  - Watchdog has been checked: 0 passed
04.07.2014 04:47:23,205 - INFO  - Watchdog has been checked: 0 passed
04.07.2014 04:49:23,074 - INFO  - Watchdog has been checked: 0 passed
04.07.2014 04:51:22,122 - INFO  - Watchdog has been checked: 0 passed
04.07.2014 04:53:22,259 - INFO  - Watchdog has been checked: 0 passed
04.07.2014 04:55:22,335 - INFO  - Watchdog has been checked: 0 passed
04.07.2014 04:57:22,675 - INFO  - Watchdog has been checked: 0 passed
04.07.2014 04:59:22,199 - INFO  - Watchdog has been checked: 0 passed
04.07.2014 05:01:22,238 - INFO  - Watchdog has been checked: 0 passed
04.07.2014 05:03:22,113 - INFO  - Watchdog has been checked: 0 passed
04.07.2014 05:05:21,129 - INFO  - Watchdog has been checked: 0 passed
04.07.2014 05:07:21,095 - INFO  - Watchdog has been checked: 0 passed
04.07.2014 05:09:20,254 - INFO  - Watchdog has been checked: 0 passed
04.07.2014 05:11:20,288 - INFO  - Watchdog has been checked: 0 passed
04.07.2014 05:13:20,229 - INFO  - Watchdog has been checked: 0 passed
04.07.2014 05:15:20,294 - INFO  - Watchdog has been checked: 0 passed
04.07.2014 05:17:20,281 - INFO  - Watchdog has been checked: 0 passed
04.07.2014 05:19:20,249 - INFO  - Watchdog has been checked: 0 passed
04.07.2014 05:21:20,253 - INFO  - Watchdog has been checked: 0 passed
04.07.2014 05:23:20,408 - INFO  - Watchdog has been checked: 0 passed
04.07.2014 05:25:20,255 - INFO  - Watchdog has been checked: 0 passed
04.07.2014 05:27:20,174 - INFO  - Watchdog has been checked: 0 passed
04.07.2014 05:29:19,409 - INFO  - Watchdog has been checked: 0 passed
04.07.2014 05:31:19,433 - INFO  - Watchdog has been checked: 0 passed
04.07.2014 05:33:19,295 - INFO  - Watchdog has been checked: 0 passed
04.07.2014 05:35:19,342 - INFO  - Watchdog has been checked: 0 passed
04.07.2014 05:37:19,257 - INFO  - Watchdog has been checked: 0 passed
04.07.2014 05:39:19,156 - INFO  - Watchdog has been checked: 0 passed
04.07.2014 05:41:18,190 - INFO  - Watchdog has been checked: 0 passed
04.07.2014 05:43:17,238 - INFO  - Watchdog has been checked: 0 passed
04.07.2014 05:45:17,090 - INFO  - Watchdog has been checked: 0 passed
04.07.2014 05:47:16,245 - INFO  - Watchdog has been checked: 0 passed
04.07.2014 05:49:16,121 - INFO  - Watchdog has been checked: 0 passed
04.07.2014 05:51:15,264 - INFO  - Watchdog has been checked: 0 passed
04.07.2014 05:53:15,092 - INFO  - Watchdog has been checked: 0 passed
04.07.2014 05:55:14,200 - INFO  - Watchdog has been checked: 0 passed
04.07.2014 05:57:14,120 - INFO  - Watchdog has been checked: 0 passed
04.07.2014 05:59:14,068 - INFO  - Watchdog has been checked: 0 passed
04.07.2014 06:01:13,156 - INFO  - Watchdog has been checked: 0 passed
04.07.2014 06:03:13,217 - INFO  - Watchdog has been checked: 0 passed
04.07.2014 06:05:13,118 - INFO  - Watchdog has been checked: 0 passed
04.07.2014 06:07:13,298 - INFO  - Watchdog has been checked: 0 passed
04.07.2014 06:09:13,165 - INFO  - Watchdog has been checked: 0 passed
04.07.2014 06:11:13,332 - INFO  - Watchdog has been checked: 0 passed
04.07.2014 06:13:13,541 - INFO  - Watchdog has been checked: 0 passed
04.07.2014 06:15:01,632 - INFO  - mapping file sync started
04.07.2014 06:15:02,274 - INFO  - file successfully updated
04.07.2014 06:15:13,212 - INFO  - Watchdog has been checked: 0 passed
04.07.2014 06:17:13,140 - INFO  - Watchdog has been checked: 0 passed
04.07.2014 06:19:13,325 - INFO  - Watchdog has been checked: 0 passed
04.07.2014 06:21:13,169 - INFO  - Watchdog has been checked: 0 passed
04.07.2014 06:23:13,242 - INFO  - Watchdog has been checked: 0 passed
04.07.2014 06:25:13,335 - INFO  - Watchdog has been checked: 0 passed
04.07.2014 06:27:13,293 - INFO  - Watchdog has been checked: 0 passed
04.07.2014 06:29:13,127 - INFO  - Watchdog has been checked: 0 passed
04.07.2014 06:31:13,227 - INFO  - Watchdog has been checked: 0 passed
04.07.2014 06:33:13,312 - INFO  - Watchdog has been checked: 0 passed
04.07.2014 06:35:13,375 - INFO  - Watchdog has been checked: 0 passed
04.07.2014 06:37:13,405 - INFO  - Watchdog has been checked: 0 passed
04.07.2014 06:39:13,231 - INFO  - Watchdog has been checked: 0 passed
04.07.2014 06:41:13,345 - INFO  - Watchdog has been checked: 0 passed
04.07.2014 06:43:13,160 - INFO  - Watchdog has been checked: 0 passed
04.07.2014 06:45:13,183 - INFO  - Watchdog has been checked: 0 passed
04.07.2014 06:47:13,152 - INFO  - Watchdog has been checked: 0 passed
04.07.2014 06:49:13,259 - INFO  - Watchdog has been checked: 0 passed
04.07.2014 06:51:13,380 - INFO  - Watchdog has been checked: 0 passed
04.07.2014 06:53:13,204 - INFO  - Watchdog has been checked: 0 passed
04.07.2014 06:55:13,238 - INFO  - Watchdog has been checked: 0 passed
04.07.2014 06:57:13,241 - INFO  - Watchdog has been checked: 0 passed
04.07.2014 06:59:13,347 - INFO  - Watchdog has been checked: 0 passed
04.07.2014 07:01:13,414 - INFO  - Watchdog has been checked: 0 passed
04.07.2014 07:03:13,260 - INFO  - Watchdog has been checked: 0 passed
04.07.2014 07:05:13,273 - INFO  - Watchdog has been checked: 0 passed
04.07.2014 07:07:13,249 - INFO  - Watchdog has been checked: 0 passed
04.07.2014 07:09:13,349 - INFO  - Watchdog has been checked: 0 passed
04.07.2014 07:11:13,154 - INFO  - Watchdog has been checked: 0 passed
04.07.2014 07:13:12,261 - INFO  - Watchdog has been checked: 0 passed
04.07.2014 07:15:01,715 - INFO  - mapping file sync started
04.07.2014 07:15:02,161 - INFO  - file successfully updated
04.07.2014 07:15:14,460 - INFO  - Watchdog has been checked: 0 passed
04.07.2014 07:17:14,229 - INFO  - Watchdog has been checked: 0 passed
04.07.2014 07:19:14,108 - INFO  - Watchdog has been checked: 0 passed
04.07.2014 07:21:13,202 - INFO  - Watchdog has been checked: 0 passed
04.07.2014 07:23:13,078 - INFO  - Watchdog has been checked: 0 passed
04.07.2014 07:25:12,171 - INFO  - Watchdog has been checked: 0 passed
04.07.2014 07:27:12,999 - INFO  - Watchdog has been checked: 0 passed
04.07.2014 07:29:12,294 - INFO  - Watchdog has been checked: 0 passed
04.07.2014 07:31:12,352 - INFO  - Watchdog has been checked: 0 passed
04.07.2014 07:33:12,230 - INFO  - Watchdog has been checked: 0 passed
04.07.2014 07:35:12,255 - INFO  - Watchdog has been checked: 0 passed
04.07.2014 07:37:12,236 - INFO  - Watchdog has been checked: 0 passed
04.07.2014 07:39:12,373 - INFO  - Watchdog has been checked: 0 passed
04.07.2014 07:41:12,198 - INFO  - Watchdog has been checked: 0 passed
04.07.2014 07:43:12,313 - INFO  - Watchdog has been checked: 0 passed
04.07.2014 07:45:12,424 - INFO  - Watchdog has been checked: 0 passed
04.07.2014 07:47:12,386 - INFO  - Watchdog has been checked: 0 passed
04.07.2014 07:49:14,332 - INFO  - Watchdog has been checked: 0 passed
04.07.2014 07:51:14,331 - INFO  - Watchdog has been checked: 0 passed
04.07.2014 07:51:41,261 - INFO  - searcher identified --- respT: 59ms, 40753 results, q=, 
04.07.2014 07:53:14,188 - INFO  - Watchdog has been checked: 0 passed
04.07.2014 07:54:43,243 - INFO  - searcher identified --- respT: 14ms, 51 results, q=buecklers, 
04.07.2014 07:54:45,417 - INFO  - searcher identified --- respT: 17ms, 29 results, q=buecklers task, 
04.07.2014 07:55:09,450 - INFO  - searcher identified --- respT: 18ms, 29 results, q=buecklers task, page turned
04.07.2014 07:55:14,308 - INFO  - Watchdog has been checked: 0 passed
04.07.2014 07:55:30,732 - INFO  - searcher identified --- respT: 26ms, 29 results, q=buecklers task, page turned
04.07.2014 07:57:14,244 - INFO  - Watchdog has been checked: 0 passed
04.07.2014 07:59:14,370 - INFO  - Watchdog has been checked: 0 passed
04.07.2014 08:01:14,182 - INFO  - Watchdog has been checked: 0 passed
04.07.2014 08:03:14,273 - INFO  - Watchdog has been checked: 0 passed
04.07.2014 08:05:14,351 - INFO  - Watchdog has been checked: 0 passed
04.07.2014 08:07:14,315 - INFO  - Watchdog has been checked: 0 passed
04.07.2014 08:09:14,428 - INFO  - Watchdog has been checked: 0 passed
04.07.2014 08:11:14,332 - INFO  - Watchdog has been checked: 0 passed
04.07.2014 08:13:14,391 - INFO  - Watchdog has been checked: 0 passed
04.07.2014 08:15:14,323 - INFO  - Watchdog has been checked: 0 passed
04.07.2014 08:17:14,466 - INFO  - Watchdog has been checked: 0 passed
04.07.2014 08:19:14,382 - INFO  - Watchdog has been checked: 0 passed
04.07.2014 08:20:14,835 - ERROR - unknown wikiuser
04.07.2014 08:20:14,926 - INFO  - searcher anonymous --- respT: 39ms, 28130 results, q=, 
04.07.2014 08:20:17,212 - ERROR - unknown wikiuser
04.07.2014 08:20:17,324 - INFO  - searcher anonymous --- respT: 34ms, 61 results, q=quartal, 
04.07.2014 08:20:17,876 - ERROR - unknown wikiuser
04.07.2014 08:20:17,953 - INFO  - searcher anonymous --- respT: 32ms, 61 results, q=quartal, 
04.07.2014 08:20:21,369 - ERROR - unknown wikiuser
04.07.2014 08:20:21,407 - INFO  - searcher anonymous --- respT: 13ms, 4 results, q=quartalsinfo, 
04.07.2014 08:20:21,660 - ERROR - unknown wikiuser
04.07.2014 08:20:21,697 - INFO  - searcher anonymous --- respT: 13ms, 4 results, q=quartalsinfo, 
04.07.2014 08:21:14,194 - INFO  - Watchdog has been checked: 0 passed
04.07.2014 08:23:14,221 - INFO  - Watchdog has been checked: 0 passed
04.07.2014 08:25:14,297 - INFO  - Watchdog has been checked: 0 passed
04.07.2014 08:27:14,233 - INFO  - Watchdog has been checked: 0 passed
04.07.2014 08:29:14,222 - INFO  - Watchdog has been checked: 0 passed
04.07.2014 08:31:14,096 - INFO  - Watchdog has been checked: 0 passed
04.07.2014 08:33:13,128 - INFO  - Watchdog has been checked: 0 passed
04.07.2014 08:35:12,236 - INFO  - Watchdog has been checked: 0 passed
04.07.2014 08:37:12,151 - INFO  - Watchdog has been checked: 0 passed
04.07.2014 08:39:13,243 - INFO  - Watchdog has been checked: 0 passed
04.07.2014 08:41:13,119 - INFO  - Watchdog has been checked: 0 passed
04.07.2014 08:43:12,165 - INFO  - Watchdog has been checked: 0 passed
04.07.2014 08:45:12,227 - INFO  - Watchdog has been checked: 0 passed
04.07.2014 08:47:12,170 - INFO  - Watchdog has been checked: 0 passed
04.07.2014 08:49:12,295 - INFO  - Watchdog has been checked: 0 passed
04.07.2014 08:51:13,485 - INFO  - Watchdog has been checked: 0 passed
04.07.2014 08:53:13,231 - INFO  - Watchdog has been checked: 0 passed
04.07.2014 08:55:13,064 - INFO  - Watchdog has been checked: 0 passed
04.07.2014 08:57:13,302 - INFO  - Watchdog has been checked: 0 passed
04.07.2014 08:59:13,135 - INFO  - Watchdog has been checked: 0 passed
04.07.2014 09:01:13,249 - INFO  - Watchdog has been checked: 0 passed
04.07.2014 09:03:13,362 - INFO  - Watchdog has been checked: 0 passed
04.07.2014 09:05:13,159 - INFO  - Watchdog has been checked: 0 passed
04.07.2014 09:07:13,141 - INFO  - Watchdog has been checked: 0 passed
04.07.2014 09:09:13,199 - INFO  - Watchdog has been checked: 0 passed
04.07.2014 09:11:13,281 - INFO  - Watchdog has been checked: 0 passed
04.07.2014 09:13:13,156 - INFO  - Watchdog has been checked: 0 passed
04.07.2014 09:15:13,220 - INFO  - Watchdog has been checked: 0 passed
04.07.2014 09:17:13,200 - INFO  - Watchdog has been checked: 0 passed
04.07.2014 09:19:13,334 - INFO  - Watchdog has been checked: 0 passed
04.07.2014 09:21:13,212 - INFO  - Watchdog has been checked: 0 passed
04.07.2014 09:23:13,297 - INFO  - Watchdog has been checked: 0 passed
04.07.2014 09:25:13,341 - INFO  - Watchdog has been checked: 0 passed
04.07.2014 09:27:13,161 - INFO  - Watchdog has been checked: 0 passed
04.07.2014 09:29:12,166 - INFO  - Watchdog has been checked: 0 passed
04.07.2014 09:31:12,973 - INFO  - Watchdog has been checked: 0 passed
04.07.2014 09:33:12,247 - INFO  - Watchdog has been checked: 0 passed
04.07.2014 09:35:12,306 - INFO  - Watchdog has been checked: 0 passed
04.07.2014 09:37:12,269 - INFO  - Watchdog has been checked: 0 passed
04.07.2014 09:39:12,303 - INFO  - Watchdog has been checked: 0 passed
04.07.2014 09:41:13,109 - INFO  - Watchdog has been checked: 0 passed
04.07.2014 09:43:13,256 - INFO  - Watchdog has been checked: 0 passed
04.07.2014 09:45:13,280 - INFO  - Watchdog has been checked: 0 passed
04.07.2014 09:47:13,368 - INFO  - Watchdog has been checked: 0 passed
04.07.2014 09:49:13,192 - INFO  - Watchdog has been checked: 0 passed
04.07.2014 09:51:13,261 - INFO  - Watchdog has been checked: 0 passed
04.07.2014 09:53:13,438 - INFO  - Watchdog has been checked: 0 passed
04.07.2014 09:55:13,168 - INFO  - Watchdog has been checked: 0 passed
04.07.2014 09:57:12,373 - INFO  - Watchdog has been checked: 0 passed
04.07.2014 09:59:12,235 - INFO  - Watchdog has been checked: 0 passed
04.07.2014 10:01:12,279 - INFO  - Watchdog has been checked: 0 passed
04.07.2014 10:03:12,150 - INFO  - Watchdog has been checked: 0 passed
04.07.2014 10:05:11,039 - INFO  - Watchdog has been checked: 0 passed
04.07.2014 10:07:11,047 - INFO  - Watchdog has been checked: 0 passed
04.07.2014 10:09:11,296 - INFO  - Watchdog has been checked: 0 passed
04.07.2014 10:11:11,251 - INFO  - Watchdog has been checked: 0 passed
04.07.2014 10:13:11,062 - INFO  - Watchdog has been checked: 0 passed
04.07.2014 10:15:11,228 - INFO  - Watchdog has been checked: 0 passed
04.07.2014 10:17:11,179 - INFO  - Watchdog has been checked: 0 passed
04.07.2014 10:19:10,112 - INFO  - Watchdog has been checked: 0 passed
04.07.2014 10:21:09,203 - INFO  - Watchdog has been checked: 0 passed
04.07.2014 10:23:09,230 - INFO  - Watchdog has been checked: 0 passed
04.07.2014 10:25:09,113 - INFO  - Watchdog has been checked: 0 passed
04.07.2014 10:27:09,329 - INFO  - Watchdog has been checked: 0 passed
04.07.2014 10:29:09,149 - INFO  - Watchdog has been checked: 0 passed
04.07.2014 10:31:09,273 - INFO  - Watchdog has been checked: 0 passed
04.07.2014 10:33:09,365 - INFO  - Watchdog has been checked: 0 passed
04.07.2014 10:35:09,170 - INFO  - Watchdog has been checked: 0 passed
04.07.2014 10:37:09,371 - INFO  - Watchdog has been checked: 0 passed
04.07.2014 10:39:09,229 - INFO  - Watchdog has been checked: 0 passed
04.07.2014 10:41:09,290 - INFO  - Watchdog has been checked: 0 passed
04.07.2014 10:43:09,152 - INFO  - Watchdog has been checked: 0 passed
04.07.2014 10:45:09,218 - INFO  - Watchdog has been checked: 0 passed
04.07.2014 10:47:09,178 - INFO  - Watchdog has been checked: 0 passed
04.07.2014 10:49:09,289 - INFO  - Watchdog has been checked: 0 passed
04.07.2014 10:51:09,111 - INFO  - Watchdog has been checked: 0 passed
04.07.2014 10:53:09,189 - INFO  - Watchdog has been checked: 0 passed
04.07.2014 10:55:09,266 - INFO  - Watchdog has been checked: 0 passed
04.07.2014 10:57:09,173 - INFO  - Watchdog has been checked: 0 passed
04.07.2014 10:59:09,084 - INFO  - Watchdog has been checked: 0 passed
04.07.2014 11:01:09,185 - INFO  - Watchdog has been checked: 0 passed
04.07.2014 11:03:09,269 - INFO  - Watchdog has been checked: 0 passed
04.07.2014 11:03:25,355 - INFO  - searcher identified --- respT: 45ms, 72401 results, q=, 
04.07.2014 11:03:36,736 - INFO  - searcher identified --- respT: 19ms, 775 results, q=Beda, 
04.07.2014 11:03:38,943 - INFO  - searcher identified --- respT: 16ms, 122 results, q=Bedarfs, 
04.07.2014 11:03:42,447 - INFO  - searcher identified --- respT: 17ms, 698 results, q=Bedarf, 
04.07.2014 11:04:09,701 - INFO  - searcher identified --- respT: 23ms, 61 results, q=Bedarfsme, 
04.07.2014 11:04:26,016 - INFO  - searcher identified --- respT: 15ms, 60 results, q=Bedarfsmeldung, 
04.07.2014 11:05:09,092 - INFO  - Watchdog has been checked: 0 passed
04.07.2014 11:07:08,205 - INFO  - Watchdog has been checked: 0 passed
04.07.2014 11:09:08,135 - INFO  - Watchdog has been checked: 0 passed
04.07.2014 11:11:08,302 - INFO  - Watchdog has been checked: 0 passed
04.07.2014 11:13:08,090 - INFO  - Watchdog has been checked: 0 passed
04.07.2014 11:15:07,079 - INFO  - Watchdog has been checked: 0 passed
04.07.2014 11:17:06,160 - INFO  - Watchdog has been checked: 0 passed
04.07.2014 11:19:05,223 - INFO  - Watchdog has been checked: 0 passed
04.07.2014 11:21:05,156 - INFO  - Watchdog has been checked: 0 passed
04.07.2014 11:23:04,491 - INFO  - Watchdog has been checked: 0 passed
04.07.2014 11:25:04,208 - INFO  - Watchdog has been checked: 0 passed
04.07.2014 11:27:04,263 - INFO  - Watchdog has been checked: 0 passed
04.07.2014 11:29:04,350 - INFO  - Watchdog has been checked: 0 passed
04.07.2014 11:31:04,253 - INFO  - Watchdog has been checked: 0 passed
04.07.2014 11:33:04,370 - INFO  - Watchdog has been checked: 0 passed
04.07.2014 11:35:04,210 - INFO  - Watchdog has been checked: 0 passed
04.07.2014 11:37:04,252 - INFO  - Watchdog has been checked: 0 passed
04.07.2014 11:39:04,044 - INFO  - Watchdog has been checked: 0 passed
04.07.2014 11:41:04,255 - INFO  - Watchdog has been checked: 0 passed
04.07.2014 11:43:04,253 - INFO  - Watchdog has been checked: 0 passed
04.07.2014 11:45:04,372 - INFO  - Watchdog has been checked: 0 passed
04.07.2014 11:47:04,169 - INFO  - Watchdog has been checked: 0 passed
04.07.2014 11:49:05,054 - INFO  - Watchdog has been checked: 0 passed
04.07.2014 11:51:05,318 - INFO  - Watchdog has been checked: 0 passed
04.07.2014 11:53:05,351 - INFO  - Watchdog has been checked: 0 passed
04.07.2014 11:55:05,303 - INFO  - Watchdog has been checked: 0 passed
04.07.2014 11:57:05,456 - INFO  - Watchdog has been checked: 0 passed
04.07.2014 11:59:05,194 - INFO  - Watchdog has been checked: 0 passed
04.07.2014 12:01:05,355 - INFO  - Watchdog has been checked: 0 passed
04.07.2014 12:03:05,465 - INFO  - Watchdog has been checked: 0 passed
04.07.2014 12:05:05,377 - INFO  - Watchdog has been checked: 0 passed
04.07.2014 12:07:05,140 - INFO  - Watchdog has been checked: 0 passed
04.07.2014 12:09:05,203 - INFO  - Watchdog has been checked: 0 passed
04.07.2014 12:11:05,222 - INFO  - Watchdog has been checked: 0 passed
04.07.2014 12:13:05,294 - INFO  - Watchdog has been checked: 0 passed
04.07.2014 12:15:05,416 - INFO  - Watchdog has been checked: 0 passed
04.07.2014 12:17:05,194 - INFO  - Watchdog has been checked: 0 passed
04.07.2014 12:19:05,238 - INFO  - Watchdog has been checked: 0 passed
04.07.2014 12:21:05,149 - INFO  - Watchdog has been checked: 0 passed
04.07.2014 12:23:05,255 - INFO  - Watchdog has been checked: 0 passed
04.07.2014 12:25:05,292 - INFO  - Watchdog has been checked: 0 passed
04.07.2014 12:27:05,300 - INFO  - Watchdog has been checked: 0 passed
04.07.2014 12:29:05,136 - INFO  - Watchdog has been checked: 0 passed
04.07.2014 12:31:04,264 - INFO  - Watchdog has been checked: 0 passed
04.07.2014 12:33:04,104 - INFO  - Watchdog has been checked: 0 passed
04.07.2014 12:35:03,167 - INFO  - Watchdog has been checked: 0 passed
04.07.2014 12:37:02,351 - INFO  - Watchdog has been checked: 0 passed
04.07.2014 12:39:02,180 - INFO  - Watchdog has been checked: 0 passed
04.07.2014 12:41:02,281 - INFO  - Watchdog has been checked: 0 passed
04.07.2014 12:43:02,411 - INFO  - Watchdog has been checked: 0 passed
04.07.2014 12:45:02,434 - INFO  - Watchdog has been checked: 0 passed
04.07.2014 12:47:02,329 - INFO  - Watchdog has been checked: 0 passed
04.07.2014 12:49:02,180 - INFO  - Watchdog has been checked: 0 passed
04.07.2014 12:51:03,465 - INFO  - Watchdog has been checked: 0 passed
04.07.2014 12:53:03,085 - INFO  - Watchdog has been checked: 0 passed
04.07.2014 12:55:02,143 - INFO  - Watchdog has been checked: 0 passed
04.07.2014 12:57:02,131 - INFO  - Watchdog has been checked: 0 passed
04.07.2014 12:59:02,271 - INFO  - Watchdog has been checked: 0 passed
04.07.2014 13:01:02,360 - INFO  - Watchdog has been checked: 0 passed
04.07.2014 13:03:04,044 - INFO  - Watchdog has been checked: 0 passed
04.07.2014 13:05:04,155 - INFO  - Watchdog has been checked: 0 passed
04.07.2014 13:07:04,051 - INFO  - Watchdog has been checked: 0 passed
04.07.2014 13:09:04,164 - INFO  - Watchdog has been checked: 0 passed
04.07.2014 13:11:04,290 - INFO  - Watchdog has been checked: 0 passed
04.07.2014 13:13:04,184 - INFO  - Watchdog has been checked: 0 passed
04.07.2014 13:15:04,127 - INFO  - Watchdog has been checked: 0 passed
04.07.2014 13:17:04,186 - INFO  - Watchdog has been checked: 0 passed
04.07.2014 13:19:04,185 - INFO  - Watchdog has been checked: 0 passed
04.07.2014 13:21:04,061 - INFO  - Watchdog has been checked: 0 passed
04.07.2014 13:23:04,218 - INFO  - Watchdog has been checked: 0 passed
04.07.2014 13:25:04,036 - INFO  - Watchdog has been checked: 0 passed
04.07.2014 13:27:04,050 - INFO  - Watchdog has been checked: 0 passed
04.07.2014 13:29:03,136 - INFO  - Watchdog has been checked: 0 passed
04.07.2014 13:31:03,247 - INFO  - Watchdog has been checked: 0 passed
04.07.2014 13:33:03,027 - INFO  - Watchdog has been checked: 0 passed
04.07.2014 13:35:02,039 - INFO  - Watchdog has been checked: 0 passed
04.07.2014 13:37:01,048 - INFO  - Watchdog has been checked: 0 passed
04.07.2014 13:39:00,113 - INFO  - Watchdog has been checked: 0 passed
04.07.2014 13:40:59,250 - INFO  - Watchdog has been checked: 0 passed
04.07.2014 13:42:59,259 - INFO  - Watchdog has been checked: 0 passed
04.07.2014 13:44:59,091 - INFO  - Watchdog has been checked: 0 passed
04.07.2014 13:46:58,266 - INFO  - Watchdog has been checked: 0 passed
04.07.2014 13:48:58,071 - INFO  - Watchdog has been checked: 0 passed
04.07.2014 13:50:57,262 - INFO  - Watchdog has been checked: 0 passed
04.07.2014 13:52:57,136 - INFO  - Watchdog has been checked: 0 passed
04.07.2014 13:54:56,138 - INFO  - Watchdog has been checked: 0 passed
04.07.2014 13:56:56,192 - INFO  - Watchdog has been checked: 0 passed
04.07.2014 13:58:56,223 - INFO  - Watchdog has been checked: 0 passed
04.07.2014 14:00:56,151 - INFO  - Watchdog has been checked: 0 passed
04.07.2014 14:02:56,204 - INFO  - Watchdog has been checked: 0 passed
04.07.2014 14:04:56,223 - INFO  - Watchdog has been checked: 0 passed
04.07.2014 14:06:56,308 - INFO  - Watchdog has been checked: 0 passed
04.07.2014 14:08:56,102 - INFO  - Watchdog has been checked: 0 passed
04.07.2014 14:10:56,249 - INFO  - Watchdog has been checked: 0 passed
04.07.2014 14:12:56,356 - INFO  - Watchdog has been checked: 0 passed
04.07.2014 14:14:56,318 - INFO  - Watchdog has been checked: 0 passed
04.07.2014 14:16:56,272 - INFO  - Watchdog has been checked: 0 passed
04.07.2014 14:18:56,310 - INFO  - Watchdog has been checked: 0 passed
04.07.2014 14:20:56,326 - INFO  - Watchdog has been checked: 0 passed
04.07.2014 14:22:56,397 - INFO  - Watchdog has been checked: 0 passed
04.07.2014 14:24:56,182 - INFO  - Watchdog has been checked: 0 passed
04.07.2014 14:26:56,212 - INFO  - Watchdog has been checked: 0 passed
04.07.2014 14:28:56,263 - INFO  - Watchdog has been checked: 0 passed
04.07.2014 14:30:56,273 - INFO  - Watchdog has been checked: 0 passed
04.07.2014 14:32:56,269 - INFO  - Watchdog has been checked: 0 passed
04.07.2014 14:34:56,204 - INFO  - Watchdog has been checked: 0 passed
04.07.2014 14:36:56,318 - INFO  - Watchdog has been checked: 0 passed
04.07.2014 14:38:56,370 - INFO  - Watchdog has been checked: 0 passed
04.07.2014 14:40:56,212 - INFO  - Watchdog has been checked: 0 passed
04.07.2014 14:42:56,361 - INFO  - Watchdog has been checked: 0 passed
04.07.2014 14:44:56,284 - INFO  - Watchdog has been checked: 0 passed
04.07.2014 14:46:56,161 - INFO  - Watchdog has been checked: 0 passed
04.07.2014 14:48:56,220 - INFO  - Watchdog has been checked: 0 passed
04.07.2014 14:50:56,286 - INFO  - Watchdog has been checked: 0 passed
04.07.2014 14:52:56,099 - INFO  - Watchdog has been checked: 0 passed
04.07.2014 14:54:56,329 - INFO  - Watchdog has been checked: 0 passed
04.07.2014 14:56:56,102 - INFO  - Watchdog has been checked: 0 passed
04.07.2014 14:58:56,149 - INFO  - Watchdog has been checked: 0 passed
04.07.2014 15:00:56,227 - INFO  - Watchdog has been checked: 0 passed
04.07.2014 15:02:56,303 - INFO  - Watchdog has been checked: 0 passed
04.07.2014 15:04:56,282 - INFO  - Watchdog has been checked: 0 passed
04.07.2014 15:06:56,085 - INFO  - Watchdog has been checked: 0 passed
04.07.2014 15:08:56,141 - INFO  - Watchdog has been checked: 0 passed
04.07.2014 15:10:56,234 - INFO  - Watchdog has been checked: 0 passed
04.07.2014 15:12:56,314 - INFO  - Watchdog has been checked: 0 passed
04.07.2014 15:14:56,072 - INFO  - Watchdog has been checked: 0 passed
04.07.2014 15:16:55,043 - INFO  - Watchdog has been checked: 0 passed
04.07.2014 15:18:55,152 - INFO  - Watchdog has been checked: 0 passed
04.07.2014 15:20:55,252 - INFO  - Watchdog has been checked: 0 passed
04.07.2014 15:22:55,120 - INFO  - Watchdog has been checked: 0 passed
04.07.2014 15:24:54,182 - INFO  - Watchdog has been checked: 0 passed
04.07.2014 15:26:53,154 - INFO  - Watchdog has been checked: 0 passed
04.07.2014 15:28:53,302 - INFO  - Watchdog has been checked: 0 passed
04.07.2014 15:30:53,192 - INFO  - Watchdog has been checked: 0 passed
04.07.2014 15:32:53,257 - INFO  - Watchdog has been checked: 0 passed
04.07.2014 15:34:53,278 - INFO  - Watchdog has been checked: 0 passed
04.07.2014 15:36:53,293 - INFO  - Watchdog has been checked: 0 passed
04.07.2014 15:38:53,338 - INFO  - Watchdog has been checked: 0 passed
04.07.2014 15:40:53,195 - INFO  - Watchdog has been checked: 0 passed
04.07.2014 15:42:53,264 - INFO  - Watchdog has been checked: 0 passed
04.07.2014 15:44:53,356 - INFO  - Watchdog has been checked: 0 passed
04.07.2014 15:46:53,289 - INFO  - Watchdog has been checked: 0 passed
04.07.2014 15:48:53,356 - INFO  - Watchdog has been checked: 0 passed
04.07.2014 15:50:53,301 - INFO  - Watchdog has been checked: 0 passed
04.07.2014 15:52:53,334 - INFO  - Watchdog has been checked: 0 passed
04.07.2014 15:54:53,399 - INFO  - Watchdog has been checked: 0 passed
04.07.2014 15:56:53,417 - INFO  - Watchdog has been checked: 0 passed
04.07.2014 15:58:53,464 - INFO  - Watchdog has been checked: 0 passed
04.07.2014 16:00:53,382 - INFO  - Watchdog has been checked: 0 passed
04.07.2014 16:02:53,406 - INFO  - Watchdog has been checked: 0 passed
04.07.2014 16:04:53,441 - INFO  - Watchdog has been checked: 0 passed
04.07.2014 16:06:53,492 - INFO  - Watchdog has been checked: 0 passed
04.07.2014 16:08:53,286 - INFO  - Watchdog has been checked: 0 passed
04.07.2014 16:10:53,505 - INFO  - Watchdog has been checked: 0 passed
04.07.2014 16:12:53,506 - INFO  - Watchdog has been checked: 0 passed
04.07.2014 16:14:53,529 - INFO  - Watchdog has been checked: 0 passed
04.07.2014 16:16:53,440 - INFO  - Watchdog has been checked: 0 passed
04.07.2014 16:18:53,373 - INFO  - Watchdog has been checked: 0 passed
04.07.2014 16:20:53,271 - INFO  - Watchdog has been checked: 0 passed
04.07.2014 16:22:53,347 - INFO  - Watchdog has been checked: 0 passed
04.07.2014 16:24:53,354 - INFO  - Watchdog has been checked: 0 passed
04.07.2014 16:26:53,406 - INFO  - Watchdog has been checked: 0 passed
04.07.2014 16:28:53,272 - INFO  - Watchdog has been checked: 0 passed
04.07.2014 16:30:53,208 - INFO  - Watchdog has been checked: 0 passed
04.07.2014 16:32:53,224 - INFO  - Watchdog has been checked: 0 passed
04.07.2014 16:34:53,218 - INFO  - Watchdog has been checked: 0 passed
04.07.2014 16:36:53,164 - INFO  - Watchdog has been checked: 0 passed
04.07.2014 16:38:53,111 - INFO  - Watchdog has been checked: 0 passed
04.07.2014 16:40:52,996 - INFO  - Watchdog has been checked: 0 passed
04.07.2014 16:42:52,018 - INFO  - Watchdog has been checked: 0 passed
04.07.2014 16:44:51,033 - INFO  - Watchdog has been checked: 0 passed
04.07.2014 16:46:50,085 - INFO  - Watchdog has been checked: 0 passed
04.07.2014 16:48:49,148 - INFO  - Watchdog has been checked: 0 passed
04.07.2014 16:50:49,054 - INFO  - Watchdog has been checked: 0 passed
04.07.2014 16:52:49,128 - INFO  - Watchdog has been checked: 0 passed
04.07.2014 16:54:49,602 - INFO  - Watchdog has been checked: 0 passed
04.07.2014 16:56:49,151 - INFO  - Watchdog has been checked: 0 passed
04.07.2014 16:58:49,175 - INFO  - Watchdog has been checked: 0 passed
04.07.2014 17:00:49,081 - INFO  - Watchdog has been checked: 0 passed
04.07.2014 17:02:49,137 - INFO  - Watchdog has been checked: 0 passed
04.07.2014 17:04:49,106 - INFO  - Watchdog has been checked: 0 passed
04.07.2014 17:06:49,159 - INFO  - Watchdog has been checked: 0 passed
04.07.2014 17:08:49,231 - INFO  - Watchdog has been checked: 0 passed
04.07.2014 17:10:49,138 - INFO  - Watchdog has been checked: 0 passed
04.07.2014 17:12:49,184 - INFO  - Watchdog has been checked: 0 passed
04.07.2014 17:14:49,205 - INFO  - Watchdog has been checked: 0 passed
04.07.2014 17:16:49,233 - INFO  - Watchdog has been checked: 0 passed
04.07.2014 17:18:49,284 - INFO  - Watchdog has been checked: 0 passed
04.07.2014 17:20:49,123 - INFO  - Watchdog has been checked: 0 passed
04.07.2014 17:22:48,189 - INFO  - Watchdog has been checked: 0 passed
04.07.2014 17:24:48,203 - INFO  - Watchdog has been checked: 0 passed
04.07.2014 17:26:48,223 - INFO  - Watchdog has been checked: 0 passed
04.07.2014 17:28:48,323 - INFO  - Watchdog has been checked: 0 passed
04.07.2014 17:30:48,156 - INFO  - Watchdog has been checked: 0 passed
04.07.2014 17:32:47,291 - INFO  - Watchdog has been checked: 0 passed
04.07.2014 17:34:47,308 - INFO  - Watchdog has been checked: 0 passed
04.07.2014 17:36:47,343 - INFO  - Watchdog has been checked: 0 passed
04.07.2014 17:38:47,393 - INFO  - Watchdog has been checked: 0 passed
04.07.2014 17:40:47,249 - INFO  - Watchdog has been checked: 0 passed
04.07.2014 17:42:47,278 - INFO  - Watchdog has been checked: 0 passed
04.07.2014 17:44:47,324 - INFO  - Watchdog has been checked: 0 passed
04.07.2014 17:46:47,299 - INFO  - Watchdog has been checked: 0 passed
04.07.2014 17:48:47,092 - INFO  - Watchdog has been checked: 0 passed
04.07.2014 17:50:46,204 - INFO  - Watchdog has been checked: 0 passed
04.07.2014 17:52:46,232 - INFO  - Watchdog has been checked: 0 passed
04.07.2014 17:54:46,286 - INFO  - Watchdog has been checked: 0 passed
04.07.2014 17:56:46,287 - INFO  - Watchdog has been checked: 0 passed
04.07.2014 17:58:46,086 - INFO  - Watchdog has been checked: 0 passed
04.07.2014 18:00:45,199 - INFO  - Watchdog has been checked: 0 passed
04.07.2014 18:02:45,282 - INFO  - Watchdog has been checked: 0 passed
04.07.2014 18:04:45,302 - INFO  - Watchdog has been checked: 0 passed
04.07.2014 18:06:45,284 - INFO  - Watchdog has been checked: 0 passed
04.07.2014 18:08:45,118 - INFO  - Watchdog has been checked: 0 passed
04.07.2014 18:10:45,218 - INFO  - Watchdog has been checked: 0 passed
04.07.2014 18:12:45,061 - INFO  - Watchdog has been checked: 0 passed
04.07.2014 18:14:44,032 - INFO  - Watchdog has been checked: 0 passed
04.07.2014 18:16:43,096 - INFO  - Watchdog has been checked: 0 passed
04.07.2014 18:18:42,145 - INFO  - Watchdog has been checked: 0 passed
04.07.2014 18:20:42,297 - INFO  - Watchdog has been checked: 0 passed
04.07.2014 18:22:42,072 - INFO  - Watchdog has been checked: 0 passed
04.07.2014 18:24:41,127 - INFO  - Watchdog has been checked: 0 passed
04.07.2014 18:26:41,141 - INFO  - Watchdog has been checked: 0 passed
04.07.2014 18:28:41,206 - INFO  - Watchdog has been checked: 0 passed
04.07.2014 18:30:41,102 - INFO  - Watchdog has been checked: 0 passed
04.07.2014 18:32:40,356 - INFO  - Watchdog has been checked: 0 passed
04.07.2014 18:34:40,163 - INFO  - Watchdog has been checked: 0 passed
04.07.2014 18:36:40,136 - INFO  - Watchdog has been checked: 0 passed
04.07.2014 18:38:39,179 - INFO  - Watchdog has been checked: 0 passed
04.07.2014 18:40:39,284 - INFO  - Watchdog has been checked: 0 passed
04.07.2014 18:42:39,317 - INFO  - Watchdog has been checked: 0 passed
04.07.2014 18:44:39,121 - INFO  - Watchdog has been checked: 0 passed
04.07.2014 18:46:39,252 - INFO  - Watchdog has been checked: 0 passed
04.07.2014 18:48:39,233 - INFO  - Watchdog has been checked: 0 passed
04.07.2014 18:50:39,400 - INFO  - Watchdog has been checked: 0 passed
04.07.2014 18:52:39,428 - INFO  - Watchdog has been checked: 0 passed
04.07.2014 18:54:39,173 - INFO  - Watchdog has been checked: 0 passed
04.07.2014 18:56:39,231 - INFO  - Watchdog has been checked: 0 passed
04.07.2014 18:58:39,242 - INFO  - Watchdog has been checked: 0 passed
04.07.2014 19:00:39,180 - INFO  - Watchdog has been checked: 0 passed
04.07.2014 19:02:39,224 - INFO  - Watchdog has been checked: 0 passed
04.07.2014 19:04:39,221 - INFO  - Watchdog has been checked: 0 passed
04.07.2014 19:06:39,343 - INFO  - Watchdog has been checked: 0 passed
04.07.2014 19:08:39,321 - INFO  - Watchdog has been checked: 0 passed
04.07.2014 19:10:39,358 - INFO  - Watchdog has been checked: 0 passed
04.07.2014 19:12:39,296 - INFO  - Watchdog has been checked: 0 passed
04.07.2014 19:14:39,351 - INFO  - Watchdog has been checked: 0 passed
04.07.2014 19:16:39,342 - INFO  - Watchdog has been checked: 0 passed
04.07.2014 19:18:39,323 - INFO  - Watchdog has been checked: 0 passed
04.07.2014 19:20:39,320 - INFO  - Watchdog has been checked: 0 passed
04.07.2014 19:22:39,307 - INFO  - Watchdog has been checked: 0 passed
04.07.2014 19:24:39,223 - INFO  - Watchdog has been checked: 0 passed
04.07.2014 19:26:39,283 - INFO  - Watchdog has been checked: 0 passed
04.07.2014 19:28:39,097 - INFO  - Watchdog has been checked: 0 passed
04.07.2014 19:30:38,261 - INFO  - Watchdog has been checked: 0 passed
04.07.2014 19:32:38,314 - INFO  - Watchdog has been checked: 0 passed
04.07.2014 19:34:38,108 - INFO  - Watchdog has been checked: 0 passed
04.07.2014 19:36:38,224 - INFO  - Watchdog has been checked: 0 passed
04.07.2014 19:38:38,283 - INFO  - Watchdog has been checked: 0 passed
04.07.2014 19:40:38,160 - INFO  - Watchdog has been checked: 0 passed
04.07.2014 19:42:38,204 - INFO  - Watchdog has been checked: 0 passed
04.07.2014 19:44:38,243 - INFO  - Watchdog has been checked: 0 passed
04.07.2014 19:46:38,257 - INFO  - Watchdog has been checked: 0 passed
04.07.2014 19:48:38,200 - INFO  - Watchdog has been checked: 0 passed
04.07.2014 19:50:38,084 - INFO  - Watchdog has been checked: 0 passed
04.07.2014 19:52:37,093 - INFO  - Watchdog has been checked: 0 passed
04.07.2014 19:54:36,260 - INFO  - Watchdog has been checked: 0 passed
04.07.2014 19:56:36,289 - INFO  - Watchdog has been checked: 0 passed
04.07.2014 19:58:36,184 - INFO  - Watchdog has been checked: 0 passed
04.07.2014 20:00:36,370 - INFO  - Watchdog has been checked: 0 passed
04.07.2014 20:02:36,148 - INFO  - Watchdog has been checked: 0 passed
04.07.2014 20:04:35,211 - INFO  - Watchdog has been checked: 0 passed
04.07.2014 20:06:34,211 - INFO  - Watchdog has been checked: 0 passed
04.07.2014 20:08:34,254 - INFO  - Watchdog has been checked: 0 passed
04.07.2014 20:10:34,163 - INFO  - Watchdog has been checked: 0 passed
04.07.2014 20:12:34,153 - INFO  - Watchdog has been checked: 0 passed
04.07.2014 20:14:34,241 - INFO  - Watchdog has been checked: 0 passed
04.07.2014 20:16:34,237 - INFO  - Watchdog has been checked: 0 passed
04.07.2014 20:18:34,264 - INFO  - Watchdog has been checked: 0 passed
04.07.2014 20:20:34,134 - INFO  - Watchdog has been checked: 0 passed
04.07.2014 20:22:33,121 - INFO  - Watchdog has been checked: 0 passed
04.07.2014 20:24:32,170 - INFO  - Watchdog has been checked: 0 passed
04.07.2014 20:26:32,202 - INFO  - Watchdog has been checked: 0 passed
04.07.2014 20:28:32,065 - INFO  - Watchdog has been checked: 0 passed
04.07.2014 20:30:31,233 - INFO  - Watchdog has been checked: 0 passed
04.07.2014 20:32:31,230 - INFO  - Watchdog has been checked: 0 passed
04.07.2014 20:34:31,039 - INFO  - Watchdog has been checked: 0 passed
04.07.2014 20:36:30,238 - INFO  - Watchdog has been checked: 0 passed
04.07.2014 20:38:30,306 - INFO  - Watchdog has been checked: 0 passed
04.07.2014 20:40:30,221 - INFO  - Watchdog has been checked: 0 passed
04.07.2014 20:42:30,208 - INFO  - Watchdog has been checked: 0 passed
04.07.2014 20:44:30,264 - INFO  - Watchdog has been checked: 0 passed
04.07.2014 20:46:30,318 - INFO  - Watchdog has been checked: 0 passed
04.07.2014 20:48:30,345 - INFO  - Watchdog has been checked: 0 passed
04.07.2014 20:50:30,292 - INFO  - Watchdog has been checked: 0 passed
04.07.2014 20:52:30,315 - INFO  - Watchdog has been checked: 0 passed
04.07.2014 20:54:30,109 - INFO  - Watchdog has been checked: 0 passed
04.07.2014 20:56:30,152 - INFO  - Watchdog has been checked: 0 passed
04.07.2014 20:58:30,182 - INFO  - Watchdog has been checked: 0 passed
04.07.2014 21:00:30,269 - INFO  - Watchdog has been checked: 0 passed
04.07.2014 21:02:30,359 - INFO  - Watchdog has been checked: 0 passed
04.07.2014 21:04:30,304 - INFO  - Watchdog has been checked: 0 passed
04.07.2014 21:06:30,343 - INFO  - Watchdog has been checked: 0 passed
04.07.2014 21:08:30,179 - INFO  - Watchdog has been checked: 0 passed
04.07.2014 21:10:30,338 - INFO  - Watchdog has been checked: 0 passed
04.07.2014 21:12:30,354 - INFO  - Watchdog has been checked: 0 passed
04.07.2014 21:14:30,362 - INFO  - Watchdog has been checked: 0 passed
04.07.2014 21:16:30,137 - INFO  - Watchdog has been checked: 0 passed
04.07.2014 21:18:30,164 - INFO  - Watchdog has been checked: 0 passed
04.07.2014 21:20:30,302 - INFO  - Watchdog has been checked: 0 passed
04.07.2014 21:22:30,386 - INFO  - Watchdog has been checked: 0 passed
04.07.2014 21:24:30,337 - INFO  - Watchdog has been checked: 0 passed
04.07.2014 21:26:30,382 - INFO  - Watchdog has been checked: 0 passed
04.07.2014 21:28:30,438 - INFO  - Watchdog has been checked: 0 passed
04.07.2014 21:30:30,562 - INFO  - Watchdog has been checked: 0 passed
04.07.2014 21:32:30,241 - INFO  - Watchdog has been checked: 0 passed
04.07.2014 21:34:30,301 - INFO  - Watchdog has been checked: 0 passed
04.07.2014 21:36:30,346 - INFO  - Watchdog has been checked: 0 passed
04.07.2014 21:38:30,352 - INFO  - Watchdog has been checked: 0 passed
04.07.2014 21:40:30,309 - INFO  - Watchdog has been checked: 0 passed
04.07.2014 21:42:30,235 - INFO  - Watchdog has been checked: 0 passed
04.07.2014 21:44:30,357 - INFO  - Watchdog has been checked: 0 passed
04.07.2014 21:46:30,110 - INFO  - Watchdog has been checked: 0 passed
04.07.2014 21:48:29,082 - INFO  - Watchdog has been checked: 0 passed
04.07.2014 21:50:28,314 - INFO  - Watchdog has been checked: 0 passed
04.07.2014 21:52:28,300 - INFO  - Watchdog has been checked: 0 passed
04.07.2014 21:54:28,108 - INFO  - Watchdog has been checked: 0 passed
04.07.2014 21:56:27,150 - INFO  - Watchdog has been checked: 0 passed
04.07.2014 21:58:27,203 - INFO  - Watchdog has been checked: 0 passed
04.07.2014 22:00:27,167 - INFO  - Watchdog has been checked: 0 passed
04.07.2014 22:02:27,159 - INFO  - Watchdog has been checked: 0 passed
04.07.2014 22:04:27,196 - INFO  - Watchdog has been checked: 0 passed
04.07.2014 22:06:27,226 - INFO  - Watchdog has been checked: 0 passed
04.07.2014 22:08:27,131 - INFO  - Watchdog has been checked: 0 passed
04.07.2014 22:10:27,255 - INFO  - Watchdog has been checked: 0 passed
04.07.2014 22:12:27,237 - INFO  - Watchdog has been checked: 0 passed
04.07.2014 22:14:27,278 - INFO  - Watchdog has been checked: 0 passed
04.07.2014 22:16:27,166 - INFO  - Watchdog has been checked: 0 passed
04.07.2014 22:18:27,258 - INFO  - Watchdog has been checked: 0 passed
04.07.2014 22:20:27,111 - INFO  - Watchdog has been checked: 0 passed
04.07.2014 22:22:27,133 - INFO  - Watchdog has been checked: 0 passed
04.07.2014 22:24:27,183 - INFO  - Watchdog has been checked: 0 passed
04.07.2014 22:26:27,267 - INFO  - Watchdog has been checked: 0 passed
04.07.2014 22:28:27,298 - INFO  - Watchdog has been checked: 0 passed
04.07.2014 22:30:27,208 - INFO  - Watchdog has been checked: 0 passed
04.07.2014 22:32:27,221 - INFO  - Watchdog has been checked: 0 passed
04.07.2014 22:34:27,265 - INFO  - Watchdog has been checked: 0 passed
04.07.2014 22:36:27,349 - INFO  - Watchdog has been checked: 0 passed
04.07.2014 22:38:27,334 - INFO  - Watchdog has been checked: 0 passed
04.07.2014 22:40:27,233 - INFO  - Watchdog has been checked: 0 passed
04.07.2014 22:42:27,256 - INFO  - Watchdog has been checked: 0 passed
04.07.2014 22:44:27,295 - INFO  - Watchdog has been checked: 0 passed
04.07.2014 22:46:27,104 - INFO  - Watchdog has been checked: 0 passed
04.07.2014 22:48:27,222 - INFO  - Watchdog has been checked: 0 passed
04.07.2014 22:50:27,163 - INFO  - Watchdog has been checked: 0 passed
04.07.2014 22:52:27,156 - INFO  - Watchdog has been checked: 0 passed
04.07.2014 22:54:27,198 - INFO  - Watchdog has been checked: 0 passed
04.07.2014 22:56:27,182 - INFO  - Watchdog has been checked: 0 passed
04.07.2014 22:58:27,337 - INFO  - Watchdog has been checked: 0 passed
04.07.2014 23:00:27,218 - INFO  - Watchdog has been checked: 0 passed
04.07.2014 23:02:27,208 - INFO  - Watchdog has been checked: 0 passed
04.07.2014 23:04:27,259 - INFO  - Watchdog has been checked: 0 passed
04.07.2014 23:06:27,343 - INFO  - Watchdog has been checked: 0 passed
04.07.2014 23:08:27,372 - INFO  - Watchdog has been checked: 0 passed
04.07.2014 23:10:27,297 - INFO  - Watchdog has been checked: 0 passed
04.07.2014 23:12:27,193 - INFO  - Watchdog has been checked: 0 passed
04.07.2014 23:14:27,357 - INFO  - Watchdog has been checked: 0 passed
04.07.2014 23:16:27,140 - INFO  - Watchdog has been checked: 0 passed
04.07.2014 23:18:27,193 - INFO  - Watchdog has been checked: 0 passed
04.07.2014 23:20:27,143 - INFO  - Watchdog has been checked: 0 passed
04.07.2014 23:22:27,094 - INFO  - Watchdog has been checked: 0 passed
04.07.2014 23:24:27,238 - INFO  - Watchdog has been checked: 0 passed
04.07.2014 23:26:27,239 - INFO  - Watchdog has been checked: 0 passed
04.07.2014 23:28:27,241 - INFO  - Watchdog has been checked: 0 passed
04.07.2014 23:30:27,147 - INFO  - Watchdog has been checked: 0 passed
04.07.2014 23:31:27,236 - INFO  - Watchdog has been checked: 0 passed
04.07.2014 23:33:27,061 - INFO  - Watchdog has been checked: 0 passed
04.07.2014 23:35:26,084 - INFO  - Watchdog has been checked: 0 passed
04.07.2014 23:37:26,068 - INFO  - Watchdog has been checked: 0 passed
04.07.2014 23:39:25,273 - INFO  - Watchdog has been checked: 0 passed
04.07.2014 23:41:25,291 - INFO  - Watchdog has been checked: 0 passed
04.07.2014 23:43:25,143 - INFO  - Watchdog has been checked: 0 passed
04.07.2014 23:45:25,214 - INFO  - Watchdog has been checked: 0 passed
04.07.2014 23:47:25,212 - INFO  - Watchdog has been checked: 0 passed
04.07.2014 23:49:25,360 - INFO  - Watchdog has been checked: 0 passed
04.07.2014 23:51:25,098 - INFO  - Watchdog has been checked: 0 passed
04.07.2014 23:53:24,355 - INFO  - Watchdog has been checked: 0 passed
04.07.2014 23:55:24,177 - INFO  - Watchdog has been checked: 0 passed
04.07.2014 23:57:24,133 - INFO  - Watchdog has been checked: 0 passed
04.07.2014 23:59:23,238 - INFO  - Watchdog has been checked: 0 passed
