08.08.2014 00:01:24,166 - INFO  - Watchdog has been checked: 0 passed
08.08.2014 00:03:24,248 - INFO  - Watchdog has been checked: 0 passed
08.08.2014 00:05:24,246 - INFO  - Watchdog has been checked: 0 passed
08.08.2014 00:07:24,168 - INFO  - Watchdog has been checked: 0 passed
08.08.2014 00:09:24,238 - INFO  - Watchdog has been checked: 0 passed
08.08.2014 00:11:24,140 - INFO  - Watchdog has been checked: 0 passed
08.08.2014 00:13:24,165 - INFO  - Watchdog has been checked: 0 passed
08.08.2014 00:15:24,165 - INFO  - Watchdog has been checked: 0 passed
08.08.2014 00:17:24,143 - INFO  - Watchdog has been checked: 0 passed
08.08.2014 00:19:24,236 - INFO  - Watchdog has been checked: 0 passed
08.08.2014 00:21:24,140 - INFO  - Watchdog has been checked: 0 passed
08.08.2014 00:23:24,143 - INFO  - Watchdog has been checked: 0 passed
08.08.2014 00:25:24,135 - INFO  - Watchdog has been checked: 0 passed
08.08.2014 00:27:24,324 - INFO  - Watchdog has been checked: 0 passed
08.08.2014 00:29:24,282 - INFO  - Watchdog has been checked: 0 passed
08.08.2014 00:31:24,230 - INFO  - Watchdog has been checked: 0 passed
08.08.2014 00:33:24,081 - INFO  - Watchdog has been checked: 0 passed
08.08.2014 00:35:24,288 - INFO  - Watchdog has been checked: 0 passed
08.08.2014 00:37:24,228 - INFO  - Watchdog has been checked: 0 passed
08.08.2014 00:39:24,464 - INFO  - Watchdog has been checked: 0 passed
08.08.2014 00:41:24,455 - INFO  - Watchdog has been checked: 0 passed
08.08.2014 00:43:24,315 - INFO  - Watchdog has been checked: 0 passed
08.08.2014 00:45:24,240 - INFO  - Watchdog has been checked: 0 passed
08.08.2014 00:47:24,189 - INFO  - Watchdog has been checked: 0 passed
08.08.2014 00:49:24,180 - INFO  - Watchdog has been checked: 0 passed
08.08.2014 00:51:24,428 - INFO  - Watchdog has been checked: 0 passed
08.08.2014 00:53:24,415 - INFO  - Watchdog has been checked: 0 passed
08.08.2014 00:55:24,244 - INFO  - Watchdog has been checked: 0 passed
08.08.2014 00:57:24,421 - INFO  - Watchdog has been checked: 0 passed
08.08.2014 00:59:24,458 - INFO  - Watchdog has been checked: 0 passed
08.08.2014 01:01:24,499 - INFO  - Watchdog has been checked: 0 passed
08.08.2014 01:03:24,401 - INFO  - Watchdog has been checked: 0 passed
08.08.2014 01:05:24,205 - INFO  - Watchdog has been checked: 0 passed
08.08.2014 01:07:24,355 - INFO  - Watchdog has been checked: 0 passed
08.08.2014 01:09:24,434 - INFO  - Watchdog has been checked: 0 passed
08.08.2014 01:11:24,356 - INFO  - Watchdog has been checked: 0 passed
08.08.2014 01:13:24,291 - INFO  - Watchdog has been checked: 0 passed
08.08.2014 01:15:24,106 - INFO  - Watchdog has been checked: 0 passed
08.08.2014 01:17:24,240 - INFO  - Watchdog has been checked: 0 passed
08.08.2014 01:19:24,029 - INFO  - Watchdog has been checked: 0 passed
08.08.2014 01:21:22,992 - INFO  - Watchdog has been checked: 0 passed
08.08.2014 01:23:22,217 - INFO  - Watchdog has been checked: 0 passed
08.08.2014 01:25:22,023 - INFO  - Watchdog has been checked: 0 passed
08.08.2014 01:27:22,125 - INFO  - Watchdog has been checked: 0 passed
08.08.2014 01:29:22,161 - INFO  - Watchdog has been checked: 0 passed
08.08.2014 01:31:22,112 - INFO  - Watchdog has been checked: 0 passed
08.08.2014 01:33:22,054 - INFO  - Watchdog has been checked: 0 passed
08.08.2014 01:35:22,167 - INFO  - Watchdog has been checked: 0 passed
08.08.2014 01:37:22,050 - INFO  - Watchdog has been checked: 0 passed
08.08.2014 01:39:22,321 - INFO  - Watchdog has been checked: 0 passed
08.08.2014 01:41:22,261 - INFO  - Watchdog has been checked: 0 passed
08.08.2014 01:43:24,213 - INFO  - Watchdog has been checked: 0 passed
08.08.2014 01:45:24,043 - INFO  - Watchdog has been checked: 0 passed
08.08.2014 01:47:24,151 - INFO  - Watchdog has been checked: 0 passed
08.08.2014 01:49:24,128 - INFO  - Watchdog has been checked: 0 passed
08.08.2014 01:51:24,141 - INFO  - Watchdog has been checked: 0 passed
08.08.2014 01:53:24,125 - INFO  - Watchdog has been checked: 0 passed
08.08.2014 01:55:24,313 - INFO  - Watchdog has been checked: 0 passed
08.08.2014 01:57:24,124 - INFO  - Watchdog has been checked: 0 passed
08.08.2014 01:59:24,386 - INFO  - Watchdog has been checked: 0 passed
08.08.2014 02:01:24,380 - INFO  - Watchdog has been checked: 0 passed
08.08.2014 02:03:24,316 - INFO  - Watchdog has been checked: 0 passed
08.08.2014 02:05:24,434 - INFO  - Watchdog has been checked: 0 passed
08.08.2014 02:07:24,367 - INFO  - Watchdog has been checked: 0 passed
08.08.2014 02:09:24,402 - INFO  - Watchdog has been checked: 0 passed
08.08.2014 02:11:24,334 - INFO  - Watchdog has been checked: 0 passed
08.08.2014 02:13:24,281 - INFO  - Watchdog has been checked: 0 passed
08.08.2014 02:15:24,278 - INFO  - Watchdog has been checked: 0 passed
08.08.2014 02:17:24,185 - INFO  - Watchdog has been checked: 0 passed
08.08.2014 02:19:24,296 - INFO  - Watchdog has been checked: 0 passed
08.08.2014 02:21:24,259 - INFO  - Watchdog has been checked: 0 passed
08.08.2014 02:23:24,249 - INFO  - Watchdog has been checked: 0 passed
08.08.2014 02:25:24,046 - INFO  - Watchdog has been checked: 0 passed
08.08.2014 02:27:23,113 - INFO  - Watchdog has been checked: 0 passed
08.08.2014 02:29:23,114 - INFO  - Watchdog has been checked: 0 passed
08.08.2014 02:31:23,178 - INFO  - Watchdog has been checked: 0 passed
08.08.2014 02:33:23,118 - INFO  - Watchdog has been checked: 0 passed
08.08.2014 02:35:23,170 - INFO  - Watchdog has been checked: 0 passed
08.08.2014 02:37:23,086 - INFO  - Watchdog has been checked: 0 passed
08.08.2014 02:39:23,257 - INFO  - Watchdog has been checked: 0 passed
08.08.2014 02:41:23,308 - INFO  - Watchdog has been checked: 0 passed
08.08.2014 02:43:23,246 - INFO  - Watchdog has been checked: 0 passed
08.08.2014 02:45:23,291 - INFO  - Watchdog has been checked: 0 passed
08.08.2014 02:47:23,221 - INFO  - Watchdog has been checked: 0 passed
08.08.2014 02:49:23,206 - INFO  - Watchdog has been checked: 0 passed
08.08.2014 02:51:23,216 - INFO  - Watchdog has been checked: 0 passed
08.08.2014 02:53:23,205 - INFO  - Watchdog has been checked: 0 passed
08.08.2014 02:55:23,095 - INFO  - Watchdog has been checked: 0 passed
08.08.2014 02:57:23,133 - INFO  - Watchdog has been checked: 0 passed
08.08.2014 02:59:23,051 - INFO  - Watchdog has been checked: 0 passed
08.08.2014 03:01:23,881 - INFO  - Watchdog has been checked: 0 passed
08.08.2014 03:03:23,307 - INFO  - Watchdog has been checked: 0 passed
08.08.2014 03:05:23,290 - INFO  - Watchdog has been checked: 0 passed
08.08.2014 03:07:24,235 - INFO  - Watchdog has been checked: 0 passed
08.08.2014 03:09:24,341 - INFO  - Watchdog has been checked: 0 passed
08.08.2014 03:11:24,389 - INFO  - Watchdog has been checked: 0 passed
08.08.2014 03:13:24,196 - INFO  - Watchdog has been checked: 0 passed
08.08.2014 03:15:24,214 - INFO  - Watchdog has been checked: 0 passed
08.08.2014 03:17:24,345 - INFO  - Watchdog has been checked: 0 passed
08.08.2014 03:19:24,158 - INFO  - Watchdog has been checked: 0 passed
08.08.2014 03:21:24,256 - INFO  - Watchdog has been checked: 0 passed
08.08.2014 03:23:24,041 - INFO  - Watchdog has been checked: 0 passed
08.08.2014 03:25:24,059 - INFO  - Watchdog has been checked: 0 passed
08.08.2014 03:27:24,246 - INFO  - Watchdog has been checked: 0 passed
08.08.2014 03:29:25,779 - INFO  - Watchdog has been checked: 0 passed
08.08.2014 03:31:25,202 - INFO  - Watchdog has been checked: 0 passed
08.08.2014 03:33:25,238 - INFO  - Watchdog has been checked: 0 passed
08.08.2014 03:35:25,022 - INFO  - Watchdog has been checked: 0 passed
08.08.2014 03:37:25,177 - INFO  - Watchdog has been checked: 0 passed
08.08.2014 03:39:25,202 - INFO  - Watchdog has been checked: 0 passed
08.08.2014 03:41:25,090 - INFO  - Watchdog has been checked: 0 passed
08.08.2014 03:43:25,080 - INFO  - Watchdog has been checked: 0 passed
08.08.2014 03:45:25,121 - INFO  - Watchdog has been checked: 0 passed
08.08.2014 03:47:24,958 - INFO  - Watchdog has been checked: 0 passed
08.08.2014 03:49:25,016 - INFO  - Watchdog has been checked: 0 passed
08.08.2014 03:51:23,932 - INFO  - Watchdog has been checked: 0 passed
08.08.2014 03:53:23,189 - INFO  - Watchdog has been checked: 0 passed
08.08.2014 03:55:23,024 - INFO  - Watchdog has been checked: 0 passed
08.08.2014 03:57:23,182 - INFO  - Watchdog has been checked: 0 passed
08.08.2014 03:59:23,275 - INFO  - Watchdog has been checked: 0 passed
08.08.2014 04:01:23,217 - INFO  - Watchdog has been checked: 0 passed
08.08.2014 04:03:23,183 - INFO  - Watchdog has been checked: 0 passed
08.08.2014 04:05:23,239 - INFO  - Watchdog has been checked: 0 passed
08.08.2014 04:07:23,093 - INFO  - Watchdog has been checked: 0 passed
08.08.2014 04:09:23,164 - INFO  - Watchdog has been checked: 0 passed
08.08.2014 04:11:23,137 - INFO  - Watchdog has been checked: 0 passed
08.08.2014 04:13:23,100 - INFO  - Watchdog has been checked: 0 passed
08.08.2014 04:15:23,218 - INFO  - Watchdog has been checked: 0 passed
08.08.2014 04:17:23,093 - INFO  - Watchdog has been checked: 0 passed
08.08.2014 04:19:23,071 - INFO  - Watchdog has been checked: 0 passed
08.08.2014 04:21:23,099 - INFO  - Watchdog has been checked: 0 passed
08.08.2014 04:23:23,272 - INFO  - Watchdog has been checked: 0 passed
08.08.2014 04:25:23,220 - INFO  - Watchdog has been checked: 0 passed
08.08.2014 04:27:23,308 - INFO  - Watchdog has been checked: 0 passed
08.08.2014 04:29:23,269 - INFO  - Watchdog has been checked: 0 passed
08.08.2014 04:31:23,252 - INFO  - Watchdog has been checked: 0 passed
08.08.2014 04:33:23,099 - INFO  - Watchdog has been checked: 0 passed
08.08.2014 04:35:22,186 - INFO  - Watchdog has been checked: 0 passed
08.08.2014 04:37:22,285 - INFO  - Watchdog has been checked: 0 passed
08.08.2014 04:39:22,222 - INFO  - Watchdog has been checked: 0 passed
08.08.2014 04:41:22,298 - INFO  - Watchdog has been checked: 0 passed
08.08.2014 04:43:22,205 - INFO  - Watchdog has been checked: 0 passed
08.08.2014 04:45:22,255 - INFO  - Watchdog has been checked: 0 passed
08.08.2014 04:47:22,146 - INFO  - Watchdog has been checked: 0 passed
08.08.2014 04:49:22,320 - INFO  - Watchdog has been checked: 0 passed
08.08.2014 04:51:22,114 - INFO  - Watchdog has been checked: 0 passed
08.08.2014 04:53:22,220 - INFO  - Watchdog has been checked: 0 passed
08.08.2014 04:55:22,266 - INFO  - Watchdog has been checked: 0 passed
08.08.2014 04:57:22,160 - INFO  - Watchdog has been checked: 0 passed
08.08.2014 04:59:22,068 - INFO  - Watchdog has been checked: 0 passed
08.08.2014 05:01:22,149 - INFO  - Watchdog has been checked: 0 passed
08.08.2014 05:03:22,015 - INFO  - Watchdog has been checked: 0 passed
08.08.2014 05:05:22,007 - INFO  - Watchdog has been checked: 0 passed
08.08.2014 05:07:21,977 - INFO  - Watchdog has been checked: 0 passed
08.08.2014 05:09:22,117 - INFO  - Watchdog has been checked: 0 passed
08.08.2014 05:11:22,163 - INFO  - Watchdog has been checked: 0 passed
08.08.2014 05:13:22,097 - INFO  - Watchdog has been checked: 0 passed
08.08.2014 05:15:22,099 - INFO  - Watchdog has been checked: 0 passed
08.08.2014 05:17:22,056 - INFO  - Watchdog has been checked: 0 passed
08.08.2014 05:19:21,939 - INFO  - Watchdog has been checked: 0 passed
08.08.2014 05:21:22,182 - INFO  - Watchdog has been checked: 0 passed
08.08.2014 05:23:22,140 - INFO  - Watchdog has been checked: 0 passed
08.08.2014 05:25:22,110 - INFO  - Watchdog has been checked: 0 passed
08.08.2014 05:27:22,079 - INFO  - Watchdog has been checked: 0 passed
08.08.2014 05:29:22,068 - INFO  - Watchdog has been checked: 0 passed
08.08.2014 05:31:22,123 - INFO  - Watchdog has been checked: 0 passed
08.08.2014 05:33:22,116 - INFO  - Watchdog has been checked: 0 passed
08.08.2014 05:35:22,098 - INFO  - Watchdog has been checked: 0 passed
08.08.2014 05:37:22,308 - INFO  - Watchdog has been checked: 0 passed
08.08.2014 05:39:22,249 - INFO  - Watchdog has been checked: 0 passed
08.08.2014 05:41:22,196 - INFO  - Watchdog has been checked: 0 passed
08.08.2014 05:43:22,213 - INFO  - Watchdog has been checked: 0 passed
08.08.2014 05:45:22,282 - INFO  - Watchdog has been checked: 0 passed
08.08.2014 05:47:22,278 - INFO  - Watchdog has been checked: 0 passed
08.08.2014 05:49:22,255 - INFO  - Watchdog has been checked: 0 passed
08.08.2014 05:51:22,192 - INFO  - Watchdog has been checked: 0 passed
08.08.2014 05:53:22,185 - INFO  - Watchdog has been checked: 0 passed
08.08.2014 05:55:22,202 - INFO  - Watchdog has been checked: 0 passed
08.08.2014 05:57:22,334 - INFO  - Watchdog has been checked: 0 passed
08.08.2014 05:59:22,293 - INFO  - Watchdog has been checked: 0 passed
08.08.2014 06:01:22,240 - INFO  - Watchdog has been checked: 0 passed
08.08.2014 06:03:22,228 - INFO  - Watchdog has been checked: 0 passed
08.08.2014 06:05:22,214 - INFO  - Watchdog has been checked: 0 passed
08.08.2014 06:07:22,307 - INFO  - Watchdog has been checked: 0 passed
08.08.2014 06:09:22,347 - INFO  - Watchdog has been checked: 0 passed
08.08.2014 06:11:22,232 - INFO  - Watchdog has been checked: 0 passed
08.08.2014 06:13:22,161 - INFO  - Watchdog has been checked: 0 passed
08.08.2014 06:15:01,712 - INFO  - mapping file sync started
08.08.2014 06:15:02,545 - INFO  - file successfully updated
08.08.2014 06:15:22,167 - INFO  - Watchdog has been checked: 0 passed
08.08.2014 06:17:22,239 - INFO  - Watchdog has been checked: 0 passed
08.08.2014 06:19:22,070 - INFO  - Watchdog has been checked: 0 passed
08.08.2014 06:21:21,918 - INFO  - Watchdog has been checked: 0 passed
08.08.2014 06:23:21,112 - INFO  - Watchdog has been checked: 0 passed
08.08.2014 06:25:21,152 - INFO  - Watchdog has been checked: 0 passed
08.08.2014 06:27:20,982 - INFO  - Watchdog has been checked: 0 passed
08.08.2014 06:29:20,079 - INFO  - Watchdog has been checked: 0 passed
08.08.2014 06:31:20,081 - INFO  - Watchdog has been checked: 0 passed
08.08.2014 06:33:20,059 - INFO  - Watchdog has been checked: 0 passed
08.08.2014 06:35:20,171 - INFO  - Watchdog has been checked: 0 passed
08.08.2014 06:37:20,025 - INFO  - Watchdog has been checked: 0 passed
08.08.2014 06:39:19,022 - INFO  - Watchdog has been checked: 0 passed
08.08.2014 06:41:18,012 - INFO  - Watchdog has been checked: 0 passed
08.08.2014 06:43:18,177 - INFO  - Watchdog has been checked: 0 passed
08.08.2014 06:45:18,037 - INFO  - Watchdog has been checked: 0 passed
08.08.2014 06:47:18,345 - INFO  - Watchdog has been checked: 0 passed
08.08.2014 06:49:18,102 - INFO  - Watchdog has been checked: 0 passed
08.08.2014 06:51:18,129 - INFO  - Watchdog has been checked: 0 passed
08.08.2014 06:53:18,137 - INFO  - Watchdog has been checked: 0 passed
08.08.2014 06:55:18,271 - INFO  - Watchdog has been checked: 0 passed
08.08.2014 06:57:18,617 - INFO  - Watchdog has been checked: 0 passed
08.08.2014 06:59:18,355 - INFO  - Watchdog has been checked: 0 passed
08.08.2014 07:01:18,109 - INFO  - Watchdog has been checked: 0 passed
08.08.2014 07:03:18,324 - INFO  - Watchdog has been checked: 0 passed
08.08.2014 07:05:18,159 - INFO  - Watchdog has been checked: 0 passed
08.08.2014 07:07:18,467 - INFO  - Watchdog has been checked: 0 passed
08.08.2014 07:09:18,177 - INFO  - Watchdog has been checked: 0 passed
08.08.2014 07:11:18,222 - INFO  - Watchdog has been checked: 0 passed
08.08.2014 07:13:18,163 - INFO  - Watchdog has been checked: 0 passed
08.08.2014 07:15:01,758 - INFO  - mapping file sync started
08.08.2014 07:15:02,309 - INFO  - file successfully updated
08.08.2014 07:15:18,254 - INFO  - Watchdog has been checked: 0 passed
08.08.2014 07:17:18,716 - INFO  - Watchdog has been checked: 0 passed
08.08.2014 07:19:18,145 - INFO  - Watchdog has been checked: 0 passed
08.08.2014 07:21:18,307 - INFO  - Watchdog has been checked: 0 passed
08.08.2014 07:23:18,183 - INFO  - Watchdog has been checked: 0 passed
08.08.2014 07:25:18,404 - INFO  - Watchdog has been checked: 0 passed
08.08.2014 07:27:18,473 - INFO  - Watchdog has been checked: 0 passed
08.08.2014 07:29:18,203 - INFO  - Watchdog has been checked: 0 passed
08.08.2014 07:31:18,313 - INFO  - Watchdog has been checked: 0 passed
08.08.2014 07:33:18,192 - INFO  - Watchdog has been checked: 0 passed
08.08.2014 07:35:18,172 - INFO  - Watchdog has been checked: 0 passed
08.08.2014 07:37:18,513 - INFO  - Watchdog has been checked: 0 passed
08.08.2014 07:39:18,230 - INFO  - Watchdog has been checked: 0 passed
08.08.2014 07:41:18,100 - INFO  - Watchdog has been checked: 0 passed
08.08.2014 07:43:17,088 - INFO  - Watchdog has been checked: 0 passed
08.08.2014 07:45:16,073 - INFO  - Watchdog has been checked: 0 passed
08.08.2014 07:47:15,175 - INFO  - Watchdog has been checked: 0 passed
08.08.2014 07:49:15,183 - INFO  - Watchdog has been checked: 0 passed
08.08.2014 07:51:18,180 - INFO  - Watchdog has been checked: 0 passed
08.08.2014 07:53:18,151 - INFO  - Watchdog has been checked: 0 passed
08.08.2014 07:55:18,124 - INFO  - Watchdog has been checked: 0 passed
08.08.2014 07:57:18,327 - INFO  - Watchdog has been checked: 0 passed
08.08.2014 07:59:18,254 - INFO  - Watchdog has been checked: 0 passed
08.08.2014 08:01:18,212 - INFO  - Watchdog has been checked: 0 passed
08.08.2014 08:03:18,176 - INFO  - Watchdog has been checked: 0 passed
08.08.2014 08:05:18,121 - INFO  - Watchdog has been checked: 0 passed
08.08.2014 08:07:18,312 - INFO  - Watchdog has been checked: 0 passed
08.08.2014 08:09:18,231 - INFO  - Watchdog has been checked: 0 passed
08.08.2014 08:11:18,550 - INFO  - Watchdog has been checked: 0 passed
08.08.2014 08:13:18,101 - INFO  - Watchdog has been checked: 0 passed
08.08.2014 08:15:18,073 - INFO  - Watchdog has been checked: 0 passed
08.08.2014 08:17:18,364 - INFO  - Watchdog has been checked: 0 passed
08.08.2014 08:19:18,205 - INFO  - Watchdog has been checked: 0 passed
08.08.2014 08:21:18,288 - INFO  - Watchdog has been checked: 0 passed
08.08.2014 08:23:18,152 - INFO  - Watchdog has been checked: 0 passed
08.08.2014 08:25:18,151 - INFO  - Watchdog has been checked: 0 passed
08.08.2014 08:27:18,269 - INFO  - Watchdog has been checked: 0 passed
08.08.2014 08:29:18,286 - INFO  - Watchdog has been checked: 0 passed
08.08.2014 08:31:18,547 - INFO  - Watchdog has been checked: 0 passed
08.08.2014 08:33:18,171 - INFO  - Watchdog has been checked: 0 passed
08.08.2014 08:35:18,149 - INFO  - Watchdog has been checked: 0 passed
08.08.2014 08:37:18,298 - INFO  - Watchdog has been checked: 0 passed
08.08.2014 08:39:18,063 - INFO  - Watchdog has been checked: 0 passed
08.08.2014 08:41:18,502 - INFO  - Watchdog has been checked: 0 passed
08.08.2014 08:43:18,251 - INFO  - Watchdog has been checked: 0 passed
08.08.2014 08:45:18,265 - INFO  - Watchdog has been checked: 0 passed
08.08.2014 08:47:18,591 - INFO  - Watchdog has been checked: 0 passed
08.08.2014 08:49:18,120 - INFO  - Watchdog has been checked: 0 passed
08.08.2014 08:51:18,615 - INFO  - Watchdog has been checked: 0 passed
08.08.2014 08:53:18,223 - INFO  - Watchdog has been checked: 0 passed
08.08.2014 08:55:18,210 - INFO  - Watchdog has been checked: 0 passed
08.08.2014 08:57:19,065 - INFO  - Watchdog has been checked: 0 passed
08.08.2014 08:59:19,161 - INFO  - Watchdog has been checked: 0 passed
08.08.2014 09:01:19,089 - INFO  - Watchdog has been checked: 0 passed
08.08.2014 09:03:19,254 - INFO  - Watchdog has been checked: 0 passed
08.08.2014 09:05:19,200 - INFO  - Watchdog has been checked: 0 passed
08.08.2014 09:07:19,259 - INFO  - Watchdog has been checked: 0 passed
08.08.2014 09:09:19,258 - INFO  - Watchdog has been checked: 0 passed
08.08.2014 09:11:19,157 - INFO  - Watchdog has been checked: 0 passed
08.08.2014 09:13:19,285 - INFO  - Watchdog has been checked: 0 passed
08.08.2014 09:15:19,077 - INFO  - Watchdog has been checked: 0 passed
08.08.2014 09:17:19,099 - INFO  - Watchdog has been checked: 0 passed
08.08.2014 09:19:18,169 - INFO  - Watchdog has been checked: 0 passed
08.08.2014 09:21:18,311 - INFO  - Watchdog has been checked: 0 passed
08.08.2014 09:23:18,044 - INFO  - Watchdog has been checked: 0 passed
08.08.2014 09:25:17,139 - INFO  - Watchdog has been checked: 0 passed
08.08.2014 09:27:17,130 - INFO  - Watchdog has been checked: 0 passed
08.08.2014 09:29:17,225 - INFO  - Watchdog has been checked: 0 passed
08.08.2014 09:31:17,258 - INFO  - Watchdog has been checked: 0 passed
08.08.2014 09:33:17,117 - INFO  - Watchdog has been checked: 0 passed
08.08.2014 09:35:17,262 - INFO  - Watchdog has been checked: 0 passed
08.08.2014 09:37:17,205 - INFO  - Watchdog has been checked: 0 passed
08.08.2014 09:39:17,278 - INFO  - Watchdog has been checked: 0 passed
08.08.2014 09:41:17,088 - INFO  - Watchdog has been checked: 0 passed
08.08.2014 09:43:17,170 - INFO  - Watchdog has been checked: 0 passed
08.08.2014 09:45:16,980 - INFO  - Watchdog has been checked: 0 passed
08.08.2014 09:47:16,000 - INFO  - Watchdog has been checked: 0 passed
08.08.2014 09:49:15,887 - INFO  - Watchdog has been checked: 0 passed
08.08.2014 09:51:15,005 - INFO  - Watchdog has been checked: 0 passed
08.08.2014 09:53:14,891 - INFO  - Watchdog has been checked: 0 passed
08.08.2014 09:55:16,436 - INFO  - Watchdog has been checked: 0 passed
08.08.2014 09:57:16,072 - INFO  - Watchdog has been checked: 0 passed
08.08.2014 09:59:16,053 - INFO  - Watchdog has been checked: 0 passed
08.08.2014 10:01:15,992 - INFO  - Watchdog has been checked: 0 passed
08.08.2014 10:03:15,142 - INFO  - Watchdog has been checked: 0 passed
08.08.2014 10:05:15,221 - INFO  - Watchdog has been checked: 0 passed
08.08.2014 10:07:15,146 - INFO  - Watchdog has been checked: 0 passed
08.08.2014 10:09:14,198 - INFO  - Watchdog has been checked: 0 passed
08.08.2014 10:11:14,427 - INFO  - Watchdog has been checked: 0 passed
08.08.2014 10:13:14,309 - INFO  - Watchdog has been checked: 0 passed
08.08.2014 10:15:18,316 - INFO  - Watchdog has been checked: 0 passed
08.08.2014 10:17:18,597 - INFO  - Watchdog has been checked: 0 passed
08.08.2014 10:19:18,196 - INFO  - Watchdog has been checked: 0 passed
08.08.2014 10:21:18,207 - INFO  - Watchdog has been checked: 0 passed
08.08.2014 10:23:18,173 - INFO  - Watchdog has been checked: 0 passed
08.08.2014 10:25:18,160 - INFO  - Watchdog has been checked: 0 passed
08.08.2014 10:27:18,381 - INFO  - Watchdog has been checked: 0 passed
08.08.2014 10:29:18,326 - INFO  - Watchdog has been checked: 0 passed
08.08.2014 10:31:18,332 - INFO  - Watchdog has been checked: 0 passed
08.08.2014 10:33:18,361 - INFO  - Watchdog has been checked: 0 passed
08.08.2014 10:35:18,300 - INFO  - Watchdog has been checked: 0 passed
08.08.2014 10:37:18,469 - INFO  - Watchdog has been checked: 0 passed
08.08.2014 10:39:18,329 - INFO  - Watchdog has been checked: 0 passed
08.08.2014 10:41:18,303 - INFO  - Watchdog has been checked: 0 passed
08.08.2014 10:43:18,274 - INFO  - Watchdog has been checked: 0 passed
08.08.2014 10:43:21,595 - INFO  - searcher identified --- respT: 25ms, 5386 results, web:(PSIWeb), q=, 
08.08.2014 10:43:25,138 - INFO  - searcher identified --- respT: 30ms, 22 results, web:(PSIWeb), q=kurs, 
08.08.2014 10:44:35,280 - INFO  - searcher identified --- respT: 18ms, 418 results, web:(PSIWeb), q=alfresco, 
08.08.2014 10:44:46,679 - INFO  - searcher identified --- respT: 26ms, 132 results, web:(PSIWeb), author:AndreLichtsteiner, q=alfresco, 
08.08.2014 10:44:49,646 - INFO  - searcher identified --- respT: 18ms, 35 results, web:(PSIWeb), date:[NOW-2MONTH TO NOW], author:AndreLichtsteiner, q=alfresco, 
08.08.2014 10:45:05,765 - INFO  - searcher identified --- respT: 16ms, 35 results, web:(PSIWeb), date:[NOW-2MONTH TO NOW], author:AndreLichtsteiner, q=alfresco, page turned
08.08.2014 10:45:18,249 - INFO  - Watchdog has been checked: 0 passed
08.08.2014 10:47:18,438 - INFO  - Watchdog has been checked: 0 passed
08.08.2014 10:49:18,160 - INFO  - Watchdog has been checked: 0 passed
08.08.2014 10:51:18,483 - INFO  - Watchdog has been checked: 0 passed
08.08.2014 10:53:18,335 - INFO  - Watchdog has been checked: 0 passed
08.08.2014 10:55:18,296 - INFO  - Watchdog has been checked: 0 passed
08.08.2014 10:57:18,381 - INFO  - Watchdog has been checked: 0 passed
08.08.2014 10:59:18,078 - INFO  - Watchdog has been checked: 0 passed
08.08.2014 11:01:18,492 - INFO  - Watchdog has been checked: 0 passed
08.08.2014 11:03:18,286 - INFO  - Watchdog has been checked: 0 passed
08.08.2014 11:05:18,206 - INFO  - Watchdog has been checked: 0 passed
08.08.2014 11:07:18,301 - INFO  - Watchdog has been checked: 0 passed
08.08.2014 11:09:18,024 - INFO  - Watchdog has been checked: 0 passed
08.08.2014 11:11:18,342 - INFO  - Watchdog has been checked: 0 passed
08.08.2014 11:13:18,140 - INFO  - Watchdog has been checked: 0 passed
08.08.2014 11:15:17,952 - INFO  - Watchdog has been checked: 0 passed
08.08.2014 11:17:18,200 - INFO  - Watchdog has been checked: 0 passed
08.08.2014 11:19:18,134 - INFO  - Watchdog has been checked: 0 passed
08.08.2014 11:21:18,313 - INFO  - Watchdog has been checked: 0 passed
08.08.2014 11:23:18,010 - INFO  - Watchdog has been checked: 0 passed
08.08.2014 11:25:17,049 - INFO  - Watchdog has been checked: 0 passed
08.08.2014 11:27:17,006 - INFO  - Watchdog has been checked: 0 passed
08.08.2014 11:29:16,175 - INFO  - Watchdog has been checked: 0 passed
08.08.2014 11:31:16,110 - INFO  - Watchdog has been checked: 0 passed
08.08.2014 11:33:16,039 - INFO  - Watchdog has been checked: 0 passed
08.08.2014 11:35:16,119 - INFO  - Watchdog has been checked: 0 passed
08.08.2014 11:37:16,132 - INFO  - Watchdog has been checked: 0 passed
08.08.2014 11:39:16,270 - INFO  - Watchdog has been checked: 0 passed
08.08.2014 11:41:16,253 - INFO  - Watchdog has been checked: 0 passed
08.08.2014 11:43:16,288 - INFO  - Watchdog has been checked: 0 passed
08.08.2014 11:45:16,174 - INFO  - Watchdog has been checked: 0 passed
08.08.2014 11:47:16,147 - INFO  - Watchdog has been checked: 0 passed
08.08.2014 11:49:16,306 - INFO  - Watchdog has been checked: 0 passed
08.08.2014 11:51:16,295 - INFO  - Watchdog has been checked: 0 passed
08.08.2014 11:53:16,200 - INFO  - Watchdog has been checked: 0 passed
08.08.2014 11:55:16,195 - INFO  - Watchdog has been checked: 0 passed
08.08.2014 11:57:16,301 - INFO  - Watchdog has been checked: 0 passed
08.08.2014 11:59:16,355 - INFO  - Watchdog has been checked: 0 passed
08.08.2014 12:01:16,397 - INFO  - Watchdog has been checked: 0 passed
08.08.2014 12:03:16,259 - INFO  - Watchdog has been checked: 0 passed
08.08.2014 12:05:16,348 - INFO  - Watchdog has been checked: 0 passed
08.08.2014 12:07:16,407 - INFO  - Watchdog has been checked: 0 passed
08.08.2014 12:09:16,240 - INFO  - Watchdog has been checked: 0 passed
08.08.2014 12:11:16,286 - INFO  - Watchdog has been checked: 0 passed
08.08.2014 12:13:16,158 - INFO  - Watchdog has been checked: 0 passed
08.08.2014 12:15:16,220 - INFO  - Watchdog has been checked: 0 passed
08.08.2014 12:17:16,247 - INFO  - Watchdog has been checked: 0 passed
08.08.2014 12:19:18,261 - INFO  - Watchdog has been checked: 0 passed
08.08.2014 12:21:18,359 - INFO  - Watchdog has been checked: 0 passed
08.08.2014 12:23:18,259 - INFO  - Watchdog has been checked: 0 passed
08.08.2014 12:25:18,343 - INFO  - Watchdog has been checked: 0 passed
08.08.2014 12:27:19,098 - INFO  - Watchdog has been checked: 0 passed
08.08.2014 12:29:19,256 - INFO  - Watchdog has been checked: 0 passed
08.08.2014 12:31:19,117 - INFO  - Watchdog has been checked: 0 passed
08.08.2014 12:33:19,231 - INFO  - Watchdog has been checked: 0 passed
08.08.2014 12:35:19,087 - INFO  - Watchdog has been checked: 0 passed
08.08.2014 12:37:19,113 - INFO  - Watchdog has been checked: 0 passed
08.08.2014 12:39:18,185 - INFO  - Watchdog has been checked: 0 passed
08.08.2014 12:41:17,966 - INFO  - Watchdog has been checked: 0 passed
08.08.2014 12:43:17,141 - INFO  - Watchdog has been checked: 0 passed
08.08.2014 12:45:16,591 - INFO  - Watchdog has been checked: 0 passed
08.08.2014 12:47:15,785 - INFO  - Watchdog has been checked: 0 passed
08.08.2014 12:49:14,805 - INFO  - Watchdog has been checked: 0 passed
08.08.2014 12:51:13,827 - INFO  - Watchdog has been checked: 0 passed
08.08.2014 12:53:12,979 - INFO  - Watchdog has been checked: 0 passed
08.08.2014 12:55:11,961 - INFO  - Watchdog has been checked: 0 passed
08.08.2014 12:57:10,866 - INFO  - Watchdog has been checked: 0 passed
08.08.2014 12:59:09,980 - INFO  - Watchdog has been checked: 0 passed
08.08.2014 13:01:08,840 - INFO  - Watchdog has been checked: 0 passed
08.08.2014 13:03:07,831 - INFO  - Watchdog has been checked: 0 passed
08.08.2014 13:05:06,800 - INFO  - Watchdog has been checked: 0 passed
08.08.2014 13:07:05,944 - INFO  - Watchdog has been checked: 0 passed
08.08.2014 13:09:05,040 - INFO  - Watchdog has been checked: 0 passed
08.08.2014 13:11:07,104 - INFO  - Watchdog has been checked: 0 passed
08.08.2014 13:13:07,085 - INFO  - Watchdog has been checked: 0 passed
08.08.2014 13:15:07,055 - INFO  - Watchdog has been checked: 0 passed
08.08.2014 13:17:07,133 - INFO  - Watchdog has been checked: 0 passed
08.08.2014 13:19:07,235 - INFO  - Watchdog has been checked: 0 passed
08.08.2014 13:21:07,311 - INFO  - Watchdog has been checked: 0 passed
08.08.2014 13:23:07,236 - INFO  - Watchdog has been checked: 0 passed
08.08.2014 13:25:07,203 - INFO  - Watchdog has been checked: 0 passed
08.08.2014 13:27:07,215 - INFO  - Watchdog has been checked: 0 passed
08.08.2014 13:29:07,356 - INFO  - Watchdog has been checked: 0 passed
08.08.2014 13:31:07,349 - INFO  - Watchdog has been checked: 0 passed
08.08.2014 13:33:07,149 - INFO  - Watchdog has been checked: 0 passed
08.08.2014 13:35:07,193 - INFO  - Watchdog has been checked: 0 passed
08.08.2014 13:37:07,181 - INFO  - Watchdog has been checked: 0 passed
08.08.2014 13:39:07,284 - INFO  - Watchdog has been checked: 0 passed
08.08.2014 13:41:07,252 - INFO  - Watchdog has been checked: 0 passed
08.08.2014 13:43:07,231 - INFO  - Watchdog has been checked: 0 passed
08.08.2014 13:45:07,109 - INFO  - Watchdog has been checked: 0 passed
08.08.2014 13:47:08,060 - INFO  - Watchdog has been checked: 0 passed
08.08.2014 13:49:07,240 - INFO  - Watchdog has been checked: 0 passed
08.08.2014 13:50:07,454 - INFO  - searcher identified --- respT: 27ms, 5389 results, web:(PSIWeb), q=, 
08.08.2014 13:50:10,197 - INFO  - searcher identified --- respT: 10ms, no results, web:(PSIWeb), q=not, 
08.08.2014 13:50:11,250 - INFO  - searcher identified --- respT: 13ms, 5 results, q=notseite, 
08.08.2014 13:50:11,591 - INFO  - searcher identified --- respT: 13ms, 5 results, q=notseite, 
08.08.2014 13:51:07,003 - INFO  - Watchdog has been checked: 0 passed
08.08.2014 13:53:06,193 - INFO  - Watchdog has been checked: 0 passed
08.08.2014 13:55:06,028 - INFO  - Watchdog has been checked: 0 passed
08.08.2014 13:57:04,979 - INFO  - Watchdog has been checked: 0 passed
08.08.2014 13:59:04,107 - INFO  - Watchdog has been checked: 0 passed
08.08.2014 14:01:03,009 - INFO  - Watchdog has been checked: 0 passed
08.08.2014 14:03:02,182 - INFO  - Watchdog has been checked: 0 passed
08.08.2014 14:05:02,155 - INFO  - Watchdog has been checked: 0 passed
08.08.2014 14:07:02,152 - INFO  - Watchdog has been checked: 0 passed
08.08.2014 14:09:02,248 - INFO  - Watchdog has been checked: 0 passed
08.08.2014 14:11:02,206 - INFO  - Watchdog has been checked: 0 passed
08.08.2014 14:13:02,154 - INFO  - Watchdog has been checked: 0 passed
08.08.2014 14:15:02,248 - INFO  - Watchdog has been checked: 0 passed
08.08.2014 14:17:02,265 - INFO  - Watchdog has been checked: 0 passed
08.08.2014 14:19:02,099 - INFO  - Watchdog has been checked: 0 passed
08.08.2014 14:21:01,122 - INFO  - Watchdog has been checked: 0 passed
08.08.2014 14:23:01,046 - INFO  - Watchdog has been checked: 0 passed
08.08.2014 14:25:01,159 - INFO  - Watchdog has been checked: 0 passed
08.08.2014 14:27:01,165 - INFO  - Watchdog has been checked: 0 passed
08.08.2014 14:29:01,280 - INFO  - Watchdog has been checked: 0 passed
08.08.2014 14:31:01,176 - INFO  - Watchdog has been checked: 0 passed
08.08.2014 14:33:01,341 - INFO  - Watchdog has been checked: 0 passed
08.08.2014 14:35:01,205 - INFO  - Watchdog has been checked: 0 passed
08.08.2014 14:37:01,242 - INFO  - Watchdog has been checked: 0 passed
08.08.2014 14:39:01,241 - INFO  - Watchdog has been checked: 0 passed
08.08.2014 14:41:01,272 - INFO  - Watchdog has been checked: 0 passed
08.08.2014 14:43:01,153 - INFO  - Watchdog has been checked: 0 passed
08.08.2014 14:45:01,227 - INFO  - Watchdog has been checked: 0 passed
08.08.2014 14:47:01,251 - INFO  - Watchdog has been checked: 0 passed
08.08.2014 14:49:01,042 - INFO  - Watchdog has been checked: 0 passed
08.08.2014 14:51:01,091 - INFO  - Watchdog has been checked: 0 passed
08.08.2014 14:53:01,250 - INFO  - Watchdog has been checked: 0 passed
08.08.2014 14:55:01,033 - INFO  - Watchdog has been checked: 0 passed
08.08.2014 14:57:01,099 - INFO  - Watchdog has been checked: 0 passed
08.08.2014 14:59:01,146 - INFO  - Watchdog has been checked: 0 passed
08.08.2014 15:01:00,944 - INFO  - Watchdog has been checked: 0 passed
08.08.2014 15:02:59,982 - INFO  - Watchdog has been checked: 0 passed
08.08.2014 15:04:58,981 - INFO  - Watchdog has been checked: 0 passed
08.08.2014 15:06:58,088 - INFO  - Watchdog has been checked: 0 passed
08.08.2014 15:08:58,125 - INFO  - Watchdog has been checked: 0 passed
08.08.2014 15:10:57,959 - INFO  - Watchdog has been checked: 0 passed
08.08.2014 15:12:57,291 - INFO  - Watchdog has been checked: 0 passed
08.08.2014 15:14:58,200 - INFO  - Watchdog has been checked: 0 passed
08.08.2014 15:16:58,113 - INFO  - Watchdog has been checked: 0 passed
08.08.2014 15:18:57,133 - INFO  - Watchdog has been checked: 0 passed
08.08.2014 15:20:56,122 - INFO  - Watchdog has been checked: 0 passed
08.08.2014 15:22:55,137 - INFO  - Watchdog has been checked: 0 passed
08.08.2014 15:24:55,122 - INFO  - Watchdog has been checked: 0 passed
08.08.2014 15:26:55,225 - INFO  - Watchdog has been checked: 0 passed
08.08.2014 15:28:55,102 - INFO  - Watchdog has been checked: 0 passed
08.08.2014 15:30:54,134 - INFO  - Watchdog has been checked: 0 passed
08.08.2014 15:32:54,161 - INFO  - Watchdog has been checked: 0 passed
08.08.2014 15:34:54,327 - INFO  - Watchdog has been checked: 0 passed
08.08.2014 15:36:54,175 - INFO  - Watchdog has been checked: 0 passed
08.08.2014 15:38:54,208 - INFO  - Watchdog has been checked: 0 passed
08.08.2014 15:40:56,314 - INFO  - Watchdog has been checked: 0 passed
08.08.2014 15:42:56,168 - INFO  - Watchdog has been checked: 0 passed
08.08.2014 15:44:56,130 - INFO  - Watchdog has been checked: 0 passed
08.08.2014 15:46:56,218 - INFO  - Watchdog has been checked: 0 passed
08.08.2014 15:48:56,280 - INFO  - Watchdog has been checked: 0 passed
08.08.2014 15:50:56,235 - INFO  - Watchdog has been checked: 0 passed
08.08.2014 15:52:56,247 - INFO  - Watchdog has been checked: 0 passed
08.08.2014 15:54:56,277 - INFO  - Watchdog has been checked: 0 passed
08.08.2014 15:55:35,150 - INFO  - searcher identified --- respT: 28ms, 5390 results, web:(PSIWeb), q=, 
08.08.2014 15:55:39,779 - INFO  - searcher identified --- respT: 20ms, 87 results, web:(PSIWeb), q=interflex, 
08.08.2014 15:55:40,396 - INFO  - searcher identified --- respT: 19ms, 87 results, web:(PSIWeb), q=interflex, 
08.08.2014 15:56:57,259 - INFO  - Watchdog has been checked: 0 passed
08.08.2014 15:58:57,172 - INFO  - Watchdog has been checked: 0 passed
08.08.2014 16:00:57,443 - INFO  - Watchdog has been checked: 0 passed
08.08.2014 16:02:57,401 - INFO  - Watchdog has been checked: 0 passed
08.08.2014 16:04:57,368 - INFO  - Watchdog has been checked: 0 passed
08.08.2014 16:06:57,468 - INFO  - Watchdog has been checked: 0 passed
08.08.2014 16:08:57,337 - INFO  - Watchdog has been checked: 0 passed
08.08.2014 16:10:57,296 - INFO  - Watchdog has been checked: 0 passed
08.08.2014 16:12:57,333 - INFO  - Watchdog has been checked: 0 passed
08.08.2014 16:14:57,309 - INFO  - Watchdog has been checked: 0 passed
08.08.2014 16:16:58,287 - INFO  - Watchdog has been checked: 0 passed
08.08.2014 16:18:58,399 - INFO  - Watchdog has been checked: 0 passed
08.08.2014 16:20:58,270 - INFO  - Watchdog has been checked: 0 passed
08.08.2014 16:22:58,271 - INFO  - Watchdog has been checked: 0 passed
08.08.2014 16:24:58,307 - INFO  - Watchdog has been checked: 0 passed
08.08.2014 16:26:58,115 - INFO  - Watchdog has been checked: 0 passed
08.08.2014 16:28:58,156 - INFO  - Watchdog has been checked: 0 passed
08.08.2014 16:30:58,128 - INFO  - Watchdog has been checked: 0 passed
08.08.2014 16:32:58,094 - INFO  - Watchdog has been checked: 0 passed
08.08.2014 16:34:56,917 - INFO  - Watchdog has been checked: 0 passed
08.08.2014 16:36:55,897 - INFO  - Watchdog has been checked: 0 passed
08.08.2014 16:38:55,082 - INFO  - Watchdog has been checked: 0 passed
08.08.2014 16:40:54,032 - INFO  - Watchdog has been checked: 0 passed
08.08.2014 16:42:53,169 - INFO  - Watchdog has been checked: 0 passed
08.08.2014 16:44:52,993 - INFO  - Watchdog has been checked: 0 passed
08.08.2014 16:46:52,011 - INFO  - Watchdog has been checked: 0 passed
08.08.2014 16:48:51,147 - INFO  - Watchdog has been checked: 0 passed
08.08.2014 16:50:51,130 - INFO  - Watchdog has been checked: 0 passed
08.08.2014 16:52:51,085 - INFO  - Watchdog has been checked: 0 passed
08.08.2014 16:54:51,142 - INFO  - Watchdog has been checked: 0 passed
08.08.2014 16:56:51,142 - INFO  - Watchdog has been checked: 0 passed
08.08.2014 16:58:51,212 - INFO  - Watchdog has been checked: 0 passed
08.08.2014 17:00:51,245 - INFO  - Watchdog has been checked: 0 passed
08.08.2014 17:02:51,181 - INFO  - Watchdog has been checked: 0 passed
08.08.2014 17:04:51,260 - INFO  - Watchdog has been checked: 0 passed
08.08.2014 17:06:51,333 - INFO  - Watchdog has been checked: 0 passed
08.08.2014 17:08:51,094 - INFO  - Watchdog has been checked: 0 passed
08.08.2014 17:10:51,149 - INFO  - Watchdog has been checked: 0 passed
08.08.2014 17:12:51,323 - INFO  - Watchdog has been checked: 0 passed
08.08.2014 17:14:51,187 - INFO  - Watchdog has been checked: 0 passed
08.08.2014 17:16:51,161 - INFO  - Watchdog has been checked: 0 passed
08.08.2014 17:18:51,259 - INFO  - Watchdog has been checked: 0 passed
08.08.2014 17:20:51,304 - INFO  - Watchdog has been checked: 0 passed
08.08.2014 17:22:51,208 - INFO  - Watchdog has been checked: 0 passed
08.08.2014 17:24:51,214 - INFO  - Watchdog has been checked: 0 passed
08.08.2014 17:26:51,289 - INFO  - Watchdog has been checked: 0 passed
08.08.2014 17:28:50,987 - INFO  - Watchdog has been checked: 0 passed
08.08.2014 17:30:50,122 - INFO  - Watchdog has been checked: 0 passed
08.08.2014 17:32:50,299 - INFO  - Watchdog has been checked: 0 passed
08.08.2014 17:34:50,085 - INFO  - Watchdog has been checked: 0 passed
08.08.2014 17:36:50,208 - INFO  - Watchdog has been checked: 0 passed
08.08.2014 17:38:50,214 - INFO  - Watchdog has been checked: 0 passed
08.08.2014 17:40:50,290 - INFO  - Watchdog has been checked: 0 passed
08.08.2014 17:42:50,192 - INFO  - Watchdog has been checked: 0 passed
08.08.2014 17:44:50,202 - INFO  - Watchdog has been checked: 0 passed
08.08.2014 17:46:50,079 - INFO  - Watchdog has been checked: 0 passed
08.08.2014 17:48:50,124 - INFO  - Watchdog has been checked: 0 passed
08.08.2014 17:50:50,148 - INFO  - Watchdog has been checked: 0 passed
08.08.2014 17:52:50,085 - INFO  - Watchdog has been checked: 0 passed
08.08.2014 17:54:49,277 - INFO  - Watchdog has been checked: 0 passed
08.08.2014 17:56:49,099 - INFO  - Watchdog has been checked: 0 passed
08.08.2014 17:58:49,123 - INFO  - Watchdog has been checked: 0 passed
08.08.2014 18:00:49,127 - INFO  - Watchdog has been checked: 0 passed
08.08.2014 18:02:49,096 - INFO  - Watchdog has been checked: 0 passed
08.08.2014 18:04:49,322 - INFO  - Watchdog has been checked: 0 passed
08.08.2014 18:06:49,234 - INFO  - Watchdog has been checked: 0 passed
08.08.2014 18:08:49,297 - INFO  - Watchdog has been checked: 0 passed
08.08.2014 18:10:49,293 - INFO  - Watchdog has been checked: 0 passed
08.08.2014 18:12:49,265 - INFO  - Watchdog has been checked: 0 passed
08.08.2014 18:14:49,238 - INFO  - Watchdog has been checked: 0 passed
08.08.2014 18:16:49,340 - INFO  - Watchdog has been checked: 0 passed
08.08.2014 18:18:49,102 - INFO  - Watchdog has been checked: 0 passed
08.08.2014 18:20:48,362 - INFO  - Watchdog has been checked: 0 passed
08.08.2014 18:22:48,030 - INFO  - Watchdog has been checked: 0 passed
08.08.2014 18:24:47,036 - INFO  - Watchdog has been checked: 0 passed
08.08.2014 18:26:46,413 - INFO  - Watchdog has been checked: 0 passed
08.08.2014 18:28:46,158 - INFO  - Watchdog has been checked: 0 passed
08.08.2014 18:30:46,126 - INFO  - Watchdog has been checked: 0 passed
08.08.2014 18:32:46,172 - INFO  - Watchdog has been checked: 0 passed
08.08.2014 18:34:46,155 - INFO  - Watchdog has been checked: 0 passed
08.08.2014 18:36:46,165 - INFO  - Watchdog has been checked: 0 passed
08.08.2014 18:38:45,998 - INFO  - Watchdog has been checked: 0 passed
08.08.2014 18:40:46,168 - INFO  - Watchdog has been checked: 0 passed
08.08.2014 18:42:46,190 - INFO  - Watchdog has been checked: 0 passed
08.08.2014 18:44:46,200 - INFO  - Watchdog has been checked: 0 passed
08.08.2014 18:46:48,235 - INFO  - Watchdog has been checked: 0 passed
08.08.2014 18:48:48,138 - INFO  - Watchdog has been checked: 0 passed
08.08.2014 18:50:48,224 - INFO  - Watchdog has been checked: 0 passed
08.08.2014 18:52:48,329 - INFO  - Watchdog has been checked: 0 passed
08.08.2014 18:54:48,153 - INFO  - Watchdog has been checked: 0 passed
08.08.2014 18:56:48,158 - INFO  - Watchdog has been checked: 0 passed
08.08.2014 18:58:48,249 - INFO  - Watchdog has been checked: 0 passed
08.08.2014 19:00:48,273 - INFO  - Watchdog has been checked: 0 passed
08.08.2014 19:02:48,091 - INFO  - Watchdog has been checked: 0 passed
08.08.2014 19:04:48,170 - INFO  - Watchdog has been checked: 0 passed
08.08.2014 19:06:48,285 - INFO  - Watchdog has been checked: 0 passed
08.08.2014 19:08:48,186 - INFO  - Watchdog has been checked: 0 passed
08.08.2014 19:10:48,205 - INFO  - Watchdog has been checked: 0 passed
08.08.2014 19:12:48,313 - INFO  - Watchdog has been checked: 0 passed
08.08.2014 19:14:48,153 - INFO  - Watchdog has been checked: 0 passed
08.08.2014 19:16:48,184 - INFO  - Watchdog has been checked: 0 passed
08.08.2014 19:18:48,274 - INFO  - Watchdog has been checked: 0 passed
08.08.2014 19:20:48,321 - INFO  - Watchdog has been checked: 0 passed
08.08.2014 19:22:48,215 - INFO  - Watchdog has been checked: 0 passed
08.08.2014 19:24:48,114 - INFO  - Watchdog has been checked: 0 passed
08.08.2014 19:26:47,172 - INFO  - Watchdog has been checked: 0 passed
08.08.2014 19:28:47,185 - INFO  - Watchdog has been checked: 0 passed
08.08.2014 19:30:47,285 - INFO  - Watchdog has been checked: 0 passed
08.08.2014 19:32:47,245 - INFO  - Watchdog has been checked: 0 passed
08.08.2014 19:34:47,080 - INFO  - Watchdog has been checked: 0 passed
08.08.2014 19:36:46,059 - INFO  - Watchdog has been checked: 0 passed
08.08.2014 19:38:45,150 - INFO  - Watchdog has been checked: 0 passed
08.08.2014 19:40:45,144 - INFO  - Watchdog has been checked: 0 passed
08.08.2014 19:42:45,050 - INFO  - Watchdog has been checked: 0 passed
08.08.2014 19:44:44,148 - INFO  - Watchdog has been checked: 0 passed
08.08.2014 19:46:44,130 - INFO  - Watchdog has been checked: 0 passed
08.08.2014 19:48:48,209 - INFO  - Watchdog has been checked: 0 passed
08.08.2014 19:50:48,276 - INFO  - Watchdog has been checked: 0 passed
08.08.2014 19:52:48,130 - INFO  - Watchdog has been checked: 0 passed
08.08.2014 19:54:47,203 - INFO  - Watchdog has been checked: 0 passed
08.08.2014 19:56:47,266 - INFO  - Watchdog has been checked: 0 passed
08.08.2014 19:58:47,270 - INFO  - Watchdog has been checked: 0 passed
08.08.2014 20:00:47,133 - INFO  - Watchdog has been checked: 0 passed
08.08.2014 20:02:47,279 - INFO  - Watchdog has been checked: 0 passed
08.08.2014 20:04:47,326 - INFO  - Watchdog has been checked: 0 passed
08.08.2014 20:06:50,162 - INFO  - Watchdog has been checked: 0 passed
08.08.2014 20:08:47,207 - INFO  - Watchdog has been checked: 0 passed
08.08.2014 20:10:47,258 - INFO  - Watchdog has been checked: 0 passed
08.08.2014 20:12:47,160 - INFO  - Watchdog has been checked: 0 passed
08.08.2014 20:14:47,180 - INFO  - Watchdog has been checked: 0 passed
08.08.2014 20:16:47,252 - INFO  - Watchdog has been checked: 0 passed
08.08.2014 20:18:47,301 - INFO  - Watchdog has been checked: 0 passed
08.08.2014 20:20:47,314 - INFO  - Watchdog has been checked: 0 passed
08.08.2014 20:22:47,210 - INFO  - Watchdog has been checked: 0 passed
08.08.2014 20:24:47,243 - INFO  - Watchdog has been checked: 0 passed
08.08.2014 20:26:47,111 - INFO  - Watchdog has been checked: 0 passed
08.08.2014 20:28:47,177 - INFO  - Watchdog has been checked: 0 passed
08.08.2014 20:30:47,821 - INFO  - Watchdog has been checked: 0 passed
08.08.2014 20:32:47,202 - INFO  - Watchdog has been checked: 0 passed
08.08.2014 20:34:47,206 - INFO  - Watchdog has been checked: 0 passed
08.08.2014 20:36:47,176 - INFO  - Watchdog has been checked: 0 passed
08.08.2014 20:38:47,287 - INFO  - Watchdog has been checked: 0 passed
08.08.2014 20:40:47,158 - INFO  - Watchdog has been checked: 0 passed
08.08.2014 20:42:47,229 - INFO  - Watchdog has been checked: 0 passed
08.08.2014 20:44:47,131 - INFO  - Watchdog has been checked: 0 passed
08.08.2014 20:46:47,306 - INFO  - Watchdog has been checked: 0 passed
08.08.2014 20:48:47,086 - INFO  - Watchdog has been checked: 0 passed
08.08.2014 20:50:48,240 - INFO  - Watchdog has been checked: 0 passed
08.08.2014 20:52:48,124 - INFO  - Watchdog has been checked: 0 passed
08.08.2014 20:54:48,240 - INFO  - Watchdog has been checked: 0 passed
08.08.2014 20:56:48,174 - INFO  - Watchdog has been checked: 0 passed
08.08.2014 20:58:48,154 - INFO  - Watchdog has been checked: 0 passed
08.08.2014 21:00:48,334 - INFO  - Watchdog has been checked: 0 passed
08.08.2014 21:02:48,313 - INFO  - Watchdog has been checked: 0 passed
08.08.2014 21:04:48,298 - INFO  - Watchdog has been checked: 0 passed
08.08.2014 21:06:48,266 - INFO  - Watchdog has been checked: 0 passed
08.08.2014 21:08:48,106 - INFO  - Watchdog has been checked: 0 passed
08.08.2014 21:10:47,098 - INFO  - Watchdog has been checked: 0 passed
08.08.2014 21:12:46,304 - INFO  - Watchdog has been checked: 0 passed
08.08.2014 21:14:46,080 - INFO  - Watchdog has been checked: 0 passed
08.08.2014 21:16:47,118 - INFO  - Watchdog has been checked: 0 passed
08.08.2014 21:18:47,248 - INFO  - Watchdog has been checked: 0 passed
08.08.2014 21:20:47,230 - INFO  - Watchdog has been checked: 0 passed
08.08.2014 21:22:47,141 - INFO  - Watchdog has been checked: 0 passed
08.08.2014 21:24:47,231 - INFO  - Watchdog has been checked: 0 passed
08.08.2014 21:26:47,224 - INFO  - Watchdog has been checked: 0 passed
08.08.2014 21:28:47,332 - INFO  - Watchdog has been checked: 0 passed
08.08.2014 21:30:47,280 - INFO  - Watchdog has been checked: 0 passed
08.08.2014 21:32:47,210 - INFO  - Watchdog has been checked: 0 passed
08.08.2014 21:34:47,239 - INFO  - Watchdog has been checked: 0 passed
08.08.2014 21:36:47,255 - INFO  - Watchdog has been checked: 0 passed
08.08.2014 21:38:47,339 - INFO  - Watchdog has been checked: 0 passed
08.08.2014 21:40:47,274 - INFO  - Watchdog has been checked: 0 passed
08.08.2014 21:42:47,204 - INFO  - Watchdog has been checked: 0 passed
08.08.2014 21:44:47,292 - INFO  - Watchdog has been checked: 0 passed
08.08.2014 21:46:47,238 - INFO  - Watchdog has been checked: 0 passed
08.08.2014 21:48:47,382 - INFO  - Watchdog has been checked: 0 passed
08.08.2014 21:50:47,337 - INFO  - Watchdog has been checked: 0 passed
08.08.2014 21:52:47,616 - INFO  - Watchdog has been checked: 0 passed
08.08.2014 21:54:47,253 - INFO  - Watchdog has been checked: 0 passed
08.08.2014 21:56:47,220 - INFO  - Watchdog has been checked: 0 passed
08.08.2014 21:58:47,261 - INFO  - Watchdog has been checked: 0 passed
08.08.2014 22:00:47,233 - INFO  - Watchdog has been checked: 0 passed
08.08.2014 22:02:47,190 - INFO  - Watchdog has been checked: 0 passed
08.08.2014 22:04:47,208 - INFO  - Watchdog has been checked: 0 passed
08.08.2014 22:06:47,241 - INFO  - Watchdog has been checked: 0 passed
08.08.2014 22:08:47,333 - INFO  - Watchdog has been checked: 0 passed
08.08.2014 22:10:47,078 - INFO  - Watchdog has been checked: 0 passed
08.08.2014 22:12:46,177 - INFO  - Watchdog has been checked: 0 passed
08.08.2014 22:14:46,065 - INFO  - Watchdog has been checked: 0 passed
08.08.2014 22:16:45,462 - INFO  - Watchdog has been checked: 0 passed
08.08.2014 22:18:46,073 - INFO  - Watchdog has been checked: 0 passed
08.08.2014 22:20:45,129 - INFO  - Watchdog has been checked: 0 passed
08.08.2014 22:22:44,132 - INFO  - Watchdog has been checked: 0 passed
08.08.2014 22:24:44,240 - INFO  - Watchdog has been checked: 0 passed
08.08.2014 22:26:44,101 - INFO  - Watchdog has been checked: 0 passed
08.08.2014 22:28:44,081 - INFO  - Watchdog has been checked: 0 passed
08.08.2014 22:30:44,231 - INFO  - Watchdog has been checked: 0 passed
08.08.2014 22:32:44,070 - INFO  - Watchdog has been checked: 0 passed
08.08.2014 22:34:45,302 - INFO  - Watchdog has been checked: 0 passed
08.08.2014 22:36:45,125 - INFO  - Watchdog has been checked: 0 passed
08.08.2014 22:38:45,110 - INFO  - Watchdog has been checked: 0 passed
08.08.2014 22:40:44,215 - INFO  - Watchdog has been checked: 0 passed
08.08.2014 22:42:44,115 - INFO  - Watchdog has been checked: 0 passed
08.08.2014 22:44:44,098 - INFO  - Watchdog has been checked: 0 passed
08.08.2014 22:46:44,215 - INFO  - Watchdog has been checked: 0 passed
08.08.2014 22:48:44,223 - INFO  - Watchdog has been checked: 0 passed
08.08.2014 22:50:44,210 - INFO  - Watchdog has been checked: 0 passed
08.08.2014 22:52:44,361 - INFO  - Watchdog has been checked: 0 passed
08.08.2014 22:54:48,437 - INFO  - Watchdog has been checked: 0 passed
08.08.2014 22:56:48,271 - INFO  - Watchdog has been checked: 0 passed
08.08.2014 22:58:48,233 - INFO  - Watchdog has been checked: 0 passed
08.08.2014 23:00:48,189 - INFO  - Watchdog has been checked: 0 passed
08.08.2014 23:02:48,104 - INFO  - Watchdog has been checked: 0 passed
08.08.2014 23:04:48,126 - INFO  - Watchdog has been checked: 0 passed
08.08.2014 23:06:48,271 - INFO  - Watchdog has been checked: 0 passed
08.08.2014 23:08:48,271 - INFO  - Watchdog has been checked: 0 passed
08.08.2014 23:10:48,262 - INFO  - Watchdog has been checked: 0 passed
08.08.2014 23:12:48,251 - INFO  - Watchdog has been checked: 0 passed
08.08.2014 23:14:48,224 - INFO  - Watchdog has been checked: 0 passed
08.08.2014 23:16:48,318 - INFO  - Watchdog has been checked: 0 passed
08.08.2014 23:18:48,332 - INFO  - Watchdog has been checked: 0 passed
08.08.2014 23:20:48,297 - INFO  - Watchdog has been checked: 0 passed
08.08.2014 23:22:48,293 - INFO  - Watchdog has been checked: 0 passed
08.08.2014 23:24:48,274 - INFO  - Watchdog has been checked: 0 passed
08.08.2014 23:26:48,250 - INFO  - Watchdog has been checked: 0 passed
08.08.2014 23:28:48,272 - INFO  - Watchdog has been checked: 0 passed
08.08.2014 23:31:03,386 - INFO  - Watchdog has been checked: 0 passed
08.08.2014 23:31:48,160 - INFO  - Watchdog has been checked: 0 passed
08.08.2014 23:33:47,099 - INFO  - Watchdog has been checked: 0 passed
08.08.2014 23:35:46,090 - INFO  - Watchdog has been checked: 0 passed
08.08.2014 23:37:45,240 - INFO  - Watchdog has been checked: 0 passed
08.08.2014 23:39:45,165 - INFO  - Watchdog has been checked: 0 passed
08.08.2014 23:41:44,120 - INFO  - Watchdog has been checked: 0 passed
08.08.2014 23:43:44,182 - INFO  - Watchdog has been checked: 0 passed
08.08.2014 23:45:44,150 - INFO  - Watchdog has been checked: 0 passed
08.08.2014 23:47:44,354 - INFO  - Watchdog has been checked: 0 passed
08.08.2014 23:49:44,255 - INFO  - Watchdog has been checked: 0 passed
08.08.2014 23:51:45,444 - INFO  - Watchdog has been checked: 0 passed
08.08.2014 23:53:45,199 - INFO  - Watchdog has been checked: 0 passed
08.08.2014 23:55:45,148 - INFO  - Watchdog has been checked: 0 passed
08.08.2014 23:57:45,294 - INFO  - Watchdog has been checked: 0 passed
08.08.2014 23:59:45,231 - INFO  - Watchdog has been checked: 0 passed
