15.09.2014 00:01:06,158 - INFO  - Watchdog has been checked: 0 passed
15.09.2014 00:03:06,232 - INFO  - Watchdog has been checked: 0 passed
15.09.2014 00:05:06,305 - INFO  - Watchdog has been checked: 0 passed
15.09.2014 00:07:07,430 - INFO  - Watchdog has been checked: 0 passed
15.09.2014 00:09:07,283 - INFO  - Watchdog has been checked: 0 passed
15.09.2014 00:11:07,176 - INFO  - Watchdog has been checked: 0 passed
15.09.2014 00:13:06,180 - INFO  - Watchdog has been checked: 0 passed
15.09.2014 00:15:05,201 - INFO  - Watchdog has been checked: 0 passed
15.09.2014 00:17:05,283 - INFO  - Watchdog has been checked: 0 passed
15.09.2014 00:19:05,198 - INFO  - Watchdog has been checked: 0 passed
15.09.2014 00:21:05,257 - INFO  - Watchdog has been checked: 0 passed
15.09.2014 00:23:05,075 - INFO  - Watchdog has been checked: 0 passed
15.09.2014 00:25:05,032 - INFO  - Watchdog has been checked: 0 passed
15.09.2014 00:27:05,156 - INFO  - Watchdog has been checked: 0 passed
15.09.2014 00:29:05,208 - INFO  - Watchdog has been checked: 0 passed
15.09.2014 00:31:05,111 - INFO  - Watchdog has been checked: 0 passed
15.09.2014 00:33:05,102 - INFO  - Watchdog has been checked: 0 passed
15.09.2014 00:35:05,127 - INFO  - Watchdog has been checked: 0 passed
15.09.2014 00:37:05,050 - INFO  - Watchdog has been checked: 0 passed
15.09.2014 00:39:05,213 - INFO  - Watchdog has been checked: 0 passed
15.09.2014 00:41:05,247 - INFO  - Watchdog has been checked: 0 passed
15.09.2014 00:43:05,079 - INFO  - Watchdog has been checked: 0 passed
15.09.2014 00:45:05,070 - INFO  - Watchdog has been checked: 0 passed
15.09.2014 00:47:05,300 - INFO  - Watchdog has been checked: 0 passed
15.09.2014 00:49:05,187 - INFO  - Watchdog has been checked: 0 passed
15.09.2014 00:51:05,355 - INFO  - Watchdog has been checked: 0 passed
15.09.2014 00:53:05,140 - INFO  - Watchdog has been checked: 0 passed
15.09.2014 00:55:05,175 - INFO  - Watchdog has been checked: 0 passed
15.09.2014 00:57:05,271 - INFO  - Watchdog has been checked: 0 passed
15.09.2014 00:59:05,177 - INFO  - Watchdog has been checked: 0 passed
15.09.2014 01:01:05,166 - INFO  - Watchdog has been checked: 0 passed
15.09.2014 01:03:05,297 - INFO  - Watchdog has been checked: 0 passed
15.09.2014 01:05:05,303 - INFO  - Watchdog has been checked: 0 passed
15.09.2014 01:07:05,200 - INFO  - Watchdog has been checked: 0 passed
15.09.2014 01:09:05,330 - INFO  - Watchdog has been checked: 0 passed
15.09.2014 01:11:05,151 - INFO  - Watchdog has been checked: 0 passed
15.09.2014 01:13:05,243 - INFO  - Watchdog has been checked: 0 passed
15.09.2014 01:15:05,329 - INFO  - Watchdog has been checked: 0 passed
15.09.2014 01:17:05,174 - INFO  - Watchdog has been checked: 0 passed
15.09.2014 01:19:05,362 - INFO  - Watchdog has been checked: 0 passed
15.09.2014 01:21:05,413 - INFO  - Watchdog has been checked: 0 passed
15.09.2014 01:23:05,273 - INFO  - Watchdog has been checked: 0 passed
15.09.2014 01:25:05,358 - INFO  - Watchdog has been checked: 0 passed
15.09.2014 01:27:05,338 - INFO  - Watchdog has been checked: 0 passed
15.09.2014 01:29:05,229 - INFO  - Watchdog has been checked: 0 passed
15.09.2014 01:31:05,380 - INFO  - Watchdog has been checked: 0 passed
15.09.2014 01:33:05,313 - INFO  - Watchdog has been checked: 0 passed
15.09.2014 01:35:05,143 - INFO  - Watchdog has been checked: 0 passed
15.09.2014 01:37:05,273 - INFO  - Watchdog has been checked: 0 passed
15.09.2014 01:39:05,266 - INFO  - Watchdog has been checked: 0 passed
15.09.2014 01:41:05,256 - INFO  - Watchdog has been checked: 0 passed
15.09.2014 01:43:05,106 - INFO  - Watchdog has been checked: 0 passed
15.09.2014 01:45:05,084 - INFO  - Watchdog has been checked: 0 passed
15.09.2014 01:47:03,973 - INFO  - Watchdog has been checked: 0 passed
15.09.2014 01:49:03,117 - INFO  - Watchdog has been checked: 0 passed
15.09.2014 01:51:03,201 - INFO  - Watchdog has been checked: 0 passed
15.09.2014 01:53:03,004 - INFO  - Watchdog has been checked: 0 passed
15.09.2014 01:55:02,048 - INFO  - Watchdog has been checked: 0 passed
15.09.2014 01:57:01,156 - INFO  - Watchdog has been checked: 0 passed
15.09.2014 01:59:01,073 - INFO  - Watchdog has been checked: 0 passed
15.09.2014 02:01:01,131 - INFO  - Watchdog has been checked: 0 passed
15.09.2014 02:03:01,170 - INFO  - Watchdog has been checked: 0 passed
15.09.2014 02:05:01,225 - INFO  - Watchdog has been checked: 0 passed
15.09.2014 02:07:01,148 - INFO  - Watchdog has been checked: 0 passed
15.09.2014 02:09:01,061 - INFO  - Watchdog has been checked: 0 passed
15.09.2014 02:11:01,136 - INFO  - Watchdog has been checked: 0 passed
15.09.2014 02:13:01,216 - INFO  - Watchdog has been checked: 0 passed
15.09.2014 02:15:01,284 - INFO  - Watchdog has been checked: 0 passed
15.09.2014 02:17:01,157 - INFO  - Watchdog has been checked: 0 passed
15.09.2014 02:19:01,198 - INFO  - Watchdog has been checked: 0 passed
15.09.2014 02:21:01,219 - INFO  - Watchdog has been checked: 0 passed
15.09.2014 02:23:01,294 - INFO  - Watchdog has been checked: 0 passed
15.09.2014 02:25:01,279 - INFO  - Watchdog has been checked: 0 passed
15.09.2014 02:27:01,229 - INFO  - Watchdog has been checked: 0 passed
15.09.2014 02:29:01,134 - INFO  - Watchdog has been checked: 0 passed
15.09.2014 02:31:01,337 - INFO  - Watchdog has been checked: 0 passed
15.09.2014 02:33:01,104 - INFO  - Watchdog has been checked: 0 passed
15.09.2014 02:35:01,144 - INFO  - Watchdog has been checked: 0 passed
15.09.2014 02:37:01,285 - INFO  - Watchdog has been checked: 0 passed
15.09.2014 02:39:01,243 - INFO  - Watchdog has been checked: 0 passed
15.09.2014 02:41:01,309 - INFO  - Watchdog has been checked: 0 passed
15.09.2014 02:43:01,196 - INFO  - Watchdog has been checked: 0 passed
15.09.2014 02:45:01,173 - INFO  - Watchdog has been checked: 0 passed
15.09.2014 02:47:01,049 - INFO  - Watchdog has been checked: 0 passed
15.09.2014 02:49:00,214 - INFO  - Watchdog has been checked: 0 passed
15.09.2014 02:51:00,117 - INFO  - Watchdog has been checked: 0 passed
15.09.2014 02:52:59,133 - INFO  - Watchdog has been checked: 0 passed
15.09.2014 02:54:59,117 - INFO  - Watchdog has been checked: 0 passed
15.09.2014 02:56:57,993 - INFO  - Watchdog has been checked: 0 passed
15.09.2014 02:58:57,138 - INFO  - Watchdog has been checked: 0 passed
15.09.2014 03:00:57,579 - INFO  - Watchdog has been checked: 0 passed
15.09.2014 03:02:57,012 - INFO  - Watchdog has been checked: 0 passed
15.09.2014 03:04:56,992 - INFO  - Watchdog has been checked: 0 passed
15.09.2014 03:06:57,253 - INFO  - Watchdog has been checked: 0 passed
15.09.2014 03:08:57,111 - INFO  - Watchdog has been checked: 0 passed
15.09.2014 03:10:57,273 - INFO  - Watchdog has been checked: 0 passed
15.09.2014 03:12:57,851 - INFO  - Watchdog has been checked: 0 passed
15.09.2014 03:14:57,240 - INFO  - Watchdog has been checked: 0 passed
15.09.2014 03:16:57,128 - INFO  - Watchdog has been checked: 0 passed
15.09.2014 03:18:57,264 - INFO  - Watchdog has been checked: 0 passed
15.09.2014 03:20:57,341 - INFO  - Watchdog has been checked: 0 passed
15.09.2014 03:22:57,964 - INFO  - Watchdog has been checked: 0 passed
15.09.2014 03:24:57,174 - INFO  - Watchdog has been checked: 0 passed
15.09.2014 03:26:57,094 - INFO  - Watchdog has been checked: 0 passed
15.09.2014 03:28:57,285 - INFO  - Watchdog has been checked: 0 passed
15.09.2014 03:30:57,529 - INFO  - Watchdog has been checked: 0 passed
15.09.2014 03:32:57,178 - INFO  - Watchdog has been checked: 0 passed
15.09.2014 03:34:57,259 - INFO  - Watchdog has been checked: 0 passed
15.09.2014 03:36:57,167 - INFO  - Watchdog has been checked: 0 passed
15.09.2014 03:38:58,329 - INFO  - Watchdog has been checked: 0 passed
15.09.2014 03:40:58,422 - INFO  - Watchdog has been checked: 0 passed
15.09.2014 03:42:58,275 - INFO  - Watchdog has been checked: 0 passed
15.09.2014 03:44:58,297 - INFO  - Watchdog has been checked: 0 passed
15.09.2014 03:46:58,232 - INFO  - Watchdog has been checked: 0 passed
15.09.2014 03:48:58,411 - INFO  - Watchdog has been checked: 0 passed
15.09.2014 03:50:58,512 - INFO  - Watchdog has been checked: 0 passed
15.09.2014 03:52:58,263 - INFO  - Watchdog has been checked: 0 passed
15.09.2014 03:54:58,335 - INFO  - Watchdog has been checked: 0 passed
15.09.2014 03:56:58,205 - INFO  - Watchdog has been checked: 0 passed
15.09.2014 03:58:58,356 - INFO  - Watchdog has been checked: 0 passed
15.09.2014 04:00:58,235 - INFO  - Watchdog has been checked: 0 passed
15.09.2014 04:02:58,201 - INFO  - Watchdog has been checked: 0 passed
15.09.2014 04:04:58,254 - INFO  - Watchdog has been checked: 0 passed
15.09.2014 04:06:58,190 - INFO  - Watchdog has been checked: 0 passed
15.09.2014 04:08:58,269 - INFO  - Watchdog has been checked: 0 passed
15.09.2014 04:10:58,113 - INFO  - Watchdog has been checked: 0 passed
15.09.2014 04:12:57,943 - INFO  - Watchdog has been checked: 0 passed
15.09.2014 04:14:57,825 - INFO  - Watchdog has been checked: 0 passed
15.09.2014 04:16:57,122 - INFO  - Watchdog has been checked: 0 passed
15.09.2014 04:18:57,163 - INFO  - Watchdog has been checked: 0 passed
15.09.2014 04:20:57,015 - INFO  - Watchdog has been checked: 0 passed
15.09.2014 04:22:56,087 - INFO  - Watchdog has been checked: 0 passed
15.09.2014 04:24:56,158 - INFO  - Watchdog has been checked: 0 passed
15.09.2014 04:26:56,075 - INFO  - Watchdog has been checked: 0 passed
15.09.2014 04:28:56,195 - INFO  - Watchdog has been checked: 0 passed
15.09.2014 04:30:56,383 - INFO  - Watchdog has been checked: 0 passed
15.09.2014 04:32:56,080 - INFO  - Watchdog has been checked: 0 passed
15.09.2014 04:34:55,120 - INFO  - Watchdog has been checked: 0 passed
15.09.2014 04:36:55,209 - INFO  - Watchdog has been checked: 0 passed
15.09.2014 04:38:55,128 - INFO  - Watchdog has been checked: 0 passed
15.09.2014 04:40:55,129 - INFO  - Watchdog has been checked: 0 passed
15.09.2014 04:42:55,225 - INFO  - Watchdog has been checked: 0 passed
15.09.2014 04:44:55,411 - INFO  - Watchdog has been checked: 0 passed
15.09.2014 04:46:55,250 - INFO  - Watchdog has been checked: 0 passed
15.09.2014 04:48:55,380 - INFO  - Watchdog has been checked: 0 passed
15.09.2014 04:50:55,212 - INFO  - Watchdog has been checked: 0 passed
15.09.2014 04:52:55,234 - INFO  - Watchdog has been checked: 0 passed
15.09.2014 04:54:55,405 - INFO  - Watchdog has been checked: 0 passed
15.09.2014 04:56:55,231 - INFO  - Watchdog has been checked: 0 passed
15.09.2014 04:58:55,182 - INFO  - Watchdog has been checked: 0 passed
15.09.2014 05:00:55,277 - INFO  - Watchdog has been checked: 0 passed
15.09.2014 05:02:55,162 - INFO  - Watchdog has been checked: 0 passed
15.09.2014 05:04:55,291 - INFO  - Watchdog has been checked: 0 passed
15.09.2014 05:06:55,135 - INFO  - Watchdog has been checked: 0 passed
15.09.2014 05:08:55,254 - INFO  - Watchdog has been checked: 0 passed
15.09.2014 05:10:55,188 - INFO  - Watchdog has been checked: 0 passed
15.09.2014 05:12:55,237 - INFO  - Watchdog has been checked: 0 passed
15.09.2014 05:14:55,079 - INFO  - Watchdog has been checked: 0 passed
15.09.2014 05:16:55,152 - INFO  - Watchdog has been checked: 0 passed
15.09.2014 05:18:55,259 - INFO  - Watchdog has been checked: 0 passed
15.09.2014 05:20:55,153 - INFO  - Watchdog has been checked: 0 passed
15.09.2014 05:22:55,185 - INFO  - Watchdog has been checked: 0 passed
15.09.2014 05:24:55,243 - INFO  - Watchdog has been checked: 0 passed
15.09.2014 05:26:55,126 - INFO  - Watchdog has been checked: 0 passed
15.09.2014 05:28:55,375 - INFO  - Watchdog has been checked: 0 passed
15.09.2014 05:30:55,163 - INFO  - Watchdog has been checked: 0 passed
15.09.2014 05:32:55,185 - INFO  - Watchdog has been checked: 0 passed
15.09.2014 05:34:55,212 - INFO  - Watchdog has been checked: 0 passed
15.09.2014 05:36:55,147 - INFO  - Watchdog has been checked: 0 passed
15.09.2014 05:38:55,065 - INFO  - Watchdog has been checked: 0 passed
15.09.2014 05:40:55,104 - INFO  - Watchdog has been checked: 0 passed
15.09.2014 05:42:55,156 - INFO  - Watchdog has been checked: 0 passed
15.09.2014 05:44:55,170 - INFO  - Watchdog has been checked: 0 passed
15.09.2014 05:46:55,079 - INFO  - Watchdog has been checked: 0 passed
15.09.2014 05:48:55,249 - INFO  - Watchdog has been checked: 0 passed
15.09.2014 05:50:55,100 - INFO  - Watchdog has been checked: 0 passed
15.09.2014 05:52:55,139 - INFO  - Watchdog has been checked: 0 passed
15.09.2014 05:54:55,257 - INFO  - Watchdog has been checked: 0 passed
15.09.2014 05:56:55,302 - INFO  - Watchdog has been checked: 0 passed
15.09.2014 05:58:55,231 - INFO  - Watchdog has been checked: 0 passed
15.09.2014 06:00:55,229 - INFO  - Watchdog has been checked: 0 passed
15.09.2014 06:02:55,320 - INFO  - Watchdog has been checked: 0 passed
15.09.2014 06:04:55,253 - INFO  - Watchdog has been checked: 0 passed
15.09.2014 06:06:55,163 - INFO  - Watchdog has been checked: 0 passed
15.09.2014 06:08:55,039 - INFO  - Watchdog has been checked: 0 passed
15.09.2014 06:10:54,073 - INFO  - Watchdog has been checked: 0 passed
15.09.2014 06:12:53,304 - INFO  - Watchdog has been checked: 0 passed
15.09.2014 06:14:53,363 - INFO  - Watchdog has been checked: 0 passed
15.09.2014 06:15:01,314 - INFO  - mapping file sync started
15.09.2014 06:15:02,255 - INFO  - file successfully updated
15.09.2014 06:16:53,248 - INFO  - Watchdog has been checked: 0 passed
15.09.2014 06:18:53,170 - INFO  - Watchdog has been checked: 0 passed
15.09.2014 06:20:52,091 - INFO  - Watchdog has been checked: 0 passed
15.09.2014 06:22:51,171 - INFO  - Watchdog has been checked: 0 passed
15.09.2014 06:24:51,255 - INFO  - Watchdog has been checked: 0 passed
15.09.2014 06:26:51,075 - INFO  - Watchdog has been checked: 0 passed
15.09.2014 06:28:51,223 - INFO  - Watchdog has been checked: 0 passed
15.09.2014 06:30:51,238 - INFO  - Watchdog has been checked: 0 passed
15.09.2014 06:32:51,317 - INFO  - Watchdog has been checked: 0 passed
15.09.2014 06:34:51,100 - INFO  - Watchdog has been checked: 0 passed
15.09.2014 06:36:51,308 - INFO  - Watchdog has been checked: 0 passed
15.09.2014 06:38:51,246 - INFO  - Watchdog has been checked: 0 passed
15.09.2014 06:40:51,104 - INFO  - Watchdog has been checked: 0 passed
15.09.2014 06:42:51,327 - INFO  - Watchdog has been checked: 0 passed
15.09.2014 06:44:51,118 - INFO  - Watchdog has been checked: 0 passed
15.09.2014 06:46:51,063 - INFO  - Watchdog has been checked: 0 passed
15.09.2014 06:48:51,217 - INFO  - Watchdog has been checked: 0 passed
15.09.2014 06:50:51,277 - INFO  - Watchdog has been checked: 0 passed
15.09.2014 06:52:51,014 - INFO  - Watchdog has been checked: 0 passed
15.09.2014 06:54:50,103 - INFO  - Watchdog has been checked: 0 passed
15.09.2014 06:56:50,289 - INFO  - Watchdog has been checked: 0 passed
15.09.2014 06:58:50,248 - INFO  - Watchdog has been checked: 0 passed
15.09.2014 07:00:50,278 - INFO  - Watchdog has been checked: 0 passed
15.09.2014 07:02:50,325 - INFO  - Watchdog has been checked: 0 passed
15.09.2014 07:04:50,088 - INFO  - Watchdog has been checked: 0 passed
15.09.2014 07:06:50,354 - INFO  - Watchdog has been checked: 0 passed
15.09.2014 07:08:50,233 - INFO  - Watchdog has been checked: 0 passed
15.09.2014 07:10:50,344 - INFO  - Watchdog has been checked: 0 passed
15.09.2014 07:12:50,107 - INFO  - Watchdog has been checked: 0 passed
15.09.2014 07:14:50,173 - INFO  - Watchdog has been checked: 0 passed
15.09.2014 07:15:02,144 - INFO  - mapping file sync started
15.09.2014 07:15:02,611 - INFO  - file successfully updated
15.09.2014 07:16:50,081 - INFO  - Watchdog has been checked: 0 passed
15.09.2014 07:18:50,336 - INFO  - Watchdog has been checked: 0 passed
15.09.2014 07:20:50,293 - INFO  - Watchdog has been checked: 0 passed
15.09.2014 07:22:50,074 - INFO  - Watchdog has been checked: 0 passed
15.09.2014 07:24:50,105 - INFO  - Watchdog has been checked: 0 passed
15.09.2014 07:26:50,202 - INFO  - Watchdog has been checked: 0 passed
15.09.2014 07:28:50,334 - INFO  - Watchdog has been checked: 0 passed
15.09.2014 07:30:50,158 - INFO  - Watchdog has been checked: 0 passed
15.09.2014 07:32:50,146 - INFO  - Watchdog has been checked: 0 passed
15.09.2014 07:34:50,216 - INFO  - Watchdog has been checked: 0 passed
15.09.2014 07:36:50,178 - INFO  - Watchdog has been checked: 0 passed
15.09.2014 07:38:50,259 - INFO  - Watchdog has been checked: 0 passed
15.09.2014 07:40:50,038 - INFO  - Watchdog has been checked: 0 passed
15.09.2014 07:42:50,211 - INFO  - Watchdog has been checked: 0 passed
15.09.2014 07:44:50,133 - INFO  - Watchdog has been checked: 0 passed
15.09.2014 07:46:50,093 - INFO  - Watchdog has been checked: 0 passed
15.09.2014 07:48:50,163 - INFO  - Watchdog has been checked: 0 passed
15.09.2014 07:50:49,993 - INFO  - Watchdog has been checked: 0 passed
15.09.2014 07:52:50,013 - INFO  - Watchdog has been checked: 0 passed
15.09.2014 07:54:50,066 - INFO  - Watchdog has been checked: 0 passed
15.09.2014 07:56:49,944 - INFO  - Watchdog has been checked: 0 passed
15.09.2014 07:58:50,088 - INFO  - Watchdog has been checked: 0 passed
15.09.2014 08:00:40,945 - INFO  - searcher identified --- respT: 36ms, 77954 results, q=, 
15.09.2014 08:00:48,663 - INFO  - searcher identified --- respT: 16ms, 79 results, q=buecklers, 
15.09.2014 08:00:50,129 - INFO  - Watchdog has been checked: 0 passed
15.09.2014 08:01:07,989 - INFO  - searcher identified --- respT: 14ms, 79 results, q=buecklers, page turned
15.09.2014 08:01:08,511 - INFO  - searcher identified --- respT: 14ms, 79 results, q=buecklers, page turned
15.09.2014 08:01:09,244 - INFO  - searcher identified --- respT: 15ms, 79 results, q=buecklers, page turned
15.09.2014 08:01:10,215 - INFO  - searcher identified --- respT: 15ms, 79 results, q=buecklers, page turned
15.09.2014 08:01:10,900 - INFO  - searcher identified --- respT: 15ms, 79 results, q=buecklers, page turned
15.09.2014 08:01:11,614 - INFO  - searcher identified --- respT: 15ms, 79 results, q=buecklers, page turned
15.09.2014 08:01:12,447 - INFO  - searcher identified --- respT: 20ms, 79 results, q=buecklers, page turned
15.09.2014 08:01:13,534 - INFO  - searcher identified --- respT: 15ms, 79 results, q=buecklers, 
15.09.2014 08:01:35,656 - INFO  - searcher identified --- respT: 16ms, 79 results, q=buecklers, 
15.09.2014 08:01:38,821 - INFO  - searcher identified --- respT: 15ms, 79 results, q=buecklers, 
15.09.2014 08:02:50,004 - INFO  - Watchdog has been checked: 0 passed
15.09.2014 08:04:50,060 - INFO  - Watchdog has been checked: 0 passed
15.09.2014 08:06:50,085 - INFO  - Watchdog has been checked: 0 passed
15.09.2014 08:08:50,216 - INFO  - Watchdog has been checked: 0 passed
15.09.2014 08:10:50,038 - INFO  - Watchdog has been checked: 0 passed
15.09.2014 08:12:50,083 - INFO  - Watchdog has been checked: 0 passed
15.09.2014 08:14:50,136 - INFO  - Watchdog has been checked: 0 passed
15.09.2014 08:16:50,055 - INFO  - Watchdog has been checked: 0 passed
15.09.2014 08:18:50,280 - INFO  - Watchdog has been checked: 0 passed
15.09.2014 08:20:50,334 - INFO  - Watchdog has been checked: 0 passed
15.09.2014 08:22:50,359 - INFO  - Watchdog has been checked: 0 passed
15.09.2014 08:24:50,118 - INFO  - Watchdog has been checked: 0 passed
15.09.2014 08:26:50,341 - INFO  - Watchdog has been checked: 0 passed
15.09.2014 08:28:50,217 - INFO  - Watchdog has been checked: 0 passed
15.09.2014 08:30:50,405 - INFO  - Watchdog has been checked: 0 passed
15.09.2014 08:32:50,324 - INFO  - Watchdog has been checked: 0 passed
15.09.2014 08:34:50,149 - INFO  - Watchdog has been checked: 0 passed
15.09.2014 08:36:50,346 - INFO  - Watchdog has been checked: 0 passed
15.09.2014 08:38:50,311 - INFO  - Watchdog has been checked: 0 passed
15.09.2014 08:40:50,331 - INFO  - Watchdog has been checked: 0 passed
15.09.2014 08:42:50,395 - INFO  - Watchdog has been checked: 0 passed
15.09.2014 08:44:50,153 - INFO  - Watchdog has been checked: 0 passed
15.09.2014 08:46:50,380 - INFO  - Watchdog has been checked: 0 passed
15.09.2014 08:48:50,242 - INFO  - Watchdog has been checked: 0 passed
15.09.2014 08:50:50,325 - INFO  - Watchdog has been checked: 0 passed
15.09.2014 08:52:50,387 - INFO  - Watchdog has been checked: 0 passed
15.09.2014 08:54:50,437 - INFO  - Watchdog has been checked: 0 passed
15.09.2014 08:56:50,407 - INFO  - Watchdog has been checked: 0 passed
15.09.2014 08:58:50,313 - INFO  - Watchdog has been checked: 0 passed
15.09.2014 09:00:50,300 - INFO  - Watchdog has been checked: 0 passed
15.09.2014 09:02:50,324 - INFO  - Watchdog has been checked: 0 passed
15.09.2014 09:04:50,352 - INFO  - Watchdog has been checked: 0 passed
15.09.2014 09:06:50,271 - INFO  - Watchdog has been checked: 0 passed
15.09.2014 09:08:50,102 - INFO  - Watchdog has been checked: 0 passed
15.09.2014 09:10:50,188 - INFO  - Watchdog has been checked: 0 passed
15.09.2014 09:12:50,059 - INFO  - Watchdog has been checked: 0 passed
15.09.2014 09:14:49,023 - INFO  - Watchdog has been checked: 0 passed
15.09.2014 09:16:49,165 - INFO  - Watchdog has been checked: 0 passed
15.09.2014 09:18:49,073 - INFO  - Watchdog has been checked: 0 passed
15.09.2014 09:20:49,151 - INFO  - Watchdog has been checked: 0 passed
15.09.2014 09:22:49,104 - INFO  - Watchdog has been checked: 0 passed
15.09.2014 09:24:49,083 - INFO  - Watchdog has been checked: 0 passed
15.09.2014 09:26:49,028 - INFO  - Watchdog has been checked: 0 passed
15.09.2014 09:28:49,242 - INFO  - Watchdog has been checked: 0 passed
15.09.2014 09:30:49,157 - INFO  - Watchdog has been checked: 0 passed
15.09.2014 09:32:49,123 - INFO  - Watchdog has been checked: 0 passed
15.09.2014 09:34:49,151 - INFO  - Watchdog has been checked: 0 passed
15.09.2014 09:36:49,088 - INFO  - Watchdog has been checked: 0 passed
15.09.2014 09:38:49,191 - INFO  - Watchdog has been checked: 0 passed
15.09.2014 09:40:49,210 - INFO  - Watchdog has been checked: 0 passed
15.09.2014 09:42:49,256 - INFO  - Watchdog has been checked: 0 passed
15.09.2014 09:44:49,042 - INFO  - Watchdog has been checked: 0 passed
15.09.2014 09:46:48,111 - INFO  - Watchdog has been checked: 0 passed
15.09.2014 09:48:48,207 - INFO  - Watchdog has been checked: 0 passed
15.09.2014 09:50:48,337 - INFO  - Watchdog has been checked: 0 passed
15.09.2014 09:52:48,072 - INFO  - Watchdog has been checked: 0 passed
15.09.2014 09:54:47,153 - INFO  - Watchdog has been checked: 0 passed
15.09.2014 09:56:47,097 - INFO  - Watchdog has been checked: 0 passed
15.09.2014 09:58:46,285 - INFO  - Watchdog has been checked: 0 passed
15.09.2014 10:00:46,311 - INFO  - Watchdog has been checked: 0 passed
15.09.2014 10:02:46,278 - INFO  - Watchdog has been checked: 0 passed
15.09.2014 10:04:46,330 - INFO  - Watchdog has been checked: 0 passed
15.09.2014 10:06:46,236 - INFO  - Watchdog has been checked: 0 passed
15.09.2014 10:08:46,347 - INFO  - Watchdog has been checked: 0 passed
15.09.2014 10:10:46,304 - INFO  - Watchdog has been checked: 0 passed
15.09.2014 10:12:46,384 - INFO  - Watchdog has been checked: 0 passed
15.09.2014 10:14:46,398 - INFO  - Watchdog has been checked: 0 passed
15.09.2014 10:16:46,803 - INFO  - Watchdog has been checked: 0 passed
15.09.2014 10:18:46,175 - INFO  - Watchdog has been checked: 0 passed
15.09.2014 10:20:46,274 - INFO  - Watchdog has been checked: 0 passed
15.09.2014 10:22:46,117 - INFO  - Watchdog has been checked: 0 passed
15.09.2014 10:24:46,163 - INFO  - Watchdog has been checked: 0 passed
15.09.2014 10:26:46,395 - INFO  - Watchdog has been checked: 0 passed
15.09.2014 10:28:46,258 - INFO  - Watchdog has been checked: 0 passed
15.09.2014 10:30:46,345 - INFO  - Watchdog has been checked: 0 passed
15.09.2014 10:32:46,104 - INFO  - Watchdog has been checked: 0 passed
15.09.2014 10:34:46,157 - INFO  - Watchdog has been checked: 0 passed
15.09.2014 10:36:46,275 - INFO  - Watchdog has been checked: 0 passed
15.09.2014 10:38:46,199 - INFO  - Watchdog has been checked: 0 passed
15.09.2014 10:40:46,235 - INFO  - Watchdog has been checked: 0 passed
15.09.2014 10:42:46,310 - INFO  - Watchdog has been checked: 0 passed
15.09.2014 10:44:46,222 - INFO  - Watchdog has been checked: 0 passed
15.09.2014 10:46:46,195 - INFO  - Watchdog has been checked: 0 passed
15.09.2014 10:48:46,055 - INFO  - Watchdog has been checked: 0 passed
15.09.2014 10:50:46,170 - INFO  - Watchdog has been checked: 0 passed
15.09.2014 10:52:48,026 - INFO  - Watchdog has been checked: 0 passed
15.09.2014 10:54:47,034 - INFO  - Watchdog has been checked: 0 passed
15.09.2014 10:56:46,081 - INFO  - Watchdog has been checked: 0 passed
15.09.2014 10:58:45,990 - INFO  - Watchdog has been checked: 0 passed
15.09.2014 11:00:44,986 - INFO  - Watchdog has been checked: 0 passed
15.09.2014 11:02:44,045 - INFO  - Watchdog has been checked: 0 passed
15.09.2014 11:04:44,127 - INFO  - Watchdog has been checked: 0 passed
15.09.2014 11:06:44,075 - INFO  - Watchdog has been checked: 0 passed
15.09.2014 11:08:43,242 - INFO  - Watchdog has been checked: 0 passed
15.09.2014 11:10:43,248 - INFO  - Watchdog has been checked: 0 passed
15.09.2014 11:12:43,106 - INFO  - Watchdog has been checked: 0 passed
15.09.2014 11:14:43,129 - INFO  - Watchdog has been checked: 0 passed
15.09.2014 11:16:43,243 - INFO  - Watchdog has been checked: 0 passed
15.09.2014 11:18:43,140 - INFO  - Watchdog has been checked: 0 passed
15.09.2014 11:20:43,180 - INFO  - Watchdog has been checked: 0 passed
15.09.2014 11:22:43,338 - INFO  - Watchdog has been checked: 0 passed
15.09.2014 11:24:43,275 - INFO  - Watchdog has been checked: 0 passed
15.09.2014 11:26:43,305 - INFO  - Watchdog has been checked: 0 passed
15.09.2014 11:28:43,326 - INFO  - Watchdog has been checked: 0 passed
15.09.2014 11:30:43,176 - INFO  - Watchdog has been checked: 0 passed
15.09.2014 11:32:42,193 - INFO  - Watchdog has been checked: 0 passed
15.09.2014 11:34:42,226 - INFO  - Watchdog has been checked: 0 passed
15.09.2014 11:36:42,373 - INFO  - Watchdog has been checked: 0 passed
15.09.2014 11:38:42,254 - INFO  - Watchdog has been checked: 0 passed
15.09.2014 11:40:42,357 - INFO  - Watchdog has been checked: 0 passed
15.09.2014 11:42:42,363 - INFO  - Watchdog has been checked: 0 passed
15.09.2014 11:44:42,170 - INFO  - Watchdog has been checked: 0 passed
15.09.2014 11:46:42,352 - INFO  - Watchdog has been checked: 0 passed
15.09.2014 11:48:42,327 - INFO  - Watchdog has been checked: 0 passed
15.09.2014 11:50:42,466 - INFO  - Watchdog has been checked: 0 passed
15.09.2014 11:52:42,206 - INFO  - Watchdog has been checked: 0 passed
15.09.2014 11:54:42,214 - INFO  - Watchdog has been checked: 0 passed
15.09.2014 11:56:42,376 - INFO  - Watchdog has been checked: 0 passed
15.09.2014 11:58:42,224 - INFO  - Watchdog has been checked: 0 passed
15.09.2014 12:00:42,377 - INFO  - Watchdog has been checked: 0 passed
15.09.2014 12:02:42,197 - INFO  - Watchdog has been checked: 0 passed
15.09.2014 12:04:42,268 - INFO  - Watchdog has been checked: 0 passed
15.09.2014 12:06:42,355 - INFO  - Watchdog has been checked: 0 passed
15.09.2014 12:08:42,297 - INFO  - Watchdog has been checked: 0 passed
15.09.2014 12:10:42,424 - INFO  - Watchdog has been checked: 0 passed
15.09.2014 12:12:42,219 - INFO  - Watchdog has been checked: 0 passed
15.09.2014 12:14:42,291 - INFO  - Watchdog has been checked: 0 passed
15.09.2014 12:16:42,515 - INFO  - Watchdog has been checked: 0 passed
15.09.2014 12:18:42,376 - INFO  - Watchdog has been checked: 0 passed
15.09.2014 12:20:42,404 - INFO  - Watchdog has been checked: 0 passed
15.09.2014 12:22:42,418 - INFO  - Watchdog has been checked: 0 passed
15.09.2014 12:24:42,242 - INFO  - Watchdog has been checked: 0 passed
15.09.2014 12:26:42,117 - INFO  - Watchdog has been checked: 0 passed
15.09.2014 12:28:42,058 - INFO  - Watchdog has been checked: 0 passed
15.09.2014 12:30:42,088 - INFO  - Watchdog has been checked: 0 passed
15.09.2014 12:32:42,164 - INFO  - Watchdog has been checked: 0 passed
15.09.2014 12:34:41,958 - INFO  - Watchdog has been checked: 0 passed
15.09.2014 12:36:41,320 - INFO  - Watchdog has been checked: 0 passed
15.09.2014 12:38:41,077 - INFO  - Watchdog has been checked: 0 passed
15.09.2014 12:40:41,105 - INFO  - Watchdog has been checked: 0 passed
15.09.2014 12:42:41,138 - INFO  - Watchdog has been checked: 0 passed
15.09.2014 12:44:41,138 - INFO  - Watchdog has been checked: 0 passed
15.09.2014 12:46:41,002 - INFO  - Watchdog has been checked: 0 passed
15.09.2014 12:48:41,185 - INFO  - Watchdog has been checked: 0 passed
15.09.2014 12:50:40,996 - INFO  - Watchdog has been checked: 0 passed
15.09.2014 12:52:40,419 - INFO  - Watchdog has been checked: 0 passed
15.09.2014 12:54:40,132 - INFO  - Watchdog has been checked: 0 passed
15.09.2014 12:56:40,260 - INFO  - Watchdog has been checked: 0 passed
15.09.2014 12:58:40,185 - INFO  - Watchdog has been checked: 0 passed
15.09.2014 13:00:40,247 - INFO  - Watchdog has been checked: 0 passed
15.09.2014 13:02:40,096 - INFO  - Watchdog has been checked: 0 passed
15.09.2014 13:04:39,179 - INFO  - Watchdog has been checked: 0 passed
15.09.2014 13:06:39,211 - INFO  - Watchdog has been checked: 0 passed
15.09.2014 13:08:39,137 - INFO  - Watchdog has been checked: 0 passed
15.09.2014 13:10:39,299 - INFO  - Watchdog has been checked: 0 passed
15.09.2014 13:12:39,042 - INFO  - Watchdog has been checked: 0 passed
15.09.2014 13:14:39,295 - INFO  - Watchdog has been checked: 0 passed
15.09.2014 13:16:39,222 - INFO  - Watchdog has been checked: 0 passed
15.09.2014 13:18:39,194 - INFO  - Watchdog has been checked: 0 passed
15.09.2014 13:20:39,231 - INFO  - Watchdog has been checked: 0 passed
15.09.2014 13:22:39,359 - INFO  - Watchdog has been checked: 0 passed
15.09.2014 13:24:39,390 - INFO  - Watchdog has been checked: 0 passed
15.09.2014 13:26:39,290 - INFO  - Watchdog has been checked: 0 passed
15.09.2014 13:28:39,233 - INFO  - Watchdog has been checked: 0 passed
15.09.2014 13:30:39,217 - INFO  - Watchdog has been checked: 0 passed
15.09.2014 13:32:39,276 - INFO  - Watchdog has been checked: 0 passed
15.09.2014 13:34:39,329 - INFO  - Watchdog has been checked: 0 passed
15.09.2014 13:36:39,301 - INFO  - Watchdog has been checked: 0 passed
15.09.2014 13:38:39,281 - INFO  - Watchdog has been checked: 0 passed
15.09.2014 13:40:39,406 - INFO  - Watchdog has been checked: 0 passed
15.09.2014 13:42:39,174 - INFO  - Watchdog has been checked: 0 passed
15.09.2014 13:44:39,186 - INFO  - Watchdog has been checked: 0 passed
15.09.2014 13:46:39,315 - INFO  - Watchdog has been checked: 0 passed
15.09.2014 13:48:39,210 - INFO  - Watchdog has been checked: 0 passed
15.09.2014 13:50:39,195 - INFO  - Watchdog has been checked: 0 passed
15.09.2014 13:52:39,034 - INFO  - Watchdog has been checked: 0 passed
15.09.2014 13:54:38,006 - INFO  - Watchdog has been checked: 0 passed
15.09.2014 13:56:37,184 - INFO  - Watchdog has been checked: 0 passed
15.09.2014 13:58:37,190 - INFO  - Watchdog has been checked: 0 passed
15.09.2014 14:00:37,201 - INFO  - Watchdog has been checked: 0 passed
15.09.2014 14:02:37,207 - INFO  - Watchdog has been checked: 0 passed
15.09.2014 14:04:36,953 - INFO  - Watchdog has been checked: 0 passed
15.09.2014 14:06:36,087 - INFO  - Watchdog has been checked: 0 passed
15.09.2014 14:08:35,176 - INFO  - Watchdog has been checked: 0 passed
15.09.2014 14:10:35,088 - INFO  - Watchdog has been checked: 0 passed
15.09.2014 14:12:34,248 - INFO  - Watchdog has been checked: 0 passed
15.09.2014 14:14:34,023 - INFO  - Watchdog has been checked: 0 passed
15.09.2014 14:16:33,096 - INFO  - Watchdog has been checked: 0 passed
15.09.2014 14:18:33,024 - INFO  - Watchdog has been checked: 0 passed
15.09.2014 14:20:33,086 - INFO  - Watchdog has been checked: 0 passed
15.09.2014 14:22:33,189 - INFO  - Watchdog has been checked: 0 passed
15.09.2014 14:24:33,126 - INFO  - Watchdog has been checked: 0 passed
15.09.2014 14:26:33,035 - INFO  - Watchdog has been checked: 0 passed
15.09.2014 14:28:33,239 - INFO  - Watchdog has been checked: 0 passed
15.09.2014 14:30:33,295 - INFO  - Watchdog has been checked: 0 passed
15.09.2014 14:32:33,208 - INFO  - Watchdog has been checked: 0 passed
15.09.2014 14:34:33,168 - INFO  - Watchdog has been checked: 0 passed
15.09.2014 14:36:33,105 - INFO  - Watchdog has been checked: 0 passed
15.09.2014 14:38:33,249 - INFO  - Watchdog has been checked: 0 passed
15.09.2014 14:40:33,309 - INFO  - Watchdog has been checked: 0 passed
15.09.2014 14:42:33,345 - INFO  - Watchdog has been checked: 0 passed
15.09.2014 14:44:33,114 - INFO  - Watchdog has been checked: 0 passed
15.09.2014 14:46:33,322 - INFO  - Watchdog has been checked: 0 passed
15.09.2014 14:48:33,222 - INFO  - Watchdog has been checked: 0 passed
15.09.2014 14:50:33,256 - INFO  - Watchdog has been checked: 0 passed
15.09.2014 14:52:33,327 - INFO  - Watchdog has been checked: 0 passed
15.09.2014 14:54:33,097 - INFO  - Watchdog has been checked: 0 passed
15.09.2014 14:56:33,242 - INFO  - Watchdog has been checked: 0 passed
15.09.2014 14:56:37,147 - INFO  - searcher identified --- respT: 34ms, 65141 results, q=, 
15.09.2014 14:56:39,404 - INFO  - searcher identified --- respT: 19ms, no results, q=zügeltag, 
15.09.2014 14:56:39,906 - INFO  - searcher identified --- respT: 15ms, no results, q=zügeltag, 
15.09.2014 14:56:42,921 - INFO  - searcher identified --- respT: 50ms, 41 results, q=zügel, 
15.09.2014 14:56:43,375 - INFO  - searcher identified --- respT: 24ms, 41 results, q=zügel, 
15.09.2014 14:57:00,000 - INFO  - searcher identified --- respT: 15ms, 30 results, q=zügeln, 
15.09.2014 14:57:14,719 - INFO  - searcher identified --- respT: 23ms, 12773 results, q=fr, 
15.09.2014 14:57:16,575 - INFO  - searcher identified --- respT: 19ms, 75 results, q=freie tage, 
15.09.2014 14:57:17,225 - INFO  - searcher identified --- respT: 21ms, 75 results, q=freie tage, 
15.09.2014 14:58:33,217 - INFO  - Watchdog has been checked: 0 passed
15.09.2014 15:00:33,233 - INFO  - Watchdog has been checked: 0 passed
15.09.2014 15:02:33,245 - INFO  - Watchdog has been checked: 0 passed
15.09.2014 15:04:33,370 - INFO  - Watchdog has been checked: 0 passed
15.09.2014 15:06:33,132 - INFO  - Watchdog has been checked: 0 passed
15.09.2014 15:08:33,062 - INFO  - Watchdog has been checked: 0 passed
15.09.2014 15:10:33,098 - INFO  - Watchdog has been checked: 0 passed
15.09.2014 15:12:33,310 - INFO  - Watchdog has been checked: 0 passed
15.09.2014 15:14:33,247 - INFO  - Watchdog has been checked: 0 passed
15.09.2014 15:16:33,106 - INFO  - Watchdog has been checked: 0 passed
15.09.2014 15:18:32,959 - INFO  - Watchdog has been checked: 0 passed
15.09.2014 15:20:32,055 - INFO  - Watchdog has been checked: 0 passed
15.09.2014 15:22:31,949 - INFO  - Watchdog has been checked: 0 passed
15.09.2014 15:24:31,032 - INFO  - Watchdog has been checked: 0 passed
15.09.2014 15:26:30,137 - INFO  - Watchdog has been checked: 0 passed
15.09.2014 15:28:30,091 - INFO  - Watchdog has been checked: 0 passed
15.09.2014 15:30:29,101 - INFO  - Watchdog has been checked: 0 passed
15.09.2014 15:32:28,112 - INFO  - Watchdog has been checked: 0 passed
15.09.2014 15:34:28,232 - INFO  - Watchdog has been checked: 0 passed
15.09.2014 15:36:28,030 - INFO  - Watchdog has been checked: 0 passed
15.09.2014 15:36:38,619 - INFO  - searcher identified --- respT: 37ms, 77916 results, q=, 
15.09.2014 15:38:26,998 - INFO  - Watchdog has been checked: 0 passed
15.09.2014 15:40:26,751 - INFO  - Watchdog has been checked: 0 passed
15.09.2014 15:42:26,075 - INFO  - Watchdog has been checked: 0 passed
15.09.2014 15:44:25,051 - INFO  - Watchdog has been checked: 0 passed
15.09.2014 15:46:24,198 - INFO  - Watchdog has been checked: 0 passed
15.09.2014 15:48:24,102 - INFO  - Watchdog has been checked: 0 passed
15.09.2014 15:50:23,255 - INFO  - Watchdog has been checked: 0 passed
15.09.2014 15:52:23,015 - INFO  - Watchdog has been checked: 0 passed
15.09.2014 15:54:22,092 - INFO  - Watchdog has been checked: 0 passed
15.09.2014 15:56:22,201 - INFO  - Watchdog has been checked: 0 passed
15.09.2014 15:58:22,094 - INFO  - Watchdog has been checked: 0 passed
15.09.2014 16:00:22,197 - INFO  - Watchdog has been checked: 0 passed
15.09.2014 16:02:22,463 - INFO  - Watchdog has been checked: 0 passed
15.09.2014 16:04:22,284 - INFO  - Watchdog has been checked: 0 passed
15.09.2014 16:06:22,173 - INFO  - Watchdog has been checked: 0 passed
15.09.2014 16:08:22,082 - INFO  - Watchdog has been checked: 0 passed
15.09.2014 16:10:22,201 - INFO  - Watchdog has been checked: 0 passed
15.09.2014 16:12:22,565 - INFO  - Watchdog has been checked: 0 passed
15.09.2014 16:14:22,429 - INFO  - Watchdog has been checked: 0 passed
15.09.2014 16:16:22,245 - INFO  - Watchdog has been checked: 0 passed
15.09.2014 16:18:22,124 - INFO  - Watchdog has been checked: 0 passed
15.09.2014 16:20:22,246 - INFO  - Watchdog has been checked: 0 passed
15.09.2014 16:22:22,508 - INFO  - Watchdog has been checked: 0 passed
15.09.2014 16:24:22,270 - INFO  - Watchdog has been checked: 0 passed
15.09.2014 16:26:22,212 - INFO  - Watchdog has been checked: 0 passed
15.09.2014 16:28:22,082 - INFO  - Watchdog has been checked: 0 passed
15.09.2014 16:30:22,207 - INFO  - Watchdog has been checked: 0 passed
15.09.2014 16:32:22,536 - INFO  - Watchdog has been checked: 0 passed
15.09.2014 16:34:22,315 - INFO  - Watchdog has been checked: 0 passed
15.09.2014 16:36:22,161 - INFO  - Watchdog has been checked: 0 passed
15.09.2014 16:38:22,043 - INFO  - Watchdog has been checked: 0 passed
15.09.2014 16:40:21,124 - INFO  - Watchdog has been checked: 0 passed
15.09.2014 16:42:20,217 - INFO  - Watchdog has been checked: 0 passed
15.09.2014 16:44:20,168 - INFO  - Watchdog has been checked: 0 passed
15.09.2014 16:46:20,065 - INFO  - Watchdog has been checked: 0 passed
15.09.2014 16:48:19,253 - INFO  - Watchdog has been checked: 0 passed
15.09.2014 16:50:19,111 - INFO  - Watchdog has been checked: 0 passed
15.09.2014 16:52:19,170 - INFO  - Watchdog has been checked: 0 passed
15.09.2014 16:54:19,112 - INFO  - Watchdog has been checked: 0 passed
15.09.2014 16:56:18,257 - INFO  - Watchdog has been checked: 0 passed
15.09.2014 16:58:18,138 - INFO  - Watchdog has been checked: 0 passed
15.09.2014 17:00:18,278 - INFO  - Watchdog has been checked: 0 passed
15.09.2014 17:02:18,214 - INFO  - Watchdog has been checked: 0 passed
15.09.2014 17:04:18,162 - INFO  - Watchdog has been checked: 0 passed
15.09.2014 17:06:18,383 - INFO  - Watchdog has been checked: 0 passed
15.09.2014 17:08:18,256 - INFO  - Watchdog has been checked: 0 passed
15.09.2014 17:10:18,316 - INFO  - Watchdog has been checked: 0 passed
15.09.2014 17:12:18,154 - INFO  - Watchdog has been checked: 0 passed
15.09.2014 17:14:18,141 - INFO  - Watchdog has been checked: 0 passed
15.09.2014 17:16:18,065 - INFO  - Watchdog has been checked: 0 passed
15.09.2014 17:18:18,263 - INFO  - Watchdog has been checked: 0 passed
15.09.2014 17:20:18,288 - INFO  - Watchdog has been checked: 0 passed
15.09.2014 17:22:18,141 - INFO  - Watchdog has been checked: 0 passed
15.09.2014 17:24:18,108 - INFO  - Watchdog has been checked: 0 passed
15.09.2014 17:26:18,261 - INFO  - Watchdog has been checked: 0 passed
15.09.2014 17:28:18,190 - INFO  - Watchdog has been checked: 0 passed
15.09.2014 17:30:18,235 - INFO  - Watchdog has been checked: 0 passed
15.09.2014 17:32:18,065 - INFO  - Watchdog has been checked: 0 passed
15.09.2014 17:34:18,203 - INFO  - Watchdog has been checked: 0 passed
15.09.2014 17:36:18,179 - INFO  - Watchdog has been checked: 0 passed
15.09.2014 17:38:18,240 - INFO  - Watchdog has been checked: 0 passed
15.09.2014 17:40:18,279 - INFO  - Watchdog has been checked: 0 passed
15.09.2014 17:42:18,092 - INFO  - Watchdog has been checked: 0 passed
15.09.2014 17:44:18,068 - INFO  - Watchdog has been checked: 0 passed
15.09.2014 17:46:18,177 - INFO  - Watchdog has been checked: 0 passed
15.09.2014 17:48:18,075 - INFO  - Watchdog has been checked: 0 passed
15.09.2014 17:50:18,186 - INFO  - Watchdog has been checked: 0 passed
15.09.2014 17:52:18,052 - INFO  - Watchdog has been checked: 0 passed
15.09.2014 17:54:18,114 - INFO  - Watchdog has been checked: 0 passed
15.09.2014 17:56:18,119 - INFO  - Watchdog has been checked: 0 passed
15.09.2014 17:58:18,273 - INFO  - Watchdog has been checked: 0 passed
15.09.2014 18:00:18,087 - INFO  - Watchdog has been checked: 0 passed
15.09.2014 18:02:18,192 - INFO  - Watchdog has been checked: 0 passed
15.09.2014 18:04:18,155 - INFO  - Watchdog has been checked: 0 passed
15.09.2014 18:06:18,116 - INFO  - Watchdog has been checked: 0 passed
15.09.2014 18:08:18,238 - INFO  - Watchdog has been checked: 0 passed
15.09.2014 18:10:18,377 - INFO  - Watchdog has been checked: 0 passed
15.09.2014 18:12:18,195 - INFO  - Watchdog has been checked: 0 passed
15.09.2014 18:14:18,158 - INFO  - Watchdog has been checked: 0 passed
15.09.2014 18:16:18,358 - INFO  - Watchdog has been checked: 0 passed
15.09.2014 18:18:18,250 - INFO  - Watchdog has been checked: 0 passed
15.09.2014 18:20:18,381 - INFO  - Watchdog has been checked: 0 passed
15.09.2014 18:22:18,155 - INFO  - Watchdog has been checked: 0 passed
15.09.2014 18:24:17,148 - INFO  - Watchdog has been checked: 0 passed
15.09.2014 18:26:17,314 - INFO  - Watchdog has been checked: 0 passed
15.09.2014 18:28:17,292 - INFO  - Watchdog has been checked: 0 passed
15.09.2014 18:30:17,329 - INFO  - Watchdog has been checked: 0 passed
15.09.2014 18:32:18,315 - INFO  - Watchdog has been checked: 0 passed
15.09.2014 18:34:18,377 - INFO  - Watchdog has been checked: 0 passed
15.09.2014 18:36:18,206 - INFO  - Watchdog has been checked: 0 passed
15.09.2014 18:38:18,322 - INFO  - Watchdog has been checked: 0 passed
15.09.2014 18:40:18,286 - INFO  - Watchdog has been checked: 0 passed
15.09.2014 18:42:18,238 - INFO  - Watchdog has been checked: 0 passed
15.09.2014 18:44:18,346 - INFO  - Watchdog has been checked: 0 passed
15.09.2014 18:46:18,278 - INFO  - Watchdog has been checked: 0 passed
15.09.2014 18:48:18,444 - INFO  - Watchdog has been checked: 0 passed
15.09.2014 18:50:18,260 - INFO  - Watchdog has been checked: 0 passed
15.09.2014 18:52:18,347 - INFO  - Watchdog has been checked: 0 passed
15.09.2014 18:54:18,347 - INFO  - Watchdog has been checked: 0 passed
15.09.2014 18:56:18,297 - INFO  - Watchdog has been checked: 0 passed
15.09.2014 18:58:18,210 - INFO  - Watchdog has been checked: 0 passed
15.09.2014 19:00:18,270 - INFO  - Watchdog has been checked: 0 passed
15.09.2014 19:02:18,332 - INFO  - Watchdog has been checked: 0 passed
15.09.2014 19:04:18,400 - INFO  - Watchdog has been checked: 0 passed
15.09.2014 19:06:18,216 - INFO  - Watchdog has been checked: 0 passed
15.09.2014 19:08:18,054 - INFO  - Watchdog has been checked: 0 passed
15.09.2014 19:10:18,288 - INFO  - Watchdog has been checked: 0 passed
15.09.2014 19:12:18,024 - INFO  - Watchdog has been checked: 0 passed
15.09.2014 19:14:17,978 - INFO  - Watchdog has been checked: 0 passed
15.09.2014 19:16:18,100 - INFO  - Watchdog has been checked: 0 passed
15.09.2014 19:18:18,005 - INFO  - Watchdog has been checked: 0 passed
15.09.2014 19:20:18,097 - INFO  - Watchdog has been checked: 0 passed
15.09.2014 19:22:18,059 - INFO  - Watchdog has been checked: 0 passed
15.09.2014 19:24:17,769 - INFO  - Watchdog has been checked: 0 passed
15.09.2014 19:26:17,231 - INFO  - Watchdog has been checked: 0 passed
15.09.2014 19:28:17,235 - INFO  - Watchdog has been checked: 0 passed
15.09.2014 19:30:17,070 - INFO  - Watchdog has been checked: 0 passed
15.09.2014 19:32:16,193 - INFO  - Watchdog has been checked: 0 passed
15.09.2014 19:34:16,153 - INFO  - Watchdog has been checked: 0 passed
15.09.2014 19:36:16,184 - INFO  - Watchdog has been checked: 0 passed
15.09.2014 19:38:16,144 - INFO  - Watchdog has been checked: 0 passed
15.09.2014 19:40:16,272 - INFO  - Watchdog has been checked: 0 passed
15.09.2014 19:42:16,560 - INFO  - Watchdog has been checked: 0 passed
15.09.2014 19:44:16,306 - INFO  - Watchdog has been checked: 0 passed
15.09.2014 19:46:16,330 - INFO  - Watchdog has been checked: 0 passed
15.09.2014 19:48:16,202 - INFO  - Watchdog has been checked: 0 passed
15.09.2014 19:50:17,481 - INFO  - Watchdog has been checked: 0 passed
15.09.2014 19:52:17,317 - INFO  - Watchdog has been checked: 0 passed
15.09.2014 19:54:17,310 - INFO  - Watchdog has been checked: 0 passed
15.09.2014 19:56:17,139 - INFO  - Watchdog has been checked: 0 passed
15.09.2014 19:58:17,323 - INFO  - Watchdog has been checked: 0 passed
15.09.2014 20:00:17,357 - INFO  - Watchdog has been checked: 0 passed
15.09.2014 20:02:17,444 - INFO  - Watchdog has been checked: 0 passed
15.09.2014 20:04:17,406 - INFO  - Watchdog has been checked: 0 passed
15.09.2014 20:06:17,242 - INFO  - Watchdog has been checked: 0 passed
15.09.2014 20:08:17,410 - INFO  - Watchdog has been checked: 0 passed
15.09.2014 20:10:17,231 - INFO  - Watchdog has been checked: 0 passed
15.09.2014 20:12:17,376 - INFO  - Watchdog has been checked: 0 passed
15.09.2014 20:14:18,332 - INFO  - Watchdog has been checked: 0 passed
15.09.2014 20:16:18,193 - INFO  - Watchdog has been checked: 0 passed
15.09.2014 20:18:18,396 - INFO  - Watchdog has been checked: 0 passed
15.09.2014 20:20:18,390 - INFO  - Watchdog has been checked: 0 passed
15.09.2014 20:22:18,291 - INFO  - Watchdog has been checked: 0 passed
15.09.2014 20:24:18,249 - INFO  - Watchdog has been checked: 0 passed
15.09.2014 20:26:18,161 - INFO  - Watchdog has been checked: 0 passed
15.09.2014 20:28:18,463 - INFO  - Watchdog has been checked: 0 passed
15.09.2014 20:30:18,316 - INFO  - Watchdog has been checked: 0 passed
15.09.2014 20:32:18,403 - INFO  - Watchdog has been checked: 0 passed
15.09.2014 20:34:18,416 - INFO  - Watchdog has been checked: 0 passed
15.09.2014 20:36:18,415 - INFO  - Watchdog has been checked: 0 passed
15.09.2014 20:38:18,295 - INFO  - Watchdog has been checked: 0 passed
15.09.2014 20:40:18,123 - INFO  - Watchdog has been checked: 0 passed
15.09.2014 20:42:18,137 - INFO  - Watchdog has been checked: 0 passed
15.09.2014 20:44:18,146 - INFO  - Watchdog has been checked: 0 passed
15.09.2014 20:46:17,996 - INFO  - Watchdog has been checked: 0 passed
15.09.2014 20:48:17,107 - INFO  - Watchdog has been checked: 0 passed
15.09.2014 20:50:17,043 - INFO  - Watchdog has been checked: 0 passed
15.09.2014 20:52:18,047 - INFO  - Watchdog has been checked: 0 passed
15.09.2014 20:54:17,208 - INFO  - Watchdog has been checked: 0 passed
15.09.2014 20:56:17,102 - INFO  - Watchdog has been checked: 0 passed
15.09.2014 20:58:17,016 - INFO  - Watchdog has been checked: 0 passed
15.09.2014 21:00:16,130 - INFO  - Watchdog has been checked: 0 passed
15.09.2014 21:02:16,151 - INFO  - Watchdog has been checked: 0 passed
15.09.2014 21:04:16,136 - INFO  - Watchdog has been checked: 0 passed
15.09.2014 21:06:16,082 - INFO  - Watchdog has been checked: 0 passed
15.09.2014 21:08:16,218 - INFO  - Watchdog has been checked: 0 passed
15.09.2014 21:10:16,366 - INFO  - Watchdog has been checked: 0 passed
15.09.2014 21:12:16,214 - INFO  - Watchdog has been checked: 0 passed
15.09.2014 21:14:16,368 - INFO  - Watchdog has been checked: 0 passed
15.09.2014 21:16:16,306 - INFO  - Watchdog has been checked: 0 passed
15.09.2014 21:18:16,447 - INFO  - Watchdog has been checked: 0 passed
15.09.2014 21:20:16,855 - INFO  - Watchdog has been checked: 0 passed
15.09.2014 21:22:16,356 - INFO  - Watchdog has been checked: 0 passed
15.09.2014 21:24:16,351 - INFO  - Watchdog has been checked: 0 passed
15.09.2014 21:26:16,239 - INFO  - Watchdog has been checked: 0 passed
15.09.2014 21:28:18,485 - INFO  - Watchdog has been checked: 0 passed
15.09.2014 21:30:18,306 - INFO  - Watchdog has been checked: 0 passed
15.09.2014 21:32:18,393 - INFO  - Watchdog has been checked: 0 passed
15.09.2014 21:34:18,240 - INFO  - Watchdog has been checked: 0 passed
15.09.2014 21:36:18,253 - INFO  - Watchdog has been checked: 0 passed
15.09.2014 21:38:18,335 - INFO  - Watchdog has been checked: 0 passed
15.09.2014 21:40:18,407 - INFO  - Watchdog has been checked: 0 passed
15.09.2014 21:42:18,361 - INFO  - Watchdog has been checked: 0 passed
15.09.2014 21:44:18,295 - INFO  - Watchdog has been checked: 0 passed
15.09.2014 21:46:18,361 - INFO  - Watchdog has been checked: 0 passed
15.09.2014 21:48:18,242 - INFO  - Watchdog has been checked: 0 passed
15.09.2014 21:50:18,316 - INFO  - Watchdog has been checked: 0 passed
15.09.2014 21:52:18,475 - INFO  - Watchdog has been checked: 0 passed
15.09.2014 21:54:18,379 - INFO  - Watchdog has been checked: 0 passed
15.09.2014 21:56:18,195 - INFO  - Watchdog has been checked: 0 passed
15.09.2014 21:58:18,136 - INFO  - Watchdog has been checked: 0 passed
15.09.2014 22:00:18,180 - INFO  - Watchdog has been checked: 0 passed
15.09.2014 22:02:18,055 - INFO  - Watchdog has been checked: 0 passed
15.09.2014 22:04:18,133 - INFO  - Watchdog has been checked: 0 passed
15.09.2014 22:06:18,055 - INFO  - Watchdog has been checked: 0 passed
15.09.2014 22:08:17,958 - INFO  - Watchdog has been checked: 0 passed
15.09.2014 22:10:17,150 - INFO  - Watchdog has been checked: 0 passed
15.09.2014 22:12:17,047 - INFO  - Watchdog has been checked: 0 passed
15.09.2014 22:14:15,988 - INFO  - Watchdog has been checked: 0 passed
15.09.2014 22:16:15,090 - INFO  - Watchdog has been checked: 0 passed
15.09.2014 22:18:15,003 - INFO  - Watchdog has been checked: 0 passed
15.09.2014 22:20:14,038 - INFO  - Watchdog has been checked: 0 passed
15.09.2014 22:22:13,039 - INFO  - Watchdog has been checked: 0 passed
15.09.2014 22:24:13,040 - INFO  - Watchdog has been checked: 0 passed
15.09.2014 22:26:12,039 - INFO  - Watchdog has been checked: 0 passed
15.09.2014 22:28:12,028 - INFO  - Watchdog has been checked: 0 passed
15.09.2014 22:30:11,065 - INFO  - Watchdog has been checked: 0 passed
15.09.2014 22:32:10,106 - INFO  - Watchdog has been checked: 0 passed
15.09.2014 22:34:09,149 - INFO  - Watchdog has been checked: 0 passed
15.09.2014 22:36:09,033 - INFO  - Watchdog has been checked: 0 passed
15.09.2014 22:38:08,211 - INFO  - Watchdog has been checked: 0 passed
15.09.2014 22:40:08,188 - INFO  - Watchdog has been checked: 0 passed
15.09.2014 22:42:08,068 - INFO  - Watchdog has been checked: 0 passed
15.09.2014 22:44:08,391 - INFO  - Watchdog has been checked: 0 passed
15.09.2014 22:46:08,268 - INFO  - Watchdog has been checked: 0 passed
15.09.2014 22:48:08,387 - INFO  - Watchdog has been checked: 0 passed
15.09.2014 22:50:08,241 - INFO  - Watchdog has been checked: 0 passed
15.09.2014 22:52:08,342 - INFO  - Watchdog has been checked: 0 passed
15.09.2014 22:54:08,330 - INFO  - Watchdog has been checked: 0 passed
15.09.2014 22:56:08,359 - INFO  - Watchdog has been checked: 0 passed
15.09.2014 22:58:08,259 - INFO  - Watchdog has been checked: 0 passed
15.09.2014 23:00:08,307 - INFO  - Watchdog has been checked: 0 passed
15.09.2014 23:02:08,251 - INFO  - Watchdog has been checked: 0 passed
15.09.2014 23:04:08,310 - INFO  - Watchdog has been checked: 0 passed
15.09.2014 23:06:08,376 - INFO  - Watchdog has been checked: 0 passed
15.09.2014 23:08:08,199 - INFO  - Watchdog has been checked: 0 passed
15.09.2014 23:10:08,262 - INFO  - Watchdog has been checked: 0 passed
15.09.2014 23:12:08,414 - INFO  - Watchdog has been checked: 0 passed
15.09.2014 23:14:08,438 - INFO  - Watchdog has been checked: 0 passed
15.09.2014 23:16:08,271 - INFO  - Watchdog has been checked: 0 passed
15.09.2014 23:18:08,429 - INFO  - Watchdog has been checked: 0 passed
15.09.2014 23:20:08,277 - INFO  - Watchdog has been checked: 0 passed
15.09.2014 23:22:08,388 - INFO  - Watchdog has been checked: 0 passed
15.09.2014 23:24:08,322 - INFO  - Watchdog has been checked: 0 passed
15.09.2014 23:26:08,216 - INFO  - Watchdog has been checked: 0 passed
15.09.2014 23:28:08,139 - INFO  - Watchdog has been checked: 0 passed
15.09.2014 23:31:13,790 - INFO  - Watchdog has been checked: 0 passed
15.09.2014 23:31:13,790 - INFO  - Watchdog has been checked: 0 passed
15.09.2014 23:32:08,075 - INFO  - Watchdog has been checked: 0 passed
15.09.2014 23:34:08,025 - INFO  - Watchdog has been checked: 0 passed
15.09.2014 23:36:08,197 - INFO  - Watchdog has been checked: 0 passed
15.09.2014 23:38:08,147 - INFO  - Watchdog has been checked: 0 passed
15.09.2014 23:40:08,161 - INFO  - Watchdog has been checked: 0 passed
15.09.2014 23:42:08,310 - INFO  - Watchdog has been checked: 0 passed
15.09.2014 23:44:08,070 - INFO  - Watchdog has been checked: 0 passed
15.09.2014 23:46:07,219 - INFO  - Watchdog has been checked: 0 passed
15.09.2014 23:48:07,045 - INFO  - Watchdog has been checked: 0 passed
15.09.2014 23:50:07,377 - INFO  - Watchdog has been checked: 0 passed
15.09.2014 23:52:07,083 - INFO  - Watchdog has been checked: 0 passed
15.09.2014 23:54:07,052 - INFO  - Watchdog has been checked: 0 passed
15.09.2014 23:56:06,975 - INFO  - Watchdog has been checked: 0 passed
15.09.2014 23:58:08,102 - INFO  - Watchdog has been checked: 0 passed
