12.09.2014 00:01:17,011 - INFO  - Watchdog has been checked: 0 passed
12.09.2014 00:03:16,005 - INFO  - Watchdog has been checked: 0 passed
12.09.2014 00:05:16,067 - INFO  - Watchdog has been checked: 0 passed
12.09.2014 00:07:16,160 - INFO  - Watchdog has been checked: 0 passed
12.09.2014 00:09:16,113 - INFO  - Watchdog has been checked: 0 passed
12.09.2014 00:11:15,935 - INFO  - Watchdog has been checked: 0 passed
12.09.2014 00:13:16,051 - INFO  - Watchdog has been checked: 0 passed
12.09.2014 00:15:16,051 - INFO  - Watchdog has been checked: 0 passed
12.09.2014 00:17:16,052 - INFO  - Watchdog has been checked: 0 passed
12.09.2014 00:19:16,011 - INFO  - Watchdog has been checked: 0 passed
12.09.2014 00:21:15,992 - INFO  - Watchdog has been checked: 0 passed
12.09.2014 00:23:18,019 - INFO  - Watchdog has been checked: 0 passed
12.09.2014 00:25:17,911 - INFO  - Watchdog has been checked: 0 passed
12.09.2014 00:27:18,254 - INFO  - Watchdog has been checked: 0 passed
12.09.2014 00:29:18,003 - INFO  - Watchdog has been checked: 0 passed
12.09.2014 00:31:18,098 - INFO  - Watchdog has been checked: 0 passed
12.09.2014 00:33:18,098 - INFO  - Watchdog has been checked: 0 passed
12.09.2014 00:35:17,910 - INFO  - Watchdog has been checked: 0 passed
12.09.2014 00:37:18,112 - INFO  - Watchdog has been checked: 0 passed
12.09.2014 00:39:18,096 - INFO  - Watchdog has been checked: 0 passed
12.09.2014 00:41:18,228 - INFO  - Watchdog has been checked: 0 passed
12.09.2014 00:43:18,301 - INFO  - Watchdog has been checked: 0 passed
12.09.2014 00:45:18,363 - INFO  - Watchdog has been checked: 0 passed
12.09.2014 00:47:18,335 - INFO  - Watchdog has been checked: 0 passed
12.09.2014 00:49:18,295 - INFO  - Watchdog has been checked: 0 passed
12.09.2014 00:51:18,441 - INFO  - Watchdog has been checked: 0 passed
12.09.2014 00:53:18,252 - INFO  - Watchdog has been checked: 0 passed
12.09.2014 00:55:18,305 - INFO  - Watchdog has been checked: 0 passed
12.09.2014 00:57:18,423 - INFO  - Watchdog has been checked: 0 passed
12.09.2014 00:59:18,326 - INFO  - Watchdog has been checked: 0 passed
12.09.2014 01:01:18,454 - INFO  - Watchdog has been checked: 0 passed
12.09.2014 01:03:18,325 - INFO  - Watchdog has been checked: 0 passed
12.09.2014 01:05:18,329 - INFO  - Watchdog has been checked: 0 passed
12.09.2014 01:07:18,485 - INFO  - Watchdog has been checked: 0 passed
12.09.2014 01:09:18,317 - INFO  - Watchdog has been checked: 0 passed
12.09.2014 01:11:18,432 - INFO  - Watchdog has been checked: 0 passed
12.09.2014 01:13:18,285 - INFO  - Watchdog has been checked: 0 passed
12.09.2014 01:15:18,360 - INFO  - Watchdog has been checked: 0 passed
12.09.2014 01:17:18,374 - INFO  - Watchdog has been checked: 0 passed
12.09.2014 01:19:18,396 - INFO  - Watchdog has been checked: 0 passed
12.09.2014 01:21:18,486 - INFO  - Watchdog has been checked: 0 passed
12.09.2014 01:23:18,285 - INFO  - Watchdog has been checked: 0 passed
12.09.2014 01:25:18,279 - INFO  - Watchdog has been checked: 0 passed
12.09.2014 01:27:18,415 - INFO  - Watchdog has been checked: 0 passed
12.09.2014 01:29:18,271 - INFO  - Watchdog has been checked: 0 passed
12.09.2014 01:31:18,289 - INFO  - Watchdog has been checked: 0 passed
12.09.2014 01:33:18,176 - INFO  - Watchdog has been checked: 0 passed
12.09.2014 01:35:18,145 - INFO  - Watchdog has been checked: 0 passed
12.09.2014 01:37:18,043 - INFO  - Watchdog has been checked: 0 passed
12.09.2014 01:39:17,946 - INFO  - Watchdog has been checked: 0 passed
12.09.2014 01:41:16,949 - INFO  - Watchdog has been checked: 0 passed
12.09.2014 01:43:16,174 - INFO  - Watchdog has been checked: 0 passed
12.09.2014 01:45:16,124 - INFO  - Watchdog has been checked: 0 passed
12.09.2014 01:47:16,116 - INFO  - Watchdog has been checked: 0 passed
12.09.2014 01:49:18,188 - INFO  - Watchdog has been checked: 0 passed
12.09.2014 01:51:18,193 - INFO  - Watchdog has been checked: 0 passed
12.09.2014 01:53:18,033 - INFO  - Watchdog has been checked: 0 passed
12.09.2014 01:55:17,038 - INFO  - Watchdog has been checked: 0 passed
12.09.2014 01:57:17,173 - INFO  - Watchdog has been checked: 0 passed
12.09.2014 01:59:17,154 - INFO  - Watchdog has been checked: 0 passed
12.09.2014 02:01:18,094 - INFO  - Watchdog has been checked: 0 passed
12.09.2014 02:03:18,013 - INFO  - Watchdog has been checked: 0 passed
12.09.2014 02:05:18,024 - INFO  - Watchdog has been checked: 0 passed
12.09.2014 02:07:18,220 - INFO  - Watchdog has been checked: 0 passed
12.09.2014 02:09:18,262 - INFO  - Watchdog has been checked: 0 passed
12.09.2014 02:11:18,207 - INFO  - Watchdog has been checked: 0 passed
12.09.2014 02:13:18,092 - INFO  - Watchdog has been checked: 0 passed
12.09.2014 02:15:18,183 - INFO  - Watchdog has been checked: 0 passed
12.09.2014 02:17:18,361 - INFO  - Watchdog has been checked: 0 passed
12.09.2014 02:19:18,142 - INFO  - Watchdog has been checked: 0 passed
12.09.2014 02:21:18,162 - INFO  - Watchdog has been checked: 0 passed
12.09.2014 02:23:18,284 - INFO  - Watchdog has been checked: 0 passed
12.09.2014 02:25:18,136 - INFO  - Watchdog has been checked: 0 passed
12.09.2014 02:27:18,233 - INFO  - Watchdog has been checked: 0 passed
12.09.2014 02:29:18,177 - INFO  - Watchdog has been checked: 0 passed
12.09.2014 02:31:18,272 - INFO  - Watchdog has been checked: 0 passed
12.09.2014 02:33:18,126 - INFO  - Watchdog has been checked: 0 passed
12.09.2014 02:35:18,198 - INFO  - Watchdog has been checked: 0 passed
12.09.2014 02:37:18,157 - INFO  - Watchdog has been checked: 0 passed
12.09.2014 02:39:18,376 - INFO  - Watchdog has been checked: 0 passed
12.09.2014 02:41:18,414 - INFO  - Watchdog has been checked: 0 passed
12.09.2014 02:43:18,314 - INFO  - Watchdog has been checked: 0 passed
12.09.2014 02:45:18,372 - INFO  - Watchdog has been checked: 0 passed
12.09.2014 02:47:18,214 - INFO  - Watchdog has been checked: 0 passed
12.09.2014 02:49:18,197 - INFO  - Watchdog has been checked: 0 passed
12.09.2014 02:51:18,192 - INFO  - Watchdog has been checked: 0 passed
12.09.2014 02:53:18,232 - INFO  - Watchdog has been checked: 0 passed
12.09.2014 02:55:18,234 - INFO  - Watchdog has been checked: 0 passed
12.09.2014 02:57:18,052 - INFO  - Watchdog has been checked: 0 passed
12.09.2014 02:59:17,019 - INFO  - Watchdog has been checked: 0 passed
12.09.2014 03:01:16,006 - INFO  - Watchdog has been checked: 0 passed
12.09.2014 03:03:15,110 - INFO  - Watchdog has been checked: 0 passed
12.09.2014 03:05:15,129 - INFO  - Watchdog has been checked: 0 passed
12.09.2014 03:07:14,992 - INFO  - Watchdog has been checked: 0 passed
12.09.2014 03:09:14,148 - INFO  - Watchdog has been checked: 0 passed
12.09.2014 03:11:14,189 - INFO  - Watchdog has been checked: 0 passed
12.09.2014 03:13:14,005 - INFO  - Watchdog has been checked: 0 passed
12.09.2014 03:15:13,111 - INFO  - Watchdog has been checked: 0 passed
12.09.2014 03:17:13,204 - INFO  - Watchdog has been checked: 0 passed
12.09.2014 03:19:13,169 - INFO  - Watchdog has been checked: 0 passed
12.09.2014 03:21:13,143 - INFO  - Watchdog has been checked: 0 passed
12.09.2014 03:23:13,261 - INFO  - Watchdog has been checked: 0 passed
12.09.2014 03:25:13,263 - INFO  - Watchdog has been checked: 0 passed
12.09.2014 03:27:13,228 - INFO  - Watchdog has been checked: 0 passed
12.09.2014 03:29:13,383 - INFO  - Watchdog has been checked: 0 passed
12.09.2014 03:31:13,328 - INFO  - Watchdog has been checked: 0 passed
12.09.2014 03:33:13,227 - INFO  - Watchdog has been checked: 0 passed
12.09.2014 03:35:13,228 - INFO  - Watchdog has been checked: 0 passed
12.09.2014 03:37:13,361 - INFO  - Watchdog has been checked: 0 passed
12.09.2014 03:39:13,250 - INFO  - Watchdog has been checked: 0 passed
12.09.2014 03:41:13,239 - INFO  - Watchdog has been checked: 0 passed
12.09.2014 03:43:13,231 - INFO  - Watchdog has been checked: 0 passed
12.09.2014 03:45:13,400 - INFO  - Watchdog has been checked: 0 passed
12.09.2014 03:47:13,304 - INFO  - Watchdog has been checked: 0 passed
12.09.2014 03:49:13,186 - INFO  - Watchdog has been checked: 0 passed
12.09.2014 03:51:13,221 - INFO  - Watchdog has been checked: 0 passed
12.09.2014 03:53:13,366 - INFO  - Watchdog has been checked: 0 passed
12.09.2014 03:55:13,085 - INFO  - Watchdog has been checked: 0 passed
12.09.2014 03:57:13,183 - INFO  - Watchdog has been checked: 0 passed
12.09.2014 03:59:13,261 - INFO  - Watchdog has been checked: 0 passed
12.09.2014 04:01:13,194 - INFO  - Watchdog has been checked: 0 passed
12.09.2014 04:03:13,126 - INFO  - Watchdog has been checked: 0 passed
12.09.2014 04:05:12,286 - INFO  - Watchdog has been checked: 0 passed
12.09.2014 04:07:12,184 - INFO  - Watchdog has been checked: 0 passed
12.09.2014 04:09:12,122 - INFO  - Watchdog has been checked: 0 passed
12.09.2014 04:11:12,045 - INFO  - Watchdog has been checked: 0 passed
12.09.2014 04:13:11,003 - INFO  - Watchdog has been checked: 0 passed
12.09.2014 04:15:10,011 - INFO  - Watchdog has been checked: 0 passed
12.09.2014 04:17:09,146 - INFO  - Watchdog has been checked: 0 passed
12.09.2014 04:19:09,094 - INFO  - Watchdog has been checked: 0 passed
12.09.2014 04:21:08,057 - INFO  - Watchdog has been checked: 0 passed
12.09.2014 04:23:08,023 - INFO  - Watchdog has been checked: 0 passed
12.09.2014 04:25:08,210 - INFO  - Watchdog has been checked: 0 passed
12.09.2014 04:27:08,194 - INFO  - Watchdog has been checked: 0 passed
12.09.2014 04:29:08,111 - INFO  - Watchdog has been checked: 0 passed
12.09.2014 04:31:08,344 - INFO  - Watchdog has been checked: 0 passed
12.09.2014 04:33:08,102 - INFO  - Watchdog has been checked: 0 passed
12.09.2014 04:35:08,154 - INFO  - Watchdog has been checked: 0 passed
12.09.2014 04:37:08,259 - INFO  - Watchdog has been checked: 0 passed
12.09.2014 04:39:08,098 - INFO  - Watchdog has been checked: 0 passed
12.09.2014 04:41:08,271 - INFO  - Watchdog has been checked: 0 passed
12.09.2014 04:43:08,316 - INFO  - Watchdog has been checked: 0 passed
12.09.2014 04:45:08,255 - INFO  - Watchdog has been checked: 0 passed
12.09.2014 04:47:08,133 - INFO  - Watchdog has been checked: 0 passed
12.09.2014 04:49:08,375 - INFO  - Watchdog has been checked: 0 passed
12.09.2014 04:51:08,086 - INFO  - Watchdog has been checked: 0 passed
12.09.2014 04:53:08,207 - INFO  - Watchdog has been checked: 0 passed
12.09.2014 04:55:08,276 - INFO  - Watchdog has been checked: 0 passed
12.09.2014 04:57:08,330 - INFO  - Watchdog has been checked: 0 passed
12.09.2014 04:59:08,294 - INFO  - Watchdog has been checked: 0 passed
12.09.2014 05:01:08,230 - INFO  - Watchdog has been checked: 0 passed
12.09.2014 05:03:08,193 - INFO  - Watchdog has been checked: 0 passed
12.09.2014 05:05:08,197 - INFO  - Watchdog has been checked: 0 passed
12.09.2014 05:07:08,270 - INFO  - Watchdog has been checked: 0 passed
12.09.2014 05:09:08,148 - INFO  - Watchdog has been checked: 0 passed
12.09.2014 05:11:08,211 - INFO  - Watchdog has been checked: 0 passed
12.09.2014 05:13:08,146 - INFO  - Watchdog has been checked: 0 passed
12.09.2014 05:15:08,102 - INFO  - Watchdog has been checked: 0 passed
12.09.2014 05:17:07,147 - INFO  - Watchdog has been checked: 0 passed
12.09.2014 05:19:07,126 - INFO  - Watchdog has been checked: 0 passed
12.09.2014 05:21:08,065 - INFO  - Watchdog has been checked: 0 passed
12.09.2014 05:23:06,969 - INFO  - Watchdog has been checked: 0 passed
12.09.2014 05:25:06,628 - INFO  - Watchdog has been checked: 0 passed
12.09.2014 05:27:06,023 - INFO  - Watchdog has been checked: 0 passed
12.09.2014 05:29:05,950 - INFO  - Watchdog has been checked: 0 passed
12.09.2014 05:31:04,972 - INFO  - Watchdog has been checked: 0 passed
12.09.2014 05:33:04,069 - INFO  - Watchdog has been checked: 0 passed
12.09.2014 05:35:03,882 - INFO  - Watchdog has been checked: 0 passed
12.09.2014 05:37:02,922 - INFO  - Watchdog has been checked: 0 passed
12.09.2014 05:39:02,950 - INFO  - Watchdog has been checked: 0 passed
12.09.2014 05:41:03,074 - INFO  - Watchdog has been checked: 0 passed
12.09.2014 05:43:03,007 - INFO  - Watchdog has been checked: 0 passed
12.09.2014 05:45:03,066 - INFO  - Watchdog has been checked: 0 passed
12.09.2014 05:47:03,055 - INFO  - Watchdog has been checked: 0 passed
12.09.2014 05:49:03,025 - INFO  - Watchdog has been checked: 0 passed
12.09.2014 05:51:03,129 - INFO  - Watchdog has been checked: 0 passed
12.09.2014 05:53:03,256 - INFO  - Watchdog has been checked: 0 passed
12.09.2014 05:55:03,334 - INFO  - Watchdog has been checked: 0 passed
12.09.2014 05:57:03,246 - INFO  - Watchdog has been checked: 0 passed
12.09.2014 05:59:03,232 - INFO  - Watchdog has been checked: 0 passed
12.09.2014 06:01:03,192 - INFO  - Watchdog has been checked: 0 passed
12.09.2014 06:03:03,157 - INFO  - Watchdog has been checked: 0 passed
12.09.2014 06:05:03,211 - INFO  - Watchdog has been checked: 0 passed
12.09.2014 06:07:03,328 - INFO  - Watchdog has been checked: 0 passed
12.09.2014 06:09:03,171 - INFO  - Watchdog has been checked: 0 passed
12.09.2014 06:11:03,185 - INFO  - Watchdog has been checked: 0 passed
12.09.2014 06:13:03,148 - INFO  - Watchdog has been checked: 0 passed
12.09.2014 06:15:02,353 - INFO  - mapping file sync started
12.09.2014 06:15:03,616 - INFO  - file successfully updated
12.09.2014 06:17:03,338 - INFO  - Watchdog has been checked: 0 passed
12.09.2014 06:19:03,259 - INFO  - Watchdog has been checked: 0 passed
12.09.2014 06:21:03,206 - INFO  - Watchdog has been checked: 0 passed
12.09.2014 06:23:03,189 - INFO  - Watchdog has been checked: 0 passed
12.09.2014 06:25:03,123 - INFO  - Watchdog has been checked: 0 passed
12.09.2014 06:27:03,310 - INFO  - Watchdog has been checked: 0 passed
12.09.2014 06:29:03,207 - INFO  - Watchdog has been checked: 0 passed
12.09.2014 06:31:03,228 - INFO  - Watchdog has been checked: 0 passed
12.09.2014 06:33:03,195 - INFO  - Watchdog has been checked: 0 passed
12.09.2014 06:35:03,153 - INFO  - Watchdog has been checked: 0 passed
12.09.2014 06:37:03,240 - INFO  - Watchdog has been checked: 0 passed
12.09.2014 06:39:03,188 - INFO  - Watchdog has been checked: 0 passed
12.09.2014 06:41:03,058 - INFO  - Watchdog has been checked: 0 passed
12.09.2014 06:43:02,105 - INFO  - Watchdog has been checked: 0 passed
12.09.2014 06:45:02,017 - INFO  - Watchdog has been checked: 0 passed
12.09.2014 06:47:02,284 - INFO  - Watchdog has been checked: 0 passed
12.09.2014 06:49:02,240 - INFO  - Watchdog has been checked: 0 passed
12.09.2014 06:51:02,189 - INFO  - Watchdog has been checked: 0 passed
12.09.2014 06:53:02,121 - INFO  - Watchdog has been checked: 0 passed
12.09.2014 06:55:02,133 - INFO  - Watchdog has been checked: 0 passed
12.09.2014 06:57:02,229 - INFO  - Watchdog has been checked: 0 passed
12.09.2014 06:59:02,202 - INFO  - Watchdog has been checked: 0 passed
12.09.2014 07:01:02,115 - INFO  - Watchdog has been checked: 0 passed
12.09.2014 07:03:01,296 - INFO  - Watchdog has been checked: 0 passed
12.09.2014 07:05:01,298 - INFO  - Watchdog has been checked: 0 passed
12.09.2014 07:07:01,205 - INFO  - Watchdog has been checked: 0 passed
12.09.2014 07:09:01,266 - INFO  - Watchdog has been checked: 0 passed
12.09.2014 07:11:01,144 - INFO  - Watchdog has been checked: 0 passed
12.09.2014 07:13:00,320 - INFO  - Watchdog has been checked: 0 passed
12.09.2014 07:15:00,371 - INFO  - Watchdog has been checked: 0 passed
12.09.2014 07:15:01,626 - INFO  - mapping file sync started
12.09.2014 07:15:02,467 - INFO  - file successfully updated
12.09.2014 07:17:00,194 - INFO  - Watchdog has been checked: 0 passed
12.09.2014 07:19:00,195 - INFO  - Watchdog has been checked: 0 passed
12.09.2014 07:21:00,183 - INFO  - Watchdog has been checked: 0 passed
12.09.2014 07:23:00,135 - INFO  - Watchdog has been checked: 0 passed
12.09.2014 07:25:00,231 - INFO  - Watchdog has been checked: 0 passed
12.09.2014 07:27:00,132 - INFO  - Watchdog has been checked: 0 passed
12.09.2014 07:29:00,339 - INFO  - Watchdog has been checked: 0 passed
12.09.2014 07:31:00,366 - INFO  - Watchdog has been checked: 0 passed
12.09.2014 07:33:00,317 - INFO  - Watchdog has been checked: 0 passed
12.09.2014 07:35:00,401 - INFO  - Watchdog has been checked: 0 passed
12.09.2014 07:37:00,171 - INFO  - Watchdog has been checked: 0 passed
12.09.2014 07:39:00,126 - INFO  - Watchdog has been checked: 0 passed
12.09.2014 07:40:59,088 - INFO  - Watchdog has been checked: 0 passed
12.09.2014 07:42:58,015 - INFO  - Watchdog has been checked: 0 passed
12.09.2014 07:44:58,001 - INFO  - Watchdog has been checked: 0 passed
12.09.2014 07:46:58,093 - INFO  - Watchdog has been checked: 0 passed
12.09.2014 07:48:58,033 - INFO  - Watchdog has been checked: 0 passed
12.09.2014 07:50:58,095 - INFO  - Watchdog has been checked: 0 passed
12.09.2014 07:52:57,989 - INFO  - Watchdog has been checked: 0 passed
12.09.2014 07:54:57,128 - INFO  - Watchdog has been checked: 0 passed
12.09.2014 07:56:57,144 - INFO  - Watchdog has been checked: 0 passed
12.09.2014 07:58:57,169 - INFO  - Watchdog has been checked: 0 passed
12.09.2014 08:00:57,172 - INFO  - Watchdog has been checked: 0 passed
12.09.2014 08:02:57,060 - INFO  - Watchdog has been checked: 0 passed
12.09.2014 08:04:56,288 - INFO  - Watchdog has been checked: 0 passed
12.09.2014 08:06:56,262 - INFO  - Watchdog has been checked: 0 passed
12.09.2014 08:08:56,192 - INFO  - Watchdog has been checked: 0 passed
12.09.2014 08:10:56,210 - INFO  - Watchdog has been checked: 0 passed
12.09.2014 08:12:56,293 - INFO  - Watchdog has been checked: 0 passed
12.09.2014 08:14:56,084 - INFO  - Watchdog has been checked: 0 passed
12.09.2014 08:16:56,354 - INFO  - Watchdog has been checked: 0 passed
12.09.2014 08:18:56,231 - INFO  - Watchdog has been checked: 0 passed
12.09.2014 08:20:56,577 - INFO  - Watchdog has been checked: 0 passed
12.09.2014 08:22:56,393 - INFO  - Watchdog has been checked: 0 passed
12.09.2014 08:24:56,401 - INFO  - Watchdog has been checked: 0 passed
12.09.2014 08:26:56,346 - INFO  - Watchdog has been checked: 0 passed
12.09.2014 08:28:58,227 - INFO  - Watchdog has been checked: 0 passed
12.09.2014 08:30:58,225 - INFO  - Watchdog has been checked: 0 passed
12.09.2014 08:31:22,689 - INFO  - searcher identified --- respT: 22ms, 804 results, q=wsd, 
12.09.2014 08:31:56,570 - INFO  - searcher identified --- respT: 30ms, 65008 results, q=, 
12.09.2014 08:31:58,998 - INFO  - searcher identified --- respT: 41ms, 284 results, q=reise, 
12.09.2014 08:32:01,468 - INFO  - searcher identified --- respT: 9ms, 284 results, q=reise, 
12.09.2014 08:32:08,994 - INFO  - searcher identified --- respT: 12ms, no results, q=reisefo, 
12.09.2014 08:32:11,566 - INFO  - searcher identified --- respT: 8ms, 284 results, q=reise, 
12.09.2014 08:32:19,101 - INFO  - searcher identified --- respT: 9ms, 284 results, q=reise, page turned
12.09.2014 08:32:23,112 - INFO  - searcher identified --- respT: 8ms, 284 results, q=reise, page turned
12.09.2014 08:32:25,629 - INFO  - searcher identified --- respT: 8ms, 284 results, q=reise, page turned
12.09.2014 08:32:28,110 - INFO  - searcher identified --- respT: 9ms, 284 results, q=reise, page turned
12.09.2014 08:32:30,269 - INFO  - searcher identified --- respT: 10ms, 284 results, q=reise, page turned
12.09.2014 08:32:48,191 - INFO  - searcher identified --- respT: 10ms, no results, q=reisedokument, 
12.09.2014 08:32:48,589 - INFO  - searcher identified --- respT: 10ms, no results, q=reisedokument, 
12.09.2014 08:32:51,368 - INFO  - searcher identified --- respT: 8ms, 57 results, q=reisen, 
12.09.2014 08:32:51,795 - INFO  - searcher identified --- respT: 8ms, 57 results, q=reisen, 
12.09.2014 08:32:58,371 - INFO  - Watchdog has been checked: 0 passed
12.09.2014 08:33:20,436 - INFO  - searcher identified --- respT: 14ms, 8408 results, q=AIT, 
12.09.2014 08:33:21,723 - INFO  - searcher identified --- respT: 15ms, 8408 results, q=AIT, 
12.09.2014 08:34:58,137 - INFO  - Watchdog has been checked: 0 passed
12.09.2014 08:36:58,283 - INFO  - Watchdog has been checked: 0 passed
12.09.2014 08:38:58,166 - INFO  - Watchdog has been checked: 0 passed
12.09.2014 08:40:58,182 - INFO  - Watchdog has been checked: 0 passed
12.09.2014 08:42:58,351 - INFO  - Watchdog has been checked: 0 passed
12.09.2014 08:44:58,185 - INFO  - Watchdog has been checked: 0 passed
12.09.2014 08:46:58,193 - INFO  - Watchdog has been checked: 0 passed
12.09.2014 08:48:58,289 - INFO  - Watchdog has been checked: 0 passed
12.09.2014 08:50:58,038 - INFO  - Watchdog has been checked: 0 passed
12.09.2014 08:52:57,216 - INFO  - Watchdog has been checked: 0 passed
12.09.2014 08:54:57,211 - INFO  - Watchdog has been checked: 0 passed
12.09.2014 08:56:57,056 - INFO  - Watchdog has been checked: 0 passed
12.09.2014 08:58:56,261 - INFO  - Watchdog has been checked: 0 passed
12.09.2014 09:00:56,205 - INFO  - Watchdog has been checked: 0 passed
12.09.2014 09:02:04,941 - INFO  - searcher identified --- respT: 15ms, 804 results, q=wsd, 
12.09.2014 09:02:56,111 - INFO  - Watchdog has been checked: 0 passed
12.09.2014 09:04:58,054 - INFO  - Watchdog has been checked: 0 passed
12.09.2014 09:06:57,042 - INFO  - Watchdog has been checked: 0 passed
12.09.2014 09:08:56,269 - INFO  - Watchdog has been checked: 0 passed
12.09.2014 09:10:56,247 - INFO  - Watchdog has been checked: 0 passed
12.09.2014 09:12:56,190 - INFO  - Watchdog has been checked: 0 passed
12.09.2014 09:14:56,154 - INFO  - Watchdog has been checked: 0 passed
12.09.2014 09:16:56,290 - INFO  - Watchdog has been checked: 0 passed
12.09.2014 09:18:56,291 - INFO  - Watchdog has been checked: 0 passed
12.09.2014 09:20:56,256 - INFO  - Watchdog has been checked: 0 passed
12.09.2014 09:22:56,125 - INFO  - Watchdog has been checked: 0 passed
12.09.2014 09:24:56,106 - INFO  - Watchdog has been checked: 0 passed
12.09.2014 09:26:55,003 - INFO  - Watchdog has been checked: 0 passed
12.09.2014 09:28:54,203 - INFO  - Watchdog has been checked: 0 passed
12.09.2014 09:30:54,126 - INFO  - Watchdog has been checked: 0 passed
12.09.2014 09:32:54,041 - INFO  - Watchdog has been checked: 0 passed
12.09.2014 09:34:54,115 - INFO  - Watchdog has been checked: 0 passed
12.09.2014 09:36:54,269 - INFO  - Watchdog has been checked: 0 passed
12.09.2014 09:38:54,226 - INFO  - Watchdog has been checked: 0 passed
12.09.2014 09:40:54,129 - INFO  - Watchdog has been checked: 0 passed
12.09.2014 09:42:54,090 - INFO  - Watchdog has been checked: 0 passed
12.09.2014 09:44:54,165 - INFO  - Watchdog has been checked: 0 passed
12.09.2014 09:46:54,242 - INFO  - Watchdog has been checked: 0 passed
12.09.2014 09:48:54,135 - INFO  - Watchdog has been checked: 0 passed
12.09.2014 09:50:54,096 - INFO  - Watchdog has been checked: 0 passed
12.09.2014 09:52:54,299 - INFO  - Watchdog has been checked: 0 passed
12.09.2014 09:54:54,014 - INFO  - Watchdog has been checked: 0 passed
12.09.2014 09:56:54,148 - INFO  - Watchdog has been checked: 0 passed
12.09.2014 09:58:54,120 - INFO  - Watchdog has been checked: 0 passed
12.09.2014 10:00:54,185 - INFO  - Watchdog has been checked: 0 passed
12.09.2014 10:02:54,130 - INFO  - Watchdog has been checked: 0 passed
12.09.2014 10:04:54,184 - INFO  - Watchdog has been checked: 0 passed
12.09.2014 10:06:54,096 - INFO  - Watchdog has been checked: 0 passed
12.09.2014 10:08:54,345 - INFO  - Watchdog has been checked: 0 passed
12.09.2014 10:10:54,329 - INFO  - Watchdog has been checked: 0 passed
12.09.2014 10:12:54,150 - INFO  - Watchdog has been checked: 0 passed
12.09.2014 10:14:54,297 - INFO  - Watchdog has been checked: 0 passed
12.09.2014 10:16:54,412 - INFO  - Watchdog has been checked: 0 passed
12.09.2014 10:18:54,304 - INFO  - Watchdog has been checked: 0 passed
12.09.2014 10:20:54,260 - INFO  - Watchdog has been checked: 0 passed
12.09.2014 10:22:54,185 - INFO  - Watchdog has been checked: 0 passed
12.09.2014 10:24:54,117 - INFO  - Watchdog has been checked: 0 passed
12.09.2014 10:26:53,376 - INFO  - Watchdog has been checked: 0 passed
12.09.2014 10:28:53,475 - INFO  - Watchdog has been checked: 0 passed
12.09.2014 10:30:53,354 - INFO  - Watchdog has been checked: 0 passed
12.09.2014 10:32:53,329 - INFO  - Watchdog has been checked: 0 passed
12.09.2014 10:34:53,161 - INFO  - Watchdog has been checked: 0 passed
12.09.2014 10:36:58,133 - INFO  - Watchdog has been checked: 0 passed
12.09.2014 10:38:53,224 - INFO  - Watchdog has been checked: 0 passed
12.09.2014 10:40:37,597 - INFO  - searcher identified --- respT: 68ms, 5536 results, web:(PSIWeb), q=, 
12.09.2014 10:40:45,472 - INFO  - searcher identified --- respT: 17ms, 5536 results, web:(PSIWeb), q=, 
12.09.2014 10:40:53,332 - INFO  - Watchdog has been checked: 0 passed
12.09.2014 10:41:03,042 - INFO  - searcher identified --- respT: 29ms, 5536 results, web:(PSIWeb), q=, 
12.09.2014 10:41:14,678 - INFO  - searcher identified --- respT: 12ms, 1 results, type:dat, web:(PSIWeb), q=, 
12.09.2014 10:41:18,820 - INFO  - searcher identified --- respT: 16ms, no results, type:dat, web:(PSIWeb), q=test, 
12.09.2014 10:41:18,998 - INFO  - searcher identified --- respT: 25ms, 8495 results, q=test, 
12.09.2014 10:41:29,421 - INFO  - searcher identified --- respT: 11ms, no results, q=bill, 
12.09.2014 10:41:29,511 - INFO  - searcher identified --- respT: 11ms, no results, q=bill, 
12.09.2014 10:41:32,868 - INFO  - searcher identified --- respT: 24ms, 591 results, q=billich, 
12.09.2014 10:41:33,262 - INFO  - searcher identified --- respT: 21ms, 591 results, q=billich, 
12.09.2014 10:41:40,328 - INFO  - searcher identified --- respT: 18ms, 185 results, author:HeinerBillich, q=billich, 
12.09.2014 10:41:53,813 - INFO  - searcher identified --- respT: 14ms, 2 results, web:(Psiprojects), author:HeinerBillich, q=billich, 
12.09.2014 10:42:53,439 - INFO  - Watchdog has been checked: 0 passed
12.09.2014 10:44:53,468 - INFO  - Watchdog has been checked: 0 passed
12.09.2014 10:46:53,369 - INFO  - Watchdog has been checked: 0 passed
12.09.2014 10:48:53,257 - INFO  - Watchdog has been checked: 0 passed
12.09.2014 10:50:53,268 - INFO  - Watchdog has been checked: 0 passed
12.09.2014 10:52:53,347 - INFO  - Watchdog has been checked: 0 passed
12.09.2014 10:54:53,337 - INFO  - Watchdog has been checked: 0 passed
12.09.2014 10:56:53,169 - INFO  - Watchdog has been checked: 0 passed
12.09.2014 10:58:52,108 - INFO  - Watchdog has been checked: 0 passed
12.09.2014 11:00:51,298 - INFO  - Watchdog has been checked: 0 passed
12.09.2014 11:02:51,183 - INFO  - Watchdog has been checked: 0 passed
12.09.2014 11:04:51,130 - INFO  - Watchdog has been checked: 0 passed
12.09.2014 11:06:51,068 - INFO  - Watchdog has been checked: 0 passed
12.09.2014 11:08:50,248 - INFO  - Watchdog has been checked: 0 passed
12.09.2014 11:10:50,011 - INFO  - Watchdog has been checked: 0 passed
12.09.2014 11:12:49,117 - INFO  - Watchdog has been checked: 0 passed
12.09.2014 11:14:49,088 - INFO  - Watchdog has been checked: 0 passed
12.09.2014 11:16:49,013 - INFO  - Watchdog has been checked: 0 passed
12.09.2014 11:18:49,086 - INFO  - Watchdog has been checked: 0 passed
12.09.2014 11:20:49,042 - INFO  - Watchdog has been checked: 0 passed
12.09.2014 11:22:49,007 - INFO  - Watchdog has been checked: 0 passed
12.09.2014 11:24:49,196 - INFO  - Watchdog has been checked: 0 passed
12.09.2014 11:26:49,185 - INFO  - Watchdog has been checked: 0 passed
12.09.2014 11:28:49,129 - INFO  - Watchdog has been checked: 0 passed
12.09.2014 11:30:49,131 - INFO  - Watchdog has been checked: 0 passed
12.09.2014 11:32:49,271 - INFO  - Watchdog has been checked: 0 passed
12.09.2014 11:34:49,249 - INFO  - Watchdog has been checked: 0 passed
12.09.2014 11:36:49,114 - INFO  - Watchdog has been checked: 0 passed
12.09.2014 11:38:49,079 - INFO  - Watchdog has been checked: 0 passed
12.09.2014 11:40:48,270 - INFO  - Watchdog has been checked: 0 passed
12.09.2014 11:42:48,172 - INFO  - Watchdog has been checked: 0 passed
12.09.2014 11:44:48,185 - INFO  - Watchdog has been checked: 0 passed
12.09.2014 11:46:48,387 - INFO  - Watchdog has been checked: 0 passed
12.09.2014 11:48:48,234 - INFO  - Watchdog has been checked: 0 passed
12.09.2014 11:50:48,148 - INFO  - Watchdog has been checked: 0 passed
12.09.2014 11:52:48,250 - INFO  - Watchdog has been checked: 0 passed
12.09.2014 11:54:48,296 - INFO  - Watchdog has been checked: 0 passed
12.09.2014 11:56:48,271 - INFO  - Watchdog has been checked: 0 passed
12.09.2014 11:58:48,254 - INFO  - Watchdog has been checked: 0 passed
12.09.2014 12:00:48,469 - INFO  - Watchdog has been checked: 0 passed
12.09.2014 12:02:48,311 - INFO  - Watchdog has been checked: 0 passed
12.09.2014 12:04:48,371 - INFO  - Watchdog has been checked: 0 passed
12.09.2014 12:06:48,248 - INFO  - Watchdog has been checked: 0 passed
12.09.2014 12:08:48,379 - INFO  - Watchdog has been checked: 0 passed
12.09.2014 12:10:48,366 - INFO  - Watchdog has been checked: 0 passed
12.09.2014 12:12:48,294 - INFO  - Watchdog has been checked: 0 passed
12.09.2014 12:14:48,351 - INFO  - Watchdog has been checked: 0 passed
12.09.2014 12:16:48,220 - INFO  - Watchdog has been checked: 0 passed
12.09.2014 12:18:48,413 - INFO  - Watchdog has been checked: 0 passed
12.09.2014 12:20:48,407 - INFO  - Watchdog has been checked: 0 passed
12.09.2014 12:22:48,281 - INFO  - Watchdog has been checked: 0 passed
12.09.2014 12:24:48,246 - INFO  - Watchdog has been checked: 0 passed
12.09.2014 12:26:48,156 - INFO  - Watchdog has been checked: 0 passed
12.09.2014 12:28:48,264 - INFO  - Watchdog has been checked: 0 passed
12.09.2014 12:30:48,112 - INFO  - Watchdog has been checked: 0 passed
12.09.2014 12:32:47,275 - INFO  - Watchdog has been checked: 0 passed
12.09.2014 12:34:47,358 - INFO  - Watchdog has been checked: 0 passed
12.09.2014 12:36:47,574 - INFO  - Watchdog has been checked: 0 passed
12.09.2014 12:38:47,092 - INFO  - Watchdog has been checked: 0 passed
12.09.2014 12:40:47,086 - INFO  - Watchdog has been checked: 0 passed
12.09.2014 12:42:47,234 - INFO  - Watchdog has been checked: 0 passed
12.09.2014 12:44:47,228 - INFO  - Watchdog has been checked: 0 passed
12.09.2014 12:46:47,207 - INFO  - Watchdog has been checked: 0 passed
12.09.2014 12:48:47,086 - INFO  - Watchdog has been checked: 0 passed
12.09.2014 12:50:47,072 - INFO  - Watchdog has been checked: 0 passed
12.09.2014 12:52:47,138 - INFO  - Watchdog has been checked: 0 passed
12.09.2014 12:54:47,218 - INFO  - Watchdog has been checked: 0 passed
12.09.2014 12:56:47,121 - INFO  - Watchdog has been checked: 0 passed
12.09.2014 12:58:47,084 - INFO  - Watchdog has been checked: 0 passed
12.09.2014 13:00:47,330 - INFO  - Watchdog has been checked: 0 passed
12.09.2014 13:02:47,161 - INFO  - Watchdog has been checked: 0 passed
12.09.2014 13:04:47,130 - INFO  - Watchdog has been checked: 0 passed
12.09.2014 13:06:47,093 - INFO  - Watchdog has been checked: 0 passed
12.09.2014 13:08:47,272 - INFO  - Watchdog has been checked: 0 passed
12.09.2014 13:10:47,196 - INFO  - Watchdog has been checked: 0 passed
12.09.2014 13:12:47,271 - INFO  - Watchdog has been checked: 0 passed
12.09.2014 13:14:47,327 - INFO  - Watchdog has been checked: 0 passed
12.09.2014 13:16:47,157 - INFO  - Watchdog has been checked: 0 passed
12.09.2014 13:18:47,098 - INFO  - Watchdog has been checked: 0 passed
12.09.2014 13:20:47,099 - INFO  - Watchdog has been checked: 0 passed
12.09.2014 13:22:47,211 - INFO  - Watchdog has been checked: 0 passed
12.09.2014 13:24:47,204 - INFO  - Watchdog has been checked: 0 passed
12.09.2014 13:26:47,279 - INFO  - Watchdog has been checked: 0 passed
12.09.2014 13:28:47,377 - INFO  - Watchdog has been checked: 0 passed
12.09.2014 13:30:47,795 - INFO  - Watchdog has been checked: 0 passed
12.09.2014 13:32:47,272 - INFO  - Watchdog has been checked: 0 passed
12.09.2014 13:34:47,278 - INFO  - Watchdog has been checked: 0 passed
12.09.2014 13:36:47,088 - INFO  - Watchdog has been checked: 0 passed
12.09.2014 13:38:48,252 - INFO  - Watchdog has been checked: 0 passed
12.09.2014 13:40:48,186 - INFO  - Watchdog has been checked: 0 passed
12.09.2014 13:42:48,145 - INFO  - Watchdog has been checked: 0 passed
12.09.2014 13:44:47,091 - INFO  - Watchdog has been checked: 0 passed
12.09.2014 13:46:46,242 - INFO  - Watchdog has been checked: 0 passed
12.09.2014 13:48:48,876 - INFO  - Watchdog has been checked: 0 passed
12.09.2014 13:50:48,083 - INFO  - Watchdog has been checked: 0 passed
12.09.2014 13:52:47,238 - INFO  - Watchdog has been checked: 0 passed
12.09.2014 13:54:47,219 - INFO  - Watchdog has been checked: 0 passed
12.09.2014 13:56:47,132 - INFO  - Watchdog has been checked: 0 passed
12.09.2014 13:58:47,038 - INFO  - Watchdog has been checked: 0 passed
12.09.2014 14:00:46,389 - INFO  - Watchdog has been checked: 0 passed
12.09.2014 14:02:46,181 - INFO  - Watchdog has been checked: 0 passed
12.09.2014 14:04:47,278 - INFO  - Watchdog has been checked: 0 passed
12.09.2014 14:06:47,126 - INFO  - Watchdog has been checked: 0 passed
12.09.2014 14:08:47,162 - INFO  - Watchdog has been checked: 0 passed
12.09.2014 14:10:46,988 - INFO  - Watchdog has been checked: 0 passed
12.09.2014 14:12:46,166 - INFO  - Watchdog has been checked: 0 passed
12.09.2014 14:14:46,158 - INFO  - Watchdog has been checked: 0 passed
12.09.2014 14:16:46,320 - INFO  - Watchdog has been checked: 0 passed
12.09.2014 14:18:46,278 - INFO  - Watchdog has been checked: 0 passed
12.09.2014 14:20:46,221 - INFO  - Watchdog has been checked: 0 passed
12.09.2014 14:22:46,121 - INFO  - Watchdog has been checked: 0 passed
12.09.2014 14:24:46,081 - INFO  - Watchdog has been checked: 0 passed
12.09.2014 14:26:46,452 - INFO  - Watchdog has been checked: 0 passed
12.09.2014 14:28:48,217 - INFO  - Watchdog has been checked: 0 passed
12.09.2014 14:30:48,228 - INFO  - Watchdog has been checked: 0 passed
12.09.2014 14:32:48,054 - INFO  - Watchdog has been checked: 0 passed
12.09.2014 14:34:48,125 - INFO  - Watchdog has been checked: 0 passed
12.09.2014 14:36:48,251 - INFO  - Watchdog has been checked: 0 passed
12.09.2014 14:38:48,297 - INFO  - Watchdog has been checked: 0 passed
12.09.2014 14:40:48,227 - INFO  - Watchdog has been checked: 0 passed
12.09.2014 14:42:48,341 - INFO  - Watchdog has been checked: 0 passed
12.09.2014 14:44:48,301 - INFO  - Watchdog has been checked: 0 passed
12.09.2014 14:46:48,194 - INFO  - Watchdog has been checked: 0 passed
12.09.2014 14:48:48,073 - INFO  - Watchdog has been checked: 0 passed
12.09.2014 14:50:48,284 - INFO  - Watchdog has been checked: 0 passed
12.09.2014 14:52:48,129 - INFO  - Watchdog has been checked: 0 passed
12.09.2014 14:54:48,213 - INFO  - Watchdog has been checked: 0 passed
12.09.2014 14:56:48,276 - INFO  - Watchdog has been checked: 0 passed
12.09.2014 14:58:48,282 - INFO  - Watchdog has been checked: 0 passed
12.09.2014 15:00:48,253 - INFO  - Watchdog has been checked: 0 passed
12.09.2014 15:02:48,108 - INFO  - Watchdog has been checked: 0 passed
12.09.2014 15:04:48,083 - INFO  - Watchdog has been checked: 0 passed
12.09.2014 15:06:48,404 - INFO  - Watchdog has been checked: 0 passed
12.09.2014 15:08:48,238 - INFO  - Watchdog has been checked: 0 passed
12.09.2014 15:10:48,286 - INFO  - Watchdog has been checked: 0 passed
12.09.2014 15:12:48,060 - INFO  - Watchdog has been checked: 0 passed
12.09.2014 15:14:48,095 - INFO  - Watchdog has been checked: 0 passed
12.09.2014 15:16:48,347 - INFO  - Watchdog has been checked: 0 passed
12.09.2014 15:18:48,253 - INFO  - Watchdog has been checked: 0 passed
12.09.2014 15:20:48,194 - INFO  - Watchdog has been checked: 0 passed
12.09.2014 15:22:48,100 - INFO  - Watchdog has been checked: 0 passed
12.09.2014 15:24:48,117 - INFO  - Watchdog has been checked: 0 passed
12.09.2014 15:26:48,394 - INFO  - Watchdog has been checked: 0 passed
12.09.2014 15:28:48,219 - INFO  - Watchdog has been checked: 0 passed
12.09.2014 15:30:48,235 - INFO  - Watchdog has been checked: 0 passed
12.09.2014 15:32:48,073 - INFO  - Watchdog has been checked: 0 passed
12.09.2014 15:34:47,165 - INFO  - Watchdog has been checked: 0 passed
12.09.2014 15:36:47,267 - INFO  - Watchdog has been checked: 0 passed
12.09.2014 15:38:47,150 - INFO  - Watchdog has been checked: 0 passed
12.09.2014 15:40:47,212 - INFO  - Watchdog has been checked: 0 passed
12.09.2014 15:42:47,296 - INFO  - Watchdog has been checked: 0 passed
12.09.2014 15:44:47,265 - INFO  - Watchdog has been checked: 0 passed
12.09.2014 15:46:47,240 - INFO  - Watchdog has been checked: 0 passed
12.09.2014 15:48:47,123 - INFO  - Watchdog has been checked: 0 passed
12.09.2014 15:50:47,106 - INFO  - Watchdog has been checked: 0 passed
12.09.2014 15:52:46,169 - INFO  - Watchdog has been checked: 0 passed
12.09.2014 15:54:46,190 - INFO  - Watchdog has been checked: 0 passed
12.09.2014 15:56:46,338 - INFO  - Watchdog has been checked: 0 passed
12.09.2014 15:58:46,280 - INFO  - Watchdog has been checked: 0 passed
12.09.2014 16:00:46,324 - INFO  - Watchdog has been checked: 0 passed
12.09.2014 16:02:46,223 - INFO  - Watchdog has been checked: 0 passed
12.09.2014 16:04:46,194 - INFO  - Watchdog has been checked: 0 passed
12.09.2014 16:06:46,106 - INFO  - Watchdog has been checked: 0 passed
12.09.2014 16:08:48,097 - INFO  - Watchdog has been checked: 0 passed
12.09.2014 16:10:47,097 - INFO  - Watchdog has been checked: 0 passed
12.09.2014 16:12:47,271 - INFO  - Watchdog has been checked: 0 passed
12.09.2014 16:14:47,220 - INFO  - Watchdog has been checked: 0 passed
12.09.2014 16:16:47,198 - INFO  - Watchdog has been checked: 0 passed
12.09.2014 16:18:47,182 - INFO  - Watchdog has been checked: 0 passed
12.09.2014 16:20:47,256 - INFO  - Watchdog has been checked: 0 passed
12.09.2014 16:22:47,138 - INFO  - Watchdog has been checked: 0 passed
12.09.2014 16:24:47,198 - INFO  - Watchdog has been checked: 0 passed
12.09.2014 16:26:47,123 - INFO  - Watchdog has been checked: 0 passed
12.09.2014 16:28:47,248 - INFO  - Watchdog has been checked: 0 passed
12.09.2014 16:30:47,262 - INFO  - Watchdog has been checked: 0 passed
12.09.2014 16:32:47,208 - INFO  - Watchdog has been checked: 0 passed
12.09.2014 16:34:47,119 - INFO  - Watchdog has been checked: 0 passed
12.09.2014 16:36:47,428 - INFO  - Watchdog has been checked: 0 passed
12.09.2014 16:38:47,229 - INFO  - Watchdog has been checked: 0 passed
12.09.2014 16:40:47,178 - INFO  - Watchdog has been checked: 0 passed
12.09.2014 16:42:47,123 - INFO  - Watchdog has been checked: 0 passed
12.09.2014 16:44:48,368 - INFO  - Watchdog has been checked: 0 passed
12.09.2014 16:46:48,238 - INFO  - Watchdog has been checked: 0 passed
12.09.2014 16:48:48,200 - INFO  - Watchdog has been checked: 0 passed
12.09.2014 16:50:48,351 - INFO  - Watchdog has been checked: 0 passed
12.09.2014 16:52:48,108 - INFO  - Watchdog has been checked: 0 passed
12.09.2014 16:54:48,101 - INFO  - Watchdog has been checked: 0 passed
12.09.2014 16:56:48,249 - INFO  - Watchdog has been checked: 0 passed
12.09.2014 16:58:48,224 - INFO  - Watchdog has been checked: 0 passed
12.09.2014 17:00:48,242 - INFO  - Watchdog has been checked: 0 passed
12.09.2014 17:02:48,170 - INFO  - Watchdog has been checked: 0 passed
12.09.2014 17:04:48,156 - INFO  - Watchdog has been checked: 0 passed
12.09.2014 17:06:48,068 - INFO  - Watchdog has been checked: 0 passed
12.09.2014 17:08:48,252 - INFO  - Watchdog has been checked: 0 passed
12.09.2014 17:10:48,213 - INFO  - Watchdog has been checked: 0 passed
12.09.2014 17:12:48,274 - INFO  - Watchdog has been checked: 0 passed
12.09.2014 17:14:48,203 - INFO  - Watchdog has been checked: 0 passed
12.09.2014 17:16:48,367 - INFO  - Watchdog has been checked: 0 passed
12.09.2014 17:18:48,299 - INFO  - Watchdog has been checked: 0 passed
12.09.2014 17:20:48,204 - INFO  - Watchdog has been checked: 0 passed
12.09.2014 17:22:48,102 - INFO  - Watchdog has been checked: 0 passed
12.09.2014 17:24:48,078 - INFO  - Watchdog has been checked: 0 passed
12.09.2014 17:26:48,112 - INFO  - Watchdog has been checked: 0 passed
12.09.2014 17:28:47,272 - INFO  - Watchdog has been checked: 0 passed
12.09.2014 17:30:47,223 - INFO  - Watchdog has been checked: 0 passed
12.09.2014 17:32:47,054 - INFO  - Watchdog has been checked: 0 passed
12.09.2014 17:34:47,578 - INFO  - Watchdog has been checked: 0 passed
12.09.2014 17:36:47,226 - INFO  - Watchdog has been checked: 0 passed
12.09.2014 17:38:48,215 - INFO  - Watchdog has been checked: 0 passed
12.09.2014 17:40:47,134 - INFO  - Watchdog has been checked: 0 passed
12.09.2014 17:42:46,231 - INFO  - Watchdog has been checked: 0 passed
12.09.2014 17:44:46,197 - INFO  - Watchdog has been checked: 0 passed
12.09.2014 17:46:47,231 - INFO  - Watchdog has been checked: 0 passed
12.09.2014 17:48:46,220 - INFO  - Watchdog has been checked: 0 passed
12.09.2014 17:50:46,359 - INFO  - Watchdog has been checked: 0 passed
12.09.2014 17:52:46,191 - INFO  - Watchdog has been checked: 0 passed
12.09.2014 17:54:46,200 - INFO  - Watchdog has been checked: 0 passed
12.09.2014 17:56:46,315 - INFO  - Watchdog has been checked: 0 passed
12.09.2014 17:58:46,225 - INFO  - Watchdog has been checked: 0 passed
12.09.2014 18:00:46,283 - INFO  - Watchdog has been checked: 0 passed
12.09.2014 18:02:46,114 - INFO  - Watchdog has been checked: 0 passed
12.09.2014 18:04:46,341 - INFO  - Watchdog has been checked: 0 passed
12.09.2014 18:06:46,289 - INFO  - Watchdog has been checked: 0 passed
12.09.2014 18:08:46,309 - INFO  - Watchdog has been checked: 0 passed
12.09.2014 18:10:46,302 - INFO  - Watchdog has been checked: 0 passed
12.09.2014 18:12:47,169 - INFO  - Watchdog has been checked: 0 passed
12.09.2014 18:14:47,212 - INFO  - Watchdog has been checked: 0 passed
12.09.2014 18:16:47,077 - INFO  - Watchdog has been checked: 0 passed
12.09.2014 18:18:47,255 - INFO  - Watchdog has been checked: 0 passed
12.09.2014 18:20:47,204 - INFO  - Watchdog has been checked: 0 passed
12.09.2014 18:22:47,298 - INFO  - Watchdog has been checked: 0 passed
12.09.2014 18:24:47,320 - INFO  - Watchdog has been checked: 0 passed
12.09.2014 18:26:47,395 - INFO  - Watchdog has been checked: 0 passed
12.09.2014 18:28:47,184 - INFO  - Watchdog has been checked: 0 passed
12.09.2014 18:30:47,256 - INFO  - Watchdog has been checked: 0 passed
12.09.2014 18:32:47,320 - INFO  - Watchdog has been checked: 0 passed
12.09.2014 18:34:47,243 - INFO  - Watchdog has been checked: 0 passed
12.09.2014 18:36:47,293 - INFO  - Watchdog has been checked: 0 passed
12.09.2014 18:38:47,310 - INFO  - Watchdog has been checked: 0 passed
12.09.2014 18:40:47,291 - INFO  - Watchdog has been checked: 0 passed
12.09.2014 18:42:47,234 - INFO  - Watchdog has been checked: 0 passed
12.09.2014 18:44:47,226 - INFO  - Watchdog has been checked: 0 passed
12.09.2014 18:46:47,159 - INFO  - Watchdog has been checked: 0 passed
12.09.2014 18:48:48,231 - INFO  - Watchdog has been checked: 0 passed
12.09.2014 18:50:48,077 - INFO  - Watchdog has been checked: 0 passed
12.09.2014 18:52:47,119 - INFO  - Watchdog has been checked: 0 passed
12.09.2014 18:54:47,176 - INFO  - Watchdog has been checked: 0 passed
12.09.2014 18:56:47,070 - INFO  - Watchdog has been checked: 0 passed
12.09.2014 18:58:48,267 - INFO  - Watchdog has been checked: 0 passed
12.09.2014 19:00:48,000 - INFO  - Watchdog has been checked: 0 passed
12.09.2014 19:02:47,184 - INFO  - Watchdog has been checked: 0 passed
12.09.2014 19:04:03,659 - INFO  - searcher identified --- respT: 15ms, 5537 results, web:(PSIWeb), q=, 
12.09.2014 19:04:20,424 - INFO  - searcher identified --- respT: 13ms, 5537 results, web:(PSIWeb), q=, 
12.09.2014 19:04:47,129 - INFO  - Watchdog has been checked: 0 passed
12.09.2014 19:06:46,386 - INFO  - Watchdog has been checked: 0 passed
12.09.2014 19:08:46,135 - INFO  - Watchdog has been checked: 0 passed
12.09.2014 19:10:46,318 - INFO  - Watchdog has been checked: 0 passed
12.09.2014 19:12:46,147 - INFO  - Watchdog has been checked: 0 passed
12.09.2014 19:14:45,127 - INFO  - Watchdog has been checked: 0 passed
12.09.2014 19:16:44,222 - INFO  - Watchdog has been checked: 0 passed
12.09.2014 19:18:44,179 - INFO  - Watchdog has been checked: 0 passed
12.09.2014 19:20:43,154 - INFO  - Watchdog has been checked: 0 passed
12.09.2014 19:22:42,279 - INFO  - Watchdog has been checked: 0 passed
12.09.2014 19:24:42,068 - INFO  - Watchdog has been checked: 0 passed
12.09.2014 19:26:41,204 - INFO  - Watchdog has been checked: 0 passed
12.09.2014 19:28:41,188 - INFO  - Watchdog has been checked: 0 passed
12.09.2014 19:30:41,202 - INFO  - Watchdog has been checked: 0 passed
12.09.2014 19:32:41,087 - INFO  - Watchdog has been checked: 0 passed
12.09.2014 19:34:41,070 - INFO  - Watchdog has been checked: 0 passed
12.09.2014 19:36:41,243 - INFO  - Watchdog has been checked: 0 passed
12.09.2014 19:38:41,192 - INFO  - Watchdog has been checked: 0 passed
12.09.2014 19:40:41,128 - INFO  - Watchdog has been checked: 0 passed
12.09.2014 19:42:41,194 - INFO  - Watchdog has been checked: 0 passed
12.09.2014 19:44:41,220 - INFO  - Watchdog has been checked: 0 passed
12.09.2014 19:46:41,268 - INFO  - Watchdog has been checked: 0 passed
12.09.2014 19:48:41,246 - INFO  - Watchdog has been checked: 0 passed
12.09.2014 19:50:41,272 - INFO  - Watchdog has been checked: 0 passed
12.09.2014 19:52:41,174 - INFO  - Watchdog has been checked: 0 passed
12.09.2014 19:54:41,176 - INFO  - Watchdog has been checked: 0 passed
12.09.2014 19:56:41,340 - INFO  - Watchdog has been checked: 0 passed
12.09.2014 19:58:41,301 - INFO  - Watchdog has been checked: 0 passed
12.09.2014 20:00:41,101 - INFO  - Watchdog has been checked: 0 passed
12.09.2014 20:02:41,279 - INFO  - Watchdog has been checked: 0 passed
12.09.2014 20:04:41,294 - INFO  - Watchdog has been checked: 0 passed
12.09.2014 20:06:41,187 - INFO  - Watchdog has been checked: 0 passed
12.09.2014 20:08:41,120 - INFO  - Watchdog has been checked: 0 passed
12.09.2014 20:10:41,354 - INFO  - Watchdog has been checked: 0 passed
12.09.2014 20:12:41,253 - INFO  - Watchdog has been checked: 0 passed
12.09.2014 20:14:41,224 - INFO  - Watchdog has been checked: 0 passed
12.09.2014 20:16:41,099 - INFO  - Watchdog has been checked: 0 passed
12.09.2014 20:18:41,068 - INFO  - Watchdog has been checked: 0 passed
12.09.2014 20:20:40,086 - INFO  - Watchdog has been checked: 0 passed
12.09.2014 20:22:40,240 - INFO  - Watchdog has been checked: 0 passed
12.09.2014 20:24:40,269 - INFO  - Watchdog has been checked: 0 passed
12.09.2014 20:26:40,173 - INFO  - Watchdog has been checked: 0 passed
12.09.2014 20:28:40,204 - INFO  - Watchdog has been checked: 0 passed
12.09.2014 20:30:40,209 - INFO  - Watchdog has been checked: 0 passed
12.09.2014 20:32:40,140 - INFO  - Watchdog has been checked: 0 passed
12.09.2014 20:34:39,090 - INFO  - Watchdog has been checked: 0 passed
12.09.2014 20:36:38,278 - INFO  - Watchdog has been checked: 0 passed
12.09.2014 20:38:38,219 - INFO  - Watchdog has been checked: 0 passed
12.09.2014 20:40:38,213 - INFO  - Watchdog has been checked: 0 passed
12.09.2014 20:42:38,068 - INFO  - Watchdog has been checked: 0 passed
12.09.2014 20:44:37,059 - INFO  - Watchdog has been checked: 0 passed
12.09.2014 20:46:36,198 - INFO  - Watchdog has been checked: 0 passed
12.09.2014 20:48:36,207 - INFO  - Watchdog has been checked: 0 passed
12.09.2014 20:50:36,159 - INFO  - Watchdog has been checked: 0 passed
12.09.2014 20:52:36,342 - INFO  - Watchdog has been checked: 0 passed
12.09.2014 20:54:36,258 - INFO  - Watchdog has been checked: 0 passed
12.09.2014 20:56:36,227 - INFO  - Watchdog has been checked: 0 passed
12.09.2014 20:58:36,110 - INFO  - Watchdog has been checked: 0 passed
12.09.2014 21:00:36,144 - INFO  - Watchdog has been checked: 0 passed
12.09.2014 21:02:36,290 - INFO  - Watchdog has been checked: 0 passed
12.09.2014 21:04:36,111 - INFO  - Watchdog has been checked: 0 passed
12.09.2014 21:06:36,872 - INFO  - Watchdog has been checked: 0 passed
12.09.2014 21:08:36,171 - INFO  - Watchdog has been checked: 0 passed
12.09.2014 21:10:36,315 - INFO  - Watchdog has been checked: 0 passed
12.09.2014 21:12:36,065 - INFO  - Watchdog has been checked: 0 passed
12.09.2014 21:14:36,142 - INFO  - Watchdog has been checked: 0 passed
12.09.2014 21:16:36,428 - INFO  - Watchdog has been checked: 0 passed
12.09.2014 21:18:38,179 - INFO  - Watchdog has been checked: 0 passed
12.09.2014 21:20:38,172 - INFO  - Watchdog has been checked: 0 passed
12.09.2014 21:22:38,055 - INFO  - Watchdog has been checked: 0 passed
12.09.2014 21:24:38,039 - INFO  - Watchdog has been checked: 0 passed
12.09.2014 21:26:37,937 - INFO  - Watchdog has been checked: 0 passed
12.09.2014 21:28:38,089 - INFO  - Watchdog has been checked: 0 passed
12.09.2014 21:30:38,115 - INFO  - Watchdog has been checked: 0 passed
12.09.2014 21:32:38,022 - INFO  - Watchdog has been checked: 0 passed
12.09.2014 21:34:38,024 - INFO  - Watchdog has been checked: 0 passed
12.09.2014 21:36:38,166 - INFO  - Watchdog has been checked: 0 passed
12.09.2014 21:38:38,091 - INFO  - Watchdog has been checked: 0 passed
12.09.2014 21:40:38,104 - INFO  - Watchdog has been checked: 0 passed
12.09.2014 21:42:38,253 - INFO  - Watchdog has been checked: 0 passed
12.09.2014 21:44:38,313 - INFO  - Watchdog has been checked: 0 passed
12.09.2014 21:46:38,156 - INFO  - Watchdog has been checked: 0 passed
12.09.2014 21:48:38,114 - INFO  - Watchdog has been checked: 0 passed
12.09.2014 21:50:38,128 - INFO  - Watchdog has been checked: 0 passed
12.09.2014 21:52:38,266 - INFO  - Watchdog has been checked: 0 passed
12.09.2014 21:54:38,252 - INFO  - Watchdog has been checked: 0 passed
12.09.2014 21:56:38,202 - INFO  - Watchdog has been checked: 0 passed
12.09.2014 21:58:38,342 - INFO  - Watchdog has been checked: 0 passed
12.09.2014 22:00:38,347 - INFO  - Watchdog has been checked: 0 passed
12.09.2014 22:02:38,194 - INFO  - Watchdog has been checked: 0 passed
12.09.2014 22:04:38,119 - INFO  - Watchdog has been checked: 0 passed
12.09.2014 22:06:37,576 - INFO  - Watchdog has been checked: 0 passed
12.09.2014 22:08:38,272 - INFO  - Watchdog has been checked: 0 passed
12.09.2014 22:10:38,216 - INFO  - Watchdog has been checked: 0 passed
12.09.2014 22:12:38,086 - INFO  - Watchdog has been checked: 0 passed
12.09.2014 22:14:38,055 - INFO  - Watchdog has been checked: 0 passed
12.09.2014 22:16:38,007 - INFO  - Watchdog has been checked: 0 passed
12.09.2014 22:18:37,211 - INFO  - Watchdog has been checked: 0 passed
12.09.2014 22:20:38,187 - INFO  - Watchdog has been checked: 0 passed
12.09.2014 22:22:38,084 - INFO  - Watchdog has been checked: 0 passed
12.09.2014 22:24:37,117 - INFO  - Watchdog has been checked: 0 passed
12.09.2014 22:26:37,204 - INFO  - Watchdog has been checked: 0 passed
12.09.2014 22:28:37,245 - INFO  - Watchdog has been checked: 0 passed
12.09.2014 22:30:37,599 - INFO  - Watchdog has been checked: 0 passed
12.09.2014 22:32:37,271 - INFO  - Watchdog has been checked: 0 passed
12.09.2014 22:34:37,309 - INFO  - Watchdog has been checked: 0 passed
12.09.2014 22:36:37,086 - INFO  - Watchdog has been checked: 0 passed
12.09.2014 22:38:37,262 - INFO  - Watchdog has been checked: 0 passed
12.09.2014 22:40:37,251 - INFO  - Watchdog has been checked: 0 passed
12.09.2014 22:42:37,138 - INFO  - Watchdog has been checked: 0 passed
12.09.2014 22:44:37,213 - INFO  - Watchdog has been checked: 0 passed
12.09.2014 22:46:38,190 - INFO  - Watchdog has been checked: 0 passed
12.09.2014 22:48:38,158 - INFO  - Watchdog has been checked: 0 passed
12.09.2014 22:50:38,172 - INFO  - Watchdog has been checked: 0 passed
12.09.2014 22:52:38,072 - INFO  - Watchdog has been checked: 0 passed
12.09.2014 22:54:38,036 - INFO  - Watchdog has been checked: 0 passed
12.09.2014 22:56:38,116 - INFO  - Watchdog has been checked: 0 passed
12.09.2014 22:58:38,091 - INFO  - Watchdog has been checked: 0 passed
12.09.2014 23:00:38,133 - INFO  - Watchdog has been checked: 0 passed
12.09.2014 23:02:38,224 - INFO  - Watchdog has been checked: 0 passed
12.09.2014 23:04:38,015 - INFO  - Watchdog has been checked: 0 passed
12.09.2014 23:06:38,097 - INFO  - Watchdog has been checked: 0 passed
12.09.2014 23:08:38,163 - INFO  - Watchdog has been checked: 0 passed
12.09.2014 23:10:38,180 - INFO  - Watchdog has been checked: 0 passed
12.09.2014 23:12:38,190 - INFO  - Watchdog has been checked: 0 passed
12.09.2014 23:14:38,148 - INFO  - Watchdog has been checked: 0 passed
12.09.2014 23:16:38,308 - INFO  - Watchdog has been checked: 0 passed
12.09.2014 23:18:38,204 - INFO  - Watchdog has been checked: 0 passed
12.09.2014 23:20:38,189 - INFO  - Watchdog has been checked: 0 passed
12.09.2014 23:22:38,030 - INFO  - Watchdog has been checked: 0 passed
12.09.2014 23:24:37,071 - INFO  - Watchdog has been checked: 0 passed
12.09.2014 23:26:36,205 - INFO  - Watchdog has been checked: 0 passed
12.09.2014 23:28:36,195 - INFO  - Watchdog has been checked: 0 passed
12.09.2014 23:31:36,329 - INFO  - Watchdog has been checked: 0 passed
12.09.2014 23:34:36,341 - INFO  - Watchdog has been checked: 0 passed
12.09.2014 23:36:36,269 - INFO  - Watchdog has been checked: 0 passed
12.09.2014 23:38:36,261 - INFO  - Watchdog has been checked: 0 passed
12.09.2014 23:40:36,296 - INFO  - Watchdog has been checked: 0 passed
12.09.2014 23:42:36,187 - INFO  - Watchdog has been checked: 0 passed
12.09.2014 23:44:36,254 - INFO  - Watchdog has been checked: 0 passed
12.09.2014 23:46:36,361 - INFO  - Watchdog has been checked: 0 passed
12.09.2014 23:48:38,299 - INFO  - Watchdog has been checked: 0 passed
12.09.2014 23:50:38,310 - INFO  - Watchdog has been checked: 0 passed
12.09.2014 23:52:38,203 - INFO  - Watchdog has been checked: 0 passed
12.09.2014 23:54:38,204 - INFO  - Watchdog has been checked: 0 passed
12.09.2014 23:56:38,143 - INFO  - Watchdog has been checked: 0 passed
12.09.2014 23:58:38,282 - INFO  - Watchdog has been checked: 0 passed
