18.09.2014 00:01:00,997 - INFO  - Watchdog has been checked: 0 passed
18.09.2014 00:03:00,048 - INFO  - Watchdog has been checked: 0 passed
18.09.2014 00:04:59,153 - INFO  - Watchdog has been checked: 0 passed
18.09.2014 00:06:59,176 - INFO  - Watchdog has been checked: 0 passed
18.09.2014 00:08:59,128 - INFO  - Watchdog has been checked: 0 passed
18.09.2014 00:10:58,212 - INFO  - Watchdog has been checked: 0 passed
18.09.2014 00:12:58,124 - INFO  - Watchdog has been checked: 0 passed
18.09.2014 00:14:58,068 - INFO  - Watchdog has been checked: 0 passed
18.09.2014 00:16:57,987 - INFO  - Watchdog has been checked: 0 passed
18.09.2014 00:18:57,105 - INFO  - Watchdog has been checked: 0 passed
18.09.2014 00:20:57,133 - INFO  - Watchdog has been checked: 0 passed
18.09.2014 00:22:57,188 - INFO  - Watchdog has been checked: 0 passed
18.09.2014 00:24:57,308 - INFO  - Watchdog has been checked: 0 passed
18.09.2014 00:26:59,293 - INFO  - Watchdog has been checked: 0 passed
18.09.2014 00:28:59,177 - INFO  - Watchdog has been checked: 0 passed
18.09.2014 00:30:59,072 - INFO  - Watchdog has been checked: 0 passed
18.09.2014 00:32:59,066 - INFO  - Watchdog has been checked: 0 passed
18.09.2014 00:34:59,261 - INFO  - Watchdog has been checked: 0 passed
18.09.2014 00:36:59,236 - INFO  - Watchdog has been checked: 0 passed
18.09.2014 00:38:59,151 - INFO  - Watchdog has been checked: 0 passed
18.09.2014 00:40:59,154 - INFO  - Watchdog has been checked: 0 passed
18.09.2014 00:42:59,262 - INFO  - Watchdog has been checked: 0 passed
18.09.2014 00:44:59,196 - INFO  - Watchdog has been checked: 0 passed
18.09.2014 00:46:59,254 - INFO  - Watchdog has been checked: 0 passed
18.09.2014 00:48:59,316 - INFO  - Watchdog has been checked: 0 passed
18.09.2014 00:50:59,149 - INFO  - Watchdog has been checked: 0 passed
18.09.2014 00:52:59,498 - INFO  - Watchdog has been checked: 0 passed
18.09.2014 00:54:59,384 - INFO  - Watchdog has been checked: 0 passed
18.09.2014 00:56:59,380 - INFO  - Watchdog has been checked: 0 passed
18.09.2014 00:58:59,376 - INFO  - Watchdog has been checked: 0 passed
18.09.2014 01:00:59,463 - INFO  - Watchdog has been checked: 0 passed
18.09.2014 01:02:59,378 - INFO  - Watchdog has been checked: 0 passed
18.09.2014 01:04:59,253 - INFO  - Watchdog has been checked: 0 passed
18.09.2014 01:06:59,381 - INFO  - Watchdog has been checked: 0 passed
18.09.2014 01:08:59,229 - INFO  - Watchdog has been checked: 0 passed
18.09.2014 01:10:59,422 - INFO  - Watchdog has been checked: 0 passed
18.09.2014 01:12:59,351 - INFO  - Watchdog has been checked: 0 passed
18.09.2014 01:14:59,272 - INFO  - Watchdog has been checked: 0 passed
18.09.2014 01:16:59,334 - INFO  - Watchdog has been checked: 0 passed
18.09.2014 01:18:59,326 - INFO  - Watchdog has been checked: 0 passed
18.09.2014 01:20:59,353 - INFO  - Watchdog has been checked: 0 passed
18.09.2014 01:22:59,100 - INFO  - Watchdog has been checked: 0 passed
18.09.2014 01:24:59,197 - INFO  - Watchdog has been checked: 0 passed
18.09.2014 01:26:59,014 - INFO  - Watchdog has been checked: 0 passed
18.09.2014 01:28:58,226 - INFO  - Watchdog has been checked: 0 passed
18.09.2014 01:30:58,108 - INFO  - Watchdog has been checked: 0 passed
18.09.2014 01:32:58,104 - INFO  - Watchdog has been checked: 0 passed
18.09.2014 01:34:58,008 - INFO  - Watchdog has been checked: 0 passed
18.09.2014 01:36:57,087 - INFO  - Watchdog has been checked: 0 passed
18.09.2014 01:38:57,266 - INFO  - Watchdog has been checked: 0 passed
18.09.2014 01:40:57,313 - INFO  - Watchdog has been checked: 0 passed
18.09.2014 01:42:57,310 - INFO  - Watchdog has been checked: 0 passed
18.09.2014 01:44:57,284 - INFO  - Watchdog has been checked: 0 passed
18.09.2014 01:46:59,062 - INFO  - Watchdog has been checked: 0 passed
18.09.2014 01:48:59,186 - INFO  - Watchdog has been checked: 0 passed
18.09.2014 01:50:59,197 - INFO  - Watchdog has been checked: 0 passed
18.09.2014 01:52:59,168 - INFO  - Watchdog has been checked: 0 passed
18.09.2014 01:54:59,271 - INFO  - Watchdog has been checked: 0 passed
18.09.2014 01:56:59,182 - INFO  - Watchdog has been checked: 0 passed
18.09.2014 01:58:59,105 - INFO  - Watchdog has been checked: 0 passed
18.09.2014 02:00:59,248 - INFO  - Watchdog has been checked: 0 passed
18.09.2014 02:02:59,342 - INFO  - Watchdog has been checked: 0 passed
18.09.2014 02:04:59,188 - INFO  - Watchdog has been checked: 0 passed
18.09.2014 02:06:59,157 - INFO  - Watchdog has been checked: 0 passed
18.09.2014 02:08:59,300 - INFO  - Watchdog has been checked: 0 passed
18.09.2014 02:10:59,143 - INFO  - Watchdog has been checked: 0 passed
18.09.2014 02:12:59,154 - INFO  - Watchdog has been checked: 0 passed
18.09.2014 02:14:59,268 - INFO  - Watchdog has been checked: 0 passed
18.09.2014 02:16:59,240 - INFO  - Watchdog has been checked: 0 passed
18.09.2014 02:18:59,256 - INFO  - Watchdog has been checked: 0 passed
18.09.2014 02:20:59,278 - INFO  - Watchdog has been checked: 0 passed
18.09.2014 02:22:59,311 - INFO  - Watchdog has been checked: 0 passed
18.09.2014 02:24:59,481 - INFO  - Watchdog has been checked: 0 passed
18.09.2014 02:26:59,216 - INFO  - Watchdog has been checked: 0 passed
18.09.2014 02:28:59,418 - INFO  - Watchdog has been checked: 0 passed
18.09.2014 02:30:59,218 - INFO  - Watchdog has been checked: 0 passed
18.09.2014 02:32:59,242 - INFO  - Watchdog has been checked: 0 passed
18.09.2014 02:34:59,358 - INFO  - Watchdog has been checked: 0 passed
18.09.2014 02:36:59,238 - INFO  - Watchdog has been checked: 0 passed
18.09.2014 02:38:59,233 - INFO  - Watchdog has been checked: 0 passed
18.09.2014 02:40:59,233 - INFO  - Watchdog has been checked: 0 passed
18.09.2014 02:42:59,303 - INFO  - Watchdog has been checked: 0 passed
18.09.2014 02:44:59,176 - INFO  - Watchdog has been checked: 0 passed
18.09.2014 02:46:59,211 - INFO  - Watchdog has been checked: 0 passed
18.09.2014 02:48:59,127 - INFO  - Watchdog has been checked: 0 passed
18.09.2014 02:50:59,074 - INFO  - Watchdog has been checked: 0 passed
18.09.2014 02:52:58,126 - INFO  - Watchdog has been checked: 0 passed
18.09.2014 02:54:57,213 - INFO  - Watchdog has been checked: 0 passed
18.09.2014 02:56:59,222 - INFO  - Watchdog has been checked: 0 passed
18.09.2014 02:58:59,194 - INFO  - Watchdog has been checked: 0 passed
18.09.2014 03:00:59,278 - INFO  - Watchdog has been checked: 0 passed
18.09.2014 03:02:59,053 - INFO  - Watchdog has been checked: 0 passed
18.09.2014 03:04:59,210 - INFO  - Watchdog has been checked: 0 passed
18.09.2014 03:06:59,213 - INFO  - Watchdog has been checked: 0 passed
18.09.2014 03:08:59,174 - INFO  - Watchdog has been checked: 0 passed
18.09.2014 03:10:59,253 - INFO  - Watchdog has been checked: 0 passed
18.09.2014 03:12:59,224 - INFO  - Watchdog has been checked: 0 passed
18.09.2014 03:14:59,228 - INFO  - Watchdog has been checked: 0 passed
18.09.2014 03:16:59,107 - INFO  - Watchdog has been checked: 0 passed
18.09.2014 03:18:59,302 - INFO  - Watchdog has been checked: 0 passed
18.09.2014 03:20:59,346 - INFO  - Watchdog has been checked: 0 passed
18.09.2014 03:22:59,103 - INFO  - Watchdog has been checked: 0 passed
18.09.2014 03:24:59,238 - INFO  - Watchdog has been checked: 0 passed
18.09.2014 03:26:59,328 - INFO  - Watchdog has been checked: 0 passed
18.09.2014 03:28:59,273 - INFO  - Watchdog has been checked: 0 passed
18.09.2014 03:30:59,139 - INFO  - Watchdog has been checked: 0 passed
18.09.2014 03:32:59,319 - INFO  - Watchdog has been checked: 0 passed
18.09.2014 03:34:59,319 - INFO  - Watchdog has been checked: 0 passed
18.09.2014 03:36:59,377 - INFO  - Watchdog has been checked: 0 passed
18.09.2014 03:38:59,182 - INFO  - Watchdog has been checked: 0 passed
18.09.2014 03:40:59,408 - INFO  - Watchdog has been checked: 0 passed
18.09.2014 03:42:59,308 - INFO  - Watchdog has been checked: 0 passed
18.09.2014 03:44:59,457 - INFO  - Watchdog has been checked: 0 passed
18.09.2014 03:46:59,206 - INFO  - Watchdog has been checked: 0 passed
18.09.2014 03:48:59,122 - INFO  - Watchdog has been checked: 0 passed
18.09.2014 03:50:59,179 - INFO  - Watchdog has been checked: 0 passed
18.09.2014 03:52:59,302 - INFO  - Watchdog has been checked: 0 passed
18.09.2014 03:54:59,084 - INFO  - Watchdog has been checked: 0 passed
18.09.2014 03:56:58,107 - INFO  - Watchdog has been checked: 0 passed
18.09.2014 03:58:58,231 - INFO  - Watchdog has been checked: 0 passed
18.09.2014 04:00:58,203 - INFO  - Watchdog has been checked: 0 passed
18.09.2014 04:02:57,241 - INFO  - Watchdog has been checked: 0 passed
18.09.2014 04:04:57,096 - INFO  - Watchdog has been checked: 0 passed
18.09.2014 04:06:57,279 - INFO  - Watchdog has been checked: 0 passed
18.09.2014 04:08:57,088 - INFO  - Watchdog has been checked: 0 passed
18.09.2014 04:10:57,155 - INFO  - Watchdog has been checked: 0 passed
18.09.2014 04:12:57,288 - INFO  - Watchdog has been checked: 0 passed
18.09.2014 04:14:57,177 - INFO  - Watchdog has been checked: 0 passed
18.09.2014 04:16:56,166 - INFO  - Watchdog has been checked: 0 passed
18.09.2014 04:18:56,138 - INFO  - Watchdog has been checked: 0 passed
18.09.2014 04:20:55,220 - INFO  - Watchdog has been checked: 0 passed
18.09.2014 04:22:55,280 - INFO  - Watchdog has been checked: 0 passed
18.09.2014 04:24:55,099 - INFO  - Watchdog has been checked: 0 passed
18.09.2014 04:26:55,178 - INFO  - Watchdog has been checked: 0 passed
18.09.2014 04:28:54,082 - INFO  - Watchdog has been checked: 0 passed
18.09.2014 04:30:54,213 - INFO  - Watchdog has been checked: 0 passed
18.09.2014 04:32:54,202 - INFO  - Watchdog has been checked: 0 passed
18.09.2014 04:34:54,137 - INFO  - Watchdog has been checked: 0 passed
18.09.2014 04:36:54,174 - INFO  - Watchdog has been checked: 0 passed
18.09.2014 04:38:54,211 - INFO  - Watchdog has been checked: 0 passed
18.09.2014 04:40:54,290 - INFO  - Watchdog has been checked: 0 passed
18.09.2014 04:42:54,352 - INFO  - Watchdog has been checked: 0 passed
18.09.2014 04:44:54,177 - INFO  - Watchdog has been checked: 0 passed
18.09.2014 04:46:54,232 - INFO  - Watchdog has been checked: 0 passed
18.09.2014 04:48:54,236 - INFO  - Watchdog has been checked: 0 passed
18.09.2014 04:50:54,308 - INFO  - Watchdog has been checked: 0 passed
18.09.2014 04:52:54,266 - INFO  - Watchdog has been checked: 0 passed
18.09.2014 04:54:54,180 - INFO  - Watchdog has been checked: 0 passed
18.09.2014 04:56:54,184 - INFO  - Watchdog has been checked: 0 passed
18.09.2014 04:58:54,189 - INFO  - Watchdog has been checked: 0 passed
18.09.2014 05:00:54,315 - INFO  - Watchdog has been checked: 0 passed
18.09.2014 05:02:54,364 - INFO  - Watchdog has been checked: 0 passed
18.09.2014 05:04:54,259 - INFO  - Watchdog has been checked: 0 passed
18.09.2014 05:06:54,330 - INFO  - Watchdog has been checked: 0 passed
18.09.2014 05:08:54,244 - INFO  - Watchdog has been checked: 0 passed
18.09.2014 05:10:54,402 - INFO  - Watchdog has been checked: 0 passed
18.09.2014 05:12:54,430 - INFO  - Watchdog has been checked: 0 passed
18.09.2014 05:14:54,323 - INFO  - Watchdog has been checked: 0 passed
18.09.2014 05:16:54,350 - INFO  - Watchdog has been checked: 0 passed
18.09.2014 05:18:54,337 - INFO  - Watchdog has been checked: 0 passed
18.09.2014 05:20:54,369 - INFO  - Watchdog has been checked: 0 passed
18.09.2014 05:22:54,373 - INFO  - Watchdog has been checked: 0 passed
18.09.2014 05:24:54,361 - INFO  - Watchdog has been checked: 0 passed
18.09.2014 05:26:54,291 - INFO  - Watchdog has been checked: 0 passed
18.09.2014 05:28:54,236 - INFO  - Watchdog has been checked: 0 passed
18.09.2014 05:30:54,288 - INFO  - Watchdog has been checked: 0 passed
18.09.2014 05:32:54,253 - INFO  - Watchdog has been checked: 0 passed
18.09.2014 05:34:54,211 - INFO  - Watchdog has been checked: 0 passed
18.09.2014 05:36:54,159 - INFO  - Watchdog has been checked: 0 passed
18.09.2014 05:38:54,097 - INFO  - Watchdog has been checked: 0 passed
18.09.2014 05:40:54,136 - INFO  - Watchdog has been checked: 0 passed
18.09.2014 05:42:53,900 - INFO  - Watchdog has been checked: 0 passed
18.09.2014 05:44:53,105 - INFO  - Watchdog has been checked: 0 passed
18.09.2014 05:46:52,926 - INFO  - Watchdog has been checked: 0 passed
18.09.2014 05:48:52,228 - INFO  - Watchdog has been checked: 0 passed
18.09.2014 05:50:52,122 - INFO  - Watchdog has been checked: 0 passed
18.09.2014 05:52:52,072 - INFO  - Watchdog has been checked: 0 passed
18.09.2014 05:54:52,320 - INFO  - Watchdog has been checked: 0 passed
18.09.2014 05:56:52,097 - INFO  - Watchdog has been checked: 0 passed
18.09.2014 05:58:52,276 - INFO  - Watchdog has been checked: 0 passed
18.09.2014 06:00:52,183 - INFO  - Watchdog has been checked: 0 passed
18.09.2014 06:02:52,223 - INFO  - Watchdog has been checked: 0 passed
18.09.2014 06:04:52,164 - INFO  - Watchdog has been checked: 0 passed
18.09.2014 06:06:52,268 - INFO  - Watchdog has been checked: 0 passed
18.09.2014 06:08:52,196 - INFO  - Watchdog has been checked: 0 passed
18.09.2014 06:10:52,411 - INFO  - Watchdog has been checked: 0 passed
18.09.2014 06:12:52,330 - INFO  - Watchdog has been checked: 0 passed
18.09.2014 06:14:52,277 - INFO  - Watchdog has been checked: 0 passed
18.09.2014 06:15:01,811 - INFO  - mapping file sync started
18.09.2014 06:15:03,187 - INFO  - file successfully updated
18.09.2014 06:16:52,315 - INFO  - Watchdog has been checked: 0 passed
18.09.2014 06:18:52,206 - INFO  - Watchdog has been checked: 0 passed
18.09.2014 06:20:52,036 - INFO  - Watchdog has been checked: 0 passed
18.09.2014 06:22:51,990 - INFO  - Watchdog has been checked: 0 passed
18.09.2014 06:24:52,095 - INFO  - Watchdog has been checked: 0 passed
18.09.2014 06:26:51,953 - INFO  - Watchdog has been checked: 0 passed
18.09.2014 06:28:51,187 - INFO  - Watchdog has been checked: 0 passed
18.09.2014 06:30:51,024 - INFO  - Watchdog has been checked: 0 passed
18.09.2014 06:32:50,015 - INFO  - Watchdog has been checked: 0 passed
18.09.2014 06:34:48,994 - INFO  - Watchdog has been checked: 0 passed
18.09.2014 06:36:48,142 - INFO  - Watchdog has been checked: 0 passed
18.09.2014 06:38:48,069 - INFO  - Watchdog has been checked: 0 passed
18.09.2014 06:40:48,184 - INFO  - Watchdog has been checked: 0 passed
18.09.2014 06:42:48,197 - INFO  - Watchdog has been checked: 0 passed
18.09.2014 06:44:48,118 - INFO  - Watchdog has been checked: 0 passed
18.09.2014 06:46:48,311 - INFO  - Watchdog has been checked: 0 passed
18.09.2014 06:48:48,149 - INFO  - Watchdog has been checked: 0 passed
18.09.2014 06:50:50,546 - INFO  - Watchdog has been checked: 0 passed
18.09.2014 06:52:50,080 - INFO  - Watchdog has been checked: 0 passed
18.09.2014 06:54:50,216 - INFO  - Watchdog has been checked: 0 passed
18.09.2014 06:56:50,101 - INFO  - Watchdog has been checked: 0 passed
18.09.2014 06:58:50,073 - INFO  - Watchdog has been checked: 0 passed
18.09.2014 07:00:50,228 - INFO  - Watchdog has been checked: 0 passed
18.09.2014 07:02:50,117 - INFO  - Watchdog has been checked: 0 passed
18.09.2014 07:04:50,236 - INFO  - Watchdog has been checked: 0 passed
18.09.2014 07:06:50,343 - INFO  - Watchdog has been checked: 0 passed
18.09.2014 07:08:50,286 - INFO  - Watchdog has been checked: 0 passed
18.09.2014 07:10:50,148 - INFO  - Watchdog has been checked: 0 passed
18.09.2014 07:12:50,174 - INFO  - Watchdog has been checked: 0 passed
18.09.2014 07:14:50,240 - INFO  - Watchdog has been checked: 0 passed
18.09.2014 07:15:01,564 - INFO  - mapping file sync started
18.09.2014 07:15:02,058 - INFO  - file successfully updated
18.09.2014 07:16:50,307 - INFO  - Watchdog has been checked: 0 passed
18.09.2014 07:18:50,258 - INFO  - Watchdog has been checked: 0 passed
18.09.2014 07:20:50,266 - INFO  - Watchdog has been checked: 0 passed
18.09.2014 07:22:50,342 - INFO  - Watchdog has been checked: 0 passed
18.09.2014 07:24:50,191 - INFO  - Watchdog has been checked: 0 passed
18.09.2014 07:26:50,289 - INFO  - Watchdog has been checked: 0 passed
18.09.2014 07:28:50,236 - INFO  - Watchdog has been checked: 0 passed
18.09.2014 07:30:50,117 - INFO  - Watchdog has been checked: 0 passed
18.09.2014 07:32:50,362 - INFO  - Watchdog has been checked: 0 passed
18.09.2014 07:34:50,272 - INFO  - Watchdog has been checked: 0 passed
18.09.2014 07:36:50,087 - INFO  - Watchdog has been checked: 0 passed
18.09.2014 07:38:49,286 - INFO  - Watchdog has been checked: 0 passed
18.09.2014 07:40:49,087 - INFO  - Watchdog has been checked: 0 passed
18.09.2014 07:42:48,136 - INFO  - Watchdog has been checked: 0 passed
18.09.2014 07:44:48,064 - INFO  - Watchdog has been checked: 0 passed
18.09.2014 07:46:47,162 - INFO  - Watchdog has been checked: 0 passed
18.09.2014 07:48:47,283 - INFO  - Watchdog has been checked: 0 passed
18.09.2014 07:50:47,119 - INFO  - Watchdog has been checked: 0 passed
18.09.2014 07:52:47,088 - INFO  - Watchdog has been checked: 0 passed
18.09.2014 07:54:48,528 - INFO  - Watchdog has been checked: 0 passed
18.09.2014 07:56:48,047 - INFO  - Watchdog has been checked: 0 passed
18.09.2014 07:58:47,255 - INFO  - Watchdog has been checked: 0 passed
18.09.2014 08:00:47,189 - INFO  - Watchdog has been checked: 0 passed
18.09.2014 08:02:47,304 - INFO  - Watchdog has been checked: 0 passed
18.09.2014 08:04:47,182 - INFO  - Watchdog has been checked: 0 passed
18.09.2014 08:06:46,207 - INFO  - Watchdog has been checked: 0 passed
18.09.2014 08:08:46,095 - INFO  - Watchdog has been checked: 0 passed
18.09.2014 08:10:46,310 - INFO  - Watchdog has been checked: 0 passed
18.09.2014 08:12:46,228 - INFO  - Watchdog has been checked: 0 passed
18.09.2014 08:14:46,134 - INFO  - Watchdog has been checked: 0 passed
18.09.2014 08:16:46,159 - INFO  - Watchdog has been checked: 0 passed
18.09.2014 08:18:46,087 - INFO  - Watchdog has been checked: 0 passed
18.09.2014 08:20:46,230 - INFO  - Watchdog has been checked: 0 passed
18.09.2014 08:22:46,205 - INFO  - Watchdog has been checked: 0 passed
18.09.2014 08:24:46,274 - INFO  - Watchdog has been checked: 0 passed
18.09.2014 08:26:46,162 - INFO  - Watchdog has been checked: 0 passed
18.09.2014 08:28:46,332 - INFO  - Watchdog has been checked: 0 passed
18.09.2014 08:30:46,270 - INFO  - Watchdog has been checked: 0 passed
18.09.2014 08:32:46,259 - INFO  - Watchdog has been checked: 0 passed
18.09.2014 08:34:46,244 - INFO  - Watchdog has been checked: 0 passed
18.09.2014 08:36:46,325 - INFO  - Watchdog has been checked: 0 passed
18.09.2014 08:38:46,259 - INFO  - Watchdog has been checked: 0 passed
18.09.2014 08:40:46,150 - INFO  - Watchdog has been checked: 0 passed
18.09.2014 08:42:46,130 - INFO  - Watchdog has been checked: 0 passed
18.09.2014 08:44:45,231 - INFO  - Watchdog has been checked: 0 passed
18.09.2014 08:46:45,121 - INFO  - Watchdog has been checked: 0 passed
18.09.2014 08:48:44,280 - INFO  - Watchdog has been checked: 0 passed
18.09.2014 08:50:44,187 - INFO  - Watchdog has been checked: 0 passed
18.09.2014 08:52:44,215 - INFO  - Watchdog has been checked: 0 passed
18.09.2014 08:54:44,066 - INFO  - Watchdog has been checked: 0 passed
18.09.2014 08:56:44,108 - INFO  - Watchdog has been checked: 0 passed
18.09.2014 08:58:44,259 - INFO  - Watchdog has been checked: 0 passed
18.09.2014 09:00:44,095 - INFO  - Watchdog has been checked: 0 passed
18.09.2014 09:02:44,164 - INFO  - Watchdog has been checked: 0 passed
18.09.2014 09:04:44,233 - INFO  - Watchdog has been checked: 0 passed
18.09.2014 09:06:44,162 - INFO  - Watchdog has been checked: 0 passed
18.09.2014 09:08:44,314 - INFO  - Watchdog has been checked: 0 passed
18.09.2014 09:10:44,243 - INFO  - Watchdog has been checked: 0 passed
18.09.2014 09:12:44,242 - INFO  - Watchdog has been checked: 0 passed
18.09.2014 09:14:44,153 - INFO  - Watchdog has been checked: 0 passed
18.09.2014 09:16:44,238 - INFO  - Watchdog has been checked: 0 passed
18.09.2014 09:18:44,207 - INFO  - Watchdog has been checked: 0 passed
18.09.2014 09:20:44,269 - INFO  - Watchdog has been checked: 0 passed
18.09.2014 09:22:44,275 - INFO  - Watchdog has been checked: 0 passed
18.09.2014 09:24:44,158 - INFO  - Watchdog has been checked: 0 passed
18.09.2014 09:26:44,241 - INFO  - Watchdog has been checked: 0 passed
18.09.2014 09:28:44,141 - INFO  - Watchdog has been checked: 0 passed
18.09.2014 09:30:44,307 - INFO  - Watchdog has been checked: 0 passed
18.09.2014 09:32:44,345 - INFO  - Watchdog has been checked: 0 passed
18.09.2014 09:34:44,209 - INFO  - Watchdog has been checked: 0 passed
18.09.2014 09:36:44,302 - INFO  - Watchdog has been checked: 0 passed
18.09.2014 09:38:44,260 - INFO  - Watchdog has been checked: 0 passed
18.09.2014 09:40:44,349 - INFO  - Watchdog has been checked: 0 passed
18.09.2014 09:42:44,201 - INFO  - Watchdog has been checked: 0 passed
18.09.2014 09:44:44,201 - INFO  - Watchdog has been checked: 0 passed
18.09.2014 09:46:44,328 - INFO  - Watchdog has been checked: 0 passed
18.09.2014 09:48:44,253 - INFO  - Watchdog has been checked: 0 passed
18.09.2014 09:50:44,098 - INFO  - Watchdog has been checked: 0 passed
18.09.2014 09:52:44,286 - INFO  - Watchdog has been checked: 0 passed
18.09.2014 09:54:44,197 - INFO  - Watchdog has been checked: 0 passed
18.09.2014 09:56:44,244 - INFO  - Watchdog has been checked: 0 passed
18.09.2014 09:58:44,263 - INFO  - Watchdog has been checked: 0 passed
18.09.2014 10:00:44,044 - INFO  - Watchdog has been checked: 0 passed
18.09.2014 10:02:44,124 - INFO  - Watchdog has been checked: 0 passed
18.09.2014 10:04:44,217 - INFO  - Watchdog has been checked: 0 passed
18.09.2014 10:06:44,154 - INFO  - Watchdog has been checked: 0 passed
18.09.2014 10:08:44,070 - INFO  - Watchdog has been checked: 0 passed
18.09.2014 10:10:44,181 - INFO  - Watchdog has been checked: 0 passed
18.09.2014 10:12:44,173 - INFO  - Watchdog has been checked: 0 passed
18.09.2014 10:14:44,140 - INFO  - Watchdog has been checked: 0 passed
18.09.2014 10:16:43,161 - INFO  - Watchdog has been checked: 0 passed
18.09.2014 10:18:43,092 - INFO  - Watchdog has been checked: 0 passed
18.09.2014 10:20:43,175 - INFO  - Watchdog has been checked: 0 passed
18.09.2014 10:22:43,173 - INFO  - Watchdog has been checked: 0 passed
18.09.2014 10:24:43,073 - INFO  - Watchdog has been checked: 0 passed
18.09.2014 10:26:43,193 - INFO  - Watchdog has been checked: 0 passed
18.09.2014 10:28:43,086 - INFO  - Watchdog has been checked: 0 passed
18.09.2014 10:30:43,396 - INFO  - Watchdog has been checked: 0 passed
18.09.2014 10:32:43,324 - INFO  - Watchdog has been checked: 0 passed
18.09.2014 10:34:43,229 - INFO  - Watchdog has been checked: 0 passed
18.09.2014 10:36:43,142 - INFO  - Watchdog has been checked: 0 passed
18.09.2014 10:38:43,058 - INFO  - Watchdog has been checked: 0 passed
18.09.2014 10:40:43,200 - INFO  - Watchdog has been checked: 0 passed
18.09.2014 10:42:43,181 - INFO  - Watchdog has been checked: 0 passed
18.09.2014 10:44:43,125 - INFO  - Watchdog has been checked: 0 passed
18.09.2014 10:46:43,214 - INFO  - Watchdog has been checked: 0 passed
18.09.2014 10:48:43,138 - INFO  - Watchdog has been checked: 0 passed
18.09.2014 10:50:43,069 - INFO  - Watchdog has been checked: 0 passed
18.09.2014 10:52:43,299 - INFO  - Watchdog has been checked: 0 passed
18.09.2014 10:53:09,610 - INFO  - searcher identified --- respT: 40ms, 78052 results, q=, 
18.09.2014 10:53:17,419 - INFO  - searcher identified --- respT: 18ms, 1808 results, q=schaub, 
18.09.2014 10:53:28,733 - INFO  - searcher identified --- respT: 15ms, 11 results, type:image, q=schaub, 
18.09.2014 10:54:25,851 - INFO  - searcher identified --- respT: 12ms, 11 results, type:image, q=schaub, page turned
18.09.2014 10:54:27,534 - INFO  - searcher identified --- respT: 16ms, 11 results, type:image, q=schaub, 
18.09.2014 10:54:43,241 - INFO  - Watchdog has been checked: 0 passed
18.09.2014 10:56:43,405 - INFO  - Watchdog has been checked: 0 passed
18.09.2014 10:58:43,302 - INFO  - Watchdog has been checked: 0 passed
18.09.2014 11:00:43,160 - INFO  - Watchdog has been checked: 0 passed
18.09.2014 11:02:43,391 - INFO  - Watchdog has been checked: 0 passed
18.09.2014 11:03:40,611 - INFO  - searcher identified --- respT: 13ms, 11 results, type:image, q=schaub, 
18.09.2014 11:04:43,192 - INFO  - Watchdog has been checked: 0 passed
18.09.2014 11:05:33,962 - INFO  - searcher identified --- respT: 17ms, 1808 results, q=schaub, 
18.09.2014 11:05:51,476 - INFO  - searcher identified --- respT: 15ms, 85 results, q=buecklers, 
18.09.2014 11:06:43,289 - INFO  - Watchdog has been checked: 0 passed
18.09.2014 11:08:43,177 - INFO  - Watchdog has been checked: 0 passed
18.09.2014 11:10:43,051 - INFO  - Watchdog has been checked: 0 passed
18.09.2014 11:12:43,017 - INFO  - Watchdog has been checked: 0 passed
18.09.2014 11:14:43,123 - INFO  - Watchdog has been checked: 0 passed
18.09.2014 11:16:43,216 - INFO  - Watchdog has been checked: 0 passed
18.09.2014 11:18:43,130 - INFO  - Watchdog has been checked: 0 passed
18.09.2014 11:20:43,017 - INFO  - Watchdog has been checked: 0 passed
18.09.2014 11:22:43,238 - INFO  - Watchdog has been checked: 0 passed
18.09.2014 11:24:43,107 - INFO  - Watchdog has been checked: 0 passed
18.09.2014 11:26:43,205 - INFO  - Watchdog has been checked: 0 passed
18.09.2014 11:28:43,103 - INFO  - Watchdog has been checked: 0 passed
18.09.2014 11:30:43,218 - INFO  - Watchdog has been checked: 0 passed
18.09.2014 11:32:43,173 - INFO  - Watchdog has been checked: 0 passed
18.09.2014 11:34:43,087 - INFO  - Watchdog has been checked: 0 passed
18.09.2014 11:36:43,213 - INFO  - Watchdog has been checked: 0 passed
18.09.2014 11:38:43,124 - INFO  - Watchdog has been checked: 0 passed
18.09.2014 11:40:43,203 - INFO  - Watchdog has been checked: 0 passed
18.09.2014 11:42:43,200 - INFO  - Watchdog has been checked: 0 passed
18.09.2014 11:44:43,273 - INFO  - Watchdog has been checked: 0 passed
18.09.2014 11:46:43,135 - INFO  - Watchdog has been checked: 0 passed
18.09.2014 11:48:43,277 - INFO  - Watchdog has been checked: 0 passed
18.09.2014 11:50:43,156 - INFO  - Watchdog has been checked: 0 passed
18.09.2014 11:52:43,142 - INFO  - Watchdog has been checked: 0 passed
18.09.2014 11:54:43,271 - INFO  - Watchdog has been checked: 0 passed
18.09.2014 11:56:43,100 - INFO  - Watchdog has been checked: 0 passed
18.09.2014 11:58:43,413 - INFO  - Watchdog has been checked: 0 passed
18.09.2014 12:00:43,130 - INFO  - Watchdog has been checked: 0 passed
18.09.2014 12:02:43,247 - INFO  - Watchdog has been checked: 0 passed
18.09.2014 12:04:43,342 - INFO  - Watchdog has been checked: 0 passed
18.09.2014 12:06:43,432 - INFO  - Watchdog has been checked: 0 passed
18.09.2014 12:08:43,161 - INFO  - Watchdog has been checked: 0 passed
18.09.2014 12:10:43,245 - INFO  - Watchdog has been checked: 0 passed
18.09.2014 12:12:43,211 - INFO  - Watchdog has been checked: 0 passed
18.09.2014 12:14:43,187 - INFO  - Watchdog has been checked: 0 passed
18.09.2014 12:16:43,248 - INFO  - Watchdog has been checked: 0 passed
18.09.2014 12:18:43,186 - INFO  - Watchdog has been checked: 0 passed
18.09.2014 12:20:43,290 - INFO  - Watchdog has been checked: 0 passed
18.09.2014 12:22:43,268 - INFO  - Watchdog has been checked: 0 passed
18.09.2014 12:24:43,076 - INFO  - Watchdog has been checked: 0 passed
18.09.2014 12:26:43,178 - INFO  - Watchdog has been checked: 0 passed
18.09.2014 12:28:43,084 - INFO  - Watchdog has been checked: 0 passed
18.09.2014 12:30:43,189 - INFO  - Watchdog has been checked: 0 passed
18.09.2014 12:32:43,164 - INFO  - Watchdog has been checked: 0 passed
18.09.2014 12:34:43,337 - INFO  - Watchdog has been checked: 0 passed
18.09.2014 12:36:43,125 - INFO  - Watchdog has been checked: 0 passed
18.09.2014 12:38:43,093 - INFO  - Watchdog has been checked: 0 passed
18.09.2014 12:40:42,318 - INFO  - Watchdog has been checked: 0 passed
18.09.2014 12:42:42,103 - INFO  - Watchdog has been checked: 0 passed
18.09.2014 12:44:41,029 - INFO  - Watchdog has been checked: 0 passed
18.09.2014 12:46:40,041 - INFO  - Watchdog has been checked: 0 passed
18.09.2014 12:48:40,234 - INFO  - Watchdog has been checked: 0 passed
18.09.2014 12:50:40,068 - INFO  - Watchdog has been checked: 0 passed
18.09.2014 12:52:40,044 - INFO  - Watchdog has been checked: 0 passed
18.09.2014 12:54:40,141 - INFO  - Watchdog has been checked: 0 passed
18.09.2014 12:56:40,199 - INFO  - Watchdog has been checked: 0 passed
18.09.2014 12:58:40,102 - INFO  - Watchdog has been checked: 0 passed
18.09.2014 13:00:40,244 - INFO  - Watchdog has been checked: 0 passed
18.09.2014 13:02:40,209 - INFO  - Watchdog has been checked: 0 passed
18.09.2014 13:04:40,111 - INFO  - Watchdog has been checked: 0 passed
18.09.2014 13:06:40,300 - INFO  - Watchdog has been checked: 0 passed
18.09.2014 13:08:40,232 - INFO  - Watchdog has been checked: 0 passed
18.09.2014 13:10:40,100 - INFO  - Watchdog has been checked: 0 passed
18.09.2014 13:12:40,094 - INFO  - Watchdog has been checked: 0 passed
18.09.2014 13:14:40,166 - INFO  - Watchdog has been checked: 0 passed
18.09.2014 13:16:40,207 - INFO  - Watchdog has been checked: 0 passed
18.09.2014 13:18:40,038 - INFO  - Watchdog has been checked: 0 passed
18.09.2014 13:20:40,215 - INFO  - Watchdog has been checked: 0 passed
18.09.2014 13:22:40,124 - INFO  - Watchdog has been checked: 0 passed
18.09.2014 13:24:40,264 - INFO  - Watchdog has been checked: 0 passed
18.09.2014 13:26:40,125 - INFO  - Watchdog has been checked: 0 passed
18.09.2014 13:28:40,365 - INFO  - Watchdog has been checked: 0 passed
18.09.2014 13:30:40,223 - INFO  - Watchdog has been checked: 0 passed
18.09.2014 13:32:40,219 - INFO  - Watchdog has been checked: 0 passed
18.09.2014 13:34:40,352 - INFO  - Watchdog has been checked: 0 passed
18.09.2014 13:36:40,169 - INFO  - Watchdog has been checked: 0 passed
18.09.2014 13:38:40,360 - INFO  - Watchdog has been checked: 0 passed
18.09.2014 13:40:40,230 - INFO  - Watchdog has been checked: 0 passed
18.09.2014 13:42:40,189 - INFO  - Watchdog has been checked: 0 passed
18.09.2014 13:44:40,303 - INFO  - Watchdog has been checked: 0 passed
18.09.2014 13:46:40,123 - INFO  - Watchdog has been checked: 0 passed
18.09.2014 13:48:40,106 - INFO  - Watchdog has been checked: 0 passed
18.09.2014 13:50:40,307 - INFO  - Watchdog has been checked: 0 passed
18.09.2014 13:52:40,210 - INFO  - Watchdog has been checked: 0 passed
18.09.2014 13:54:40,049 - INFO  - Watchdog has been checked: 0 passed
18.09.2014 13:56:40,116 - INFO  - Watchdog has been checked: 0 passed
18.09.2014 13:58:40,107 - INFO  - Watchdog has been checked: 0 passed
18.09.2014 14:00:40,157 - INFO  - Watchdog has been checked: 0 passed
18.09.2014 14:02:40,137 - INFO  - Watchdog has been checked: 0 passed
18.09.2014 14:04:40,082 - INFO  - Watchdog has been checked: 0 passed
18.09.2014 14:06:40,142 - INFO  - Watchdog has been checked: 0 passed
18.09.2014 14:08:40,099 - INFO  - Watchdog has been checked: 0 passed
18.09.2014 14:10:40,185 - INFO  - Watchdog has been checked: 0 passed
18.09.2014 14:12:40,209 - INFO  - Watchdog has been checked: 0 passed
18.09.2014 14:14:40,164 - INFO  - Watchdog has been checked: 0 passed
18.09.2014 14:16:40,182 - INFO  - Watchdog has been checked: 0 passed
18.09.2014 14:18:40,096 - INFO  - Watchdog has been checked: 0 passed
18.09.2014 14:20:40,214 - INFO  - Watchdog has been checked: 0 passed
18.09.2014 14:22:40,327 - INFO  - Watchdog has been checked: 0 passed
18.09.2014 14:24:40,235 - INFO  - Watchdog has been checked: 0 passed
18.09.2014 14:26:40,291 - INFO  - Watchdog has been checked: 0 passed
18.09.2014 14:28:40,197 - INFO  - Watchdog has been checked: 0 passed
18.09.2014 14:30:40,268 - INFO  - Watchdog has been checked: 0 passed
18.09.2014 14:32:40,276 - INFO  - Watchdog has been checked: 0 passed
18.09.2014 14:34:40,208 - INFO  - Watchdog has been checked: 0 passed
18.09.2014 14:36:40,234 - INFO  - Watchdog has been checked: 0 passed
18.09.2014 14:38:40,212 - INFO  - Watchdog has been checked: 0 passed
18.09.2014 14:40:40,047 - INFO  - Watchdog has been checked: 0 passed
18.09.2014 14:42:39,098 - INFO  - Watchdog has been checked: 0 passed
18.09.2014 14:44:39,283 - INFO  - Watchdog has been checked: 0 passed
18.09.2014 14:46:39,240 - INFO  - Watchdog has been checked: 0 passed
18.09.2014 14:48:39,288 - INFO  - Watchdog has been checked: 0 passed
18.09.2014 14:50:39,333 - INFO  - Watchdog has been checked: 0 passed
18.09.2014 14:52:39,337 - INFO  - Watchdog has been checked: 0 passed
18.09.2014 14:54:39,390 - INFO  - Watchdog has been checked: 0 passed
18.09.2014 14:56:39,229 - INFO  - Watchdog has been checked: 0 passed
18.09.2014 14:58:39,148 - INFO  - Watchdog has been checked: 0 passed
18.09.2014 15:00:39,345 - INFO  - Watchdog has been checked: 0 passed
18.09.2014 15:02:39,320 - INFO  - Watchdog has been checked: 0 passed
18.09.2014 15:04:39,283 - INFO  - Watchdog has been checked: 0 passed
18.09.2014 15:06:39,188 - INFO  - Watchdog has been checked: 0 passed
18.09.2014 15:08:39,203 - INFO  - Watchdog has been checked: 0 passed
18.09.2014 15:10:39,306 - INFO  - Watchdog has been checked: 0 passed
18.09.2014 15:12:39,256 - INFO  - Watchdog has been checked: 0 passed
18.09.2014 15:14:39,195 - INFO  - Watchdog has been checked: 0 passed
18.09.2014 15:16:39,154 - INFO  - Watchdog has been checked: 0 passed
18.09.2014 15:18:39,131 - INFO  - Watchdog has been checked: 0 passed
18.09.2014 15:20:39,189 - INFO  - Watchdog has been checked: 0 passed
18.09.2014 15:22:39,148 - INFO  - Watchdog has been checked: 0 passed
18.09.2014 15:24:39,319 - INFO  - Watchdog has been checked: 0 passed
18.09.2014 15:26:39,293 - INFO  - Watchdog has been checked: 0 passed
18.09.2014 15:28:39,226 - INFO  - Watchdog has been checked: 0 passed
18.09.2014 15:30:39,075 - INFO  - Watchdog has been checked: 0 passed
18.09.2014 15:32:38,317 - INFO  - Watchdog has been checked: 0 passed
18.09.2014 15:34:39,067 - INFO  - Watchdog has been checked: 0 passed
18.09.2014 15:36:38,327 - INFO  - Watchdog has been checked: 0 passed
18.09.2014 15:38:38,209 - INFO  - Watchdog has been checked: 0 passed
18.09.2014 15:40:38,134 - INFO  - Watchdog has been checked: 0 passed
18.09.2014 15:42:38,316 - INFO  - Watchdog has been checked: 0 passed
18.09.2014 15:44:38,281 - INFO  - Watchdog has been checked: 0 passed
18.09.2014 15:46:39,212 - INFO  - Watchdog has been checked: 0 passed
18.09.2014 15:48:39,170 - INFO  - Watchdog has been checked: 0 passed
18.09.2014 15:50:39,048 - INFO  - Watchdog has been checked: 0 passed
18.09.2014 15:52:38,305 - INFO  - Watchdog has been checked: 0 passed
18.09.2014 15:54:38,163 - INFO  - Watchdog has been checked: 0 passed
18.09.2014 15:56:38,154 - INFO  - Watchdog has been checked: 0 passed
18.09.2014 15:58:37,140 - INFO  - Watchdog has been checked: 0 passed
18.09.2014 16:00:36,291 - INFO  - Watchdog has been checked: 0 passed
