26.08.2014 00:01:48,305 - INFO  - Watchdog has been checked: 0 passed
26.08.2014 00:03:48,120 - INFO  - Watchdog has been checked: 0 passed
26.08.2014 00:05:48,273 - INFO  - Watchdog has been checked: 0 passed
26.08.2014 00:07:48,272 - INFO  - Watchdog has been checked: 0 passed
26.08.2014 00:09:48,223 - INFO  - Watchdog has been checked: 0 passed
26.08.2014 00:11:48,414 - INFO  - Watchdog has been checked: 0 passed
26.08.2014 00:13:48,247 - INFO  - Watchdog has been checked: 0 passed
26.08.2014 00:15:48,373 - INFO  - Watchdog has been checked: 0 passed
26.08.2014 00:17:48,388 - INFO  - Watchdog has been checked: 0 passed
26.08.2014 00:19:48,258 - INFO  - Watchdog has been checked: 0 passed
26.08.2014 00:21:48,429 - INFO  - Watchdog has been checked: 0 passed
26.08.2014 00:23:48,506 - INFO  - Watchdog has been checked: 0 passed
26.08.2014 00:25:48,355 - INFO  - Watchdog has been checked: 0 passed
26.08.2014 00:27:48,346 - INFO  - Watchdog has been checked: 0 passed
26.08.2014 00:29:48,429 - INFO  - Watchdog has been checked: 0 passed
26.08.2014 00:31:48,412 - INFO  - Watchdog has been checked: 0 passed
26.08.2014 00:33:48,256 - INFO  - Watchdog has been checked: 0 passed
26.08.2014 00:35:48,307 - INFO  - Watchdog has been checked: 0 passed
26.08.2014 00:37:48,055 - INFO  - Watchdog has been checked: 0 passed
26.08.2014 00:39:49,187 - INFO  - Watchdog has been checked: 0 passed
26.08.2014 00:41:49,177 - INFO  - Watchdog has been checked: 0 passed
26.08.2014 00:43:49,213 - INFO  - Watchdog has been checked: 0 passed
26.08.2014 00:45:49,135 - INFO  - Watchdog has been checked: 0 passed
26.08.2014 00:47:49,093 - INFO  - Watchdog has been checked: 0 passed
26.08.2014 00:49:49,205 - INFO  - Watchdog has been checked: 0 passed
26.08.2014 00:51:49,131 - INFO  - Watchdog has been checked: 0 passed
26.08.2014 00:53:49,175 - INFO  - Watchdog has been checked: 0 passed
26.08.2014 00:55:49,041 - INFO  - Watchdog has been checked: 0 passed
26.08.2014 00:57:49,130 - INFO  - Watchdog has been checked: 0 passed
26.08.2014 00:59:48,198 - INFO  - Watchdog has been checked: 0 passed
26.08.2014 01:01:48,152 - INFO  - Watchdog has been checked: 0 passed
26.08.2014 01:03:48,241 - INFO  - Watchdog has been checked: 0 passed
26.08.2014 01:05:48,294 - INFO  - Watchdog has been checked: 0 passed
26.08.2014 01:07:48,081 - INFO  - Watchdog has been checked: 0 passed
26.08.2014 01:09:48,238 - INFO  - Watchdog has been checked: 0 passed
26.08.2014 01:11:48,147 - INFO  - Watchdog has been checked: 0 passed
26.08.2014 01:13:48,191 - INFO  - Watchdog has been checked: 0 passed
26.08.2014 01:15:48,099 - INFO  - Watchdog has been checked: 0 passed
26.08.2014 01:17:47,063 - INFO  - Watchdog has been checked: 0 passed
26.08.2014 01:19:47,206 - INFO  - Watchdog has been checked: 0 passed
26.08.2014 01:21:47,138 - INFO  - Watchdog has been checked: 0 passed
26.08.2014 01:23:47,234 - INFO  - Watchdog has been checked: 0 passed
26.08.2014 01:25:47,118 - INFO  - Watchdog has been checked: 0 passed
26.08.2014 01:27:47,133 - INFO  - Watchdog has been checked: 0 passed
26.08.2014 01:29:47,194 - INFO  - Watchdog has been checked: 0 passed
26.08.2014 01:31:47,131 - INFO  - Watchdog has been checked: 0 passed
26.08.2014 01:33:47,182 - INFO  - Watchdog has been checked: 0 passed
26.08.2014 01:35:47,051 - INFO  - Watchdog has been checked: 0 passed
26.08.2014 01:37:47,138 - INFO  - Watchdog has been checked: 0 passed
26.08.2014 01:39:47,307 - INFO  - Watchdog has been checked: 0 passed
26.08.2014 01:41:49,186 - INFO  - Watchdog has been checked: 0 passed
26.08.2014 01:43:49,064 - INFO  - Watchdog has been checked: 0 passed
26.08.2014 01:45:48,267 - INFO  - Watchdog has been checked: 0 passed
26.08.2014 01:47:48,092 - INFO  - Watchdog has been checked: 0 passed
26.08.2014 01:49:48,163 - INFO  - Watchdog has been checked: 0 passed
26.08.2014 01:51:48,125 - INFO  - Watchdog has been checked: 0 passed
26.08.2014 01:53:47,194 - INFO  - Watchdog has been checked: 0 passed
26.08.2014 01:55:47,264 - INFO  - Watchdog has been checked: 0 passed
26.08.2014 01:57:47,025 - INFO  - Watchdog has been checked: 0 passed
26.08.2014 01:59:46,147 - INFO  - Watchdog has been checked: 0 passed
26.08.2014 02:01:46,112 - INFO  - Watchdog has been checked: 0 passed
26.08.2014 02:03:46,221 - INFO  - Watchdog has been checked: 0 passed
26.08.2014 02:05:46,045 - INFO  - Watchdog has been checked: 0 passed
26.08.2014 02:07:46,301 - INFO  - Watchdog has been checked: 0 passed
26.08.2014 02:09:46,164 - INFO  - Watchdog has been checked: 0 passed
26.08.2014 02:11:46,128 - INFO  - Watchdog has been checked: 0 passed
26.08.2014 02:13:46,268 - INFO  - Watchdog has been checked: 0 passed
26.08.2014 02:15:46,136 - INFO  - Watchdog has been checked: 0 passed
26.08.2014 02:17:46,137 - INFO  - Watchdog has been checked: 0 passed
26.08.2014 02:19:46,295 - INFO  - Watchdog has been checked: 0 passed
26.08.2014 02:21:46,302 - INFO  - Watchdog has been checked: 0 passed
26.08.2014 02:23:46,086 - INFO  - Watchdog has been checked: 0 passed
26.08.2014 02:25:46,201 - INFO  - Watchdog has been checked: 0 passed
26.08.2014 02:27:46,202 - INFO  - Watchdog has been checked: 0 passed
26.08.2014 02:29:46,068 - INFO  - Watchdog has been checked: 0 passed
26.08.2014 02:31:46,255 - INFO  - Watchdog has been checked: 0 passed
26.08.2014 02:33:46,107 - INFO  - Watchdog has been checked: 0 passed
26.08.2014 02:35:46,356 - INFO  - Watchdog has been checked: 0 passed
26.08.2014 02:37:46,230 - INFO  - Watchdog has been checked: 0 passed
26.08.2014 02:39:46,113 - INFO  - Watchdog has been checked: 0 passed
26.08.2014 02:41:46,297 - INFO  - Watchdog has been checked: 0 passed
26.08.2014 02:43:48,774 - INFO  - Watchdog has been checked: 0 passed
26.08.2014 02:45:48,367 - INFO  - Watchdog has been checked: 0 passed
26.08.2014 02:47:48,210 - INFO  - Watchdog has been checked: 0 passed
26.08.2014 02:49:48,069 - INFO  - Watchdog has been checked: 0 passed
26.08.2014 02:51:48,150 - INFO  - Watchdog has been checked: 0 passed
26.08.2014 02:53:48,260 - INFO  - Watchdog has been checked: 0 passed
26.08.2014 02:55:48,169 - INFO  - Watchdog has been checked: 0 passed
26.08.2014 02:57:48,151 - INFO  - Watchdog has been checked: 0 passed
26.08.2014 02:59:48,294 - INFO  - Watchdog has been checked: 0 passed
26.08.2014 03:01:48,184 - INFO  - Watchdog has been checked: 0 passed
26.08.2014 03:03:48,212 - INFO  - Watchdog has been checked: 0 passed
26.08.2014 03:05:48,110 - INFO  - Watchdog has been checked: 0 passed
26.08.2014 03:07:48,162 - INFO  - Watchdog has been checked: 0 passed
26.08.2014 03:09:48,261 - INFO  - Watchdog has been checked: 0 passed
26.08.2014 03:11:48,215 - INFO  - Watchdog has been checked: 0 passed
26.08.2014 03:13:48,295 - INFO  - Watchdog has been checked: 0 passed
26.08.2014 03:15:48,256 - INFO  - Watchdog has been checked: 0 passed
26.08.2014 03:17:48,217 - INFO  - Watchdog has been checked: 0 passed
26.08.2014 03:19:48,073 - INFO  - Watchdog has been checked: 0 passed
26.08.2014 03:21:48,091 - INFO  - Watchdog has been checked: 0 passed
26.08.2014 03:23:48,102 - INFO  - Watchdog has been checked: 0 passed
26.08.2014 03:25:48,238 - INFO  - Watchdog has been checked: 0 passed
26.08.2014 03:27:48,210 - INFO  - Watchdog has been checked: 0 passed
26.08.2014 03:29:48,085 - INFO  - Watchdog has been checked: 0 passed
26.08.2014 03:31:48,095 - INFO  - Watchdog has been checked: 0 passed
26.08.2014 03:33:47,103 - INFO  - Watchdog has been checked: 0 passed
26.08.2014 03:35:47,222 - INFO  - Watchdog has been checked: 0 passed
26.08.2014 03:37:47,245 - INFO  - Watchdog has been checked: 0 passed
26.08.2014 03:39:47,096 - INFO  - Watchdog has been checked: 0 passed
26.08.2014 03:41:47,110 - INFO  - Watchdog has been checked: 0 passed
26.08.2014 03:43:47,132 - INFO  - Watchdog has been checked: 0 passed
26.08.2014 03:45:49,061 - INFO  - Watchdog has been checked: 0 passed
26.08.2014 03:47:49,227 - INFO  - Watchdog has been checked: 0 passed
26.08.2014 03:49:49,066 - INFO  - Watchdog has been checked: 0 passed
26.08.2014 03:51:49,313 - INFO  - Watchdog has been checked: 0 passed
26.08.2014 03:53:49,087 - INFO  - Watchdog has been checked: 0 passed
26.08.2014 03:55:48,199 - INFO  - Watchdog has been checked: 0 passed
26.08.2014 03:57:48,324 - INFO  - Watchdog has been checked: 0 passed
26.08.2014 03:59:48,181 - INFO  - Watchdog has been checked: 0 passed
26.08.2014 04:01:48,152 - INFO  - Watchdog has been checked: 0 passed
26.08.2014 04:03:48,169 - INFO  - Watchdog has been checked: 0 passed
26.08.2014 04:05:48,243 - INFO  - Watchdog has been checked: 0 passed
26.08.2014 04:07:48,314 - INFO  - Watchdog has been checked: 0 passed
26.08.2014 04:09:48,149 - INFO  - Watchdog has been checked: 0 passed
26.08.2014 04:11:47,323 - INFO  - Watchdog has been checked: 0 passed
26.08.2014 04:13:47,387 - INFO  - Watchdog has been checked: 0 passed
26.08.2014 04:15:48,265 - INFO  - Watchdog has been checked: 0 passed
26.08.2014 04:17:48,291 - INFO  - Watchdog has been checked: 0 passed
26.08.2014 04:19:48,353 - INFO  - Watchdog has been checked: 0 passed
26.08.2014 04:21:48,240 - INFO  - Watchdog has been checked: 0 passed
26.08.2014 04:23:48,353 - INFO  - Watchdog has been checked: 0 passed
26.08.2014 04:25:48,196 - INFO  - Watchdog has been checked: 0 passed
26.08.2014 04:27:48,242 - INFO  - Watchdog has been checked: 0 passed
26.08.2014 04:29:48,354 - INFO  - Watchdog has been checked: 0 passed
26.08.2014 04:31:48,265 - INFO  - Watchdog has been checked: 0 passed
26.08.2014 04:33:48,398 - INFO  - Watchdog has been checked: 0 passed
26.08.2014 04:35:48,267 - INFO  - Watchdog has been checked: 0 passed
26.08.2014 04:37:48,313 - INFO  - Watchdog has been checked: 0 passed
26.08.2014 04:39:48,138 - INFO  - Watchdog has been checked: 0 passed
26.08.2014 04:41:48,304 - INFO  - Watchdog has been checked: 0 passed
26.08.2014 04:43:48,159 - INFO  - Watchdog has been checked: 0 passed
26.08.2014 04:45:48,263 - INFO  - Watchdog has been checked: 0 passed
26.08.2014 04:47:50,254 - INFO  - Watchdog has been checked: 0 passed
26.08.2014 04:49:50,124 - INFO  - Watchdog has been checked: 0 passed
26.08.2014 04:51:50,033 - INFO  - Watchdog has been checked: 0 passed
26.08.2014 04:53:50,110 - INFO  - Watchdog has been checked: 0 passed
26.08.2014 04:55:50,203 - INFO  - Watchdog has been checked: 0 passed
26.08.2014 04:57:50,166 - INFO  - Watchdog has been checked: 0 passed
26.08.2014 04:59:50,059 - INFO  - Watchdog has been checked: 0 passed
26.08.2014 05:01:49,232 - INFO  - Watchdog has been checked: 0 passed
26.08.2014 05:03:49,271 - INFO  - Watchdog has been checked: 0 passed
26.08.2014 05:05:49,112 - INFO  - Watchdog has been checked: 0 passed
26.08.2014 05:07:49,083 - INFO  - Watchdog has been checked: 0 passed
26.08.2014 05:09:48,253 - INFO  - Watchdog has been checked: 0 passed
26.08.2014 05:11:48,164 - INFO  - Watchdog has been checked: 0 passed
26.08.2014 05:13:48,194 - INFO  - Watchdog has been checked: 0 passed
26.08.2014 05:15:48,332 - INFO  - Watchdog has been checked: 0 passed
26.08.2014 05:17:49,070 - INFO  - Watchdog has been checked: 0 passed
26.08.2014 05:19:49,262 - INFO  - Watchdog has been checked: 0 passed
26.08.2014 05:21:49,265 - INFO  - Watchdog has been checked: 0 passed
26.08.2014 05:23:49,163 - INFO  - Watchdog has been checked: 0 passed
26.08.2014 05:25:49,344 - INFO  - Watchdog has been checked: 0 passed
26.08.2014 05:27:49,313 - INFO  - Watchdog has been checked: 0 passed
26.08.2014 05:29:49,191 - INFO  - Watchdog has been checked: 0 passed
26.08.2014 05:31:49,101 - INFO  - Watchdog has been checked: 0 passed
26.08.2014 05:33:48,089 - INFO  - Watchdog has been checked: 0 passed
26.08.2014 05:35:47,257 - INFO  - Watchdog has been checked: 0 passed
26.08.2014 05:37:47,234 - INFO  - Watchdog has been checked: 0 passed
26.08.2014 05:39:47,129 - INFO  - Watchdog has been checked: 0 passed
26.08.2014 05:41:47,358 - INFO  - Watchdog has been checked: 0 passed
26.08.2014 05:43:47,338 - INFO  - Watchdog has been checked: 0 passed
26.08.2014 05:45:47,276 - INFO  - Watchdog has been checked: 0 passed
26.08.2014 05:47:47,286 - INFO  - Watchdog has been checked: 0 passed
26.08.2014 05:49:50,380 - INFO  - Watchdog has been checked: 0 passed
26.08.2014 05:51:50,362 - INFO  - Watchdog has been checked: 0 passed
26.08.2014 05:53:50,323 - INFO  - Watchdog has been checked: 0 passed
26.08.2014 05:55:50,230 - INFO  - Watchdog has been checked: 0 passed
26.08.2014 05:57:50,205 - INFO  - Watchdog has been checked: 0 passed
26.08.2014 05:59:50,309 - INFO  - Watchdog has been checked: 0 passed
26.08.2014 06:01:50,329 - INFO  - Watchdog has been checked: 0 passed
26.08.2014 06:03:50,322 - INFO  - Watchdog has been checked: 0 passed
26.08.2014 06:05:50,201 - INFO  - Watchdog has been checked: 0 passed
26.08.2014 06:07:50,197 - INFO  - Watchdog has been checked: 0 passed
26.08.2014 06:09:50,292 - INFO  - Watchdog has been checked: 0 passed
26.08.2014 06:11:50,298 - INFO  - Watchdog has been checked: 0 passed
26.08.2014 06:13:50,058 - INFO  - Watchdog has been checked: 0 passed
26.08.2014 06:15:01,992 - INFO  - mapping file sync started
26.08.2014 06:15:04,006 - INFO  - file successfully updated
26.08.2014 06:15:49,165 - INFO  - Watchdog has been checked: 0 passed
26.08.2014 06:17:49,223 - INFO  - Watchdog has been checked: 0 passed
26.08.2014 06:19:49,110 - INFO  - Watchdog has been checked: 0 passed
26.08.2014 06:21:49,135 - INFO  - Watchdog has been checked: 0 passed
26.08.2014 06:23:49,111 - INFO  - Watchdog has been checked: 0 passed
26.08.2014 06:25:49,195 - INFO  - Watchdog has been checked: 0 passed
26.08.2014 06:27:49,272 - INFO  - Watchdog has been checked: 0 passed
26.08.2014 06:29:49,127 - INFO  - Watchdog has been checked: 0 passed
26.08.2014 06:31:49,098 - INFO  - Watchdog has been checked: 0 passed
26.08.2014 06:33:49,132 - INFO  - Watchdog has been checked: 0 passed
26.08.2014 06:35:49,230 - INFO  - Watchdog has been checked: 0 passed
26.08.2014 06:37:49,047 - INFO  - Watchdog has been checked: 0 passed
26.08.2014 06:39:48,149 - INFO  - Watchdog has been checked: 0 passed
26.08.2014 06:41:48,074 - INFO  - Watchdog has been checked: 0 passed
26.08.2014 06:43:48,174 - INFO  - Watchdog has been checked: 0 passed
26.08.2014 06:45:48,029 - INFO  - Watchdog has been checked: 0 passed
26.08.2014 06:47:48,154 - INFO  - Watchdog has been checked: 0 passed
26.08.2014 06:49:48,263 - INFO  - Watchdog has been checked: 0 passed
26.08.2014 06:51:49,679 - INFO  - Watchdog has been checked: 0 passed
26.08.2014 06:53:49,195 - INFO  - Watchdog has been checked: 0 passed
26.08.2014 06:55:49,165 - INFO  - Watchdog has been checked: 0 passed
26.08.2014 06:57:49,221 - INFO  - Watchdog has been checked: 0 passed
26.08.2014 06:59:49,307 - INFO  - Watchdog has been checked: 0 passed
26.08.2014 07:01:49,131 - INFO  - Watchdog has been checked: 0 passed
26.08.2014 07:03:49,305 - INFO  - Watchdog has been checked: 0 passed
26.08.2014 07:05:49,130 - INFO  - Watchdog has been checked: 0 passed
26.08.2014 07:07:49,146 - INFO  - Watchdog has been checked: 0 passed
26.08.2014 07:09:49,308 - INFO  - Watchdog has been checked: 0 passed
26.08.2014 07:11:49,343 - INFO  - Watchdog has been checked: 0 passed
26.08.2014 07:13:49,210 - INFO  - Watchdog has been checked: 0 passed
26.08.2014 07:15:01,781 - INFO  - mapping file sync started
26.08.2014 07:15:02,282 - INFO  - file successfully updated
26.08.2014 07:15:49,288 - INFO  - Watchdog has been checked: 0 passed
26.08.2014 07:17:49,277 - INFO  - Watchdog has been checked: 0 passed
26.08.2014 07:19:49,446 - INFO  - Watchdog has been checked: 0 passed
26.08.2014 07:21:49,489 - INFO  - Watchdog has been checked: 0 passed
26.08.2014 07:23:49,241 - INFO  - Watchdog has been checked: 0 passed
26.08.2014 07:25:49,358 - INFO  - Watchdog has been checked: 0 passed
26.08.2014 07:27:49,360 - INFO  - Watchdog has been checked: 0 passed
26.08.2014 07:29:49,255 - INFO  - Watchdog has been checked: 0 passed
26.08.2014 07:31:49,397 - INFO  - Watchdog has been checked: 0 passed
26.08.2014 07:33:49,201 - INFO  - Watchdog has been checked: 0 passed
26.08.2014 07:35:49,336 - INFO  - Watchdog has been checked: 0 passed
26.08.2014 07:37:49,307 - INFO  - Watchdog has been checked: 0 passed
26.08.2014 07:39:49,251 - INFO  - Watchdog has been checked: 0 passed
26.08.2014 07:41:49,384 - INFO  - Watchdog has been checked: 0 passed
26.08.2014 07:43:49,168 - INFO  - Watchdog has been checked: 0 passed
26.08.2014 07:45:49,326 - INFO  - Watchdog has been checked: 0 passed
26.08.2014 07:47:49,275 - INFO  - Watchdog has been checked: 0 passed
26.08.2014 07:49:49,195 - INFO  - Watchdog has been checked: 0 passed
26.08.2014 07:51:48,095 - INFO  - Watchdog has been checked: 0 passed
26.08.2014 07:53:50,073 - INFO  - Watchdog has been checked: 0 passed
26.08.2014 07:55:49,030 - INFO  - Watchdog has been checked: 0 passed
26.08.2014 07:57:47,971 - INFO  - Watchdog has been checked: 0 passed
26.08.2014 07:59:47,161 - INFO  - Watchdog has been checked: 0 passed
26.08.2014 08:01:47,166 - INFO  - Watchdog has been checked: 0 passed
26.08.2014 08:03:46,125 - INFO  - Watchdog has been checked: 0 passed
26.08.2014 08:05:45,009 - INFO  - Watchdog has been checked: 0 passed
26.08.2014 08:07:43,985 - INFO  - Watchdog has been checked: 0 passed
26.08.2014 08:09:43,078 - INFO  - Watchdog has been checked: 0 passed
26.08.2014 08:11:42,044 - INFO  - Watchdog has been checked: 0 passed
26.08.2014 08:13:41,117 - INFO  - Watchdog has been checked: 0 passed
26.08.2014 08:15:41,114 - INFO  - Watchdog has been checked: 0 passed
26.08.2014 08:17:40,054 - INFO  - Watchdog has been checked: 0 passed
26.08.2014 08:19:40,120 - INFO  - Watchdog has been checked: 0 passed
26.08.2014 08:21:39,072 - INFO  - Watchdog has been checked: 0 passed
26.08.2014 08:23:38,127 - INFO  - Watchdog has been checked: 0 passed
26.08.2014 08:25:37,195 - INFO  - Watchdog has been checked: 0 passed
26.08.2014 08:27:37,212 - INFO  - Watchdog has been checked: 0 passed
26.08.2014 08:29:37,169 - INFO  - Watchdog has been checked: 0 passed
26.08.2014 08:31:36,321 - INFO  - Watchdog has been checked: 0 passed
26.08.2014 08:33:36,190 - INFO  - Watchdog has been checked: 0 passed
26.08.2014 08:35:36,312 - INFO  - Watchdog has been checked: 0 passed
26.08.2014 08:37:36,335 - INFO  - Watchdog has been checked: 0 passed
26.08.2014 08:39:36,558 - INFO  - Watchdog has been checked: 0 passed
26.08.2014 08:41:36,315 - INFO  - Watchdog has been checked: 0 passed
26.08.2014 08:43:36,315 - INFO  - Watchdog has been checked: 0 passed
26.08.2014 08:45:36,445 - INFO  - Watchdog has been checked: 0 passed
26.08.2014 08:47:36,211 - INFO  - Watchdog has been checked: 0 passed
26.08.2014 08:49:38,040 - INFO  - Watchdog has been checked: 0 passed
26.08.2014 08:51:38,381 - INFO  - Watchdog has been checked: 0 passed
26.08.2014 08:53:38,184 - INFO  - Watchdog has been checked: 0 passed
26.08.2014 08:55:38,300 - INFO  - Watchdog has been checked: 0 passed
26.08.2014 08:57:38,305 - INFO  - Watchdog has been checked: 0 passed
26.08.2014 08:59:38,368 - INFO  - Watchdog has been checked: 0 passed
26.08.2014 09:01:38,261 - INFO  - Watchdog has been checked: 0 passed
26.08.2014 09:03:38,089 - INFO  - Watchdog has been checked: 0 passed
26.08.2014 09:05:37,122 - INFO  - Watchdog has been checked: 0 passed
26.08.2014 09:07:37,265 - INFO  - Watchdog has been checked: 0 passed
26.08.2014 09:09:37,085 - INFO  - Watchdog has been checked: 0 passed
26.08.2014 09:11:36,331 - INFO  - Watchdog has been checked: 0 passed
26.08.2014 09:13:36,140 - INFO  - Watchdog has been checked: 0 passed
26.08.2014 09:15:36,231 - INFO  - Watchdog has been checked: 0 passed
26.08.2014 09:17:36,247 - INFO  - Watchdog has been checked: 0 passed
26.08.2014 09:19:36,154 - INFO  - Watchdog has been checked: 0 passed
26.08.2014 09:21:40,298 - INFO  - Watchdog has been checked: 0 passed
26.08.2014 09:23:40,194 - INFO  - Watchdog has been checked: 0 passed
26.08.2014 09:25:40,286 - INFO  - Watchdog has been checked: 0 passed
26.08.2014 09:27:40,332 - INFO  - Watchdog has been checked: 0 passed
26.08.2014 09:29:40,180 - INFO  - Watchdog has been checked: 0 passed
26.08.2014 09:31:40,377 - INFO  - Watchdog has been checked: 0 passed
26.08.2014 09:33:40,192 - INFO  - Watchdog has been checked: 0 passed
26.08.2014 09:35:40,284 - INFO  - Watchdog has been checked: 0 passed
26.08.2014 09:37:40,287 - INFO  - Watchdog has been checked: 0 passed
26.08.2014 09:39:40,233 - INFO  - Watchdog has been checked: 0 passed
26.08.2014 09:41:40,153 - INFO  - Watchdog has been checked: 0 passed
26.08.2014 09:43:40,256 - INFO  - Watchdog has been checked: 0 passed
26.08.2014 09:45:40,364 - INFO  - Watchdog has been checked: 0 passed
26.08.2014 09:47:40,357 - INFO  - Watchdog has been checked: 0 passed
26.08.2014 09:49:40,225 - INFO  - Watchdog has been checked: 0 passed
26.08.2014 09:51:40,362 - INFO  - Watchdog has been checked: 0 passed
26.08.2014 09:53:40,263 - INFO  - Watchdog has been checked: 0 passed
26.08.2014 09:55:40,110 - INFO  - Watchdog has been checked: 0 passed
26.08.2014 09:57:39,307 - INFO  - Watchdog has been checked: 0 passed
26.08.2014 09:59:39,212 - INFO  - Watchdog has been checked: 0 passed
26.08.2014 10:01:39,137 - INFO  - Watchdog has been checked: 0 passed
26.08.2014 10:03:39,223 - INFO  - Watchdog has been checked: 0 passed
26.08.2014 10:05:39,086 - INFO  - Watchdog has been checked: 0 passed
26.08.2014 10:07:39,045 - INFO  - Watchdog has been checked: 0 passed
26.08.2014 10:09:39,240 - INFO  - Watchdog has been checked: 0 passed
26.08.2014 10:11:39,173 - INFO  - Watchdog has been checked: 0 passed
26.08.2014 10:13:39,162 - INFO  - Watchdog has been checked: 0 passed
26.08.2014 10:15:39,099 - INFO  - Watchdog has been checked: 0 passed
26.08.2014 10:17:39,305 - INFO  - Watchdog has been checked: 0 passed
26.08.2014 10:19:39,199 - INFO  - Watchdog has been checked: 0 passed
26.08.2014 10:21:39,336 - INFO  - Watchdog has been checked: 0 passed
26.08.2014 10:23:40,418 - INFO  - Watchdog has been checked: 0 passed
26.08.2014 10:25:40,279 - INFO  - Watchdog has been checked: 0 passed
26.08.2014 10:27:40,166 - INFO  - Watchdog has been checked: 0 passed
26.08.2014 10:29:40,063 - INFO  - Watchdog has been checked: 0 passed
26.08.2014 10:31:40,275 - INFO  - Watchdog has been checked: 0 passed
26.08.2014 10:33:40,089 - INFO  - Watchdog has been checked: 0 passed
26.08.2014 10:35:40,281 - INFO  - Watchdog has been checked: 0 passed
26.08.2014 10:37:40,306 - INFO  - Watchdog has been checked: 0 passed
26.08.2014 10:39:40,144 - INFO  - Watchdog has been checked: 0 passed
26.08.2014 10:41:39,178 - INFO  - Watchdog has been checked: 0 passed
26.08.2014 10:43:39,150 - INFO  - Watchdog has been checked: 0 passed
26.08.2014 10:45:39,332 - INFO  - Watchdog has been checked: 0 passed
26.08.2014 10:47:39,316 - INFO  - Watchdog has been checked: 0 passed
26.08.2014 10:49:39,150 - INFO  - Watchdog has been checked: 0 passed
26.08.2014 10:51:39,353 - INFO  - Watchdog has been checked: 0 passed
26.08.2014 10:53:39,141 - INFO  - Watchdog has been checked: 0 passed
26.08.2014 10:55:39,294 - INFO  - Watchdog has been checked: 0 passed
26.08.2014 10:57:39,309 - INFO  - Watchdog has been checked: 0 passed
26.08.2014 10:59:39,126 - INFO  - Watchdog has been checked: 0 passed
26.08.2014 11:01:39,211 - INFO  - Watchdog has been checked: 0 passed
26.08.2014 11:03:39,294 - INFO  - Watchdog has been checked: 0 passed
26.08.2014 11:05:39,141 - INFO  - Watchdog has been checked: 0 passed
26.08.2014 11:07:39,173 - INFO  - Watchdog has been checked: 0 passed
26.08.2014 11:09:39,228 - INFO  - Watchdog has been checked: 0 passed
26.08.2014 11:11:39,214 - INFO  - Watchdog has been checked: 0 passed
26.08.2014 11:13:39,263 - INFO  - Watchdog has been checked: 0 passed
26.08.2014 11:15:39,100 - INFO  - Watchdog has been checked: 0 passed
26.08.2014 11:17:39,170 - INFO  - Watchdog has been checked: 0 passed
26.08.2014 11:19:39,248 - INFO  - Watchdog has been checked: 0 passed
26.08.2014 11:21:39,182 - INFO  - Watchdog has been checked: 0 passed
26.08.2014 11:23:38,946 - INFO  - Watchdog has been checked: 0 passed
26.08.2014 11:25:40,129 - INFO  - Watchdog has been checked: 0 passed
26.08.2014 11:27:39,945 - INFO  - Watchdog has been checked: 0 passed
26.08.2014 11:29:39,040 - INFO  - Watchdog has been checked: 0 passed
26.08.2014 11:31:38,006 - INFO  - Watchdog has been checked: 0 passed
26.08.2014 11:33:37,205 - INFO  - Watchdog has been checked: 0 passed
26.08.2014 11:35:37,135 - INFO  - Watchdog has been checked: 0 passed
26.08.2014 11:37:37,198 - INFO  - Watchdog has been checked: 0 passed
26.08.2014 11:39:37,033 - INFO  - Watchdog has been checked: 0 passed
26.08.2014 11:41:36,191 - INFO  - Watchdog has been checked: 0 passed
26.08.2014 11:43:36,298 - INFO  - Watchdog has been checked: 0 passed
26.08.2014 11:45:36,262 - INFO  - Watchdog has been checked: 0 passed
26.08.2014 11:47:36,618 - INFO  - Watchdog has been checked: 0 passed
26.08.2014 11:49:36,319 - INFO  - Watchdog has been checked: 0 passed
26.08.2014 11:51:36,254 - INFO  - Watchdog has been checked: 0 passed
26.08.2014 11:53:36,188 - INFO  - Watchdog has been checked: 0 passed
26.08.2014 11:55:38,014 - INFO  - Watchdog has been checked: 0 passed
26.08.2014 11:57:37,143 - INFO  - Watchdog has been checked: 0 passed
26.08.2014 11:59:38,086 - INFO  - Watchdog has been checked: 0 passed
26.08.2014 12:01:37,140 - INFO  - Watchdog has been checked: 0 passed
26.08.2014 12:03:37,306 - INFO  - Watchdog has been checked: 0 passed
26.08.2014 12:05:37,092 - INFO  - Watchdog has been checked: 0 passed
26.08.2014 12:07:37,160 - INFO  - Watchdog has been checked: 0 passed
26.08.2014 12:09:37,283 - INFO  - Watchdog has been checked: 0 passed
26.08.2014 12:11:37,149 - INFO  - Watchdog has been checked: 0 passed
26.08.2014 12:13:37,341 - INFO  - Watchdog has been checked: 0 passed
26.08.2014 12:15:37,216 - INFO  - Watchdog has been checked: 0 passed
26.08.2014 12:17:37,220 - INFO  - Watchdog has been checked: 0 passed
26.08.2014 12:19:37,339 - INFO  - Watchdog has been checked: 0 passed
26.08.2014 12:21:37,255 - INFO  - Watchdog has been checked: 0 passed
26.08.2014 12:23:37,368 - INFO  - Watchdog has been checked: 0 passed
26.08.2014 12:25:37,245 - INFO  - Watchdog has been checked: 0 passed
26.08.2014 12:27:40,266 - INFO  - Watchdog has been checked: 0 passed
26.08.2014 12:29:40,452 - INFO  - Watchdog has been checked: 0 passed
26.08.2014 12:31:40,493 - INFO  - Watchdog has been checked: 0 passed
26.08.2014 12:33:40,446 - INFO  - Watchdog has been checked: 0 passed
26.08.2014 12:35:40,300 - INFO  - Watchdog has been checked: 0 passed
26.08.2014 12:37:40,277 - INFO  - Watchdog has been checked: 0 passed
26.08.2014 12:39:40,148 - INFO  - Watchdog has been checked: 0 passed
26.08.2014 12:41:40,428 - INFO  - Watchdog has been checked: 0 passed
26.08.2014 12:43:40,388 - INFO  - Watchdog has been checked: 0 passed
26.08.2014 12:45:40,292 - INFO  - Watchdog has been checked: 0 passed
26.08.2014 12:47:40,270 - INFO  - Watchdog has been checked: 0 passed
26.08.2014 12:49:40,225 - INFO  - Watchdog has been checked: 0 passed
26.08.2014 12:51:40,503 - INFO  - Watchdog has been checked: 0 passed
26.08.2014 12:53:40,150 - INFO  - Watchdog has been checked: 0 passed
26.08.2014 12:55:40,284 - INFO  - Watchdog has been checked: 0 passed
26.08.2014 12:57:40,290 - INFO  - Watchdog has been checked: 0 passed
26.08.2014 12:59:40,166 - INFO  - Watchdog has been checked: 0 passed
26.08.2014 13:01:40,244 - INFO  - Watchdog has been checked: 0 passed
26.08.2014 13:03:40,125 - INFO  - Watchdog has been checked: 0 passed
26.08.2014 13:05:40,170 - INFO  - Watchdog has been checked: 0 passed
26.08.2014 13:07:40,041 - INFO  - Watchdog has been checked: 0 passed
26.08.2014 13:09:39,130 - INFO  - Watchdog has been checked: 0 passed
26.08.2014 13:11:39,128 - INFO  - Watchdog has been checked: 0 passed
26.08.2014 13:13:39,125 - INFO  - Watchdog has been checked: 0 passed
26.08.2014 13:15:39,027 - INFO  - Watchdog has been checked: 0 passed
26.08.2014 13:17:38,051 - INFO  - Watchdog has been checked: 0 passed
26.08.2014 13:19:37,217 - INFO  - Watchdog has been checked: 0 passed
26.08.2014 13:21:37,117 - INFO  - Watchdog has been checked: 0 passed
26.08.2014 13:23:36,150 - INFO  - Watchdog has been checked: 0 passed
26.08.2014 13:25:36,289 - INFO  - Watchdog has been checked: 0 passed
26.08.2014 13:27:36,306 - INFO  - Watchdog has been checked: 0 passed
26.08.2014 13:29:40,378 - INFO  - Watchdog has been checked: 0 passed
26.08.2014 13:31:40,252 - INFO  - Watchdog has been checked: 0 passed
26.08.2014 13:33:40,062 - INFO  - Watchdog has been checked: 0 passed
26.08.2014 13:34:48,076 - INFO  - searcher identified --- respT: 35ms, 83069 results, q=, 
26.08.2014 13:34:58,067 - INFO  - searcher identified --- respT: 26ms, 511 results, q=secure, 
26.08.2014 13:35:00,199 - INFO  - searcher identified --- respT: 16ms, 42 results, q=secure.bz, 
26.08.2014 13:35:04,124 - INFO  - searcher identified --- respT: 21ms, 42 results, q=secure.bz-psi.ch, 
26.08.2014 13:35:04,391 - INFO  - searcher identified --- respT: 19ms, 42 results, q=secure.bz-psi.ch, 
26.08.2014 13:35:40,279 - INFO  - Watchdog has been checked: 0 passed
26.08.2014 13:37:40,425 - INFO  - Watchdog has been checked: 0 passed
26.08.2014 13:39:40,054 - INFO  - Watchdog has been checked: 0 passed
26.08.2014 13:41:40,121 - INFO  - Watchdog has been checked: 0 passed
26.08.2014 13:43:39,240 - INFO  - Watchdog has been checked: 0 passed
26.08.2014 13:45:39,163 - INFO  - Watchdog has been checked: 0 passed
26.08.2014 13:47:38,278 - INFO  - Watchdog has been checked: 0 passed
26.08.2014 13:49:38,068 - INFO  - Watchdog has been checked: 0 passed
26.08.2014 13:51:37,269 - INFO  - Watchdog has been checked: 0 passed
26.08.2014 13:53:37,320 - INFO  - Watchdog has been checked: 0 passed
26.08.2014 13:55:37,146 - INFO  - Watchdog has been checked: 0 passed
26.08.2014 13:57:37,249 - INFO  - Watchdog has been checked: 0 passed
26.08.2014 13:59:38,226 - INFO  - Watchdog has been checked: 0 passed
26.08.2014 14:01:38,263 - INFO  - Watchdog has been checked: 0 passed
26.08.2014 14:03:38,131 - INFO  - Watchdog has been checked: 0 passed
26.08.2014 14:05:38,180 - INFO  - Watchdog has been checked: 0 passed
26.08.2014 14:07:38,233 - INFO  - Watchdog has been checked: 0 passed
26.08.2014 14:09:38,331 - INFO  - Watchdog has been checked: 0 passed
26.08.2014 14:11:38,289 - INFO  - Watchdog has been checked: 0 passed
26.08.2014 14:13:38,109 - INFO  - Watchdog has been checked: 0 passed
26.08.2014 14:15:38,166 - INFO  - Watchdog has been checked: 0 passed
26.08.2014 14:17:38,263 - INFO  - Watchdog has been checked: 0 passed
26.08.2014 14:19:38,163 - INFO  - Watchdog has been checked: 0 passed
26.08.2014 14:21:38,326 - INFO  - Watchdog has been checked: 0 passed
26.08.2014 14:23:38,142 - INFO  - Watchdog has been checked: 0 passed
26.08.2014 14:25:38,230 - INFO  - Watchdog has been checked: 0 passed
26.08.2014 14:27:38,232 - INFO  - Watchdog has been checked: 0 passed
26.08.2014 14:29:38,424 - INFO  - Watchdog has been checked: 0 passed
26.08.2014 14:31:40,219 - INFO  - Watchdog has been checked: 0 passed
26.08.2014 14:33:40,140 - INFO  - Watchdog has been checked: 0 passed
26.08.2014 14:35:40,316 - INFO  - Watchdog has been checked: 0 passed
26.08.2014 14:37:40,315 - INFO  - Watchdog has been checked: 0 passed
26.08.2014 14:39:40,126 - INFO  - Watchdog has been checked: 0 passed
26.08.2014 14:41:39,280 - INFO  - Watchdog has been checked: 0 passed
26.08.2014 14:43:39,095 - INFO  - Watchdog has been checked: 0 passed
26.08.2014 14:45:38,281 - INFO  - Watchdog has been checked: 0 passed
26.08.2014 14:47:38,069 - INFO  - Watchdog has been checked: 0 passed
26.08.2014 14:49:37,234 - INFO  - Watchdog has been checked: 0 passed
26.08.2014 14:51:37,120 - INFO  - Watchdog has been checked: 0 passed
26.08.2014 14:53:36,240 - INFO  - Watchdog has been checked: 0 passed
26.08.2014 14:55:36,119 - INFO  - Watchdog has been checked: 0 passed
26.08.2014 14:57:35,299 - INFO  - Watchdog has been checked: 0 passed
26.08.2014 14:59:35,186 - INFO  - Watchdog has been checked: 0 passed
26.08.2014 15:01:34,103 - INFO  - Watchdog has been checked: 0 passed
26.08.2014 15:03:33,182 - INFO  - Watchdog has been checked: 0 passed
26.08.2014 15:05:32,245 - INFO  - Watchdog has been checked: 0 passed
26.08.2014 15:07:32,197 - INFO  - Watchdog has been checked: 0 passed
26.08.2014 15:09:32,197 - INFO  - Watchdog has been checked: 0 passed
26.08.2014 15:11:32,325 - INFO  - Watchdog has been checked: 0 passed
26.08.2014 15:13:32,137 - INFO  - Watchdog has been checked: 0 passed
26.08.2014 15:15:32,263 - INFO  - Watchdog has been checked: 0 passed
26.08.2014 15:17:32,160 - INFO  - Watchdog has been checked: 0 passed
26.08.2014 15:19:32,104 - INFO  - Watchdog has been checked: 0 passed
26.08.2014 15:21:32,262 - INFO  - Watchdog has been checked: 0 passed
26.08.2014 15:23:32,336 - INFO  - Watchdog has been checked: 0 passed
26.08.2014 15:25:32,116 - INFO  - Watchdog has been checked: 0 passed
26.08.2014 15:27:32,241 - INFO  - Watchdog has been checked: 0 passed
26.08.2014 15:29:32,374 - INFO  - Watchdog has been checked: 0 passed
26.08.2014 15:31:32,306 - INFO  - Watchdog has been checked: 0 passed
26.08.2014 15:33:32,345 - INFO  - Watchdog has been checked: 0 passed
26.08.2014 15:35:32,231 - INFO  - Watchdog has been checked: 0 passed
26.08.2014 15:37:32,218 - INFO  - Watchdog has been checked: 0 passed
26.08.2014 15:39:32,339 - INFO  - Watchdog has been checked: 0 passed
26.08.2014 15:41:32,225 - INFO  - Watchdog has been checked: 0 passed
26.08.2014 15:43:32,460 - INFO  - Watchdog has been checked: 0 passed
26.08.2014 15:45:32,343 - INFO  - Watchdog has been checked: 0 passed
26.08.2014 15:47:32,224 - INFO  - Watchdog has been checked: 0 passed
26.08.2014 15:49:32,157 - INFO  - Watchdog has been checked: 0 passed
26.08.2014 15:51:32,269 - INFO  - Watchdog has been checked: 0 passed
26.08.2014 15:53:32,182 - INFO  - Watchdog has been checked: 0 passed
26.08.2014 15:55:32,318 - INFO  - Watchdog has been checked: 0 passed
26.08.2014 15:57:32,299 - INFO  - Watchdog has been checked: 0 passed
26.08.2014 15:59:32,086 - INFO  - Watchdog has been checked: 0 passed
26.08.2014 16:01:32,080 - INFO  - Watchdog has been checked: 0 passed
26.08.2014 16:03:31,165 - INFO  - Watchdog has been checked: 0 passed
26.08.2014 16:05:31,286 - INFO  - Watchdog has been checked: 0 passed
26.08.2014 16:07:31,086 - INFO  - Watchdog has been checked: 0 passed
26.08.2014 16:09:30,202 - INFO  - Watchdog has been checked: 0 passed
26.08.2014 16:11:30,092 - INFO  - Watchdog has been checked: 0 passed
26.08.2014 16:13:29,168 - INFO  - Watchdog has been checked: 0 passed
26.08.2014 16:15:29,037 - INFO  - Watchdog has been checked: 0 passed
26.08.2014 16:17:28,078 - INFO  - Watchdog has been checked: 0 passed
26.08.2014 16:19:27,129 - INFO  - Watchdog has been checked: 0 passed
26.08.2014 16:21:26,070 - INFO  - Watchdog has been checked: 0 passed
26.08.2014 16:23:25,098 - INFO  - Watchdog has been checked: 0 passed
26.08.2014 16:25:25,200 - INFO  - Watchdog has been checked: 0 passed
26.08.2014 16:27:25,047 - INFO  - Watchdog has been checked: 0 passed
26.08.2014 16:29:24,088 - INFO  - Watchdog has been checked: 0 passed
26.08.2014 16:31:23,036 - INFO  - Watchdog has been checked: 0 passed
26.08.2014 16:33:22,143 - INFO  - Watchdog has been checked: 0 passed
26.08.2014 16:35:21,255 - INFO  - Watchdog has been checked: 0 passed
26.08.2014 16:37:21,291 - INFO  - Watchdog has been checked: 0 passed
26.08.2014 16:39:21,111 - INFO  - Watchdog has been checked: 0 passed
26.08.2014 16:41:20,270 - INFO  - Watchdog has been checked: 0 passed
26.08.2014 16:43:20,120 - INFO  - Watchdog has been checked: 0 passed
26.08.2014 16:45:20,252 - INFO  - Watchdog has been checked: 0 passed
26.08.2014 16:47:20,315 - INFO  - Watchdog has been checked: 0 passed
26.08.2014 16:49:20,166 - INFO  - Watchdog has been checked: 0 passed
26.08.2014 16:51:20,370 - INFO  - Watchdog has been checked: 0 passed
26.08.2014 16:53:20,253 - INFO  - Watchdog has been checked: 0 passed
26.08.2014 16:55:20,267 - INFO  - Watchdog has been checked: 0 passed
26.08.2014 16:57:20,435 - INFO  - Watchdog has been checked: 0 passed
26.08.2014 16:59:20,258 - INFO  - Watchdog has been checked: 0 passed
26.08.2014 17:01:20,322 - INFO  - Watchdog has been checked: 0 passed
26.08.2014 17:03:20,323 - INFO  - Watchdog has been checked: 0 passed
26.08.2014 17:05:20,295 - INFO  - Watchdog has been checked: 0 passed
26.08.2014 17:07:20,331 - INFO  - Watchdog has been checked: 0 passed
26.08.2014 17:09:20,420 - INFO  - Watchdog has been checked: 0 passed
26.08.2014 17:11:20,215 - INFO  - Watchdog has been checked: 0 passed
26.08.2014 17:13:20,340 - INFO  - Watchdog has been checked: 0 passed
26.08.2014 17:15:20,310 - INFO  - Watchdog has been checked: 0 passed
26.08.2014 17:17:20,460 - INFO  - Watchdog has been checked: 0 passed
26.08.2014 17:19:20,307 - INFO  - Watchdog has been checked: 0 passed
26.08.2014 17:21:20,460 - INFO  - Watchdog has been checked: 0 passed
26.08.2014 17:23:20,321 - INFO  - Watchdog has been checked: 0 passed
26.08.2014 17:25:20,413 - INFO  - Watchdog has been checked: 0 passed
26.08.2014 17:27:20,343 - INFO  - Watchdog has been checked: 0 passed
26.08.2014 17:29:20,180 - INFO  - Watchdog has been checked: 0 passed
26.08.2014 17:31:20,130 - INFO  - Watchdog has been checked: 0 passed
26.08.2014 17:33:20,246 - INFO  - Watchdog has been checked: 0 passed
26.08.2014 17:35:20,139 - INFO  - Watchdog has been checked: 0 passed
26.08.2014 17:37:20,108 - INFO  - Watchdog has been checked: 0 passed
26.08.2014 17:39:18,993 - INFO  - Watchdog has been checked: 0 passed
26.08.2014 17:41:17,996 - INFO  - Watchdog has been checked: 0 passed
26.08.2014 17:43:18,111 - INFO  - Watchdog has been checked: 0 passed
26.08.2014 17:45:18,209 - INFO  - Watchdog has been checked: 0 passed
26.08.2014 17:47:18,131 - INFO  - Watchdog has been checked: 0 passed
26.08.2014 17:49:17,156 - INFO  - Watchdog has been checked: 0 passed
26.08.2014 17:51:16,119 - INFO  - Watchdog has been checked: 0 passed
26.08.2014 17:53:15,145 - INFO  - Watchdog has been checked: 0 passed
26.08.2014 17:55:14,281 - INFO  - Watchdog has been checked: 0 passed
26.08.2014 17:57:14,164 - INFO  - Watchdog has been checked: 0 passed
26.08.2014 17:59:13,153 - INFO  - Watchdog has been checked: 0 passed
26.08.2014 18:01:12,368 - INFO  - Watchdog has been checked: 0 passed
26.08.2014 18:03:12,195 - INFO  - Watchdog has been checked: 0 passed
26.08.2014 18:05:12,095 - INFO  - Watchdog has been checked: 0 passed
26.08.2014 18:07:12,225 - INFO  - Watchdog has been checked: 0 passed
26.08.2014 18:09:12,221 - INFO  - Watchdog has been checked: 0 passed
26.08.2014 18:11:12,205 - INFO  - Watchdog has been checked: 0 passed
26.08.2014 18:13:12,292 - INFO  - Watchdog has been checked: 0 passed
26.08.2014 18:15:12,177 - INFO  - Watchdog has been checked: 0 passed
26.08.2014 18:17:12,311 - INFO  - Watchdog has been checked: 0 passed
26.08.2014 18:19:12,264 - INFO  - Watchdog has been checked: 0 passed
26.08.2014 18:21:12,231 - INFO  - Watchdog has been checked: 0 passed
26.08.2014 18:23:12,339 - INFO  - Watchdog has been checked: 0 passed
26.08.2014 18:25:12,212 - INFO  - Watchdog has been checked: 0 passed
26.08.2014 18:27:12,371 - INFO  - Watchdog has been checked: 0 passed
26.08.2014 18:29:12,324 - INFO  - Watchdog has been checked: 0 passed
26.08.2014 18:31:12,290 - INFO  - Watchdog has been checked: 0 passed
26.08.2014 18:33:12,129 - INFO  - Watchdog has been checked: 0 passed
26.08.2014 18:35:12,223 - INFO  - Watchdog has been checked: 0 passed
26.08.2014 18:37:12,140 - INFO  - Watchdog has been checked: 0 passed
26.08.2014 18:39:12,102 - INFO  - Watchdog has been checked: 0 passed
26.08.2014 18:41:12,078 - INFO  - Watchdog has been checked: 0 passed
26.08.2014 18:43:11,243 - INFO  - Watchdog has been checked: 0 passed
26.08.2014 18:45:11,101 - INFO  - Watchdog has been checked: 0 passed
26.08.2014 18:47:11,021 - INFO  - Watchdog has been checked: 0 passed
26.08.2014 18:49:10,243 - INFO  - Watchdog has been checked: 0 passed
26.08.2014 18:51:10,205 - INFO  - Watchdog has been checked: 0 passed
26.08.2014 18:53:10,109 - INFO  - Watchdog has been checked: 0 passed
26.08.2014 18:55:10,194 - INFO  - Watchdog has been checked: 0 passed
26.08.2014 18:57:10,180 - INFO  - Watchdog has been checked: 0 passed
26.08.2014 18:59:10,165 - INFO  - Watchdog has been checked: 0 passed
26.08.2014 19:01:10,167 - INFO  - Watchdog has been checked: 0 passed
26.08.2014 19:03:10,281 - INFO  - Watchdog has been checked: 0 passed
26.08.2014 19:05:10,365 - INFO  - Watchdog has been checked: 0 passed
26.08.2014 19:07:10,298 - INFO  - Watchdog has been checked: 0 passed
26.08.2014 19:09:10,258 - INFO  - Watchdog has been checked: 0 passed
26.08.2014 19:11:10,145 - INFO  - Watchdog has been checked: 0 passed
26.08.2014 19:13:09,254 - INFO  - Watchdog has been checked: 0 passed
26.08.2014 19:15:09,310 - INFO  - Watchdog has been checked: 0 passed
26.08.2014 19:17:09,270 - INFO  - Watchdog has been checked: 0 passed
26.08.2014 19:19:09,267 - INFO  - Watchdog has been checked: 0 passed
26.08.2014 19:21:09,180 - INFO  - Watchdog has been checked: 0 passed
26.08.2014 19:23:09,332 - INFO  - Watchdog has been checked: 0 passed
26.08.2014 19:25:09,208 - INFO  - Watchdog has been checked: 0 passed
26.08.2014 19:27:09,104 - INFO  - Watchdog has been checked: 0 passed
26.08.2014 19:29:08,105 - INFO  - Watchdog has been checked: 0 passed
26.08.2014 19:31:08,300 - INFO  - Watchdog has been checked: 0 passed
26.08.2014 19:33:08,195 - INFO  - Watchdog has been checked: 0 passed
26.08.2014 19:35:08,321 - INFO  - Watchdog has been checked: 0 passed
26.08.2014 19:37:08,222 - INFO  - Watchdog has been checked: 0 passed
26.08.2014 19:39:08,221 - INFO  - Watchdog has been checked: 0 passed
26.08.2014 19:41:08,419 - INFO  - Watchdog has been checked: 0 passed
26.08.2014 19:43:08,288 - INFO  - Watchdog has been checked: 0 passed
26.08.2014 19:45:08,204 - INFO  - Watchdog has been checked: 0 passed
26.08.2014 19:47:08,335 - INFO  - Watchdog has been checked: 0 passed
26.08.2014 19:49:08,306 - INFO  - Watchdog has been checked: 0 passed
26.08.2014 19:51:08,269 - INFO  - Watchdog has been checked: 0 passed
26.08.2014 19:53:08,174 - INFO  - Watchdog has been checked: 0 passed
26.08.2014 19:55:08,397 - INFO  - Watchdog has been checked: 0 passed
26.08.2014 19:57:08,603 - INFO  - Watchdog has been checked: 0 passed
26.08.2014 19:59:08,270 - INFO  - Watchdog has been checked: 0 passed
26.08.2014 20:01:08,228 - INFO  - Watchdog has been checked: 0 passed
26.08.2014 20:03:08,366 - INFO  - Watchdog has been checked: 0 passed
26.08.2014 20:05:08,210 - INFO  - Watchdog has been checked: 0 passed
26.08.2014 20:07:08,320 - INFO  - Watchdog has been checked: 0 passed
26.08.2014 20:09:08,352 - INFO  - Watchdog has been checked: 0 passed
26.08.2014 20:11:08,356 - INFO  - Watchdog has been checked: 0 passed
26.08.2014 20:13:08,233 - INFO  - Watchdog has been checked: 0 passed
26.08.2014 20:15:08,361 - INFO  - Watchdog has been checked: 0 passed
26.08.2014 20:17:08,228 - INFO  - Watchdog has been checked: 0 passed
26.08.2014 20:19:08,206 - INFO  - Watchdog has been checked: 0 passed
26.08.2014 20:21:08,113 - INFO  - Watchdog has been checked: 0 passed
26.08.2014 20:23:07,202 - INFO  - Watchdog has been checked: 0 passed
26.08.2014 20:25:07,078 - INFO  - Watchdog has been checked: 0 passed
26.08.2014 20:27:06,203 - INFO  - Watchdog has been checked: 0 passed
26.08.2014 20:29:06,204 - INFO  - Watchdog has been checked: 0 passed
26.08.2014 20:31:06,371 - INFO  - Watchdog has been checked: 0 passed
26.08.2014 20:33:06,259 - INFO  - Watchdog has been checked: 0 passed
26.08.2014 20:35:06,134 - INFO  - Watchdog has been checked: 0 passed
26.08.2014 20:37:06,317 - INFO  - Watchdog has been checked: 0 passed
26.08.2014 20:39:06,350 - INFO  - Watchdog has been checked: 0 passed
26.08.2014 20:41:06,258 - INFO  - Watchdog has been checked: 0 passed
26.08.2014 20:43:06,163 - INFO  - Watchdog has been checked: 0 passed
26.08.2014 20:45:06,321 - INFO  - Watchdog has been checked: 0 passed
26.08.2014 20:47:06,213 - INFO  - Watchdog has been checked: 0 passed
26.08.2014 20:49:06,131 - INFO  - Watchdog has been checked: 0 passed
26.08.2014 20:51:06,326 - INFO  - Watchdog has been checked: 0 passed
26.08.2014 20:53:06,230 - INFO  - Watchdog has been checked: 0 passed
26.08.2014 20:55:06,123 - INFO  - Watchdog has been checked: 0 passed
26.08.2014 20:57:06,280 - INFO  - Watchdog has been checked: 0 passed
26.08.2014 20:59:10,265 - INFO  - Watchdog has been checked: 0 passed
26.08.2014 21:01:10,210 - INFO  - Watchdog has been checked: 0 passed
26.08.2014 21:03:10,322 - INFO  - Watchdog has been checked: 0 passed
26.08.2014 21:05:10,187 - INFO  - Watchdog has been checked: 0 passed
26.08.2014 21:07:10,316 - INFO  - Watchdog has been checked: 0 passed
26.08.2014 21:09:10,291 - INFO  - Watchdog has been checked: 0 passed
26.08.2014 21:11:10,194 - INFO  - Watchdog has been checked: 0 passed
26.08.2014 21:13:10,314 - INFO  - Watchdog has been checked: 0 passed
26.08.2014 21:15:10,173 - INFO  - Watchdog has been checked: 0 passed
26.08.2014 21:17:10,365 - INFO  - Watchdog has been checked: 0 passed
26.08.2014 21:19:10,340 - INFO  - Watchdog has been checked: 0 passed
26.08.2014 21:21:10,324 - INFO  - Watchdog has been checked: 0 passed
26.08.2014 21:23:10,413 - INFO  - Watchdog has been checked: 0 passed
26.08.2014 21:25:10,296 - INFO  - Watchdog has been checked: 0 passed
26.08.2014 21:27:10,165 - INFO  - Watchdog has been checked: 0 passed
26.08.2014 21:29:10,376 - INFO  - Watchdog has been checked: 0 passed
26.08.2014 21:31:10,304 - INFO  - Watchdog has been checked: 0 passed
26.08.2014 21:33:10,193 - INFO  - Watchdog has been checked: 0 passed
26.08.2014 21:35:10,264 - INFO  - Watchdog has been checked: 0 passed
26.08.2014 21:37:10,419 - INFO  - Watchdog has been checked: 0 passed
26.08.2014 21:39:10,388 - INFO  - Watchdog has been checked: 0 passed
26.08.2014 21:41:10,256 - INFO  - Watchdog has been checked: 0 passed
26.08.2014 21:43:10,104 - INFO  - Watchdog has been checked: 0 passed
26.08.2014 21:45:09,250 - INFO  - Watchdog has been checked: 0 passed
26.08.2014 21:47:09,177 - INFO  - Watchdog has been checked: 0 passed
26.08.2014 21:49:09,170 - INFO  - Watchdog has been checked: 0 passed
26.08.2014 21:51:09,114 - INFO  - Watchdog has been checked: 0 passed
26.08.2014 21:53:08,211 - INFO  - Watchdog has been checked: 0 passed
26.08.2014 21:55:08,069 - INFO  - Watchdog has been checked: 0 passed
26.08.2014 21:57:07,250 - INFO  - Watchdog has been checked: 0 passed
26.08.2014 21:59:07,234 - INFO  - Watchdog has been checked: 0 passed
26.08.2014 22:01:09,606 - INFO  - Watchdog has been checked: 0 passed
26.08.2014 22:03:09,043 - INFO  - Watchdog has been checked: 0 passed
26.08.2014 22:05:08,135 - INFO  - Watchdog has been checked: 0 passed
26.08.2014 22:07:08,081 - INFO  - Watchdog has been checked: 0 passed
26.08.2014 22:09:08,145 - INFO  - Watchdog has been checked: 0 passed
26.08.2014 22:11:08,057 - INFO  - Watchdog has been checked: 0 passed
26.08.2014 22:13:07,183 - INFO  - Watchdog has been checked: 0 passed
26.08.2014 22:15:07,061 - INFO  - Watchdog has been checked: 0 passed
26.08.2014 22:17:06,164 - INFO  - Watchdog has been checked: 0 passed
26.08.2014 22:19:06,131 - INFO  - Watchdog has been checked: 0 passed
26.08.2014 22:21:06,351 - INFO  - Watchdog has been checked: 0 passed
26.08.2014 22:23:06,264 - INFO  - Watchdog has been checked: 0 passed
26.08.2014 22:25:06,134 - INFO  - Watchdog has been checked: 0 passed
26.08.2014 22:27:06,300 - INFO  - Watchdog has been checked: 0 passed
26.08.2014 22:29:06,297 - INFO  - Watchdog has been checked: 0 passed
26.08.2014 22:31:06,386 - INFO  - Watchdog has been checked: 0 passed
26.08.2014 22:33:06,373 - INFO  - Watchdog has been checked: 0 passed
26.08.2014 22:35:06,259 - INFO  - Watchdog has been checked: 0 passed
26.08.2014 22:37:06,412 - INFO  - Watchdog has been checked: 0 passed
26.08.2014 22:39:06,400 - INFO  - Watchdog has been checked: 0 passed
26.08.2014 22:41:06,329 - INFO  - Watchdog has been checked: 0 passed
26.08.2014 22:43:06,431 - INFO  - Watchdog has been checked: 0 passed
26.08.2014 22:45:06,321 - INFO  - Watchdog has been checked: 0 passed
26.08.2014 22:47:06,213 - INFO  - Watchdog has been checked: 0 passed
26.08.2014 22:49:06,179 - INFO  - Watchdog has been checked: 0 passed
26.08.2014 22:51:06,345 - INFO  - Watchdog has been checked: 0 passed
26.08.2014 22:53:06,245 - INFO  - Watchdog has been checked: 0 passed
26.08.2014 22:55:06,366 - INFO  - Watchdog has been checked: 0 passed
26.08.2014 22:57:06,277 - INFO  - Watchdog has been checked: 0 passed
26.08.2014 22:59:06,234 - INFO  - Watchdog has been checked: 0 passed
26.08.2014 23:01:06,429 - INFO  - Watchdog has been checked: 0 passed
26.08.2014 23:03:08,967 - INFO  - Watchdog has been checked: 0 passed
26.08.2014 23:05:08,232 - INFO  - Watchdog has been checked: 0 passed
26.08.2014 23:07:08,365 - INFO  - Watchdog has been checked: 0 passed
26.08.2014 23:09:08,356 - INFO  - Watchdog has been checked: 0 passed
26.08.2014 23:11:08,276 - INFO  - Watchdog has been checked: 0 passed
26.08.2014 23:13:08,441 - INFO  - Watchdog has been checked: 0 passed
26.08.2014 23:15:08,329 - INFO  - Watchdog has been checked: 0 passed
26.08.2014 23:17:08,464 - INFO  - Watchdog has been checked: 0 passed
26.08.2014 23:19:08,441 - INFO  - Watchdog has been checked: 0 passed
26.08.2014 23:21:08,301 - INFO  - Watchdog has been checked: 0 passed
26.08.2014 23:23:08,391 - INFO  - Watchdog has been checked: 0 passed
26.08.2014 23:25:08,257 - INFO  - Watchdog has been checked: 0 passed
26.08.2014 23:27:08,372 - INFO  - Watchdog has been checked: 0 passed
26.08.2014 23:29:08,306 - INFO  - Watchdog has been checked: 0 passed
26.08.2014 23:31:08,188 - INFO  - Watchdog has been checked: 0 passed
26.08.2014 23:33:08,380 - INFO  - Watchdog has been checked: 0 passed
26.08.2014 23:35:08,171 - INFO  - Watchdog has been checked: 0 passed
26.08.2014 23:37:08,281 - INFO  - Watchdog has been checked: 0 passed
26.08.2014 23:39:08,204 - INFO  - Watchdog has been checked: 0 passed
26.08.2014 23:41:08,120 - INFO  - Watchdog has been checked: 0 passed
26.08.2014 23:43:08,214 - INFO  - Watchdog has been checked: 0 passed
26.08.2014 23:45:08,184 - INFO  - Watchdog has been checked: 0 passed
26.08.2014 23:47:08,129 - INFO  - Watchdog has been checked: 0 passed
26.08.2014 23:49:08,087 - INFO  - Watchdog has been checked: 0 passed
26.08.2014 23:51:08,065 - INFO  - Watchdog has been checked: 0 passed
26.08.2014 23:53:08,161 - INFO  - Watchdog has been checked: 0 passed
26.08.2014 23:55:08,337 - INFO  - Watchdog has been checked: 0 passed
26.08.2014 23:57:08,231 - INFO  - Watchdog has been checked: 0 passed
26.08.2014 23:59:08,202 - INFO  - Watchdog has been checked: 0 passed
