17.09.2014 00:01:20,354 - INFO  - Watchdog has been checked: 0 passed
17.09.2014 00:03:20,368 - INFO  - Watchdog has been checked: 0 passed
17.09.2014 00:05:20,245 - INFO  - Watchdog has been checked: 0 passed
17.09.2014 00:07:20,411 - INFO  - Watchdog has been checked: 0 passed
17.09.2014 00:09:20,321 - INFO  - Watchdog has been checked: 0 passed
17.09.2014 00:11:20,228 - INFO  - Watchdog has been checked: 0 passed
17.09.2014 00:13:20,263 - INFO  - Watchdog has been checked: 0 passed
17.09.2014 00:15:20,282 - INFO  - Watchdog has been checked: 0 passed
17.09.2014 00:17:20,377 - INFO  - Watchdog has been checked: 0 passed
17.09.2014 00:19:20,398 - INFO  - Watchdog has been checked: 0 passed
17.09.2014 00:21:20,515 - INFO  - Watchdog has been checked: 0 passed
17.09.2014 00:23:20,311 - INFO  - Watchdog has been checked: 0 passed
17.09.2014 00:25:20,357 - INFO  - Watchdog has been checked: 0 passed
17.09.2014 00:27:20,427 - INFO  - Watchdog has been checked: 0 passed
17.09.2014 00:29:20,354 - INFO  - Watchdog has been checked: 0 passed
17.09.2014 00:31:20,466 - INFO  - Watchdog has been checked: 0 passed
17.09.2014 00:33:20,513 - INFO  - Watchdog has been checked: 0 passed
17.09.2014 00:35:20,355 - INFO  - Watchdog has been checked: 0 passed
17.09.2014 00:37:20,376 - INFO  - Watchdog has been checked: 0 passed
17.09.2014 00:39:20,341 - INFO  - Watchdog has been checked: 0 passed
17.09.2014 00:41:20,385 - INFO  - Watchdog has been checked: 0 passed
17.09.2014 00:43:20,380 - INFO  - Watchdog has been checked: 0 passed
17.09.2014 00:45:20,194 - INFO  - Watchdog has been checked: 0 passed
17.09.2014 00:47:20,249 - INFO  - Watchdog has been checked: 0 passed
17.09.2014 00:49:20,161 - INFO  - Watchdog has been checked: 0 passed
17.09.2014 00:51:18,940 - INFO  - Watchdog has been checked: 0 passed
17.09.2014 00:53:17,904 - INFO  - Watchdog has been checked: 0 passed
17.09.2014 00:55:17,056 - INFO  - Watchdog has been checked: 0 passed
17.09.2014 00:57:16,062 - INFO  - Watchdog has been checked: 0 passed
17.09.2014 00:59:15,001 - INFO  - Watchdog has been checked: 0 passed
17.09.2014 01:01:13,991 - INFO  - Watchdog has been checked: 0 passed
17.09.2014 01:03:12,991 - INFO  - Watchdog has been checked: 0 passed
17.09.2014 01:05:11,853 - INFO  - Watchdog has been checked: 0 passed
17.09.2014 01:07:10,970 - INFO  - Watchdog has been checked: 0 passed
17.09.2014 01:09:11,185 - INFO  - Watchdog has been checked: 0 passed
17.09.2014 01:11:11,080 - INFO  - Watchdog has been checked: 0 passed
17.09.2014 01:13:11,107 - INFO  - Watchdog has been checked: 0 passed
17.09.2014 01:15:11,335 - INFO  - Watchdog has been checked: 0 passed
17.09.2014 01:17:11,317 - INFO  - Watchdog has been checked: 0 passed
17.09.2014 01:19:11,271 - INFO  - Watchdog has been checked: 0 passed
17.09.2014 01:21:11,117 - INFO  - Watchdog has been checked: 0 passed
17.09.2014 01:23:10,163 - INFO  - Watchdog has been checked: 0 passed
17.09.2014 01:25:10,274 - INFO  - Watchdog has been checked: 0 passed
17.09.2014 01:27:10,064 - INFO  - Watchdog has been checked: 0 passed
17.09.2014 01:29:10,211 - INFO  - Watchdog has been checked: 0 passed
17.09.2014 01:31:10,104 - INFO  - Watchdog has been checked: 0 passed
17.09.2014 01:33:10,073 - INFO  - Watchdog has been checked: 0 passed
17.09.2014 01:35:10,256 - INFO  - Watchdog has been checked: 0 passed
17.09.2014 01:37:10,258 - INFO  - Watchdog has been checked: 0 passed
17.09.2014 01:39:10,238 - INFO  - Watchdog has been checked: 0 passed
17.09.2014 01:41:10,328 - INFO  - Watchdog has been checked: 0 passed
17.09.2014 01:43:10,349 - INFO  - Watchdog has been checked: 0 passed
17.09.2014 01:45:10,138 - INFO  - Watchdog has been checked: 0 passed
17.09.2014 01:47:10,227 - INFO  - Watchdog has been checked: 0 passed
17.09.2014 01:49:10,210 - INFO  - Watchdog has been checked: 0 passed
17.09.2014 01:51:10,102 - INFO  - Watchdog has been checked: 0 passed
17.09.2014 01:53:10,295 - INFO  - Watchdog has been checked: 0 passed
17.09.2014 01:55:10,190 - INFO  - Watchdog has been checked: 0 passed
17.09.2014 01:57:10,242 - INFO  - Watchdog has been checked: 0 passed
17.09.2014 01:59:10,228 - INFO  - Watchdog has been checked: 0 passed
17.09.2014 02:01:10,314 - INFO  - Watchdog has been checked: 0 passed
17.09.2014 02:03:10,317 - INFO  - Watchdog has been checked: 0 passed
17.09.2014 02:05:10,370 - INFO  - Watchdog has been checked: 0 passed
17.09.2014 02:07:10,232 - INFO  - Watchdog has been checked: 0 passed
17.09.2014 02:09:10,364 - INFO  - Watchdog has been checked: 0 passed
17.09.2014 02:11:10,243 - INFO  - Watchdog has been checked: 0 passed
17.09.2014 02:13:10,242 - INFO  - Watchdog has been checked: 0 passed
17.09.2014 02:15:10,400 - INFO  - Watchdog has been checked: 0 passed
17.09.2014 02:17:10,192 - INFO  - Watchdog has been checked: 0 passed
17.09.2014 02:19:10,382 - INFO  - Watchdog has been checked: 0 passed
17.09.2014 02:21:10,226 - INFO  - Watchdog has been checked: 0 passed
17.09.2014 02:23:10,344 - INFO  - Watchdog has been checked: 0 passed
17.09.2014 02:25:10,194 - INFO  - Watchdog has been checked: 0 passed
17.09.2014 02:27:10,334 - INFO  - Watchdog has been checked: 0 passed
17.09.2014 02:29:10,309 - INFO  - Watchdog has been checked: 0 passed
17.09.2014 02:31:10,282 - INFO  - Watchdog has been checked: 0 passed
17.09.2014 02:33:10,267 - INFO  - Watchdog has been checked: 0 passed
17.09.2014 02:35:10,140 - INFO  - Watchdog has been checked: 0 passed
17.09.2014 02:37:10,044 - INFO  - Watchdog has been checked: 0 passed
17.09.2014 02:39:10,036 - INFO  - Watchdog has been checked: 0 passed
17.09.2014 02:41:10,100 - INFO  - Watchdog has been checked: 0 passed
17.09.2014 02:43:10,149 - INFO  - Watchdog has been checked: 0 passed
17.09.2014 02:45:09,969 - INFO  - Watchdog has been checked: 0 passed
17.09.2014 02:47:09,051 - INFO  - Watchdog has been checked: 0 passed
17.09.2014 02:49:09,032 - INFO  - Watchdog has been checked: 0 passed
17.09.2014 02:51:09,197 - INFO  - Watchdog has been checked: 0 passed
17.09.2014 02:53:09,027 - INFO  - Watchdog has been checked: 0 passed
17.09.2014 02:55:09,157 - INFO  - Watchdog has been checked: 0 passed
17.09.2014 02:57:09,213 - INFO  - Watchdog has been checked: 0 passed
17.09.2014 02:59:09,221 - INFO  - Watchdog has been checked: 0 passed
17.09.2014 03:01:09,263 - INFO  - Watchdog has been checked: 0 passed
17.09.2014 03:03:09,143 - INFO  - Watchdog has been checked: 0 passed
17.09.2014 03:05:09,207 - INFO  - Watchdog has been checked: 0 passed
17.09.2014 03:07:09,139 - INFO  - Watchdog has been checked: 0 passed
17.09.2014 03:09:09,147 - INFO  - Watchdog has been checked: 0 passed
17.09.2014 03:11:09,280 - INFO  - Watchdog has been checked: 0 passed
17.09.2014 03:13:09,271 - INFO  - Watchdog has been checked: 0 passed
17.09.2014 03:15:09,278 - INFO  - Watchdog has been checked: 0 passed
17.09.2014 03:17:09,256 - INFO  - Watchdog has been checked: 0 passed
17.09.2014 03:19:09,255 - INFO  - Watchdog has been checked: 0 passed
17.09.2014 03:21:09,322 - INFO  - Watchdog has been checked: 0 passed
17.09.2014 03:23:09,384 - INFO  - Watchdog has been checked: 0 passed
17.09.2014 03:25:09,246 - INFO  - Watchdog has been checked: 0 passed
17.09.2014 03:27:09,322 - INFO  - Watchdog has been checked: 0 passed
17.09.2014 03:29:09,320 - INFO  - Watchdog has been checked: 0 passed
17.09.2014 03:31:09,409 - INFO  - Watchdog has been checked: 0 passed
17.09.2014 03:33:09,362 - INFO  - Watchdog has been checked: 0 passed
17.09.2014 03:35:09,281 - INFO  - Watchdog has been checked: 0 passed
17.09.2014 03:37:09,276 - INFO  - Watchdog has been checked: 0 passed
17.09.2014 03:39:09,270 - INFO  - Watchdog has been checked: 0 passed
17.09.2014 03:41:09,340 - INFO  - Watchdog has been checked: 0 passed
17.09.2014 03:43:09,485 - INFO  - Watchdog has been checked: 0 passed
17.09.2014 03:45:09,377 - INFO  - Watchdog has been checked: 0 passed
17.09.2014 03:47:09,371 - INFO  - Watchdog has been checked: 0 passed
17.09.2014 03:49:09,443 - INFO  - Watchdog has been checked: 0 passed
17.09.2014 03:51:09,359 - INFO  - Watchdog has been checked: 0 passed
17.09.2014 03:53:09,321 - INFO  - Watchdog has been checked: 0 passed
17.09.2014 03:55:09,347 - INFO  - Watchdog has been checked: 0 passed
17.09.2014 03:57:09,250 - INFO  - Watchdog has been checked: 0 passed
17.09.2014 03:59:09,198 - INFO  - Watchdog has been checked: 0 passed
17.09.2014 04:01:09,025 - INFO  - Watchdog has been checked: 0 passed
17.09.2014 04:03:09,050 - INFO  - Watchdog has been checked: 0 passed
17.09.2014 04:05:09,014 - INFO  - Watchdog has been checked: 0 passed
17.09.2014 04:07:11,447 - INFO  - Watchdog has been checked: 0 passed
17.09.2014 04:09:11,129 - INFO  - Watchdog has been checked: 0 passed
17.09.2014 04:11:11,030 - INFO  - Watchdog has been checked: 0 passed
17.09.2014 04:13:09,991 - INFO  - Watchdog has been checked: 0 passed
17.09.2014 04:15:09,195 - INFO  - Watchdog has been checked: 0 passed
17.09.2014 04:17:08,963 - INFO  - Watchdog has been checked: 0 passed
17.09.2014 04:19:08,198 - INFO  - Watchdog has been checked: 0 passed
17.09.2014 04:21:07,987 - INFO  - Watchdog has been checked: 0 passed
17.09.2014 04:23:08,653 - INFO  - Watchdog has been checked: 0 passed
17.09.2014 04:25:08,140 - INFO  - Watchdog has been checked: 0 passed
17.09.2014 04:27:08,027 - INFO  - Watchdog has been checked: 0 passed
17.09.2014 04:29:07,157 - INFO  - Watchdog has been checked: 0 passed
17.09.2014 04:31:07,086 - INFO  - Watchdog has been checked: 0 passed
17.09.2014 04:33:06,216 - INFO  - Watchdog has been checked: 0 passed
17.09.2014 04:35:06,152 - INFO  - Watchdog has been checked: 0 passed
17.09.2014 04:37:06,175 - INFO  - Watchdog has been checked: 0 passed
17.09.2014 04:39:06,116 - INFO  - Watchdog has been checked: 0 passed
17.09.2014 04:41:06,183 - INFO  - Watchdog has been checked: 0 passed
17.09.2014 04:43:06,267 - INFO  - Watchdog has been checked: 0 passed
17.09.2014 04:45:06,195 - INFO  - Watchdog has been checked: 0 passed
17.09.2014 04:47:06,231 - INFO  - Watchdog has been checked: 0 passed
17.09.2014 04:49:06,096 - INFO  - Watchdog has been checked: 0 passed
17.09.2014 04:51:05,217 - INFO  - Watchdog has been checked: 0 passed
17.09.2014 04:53:05,029 - INFO  - Watchdog has been checked: 0 passed
17.09.2014 04:55:04,149 - INFO  - Watchdog has been checked: 0 passed
17.09.2014 04:57:03,253 - INFO  - Watchdog has been checked: 0 passed
17.09.2014 04:59:03,159 - INFO  - Watchdog has been checked: 0 passed
17.09.2014 05:01:02,208 - INFO  - Watchdog has been checked: 0 passed
17.09.2014 05:03:02,057 - INFO  - Watchdog has been checked: 0 passed
17.09.2014 05:05:01,095 - INFO  - Watchdog has been checked: 0 passed
17.09.2014 05:07:01,184 - INFO  - Watchdog has been checked: 0 passed
17.09.2014 05:09:01,136 - INFO  - Watchdog has been checked: 0 passed
17.09.2014 05:11:01,264 - INFO  - Watchdog has been checked: 0 passed
17.09.2014 05:13:01,323 - INFO  - Watchdog has been checked: 0 passed
17.09.2014 05:15:01,242 - INFO  - Watchdog has been checked: 0 passed
17.09.2014 05:17:01,241 - INFO  - Watchdog has been checked: 0 passed
17.09.2014 05:19:01,167 - INFO  - Watchdog has been checked: 0 passed
17.09.2014 05:21:01,234 - INFO  - Watchdog has been checked: 0 passed
17.09.2014 05:23:01,169 - INFO  - Watchdog has been checked: 0 passed
17.09.2014 05:25:01,259 - INFO  - Watchdog has been checked: 0 passed
17.09.2014 05:27:01,244 - INFO  - Watchdog has been checked: 0 passed
17.09.2014 05:29:01,152 - INFO  - Watchdog has been checked: 0 passed
17.09.2014 05:31:01,276 - INFO  - Watchdog has been checked: 0 passed
17.09.2014 05:33:01,338 - INFO  - Watchdog has been checked: 0 passed
17.09.2014 05:35:01,230 - INFO  - Watchdog has been checked: 0 passed
17.09.2014 05:37:01,274 - INFO  - Watchdog has been checked: 0 passed
17.09.2014 05:39:01,254 - INFO  - Watchdog has been checked: 0 passed
17.09.2014 05:41:01,351 - INFO  - Watchdog has been checked: 0 passed
17.09.2014 05:43:01,297 - INFO  - Watchdog has been checked: 0 passed
17.09.2014 05:45:01,215 - INFO  - Watchdog has been checked: 0 passed
17.09.2014 05:47:01,259 - INFO  - Watchdog has been checked: 0 passed
17.09.2014 05:49:01,164 - INFO  - Watchdog has been checked: 0 passed
17.09.2014 05:51:01,306 - INFO  - Watchdog has been checked: 0 passed
17.09.2014 05:53:01,306 - INFO  - Watchdog has been checked: 0 passed
17.09.2014 05:55:01,192 - INFO  - Watchdog has been checked: 0 passed
17.09.2014 05:57:01,182 - INFO  - Watchdog has been checked: 0 passed
17.09.2014 05:59:01,142 - INFO  - Watchdog has been checked: 0 passed
17.09.2014 06:01:00,193 - INFO  - Watchdog has been checked: 0 passed
17.09.2014 06:02:59,980 - INFO  - Watchdog has been checked: 0 passed
17.09.2014 06:04:59,203 - INFO  - Watchdog has been checked: 0 passed
17.09.2014 06:06:59,016 - INFO  - Watchdog has been checked: 0 passed
17.09.2014 06:08:58,166 - INFO  - Watchdog has been checked: 0 passed
17.09.2014 06:10:58,005 - INFO  - Watchdog has been checked: 0 passed
17.09.2014 06:12:57,256 - INFO  - Watchdog has been checked: 0 passed
17.09.2014 06:14:57,205 - INFO  - Watchdog has been checked: 0 passed
17.09.2014 06:15:01,996 - INFO  - mapping file sync started
17.09.2014 06:15:03,406 - INFO  - file successfully updated
17.09.2014 06:16:58,816 - INFO  - Watchdog has been checked: 0 passed
17.09.2014 06:18:58,141 - INFO  - Watchdog has been checked: 0 passed
17.09.2014 06:20:58,259 - INFO  - Watchdog has been checked: 0 passed
17.09.2014 06:22:58,108 - INFO  - Watchdog has been checked: 0 passed
17.09.2014 06:24:58,298 - INFO  - Watchdog has been checked: 0 passed
17.09.2014 06:26:58,105 - INFO  - Watchdog has been checked: 0 passed
17.09.2014 06:28:58,244 - INFO  - Watchdog has been checked: 0 passed
17.09.2014 06:30:58,132 - INFO  - Watchdog has been checked: 0 passed
17.09.2014 06:32:58,195 - INFO  - Watchdog has been checked: 0 passed
17.09.2014 06:34:58,095 - INFO  - Watchdog has been checked: 0 passed
17.09.2014 06:36:58,222 - INFO  - Watchdog has been checked: 0 passed
17.09.2014 06:38:58,192 - INFO  - Watchdog has been checked: 0 passed
17.09.2014 06:40:58,324 - INFO  - Watchdog has been checked: 0 passed
17.09.2014 06:42:58,322 - INFO  - Watchdog has been checked: 0 passed
17.09.2014 06:44:58,165 - INFO  - Watchdog has been checked: 0 passed
17.09.2014 06:46:58,315 - INFO  - Watchdog has been checked: 0 passed
17.09.2014 06:48:58,232 - INFO  - Watchdog has been checked: 0 passed
17.09.2014 06:50:58,122 - INFO  - Watchdog has been checked: 0 passed
17.09.2014 06:52:58,805 - INFO  - Watchdog has been checked: 0 passed
17.09.2014 06:54:58,253 - INFO  - Watchdog has been checked: 0 passed
17.09.2014 06:56:58,426 - INFO  - Watchdog has been checked: 0 passed
17.09.2014 06:58:58,416 - INFO  - Watchdog has been checked: 0 passed
17.09.2014 07:00:58,202 - INFO  - Watchdog has been checked: 0 passed
17.09.2014 07:02:58,450 - INFO  - Watchdog has been checked: 0 passed
17.09.2014 07:04:58,301 - INFO  - Watchdog has been checked: 0 passed
17.09.2014 07:06:58,427 - INFO  - Watchdog has been checked: 0 passed
17.09.2014 07:08:58,325 - INFO  - Watchdog has been checked: 0 passed
17.09.2014 07:10:58,440 - INFO  - Watchdog has been checked: 0 passed
17.09.2014 07:12:58,184 - INFO  - Watchdog has been checked: 0 passed
17.09.2014 07:14:58,302 - INFO  - Watchdog has been checked: 0 passed
17.09.2014 07:15:01,544 - INFO  - mapping file sync started
17.09.2014 07:15:02,491 - INFO  - file successfully updated
17.09.2014 07:16:58,350 - INFO  - Watchdog has been checked: 0 passed
17.09.2014 07:18:58,556 - INFO  - Watchdog has been checked: 0 passed
17.09.2014 07:20:58,085 - INFO  - Watchdog has been checked: 0 passed
17.09.2014 07:22:57,130 - INFO  - Watchdog has been checked: 0 passed
17.09.2014 07:24:56,117 - INFO  - Watchdog has been checked: 0 passed
17.09.2014 07:26:55,010 - INFO  - Watchdog has been checked: 0 passed
17.09.2014 07:28:54,119 - INFO  - Watchdog has been checked: 0 passed
17.09.2014 07:30:53,996 - INFO  - Watchdog has been checked: 0 passed
17.09.2014 07:32:53,012 - INFO  - Watchdog has been checked: 0 passed
17.09.2014 07:34:52,092 - INFO  - Watchdog has been checked: 0 passed
17.09.2014 07:36:52,210 - INFO  - Watchdog has been checked: 0 passed
17.09.2014 07:38:52,133 - INFO  - Watchdog has been checked: 0 passed
17.09.2014 07:40:52,252 - INFO  - Watchdog has been checked: 0 passed
17.09.2014 07:42:52,279 - INFO  - Watchdog has been checked: 0 passed
17.09.2014 07:44:52,079 - INFO  - Watchdog has been checked: 0 passed
17.09.2014 07:46:52,220 - INFO  - Watchdog has been checked: 0 passed
17.09.2014 07:48:52,149 - INFO  - Watchdog has been checked: 0 passed
17.09.2014 07:50:52,051 - INFO  - Watchdog has been checked: 0 passed
17.09.2014 07:52:52,131 - INFO  - Watchdog has been checked: 0 passed
17.09.2014 07:54:52,254 - INFO  - Watchdog has been checked: 0 passed
17.09.2014 07:56:52,094 - INFO  - Watchdog has been checked: 0 passed
17.09.2014 07:58:52,179 - INFO  - Watchdog has been checked: 0 passed
17.09.2014 08:00:52,132 - INFO  - Watchdog has been checked: 0 passed
17.09.2014 08:02:52,351 - INFO  - Watchdog has been checked: 0 passed
17.09.2014 08:04:12,336 - ERROR - unknown wikiuser
17.09.2014 08:04:12,457 - INFO  - searcher anonymous --- respT: 29ms, 28822 results, q=, 
17.09.2014 08:04:52,134 - INFO  - Watchdog has been checked: 0 passed
17.09.2014 08:06:52,283 - INFO  - Watchdog has been checked: 0 passed
17.09.2014 08:08:52,186 - INFO  - Watchdog has been checked: 0 passed
17.09.2014 08:10:52,138 - INFO  - Watchdog has been checked: 0 passed
17.09.2014 08:12:52,324 - INFO  - Watchdog has been checked: 0 passed
17.09.2014 08:14:52,217 - INFO  - Watchdog has been checked: 0 passed
17.09.2014 08:16:52,224 - INFO  - Watchdog has been checked: 0 passed
17.09.2014 08:18:52,247 - INFO  - Watchdog has been checked: 0 passed
17.09.2014 08:20:52,300 - INFO  - Watchdog has been checked: 0 passed
17.09.2014 08:22:52,306 - INFO  - Watchdog has been checked: 0 passed
17.09.2014 08:24:52,140 - INFO  - Watchdog has been checked: 0 passed
17.09.2014 08:26:51,273 - INFO  - Watchdog has been checked: 0 passed
17.09.2014 08:28:51,243 - INFO  - Watchdog has been checked: 0 passed
17.09.2014 08:30:51,382 - INFO  - Watchdog has been checked: 0 passed
17.09.2014 08:32:51,345 - INFO  - Watchdog has been checked: 0 passed
17.09.2014 08:34:51,481 - INFO  - Watchdog has been checked: 0 passed
17.09.2014 08:36:51,450 - INFO  - Watchdog has been checked: 0 passed
17.09.2014 08:38:51,395 - INFO  - Watchdog has been checked: 0 passed
17.09.2014 08:40:51,328 - INFO  - Watchdog has been checked: 0 passed
17.09.2014 08:42:51,356 - INFO  - Watchdog has been checked: 0 passed
17.09.2014 08:44:51,438 - INFO  - Watchdog has been checked: 0 passed
17.09.2014 08:46:51,366 - INFO  - Watchdog has been checked: 0 passed
17.09.2014 08:48:51,457 - INFO  - Watchdog has been checked: 0 passed
17.09.2014 08:50:51,318 - INFO  - Watchdog has been checked: 0 passed
17.09.2014 08:52:51,318 - INFO  - Watchdog has been checked: 0 passed
17.09.2014 08:54:51,168 - INFO  - Watchdog has been checked: 0 passed
17.09.2014 08:56:51,213 - INFO  - Watchdog has been checked: 0 passed
17.09.2014 08:58:51,110 - INFO  - Watchdog has been checked: 0 passed
17.09.2014 09:00:52,340 - INFO  - Watchdog has been checked: 0 passed
17.09.2014 09:02:52,010 - INFO  - Watchdog has been checked: 0 passed
17.09.2014 09:04:52,052 - INFO  - Watchdog has been checked: 0 passed
17.09.2014 09:06:52,212 - INFO  - Watchdog has been checked: 0 passed
17.09.2014 09:08:52,035 - INFO  - Watchdog has been checked: 0 passed
17.09.2014 09:10:52,150 - INFO  - Watchdog has been checked: 0 passed
17.09.2014 09:12:52,105 - INFO  - Watchdog has been checked: 0 passed
17.09.2014 09:14:51,939 - INFO  - Watchdog has been checked: 0 passed
17.09.2014 09:16:52,088 - INFO  - Watchdog has been checked: 0 passed
17.09.2014 09:18:52,022 - INFO  - Watchdog has been checked: 0 passed
17.09.2014 09:20:52,133 - INFO  - Watchdog has been checked: 0 passed
17.09.2014 09:22:52,169 - INFO  - Watchdog has been checked: 0 passed
17.09.2014 09:24:52,123 - INFO  - Watchdog has been checked: 0 passed
17.09.2014 09:26:51,266 - INFO  - Watchdog has been checked: 0 passed
17.09.2014 09:28:51,053 - INFO  - Watchdog has been checked: 0 passed
17.09.2014 09:30:51,318 - INFO  - Watchdog has been checked: 0 passed
17.09.2014 09:32:51,227 - INFO  - Watchdog has been checked: 0 passed
17.09.2014 09:34:51,032 - INFO  - Watchdog has been checked: 0 passed
17.09.2014 09:36:51,204 - INFO  - Watchdog has been checked: 0 passed
17.09.2014 09:38:51,239 - INFO  - Watchdog has been checked: 0 passed
17.09.2014 09:40:51,055 - INFO  - Watchdog has been checked: 0 passed
17.09.2014 09:42:51,188 - INFO  - Watchdog has been checked: 0 passed
17.09.2014 09:44:51,198 - INFO  - Watchdog has been checked: 0 passed
17.09.2014 09:46:51,263 - INFO  - Watchdog has been checked: 0 passed
17.09.2014 09:48:51,380 - INFO  - Watchdog has been checked: 0 passed
17.09.2014 09:50:51,340 - INFO  - Watchdog has been checked: 0 passed
17.09.2014 09:52:51,336 - INFO  - Watchdog has been checked: 0 passed
17.09.2014 09:54:51,278 - INFO  - Watchdog has been checked: 0 passed
17.09.2014 09:56:51,369 - INFO  - Watchdog has been checked: 0 passed
17.09.2014 09:58:51,309 - INFO  - Watchdog has been checked: 0 passed
17.09.2014 10:00:51,230 - INFO  - Watchdog has been checked: 0 passed
17.09.2014 10:02:51,472 - INFO  - Watchdog has been checked: 0 passed
17.09.2014 10:04:51,356 - INFO  - Watchdog has been checked: 0 passed
17.09.2014 10:06:51,267 - INFO  - Watchdog has been checked: 0 passed
17.09.2014 10:08:51,414 - INFO  - Watchdog has been checked: 0 passed
17.09.2014 10:10:51,338 - INFO  - Watchdog has been checked: 0 passed
17.09.2014 10:12:51,274 - INFO  - Watchdog has been checked: 0 passed
17.09.2014 10:13:08,292 - INFO  - searcher identified --- respT: 36ms, 79743 results, q=, 
17.09.2014 10:13:13,219 - INFO  - searcher identified --- respT: 36ms, 453 results, web:(AKO), q=, 
17.09.2014 10:14:51,372 - INFO  - Watchdog has been checked: 0 passed
17.09.2014 10:16:51,528 - INFO  - Watchdog has been checked: 0 passed
17.09.2014 10:18:51,413 - INFO  - Watchdog has been checked: 0 passed
17.09.2014 10:20:51,258 - INFO  - Watchdog has been checked: 0 passed
17.09.2014 10:21:33,260 - INFO  - searcher identified --- respT: 43ms, 79746 results, q=, 
17.09.2014 10:22:51,243 - INFO  - Watchdog has been checked: 0 passed
17.09.2014 10:24:51,328 - INFO  - Watchdog has been checked: 0 passed
17.09.2014 10:26:51,378 - INFO  - Watchdog has been checked: 0 passed
17.09.2014 10:28:51,222 - INFO  - Watchdog has been checked: 0 passed
17.09.2014 10:30:51,074 - INFO  - Watchdog has been checked: 0 passed
17.09.2014 10:32:51,016 - INFO  - Watchdog has been checked: 0 passed
17.09.2014 10:34:50,156 - INFO  - Watchdog has been checked: 0 passed
17.09.2014 10:36:49,263 - INFO  - Watchdog has been checked: 0 passed
17.09.2014 10:38:49,196 - INFO  - Watchdog has been checked: 0 passed
17.09.2014 10:40:48,990 - INFO  - Watchdog has been checked: 0 passed
17.09.2014 10:42:49,031 - INFO  - Watchdog has been checked: 0 passed
17.09.2014 10:44:48,969 - INFO  - Watchdog has been checked: 0 passed
17.09.2014 10:46:48,084 - INFO  - Watchdog has been checked: 0 passed
17.09.2014 10:48:48,072 - INFO  - Watchdog has been checked: 0 passed
17.09.2014 10:50:47,164 - INFO  - Watchdog has been checked: 0 passed
17.09.2014 10:52:45,970 - INFO  - Watchdog has been checked: 0 passed
17.09.2014 10:54:45,082 - INFO  - Watchdog has been checked: 0 passed
17.09.2014 10:56:44,980 - INFO  - Watchdog has been checked: 0 passed
17.09.2014 10:58:44,222 - INFO  - Watchdog has been checked: 0 passed
17.09.2014 11:00:44,074 - INFO  - Watchdog has been checked: 0 passed
17.09.2014 11:02:43,240 - INFO  - Watchdog has been checked: 0 passed
17.09.2014 11:04:43,045 - INFO  - Watchdog has been checked: 0 passed
17.09.2014 11:06:42,139 - INFO  - Watchdog has been checked: 0 passed
17.09.2014 11:08:42,052 - INFO  - Watchdog has been checked: 0 passed
17.09.2014 11:10:41,249 - INFO  - Watchdog has been checked: 0 passed
17.09.2014 11:12:41,183 - INFO  - Watchdog has been checked: 0 passed
17.09.2014 11:14:41,137 - INFO  - Watchdog has been checked: 0 passed
17.09.2014 11:16:41,194 - INFO  - Watchdog has been checked: 0 passed
17.09.2014 11:18:41,112 - INFO  - Watchdog has been checked: 0 passed
17.09.2014 11:20:40,264 - INFO  - Watchdog has been checked: 0 passed
17.09.2014 11:22:40,285 - INFO  - Watchdog has been checked: 0 passed
17.09.2014 11:24:40,108 - INFO  - Watchdog has been checked: 0 passed
17.09.2014 11:26:39,188 - INFO  - Watchdog has been checked: 0 passed
17.09.2014 11:28:39,363 - INFO  - Watchdog has been checked: 0 passed
17.09.2014 11:30:39,238 - INFO  - Watchdog has been checked: 0 passed
17.09.2014 11:32:39,238 - INFO  - Watchdog has been checked: 0 passed
17.09.2014 11:34:39,310 - INFO  - Watchdog has been checked: 0 passed
17.09.2014 11:36:39,346 - INFO  - Watchdog has been checked: 0 passed
17.09.2014 11:38:39,425 - INFO  - Watchdog has been checked: 0 passed
17.09.2014 11:40:39,426 - INFO  - Watchdog has been checked: 0 passed
17.09.2014 11:42:39,179 - INFO  - Watchdog has been checked: 0 passed
17.09.2014 11:44:39,228 - INFO  - Watchdog has been checked: 0 passed
17.09.2014 11:46:39,089 - INFO  - Watchdog has been checked: 0 passed
17.09.2014 11:48:39,242 - INFO  - Watchdog has been checked: 0 passed
17.09.2014 11:50:39,115 - INFO  - Watchdog has been checked: 0 passed
17.09.2014 11:52:39,325 - INFO  - Watchdog has been checked: 0 passed
17.09.2014 11:54:39,139 - INFO  - Watchdog has been checked: 0 passed
17.09.2014 11:56:38,991 - INFO  - Watchdog has been checked: 0 passed
17.09.2014 11:58:39,163 - INFO  - Watchdog has been checked: 0 passed
17.09.2014 12:00:39,080 - INFO  - Watchdog has been checked: 0 passed
17.09.2014 12:02:39,176 - INFO  - Watchdog has been checked: 0 passed
17.09.2014 12:04:39,208 - INFO  - Watchdog has been checked: 0 passed
17.09.2014 12:06:39,086 - INFO  - Watchdog has been checked: 0 passed
17.09.2014 12:08:38,226 - INFO  - Watchdog has been checked: 0 passed
17.09.2014 12:10:38,089 - INFO  - Watchdog has been checked: 0 passed
17.09.2014 12:12:38,057 - INFO  - Watchdog has been checked: 0 passed
17.09.2014 12:14:38,114 - INFO  - Watchdog has been checked: 0 passed
17.09.2014 12:16:37,998 - INFO  - Watchdog has been checked: 0 passed
17.09.2014 12:18:39,155 - INFO  - Watchdog has been checked: 0 passed
17.09.2014 12:20:39,077 - INFO  - Watchdog has been checked: 0 passed
17.09.2014 12:22:38,084 - INFO  - Watchdog has been checked: 0 passed
17.09.2014 12:24:37,165 - INFO  - Watchdog has been checked: 0 passed
17.09.2014 12:26:37,215 - INFO  - Watchdog has been checked: 0 passed
17.09.2014 12:28:37,264 - INFO  - Watchdog has been checked: 0 passed
17.09.2014 12:30:37,149 - INFO  - Watchdog has been checked: 0 passed
17.09.2014 12:32:37,133 - INFO  - Watchdog has been checked: 0 passed
17.09.2014 12:34:36,165 - INFO  - Watchdog has been checked: 0 passed
17.09.2014 12:36:36,318 - INFO  - Watchdog has been checked: 0 passed
17.09.2014 12:38:36,252 - INFO  - Watchdog has been checked: 0 passed
17.09.2014 12:40:36,148 - INFO  - Watchdog has been checked: 0 passed
17.09.2014 12:42:35,379 - INFO  - Watchdog has been checked: 0 passed
17.09.2014 12:44:35,360 - INFO  - Watchdog has been checked: 0 passed
17.09.2014 12:46:35,275 - INFO  - Watchdog has been checked: 0 passed
17.09.2014 12:48:35,303 - INFO  - Watchdog has been checked: 0 passed
17.09.2014 12:50:35,211 - INFO  - Watchdog has been checked: 0 passed
17.09.2014 12:52:35,310 - INFO  - Watchdog has been checked: 0 passed
17.09.2014 12:54:35,404 - INFO  - Watchdog has been checked: 0 passed
17.09.2014 12:56:35,312 - INFO  - Watchdog has been checked: 0 passed
17.09.2014 12:58:35,464 - INFO  - Watchdog has been checked: 0 passed
17.09.2014 13:00:35,347 - INFO  - Watchdog has been checked: 0 passed
17.09.2014 13:02:35,301 - INFO  - Watchdog has been checked: 0 passed
17.09.2014 13:04:35,307 - INFO  - Watchdog has been checked: 0 passed
17.09.2014 13:06:35,133 - INFO  - Watchdog has been checked: 0 passed
17.09.2014 13:08:35,248 - INFO  - Watchdog has been checked: 0 passed
17.09.2014 13:10:35,066 - INFO  - Watchdog has been checked: 0 passed
17.09.2014 13:12:35,028 - INFO  - Watchdog has been checked: 0 passed
17.09.2014 13:14:35,121 - INFO  - Watchdog has been checked: 0 passed
17.09.2014 13:16:34,986 - INFO  - Watchdog has been checked: 0 passed
17.09.2014 13:18:34,163 - INFO  - Watchdog has been checked: 0 passed
17.09.2014 13:20:34,091 - INFO  - Watchdog has been checked: 0 passed
17.09.2014 13:22:33,987 - INFO  - Watchdog has been checked: 0 passed
17.09.2014 13:24:33,056 - INFO  - Watchdog has been checked: 0 passed
17.09.2014 13:26:32,199 - INFO  - Watchdog has been checked: 0 passed
17.09.2014 13:28:32,133 - INFO  - Watchdog has been checked: 0 passed
17.09.2014 13:30:32,091 - INFO  - Watchdog has been checked: 0 passed
17.09.2014 13:32:32,058 - INFO  - Watchdog has been checked: 0 passed
17.09.2014 13:34:32,169 - INFO  - Watchdog has been checked: 0 passed
17.09.2014 13:36:32,139 - INFO  - Watchdog has been checked: 0 passed
17.09.2014 13:38:32,229 - INFO  - Watchdog has been checked: 0 passed
17.09.2014 13:40:32,205 - INFO  - Watchdog has been checked: 0 passed
17.09.2014 13:42:32,075 - INFO  - Watchdog has been checked: 0 passed
17.09.2014 13:44:32,200 - INFO  - Watchdog has been checked: 0 passed
17.09.2014 13:46:32,119 - INFO  - Watchdog has been checked: 0 passed
17.09.2014 13:48:32,215 - INFO  - Watchdog has been checked: 0 passed
17.09.2014 13:50:32,098 - INFO  - Watchdog has been checked: 0 passed
17.09.2014 13:52:32,322 - INFO  - Watchdog has been checked: 0 passed
17.09.2014 13:54:32,161 - INFO  - Watchdog has been checked: 0 passed
17.09.2014 13:56:32,261 - INFO  - Watchdog has been checked: 0 passed
17.09.2014 13:58:32,146 - INFO  - Watchdog has been checked: 0 passed
17.09.2014 14:00:32,322 - INFO  - Watchdog has been checked: 0 passed
17.09.2014 14:02:32,231 - INFO  - Watchdog has been checked: 0 passed
17.09.2014 14:04:32,068 - INFO  - Watchdog has been checked: 0 passed
17.09.2014 14:06:32,146 - INFO  - Watchdog has been checked: 0 passed
17.09.2014 14:08:32,150 - INFO  - Watchdog has been checked: 0 passed
17.09.2014 14:10:32,083 - INFO  - Watchdog has been checked: 0 passed
17.09.2014 14:12:32,077 - INFO  - Watchdog has been checked: 0 passed
17.09.2014 14:14:32,087 - INFO  - Watchdog has been checked: 0 passed
17.09.2014 14:16:32,196 - INFO  - Watchdog has been checked: 0 passed
17.09.2014 14:18:32,204 - INFO  - Watchdog has been checked: 0 passed
17.09.2014 14:20:32,155 - INFO  - Watchdog has been checked: 0 passed
17.09.2014 14:22:32,128 - INFO  - Watchdog has been checked: 0 passed
17.09.2014 14:24:32,244 - INFO  - Watchdog has been checked: 0 passed
17.09.2014 14:26:32,371 - INFO  - Watchdog has been checked: 0 passed
17.09.2014 14:28:32,362 - INFO  - Watchdog has been checked: 0 passed
17.09.2014 14:30:32,184 - INFO  - Watchdog has been checked: 0 passed
17.09.2014 14:32:32,314 - INFO  - Watchdog has been checked: 0 passed
17.09.2014 14:34:32,174 - INFO  - Watchdog has been checked: 0 passed
17.09.2014 14:36:31,268 - INFO  - Watchdog has been checked: 0 passed
17.09.2014 14:38:31,164 - INFO  - Watchdog has been checked: 0 passed
17.09.2014 14:40:31,291 - INFO  - Watchdog has been checked: 0 passed
17.09.2014 14:42:31,294 - INFO  - Watchdog has been checked: 0 passed
17.09.2014 14:44:31,174 - INFO  - Watchdog has been checked: 0 passed
17.09.2014 14:46:31,302 - INFO  - Watchdog has been checked: 0 passed
17.09.2014 14:48:31,185 - INFO  - Watchdog has been checked: 0 passed
17.09.2014 14:50:31,154 - INFO  - Watchdog has been checked: 0 passed
17.09.2014 14:52:30,387 - INFO  - Watchdog has been checked: 0 passed
17.09.2014 14:54:30,195 - INFO  - Watchdog has been checked: 0 passed
17.09.2014 14:56:30,304 - INFO  - Watchdog has been checked: 0 passed
17.09.2014 14:58:30,270 - INFO  - Watchdog has been checked: 0 passed
17.09.2014 15:00:30,289 - INFO  - Watchdog has been checked: 0 passed
17.09.2014 15:02:30,296 - INFO  - Watchdog has been checked: 0 passed
17.09.2014 15:04:30,018 - INFO  - Watchdog has been checked: 0 passed
17.09.2014 15:06:29,135 - INFO  - Watchdog has been checked: 0 passed
17.09.2014 15:08:29,135 - INFO  - Watchdog has been checked: 0 passed
17.09.2014 15:10:29,185 - INFO  - Watchdog has been checked: 0 passed
17.09.2014 15:12:29,224 - INFO  - Watchdog has been checked: 0 passed
17.09.2014 15:14:29,172 - INFO  - Watchdog has been checked: 0 passed
17.09.2014 15:16:28,957 - INFO  - Watchdog has been checked: 0 passed
17.09.2014 15:18:28,096 - INFO  - Watchdog has been checked: 0 passed
17.09.2014 15:20:28,023 - INFO  - Watchdog has been checked: 0 passed
17.09.2014 15:22:26,968 - INFO  - Watchdog has been checked: 0 passed
17.09.2014 15:24:26,072 - INFO  - Watchdog has been checked: 0 passed
17.09.2014 15:26:26,093 - INFO  - Watchdog has been checked: 0 passed
17.09.2014 15:28:26,150 - INFO  - Watchdog has been checked: 0 passed
17.09.2014 15:30:26,069 - INFO  - Watchdog has been checked: 0 passed
17.09.2014 15:32:26,241 - INFO  - Watchdog has been checked: 0 passed
17.09.2014 15:34:25,926 - INFO  - Watchdog has been checked: 0 passed
17.09.2014 15:36:26,096 - INFO  - Watchdog has been checked: 0 passed
17.09.2014 15:38:26,203 - INFO  - Watchdog has been checked: 0 passed
17.09.2014 15:40:26,180 - INFO  - Watchdog has been checked: 0 passed
17.09.2014 15:42:26,102 - INFO  - Watchdog has been checked: 0 passed
17.09.2014 15:44:26,224 - INFO  - Watchdog has been checked: 0 passed
17.09.2014 15:46:26,122 - INFO  - Watchdog has been checked: 0 passed
17.09.2014 15:48:26,284 - INFO  - Watchdog has been checked: 0 passed
17.09.2014 15:50:26,180 - INFO  - Watchdog has been checked: 0 passed
17.09.2014 15:52:26,323 - INFO  - Watchdog has been checked: 0 passed
17.09.2014 15:54:26,184 - INFO  - Watchdog has been checked: 0 passed
17.09.2014 15:56:26,309 - INFO  - Watchdog has been checked: 0 passed
17.09.2014 15:58:26,252 - INFO  - Watchdog has been checked: 0 passed
17.09.2014 16:00:26,112 - INFO  - Watchdog has been checked: 0 passed
17.09.2014 16:02:25,237 - INFO  - Watchdog has been checked: 0 passed
17.09.2014 16:04:25,117 - INFO  - Watchdog has been checked: 0 passed
17.09.2014 16:06:24,205 - INFO  - Watchdog has been checked: 0 passed
17.09.2014 16:08:24,187 - INFO  - Watchdog has been checked: 0 passed
17.09.2014 16:10:24,342 - INFO  - Watchdog has been checked: 0 passed
17.09.2014 16:12:24,271 - INFO  - Watchdog has been checked: 0 passed
17.09.2014 16:14:24,298 - INFO  - Watchdog has been checked: 0 passed
17.09.2014 16:16:24,128 - INFO  - Watchdog has been checked: 0 passed
17.09.2014 16:18:24,244 - INFO  - Watchdog has been checked: 0 passed
17.09.2014 16:20:24,107 - INFO  - Watchdog has been checked: 0 passed
17.09.2014 16:22:24,292 - INFO  - Watchdog has been checked: 0 passed
17.09.2014 16:24:24,104 - INFO  - Watchdog has been checked: 0 passed
17.09.2014 16:26:24,209 - INFO  - Watchdog has been checked: 0 passed
17.09.2014 16:28:24,244 - INFO  - Watchdog has been checked: 0 passed
17.09.2014 16:30:24,155 - INFO  - Watchdog has been checked: 0 passed
17.09.2014 16:32:23,080 - INFO  - Watchdog has been checked: 0 passed
17.09.2014 16:34:23,204 - INFO  - Watchdog has been checked: 0 passed
17.09.2014 16:36:23,104 - INFO  - Watchdog has been checked: 0 passed
17.09.2014 16:38:23,030 - INFO  - Watchdog has been checked: 0 passed
17.09.2014 16:40:23,163 - INFO  - Watchdog has been checked: 0 passed
17.09.2014 16:42:23,115 - INFO  - Watchdog has been checked: 0 passed
17.09.2014 16:44:23,169 - INFO  - Watchdog has been checked: 0 passed
17.09.2014 16:46:23,159 - INFO  - Watchdog has been checked: 0 passed
17.09.2014 16:48:23,193 - INFO  - Watchdog has been checked: 0 passed
17.09.2014 16:50:23,108 - INFO  - Watchdog has been checked: 0 passed
17.09.2014 16:52:23,165 - INFO  - Watchdog has been checked: 0 passed
17.09.2014 16:54:22,994 - INFO  - Watchdog has been checked: 0 passed
17.09.2014 16:56:23,146 - INFO  - Watchdog has been checked: 0 passed
17.09.2014 16:58:23,083 - INFO  - Watchdog has been checked: 0 passed
17.09.2014 17:00:23,244 - INFO  - Watchdog has been checked: 0 passed
17.09.2014 17:02:23,147 - INFO  - Watchdog has been checked: 0 passed
17.09.2014 17:04:23,225 - INFO  - Watchdog has been checked: 0 passed
17.09.2014 17:06:23,118 - INFO  - Watchdog has been checked: 0 passed
17.09.2014 17:08:23,257 - INFO  - Watchdog has been checked: 0 passed
17.09.2014 17:10:23,190 - INFO  - Watchdog has been checked: 0 passed
17.09.2014 17:12:23,210 - INFO  - Watchdog has been checked: 0 passed
17.09.2014 17:14:23,131 - INFO  - Watchdog has been checked: 0 passed
17.09.2014 17:16:22,246 - INFO  - Watchdog has been checked: 0 passed
17.09.2014 17:18:22,149 - INFO  - Watchdog has been checked: 0 passed
17.09.2014 17:20:22,259 - INFO  - Watchdog has been checked: 0 passed
17.09.2014 17:22:22,449 - INFO  - Watchdog has been checked: 0 passed
17.09.2014 17:24:22,262 - INFO  - Watchdog has been checked: 0 passed
17.09.2014 17:26:22,377 - INFO  - Watchdog has been checked: 0 passed
17.09.2014 17:28:22,250 - INFO  - Watchdog has been checked: 0 passed
17.09.2014 17:30:22,228 - INFO  - Watchdog has been checked: 0 passed
17.09.2014 17:32:22,433 - INFO  - Watchdog has been checked: 0 passed
17.09.2014 17:34:22,264 - INFO  - Watchdog has been checked: 0 passed
17.09.2014 17:36:22,397 - INFO  - Watchdog has been checked: 0 passed
17.09.2014 17:38:22,281 - INFO  - Watchdog has been checked: 0 passed
17.09.2014 17:40:22,265 - INFO  - Watchdog has been checked: 0 passed
17.09.2014 17:42:22,406 - INFO  - Watchdog has been checked: 0 passed
17.09.2014 17:44:22,301 - INFO  - Watchdog has been checked: 0 passed
17.09.2014 17:46:22,155 - INFO  - Watchdog has been checked: 0 passed
17.09.2014 17:48:22,340 - INFO  - Watchdog has been checked: 0 passed
17.09.2014 17:50:22,288 - INFO  - Watchdog has been checked: 0 passed
17.09.2014 17:52:22,414 - INFO  - Watchdog has been checked: 0 passed
17.09.2014 17:54:22,200 - INFO  - Watchdog has been checked: 0 passed
17.09.2014 17:56:21,330 - INFO  - Watchdog has been checked: 0 passed
17.09.2014 17:58:21,208 - INFO  - Watchdog has been checked: 0 passed
17.09.2014 18:00:21,083 - INFO  - Watchdog has been checked: 0 passed
17.09.2014 18:02:21,084 - INFO  - Watchdog has been checked: 0 passed
17.09.2014 18:04:21,110 - INFO  - Watchdog has been checked: 0 passed
17.09.2014 18:06:21,071 - INFO  - Watchdog has been checked: 0 passed
17.09.2014 18:08:21,243 - INFO  - Watchdog has been checked: 0 passed
17.09.2014 18:10:21,212 - INFO  - Watchdog has been checked: 0 passed
17.09.2014 18:12:21,162 - INFO  - Watchdog has been checked: 0 passed
17.09.2014 18:14:21,260 - INFO  - Watchdog has been checked: 0 passed
17.09.2014 18:16:21,094 - INFO  - Watchdog has been checked: 0 passed
17.09.2014 18:18:20,987 - INFO  - Watchdog has been checked: 0 passed
17.09.2014 18:20:20,259 - INFO  - Watchdog has been checked: 0 passed
17.09.2014 18:22:20,216 - INFO  - Watchdog has been checked: 0 passed
17.09.2014 18:24:20,026 - INFO  - Watchdog has been checked: 0 passed
17.09.2014 18:26:19,302 - INFO  - Watchdog has been checked: 0 passed
17.09.2014 18:28:19,116 - INFO  - Watchdog has been checked: 0 passed
17.09.2014 18:30:19,018 - INFO  - Watchdog has been checked: 0 passed
17.09.2014 18:32:18,006 - INFO  - Watchdog has been checked: 0 passed
17.09.2014 18:34:17,115 - INFO  - Watchdog has been checked: 0 passed
17.09.2014 18:36:17,286 - INFO  - Watchdog has been checked: 0 passed
17.09.2014 18:38:17,191 - INFO  - Watchdog has been checked: 0 passed
17.09.2014 18:40:17,309 - INFO  - Watchdog has been checked: 0 passed
17.09.2014 18:42:17,245 - INFO  - Watchdog has been checked: 0 passed
17.09.2014 18:44:18,652 - INFO  - Watchdog has been checked: 0 passed
17.09.2014 18:46:18,314 - INFO  - Watchdog has been checked: 0 passed
17.09.2014 18:48:18,139 - INFO  - Watchdog has been checked: 0 passed
17.09.2014 18:50:18,308 - INFO  - Watchdog has been checked: 0 passed
17.09.2014 18:52:18,301 - INFO  - Watchdog has been checked: 0 passed
17.09.2014 18:54:18,299 - INFO  - Watchdog has been checked: 0 passed
17.09.2014 18:56:18,708 - INFO  - Watchdog has been checked: 0 passed
17.09.2014 18:58:18,279 - INFO  - Watchdog has been checked: 0 passed
17.09.2014 19:00:18,182 - INFO  - Watchdog has been checked: 0 passed
17.09.2014 19:02:18,420 - INFO  - Watchdog has been checked: 0 passed
17.09.2014 19:04:18,282 - INFO  - Watchdog has been checked: 0 passed
17.09.2014 19:06:18,914 - INFO  - Watchdog has been checked: 0 passed
17.09.2014 19:08:18,209 - INFO  - Watchdog has been checked: 0 passed
17.09.2014 19:10:18,147 - INFO  - Watchdog has been checked: 0 passed
17.09.2014 19:12:18,160 - INFO  - Watchdog has been checked: 0 passed
17.09.2014 19:14:19,004 - INFO  - Watchdog has been checked: 0 passed
17.09.2014 19:16:18,243 - INFO  - Watchdog has been checked: 0 passed
17.09.2014 19:18:18,100 - INFO  - Watchdog has been checked: 0 passed
17.09.2014 19:20:18,224 - INFO  - Watchdog has been checked: 0 passed
17.09.2014 19:22:19,153 - INFO  - Watchdog has been checked: 0 passed
17.09.2014 19:24:19,141 - INFO  - Watchdog has been checked: 0 passed
17.09.2014 19:26:19,267 - INFO  - Watchdog has been checked: 0 passed
17.09.2014 19:28:19,162 - INFO  - Watchdog has been checked: 0 passed
17.09.2014 19:30:19,057 - INFO  - Watchdog has been checked: 0 passed
17.09.2014 19:32:18,305 - INFO  - Watchdog has been checked: 0 passed
17.09.2014 19:34:18,059 - INFO  - Watchdog has been checked: 0 passed
17.09.2014 19:36:17,237 - INFO  - Watchdog has been checked: 0 passed
17.09.2014 19:38:17,057 - INFO  - Watchdog has been checked: 0 passed
17.09.2014 19:40:16,223 - INFO  - Watchdog has been checked: 0 passed
17.09.2014 19:42:16,116 - INFO  - Watchdog has been checked: 0 passed
17.09.2014 19:44:15,363 - INFO  - Watchdog has been checked: 0 passed
17.09.2014 19:46:15,116 - INFO  - Watchdog has been checked: 0 passed
17.09.2014 19:48:14,268 - INFO  - Watchdog has been checked: 0 passed
17.09.2014 19:50:14,241 - INFO  - Watchdog has been checked: 0 passed
17.09.2014 19:52:14,189 - INFO  - Watchdog has been checked: 0 passed
17.09.2014 19:54:13,217 - INFO  - Watchdog has been checked: 0 passed
17.09.2014 19:56:12,093 - INFO  - Watchdog has been checked: 0 passed
17.09.2014 19:58:11,293 - INFO  - Watchdog has been checked: 0 passed
17.09.2014 20:00:11,127 - INFO  - Watchdog has been checked: 0 passed
17.09.2014 20:02:10,090 - INFO  - Watchdog has been checked: 0 passed
17.09.2014 20:04:09,213 - INFO  - Watchdog has been checked: 0 passed
17.09.2014 20:06:09,297 - INFO  - Watchdog has been checked: 0 passed
17.09.2014 20:08:09,258 - INFO  - Watchdog has been checked: 0 passed
17.09.2014 20:10:09,210 - INFO  - Watchdog has been checked: 0 passed
17.09.2014 20:12:09,154 - INFO  - Watchdog has been checked: 0 passed
17.09.2014 20:14:09,166 - INFO  - Watchdog has been checked: 0 passed
17.09.2014 20:16:09,323 - INFO  - Watchdog has been checked: 0 passed
17.09.2014 20:18:09,205 - INFO  - Watchdog has been checked: 0 passed
17.09.2014 20:20:09,173 - INFO  - Watchdog has been checked: 0 passed
17.09.2014 20:22:09,168 - INFO  - Watchdog has been checked: 0 passed
17.09.2014 20:24:09,169 - INFO  - Watchdog has been checked: 0 passed
17.09.2014 20:26:09,281 - INFO  - Watchdog has been checked: 0 passed
17.09.2014 20:28:09,202 - INFO  - Watchdog has been checked: 0 passed
17.09.2014 20:30:09,139 - INFO  - Watchdog has been checked: 0 passed
17.09.2014 20:32:09,173 - INFO  - Watchdog has been checked: 0 passed
17.09.2014 20:34:09,158 - INFO  - Watchdog has been checked: 0 passed
17.09.2014 20:36:09,297 - INFO  - Watchdog has been checked: 0 passed
17.09.2014 20:38:09,187 - INFO  - Watchdog has been checked: 0 passed
17.09.2014 20:40:09,093 - INFO  - Watchdog has been checked: 0 passed
17.09.2014 20:42:09,088 - INFO  - Watchdog has been checked: 0 passed
17.09.2014 20:44:09,209 - INFO  - Watchdog has been checked: 0 passed
17.09.2014 20:46:09,092 - INFO  - Watchdog has been checked: 0 passed
17.09.2014 20:48:09,236 - INFO  - Watchdog has been checked: 0 passed
17.09.2014 20:50:09,356 - INFO  - Watchdog has been checked: 0 passed
17.09.2014 20:52:09,137 - INFO  - Watchdog has been checked: 0 passed
17.09.2014 20:54:09,148 - INFO  - Watchdog has been checked: 0 passed
17.09.2014 20:56:09,120 - INFO  - Watchdog has been checked: 0 passed
17.09.2014 20:58:09,146 - INFO  - Watchdog has been checked: 0 passed
17.09.2014 21:00:09,335 - INFO  - Watchdog has been checked: 0 passed
17.09.2014 21:02:09,287 - INFO  - Watchdog has been checked: 0 passed
17.09.2014 21:04:09,081 - INFO  - Watchdog has been checked: 0 passed
17.09.2014 21:06:09,246 - INFO  - Watchdog has been checked: 0 passed
17.09.2014 21:08:09,134 - INFO  - Watchdog has been checked: 0 passed
17.09.2014 21:10:09,284 - INFO  - Watchdog has been checked: 0 passed
17.09.2014 21:12:09,075 - INFO  - Watchdog has been checked: 0 passed
17.09.2014 21:14:09,309 - INFO  - Watchdog has been checked: 0 passed
17.09.2014 21:16:09,190 - INFO  - Watchdog has been checked: 0 passed
17.09.2014 21:18:09,185 - INFO  - Watchdog has been checked: 0 passed
17.09.2014 21:20:09,066 - INFO  - Watchdog has been checked: 0 passed
17.09.2014 21:22:09,052 - INFO  - Watchdog has been checked: 0 passed
17.09.2014 21:24:08,071 - INFO  - Watchdog has been checked: 0 passed
17.09.2014 21:26:07,909 - INFO  - Watchdog has been checked: 0 passed
17.09.2014 21:28:07,178 - INFO  - Watchdog has been checked: 0 passed
17.09.2014 21:30:07,324 - INFO  - Watchdog has been checked: 0 passed
17.09.2014 21:32:07,141 - INFO  - Watchdog has been checked: 0 passed
17.09.2014 21:34:06,166 - INFO  - Watchdog has been checked: 0 passed
17.09.2014 21:36:06,307 - INFO  - Watchdog has been checked: 0 passed
17.09.2014 21:38:06,225 - INFO  - Watchdog has been checked: 0 passed
17.09.2014 21:40:06,246 - INFO  - Watchdog has been checked: 0 passed
17.09.2014 21:42:06,315 - INFO  - Watchdog has been checked: 0 passed
17.09.2014 21:44:06,229 - INFO  - Watchdog has been checked: 0 passed
17.09.2014 21:46:06,274 - INFO  - Watchdog has been checked: 0 passed
17.09.2014 21:48:06,196 - INFO  - Watchdog has been checked: 0 passed
17.09.2014 21:50:06,306 - INFO  - Watchdog has been checked: 0 passed
17.09.2014 21:52:06,234 - INFO  - Watchdog has been checked: 0 passed
17.09.2014 21:54:06,197 - INFO  - Watchdog has been checked: 0 passed
17.09.2014 21:56:06,147 - INFO  - Watchdog has been checked: 0 passed
17.09.2014 21:58:06,305 - INFO  - Watchdog has been checked: 0 passed
17.09.2014 22:00:06,232 - INFO  - Watchdog has been checked: 0 passed
17.09.2014 22:02:06,211 - INFO  - Watchdog has been checked: 0 passed
17.09.2014 22:04:06,245 - INFO  - Watchdog has been checked: 0 passed
17.09.2014 22:06:06,133 - INFO  - Watchdog has been checked: 0 passed
17.09.2014 22:08:06,367 - INFO  - Watchdog has been checked: 0 passed
17.09.2014 22:10:06,171 - INFO  - Watchdog has been checked: 0 passed
17.09.2014 22:12:06,151 - INFO  - Watchdog has been checked: 0 passed
17.09.2014 22:14:06,171 - INFO  - Watchdog has been checked: 0 passed
17.09.2014 22:16:06,120 - INFO  - Watchdog has been checked: 0 passed
17.09.2014 22:18:06,146 - INFO  - Watchdog has been checked: 0 passed
17.09.2014 22:20:06,225 - INFO  - Watchdog has been checked: 0 passed
17.09.2014 22:22:06,281 - INFO  - Watchdog has been checked: 0 passed
17.09.2014 22:24:06,088 - INFO  - Watchdog has been checked: 0 passed
17.09.2014 22:26:06,182 - INFO  - Watchdog has been checked: 0 passed
17.09.2014 22:28:06,114 - INFO  - Watchdog has been checked: 0 passed
17.09.2014 22:30:05,033 - INFO  - Watchdog has been checked: 0 passed
17.09.2014 22:32:03,978 - INFO  - Watchdog has been checked: 0 passed
17.09.2014 22:34:02,974 - INFO  - Watchdog has been checked: 0 passed
17.09.2014 22:36:02,159 - INFO  - Watchdog has been checked: 0 passed
17.09.2014 22:38:02,133 - INFO  - Watchdog has been checked: 0 passed
17.09.2014 22:40:02,158 - INFO  - Watchdog has been checked: 0 passed
17.09.2014 22:42:02,173 - INFO  - Watchdog has been checked: 0 passed
17.09.2014 22:44:01,994 - INFO  - Watchdog has been checked: 0 passed
17.09.2014 22:46:01,203 - INFO  - Watchdog has been checked: 0 passed
17.09.2014 22:48:01,229 - INFO  - Watchdog has been checked: 0 passed
17.09.2014 22:50:01,143 - INFO  - Watchdog has been checked: 0 passed
17.09.2014 22:52:01,230 - INFO  - Watchdog has been checked: 0 passed
17.09.2014 22:54:01,224 - INFO  - Watchdog has been checked: 0 passed
17.09.2014 22:56:01,192 - INFO  - Watchdog has been checked: 0 passed
17.09.2014 22:58:01,381 - INFO  - Watchdog has been checked: 0 passed
17.09.2014 23:00:01,257 - INFO  - Watchdog has been checked: 0 passed
17.09.2014 23:02:01,205 - INFO  - Watchdog has been checked: 0 passed
17.09.2014 23:04:01,172 - INFO  - Watchdog has been checked: 0 passed
17.09.2014 23:06:01,134 - INFO  - Watchdog has been checked: 0 passed
17.09.2014 23:08:01,390 - INFO  - Watchdog has been checked: 0 passed
17.09.2014 23:10:01,302 - INFO  - Watchdog has been checked: 0 passed
17.09.2014 23:12:01,226 - INFO  - Watchdog has been checked: 0 passed
17.09.2014 23:14:01,296 - INFO  - Watchdog has been checked: 0 passed
17.09.2014 23:16:01,212 - INFO  - Watchdog has been checked: 0 passed
17.09.2014 23:18:01,365 - INFO  - Watchdog has been checked: 0 passed
17.09.2014 23:20:01,399 - INFO  - Watchdog has been checked: 0 passed
17.09.2014 23:22:01,441 - INFO  - Watchdog has been checked: 0 passed
17.09.2014 23:24:01,312 - INFO  - Watchdog has been checked: 0 passed
17.09.2014 23:26:01,273 - INFO  - Watchdog has been checked: 0 passed
17.09.2014 23:28:01,493 - INFO  - Watchdog has been checked: 0 passed
17.09.2014 23:31:01,383 - INFO  - Watchdog has been checked: 0 passed
17.09.2014 23:31:01,412 - INFO  - Watchdog has been checked: 0 passed
17.09.2014 23:33:01,400 - INFO  - Watchdog has been checked: 0 passed
17.09.2014 23:35:01,289 - INFO  - Watchdog has been checked: 0 passed
17.09.2014 23:37:01,398 - INFO  - Watchdog has been checked: 0 passed
17.09.2014 23:39:01,447 - INFO  - Watchdog has been checked: 0 passed
17.09.2014 23:41:01,481 - INFO  - Watchdog has been checked: 0 passed
17.09.2014 23:43:01,514 - INFO  - Watchdog has been checked: 0 passed
17.09.2014 23:45:01,314 - INFO  - Watchdog has been checked: 0 passed
17.09.2014 23:47:01,343 - INFO  - Watchdog has been checked: 0 passed
17.09.2014 23:49:01,320 - INFO  - Watchdog has been checked: 0 passed
17.09.2014 23:51:01,375 - INFO  - Watchdog has been checked: 0 passed
17.09.2014 23:53:01,348 - INFO  - Watchdog has been checked: 0 passed
17.09.2014 23:55:01,233 - INFO  - Watchdog has been checked: 0 passed
17.09.2014 23:57:01,265 - INFO  - Watchdog has been checked: 0 passed
17.09.2014 23:59:01,218 - INFO  - Watchdog has been checked: 0 passed
