08.07.2014 00:00:09,132 - INFO  - Watchdog has been checked: 0 passed
08.07.2014 00:02:09,162 - INFO  - Watchdog has been checked: 0 passed
08.07.2014 00:04:09,240 - INFO  - Watchdog has been checked: 0 passed
08.07.2014 00:06:09,376 - INFO  - Watchdog has been checked: 0 passed
08.07.2014 00:08:09,337 - INFO  - Watchdog has been checked: 0 passed
08.07.2014 00:10:09,250 - INFO  - Watchdog has been checked: 0 passed
08.07.2014 00:12:09,271 - INFO  - Watchdog has been checked: 0 passed
08.07.2014 00:14:09,375 - INFO  - Watchdog has been checked: 0 passed
08.07.2014 00:16:09,227 - INFO  - Watchdog has been checked: 0 passed
08.07.2014 00:18:13,179 - INFO  - Watchdog has been checked: 0 passed
08.07.2014 00:20:13,361 - INFO  - Watchdog has been checked: 0 passed
08.07.2014 00:22:13,955 - INFO  - Watchdog has been checked: 0 passed
08.07.2014 00:24:13,203 - INFO  - Watchdog has been checked: 0 passed
08.07.2014 00:26:13,326 - INFO  - Watchdog has been checked: 0 passed
08.07.2014 00:28:13,298 - INFO  - Watchdog has been checked: 0 passed
08.07.2014 00:30:13,328 - INFO  - Watchdog has been checked: 0 passed
08.07.2014 00:32:13,403 - INFO  - Watchdog has been checked: 0 passed
08.07.2014 00:34:13,423 - INFO  - Watchdog has been checked: 0 passed
08.07.2014 00:36:13,288 - INFO  - Watchdog has been checked: 0 passed
08.07.2014 00:38:13,248 - INFO  - Watchdog has been checked: 0 passed
08.07.2014 00:40:13,358 - INFO  - Watchdog has been checked: 0 passed
08.07.2014 00:42:13,419 - INFO  - Watchdog has been checked: 0 passed
08.07.2014 00:44:13,424 - INFO  - Watchdog has been checked: 0 passed
08.07.2014 00:46:13,334 - INFO  - Watchdog has been checked: 0 passed
08.07.2014 00:48:13,390 - INFO  - Watchdog has been checked: 0 passed
08.07.2014 00:50:13,365 - INFO  - Watchdog has been checked: 0 passed
08.07.2014 00:52:13,450 - INFO  - Watchdog has been checked: 0 passed
08.07.2014 00:54:13,479 - INFO  - Watchdog has been checked: 0 passed
08.07.2014 00:56:13,272 - INFO  - Watchdog has been checked: 0 passed
08.07.2014 00:58:13,249 - INFO  - Watchdog has been checked: 0 passed
08.07.2014 01:00:13,365 - INFO  - Watchdog has been checked: 0 passed
08.07.2014 01:02:13,382 - INFO  - Watchdog has been checked: 0 passed
08.07.2014 01:04:13,098 - INFO  - Watchdog has been checked: 0 passed
08.07.2014 01:06:12,145 - INFO  - Watchdog has been checked: 0 passed
08.07.2014 01:08:12,082 - INFO  - Watchdog has been checked: 0 passed
08.07.2014 01:10:11,166 - INFO  - Watchdog has been checked: 0 passed
08.07.2014 01:12:10,984 - INFO  - Watchdog has been checked: 0 passed
08.07.2014 01:14:09,983 - INFO  - Watchdog has been checked: 0 passed
08.07.2014 01:16:09,053 - INFO  - Watchdog has been checked: 0 passed
08.07.2014 01:18:08,207 - INFO  - Watchdog has been checked: 0 passed
08.07.2014 01:20:08,021 - INFO  - Watchdog has been checked: 0 passed
08.07.2014 01:22:07,077 - INFO  - Watchdog has been checked: 0 passed
08.07.2014 01:24:06,124 - INFO  - Watchdog has been checked: 0 passed
08.07.2014 01:26:05,226 - INFO  - Watchdog has been checked: 0 passed
08.07.2014 01:28:05,233 - INFO  - Watchdog has been checked: 0 passed
08.07.2014 01:30:05,273 - INFO  - Watchdog has been checked: 0 passed
08.07.2014 01:32:05,133 - INFO  - Watchdog has been checked: 0 passed
08.07.2014 01:34:04,167 - INFO  - Watchdog has been checked: 0 passed
08.07.2014 01:36:03,246 - INFO  - Watchdog has been checked: 0 passed
08.07.2014 01:38:03,302 - INFO  - Watchdog has been checked: 0 passed
08.07.2014 01:40:03,317 - INFO  - Watchdog has been checked: 0 passed
08.07.2014 01:42:03,149 - INFO  - Watchdog has been checked: 0 passed
08.07.2014 01:44:02,249 - INFO  - Watchdog has been checked: 0 passed
08.07.2014 01:46:02,533 - INFO  - Watchdog has been checked: 0 passed
08.07.2014 01:48:02,361 - INFO  - Watchdog has been checked: 0 passed
08.07.2014 01:50:02,408 - INFO  - Watchdog has been checked: 0 passed
08.07.2014 01:52:02,262 - INFO  - Watchdog has been checked: 0 passed
08.07.2014 01:54:02,312 - INFO  - Watchdog has been checked: 0 passed
08.07.2014 01:56:02,353 - INFO  - Watchdog has been checked: 0 passed
08.07.2014 01:58:02,327 - INFO  - Watchdog has been checked: 0 passed
08.07.2014 02:00:02,157 - INFO  - Watchdog has been checked: 0 passed
08.07.2014 02:02:02,300 - INFO  - Watchdog has been checked: 0 passed
08.07.2014 02:04:02,326 - INFO  - Watchdog has been checked: 0 passed
08.07.2014 02:06:02,152 - INFO  - Watchdog has been checked: 0 passed
08.07.2014 02:08:02,169 - INFO  - Watchdog has been checked: 0 passed
08.07.2014 02:10:02,303 - INFO  - Watchdog has been checked: 0 passed
08.07.2014 02:12:02,392 - INFO  - Watchdog has been checked: 0 passed
08.07.2014 02:14:02,262 - INFO  - Watchdog has been checked: 0 passed
08.07.2014 02:16:02,328 - INFO  - Watchdog has been checked: 0 passed
08.07.2014 02:18:02,359 - INFO  - Watchdog has been checked: 0 passed
08.07.2014 02:20:02,119 - INFO  - Watchdog has been checked: 0 passed
08.07.2014 02:22:02,163 - INFO  - Watchdog has been checked: 0 passed
08.07.2014 02:24:02,236 - INFO  - Watchdog has been checked: 0 passed
08.07.2014 02:26:02,106 - INFO  - Watchdog has been checked: 0 passed
08.07.2014 02:28:02,087 - INFO  - Watchdog has been checked: 0 passed
08.07.2014 02:30:02,206 - INFO  - Watchdog has been checked: 0 passed
08.07.2014 02:32:02,217 - INFO  - Watchdog has been checked: 0 passed
08.07.2014 02:34:02,001 - INFO  - Watchdog has been checked: 0 passed
08.07.2014 02:36:02,131 - INFO  - Watchdog has been checked: 0 passed
08.07.2014 02:38:02,093 - INFO  - Watchdog has been checked: 0 passed
08.07.2014 02:40:02,178 - INFO  - Watchdog has been checked: 0 passed
08.07.2014 02:42:02,225 - INFO  - Watchdog has been checked: 0 passed
08.07.2014 02:44:01,967 - INFO  - Watchdog has been checked: 0 passed
08.07.2014 02:46:01,079 - INFO  - Watchdog has been checked: 0 passed
08.07.2014 02:48:02,742 - INFO  - Watchdog has been checked: 0 passed
08.07.2014 02:50:02,158 - INFO  - Watchdog has been checked: 0 passed
08.07.2014 02:52:02,203 - INFO  - Watchdog has been checked: 0 passed
08.07.2014 02:54:02,272 - INFO  - Watchdog has been checked: 0 passed
08.07.2014 02:56:02,123 - INFO  - Watchdog has been checked: 0 passed
08.07.2014 02:58:02,044 - INFO  - Watchdog has been checked: 0 passed
08.07.2014 03:00:01,136 - INFO  - Watchdog has been checked: 0 passed
08.07.2014 03:02:01,256 - INFO  - Watchdog has been checked: 0 passed
08.07.2014 03:04:01,224 - INFO  - Watchdog has been checked: 0 passed
08.07.2014 03:06:01,174 - INFO  - Watchdog has been checked: 0 passed
08.07.2014 03:08:00,293 - INFO  - Watchdog has been checked: 0 passed
08.07.2014 03:10:00,166 - INFO  - Watchdog has been checked: 0 passed
08.07.2014 03:11:59,353 - INFO  - Watchdog has been checked: 0 passed
08.07.2014 03:13:59,334 - INFO  - Watchdog has been checked: 0 passed
08.07.2014 03:15:59,180 - INFO  - Watchdog has been checked: 0 passed
08.07.2014 03:17:58,397 - INFO  - Watchdog has been checked: 0 passed
08.07.2014 03:19:58,247 - INFO  - Watchdog has been checked: 0 passed
08.07.2014 03:21:58,340 - INFO  - Watchdog has been checked: 0 passed
08.07.2014 03:23:58,322 - INFO  - Watchdog has been checked: 0 passed
08.07.2014 03:25:58,434 - INFO  - Watchdog has been checked: 0 passed
08.07.2014 03:27:58,219 - INFO  - Watchdog has been checked: 0 passed
08.07.2014 03:29:58,252 - INFO  - Watchdog has been checked: 0 passed
08.07.2014 03:31:58,349 - INFO  - Watchdog has been checked: 0 passed
08.07.2014 03:33:58,491 - INFO  - Watchdog has been checked: 0 passed
08.07.2014 03:35:58,160 - INFO  - Watchdog has been checked: 0 passed
08.07.2014 03:37:57,205 - INFO  - Watchdog has been checked: 0 passed
08.07.2014 03:39:57,260 - INFO  - Watchdog has been checked: 0 passed
08.07.2014 03:41:57,327 - INFO  - Watchdog has been checked: 0 passed
08.07.2014 03:43:57,345 - INFO  - Watchdog has been checked: 0 passed
08.07.2014 03:45:57,205 - INFO  - Watchdog has been checked: 0 passed
08.07.2014 03:47:57,223 - INFO  - Watchdog has been checked: 0 passed
08.07.2014 03:49:57,228 - INFO  - Watchdog has been checked: 0 passed
08.07.2014 03:51:57,295 - INFO  - Watchdog has been checked: 0 passed
08.07.2014 03:53:57,328 - INFO  - Watchdog has been checked: 0 passed
08.07.2014 03:55:57,153 - INFO  - Watchdog has been checked: 0 passed
08.07.2014 03:57:57,180 - INFO  - Watchdog has been checked: 0 passed
08.07.2014 03:59:57,232 - INFO  - Watchdog has been checked: 0 passed
08.07.2014 04:01:57,279 - INFO  - Watchdog has been checked: 0 passed
08.07.2014 04:03:57,067 - INFO  - Watchdog has been checked: 0 passed
08.07.2014 04:05:57,155 - INFO  - Watchdog has been checked: 0 passed
08.07.2014 04:07:57,200 - INFO  - Watchdog has been checked: 0 passed
08.07.2014 04:09:57,075 - INFO  - Watchdog has been checked: 0 passed
08.07.2014 04:11:56,139 - INFO  - Watchdog has been checked: 0 passed
08.07.2014 04:13:56,180 - INFO  - Watchdog has been checked: 0 passed
08.07.2014 04:15:56,275 - INFO  - Watchdog has been checked: 0 passed
08.07.2014 04:17:56,314 - INFO  - Watchdog has been checked: 0 passed
08.07.2014 04:19:56,130 - INFO  - Watchdog has been checked: 0 passed
08.07.2014 04:21:56,215 - INFO  - Watchdog has been checked: 0 passed
08.07.2014 04:23:56,233 - INFO  - Watchdog has been checked: 0 passed
08.07.2014 04:25:56,268 - INFO  - Watchdog has been checked: 0 passed
08.07.2014 04:27:56,253 - INFO  - Watchdog has been checked: 0 passed
08.07.2014 04:29:56,088 - INFO  - Watchdog has been checked: 0 passed
08.07.2014 04:31:55,142 - INFO  - Watchdog has been checked: 0 passed
08.07.2014 04:33:55,213 - INFO  - Watchdog has been checked: 0 passed
08.07.2014 04:35:55,253 - INFO  - Watchdog has been checked: 0 passed
08.07.2014 04:37:55,297 - INFO  - Watchdog has been checked: 0 passed
08.07.2014 04:39:55,374 - INFO  - Watchdog has been checked: 0 passed
08.07.2014 04:41:55,181 - INFO  - Watchdog has been checked: 0 passed
08.07.2014 04:43:55,206 - INFO  - Watchdog has been checked: 0 passed
08.07.2014 04:45:55,305 - INFO  - Watchdog has been checked: 0 passed
08.07.2014 04:47:55,292 - INFO  - Watchdog has been checked: 0 passed
08.07.2014 04:49:55,148 - INFO  - Watchdog has been checked: 0 passed
08.07.2014 04:51:55,203 - INFO  - Watchdog has been checked: 0 passed
08.07.2014 04:53:55,255 - INFO  - Watchdog has been checked: 0 passed
08.07.2014 04:55:55,328 - INFO  - Watchdog has been checked: 0 passed
08.07.2014 04:57:55,157 - INFO  - Watchdog has been checked: 0 passed
08.07.2014 04:59:55,262 - INFO  - Watchdog has been checked: 0 passed
08.07.2014 05:01:55,140 - INFO  - Watchdog has been checked: 0 passed
08.07.2014 05:03:55,157 - INFO  - Watchdog has been checked: 0 passed
08.07.2014 05:05:55,267 - INFO  - Watchdog has been checked: 0 passed
08.07.2014 05:07:55,247 - INFO  - Watchdog has been checked: 0 passed
08.07.2014 05:09:55,142 - INFO  - Watchdog has been checked: 0 passed
08.07.2014 05:11:55,199 - INFO  - Watchdog has been checked: 0 passed
08.07.2014 05:13:55,256 - INFO  - Watchdog has been checked: 0 passed
08.07.2014 05:15:55,076 - INFO  - Watchdog has been checked: 0 passed
08.07.2014 05:17:55,045 - INFO  - Watchdog has been checked: 0 passed
08.07.2014 05:19:54,114 - INFO  - Watchdog has been checked: 0 passed
08.07.2014 05:21:54,142 - INFO  - Watchdog has been checked: 0 passed
08.07.2014 05:23:54,217 - INFO  - Watchdog has been checked: 0 passed
08.07.2014 05:25:54,061 - INFO  - Watchdog has been checked: 0 passed
08.07.2014 05:27:54,104 - INFO  - Watchdog has been checked: 0 passed
08.07.2014 05:29:54,172 - INFO  - Watchdog has been checked: 0 passed
08.07.2014 05:31:54,199 - INFO  - Watchdog has been checked: 0 passed
08.07.2014 05:33:54,282 - INFO  - Watchdog has been checked: 0 passed
08.07.2014 05:35:54,105 - INFO  - Watchdog has been checked: 0 passed
08.07.2014 05:37:54,180 - INFO  - Watchdog has been checked: 0 passed
08.07.2014 05:39:54,282 - INFO  - Watchdog has been checked: 0 passed
08.07.2014 05:41:54,110 - INFO  - Watchdog has been checked: 0 passed
08.07.2014 05:43:54,124 - INFO  - Watchdog has been checked: 0 passed
08.07.2014 05:45:54,231 - INFO  - Watchdog has been checked: 0 passed
08.07.2014 05:47:54,224 - INFO  - Watchdog has been checked: 0 passed
08.07.2014 05:49:54,088 - INFO  - Watchdog has been checked: 0 passed
08.07.2014 05:51:53,156 - INFO  - Watchdog has been checked: 0 passed
08.07.2014 05:53:53,190 - INFO  - Watchdog has been checked: 0 passed
08.07.2014 05:55:53,341 - INFO  - Watchdog has been checked: 0 passed
08.07.2014 05:57:53,324 - INFO  - Watchdog has been checked: 0 passed
08.07.2014 05:59:53,085 - INFO  - Watchdog has been checked: 0 passed
08.07.2014 06:01:52,156 - INFO  - Watchdog has been checked: 0 passed
08.07.2014 06:03:52,208 - INFO  - Watchdog has been checked: 0 passed
08.07.2014 06:05:52,305 - INFO  - Watchdog has been checked: 0 passed
08.07.2014 06:07:52,032 - INFO  - Watchdog has been checked: 0 passed
08.07.2014 06:09:51,116 - INFO  - Watchdog has been checked: 0 passed
08.07.2014 06:11:51,176 - INFO  - Watchdog has been checked: 0 passed
08.07.2014 06:13:51,204 - INFO  - Watchdog has been checked: 0 passed
08.07.2014 06:15:02,119 - INFO  - mapping file sync started
08.07.2014 06:15:02,841 - INFO  - file successfully updated
08.07.2014 06:15:51,192 - INFO  - Watchdog has been checked: 0 passed
08.07.2014 06:17:51,201 - INFO  - Watchdog has been checked: 0 passed
08.07.2014 06:19:53,226 - INFO  - Watchdog has been checked: 0 passed
08.07.2014 06:21:53,047 - INFO  - Watchdog has been checked: 0 passed
08.07.2014 06:23:53,163 - INFO  - Watchdog has been checked: 0 passed
08.07.2014 06:25:53,239 - INFO  - Watchdog has been checked: 0 passed
08.07.2014 06:27:53,278 - INFO  - Watchdog has been checked: 0 passed
08.07.2014 06:29:53,150 - INFO  - Watchdog has been checked: 0 passed
08.07.2014 06:31:53,198 - INFO  - Watchdog has been checked: 0 passed
08.07.2014 06:33:53,238 - INFO  - Watchdog has been checked: 0 passed
08.07.2014 06:35:53,323 - INFO  - Watchdog has been checked: 0 passed
08.07.2014 06:37:53,320 - INFO  - Watchdog has been checked: 0 passed
08.07.2014 06:39:53,179 - INFO  - Watchdog has been checked: 0 passed
08.07.2014 06:41:53,180 - INFO  - Watchdog has been checked: 0 passed
08.07.2014 06:43:53,208 - INFO  - Watchdog has been checked: 0 passed
08.07.2014 06:45:53,304 - INFO  - Watchdog has been checked: 0 passed
08.07.2014 06:47:53,081 - INFO  - Watchdog has been checked: 0 passed
08.07.2014 06:49:53,192 - INFO  - Watchdog has been checked: 0 passed
08.07.2014 06:51:53,243 - INFO  - Watchdog has been checked: 0 passed
08.07.2014 06:53:53,128 - INFO  - Watchdog has been checked: 0 passed
08.07.2014 06:55:53,200 - INFO  - Watchdog has been checked: 0 passed
08.07.2014 06:57:53,197 - INFO  - Watchdog has been checked: 0 passed
08.07.2014 06:59:53,307 - INFO  - Watchdog has been checked: 0 passed
08.07.2014 07:01:53,363 - INFO  - Watchdog has been checked: 0 passed
08.07.2014 07:03:53,235 - INFO  - Watchdog has been checked: 0 passed
08.07.2014 07:05:53,280 - INFO  - Watchdog has been checked: 0 passed
08.07.2014 07:07:53,335 - INFO  - Watchdog has been checked: 0 passed
08.07.2014 07:09:53,494 - INFO  - Watchdog has been checked: 0 passed
08.07.2014 07:11:53,267 - INFO  - Watchdog has been checked: 0 passed
08.07.2014 07:13:53,324 - INFO  - Watchdog has been checked: 0 passed
08.07.2014 07:15:02,002 - INFO  - mapping file sync started
08.07.2014 07:15:02,476 - INFO  - file successfully updated
08.07.2014 07:15:53,360 - INFO  - Watchdog has been checked: 0 passed
08.07.2014 07:17:53,113 - INFO  - Watchdog has been checked: 0 passed
08.07.2014 07:19:52,224 - INFO  - Watchdog has been checked: 0 passed
08.07.2014 07:21:53,218 - INFO  - Watchdog has been checked: 0 passed
08.07.2014 07:23:53,286 - INFO  - Watchdog has been checked: 0 passed
08.07.2014 07:25:53,099 - INFO  - Watchdog has been checked: 0 passed
08.07.2014 07:27:53,088 - INFO  - Watchdog has been checked: 0 passed
08.07.2014 07:29:53,169 - INFO  - Watchdog has been checked: 0 passed
08.07.2014 07:31:53,212 - INFO  - Watchdog has been checked: 0 passed
08.07.2014 07:33:53,039 - INFO  - Watchdog has been checked: 0 passed
08.07.2014 07:35:52,172 - INFO  - Watchdog has been checked: 0 passed
08.07.2014 07:37:52,177 - INFO  - Watchdog has been checked: 0 passed
08.07.2014 07:39:52,280 - INFO  - Watchdog has been checked: 0 passed
08.07.2014 07:41:52,268 - INFO  - Watchdog has been checked: 0 passed
08.07.2014 07:43:52,140 - INFO  - Watchdog has been checked: 0 passed
08.07.2014 07:45:52,277 - INFO  - Watchdog has been checked: 0 passed
08.07.2014 07:47:52,228 - INFO  - Watchdog has been checked: 0 passed
08.07.2014 07:49:52,324 - INFO  - Watchdog has been checked: 0 passed
08.07.2014 07:51:52,108 - INFO  - Watchdog has been checked: 0 passed
08.07.2014 07:53:52,208 - INFO  - Watchdog has been checked: 0 passed
08.07.2014 07:55:52,295 - INFO  - Watchdog has been checked: 0 passed
08.07.2014 07:57:52,281 - INFO  - Watchdog has been checked: 0 passed
08.07.2014 07:59:52,132 - INFO  - Watchdog has been checked: 0 passed
08.07.2014 08:01:52,262 - INFO  - Watchdog has been checked: 0 passed
08.07.2014 08:03:52,263 - INFO  - Watchdog has been checked: 0 passed
08.07.2014 08:05:52,388 - INFO  - Watchdog has been checked: 0 passed
08.07.2014 08:07:52,372 - INFO  - Watchdog has been checked: 0 passed
08.07.2014 08:09:52,215 - INFO  - Watchdog has been checked: 0 passed
08.07.2014 08:11:52,505 - INFO  - Watchdog has been checked: 0 passed
08.07.2014 08:13:52,288 - INFO  - Watchdog has been checked: 0 passed
08.07.2014 08:15:52,388 - INFO  - Watchdog has been checked: 0 passed
08.07.2014 08:17:52,383 - INFO  - Watchdog has been checked: 0 passed
08.07.2014 08:19:52,250 - INFO  - Watchdog has been checked: 0 passed
08.07.2014 08:21:52,328 - INFO  - Watchdog has been checked: 0 passed
08.07.2014 08:23:53,355 - INFO  - Watchdog has been checked: 0 passed
08.07.2014 08:25:53,475 - INFO  - Watchdog has been checked: 0 passed
08.07.2014 08:27:53,448 - INFO  - Watchdog has been checked: 0 passed
08.07.2014 08:29:53,269 - INFO  - Watchdog has been checked: 0 passed
08.07.2014 08:31:53,321 - INFO  - Watchdog has been checked: 0 passed
08.07.2014 08:33:33,509 - INFO  - searcher identified --- respT: 17ms, 5259 results, web:(PSIWeb), q=, 
08.07.2014 08:33:53,312 - INFO  - Watchdog has been checked: 0 passed
08.07.2014 08:33:59,003 - INFO  - searcher identified --- respT: 17ms, 4414 results, type:topic, web:(PSIWeb), q=, 
08.07.2014 08:34:04,251 - INFO  - searcher identified --- respT: 14ms, 323 results, type:topic, web:(PSIWeb), date:[NOW-2MONTH TO NOW], q=, 
08.07.2014 08:34:08,048 - INFO  - searcher identified --- respT: 16ms, 102 results, type:topic, web:(PSIWeb), date:[NOW-2MONTH TO NOW], author:AndreLichtsteiner, q=, 
08.07.2014 08:34:12,459 - INFO  - searcher identified --- respT: 18ms, 18 results, type:topic, web:(PSIWeb), date:[NOW-2MONTH TO NOW], author:AndreLichtsteiner, q=people, 
08.07.2014 08:34:12,758 - INFO  - searcher identified --- respT: 17ms, 18 results, type:topic, web:(PSIWeb), date:[NOW-2MONTH TO NOW], author:AndreLichtsteiner, q=people, 
08.07.2014 08:35:53,164 - INFO  - Watchdog has been checked: 0 passed
08.07.2014 08:37:53,164 - INFO  - Watchdog has been checked: 0 passed
08.07.2014 08:39:53,305 - INFO  - Watchdog has been checked: 0 passed
08.07.2014 08:42:27,485 - INFO  - Watchdog has been checked: 0 passed
08.07.2014 08:44:27,149 - INFO  - Watchdog has been checked: 0 passed
08.07.2014 08:46:27,224 - INFO  - Watchdog has been checked: 0 passed
08.07.2014 08:48:27,172 - INFO  - Watchdog has been checked: 0 passed
08.07.2014 08:50:27,276 - INFO  - Watchdog has been checked: 0 passed
08.07.2014 08:52:27,443 - INFO  - Watchdog has been checked: 0 passed
08.07.2014 08:54:27,064 - INFO  - Watchdog has been checked: 0 passed
08.07.2014 08:56:26,080 - INFO  - Watchdog has been checked: 0 passed
08.07.2014 08:58:26,109 - INFO  - Watchdog has been checked: 0 passed
08.07.2014 09:00:25,187 - INFO  - Watchdog has been checked: 0 passed
08.07.2014 09:02:25,352 - INFO  - Watchdog has been checked: 0 passed
08.07.2014 09:04:25,149 - INFO  - Watchdog has been checked: 0 passed
08.07.2014 09:06:24,170 - INFO  - Watchdog has been checked: 0 passed
08.07.2014 09:08:24,134 - INFO  - Watchdog has been checked: 0 passed
08.07.2014 09:10:23,275 - INFO  - Watchdog has been checked: 0 passed
08.07.2014 09:12:23,238 - INFO  - Watchdog has been checked: 0 passed
08.07.2014 09:14:23,120 - INFO  - Watchdog has been checked: 0 passed
08.07.2014 09:16:22,158 - INFO  - Watchdog has been checked: 0 passed
08.07.2014 09:18:22,170 - INFO  - Watchdog has been checked: 0 passed
08.07.2014 09:20:22,231 - INFO  - Watchdog has been checked: 0 passed
08.07.2014 09:22:22,231 - INFO  - Watchdog has been checked: 0 passed
08.07.2014 09:24:22,108 - INFO  - Watchdog has been checked: 0 passed
08.07.2014 09:26:21,089 - INFO  - Watchdog has been checked: 0 passed
08.07.2014 09:28:21,104 - INFO  - Watchdog has been checked: 0 passed
08.07.2014 09:30:21,255 - INFO  - Watchdog has been checked: 0 passed
08.07.2014 09:32:21,319 - INFO  - Watchdog has been checked: 0 passed
08.07.2014 09:34:21,177 - INFO  - Watchdog has been checked: 0 passed
08.07.2014 09:36:21,223 - INFO  - Watchdog has been checked: 0 passed
08.07.2014 09:38:21,276 - INFO  - Watchdog has been checked: 0 passed
08.07.2014 09:40:21,360 - INFO  - Watchdog has been checked: 0 passed
08.07.2014 09:42:21,338 - INFO  - Watchdog has been checked: 0 passed
08.07.2014 09:44:21,197 - INFO  - Watchdog has been checked: 0 passed
08.07.2014 09:46:21,252 - INFO  - Watchdog has been checked: 0 passed
08.07.2014 09:48:21,243 - INFO  - Watchdog has been checked: 0 passed
08.07.2014 09:50:21,287 - INFO  - Watchdog has been checked: 0 passed
08.07.2014 09:51:32,949 - INFO  - searcher identified --- respT: 38ms, 64879 results, q=, 
08.07.2014 09:51:53,121 - INFO  - searcher identified --- respT: 28ms, 6214 results, web:(AIT), q=, 
08.07.2014 09:52:09,388 - INFO  - searcher identified --- respT: 58ms, 307 results, type:pdf, web:(AIT), q=, 
08.07.2014 09:52:13,926 - INFO  - searcher identified --- respT: 12ms, 1 results, type:pdf, web:(AIT), date:[NOW-1HOUR TO NOW], q=, 
08.07.2014 09:52:21,286 - INFO  - Watchdog has been checked: 0 passed
08.07.2014 09:54:21,144 - INFO  - Watchdog has been checked: 0 passed
08.07.2014 09:56:21,178 - INFO  - Watchdog has been checked: 0 passed
08.07.2014 09:58:21,201 - INFO  - Watchdog has been checked: 0 passed
08.07.2014 10:00:21,262 - INFO  - Watchdog has been checked: 0 passed
08.07.2014 10:02:21,238 - INFO  - Watchdog has been checked: 0 passed
08.07.2014 10:04:21,347 - INFO  - Watchdog has been checked: 0 passed
08.07.2014 10:06:21,410 - INFO  - Watchdog has been checked: 0 passed
08.07.2014 10:08:21,406 - INFO  - Watchdog has been checked: 0 passed
08.07.2014 10:10:21,253 - INFO  - Watchdog has been checked: 0 passed
08.07.2014 10:12:21,295 - INFO  - Watchdog has been checked: 0 passed
08.07.2014 10:14:21,127 - INFO  - Watchdog has been checked: 0 passed
08.07.2014 10:16:21,165 - INFO  - Watchdog has been checked: 0 passed
08.07.2014 10:18:21,246 - INFO  - Watchdog has been checked: 0 passed
08.07.2014 10:20:21,014 - INFO  - Watchdog has been checked: 0 passed
08.07.2014 10:22:20,235 - INFO  - Watchdog has been checked: 0 passed
08.07.2014 10:24:20,049 - INFO  - Watchdog has been checked: 0 passed
08.07.2014 10:26:19,060 - INFO  - Watchdog has been checked: 0 passed
08.07.2014 10:28:18,131 - INFO  - Watchdog has been checked: 0 passed
08.07.2014 10:30:20,226 - INFO  - Watchdog has been checked: 0 passed
08.07.2014 10:32:21,097 - INFO  - Watchdog has been checked: 0 passed
08.07.2014 10:34:21,098 - INFO  - Watchdog has been checked: 0 passed
08.07.2014 10:36:20,106 - INFO  - Watchdog has been checked: 0 passed
08.07.2014 10:38:19,112 - INFO  - Watchdog has been checked: 0 passed
08.07.2014 10:40:18,122 - INFO  - Watchdog has been checked: 0 passed
08.07.2014 10:42:18,105 - INFO  - Watchdog has been checked: 0 passed
08.07.2014 10:44:17,183 - INFO  - Watchdog has been checked: 0 passed
08.07.2014 10:46:17,326 - INFO  - Watchdog has been checked: 0 passed
08.07.2014 10:48:17,244 - INFO  - Watchdog has been checked: 0 passed
08.07.2014 10:50:17,228 - INFO  - Watchdog has been checked: 0 passed
08.07.2014 10:52:17,194 - INFO  - Watchdog has been checked: 0 passed
08.07.2014 10:54:17,365 - INFO  - Watchdog has been checked: 0 passed
08.07.2014 10:56:17,158 - INFO  - Watchdog has been checked: 0 passed
08.07.2014 10:58:17,407 - INFO  - Watchdog has been checked: 0 passed
08.07.2014 11:00:17,264 - INFO  - Watchdog has been checked: 0 passed
08.07.2014 11:02:17,192 - INFO  - Watchdog has been checked: 0 passed
08.07.2014 11:04:17,344 - INFO  - Watchdog has been checked: 0 passed
08.07.2014 11:06:17,421 - INFO  - Watchdog has been checked: 0 passed
08.07.2014 11:08:17,441 - INFO  - Watchdog has been checked: 0 passed
08.07.2014 11:10:21,304 - INFO  - Watchdog has been checked: 0 passed
08.07.2014 11:12:21,269 - INFO  - Watchdog has been checked: 0 passed
08.07.2014 11:14:21,397 - INFO  - Watchdog has been checked: 0 passed
08.07.2014 11:16:21,185 - INFO  - Watchdog has been checked: 0 passed
08.07.2014 11:18:21,473 - INFO  - Watchdog has been checked: 0 passed
08.07.2014 11:20:21,268 - INFO  - Watchdog has been checked: 0 passed
08.07.2014 11:22:21,434 - INFO  - Watchdog has been checked: 0 passed
08.07.2014 11:24:21,312 - INFO  - Watchdog has been checked: 0 passed
08.07.2014 11:26:21,380 - INFO  - Watchdog has been checked: 0 passed
08.07.2014 11:28:21,388 - INFO  - Watchdog has been checked: 0 passed
08.07.2014 11:30:21,468 - INFO  - Watchdog has been checked: 0 passed
08.07.2014 11:30:51,920 - INFO  - searcher identified --- respT: 26ms, 19 results, type:topic, web:(PSIWeb), date:[NOW-2MONTH TO NOW], author:AndreLichtsteiner, q=people, 
08.07.2014 11:32:21,410 - INFO  - Watchdog has been checked: 0 passed
08.07.2014 11:34:21,343 - INFO  - Watchdog has been checked: 0 passed
08.07.2014 11:35:51,870 - INFO  - searcher identified --- respT: 32ms, 41021 results, q=, 
08.07.2014 11:36:00,657 - INFO  - searcher identified --- respT: 15ms, 73 results, q=harald, 
08.07.2014 11:36:21,377 - INFO  - Watchdog has been checked: 0 passed
08.07.2014 11:36:31,968 - INFO  - searcher identified --- respT: 46ms, 16 results, q=harald rege, 
08.07.2014 11:36:33,710 - INFO  - searcher identified --- respT: 23ms, 5 results, q=harald regele, 
08.07.2014 11:38:21,356 - INFO  - Watchdog has been checked: 0 passed
08.07.2014 11:40:21,198 - INFO  - Watchdog has been checked: 0 passed
08.07.2014 11:42:21,180 - INFO  - Watchdog has been checked: 0 passed
08.07.2014 11:44:21,324 - INFO  - Watchdog has been checked: 0 passed
08.07.2014 11:46:21,355 - INFO  - Watchdog has been checked: 0 passed
08.07.2014 11:48:21,341 - INFO  - Watchdog has been checked: 0 passed
08.07.2014 11:50:21,118 - INFO  - Watchdog has been checked: 0 passed
08.07.2014 11:52:21,112 - INFO  - Watchdog has been checked: 0 passed
08.07.2014 11:54:20,220 - INFO  - Watchdog has been checked: 0 passed
08.07.2014 11:56:20,282 - INFO  - Watchdog has been checked: 0 passed
08.07.2014 11:58:20,268 - INFO  - Watchdog has been checked: 0 passed
08.07.2014 12:00:20,141 - INFO  - Watchdog has been checked: 0 passed
08.07.2014 12:02:20,000 - INFO  - Watchdog has been checked: 0 passed
08.07.2014 12:04:20,177 - INFO  - Watchdog has been checked: 0 passed
08.07.2014 12:06:20,127 - INFO  - Watchdog has been checked: 0 passed
08.07.2014 12:08:15,837 - INFO  - searcher identified --- respT: 21ms, 5262 results, web:(PSIWeb), q=, 
08.07.2014 12:08:19,928 - INFO  - Watchdog has been checked: 0 passed
08.07.2014 12:10:19,154 - INFO  - Watchdog has been checked: 0 passed
08.07.2014 12:12:21,354 - INFO  - Watchdog has been checked: 0 passed
08.07.2014 12:14:21,198 - INFO  - Watchdog has been checked: 0 passed
08.07.2014 12:16:21,270 - INFO  - Watchdog has been checked: 0 passed
08.07.2014 12:18:21,236 - INFO  - Watchdog has been checked: 0 passed
08.07.2014 12:20:21,045 - INFO  - Watchdog has been checked: 0 passed
08.07.2014 12:22:21,282 - INFO  - Watchdog has been checked: 0 passed
08.07.2014 12:24:21,148 - INFO  - Watchdog has been checked: 0 passed
08.07.2014 12:26:21,237 - INFO  - Watchdog has been checked: 0 passed
08.07.2014 12:28:21,210 - INFO  - Watchdog has been checked: 0 passed
08.07.2014 12:30:21,335 - INFO  - Watchdog has been checked: 0 passed
08.07.2014 12:32:21,339 - INFO  - Watchdog has been checked: 0 passed
08.07.2014 12:34:21,227 - INFO  - Watchdog has been checked: 0 passed
08.07.2014 12:36:21,334 - INFO  - Watchdog has been checked: 0 passed
08.07.2014 12:38:21,270 - INFO  - Watchdog has been checked: 0 passed
08.07.2014 12:40:21,335 - INFO  - Watchdog has been checked: 0 passed
08.07.2014 12:42:21,330 - INFO  - Watchdog has been checked: 0 passed
08.07.2014 12:44:21,208 - INFO  - Watchdog has been checked: 0 passed
08.07.2014 12:46:21,263 - INFO  - Watchdog has been checked: 0 passed
08.07.2014 12:48:21,238 - INFO  - Watchdog has been checked: 0 passed
08.07.2014 12:50:21,308 - INFO  - Watchdog has been checked: 0 passed
08.07.2014 12:52:21,290 - INFO  - Watchdog has been checked: 0 passed
08.07.2014 12:54:21,459 - INFO  - Watchdog has been checked: 0 passed
08.07.2014 12:56:21,464 - INFO  - Watchdog has been checked: 0 passed
08.07.2014 12:58:21,474 - INFO  - Watchdog has been checked: 0 passed
08.07.2014 13:00:21,279 - INFO  - Watchdog has been checked: 0 passed
08.07.2014 13:02:21,532 - INFO  - Watchdog has been checked: 0 passed
08.07.2014 13:04:21,381 - INFO  - Watchdog has been checked: 0 passed
08.07.2014 13:06:21,419 - INFO  - Watchdog has been checked: 0 passed
08.07.2014 13:08:21,371 - INFO  - Watchdog has been checked: 0 passed
08.07.2014 13:10:21,200 - INFO  - Watchdog has been checked: 0 passed
08.07.2014 13:12:21,660 - INFO  - Watchdog has been checked: 0 passed
08.07.2014 13:14:21,276 - INFO  - Watchdog has been checked: 0 passed
08.07.2014 13:16:21,282 - INFO  - Watchdog has been checked: 0 passed
08.07.2014 13:18:21,240 - INFO  - Watchdog has been checked: 0 passed
08.07.2014 13:20:21,075 - INFO  - Watchdog has been checked: 0 passed
08.07.2014 13:22:21,158 - INFO  - Watchdog has been checked: 0 passed
08.07.2014 13:24:21,196 - INFO  - Watchdog has been checked: 0 passed
08.07.2014 13:26:21,187 - INFO  - Watchdog has been checked: 0 passed
08.07.2014 13:28:21,210 - INFO  - Watchdog has been checked: 0 passed
08.07.2014 13:30:21,041 - INFO  - Watchdog has been checked: 0 passed
08.07.2014 13:32:20,358 - INFO  - Watchdog has been checked: 0 passed
08.07.2014 13:34:20,126 - INFO  - Watchdog has been checked: 0 passed
08.07.2014 13:36:20,149 - INFO  - Watchdog has been checked: 0 passed
08.07.2014 13:38:21,207 - INFO  - Watchdog has been checked: 0 passed
08.07.2014 13:40:21,271 - INFO  - Watchdog has been checked: 0 passed
08.07.2014 13:42:21,234 - INFO  - Watchdog has been checked: 0 passed
08.07.2014 13:44:21,210 - INFO  - Watchdog has been checked: 0 passed
08.07.2014 13:46:21,279 - INFO  - Watchdog has been checked: 0 passed
08.07.2014 13:48:21,300 - INFO  - Watchdog has been checked: 0 passed
08.07.2014 13:50:21,319 - INFO  - Watchdog has been checked: 0 passed
08.07.2014 13:52:21,241 - INFO  - Watchdog has been checked: 0 passed
08.07.2014 13:54:21,161 - INFO  - Watchdog has been checked: 0 passed
08.07.2014 13:56:20,292 - INFO  - Watchdog has been checked: 0 passed
08.07.2014 13:58:20,332 - INFO  - Watchdog has been checked: 0 passed
08.07.2014 14:00:20,408 - INFO  - Watchdog has been checked: 0 passed
08.07.2014 14:02:20,295 - INFO  - Watchdog has been checked: 0 passed
08.07.2014 14:04:20,318 - INFO  - Watchdog has been checked: 0 passed
08.07.2014 14:06:20,294 - INFO  - Watchdog has been checked: 0 passed
08.07.2014 14:08:20,439 - INFO  - Watchdog has been checked: 0 passed
08.07.2014 14:10:20,379 - INFO  - Watchdog has been checked: 0 passed
08.07.2014 14:12:20,182 - INFO  - Watchdog has been checked: 0 passed
08.07.2014 14:14:20,267 - INFO  - Watchdog has been checked: 0 passed
08.07.2014 14:16:20,225 - INFO  - Watchdog has been checked: 0 passed
08.07.2014 14:18:20,225 - INFO  - Watchdog has been checked: 0 passed
08.07.2014 14:20:20,211 - INFO  - Watchdog has been checked: 0 passed
08.07.2014 14:22:20,193 - INFO  - Watchdog has been checked: 0 passed
08.07.2014 14:24:20,283 - INFO  - Watchdog has been checked: 0 passed
08.07.2014 14:26:20,346 - INFO  - Watchdog has been checked: 0 passed
08.07.2014 14:28:20,356 - INFO  - Watchdog has been checked: 0 passed
08.07.2014 14:30:20,237 - INFO  - Watchdog has been checked: 0 passed
08.07.2014 14:32:20,178 - INFO  - Watchdog has been checked: 0 passed
08.07.2014 14:34:20,223 - INFO  - Watchdog has been checked: 0 passed
08.07.2014 14:36:20,353 - INFO  - Watchdog has been checked: 0 passed
08.07.2014 14:38:20,211 - INFO  - Watchdog has been checked: 0 passed
08.07.2014 14:40:21,326 - INFO  - Watchdog has been checked: 0 passed
08.07.2014 14:42:21,084 - INFO  - Watchdog has been checked: 0 passed
08.07.2014 14:44:21,143 - INFO  - Watchdog has been checked: 0 passed
08.07.2014 14:46:21,246 - INFO  - Watchdog has been checked: 0 passed
08.07.2014 14:48:21,199 - INFO  - Watchdog has been checked: 0 passed
08.07.2014 14:50:21,253 - INFO  - Watchdog has been checked: 0 passed
08.07.2014 14:52:21,811 - INFO  - Watchdog has been checked: 0 passed
08.07.2014 14:54:21,334 - INFO  - Watchdog has been checked: 0 passed
08.07.2014 14:56:21,138 - INFO  - Watchdog has been checked: 0 passed
08.07.2014 14:58:20,140 - INFO  - Watchdog has been checked: 0 passed
08.07.2014 15:00:20,242 - INFO  - Watchdog has been checked: 0 passed
08.07.2014 15:02:20,305 - INFO  - Watchdog has been checked: 0 passed
08.07.2014 15:04:20,360 - INFO  - Watchdog has been checked: 0 passed
08.07.2014 15:06:20,146 - INFO  - Watchdog has been checked: 0 passed
08.07.2014 15:08:20,185 - INFO  - Watchdog has been checked: 0 passed
08.07.2014 15:10:20,271 - INFO  - Watchdog has been checked: 0 passed
08.07.2014 15:12:20,278 - INFO  - Watchdog has been checked: 0 passed
08.07.2014 15:14:20,365 - INFO  - Watchdog has been checked: 0 passed
08.07.2014 15:16:20,337 - INFO  - Watchdog has been checked: 0 passed
08.07.2014 15:18:21,160 - INFO  - Watchdog has been checked: 0 passed
08.07.2014 15:20:21,230 - INFO  - Watchdog has been checked: 0 passed
08.07.2014 15:22:21,284 - INFO  - Watchdog has been checked: 0 passed
08.07.2014 15:24:21,367 - INFO  - Watchdog has been checked: 0 passed
08.07.2014 15:26:21,349 - INFO  - Watchdog has been checked: 0 passed
08.07.2014 15:28:21,315 - INFO  - Watchdog has been checked: 0 passed
08.07.2014 15:30:21,139 - INFO  - Watchdog has been checked: 0 passed
08.07.2014 15:32:21,254 - INFO  - Watchdog has been checked: 0 passed
08.07.2014 15:32:32,934 - INFO  - searcher identified --- respT: 23ms, 5262 results, web:(PSIWeb), q=, 
08.07.2014 15:32:42,136 - INFO  - searcher identified --- respT: 23ms, 3 results, web:(PSIWeb), author:MatthiasKrack, q=, 
08.07.2014 15:32:52,182 - INFO  - searcher identified --- respT: 21ms, 5198 results, web:(PSIWeb), q=, 
08.07.2014 15:32:53,412 - INFO  - searcher identified --- respT: 13ms, 2 results, type:topic, web:(PSIWeb), author:MatthiasKrack, q=, 
08.07.2014 15:33:18,244 - INFO  - searcher identified --- respT: 21ms, 5198 results, web:(PSIWeb), q=, 
08.07.2014 15:33:24,993 - INFO  - searcher identified --- respT: 17ms, 18 results, web:(PSIWeb), q=Krack, 
08.07.2014 15:33:32,585 - INFO  - searcher identified --- respT: 13ms, 2 results, web:(PSIWeb), author:MatthiasKrack, q=Krack, 
08.07.2014 15:34:21,063 - INFO  - Watchdog has been checked: 0 passed
08.07.2014 15:36:21,059 - INFO  - Watchdog has been checked: 0 passed
08.07.2014 15:38:21,075 - INFO  - Watchdog has been checked: 0 passed
08.07.2014 15:40:21,166 - INFO  - Watchdog has been checked: 0 passed
08.07.2014 15:42:21,172 - INFO  - Watchdog has been checked: 0 passed
08.07.2014 15:44:21,156 - INFO  - Watchdog has been checked: 0 passed
08.07.2014 15:46:21,139 - INFO  - Watchdog has been checked: 0 passed
08.07.2014 15:48:21,114 - INFO  - Watchdog has been checked: 0 passed
08.07.2014 15:50:21,056 - INFO  - Watchdog has been checked: 0 passed
08.07.2014 15:52:20,247 - INFO  - Watchdog has been checked: 0 passed
08.07.2014 15:54:20,128 - INFO  - Watchdog has been checked: 0 passed
08.07.2014 15:56:20,131 - INFO  - Watchdog has been checked: 0 passed
08.07.2014 15:58:20,137 - INFO  - Watchdog has been checked: 0 passed
08.07.2014 16:00:20,212 - INFO  - Watchdog has been checked: 0 passed
08.07.2014 16:02:20,185 - INFO  - Watchdog has been checked: 0 passed
08.07.2014 16:04:20,301 - INFO  - Watchdog has been checked: 0 passed
08.07.2014 16:06:20,267 - INFO  - Watchdog has been checked: 0 passed
08.07.2014 16:08:20,224 - INFO  - Watchdog has been checked: 0 passed
08.07.2014 16:10:20,152 - INFO  - Watchdog has been checked: 0 passed
08.07.2014 16:12:19,091 - INFO  - Watchdog has been checked: 0 passed
08.07.2014 16:14:19,299 - INFO  - Watchdog has been checked: 0 passed
08.07.2014 16:16:19,340 - INFO  - Watchdog has been checked: 0 passed
08.07.2014 16:18:19,311 - INFO  - Watchdog has been checked: 0 passed
08.07.2014 16:20:19,176 - INFO  - Watchdog has been checked: 0 passed
08.07.2014 16:22:19,155 - INFO  - Watchdog has been checked: 0 passed
08.07.2014 16:24:19,214 - INFO  - Watchdog has been checked: 0 passed
08.07.2014 16:26:19,336 - INFO  - Watchdog has been checked: 0 passed
08.07.2014 16:28:19,278 - INFO  - Watchdog has been checked: 0 passed
08.07.2014 16:30:19,385 - INFO  - Watchdog has been checked: 0 passed
08.07.2014 16:32:19,381 - INFO  - Watchdog has been checked: 0 passed
08.07.2014 16:34:19,279 - INFO  - Watchdog has been checked: 0 passed
08.07.2014 16:36:19,305 - INFO  - Watchdog has been checked: 0 passed
08.07.2014 16:38:19,411 - INFO  - Watchdog has been checked: 0 passed
08.07.2014 16:40:19,173 - INFO  - Watchdog has been checked: 0 passed
08.07.2014 16:42:19,167 - INFO  - Watchdog has been checked: 0 passed
08.07.2014 16:44:19,221 - INFO  - Watchdog has been checked: 0 passed
08.07.2014 16:46:19,292 - INFO  - Watchdog has been checked: 0 passed
08.07.2014 16:50:19,318 - INFO  - Watchdog has been checked: 0 passed
08.07.2014 16:54:19,160 - INFO  - Watchdog has been checked: 0 passed
08.07.2014 16:56:19,340 - INFO  - Watchdog has been checked: 0 passed
08.07.2014 16:58:19,300 - INFO  - Watchdog has been checked: 0 passed
08.07.2014 17:00:19,141 - INFO  - Watchdog has been checked: 0 passed
08.07.2014 17:02:19,174 - INFO  - Watchdog has been checked: 0 passed
08.07.2014 17:04:19,212 - INFO  - Watchdog has been checked: 0 passed
08.07.2014 17:06:19,028 - INFO  - Watchdog has been checked: 0 passed
08.07.2014 17:08:17,943 - INFO  - Watchdog has been checked: 0 passed
08.07.2014 17:10:17,057 - INFO  - Watchdog has been checked: 0 passed
08.07.2014 17:12:16,127 - INFO  - Watchdog has been checked: 0 passed
08.07.2014 17:14:15,100 - INFO  - Watchdog has been checked: 0 passed
08.07.2014 17:16:14,178 - INFO  - Watchdog has been checked: 0 passed
08.07.2014 17:18:13,015 - INFO  - Watchdog has been checked: 0 passed
08.07.2014 17:20:12,135 - INFO  - Watchdog has been checked: 0 passed
08.07.2014 17:22:11,208 - INFO  - Watchdog has been checked: 0 passed
08.07.2014 17:24:11,274 - INFO  - Watchdog has been checked: 0 passed
08.07.2014 17:26:11,052 - INFO  - Watchdog has been checked: 0 passed
08.07.2014 17:28:10,069 - INFO  - Watchdog has been checked: 0 passed
08.07.2014 17:30:09,153 - INFO  - Watchdog has been checked: 0 passed
08.07.2014 17:32:09,291 - INFO  - Watchdog has been checked: 0 passed
08.07.2014 17:34:09,145 - INFO  - Watchdog has been checked: 0 passed
08.07.2014 17:36:08,166 - INFO  - Watchdog has been checked: 0 passed
08.07.2014 17:38:08,375 - INFO  - Watchdog has been checked: 0 passed
08.07.2014 17:40:08,276 - INFO  - Watchdog has been checked: 0 passed
08.07.2014 17:42:07,337 - INFO  - searcher identified --- respT: 21ms, 5266 results, web:(PSIWeb), q=, 
08.07.2014 17:42:08,260 - INFO  - Watchdog has been checked: 0 passed
08.07.2014 17:42:11,291 - INFO  - searcher identified --- respT: 29ms, 100 results, web:(PSIWeb), q=print, 
08.07.2014 17:42:13,209 - INFO  - searcher identified --- respT: 38ms, 6 results, web:(PSIWeb), q=printbeta, 
08.07.2014 17:42:16,382 - INFO  - searcher identified --- respT: 13ms, 3 results, web:(PSIWeb), author:MarcKloter, q=printbeta, 
08.07.2014 17:44:08,405 - INFO  - Watchdog has been checked: 0 passed
08.07.2014 17:46:08,112 - INFO  - Watchdog has been checked: 0 passed
08.07.2014 17:48:08,804 - INFO  - Watchdog has been checked: 0 passed
08.07.2014 17:50:08,195 - INFO  - Watchdog has been checked: 0 passed
08.07.2014 17:52:08,200 - INFO  - Watchdog has been checked: 0 passed
08.07.2014 17:54:08,295 - INFO  - Watchdog has been checked: 0 passed
08.07.2014 17:56:08,310 - INFO  - Watchdog has been checked: 0 passed
08.07.2014 17:58:08,338 - INFO  - Watchdog has been checked: 0 passed
08.07.2014 18:00:08,372 - INFO  - Watchdog has been checked: 0 passed
08.07.2014 18:02:08,427 - INFO  - Watchdog has been checked: 0 passed
08.07.2014 18:04:08,263 - INFO  - Watchdog has been checked: 0 passed
08.07.2014 18:06:08,316 - INFO  - Watchdog has been checked: 0 passed
08.07.2014 18:08:08,360 - INFO  - Watchdog has been checked: 0 passed
08.07.2014 18:10:08,374 - INFO  - Watchdog has been checked: 0 passed
08.07.2014 18:12:08,404 - INFO  - Watchdog has been checked: 0 passed
08.07.2014 18:14:08,217 - INFO  - Watchdog has been checked: 0 passed
08.07.2014 18:16:08,205 - INFO  - Watchdog has been checked: 0 passed
08.07.2014 18:18:08,447 - INFO  - Watchdog has been checked: 0 passed
08.07.2014 18:20:08,396 - INFO  - Watchdog has been checked: 0 passed
08.07.2014 18:22:08,314 - INFO  - Watchdog has been checked: 0 passed
08.07.2014 18:24:08,430 - INFO  - Watchdog has been checked: 0 passed
08.07.2014 18:26:08,227 - INFO  - Watchdog has been checked: 0 passed
08.07.2014 18:28:08,393 - INFO  - Watchdog has been checked: 0 passed
08.07.2014 18:30:08,451 - INFO  - Watchdog has been checked: 0 passed
08.07.2014 18:32:08,431 - INFO  - Watchdog has been checked: 0 passed
08.07.2014 18:34:08,288 - INFO  - Watchdog has been checked: 0 passed
08.07.2014 18:36:08,297 - INFO  - Watchdog has been checked: 0 passed
08.07.2014 18:38:08,335 - INFO  - Watchdog has been checked: 0 passed
08.07.2014 18:40:08,121 - INFO  - Watchdog has been checked: 0 passed
08.07.2014 18:42:07,065 - INFO  - Watchdog has been checked: 0 passed
08.07.2014 18:44:07,116 - INFO  - Watchdog has been checked: 0 passed
08.07.2014 18:46:07,170 - INFO  - Watchdog has been checked: 0 passed
08.07.2014 18:48:07,149 - INFO  - Watchdog has been checked: 0 passed
08.07.2014 18:50:08,219 - INFO  - Watchdog has been checked: 0 passed
08.07.2014 18:52:08,034 - INFO  - Watchdog has been checked: 0 passed
08.07.2014 18:54:07,065 - INFO  - Watchdog has been checked: 0 passed
08.07.2014 18:56:06,180 - INFO  - Watchdog has been checked: 0 passed
08.07.2014 18:58:06,070 - INFO  - Watchdog has been checked: 0 passed
08.07.2014 19:00:05,186 - INFO  - Watchdog has been checked: 0 passed
08.07.2014 19:02:05,213 - INFO  - Watchdog has been checked: 0 passed
08.07.2014 19:04:05,201 - INFO  - Watchdog has been checked: 0 passed
08.07.2014 19:06:05,051 - INFO  - Watchdog has been checked: 0 passed
08.07.2014 19:08:04,235 - INFO  - Watchdog has been checked: 0 passed
08.07.2014 19:10:04,565 - INFO  - Watchdog has been checked: 0 passed
08.07.2014 19:12:08,310 - INFO  - Watchdog has been checked: 0 passed
08.07.2014 19:14:08,184 - INFO  - Watchdog has been checked: 0 passed
08.07.2014 19:16:07,283 - INFO  - Watchdog has been checked: 0 passed
08.07.2014 19:18:07,304 - INFO  - Watchdog has been checked: 0 passed
08.07.2014 19:20:07,318 - INFO  - Watchdog has been checked: 0 passed
08.07.2014 19:22:07,315 - INFO  - Watchdog has been checked: 0 passed
08.07.2014 19:24:07,312 - INFO  - Watchdog has been checked: 0 passed
08.07.2014 19:26:07,220 - INFO  - Watchdog has been checked: 0 passed
08.07.2014 19:28:07,472 - INFO  - Watchdog has been checked: 0 passed
08.07.2014 19:30:07,231 - INFO  - Watchdog has been checked: 0 passed
08.07.2014 19:32:07,258 - INFO  - Watchdog has been checked: 0 passed
08.07.2014 19:34:07,317 - INFO  - Watchdog has been checked: 0 passed
08.07.2014 19:36:07,392 - INFO  - Watchdog has been checked: 0 passed
08.07.2014 19:38:07,372 - INFO  - Watchdog has been checked: 0 passed
08.07.2014 19:40:07,213 - INFO  - Watchdog has been checked: 0 passed
08.07.2014 19:42:07,235 - INFO  - Watchdog has been checked: 0 passed
08.07.2014 19:44:07,324 - INFO  - Watchdog has been checked: 0 passed
08.07.2014 19:46:07,381 - INFO  - Watchdog has been checked: 0 passed
08.07.2014 19:48:07,407 - INFO  - Watchdog has been checked: 0 passed
08.07.2014 19:50:07,225 - INFO  - Watchdog has been checked: 0 passed
08.07.2014 19:52:08,335 - INFO  - Watchdog has been checked: 0 passed
08.07.2014 19:54:08,446 - INFO  - Watchdog has been checked: 0 passed
08.07.2014 19:56:08,508 - INFO  - Watchdog has been checked: 0 passed
08.07.2014 19:58:08,547 - INFO  - Watchdog has been checked: 0 passed
08.07.2014 20:00:08,316 - INFO  - Watchdog has been checked: 0 passed
08.07.2014 20:02:08,372 - INFO  - Watchdog has been checked: 0 passed
08.07.2014 20:04:08,283 - INFO  - Watchdog has been checked: 0 passed
08.07.2014 20:06:08,367 - INFO  - Watchdog has been checked: 0 passed
08.07.2014 20:08:08,440 - INFO  - Watchdog has been checked: 0 passed
08.07.2014 20:10:08,214 - INFO  - Watchdog has been checked: 0 passed
08.07.2014 20:12:08,198 - INFO  - Watchdog has been checked: 0 passed
08.07.2014 20:14:08,436 - INFO  - Watchdog has been checked: 0 passed
08.07.2014 20:16:08,133 - INFO  - Watchdog has been checked: 0 passed
08.07.2014 20:18:07,138 - INFO  - Watchdog has been checked: 0 passed
08.07.2014 20:20:06,174 - INFO  - Watchdog has been checked: 0 passed
08.07.2014 20:22:07,546 - INFO  - Watchdog has been checked: 0 passed
08.07.2014 20:24:07,280 - INFO  - Watchdog has been checked: 0 passed
08.07.2014 20:26:07,267 - INFO  - Watchdog has been checked: 0 passed
08.07.2014 20:28:07,267 - INFO  - Watchdog has been checked: 0 passed
08.07.2014 20:30:07,049 - INFO  - Watchdog has been checked: 0 passed
08.07.2014 20:32:06,100 - INFO  - Watchdog has been checked: 0 passed
08.07.2014 20:34:06,210 - INFO  - Watchdog has been checked: 0 passed
08.07.2014 20:36:06,251 - INFO  - Watchdog has been checked: 0 passed
08.07.2014 20:38:06,214 - INFO  - Watchdog has been checked: 0 passed
08.07.2014 20:40:06,203 - INFO  - Watchdog has been checked: 0 passed
08.07.2014 20:42:06,307 - INFO  - Watchdog has been checked: 0 passed
08.07.2014 20:44:06,212 - INFO  - Watchdog has been checked: 0 passed
08.07.2014 20:46:06,151 - INFO  - Watchdog has been checked: 0 passed
08.07.2014 20:48:06,095 - INFO  - Watchdog has been checked: 0 passed
08.07.2014 20:50:06,195 - INFO  - Watchdog has been checked: 0 passed
08.07.2014 20:52:06,169 - INFO  - Watchdog has been checked: 0 passed
08.07.2014 20:54:07,378 - INFO  - Watchdog has been checked: 0 passed
08.07.2014 20:56:07,289 - INFO  - Watchdog has been checked: 0 passed
08.07.2014 20:58:07,367 - INFO  - Watchdog has been checked: 0 passed
08.07.2014 21:00:07,179 - INFO  - Watchdog has been checked: 0 passed
08.07.2014 21:02:07,224 - INFO  - Watchdog has been checked: 0 passed
08.07.2014 21:04:07,297 - INFO  - Watchdog has been checked: 0 passed
08.07.2014 21:06:07,305 - INFO  - Watchdog has been checked: 0 passed
08.07.2014 21:08:07,294 - INFO  - Watchdog has been checked: 0 passed
08.07.2014 21:10:07,133 - INFO  - Watchdog has been checked: 0 passed
08.07.2014 21:12:07,215 - INFO  - Watchdog has been checked: 0 passed
08.07.2014 21:14:07,228 - INFO  - Watchdog has been checked: 0 passed
08.07.2014 21:16:07,337 - INFO  - Watchdog has been checked: 0 passed
08.07.2014 21:18:08,391 - INFO  - Watchdog has been checked: 0 passed
08.07.2014 21:20:08,197 - INFO  - Watchdog has been checked: 0 passed
08.07.2014 21:22:08,204 - INFO  - Watchdog has been checked: 0 passed
08.07.2014 21:24:08,271 - INFO  - Watchdog has been checked: 0 passed
08.07.2014 21:26:08,161 - INFO  - Watchdog has been checked: 0 passed
08.07.2014 21:28:07,112 - INFO  - Watchdog has been checked: 0 passed
08.07.2014 21:30:06,241 - INFO  - Watchdog has been checked: 0 passed
08.07.2014 21:32:06,190 - INFO  - Watchdog has been checked: 0 passed
08.07.2014 21:34:06,250 - INFO  - Watchdog has been checked: 0 passed
08.07.2014 21:36:06,102 - INFO  - Watchdog has been checked: 0 passed
08.07.2014 21:38:05,318 - INFO  - Watchdog has been checked: 0 passed
08.07.2014 21:40:05,080 - INFO  - Watchdog has been checked: 0 passed
08.07.2014 21:42:05,137 - INFO  - Watchdog has been checked: 0 passed
08.07.2014 21:44:04,377 - INFO  - Watchdog has been checked: 0 passed
08.07.2014 21:46:04,294 - INFO  - Watchdog has been checked: 0 passed
08.07.2014 21:48:04,182 - INFO  - Watchdog has been checked: 0 passed
08.07.2014 21:50:04,233 - INFO  - Watchdog has been checked: 0 passed
08.07.2014 21:52:04,326 - INFO  - Watchdog has been checked: 0 passed
08.07.2014 21:54:04,270 - INFO  - Watchdog has been checked: 0 passed
08.07.2014 21:56:04,748 - INFO  - Watchdog has been checked: 0 passed
08.07.2014 21:58:04,344 - INFO  - Watchdog has been checked: 0 passed
08.07.2014 22:00:04,369 - INFO  - Watchdog has been checked: 0 passed
08.07.2014 22:02:04,435 - INFO  - Watchdog has been checked: 0 passed
08.07.2014 22:04:04,419 - INFO  - Watchdog has been checked: 0 passed
08.07.2014 22:06:04,243 - INFO  - Watchdog has been checked: 0 passed
08.07.2014 22:08:04,213 - INFO  - Watchdog has been checked: 0 passed
08.07.2014 22:10:04,245 - INFO  - Watchdog has been checked: 0 passed
08.07.2014 22:12:04,327 - INFO  - Watchdog has been checked: 0 passed
08.07.2014 22:14:04,327 - INFO  - Watchdog has been checked: 0 passed
08.07.2014 22:16:04,897 - INFO  - Watchdog has been checked: 0 passed
08.07.2014 22:18:08,297 - INFO  - Watchdog has been checked: 0 passed
08.07.2014 22:20:08,177 - INFO  - Watchdog has been checked: 0 passed
08.07.2014 22:22:08,214 - INFO  - Watchdog has been checked: 0 passed
08.07.2014 22:24:08,205 - INFO  - Watchdog has been checked: 0 passed
08.07.2014 22:26:08,206 - INFO  - Watchdog has been checked: 0 passed
08.07.2014 22:28:08,341 - INFO  - Watchdog has been checked: 0 passed
08.07.2014 22:30:08,271 - INFO  - Watchdog has been checked: 0 passed
08.07.2014 22:32:08,071 - INFO  - Watchdog has been checked: 0 passed
08.07.2014 22:34:07,041 - INFO  - Watchdog has been checked: 0 passed
08.07.2014 22:36:07,175 - INFO  - Watchdog has been checked: 0 passed
08.07.2014 22:38:07,227 - INFO  - Watchdog has been checked: 0 passed
08.07.2014 22:40:07,211 - INFO  - Watchdog has been checked: 0 passed
08.07.2014 22:42:07,212 - INFO  - Watchdog has been checked: 0 passed
08.07.2014 22:44:07,141 - INFO  - Watchdog has been checked: 0 passed
08.07.2014 22:46:07,163 - INFO  - Watchdog has been checked: 0 passed
08.07.2014 22:48:07,249 - INFO  - Watchdog has been checked: 0 passed
08.07.2014 22:50:06,988 - INFO  - Watchdog has been checked: 0 passed
08.07.2014 22:52:07,025 - INFO  - Watchdog has been checked: 0 passed
08.07.2014 22:54:07,244 - INFO  - Watchdog has been checked: 0 passed
08.07.2014 22:56:07,206 - INFO  - Watchdog has been checked: 0 passed
08.07.2014 22:58:08,574 - INFO  - Watchdog has been checked: 0 passed
08.07.2014 23:00:08,120 - INFO  - Watchdog has been checked: 0 passed
08.07.2014 23:02:08,051 - INFO  - Watchdog has been checked: 0 passed
08.07.2014 23:04:07,212 - INFO  - Watchdog has been checked: 0 passed
08.07.2014 23:06:07,147 - INFO  - Watchdog has been checked: 0 passed
08.07.2014 23:08:07,200 - INFO  - Watchdog has been checked: 0 passed
08.07.2014 23:10:07,314 - INFO  - Watchdog has been checked: 0 passed
08.07.2014 23:12:07,263 - INFO  - Watchdog has been checked: 0 passed
08.07.2014 23:14:07,348 - INFO  - Watchdog has been checked: 0 passed
08.07.2014 23:16:07,111 - INFO  - Watchdog has been checked: 0 passed
08.07.2014 23:18:07,147 - INFO  - Watchdog has been checked: 0 passed
08.07.2014 23:20:07,195 - INFO  - Watchdog has been checked: 0 passed
08.07.2014 23:22:07,892 - INFO  - Watchdog has been checked: 0 passed
08.07.2014 23:24:07,261 - INFO  - Watchdog has been checked: 0 passed
08.07.2014 23:26:07,342 - INFO  - Watchdog has been checked: 0 passed
08.07.2014 23:28:07,538 - INFO  - Watchdog has been checked: 0 passed
08.07.2014 23:31:22,254 - INFO  - Watchdog has been checked: 0 passed
08.07.2014 23:31:22,265 - INFO  - Watchdog has been checked: 0 passed
08.07.2014 23:32:07,193 - INFO  - Watchdog has been checked: 0 passed
08.07.2014 23:34:07,282 - INFO  - Watchdog has been checked: 0 passed
08.07.2014 23:36:07,348 - INFO  - Watchdog has been checked: 0 passed
08.07.2014 23:38:07,300 - INFO  - Watchdog has been checked: 0 passed
08.07.2014 23:40:07,173 - INFO  - Watchdog has been checked: 0 passed
08.07.2014 23:42:07,138 - INFO  - Watchdog has been checked: 0 passed
08.07.2014 23:44:06,179 - INFO  - Watchdog has been checked: 0 passed
08.07.2014 23:46:06,134 - INFO  - Watchdog has been checked: 0 passed
08.07.2014 23:48:06,136 - INFO  - Watchdog has been checked: 0 passed
08.07.2014 23:50:06,288 - INFO  - Watchdog has been checked: 0 passed
08.07.2014 23:52:06,253 - INFO  - Watchdog has been checked: 0 passed
08.07.2014 23:54:06,319 - INFO  - Watchdog has been checked: 0 passed
08.07.2014 23:56:06,242 - INFO  - Watchdog has been checked: 0 passed
08.07.2014 23:58:06,155 - INFO  - Watchdog has been checked: 0 passed
