30.06.2014 00:00:43,846 - INFO  - Watchdog has been checked: 0 passed
30.06.2014 00:02:43,230 - INFO  - Watchdog has been checked: 0 passed
30.06.2014 00:04:43,051 - INFO  - Watchdog has been checked: 0 passed
30.06.2014 00:06:42,309 - INFO  - Watchdog has been checked: 0 passed
30.06.2014 00:08:42,378 - INFO  - Watchdog has been checked: 0 passed
30.06.2014 00:10:42,221 - INFO  - Watchdog has been checked: 0 passed
30.06.2014 00:12:42,223 - INFO  - Watchdog has been checked: 0 passed
30.06.2014 00:14:42,369 - INFO  - Watchdog has been checked: 0 passed
30.06.2014 00:16:42,445 - INFO  - Watchdog has been checked: 0 passed
30.06.2014 00:18:42,381 - INFO  - Watchdog has been checked: 0 passed
30.06.2014 00:20:42,315 - INFO  - Watchdog has been checked: 0 passed
30.06.2014 00:22:42,212 - INFO  - Watchdog has been checked: 0 passed
30.06.2014 00:24:42,362 - INFO  - Watchdog has been checked: 0 passed
30.06.2014 00:26:42,429 - INFO  - Watchdog has been checked: 0 passed
30.06.2014 00:28:42,430 - INFO  - Watchdog has been checked: 0 passed
30.06.2014 00:30:42,389 - INFO  - Watchdog has been checked: 0 passed
30.06.2014 00:32:42,351 - INFO  - Watchdog has been checked: 0 passed
30.06.2014 00:34:42,439 - INFO  - Watchdog has been checked: 0 passed
30.06.2014 00:36:42,419 - INFO  - Watchdog has been checked: 0 passed
30.06.2014 00:38:42,419 - INFO  - Watchdog has been checked: 0 passed
30.06.2014 00:40:42,388 - INFO  - Watchdog has been checked: 0 passed
30.06.2014 00:42:42,346 - INFO  - Watchdog has been checked: 0 passed
30.06.2014 00:44:42,449 - INFO  - Watchdog has been checked: 0 passed
30.06.2014 00:46:42,421 - INFO  - Watchdog has been checked: 0 passed
30.06.2014 00:48:45,683 - INFO  - Watchdog has been checked: 0 passed
30.06.2014 00:50:45,380 - INFO  - Watchdog has been checked: 0 passed
30.06.2014 00:52:45,374 - INFO  - Watchdog has been checked: 0 passed
30.06.2014 00:54:45,441 - INFO  - Watchdog has been checked: 0 passed
30.06.2014 00:56:45,473 - INFO  - Watchdog has been checked: 0 passed
30.06.2014 00:58:45,432 - INFO  - Watchdog has been checked: 0 passed
30.06.2014 01:00:45,354 - INFO  - Watchdog has been checked: 0 passed
30.06.2014 01:02:45,378 - INFO  - Watchdog has been checked: 0 passed
30.06.2014 01:04:45,471 - INFO  - Watchdog has been checked: 0 passed
30.06.2014 01:06:45,344 - INFO  - Watchdog has been checked: 0 passed
30.06.2014 01:08:45,272 - INFO  - Watchdog has been checked: 0 passed
30.06.2014 01:10:45,418 - INFO  - Watchdog has been checked: 0 passed
30.06.2014 01:12:45,236 - INFO  - Watchdog has been checked: 0 passed
30.06.2014 01:14:45,274 - INFO  - Watchdog has been checked: 0 passed
30.06.2014 01:16:45,277 - INFO  - Watchdog has been checked: 0 passed
30.06.2014 01:18:45,024 - INFO  - Watchdog has been checked: 0 passed
30.06.2014 01:20:44,187 - INFO  - Watchdog has been checked: 0 passed
30.06.2014 01:22:44,178 - INFO  - Watchdog has been checked: 0 passed
30.06.2014 01:24:44,013 - INFO  - Watchdog has been checked: 0 passed
30.06.2014 01:26:43,065 - INFO  - Watchdog has been checked: 0 passed
30.06.2014 01:28:42,039 - INFO  - Watchdog has been checked: 0 passed
30.06.2014 01:30:41,155 - INFO  - Watchdog has been checked: 0 passed
30.06.2014 01:32:41,224 - INFO  - Watchdog has been checked: 0 passed
30.06.2014 01:34:40,989 - INFO  - Watchdog has been checked: 0 passed
30.06.2014 01:36:40,030 - INFO  - Watchdog has been checked: 0 passed
30.06.2014 01:38:39,035 - INFO  - Watchdog has been checked: 0 passed
30.06.2014 01:40:38,229 - INFO  - Watchdog has been checked: 0 passed
30.06.2014 01:42:38,216 - INFO  - Watchdog has been checked: 0 passed
30.06.2014 01:44:38,230 - INFO  - Watchdog has been checked: 0 passed
30.06.2014 01:46:38,242 - INFO  - Watchdog has been checked: 0 passed
30.06.2014 01:48:38,238 - INFO  - Watchdog has been checked: 0 passed
30.06.2014 01:50:38,144 - INFO  - Watchdog has been checked: 0 passed
30.06.2014 01:52:37,137 - INFO  - Watchdog has been checked: 0 passed
30.06.2014 01:54:36,184 - INFO  - Watchdog has been checked: 0 passed
30.06.2014 01:56:36,249 - INFO  - Watchdog has been checked: 0 passed
30.06.2014 01:58:36,265 - INFO  - Watchdog has been checked: 0 passed
30.06.2014 02:00:36,170 - INFO  - Watchdog has been checked: 0 passed
30.06.2014 02:02:36,202 - INFO  - Watchdog has been checked: 0 passed
30.06.2014 02:04:36,295 - INFO  - Watchdog has been checked: 0 passed
30.06.2014 02:06:36,337 - INFO  - Watchdog has been checked: 0 passed
30.06.2014 02:08:36,367 - INFO  - Watchdog has been checked: 0 passed
30.06.2014 02:10:36,291 - INFO  - Watchdog has been checked: 0 passed
30.06.2014 02:12:36,314 - INFO  - Watchdog has been checked: 0 passed
30.06.2014 02:14:36,375 - INFO  - Watchdog has been checked: 0 passed
30.06.2014 02:16:36,407 - INFO  - Watchdog has been checked: 0 passed
30.06.2014 02:18:36,172 - INFO  - Watchdog has been checked: 0 passed
30.06.2014 02:20:36,312 - INFO  - Watchdog has been checked: 0 passed
30.06.2014 02:22:36,307 - INFO  - Watchdog has been checked: 0 passed
30.06.2014 02:24:36,139 - INFO  - Watchdog has been checked: 0 passed
30.06.2014 02:26:36,408 - INFO  - Watchdog has been checked: 0 passed
30.06.2014 02:28:36,183 - INFO  - Watchdog has been checked: 0 passed
30.06.2014 02:30:36,406 - INFO  - Watchdog has been checked: 0 passed
30.06.2014 02:32:36,384 - INFO  - Watchdog has been checked: 0 passed
30.06.2014 02:34:36,222 - INFO  - Watchdog has been checked: 0 passed
30.06.2014 02:36:36,470 - INFO  - Watchdog has been checked: 0 passed
30.06.2014 02:38:36,383 - INFO  - Watchdog has been checked: 0 passed
30.06.2014 02:40:36,309 - INFO  - Watchdog has been checked: 0 passed
30.06.2014 02:42:36,317 - INFO  - Watchdog has been checked: 0 passed
30.06.2014 02:44:36,411 - INFO  - Watchdog has been checked: 0 passed
30.06.2014 02:46:36,355 - INFO  - Watchdog has been checked: 0 passed
30.06.2014 02:48:36,320 - INFO  - Watchdog has been checked: 0 passed
30.06.2014 02:50:36,261 - INFO  - Watchdog has been checked: 0 passed
30.06.2014 02:52:36,206 - INFO  - Watchdog has been checked: 0 passed
30.06.2014 02:54:36,025 - INFO  - Watchdog has been checked: 0 passed
30.06.2014 02:56:35,054 - INFO  - Watchdog has been checked: 0 passed
30.06.2014 02:58:33,919 - INFO  - Watchdog has been checked: 0 passed
30.06.2014 03:00:33,103 - INFO  - Watchdog has been checked: 0 passed
30.06.2014 03:02:32,083 - INFO  - Watchdog has been checked: 0 passed
30.06.2014 03:04:31,149 - INFO  - Watchdog has been checked: 0 passed
30.06.2014 03:06:30,140 - INFO  - Watchdog has been checked: 0 passed
30.06.2014 03:08:29,141 - INFO  - Watchdog has been checked: 0 passed
30.06.2014 03:10:28,122 - INFO  - Watchdog has been checked: 0 passed
30.06.2014 03:12:27,095 - INFO  - Watchdog has been checked: 0 passed
30.06.2014 03:14:26,218 - INFO  - Watchdog has been checked: 0 passed
30.06.2014 03:16:26,267 - INFO  - Watchdog has been checked: 0 passed
30.06.2014 03:18:25,253 - INFO  - Watchdog has been checked: 0 passed
30.06.2014 03:20:25,210 - INFO  - Watchdog has been checked: 0 passed
30.06.2014 03:22:25,157 - INFO  - Watchdog has been checked: 0 passed
30.06.2014 03:24:25,232 - INFO  - Watchdog has been checked: 0 passed
30.06.2014 03:26:25,292 - INFO  - Watchdog has been checked: 0 passed
30.06.2014 03:28:25,299 - INFO  - Watchdog has been checked: 0 passed
30.06.2014 03:30:25,352 - INFO  - Watchdog has been checked: 0 passed
30.06.2014 03:32:25,305 - INFO  - Watchdog has been checked: 0 passed
30.06.2014 03:34:25,364 - INFO  - Watchdog has been checked: 0 passed
30.06.2014 03:36:25,353 - INFO  - Watchdog has been checked: 0 passed
30.06.2014 03:38:25,356 - INFO  - Watchdog has been checked: 0 passed
30.06.2014 03:40:25,299 - INFO  - Watchdog has been checked: 0 passed
30.06.2014 03:42:25,264 - INFO  - Watchdog has been checked: 0 passed
30.06.2014 03:44:25,308 - INFO  - Watchdog has been checked: 0 passed
30.06.2014 03:46:25,322 - INFO  - Watchdog has been checked: 0 passed
30.06.2014 03:48:25,016 - INFO  - Watchdog has been checked: 0 passed
30.06.2014 03:50:24,175 - INFO  - Watchdog has been checked: 0 passed
30.06.2014 03:52:23,890 - INFO  - Watchdog has been checked: 0 passed
30.06.2014 03:54:22,997 - INFO  - Watchdog has been checked: 0 passed
30.06.2014 03:56:22,033 - INFO  - Watchdog has been checked: 0 passed
30.06.2014 03:58:21,199 - INFO  - Watchdog has been checked: 0 passed
30.06.2014 04:00:21,138 - INFO  - Watchdog has been checked: 0 passed
30.06.2014 04:02:21,132 - INFO  - Watchdog has been checked: 0 passed
30.06.2014 04:04:21,180 - INFO  - Watchdog has been checked: 0 passed
30.06.2014 04:06:21,226 - INFO  - Watchdog has been checked: 0 passed
30.06.2014 04:08:21,015 - INFO  - Watchdog has been checked: 0 passed
30.06.2014 04:10:20,203 - INFO  - Watchdog has been checked: 0 passed
30.06.2014 04:12:20,181 - INFO  - Watchdog has been checked: 0 passed
30.06.2014 04:14:20,198 - INFO  - Watchdog has been checked: 0 passed
30.06.2014 04:16:20,326 - INFO  - Watchdog has been checked: 0 passed
30.06.2014 04:18:20,315 - INFO  - Watchdog has been checked: 0 passed
30.06.2014 04:20:20,232 - INFO  - Watchdog has been checked: 0 passed
30.06.2014 04:22:20,265 - INFO  - Watchdog has been checked: 0 passed
30.06.2014 04:24:20,297 - INFO  - Watchdog has been checked: 0 passed
30.06.2014 04:26:20,329 - INFO  - Watchdog has been checked: 0 passed
30.06.2014 04:28:20,345 - INFO  - Watchdog has been checked: 0 passed
30.06.2014 04:30:20,239 - INFO  - Watchdog has been checked: 0 passed
30.06.2014 04:32:20,307 - INFO  - Watchdog has been checked: 0 passed
30.06.2014 04:34:20,374 - INFO  - Watchdog has been checked: 0 passed
30.06.2014 04:36:20,411 - INFO  - Watchdog has been checked: 0 passed
30.06.2014 04:38:20,441 - INFO  - Watchdog has been checked: 0 passed
30.06.2014 04:40:20,341 - INFO  - Watchdog has been checked: 0 passed
30.06.2014 04:42:20,368 - INFO  - Watchdog has been checked: 0 passed
30.06.2014 04:44:20,435 - INFO  - Watchdog has been checked: 0 passed
30.06.2014 04:46:20,404 - INFO  - Watchdog has been checked: 0 passed
30.06.2014 04:48:20,482 - INFO  - Watchdog has been checked: 0 passed
30.06.2014 04:50:20,341 - INFO  - Watchdog has been checked: 0 passed
30.06.2014 04:52:20,308 - INFO  - Watchdog has been checked: 0 passed
30.06.2014 04:54:20,429 - INFO  - Watchdog has been checked: 0 passed
30.06.2014 04:56:20,410 - INFO  - Watchdog has been checked: 0 passed
30.06.2014 04:58:20,165 - INFO  - Watchdog has been checked: 0 passed
30.06.2014 05:00:20,343 - INFO  - Watchdog has been checked: 0 passed
30.06.2014 05:02:20,273 - INFO  - Watchdog has been checked: 0 passed
30.06.2014 05:04:20,283 - INFO  - Watchdog has been checked: 0 passed
30.06.2014 05:06:20,254 - INFO  - Watchdog has been checked: 0 passed
30.06.2014 05:08:20,037 - INFO  - Watchdog has been checked: 0 passed
30.06.2014 05:10:20,242 - INFO  - Watchdog has been checked: 0 passed
30.06.2014 05:12:20,234 - INFO  - Watchdog has been checked: 0 passed
30.06.2014 05:14:20,043 - INFO  - Watchdog has been checked: 0 passed
30.06.2014 05:16:19,036 - INFO  - Watchdog has been checked: 0 passed
30.06.2014 05:18:18,002 - INFO  - Watchdog has been checked: 0 passed
30.06.2014 05:20:16,967 - INFO  - Watchdog has been checked: 0 passed
30.06.2014 05:22:16,246 - INFO  - Watchdog has been checked: 0 passed
30.06.2014 05:24:16,042 - INFO  - Watchdog has been checked: 0 passed
30.06.2014 05:26:15,160 - INFO  - Watchdog has been checked: 0 passed
30.06.2014 05:28:15,237 - INFO  - Watchdog has been checked: 0 passed
30.06.2014 05:30:14,998 - INFO  - Watchdog has been checked: 0 passed
30.06.2014 05:32:14,259 - INFO  - Watchdog has been checked: 0 passed
30.06.2014 05:34:14,091 - INFO  - Watchdog has been checked: 0 passed
30.06.2014 05:36:14,257 - INFO  - Watchdog has been checked: 0 passed
30.06.2014 05:38:14,006 - INFO  - Watchdog has been checked: 0 passed
30.06.2014 05:40:13,228 - INFO  - Watchdog has been checked: 0 passed
30.06.2014 05:42:13,202 - INFO  - Watchdog has been checked: 0 passed
30.06.2014 05:44:13,254 - INFO  - Watchdog has been checked: 0 passed
30.06.2014 05:46:13,099 - INFO  - Watchdog has been checked: 0 passed
30.06.2014 05:48:14,716 - INFO  - Watchdog has been checked: 0 passed
30.06.2014 05:50:14,287 - INFO  - Watchdog has been checked: 0 passed
30.06.2014 05:52:14,240 - INFO  - Watchdog has been checked: 0 passed
30.06.2014 05:54:14,278 - INFO  - Watchdog has been checked: 0 passed
30.06.2014 05:56:14,365 - INFO  - Watchdog has been checked: 0 passed
30.06.2014 05:58:14,317 - INFO  - Watchdog has been checked: 0 passed
30.06.2014 06:00:14,299 - INFO  - Watchdog has been checked: 0 passed
30.06.2014 06:02:14,287 - INFO  - Watchdog has been checked: 0 passed
30.06.2014 06:04:14,365 - INFO  - Watchdog has been checked: 0 passed
30.06.2014 06:06:14,168 - INFO  - Watchdog has been checked: 0 passed
30.06.2014 06:08:14,468 - INFO  - Watchdog has been checked: 0 passed
30.06.2014 06:10:14,377 - INFO  - Watchdog has been checked: 0 passed
30.06.2014 06:12:14,444 - INFO  - Watchdog has been checked: 0 passed
30.06.2014 06:14:14,230 - INFO  - Watchdog has been checked: 0 passed
30.06.2014 06:15:01,248 - INFO  - mapping file sync started
30.06.2014 06:15:01,828 - INFO  - file successfully updated
30.06.2014 06:16:14,288 - INFO  - Watchdog has been checked: 0 passed
30.06.2014 06:18:14,356 - INFO  - Watchdog has been checked: 0 passed
30.06.2014 06:20:14,270 - INFO  - Watchdog has been checked: 0 passed
30.06.2014 06:22:14,499 - INFO  - Watchdog has been checked: 0 passed
30.06.2014 06:24:14,293 - INFO  - Watchdog has been checked: 0 passed
30.06.2014 06:26:14,350 - INFO  - Watchdog has been checked: 0 passed
30.06.2014 06:28:14,435 - INFO  - Watchdog has been checked: 0 passed
30.06.2014 06:30:14,371 - INFO  - Watchdog has been checked: 0 passed
30.06.2014 06:32:14,405 - INFO  - Watchdog has been checked: 0 passed
30.06.2014 06:34:14,400 - INFO  - Watchdog has been checked: 0 passed
30.06.2014 06:36:14,447 - INFO  - Watchdog has been checked: 0 passed
30.06.2014 06:38:14,357 - INFO  - Watchdog has been checked: 0 passed
30.06.2014 06:40:14,339 - INFO  - Watchdog has been checked: 0 passed
30.06.2014 06:42:14,305 - INFO  - Watchdog has been checked: 0 passed
30.06.2014 06:44:14,179 - INFO  - Watchdog has been checked: 0 passed
30.06.2014 06:46:13,255 - INFO  - Watchdog has been checked: 0 passed
30.06.2014 06:48:13,294 - INFO  - Watchdog has been checked: 0 passed
30.06.2014 06:50:13,247 - INFO  - Watchdog has been checked: 0 passed
30.06.2014 06:52:13,249 - INFO  - Watchdog has been checked: 0 passed
30.06.2014 06:54:13,245 - INFO  - Watchdog has been checked: 0 passed
30.06.2014 06:56:13,244 - INFO  - Watchdog has been checked: 0 passed
30.06.2014 06:58:13,219 - INFO  - Watchdog has been checked: 0 passed
30.06.2014 07:00:13,201 - INFO  - Watchdog has been checked: 0 passed
30.06.2014 07:02:13,194 - INFO  - Watchdog has been checked: 0 passed
30.06.2014 07:04:13,232 - INFO  - Watchdog has been checked: 0 passed
30.06.2014 07:06:13,271 - INFO  - Watchdog has been checked: 0 passed
30.06.2014 07:08:13,285 - INFO  - Watchdog has been checked: 0 passed
30.06.2014 07:10:13,172 - INFO  - Watchdog has been checked: 0 passed
30.06.2014 07:12:13,151 - INFO  - Watchdog has been checked: 0 passed
30.06.2014 07:14:13,168 - INFO  - Watchdog has been checked: 0 passed
30.06.2014 07:15:01,466 - INFO  - mapping file sync started
30.06.2014 07:15:01,920 - INFO  - file successfully updated
30.06.2014 07:16:16,217 - INFO  - Watchdog has been checked: 0 passed
30.06.2014 07:18:16,287 - INFO  - Watchdog has been checked: 0 passed
30.06.2014 07:20:16,216 - INFO  - Watchdog has been checked: 0 passed
30.06.2014 07:22:16,235 - INFO  - Watchdog has been checked: 0 passed
30.06.2014 07:24:16,289 - INFO  - Watchdog has been checked: 0 passed
30.06.2014 07:26:16,292 - INFO  - Watchdog has been checked: 0 passed
30.06.2014 07:28:16,337 - INFO  - Watchdog has been checked: 0 passed
30.06.2014 07:30:16,255 - INFO  - Watchdog has been checked: 0 passed
30.06.2014 07:32:16,255 - INFO  - Watchdog has been checked: 0 passed
30.06.2014 07:34:16,317 - INFO  - Watchdog has been checked: 0 passed
30.06.2014 07:36:16,314 - INFO  - Watchdog has been checked: 0 passed
30.06.2014 07:38:16,356 - INFO  - Watchdog has been checked: 0 passed
30.06.2014 07:40:16,305 - INFO  - Watchdog has been checked: 0 passed
30.06.2014 07:42:16,317 - INFO  - Watchdog has been checked: 0 passed
30.06.2014 07:44:16,440 - INFO  - Watchdog has been checked: 0 passed
30.06.2014 07:46:16,186 - INFO  - Watchdog has been checked: 0 passed
30.06.2014 07:48:16,216 - INFO  - Watchdog has been checked: 0 passed
30.06.2014 07:50:16,380 - INFO  - Watchdog has been checked: 0 passed
30.06.2014 07:52:16,353 - INFO  - Watchdog has been checked: 0 passed
30.06.2014 07:54:16,170 - INFO  - Watchdog has been checked: 0 passed
30.06.2014 07:56:16,233 - INFO  - Watchdog has been checked: 0 passed
30.06.2014 07:58:16,250 - INFO  - Watchdog has been checked: 0 passed
30.06.2014 08:00:16,235 - INFO  - Watchdog has been checked: 0 passed
30.06.2014 08:02:16,420 - INFO  - Watchdog has been checked: 0 passed
30.06.2014 08:04:16,250 - INFO  - Watchdog has been checked: 0 passed
30.06.2014 08:06:16,283 - INFO  - Watchdog has been checked: 0 passed
30.06.2014 08:08:16,358 - INFO  - Watchdog has been checked: 0 passed
30.06.2014 08:10:16,279 - INFO  - Watchdog has been checked: 0 passed
30.06.2014 08:12:16,186 - INFO  - Watchdog has been checked: 0 passed
30.06.2014 08:14:16,315 - INFO  - Watchdog has been checked: 0 passed
30.06.2014 08:16:16,300 - INFO  - Watchdog has been checked: 0 passed
30.06.2014 08:18:16,306 - INFO  - Watchdog has been checked: 0 passed
30.06.2014 08:20:16,259 - INFO  - Watchdog has been checked: 0 passed
30.06.2014 08:22:16,300 - INFO  - Watchdog has been checked: 0 passed
30.06.2014 08:24:16,305 - INFO  - Watchdog has been checked: 0 passed
30.06.2014 08:26:16,046 - INFO  - Watchdog has been checked: 0 passed
30.06.2014 08:28:15,048 - INFO  - Watchdog has been checked: 0 passed
30.06.2014 08:30:14,242 - INFO  - Watchdog has been checked: 0 passed
30.06.2014 08:32:14,219 - INFO  - Watchdog has been checked: 0 passed
30.06.2014 08:34:14,028 - INFO  - Watchdog has been checked: 0 passed
30.06.2014 08:35:59,097 - INFO  - searcher identified --- respT: 48ms, 83768 results, q=, 
30.06.2014 08:36:08,021 - INFO  - searcher identified --- respT: 45ms, 25 results, q=sl6 updated, 
30.06.2014 08:36:08,907 - INFO  - searcher identified --- respT: 47ms, 25 results, q=sl6 updated, 
30.06.2014 08:36:13,110 - INFO  - Watchdog has been checked: 0 passed
30.06.2014 08:36:34,307 - INFO  - searcher identified --- respT: 116ms, 88 results, q=sl5 updated, 
30.06.2014 08:36:34,884 - INFO  - searcher identified --- respT: 86ms, 88 results, q=sl5 updated, 
30.06.2014 08:36:37,376 - INFO  - searcher identified --- respT: 54ms, 242 results, q=sl5 update, 
30.06.2014 08:36:37,851 - INFO  - searcher identified --- respT: 57ms, 242 results, q=sl5 update, 
30.06.2014 08:36:41,098 - INFO  - searcher identified --- respT: 22ms, 1 results, web:(PSIWeb), q=sl5 update, 
30.06.2014 08:36:50,132 - INFO  - searcher identified --- respT: 29ms, 35 results, web:(PSIWeb), q=os update, 
30.06.2014 08:36:50,798 - INFO  - searcher identified --- respT: 30ms, 35 results, web:(PSIWeb), q=os update, 
30.06.2014 08:38:12,032 - INFO  - Watchdog has been checked: 0 passed
30.06.2014 08:40:11,148 - INFO  - Watchdog has been checked: 0 passed
30.06.2014 08:42:11,158 - INFO  - Watchdog has been checked: 0 passed
30.06.2014 08:44:11,200 - INFO  - Watchdog has been checked: 0 passed
30.06.2014 08:46:11,024 - INFO  - Watchdog has been checked: 0 passed
30.06.2014 08:48:11,271 - INFO  - Watchdog has been checked: 0 passed
30.06.2014 08:50:11,179 - INFO  - Watchdog has been checked: 0 passed
30.06.2014 08:52:11,252 - INFO  - Watchdog has been checked: 0 passed
30.06.2014 08:54:11,176 - INFO  - Watchdog has been checked: 0 passed
30.06.2014 08:56:11,230 - INFO  - Watchdog has been checked: 0 passed
30.06.2014 08:58:11,247 - INFO  - Watchdog has been checked: 0 passed
30.06.2014 09:00:11,220 - INFO  - Watchdog has been checked: 0 passed
30.06.2014 09:02:11,190 - INFO  - Watchdog has been checked: 0 passed
30.06.2014 09:04:11,229 - INFO  - Watchdog has been checked: 0 passed
30.06.2014 09:06:11,300 - INFO  - Watchdog has been checked: 0 passed
30.06.2014 09:08:11,323 - INFO  - Watchdog has been checked: 0 passed
30.06.2014 09:10:11,318 - INFO  - Watchdog has been checked: 0 passed
30.06.2014 09:12:11,303 - INFO  - Watchdog has been checked: 0 passed
30.06.2014 09:14:11,335 - INFO  - Watchdog has been checked: 0 passed
30.06.2014 09:16:11,129 - INFO  - Watchdog has been checked: 0 passed
30.06.2014 09:18:11,136 - INFO  - Watchdog has been checked: 0 passed
30.06.2014 09:20:11,310 - INFO  - Watchdog has been checked: 0 passed
30.06.2014 09:22:11,312 - INFO  - Watchdog has been checked: 0 passed
30.06.2014 09:24:11,359 - INFO  - Watchdog has been checked: 0 passed
30.06.2014 09:26:11,203 - INFO  - Watchdog has been checked: 0 passed
30.06.2014 09:28:11,308 - INFO  - Watchdog has been checked: 0 passed
30.06.2014 09:30:11,348 - INFO  - Watchdog has been checked: 0 passed
30.06.2014 09:32:11,350 - INFO  - Watchdog has been checked: 0 passed
30.06.2014 09:34:11,138 - INFO  - Watchdog has been checked: 0 passed
30.06.2014 09:36:11,197 - INFO  - Watchdog has been checked: 0 passed
30.06.2014 09:38:11,209 - INFO  - Watchdog has been checked: 0 passed
30.06.2014 09:40:11,380 - INFO  - Watchdog has been checked: 0 passed
30.06.2014 09:42:11,440 - INFO  - Watchdog has been checked: 0 passed
30.06.2014 09:44:11,230 - INFO  - Watchdog has been checked: 0 passed
30.06.2014 09:46:11,270 - INFO  - Watchdog has been checked: 0 passed
30.06.2014 09:48:11,277 - INFO  - Watchdog has been checked: 0 passed
30.06.2014 09:50:11,488 - INFO  - Watchdog has been checked: 0 passed
30.06.2014 09:52:11,476 - INFO  - Watchdog has been checked: 0 passed
30.06.2014 09:54:11,296 - INFO  - Watchdog has been checked: 0 passed
30.06.2014 09:56:11,317 - INFO  - Watchdog has been checked: 0 passed
30.06.2014 09:58:11,332 - INFO  - Watchdog has been checked: 0 passed
30.06.2014 10:00:11,513 - INFO  - Watchdog has been checked: 0 passed
30.06.2014 10:02:11,507 - INFO  - Watchdog has been checked: 0 passed
30.06.2014 10:04:11,286 - INFO  - Watchdog has been checked: 0 passed
30.06.2014 10:06:11,330 - INFO  - Watchdog has been checked: 0 passed
30.06.2014 10:08:11,358 - INFO  - Watchdog has been checked: 0 passed
30.06.2014 10:10:11,267 - INFO  - Watchdog has been checked: 0 passed
30.06.2014 10:12:11,226 - INFO  - Watchdog has been checked: 0 passed
30.06.2014 10:14:11,303 - INFO  - Watchdog has been checked: 0 passed
30.06.2014 10:16:11,360 - INFO  - Watchdog has been checked: 0 passed
30.06.2014 10:18:11,340 - INFO  - Watchdog has been checked: 0 passed
30.06.2014 10:20:11,308 - INFO  - Watchdog has been checked: 0 passed
30.06.2014 10:22:11,233 - INFO  - Watchdog has been checked: 0 passed
30.06.2014 10:24:11,015 - INFO  - Watchdog has been checked: 0 passed
30.06.2014 10:26:10,043 - INFO  - Watchdog has been checked: 0 passed
30.06.2014 10:28:09,041 - INFO  - Watchdog has been checked: 0 passed
30.06.2014 10:30:07,965 - INFO  - Watchdog has been checked: 0 passed
30.06.2014 10:32:07,086 - INFO  - Watchdog has been checked: 0 passed
30.06.2014 10:34:06,074 - INFO  - Watchdog has been checked: 0 passed
30.06.2014 10:36:05,145 - INFO  - Watchdog has been checked: 0 passed
30.06.2014 10:38:05,127 - INFO  - Watchdog has been checked: 0 passed
30.06.2014 10:40:05,244 - INFO  - Watchdog has been checked: 0 passed
30.06.2014 10:42:05,276 - INFO  - Watchdog has been checked: 0 passed
30.06.2014 10:44:05,330 - INFO  - Watchdog has been checked: 0 passed
30.06.2014 10:46:05,136 - INFO  - Watchdog has been checked: 0 passed
30.06.2014 10:48:05,126 - INFO  - Watchdog has been checked: 0 passed
30.06.2014 10:50:04,303 - INFO  - Watchdog has been checked: 0 passed
30.06.2014 10:52:04,513 - INFO  - Watchdog has been checked: 0 passed
30.06.2014 10:54:04,097 - INFO  - Watchdog has been checked: 0 passed
30.06.2014 10:56:04,240 - INFO  - Watchdog has been checked: 0 passed
30.06.2014 10:58:04,180 - INFO  - Watchdog has been checked: 0 passed
30.06.2014 11:00:04,355 - INFO  - Watchdog has been checked: 0 passed
30.06.2014 11:02:04,186 - INFO  - Watchdog has been checked: 0 passed
30.06.2014 11:04:04,208 - INFO  - Watchdog has been checked: 0 passed
30.06.2014 11:06:04,310 - INFO  - Watchdog has been checked: 0 passed
30.06.2014 11:08:04,332 - INFO  - Watchdog has been checked: 0 passed
30.06.2014 11:10:04,247 - INFO  - Watchdog has been checked: 0 passed
30.06.2014 11:12:04,280 - INFO  - Watchdog has been checked: 0 passed
30.06.2014 11:14:04,328 - INFO  - Watchdog has been checked: 0 passed
30.06.2014 11:16:04,160 - INFO  - Watchdog has been checked: 0 passed
30.06.2014 11:18:04,159 - INFO  - Watchdog has been checked: 0 passed
30.06.2014 11:20:04,287 - INFO  - Watchdog has been checked: 0 passed
30.06.2014 11:22:04,364 - INFO  - Watchdog has been checked: 0 passed
30.06.2014 11:24:04,317 - INFO  - Watchdog has been checked: 0 passed
30.06.2014 11:26:04,170 - INFO  - Watchdog has been checked: 0 passed
30.06.2014 11:28:04,176 - INFO  - Watchdog has been checked: 0 passed
30.06.2014 11:30:04,224 - INFO  - Watchdog has been checked: 0 passed
30.06.2014 11:32:04,182 - INFO  - Watchdog has been checked: 0 passed
30.06.2014 11:34:04,185 - INFO  - Watchdog has been checked: 0 passed
30.06.2014 11:36:04,071 - INFO  - Watchdog has been checked: 0 passed
30.06.2014 11:38:04,073 - INFO  - Watchdog has been checked: 0 passed
30.06.2014 11:40:03,206 - INFO  - Watchdog has been checked: 0 passed
30.06.2014 11:42:03,236 - INFO  - Watchdog has been checked: 0 passed
30.06.2014 11:44:03,245 - INFO  - Watchdog has been checked: 0 passed
30.06.2014 11:46:03,077 - INFO  - Watchdog has been checked: 0 passed
30.06.2014 11:48:03,079 - INFO  - Watchdog has been checked: 0 passed
30.06.2014 11:50:03,249 - INFO  - Watchdog has been checked: 0 passed
30.06.2014 11:52:03,093 - INFO  - Watchdog has been checked: 0 passed
30.06.2014 11:54:02,070 - INFO  - Watchdog has been checked: 0 passed
30.06.2014 11:56:01,130 - INFO  - Watchdog has been checked: 0 passed
30.06.2014 11:58:01,182 - INFO  - Watchdog has been checked: 0 passed
30.06.2014 12:00:01,317 - INFO  - Watchdog has been checked: 0 passed
30.06.2014 12:02:01,145 - INFO  - Watchdog has been checked: 0 passed
30.06.2014 12:04:00,280 - INFO  - Watchdog has been checked: 0 passed
30.06.2014 12:06:00,129 - INFO  - Watchdog has been checked: 0 passed
30.06.2014 12:07:59,161 - INFO  - Watchdog has been checked: 0 passed
30.06.2014 12:09:58,297 - INFO  - Watchdog has been checked: 0 passed
30.06.2014 12:11:58,196 - INFO  - Watchdog has been checked: 0 passed
30.06.2014 12:13:57,238 - INFO  - Watchdog has been checked: 0 passed
30.06.2014 12:15:56,263 - INFO  - Watchdog has been checked: 0 passed
30.06.2014 12:17:56,295 - INFO  - Watchdog has been checked: 0 passed
30.06.2014 12:19:56,348 - INFO  - Watchdog has been checked: 0 passed
30.06.2014 12:21:56,359 - INFO  - Watchdog has been checked: 0 passed
30.06.2014 12:23:56,377 - INFO  - Watchdog has been checked: 0 passed
30.06.2014 12:25:59,446 - INFO  - Watchdog has been checked: 0 passed
30.06.2014 12:27:34,759 - INFO  - searcher identified --- respT: 82ms, 72093 results, q=, 
30.06.2014 12:27:42,220 - INFO  - searcher identified --- respT: 21ms, 344 results, q=PC Supporter, 
30.06.2014 12:27:45,418 - INFO  - searcher identified --- respT: 19ms, 74 results, q=PC Supporter Lichtsteiner, 
30.06.2014 12:27:55,450 - INFO  - searcher identified --- respT: 38ms, 41 results, web:(AIT), q=PC Supporter Lichtsteiner, 
30.06.2014 12:27:59,252 - INFO  - Watchdog has been checked: 0 passed
30.06.2014 12:28:28,031 - INFO  - searcher identified --- respT: 60ms, 256 results, web:(AIT), q=PC Supporte, 
30.06.2014 12:28:30,401 - INFO  - searcher identified --- respT: 35ms, 108 results, web:(AIT), q=PC Supporter Meeting, 
30.06.2014 12:29:59,389 - INFO  - Watchdog has been checked: 0 passed
30.06.2014 12:31:59,354 - INFO  - Watchdog has been checked: 0 passed
30.06.2014 12:33:59,243 - INFO  - Watchdog has been checked: 0 passed
30.06.2014 12:35:59,284 - INFO  - Watchdog has been checked: 0 passed
30.06.2014 12:37:59,261 - INFO  - Watchdog has been checked: 0 passed
30.06.2014 12:39:59,183 - INFO  - Watchdog has been checked: 0 passed
30.06.2014 12:41:59,137 - INFO  - Watchdog has been checked: 0 passed
30.06.2014 12:43:59,150 - INFO  - Watchdog has been checked: 0 passed
30.06.2014 12:45:59,211 - INFO  - Watchdog has been checked: 0 passed
30.06.2014 12:47:59,188 - INFO  - Watchdog has been checked: 0 passed
30.06.2014 12:49:59,113 - INFO  - Watchdog has been checked: 0 passed
30.06.2014 12:51:59,224 - INFO  - Watchdog has been checked: 0 passed
30.06.2014 12:53:59,144 - INFO  - Watchdog has been checked: 0 passed
30.06.2014 12:55:59,221 - INFO  - Watchdog has been checked: 0 passed
30.06.2014 12:57:59,234 - INFO  - Watchdog has been checked: 0 passed
30.06.2014 12:59:59,088 - INFO  - Watchdog has been checked: 0 passed
30.06.2014 13:01:59,107 - INFO  - Watchdog has been checked: 0 passed
30.06.2014 13:03:59,146 - INFO  - Watchdog has been checked: 0 passed
30.06.2014 13:05:59,239 - INFO  - Watchdog has been checked: 0 passed
30.06.2014 13:07:59,284 - INFO  - Watchdog has been checked: 0 passed
30.06.2014 13:09:59,166 - INFO  - Watchdog has been checked: 0 passed
30.06.2014 13:11:59,190 - INFO  - Watchdog has been checked: 0 passed
30.06.2014 13:13:59,201 - INFO  - Watchdog has been checked: 0 passed
30.06.2014 13:15:59,259 - INFO  - Watchdog has been checked: 0 passed
30.06.2014 13:17:59,404 - INFO  - Watchdog has been checked: 0 passed
30.06.2014 13:19:59,233 - INFO  - Watchdog has been checked: 0 passed
30.06.2014 13:21:59,232 - INFO  - Watchdog has been checked: 0 passed
30.06.2014 13:23:59,241 - INFO  - Watchdog has been checked: 0 passed
30.06.2014 13:25:59,309 - INFO  - Watchdog has been checked: 0 passed
30.06.2014 13:27:59,149 - INFO  - Watchdog has been checked: 0 passed
30.06.2014 13:29:59,271 - INFO  - Watchdog has been checked: 0 passed
30.06.2014 13:31:59,322 - INFO  - Watchdog has been checked: 0 passed
30.06.2014 13:33:59,320 - INFO  - Watchdog has been checked: 0 passed
30.06.2014 13:35:59,139 - INFO  - Watchdog has been checked: 0 passed
30.06.2014 13:37:59,210 - INFO  - Watchdog has been checked: 0 passed
30.06.2014 13:39:59,265 - INFO  - Watchdog has been checked: 0 passed
30.06.2014 13:41:59,365 - INFO  - Watchdog has been checked: 0 passed
30.06.2014 13:43:59,342 - INFO  - Watchdog has been checked: 0 passed
30.06.2014 13:45:59,190 - INFO  - Watchdog has been checked: 0 passed
30.06.2014 13:47:59,251 - INFO  - Watchdog has been checked: 0 passed
30.06.2014 13:49:59,121 - INFO  - Watchdog has been checked: 0 passed
30.06.2014 13:51:58,089 - INFO  - Watchdog has been checked: 0 passed
30.06.2014 13:53:57,109 - INFO  - Watchdog has been checked: 0 passed
30.06.2014 13:55:57,182 - INFO  - Watchdog has been checked: 0 passed
30.06.2014 13:57:57,171 - INFO  - Watchdog has been checked: 0 passed
30.06.2014 13:59:57,294 - INFO  - Watchdog has been checked: 0 passed
30.06.2014 14:01:57,031 - INFO  - Watchdog has been checked: 0 passed
30.06.2014 14:03:56,063 - INFO  - Watchdog has been checked: 0 passed
30.06.2014 14:05:55,158 - INFO  - Watchdog has been checked: 0 passed
30.06.2014 14:07:55,343 - INFO  - Watchdog has been checked: 0 passed
30.06.2014 14:09:55,316 - INFO  - Watchdog has been checked: 0 passed
30.06.2014 14:11:55,318 - INFO  - Watchdog has been checked: 0 passed
30.06.2014 14:13:55,333 - INFO  - Watchdog has been checked: 0 passed
30.06.2014 14:15:55,148 - INFO  - Watchdog has been checked: 0 passed
30.06.2014 14:17:54,136 - INFO  - Watchdog has been checked: 0 passed
30.06.2014 14:19:53,315 - INFO  - Watchdog has been checked: 0 passed
30.06.2014 14:21:53,301 - INFO  - Watchdog has been checked: 0 passed
30.06.2014 14:23:53,288 - INFO  - Watchdog has been checked: 0 passed
30.06.2014 14:25:53,108 - INFO  - Watchdog has been checked: 0 passed
30.06.2014 14:27:53,089 - INFO  - Watchdog has been checked: 0 passed
30.06.2014 14:29:53,246 - INFO  - Watchdog has been checked: 0 passed
30.06.2014 14:31:53,232 - INFO  - Watchdog has been checked: 0 passed
30.06.2014 14:33:53,257 - INFO  - Watchdog has been checked: 0 passed
30.06.2014 14:35:53,079 - INFO  - Watchdog has been checked: 0 passed
30.06.2014 14:37:53,102 - INFO  - Watchdog has been checked: 0 passed
30.06.2014 14:39:53,265 - INFO  - Watchdog has been checked: 0 passed
30.06.2014 14:41:53,279 - INFO  - Watchdog has been checked: 0 passed
30.06.2014 14:43:53,272 - INFO  - Watchdog has been checked: 0 passed
30.06.2014 14:45:53,124 - INFO  - Watchdog has been checked: 0 passed
30.06.2014 14:47:53,127 - INFO  - Watchdog has been checked: 0 passed
30.06.2014 14:49:53,381 - INFO  - Watchdog has been checked: 0 passed
30.06.2014 14:51:53,318 - INFO  - Watchdog has been checked: 0 passed
30.06.2014 14:53:53,336 - INFO  - Watchdog has been checked: 0 passed
30.06.2014 14:55:53,146 - INFO  - Watchdog has been checked: 0 passed
30.06.2014 14:57:53,143 - INFO  - Watchdog has been checked: 0 passed
30.06.2014 14:59:53,222 - INFO  - Watchdog has been checked: 0 passed
30.06.2014 15:01:53,273 - INFO  - Watchdog has been checked: 0 passed
30.06.2014 15:03:53,375 - INFO  - Watchdog has been checked: 0 passed
30.06.2014 15:05:53,181 - INFO  - Watchdog has been checked: 0 passed
30.06.2014 15:07:53,172 - INFO  - Watchdog has been checked: 0 passed
30.06.2014 15:09:53,342 - INFO  - Watchdog has been checked: 0 passed
30.06.2014 15:11:53,364 - INFO  - Watchdog has been checked: 0 passed
30.06.2014 15:13:53,380 - INFO  - Watchdog has been checked: 0 passed
30.06.2014 15:15:53,198 - INFO  - Watchdog has been checked: 0 passed
30.06.2014 15:17:53,212 - INFO  - Watchdog has been checked: 0 passed
30.06.2014 15:19:53,348 - INFO  - Watchdog has been checked: 0 passed
30.06.2014 15:21:53,367 - INFO  - Watchdog has been checked: 0 passed
30.06.2014 15:23:53,375 - INFO  - Watchdog has been checked: 0 passed
30.06.2014 15:25:53,182 - INFO  - Watchdog has been checked: 0 passed
30.06.2014 15:27:53,202 - INFO  - Watchdog has been checked: 0 passed
30.06.2014 15:29:53,359 - INFO  - Watchdog has been checked: 0 passed
30.06.2014 15:31:53,382 - INFO  - Watchdog has been checked: 0 passed
30.06.2014 15:33:53,160 - INFO  - Watchdog has been checked: 0 passed
30.06.2014 15:35:53,202 - INFO  - Watchdog has been checked: 0 passed
30.06.2014 15:37:53,216 - INFO  - Watchdog has been checked: 0 passed
30.06.2014 15:39:53,170 - INFO  - Watchdog has been checked: 0 passed
30.06.2014 15:41:53,131 - INFO  - Watchdog has been checked: 0 passed
30.06.2014 15:43:53,114 - INFO  - Watchdog has been checked: 0 passed
30.06.2014 15:45:53,112 - INFO  - Watchdog has been checked: 0 passed
30.06.2014 15:47:53,142 - INFO  - Watchdog has been checked: 0 passed
30.06.2014 15:49:53,013 - INFO  - Watchdog has been checked: 0 passed
30.06.2014 15:51:52,014 - INFO  - Watchdog has been checked: 0 passed
30.06.2014 15:53:51,062 - INFO  - Watchdog has been checked: 0 passed
30.06.2014 15:55:50,117 - INFO  - Watchdog has been checked: 0 passed
30.06.2014 15:57:50,210 - INFO  - Watchdog has been checked: 0 passed
30.06.2014 15:59:50,035 - INFO  - Watchdog has been checked: 0 passed
30.06.2014 16:01:49,055 - INFO  - Watchdog has been checked: 0 passed
30.06.2014 16:03:48,035 - INFO  - Watchdog has been checked: 0 passed
30.06.2014 16:05:47,144 - INFO  - Watchdog has been checked: 0 passed
30.06.2014 16:07:47,145 - INFO  - Watchdog has been checked: 0 passed
30.06.2014 16:09:47,064 - INFO  - Watchdog has been checked: 0 passed
30.06.2014 16:11:47,069 - INFO  - Watchdog has been checked: 0 passed
30.06.2014 16:13:46,076 - INFO  - Watchdog has been checked: 0 passed
30.06.2014 16:15:45,167 - INFO  - Watchdog has been checked: 0 passed
30.06.2014 16:17:45,141 - INFO  - Watchdog has been checked: 0 passed
30.06.2014 16:19:45,262 - INFO  - Watchdog has been checked: 0 passed
30.06.2014 16:21:45,262 - INFO  - Watchdog has been checked: 0 passed
30.06.2014 16:23:45,310 - INFO  - Watchdog has been checked: 0 passed
30.06.2014 16:25:45,127 - INFO  - Watchdog has been checked: 0 passed
30.06.2014 16:27:45,366 - INFO  - Watchdog has been checked: 0 passed
30.06.2014 16:29:45,289 - INFO  - Watchdog has been checked: 0 passed
30.06.2014 16:31:45,293 - INFO  - Watchdog has been checked: 0 passed
30.06.2014 16:33:45,292 - INFO  - Watchdog has been checked: 0 passed
30.06.2014 16:35:45,140 - INFO  - Watchdog has been checked: 0 passed
30.06.2014 16:37:45,229 - INFO  - Watchdog has been checked: 0 passed
30.06.2014 16:39:45,397 - INFO  - Watchdog has been checked: 0 passed
30.06.2014 16:41:45,374 - INFO  - Watchdog has been checked: 0 passed
30.06.2014 16:43:45,315 - INFO  - Watchdog has been checked: 0 passed
30.06.2014 16:45:45,232 - INFO  - Watchdog has been checked: 0 passed
30.06.2014 16:47:45,227 - INFO  - Watchdog has been checked: 0 passed
30.06.2014 16:49:45,360 - INFO  - Watchdog has been checked: 0 passed
30.06.2014 16:51:45,075 - INFO  - Watchdog has been checked: 0 passed
30.06.2014 16:53:45,077 - INFO  - Watchdog has been checked: 0 passed
30.06.2014 16:55:45,209 - INFO  - Watchdog has been checked: 0 passed
30.06.2014 16:57:45,187 - INFO  - Watchdog has been checked: 0 passed
30.06.2014 16:59:45,393 - INFO  - Watchdog has been checked: 0 passed
30.06.2014 17:01:45,295 - INFO  - Watchdog has been checked: 0 passed
30.06.2014 17:03:45,276 - INFO  - Watchdog has been checked: 0 passed
30.06.2014 17:05:45,179 - INFO  - Watchdog has been checked: 0 passed
30.06.2014 17:07:45,139 - INFO  - Watchdog has been checked: 0 passed
30.06.2014 17:09:45,309 - INFO  - Watchdog has been checked: 0 passed
30.06.2014 17:11:45,045 - INFO  - Watchdog has been checked: 0 passed
30.06.2014 17:13:45,037 - INFO  - Watchdog has been checked: 0 passed
30.06.2014 17:15:44,125 - INFO  - Watchdog has been checked: 0 passed
30.06.2014 17:17:44,084 - INFO  - Watchdog has been checked: 0 passed
30.06.2014 17:19:44,055 - INFO  - Watchdog has been checked: 0 passed
30.06.2014 17:21:43,012 - INFO  - Watchdog has been checked: 0 passed
30.06.2014 17:23:42,037 - INFO  - Watchdog has been checked: 0 passed
30.06.2014 17:25:41,112 - INFO  - Watchdog has been checked: 0 passed
30.06.2014 17:27:41,025 - INFO  - Watchdog has been checked: 0 passed
30.06.2014 17:29:40,177 - INFO  - Watchdog has been checked: 0 passed
30.06.2014 17:31:40,186 - INFO  - Watchdog has been checked: 0 passed
30.06.2014 17:33:40,248 - INFO  - Watchdog has been checked: 0 passed
30.06.2014 17:35:40,006 - INFO  - Watchdog has been checked: 0 passed
30.06.2014 17:37:39,051 - INFO  - Watchdog has been checked: 0 passed
30.06.2014 17:39:41,898 - INFO  - Watchdog has been checked: 0 passed
30.06.2014 17:41:41,277 - INFO  - Watchdog has been checked: 0 passed
30.06.2014 17:43:41,272 - INFO  - Watchdog has been checked: 0 passed
30.06.2014 17:45:41,143 - INFO  - Watchdog has been checked: 0 passed
30.06.2014 17:47:40,311 - INFO  - Watchdog has been checked: 0 passed
30.06.2014 17:49:40,254 - INFO  - Watchdog has been checked: 0 passed
30.06.2014 17:51:40,259 - INFO  - Watchdog has been checked: 0 passed
30.06.2014 17:53:40,235 - INFO  - Watchdog has been checked: 0 passed
30.06.2014 17:55:40,302 - INFO  - Watchdog has been checked: 0 passed
30.06.2014 17:57:40,212 - INFO  - Watchdog has been checked: 0 passed
30.06.2014 17:59:40,272 - INFO  - Watchdog has been checked: 0 passed
30.06.2014 18:01:40,418 - INFO  - Watchdog has been checked: 0 passed
30.06.2014 18:03:40,307 - INFO  - Watchdog has been checked: 0 passed
30.06.2014 18:05:40,341 - INFO  - Watchdog has been checked: 0 passed
30.06.2014 18:07:40,390 - INFO  - Watchdog has been checked: 0 passed
30.06.2014 18:09:40,309 - INFO  - Watchdog has been checked: 0 passed
30.06.2014 18:11:40,246 - INFO  - Watchdog has been checked: 0 passed
30.06.2014 18:13:40,330 - INFO  - Watchdog has been checked: 0 passed
30.06.2014 18:15:40,383 - INFO  - Watchdog has been checked: 0 passed
30.06.2014 18:17:40,335 - INFO  - Watchdog has been checked: 0 passed
30.06.2014 18:19:40,294 - INFO  - Watchdog has been checked: 0 passed
30.06.2014 18:21:40,273 - INFO  - Watchdog has been checked: 0 passed
30.06.2014 18:23:40,334 - INFO  - Watchdog has been checked: 0 passed
30.06.2014 18:25:40,417 - INFO  - Watchdog has been checked: 0 passed
30.06.2014 18:27:40,397 - INFO  - Watchdog has been checked: 0 passed
30.06.2014 18:29:40,328 - INFO  - Watchdog has been checked: 0 passed
30.06.2014 18:31:40,533 - INFO  - Watchdog has been checked: 0 passed
30.06.2014 18:33:40,142 - INFO  - Watchdog has been checked: 0 passed
30.06.2014 18:35:40,184 - INFO  - Watchdog has been checked: 0 passed
30.06.2014 18:37:40,209 - INFO  - Watchdog has been checked: 0 passed
30.06.2014 18:39:40,130 - INFO  - Watchdog has been checked: 0 passed
30.06.2014 18:41:41,413 - INFO  - Watchdog has been checked: 0 passed
30.06.2014 18:43:41,102 - INFO  - Watchdog has been checked: 0 passed
30.06.2014 18:45:40,151 - INFO  - Watchdog has been checked: 0 passed
30.06.2014 18:47:40,107 - INFO  - Watchdog has been checked: 0 passed
30.06.2014 18:49:40,027 - INFO  - Watchdog has been checked: 0 passed
30.06.2014 18:51:39,042 - INFO  - Watchdog has been checked: 0 passed
30.06.2014 18:53:38,018 - INFO  - Watchdog has been checked: 0 passed
30.06.2014 18:55:37,083 - INFO  - Watchdog has been checked: 0 passed
30.06.2014 18:57:37,052 - INFO  - Watchdog has been checked: 0 passed
30.06.2014 18:59:36,240 - INFO  - Watchdog has been checked: 0 passed
30.06.2014 19:01:36,198 - INFO  - Watchdog has been checked: 0 passed
30.06.2014 19:03:36,201 - INFO  - Watchdog has been checked: 0 passed
30.06.2014 19:05:36,075 - INFO  - Watchdog has been checked: 0 passed
30.06.2014 19:07:35,042 - INFO  - Watchdog has been checked: 0 passed
30.06.2014 19:09:34,204 - INFO  - Watchdog has been checked: 0 passed
30.06.2014 19:11:34,245 - INFO  - Watchdog has been checked: 0 passed
30.06.2014 19:13:34,181 - INFO  - Watchdog has been checked: 0 passed
30.06.2014 19:15:34,336 - INFO  - Watchdog has been checked: 0 passed
30.06.2014 19:17:34,294 - INFO  - Watchdog has been checked: 0 passed
30.06.2014 19:19:34,243 - INFO  - Watchdog has been checked: 0 passed
30.06.2014 19:21:34,195 - INFO  - Watchdog has been checked: 0 passed
30.06.2014 19:23:34,190 - INFO  - Watchdog has been checked: 0 passed
30.06.2014 19:25:34,258 - INFO  - Watchdog has been checked: 0 passed
30.06.2014 19:27:34,204 - INFO  - Watchdog has been checked: 0 passed
30.06.2014 19:29:34,415 - INFO  - Watchdog has been checked: 0 passed
30.06.2014 19:31:34,163 - INFO  - Watchdog has been checked: 0 passed
30.06.2014 19:33:34,285 - INFO  - Watchdog has been checked: 0 passed
30.06.2014 19:35:34,419 - INFO  - Watchdog has been checked: 0 passed
30.06.2014 19:37:34,429 - INFO  - Watchdog has been checked: 0 passed
30.06.2014 19:39:34,312 - INFO  - Watchdog has been checked: 0 passed
30.06.2014 19:41:34,341 - INFO  - Watchdog has been checked: 0 passed
30.06.2014 19:43:34,375 - INFO  - Watchdog has been checked: 0 passed
30.06.2014 19:45:34,530 - INFO  - Watchdog has been checked: 0 passed
30.06.2014 19:47:34,433 - INFO  - Watchdog has been checked: 0 passed
30.06.2014 19:49:34,349 - INFO  - Watchdog has been checked: 0 passed
30.06.2014 19:51:34,387 - INFO  - Watchdog has been checked: 0 passed
30.06.2014 19:53:34,318 - INFO  - Watchdog has been checked: 0 passed
30.06.2014 19:55:34,388 - INFO  - Watchdog has been checked: 0 passed
30.06.2014 19:57:34,341 - INFO  - Watchdog has been checked: 0 passed
30.06.2014 19:59:34,271 - INFO  - Watchdog has been checked: 0 passed
30.06.2014 20:01:34,339 - INFO  - Watchdog has been checked: 0 passed
30.06.2014 20:03:34,303 - INFO  - Watchdog has been checked: 0 passed
30.06.2014 20:05:34,430 - INFO  - Watchdog has been checked: 0 passed
30.06.2014 20:07:34,404 - INFO  - Watchdog has been checked: 0 passed
30.06.2014 20:09:34,324 - INFO  - Watchdog has been checked: 0 passed
30.06.2014 20:11:34,335 - INFO  - Watchdog has been checked: 0 passed
30.06.2014 20:13:34,273 - INFO  - Watchdog has been checked: 0 passed
30.06.2014 20:15:34,123 - INFO  - Watchdog has been checked: 0 passed
30.06.2014 20:17:34,148 - INFO  - Watchdog has been checked: 0 passed
30.06.2014 20:19:33,225 - INFO  - Watchdog has been checked: 0 passed
30.06.2014 20:21:33,031 - INFO  - Watchdog has been checked: 0 passed
30.06.2014 20:23:32,004 - INFO  - Watchdog has been checked: 0 passed
30.06.2014 20:25:31,106 - INFO  - Watchdog has been checked: 0 passed
30.06.2014 20:27:31,152 - INFO  - Watchdog has been checked: 0 passed
30.06.2014 20:29:31,056 - INFO  - Watchdog has been checked: 0 passed
30.06.2014 20:31:30,053 - INFO  - Watchdog has been checked: 0 passed
30.06.2014 20:33:29,039 - INFO  - Watchdog has been checked: 0 passed
30.06.2014 20:35:28,090 - INFO  - Watchdog has been checked: 0 passed
30.06.2014 20:37:27,134 - INFO  - Watchdog has been checked: 0 passed
30.06.2014 20:39:27,004 - INFO  - Watchdog has been checked: 0 passed
30.06.2014 20:41:26,060 - INFO  - Watchdog has been checked: 0 passed
30.06.2014 20:43:26,103 - INFO  - Watchdog has been checked: 0 passed
30.06.2014 20:45:26,181 - INFO  - Watchdog has been checked: 0 passed
30.06.2014 20:47:26,134 - INFO  - Watchdog has been checked: 0 passed
30.06.2014 20:49:26,301 - INFO  - Watchdog has been checked: 0 passed
30.06.2014 20:51:26,282 - INFO  - Watchdog has been checked: 0 passed
30.06.2014 20:53:26,309 - INFO  - Watchdog has been checked: 0 passed
30.06.2014 20:55:26,207 - INFO  - Watchdog has been checked: 0 passed
30.06.2014 20:57:26,090 - INFO  - Watchdog has been checked: 0 passed
30.06.2014 20:59:26,323 - INFO  - Watchdog has been checked: 0 passed
30.06.2014 21:01:26,318 - INFO  - Watchdog has been checked: 0 passed
30.06.2014 21:03:26,073 - INFO  - Watchdog has been checked: 0 passed
30.06.2014 21:05:26,310 - INFO  - Watchdog has been checked: 0 passed
30.06.2014 21:07:26,288 - INFO  - Watchdog has been checked: 0 passed
30.06.2014 21:09:26,223 - INFO  - Watchdog has been checked: 0 passed
30.06.2014 21:11:26,208 - INFO  - Watchdog has been checked: 0 passed
30.06.2014 21:13:26,234 - INFO  - Watchdog has been checked: 0 passed
30.06.2014 21:15:26,364 - INFO  - Watchdog has been checked: 0 passed
30.06.2014 21:17:26,235 - INFO  - Watchdog has been checked: 0 passed
30.06.2014 21:19:26,364 - INFO  - Watchdog has been checked: 0 passed
30.06.2014 21:21:26,111 - INFO  - Watchdog has been checked: 0 passed
30.06.2014 21:23:25,156 - INFO  - Watchdog has been checked: 0 passed
30.06.2014 21:25:25,242 - INFO  - Watchdog has been checked: 0 passed
30.06.2014 21:27:25,228 - INFO  - Watchdog has been checked: 0 passed
30.06.2014 21:29:25,166 - INFO  - Watchdog has been checked: 0 passed
30.06.2014 21:31:25,169 - INFO  - Watchdog has been checked: 0 passed
30.06.2014 21:33:25,100 - INFO  - Watchdog has been checked: 0 passed
30.06.2014 21:35:25,234 - INFO  - Watchdog has been checked: 0 passed
30.06.2014 21:37:25,250 - INFO  - Watchdog has been checked: 0 passed
30.06.2014 21:39:25,160 - INFO  - Watchdog has been checked: 0 passed
30.06.2014 21:41:25,170 - INFO  - Watchdog has been checked: 0 passed
30.06.2014 21:43:25,155 - INFO  - Watchdog has been checked: 0 passed
30.06.2014 21:45:25,287 - INFO  - Watchdog has been checked: 0 passed
30.06.2014 21:47:25,212 - INFO  - Watchdog has been checked: 0 passed
30.06.2014 21:49:25,169 - INFO  - Watchdog has been checked: 0 passed
30.06.2014 21:51:25,176 - INFO  - Watchdog has been checked: 0 passed
30.06.2014 21:53:25,153 - INFO  - Watchdog has been checked: 0 passed
30.06.2014 21:55:25,283 - INFO  - Watchdog has been checked: 0 passed
30.06.2014 21:57:25,214 - INFO  - Watchdog has been checked: 0 passed
30.06.2014 21:59:25,082 - INFO  - Watchdog has been checked: 0 passed
30.06.2014 22:01:25,137 - INFO  - Watchdog has been checked: 0 passed
30.06.2014 22:03:25,160 - INFO  - Watchdog has been checked: 0 passed
30.06.2014 22:05:25,301 - INFO  - Watchdog has been checked: 0 passed
30.06.2014 22:07:25,265 - INFO  - Watchdog has been checked: 0 passed
30.06.2014 22:09:25,136 - INFO  - Watchdog has been checked: 0 passed
30.06.2014 22:11:25,220 - INFO  - Watchdog has been checked: 0 passed
30.06.2014 22:13:25,193 - INFO  - Watchdog has been checked: 0 passed
30.06.2014 22:15:25,319 - INFO  - Watchdog has been checked: 0 passed
30.06.2014 22:17:25,276 - INFO  - Watchdog has been checked: 0 passed
30.06.2014 22:19:25,144 - INFO  - Watchdog has been checked: 0 passed
30.06.2014 22:21:25,248 - INFO  - Watchdog has been checked: 0 passed
30.06.2014 22:23:25,141 - INFO  - Watchdog has been checked: 0 passed
30.06.2014 22:25:25,241 - INFO  - Watchdog has been checked: 0 passed
30.06.2014 22:27:25,293 - INFO  - Watchdog has been checked: 0 passed
30.06.2014 22:29:25,388 - INFO  - Watchdog has been checked: 0 passed
30.06.2014 22:31:25,343 - INFO  - Watchdog has been checked: 0 passed
30.06.2014 22:33:25,252 - INFO  - Watchdog has been checked: 0 passed
30.06.2014 22:35:25,298 - INFO  - Watchdog has been checked: 0 passed
30.06.2014 22:37:25,337 - INFO  - Watchdog has been checked: 0 passed
30.06.2014 22:39:25,188 - INFO  - Watchdog has been checked: 0 passed
30.06.2014 22:41:25,250 - INFO  - Watchdog has been checked: 0 passed
30.06.2014 22:43:25,254 - INFO  - Watchdog has been checked: 0 passed
30.06.2014 22:45:25,315 - INFO  - Watchdog has been checked: 0 passed
30.06.2014 22:47:25,437 - INFO  - Watchdog has been checked: 0 passed
30.06.2014 22:49:25,250 - INFO  - Watchdog has been checked: 0 passed
30.06.2014 22:51:25,231 - INFO  - Watchdog has been checked: 0 passed
30.06.2014 22:53:25,267 - INFO  - Watchdog has been checked: 0 passed
30.06.2014 22:55:25,112 - INFO  - Watchdog has been checked: 0 passed
30.06.2014 22:57:24,277 - INFO  - Watchdog has been checked: 0 passed
30.06.2014 22:59:24,219 - INFO  - Watchdog has been checked: 0 passed
30.06.2014 23:01:24,192 - INFO  - Watchdog has been checked: 0 passed
30.06.2014 23:03:24,205 - INFO  - Watchdog has been checked: 0 passed
30.06.2014 23:05:24,103 - INFO  - Watchdog has been checked: 0 passed
30.06.2014 23:07:24,096 - INFO  - Watchdog has been checked: 0 passed
30.06.2014 23:09:24,221 - INFO  - Watchdog has been checked: 0 passed
30.06.2014 23:11:24,244 - INFO  - Watchdog has been checked: 0 passed
30.06.2014 23:13:24,301 - INFO  - Watchdog has been checked: 0 passed
30.06.2014 23:15:24,137 - INFO  - Watchdog has been checked: 0 passed
30.06.2014 23:17:24,080 - INFO  - Watchdog has been checked: 0 passed
30.06.2014 23:19:24,221 - INFO  - Watchdog has been checked: 0 passed
30.06.2014 23:21:24,223 - INFO  - Watchdog has been checked: 0 passed
30.06.2014 23:23:24,073 - INFO  - Watchdog has been checked: 0 passed
30.06.2014 23:25:24,185 - INFO  - Watchdog has been checked: 0 passed
30.06.2014 23:27:24,071 - INFO  - Watchdog has been checked: 0 passed
30.06.2014 23:29:24,314 - INFO  - Watchdog has been checked: 0 passed
30.06.2014 23:31:24,253 - INFO  - Watchdog has been checked: 0 passed
30.06.2014 23:33:24,343 - INFO  - Watchdog has been checked: 0 passed
30.06.2014 23:35:24,182 - INFO  - Watchdog has been checked: 0 passed
30.06.2014 23:37:24,140 - INFO  - Watchdog has been checked: 0 passed
30.06.2014 23:39:24,361 - INFO  - Watchdog has been checked: 0 passed
30.06.2014 23:41:24,362 - INFO  - Watchdog has been checked: 0 passed
30.06.2014 23:43:24,412 - INFO  - Watchdog has been checked: 0 passed
30.06.2014 23:45:24,234 - INFO  - Watchdog has been checked: 0 passed
30.06.2014 23:47:24,181 - INFO  - Watchdog has been checked: 0 passed
30.06.2014 23:49:24,376 - INFO  - Watchdog has been checked: 0 passed
30.06.2014 23:51:24,364 - INFO  - Watchdog has been checked: 0 passed
30.06.2014 23:53:24,094 - INFO  - Watchdog has been checked: 0 passed
30.06.2014 23:55:23,181 - INFO  - Watchdog has been checked: 0 passed
30.06.2014 23:57:23,162 - INFO  - Watchdog has been checked: 0 passed
30.06.2014 23:59:23,324 - INFO  - Watchdog has been checked: 0 passed
