17.07.2014 00:01:28,103 - INFO  - Watchdog has been checked: 0 passed
17.07.2014 00:03:28,196 - INFO  - Watchdog has been checked: 0 passed
17.07.2014 00:05:28,212 - INFO  - Watchdog has been checked: 0 passed
17.07.2014 00:07:28,095 - INFO  - Watchdog has been checked: 0 passed
17.07.2014 00:09:28,250 - INFO  - Watchdog has been checked: 0 passed
17.07.2014 00:11:28,123 - INFO  - Watchdog has been checked: 0 passed
17.07.2014 00:13:27,153 - INFO  - Watchdog has been checked: 0 passed
17.07.2014 00:15:27,253 - INFO  - Watchdog has been checked: 0 passed
17.07.2014 00:17:27,243 - INFO  - Watchdog has been checked: 0 passed
17.07.2014 00:19:27,143 - INFO  - Watchdog has been checked: 0 passed
17.07.2014 00:21:27,273 - INFO  - Watchdog has been checked: 0 passed
17.07.2014 00:23:27,140 - INFO  - Watchdog has been checked: 0 passed
17.07.2014 00:25:27,116 - INFO  - Watchdog has been checked: 0 passed
17.07.2014 00:27:27,113 - INFO  - Watchdog has been checked: 0 passed
17.07.2014 00:29:27,295 - INFO  - Watchdog has been checked: 0 passed
17.07.2014 00:31:27,206 - INFO  - Watchdog has been checked: 0 passed
17.07.2014 00:33:28,182 - INFO  - Watchdog has been checked: 0 passed
17.07.2014 00:35:28,086 - INFO  - Watchdog has been checked: 0 passed
17.07.2014 00:37:28,145 - INFO  - Watchdog has been checked: 0 passed
17.07.2014 00:39:28,163 - INFO  - Watchdog has been checked: 0 passed
17.07.2014 00:41:28,566 - INFO  - Watchdog has been checked: 0 passed
17.07.2014 00:43:28,170 - INFO  - Watchdog has been checked: 0 passed
17.07.2014 00:45:28,281 - INFO  - Watchdog has been checked: 0 passed
17.07.2014 00:47:28,338 - INFO  - Watchdog has been checked: 0 passed
17.07.2014 00:49:28,049 - INFO  - Watchdog has been checked: 0 passed
17.07.2014 00:51:27,301 - INFO  - Watchdog has been checked: 0 passed
17.07.2014 00:53:28,388 - INFO  - Watchdog has been checked: 0 passed
17.07.2014 00:55:28,193 - INFO  - Watchdog has been checked: 0 passed
17.07.2014 00:57:28,249 - INFO  - Watchdog has been checked: 0 passed
17.07.2014 00:59:28,321 - INFO  - Watchdog has been checked: 0 passed
17.07.2014 01:01:28,315 - INFO  - Watchdog has been checked: 0 passed
17.07.2014 01:03:28,347 - INFO  - Watchdog has been checked: 0 passed
17.07.2014 01:05:28,192 - INFO  - Watchdog has been checked: 0 passed
17.07.2014 01:07:28,253 - INFO  - Watchdog has been checked: 0 passed
17.07.2014 01:09:28,304 - INFO  - Watchdog has been checked: 0 passed
17.07.2014 01:11:28,340 - INFO  - Watchdog has been checked: 0 passed
17.07.2014 01:13:28,333 - INFO  - Watchdog has been checked: 0 passed
17.07.2014 01:15:28,462 - INFO  - Watchdog has been checked: 0 passed
17.07.2014 01:17:28,482 - INFO  - Watchdog has been checked: 0 passed
17.07.2014 01:19:28,312 - INFO  - Watchdog has been checked: 0 passed
17.07.2014 01:21:28,517 - INFO  - Watchdog has been checked: 0 passed
17.07.2014 01:23:28,205 - INFO  - Watchdog has been checked: 0 passed
17.07.2014 01:25:28,335 - INFO  - Watchdog has been checked: 0 passed
17.07.2014 01:27:28,340 - INFO  - Watchdog has been checked: 0 passed
17.07.2014 01:29:28,151 - INFO  - Watchdog has been checked: 0 passed
17.07.2014 01:31:28,390 - INFO  - Watchdog has been checked: 0 passed
17.07.2014 01:33:28,095 - INFO  - Watchdog has been checked: 0 passed
17.07.2014 01:35:27,938 - INFO  - Watchdog has been checked: 0 passed
17.07.2014 01:37:27,177 - INFO  - Watchdog has been checked: 0 passed
17.07.2014 01:39:27,178 - INFO  - Watchdog has been checked: 0 passed
17.07.2014 01:41:27,152 - INFO  - Watchdog has been checked: 0 passed
17.07.2014 01:43:28,176 - INFO  - Watchdog has been checked: 0 passed
17.07.2014 01:45:28,070 - INFO  - Watchdog has been checked: 0 passed
17.07.2014 01:47:27,151 - INFO  - Watchdog has been checked: 0 passed
17.07.2014 01:49:27,312 - INFO  - Watchdog has been checked: 0 passed
17.07.2014 01:51:27,170 - INFO  - Watchdog has been checked: 0 passed
17.07.2014 01:53:27,230 - INFO  - Watchdog has been checked: 0 passed
17.07.2014 01:55:28,287 - INFO  - Watchdog has been checked: 0 passed
17.07.2014 01:57:28,159 - INFO  - Watchdog has been checked: 0 passed
17.07.2014 01:59:28,175 - INFO  - Watchdog has been checked: 0 passed
17.07.2014 02:01:28,186 - INFO  - Watchdog has been checked: 0 passed
17.07.2014 02:03:28,245 - INFO  - Watchdog has been checked: 0 passed
17.07.2014 02:05:28,314 - INFO  - Watchdog has been checked: 0 passed
17.07.2014 02:07:28,127 - INFO  - Watchdog has been checked: 0 passed
17.07.2014 02:09:28,122 - INFO  - Watchdog has been checked: 0 passed
17.07.2014 02:11:28,402 - INFO  - Watchdog has been checked: 0 passed
17.07.2014 02:13:28,224 - INFO  - Watchdog has been checked: 0 passed
17.07.2014 02:15:28,261 - INFO  - Watchdog has been checked: 0 passed
17.07.2014 02:17:28,333 - INFO  - Watchdog has been checked: 0 passed
17.07.2014 02:19:28,676 - INFO  - Watchdog has been checked: 0 passed
17.07.2014 02:21:28,358 - INFO  - Watchdog has been checked: 0 passed
17.07.2014 02:23:28,218 - INFO  - Watchdog has been checked: 0 passed
17.07.2014 02:25:28,230 - INFO  - Watchdog has been checked: 0 passed
17.07.2014 02:27:28,360 - INFO  - Watchdog has been checked: 0 passed
17.07.2014 02:29:28,555 - INFO  - Watchdog has been checked: 0 passed
17.07.2014 02:31:28,403 - INFO  - Watchdog has been checked: 0 passed
17.07.2014 02:33:28,223 - INFO  - Watchdog has been checked: 0 passed
17.07.2014 02:35:28,213 - INFO  - Watchdog has been checked: 0 passed
17.07.2014 02:37:28,291 - INFO  - Watchdog has been checked: 0 passed
17.07.2014 02:39:28,508 - INFO  - Watchdog has been checked: 0 passed
17.07.2014 02:41:28,252 - INFO  - Watchdog has been checked: 0 passed
17.07.2014 02:43:28,350 - INFO  - Watchdog has been checked: 0 passed
17.07.2014 02:45:28,319 - INFO  - Watchdog has been checked: 0 passed
17.07.2014 02:47:28,175 - INFO  - Watchdog has been checked: 0 passed
17.07.2014 02:49:27,177 - INFO  - Watchdog has been checked: 0 passed
17.07.2014 02:51:27,151 - INFO  - Watchdog has been checked: 0 passed
17.07.2014 02:53:26,236 - INFO  - Watchdog has been checked: 0 passed
17.07.2014 02:55:26,271 - INFO  - Watchdog has been checked: 0 passed
17.07.2014 02:57:26,096 - INFO  - Watchdog has been checked: 0 passed
17.07.2014 02:59:25,103 - INFO  - Watchdog has been checked: 0 passed
17.07.2014 03:01:24,260 - INFO  - Watchdog has been checked: 0 passed
17.07.2014 03:03:24,114 - INFO  - Watchdog has been checked: 0 passed
17.07.2014 03:05:23,112 - INFO  - Watchdog has been checked: 0 passed
17.07.2014 03:07:22,138 - INFO  - Watchdog has been checked: 0 passed
17.07.2014 03:09:21,222 - INFO  - Watchdog has been checked: 0 passed
17.07.2014 03:11:21,154 - INFO  - Watchdog has been checked: 0 passed
17.07.2014 03:13:21,259 - INFO  - Watchdog has been checked: 0 passed
17.07.2014 03:15:21,330 - INFO  - Watchdog has been checked: 0 passed
17.07.2014 03:17:21,351 - INFO  - Watchdog has been checked: 0 passed
17.07.2014 03:19:21,180 - INFO  - Watchdog has been checked: 0 passed
17.07.2014 03:21:21,116 - INFO  - Watchdog has been checked: 0 passed
17.07.2014 03:23:20,186 - INFO  - Watchdog has been checked: 0 passed
17.07.2014 03:25:20,255 - INFO  - Watchdog has been checked: 0 passed
17.07.2014 03:27:20,289 - INFO  - Watchdog has been checked: 0 passed
17.07.2014 03:29:20,319 - INFO  - Watchdog has been checked: 0 passed
17.07.2014 03:31:20,314 - INFO  - Watchdog has been checked: 0 passed
17.07.2014 03:33:20,204 - INFO  - Watchdog has been checked: 0 passed
17.07.2014 03:35:20,241 - INFO  - Watchdog has been checked: 0 passed
17.07.2014 03:37:20,257 - INFO  - Watchdog has been checked: 0 passed
17.07.2014 03:39:20,317 - INFO  - Watchdog has been checked: 0 passed
17.07.2014 03:41:20,338 - INFO  - Watchdog has been checked: 0 passed
17.07.2014 03:43:20,127 - INFO  - Watchdog has been checked: 0 passed
17.07.2014 03:45:20,204 - INFO  - Watchdog has been checked: 0 passed
17.07.2014 03:47:20,249 - INFO  - Watchdog has been checked: 0 passed
17.07.2014 03:49:20,324 - INFO  - Watchdog has been checked: 0 passed
17.07.2014 03:51:20,339 - INFO  - Watchdog has been checked: 0 passed
17.07.2014 03:53:20,180 - INFO  - Watchdog has been checked: 0 passed
17.07.2014 03:55:20,252 - INFO  - Watchdog has been checked: 0 passed
17.07.2014 03:57:20,255 - INFO  - Watchdog has been checked: 0 passed
17.07.2014 03:59:20,257 - INFO  - Watchdog has been checked: 0 passed
17.07.2014 04:01:20,274 - INFO  - Watchdog has been checked: 0 passed
17.07.2014 04:03:20,272 - INFO  - Watchdog has been checked: 0 passed
17.07.2014 04:05:20,058 - INFO  - Watchdog has been checked: 0 passed
17.07.2014 04:07:19,094 - INFO  - Watchdog has been checked: 0 passed
17.07.2014 04:09:19,162 - INFO  - Watchdog has been checked: 0 passed
17.07.2014 04:11:19,125 - INFO  - Watchdog has been checked: 0 passed
17.07.2014 04:13:19,156 - INFO  - Watchdog has been checked: 0 passed
17.07.2014 04:15:19,209 - INFO  - Watchdog has been checked: 0 passed
17.07.2014 04:17:19,240 - INFO  - Watchdog has been checked: 0 passed
17.07.2014 04:19:19,232 - INFO  - Watchdog has been checked: 0 passed
17.07.2014 04:21:19,239 - INFO  - Watchdog has been checked: 0 passed
17.07.2014 04:23:19,352 - INFO  - Watchdog has been checked: 0 passed
17.07.2014 04:25:19,317 - INFO  - Watchdog has been checked: 0 passed
17.07.2014 04:27:19,098 - INFO  - Watchdog has been checked: 0 passed
17.07.2014 04:29:19,098 - INFO  - Watchdog has been checked: 0 passed
17.07.2014 04:31:19,105 - INFO  - Watchdog has been checked: 0 passed
17.07.2014 04:33:19,239 - INFO  - Watchdog has been checked: 0 passed
17.07.2014 04:35:19,215 - INFO  - Watchdog has been checked: 0 passed
17.07.2014 04:37:19,260 - INFO  - Watchdog has been checked: 0 passed
17.07.2014 04:39:19,305 - INFO  - Watchdog has been checked: 0 passed
17.07.2014 04:41:19,265 - INFO  - Watchdog has been checked: 0 passed
17.07.2014 04:43:19,133 - INFO  - Watchdog has been checked: 0 passed
17.07.2014 04:45:19,212 - INFO  - Watchdog has been checked: 0 passed
17.07.2014 04:47:19,264 - INFO  - Watchdog has been checked: 0 passed
17.07.2014 04:49:19,342 - INFO  - Watchdog has been checked: 0 passed
17.07.2014 04:51:19,275 - INFO  - Watchdog has been checked: 0 passed
17.07.2014 04:53:19,359 - INFO  - Watchdog has been checked: 0 passed
17.07.2014 04:55:19,375 - INFO  - Watchdog has been checked: 0 passed
17.07.2014 04:57:19,182 - INFO  - Watchdog has been checked: 0 passed
17.07.2014 04:59:19,205 - INFO  - Watchdog has been checked: 0 passed
17.07.2014 05:01:19,402 - INFO  - Watchdog has been checked: 0 passed
17.07.2014 05:03:19,261 - INFO  - Watchdog has been checked: 0 passed
17.07.2014 05:05:19,242 - INFO  - Watchdog has been checked: 0 passed
17.07.2014 05:07:19,309 - INFO  - Watchdog has been checked: 0 passed
17.07.2014 05:09:19,429 - INFO  - Watchdog has been checked: 0 passed
17.07.2014 05:11:19,311 - INFO  - Watchdog has been checked: 0 passed
17.07.2014 05:13:19,404 - INFO  - Watchdog has been checked: 0 passed
17.07.2014 05:15:19,387 - INFO  - Watchdog has been checked: 0 passed
17.07.2014 05:17:19,531 - INFO  - Watchdog has been checked: 0 passed
17.07.2014 05:19:19,384 - INFO  - Watchdog has been checked: 0 passed
17.07.2014 05:21:19,461 - INFO  - Watchdog has been checked: 0 passed
17.07.2014 05:23:19,275 - INFO  - Watchdog has been checked: 0 passed
17.07.2014 05:25:19,286 - INFO  - Watchdog has been checked: 0 passed
17.07.2014 05:27:19,304 - INFO  - Watchdog has been checked: 0 passed
17.07.2014 05:29:19,384 - INFO  - Watchdog has been checked: 0 passed
17.07.2014 05:31:19,350 - INFO  - Watchdog has been checked: 0 passed
17.07.2014 05:33:19,232 - INFO  - Watchdog has been checked: 0 passed
17.07.2014 05:35:19,245 - INFO  - Watchdog has been checked: 0 passed
17.07.2014 05:37:19,048 - INFO  - Watchdog has been checked: 0 passed
17.07.2014 05:39:18,103 - INFO  - Watchdog has been checked: 0 passed
17.07.2014 05:41:17,005 - INFO  - Watchdog has been checked: 0 passed
17.07.2014 05:43:16,087 - INFO  - Watchdog has been checked: 0 passed
17.07.2014 05:45:15,156 - INFO  - Watchdog has been checked: 0 passed
17.07.2014 05:47:15,910 - INFO  - Watchdog has been checked: 0 passed
17.07.2014 05:49:15,232 - INFO  - Watchdog has been checked: 0 passed
17.07.2014 05:51:15,285 - INFO  - Watchdog has been checked: 0 passed
17.07.2014 05:53:15,111 - INFO  - Watchdog has been checked: 0 passed
17.07.2014 05:55:15,144 - INFO  - Watchdog has been checked: 0 passed
17.07.2014 05:57:15,161 - INFO  - Watchdog has been checked: 0 passed
17.07.2014 05:59:15,211 - INFO  - Watchdog has been checked: 0 passed
17.07.2014 06:01:15,212 - INFO  - Watchdog has been checked: 0 passed
17.07.2014 06:03:15,271 - INFO  - Watchdog has been checked: 0 passed
17.07.2014 06:05:15,304 - INFO  - Watchdog has been checked: 0 passed
17.07.2014 06:07:15,344 - INFO  - Watchdog has been checked: 0 passed
17.07.2014 06:09:15,492 - INFO  - Watchdog has been checked: 0 passed
17.07.2014 06:11:15,388 - INFO  - Watchdog has been checked: 0 passed
17.07.2014 06:13:15,224 - INFO  - Watchdog has been checked: 0 passed
17.07.2014 06:15:01,154 - INFO  - mapping file sync started
17.07.2014 06:15:01,730 - INFO  - file successfully updated
17.07.2014 06:15:15,271 - INFO  - Watchdog has been checked: 0 passed
17.07.2014 06:17:16,336 - INFO  - Watchdog has been checked: 0 passed
17.07.2014 06:19:16,297 - INFO  - Watchdog has been checked: 0 passed
17.07.2014 06:21:16,313 - INFO  - Watchdog has been checked: 0 passed
17.07.2014 06:23:16,352 - INFO  - Watchdog has been checked: 0 passed
17.07.2014 06:25:16,193 - INFO  - Watchdog has been checked: 0 passed
17.07.2014 06:27:16,239 - INFO  - Watchdog has been checked: 0 passed
17.07.2014 06:29:16,256 - INFO  - Watchdog has been checked: 0 passed
17.07.2014 06:31:16,297 - INFO  - Watchdog has been checked: 0 passed
17.07.2014 06:33:16,354 - INFO  - Watchdog has been checked: 0 passed
17.07.2014 06:35:16,393 - INFO  - Watchdog has been checked: 0 passed
17.07.2014 06:37:16,198 - INFO  - Watchdog has been checked: 0 passed
17.07.2014 06:39:16,189 - INFO  - Watchdog has been checked: 0 passed
17.07.2014 06:41:16,179 - INFO  - Watchdog has been checked: 0 passed
17.07.2014 06:43:16,309 - INFO  - Watchdog has been checked: 0 passed
17.07.2014 06:45:16,401 - INFO  - Watchdog has been checked: 0 passed
17.07.2014 06:47:16,266 - INFO  - Watchdog has been checked: 0 passed
17.07.2014 06:49:16,817 - INFO  - Watchdog has been checked: 0 passed
17.07.2014 06:51:16,198 - INFO  - Watchdog has been checked: 0 passed
17.07.2014 06:53:16,316 - INFO  - Watchdog has been checked: 0 passed
17.07.2014 06:55:16,349 - INFO  - Watchdog has been checked: 0 passed
17.07.2014 06:57:16,351 - INFO  - Watchdog has been checked: 0 passed
17.07.2014 06:59:16,398 - INFO  - Watchdog has been checked: 0 passed
17.07.2014 07:01:16,080 - INFO  - Watchdog has been checked: 0 passed
17.07.2014 07:03:16,190 - INFO  - Watchdog has been checked: 0 passed
17.07.2014 07:05:16,241 - INFO  - Watchdog has been checked: 0 passed
17.07.2014 07:07:16,144 - INFO  - Watchdog has been checked: 0 passed
17.07.2014 07:09:16,134 - INFO  - Watchdog has been checked: 0 passed
17.07.2014 07:11:17,785 - INFO  - Watchdog has been checked: 0 passed
17.07.2014 07:13:17,200 - INFO  - Watchdog has been checked: 0 passed
17.07.2014 07:15:02,177 - INFO  - mapping file sync started
17.07.2014 07:15:02,660 - INFO  - file successfully updated
17.07.2014 07:15:17,215 - INFO  - Watchdog has been checked: 0 passed
17.07.2014 07:17:17,265 - INFO  - Watchdog has been checked: 0 passed
17.07.2014 07:19:19,364 - INFO  - Watchdog has been checked: 0 passed
17.07.2014 07:21:19,246 - INFO  - Watchdog has been checked: 0 passed
17.07.2014 07:23:19,116 - INFO  - Watchdog has been checked: 0 passed
17.07.2014 07:25:19,111 - INFO  - Watchdog has been checked: 0 passed
17.07.2014 07:27:19,198 - INFO  - Watchdog has been checked: 0 passed
17.07.2014 07:29:19,291 - INFO  - Watchdog has been checked: 0 passed
17.07.2014 07:31:19,175 - INFO  - Watchdog has been checked: 0 passed
17.07.2014 07:33:19,263 - INFO  - Watchdog has been checked: 0 passed
17.07.2014 07:35:19,296 - INFO  - Watchdog has been checked: 0 passed
17.07.2014 07:37:19,097 - INFO  - Watchdog has been checked: 0 passed
17.07.2014 07:39:19,422 - INFO  - Watchdog has been checked: 0 passed
17.07.2014 07:41:19,317 - INFO  - Watchdog has been checked: 0 passed
17.07.2014 07:43:19,190 - INFO  - Watchdog has been checked: 0 passed
17.07.2014 07:45:19,217 - INFO  - Watchdog has been checked: 0 passed
17.07.2014 07:47:19,285 - INFO  - Watchdog has been checked: 0 passed
17.07.2014 07:49:19,400 - INFO  - Watchdog has been checked: 0 passed
17.07.2014 07:51:19,288 - INFO  - Watchdog has been checked: 0 passed
17.07.2014 07:53:19,390 - INFO  - Watchdog has been checked: 0 passed
17.07.2014 07:55:19,397 - INFO  - Watchdog has been checked: 0 passed
17.07.2014 07:57:19,214 - INFO  - Watchdog has been checked: 0 passed
17.07.2014 07:59:19,300 - INFO  - Watchdog has been checked: 0 passed
17.07.2014 08:01:19,154 - INFO  - Watchdog has been checked: 0 passed
17.07.2014 08:03:19,272 - INFO  - Watchdog has been checked: 0 passed
17.07.2014 08:05:19,299 - INFO  - Watchdog has been checked: 0 passed
17.07.2014 08:07:19,328 - INFO  - Watchdog has been checked: 0 passed
17.07.2014 08:09:19,466 - INFO  - Watchdog has been checked: 0 passed
17.07.2014 08:11:19,359 - INFO  - Watchdog has been checked: 0 passed
17.07.2014 08:13:19,227 - INFO  - Watchdog has been checked: 0 passed
17.07.2014 08:15:19,258 - INFO  - Watchdog has been checked: 0 passed
17.07.2014 08:17:19,233 - INFO  - Watchdog has been checked: 0 passed
17.07.2014 08:19:19,314 - INFO  - Watchdog has been checked: 0 passed
17.07.2014 08:21:19,221 - INFO  - Watchdog has been checked: 0 passed
17.07.2014 08:23:19,179 - INFO  - Watchdog has been checked: 0 passed
17.07.2014 08:25:18,227 - INFO  - Watchdog has been checked: 0 passed
17.07.2014 08:27:18,246 - INFO  - Watchdog has been checked: 0 passed
17.07.2014 08:29:18,266 - INFO  - Watchdog has been checked: 0 passed
17.07.2014 08:31:18,176 - INFO  - Watchdog has been checked: 0 passed
17.07.2014 08:33:18,304 - INFO  - Watchdog has been checked: 0 passed
17.07.2014 08:35:18,339 - INFO  - Watchdog has been checked: 0 passed
17.07.2014 08:37:18,099 - INFO  - Watchdog has been checked: 0 passed
17.07.2014 08:39:17,107 - INFO  - Watchdog has been checked: 0 passed
17.07.2014 08:41:17,142 - INFO  - Watchdog has been checked: 0 passed
17.07.2014 08:43:17,194 - INFO  - Watchdog has been checked: 0 passed
17.07.2014 08:45:17,251 - INFO  - Watchdog has been checked: 0 passed
17.07.2014 08:47:17,286 - INFO  - Watchdog has been checked: 0 passed
17.07.2014 08:49:17,086 - INFO  - Watchdog has been checked: 0 passed
17.07.2014 08:51:17,127 - INFO  - Watchdog has been checked: 0 passed
17.07.2014 08:53:17,236 - INFO  - Watchdog has been checked: 0 passed
17.07.2014 08:55:17,279 - INFO  - Watchdog has been checked: 0 passed
17.07.2014 08:57:17,329 - INFO  - Watchdog has been checked: 0 passed
17.07.2014 08:59:17,317 - INFO  - Watchdog has been checked: 0 passed
17.07.2014 09:01:17,351 - INFO  - Watchdog has been checked: 0 passed
17.07.2014 09:03:17,222 - INFO  - Watchdog has been checked: 0 passed
17.07.2014 09:05:17,275 - INFO  - Watchdog has been checked: 0 passed
17.07.2014 09:07:17,134 - INFO  - Watchdog has been checked: 0 passed
17.07.2014 09:09:17,103 - INFO  - Watchdog has been checked: 0 passed
17.07.2014 09:11:17,130 - INFO  - Watchdog has been checked: 0 passed
17.07.2014 09:13:17,217 - INFO  - Watchdog has been checked: 0 passed
17.07.2014 09:15:19,255 - INFO  - Watchdog has been checked: 0 passed
17.07.2014 09:17:19,369 - INFO  - Watchdog has been checked: 0 passed
17.07.2014 09:19:19,149 - INFO  - Watchdog has been checked: 0 passed
17.07.2014 09:21:19,334 - INFO  - Watchdog has been checked: 0 passed
17.07.2014 09:23:19,180 - INFO  - Watchdog has been checked: 0 passed
17.07.2014 09:25:19,243 - INFO  - Watchdog has been checked: 0 passed
17.07.2014 09:27:19,281 - INFO  - Watchdog has been checked: 0 passed
17.07.2014 09:29:19,284 - INFO  - Watchdog has been checked: 0 passed
17.07.2014 09:31:19,248 - INFO  - Watchdog has been checked: 0 passed
17.07.2014 09:31:54,398 - INFO  - searcher identified --- respT: 46ms, 41662 results, q=, 
17.07.2014 09:32:00,762 - INFO  - searcher identified --- respT: 14ms, 3165 results, q=includ, 
17.07.2014 09:32:04,874 - INFO  - searcher identified --- respT: 18ms, 179 results, q=include alfresco, 
17.07.2014 09:32:05,416 - INFO  - searcher identified --- respT: 34ms, no results, q=include alfrescol, 
17.07.2014 09:32:06,562 - INFO  - searcher identified --- respT: 11ms, no results, q=include alfrescoliste, 
17.07.2014 09:32:11,202 - INFO  - searcher identified --- respT: 33ms, 179 results, q=include alfres, 
17.07.2014 09:32:12,197 - INFO  - searcher identified --- respT: 25ms, no results, q=include alfreski, 
17.07.2014 09:32:13,217 - INFO  - searcher identified --- respT: 12ms, no results, q=include alfresko, 
17.07.2014 09:32:15,231 - INFO  - searcher identified --- respT: 18ms, 179 results, q=include alfresco, 
17.07.2014 09:32:48,471 - INFO  - searcher identified --- respT: 34ms, 86 results, q=include alfresco list, 
17.07.2014 09:33:19,317 - INFO  - Watchdog has been checked: 0 passed
17.07.2014 09:35:19,355 - INFO  - Watchdog has been checked: 0 passed
17.07.2014 09:37:19,162 - INFO  - Watchdog has been checked: 0 passed
17.07.2014 09:39:19,230 - INFO  - Watchdog has been checked: 0 passed
17.07.2014 09:41:19,155 - INFO  - Watchdog has been checked: 0 passed
17.07.2014 09:43:19,208 - INFO  - Watchdog has been checked: 0 passed
17.07.2014 09:45:19,006 - INFO  - Watchdog has been checked: 0 passed
17.07.2014 09:47:18,032 - INFO  - Watchdog has been checked: 0 passed
17.07.2014 09:49:17,050 - INFO  - Watchdog has been checked: 0 passed
17.07.2014 09:51:16,074 - INFO  - Watchdog has been checked: 0 passed
17.07.2014 09:53:15,242 - INFO  - Watchdog has been checked: 0 passed
17.07.2014 09:55:16,610 - INFO  - Watchdog has been checked: 0 passed
17.07.2014 09:57:16,017 - INFO  - Watchdog has been checked: 0 passed
17.07.2014 09:59:15,265 - INFO  - Watchdog has been checked: 0 passed
17.07.2014 10:01:15,254 - INFO  - Watchdog has been checked: 0 passed
17.07.2014 10:03:15,089 - INFO  - Watchdog has been checked: 0 passed
17.07.2014 10:05:14,086 - INFO  - Watchdog has been checked: 0 passed
17.07.2014 10:07:14,171 - INFO  - Watchdog has been checked: 0 passed
17.07.2014 10:09:14,173 - INFO  - Watchdog has been checked: 0 passed
17.07.2014 10:11:14,145 - INFO  - Watchdog has been checked: 0 passed
17.07.2014 10:13:14,237 - INFO  - Watchdog has been checked: 0 passed
17.07.2014 10:15:14,269 - INFO  - Watchdog has been checked: 0 passed
17.07.2014 10:17:14,327 - INFO  - Watchdog has been checked: 0 passed
17.07.2014 10:19:14,324 - INFO  - Watchdog has been checked: 0 passed
17.07.2014 10:21:14,358 - INFO  - Watchdog has been checked: 0 passed
17.07.2014 10:23:14,194 - INFO  - Watchdog has been checked: 0 passed
17.07.2014 10:25:14,210 - INFO  - Watchdog has been checked: 0 passed
17.07.2014 10:27:14,318 - INFO  - Watchdog has been checked: 0 passed
17.07.2014 10:29:14,334 - INFO  - Watchdog has been checked: 0 passed
17.07.2014 10:31:14,342 - INFO  - Watchdog has been checked: 0 passed
17.07.2014 10:33:14,212 - INFO  - Watchdog has been checked: 0 passed
17.07.2014 10:35:14,311 - INFO  - Watchdog has been checked: 0 passed
17.07.2014 10:37:14,305 - INFO  - Watchdog has been checked: 0 passed
17.07.2014 10:39:14,267 - INFO  - Watchdog has been checked: 0 passed
17.07.2014 10:41:14,430 - INFO  - Watchdog has been checked: 0 passed
17.07.2014 10:43:14,271 - INFO  - Watchdog has been checked: 0 passed
17.07.2014 10:45:14,326 - INFO  - Watchdog has been checked: 0 passed
17.07.2014 10:47:14,407 - INFO  - Watchdog has been checked: 0 passed
17.07.2014 10:49:14,367 - INFO  - Watchdog has been checked: 0 passed
17.07.2014 10:51:14,431 - INFO  - Watchdog has been checked: 0 passed
17.07.2014 10:53:14,485 - INFO  - Watchdog has been checked: 0 passed
17.07.2014 10:55:14,486 - INFO  - Watchdog has been checked: 0 passed
17.07.2014 10:57:14,531 - INFO  - Watchdog has been checked: 0 passed
17.07.2014 10:57:26,542 - INFO  - searcher identified --- respT: 20ms, 5285 results, web:(PSIWeb), q=, 
17.07.2014 10:57:29,113 - INFO  - searcher identified --- respT: 14ms, 75 results, web:(PSIWeb), q=Telefonbuch, 
17.07.2014 10:57:33,858 - INFO  - searcher identified --- respT: 14ms, 21 results, web:(PSIWeb), author:AndreLichtsteiner, q=Telefonbuch, 
17.07.2014 10:59:14,284 - INFO  - Watchdog has been checked: 0 passed
17.07.2014 11:01:14,322 - INFO  - Watchdog has been checked: 0 passed
17.07.2014 11:03:14,415 - INFO  - Watchdog has been checked: 0 passed
17.07.2014 11:05:14,185 - INFO  - Watchdog has been checked: 0 passed
17.07.2014 11:07:14,214 - INFO  - Watchdog has been checked: 0 passed
17.07.2014 11:09:14,178 - INFO  - Watchdog has been checked: 0 passed
17.07.2014 11:11:14,182 - INFO  - Watchdog has been checked: 0 passed
17.07.2014 11:13:14,024 - INFO  - Watchdog has been checked: 0 passed
17.07.2014 11:15:13,007 - INFO  - Watchdog has been checked: 0 passed
17.07.2014 11:17:12,222 - INFO  - Watchdog has been checked: 0 passed
17.07.2014 11:19:11,008 - INFO  - Watchdog has been checked: 0 passed
17.07.2014 11:21:10,110 - INFO  - Watchdog has been checked: 0 passed
17.07.2014 11:23:09,164 - INFO  - Watchdog has been checked: 0 passed
17.07.2014 11:25:08,214 - INFO  - Watchdog has been checked: 0 passed
17.07.2014 11:27:08,012 - INFO  - Watchdog has been checked: 0 passed
17.07.2014 11:29:07,240 - INFO  - Watchdog has been checked: 0 passed
17.07.2014 11:31:07,251 - INFO  - Watchdog has been checked: 0 passed
17.07.2014 11:33:07,100 - INFO  - Watchdog has been checked: 0 passed
17.07.2014 11:35:06,117 - INFO  - Watchdog has been checked: 0 passed
17.07.2014 11:37:05,206 - INFO  - Watchdog has been checked: 0 passed
17.07.2014 11:39:04,062 - INFO  - Watchdog has been checked: 0 passed
17.07.2014 11:41:03,135 - INFO  - Watchdog has been checked: 0 passed
17.07.2014 11:43:03,164 - INFO  - Watchdog has been checked: 0 passed
17.07.2014 11:45:02,158 - INFO  - Watchdog has been checked: 0 passed
17.07.2014 11:47:01,238 - INFO  - Watchdog has been checked: 0 passed
17.07.2014 11:49:01,354 - INFO  - Watchdog has been checked: 0 passed
17.07.2014 11:51:01,271 - INFO  - Watchdog has been checked: 0 passed
17.07.2014 11:53:01,330 - INFO  - Watchdog has been checked: 0 passed
17.07.2014 11:55:01,384 - INFO  - Watchdog has been checked: 0 passed
17.07.2014 11:57:01,160 - INFO  - Watchdog has been checked: 0 passed
17.07.2014 11:59:01,437 - INFO  - Watchdog has been checked: 0 passed
17.07.2014 12:01:01,225 - INFO  - Watchdog has been checked: 0 passed
17.07.2014 12:03:01,312 - INFO  - Watchdog has been checked: 0 passed
17.07.2014 12:05:01,289 - INFO  - Watchdog has been checked: 0 passed
17.07.2014 12:07:01,285 - INFO  - Watchdog has been checked: 0 passed
17.07.2014 12:09:01,317 - INFO  - Watchdog has been checked: 0 passed
17.07.2014 12:11:01,366 - INFO  - Watchdog has been checked: 0 passed
17.07.2014 12:13:01,245 - INFO  - Watchdog has been checked: 0 passed
17.07.2014 12:15:01,460 - INFO  - Watchdog has been checked: 0 passed
17.07.2014 12:17:01,222 - INFO  - Watchdog has been checked: 0 passed
17.07.2014 12:19:01,245 - INFO  - Watchdog has been checked: 0 passed
17.07.2014 12:21:01,300 - INFO  - Watchdog has been checked: 0 passed
17.07.2014 12:23:01,069 - INFO  - Watchdog has been checked: 0 passed
17.07.2014 12:25:01,088 - INFO  - Watchdog has been checked: 0 passed
17.07.2014 12:27:01,095 - INFO  - Watchdog has been checked: 0 passed
17.07.2014 12:29:01,202 - INFO  - Watchdog has been checked: 0 passed
17.07.2014 12:31:01,237 - INFO  - Watchdog has been checked: 0 passed
17.07.2014 12:33:01,074 - INFO  - Watchdog has been checked: 0 passed
17.07.2014 12:35:01,087 - INFO  - Watchdog has been checked: 0 passed
17.07.2014 12:37:00,092 - INFO  - Watchdog has been checked: 0 passed
17.07.2014 12:38:59,107 - INFO  - Watchdog has been checked: 0 passed
17.07.2014 12:40:58,146 - INFO  - Watchdog has been checked: 0 passed
17.07.2014 12:42:58,226 - INFO  - Watchdog has been checked: 0 passed
17.07.2014 12:44:58,209 - INFO  - Watchdog has been checked: 0 passed
17.07.2014 12:46:58,239 - INFO  - Watchdog has been checked: 0 passed
17.07.2014 12:48:58,226 - INFO  - Watchdog has been checked: 0 passed
17.07.2014 12:50:58,090 - INFO  - Watchdog has been checked: 0 passed
17.07.2014 12:52:57,191 - INFO  - Watchdog has been checked: 0 passed
17.07.2014 12:54:57,192 - INFO  - Watchdog has been checked: 0 passed
17.07.2014 12:56:57,239 - INFO  - Watchdog has been checked: 0 passed
17.07.2014 12:58:57,246 - INFO  - Watchdog has been checked: 0 passed
17.07.2014 13:00:57,299 - INFO  - Watchdog has been checked: 0 passed
17.07.2014 13:02:57,192 - INFO  - Watchdog has been checked: 0 passed
17.07.2014 13:04:57,172 - INFO  - Watchdog has been checked: 0 passed
17.07.2014 13:06:56,209 - INFO  - Watchdog has been checked: 0 passed
17.07.2014 13:08:56,236 - INFO  - Watchdog has been checked: 0 passed
17.07.2014 13:10:56,326 - INFO  - Watchdog has been checked: 0 passed
17.07.2014 13:12:59,160 - INFO  - Watchdog has been checked: 0 passed
17.07.2014 13:14:59,173 - INFO  - Watchdog has been checked: 0 passed
17.07.2014 13:16:58,205 - INFO  - Watchdog has been checked: 0 passed
17.07.2014 13:18:58,192 - INFO  - Watchdog has been checked: 0 passed
17.07.2014 13:20:59,286 - INFO  - Watchdog has been checked: 0 passed
17.07.2014 13:22:59,162 - INFO  - Watchdog has been checked: 0 passed
17.07.2014 13:24:59,160 - INFO  - Watchdog has been checked: 0 passed
17.07.2014 13:26:59,162 - INFO  - Watchdog has been checked: 0 passed
17.07.2014 13:28:59,197 - INFO  - Watchdog has been checked: 0 passed
17.07.2014 13:30:59,342 - INFO  - Watchdog has been checked: 0 passed
17.07.2014 13:32:59,212 - INFO  - Watchdog has been checked: 0 passed
17.07.2014 13:34:59,162 - INFO  - Watchdog has been checked: 0 passed
17.07.2014 13:36:59,173 - INFO  - Watchdog has been checked: 0 passed
17.07.2014 13:38:59,176 - INFO  - Watchdog has been checked: 0 passed
17.07.2014 13:40:59,018 - INFO  - Watchdog has been checked: 0 passed
17.07.2014 13:42:58,060 - INFO  - Watchdog has been checked: 0 passed
17.07.2014 13:44:57,039 - INFO  - Watchdog has been checked: 0 passed
17.07.2014 13:46:57,064 - INFO  - Watchdog has been checked: 0 passed
17.07.2014 13:48:57,045 - INFO  - Watchdog has been checked: 0 passed
17.07.2014 13:50:57,161 - INFO  - Watchdog has been checked: 0 passed
17.07.2014 13:52:58,214 - INFO  - Watchdog has been checked: 0 passed
17.07.2014 13:54:58,032 - INFO  - Watchdog has been checked: 0 passed
17.07.2014 13:56:57,109 - INFO  - Watchdog has been checked: 0 passed
17.07.2014 13:58:56,068 - INFO  - Watchdog has been checked: 0 passed
17.07.2014 14:00:56,134 - INFO  - Watchdog has been checked: 0 passed
17.07.2014 14:02:56,232 - INFO  - Watchdog has been checked: 0 passed
17.07.2014 14:04:56,237 - INFO  - Watchdog has been checked: 0 passed
17.07.2014 14:06:56,260 - INFO  - Watchdog has been checked: 0 passed
17.07.2014 14:08:56,247 - INFO  - Watchdog has been checked: 0 passed
17.07.2014 14:08:58,901 - INFO  - searcher identified --- respT: 66ms, 41683 results, q=, 
17.07.2014 14:10:56,311 - INFO  - Watchdog has been checked: 0 passed
17.07.2014 14:12:56,141 - INFO  - Watchdog has been checked: 0 passed
17.07.2014 14:14:56,147 - INFO  - Watchdog has been checked: 0 passed
17.07.2014 14:16:56,158 - INFO  - Watchdog has been checked: 0 passed
17.07.2014 14:18:56,190 - INFO  - Watchdog has been checked: 0 passed
17.07.2014 14:20:56,286 - INFO  - Watchdog has been checked: 0 passed
17.07.2014 14:22:59,344 - INFO  - Watchdog has been checked: 0 passed
17.07.2014 14:24:59,134 - INFO  - Watchdog has been checked: 0 passed
17.07.2014 14:26:58,102 - INFO  - Watchdog has been checked: 0 passed
17.07.2014 14:28:58,355 - INFO  - Watchdog has been checked: 0 passed
17.07.2014 14:30:58,217 - INFO  - Watchdog has been checked: 0 passed
17.07.2014 14:32:58,330 - INFO  - Watchdog has been checked: 0 passed
17.07.2014 14:34:58,349 - INFO  - Watchdog has been checked: 0 passed
17.07.2014 14:36:58,370 - INFO  - Watchdog has been checked: 0 passed
17.07.2014 14:38:58,372 - INFO  - Watchdog has been checked: 0 passed
17.07.2014 14:40:58,203 - INFO  - Watchdog has been checked: 0 passed
17.07.2014 14:42:58,280 - INFO  - Watchdog has been checked: 0 passed
17.07.2014 14:44:58,294 - INFO  - Watchdog has been checked: 0 passed
17.07.2014 14:46:58,330 - INFO  - Watchdog has been checked: 0 passed
17.07.2014 14:48:58,307 - INFO  - Watchdog has been checked: 0 passed
17.07.2014 14:50:58,162 - INFO  - Watchdog has been checked: 0 passed
17.07.2014 14:52:58,230 - INFO  - Watchdog has been checked: 0 passed
17.07.2014 14:54:58,244 - INFO  - Watchdog has been checked: 0 passed
17.07.2014 14:56:58,482 - INFO  - Watchdog has been checked: 0 passed
17.07.2014 14:58:58,288 - INFO  - Watchdog has been checked: 0 passed
17.07.2014 15:00:58,320 - INFO  - Watchdog has been checked: 0 passed
17.07.2014 15:02:58,135 - INFO  - Watchdog has been checked: 0 passed
17.07.2014 15:04:58,107 - INFO  - Watchdog has been checked: 0 passed
17.07.2014 15:06:58,102 - INFO  - Watchdog has been checked: 0 passed
17.07.2014 15:08:57,064 - INFO  - Watchdog has been checked: 0 passed
17.07.2014 15:10:56,155 - INFO  - Watchdog has been checked: 0 passed
17.07.2014 15:12:56,035 - INFO  - Watchdog has been checked: 0 passed
17.07.2014 15:14:55,038 - INFO  - Watchdog has been checked: 0 passed
17.07.2014 15:16:54,006 - INFO  - Watchdog has been checked: 0 passed
17.07.2014 15:18:53,051 - INFO  - Watchdog has been checked: 0 passed
17.07.2014 15:20:52,107 - INFO  - Watchdog has been checked: 0 passed
17.07.2014 15:22:52,179 - INFO  - Watchdog has been checked: 0 passed
17.07.2014 15:24:52,282 - INFO  - Watchdog has been checked: 0 passed
17.07.2014 15:26:52,256 - INFO  - Watchdog has been checked: 0 passed
17.07.2014 15:28:52,245 - INFO  - Watchdog has been checked: 0 passed
17.07.2014 15:30:52,026 - INFO  - Watchdog has been checked: 0 passed
17.07.2014 15:32:52,223 - INFO  - Watchdog has been checked: 0 passed
17.07.2014 15:34:52,128 - INFO  - Watchdog has been checked: 0 passed
17.07.2014 15:36:52,170 - INFO  - Watchdog has been checked: 0 passed
17.07.2014 15:38:52,272 - INFO  - Watchdog has been checked: 0 passed
17.07.2014 15:40:52,360 - INFO  - Watchdog has been checked: 0 passed
17.07.2014 15:42:52,111 - INFO  - Watchdog has been checked: 0 passed
17.07.2014 15:44:52,109 - INFO  - Watchdog has been checked: 0 passed
17.07.2014 15:46:52,302 - INFO  - Watchdog has been checked: 0 passed
17.07.2014 15:48:52,294 - INFO  - Watchdog has been checked: 0 passed
17.07.2014 15:50:52,373 - INFO  - Watchdog has been checked: 0 passed
17.07.2014 15:52:52,133 - INFO  - Watchdog has been checked: 0 passed
17.07.2014 15:54:52,199 - INFO  - Watchdog has been checked: 0 passed
17.07.2014 15:56:52,322 - INFO  - Watchdog has been checked: 0 passed
17.07.2014 15:58:52,205 - INFO  - Watchdog has been checked: 0 passed
17.07.2014 16:00:52,245 - INFO  - Watchdog has been checked: 0 passed
17.07.2014 16:02:52,366 - INFO  - Watchdog has been checked: 0 passed
17.07.2014 16:04:52,337 - INFO  - Watchdog has been checked: 0 passed
17.07.2014 16:06:52,332 - INFO  - Watchdog has been checked: 0 passed
17.07.2014 16:08:52,353 - INFO  - Watchdog has been checked: 0 passed
17.07.2014 16:10:52,440 - INFO  - Watchdog has been checked: 0 passed
17.07.2014 16:12:52,287 - INFO  - Watchdog has been checked: 0 passed
17.07.2014 16:14:52,267 - INFO  - Watchdog has been checked: 0 passed
17.07.2014 16:16:52,289 - INFO  - Watchdog has been checked: 0 passed
17.07.2014 16:18:52,253 - INFO  - Watchdog has been checked: 0 passed
17.07.2014 16:20:52,334 - INFO  - Watchdog has been checked: 0 passed
17.07.2014 16:22:52,182 - INFO  - Watchdog has been checked: 0 passed
17.07.2014 16:24:52,180 - INFO  - Watchdog has been checked: 0 passed
17.07.2014 16:26:52,133 - INFO  - Watchdog has been checked: 0 passed
17.07.2014 16:28:52,237 - INFO  - Watchdog has been checked: 0 passed
17.07.2014 16:30:52,250 - INFO  - Watchdog has been checked: 0 passed
17.07.2014 16:32:52,094 - INFO  - Watchdog has been checked: 0 passed
17.07.2014 16:34:51,092 - INFO  - Watchdog has been checked: 0 passed
17.07.2014 16:36:50,304 - INFO  - Watchdog has been checked: 0 passed
17.07.2014 16:38:50,046 - INFO  - Watchdog has been checked: 0 passed
17.07.2014 16:40:49,096 - INFO  - Watchdog has been checked: 0 passed
17.07.2014 16:42:48,235 - INFO  - Watchdog has been checked: 0 passed
17.07.2014 16:44:48,200 - INFO  - Watchdog has been checked: 0 passed
17.07.2014 16:46:48,215 - INFO  - Watchdog has been checked: 0 passed
17.07.2014 16:48:48,280 - INFO  - Watchdog has been checked: 0 passed
17.07.2014 16:50:48,120 - INFO  - Watchdog has been checked: 0 passed
17.07.2014 16:52:49,188 - INFO  - Watchdog has been checked: 0 passed
17.07.2014 16:54:49,250 - INFO  - Watchdog has been checked: 0 passed
17.07.2014 16:56:49,412 - INFO  - Watchdog has been checked: 0 passed
17.07.2014 16:58:49,262 - INFO  - Watchdog has been checked: 0 passed
17.07.2014 17:00:49,087 - INFO  - Watchdog has been checked: 0 passed
17.07.2014 17:02:49,160 - INFO  - Watchdog has been checked: 0 passed
17.07.2014 17:04:49,188 - INFO  - Watchdog has been checked: 0 passed
17.07.2014 17:06:49,383 - INFO  - Watchdog has been checked: 0 passed
17.07.2014 17:08:49,308 - INFO  - Watchdog has been checked: 0 passed
17.07.2014 17:10:49,314 - INFO  - Watchdog has been checked: 0 passed
17.07.2014 17:12:49,146 - INFO  - Watchdog has been checked: 0 passed
17.07.2014 17:14:49,213 - INFO  - Watchdog has been checked: 0 passed
17.07.2014 17:16:49,327 - INFO  - Watchdog has been checked: 0 passed
17.07.2014 17:18:49,203 - INFO  - Watchdog has been checked: 0 passed
17.07.2014 17:20:49,292 - INFO  - Watchdog has been checked: 0 passed
17.07.2014 17:22:49,096 - INFO  - Watchdog has been checked: 0 passed
17.07.2014 17:24:48,114 - INFO  - Watchdog has been checked: 0 passed
17.07.2014 17:26:47,091 - INFO  - Watchdog has been checked: 0 passed
17.07.2014 17:28:46,192 - INFO  - Watchdog has been checked: 0 passed
17.07.2014 17:30:45,249 - INFO  - Watchdog has been checked: 0 passed
17.07.2014 17:32:45,302 - INFO  - Watchdog has been checked: 0 passed
17.07.2014 17:34:45,332 - INFO  - Watchdog has been checked: 0 passed
17.07.2014 17:36:45,304 - INFO  - Watchdog has been checked: 0 passed
17.07.2014 17:38:45,290 - INFO  - Watchdog has been checked: 0 passed
17.07.2014 17:40:45,135 - INFO  - Watchdog has been checked: 0 passed
17.07.2014 17:42:44,165 - INFO  - Watchdog has been checked: 0 passed
17.07.2014 17:44:44,175 - INFO  - Watchdog has been checked: 0 passed
17.07.2014 17:46:43,252 - INFO  - Watchdog has been checked: 0 passed
17.07.2014 17:48:43,239 - INFO  - Watchdog has been checked: 0 passed
17.07.2014 17:50:43,141 - INFO  - Watchdog has been checked: 0 passed
17.07.2014 17:52:42,137 - INFO  - Watchdog has been checked: 0 passed
17.07.2014 17:54:41,151 - INFO  - Watchdog has been checked: 0 passed
17.07.2014 17:56:40,161 - INFO  - Watchdog has been checked: 0 passed
17.07.2014 17:58:39,142 - INFO  - Watchdog has been checked: 0 passed
17.07.2014 18:00:38,236 - INFO  - Watchdog has been checked: 0 passed
17.07.2014 18:02:38,298 - INFO  - Watchdog has been checked: 0 passed
17.07.2014 18:04:38,285 - INFO  - Watchdog has been checked: 0 passed
17.07.2014 18:06:38,359 - INFO  - Watchdog has been checked: 0 passed
17.07.2014 18:08:38,269 - INFO  - Watchdog has been checked: 0 passed
17.07.2014 18:10:38,068 - INFO  - Watchdog has been checked: 0 passed
17.07.2014 18:12:38,198 - INFO  - Watchdog has been checked: 0 passed
17.07.2014 18:14:38,208 - INFO  - Watchdog has been checked: 0 passed
17.07.2014 18:16:38,245 - INFO  - Watchdog has been checked: 0 passed
17.07.2014 18:18:38,242 - INFO  - Watchdog has been checked: 0 passed
17.07.2014 18:19:01,500 - INFO  - searcher identified --- respT: 45ms, 81488 results, q=, 
17.07.2014 18:19:07,048 - INFO  - searcher identified --- respT: 15ms, 1326 results, q=phone, 
17.07.2014 18:19:09,346 - INFO  - searcher identified --- respT: 14ms, 230 results, q=phonebook, 
17.07.2014 18:19:11,933 - INFO  - searcher identified --- respT: 14ms, 81 results, web:(AIT), q=phonebook, 
17.07.2014 18:19:18,281 - INFO  - searcher identified --- respT: 12ms, 12 results, web:(AIT), author:DavidPinezich, q=phonebook, 
17.07.2014 18:19:39,992 - INFO  - searcher identified --- respT: 14ms, 81 results, web:(AIT), q=phonebook, 
17.07.2014 18:19:44,642 - INFO  - searcher identified --- respT: 14ms, 62 results, type:topic, web:(AIT), q=phonebook, 
17.07.2014 18:20:39,310 - INFO  - Watchdog has been checked: 0 passed
17.07.2014 18:22:39,121 - INFO  - Watchdog has been checked: 0 passed
17.07.2014 18:23:45,257 - INFO  - searcher identified --- respT: 17ms, 62 results, type:topic, web:(AIT), q=phonebook, page turned
17.07.2014 18:23:53,577 - INFO  - searcher identified --- respT: 18ms, 62 results, type:topic, web:(AIT), q=phonebook, page turned
17.07.2014 18:24:01,628 - INFO  - searcher identified --- respT: 20ms, 62 results, type:topic, web:(AIT), q=phonebook, page turned
17.07.2014 18:24:15,925 - INFO  - searcher identified --- respT: 20ms, 62 results, type:topic, web:(AIT), q=phonebook, page turned
17.07.2014 18:24:39,118 - INFO  - Watchdog has been checked: 0 passed
17.07.2014 18:26:39,115 - INFO  - Watchdog has been checked: 0 passed
17.07.2014 18:28:39,179 - INFO  - Watchdog has been checked: 0 passed
17.07.2014 18:30:39,244 - INFO  - Watchdog has been checked: 0 passed
17.07.2014 18:32:39,367 - INFO  - Watchdog has been checked: 0 passed
17.07.2014 18:34:39,070 - INFO  - Watchdog has been checked: 0 passed
17.07.2014 18:36:39,288 - INFO  - Watchdog has been checked: 0 passed
17.07.2014 18:38:39,132 - INFO  - Watchdog has been checked: 0 passed
17.07.2014 18:40:39,199 - INFO  - Watchdog has been checked: 0 passed
17.07.2014 18:42:39,299 - INFO  - Watchdog has been checked: 0 passed
17.07.2014 18:44:39,294 - INFO  - Watchdog has been checked: 0 passed
17.07.2014 18:46:39,268 - INFO  - Watchdog has been checked: 0 passed
17.07.2014 18:48:39,353 - INFO  - Watchdog has been checked: 0 passed
17.07.2014 18:50:39,217 - INFO  - Watchdog has been checked: 0 passed
17.07.2014 18:52:39,280 - INFO  - Watchdog has been checked: 0 passed
17.07.2014 18:54:39,284 - INFO  - Watchdog has been checked: 0 passed
17.07.2014 18:56:39,371 - INFO  - Watchdog has been checked: 0 passed
17.07.2014 18:58:39,314 - INFO  - Watchdog has been checked: 0 passed
17.07.2014 19:00:39,118 - INFO  - Watchdog has been checked: 0 passed
17.07.2014 19:02:39,177 - INFO  - Watchdog has been checked: 0 passed
17.07.2014 19:04:39,166 - INFO  - Watchdog has been checked: 0 passed
17.07.2014 19:06:39,211 - INFO  - Watchdog has been checked: 0 passed
17.07.2014 19:08:39,216 - INFO  - Watchdog has been checked: 0 passed
17.07.2014 19:10:39,246 - INFO  - Watchdog has been checked: 0 passed
17.07.2014 19:12:39,095 - INFO  - Watchdog has been checked: 0 passed
17.07.2014 19:14:38,148 - INFO  - Watchdog has been checked: 0 passed
17.07.2014 19:16:37,102 - INFO  - Watchdog has been checked: 0 passed
17.07.2014 19:18:36,138 - INFO  - Watchdog has been checked: 0 passed
17.07.2014 19:20:36,160 - INFO  - Watchdog has been checked: 0 passed
17.07.2014 19:22:35,514 - INFO  - Watchdog has been checked: 0 passed
17.07.2014 19:24:35,336 - INFO  - Watchdog has been checked: 0 passed
17.07.2014 19:26:35,322 - INFO  - Watchdog has been checked: 0 passed
17.07.2014 19:28:35,311 - INFO  - Watchdog has been checked: 0 passed
17.07.2014 19:30:35,199 - INFO  - Watchdog has been checked: 0 passed
17.07.2014 19:32:35,225 - INFO  - Watchdog has been checked: 0 passed
17.07.2014 19:34:35,254 - INFO  - Watchdog has been checked: 0 passed
17.07.2014 19:36:35,250 - INFO  - Watchdog has been checked: 0 passed
17.07.2014 19:38:35,235 - INFO  - Watchdog has been checked: 0 passed
17.07.2014 19:40:35,353 - INFO  - Watchdog has been checked: 0 passed
17.07.2014 19:42:35,136 - INFO  - Watchdog has been checked: 0 passed
17.07.2014 19:44:35,212 - INFO  - Watchdog has been checked: 0 passed
17.07.2014 19:46:35,225 - INFO  - Watchdog has been checked: 0 passed
17.07.2014 19:48:35,239 - INFO  - Watchdog has been checked: 0 passed
17.07.2014 19:50:35,364 - INFO  - Watchdog has been checked: 0 passed
17.07.2014 19:52:35,179 - INFO  - Watchdog has been checked: 0 passed
17.07.2014 19:54:35,214 - INFO  - Watchdog has been checked: 0 passed
17.07.2014 19:56:35,212 - INFO  - Watchdog has been checked: 0 passed
17.07.2014 19:58:35,248 - INFO  - Watchdog has been checked: 0 passed
17.07.2014 20:00:35,360 - INFO  - Watchdog has been checked: 0 passed
17.07.2014 20:02:35,215 - INFO  - Watchdog has been checked: 0 passed
17.07.2014 20:04:35,239 - INFO  - Watchdog has been checked: 0 passed
17.07.2014 20:06:35,228 - INFO  - Watchdog has been checked: 0 passed
17.07.2014 20:08:35,212 - INFO  - Watchdog has been checked: 0 passed
17.07.2014 20:10:35,367 - INFO  - Watchdog has been checked: 0 passed
17.07.2014 20:12:35,161 - INFO  - Watchdog has been checked: 0 passed
17.07.2014 20:14:35,170 - INFO  - Watchdog has been checked: 0 passed
17.07.2014 20:16:35,583 - INFO  - Watchdog has been checked: 0 passed
17.07.2014 20:18:35,182 - INFO  - Watchdog has been checked: 0 passed
17.07.2014 20:20:35,266 - INFO  - Watchdog has been checked: 0 passed
17.07.2014 20:22:35,336 - INFO  - Watchdog has been checked: 0 passed
17.07.2014 20:24:37,692 - INFO  - Watchdog has been checked: 0 passed
17.07.2014 20:26:37,067 - INFO  - Watchdog has been checked: 0 passed
17.07.2014 20:28:36,117 - INFO  - Watchdog has been checked: 0 passed
17.07.2014 20:30:35,229 - INFO  - Watchdog has been checked: 0 passed
17.07.2014 20:32:35,279 - INFO  - Watchdog has been checked: 0 passed
17.07.2014 20:34:35,306 - INFO  - Watchdog has been checked: 0 passed
17.07.2014 20:36:36,273 - INFO  - Watchdog has been checked: 0 passed
17.07.2014 20:38:36,098 - INFO  - Watchdog has been checked: 0 passed
17.07.2014 20:40:35,180 - INFO  - Watchdog has been checked: 0 passed
17.07.2014 20:42:35,322 - INFO  - Watchdog has been checked: 0 passed
17.07.2014 20:44:35,309 - INFO  - Watchdog has been checked: 0 passed
17.07.2014 20:46:35,394 - INFO  - Watchdog has been checked: 0 passed
17.07.2014 20:48:35,396 - INFO  - Watchdog has been checked: 0 passed
17.07.2014 20:50:35,192 - INFO  - Watchdog has been checked: 0 passed
17.07.2014 20:52:35,327 - INFO  - Watchdog has been checked: 0 passed
17.07.2014 20:54:35,338 - INFO  - Watchdog has been checked: 0 passed
17.07.2014 20:56:38,444 - INFO  - Watchdog has been checked: 0 passed
17.07.2014 20:58:38,343 - INFO  - Watchdog has been checked: 0 passed
17.07.2014 21:00:38,142 - INFO  - Watchdog has been checked: 0 passed
17.07.2014 21:02:38,279 - INFO  - Watchdog has been checked: 0 passed
17.07.2014 21:04:38,287 - INFO  - Watchdog has been checked: 0 passed
17.07.2014 21:06:38,273 - INFO  - Watchdog has been checked: 0 passed
17.07.2014 21:08:38,322 - INFO  - Watchdog has been checked: 0 passed
17.07.2014 21:10:38,357 - INFO  - Watchdog has been checked: 0 passed
17.07.2014 21:12:38,252 - INFO  - Watchdog has been checked: 0 passed
17.07.2014 21:14:38,155 - INFO  - Watchdog has been checked: 0 passed
17.07.2014 21:16:38,204 - INFO  - Watchdog has been checked: 0 passed
17.07.2014 21:18:38,111 - INFO  - Watchdog has been checked: 0 passed
17.07.2014 21:20:38,172 - INFO  - Watchdog has been checked: 0 passed
17.07.2014 21:22:38,145 - INFO  - Watchdog has been checked: 0 passed
17.07.2014 21:24:38,125 - INFO  - Watchdog has been checked: 0 passed
17.07.2014 21:26:39,401 - INFO  - Watchdog has been checked: 0 passed
17.07.2014 21:28:39,303 - INFO  - Watchdog has been checked: 0 passed
17.07.2014 21:30:39,208 - INFO  - Watchdog has been checked: 0 passed
17.07.2014 21:32:39,303 - INFO  - Watchdog has been checked: 0 passed
17.07.2014 21:34:39,384 - INFO  - Watchdog has been checked: 0 passed
17.07.2014 21:36:39,385 - INFO  - Watchdog has been checked: 0 passed
17.07.2014 21:38:39,363 - INFO  - Watchdog has been checked: 0 passed
17.07.2014 21:40:39,206 - INFO  - Watchdog has been checked: 0 passed
17.07.2014 21:42:39,264 - INFO  - Watchdog has been checked: 0 passed
17.07.2014 21:44:39,321 - INFO  - Watchdog has been checked: 0 passed
17.07.2014 21:46:39,378 - INFO  - Watchdog has been checked: 0 passed
17.07.2014 21:48:39,307 - INFO  - Watchdog has been checked: 0 passed
17.07.2014 21:50:39,135 - INFO  - Watchdog has been checked: 0 passed
17.07.2014 21:52:39,200 - INFO  - Watchdog has been checked: 0 passed
17.07.2014 21:54:39,339 - INFO  - Watchdog has been checked: 0 passed
17.07.2014 21:56:39,396 - INFO  - Watchdog has been checked: 0 passed
17.07.2014 21:58:39,136 - INFO  - Watchdog has been checked: 0 passed
17.07.2014 22:00:38,196 - INFO  - Watchdog has been checked: 0 passed
17.07.2014 22:02:38,238 - INFO  - Watchdog has been checked: 0 passed
17.07.2014 22:04:38,058 - INFO  - Watchdog has been checked: 0 passed
17.07.2014 22:06:37,266 - INFO  - Watchdog has been checked: 0 passed
17.07.2014 22:08:37,223 - INFO  - Watchdog has been checked: 0 passed
17.07.2014 22:10:37,130 - INFO  - Watchdog has been checked: 0 passed
17.07.2014 22:12:36,154 - INFO  - Watchdog has been checked: 0 passed
17.07.2014 22:14:35,213 - INFO  - Watchdog has been checked: 0 passed
17.07.2014 22:16:35,241 - INFO  - Watchdog has been checked: 0 passed
17.07.2014 22:18:35,256 - INFO  - Watchdog has been checked: 0 passed
17.07.2014 22:20:38,373 - INFO  - Watchdog has been checked: 0 passed
17.07.2014 22:22:38,242 - INFO  - Watchdog has been checked: 0 passed
17.07.2014 22:24:38,279 - INFO  - Watchdog has been checked: 0 passed
17.07.2014 22:26:38,263 - INFO  - Watchdog has been checked: 0 passed
17.07.2014 22:28:39,332 - INFO  - Watchdog has been checked: 0 passed
17.07.2014 22:30:39,179 - INFO  - Watchdog has been checked: 0 passed
17.07.2014 22:32:39,272 - INFO  - Watchdog has been checked: 0 passed
17.07.2014 22:34:39,273 - INFO  - Watchdog has been checked: 0 passed
17.07.2014 22:36:39,320 - INFO  - Watchdog has been checked: 0 passed
17.07.2014 22:38:39,324 - INFO  - Watchdog has been checked: 0 passed
17.07.2014 22:40:39,431 - INFO  - Watchdog has been checked: 0 passed
17.07.2014 22:42:39,245 - INFO  - Watchdog has been checked: 0 passed
17.07.2014 22:44:39,249 - INFO  - Watchdog has been checked: 0 passed
17.07.2014 22:46:39,348 - INFO  - Watchdog has been checked: 0 passed
17.07.2014 22:48:39,322 - INFO  - Watchdog has been checked: 0 passed
17.07.2014 22:50:39,196 - INFO  - Watchdog has been checked: 0 passed
17.07.2014 22:52:38,236 - INFO  - Watchdog has been checked: 0 passed
17.07.2014 22:54:38,373 - INFO  - Watchdog has been checked: 0 passed
17.07.2014 22:56:38,347 - INFO  - Watchdog has been checked: 0 passed
17.07.2014 22:58:38,286 - INFO  - Watchdog has been checked: 0 passed
17.07.2014 23:00:38,388 - INFO  - Watchdog has been checked: 0 passed
17.07.2014 23:02:38,455 - INFO  - Watchdog has been checked: 0 passed
17.07.2014 23:04:38,432 - INFO  - Watchdog has been checked: 0 passed
17.07.2014 23:06:38,462 - INFO  - Watchdog has been checked: 0 passed
17.07.2014 23:08:38,490 - INFO  - Watchdog has been checked: 0 passed
17.07.2014 23:10:38,311 - INFO  - Watchdog has been checked: 0 passed
17.07.2014 23:12:38,437 - INFO  - Watchdog has been checked: 0 passed
17.07.2014 23:14:38,401 - INFO  - Watchdog has been checked: 0 passed
17.07.2014 23:16:38,385 - INFO  - Watchdog has been checked: 0 passed
17.07.2014 23:18:38,349 - INFO  - Watchdog has been checked: 0 passed
17.07.2014 23:20:38,137 - INFO  - Watchdog has been checked: 0 passed
17.07.2014 23:22:37,217 - INFO  - Watchdog has been checked: 0 passed
17.07.2014 23:24:37,194 - INFO  - Watchdog has been checked: 0 passed
17.07.2014 23:26:37,193 - INFO  - Watchdog has been checked: 0 passed
17.07.2014 23:28:37,080 - INFO  - Watchdog has been checked: 0 passed
17.07.2014 23:30:39,585 - INFO  - Watchdog has been checked: 0 passed
17.07.2014 23:31:38,966 - INFO  - Watchdog has been checked: 0 passed
17.07.2014 23:33:38,157 - INFO  - Watchdog has been checked: 0 passed
17.07.2014 23:35:38,167 - INFO  - Watchdog has been checked: 0 passed
17.07.2014 23:37:38,017 - INFO  - Watchdog has been checked: 0 passed
17.07.2014 23:39:37,072 - INFO  - Watchdog has been checked: 0 passed
17.07.2014 23:41:36,035 - INFO  - Watchdog has been checked: 0 passed
17.07.2014 23:43:35,162 - INFO  - Watchdog has been checked: 0 passed
17.07.2014 23:45:34,156 - INFO  - Watchdog has been checked: 0 passed
17.07.2014 23:47:33,231 - INFO  - Watchdog has been checked: 0 passed
17.07.2014 23:49:33,007 - INFO  - Watchdog has been checked: 0 passed
17.07.2014 23:51:32,214 - INFO  - Watchdog has been checked: 0 passed
17.07.2014 23:53:32,074 - INFO  - Watchdog has been checked: 0 passed
17.07.2014 23:55:31,107 - INFO  - Watchdog has been checked: 0 passed
17.07.2014 23:57:31,218 - INFO  - Watchdog has been checked: 0 passed
17.07.2014 23:59:31,303 - INFO  - Watchdog has been checked: 0 passed
