23.06.2014 00:01:31,135 - INFO  - Watchdog has been checked: 0 passed
23.06.2014 00:03:31,159 - INFO  - Watchdog has been checked: 0 passed
23.06.2014 00:05:31,219 - INFO  - Watchdog has been checked: 0 passed
23.06.2014 00:07:31,229 - INFO  - Watchdog has been checked: 0 passed
23.06.2014 00:09:31,096 - INFO  - Watchdog has been checked: 0 passed
23.06.2014 00:11:30,077 - INFO  - Watchdog has been checked: 0 passed
23.06.2014 00:13:29,100 - INFO  - Watchdog has been checked: 0 passed
23.06.2014 00:15:29,139 - INFO  - Watchdog has been checked: 0 passed
23.06.2014 00:17:29,122 - INFO  - Watchdog has been checked: 0 passed
23.06.2014 00:19:29,267 - INFO  - Watchdog has been checked: 0 passed
23.06.2014 00:21:29,265 - INFO  - Watchdog has been checked: 0 passed
23.06.2014 00:23:29,093 - INFO  - Watchdog has been checked: 0 passed
23.06.2014 00:25:28,142 - INFO  - Watchdog has been checked: 0 passed
23.06.2014 00:27:27,338 - INFO  - Watchdog has been checked: 0 passed
23.06.2014 00:29:27,230 - INFO  - Watchdog has been checked: 0 passed
23.06.2014 00:31:27,227 - INFO  - Watchdog has been checked: 0 passed
23.06.2014 00:33:27,218 - INFO  - Watchdog has been checked: 0 passed
23.06.2014 00:35:27,311 - INFO  - Watchdog has been checked: 0 passed
23.06.2014 00:37:27,339 - INFO  - Watchdog has been checked: 0 passed
23.06.2014 00:39:27,311 - INFO  - Watchdog has been checked: 0 passed
23.06.2014 00:41:27,220 - INFO  - Watchdog has been checked: 0 passed
23.06.2014 00:43:27,227 - INFO  - Watchdog has been checked: 0 passed
23.06.2014 00:45:27,312 - INFO  - Watchdog has been checked: 0 passed
23.06.2014 00:47:27,257 - INFO  - Watchdog has been checked: 0 passed
23.06.2014 00:49:27,412 - INFO  - Watchdog has been checked: 0 passed
23.06.2014 00:51:27,185 - INFO  - Watchdog has been checked: 0 passed
23.06.2014 00:53:27,236 - INFO  - Watchdog has been checked: 0 passed
23.06.2014 00:55:27,356 - INFO  - Watchdog has been checked: 0 passed
23.06.2014 00:57:28,553 - INFO  - Watchdog has been checked: 0 passed
23.06.2014 00:59:28,208 - INFO  - Watchdog has been checked: 0 passed
23.06.2014 01:01:28,281 - INFO  - Watchdog has been checked: 0 passed
23.06.2014 01:03:28,258 - INFO  - Watchdog has been checked: 0 passed
23.06.2014 01:05:28,374 - INFO  - Watchdog has been checked: 0 passed
23.06.2014 01:07:28,328 - INFO  - Watchdog has been checked: 0 passed
23.06.2014 01:09:28,188 - INFO  - Watchdog has been checked: 0 passed
23.06.2014 01:11:28,266 - INFO  - Watchdog has been checked: 0 passed
23.06.2014 01:13:28,215 - INFO  - Watchdog has been checked: 0 passed
23.06.2014 01:15:28,297 - INFO  - Watchdog has been checked: 0 passed
23.06.2014 01:17:28,242 - INFO  - Watchdog has been checked: 0 passed
23.06.2014 01:19:28,788 - INFO  - Watchdog has been checked: 0 passed
23.06.2014 01:21:28,194 - INFO  - Watchdog has been checked: 0 passed
23.06.2014 01:23:28,199 - INFO  - Watchdog has been checked: 0 passed
23.06.2014 01:25:28,267 - INFO  - Watchdog has been checked: 0 passed
23.06.2014 01:27:28,277 - INFO  - Watchdog has been checked: 0 passed
23.06.2014 01:29:28,108 - INFO  - Watchdog has been checked: 0 passed
23.06.2014 01:31:28,162 - INFO  - Watchdog has been checked: 0 passed
23.06.2014 01:33:28,115 - INFO  - Watchdog has been checked: 0 passed
23.06.2014 01:35:27,206 - INFO  - Watchdog has been checked: 0 passed
23.06.2014 01:37:27,235 - INFO  - Watchdog has been checked: 0 passed
23.06.2014 01:39:27,097 - INFO  - Watchdog has been checked: 0 passed
23.06.2014 01:41:26,160 - INFO  - Watchdog has been checked: 0 passed
23.06.2014 01:43:25,124 - INFO  - Watchdog has been checked: 0 passed
23.06.2014 01:45:24,188 - INFO  - Watchdog has been checked: 0 passed
23.06.2014 01:47:24,203 - INFO  - Watchdog has been checked: 0 passed
23.06.2014 01:49:24,254 - INFO  - Watchdog has been checked: 0 passed
23.06.2014 01:51:24,123 - INFO  - Watchdog has been checked: 0 passed
23.06.2014 01:53:23,088 - INFO  - Watchdog has been checked: 0 passed
23.06.2014 01:55:22,121 - INFO  - Watchdog has been checked: 0 passed
23.06.2014 01:57:22,174 - INFO  - Watchdog has been checked: 0 passed
23.06.2014 01:59:22,353 - INFO  - Watchdog has been checked: 0 passed
23.06.2014 02:01:22,299 - INFO  - Watchdog has been checked: 0 passed
23.06.2014 02:03:22,334 - INFO  - Watchdog has been checked: 0 passed
23.06.2014 02:05:22,403 - INFO  - Watchdog has been checked: 0 passed
23.06.2014 02:07:22,438 - INFO  - Watchdog has been checked: 0 passed
23.06.2014 02:09:22,281 - INFO  - Watchdog has been checked: 0 passed
23.06.2014 02:11:22,336 - INFO  - Watchdog has been checked: 0 passed
23.06.2014 02:13:22,379 - INFO  - Watchdog has been checked: 0 passed
23.06.2014 02:15:22,404 - INFO  - Watchdog has been checked: 0 passed
23.06.2014 02:17:22,215 - INFO  - Watchdog has been checked: 0 passed
23.06.2014 02:19:22,312 - INFO  - Watchdog has been checked: 0 passed
23.06.2014 02:21:22,375 - INFO  - Watchdog has been checked: 0 passed
23.06.2014 02:23:22,272 - INFO  - Watchdog has been checked: 0 passed
23.06.2014 02:25:22,336 - INFO  - Watchdog has been checked: 0 passed
23.06.2014 02:27:22,379 - INFO  - Watchdog has been checked: 0 passed
23.06.2014 02:29:22,285 - INFO  - Watchdog has been checked: 0 passed
23.06.2014 02:31:22,315 - INFO  - Watchdog has been checked: 0 passed
23.06.2014 02:33:22,344 - INFO  - Watchdog has been checked: 0 passed
23.06.2014 02:35:22,436 - INFO  - Watchdog has been checked: 0 passed
23.06.2014 02:37:22,239 - INFO  - Watchdog has been checked: 0 passed
23.06.2014 02:39:22,324 - INFO  - Watchdog has been checked: 0 passed
23.06.2014 02:41:22,315 - INFO  - Watchdog has been checked: 0 passed
23.06.2014 02:43:22,102 - INFO  - Watchdog has been checked: 0 passed
23.06.2014 02:45:22,220 - INFO  - Watchdog has been checked: 0 passed
23.06.2014 02:47:22,231 - INFO  - Watchdog has been checked: 0 passed
23.06.2014 02:49:22,094 - INFO  - Watchdog has been checked: 0 passed
23.06.2014 02:51:22,088 - INFO  - Watchdog has been checked: 0 passed
23.06.2014 02:53:22,114 - INFO  - Watchdog has been checked: 0 passed
23.06.2014 02:55:22,159 - INFO  - Watchdog has been checked: 0 passed
23.06.2014 02:57:22,111 - INFO  - Watchdog has been checked: 0 passed
23.06.2014 02:59:22,013 - INFO  - Watchdog has been checked: 0 passed
23.06.2014 03:01:21,097 - INFO  - Watchdog has been checked: 0 passed
23.06.2014 03:03:21,019 - INFO  - Watchdog has been checked: 0 passed
23.06.2014 03:05:21,048 - INFO  - Watchdog has been checked: 0 passed
23.06.2014 03:07:21,035 - INFO  - Watchdog has been checked: 0 passed
23.06.2014 03:09:21,195 - INFO  - Watchdog has been checked: 0 passed
23.06.2014 03:11:21,276 - INFO  - Watchdog has been checked: 0 passed
23.06.2014 03:13:21,212 - INFO  - Watchdog has been checked: 0 passed
23.06.2014 03:15:21,040 - INFO  - Watchdog has been checked: 0 passed
23.06.2014 03:17:21,012 - INFO  - Watchdog has been checked: 0 passed
23.06.2014 03:19:21,139 - INFO  - Watchdog has been checked: 0 passed
23.06.2014 03:21:21,288 - INFO  - Watchdog has been checked: 0 passed
23.06.2014 03:23:21,231 - INFO  - Watchdog has been checked: 0 passed
23.06.2014 03:25:21,331 - INFO  - Watchdog has been checked: 0 passed
23.06.2014 03:27:21,303 - INFO  - Watchdog has been checked: 0 passed
23.06.2014 03:29:21,173 - INFO  - Watchdog has been checked: 0 passed
23.06.2014 03:31:21,316 - INFO  - Watchdog has been checked: 0 passed
23.06.2014 03:33:21,230 - INFO  - Watchdog has been checked: 0 passed
23.06.2014 03:35:21,308 - INFO  - Watchdog has been checked: 0 passed
23.06.2014 03:37:21,311 - INFO  - Watchdog has been checked: 0 passed
23.06.2014 03:39:21,218 - INFO  - Watchdog has been checked: 0 passed
23.06.2014 03:41:21,356 - INFO  - Watchdog has been checked: 0 passed
23.06.2014 03:43:21,272 - INFO  - Watchdog has been checked: 0 passed
23.06.2014 03:45:21,334 - INFO  - Watchdog has been checked: 0 passed
23.06.2014 03:47:21,361 - INFO  - Watchdog has been checked: 0 passed
23.06.2014 03:49:21,450 - INFO  - Watchdog has been checked: 0 passed
23.06.2014 03:51:21,428 - INFO  - Watchdog has been checked: 0 passed
23.06.2014 03:53:21,338 - INFO  - Watchdog has been checked: 0 passed
23.06.2014 03:55:21,391 - INFO  - Watchdog has been checked: 0 passed
23.06.2014 03:57:21,416 - INFO  - Watchdog has been checked: 0 passed
23.06.2014 03:59:21,485 - INFO  - Watchdog has been checked: 0 passed
23.06.2014 04:01:21,338 - INFO  - Watchdog has been checked: 0 passed
23.06.2014 04:03:21,549 - INFO  - Watchdog has been checked: 0 passed
23.06.2014 04:05:21,385 - INFO  - Watchdog has been checked: 0 passed
23.06.2014 04:07:21,435 - INFO  - Watchdog has been checked: 0 passed
23.06.2014 04:09:21,450 - INFO  - Watchdog has been checked: 0 passed
23.06.2014 04:11:21,392 - INFO  - Watchdog has been checked: 0 passed
23.06.2014 04:13:21,236 - INFO  - Watchdog has been checked: 0 passed
23.06.2014 04:15:21,252 - INFO  - Watchdog has been checked: 0 passed
23.06.2014 04:17:21,273 - INFO  - Watchdog has been checked: 0 passed
23.06.2014 04:19:21,258 - INFO  - Watchdog has been checked: 0 passed
23.06.2014 04:21:21,121 - INFO  - Watchdog has been checked: 0 passed
23.06.2014 04:23:21,198 - INFO  - Watchdog has been checked: 0 passed
23.06.2014 04:25:20,951 - INFO  - Watchdog has been checked: 0 passed
23.06.2014 04:27:20,017 - INFO  - Watchdog has been checked: 0 passed
23.06.2014 04:29:21,037 - INFO  - Watchdog has been checked: 0 passed
23.06.2014 04:31:20,154 - INFO  - Watchdog has been checked: 0 passed
23.06.2014 04:33:20,178 - INFO  - Watchdog has been checked: 0 passed
23.06.2014 04:35:20,217 - INFO  - Watchdog has been checked: 0 passed
23.06.2014 04:37:20,010 - INFO  - Watchdog has been checked: 0 passed
23.06.2014 04:39:19,117 - INFO  - Watchdog has been checked: 0 passed
23.06.2014 04:41:19,208 - INFO  - Watchdog has been checked: 0 passed
23.06.2014 04:43:19,302 - INFO  - Watchdog has been checked: 0 passed
23.06.2014 04:45:19,059 - INFO  - Watchdog has been checked: 0 passed
23.06.2014 04:47:18,086 - INFO  - Watchdog has been checked: 0 passed
23.06.2014 04:49:17,171 - INFO  - Watchdog has been checked: 0 passed
23.06.2014 04:51:18,425 - INFO  - Watchdog has been checked: 0 passed
23.06.2014 04:53:18,315 - INFO  - Watchdog has been checked: 0 passed
23.06.2014 04:55:18,103 - INFO  - Watchdog has been checked: 0 passed
23.06.2014 04:57:17,216 - INFO  - Watchdog has been checked: 0 passed
23.06.2014 04:59:17,258 - INFO  - Watchdog has been checked: 0 passed
23.06.2014 05:01:17,297 - INFO  - Watchdog has been checked: 0 passed
23.06.2014 05:03:17,202 - INFO  - Watchdog has been checked: 0 passed
23.06.2014 05:05:17,217 - INFO  - Watchdog has been checked: 0 passed
23.06.2014 05:07:17,304 - INFO  - Watchdog has been checked: 0 passed
23.06.2014 05:09:17,417 - INFO  - Watchdog has been checked: 0 passed
23.06.2014 05:11:17,254 - INFO  - Watchdog has been checked: 0 passed
23.06.2014 05:13:17,295 - INFO  - Watchdog has been checked: 0 passed
23.06.2014 05:15:17,377 - INFO  - Watchdog has been checked: 0 passed
23.06.2014 05:17:17,367 - INFO  - Watchdog has been checked: 0 passed
23.06.2014 05:19:17,191 - INFO  - Watchdog has been checked: 0 passed
23.06.2014 05:21:17,174 - INFO  - Watchdog has been checked: 0 passed
23.06.2014 05:23:17,238 - INFO  - Watchdog has been checked: 0 passed
23.06.2014 05:25:17,139 - INFO  - Watchdog has been checked: 0 passed
23.06.2014 05:27:17,180 - INFO  - Watchdog has been checked: 0 passed
23.06.2014 05:29:17,248 - INFO  - Watchdog has been checked: 0 passed
23.06.2014 05:31:20,731 - INFO  - Watchdog has been checked: 0 passed
23.06.2014 05:33:20,158 - INFO  - Watchdog has been checked: 0 passed
23.06.2014 05:35:20,238 - INFO  - Watchdog has been checked: 0 passed
23.06.2014 05:37:20,208 - INFO  - Watchdog has been checked: 0 passed
23.06.2014 05:39:20,101 - INFO  - Watchdog has been checked: 0 passed
23.06.2014 05:41:20,176 - INFO  - Watchdog has been checked: 0 passed
23.06.2014 05:43:20,173 - INFO  - Watchdog has been checked: 0 passed
23.06.2014 05:45:20,213 - INFO  - Watchdog has been checked: 0 passed
23.06.2014 05:47:20,246 - INFO  - Watchdog has been checked: 0 passed
23.06.2014 05:49:21,128 - INFO  - Watchdog has been checked: 0 passed
23.06.2014 05:51:21,347 - INFO  - Watchdog has been checked: 0 passed
23.06.2014 05:53:21,166 - INFO  - Watchdog has been checked: 0 passed
23.06.2014 05:55:21,279 - INFO  - Watchdog has been checked: 0 passed
23.06.2014 05:57:21,256 - INFO  - Watchdog has been checked: 0 passed
23.06.2014 05:59:21,136 - INFO  - Watchdog has been checked: 0 passed
23.06.2014 06:01:21,349 - INFO  - Watchdog has been checked: 0 passed
23.06.2014 06:03:21,206 - INFO  - Watchdog has been checked: 0 passed
23.06.2014 06:05:21,311 - INFO  - Watchdog has been checked: 0 passed
23.06.2014 06:07:21,275 - INFO  - Watchdog has been checked: 0 passed
23.06.2014 06:09:21,147 - INFO  - Watchdog has been checked: 0 passed
23.06.2014 06:11:20,183 - INFO  - Watchdog has been checked: 0 passed
23.06.2014 06:13:19,180 - INFO  - Watchdog has been checked: 0 passed
23.06.2014 06:15:01,595 - INFO  - mapping file sync started
23.06.2014 06:15:02,127 - INFO  - file successfully updated
23.06.2014 06:15:19,302 - INFO  - Watchdog has been checked: 0 passed
23.06.2014 06:17:19,275 - INFO  - Watchdog has been checked: 0 passed
23.06.2014 06:19:19,657 - INFO  - Watchdog has been checked: 0 passed
23.06.2014 06:21:19,194 - INFO  - Watchdog has been checked: 0 passed
23.06.2014 06:23:19,226 - INFO  - Watchdog has been checked: 0 passed
23.06.2014 06:25:19,295 - INFO  - Watchdog has been checked: 0 passed
23.06.2014 06:27:19,316 - INFO  - Watchdog has been checked: 0 passed
23.06.2014 06:29:19,365 - INFO  - Watchdog has been checked: 0 passed
23.06.2014 06:31:19,239 - INFO  - Watchdog has been checked: 0 passed
23.06.2014 06:33:21,463 - INFO  - Watchdog has been checked: 0 passed
23.06.2014 06:35:21,298 - INFO  - Watchdog has been checked: 0 passed
23.06.2014 06:37:21,321 - INFO  - Watchdog has been checked: 0 passed
23.06.2014 06:39:21,353 - INFO  - Watchdog has been checked: 0 passed
23.06.2014 06:41:21,226 - INFO  - Watchdog has been checked: 0 passed
23.06.2014 06:43:21,216 - INFO  - Watchdog has been checked: 0 passed
23.06.2014 06:45:21,251 - INFO  - Watchdog has been checked: 0 passed
23.06.2014 06:47:21,269 - INFO  - Watchdog has been checked: 0 passed
23.06.2014 06:49:21,379 - INFO  - Watchdog has been checked: 0 passed
23.06.2014 06:51:21,169 - INFO  - Watchdog has been checked: 0 passed
23.06.2014 06:53:21,197 - INFO  - Watchdog has been checked: 0 passed
23.06.2014 06:55:21,270 - INFO  - Watchdog has been checked: 0 passed
23.06.2014 06:57:21,293 - INFO  - Watchdog has been checked: 0 passed
23.06.2014 06:59:21,089 - INFO  - Watchdog has been checked: 0 passed
23.06.2014 07:01:21,117 - INFO  - Watchdog has been checked: 0 passed
23.06.2014 07:03:21,137 - INFO  - Watchdog has been checked: 0 passed
23.06.2014 07:05:21,152 - INFO  - Watchdog has been checked: 0 passed
23.06.2014 07:07:21,176 - INFO  - Watchdog has been checked: 0 passed
23.06.2014 07:09:22,145 - INFO  - Watchdog has been checked: 0 passed
23.06.2014 07:11:22,098 - INFO  - Watchdog has been checked: 0 passed
23.06.2014 07:13:22,132 - INFO  - Watchdog has been checked: 0 passed
23.06.2014 07:15:01,240 - INFO  - mapping file sync started
23.06.2014 07:15:01,658 - INFO  - file successfully updated
23.06.2014 07:15:22,219 - INFO  - Watchdog has been checked: 0 passed
23.06.2014 07:17:22,192 - INFO  - Watchdog has been checked: 0 passed
23.06.2014 07:19:22,047 - INFO  - Watchdog has been checked: 0 passed
23.06.2014 07:21:22,100 - INFO  - Watchdog has been checked: 0 passed
23.06.2014 07:23:22,115 - INFO  - Watchdog has been checked: 0 passed
23.06.2014 07:25:22,165 - INFO  - Watchdog has been checked: 0 passed
23.06.2014 07:27:22,160 - INFO  - Watchdog has been checked: 0 passed
23.06.2014 07:29:22,065 - INFO  - Watchdog has been checked: 0 passed
23.06.2014 07:31:21,101 - INFO  - Watchdog has been checked: 0 passed
23.06.2014 07:33:21,126 - INFO  - Watchdog has been checked: 0 passed
23.06.2014 07:35:21,180 - INFO  - Watchdog has been checked: 0 passed
23.06.2014 07:37:21,193 - INFO  - Watchdog has been checked: 0 passed
23.06.2014 07:39:21,839 - INFO  - Watchdog has been checked: 0 passed
23.06.2014 07:41:21,099 - INFO  - Watchdog has been checked: 0 passed
23.06.2014 07:43:21,126 - INFO  - Watchdog has been checked: 0 passed
23.06.2014 07:45:21,157 - INFO  - Watchdog has been checked: 0 passed
23.06.2014 07:47:21,173 - INFO  - Watchdog has been checked: 0 passed
23.06.2014 07:49:22,098 - INFO  - Watchdog has been checked: 0 passed
23.06.2014 07:51:21,137 - INFO  - Watchdog has been checked: 0 passed
23.06.2014 07:53:20,138 - INFO  - Watchdog has been checked: 0 passed
23.06.2014 07:55:19,209 - INFO  - Watchdog has been checked: 0 passed
23.06.2014 07:57:18,194 - INFO  - Watchdog has been checked: 0 passed
23.06.2014 07:59:17,280 - INFO  - Watchdog has been checked: 0 passed
23.06.2014 08:01:17,413 - INFO  - Watchdog has been checked: 0 passed
23.06.2014 08:03:17,363 - INFO  - Watchdog has been checked: 0 passed
23.06.2014 08:05:17,204 - INFO  - Watchdog has been checked: 0 passed
23.06.2014 08:07:16,145 - INFO  - Watchdog has been checked: 0 passed
23.06.2014 08:09:15,162 - INFO  - Watchdog has been checked: 0 passed
23.06.2014 08:11:14,235 - INFO  - Watchdog has been checked: 0 passed
23.06.2014 08:13:13,279 - INFO  - Watchdog has been checked: 0 passed
23.06.2014 08:15:13,154 - INFO  - Watchdog has been checked: 0 passed
23.06.2014 08:17:12,305 - INFO  - Watchdog has been checked: 0 passed
23.06.2014 08:19:12,136 - INFO  - Watchdog has been checked: 0 passed
23.06.2014 08:21:11,289 - INFO  - Watchdog has been checked: 0 passed
23.06.2014 08:23:11,264 - INFO  - Watchdog has been checked: 0 passed
23.06.2014 08:25:11,297 - INFO  - Watchdog has been checked: 0 passed
23.06.2014 08:27:11,065 - INFO  - Watchdog has been checked: 0 passed
23.06.2014 08:29:11,141 - INFO  - Watchdog has been checked: 0 passed
23.06.2014 08:31:11,383 - INFO  - Watchdog has been checked: 0 passed
23.06.2014 08:33:11,238 - INFO  - Watchdog has been checked: 0 passed
23.06.2014 08:35:11,323 - INFO  - Watchdog has been checked: 0 passed
23.06.2014 08:37:11,107 - INFO  - Watchdog has been checked: 0 passed
23.06.2014 08:39:11,149 - INFO  - Watchdog has been checked: 0 passed
23.06.2014 08:41:11,249 - INFO  - Watchdog has been checked: 0 passed
23.06.2014 08:43:11,018 - INFO  - Watchdog has been checked: 0 passed
23.06.2014 08:45:11,075 - INFO  - Watchdog has been checked: 0 passed
23.06.2014 08:47:11,087 - INFO  - Watchdog has been checked: 0 passed
23.06.2014 08:49:11,126 - INFO  - Watchdog has been checked: 0 passed
23.06.2014 08:51:11,266 - INFO  - Watchdog has been checked: 0 passed
23.06.2014 08:53:11,223 - INFO  - Watchdog has been checked: 0 passed
23.06.2014 08:55:10,985 - INFO  - Watchdog has been checked: 0 passed
23.06.2014 08:57:09,996 - INFO  - Watchdog has been checked: 0 passed
23.06.2014 08:59:09,002 - INFO  - Watchdog has been checked: 0 passed
23.06.2014 09:01:08,160 - INFO  - Watchdog has been checked: 0 passed
23.06.2014 09:03:10,443 - INFO  - Watchdog has been checked: 0 passed
23.06.2014 09:05:09,992 - INFO  - Watchdog has been checked: 0 passed
23.06.2014 09:07:09,042 - INFO  - Watchdog has been checked: 0 passed
23.06.2014 09:09:08,044 - INFO  - Watchdog has been checked: 0 passed
23.06.2014 09:11:07,168 - INFO  - Watchdog has been checked: 0 passed
23.06.2014 09:13:07,164 - INFO  - Watchdog has been checked: 0 passed
23.06.2014 09:15:07,214 - INFO  - Watchdog has been checked: 0 passed
23.06.2014 09:17:07,290 - INFO  - Watchdog has been checked: 0 passed
23.06.2014 09:19:07,261 - INFO  - Watchdog has been checked: 0 passed
23.06.2014 09:21:07,149 - INFO  - Watchdog has been checked: 0 passed
23.06.2014 09:23:07,156 - INFO  - Watchdog has been checked: 0 passed
23.06.2014 09:25:10,831 - INFO  - Watchdog has been checked: 0 passed
23.06.2014 09:27:10,294 - INFO  - Watchdog has been checked: 0 passed
23.06.2014 09:29:10,142 - INFO  - Watchdog has been checked: 0 passed
23.06.2014 09:31:10,316 - INFO  - Watchdog has been checked: 0 passed
23.06.2014 09:33:10,198 - INFO  - Watchdog has been checked: 0 passed
23.06.2014 09:35:10,173 - INFO  - Watchdog has been checked: 0 passed
23.06.2014 09:37:10,207 - INFO  - Watchdog has been checked: 0 passed
23.06.2014 09:39:10,255 - INFO  - Watchdog has been checked: 0 passed
23.06.2014 09:41:10,388 - INFO  - Watchdog has been checked: 0 passed
23.06.2014 09:43:10,449 - INFO  - Watchdog has been checked: 0 passed
23.06.2014 09:45:10,103 - INFO  - Watchdog has been checked: 0 passed
23.06.2014 09:47:10,154 - INFO  - Watchdog has been checked: 0 passed
23.06.2014 09:49:10,226 - INFO  - Watchdog has been checked: 0 passed
23.06.2014 09:51:10,353 - INFO  - Watchdog has been checked: 0 passed
23.06.2014 09:53:10,388 - INFO  - Watchdog has been checked: 0 passed
23.06.2014 09:55:10,224 - INFO  - Watchdog has been checked: 0 passed
23.06.2014 09:57:10,198 - INFO  - Watchdog has been checked: 0 passed
23.06.2014 09:59:10,254 - INFO  - Watchdog has been checked: 0 passed
23.06.2014 10:01:10,318 - INFO  - Watchdog has been checked: 0 passed
23.06.2014 10:03:10,409 - INFO  - Watchdog has been checked: 0 passed
23.06.2014 10:05:11,181 - INFO  - Watchdog has been checked: 0 passed
23.06.2014 10:07:11,185 - INFO  - Watchdog has been checked: 0 passed
23.06.2014 10:09:11,264 - INFO  - Watchdog has been checked: 0 passed
23.06.2014 10:11:11,311 - INFO  - Watchdog has been checked: 0 passed
23.06.2014 10:13:11,089 - INFO  - Watchdog has been checked: 0 passed
23.06.2014 10:15:11,310 - INFO  - Watchdog has been checked: 0 passed
23.06.2014 10:17:11,376 - INFO  - Watchdog has been checked: 0 passed
23.06.2014 10:19:11,149 - INFO  - Watchdog has been checked: 0 passed
23.06.2014 10:21:11,114 - INFO  - Watchdog has been checked: 0 passed
23.06.2014 10:23:10,148 - INFO  - Watchdog has been checked: 0 passed
23.06.2014 10:25:09,243 - INFO  - Watchdog has been checked: 0 passed
23.06.2014 10:27:09,258 - INFO  - Watchdog has been checked: 0 passed
23.06.2014 10:29:09,112 - INFO  - Watchdog has been checked: 0 passed
23.06.2014 10:31:09,205 - INFO  - Watchdog has been checked: 0 passed
23.06.2014 10:33:08,228 - INFO  - Watchdog has been checked: 0 passed
23.06.2014 10:35:08,332 - INFO  - Watchdog has been checked: 0 passed
23.06.2014 10:37:08,283 - INFO  - Watchdog has been checked: 0 passed
23.06.2014 10:39:08,093 - INFO  - Watchdog has been checked: 0 passed
23.06.2014 10:41:08,159 - INFO  - Watchdog has been checked: 0 passed
23.06.2014 10:43:08,198 - INFO  - Watchdog has been checked: 0 passed
23.06.2014 10:45:08,251 - INFO  - Watchdog has been checked: 0 passed
23.06.2014 10:47:08,301 - INFO  - Watchdog has been checked: 0 passed
23.06.2014 10:49:08,355 - INFO  - Watchdog has been checked: 0 passed
23.06.2014 10:51:08,178 - INFO  - Watchdog has been checked: 0 passed
23.06.2014 10:53:08,199 - INFO  - Watchdog has been checked: 0 passed
23.06.2014 10:55:08,115 - INFO  - Watchdog has been checked: 0 passed
23.06.2014 10:57:08,154 - INFO  - Watchdog has been checked: 0 passed
23.06.2014 10:59:08,219 - INFO  - Watchdog has been checked: 0 passed
23.06.2014 11:01:08,155 - INFO  - Watchdog has been checked: 0 passed
23.06.2014 11:03:07,116 - INFO  - Watchdog has been checked: 0 passed
23.06.2014 11:05:07,183 - INFO  - Watchdog has been checked: 0 passed
23.06.2014 11:07:07,223 - INFO  - Watchdog has been checked: 0 passed
23.06.2014 11:09:07,301 - INFO  - Watchdog has been checked: 0 passed
23.06.2014 11:11:07,191 - INFO  - Watchdog has been checked: 0 passed
23.06.2014 11:13:07,140 - INFO  - Watchdog has been checked: 0 passed
23.06.2014 11:15:07,070 - INFO  - Watchdog has been checked: 0 passed
23.06.2014 11:17:07,052 - INFO  - Watchdog has been checked: 0 passed
23.06.2014 11:19:07,142 - INFO  - Watchdog has been checked: 0 passed
23.06.2014 11:21:07,278 - INFO  - Watchdog has been checked: 0 passed
23.06.2014 11:23:07,264 - INFO  - Watchdog has been checked: 0 passed
23.06.2014 11:25:07,325 - INFO  - Watchdog has been checked: 0 passed
23.06.2014 11:27:07,107 - INFO  - Watchdog has been checked: 0 passed
23.06.2014 11:29:07,139 - INFO  - Watchdog has been checked: 0 passed
23.06.2014 11:31:07,262 - INFO  - Watchdog has been checked: 0 passed
23.06.2014 11:33:07,257 - INFO  - Watchdog has been checked: 0 passed
23.06.2014 11:35:07,031 - INFO  - Watchdog has been checked: 0 passed
23.06.2014 11:37:07,262 - INFO  - Watchdog has been checked: 0 passed
23.06.2014 11:39:07,093 - INFO  - Watchdog has been checked: 0 passed
23.06.2014 11:41:07,260 - INFO  - Watchdog has been checked: 0 passed
23.06.2014 11:43:07,193 - INFO  - Watchdog has been checked: 0 passed
23.06.2014 11:45:07,232 - INFO  - Watchdog has been checked: 0 passed
23.06.2014 11:47:07,089 - INFO  - Watchdog has been checked: 0 passed
23.06.2014 11:49:06,094 - INFO  - Watchdog has been checked: 0 passed
23.06.2014 11:51:06,245 - INFO  - Watchdog has been checked: 0 passed
23.06.2014 11:53:06,304 - INFO  - Watchdog has been checked: 0 passed
23.06.2014 11:55:06,351 - INFO  - Watchdog has been checked: 0 passed
23.06.2014 11:57:06,077 - INFO  - Watchdog has been checked: 0 passed
23.06.2014 11:59:05,141 - INFO  - Watchdog has been checked: 0 passed
23.06.2014 12:01:05,290 - INFO  - Watchdog has been checked: 0 passed
23.06.2014 12:03:05,353 - INFO  - Watchdog has been checked: 0 passed
23.06.2014 12:05:05,404 - INFO  - Watchdog has been checked: 0 passed
23.06.2014 12:07:05,178 - INFO  - Watchdog has been checked: 0 passed
23.06.2014 12:09:05,228 - INFO  - Watchdog has been checked: 0 passed
23.06.2014 12:11:05,295 - INFO  - Watchdog has been checked: 0 passed
23.06.2014 12:13:05,100 - INFO  - Watchdog has been checked: 0 passed
23.06.2014 12:15:05,130 - INFO  - Watchdog has been checked: 0 passed
23.06.2014 12:16:48,355 - INFO  - searcher identified --- respT: 39ms, 39727 results, q=, 
23.06.2014 12:16:55,862 - INFO  - searcher identified --- respT: 16ms, 12984 results, type:image, q=, 
23.06.2014 12:16:59,486 - INFO  - searcher identified --- respT: 16ms, 12984 results, type:image, q=, page turned
23.06.2014 12:17:05,230 - INFO  - Watchdog has been checked: 0 passed
23.06.2014 12:17:06,281 - INFO  - searcher identified --- respT: 19ms, 12984 results, type:image, q=, page turned
23.06.2014 12:17:24,525 - INFO  - searcher identified --- respT: 18ms, 12984 results, type:image, q=, page turned
23.06.2014 12:17:37,690 - INFO  - searcher identified --- respT: 19ms, 12984 results, type:image, q=, page turned
23.06.2014 12:17:56,239 - INFO  - searcher identified --- respT: 19ms, 12984 results, type:image, q=, page turned
23.06.2014 12:18:13,457 - INFO  - searcher identified --- respT: 18ms, 12984 results, type:image, q=, page turned
23.06.2014 12:18:30,710 - INFO  - searcher identified --- respT: 19ms, 12984 results, type:image, q=, page turned
23.06.2014 12:18:36,528 - INFO  - searcher identified --- respT: 19ms, 12984 results, type:image, q=, page turned
23.06.2014 12:18:45,943 - INFO  - searcher identified --- respT: 19ms, 12984 results, type:image, q=, page turned
23.06.2014 12:18:51,677 - INFO  - searcher identified --- respT: 19ms, 12984 results, type:image, q=, page turned
23.06.2014 12:19:05,313 - INFO  - Watchdog has been checked: 0 passed
23.06.2014 12:19:17,195 - INFO  - searcher identified --- respT: 19ms, 12984 results, type:image, q=, page turned
23.06.2014 12:20:06,382 - INFO  - searcher identified --- respT: 20ms, 12984 results, type:image, q=, page turned
23.06.2014 12:20:19,536 - INFO  - searcher identified --- respT: 20ms, 12984 results, type:image, q=, page turned
23.06.2014 12:20:52,463 - INFO  - searcher identified --- respT: 19ms, 12984 results, type:image, q=, page turned
23.06.2014 12:21:05,386 - INFO  - Watchdog has been checked: 0 passed
23.06.2014 12:21:08,339 - INFO  - searcher identified --- respT: 20ms, 12984 results, type:image, q=, page turned
23.06.2014 12:21:21,481 - INFO  - searcher identified --- respT: 24ms, 12984 results, type:image, q=, page turned
23.06.2014 12:23:05,154 - INFO  - Watchdog has been checked: 0 passed
23.06.2014 12:25:05,216 - INFO  - Watchdog has been checked: 0 passed
23.06.2014 12:27:05,263 - INFO  - Watchdog has been checked: 0 passed
23.06.2014 12:29:05,385 - INFO  - Watchdog has been checked: 0 passed
23.06.2014 12:31:05,100 - INFO  - Watchdog has been checked: 0 passed
23.06.2014 12:33:05,136 - INFO  - Watchdog has been checked: 0 passed
23.06.2014 12:35:05,127 - INFO  - Watchdog has been checked: 0 passed
23.06.2014 12:37:05,175 - INFO  - Watchdog has been checked: 0 passed
23.06.2014 12:39:05,216 - INFO  - Watchdog has been checked: 0 passed
23.06.2014 12:41:05,058 - INFO  - Watchdog has been checked: 0 passed
23.06.2014 12:43:05,089 - INFO  - Watchdog has been checked: 0 passed
23.06.2014 12:45:05,096 - INFO  - Watchdog has been checked: 0 passed
23.06.2014 12:47:05,218 - INFO  - Watchdog has been checked: 0 passed
23.06.2014 12:49:05,318 - INFO  - Watchdog has been checked: 0 passed
23.06.2014 12:51:05,151 - INFO  - Watchdog has been checked: 0 passed
23.06.2014 12:53:05,209 - INFO  - Watchdog has been checked: 0 passed
23.06.2014 12:55:05,223 - INFO  - Watchdog has been checked: 0 passed
23.06.2014 12:57:05,283 - INFO  - Watchdog has been checked: 0 passed
23.06.2014 12:59:05,358 - INFO  - Watchdog has been checked: 0 passed
23.06.2014 13:01:05,175 - INFO  - Watchdog has been checked: 0 passed
23.06.2014 13:03:05,251 - INFO  - Watchdog has been checked: 0 passed
23.06.2014 13:05:05,264 - INFO  - Watchdog has been checked: 0 passed
23.06.2014 13:07:05,324 - INFO  - Watchdog has been checked: 0 passed
23.06.2014 13:09:05,426 - INFO  - Watchdog has been checked: 0 passed
23.06.2014 13:11:05,293 - INFO  - Watchdog has been checked: 0 passed
23.06.2014 13:13:05,316 - INFO  - Watchdog has been checked: 0 passed
23.06.2014 13:15:05,363 - INFO  - Watchdog has been checked: 0 passed
23.06.2014 13:17:05,465 - INFO  - Watchdog has been checked: 0 passed
23.06.2014 13:19:05,301 - INFO  - Watchdog has been checked: 0 passed
23.06.2014 13:21:05,406 - INFO  - Watchdog has been checked: 0 passed
23.06.2014 13:21:40,455 - INFO  - searcher identified --- respT: 20ms, 12985 results, type:image, q=, page turned
23.06.2014 13:21:53,064 - INFO  - searcher identified --- respT: 19ms, 12985 results, type:image, q=, page turned
23.06.2014 13:22:01,290 - INFO  - searcher identified --- respT: 20ms, 12985 results, type:image, q=, page turned
23.06.2014 13:22:10,199 - INFO  - searcher identified --- respT: 19ms, 12985 results, type:image, q=, page turned
23.06.2014 13:22:19,824 - INFO  - searcher identified --- respT: 19ms, 12985 results, type:image, q=, page turned
23.06.2014 13:22:34,985 - INFO  - searcher identified --- respT: 19ms, 12985 results, type:image, q=, page turned
23.06.2014 13:22:51,306 - INFO  - searcher identified --- respT: 19ms, 12985 results, type:image, q=, page turned
23.06.2014 13:23:05,440 - INFO  - Watchdog has been checked: 0 passed
23.06.2014 13:23:06,221 - INFO  - searcher identified --- respT: 20ms, 12985 results, type:image, q=, page turned
23.06.2014 13:23:21,420 - INFO  - searcher identified --- respT: 20ms, 12985 results, type:image, q=, page turned
23.06.2014 13:23:35,213 - INFO  - searcher identified --- respT: 21ms, 12985 results, type:image, q=, page turned
23.06.2014 13:23:55,849 - INFO  - searcher identified --- respT: 19ms, 12985 results, type:image, q=, page turned
23.06.2014 13:24:15,827 - INFO  - searcher identified --- respT: 20ms, 12985 results, type:image, q=, page turned
23.06.2014 13:24:32,217 - INFO  - searcher identified --- respT: 20ms, 12985 results, type:image, q=, page turned
23.06.2014 13:24:57,631 - INFO  - searcher identified --- respT: 19ms, 12985 results, type:image, q=, page turned
23.06.2014 13:25:05,446 - INFO  - Watchdog has been checked: 0 passed
23.06.2014 13:27:05,279 - INFO  - Watchdog has been checked: 0 passed
23.06.2014 13:29:05,369 - INFO  - Watchdog has been checked: 0 passed
23.06.2014 13:31:05,436 - INFO  - Watchdog has been checked: 0 passed
23.06.2014 13:33:05,290 - INFO  - Watchdog has been checked: 0 passed
23.06.2014 13:35:05,263 - INFO  - Watchdog has been checked: 0 passed
23.06.2014 13:37:05,322 - INFO  - Watchdog has been checked: 0 passed
23.06.2014 13:39:05,419 - INFO  - Watchdog has been checked: 0 passed
23.06.2014 13:41:05,246 - INFO  - Watchdog has been checked: 0 passed
23.06.2014 13:43:05,271 - INFO  - Watchdog has been checked: 0 passed
23.06.2014 13:45:05,303 - INFO  - Watchdog has been checked: 0 passed
23.06.2014 13:47:05,325 - INFO  - Watchdog has been checked: 0 passed
23.06.2014 13:49:05,175 - INFO  - Watchdog has been checked: 0 passed
23.06.2014 13:51:04,196 - INFO  - Watchdog has been checked: 0 passed
23.06.2014 13:53:04,236 - INFO  - Watchdog has been checked: 0 passed
23.06.2014 13:55:04,358 - INFO  - Watchdog has been checked: 0 passed
23.06.2014 13:57:04,206 - INFO  - Watchdog has been checked: 0 passed
23.06.2014 13:59:03,178 - INFO  - Watchdog has been checked: 0 passed
23.06.2014 14:01:03,064 - INFO  - Watchdog has been checked: 0 passed
23.06.2014 14:03:02,064 - INFO  - Watchdog has been checked: 0 passed
23.06.2014 14:05:01,034 - INFO  - Watchdog has been checked: 0 passed
23.06.2014 14:07:00,080 - INFO  - Watchdog has been checked: 0 passed
23.06.2014 14:09:00,121 - INFO  - Watchdog has been checked: 0 passed
23.06.2014 14:11:00,003 - INFO  - Watchdog has been checked: 0 passed
23.06.2014 14:12:59,030 - INFO  - Watchdog has been checked: 0 passed
23.06.2014 14:14:58,073 - INFO  - Watchdog has been checked: 0 passed
23.06.2014 14:16:57,152 - INFO  - Watchdog has been checked: 0 passed
23.06.2014 14:18:57,144 - INFO  - Watchdog has been checked: 0 passed
23.06.2014 14:20:57,078 - INFO  - Watchdog has been checked: 0 passed
23.06.2014 14:22:56,107 - INFO  - Watchdog has been checked: 0 passed
23.06.2014 14:24:56,131 - INFO  - Watchdog has been checked: 0 passed
23.06.2014 14:26:56,275 - INFO  - Watchdog has been checked: 0 passed
23.06.2014 14:28:56,045 - INFO  - Watchdog has been checked: 0 passed
23.06.2014 14:30:55,161 - INFO  - Watchdog has been checked: 0 passed
23.06.2014 14:32:55,207 - INFO  - Watchdog has been checked: 0 passed
23.06.2014 14:34:55,228 - INFO  - Watchdog has been checked: 0 passed
23.06.2014 14:36:55,074 - INFO  - Watchdog has been checked: 0 passed
23.06.2014 14:38:55,109 - INFO  - Watchdog has been checked: 0 passed
23.06.2014 14:40:55,246 - INFO  - Watchdog has been checked: 0 passed
23.06.2014 14:42:55,318 - INFO  - Watchdog has been checked: 0 passed
23.06.2014 14:44:55,292 - INFO  - Watchdog has been checked: 0 passed
23.06.2014 14:46:55,138 - INFO  - Watchdog has been checked: 0 passed
23.06.2014 14:48:55,145 - INFO  - Watchdog has been checked: 0 passed
23.06.2014 14:50:55,284 - INFO  - Watchdog has been checked: 0 passed
23.06.2014 14:52:55,333 - INFO  - Watchdog has been checked: 0 passed
23.06.2014 14:54:55,326 - INFO  - Watchdog has been checked: 0 passed
23.06.2014 14:56:55,172 - INFO  - Watchdog has been checked: 0 passed
23.06.2014 14:58:55,275 - INFO  - Watchdog has been checked: 0 passed
23.06.2014 15:00:55,411 - INFO  - Watchdog has been checked: 0 passed
23.06.2014 15:02:55,233 - INFO  - Watchdog has been checked: 0 passed
23.06.2014 15:04:55,243 - INFO  - Watchdog has been checked: 0 passed
23.06.2014 15:06:55,300 - INFO  - Watchdog has been checked: 0 passed
23.06.2014 15:08:55,308 - INFO  - Watchdog has been checked: 0 passed
23.06.2014 15:10:55,433 - INFO  - Watchdog has been checked: 0 passed
23.06.2014 15:12:55,245 - INFO  - Watchdog has been checked: 0 passed
23.06.2014 15:14:55,285 - INFO  - Watchdog has been checked: 0 passed
23.06.2014 15:16:55,370 - INFO  - Watchdog has been checked: 0 passed
23.06.2014 15:18:55,399 - INFO  - Watchdog has been checked: 0 passed
23.06.2014 15:20:55,514 - INFO  - Watchdog has been checked: 0 passed
23.06.2014 15:22:55,319 - INFO  - Watchdog has been checked: 0 passed
23.06.2014 15:24:55,332 - INFO  - Watchdog has been checked: 0 passed
23.06.2014 15:26:55,401 - INFO  - Watchdog has been checked: 0 passed
23.06.2014 15:28:55,391 - INFO  - Watchdog has been checked: 0 passed
23.06.2014 15:30:55,267 - INFO  - Watchdog has been checked: 0 passed
23.06.2014 15:32:55,282 - INFO  - Watchdog has been checked: 0 passed
23.06.2014 15:34:55,293 - INFO  - Watchdog has been checked: 0 passed
23.06.2014 15:36:55,134 - INFO  - Watchdog has been checked: 0 passed
23.06.2014 15:38:55,145 - INFO  - Watchdog has been checked: 0 passed
23.06.2014 15:40:55,232 - INFO  - Watchdog has been checked: 0 passed
23.06.2014 15:42:55,027 - INFO  - Watchdog has been checked: 0 passed
23.06.2014 15:44:54,031 - INFO  - Watchdog has been checked: 0 passed
23.06.2014 15:46:53,109 - INFO  - Watchdog has been checked: 0 passed
23.06.2014 15:48:53,123 - INFO  - Watchdog has been checked: 0 passed
23.06.2014 15:50:53,201 - INFO  - Watchdog has been checked: 0 passed
23.06.2014 15:52:53,001 - INFO  - Watchdog has been checked: 0 passed
23.06.2014 15:54:52,255 - INFO  - Watchdog has been checked: 0 passed
23.06.2014 15:56:52,133 - INFO  - Watchdog has been checked: 0 passed
23.06.2014 15:58:51,059 - INFO  - Watchdog has been checked: 0 passed
23.06.2014 16:00:50,235 - INFO  - Watchdog has been checked: 0 passed
23.06.2014 16:02:50,298 - INFO  - Watchdog has been checked: 0 passed
23.06.2014 16:04:50,255 - INFO  - Watchdog has been checked: 0 passed
23.06.2014 16:06:50,094 - INFO  - Watchdog has been checked: 0 passed
23.06.2014 16:08:49,170 - INFO  - Watchdog has been checked: 0 passed
23.06.2014 16:10:48,288 - INFO  - Watchdog has been checked: 0 passed
23.06.2014 16:12:48,379 - INFO  - Watchdog has been checked: 0 passed
23.06.2014 16:14:48,144 - INFO  - Watchdog has been checked: 0 passed
23.06.2014 16:16:47,188 - INFO  - Watchdog has been checked: 0 passed
23.06.2014 16:17:14,354 - INFO  - searcher identified --- respT: 41ms, 71774 results, q=, 
23.06.2014 16:17:16,534 - INFO  - searcher identified --- respT: 48ms, no results, q=http://i.psi.ch/CzBY, 
23.06.2014 16:17:20,697 - INFO  - searcher identified --- respT: 62ms, 592 results, q=CzBY, 
23.06.2014 16:17:21,731 - INFO  - searcher identified --- respT: 35ms, 592 results, q=CzBY, 
23.06.2014 16:18:46,210 - INFO  - Watchdog has been checked: 0 passed
23.06.2014 16:20:46,322 - INFO  - Watchdog has been checked: 0 passed
23.06.2014 16:22:46,199 - INFO  - Watchdog has been checked: 0 passed
23.06.2014 16:24:46,176 - INFO  - Watchdog has been checked: 0 passed
23.06.2014 16:26:46,280 - INFO  - Watchdog has been checked: 0 passed
23.06.2014 16:28:46,339 - INFO  - Watchdog has been checked: 0 passed
23.06.2014 16:30:46,231 - INFO  - Watchdog has been checked: 0 passed
23.06.2014 16:32:46,272 - INFO  - Watchdog has been checked: 0 passed
23.06.2014 16:34:46,311 - INFO  - Watchdog has been checked: 0 passed
23.06.2014 16:36:46,342 - INFO  - Watchdog has been checked: 0 passed
23.06.2014 16:38:46,351 - INFO  - Watchdog has been checked: 0 passed
23.06.2014 16:40:46,216 - INFO  - Watchdog has been checked: 0 passed
23.06.2014 16:42:46,236 - INFO  - Watchdog has been checked: 0 passed
23.06.2014 16:44:46,276 - INFO  - Watchdog has been checked: 0 passed
23.06.2014 16:46:46,090 - INFO  - Watchdog has been checked: 0 passed
23.06.2014 16:48:46,159 - INFO  - Watchdog has been checked: 0 passed
23.06.2014 16:50:46,246 - INFO  - Watchdog has been checked: 0 passed
23.06.2014 16:52:46,045 - INFO  - Watchdog has been checked: 0 passed
23.06.2014 16:54:46,070 - INFO  - Watchdog has been checked: 0 passed
23.06.2014 16:56:46,131 - INFO  - Watchdog has been checked: 0 passed
23.06.2014 16:58:46,207 - INFO  - Watchdog has been checked: 0 passed
23.06.2014 17:00:46,277 - INFO  - Watchdog has been checked: 0 passed
23.06.2014 17:02:46,093 - INFO  - Watchdog has been checked: 0 passed
23.06.2014 17:04:45,121 - INFO  - Watchdog has been checked: 0 passed
23.06.2014 17:06:45,177 - INFO  - Watchdog has been checked: 0 passed
23.06.2014 17:08:45,201 - INFO  - Watchdog has been checked: 0 passed
23.06.2014 17:10:45,110 - INFO  - Watchdog has been checked: 0 passed
23.06.2014 17:12:44,153 - INFO  - Watchdog has been checked: 0 passed
23.06.2014 17:14:44,267 - INFO  - Watchdog has been checked: 0 passed
23.06.2014 17:16:44,283 - INFO  - Watchdog has been checked: 0 passed
23.06.2014 17:18:44,283 - INFO  - Watchdog has been checked: 0 passed
23.06.2014 17:20:44,223 - INFO  - Watchdog has been checked: 0 passed
23.06.2014 17:22:44,256 - INFO  - Watchdog has been checked: 0 passed
23.06.2014 17:24:44,285 - INFO  - Watchdog has been checked: 0 passed
23.06.2014 17:26:44,489 - INFO  - Watchdog has been checked: 0 passed
23.06.2014 17:28:44,139 - INFO  - Watchdog has been checked: 0 passed
23.06.2014 17:30:44,250 - INFO  - Watchdog has been checked: 0 passed
23.06.2014 17:32:44,309 - INFO  - Watchdog has been checked: 0 passed
23.06.2014 17:34:44,341 - INFO  - Watchdog has been checked: 0 passed
23.06.2014 17:36:44,455 - INFO  - Watchdog has been checked: 0 passed
23.06.2014 17:38:44,463 - INFO  - Watchdog has been checked: 0 passed
23.06.2014 17:40:44,358 - INFO  - Watchdog has been checked: 0 passed
23.06.2014 17:42:44,398 - INFO  - Watchdog has been checked: 0 passed
23.06.2014 17:44:44,357 - INFO  - Watchdog has been checked: 0 passed
23.06.2014 17:46:44,659 - INFO  - Watchdog has been checked: 0 passed
23.06.2014 17:48:44,214 - INFO  - Watchdog has been checked: 0 passed
23.06.2014 17:50:44,319 - INFO  - Watchdog has been checked: 0 passed
23.06.2014 17:52:44,164 - INFO  - Watchdog has been checked: 0 passed
23.06.2014 17:54:44,172 - INFO  - Watchdog has been checked: 0 passed
23.06.2014 17:56:45,025 - INFO  - Watchdog has been checked: 0 passed
23.06.2014 17:58:45,294 - INFO  - Watchdog has been checked: 0 passed
23.06.2014 18:00:45,366 - INFO  - Watchdog has been checked: 0 passed
23.06.2014 18:02:45,142 - INFO  - Watchdog has been checked: 0 passed
23.06.2014 18:04:45,142 - INFO  - Watchdog has been checked: 0 passed
23.06.2014 18:06:45,222 - INFO  - Watchdog has been checked: 0 passed
23.06.2014 18:08:45,238 - INFO  - Watchdog has been checked: 0 passed
23.06.2014 18:10:45,066 - INFO  - Watchdog has been checked: 0 passed
23.06.2014 18:12:45,130 - INFO  - Watchdog has been checked: 0 passed
23.06.2014 18:14:45,126 - INFO  - Watchdog has been checked: 0 passed
23.06.2014 18:16:44,957 - INFO  - Watchdog has been checked: 0 passed
23.06.2014 18:18:20,733 - INFO  - searcher identified --- respT: 20ms, 5212 results, web:(PSIWeb), q=, 
23.06.2014 18:18:43,973 - INFO  - Watchdog has been checked: 0 passed
23.06.2014 18:20:43,062 - INFO  - Watchdog has been checked: 0 passed
23.06.2014 18:22:42,089 - INFO  - Watchdog has been checked: 0 passed
23.06.2014 18:24:41,096 - INFO  - Watchdog has been checked: 0 passed
23.06.2014 18:26:40,129 - INFO  - Watchdog has been checked: 0 passed
23.06.2014 18:28:40,156 - INFO  - Watchdog has been checked: 0 passed
23.06.2014 18:30:40,046 - INFO  - Watchdog has been checked: 0 passed
23.06.2014 18:32:39,073 - INFO  - Watchdog has been checked: 0 passed
23.06.2014 18:34:38,145 - INFO  - Watchdog has been checked: 0 passed
23.06.2014 18:36:38,173 - INFO  - Watchdog has been checked: 0 passed
23.06.2014 18:38:38,237 - INFO  - Watchdog has been checked: 0 passed
23.06.2014 18:40:38,098 - INFO  - Watchdog has been checked: 0 passed
23.06.2014 18:42:37,121 - INFO  - Watchdog has been checked: 0 passed
23.06.2014 18:44:36,212 - INFO  - Watchdog has been checked: 0 passed
23.06.2014 18:46:36,258 - INFO  - Watchdog has been checked: 0 passed
23.06.2014 18:48:36,318 - INFO  - Watchdog has been checked: 0 passed
23.06.2014 18:50:36,187 - INFO  - Watchdog has been checked: 0 passed
23.06.2014 18:52:35,217 - INFO  - Watchdog has been checked: 0 passed
23.06.2014 18:54:35,287 - INFO  - Watchdog has been checked: 0 passed
23.06.2014 18:56:35,335 - INFO  - Watchdog has been checked: 0 passed
23.06.2014 18:58:35,356 - INFO  - Watchdog has been checked: 0 passed
23.06.2014 19:00:35,271 - INFO  - Watchdog has been checked: 0 passed
23.06.2014 19:02:35,266 - INFO  - Watchdog has been checked: 0 passed
23.06.2014 19:04:35,355 - INFO  - Watchdog has been checked: 0 passed
23.06.2014 19:06:35,422 - INFO  - Watchdog has been checked: 0 passed
23.06.2014 19:08:35,428 - INFO  - Watchdog has been checked: 0 passed
23.06.2014 19:10:35,319 - INFO  - Watchdog has been checked: 0 passed
23.06.2014 19:12:35,322 - INFO  - Watchdog has been checked: 0 passed
23.06.2014 19:14:35,400 - INFO  - Watchdog has been checked: 0 passed
23.06.2014 19:16:35,149 - INFO  - Watchdog has been checked: 0 passed
23.06.2014 19:18:35,165 - INFO  - Watchdog has been checked: 0 passed
23.06.2014 19:20:35,304 - INFO  - Watchdog has been checked: 0 passed
23.06.2014 19:22:35,271 - INFO  - Watchdog has been checked: 0 passed
23.06.2014 19:24:35,063 - INFO  - Watchdog has been checked: 0 passed
23.06.2014 19:26:35,080 - INFO  - Watchdog has been checked: 0 passed
23.06.2014 19:28:35,077 - INFO  - Watchdog has been checked: 0 passed
23.06.2014 19:30:35,220 - INFO  - Watchdog has been checked: 0 passed
23.06.2014 19:32:35,232 - INFO  - Watchdog has been checked: 0 passed
23.06.2014 19:34:35,290 - INFO  - Watchdog has been checked: 0 passed
23.06.2014 19:36:35,083 - INFO  - Watchdog has been checked: 0 passed
23.06.2014 19:38:35,059 - INFO  - Watchdog has been checked: 0 passed
23.06.2014 19:40:34,206 - INFO  - Watchdog has been checked: 0 passed
23.06.2014 19:42:34,241 - INFO  - Watchdog has been checked: 0 passed
23.06.2014 19:44:34,018 - INFO  - Watchdog has been checked: 0 passed
23.06.2014 19:46:34,169 - INFO  - Watchdog has been checked: 0 passed
23.06.2014 19:48:34,155 - INFO  - Watchdog has been checked: 0 passed
23.06.2014 19:50:34,315 - INFO  - Watchdog has been checked: 0 passed
23.06.2014 19:52:34,114 - INFO  - Watchdog has been checked: 0 passed
23.06.2014 19:54:34,192 - INFO  - Watchdog has been checked: 0 passed
23.06.2014 19:56:34,245 - INFO  - Watchdog has been checked: 0 passed
23.06.2014 19:58:34,252 - INFO  - Watchdog has been checked: 0 passed
23.06.2014 20:00:34,905 - INFO  - Watchdog has been checked: 0 passed
23.06.2014 20:02:34,156 - INFO  - Watchdog has been checked: 0 passed
23.06.2014 20:04:34,225 - INFO  - Watchdog has been checked: 0 passed
23.06.2014 20:06:34,251 - INFO  - Watchdog has been checked: 0 passed
23.06.2014 20:08:34,238 - INFO  - Watchdog has been checked: 0 passed
23.06.2014 20:10:34,424 - INFO  - Watchdog has been checked: 0 passed
23.06.2014 20:12:34,182 - INFO  - Watchdog has been checked: 0 passed
23.06.2014 20:14:34,229 - INFO  - Watchdog has been checked: 0 passed
23.06.2014 20:16:34,327 - INFO  - Watchdog has been checked: 0 passed
23.06.2014 20:18:34,331 - INFO  - Watchdog has been checked: 0 passed
23.06.2014 20:20:34,234 - INFO  - Watchdog has been checked: 0 passed
23.06.2014 20:22:34,248 - INFO  - Watchdog has been checked: 0 passed
23.06.2014 20:24:34,348 - INFO  - Watchdog has been checked: 0 passed
23.06.2014 20:26:34,418 - INFO  - Watchdog has been checked: 0 passed
23.06.2014 20:28:34,232 - INFO  - Watchdog has been checked: 0 passed
23.06.2014 20:30:34,405 - INFO  - Watchdog has been checked: 0 passed
23.06.2014 20:32:34,437 - INFO  - Watchdog has been checked: 0 passed
23.06.2014 20:34:34,225 - INFO  - Watchdog has been checked: 0 passed
23.06.2014 20:36:34,281 - INFO  - Watchdog has been checked: 0 passed
23.06.2014 20:38:34,280 - INFO  - Watchdog has been checked: 0 passed
23.06.2014 20:40:34,112 - INFO  - Watchdog has been checked: 0 passed
23.06.2014 20:42:34,106 - INFO  - Watchdog has been checked: 0 passed
23.06.2014 20:44:34,131 - INFO  - Watchdog has been checked: 0 passed
23.06.2014 20:46:33,921 - INFO  - Watchdog has been checked: 0 passed
23.06.2014 20:48:32,987 - INFO  - Watchdog has been checked: 0 passed
23.06.2014 20:50:32,128 - INFO  - Watchdog has been checked: 0 passed
23.06.2014 20:52:32,197 - INFO  - Watchdog has been checked: 0 passed
23.06.2014 20:54:32,061 - INFO  - Watchdog has been checked: 0 passed
23.06.2014 20:56:32,102 - INFO  - Watchdog has been checked: 0 passed
23.06.2014 20:58:32,155 - INFO  - Watchdog has been checked: 0 passed
23.06.2014 21:00:32,031 - INFO  - Watchdog has been checked: 0 passed
23.06.2014 21:02:31,014 - INFO  - Watchdog has been checked: 0 passed
23.06.2014 21:04:30,068 - INFO  - Watchdog has been checked: 0 passed
23.06.2014 21:06:29,100 - INFO  - Watchdog has been checked: 0 passed
23.06.2014 21:08:29,185 - INFO  - Watchdog has been checked: 0 passed
23.06.2014 21:10:29,065 - INFO  - Watchdog has been checked: 0 passed
23.06.2014 21:12:29,086 - INFO  - Watchdog has been checked: 0 passed
23.06.2014 21:14:29,218 - INFO  - Watchdog has been checked: 0 passed
23.06.2014 21:16:29,273 - INFO  - Watchdog has been checked: 0 passed
23.06.2014 21:18:29,086 - INFO  - Watchdog has been checked: 0 passed
23.06.2014 21:20:28,295 - INFO  - Watchdog has been checked: 0 passed
23.06.2014 21:22:28,296 - INFO  - Watchdog has been checked: 0 passed
23.06.2014 21:24:28,122 - INFO  - Watchdog has been checked: 0 passed
23.06.2014 21:26:28,177 - INFO  - Watchdog has been checked: 0 passed
23.06.2014 21:28:28,188 - INFO  - Watchdog has been checked: 0 passed
23.06.2014 21:30:28,288 - INFO  - Watchdog has been checked: 0 passed
23.06.2014 21:32:28,279 - INFO  - Watchdog has been checked: 0 passed
23.06.2014 21:34:28,141 - INFO  - Watchdog has been checked: 0 passed
23.06.2014 21:36:28,156 - INFO  - Watchdog has been checked: 0 passed
23.06.2014 21:38:28,184 - INFO  - Watchdog has been checked: 0 passed
23.06.2014 21:40:28,344 - INFO  - Watchdog has been checked: 0 passed
23.06.2014 21:42:28,341 - INFO  - Watchdog has been checked: 0 passed
23.06.2014 21:44:28,205 - INFO  - Watchdog has been checked: 0 passed
23.06.2014 21:46:28,276 - INFO  - Watchdog has been checked: 0 passed
23.06.2014 21:48:28,273 - INFO  - Watchdog has been checked: 0 passed
23.06.2014 21:50:28,204 - INFO  - Watchdog has been checked: 0 passed
23.06.2014 21:52:28,214 - INFO  - Watchdog has been checked: 0 passed
23.06.2014 21:54:28,318 - INFO  - Watchdog has been checked: 0 passed
23.06.2014 21:56:28,379 - INFO  - Watchdog has been checked: 0 passed
23.06.2014 21:58:28,367 - INFO  - Watchdog has been checked: 0 passed
23.06.2014 22:00:28,303 - INFO  - Watchdog has been checked: 0 passed
23.06.2014 22:02:28,310 - INFO  - Watchdog has been checked: 0 passed
23.06.2014 22:04:28,416 - INFO  - Watchdog has been checked: 0 passed
23.06.2014 22:06:28,210 - INFO  - Watchdog has been checked: 0 passed
23.06.2014 22:08:28,180 - INFO  - Watchdog has been checked: 0 passed
23.06.2014 22:10:28,156 - INFO  - Watchdog has been checked: 0 passed
23.06.2014 22:12:28,186 - INFO  - Watchdog has been checked: 0 passed
23.06.2014 22:14:28,270 - INFO  - Watchdog has been checked: 0 passed
23.06.2014 22:16:28,366 - INFO  - Watchdog has been checked: 0 passed
23.06.2014 22:18:28,313 - INFO  - Watchdog has been checked: 0 passed
23.06.2014 22:20:28,222 - INFO  - Watchdog has been checked: 0 passed
23.06.2014 22:22:28,206 - INFO  - Watchdog has been checked: 0 passed
23.06.2014 22:24:28,238 - INFO  - Watchdog has been checked: 0 passed
23.06.2014 22:26:28,057 - INFO  - Watchdog has been checked: 0 passed
23.06.2014 22:28:27,272 - INFO  - Watchdog has been checked: 0 passed
23.06.2014 22:30:27,047 - INFO  - Watchdog has been checked: 0 passed
23.06.2014 22:32:26,053 - INFO  - Watchdog has been checked: 0 passed
23.06.2014 22:34:25,106 - INFO  - Watchdog has been checked: 0 passed
23.06.2014 22:36:25,172 - INFO  - Watchdog has been checked: 0 passed
23.06.2014 22:38:25,174 - INFO  - Watchdog has been checked: 0 passed
23.06.2014 22:40:25,064 - INFO  - Watchdog has been checked: 0 passed
23.06.2014 22:42:25,175 - INFO  - Watchdog has been checked: 0 passed
23.06.2014 22:44:25,215 - INFO  - Watchdog has been checked: 0 passed
23.06.2014 22:46:25,297 - INFO  - Watchdog has been checked: 0 passed
23.06.2014 22:48:25,308 - INFO  - Watchdog has been checked: 0 passed
23.06.2014 22:50:25,114 - INFO  - Watchdog has been checked: 0 passed
23.06.2014 22:52:25,138 - INFO  - Watchdog has been checked: 0 passed
23.06.2014 22:54:25,173 - INFO  - Watchdog has been checked: 0 passed
23.06.2014 22:56:25,261 - INFO  - Watchdog has been checked: 0 passed
23.06.2014 22:58:25,234 - INFO  - Watchdog has been checked: 0 passed
23.06.2014 23:00:25,137 - INFO  - Watchdog has been checked: 0 passed
23.06.2014 23:02:25,177 - INFO  - Watchdog has been checked: 0 passed
23.06.2014 23:04:25,234 - INFO  - Watchdog has been checked: 0 passed
23.06.2014 23:06:25,287 - INFO  - Watchdog has been checked: 0 passed
23.06.2014 23:08:25,360 - INFO  - Watchdog has been checked: 0 passed
23.06.2014 23:10:25,230 - INFO  - Watchdog has been checked: 0 passed
23.06.2014 23:12:25,248 - INFO  - Watchdog has been checked: 0 passed
23.06.2014 23:14:25,357 - INFO  - Watchdog has been checked: 0 passed
23.06.2014 23:16:25,146 - INFO  - Watchdog has been checked: 0 passed
23.06.2014 23:18:25,183 - INFO  - Watchdog has been checked: 0 passed
23.06.2014 23:20:25,289 - INFO  - Watchdog has been checked: 0 passed
23.06.2014 23:22:25,315 - INFO  - Watchdog has been checked: 0 passed
23.06.2014 23:24:25,110 - INFO  - Watchdog has been checked: 0 passed
23.06.2014 23:26:25,172 - INFO  - Watchdog has been checked: 0 passed
23.06.2014 23:28:25,272 - INFO  - Watchdog has been checked: 0 passed
23.06.2014 23:30:25,184 - INFO  - Watchdog has been checked: 0 passed
23.06.2014 23:31:25,311 - INFO  - Watchdog has been checked: 0 passed
23.06.2014 23:33:25,368 - INFO  - Watchdog has been checked: 0 passed
23.06.2014 23:35:25,158 - INFO  - Watchdog has been checked: 0 passed
23.06.2014 23:37:25,195 - INFO  - Watchdog has been checked: 0 passed
23.06.2014 23:39:25,312 - INFO  - Watchdog has been checked: 0 passed
23.06.2014 23:41:25,075 - INFO  - Watchdog has been checked: 0 passed
23.06.2014 23:43:24,158 - INFO  - Watchdog has been checked: 0 passed
23.06.2014 23:45:24,214 - INFO  - Watchdog has been checked: 0 passed
23.06.2014 23:47:24,182 - INFO  - Watchdog has been checked: 0 passed
23.06.2014 23:49:24,077 - INFO  - Watchdog has been checked: 0 passed
23.06.2014 23:51:23,085 - INFO  - Watchdog has been checked: 0 passed
23.06.2014 23:53:22,214 - INFO  - Watchdog has been checked: 0 passed
23.06.2014 23:55:22,198 - INFO  - Watchdog has been checked: 0 passed
23.06.2014 23:57:22,192 - INFO  - Watchdog has been checked: 0 passed
23.06.2014 23:59:22,057 - INFO  - Watchdog has been checked: 0 passed
