21.07.2014 00:01:27,316 - INFO  - Watchdog has been checked: 0 passed
21.07.2014 00:03:27,218 - INFO  - Watchdog has been checked: 0 passed
21.07.2014 00:05:27,213 - INFO  - Watchdog has been checked: 0 passed
21.07.2014 00:07:27,301 - INFO  - Watchdog has been checked: 0 passed
21.07.2014 00:09:27,396 - INFO  - Watchdog has been checked: 0 passed
21.07.2014 00:11:27,308 - INFO  - Watchdog has been checked: 0 passed
21.07.2014 00:13:27,412 - INFO  - Watchdog has been checked: 0 passed
21.07.2014 00:15:27,354 - INFO  - Watchdog has been checked: 0 passed
21.07.2014 00:17:27,351 - INFO  - Watchdog has been checked: 0 passed
21.07.2014 00:19:27,212 - INFO  - Watchdog has been checked: 0 passed
21.07.2014 00:21:27,454 - INFO  - Watchdog has been checked: 0 passed
21.07.2014 00:23:27,257 - INFO  - Watchdog has been checked: 0 passed
21.07.2014 00:25:27,269 - INFO  - Watchdog has been checked: 0 passed
21.07.2014 00:27:27,244 - INFO  - Watchdog has been checked: 0 passed
21.07.2014 00:29:27,120 - INFO  - Watchdog has been checked: 0 passed
21.07.2014 00:31:27,297 - INFO  - Watchdog has been checked: 0 passed
21.07.2014 00:33:27,173 - INFO  - Watchdog has been checked: 0 passed
21.07.2014 00:35:27,263 - INFO  - Watchdog has been checked: 0 passed
21.07.2014 00:37:27,178 - INFO  - Watchdog has been checked: 0 passed
21.07.2014 00:39:27,244 - INFO  - Watchdog has been checked: 0 passed
21.07.2014 00:41:27,379 - INFO  - Watchdog has been checked: 0 passed
21.07.2014 00:43:27,354 - INFO  - Watchdog has been checked: 0 passed
21.07.2014 00:45:27,104 - INFO  - Watchdog has been checked: 0 passed
21.07.2014 00:47:27,163 - INFO  - Watchdog has been checked: 0 passed
21.07.2014 00:49:27,280 - INFO  - Watchdog has been checked: 0 passed
21.07.2014 00:51:27,326 - INFO  - Watchdog has been checked: 0 passed
21.07.2014 00:53:27,223 - INFO  - Watchdog has been checked: 0 passed
21.07.2014 00:55:27,129 - INFO  - Watchdog has been checked: 0 passed
21.07.2014 00:57:26,138 - INFO  - Watchdog has been checked: 0 passed
21.07.2014 00:59:26,212 - INFO  - Watchdog has been checked: 0 passed
21.07.2014 01:01:26,196 - INFO  - Watchdog has been checked: 0 passed
21.07.2014 01:03:26,347 - INFO  - Watchdog has been checked: 0 passed
21.07.2014 01:05:26,084 - INFO  - Watchdog has been checked: 0 passed
21.07.2014 01:07:26,126 - INFO  - Watchdog has been checked: 0 passed
21.07.2014 01:09:26,179 - INFO  - Watchdog has been checked: 0 passed
21.07.2014 01:11:26,181 - INFO  - Watchdog has been checked: 0 passed
21.07.2014 01:13:26,301 - INFO  - Watchdog has been checked: 0 passed
21.07.2014 01:15:26,358 - INFO  - Watchdog has been checked: 0 passed
21.07.2014 01:17:26,154 - INFO  - Watchdog has been checked: 0 passed
21.07.2014 01:19:26,238 - INFO  - Watchdog has been checked: 0 passed
21.07.2014 01:21:26,220 - INFO  - Watchdog has been checked: 0 passed
21.07.2014 01:23:26,243 - INFO  - Watchdog has been checked: 0 passed
21.07.2014 01:25:27,260 - INFO  - Watchdog has been checked: 0 passed
21.07.2014 01:27:27,332 - INFO  - Watchdog has been checked: 0 passed
21.07.2014 01:29:27,172 - INFO  - Watchdog has been checked: 0 passed
21.07.2014 01:31:27,209 - INFO  - Watchdog has been checked: 0 passed
21.07.2014 01:33:27,262 - INFO  - Watchdog has been checked: 0 passed
21.07.2014 01:35:27,262 - INFO  - Watchdog has been checked: 0 passed
21.07.2014 01:37:27,297 - INFO  - Watchdog has been checked: 0 passed
21.07.2014 01:39:27,367 - INFO  - Watchdog has been checked: 0 passed
21.07.2014 01:41:27,418 - INFO  - Watchdog has been checked: 0 passed
21.07.2014 01:43:27,362 - INFO  - Watchdog has been checked: 0 passed
21.07.2014 01:45:27,247 - INFO  - Watchdog has been checked: 0 passed
21.07.2014 01:47:27,252 - INFO  - Watchdog has been checked: 0 passed
21.07.2014 01:49:27,331 - INFO  - Watchdog has been checked: 0 passed
21.07.2014 01:51:27,384 - INFO  - Watchdog has been checked: 0 passed
21.07.2014 01:53:27,200 - INFO  - Watchdog has been checked: 0 passed
21.07.2014 01:55:27,197 - INFO  - Watchdog has been checked: 0 passed
21.07.2014 01:57:27,235 - INFO  - Watchdog has been checked: 0 passed
21.07.2014 01:59:27,299 - INFO  - Watchdog has been checked: 0 passed
21.07.2014 02:01:27,323 - INFO  - Watchdog has been checked: 0 passed
21.07.2014 02:03:27,104 - INFO  - Watchdog has been checked: 0 passed
21.07.2014 02:05:27,122 - INFO  - Watchdog has been checked: 0 passed
21.07.2014 02:07:27,157 - INFO  - Watchdog has been checked: 0 passed
21.07.2014 02:09:27,224 - INFO  - Watchdog has been checked: 0 passed
21.07.2014 02:11:27,323 - INFO  - Watchdog has been checked: 0 passed
21.07.2014 02:13:27,071 - INFO  - Watchdog has been checked: 0 passed
21.07.2014 02:15:27,120 - INFO  - Watchdog has been checked: 0 passed
21.07.2014 02:17:27,132 - INFO  - Watchdog has been checked: 0 passed
21.07.2014 02:19:27,190 - INFO  - Watchdog has been checked: 0 passed
21.07.2014 02:21:27,238 - INFO  - Watchdog has been checked: 0 passed
21.07.2014 02:23:27,253 - INFO  - Watchdog has been checked: 0 passed
21.07.2014 02:25:27,244 - INFO  - Watchdog has been checked: 0 passed
21.07.2014 02:27:27,289 - INFO  - Watchdog has been checked: 0 passed
21.07.2014 02:29:27,263 - INFO  - Watchdog has been checked: 0 passed
21.07.2014 02:31:27,320 - INFO  - Watchdog has been checked: 0 passed
21.07.2014 02:33:27,307 - INFO  - Watchdog has been checked: 0 passed
21.07.2014 02:35:27,344 - INFO  - Watchdog has been checked: 0 passed
21.07.2014 02:37:27,111 - INFO  - Watchdog has been checked: 0 passed
21.07.2014 02:39:27,185 - INFO  - Watchdog has been checked: 0 passed
21.07.2014 02:41:27,253 - INFO  - Watchdog has been checked: 0 passed
21.07.2014 02:43:27,237 - INFO  - Watchdog has been checked: 0 passed
21.07.2014 02:45:27,268 - INFO  - Watchdog has been checked: 0 passed
21.07.2014 02:47:27,336 - INFO  - Watchdog has been checked: 0 passed
21.07.2014 02:49:27,381 - INFO  - Watchdog has been checked: 0 passed
21.07.2014 02:51:27,732 - INFO  - Watchdog has been checked: 0 passed
21.07.2014 02:53:27,191 - INFO  - Watchdog has been checked: 0 passed
21.07.2014 02:55:27,445 - INFO  - Watchdog has been checked: 0 passed
21.07.2014 02:57:27,233 - INFO  - Watchdog has been checked: 0 passed
21.07.2014 02:59:27,311 - INFO  - Watchdog has been checked: 0 passed
21.07.2014 03:01:27,480 - INFO  - Watchdog has been checked: 0 passed
21.07.2014 03:03:27,281 - INFO  - Watchdog has been checked: 0 passed
21.07.2014 03:05:27,304 - INFO  - Watchdog has been checked: 0 passed
21.07.2014 03:07:27,354 - INFO  - Watchdog has been checked: 0 passed
21.07.2014 03:09:27,193 - INFO  - Watchdog has been checked: 0 passed
21.07.2014 03:11:27,337 - INFO  - Watchdog has been checked: 0 passed
21.07.2014 03:13:27,302 - INFO  - Watchdog has been checked: 0 passed
21.07.2014 03:15:27,372 - INFO  - Watchdog has been checked: 0 passed
21.07.2014 03:17:27,440 - INFO  - Watchdog has been checked: 0 passed
21.07.2014 03:19:27,303 - INFO  - Watchdog has been checked: 0 passed
21.07.2014 03:21:27,430 - INFO  - Watchdog has been checked: 0 passed
21.07.2014 03:23:27,367 - INFO  - Watchdog has been checked: 0 passed
21.07.2014 03:25:27,074 - INFO  - Watchdog has been checked: 0 passed
21.07.2014 03:27:26,126 - INFO  - Watchdog has been checked: 0 passed
21.07.2014 03:29:26,212 - INFO  - Watchdog has been checked: 0 passed
21.07.2014 03:31:26,126 - INFO  - Watchdog has been checked: 0 passed
21.07.2014 03:33:26,048 - INFO  - Watchdog has been checked: 0 passed
21.07.2014 03:35:25,135 - INFO  - Watchdog has been checked: 0 passed
21.07.2014 03:37:25,080 - INFO  - Watchdog has been checked: 0 passed
21.07.2014 03:39:24,188 - INFO  - Watchdog has been checked: 0 passed
21.07.2014 03:41:24,185 - INFO  - Watchdog has been checked: 0 passed
21.07.2014 03:43:24,028 - INFO  - Watchdog has been checked: 0 passed
21.07.2014 03:45:24,044 - INFO  - Watchdog has been checked: 0 passed
21.07.2014 03:47:23,072 - INFO  - Watchdog has been checked: 0 passed
21.07.2014 03:49:22,091 - INFO  - Watchdog has been checked: 0 passed
21.07.2014 03:51:21,027 - INFO  - Watchdog has been checked: 0 passed
21.07.2014 03:53:20,035 - INFO  - Watchdog has been checked: 0 passed
21.07.2014 03:55:19,165 - INFO  - Watchdog has been checked: 0 passed
21.07.2014 03:57:19,149 - INFO  - Watchdog has been checked: 0 passed
21.07.2014 03:59:19,261 - INFO  - Watchdog has been checked: 0 passed
21.07.2014 04:01:19,217 - INFO  - Watchdog has been checked: 0 passed
21.07.2014 04:03:19,290 - INFO  - Watchdog has been checked: 0 passed
21.07.2014 04:05:19,358 - INFO  - Watchdog has been checked: 0 passed
21.07.2014 04:07:19,181 - INFO  - Watchdog has been checked: 0 passed
21.07.2014 04:09:19,218 - INFO  - Watchdog has been checked: 0 passed
21.07.2014 04:11:19,193 - INFO  - Watchdog has been checked: 0 passed
21.07.2014 04:13:19,296 - INFO  - Watchdog has been checked: 0 passed
21.07.2014 04:15:19,387 - INFO  - Watchdog has been checked: 0 passed
21.07.2014 04:17:19,398 - INFO  - Watchdog has been checked: 0 passed
21.07.2014 04:19:19,444 - INFO  - Watchdog has been checked: 0 passed
21.07.2014 04:21:19,386 - INFO  - Watchdog has been checked: 0 passed
21.07.2014 04:23:19,462 - INFO  - Watchdog has been checked: 0 passed
21.07.2014 04:25:19,253 - INFO  - Watchdog has been checked: 0 passed
21.07.2014 04:27:19,266 - INFO  - Watchdog has been checked: 0 passed
21.07.2014 04:29:19,360 - INFO  - Watchdog has been checked: 0 passed
21.07.2014 04:31:19,324 - INFO  - Watchdog has been checked: 0 passed
21.07.2014 04:33:19,384 - INFO  - Watchdog has been checked: 0 passed
21.07.2014 04:35:19,411 - INFO  - Watchdog has been checked: 0 passed
21.07.2014 04:37:19,417 - INFO  - Watchdog has been checked: 0 passed
21.07.2014 04:39:19,317 - INFO  - Watchdog has been checked: 0 passed
21.07.2014 04:41:19,296 - INFO  - Watchdog has been checked: 0 passed
21.07.2014 04:43:19,351 - INFO  - Watchdog has been checked: 0 passed
21.07.2014 04:45:19,354 - INFO  - Watchdog has been checked: 0 passed
21.07.2014 04:47:19,426 - INFO  - Watchdog has been checked: 0 passed
21.07.2014 04:49:19,235 - INFO  - Watchdog has been checked: 0 passed
21.07.2014 04:51:19,133 - INFO  - Watchdog has been checked: 0 passed
21.07.2014 04:53:19,211 - INFO  - Watchdog has been checked: 0 passed
21.07.2014 04:55:19,197 - INFO  - Watchdog has been checked: 0 passed
21.07.2014 04:57:19,177 - INFO  - Watchdog has been checked: 0 passed
21.07.2014 04:59:19,046 - INFO  - Watchdog has been checked: 0 passed
21.07.2014 05:01:18,246 - INFO  - Watchdog has been checked: 0 passed
21.07.2014 05:03:17,997 - INFO  - Watchdog has been checked: 0 passed
21.07.2014 05:05:16,995 - INFO  - Watchdog has been checked: 0 passed
21.07.2014 05:07:16,109 - INFO  - Watchdog has been checked: 0 passed
21.07.2014 05:09:16,222 - INFO  - Watchdog has been checked: 0 passed
21.07.2014 05:11:16,245 - INFO  - Watchdog has been checked: 0 passed
21.07.2014 05:13:16,063 - INFO  - Watchdog has been checked: 0 passed
21.07.2014 05:15:15,216 - INFO  - Watchdog has been checked: 0 passed
21.07.2014 05:17:15,278 - INFO  - Watchdog has been checked: 0 passed
21.07.2014 05:19:15,140 - INFO  - Watchdog has been checked: 0 passed
21.07.2014 05:21:17,378 - INFO  - Watchdog has been checked: 0 passed
21.07.2014 05:23:17,261 - INFO  - Watchdog has been checked: 0 passed
21.07.2014 05:25:17,264 - INFO  - Watchdog has been checked: 0 passed
21.07.2014 05:27:17,231 - INFO  - Watchdog has been checked: 0 passed
21.07.2014 05:29:17,401 - INFO  - Watchdog has been checked: 0 passed
21.07.2014 05:31:17,402 - INFO  - Watchdog has been checked: 0 passed
21.07.2014 05:33:17,236 - INFO  - Watchdog has been checked: 0 passed
21.07.2014 05:35:17,421 - INFO  - Watchdog has been checked: 0 passed
21.07.2014 05:37:17,223 - INFO  - Watchdog has been checked: 0 passed
21.07.2014 05:39:17,283 - INFO  - Watchdog has been checked: 0 passed
21.07.2014 05:41:17,299 - INFO  - Watchdog has been checked: 0 passed
21.07.2014 05:43:17,348 - INFO  - Watchdog has been checked: 0 passed
21.07.2014 05:45:17,328 - INFO  - Watchdog has been checked: 0 passed
21.07.2014 05:47:17,392 - INFO  - Watchdog has been checked: 0 passed
21.07.2014 05:49:17,210 - INFO  - Watchdog has been checked: 0 passed
21.07.2014 05:51:17,179 - INFO  - Watchdog has been checked: 0 passed
21.07.2014 05:53:17,250 - INFO  - Watchdog has been checked: 0 passed
21.07.2014 05:55:17,247 - INFO  - Watchdog has been checked: 0 passed
21.07.2014 05:57:17,261 - INFO  - Watchdog has been checked: 0 passed
21.07.2014 05:59:17,359 - INFO  - Watchdog has been checked: 0 passed
21.07.2014 06:01:17,339 - INFO  - Watchdog has been checked: 0 passed
21.07.2014 06:03:17,160 - INFO  - Watchdog has been checked: 0 passed
21.07.2014 06:05:17,170 - INFO  - Watchdog has been checked: 0 passed
21.07.2014 06:07:17,172 - INFO  - Watchdog has been checked: 0 passed
21.07.2014 06:09:17,249 - INFO  - Watchdog has been checked: 0 passed
21.07.2014 06:11:17,233 - INFO  - Watchdog has been checked: 0 passed
21.07.2014 06:13:17,320 - INFO  - Watchdog has been checked: 0 passed
21.07.2014 06:15:01,445 - INFO  - mapping file sync started
21.07.2014 06:15:02,373 - INFO  - file successfully updated
21.07.2014 06:15:17,036 - INFO  - Watchdog has been checked: 0 passed
21.07.2014 06:17:16,063 - INFO  - Watchdog has been checked: 0 passed
21.07.2014 06:19:15,309 - INFO  - Watchdog has been checked: 0 passed
21.07.2014 06:21:15,272 - INFO  - Watchdog has been checked: 0 passed
21.07.2014 06:23:17,323 - INFO  - Watchdog has been checked: 0 passed
21.07.2014 06:25:17,110 - INFO  - Watchdog has been checked: 0 passed
21.07.2014 06:27:17,137 - INFO  - Watchdog has been checked: 0 passed
21.07.2014 06:29:17,179 - INFO  - Watchdog has been checked: 0 passed
21.07.2014 06:31:17,195 - INFO  - Watchdog has been checked: 0 passed
21.07.2014 06:33:17,345 - INFO  - Watchdog has been checked: 0 passed
21.07.2014 06:35:17,296 - INFO  - Watchdog has been checked: 0 passed
21.07.2014 06:37:17,321 - INFO  - Watchdog has been checked: 0 passed
21.07.2014 06:39:17,208 - INFO  - Watchdog has been checked: 0 passed
21.07.2014 06:41:17,253 - INFO  - Watchdog has been checked: 0 passed
21.07.2014 06:43:17,345 - INFO  - Watchdog has been checked: 0 passed
21.07.2014 06:45:17,340 - INFO  - Watchdog has been checked: 0 passed
21.07.2014 06:47:17,382 - INFO  - Watchdog has been checked: 0 passed
21.07.2014 06:49:17,313 - INFO  - Watchdog has been checked: 0 passed
21.07.2014 06:51:17,282 - INFO  - Watchdog has been checked: 0 passed
21.07.2014 06:53:17,343 - INFO  - Watchdog has been checked: 0 passed
21.07.2014 06:55:17,378 - INFO  - Watchdog has been checked: 0 passed
21.07.2014 06:57:17,417 - INFO  - Watchdog has been checked: 0 passed
21.07.2014 06:59:17,176 - INFO  - Watchdog has been checked: 0 passed
21.07.2014 07:01:17,244 - INFO  - Watchdog has been checked: 0 passed
21.07.2014 07:03:17,300 - INFO  - Watchdog has been checked: 0 passed
21.07.2014 07:05:17,326 - INFO  - Watchdog has been checked: 0 passed
21.07.2014 07:07:17,372 - INFO  - Watchdog has been checked: 0 passed
21.07.2014 07:09:17,385 - INFO  - Watchdog has been checked: 0 passed
21.07.2014 07:11:17,411 - INFO  - Watchdog has been checked: 0 passed
21.07.2014 07:13:17,232 - INFO  - Watchdog has been checked: 0 passed
21.07.2014 07:15:02,038 - INFO  - mapping file sync started
21.07.2014 07:15:02,499 - INFO  - file successfully updated
21.07.2014 07:15:17,217 - INFO  - Watchdog has been checked: 0 passed
21.07.2014 07:17:17,220 - INFO  - Watchdog has been checked: 0 passed
21.07.2014 07:19:17,347 - INFO  - Watchdog has been checked: 0 passed
21.07.2014 07:21:17,334 - INFO  - Watchdog has been checked: 0 passed
21.07.2014 07:23:17,092 - INFO  - Watchdog has been checked: 0 passed
21.07.2014 07:25:17,091 - INFO  - Watchdog has been checked: 0 passed
21.07.2014 07:27:17,227 - INFO  - Watchdog has been checked: 0 passed
21.07.2014 07:29:17,081 - INFO  - Watchdog has been checked: 0 passed
21.07.2014 07:31:17,101 - INFO  - Watchdog has been checked: 0 passed
21.07.2014 07:33:17,173 - INFO  - Watchdog has been checked: 0 passed
21.07.2014 07:35:17,194 - INFO  - Watchdog has been checked: 0 passed
21.07.2014 07:37:17,240 - INFO  - Watchdog has been checked: 0 passed
21.07.2014 07:39:17,255 - INFO  - Watchdog has been checked: 0 passed
21.07.2014 07:41:17,237 - INFO  - Watchdog has been checked: 0 passed
21.07.2014 07:43:17,099 - INFO  - Watchdog has been checked: 0 passed
21.07.2014 07:45:17,332 - INFO  - Watchdog has been checked: 0 passed
21.07.2014 07:47:17,270 - INFO  - Watchdog has been checked: 0 passed
21.07.2014 07:49:17,304 - INFO  - Watchdog has been checked: 0 passed
21.07.2014 07:51:17,293 - INFO  - Watchdog has been checked: 0 passed
21.07.2014 07:53:17,366 - INFO  - Watchdog has been checked: 0 passed
21.07.2014 07:55:17,138 - INFO  - Watchdog has been checked: 0 passed
21.07.2014 07:57:17,265 - INFO  - Watchdog has been checked: 0 passed
21.07.2014 07:59:17,166 - INFO  - Watchdog has been checked: 0 passed
21.07.2014 08:01:17,204 - INFO  - Watchdog has been checked: 0 passed
21.07.2014 08:03:17,268 - INFO  - Watchdog has been checked: 0 passed
21.07.2014 08:05:17,297 - INFO  - Watchdog has been checked: 0 passed
21.07.2014 08:07:17,272 - INFO  - Watchdog has been checked: 0 passed
21.07.2014 08:09:17,202 - INFO  - Watchdog has been checked: 0 passed
21.07.2014 08:11:17,223 - INFO  - Watchdog has been checked: 0 passed
21.07.2014 08:13:17,238 - INFO  - Watchdog has been checked: 0 passed
21.07.2014 08:15:17,241 - INFO  - Watchdog has been checked: 0 passed
21.07.2014 08:17:17,564 - INFO  - Watchdog has been checked: 0 passed
21.07.2014 08:19:17,284 - INFO  - Watchdog has been checked: 0 passed
21.07.2014 08:21:17,237 - INFO  - Watchdog has been checked: 0 passed
21.07.2014 08:23:17,356 - INFO  - Watchdog has been checked: 0 passed
21.07.2014 08:25:17,376 - INFO  - Watchdog has been checked: 0 passed
21.07.2014 08:27:17,402 - INFO  - Watchdog has been checked: 0 passed
21.07.2014 08:29:17,234 - INFO  - Watchdog has been checked: 0 passed
21.07.2014 08:31:17,209 - INFO  - Watchdog has been checked: 0 passed
21.07.2014 08:33:17,322 - INFO  - Watchdog has been checked: 0 passed
21.07.2014 08:35:17,300 - INFO  - Watchdog has been checked: 0 passed
21.07.2014 08:37:17,221 - INFO  - Watchdog has been checked: 0 passed
21.07.2014 08:39:17,358 - INFO  - Watchdog has been checked: 0 passed
21.07.2014 08:41:17,243 - INFO  - Watchdog has been checked: 0 passed
21.07.2014 08:43:17,209 - INFO  - Watchdog has been checked: 0 passed
21.07.2014 08:45:17,196 - INFO  - Watchdog has been checked: 0 passed
21.07.2014 08:47:17,201 - INFO  - Watchdog has been checked: 0 passed
21.07.2014 08:49:17,098 - INFO  - Watchdog has been checked: 0 passed
21.07.2014 08:51:17,094 - INFO  - Watchdog has been checked: 0 passed
21.07.2014 08:53:17,146 - INFO  - Watchdog has been checked: 0 passed
21.07.2014 08:55:17,190 - INFO  - Watchdog has been checked: 0 passed
21.07.2014 08:57:17,089 - INFO  - Watchdog has been checked: 0 passed
21.07.2014 08:59:17,171 - INFO  - Watchdog has been checked: 0 passed
21.07.2014 09:01:17,205 - INFO  - Watchdog has been checked: 0 passed
21.07.2014 09:03:17,393 - INFO  - Watchdog has been checked: 0 passed
21.07.2014 09:05:17,291 - INFO  - Watchdog has been checked: 0 passed
21.07.2014 09:07:17,079 - INFO  - Watchdog has been checked: 0 passed
21.07.2014 09:09:16,350 - INFO  - Watchdog has been checked: 0 passed
21.07.2014 09:11:16,115 - INFO  - Watchdog has been checked: 0 passed
21.07.2014 09:13:15,215 - INFO  - Watchdog has been checked: 0 passed
21.07.2014 09:15:15,261 - INFO  - Watchdog has been checked: 0 passed
21.07.2014 09:17:15,290 - INFO  - Watchdog has been checked: 0 passed
21.07.2014 09:19:15,295 - INFO  - Watchdog has been checked: 0 passed
21.07.2014 09:21:15,324 - INFO  - Watchdog has been checked: 0 passed
21.07.2014 09:23:15,128 - INFO  - Watchdog has been checked: 0 passed
21.07.2014 09:25:14,194 - INFO  - Watchdog has been checked: 0 passed
21.07.2014 09:27:13,193 - INFO  - Watchdog has been checked: 0 passed
21.07.2014 09:29:13,448 - INFO  - Watchdog has been checked: 0 passed
21.07.2014 09:31:13,335 - INFO  - Watchdog has been checked: 0 passed
21.07.2014 09:33:13,403 - INFO  - Watchdog has been checked: 0 passed
21.07.2014 09:35:13,537 - INFO  - Watchdog has been checked: 0 passed
21.07.2014 09:37:13,262 - INFO  - Watchdog has been checked: 0 passed
21.07.2014 09:39:13,305 - INFO  - Watchdog has been checked: 0 passed
21.07.2014 09:41:13,292 - INFO  - Watchdog has been checked: 0 passed
21.07.2014 09:42:07,012 - INFO  - searcher identified --- respT: 21ms, 5298 results, web:(PSIWeb), q=, 
21.07.2014 09:42:14,129 - INFO  - searcher identified --- respT: 17ms, 274 results, web:(PSIWeb), date:[NOW-1MONTH TO NOW], q=, 
21.07.2014 09:42:24,959 - INFO  - searcher identified --- respT: 20ms, 127 results, web:(PSIWeb), date:[NOW-1MONTH TO NOW], author:AndreLichtsteiner, q=, 
21.07.2014 09:42:32,612 - INFO  - searcher identified --- respT: 20ms, no results, web:(PSIWeb), date:[NOW-1MONTH TO NOW], author:AndreLichtsteiner, q=sirte, 
21.07.2014 09:42:33,018 - INFO  - searcher identified --- respT: 20ms, no results, q=sirte, 
21.07.2014 09:42:34,718 - INFO  - searcher identified --- respT: 54ms, 2718 results, q=site, 
21.07.2014 09:43:13,111 - INFO  - Watchdog has been checked: 0 passed
21.07.2014 09:43:22,530 - INFO  - searcher identified --- respT: 19ms, 5298 results, web:(PSIWeb), q=, 
21.07.2014 09:43:27,766 - INFO  - searcher identified --- respT: 22ms, 151 results, web:(PSIWeb), q=site, 
21.07.2014 09:43:29,493 - INFO  - searcher identified --- respT: 21ms, 151 results, web:(PSIWeb), q=site, 
21.07.2014 09:43:33,110 - INFO  - searcher identified --- respT: 22ms, 10 results, web:(PSIWeb), date:[NOW-1MONTH TO NOW], q=site, 
21.07.2014 09:45:12,145 - INFO  - Watchdog has been checked: 0 passed
21.07.2014 09:47:11,214 - INFO  - Watchdog has been checked: 0 passed
21.07.2014 09:49:10,257 - INFO  - Watchdog has been checked: 0 passed
21.07.2014 09:51:10,233 - INFO  - Watchdog has been checked: 0 passed
21.07.2014 09:53:10,102 - INFO  - Watchdog has been checked: 0 passed
21.07.2014 09:55:09,105 - INFO  - Watchdog has been checked: 0 passed
21.07.2014 09:57:08,155 - INFO  - Watchdog has been checked: 0 passed
21.07.2014 09:59:07,321 - INFO  - Watchdog has been checked: 0 passed
21.07.2014 10:01:07,207 - INFO  - Watchdog has been checked: 0 passed
21.07.2014 10:03:07,284 - INFO  - Watchdog has been checked: 0 passed
21.07.2014 10:05:07,308 - INFO  - Watchdog has been checked: 0 passed
21.07.2014 10:07:07,288 - INFO  - Watchdog has been checked: 0 passed
21.07.2014 10:09:07,269 - INFO  - Watchdog has been checked: 0 passed
21.07.2014 10:11:07,285 - INFO  - Watchdog has been checked: 0 passed
21.07.2014 10:13:07,146 - INFO  - Watchdog has been checked: 0 passed
21.07.2014 10:15:07,377 - INFO  - Watchdog has been checked: 0 passed
21.07.2014 10:17:07,182 - INFO  - Watchdog has been checked: 0 passed
21.07.2014 10:19:07,179 - INFO  - Watchdog has been checked: 0 passed
21.07.2014 10:21:07,083 - INFO  - Watchdog has been checked: 0 passed
21.07.2014 10:23:07,209 - INFO  - Watchdog has been checked: 0 passed
21.07.2014 10:25:07,245 - INFO  - Watchdog has been checked: 0 passed
21.07.2014 10:27:07,347 - INFO  - Watchdog has been checked: 0 passed
21.07.2014 10:28:28,197 - INFO  - searcher identified --- respT: 49ms, 85008 results, q=, 
21.07.2014 10:28:38,791 - INFO  - searcher identified --- respT: 15ms, no results, q=nomachne, 
21.07.2014 10:28:41,147 - INFO  - searcher identified --- respT: 18ms, 32 results, q=nomachine, 
21.07.2014 10:29:07,329 - INFO  - Watchdog has been checked: 0 passed
21.07.2014 10:31:07,352 - INFO  - Watchdog has been checked: 0 passed
21.07.2014 10:31:53,606 - INFO  - searcher identified --- respT: 37ms, 32 results, q=nomachine, page turned
21.07.2014 10:32:23,069 - INFO  - searcher identified --- respT: 19ms, 779 results, q=nx, page turned
21.07.2014 10:32:30,226 - INFO  - searcher identified --- respT: 14ms, 779 results, q=nx, 
21.07.2014 10:33:07,219 - INFO  - Watchdog has been checked: 0 passed
21.07.2014 10:33:32,717 - INFO  - searcher identified --- respT: 17ms, 186 results, q=nx client, 
21.07.2014 10:33:34,956 - INFO  - searcher identified --- respT: 36ms, 90 results, q=nx client windows, 
21.07.2014 10:33:36,415 - INFO  - searcher identified --- respT: 35ms, 90 results, q=nx client windows, 
21.07.2014 10:35:07,285 - INFO  - Watchdog has been checked: 0 passed
21.07.2014 10:37:07,316 - INFO  - Watchdog has been checked: 0 passed
21.07.2014 10:39:07,319 - INFO  - Watchdog has been checked: 0 passed
21.07.2014 10:41:07,370 - INFO  - Watchdog has been checked: 0 passed
21.07.2014 10:43:07,154 - INFO  - Watchdog has been checked: 0 passed
21.07.2014 10:45:06,345 - INFO  - Watchdog has been checked: 0 passed
21.07.2014 10:46:14,933 - INFO  - searcher identified --- respT: 15ms, 1 results, author:OliverSchaub, q=nx client windows, 
21.07.2014 10:46:29,574 - INFO  - searcher identified --- respT: 38ms, 90 results, q=nx client windows, 
21.07.2014 10:47:06,149 - INFO  - Watchdog has been checked: 0 passed
21.07.2014 10:49:06,218 - INFO  - Watchdog has been checked: 0 passed
21.07.2014 10:50:49,736 - INFO  - searcher identified --- respT: 28ms, 41894 results, q=, 
21.07.2014 10:50:56,625 - INFO  - searcher identified --- respT: 18ms, 667 results, q=it sicherheit, 
21.07.2014 10:51:05,993 - INFO  - searcher identified --- respT: 65ms, 15 results, q=it sicherheit tobias, 
21.07.2014 10:51:06,239 - INFO  - Watchdog has been checked: 0 passed
21.07.2014 10:51:29,133 - INFO  - searcher identified --- respT: 13ms, 181 results, q=tobias, 
21.07.2014 10:51:31,566 - INFO  - searcher identified --- respT: 16ms, 142 results, q=tobias mar, 
21.07.2014 10:51:32,128 - INFO  - searcher identified --- respT: 16ms, 90 results, q=tobias marx, 
21.07.2014 10:53:04,974 - INFO  - searcher identified --- respT: 18ms, 32 results, q=nomachine, 
21.07.2014 10:53:05,859 - INFO  - searcher identified --- respT: 19ms, 32 results, q=nomachine, 
21.07.2014 10:53:06,373 - INFO  - Watchdog has been checked: 0 passed
21.07.2014 10:55:06,308 - INFO  - Watchdog has been checked: 0 passed
21.07.2014 10:57:06,091 - INFO  - Watchdog has been checked: 0 passed
21.07.2014 10:59:05,136 - INFO  - Watchdog has been checked: 0 passed
21.07.2014 11:01:05,162 - INFO  - Watchdog has been checked: 0 passed
21.07.2014 11:03:05,273 - INFO  - Watchdog has been checked: 0 passed
21.07.2014 11:05:05,283 - INFO  - Watchdog has been checked: 0 passed
21.07.2014 11:07:05,340 - INFO  - Watchdog has been checked: 0 passed
21.07.2014 11:09:05,348 - INFO  - Watchdog has been checked: 0 passed
21.07.2014 11:11:05,104 - INFO  - Watchdog has been checked: 0 passed
21.07.2014 11:13:05,175 - INFO  - Watchdog has been checked: 0 passed
21.07.2014 11:15:05,328 - INFO  - Watchdog has been checked: 0 passed
21.07.2014 11:17:05,363 - INFO  - Watchdog has been checked: 0 passed
21.07.2014 11:19:05,253 - INFO  - Watchdog has been checked: 0 passed
21.07.2014 11:21:05,262 - INFO  - Watchdog has been checked: 0 passed
21.07.2014 11:23:05,295 - INFO  - Watchdog has been checked: 0 passed
21.07.2014 11:25:05,299 - INFO  - Watchdog has been checked: 0 passed
21.07.2014 11:27:05,379 - INFO  - Watchdog has been checked: 0 passed
21.07.2014 11:29:05,384 - INFO  - Watchdog has been checked: 0 passed
21.07.2014 11:31:05,151 - INFO  - Watchdog has been checked: 0 passed
21.07.2014 11:33:05,180 - INFO  - Watchdog has been checked: 0 passed
21.07.2014 11:35:07,188 - INFO  - Watchdog has been checked: 0 passed
21.07.2014 11:37:07,289 - INFO  - Watchdog has been checked: 0 passed
21.07.2014 11:39:07,280 - INFO  - Watchdog has been checked: 0 passed
21.07.2014 11:41:07,356 - INFO  - Watchdog has been checked: 0 passed
21.07.2014 11:43:07,347 - INFO  - Watchdog has been checked: 0 passed
21.07.2014 11:45:07,426 - INFO  - Watchdog has been checked: 0 passed
21.07.2014 11:47:07,174 - INFO  - Watchdog has been checked: 0 passed
21.07.2014 11:49:07,178 - INFO  - Watchdog has been checked: 0 passed
21.07.2014 11:51:07,303 - INFO  - Watchdog has been checked: 0 passed
21.07.2014 11:53:07,317 - INFO  - Watchdog has been checked: 0 passed
21.07.2014 11:55:07,417 - INFO  - Watchdog has been checked: 0 passed
21.07.2014 11:57:07,174 - INFO  - Watchdog has been checked: 0 passed
21.07.2014 11:59:07,113 - INFO  - Watchdog has been checked: 0 passed
21.07.2014 12:01:07,604 - INFO  - Watchdog has been checked: 0 passed
21.07.2014 12:03:07,220 - INFO  - Watchdog has been checked: 0 passed
21.07.2014 12:05:07,226 - INFO  - Watchdog has been checked: 0 passed
21.07.2014 12:07:07,264 - INFO  - Watchdog has been checked: 0 passed
21.07.2014 12:09:07,264 - INFO  - Watchdog has been checked: 0 passed
21.07.2014 12:11:07,173 - INFO  - Watchdog has been checked: 0 passed
21.07.2014 12:13:07,182 - INFO  - Watchdog has been checked: 0 passed
21.07.2014 12:15:07,216 - INFO  - Watchdog has been checked: 0 passed
21.07.2014 12:17:07,273 - INFO  - Watchdog has been checked: 0 passed
21.07.2014 12:19:07,244 - INFO  - Watchdog has been checked: 0 passed
21.07.2014 12:21:07,314 - INFO  - Watchdog has been checked: 0 passed
21.07.2014 12:23:07,329 - INFO  - Watchdog has been checked: 0 passed
21.07.2014 12:25:07,422 - INFO  - Watchdog has been checked: 0 passed
21.07.2014 12:27:07,353 - INFO  - Watchdog has been checked: 0 passed
21.07.2014 12:29:07,343 - INFO  - Watchdog has been checked: 0 passed
21.07.2014 12:31:07,129 - INFO  - Watchdog has been checked: 0 passed
21.07.2014 12:33:07,217 - INFO  - Watchdog has been checked: 0 passed
21.07.2014 12:35:07,215 - INFO  - Watchdog has been checked: 0 passed
21.07.2014 12:37:07,298 - INFO  - Watchdog has been checked: 0 passed
21.07.2014 12:39:07,260 - INFO  - Watchdog has been checked: 0 passed
21.07.2014 12:41:07,252 - INFO  - Watchdog has been checked: 0 passed
21.07.2014 12:43:07,297 - INFO  - Watchdog has been checked: 0 passed
21.07.2014 12:45:07,376 - INFO  - Watchdog has been checked: 0 passed
21.07.2014 12:47:07,223 - INFO  - Watchdog has been checked: 0 passed
21.07.2014 12:49:07,229 - INFO  - Watchdog has been checked: 0 passed
21.07.2014 12:51:07,261 - INFO  - Watchdog has been checked: 0 passed
21.07.2014 12:53:07,398 - INFO  - Watchdog has been checked: 0 passed
21.07.2014 12:55:07,414 - INFO  - Watchdog has been checked: 0 passed
21.07.2014 12:57:07,198 - INFO  - Watchdog has been checked: 0 passed
21.07.2014 12:59:07,211 - INFO  - Watchdog has been checked: 0 passed
21.07.2014 13:01:07,153 - INFO  - Watchdog has been checked: 0 passed
21.07.2014 13:03:07,178 - INFO  - Watchdog has been checked: 0 passed
21.07.2014 13:05:07,195 - INFO  - Watchdog has been checked: 0 passed
21.07.2014 13:07:07,285 - INFO  - Watchdog has been checked: 0 passed
21.07.2014 13:09:07,312 - INFO  - Watchdog has been checked: 0 passed
21.07.2014 13:11:07,319 - INFO  - Watchdog has been checked: 0 passed
21.07.2014 13:13:07,232 - INFO  - Watchdog has been checked: 0 passed
21.07.2014 13:15:07,232 - INFO  - Watchdog has been checked: 0 passed
21.07.2014 13:17:07,286 - INFO  - Watchdog has been checked: 0 passed
21.07.2014 13:19:07,310 - INFO  - Watchdog has been checked: 0 passed
21.07.2014 13:21:07,073 - INFO  - Watchdog has been checked: 0 passed
21.07.2014 13:23:06,160 - INFO  - Watchdog has been checked: 0 passed
21.07.2014 13:25:06,156 - INFO  - Watchdog has been checked: 0 passed
21.07.2014 13:27:06,200 - INFO  - Watchdog has been checked: 0 passed
21.07.2014 13:29:06,202 - INFO  - Watchdog has been checked: 0 passed
21.07.2014 13:31:06,241 - INFO  - Watchdog has been checked: 0 passed
21.07.2014 13:33:06,425 - INFO  - Watchdog has been checked: 0 passed
21.07.2014 13:35:06,348 - INFO  - Watchdog has been checked: 0 passed
21.07.2014 13:37:06,110 - INFO  - Watchdog has been checked: 0 passed
21.07.2014 13:39:06,134 - INFO  - Watchdog has been checked: 0 passed
21.07.2014 13:41:06,143 - INFO  - Watchdog has been checked: 0 passed
21.07.2014 13:43:06,181 - INFO  - Watchdog has been checked: 0 passed
21.07.2014 13:45:06,193 - INFO  - Watchdog has been checked: 0 passed
21.07.2014 13:47:06,283 - INFO  - Watchdog has been checked: 0 passed
21.07.2014 13:49:06,294 - INFO  - Watchdog has been checked: 0 passed
21.07.2014 13:51:06,292 - INFO  - Watchdog has been checked: 0 passed
21.07.2014 13:53:06,135 - INFO  - Watchdog has been checked: 0 passed
21.07.2014 13:55:06,193 - INFO  - Watchdog has been checked: 0 passed
21.07.2014 13:57:06,247 - INFO  - Watchdog has been checked: 0 passed
21.07.2014 13:59:06,224 - INFO  - Watchdog has been checked: 0 passed
21.07.2014 14:01:06,237 - INFO  - Watchdog has been checked: 0 passed
21.07.2014 14:03:07,282 - INFO  - Watchdog has been checked: 0 passed
21.07.2014 14:05:07,351 - INFO  - Watchdog has been checked: 0 passed
21.07.2014 14:07:07,119 - INFO  - Watchdog has been checked: 0 passed
21.07.2014 14:09:07,098 - INFO  - Watchdog has been checked: 0 passed
21.07.2014 14:11:06,170 - INFO  - Watchdog has been checked: 0 passed
21.07.2014 14:13:06,210 - INFO  - Watchdog has been checked: 0 passed
21.07.2014 14:15:06,257 - INFO  - Watchdog has been checked: 0 passed
21.07.2014 14:17:06,274 - INFO  - Watchdog has been checked: 0 passed
21.07.2014 14:19:06,262 - INFO  - Watchdog has been checked: 0 passed
21.07.2014 14:21:06,170 - INFO  - Watchdog has been checked: 0 passed
21.07.2014 14:23:05,184 - INFO  - Watchdog has been checked: 0 passed
21.07.2014 14:25:05,154 - INFO  - Watchdog has been checked: 0 passed
21.07.2014 14:27:05,246 - INFO  - Watchdog has been checked: 0 passed
21.07.2014 14:29:05,064 - INFO  - Watchdog has been checked: 0 passed
21.07.2014 14:31:05,225 - INFO  - Watchdog has been checked: 0 passed
21.07.2014 14:33:04,200 - INFO  - Watchdog has been checked: 0 passed
21.07.2014 14:35:04,766 - INFO  - Watchdog has been checked: 0 passed
21.07.2014 14:37:04,293 - INFO  - Watchdog has been checked: 0 passed
21.07.2014 14:39:04,092 - INFO  - Watchdog has been checked: 0 passed
21.07.2014 14:41:04,806 - INFO  - Watchdog has been checked: 0 passed
21.07.2014 14:43:04,173 - INFO  - Watchdog has been checked: 0 passed
21.07.2014 14:45:04,127 - INFO  - Watchdog has been checked: 0 passed
21.07.2014 14:47:03,176 - INFO  - Watchdog has been checked: 0 passed
21.07.2014 14:49:03,281 - INFO  - Watchdog has been checked: 0 passed
21.07.2014 14:51:03,306 - INFO  - Watchdog has been checked: 0 passed
21.07.2014 14:53:03,112 - INFO  - Watchdog has been checked: 0 passed
21.07.2014 14:55:03,146 - INFO  - Watchdog has been checked: 0 passed
21.07.2014 14:57:02,104 - INFO  - Watchdog has been checked: 0 passed
21.07.2014 14:59:01,151 - INFO  - Watchdog has been checked: 0 passed
21.07.2014 15:01:01,222 - INFO  - Watchdog has been checked: 0 passed
21.07.2014 15:03:01,301 - INFO  - Watchdog has been checked: 0 passed
21.07.2014 15:05:01,307 - INFO  - Watchdog has been checked: 0 passed
21.07.2014 15:07:01,366 - INFO  - Watchdog has been checked: 0 passed
21.07.2014 15:09:01,144 - INFO  - Watchdog has been checked: 0 passed
21.07.2014 15:11:01,127 - INFO  - Watchdog has been checked: 0 passed
21.07.2014 15:13:01,228 - INFO  - Watchdog has been checked: 0 passed
21.07.2014 15:15:01,201 - INFO  - Watchdog has been checked: 0 passed
21.07.2014 15:17:01,221 - INFO  - Watchdog has been checked: 0 passed
21.07.2014 15:19:01,285 - INFO  - Watchdog has been checked: 0 passed
21.07.2014 15:21:01,296 - INFO  - Watchdog has been checked: 0 passed
21.07.2014 15:23:01,147 - INFO  - Watchdog has been checked: 0 passed
21.07.2014 15:25:01,122 - INFO  - Watchdog has been checked: 0 passed
21.07.2014 15:27:01,164 - INFO  - Watchdog has been checked: 0 passed
21.07.2014 15:29:01,248 - INFO  - Watchdog has been checked: 0 passed
21.07.2014 15:31:01,081 - INFO  - Watchdog has been checked: 0 passed
21.07.2014 15:33:01,161 - INFO  - Watchdog has been checked: 0 passed
21.07.2014 15:35:01,160 - INFO  - Watchdog has been checked: 0 passed
21.07.2014 15:37:01,244 - INFO  - Watchdog has been checked: 0 passed
21.07.2014 15:39:01,277 - INFO  - Watchdog has been checked: 0 passed
21.07.2014 15:41:01,254 - INFO  - Watchdog has been checked: 0 passed
21.07.2014 15:43:01,167 - INFO  - Watchdog has been checked: 0 passed
21.07.2014 15:45:01,161 - INFO  - Watchdog has been checked: 0 passed
21.07.2014 15:47:01,168 - INFO  - Watchdog has been checked: 0 passed
21.07.2014 15:49:01,282 - INFO  - Watchdog has been checked: 0 passed
21.07.2014 15:51:01,277 - INFO  - Watchdog has been checked: 0 passed
21.07.2014 15:53:01,337 - INFO  - Watchdog has been checked: 0 passed
21.07.2014 15:55:01,309 - INFO  - Watchdog has been checked: 0 passed
21.07.2014 15:57:01,330 - INFO  - Watchdog has been checked: 0 passed
21.07.2014 15:59:01,292 - INFO  - Watchdog has been checked: 0 passed
21.07.2014 16:01:01,206 - INFO  - Watchdog has been checked: 0 passed
21.07.2014 16:03:01,236 - INFO  - Watchdog has been checked: 0 passed
21.07.2014 16:05:01,201 - INFO  - Watchdog has been checked: 0 passed
21.07.2014 16:07:01,270 - INFO  - Watchdog has been checked: 0 passed
21.07.2014 16:09:01,300 - INFO  - Watchdog has been checked: 0 passed
21.07.2014 16:11:01,262 - INFO  - Watchdog has been checked: 0 passed
21.07.2014 16:13:01,405 - INFO  - Watchdog has been checked: 0 passed
21.07.2014 16:15:01,198 - INFO  - Watchdog has been checked: 0 passed
21.07.2014 16:17:01,097 - INFO  - Watchdog has been checked: 0 passed
21.07.2014 16:19:01,212 - INFO  - Watchdog has been checked: 0 passed
21.07.2014 16:21:01,267 - INFO  - Watchdog has been checked: 0 passed
21.07.2014 16:23:01,309 - INFO  - Watchdog has been checked: 0 passed
21.07.2014 16:25:01,404 - INFO  - Watchdog has been checked: 0 passed
21.07.2014 16:27:01,346 - INFO  - Watchdog has been checked: 0 passed
21.07.2014 16:29:01,138 - INFO  - Watchdog has been checked: 0 passed
21.07.2014 16:31:01,146 - INFO  - Watchdog has been checked: 0 passed
21.07.2014 16:33:01,228 - INFO  - Watchdog has been checked: 0 passed
21.07.2014 16:35:01,285 - INFO  - Watchdog has been checked: 0 passed
21.07.2014 16:37:01,058 - INFO  - Watchdog has been checked: 0 passed
21.07.2014 16:39:01,132 - INFO  - Watchdog has been checked: 0 passed
21.07.2014 16:41:01,175 - INFO  - Watchdog has been checked: 0 passed
21.07.2014 16:43:01,238 - INFO  - Watchdog has been checked: 0 passed
21.07.2014 16:45:01,214 - INFO  - Watchdog has been checked: 0 passed
21.07.2014 16:47:01,280 - INFO  - Watchdog has been checked: 0 passed
21.07.2014 16:49:01,117 - INFO  - Watchdog has been checked: 0 passed
21.07.2014 16:51:01,136 - INFO  - Watchdog has been checked: 0 passed
21.07.2014 16:53:01,178 - INFO  - Watchdog has been checked: 0 passed
21.07.2014 16:55:01,176 - INFO  - Watchdog has been checked: 0 passed
21.07.2014 16:57:01,197 - INFO  - Watchdog has been checked: 0 passed
21.07.2014 16:59:01,232 - INFO  - Watchdog has been checked: 0 passed
21.07.2014 17:01:01,117 - INFO  - Watchdog has been checked: 0 passed
21.07.2014 17:03:00,143 - INFO  - Watchdog has been checked: 0 passed
21.07.2014 17:05:00,087 - INFO  - Watchdog has been checked: 0 passed
21.07.2014 17:07:00,172 - INFO  - Watchdog has been checked: 0 passed
21.07.2014 17:09:00,230 - INFO  - Watchdog has been checked: 0 passed
21.07.2014 17:11:00,264 - INFO  - Watchdog has been checked: 0 passed
21.07.2014 17:13:00,138 - INFO  - Watchdog has been checked: 0 passed
21.07.2014 17:15:00,204 - INFO  - Watchdog has been checked: 0 passed
21.07.2014 17:17:00,204 - INFO  - Watchdog has been checked: 0 passed
21.07.2014 17:19:00,272 - INFO  - Watchdog has been checked: 0 passed
21.07.2014 17:21:00,301 - INFO  - Watchdog has been checked: 0 passed
21.07.2014 17:23:00,132 - INFO  - Watchdog has been checked: 0 passed
21.07.2014 17:24:59,187 - INFO  - Watchdog has been checked: 0 passed
21.07.2014 17:26:59,280 - INFO  - Watchdog has been checked: 0 passed
21.07.2014 17:28:59,277 - INFO  - Watchdog has been checked: 0 passed
21.07.2014 17:30:59,288 - INFO  - Watchdog has been checked: 0 passed
21.07.2014 17:32:59,426 - INFO  - Watchdog has been checked: 0 passed
21.07.2014 17:34:59,311 - INFO  - Watchdog has been checked: 0 passed
21.07.2014 17:36:59,094 - INFO  - Watchdog has been checked: 0 passed
21.07.2014 17:38:59,190 - INFO  - Watchdog has been checked: 0 passed
21.07.2014 17:40:59,215 - INFO  - Watchdog has been checked: 0 passed
21.07.2014 17:42:59,262 - INFO  - Watchdog has been checked: 0 passed
21.07.2014 17:44:59,261 - INFO  - Watchdog has been checked: 0 passed
21.07.2014 17:46:59,295 - INFO  - Watchdog has been checked: 0 passed
21.07.2014 17:48:59,413 - INFO  - Watchdog has been checked: 0 passed
21.07.2014 17:50:59,176 - INFO  - Watchdog has been checked: 0 passed
21.07.2014 17:52:59,237 - INFO  - Watchdog has been checked: 0 passed
21.07.2014 17:54:59,205 - INFO  - Watchdog has been checked: 0 passed
21.07.2014 17:56:59,238 - INFO  - Watchdog has been checked: 0 passed
21.07.2014 17:58:59,269 - INFO  - Watchdog has been checked: 0 passed
21.07.2014 18:00:59,077 - INFO  - Watchdog has been checked: 0 passed
21.07.2014 18:02:59,106 - INFO  - Watchdog has been checked: 0 passed
21.07.2014 18:04:59,121 - INFO  - Watchdog has been checked: 0 passed
21.07.2014 18:06:59,133 - INFO  - Watchdog has been checked: 0 passed
21.07.2014 18:08:58,940 - INFO  - Watchdog has been checked: 0 passed
21.07.2014 18:10:57,918 - INFO  - Watchdog has been checked: 0 passed
21.07.2014 18:12:57,025 - INFO  - Watchdog has been checked: 0 passed
21.07.2014 18:14:56,059 - INFO  - Watchdog has been checked: 0 passed
21.07.2014 18:16:55,061 - INFO  - Watchdog has been checked: 0 passed
21.07.2014 18:18:54,182 - INFO  - Watchdog has been checked: 0 passed
21.07.2014 18:20:54,167 - INFO  - Watchdog has been checked: 0 passed
21.07.2014 18:22:54,020 - INFO  - Watchdog has been checked: 0 passed
21.07.2014 18:24:53,283 - INFO  - Watchdog has been checked: 0 passed
21.07.2014 18:26:53,283 - INFO  - Watchdog has been checked: 0 passed
21.07.2014 18:28:53,099 - INFO  - Watchdog has been checked: 0 passed
21.07.2014 18:30:52,099 - INFO  - Watchdog has been checked: 0 passed
21.07.2014 18:32:51,123 - INFO  - Watchdog has been checked: 0 passed
21.07.2014 18:34:50,201 - INFO  - Watchdog has been checked: 0 passed
21.07.2014 18:36:50,182 - INFO  - Watchdog has been checked: 0 passed
21.07.2014 18:38:50,295 - INFO  - Watchdog has been checked: 0 passed
21.07.2014 18:40:50,326 - INFO  - Watchdog has been checked: 0 passed
21.07.2014 18:42:50,345 - INFO  - Watchdog has been checked: 0 passed
21.07.2014 18:44:50,207 - INFO  - Watchdog has been checked: 0 passed
21.07.2014 18:46:50,187 - INFO  - Watchdog has been checked: 0 passed
21.07.2014 18:48:50,294 - INFO  - Watchdog has been checked: 0 passed
21.07.2014 18:50:50,328 - INFO  - Watchdog has been checked: 0 passed
21.07.2014 18:52:50,397 - INFO  - Watchdog has been checked: 0 passed
21.07.2014 18:54:50,159 - INFO  - Watchdog has been checked: 0 passed
21.07.2014 18:56:50,173 - INFO  - Watchdog has been checked: 0 passed
21.07.2014 18:58:50,220 - INFO  - Watchdog has been checked: 0 passed
21.07.2014 19:00:50,255 - INFO  - Watchdog has been checked: 0 passed
21.07.2014 19:02:50,259 - INFO  - Watchdog has been checked: 0 passed
21.07.2014 19:04:50,369 - INFO  - Watchdog has been checked: 0 passed
21.07.2014 19:06:50,438 - INFO  - Watchdog has been checked: 0 passed
21.07.2014 19:08:50,457 - INFO  - Watchdog has been checked: 0 passed
21.07.2014 19:10:50,517 - INFO  - Watchdog has been checked: 0 passed
21.07.2014 19:12:50,273 - INFO  - Watchdog has been checked: 0 passed
21.07.2014 19:14:50,259 - INFO  - Watchdog has been checked: 0 passed
21.07.2014 19:16:50,300 - INFO  - Watchdog has been checked: 0 passed
21.07.2014 19:18:50,310 - INFO  - Watchdog has been checked: 0 passed
21.07.2014 19:20:50,361 - INFO  - Watchdog has been checked: 0 passed
21.07.2014 19:22:50,183 - INFO  - Watchdog has been checked: 0 passed
21.07.2014 19:24:50,136 - INFO  - Watchdog has been checked: 0 passed
21.07.2014 19:26:50,112 - INFO  - Watchdog has been checked: 0 passed
21.07.2014 19:28:49,141 - INFO  - Watchdog has been checked: 0 passed
21.07.2014 19:30:49,135 - INFO  - Watchdog has been checked: 0 passed
21.07.2014 19:32:48,963 - INFO  - Watchdog has been checked: 0 passed
21.07.2014 19:34:47,935 - INFO  - Watchdog has been checked: 0 passed
21.07.2014 19:36:47,009 - INFO  - Watchdog has been checked: 0 passed
21.07.2014 19:38:46,043 - INFO  - Watchdog has been checked: 0 passed
21.07.2014 19:40:46,193 - INFO  - Watchdog has been checked: 0 passed
21.07.2014 19:42:46,156 - INFO  - Watchdog has been checked: 0 passed
21.07.2014 19:44:46,189 - INFO  - Watchdog has been checked: 0 passed
21.07.2014 19:46:46,242 - INFO  - Watchdog has been checked: 0 passed
21.07.2014 19:48:46,071 - INFO  - Watchdog has been checked: 0 passed
21.07.2014 19:50:46,128 - INFO  - Watchdog has been checked: 0 passed
21.07.2014 19:52:46,127 - INFO  - Watchdog has been checked: 0 passed
21.07.2014 19:54:46,201 - INFO  - Watchdog has been checked: 0 passed
21.07.2014 19:56:46,215 - INFO  - Watchdog has been checked: 0 passed
21.07.2014 19:58:46,286 - INFO  - Watchdog has been checked: 0 passed
21.07.2014 20:00:46,298 - INFO  - Watchdog has been checked: 0 passed
21.07.2014 20:02:46,113 - INFO  - Watchdog has been checked: 0 passed
21.07.2014 20:04:47,307 - INFO  - Watchdog has been checked: 0 passed
21.07.2014 20:06:47,117 - INFO  - Watchdog has been checked: 0 passed
21.07.2014 20:08:47,332 - INFO  - Watchdog has been checked: 0 passed
21.07.2014 20:10:47,171 - INFO  - Watchdog has been checked: 0 passed
21.07.2014 20:12:47,239 - INFO  - Watchdog has been checked: 0 passed
21.07.2014 20:14:47,214 - INFO  - Watchdog has been checked: 0 passed
21.07.2014 20:16:47,254 - INFO  - Watchdog has been checked: 0 passed
21.07.2014 20:18:47,357 - INFO  - Watchdog has been checked: 0 passed
21.07.2014 20:20:47,095 - INFO  - Watchdog has been checked: 0 passed
21.07.2014 20:22:47,154 - INFO  - Watchdog has been checked: 0 passed
21.07.2014 20:24:47,182 - INFO  - Watchdog has been checked: 0 passed
21.07.2014 20:26:47,190 - INFO  - Watchdog has been checked: 0 passed
21.07.2014 20:28:47,272 - INFO  - Watchdog has been checked: 0 passed
21.07.2014 20:30:47,340 - INFO  - Watchdog has been checked: 0 passed
21.07.2014 20:32:47,155 - INFO  - Watchdog has been checked: 0 passed
21.07.2014 20:34:47,182 - INFO  - Watchdog has been checked: 0 passed
21.07.2014 20:36:47,172 - INFO  - Watchdog has been checked: 0 passed
21.07.2014 20:38:47,246 - INFO  - Watchdog has been checked: 0 passed
21.07.2014 20:40:47,272 - INFO  - Watchdog has been checked: 0 passed
21.07.2014 20:42:47,297 - INFO  - Watchdog has been checked: 0 passed
21.07.2014 20:44:47,342 - INFO  - Watchdog has been checked: 0 passed
21.07.2014 20:46:47,325 - INFO  - Watchdog has been checked: 0 passed
21.07.2014 20:48:47,114 - INFO  - Watchdog has been checked: 0 passed
21.07.2014 20:50:47,220 - INFO  - Watchdog has been checked: 0 passed
21.07.2014 20:52:47,262 - INFO  - Watchdog has been checked: 0 passed
21.07.2014 20:54:47,306 - INFO  - Watchdog has been checked: 0 passed
21.07.2014 20:56:47,310 - INFO  - Watchdog has been checked: 0 passed
21.07.2014 20:58:47,375 - INFO  - Watchdog has been checked: 0 passed
21.07.2014 21:00:47,365 - INFO  - Watchdog has been checked: 0 passed
21.07.2014 21:02:47,169 - INFO  - Watchdog has been checked: 0 passed
21.07.2014 21:04:47,197 - INFO  - Watchdog has been checked: 0 passed
21.07.2014 21:06:47,183 - INFO  - Watchdog has been checked: 0 passed
21.07.2014 21:08:47,247 - INFO  - Watchdog has been checked: 0 passed
21.07.2014 21:10:47,290 - INFO  - Watchdog has been checked: 0 passed
21.07.2014 21:12:47,310 - INFO  - Watchdog has been checked: 0 passed
21.07.2014 21:14:47,348 - INFO  - Watchdog has been checked: 0 passed
21.07.2014 21:16:47,340 - INFO  - Watchdog has been checked: 0 passed
21.07.2014 21:18:47,116 - INFO  - Watchdog has been checked: 0 passed
21.07.2014 21:20:47,155 - INFO  - Watchdog has been checked: 0 passed
21.07.2014 21:22:47,173 - INFO  - Watchdog has been checked: 0 passed
21.07.2014 21:24:47,210 - INFO  - Watchdog has been checked: 0 passed
21.07.2014 21:26:47,228 - INFO  - Watchdog has been checked: 0 passed
21.07.2014 21:28:47,277 - INFO  - Watchdog has been checked: 0 passed
21.07.2014 21:30:47,315 - INFO  - Watchdog has been checked: 0 passed
21.07.2014 21:32:47,320 - INFO  - Watchdog has been checked: 0 passed
21.07.2014 21:34:47,355 - INFO  - Watchdog has been checked: 0 passed
21.07.2014 21:36:47,396 - INFO  - Watchdog has been checked: 0 passed
21.07.2014 21:38:47,168 - INFO  - Watchdog has been checked: 0 passed
21.07.2014 21:40:47,215 - INFO  - Watchdog has been checked: 0 passed
21.07.2014 21:42:47,287 - INFO  - Watchdog has been checked: 0 passed
21.07.2014 21:44:47,273 - INFO  - Watchdog has been checked: 0 passed
21.07.2014 21:46:47,293 - INFO  - Watchdog has been checked: 0 passed
21.07.2014 21:48:47,089 - INFO  - Watchdog has been checked: 0 passed
21.07.2014 21:50:47,144 - INFO  - Watchdog has been checked: 0 passed
21.07.2014 21:52:47,208 - INFO  - Watchdog has been checked: 0 passed
21.07.2014 21:54:47,210 - INFO  - Watchdog has been checked: 0 passed
21.07.2014 21:56:47,269 - INFO  - Watchdog has been checked: 0 passed
21.07.2014 21:58:47,277 - INFO  - Watchdog has been checked: 0 passed
21.07.2014 22:00:47,089 - INFO  - Watchdog has been checked: 0 passed
21.07.2014 22:02:47,076 - INFO  - Watchdog has been checked: 0 passed
21.07.2014 22:04:46,051 - INFO  - Watchdog has been checked: 0 passed
21.07.2014 22:06:45,118 - INFO  - Watchdog has been checked: 0 passed
21.07.2014 22:08:47,116 - INFO  - Watchdog has been checked: 0 passed
21.07.2014 22:10:46,170 - INFO  - Watchdog has been checked: 0 passed
21.07.2014 22:12:46,011 - INFO  - Watchdog has been checked: 0 passed
21.07.2014 22:14:45,259 - INFO  - Watchdog has been checked: 0 passed
21.07.2014 22:16:45,072 - INFO  - Watchdog has been checked: 0 passed
21.07.2014 22:18:44,118 - INFO  - Watchdog has been checked: 0 passed
21.07.2014 22:20:44,183 - INFO  - Watchdog has been checked: 0 passed
21.07.2014 22:22:43,264 - INFO  - Watchdog has been checked: 0 passed
21.07.2014 22:24:43,258 - INFO  - Watchdog has been checked: 0 passed
21.07.2014 22:26:43,325 - INFO  - Watchdog has been checked: 0 passed
21.07.2014 22:28:43,379 - INFO  - Watchdog has been checked: 0 passed
21.07.2014 22:30:43,164 - INFO  - Watchdog has been checked: 0 passed
21.07.2014 22:32:43,239 - INFO  - Watchdog has been checked: 0 passed
21.07.2014 22:34:43,250 - INFO  - Watchdog has been checked: 0 passed
21.07.2014 22:36:43,294 - INFO  - Watchdog has been checked: 0 passed
21.07.2014 22:38:43,319 - INFO  - Watchdog has been checked: 0 passed
21.07.2014 22:40:45,669 - INFO  - Watchdog has been checked: 0 passed
21.07.2014 22:42:45,121 - INFO  - Watchdog has been checked: 0 passed
21.07.2014 22:44:45,204 - INFO  - Watchdog has been checked: 0 passed
21.07.2014 22:46:45,152 - INFO  - Watchdog has been checked: 0 passed
21.07.2014 22:48:45,318 - INFO  - Watchdog has been checked: 0 passed
21.07.2014 22:50:45,333 - INFO  - Watchdog has been checked: 0 passed
21.07.2014 22:52:45,333 - INFO  - Watchdog has been checked: 0 passed
21.07.2014 22:54:45,448 - INFO  - Watchdog has been checked: 0 passed
21.07.2014 22:56:45,227 - INFO  - Watchdog has been checked: 0 passed
21.07.2014 22:58:45,259 - INFO  - Watchdog has been checked: 0 passed
21.07.2014 23:00:45,306 - INFO  - Watchdog has been checked: 0 passed
21.07.2014 23:02:45,354 - INFO  - Watchdog has been checked: 0 passed
21.07.2014 23:04:45,382 - INFO  - Watchdog has been checked: 0 passed
21.07.2014 23:06:45,423 - INFO  - Watchdog has been checked: 0 passed
21.07.2014 23:08:45,129 - INFO  - Watchdog has been checked: 0 passed
21.07.2014 23:10:47,211 - INFO  - Watchdog has been checked: 0 passed
21.07.2014 23:12:47,316 - INFO  - Watchdog has been checked: 0 passed
21.07.2014 23:14:47,332 - INFO  - Watchdog has been checked: 0 passed
21.07.2014 23:16:47,319 - INFO  - Watchdog has been checked: 0 passed
21.07.2014 23:18:47,164 - INFO  - Watchdog has been checked: 0 passed
21.07.2014 23:20:47,127 - INFO  - Watchdog has been checked: 0 passed
21.07.2014 23:22:47,190 - INFO  - Watchdog has been checked: 0 passed
21.07.2014 23:24:47,188 - INFO  - Watchdog has been checked: 0 passed
21.07.2014 23:26:47,160 - INFO  - Watchdog has been checked: 0 passed
21.07.2014 23:28:47,231 - INFO  - Watchdog has been checked: 0 passed
21.07.2014 23:31:37,201 - INFO  - Watchdog has been checked: 0 passed
21.07.2014 23:31:46,147 - INFO  - Watchdog has been checked: 0 passed
21.07.2014 23:33:46,018 - INFO  - Watchdog has been checked: 0 passed
21.07.2014 23:35:45,042 - INFO  - Watchdog has been checked: 0 passed
21.07.2014 23:37:44,055 - INFO  - Watchdog has been checked: 0 passed
21.07.2014 23:39:43,119 - INFO  - Watchdog has been checked: 0 passed
21.07.2014 23:41:43,553 - INFO  - Watchdog has been checked: 0 passed
21.07.2014 23:43:43,190 - INFO  - Watchdog has been checked: 0 passed
21.07.2014 23:45:43,146 - INFO  - Watchdog has been checked: 0 passed
21.07.2014 23:47:43,071 - INFO  - Watchdog has been checked: 0 passed
21.07.2014 23:49:42,151 - INFO  - Watchdog has been checked: 0 passed
21.07.2014 23:51:42,161 - INFO  - Watchdog has been checked: 0 passed
21.07.2014 23:53:42,221 - INFO  - Watchdog has been checked: 0 passed
21.07.2014 23:55:42,064 - INFO  - Watchdog has been checked: 0 passed
21.07.2014 23:57:41,072 - INFO  - Watchdog has been checked: 0 passed
21.07.2014 23:59:40,213 - INFO  - Watchdog has been checked: 0 passed
