12.05.2014 07:41:30,447 - ERROR - unknown wikiuser
12.05.2014 07:41:30,540 - INFO  - searcher anonymous --- respT: 26ms, 27049 results, q=, 
12.05.2014 07:41:39,240 - ERROR - unknown wikiuser
12.05.2014 07:41:39,288 - INFO  - searcher anonymous --- respT: 17ms, 914 results, q=dien, 
12.05.2014 07:41:40,146 - ERROR - unknown wikiuser
12.05.2014 07:41:40,241 - INFO  - searcher anonymous --- respT: 28ms, 820 results, q=diens, 
12.05.2014 07:41:40,853 - ERROR - unknown wikiuser
12.05.2014 07:41:40,927 - INFO  - searcher anonymous --- respT: 29ms, 47 results, q=dienstre, 
12.05.2014 07:41:41,280 - ERROR - unknown wikiuser
12.05.2014 07:41:41,329 - INFO  - searcher anonymous --- respT: 16ms, 47 results, q=dienstreise, 
12.05.2014 07:41:49,790 - ERROR - unknown wikiuser
12.05.2014 07:41:49,832 - INFO  - searcher anonymous --- respT: 15ms, 47 results, q=dienstreise, 
12.05.2014 07:41:53,234 - ERROR - unknown wikiuser
12.05.2014 07:41:53,299 - INFO  - searcher anonymous --- respT: 23ms, 27049 results, q=, 
12.05.2014 07:56:30,085 - ERROR - unknown wikiuser
12.05.2014 07:56:30,175 - INFO  - searcher anonymous --- respT: 23ms, 27050 results, q=, 
12.05.2014 07:56:41,578 - ERROR - unknown wikiuser
12.05.2014 07:56:41,641 - INFO  - searcher anonymous --- respT: 23ms, 27050 results, q=, 
12.05.2014 07:56:42,872 - ERROR - unknown wikiuser
12.05.2014 07:56:42,916 - INFO  - searcher anonymous --- respT: 15ms, 19 results, q=asdf, 
12.05.2014 07:56:46,788 - ERROR - unknown wikiuser
12.05.2014 07:56:46,862 - INFO  - searcher anonymous --- respT: 12ms, 49 results, q=asd, 
12.05.2014 07:56:50,754 - ERROR - unknown wikiuser
12.05.2014 07:56:50,840 - INFO  - searcher anonymous --- respT: 17ms, 1085 results, q=wie, 
12.05.2014 07:56:55,897 - ERROR - unknown wikiuser
12.05.2014 07:56:55,925 - INFO  - searcher anonymous --- respT: 9ms, no results, q=lerm, 
12.05.2014 07:56:56,425 - ERROR - unknown wikiuser
12.05.2014 07:56:56,469 - INFO  - searcher anonymous --- respT: 14ms, 183 results, q=ler, 
12.05.2014 07:56:56,863 - ERROR - unknown wikiuser
12.05.2014 07:56:56,908 - INFO  - searcher anonymous --- respT: 14ms, 54 results, q=lern, 
12.05.2014 07:56:58,150 - ERROR - unknown wikiuser
12.05.2014 07:56:58,180 - INFO  - searcher anonymous --- respT: 9ms, 1 results, q=lernmodul, 
12.05.2014 07:57:02,478 - ERROR - unknown wikiuser
12.05.2014 07:57:02,527 - INFO  - searcher anonymous --- respT: 16ms, 1217 results, q=modul, 
12.05.2014 07:57:31,192 - ERROR - unknown wikiuser
12.05.2014 07:57:31,247 - INFO  - searcher anonymous --- respT: 21ms, 7327 results, q=da, 
12.05.2014 07:57:36,526 - ERROR - unknown wikiuser
12.05.2014 07:57:36,557 - INFO  - searcher anonymous --- respT: 11ms, 1 results, q=lernmodul, 
12.05.2014 07:57:37,084 - ERROR - unknown wikiuser
12.05.2014 07:57:37,125 - INFO  - searcher anonymous --- respT: 12ms, no results, q=lernmodul ad, 
12.05.2014 07:57:38,339 - ERROR - unknown wikiuser
12.05.2014 07:57:38,385 - INFO  - searcher anonymous --- respT: 16ms, no results, q=lernmodulda, 
12.05.2014 07:57:39,276 - ERROR - unknown wikiuser
12.05.2014 07:57:39,313 - INFO  - searcher anonymous --- respT: 13ms, 1 results, q=lernmodul d, 
12.05.2014 07:57:41,052 - ERROR - unknown wikiuser
12.05.2014 07:57:41,087 - INFO  - searcher anonymous --- respT: 12ms, no results, q=lernmodul datenbanken, 
12.05.2014 07:57:45,384 - ERROR - unknown wikiuser
12.05.2014 07:57:45,453 - INFO  - searcher anonymous --- respT: 28ms, 18 results, q=datenbanken, 
12.05.2014 07:57:50,119 - ERROR - unknown wikiuser
12.05.2014 07:57:50,160 - INFO  - searcher anonymous --- respT: 15ms, no results, q=mdatenbankenod, 
12.05.2014 07:57:50,766 - ERROR - unknown wikiuser
12.05.2014 07:57:50,810 - INFO  - searcher anonymous --- respT: 18ms, no results, q=mdatenbankeno, 
12.05.2014 07:57:52,598 - ERROR - unknown wikiuser
12.05.2014 07:57:52,636 - INFO  - searcher anonymous --- respT: 14ms, no results, q=mdatenbank, 
12.05.2014 07:57:53,467 - ERROR - unknown wikiuser
12.05.2014 07:57:53,508 - INFO  - searcher anonymous --- respT: 17ms, no results, q=mdatenbanken, 
12.05.2014 07:57:55,575 - ERROR - unknown wikiuser
12.05.2014 07:57:55,636 - INFO  - searcher anonymous --- respT: 26ms, 27050 results, q=, 
12.05.2014 07:57:56,934 - ERROR - unknown wikiuser
12.05.2014 07:57:56,991 - INFO  - searcher anonymous --- respT: 22ms, 1217 results, q=modul, 
12.05.2014 07:57:58,378 - ERROR - unknown wikiuser
12.05.2014 07:57:58,510 - INFO  - searcher anonymous --- respT: 31ms, no results, q=modul datenk, 
12.05.2014 07:57:59,298 - ERROR - unknown wikiuser
12.05.2014 07:57:59,525 - INFO  - searcher anonymous --- respT: 97ms, 20 results, q=modul datenb, 
12.05.2014 07:58:00,181 - ERROR - unknown wikiuser
12.05.2014 07:58:00,333 - INFO  - searcher anonymous --- respT: 66ms, 11 results, q=modul datenbank, 
12.05.2014 07:58:01,973 - ERROR - unknown wikiuser
12.05.2014 07:58:02,111 - INFO  - searcher anonymous --- respT: 49ms, 3 results, q=modul datenbanken, 
12.05.2014 08:08:05,632 - INFO  - searcher identified --- respT: 32ms, 35698 results, q=, 
12.05.2014 08:08:10,396 - INFO  - searcher identified --- respT: 26ms, 3 results, q=lernmodul, 
12.05.2014 08:08:11,261 - INFO  - searcher identified --- respT: 27ms, 2 results, q=lernmodul daten, 
12.05.2014 08:08:12,358 - INFO  - searcher identified --- respT: 15ms, 1 results, q=lernmodul datenbanken, 
12.05.2014 08:08:22,420 - INFO  - searcher identified --- respT: 26ms, 35698 results, q=, 
12.05.2014 08:08:25,804 - INFO  - searcher identified --- respT: 16ms, 140 results, q=lern, 
12.05.2014 08:08:27,172 - INFO  - searcher identified --- respT: 27ms, 3 results, q=lernmodul, 
12.05.2014 09:32:58,346 - INFO  - searcher identified --- respT: 50ms, 81882 results, q=, 
12.05.2014 09:33:01,247 - INFO  - searcher identified --- respT: 38ms, 1 results, q=ppsi, 
12.05.2014 09:33:02,329 - INFO  - searcher identified --- respT: 25ms, 2824 results, q=pp, 
12.05.2014 09:33:05,408 - INFO  - searcher identified --- respT: 28ms, 20418 results, q=psiweb, 
12.05.2014 09:33:07,553 - INFO  - searcher identified --- respT: 19ms, 7 results, q=psiweb.int, 
12.05.2014 09:33:19,491 - INFO  - searcher identified --- respT: 48ms, 81882 results, q=, 
12.05.2014 09:39:36,207 - ERROR - unknown wikiuser
12.05.2014 09:39:36,325 - INFO  - searcher anonymous --- respT: 29ms, 27057 results, q=, 
12.05.2014 09:39:54,420 - ERROR - unknown wikiuser
12.05.2014 09:39:54,491 - INFO  - searcher anonymous --- respT: 30ms, 27057 results, q=, 
12.05.2014 09:50:05,270 - INFO  - searcher identified --- respT: 24ms, 150 results, q=psw, 
12.05.2014 09:50:07,129 - INFO  - searcher identified --- respT: 37ms, 8 results, q=psquad., 
12.05.2014 09:50:08,362 - INFO  - searcher identified --- respT: 34ms, 7 results, q=psquad.ps, 
12.05.2014 09:50:09,296 - INFO  - searcher identified --- respT: 37ms, 7 results, q=psquad.psi.ch, 
12.05.2014 10:27:13,539 - INFO  - searcher identified --- respT: 30ms, 36114 results, q=, 
12.05.2014 10:27:15,964 - INFO  - searcher identified --- respT: 18ms, 31 results, q=wieso, 
12.05.2014 10:27:16,677 - INFO  - searcher identified --- respT: 48ms, 14 results, q=wieso b, 
12.05.2014 10:27:17,129 - INFO  - searcher identified --- respT: 47ms, 4 results, q=wieso block, 
12.05.2014 10:27:18,387 - INFO  - searcher identified --- respT: 38ms, 3 results, q=wieso blockiert, 
12.05.2014 10:27:20,310 - INFO  - searcher identified --- respT: 41ms, 3 results, q=wieso blockiert das bei dir, 
12.05.2014 10:27:20,813 - INFO  - searcher identified --- respT: 41ms, 3 results, q=wieso blockiert das bei di, 
12.05.2014 10:27:21,885 - INFO  - searcher identified --- respT: 29ms, 36114 results, q=, 
12.05.2014 10:27:24,467 - INFO  - searcher identified --- respT: 89ms, 5 results, q=tio schat, 
12.05.2014 10:27:25,445 - INFO  - searcher identified --- respT: 63ms, 259 results, q=tio sch, 
12.05.2014 10:27:26,321 - INFO  - searcher identified --- respT: 83ms, 273 results, q=tio s, 
12.05.2014 10:27:27,506 - INFO  - searcher identified --- respT: 73ms, 39 results, q=tio staub, 
12.05.2014 10:27:29,390 - INFO  - searcher identified --- respT: 23ms, 9440 results, q=ti, 
12.05.2014 10:27:31,548 - INFO  - searcher identified --- respT: 79ms, 12 results, q=timo staub, 
12.05.2014 10:29:16,178 - INFO  - searcher identified --- respT: 19ms, no results, q=lehli, 
12.05.2014 10:29:17,172 - INFO  - searcher identified --- respT: 17ms, no results, q=lehlingas, 
12.05.2014 10:29:18,292 - INFO  - searcher identified --- respT: 15ms, no results, q=lehlingsau, 
12.05.2014 10:29:19,759 - INFO  - searcher identified --- respT: 16ms, no results, q=lehlingsausbul, 
12.05.2014 10:29:22,213 - INFO  - searcher identified --- respT: 19ms, no results, q=lehlingsausbildun, 
12.05.2014 10:29:23,151 - INFO  - searcher identified --- respT: 31ms, 36114 results, q=, 
12.05.2014 10:29:24,787 - INFO  - searcher identified --- respT: 15ms, 221 results, q=lehr, 
12.05.2014 10:29:29,468 - INFO  - searcher identified --- respT: 19ms, no results, q=lehrlingsausbildun, 
12.05.2014 10:29:30,452 - INFO  - searcher identified --- respT: 30ms, 36114 results, q=, 
12.05.2014 10:29:32,071 - INFO  - searcher identified --- respT: 17ms, no results, q=weasdk, 
12.05.2014 10:29:32,817 - INFO  - searcher identified --- respT: 10ms, no results, q=weasd, 
12.05.2014 10:29:33,378 - INFO  - searcher identified --- respT: 31ms, 36114 results, q=, 
12.05.2014 10:29:35,178 - INFO  - searcher identified --- respT: 15ms, no results, q=wasskjdf, 
12.05.2014 10:29:35,671 - INFO  - searcher identified --- respT: 13ms, no results, q=wasskjd, 
12.05.2014 10:29:36,264 - INFO  - searcher identified --- respT: 28ms, 36114 results, q=, 
12.05.2014 10:29:38,295 - INFO  - searcher identified --- respT: 15ms, no results, q=sekjowsf, 
12.05.2014 10:29:38,741 - INFO  - searcher identified --- respT: 15ms, no results, q=sekjows, 
12.05.2014 10:29:39,339 - INFO  - searcher identified --- respT: 30ms, 36114 results, q=, 
12.05.2014 10:29:40,949 - INFO  - searcher identified --- respT: 14ms, no results, q=kwjosfd, 
12.05.2014 10:29:42,206 - INFO  - searcher identified --- respT: 30ms, 36114 results, q=, 
12.05.2014 11:46:26,414 - INFO  - searcher identified --- respT: 43ms, 62521 results, q=, 
12.05.2014 11:46:34,661 - INFO  - searcher identified --- respT: 17ms, 2242 results, q=AW, 
12.05.2014 11:46:45,537 - INFO  - searcher identified --- respT: 17ms, 2242 results, q=AW   Computer, 
12.05.2014 11:46:48,217 - INFO  - searcher identified --- respT: 15ms, no results, q=AW   Computerressourcen, 
12.05.2014 11:46:51,330 - INFO  - searcher identified --- respT: 13ms, 1 results, q=Computerressourcen, 
12.05.2014 12:16:30,186 - INFO  - searcher identified --- respT: 86ms, 81935 results, q=, 
12.05.2014 12:16:43,365 - INFO  - searcher identified --- respT: 25ms, 359 results, web:(AFD), q=, 
12.05.2014 13:32:35,446 - INFO  - searcher identified --- respT: 34ms, 36187 results, q=, 
12.05.2014 13:32:40,293 - INFO  - searcher identified --- respT: 19ms, 359 results, q=beu, 
12.05.2014 13:32:41,926 - INFO  - searcher identified --- respT: 18ms, no results, q=beudklji, 
12.05.2014 13:32:42,698 - INFO  - searcher identified --- respT: 16ms, no results, q=beudklj, 
12.05.2014 13:32:43,654 - INFO  - searcher identified --- respT: 40ms, 359 results, q=beu, 
12.05.2014 13:32:44,932 - INFO  - searcher identified --- respT: 18ms, no results, q=beucklers, 
12.05.2014 13:32:47,940 - INFO  - searcher identified --- respT: 20ms, no results, q=beuc, 
12.05.2014 13:32:49,110 - INFO  - searcher identified --- respT: 16ms, no results, q=beucckler, 
12.05.2014 13:32:51,032 - INFO  - searcher identified --- respT: 18ms, 4469 results, q=b, 
12.05.2014 13:35:00,009 - INFO  - searcher identified --- respT: 17ms, 4469 results, q=b, 
12.05.2014 13:35:09,880 - INFO  - searcher identified --- respT: 15ms, 22 results, q=buecklers, 
12.05.2014 13:35:15,997 - INFO  - searcher identified --- respT: 23ms, 4469 results, q=b, 
12.05.2014 13:35:18,354 - INFO  - searcher identified --- respT: 49ms, 1 results, q=slkd, 
12.05.2014 13:35:19,921 - INFO  - searcher identified --- respT: 15ms, no results, q=slkdljijel, 
12.05.2014 13:35:21,817 - INFO  - searcher identified --- respT: 19ms, 4636 results, q=s, 
12.05.2014 13:35:34,090 - INFO  - searcher identified --- respT: 23ms, no results, q=isnen, 
12.05.2014 13:35:35,195 - INFO  - searcher identified --- respT: 9ms, no results, q=is, 
12.05.2014 13:35:38,051 - INFO  - searcher identified --- respT: 19ms, no results, q=iselli, 
12.05.2014 13:35:38,852 - INFO  - searcher identified --- respT: 9ms, no results, q=i, 
12.05.2014 13:35:40,414 - INFO  - searcher identified --- respT: 22ms, 122 results, q=isen, 
12.05.2014 13:35:41,774 - INFO  - searcher identified --- respT: 14ms, 110 results, q=isenegger, 
12.05.2014 13:35:47,107 - INFO  - searcher identified --- respT: 19ms, 212 results, q=ise, 
12.05.2014 13:35:53,919 - INFO  - searcher identified --- respT: 15ms, no results, q=geawakjf, 
12.05.2014 13:35:56,053 - INFO  - searcher identified --- respT: 36ms, 7611 results, q=ge, 
12.05.2014 13:35:57,951 - INFO  - searcher identified --- respT: 17ms, no results, q=gewaltsm, 
12.05.2014 13:36:00,172 - INFO  - searcher identified --- respT: 52ms, 18 results, q=gewal, 
12.05.2014 13:40:01,018 - INFO  - searcher identified --- respT: 20ms, no results, q=gewalr, 
12.05.2014 13:40:01,731 - INFO  - searcher identified --- respT: 93ms, 3730 results, q=f, 
12.05.2014 13:40:03,339 - INFO  - searcher identified --- respT: 84ms, 10 results, q=fjel, 
12.05.2014 13:40:03,666 - INFO  - searcher identified --- respT: 25ms, no results, q=fjelj, 
12.05.2014 13:40:04,197 - INFO  - searcher identified --- respT: 15ms, no results, q=fjeljlji, 
12.05.2014 13:40:05,084 - INFO  - searcher identified --- respT: 24ms, no results, q=fjelj, 
12.05.2014 13:40:05,638 - INFO  - searcher identified --- respT: 35ms, 36189 results, q=, 
12.05.2014 13:40:07,620 - INFO  - searcher identified --- respT: 18ms, no results, q=bueklcer, 
12.05.2014 13:40:10,767 - INFO  - searcher identified --- respT: 30ms, no results, q=bueklce, 
12.05.2014 13:40:11,360 - INFO  - searcher identified --- respT: 18ms, 4469 results, q=b, 
12.05.2014 13:40:12,915 - INFO  - searcher identified --- respT: 18ms, 4469 results, q=b, 
12.05.2014 13:40:14,312 - INFO  - searcher identified --- respT: 18ms, 4469 results, q=b, 
12.05.2014 13:40:16,983 - INFO  - searcher identified --- respT: 18ms, 4469 results, q=b, 
12.05.2014 13:40:19,256 - INFO  - searcher identified --- respT: 15ms, no results, q=djifjlei, 
12.05.2014 13:40:20,047 - INFO  - searcher identified --- respT: 34ms, 36189 results, q=, 
12.05.2014 14:20:23,012 - INFO  - searcher identified --- respT: 23ms, 22 results, q=bueckler, 
12.05.2014 14:20:23,556 - INFO  - searcher identified --- respT: 24ms, 22 results, q=bueckl, 
12.05.2014 14:20:23,988 - INFO  - searcher identified --- respT: 31ms, 36200 results, q=, 
12.05.2014 14:20:25,720 - INFO  - searcher identified --- respT: 52ms, no results, q=buecklc, 
12.05.2014 14:20:26,763 - INFO  - searcher identified --- respT: 17ms, 4469 results, q=b, 
12.05.2014 14:20:29,155 - INFO  - searcher identified --- respT: 14ms, 22 results, q=buecklers, 
12.05.2014 14:20:30,412 - INFO  - searcher identified --- respT: 31ms, 36200 results, q=, 
12.05.2014 14:20:32,286 - INFO  - searcher identified --- respT: 14ms, 22 results, q=buecklers, 
12.05.2014 15:06:24,289 - INFO  - searcher identified --- respT: 83ms, 62455 results, q=, 
12.05.2014 15:06:55,039 - INFO  - searcher identified --- respT: 26ms, 255 results, q=DDN, 
12.05.2014 15:07:03,433 - INFO  - searcher identified --- respT: 70ms, 161 results, q=DDN GPFS, 
12.05.2014 15:07:04,915 - INFO  - searcher identified --- respT: 31ms, 62 results, q=DDN GPFS Merlin, 
12.05.2014 15:13:12,212 - INFO  - searcher identified --- respT: 14ms, 22 results, q=buecklers, 
12.05.2014 15:13:18,011 - INFO  - searcher identified --- respT: 17ms, 214 results, q=hallo, 
12.05.2014 15:13:26,982 - INFO  - searcher identified --- respT: 17ms, 214 results, q=hallo, 
12.05.2014 15:13:31,548 - INFO  - searcher identified --- respT: 17ms, 214 results, q=hallo, 
12.05.2014 15:13:35,134 - INFO  - searcher identified --- respT: 18ms, 214 results, q=hallo, 
12.05.2014 15:13:56,258 - INFO  - searcher identified --- respT: 17ms, 214 results, q=hallo, 
12.05.2014 15:13:59,770 - INFO  - searcher identified --- respT: 18ms, 214 results, q=hallo, 
12.05.2014 15:14:04,801 - INFO  - searcher identified --- respT: 37ms, 3677 results, q=h, 
12.05.2014 15:14:06,783 - INFO  - searcher identified --- respT: 14ms, 22 results, q=buecklers, 
12.05.2014 15:43:43,132 - INFO  - searcher identified --- respT: 41ms, 69823 results, q=, 
12.05.2014 15:44:15,140 - INFO  - searcher identified --- respT: 22ms, 2654 results, q=site, 
12.05.2014 15:44:15,644 - INFO  - searcher identified --- respT: 20ms, 8660 results, q=s, 
12.05.2014 15:44:21,679 - INFO  - searcher identified --- respT: 34ms, 91 results, q=MxGroup, 
12.05.2014 15:44:24,270 - INFO  - searcher identified --- respT: 55ms, 4 results, q=MxGroup manuals, 
12.05.2014 15:44:25,032 - INFO  - searcher identified --- respT: 43ms, 21 results, q=MxGroup manual, 
12.05.2014 15:44:30,341 - INFO  - searcher identified --- respT: 34ms, 54746 results, q=, 
12.05.2014 15:44:42,435 - INFO  - searcher identified --- respT: 41ms, 69823 results, q=, 
12.05.2014 15:44:52,621 - INFO  - searcher identified --- respT: 22ms, 1178 results, q=mxgroup, 
12.05.2014 15:44:54,433 - INFO  - searcher identified --- respT: 29ms, 85 results, q=mxgr, 
12.05.2014 15:44:59,110 - INFO  - searcher identified --- respT: 38ms, 1205 results, q=mxgroup, 
12.05.2014 15:45:01,636 - INFO  - searcher identified --- respT: 27ms, 294 results, q=mxgroup zac, 
12.05.2014 15:45:07,982 - INFO  - searcher identified --- respT: 21ms, no results, q=mxgroup zac lgo, 
12.05.2014 15:45:08,962 - INFO  - searcher identified --- respT: 32ms, 46 results, q=mxgroup zac l, 
12.05.2014 15:45:09,870 - INFO  - searcher identified --- respT: 24ms, 230 results, q=mxgroup zac log, 
12.05.2014 15:45:14,380 - INFO  - searcher identified --- respT: 37ms, 21 results, q=mxgroup cb, 
12.05.2014 15:45:15,232 - INFO  - searcher identified --- respT: 54ms, 17 results, q=mxgroup zac log ait, 
12.05.2014 15:45:15,235 - INFO  - searcher identified --- respT: 49ms, 2 results, q=mxgroup cbox, 
12.05.2014 15:45:18,228 - INFO  - searcher identified --- respT: 38ms, 46 results, q=mxgroup zac log ai, 
12.05.2014 15:45:19,373 - INFO  - searcher identified --- respT: 30ms, 46 results, q=mxgroup zac l, 
12.05.2014 15:45:20,896 - INFO  - searcher identified --- respT: 22ms, 8127 results, q=m, 
12.05.2014 15:45:30,212 - INFO  - searcher identified --- respT: 17ms, 2 results, q=mxgroup cbo, 
12.05.2014 15:45:30,871 - INFO  - searcher identified --- respT: 27ms, 85 results, q=mxgr, 
12.05.2014 15:45:31,502 - INFO  - searcher identified --- respT: 34ms, 109 results, q=mxg, 
12.05.2014 16:16:41,165 - INFO  - searcher identified --- respT: 26ms, 3990 results, q=test, 
