22.06.2014 00:01:24,387 - INFO  - Watchdog has been checked: 0 passed
22.06.2014 00:03:24,429 - INFO  - Watchdog has been checked: 0 passed
22.06.2014 00:05:24,520 - INFO  - Watchdog has been checked: 0 passed
22.06.2014 00:07:24,312 - INFO  - Watchdog has been checked: 0 passed
22.06.2014 00:09:24,327 - INFO  - Watchdog has been checked: 0 passed
22.06.2014 00:11:24,351 - INFO  - Watchdog has been checked: 0 passed
22.06.2014 00:13:24,358 - INFO  - Watchdog has been checked: 0 passed
22.06.2014 00:15:24,146 - INFO  - Watchdog has been checked: 0 passed
22.06.2014 00:17:24,156 - INFO  - Watchdog has been checked: 0 passed
22.06.2014 00:19:24,190 - INFO  - Watchdog has been checked: 0 passed
22.06.2014 00:21:24,187 - INFO  - Watchdog has been checked: 0 passed
22.06.2014 00:23:24,020 - INFO  - Watchdog has been checked: 0 passed
22.06.2014 00:25:22,937 - INFO  - Watchdog has been checked: 0 passed
22.06.2014 00:27:21,982 - INFO  - Watchdog has been checked: 0 passed
22.06.2014 00:29:21,137 - INFO  - Watchdog has been checked: 0 passed
22.06.2014 00:31:21,121 - INFO  - Watchdog has been checked: 0 passed
22.06.2014 00:33:21,176 - INFO  - Watchdog has been checked: 0 passed
22.06.2014 00:35:21,192 - INFO  - Watchdog has been checked: 0 passed
22.06.2014 00:37:21,233 - INFO  - Watchdog has been checked: 0 passed
22.06.2014 00:39:21,144 - INFO  - Watchdog has been checked: 0 passed
22.06.2014 00:41:21,144 - INFO  - Watchdog has been checked: 0 passed
22.06.2014 00:43:21,226 - INFO  - Watchdog has been checked: 0 passed
22.06.2014 00:45:21,321 - INFO  - Watchdog has been checked: 0 passed
22.06.2014 00:47:21,082 - INFO  - Watchdog has been checked: 0 passed
22.06.2014 00:49:20,175 - INFO  - Watchdog has been checked: 0 passed
22.06.2014 00:51:20,184 - INFO  - Watchdog has been checked: 0 passed
22.06.2014 00:53:20,247 - INFO  - Watchdog has been checked: 0 passed
22.06.2014 00:55:20,266 - INFO  - Watchdog has been checked: 0 passed
22.06.2014 00:57:20,291 - INFO  - Watchdog has been checked: 0 passed
22.06.2014 00:59:20,180 - INFO  - Watchdog has been checked: 0 passed
22.06.2014 01:01:20,179 - INFO  - Watchdog has been checked: 0 passed
22.06.2014 01:03:20,223 - INFO  - Watchdog has been checked: 0 passed
22.06.2014 01:05:20,333 - INFO  - Watchdog has been checked: 0 passed
22.06.2014 01:07:20,322 - INFO  - Watchdog has been checked: 0 passed
22.06.2014 01:09:20,178 - INFO  - Watchdog has been checked: 0 passed
22.06.2014 01:11:20,203 - INFO  - Watchdog has been checked: 0 passed
22.06.2014 01:13:20,236 - INFO  - Watchdog has been checked: 0 passed
22.06.2014 01:15:20,520 - INFO  - Watchdog has been checked: 0 passed
22.06.2014 01:17:20,319 - INFO  - Watchdog has been checked: 0 passed
22.06.2014 01:19:20,184 - INFO  - Watchdog has been checked: 0 passed
22.06.2014 01:21:20,151 - INFO  - Watchdog has been checked: 0 passed
22.06.2014 01:23:19,193 - INFO  - Watchdog has been checked: 0 passed
22.06.2014 01:25:19,312 - INFO  - Watchdog has been checked: 0 passed
22.06.2014 01:27:19,286 - INFO  - Watchdog has been checked: 0 passed
22.06.2014 01:29:19,140 - INFO  - Watchdog has been checked: 0 passed
22.06.2014 01:31:18,180 - INFO  - Watchdog has been checked: 0 passed
22.06.2014 01:33:18,149 - INFO  - Watchdog has been checked: 0 passed
22.06.2014 01:35:18,269 - INFO  - Watchdog has been checked: 0 passed
22.06.2014 01:37:19,639 - INFO  - Watchdog has been checked: 0 passed
22.06.2014 01:39:19,105 - INFO  - Watchdog has been checked: 0 passed
22.06.2014 01:41:19,187 - INFO  - Watchdog has been checked: 0 passed
22.06.2014 01:43:19,154 - INFO  - Watchdog has been checked: 0 passed
22.06.2014 01:45:19,200 - INFO  - Watchdog has been checked: 0 passed
22.06.2014 01:47:19,181 - INFO  - Watchdog has been checked: 0 passed
22.06.2014 01:49:19,277 - INFO  - Watchdog has been checked: 0 passed
22.06.2014 01:51:19,100 - INFO  - Watchdog has been checked: 0 passed
22.06.2014 01:53:19,101 - INFO  - Watchdog has been checked: 0 passed
22.06.2014 01:55:18,191 - INFO  - Watchdog has been checked: 0 passed
22.06.2014 01:57:18,221 - INFO  - Watchdog has been checked: 0 passed
22.06.2014 01:59:20,062 - INFO  - Watchdog has been checked: 0 passed
22.06.2014 02:01:19,114 - INFO  - Watchdog has been checked: 0 passed
22.06.2014 02:03:19,113 - INFO  - Watchdog has been checked: 0 passed
22.06.2014 02:05:19,213 - INFO  - Watchdog has been checked: 0 passed
22.06.2014 02:07:19,241 - INFO  - Watchdog has been checked: 0 passed
22.06.2014 02:09:19,277 - INFO  - Watchdog has been checked: 0 passed
22.06.2014 02:11:19,112 - INFO  - Watchdog has been checked: 0 passed
22.06.2014 02:13:19,147 - INFO  - Watchdog has been checked: 0 passed
22.06.2014 02:15:19,233 - INFO  - Watchdog has been checked: 0 passed
22.06.2014 02:17:19,260 - INFO  - Watchdog has been checked: 0 passed
22.06.2014 02:19:19,303 - INFO  - Watchdog has been checked: 0 passed
22.06.2014 02:21:19,365 - INFO  - Watchdog has been checked: 0 passed
22.06.2014 02:23:19,390 - INFO  - Watchdog has been checked: 0 passed
22.06.2014 02:25:19,220 - INFO  - Watchdog has been checked: 0 passed
22.06.2014 02:27:19,259 - INFO  - Watchdog has been checked: 0 passed
22.06.2014 02:29:19,445 - INFO  - Watchdog has been checked: 0 passed
22.06.2014 02:31:19,111 - INFO  - Watchdog has been checked: 0 passed
22.06.2014 02:33:19,154 - INFO  - Watchdog has been checked: 0 passed
22.06.2014 02:35:19,237 - INFO  - Watchdog has been checked: 0 passed
22.06.2014 02:37:19,262 - INFO  - Watchdog has been checked: 0 passed
22.06.2014 02:39:21,352 - INFO  - Watchdog has been checked: 0 passed
22.06.2014 02:41:21,174 - INFO  - Watchdog has been checked: 0 passed
22.06.2014 02:43:21,230 - INFO  - Watchdog has been checked: 0 passed
22.06.2014 02:45:21,239 - INFO  - Watchdog has been checked: 0 passed
22.06.2014 02:47:21,279 - INFO  - Watchdog has been checked: 0 passed
22.06.2014 02:49:21,099 - INFO  - Watchdog has been checked: 0 passed
22.06.2014 02:51:21,116 - INFO  - Watchdog has been checked: 0 passed
22.06.2014 02:53:20,189 - INFO  - Watchdog has been checked: 0 passed
22.06.2014 02:55:20,253 - INFO  - Watchdog has been checked: 0 passed
22.06.2014 02:57:20,313 - INFO  - Watchdog has been checked: 0 passed
22.06.2014 02:59:20,137 - INFO  - Watchdog has been checked: 0 passed
22.06.2014 03:01:20,221 - INFO  - Watchdog has been checked: 0 passed
22.06.2014 03:03:20,254 - INFO  - Watchdog has been checked: 0 passed
22.06.2014 03:05:20,172 - INFO  - Watchdog has been checked: 0 passed
22.06.2014 03:07:20,230 - INFO  - Watchdog has been checked: 0 passed
22.06.2014 03:09:20,257 - INFO  - Watchdog has been checked: 0 passed
22.06.2014 03:11:20,032 - INFO  - Watchdog has been checked: 0 passed
22.06.2014 03:13:19,082 - INFO  - Watchdog has been checked: 0 passed
22.06.2014 03:15:19,141 - INFO  - Watchdog has been checked: 0 passed
22.06.2014 03:17:19,137 - INFO  - Watchdog has been checked: 0 passed
22.06.2014 03:19:19,235 - INFO  - Watchdog has been checked: 0 passed
22.06.2014 03:21:19,238 - INFO  - Watchdog has been checked: 0 passed
22.06.2014 03:23:19,284 - INFO  - Watchdog has been checked: 0 passed
22.06.2014 03:25:19,105 - INFO  - Watchdog has been checked: 0 passed
22.06.2014 03:27:19,099 - INFO  - Watchdog has been checked: 0 passed
22.06.2014 03:29:19,193 - INFO  - Watchdog has been checked: 0 passed
22.06.2014 03:31:19,216 - INFO  - Watchdog has been checked: 0 passed
22.06.2014 03:33:19,306 - INFO  - Watchdog has been checked: 0 passed
22.06.2014 03:35:19,144 - INFO  - Watchdog has been checked: 0 passed
22.06.2014 03:37:19,153 - INFO  - Watchdog has been checked: 0 passed
22.06.2014 03:39:19,267 - INFO  - Watchdog has been checked: 0 passed
22.06.2014 03:41:21,319 - INFO  - Watchdog has been checked: 0 passed
22.06.2014 03:43:21,111 - INFO  - Watchdog has been checked: 0 passed
22.06.2014 03:45:21,214 - INFO  - Watchdog has been checked: 0 passed
22.06.2014 03:47:21,185 - INFO  - Watchdog has been checked: 0 passed
22.06.2014 03:49:21,322 - INFO  - Watchdog has been checked: 0 passed
22.06.2014 03:51:21,401 - INFO  - Watchdog has been checked: 0 passed
22.06.2014 03:53:21,364 - INFO  - Watchdog has been checked: 0 passed
22.06.2014 03:55:21,190 - INFO  - Watchdog has been checked: 0 passed
22.06.2014 03:57:21,152 - INFO  - Watchdog has been checked: 0 passed
22.06.2014 03:59:21,283 - INFO  - Watchdog has been checked: 0 passed
22.06.2014 04:01:21,360 - INFO  - Watchdog has been checked: 0 passed
22.06.2014 04:03:21,097 - INFO  - Watchdog has been checked: 0 passed
22.06.2014 04:05:21,212 - INFO  - Watchdog has been checked: 0 passed
22.06.2014 04:07:21,206 - INFO  - Watchdog has been checked: 0 passed
22.06.2014 04:09:21,295 - INFO  - Watchdog has been checked: 0 passed
22.06.2014 04:11:21,406 - INFO  - Watchdog has been checked: 0 passed
22.06.2014 04:13:21,078 - INFO  - Watchdog has been checked: 0 passed
22.06.2014 04:15:20,164 - INFO  - Watchdog has been checked: 0 passed
22.06.2014 04:17:20,177 - INFO  - Watchdog has been checked: 0 passed
22.06.2014 04:19:20,258 - INFO  - Watchdog has been checked: 0 passed
22.06.2014 04:21:20,311 - INFO  - Watchdog has been checked: 0 passed
22.06.2014 04:23:20,026 - INFO  - Watchdog has been checked: 0 passed
22.06.2014 04:25:19,053 - INFO  - Watchdog has been checked: 0 passed
22.06.2014 04:27:19,099 - INFO  - Watchdog has been checked: 0 passed
22.06.2014 04:29:19,196 - INFO  - Watchdog has been checked: 0 passed
22.06.2014 04:31:19,252 - INFO  - Watchdog has been checked: 0 passed
22.06.2014 04:33:19,340 - INFO  - Watchdog has been checked: 0 passed
22.06.2014 04:35:19,141 - INFO  - Watchdog has been checked: 0 passed
22.06.2014 04:37:19,160 - INFO  - Watchdog has been checked: 0 passed
22.06.2014 04:39:19,274 - INFO  - Watchdog has been checked: 0 passed
22.06.2014 04:41:19,128 - INFO  - Watchdog has been checked: 0 passed
22.06.2014 04:43:21,412 - INFO  - Watchdog has been checked: 0 passed
22.06.2014 04:45:21,233 - INFO  - Watchdog has been checked: 0 passed
22.06.2014 04:47:21,236 - INFO  - Watchdog has been checked: 0 passed
22.06.2014 04:49:21,283 - INFO  - Watchdog has been checked: 0 passed
22.06.2014 04:51:21,363 - INFO  - Watchdog has been checked: 0 passed
22.06.2014 04:53:21,442 - INFO  - Watchdog has been checked: 0 passed
22.06.2014 04:55:21,139 - INFO  - Watchdog has been checked: 0 passed
22.06.2014 04:57:21,140 - INFO  - Watchdog has been checked: 0 passed
22.06.2014 04:59:21,218 - INFO  - Watchdog has been checked: 0 passed
22.06.2014 05:01:21,273 - INFO  - Watchdog has been checked: 0 passed
22.06.2014 05:03:21,330 - INFO  - Watchdog has been checked: 0 passed
22.06.2014 05:05:21,360 - INFO  - Watchdog has been checked: 0 passed
22.06.2014 05:07:21,140 - INFO  - Watchdog has been checked: 0 passed
22.06.2014 05:09:21,229 - INFO  - Watchdog has been checked: 0 passed
22.06.2014 05:11:21,220 - INFO  - Watchdog has been checked: 0 passed
22.06.2014 05:13:21,245 - INFO  - Watchdog has been checked: 0 passed
22.06.2014 05:15:21,235 - INFO  - Watchdog has been checked: 0 passed
22.06.2014 05:17:21,266 - INFO  - Watchdog has been checked: 0 passed
22.06.2014 05:19:21,103 - INFO  - Watchdog has been checked: 0 passed
22.06.2014 05:21:20,152 - INFO  - Watchdog has been checked: 0 passed
22.06.2014 05:23:19,184 - INFO  - Watchdog has been checked: 0 passed
22.06.2014 05:25:19,216 - INFO  - Watchdog has been checked: 0 passed
22.06.2014 05:27:18,980 - INFO  - Watchdog has been checked: 0 passed
22.06.2014 05:29:18,060 - INFO  - Watchdog has been checked: 0 passed
22.06.2014 05:31:18,108 - INFO  - Watchdog has been checked: 0 passed
22.06.2014 05:33:18,156 - INFO  - Watchdog has been checked: 0 passed
22.06.2014 05:35:18,238 - INFO  - Watchdog has been checked: 0 passed
22.06.2014 05:37:17,993 - INFO  - Watchdog has been checked: 0 passed
22.06.2014 05:39:17,071 - INFO  - Watchdog has been checked: 0 passed
22.06.2014 05:41:17,136 - INFO  - Watchdog has been checked: 0 passed
22.06.2014 05:43:17,172 - INFO  - Watchdog has been checked: 0 passed
22.06.2014 05:45:20,699 - INFO  - Watchdog has been checked: 0 passed
22.06.2014 05:47:20,035 - INFO  - Watchdog has been checked: 0 passed
22.06.2014 05:49:19,120 - INFO  - Watchdog has been checked: 0 passed
22.06.2014 05:51:19,127 - INFO  - Watchdog has been checked: 0 passed
22.06.2014 05:53:19,193 - INFO  - Watchdog has been checked: 0 passed
22.06.2014 05:55:19,310 - INFO  - Watchdog has been checked: 0 passed
22.06.2014 05:57:19,298 - INFO  - Watchdog has been checked: 0 passed
22.06.2014 05:59:19,163 - INFO  - Watchdog has been checked: 0 passed
22.06.2014 06:01:19,365 - INFO  - Watchdog has been checked: 0 passed
22.06.2014 06:03:19,176 - INFO  - Watchdog has been checked: 0 passed
22.06.2014 06:05:19,266 - INFO  - Watchdog has been checked: 0 passed
22.06.2014 06:07:19,260 - INFO  - Watchdog has been checked: 0 passed
22.06.2014 06:09:19,127 - INFO  - Watchdog has been checked: 0 passed
22.06.2014 06:11:19,175 - INFO  - Watchdog has been checked: 0 passed
22.06.2014 06:13:19,181 - INFO  - Watchdog has been checked: 0 passed
22.06.2014 06:15:01,928 - INFO  - mapping file sync started
22.06.2014 06:15:02,684 - INFO  - file successfully updated
22.06.2014 06:15:19,263 - INFO  - Watchdog has been checked: 0 passed
22.06.2014 06:17:19,230 - INFO  - Watchdog has been checked: 0 passed
22.06.2014 06:19:19,361 - INFO  - Watchdog has been checked: 0 passed
22.06.2014 06:21:19,159 - INFO  - Watchdog has been checked: 0 passed
22.06.2014 06:23:19,189 - INFO  - Watchdog has been checked: 0 passed
22.06.2014 06:25:19,286 - INFO  - Watchdog has been checked: 0 passed
22.06.2014 06:27:19,269 - INFO  - Watchdog has been checked: 0 passed
22.06.2014 06:29:19,101 - INFO  - Watchdog has been checked: 0 passed
22.06.2014 06:31:18,129 - INFO  - Watchdog has been checked: 0 passed
22.06.2014 06:33:18,142 - INFO  - Watchdog has been checked: 0 passed
22.06.2014 06:35:17,206 - INFO  - Watchdog has been checked: 0 passed
22.06.2014 06:37:17,215 - INFO  - Watchdog has been checked: 0 passed
22.06.2014 06:39:16,198 - INFO  - Watchdog has been checked: 0 passed
22.06.2014 06:41:16,268 - INFO  - Watchdog has been checked: 0 passed
22.06.2014 06:43:16,252 - INFO  - Watchdog has been checked: 0 passed
22.06.2014 06:45:16,090 - INFO  - Watchdog has been checked: 0 passed
22.06.2014 06:47:15,097 - INFO  - Watchdog has been checked: 0 passed
22.06.2014 06:49:15,148 - INFO  - Watchdog has been checked: 0 passed
22.06.2014 06:51:15,238 - INFO  - Watchdog has been checked: 0 passed
22.06.2014 06:53:15,251 - INFO  - Watchdog has been checked: 0 passed
22.06.2014 06:55:15,120 - INFO  - Watchdog has been checked: 0 passed
22.06.2014 06:57:15,392 - INFO  - Watchdog has been checked: 0 passed
22.06.2014 06:59:15,145 - INFO  - Watchdog has been checked: 0 passed
22.06.2014 07:01:15,251 - INFO  - Watchdog has been checked: 0 passed
22.06.2014 07:03:15,284 - INFO  - Watchdog has been checked: 0 passed
22.06.2014 07:05:15,355 - INFO  - Watchdog has been checked: 0 passed
22.06.2014 07:07:15,387 - INFO  - Watchdog has been checked: 0 passed
22.06.2014 07:09:15,175 - INFO  - Watchdog has been checked: 0 passed
22.06.2014 07:11:15,298 - INFO  - Watchdog has been checked: 0 passed
22.06.2014 07:13:15,323 - INFO  - Watchdog has been checked: 0 passed
22.06.2014 07:15:01,978 - INFO  - mapping file sync started
22.06.2014 07:15:02,438 - INFO  - file successfully updated
22.06.2014 07:15:15,369 - INFO  - Watchdog has been checked: 0 passed
22.06.2014 07:17:15,348 - INFO  - Watchdog has been checked: 0 passed
22.06.2014 07:19:15,151 - INFO  - Watchdog has been checked: 0 passed
22.06.2014 07:21:15,241 - INFO  - Watchdog has been checked: 0 passed
22.06.2014 07:23:15,250 - INFO  - Watchdog has been checked: 0 passed
22.06.2014 07:25:15,290 - INFO  - Watchdog has been checked: 0 passed
22.06.2014 07:27:15,315 - INFO  - Watchdog has been checked: 0 passed
22.06.2014 07:29:15,375 - INFO  - Watchdog has been checked: 0 passed
22.06.2014 07:31:15,403 - INFO  - Watchdog has been checked: 0 passed
22.06.2014 07:33:15,252 - INFO  - Watchdog has been checked: 0 passed
22.06.2014 07:35:15,258 - INFO  - Watchdog has been checked: 0 passed
22.06.2014 07:37:15,219 - INFO  - Watchdog has been checked: 0 passed
22.06.2014 07:39:15,296 - INFO  - Watchdog has been checked: 0 passed
22.06.2014 07:41:15,100 - INFO  - Watchdog has been checked: 0 passed
22.06.2014 07:43:15,226 - INFO  - Watchdog has been checked: 0 passed
22.06.2014 07:45:15,216 - INFO  - Watchdog has been checked: 0 passed
22.06.2014 07:47:15,211 - INFO  - Watchdog has been checked: 0 passed
22.06.2014 07:49:15,249 - INFO  - Watchdog has been checked: 0 passed
22.06.2014 07:51:15,035 - INFO  - Watchdog has been checked: 0 passed
22.06.2014 07:53:15,079 - INFO  - Watchdog has been checked: 0 passed
22.06.2014 07:55:14,101 - INFO  - Watchdog has been checked: 0 passed
22.06.2014 07:57:14,102 - INFO  - Watchdog has been checked: 0 passed
22.06.2014 07:59:14,172 - INFO  - Watchdog has been checked: 0 passed
22.06.2014 08:01:13,979 - INFO  - Watchdog has been checked: 0 passed
22.06.2014 08:03:13,002 - INFO  - Watchdog has been checked: 0 passed
22.06.2014 08:05:12,094 - INFO  - Watchdog has been checked: 0 passed
22.06.2014 08:07:12,097 - INFO  - Watchdog has been checked: 0 passed
22.06.2014 08:09:12,175 - INFO  - Watchdog has been checked: 0 passed
22.06.2014 08:11:12,026 - INFO  - Watchdog has been checked: 0 passed
22.06.2014 08:13:11,080 - INFO  - Watchdog has been checked: 0 passed
22.06.2014 08:15:10,539 - INFO  - Watchdog has been checked: 0 passed
22.06.2014 08:17:10,186 - INFO  - Watchdog has been checked: 0 passed
22.06.2014 08:19:10,226 - INFO  - Watchdog has been checked: 0 passed
22.06.2014 08:21:10,309 - INFO  - Watchdog has been checked: 0 passed
22.06.2014 08:23:10,079 - INFO  - Watchdog has been checked: 0 passed
22.06.2014 08:25:09,299 - INFO  - Watchdog has been checked: 0 passed
22.06.2014 08:27:09,309 - INFO  - Watchdog has been checked: 0 passed
22.06.2014 08:29:09,145 - INFO  - Watchdog has been checked: 0 passed
22.06.2014 08:31:09,206 - INFO  - Watchdog has been checked: 0 passed
22.06.2014 08:33:09,230 - INFO  - Watchdog has been checked: 0 passed
22.06.2014 08:35:09,292 - INFO  - Watchdog has been checked: 0 passed
22.06.2014 08:37:09,426 - INFO  - Watchdog has been checked: 0 passed
22.06.2014 08:39:09,306 - INFO  - Watchdog has been checked: 0 passed
22.06.2014 08:41:09,403 - INFO  - Watchdog has been checked: 0 passed
22.06.2014 08:43:09,172 - INFO  - Watchdog has been checked: 0 passed
22.06.2014 08:45:09,202 - INFO  - Watchdog has been checked: 0 passed
22.06.2014 08:47:09,186 - INFO  - Watchdog has been checked: 0 passed
22.06.2014 08:49:09,259 - INFO  - Watchdog has been checked: 0 passed
22.06.2014 08:51:09,335 - INFO  - Watchdog has been checked: 0 passed
22.06.2014 08:53:09,130 - INFO  - Watchdog has been checked: 0 passed
22.06.2014 08:55:09,268 - INFO  - Watchdog has been checked: 0 passed
22.06.2014 08:57:09,284 - INFO  - Watchdog has been checked: 0 passed
22.06.2014 08:59:09,296 - INFO  - Watchdog has been checked: 0 passed
22.06.2014 09:01:09,333 - INFO  - Watchdog has been checked: 0 passed
22.06.2014 09:03:09,061 - INFO  - Watchdog has been checked: 0 passed
22.06.2014 09:05:08,156 - INFO  - Watchdog has been checked: 0 passed
22.06.2014 09:07:08,182 - INFO  - Watchdog has been checked: 0 passed
22.06.2014 09:09:08,231 - INFO  - Watchdog has been checked: 0 passed
22.06.2014 09:11:08,023 - INFO  - Watchdog has been checked: 0 passed
22.06.2014 09:13:07,287 - INFO  - Watchdog has been checked: 0 passed
22.06.2014 09:15:07,073 - INFO  - Watchdog has been checked: 0 passed
22.06.2014 09:17:10,041 - INFO  - Watchdog has been checked: 0 passed
22.06.2014 09:19:10,133 - INFO  - Watchdog has been checked: 0 passed
22.06.2014 09:21:10,278 - INFO  - Watchdog has been checked: 0 passed
22.06.2014 09:23:10,302 - INFO  - Watchdog has been checked: 0 passed
22.06.2014 09:25:10,088 - INFO  - Watchdog has been checked: 0 passed
22.06.2014 09:27:10,368 - INFO  - Watchdog has been checked: 0 passed
22.06.2014 09:29:10,191 - INFO  - Watchdog has been checked: 0 passed
22.06.2014 09:31:10,236 - INFO  - Watchdog has been checked: 0 passed
22.06.2014 09:33:10,281 - INFO  - Watchdog has been checked: 0 passed
22.06.2014 09:35:10,084 - INFO  - Watchdog has been checked: 0 passed
22.06.2014 09:37:10,078 - INFO  - Watchdog has been checked: 0 passed
22.06.2014 09:39:10,165 - INFO  - Watchdog has been checked: 0 passed
22.06.2014 09:41:10,221 - INFO  - Watchdog has been checked: 0 passed
22.06.2014 09:43:10,279 - INFO  - Watchdog has been checked: 0 passed
22.06.2014 09:45:10,322 - INFO  - Watchdog has been checked: 0 passed
22.06.2014 09:47:10,112 - INFO  - Watchdog has been checked: 0 passed
22.06.2014 09:49:10,222 - INFO  - Watchdog has been checked: 0 passed
22.06.2014 09:51:10,288 - INFO  - Watchdog has been checked: 0 passed
22.06.2014 09:53:10,350 - INFO  - Watchdog has been checked: 0 passed
22.06.2014 09:55:10,409 - INFO  - Watchdog has been checked: 0 passed
22.06.2014 09:57:10,414 - INFO  - Watchdog has been checked: 0 passed
22.06.2014 09:59:10,448 - INFO  - Watchdog has been checked: 0 passed
22.06.2014 10:01:10,338 - INFO  - Watchdog has been checked: 0 passed
22.06.2014 10:03:10,356 - INFO  - Watchdog has been checked: 0 passed
22.06.2014 10:05:10,392 - INFO  - Watchdog has been checked: 0 passed
22.06.2014 10:07:10,356 - INFO  - Watchdog has been checked: 0 passed
22.06.2014 10:09:10,187 - INFO  - Watchdog has been checked: 0 passed
22.06.2014 10:11:10,236 - INFO  - Watchdog has been checked: 0 passed
22.06.2014 10:13:10,252 - INFO  - Watchdog has been checked: 0 passed
22.06.2014 10:15:10,328 - INFO  - Watchdog has been checked: 0 passed
22.06.2014 10:17:10,401 - INFO  - Watchdog has been checked: 0 passed
22.06.2014 10:19:11,055 - INFO  - Watchdog has been checked: 0 passed
22.06.2014 10:21:11,221 - INFO  - Watchdog has been checked: 0 passed
22.06.2014 10:23:11,255 - INFO  - Watchdog has been checked: 0 passed
22.06.2014 10:25:11,278 - INFO  - Watchdog has been checked: 0 passed
22.06.2014 10:27:11,093 - INFO  - Watchdog has been checked: 0 passed
22.06.2014 10:29:11,100 - INFO  - Watchdog has been checked: 0 passed
22.06.2014 10:31:10,171 - INFO  - Watchdog has been checked: 0 passed
22.06.2014 10:33:10,187 - INFO  - Watchdog has been checked: 0 passed
22.06.2014 10:35:10,232 - INFO  - Watchdog has been checked: 0 passed
22.06.2014 10:37:10,268 - INFO  - Watchdog has been checked: 0 passed
22.06.2014 10:39:10,293 - INFO  - Watchdog has been checked: 0 passed
22.06.2014 10:41:10,151 - INFO  - Watchdog has been checked: 0 passed
22.06.2014 10:43:10,201 - INFO  - Watchdog has been checked: 0 passed
22.06.2014 10:45:10,237 - INFO  - Watchdog has been checked: 0 passed
22.06.2014 10:47:10,251 - INFO  - Watchdog has been checked: 0 passed
22.06.2014 10:49:10,302 - INFO  - Watchdog has been checked: 0 passed
22.06.2014 10:51:10,352 - INFO  - Watchdog has been checked: 0 passed
22.06.2014 10:53:10,108 - INFO  - Watchdog has been checked: 0 passed
22.06.2014 10:55:10,090 - INFO  - Watchdog has been checked: 0 passed
22.06.2014 10:57:10,149 - INFO  - Watchdog has been checked: 0 passed
22.06.2014 10:59:10,183 - INFO  - Watchdog has been checked: 0 passed
22.06.2014 11:01:10,172 - INFO  - Watchdog has been checked: 0 passed
22.06.2014 11:03:10,202 - INFO  - Watchdog has been checked: 0 passed
22.06.2014 11:05:10,204 - INFO  - Watchdog has been checked: 0 passed
22.06.2014 11:07:10,250 - INFO  - Watchdog has been checked: 0 passed
22.06.2014 11:09:10,056 - INFO  - Watchdog has been checked: 0 passed
22.06.2014 11:11:10,142 - INFO  - Watchdog has been checked: 0 passed
22.06.2014 11:13:10,204 - INFO  - Watchdog has been checked: 0 passed
22.06.2014 11:15:10,259 - INFO  - Watchdog has been checked: 0 passed
22.06.2014 11:17:10,246 - INFO  - Watchdog has been checked: 0 passed
22.06.2014 11:19:10,075 - INFO  - Watchdog has been checked: 0 passed
22.06.2014 11:21:11,133 - INFO  - Watchdog has been checked: 0 passed
22.06.2014 11:23:11,169 - INFO  - Watchdog has been checked: 0 passed
22.06.2014 11:25:11,205 - INFO  - Watchdog has been checked: 0 passed
22.06.2014 11:27:11,224 - INFO  - Watchdog has been checked: 0 passed
22.06.2014 11:29:11,271 - INFO  - Watchdog has been checked: 0 passed
22.06.2014 11:31:11,354 - INFO  - Watchdog has been checked: 0 passed
22.06.2014 11:33:11,119 - INFO  - Watchdog has been checked: 0 passed
22.06.2014 11:35:10,166 - INFO  - Watchdog has been checked: 0 passed
22.06.2014 11:37:10,202 - INFO  - Watchdog has been checked: 0 passed
22.06.2014 11:39:10,219 - INFO  - Watchdog has been checked: 0 passed
22.06.2014 11:41:10,274 - INFO  - Watchdog has been checked: 0 passed
22.06.2014 11:43:10,781 - INFO  - Watchdog has been checked: 0 passed
22.06.2014 11:45:10,138 - INFO  - Watchdog has been checked: 0 passed
22.06.2014 11:47:10,171 - INFO  - Watchdog has been checked: 0 passed
22.06.2014 11:49:10,191 - INFO  - Watchdog has been checked: 0 passed
22.06.2014 11:51:10,270 - INFO  - Watchdog has been checked: 0 passed
22.06.2014 11:53:10,312 - INFO  - Watchdog has been checked: 0 passed
22.06.2014 11:55:10,117 - INFO  - Watchdog has been checked: 0 passed
22.06.2014 11:57:09,107 - INFO  - Watchdog has been checked: 0 passed
22.06.2014 11:59:08,167 - INFO  - Watchdog has been checked: 0 passed
22.06.2014 12:01:08,255 - INFO  - Watchdog has been checked: 0 passed
22.06.2014 12:03:08,298 - INFO  - Watchdog has been checked: 0 passed
22.06.2014 12:05:08,125 - INFO  - Watchdog has been checked: 0 passed
22.06.2014 12:07:08,103 - INFO  - Watchdog has been checked: 0 passed
22.06.2014 12:09:08,167 - INFO  - Watchdog has been checked: 0 passed
22.06.2014 12:11:08,289 - INFO  - Watchdog has been checked: 0 passed
22.06.2014 12:13:08,002 - INFO  - Watchdog has been checked: 0 passed
22.06.2014 12:15:07,065 - INFO  - Watchdog has been checked: 0 passed
22.06.2014 12:17:07,118 - INFO  - Watchdog has been checked: 0 passed
22.06.2014 12:19:07,071 - INFO  - Watchdog has been checked: 0 passed
22.06.2014 12:21:06,176 - INFO  - Watchdog has been checked: 0 passed
22.06.2014 12:23:06,099 - INFO  - Watchdog has been checked: 0 passed
22.06.2014 12:25:06,246 - INFO  - Watchdog has been checked: 0 passed
22.06.2014 12:27:06,265 - INFO  - Watchdog has been checked: 0 passed
22.06.2014 12:29:06,045 - INFO  - Watchdog has been checked: 0 passed
22.06.2014 12:31:06,145 - INFO  - Watchdog has been checked: 0 passed
22.06.2014 12:33:06,195 - INFO  - Watchdog has been checked: 0 passed
22.06.2014 12:35:06,254 - INFO  - Watchdog has been checked: 0 passed
22.06.2014 12:37:06,335 - INFO  - Watchdog has been checked: 0 passed
22.06.2014 12:39:06,103 - INFO  - Watchdog has been checked: 0 passed
22.06.2014 12:41:06,159 - INFO  - Watchdog has been checked: 0 passed
22.06.2014 12:43:06,194 - INFO  - Watchdog has been checked: 0 passed
22.06.2014 12:45:06,290 - INFO  - Watchdog has been checked: 0 passed
22.06.2014 12:47:06,284 - INFO  - Watchdog has been checked: 0 passed
22.06.2014 12:49:06,095 - INFO  - Watchdog has been checked: 0 passed
22.06.2014 12:51:05,148 - INFO  - Watchdog has been checked: 0 passed
22.06.2014 12:53:05,184 - INFO  - Watchdog has been checked: 0 passed
22.06.2014 12:55:05,210 - INFO  - Watchdog has been checked: 0 passed
22.06.2014 12:57:05,259 - INFO  - Watchdog has been checked: 0 passed
22.06.2014 12:59:05,337 - INFO  - Watchdog has been checked: 0 passed
22.06.2014 13:01:05,185 - INFO  - Watchdog has been checked: 0 passed
22.06.2014 13:03:05,235 - INFO  - Watchdog has been checked: 0 passed
22.06.2014 13:05:05,255 - INFO  - Watchdog has been checked: 0 passed
22.06.2014 13:07:05,279 - INFO  - Watchdog has been checked: 0 passed
22.06.2014 13:09:05,301 - INFO  - Watchdog has been checked: 0 passed
22.06.2014 13:11:05,152 - INFO  - Watchdog has been checked: 0 passed
22.06.2014 13:13:05,231 - INFO  - Watchdog has been checked: 0 passed
22.06.2014 13:15:05,310 - INFO  - Watchdog has been checked: 0 passed
22.06.2014 13:17:05,325 - INFO  - Watchdog has been checked: 0 passed
22.06.2014 13:19:05,405 - INFO  - Watchdog has been checked: 0 passed
22.06.2014 13:21:05,277 - INFO  - Watchdog has been checked: 0 passed
22.06.2014 13:23:05,316 - INFO  - Watchdog has been checked: 0 passed
22.06.2014 13:25:05,285 - INFO  - Watchdog has been checked: 0 passed
22.06.2014 13:27:05,116 - INFO  - Watchdog has been checked: 0 passed
22.06.2014 13:29:05,174 - INFO  - Watchdog has been checked: 0 passed
22.06.2014 13:31:05,309 - INFO  - Watchdog has been checked: 0 passed
22.06.2014 13:33:05,277 - INFO  - Watchdog has been checked: 0 passed
22.06.2014 13:35:05,288 - INFO  - Watchdog has been checked: 0 passed
22.06.2014 13:37:05,031 - INFO  - Watchdog has been checked: 0 passed
22.06.2014 13:39:04,129 - INFO  - Watchdog has been checked: 0 passed
22.06.2014 13:41:03,119 - INFO  - Watchdog has been checked: 0 passed
22.06.2014 13:43:02,202 - INFO  - Watchdog has been checked: 0 passed
22.06.2014 13:45:02,373 - INFO  - Watchdog has been checked: 0 passed
22.06.2014 13:47:02,102 - INFO  - Watchdog has been checked: 0 passed
22.06.2014 13:49:01,142 - INFO  - Watchdog has been checked: 0 passed
22.06.2014 13:51:01,212 - INFO  - Watchdog has been checked: 0 passed
22.06.2014 13:52:41,037 - INFO  - searcher identified --- respT: 57ms, 80012 results, q=, 
22.06.2014 13:52:44,569 - INFO  - searcher identified --- respT: 14ms, 1097 results, q=stellen, 
22.06.2014 13:52:46,544 - INFO  - searcher identified --- respT: 14ms, 1097 results, q=stellen, 
22.06.2014 13:52:53,624 - INFO  - searcher identified --- respT: 16ms, 127 results, web:(PSIWeb), q=stellen, 
22.06.2014 13:53:01,018 - INFO  - Watchdog has been checked: 0 passed
22.06.2014 13:53:14,892 - INFO  - searcher identified --- respT: 16ms, 54 results, web:(PSIWeb), author:AndreLichtsteiner, q=stellen, 
22.06.2014 13:53:18,240 - INFO  - searcher identified --- respT: 15ms, 29 results, web:(PSIWeb), date:[NOW-1YEAR TO NOW], author:AndreLichtsteiner, q=stellen, 
22.06.2014 13:55:00,265 - INFO  - Watchdog has been checked: 0 passed
22.06.2014 13:57:00,081 - INFO  - Watchdog has been checked: 0 passed
22.06.2014 13:58:59,079 - INFO  - Watchdog has been checked: 0 passed
22.06.2014 14:00:59,084 - INFO  - Watchdog has been checked: 0 passed
22.06.2014 14:02:59,201 - INFO  - Watchdog has been checked: 0 passed
22.06.2014 14:04:59,003 - INFO  - Watchdog has been checked: 0 passed
22.06.2014 14:06:59,050 - INFO  - Watchdog has been checked: 0 passed
22.06.2014 14:08:59,176 - INFO  - Watchdog has been checked: 0 passed
22.06.2014 14:10:59,304 - INFO  - Watchdog has been checked: 0 passed
22.06.2014 14:13:00,799 - INFO  - Watchdog has been checked: 0 passed
22.06.2014 14:14:59,991 - INFO  - Watchdog has been checked: 0 passed
22.06.2014 14:17:00,038 - INFO  - Watchdog has been checked: 0 passed
22.06.2014 14:19:00,159 - INFO  - Watchdog has been checked: 0 passed
22.06.2014 14:21:00,298 - INFO  - Watchdog has been checked: 0 passed
22.06.2014 14:23:00,312 - INFO  - Watchdog has been checked: 0 passed
22.06.2014 14:25:00,119 - INFO  - Watchdog has been checked: 0 passed
22.06.2014 14:27:00,162 - INFO  - Watchdog has been checked: 0 passed
22.06.2014 14:29:00,222 - INFO  - Watchdog has been checked: 0 passed
22.06.2014 14:31:00,500 - INFO  - Watchdog has been checked: 0 passed
22.06.2014 14:33:00,369 - INFO  - Watchdog has been checked: 0 passed
22.06.2014 14:35:00,308 - INFO  - Watchdog has been checked: 0 passed
22.06.2014 14:37:00,378 - INFO  - Watchdog has been checked: 0 passed
22.06.2014 14:39:00,299 - INFO  - Watchdog has been checked: 0 passed
22.06.2014 14:41:00,277 - INFO  - Watchdog has been checked: 0 passed
22.06.2014 14:43:00,284 - INFO  - Watchdog has been checked: 0 passed
22.06.2014 14:45:00,205 - INFO  - Watchdog has been checked: 0 passed
22.06.2014 14:47:00,231 - INFO  - Watchdog has been checked: 0 passed
22.06.2014 14:49:00,258 - INFO  - Watchdog has been checked: 0 passed
22.06.2014 14:51:00,368 - INFO  - Watchdog has been checked: 0 passed
22.06.2014 14:53:01,356 - INFO  - Watchdog has been checked: 0 passed
22.06.2014 14:55:01,143 - INFO  - Watchdog has been checked: 0 passed
22.06.2014 14:57:01,197 - INFO  - Watchdog has been checked: 0 passed
22.06.2014 14:59:01,167 - INFO  - Watchdog has been checked: 0 passed
22.06.2014 15:01:01,014 - INFO  - Watchdog has been checked: 0 passed
22.06.2014 15:03:00,018 - INFO  - Watchdog has been checked: 0 passed
22.06.2014 15:04:59,248 - INFO  - Watchdog has been checked: 0 passed
22.06.2014 15:06:59,018 - INFO  - Watchdog has been checked: 0 passed
22.06.2014 15:08:58,039 - INFO  - Watchdog has been checked: 0 passed
22.06.2014 15:10:57,238 - INFO  - Watchdog has been checked: 0 passed
22.06.2014 15:12:57,250 - INFO  - Watchdog has been checked: 0 passed
22.06.2014 15:14:58,914 - INFO  - Watchdog has been checked: 0 passed
22.06.2014 15:16:58,094 - INFO  - Watchdog has been checked: 0 passed
22.06.2014 15:18:57,334 - INFO  - Watchdog has been checked: 0 passed
22.06.2014 15:20:57,216 - INFO  - Watchdog has been checked: 0 passed
22.06.2014 15:22:57,243 - INFO  - Watchdog has been checked: 0 passed
22.06.2014 15:24:57,249 - INFO  - Watchdog has been checked: 0 passed
22.06.2014 15:26:57,162 - INFO  - Watchdog has been checked: 0 passed
22.06.2014 15:28:57,274 - INFO  - Watchdog has been checked: 0 passed
22.06.2014 15:30:57,088 - INFO  - Watchdog has been checked: 0 passed
22.06.2014 15:32:57,205 - INFO  - Watchdog has been checked: 0 passed
22.06.2014 15:34:57,232 - INFO  - Watchdog has been checked: 0 passed
22.06.2014 15:36:57,279 - INFO  - Watchdog has been checked: 0 passed
22.06.2014 15:38:57,295 - INFO  - Watchdog has been checked: 0 passed
22.06.2014 15:40:57,112 - INFO  - Watchdog has been checked: 0 passed
22.06.2014 15:42:57,266 - INFO  - Watchdog has been checked: 0 passed
22.06.2014 15:44:57,228 - INFO  - Watchdog has been checked: 0 passed
22.06.2014 15:46:57,313 - INFO  - Watchdog has been checked: 0 passed
22.06.2014 15:48:57,326 - INFO  - Watchdog has been checked: 0 passed
22.06.2014 15:50:57,200 - INFO  - Watchdog has been checked: 0 passed
22.06.2014 15:52:57,247 - INFO  - Watchdog has been checked: 0 passed
22.06.2014 15:55:00,478 - INFO  - Watchdog has been checked: 0 passed
22.06.2014 15:57:00,337 - INFO  - Watchdog has been checked: 0 passed
22.06.2014 15:59:00,322 - INFO  - Watchdog has been checked: 0 passed
22.06.2014 16:01:00,222 - INFO  - Watchdog has been checked: 0 passed
22.06.2014 16:03:00,270 - INFO  - Watchdog has been checked: 0 passed
22.06.2014 16:05:00,284 - INFO  - Watchdog has been checked: 0 passed
22.06.2014 16:07:00,355 - INFO  - Watchdog has been checked: 0 passed
22.06.2014 16:09:00,131 - INFO  - Watchdog has been checked: 0 passed
22.06.2014 16:11:00,230 - INFO  - Watchdog has been checked: 0 passed
22.06.2014 16:13:00,291 - INFO  - Watchdog has been checked: 0 passed
22.06.2014 16:15:00,260 - INFO  - Watchdog has been checked: 0 passed
22.06.2014 16:17:00,081 - INFO  - Watchdog has been checked: 0 passed
22.06.2014 16:18:59,126 - INFO  - Watchdog has been checked: 0 passed
22.06.2014 16:20:59,220 - INFO  - Watchdog has been checked: 0 passed
22.06.2014 16:22:59,295 - INFO  - Watchdog has been checked: 0 passed
22.06.2014 16:24:59,318 - INFO  - Watchdog has been checked: 0 passed
22.06.2014 16:26:59,339 - INFO  - Watchdog has been checked: 0 passed
22.06.2014 16:28:59,123 - INFO  - Watchdog has been checked: 0 passed
22.06.2014 16:30:58,197 - INFO  - Watchdog has been checked: 0 passed
22.06.2014 16:32:58,269 - INFO  - Watchdog has been checked: 0 passed
22.06.2014 16:34:58,266 - INFO  - Watchdog has been checked: 0 passed
22.06.2014 16:36:58,135 - INFO  - Watchdog has been checked: 0 passed
22.06.2014 16:38:57,169 - INFO  - Watchdog has been checked: 0 passed
22.06.2014 16:40:56,206 - INFO  - Watchdog has been checked: 0 passed
22.06.2014 16:42:56,252 - INFO  - Watchdog has been checked: 0 passed
22.06.2014 16:44:56,282 - INFO  - Watchdog has been checked: 0 passed
22.06.2014 16:46:56,328 - INFO  - Watchdog has been checked: 0 passed
22.06.2014 16:48:56,354 - INFO  - Watchdog has been checked: 0 passed
22.06.2014 16:50:56,211 - INFO  - Watchdog has been checked: 0 passed
22.06.2014 16:52:55,206 - INFO  - Watchdog has been checked: 0 passed
22.06.2014 16:54:54,180 - INFO  - Watchdog has been checked: 0 passed
22.06.2014 16:56:53,209 - INFO  - Watchdog has been checked: 0 passed
22.06.2014 16:58:52,287 - INFO  - Watchdog has been checked: 0 passed
22.06.2014 17:00:52,106 - INFO  - Watchdog has been checked: 0 passed
22.06.2014 17:02:51,122 - INFO  - Watchdog has been checked: 0 passed
22.06.2014 17:04:50,169 - INFO  - Watchdog has been checked: 0 passed
22.06.2014 17:06:49,175 - INFO  - Watchdog has been checked: 0 passed
22.06.2014 17:08:48,214 - INFO  - Watchdog has been checked: 0 passed
22.06.2014 17:10:47,166 - INFO  - Watchdog has been checked: 0 passed
22.06.2014 17:12:47,167 - INFO  - Watchdog has been checked: 0 passed
22.06.2014 17:14:47,215 - INFO  - Watchdog has been checked: 0 passed
22.06.2014 17:16:47,204 - INFO  - Watchdog has been checked: 0 passed
22.06.2014 17:18:47,222 - INFO  - Watchdog has been checked: 0 passed
22.06.2014 17:20:47,104 - INFO  - Watchdog has been checked: 0 passed
22.06.2014 17:22:46,124 - INFO  - Watchdog has been checked: 0 passed
22.06.2014 17:24:46,142 - INFO  - Watchdog has been checked: 0 passed
22.06.2014 17:26:46,152 - INFO  - Watchdog has been checked: 0 passed
22.06.2014 17:28:46,208 - INFO  - Watchdog has been checked: 0 passed
22.06.2014 17:30:46,348 - INFO  - Watchdog has been checked: 0 passed
22.06.2014 17:32:46,103 - INFO  - Watchdog has been checked: 0 passed
22.06.2014 17:34:46,136 - INFO  - Watchdog has been checked: 0 passed
22.06.2014 17:36:46,171 - INFO  - Watchdog has been checked: 0 passed
22.06.2014 17:38:46,226 - INFO  - Watchdog has been checked: 0 passed
22.06.2014 17:40:46,373 - INFO  - Watchdog has been checked: 0 passed
22.06.2014 17:42:46,156 - INFO  - Watchdog has been checked: 0 passed
22.06.2014 17:44:46,153 - INFO  - Watchdog has been checked: 0 passed
22.06.2014 17:46:46,227 - INFO  - Watchdog has been checked: 0 passed
22.06.2014 17:48:46,199 - INFO  - Watchdog has been checked: 0 passed
22.06.2014 17:50:46,316 - INFO  - Watchdog has been checked: 0 passed
22.06.2014 17:52:46,101 - INFO  - Watchdog has been checked: 0 passed
22.06.2014 17:54:46,125 - INFO  - Watchdog has been checked: 0 passed
22.06.2014 17:56:46,204 - INFO  - Watchdog has been checked: 0 passed
22.06.2014 17:58:46,203 - INFO  - Watchdog has been checked: 0 passed
22.06.2014 18:00:46,333 - INFO  - Watchdog has been checked: 0 passed
22.06.2014 18:02:46,104 - INFO  - Watchdog has been checked: 0 passed
22.06.2014 18:04:45,160 - INFO  - Watchdog has been checked: 0 passed
22.06.2014 18:06:45,250 - INFO  - Watchdog has been checked: 0 passed
22.06.2014 18:08:45,203 - INFO  - Watchdog has been checked: 0 passed
22.06.2014 18:10:45,356 - INFO  - Watchdog has been checked: 0 passed
22.06.2014 18:12:45,152 - INFO  - Watchdog has been checked: 0 passed
22.06.2014 18:14:45,192 - INFO  - Watchdog has been checked: 0 passed
22.06.2014 18:16:45,230 - INFO  - Watchdog has been checked: 0 passed
22.06.2014 18:18:45,235 - INFO  - Watchdog has been checked: 0 passed
22.06.2014 18:20:45,322 - INFO  - Watchdog has been checked: 0 passed
22.06.2014 18:22:45,355 - INFO  - Watchdog has been checked: 0 passed
22.06.2014 18:24:45,100 - INFO  - Watchdog has been checked: 0 passed
22.06.2014 18:26:44,173 - INFO  - Watchdog has been checked: 0 passed
22.06.2014 18:28:44,204 - INFO  - Watchdog has been checked: 0 passed
22.06.2014 18:30:43,306 - INFO  - Watchdog has been checked: 0 passed
22.06.2014 18:32:43,368 - INFO  - Watchdog has been checked: 0 passed
22.06.2014 18:34:43,103 - INFO  - Watchdog has been checked: 0 passed
22.06.2014 18:36:42,176 - INFO  - Watchdog has been checked: 0 passed
22.06.2014 18:38:41,213 - INFO  - Watchdog has been checked: 0 passed
22.06.2014 18:40:40,066 - INFO  - Watchdog has been checked: 0 passed
22.06.2014 18:42:39,115 - INFO  - Watchdog has been checked: 0 passed
22.06.2014 18:44:38,193 - INFO  - Watchdog has been checked: 0 passed
22.06.2014 18:46:37,230 - INFO  - Watchdog has been checked: 0 passed
22.06.2014 18:48:36,210 - INFO  - Watchdog has been checked: 0 passed
22.06.2014 18:50:35,050 - INFO  - Watchdog has been checked: 0 passed
22.06.2014 18:52:34,083 - INFO  - Watchdog has been checked: 0 passed
22.06.2014 18:54:33,124 - INFO  - Watchdog has been checked: 0 passed
22.06.2014 18:56:32,250 - INFO  - Watchdog has been checked: 0 passed
22.06.2014 18:58:32,213 - INFO  - Watchdog has been checked: 0 passed
22.06.2014 19:00:31,291 - INFO  - Watchdog has been checked: 0 passed
22.06.2014 19:02:31,361 - INFO  - Watchdog has been checked: 0 passed
22.06.2014 19:04:31,158 - INFO  - Watchdog has been checked: 0 passed
22.06.2014 19:06:31,364 - INFO  - Watchdog has been checked: 0 passed
22.06.2014 19:08:31,332 - INFO  - Watchdog has been checked: 0 passed
22.06.2014 19:10:31,195 - INFO  - Watchdog has been checked: 0 passed
22.06.2014 19:12:31,184 - INFO  - Watchdog has been checked: 0 passed
22.06.2014 19:14:31,060 - INFO  - Watchdog has been checked: 0 passed
22.06.2014 19:16:31,309 - INFO  - Watchdog has been checked: 0 passed
22.06.2014 19:18:31,334 - INFO  - Watchdog has been checked: 0 passed
22.06.2014 19:20:31,188 - INFO  - Watchdog has been checked: 0 passed
22.06.2014 19:22:31,245 - INFO  - Watchdog has been checked: 0 passed
22.06.2014 19:24:31,325 - INFO  - Watchdog has been checked: 0 passed
22.06.2014 19:26:31,344 - INFO  - Watchdog has been checked: 0 passed
22.06.2014 19:28:31,351 - INFO  - Watchdog has been checked: 0 passed
22.06.2014 19:30:31,215 - INFO  - Watchdog has been checked: 0 passed
22.06.2014 19:32:31,149 - INFO  - Watchdog has been checked: 0 passed
22.06.2014 19:34:31,246 - INFO  - Watchdog has been checked: 0 passed
22.06.2014 19:36:31,301 - INFO  - Watchdog has been checked: 0 passed
22.06.2014 19:38:31,278 - INFO  - Watchdog has been checked: 0 passed
22.06.2014 19:40:31,143 - INFO  - Watchdog has been checked: 0 passed
22.06.2014 19:42:31,100 - INFO  - Watchdog has been checked: 0 passed
22.06.2014 19:44:31,230 - INFO  - Watchdog has been checked: 0 passed
22.06.2014 19:46:31,256 - INFO  - Watchdog has been checked: 0 passed
22.06.2014 19:48:31,264 - INFO  - Watchdog has been checked: 0 passed
22.06.2014 19:50:31,195 - INFO  - Watchdog has been checked: 0 passed
22.06.2014 19:52:31,198 - INFO  - Watchdog has been checked: 0 passed
22.06.2014 19:54:31,299 - INFO  - Watchdog has been checked: 0 passed
22.06.2014 19:56:31,366 - INFO  - Watchdog has been checked: 0 passed
22.06.2014 19:58:31,327 - INFO  - Watchdog has been checked: 0 passed
22.06.2014 20:00:31,236 - INFO  - Watchdog has been checked: 0 passed
22.06.2014 20:02:31,190 - INFO  - Watchdog has been checked: 0 passed
22.06.2014 20:04:31,065 - INFO  - Watchdog has been checked: 0 passed
22.06.2014 20:06:30,061 - INFO  - Watchdog has been checked: 0 passed
22.06.2014 20:08:29,037 - INFO  - Watchdog has been checked: 0 passed
22.06.2014 20:10:28,198 - INFO  - Watchdog has been checked: 0 passed
22.06.2014 20:12:28,190 - INFO  - Watchdog has been checked: 0 passed
22.06.2014 20:14:28,269 - INFO  - Watchdog has been checked: 0 passed
22.06.2014 20:16:28,081 - INFO  - Watchdog has been checked: 0 passed
22.06.2014 20:18:30,714 - INFO  - Watchdog has been checked: 0 passed
22.06.2014 20:20:30,219 - INFO  - Watchdog has been checked: 0 passed
22.06.2014 20:22:30,236 - INFO  - Watchdog has been checked: 0 passed
22.06.2014 20:24:30,264 - INFO  - Watchdog has been checked: 0 passed
22.06.2014 20:26:30,330 - INFO  - Watchdog has been checked: 0 passed
22.06.2014 20:28:30,303 - INFO  - Watchdog has been checked: 0 passed
22.06.2014 20:30:30,259 - INFO  - Watchdog has been checked: 0 passed
22.06.2014 20:32:30,253 - INFO  - Watchdog has been checked: 0 passed
22.06.2014 20:34:30,047 - INFO  - Watchdog has been checked: 0 passed
22.06.2014 20:36:29,099 - INFO  - Watchdog has been checked: 0 passed
22.06.2014 20:38:28,304 - INFO  - Watchdog has been checked: 0 passed
22.06.2014 20:40:29,948 - INFO  - Watchdog has been checked: 0 passed
22.06.2014 20:42:29,255 - INFO  - Watchdog has been checked: 0 passed
22.06.2014 20:44:29,282 - INFO  - Watchdog has been checked: 0 passed
22.06.2014 20:46:29,347 - INFO  - Watchdog has been checked: 0 passed
22.06.2014 20:48:29,331 - INFO  - Watchdog has been checked: 0 passed
22.06.2014 20:50:29,246 - INFO  - Watchdog has been checked: 0 passed
22.06.2014 20:52:29,282 - INFO  - Watchdog has been checked: 0 passed
22.06.2014 20:54:29,268 - INFO  - Watchdog has been checked: 0 passed
22.06.2014 20:56:29,308 - INFO  - Watchdog has been checked: 0 passed
22.06.2014 20:58:29,287 - INFO  - Watchdog has been checked: 0 passed
22.06.2014 21:00:29,101 - INFO  - Watchdog has been checked: 0 passed
22.06.2014 21:02:29,116 - INFO  - Watchdog has been checked: 0 passed
22.06.2014 21:04:29,274 - INFO  - Watchdog has been checked: 0 passed
22.06.2014 21:06:29,361 - INFO  - Watchdog has been checked: 0 passed
22.06.2014 21:08:29,322 - INFO  - Watchdog has been checked: 0 passed
22.06.2014 21:10:29,084 - INFO  - Watchdog has been checked: 0 passed
22.06.2014 21:12:29,158 - INFO  - Watchdog has been checked: 0 passed
22.06.2014 21:14:29,198 - INFO  - Watchdog has been checked: 0 passed
22.06.2014 21:16:29,226 - INFO  - Watchdog has been checked: 0 passed
22.06.2014 21:18:29,227 - INFO  - Watchdog has been checked: 0 passed
22.06.2014 21:20:30,581 - INFO  - Watchdog has been checked: 0 passed
22.06.2014 21:22:30,167 - INFO  - Watchdog has been checked: 0 passed
22.06.2014 21:24:30,212 - INFO  - Watchdog has been checked: 0 passed
22.06.2014 21:26:30,231 - INFO  - Watchdog has been checked: 0 passed
22.06.2014 21:28:30,280 - INFO  - Watchdog has been checked: 0 passed
22.06.2014 21:30:30,152 - INFO  - Watchdog has been checked: 0 passed
22.06.2014 21:32:30,188 - INFO  - Watchdog has been checked: 0 passed
22.06.2014 21:34:30,283 - INFO  - Watchdog has been checked: 0 passed
22.06.2014 21:36:30,326 - INFO  - Watchdog has been checked: 0 passed
22.06.2014 21:38:30,336 - INFO  - Watchdog has been checked: 0 passed
22.06.2014 21:40:30,209 - INFO  - Watchdog has been checked: 0 passed
22.06.2014 21:42:30,200 - INFO  - Watchdog has been checked: 0 passed
22.06.2014 21:44:30,328 - INFO  - Watchdog has been checked: 0 passed
22.06.2014 21:46:30,343 - INFO  - Watchdog has been checked: 0 passed
22.06.2014 21:48:30,136 - INFO  - Watchdog has been checked: 0 passed
22.06.2014 21:50:30,283 - INFO  - Watchdog has been checked: 0 passed
22.06.2014 21:52:30,294 - INFO  - Watchdog has been checked: 0 passed
22.06.2014 21:54:30,392 - INFO  - Watchdog has been checked: 0 passed
22.06.2014 21:56:30,436 - INFO  - Watchdog has been checked: 0 passed
22.06.2014 21:58:30,397 - INFO  - Watchdog has been checked: 0 passed
22.06.2014 22:00:30,292 - INFO  - Watchdog has been checked: 0 passed
22.06.2014 22:02:30,269 - INFO  - Watchdog has been checked: 0 passed
22.06.2014 22:04:30,420 - INFO  - Watchdog has been checked: 0 passed
22.06.2014 22:06:30,410 - INFO  - Watchdog has been checked: 0 passed
22.06.2014 22:08:30,398 - INFO  - Watchdog has been checked: 0 passed
22.06.2014 22:10:30,341 - INFO  - Watchdog has been checked: 0 passed
22.06.2014 22:12:30,314 - INFO  - Watchdog has been checked: 0 passed
22.06.2014 22:14:30,358 - INFO  - Watchdog has been checked: 0 passed
22.06.2014 22:16:30,379 - INFO  - Watchdog has been checked: 0 passed
22.06.2014 22:18:30,357 - INFO  - Watchdog has been checked: 0 passed
22.06.2014 22:20:30,351 - INFO  - Watchdog has been checked: 0 passed
22.06.2014 22:22:30,304 - INFO  - Watchdog has been checked: 0 passed
22.06.2014 22:24:30,369 - INFO  - Watchdog has been checked: 0 passed
22.06.2014 22:26:30,444 - INFO  - Watchdog has been checked: 0 passed
22.06.2014 22:28:30,399 - INFO  - Watchdog has been checked: 0 passed
22.06.2014 22:30:30,276 - INFO  - Watchdog has been checked: 0 passed
22.06.2014 22:32:30,217 - INFO  - Watchdog has been checked: 0 passed
22.06.2014 22:34:30,336 - INFO  - Watchdog has been checked: 0 passed
22.06.2014 22:36:30,081 - INFO  - Watchdog has been checked: 0 passed
22.06.2014 22:38:30,027 - INFO  - Watchdog has been checked: 0 passed
22.06.2014 22:40:29,216 - INFO  - Watchdog has been checked: 0 passed
22.06.2014 22:42:29,154 - INFO  - Watchdog has been checked: 0 passed
22.06.2014 22:44:28,943 - INFO  - Watchdog has been checked: 0 passed
22.06.2014 22:46:28,010 - INFO  - Watchdog has been checked: 0 passed
22.06.2014 22:48:27,213 - INFO  - Watchdog has been checked: 0 passed
22.06.2014 22:50:27,131 - INFO  - Watchdog has been checked: 0 passed
22.06.2014 22:52:27,083 - INFO  - Watchdog has been checked: 0 passed
22.06.2014 22:54:27,137 - INFO  - Watchdog has been checked: 0 passed
22.06.2014 22:56:27,196 - INFO  - Watchdog has been checked: 0 passed
22.06.2014 22:58:27,133 - INFO  - Watchdog has been checked: 0 passed
22.06.2014 23:00:27,289 - INFO  - Watchdog has been checked: 0 passed
22.06.2014 23:02:27,250 - INFO  - Watchdog has been checked: 0 passed
22.06.2014 23:04:27,351 - INFO  - Watchdog has been checked: 0 passed
22.06.2014 23:06:27,383 - INFO  - Watchdog has been checked: 0 passed
22.06.2014 23:08:27,347 - INFO  - Watchdog has been checked: 0 passed
22.06.2014 23:10:27,284 - INFO  - Watchdog has been checked: 0 passed
22.06.2014 23:12:27,283 - INFO  - Watchdog has been checked: 0 passed
22.06.2014 23:14:27,335 - INFO  - Watchdog has been checked: 0 passed
22.06.2014 23:16:27,392 - INFO  - Watchdog has been checked: 0 passed
22.06.2014 23:18:27,350 - INFO  - Watchdog has been checked: 0 passed
22.06.2014 23:20:27,248 - INFO  - Watchdog has been checked: 0 passed
22.06.2014 23:22:27,310 - INFO  - Watchdog has been checked: 0 passed
22.06.2014 23:24:29,676 - INFO  - Watchdog has been checked: 0 passed
22.06.2014 23:26:29,194 - INFO  - Watchdog has been checked: 0 passed
22.06.2014 23:28:29,172 - INFO  - Watchdog has been checked: 0 passed
22.06.2014 23:30:29,297 - INFO  - Watchdog has been checked: 0 passed
22.06.2014 23:31:29,220 - INFO  - Watchdog has been checked: 0 passed
22.06.2014 23:33:29,199 - INFO  - Watchdog has been checked: 0 passed
22.06.2014 23:35:29,259 - INFO  - Watchdog has been checked: 0 passed
22.06.2014 23:37:29,313 - INFO  - Watchdog has been checked: 0 passed
22.06.2014 23:39:29,385 - INFO  - Watchdog has been checked: 0 passed
22.06.2014 23:41:29,426 - INFO  - Watchdog has been checked: 0 passed
22.06.2014 23:43:29,456 - INFO  - Watchdog has been checked: 0 passed
22.06.2014 23:45:29,237 - INFO  - Watchdog has been checked: 0 passed
22.06.2014 23:47:29,488 - INFO  - Watchdog has been checked: 0 passed
22.06.2014 23:49:29,328 - INFO  - Watchdog has been checked: 0 passed
22.06.2014 23:51:29,366 - INFO  - Watchdog has been checked: 0 passed
22.06.2014 23:53:29,229 - INFO  - Watchdog has been checked: 0 passed
22.06.2014 23:55:31,106 - INFO  - Watchdog has been checked: 0 passed
22.06.2014 23:57:31,268 - INFO  - Watchdog has been checked: 0 passed
22.06.2014 23:59:31,361 - INFO  - Watchdog has been checked: 0 passed
