13.08.2014 00:01:33,189 - INFO  - Watchdog has been checked: 0 passed
13.08.2014 00:03:33,136 - INFO  - Watchdog has been checked: 0 passed
13.08.2014 00:05:33,190 - INFO  - Watchdog has been checked: 0 passed
13.08.2014 00:07:33,094 - INFO  - Watchdog has been checked: 0 passed
13.08.2014 00:09:32,294 - INFO  - Watchdog has been checked: 0 passed
13.08.2014 00:11:32,272 - INFO  - Watchdog has been checked: 0 passed
13.08.2014 00:13:32,164 - INFO  - Watchdog has been checked: 0 passed
13.08.2014 00:15:32,223 - INFO  - Watchdog has been checked: 0 passed
13.08.2014 00:17:32,103 - INFO  - Watchdog has been checked: 0 passed
13.08.2014 00:19:31,086 - INFO  - Watchdog has been checked: 0 passed
13.08.2014 00:21:30,262 - INFO  - Watchdog has been checked: 0 passed
13.08.2014 00:23:30,267 - INFO  - Watchdog has been checked: 0 passed
13.08.2014 00:25:30,238 - INFO  - Watchdog has been checked: 0 passed
13.08.2014 00:27:30,112 - INFO  - Watchdog has been checked: 0 passed
13.08.2014 00:29:30,050 - INFO  - Watchdog has been checked: 0 passed
13.08.2014 00:31:30,112 - INFO  - Watchdog has been checked: 0 passed
13.08.2014 00:33:30,331 - INFO  - Watchdog has been checked: 0 passed
13.08.2014 00:35:30,114 - INFO  - Watchdog has been checked: 0 passed
13.08.2014 00:37:29,199 - INFO  - Watchdog has been checked: 0 passed
13.08.2014 00:39:29,058 - INFO  - Watchdog has been checked: 0 passed
13.08.2014 00:41:28,105 - INFO  - Watchdog has been checked: 0 passed
13.08.2014 00:43:27,269 - INFO  - Watchdog has been checked: 0 passed
13.08.2014 00:45:27,292 - INFO  - Watchdog has been checked: 0 passed
13.08.2014 00:47:27,180 - INFO  - Watchdog has been checked: 0 passed
13.08.2014 00:49:27,139 - INFO  - Watchdog has been checked: 0 passed
13.08.2014 00:51:27,109 - INFO  - Watchdog has been checked: 0 passed
13.08.2014 00:53:27,323 - INFO  - Watchdog has been checked: 0 passed
13.08.2014 00:55:27,135 - INFO  - Watchdog has been checked: 0 passed
13.08.2014 00:57:27,284 - INFO  - Watchdog has been checked: 0 passed
13.08.2014 00:59:27,483 - INFO  - Watchdog has been checked: 0 passed
13.08.2014 01:01:27,287 - INFO  - Watchdog has been checked: 0 passed
13.08.2014 01:03:27,209 - INFO  - Watchdog has been checked: 0 passed
13.08.2014 01:05:28,852 - INFO  - Watchdog has been checked: 0 passed
13.08.2014 01:07:28,134 - INFO  - Watchdog has been checked: 0 passed
13.08.2014 01:09:28,285 - INFO  - Watchdog has been checked: 0 passed
13.08.2014 01:11:28,332 - INFO  - Watchdog has been checked: 0 passed
13.08.2014 01:13:28,382 - INFO  - Watchdog has been checked: 0 passed
13.08.2014 01:15:28,337 - INFO  - Watchdog has been checked: 0 passed
13.08.2014 01:17:28,226 - INFO  - Watchdog has been checked: 0 passed
13.08.2014 01:19:28,980 - INFO  - Watchdog has been checked: 0 passed
13.08.2014 01:21:28,237 - INFO  - Watchdog has been checked: 0 passed
13.08.2014 01:23:28,055 - INFO  - Watchdog has been checked: 0 passed
13.08.2014 01:25:28,261 - INFO  - Watchdog has been checked: 0 passed
13.08.2014 01:27:28,223 - INFO  - Watchdog has been checked: 0 passed
13.08.2014 01:29:28,221 - INFO  - Watchdog has been checked: 0 passed
13.08.2014 01:31:28,200 - INFO  - Watchdog has been checked: 0 passed
13.08.2014 01:33:28,158 - INFO  - Watchdog has been checked: 0 passed
13.08.2014 01:35:28,226 - INFO  - Watchdog has been checked: 0 passed
13.08.2014 01:37:28,131 - INFO  - Watchdog has been checked: 0 passed
13.08.2014 01:39:28,071 - INFO  - Watchdog has been checked: 0 passed
13.08.2014 01:41:27,301 - INFO  - Watchdog has been checked: 0 passed
13.08.2014 01:43:27,261 - INFO  - Watchdog has been checked: 0 passed
13.08.2014 01:45:27,336 - INFO  - Watchdog has been checked: 0 passed
13.08.2014 01:47:27,157 - INFO  - Watchdog has been checked: 0 passed
13.08.2014 01:49:27,115 - INFO  - Watchdog has been checked: 0 passed
13.08.2014 01:51:26,041 - INFO  - Watchdog has been checked: 0 passed
13.08.2014 01:53:25,339 - INFO  - Watchdog has been checked: 0 passed
13.08.2014 01:55:25,123 - INFO  - Watchdog has been checked: 0 passed
13.08.2014 01:57:25,193 - INFO  - Watchdog has been checked: 0 passed
13.08.2014 01:59:25,223 - INFO  - Watchdog has been checked: 0 passed
13.08.2014 02:01:25,237 - INFO  - Watchdog has been checked: 0 passed
13.08.2014 02:03:25,176 - INFO  - Watchdog has been checked: 0 passed
13.08.2014 02:05:25,229 - INFO  - Watchdog has been checked: 0 passed
13.08.2014 02:07:29,348 - INFO  - Watchdog has been checked: 0 passed
13.08.2014 02:09:29,263 - INFO  - Watchdog has been checked: 0 passed
13.08.2014 02:11:29,299 - INFO  - Watchdog has been checked: 0 passed
13.08.2014 02:13:29,252 - INFO  - Watchdog has been checked: 0 passed
13.08.2014 02:15:29,316 - INFO  - Watchdog has been checked: 0 passed
13.08.2014 02:17:29,133 - INFO  - Watchdog has been checked: 0 passed
13.08.2014 02:19:29,137 - INFO  - Watchdog has been checked: 0 passed
13.08.2014 02:21:29,327 - INFO  - Watchdog has been checked: 0 passed
13.08.2014 02:23:29,249 - INFO  - Watchdog has been checked: 0 passed
13.08.2014 02:25:29,317 - INFO  - Watchdog has been checked: 0 passed
13.08.2014 02:27:29,130 - INFO  - Watchdog has been checked: 0 passed
13.08.2014 02:29:29,225 - INFO  - Watchdog has been checked: 0 passed
13.08.2014 02:31:29,080 - INFO  - Watchdog has been checked: 0 passed
13.08.2014 02:33:29,130 - INFO  - Watchdog has been checked: 0 passed
13.08.2014 02:35:29,159 - INFO  - Watchdog has been checked: 0 passed
13.08.2014 02:37:29,094 - INFO  - Watchdog has been checked: 0 passed
13.08.2014 02:39:29,085 - INFO  - Watchdog has been checked: 0 passed
13.08.2014 02:41:29,089 - INFO  - Watchdog has been checked: 0 passed
13.08.2014 02:43:28,033 - INFO  - Watchdog has been checked: 0 passed
13.08.2014 02:45:27,101 - INFO  - Watchdog has been checked: 0 passed
13.08.2014 02:47:27,210 - INFO  - Watchdog has been checked: 0 passed
13.08.2014 02:49:27,201 - INFO  - Watchdog has been checked: 0 passed
13.08.2014 02:51:27,185 - INFO  - Watchdog has been checked: 0 passed
13.08.2014 02:53:27,257 - INFO  - Watchdog has been checked: 0 passed
13.08.2014 02:55:27,285 - INFO  - Watchdog has been checked: 0 passed
13.08.2014 02:57:27,153 - INFO  - Watchdog has been checked: 0 passed
13.08.2014 02:59:27,223 - INFO  - Watchdog has been checked: 0 passed
13.08.2014 03:01:27,307 - INFO  - Watchdog has been checked: 0 passed
13.08.2014 03:03:27,274 - INFO  - Watchdog has been checked: 0 passed
13.08.2014 03:05:27,304 - INFO  - Watchdog has been checked: 0 passed
13.08.2014 03:07:27,256 - INFO  - Watchdog has been checked: 0 passed
13.08.2014 03:09:29,218 - INFO  - Watchdog has been checked: 0 passed
13.08.2014 03:11:29,305 - INFO  - Watchdog has been checked: 0 passed
13.08.2014 03:13:29,211 - INFO  - Watchdog has been checked: 0 passed
13.08.2014 03:15:29,205 - INFO  - Watchdog has been checked: 0 passed
13.08.2014 03:17:29,338 - INFO  - Watchdog has been checked: 0 passed
13.08.2014 03:19:29,285 - INFO  - Watchdog has been checked: 0 passed
13.08.2014 03:21:29,283 - INFO  - Watchdog has been checked: 0 passed
13.08.2014 03:23:29,233 - INFO  - Watchdog has been checked: 0 passed
13.08.2014 03:25:29,255 - INFO  - Watchdog has been checked: 0 passed
13.08.2014 03:27:29,018 - INFO  - Watchdog has been checked: 0 passed
13.08.2014 03:29:29,222 - INFO  - Watchdog has been checked: 0 passed
13.08.2014 03:31:29,319 - INFO  - Watchdog has been checked: 0 passed
13.08.2014 03:33:29,290 - INFO  - Watchdog has been checked: 0 passed
13.08.2014 03:35:29,300 - INFO  - Watchdog has been checked: 0 passed
13.08.2014 03:37:29,101 - INFO  - Watchdog has been checked: 0 passed
13.08.2014 03:39:29,337 - INFO  - Watchdog has been checked: 0 passed
13.08.2014 03:41:29,265 - INFO  - Watchdog has been checked: 0 passed
13.08.2014 03:43:29,290 - INFO  - Watchdog has been checked: 0 passed
13.08.2014 03:45:29,259 - INFO  - Watchdog has been checked: 0 passed
13.08.2014 03:47:29,263 - INFO  - Watchdog has been checked: 0 passed
13.08.2014 03:49:29,059 - INFO  - Watchdog has been checked: 0 passed
13.08.2014 03:51:29,165 - INFO  - Watchdog has been checked: 0 passed
13.08.2014 03:53:29,109 - INFO  - Watchdog has been checked: 0 passed
13.08.2014 03:55:29,146 - INFO  - Watchdog has been checked: 0 passed
13.08.2014 03:57:29,253 - INFO  - Watchdog has been checked: 0 passed
13.08.2014 03:59:29,053 - INFO  - Watchdog has been checked: 0 passed
13.08.2014 04:01:29,015 - INFO  - Watchdog has been checked: 0 passed
13.08.2014 04:03:28,966 - INFO  - Watchdog has been checked: 0 passed
13.08.2014 04:05:28,978 - INFO  - Watchdog has been checked: 0 passed
13.08.2014 04:07:29,328 - INFO  - Watchdog has been checked: 0 passed
13.08.2014 04:09:29,064 - INFO  - Watchdog has been checked: 0 passed
13.08.2014 04:11:29,710 - INFO  - Watchdog has been checked: 0 passed
13.08.2014 04:13:29,149 - INFO  - Watchdog has been checked: 0 passed
13.08.2014 04:15:29,184 - INFO  - Watchdog has been checked: 0 passed
13.08.2014 04:17:29,272 - INFO  - Watchdog has been checked: 0 passed
13.08.2014 04:19:29,264 - INFO  - Watchdog has been checked: 0 passed
13.08.2014 04:21:29,301 - INFO  - Watchdog has been checked: 0 passed
13.08.2014 04:23:29,216 - INFO  - Watchdog has been checked: 0 passed
13.08.2014 04:25:29,201 - INFO  - Watchdog has been checked: 0 passed
13.08.2014 04:27:29,191 - INFO  - Watchdog has been checked: 0 passed
13.08.2014 04:29:29,189 - INFO  - Watchdog has been checked: 0 passed
13.08.2014 04:31:28,564 - INFO  - Watchdog has been checked: 0 passed
13.08.2014 04:33:28,311 - INFO  - Watchdog has been checked: 0 passed
13.08.2014 04:35:28,341 - INFO  - Watchdog has been checked: 0 passed
13.08.2014 04:37:28,189 - INFO  - Watchdog has been checked: 0 passed
13.08.2014 04:39:28,376 - INFO  - Watchdog has been checked: 0 passed
13.08.2014 04:41:28,366 - INFO  - Watchdog has been checked: 0 passed
13.08.2014 04:43:28,350 - INFO  - Watchdog has been checked: 0 passed
13.08.2014 04:45:28,119 - INFO  - Watchdog has been checked: 0 passed
13.08.2014 04:47:28,250 - INFO  - Watchdog has been checked: 0 passed
13.08.2014 04:49:28,445 - INFO  - Watchdog has been checked: 0 passed
13.08.2014 04:51:28,208 - INFO  - Watchdog has been checked: 0 passed
13.08.2014 04:53:28,373 - INFO  - Watchdog has been checked: 0 passed
13.08.2014 04:55:28,267 - INFO  - Watchdog has been checked: 0 passed
13.08.2014 04:57:28,331 - INFO  - Watchdog has been checked: 0 passed
13.08.2014 04:59:28,456 - INFO  - Watchdog has been checked: 0 passed
13.08.2014 05:01:28,358 - INFO  - Watchdog has been checked: 0 passed
13.08.2014 05:03:28,266 - INFO  - Watchdog has been checked: 0 passed
13.08.2014 05:05:28,414 - INFO  - Watchdog has been checked: 0 passed
13.08.2014 05:07:28,423 - INFO  - Watchdog has been checked: 0 passed
13.08.2014 05:09:28,136 - INFO  - Watchdog has been checked: 0 passed
13.08.2014 05:11:27,088 - INFO  - Watchdog has been checked: 0 passed
13.08.2014 05:13:29,010 - INFO  - Watchdog has been checked: 0 passed
13.08.2014 05:15:28,046 - INFO  - Watchdog has been checked: 0 passed
13.08.2014 05:17:27,082 - INFO  - Watchdog has been checked: 0 passed
13.08.2014 05:19:27,163 - INFO  - Watchdog has been checked: 0 passed
13.08.2014 05:21:27,104 - INFO  - Watchdog has been checked: 0 passed
13.08.2014 05:23:25,954 - INFO  - Watchdog has been checked: 0 passed
13.08.2014 05:25:25,101 - INFO  - Watchdog has been checked: 0 passed
13.08.2014 05:27:24,219 - INFO  - Watchdog has been checked: 0 passed
13.08.2014 05:29:24,155 - INFO  - Watchdog has been checked: 0 passed
13.08.2014 05:31:23,172 - INFO  - Watchdog has been checked: 0 passed
13.08.2014 05:33:23,084 - INFO  - Watchdog has been checked: 0 passed
13.08.2014 05:35:22,117 - INFO  - Watchdog has been checked: 0 passed
13.08.2014 05:37:21,285 - INFO  - Watchdog has been checked: 0 passed
13.08.2014 05:39:21,253 - INFO  - Watchdog has been checked: 0 passed
13.08.2014 05:41:21,203 - INFO  - Watchdog has been checked: 0 passed
13.08.2014 05:43:21,114 - INFO  - Watchdog has been checked: 0 passed
13.08.2014 05:45:20,249 - INFO  - Watchdog has been checked: 0 passed
13.08.2014 05:47:20,163 - INFO  - Watchdog has been checked: 0 passed
13.08.2014 05:49:20,156 - INFO  - Watchdog has been checked: 0 passed
13.08.2014 05:51:20,153 - INFO  - Watchdog has been checked: 0 passed
13.08.2014 05:53:20,317 - INFO  - Watchdog has been checked: 0 passed
13.08.2014 05:55:20,348 - INFO  - Watchdog has been checked: 0 passed
13.08.2014 05:57:20,221 - INFO  - Watchdog has been checked: 0 passed
13.08.2014 05:59:20,221 - INFO  - Watchdog has been checked: 0 passed
13.08.2014 06:01:20,199 - INFO  - Watchdog has been checked: 0 passed
13.08.2014 06:03:20,344 - INFO  - Watchdog has been checked: 0 passed
13.08.2014 06:05:20,349 - INFO  - Watchdog has been checked: 0 passed
13.08.2014 06:07:20,228 - INFO  - Watchdog has been checked: 0 passed
13.08.2014 06:09:20,176 - INFO  - Watchdog has been checked: 0 passed
13.08.2014 06:11:20,462 - INFO  - Watchdog has been checked: 0 passed
13.08.2014 06:13:20,391 - INFO  - Watchdog has been checked: 0 passed
13.08.2014 06:15:01,936 - INFO  - mapping file sync started
13.08.2014 06:15:02,989 - INFO  - file successfully updated
13.08.2014 06:15:20,439 - INFO  - Watchdog has been checked: 0 passed
13.08.2014 06:17:20,293 - INFO  - Watchdog has been checked: 0 passed
13.08.2014 06:19:20,252 - INFO  - Watchdog has been checked: 0 passed
13.08.2014 06:21:20,222 - INFO  - Watchdog has been checked: 0 passed
13.08.2014 06:23:20,175 - INFO  - Watchdog has been checked: 0 passed
13.08.2014 06:25:20,302 - INFO  - Watchdog has been checked: 0 passed
13.08.2014 06:27:20,412 - INFO  - Watchdog has been checked: 0 passed
13.08.2014 06:29:20,369 - INFO  - Watchdog has been checked: 0 passed
13.08.2014 06:31:20,374 - INFO  - Watchdog has been checked: 0 passed
13.08.2014 06:33:20,314 - INFO  - Watchdog has been checked: 0 passed
13.08.2014 06:35:20,286 - INFO  - Watchdog has been checked: 0 passed
13.08.2014 06:37:20,127 - INFO  - Watchdog has been checked: 0 passed
13.08.2014 06:39:19,135 - INFO  - Watchdog has been checked: 0 passed
13.08.2014 06:41:19,098 - INFO  - Watchdog has been checked: 0 passed
13.08.2014 06:43:17,986 - INFO  - Watchdog has been checked: 0 passed
13.08.2014 06:45:17,042 - INFO  - Watchdog has been checked: 0 passed
13.08.2014 06:47:16,040 - INFO  - Watchdog has been checked: 0 passed
13.08.2014 06:49:15,134 - INFO  - Watchdog has been checked: 0 passed
13.08.2014 06:51:14,027 - INFO  - Watchdog has been checked: 0 passed
13.08.2014 06:53:13,255 - INFO  - Watchdog has been checked: 0 passed
13.08.2014 06:55:13,267 - INFO  - Watchdog has been checked: 0 passed
13.08.2014 06:57:13,249 - INFO  - Watchdog has been checked: 0 passed
13.08.2014 06:59:13,154 - INFO  - Watchdog has been checked: 0 passed
13.08.2014 07:01:12,152 - INFO  - Watchdog has been checked: 0 passed
13.08.2014 07:03:11,297 - INFO  - Watchdog has been checked: 0 passed
13.08.2014 07:05:11,316 - INFO  - Watchdog has been checked: 0 passed
13.08.2014 07:07:11,259 - INFO  - Watchdog has been checked: 0 passed
13.08.2014 07:09:11,181 - INFO  - Watchdog has been checked: 0 passed
13.08.2014 07:11:11,179 - INFO  - Watchdog has been checked: 0 passed
13.08.2014 07:13:11,335 - INFO  - Watchdog has been checked: 0 passed
13.08.2014 07:15:01,853 - INFO  - mapping file sync started
13.08.2014 07:15:02,494 - INFO  - file successfully updated
13.08.2014 07:15:11,128 - INFO  - Watchdog has been checked: 0 passed
13.08.2014 07:17:11,423 - INFO  - Watchdog has been checked: 0 passed
13.08.2014 07:19:11,232 - INFO  - Watchdog has been checked: 0 passed
13.08.2014 07:21:11,205 - INFO  - Watchdog has been checked: 0 passed
13.08.2014 07:23:11,379 - INFO  - Watchdog has been checked: 0 passed
13.08.2014 07:25:11,156 - INFO  - Watchdog has been checked: 0 passed
13.08.2014 07:27:11,255 - INFO  - Watchdog has been checked: 0 passed
13.08.2014 07:29:11,047 - INFO  - Watchdog has been checked: 0 passed
13.08.2014 07:31:11,253 - INFO  - Watchdog has been checked: 0 passed
13.08.2014 07:33:11,237 - INFO  - Watchdog has been checked: 0 passed
13.08.2014 07:35:11,296 - INFO  - Watchdog has been checked: 0 passed
13.08.2014 07:37:11,307 - INFO  - Watchdog has been checked: 0 passed
13.08.2014 07:39:11,146 - INFO  - Watchdog has been checked: 0 passed
13.08.2014 07:41:11,281 - INFO  - Watchdog has been checked: 0 passed
13.08.2014 07:43:11,209 - INFO  - Watchdog has been checked: 0 passed
13.08.2014 07:45:11,284 - INFO  - Watchdog has been checked: 0 passed
13.08.2014 07:47:11,064 - INFO  - Watchdog has been checked: 0 passed
13.08.2014 07:49:10,147 - INFO  - Watchdog has been checked: 0 passed
13.08.2014 07:51:10,182 - INFO  - Watchdog has been checked: 0 passed
13.08.2014 07:53:10,207 - INFO  - Watchdog has been checked: 0 passed
13.08.2014 07:55:09,188 - INFO  - Watchdog has been checked: 0 passed
13.08.2014 07:57:09,154 - INFO  - Watchdog has been checked: 0 passed
13.08.2014 07:59:09,241 - INFO  - Watchdog has been checked: 0 passed
13.08.2014 08:01:09,228 - INFO  - Watchdog has been checked: 0 passed
13.08.2014 08:03:09,088 - INFO  - Watchdog has been checked: 0 passed
13.08.2014 08:05:09,116 - INFO  - Watchdog has been checked: 0 passed
13.08.2014 08:07:09,162 - INFO  - Watchdog has been checked: 0 passed
13.08.2014 08:09:09,279 - INFO  - Watchdog has been checked: 0 passed
13.08.2014 08:11:09,072 - INFO  - Watchdog has been checked: 0 passed
13.08.2014 08:13:08,230 - INFO  - Watchdog has been checked: 0 passed
13.08.2014 08:15:08,252 - INFO  - Watchdog has been checked: 0 passed
13.08.2014 08:17:07,992 - INFO  - Watchdog has been checked: 0 passed
13.08.2014 08:19:07,053 - INFO  - Watchdog has been checked: 0 passed
13.08.2014 08:21:06,072 - INFO  - Watchdog has been checked: 0 passed
13.08.2014 08:23:05,201 - INFO  - Watchdog has been checked: 0 passed
13.08.2014 08:25:05,257 - INFO  - Watchdog has been checked: 0 passed
13.08.2014 08:27:05,326 - INFO  - Watchdog has been checked: 0 passed
13.08.2014 08:29:05,180 - INFO  - Watchdog has been checked: 0 passed
13.08.2014 08:31:05,162 - INFO  - Watchdog has been checked: 0 passed
13.08.2014 08:33:05,309 - INFO  - Watchdog has been checked: 0 passed
13.08.2014 08:35:05,301 - INFO  - Watchdog has been checked: 0 passed
13.08.2014 08:37:05,094 - INFO  - Watchdog has been checked: 0 passed
13.08.2014 08:39:05,197 - INFO  - Watchdog has been checked: 0 passed
13.08.2014 08:41:05,184 - INFO  - Watchdog has been checked: 0 passed
13.08.2014 08:43:05,034 - INFO  - Watchdog has been checked: 0 passed
13.08.2014 08:45:05,124 - INFO  - Watchdog has been checked: 0 passed
13.08.2014 08:47:05,206 - INFO  - Watchdog has been checked: 0 passed
13.08.2014 08:49:05,261 - INFO  - Watchdog has been checked: 0 passed
13.08.2014 08:51:05,292 - INFO  - Watchdog has been checked: 0 passed
13.08.2014 08:53:05,225 - INFO  - Watchdog has been checked: 0 passed
13.08.2014 08:55:05,224 - INFO  - Watchdog has been checked: 0 passed
13.08.2014 08:57:05,243 - INFO  - Watchdog has been checked: 0 passed
13.08.2014 08:59:05,310 - INFO  - Watchdog has been checked: 0 passed
13.08.2014 09:01:05,307 - INFO  - Watchdog has been checked: 0 passed
13.08.2014 09:03:05,233 - INFO  - Watchdog has been checked: 0 passed
13.08.2014 09:05:05,228 - INFO  - Watchdog has been checked: 0 passed
13.08.2014 09:07:05,332 - INFO  - Watchdog has been checked: 0 passed
13.08.2014 09:09:05,255 - INFO  - Watchdog has been checked: 0 passed
13.08.2014 09:11:09,261 - INFO  - Watchdog has been checked: 0 passed
13.08.2014 09:13:09,194 - INFO  - Watchdog has been checked: 0 passed
13.08.2014 09:15:09,346 - INFO  - Watchdog has been checked: 0 passed
13.08.2014 09:17:09,243 - INFO  - Watchdog has been checked: 0 passed
13.08.2014 09:19:09,319 - INFO  - Watchdog has been checked: 0 passed
13.08.2014 09:21:09,263 - INFO  - Watchdog has been checked: 0 passed
13.08.2014 09:23:09,199 - INFO  - Watchdog has been checked: 0 passed
13.08.2014 09:25:09,479 - INFO  - Watchdog has been checked: 0 passed
13.08.2014 09:27:09,452 - INFO  - Watchdog has been checked: 0 passed
13.08.2014 09:29:09,278 - INFO  - Watchdog has been checked: 0 passed
13.08.2014 09:31:09,277 - INFO  - Watchdog has been checked: 0 passed
13.08.2014 09:33:09,146 - INFO  - Watchdog has been checked: 0 passed
13.08.2014 09:35:09,157 - INFO  - Watchdog has been checked: 0 passed
13.08.2014 09:37:09,161 - INFO  - Watchdog has been checked: 0 passed
13.08.2014 09:39:08,220 - INFO  - Watchdog has been checked: 0 passed
13.08.2014 09:41:08,184 - INFO  - Watchdog has been checked: 0 passed
13.08.2014 09:43:07,144 - INFO  - Watchdog has been checked: 0 passed
13.08.2014 09:45:06,121 - INFO  - Watchdog has been checked: 0 passed
13.08.2014 09:47:05,102 - INFO  - Watchdog has been checked: 0 passed
13.08.2014 09:49:04,009 - INFO  - Watchdog has been checked: 0 passed
13.08.2014 09:51:02,945 - INFO  - Watchdog has been checked: 0 passed
13.08.2014 09:53:02,066 - INFO  - Watchdog has been checked: 0 passed
13.08.2014 09:55:01,093 - INFO  - Watchdog has been checked: 0 passed
13.08.2014 09:57:01,101 - INFO  - Watchdog has been checked: 0 passed
13.08.2014 09:59:00,963 - INFO  - Watchdog has been checked: 0 passed
13.08.2014 10:01:00,182 - INFO  - Watchdog has been checked: 0 passed
13.08.2014 10:03:00,121 - INFO  - Watchdog has been checked: 0 passed
13.08.2014 10:05:00,149 - INFO  - Watchdog has been checked: 0 passed
13.08.2014 10:07:00,192 - INFO  - Watchdog has been checked: 0 passed
13.08.2014 10:09:00,011 - INFO  - Watchdog has been checked: 0 passed
13.08.2014 10:11:00,018 - INFO  - Watchdog has been checked: 0 passed
13.08.2014 10:13:00,229 - INFO  - Watchdog has been checked: 0 passed
13.08.2014 10:15:00,045 - INFO  - Watchdog has been checked: 0 passed
13.08.2014 10:17:00,054 - INFO  - Watchdog has been checked: 0 passed
13.08.2014 10:19:00,204 - INFO  - Watchdog has been checked: 0 passed
13.08.2014 10:21:00,150 - INFO  - Watchdog has been checked: 0 passed
13.08.2014 10:23:00,327 - INFO  - Watchdog has been checked: 0 passed
13.08.2014 10:25:00,067 - INFO  - Watchdog has been checked: 0 passed
13.08.2014 10:27:00,081 - INFO  - Watchdog has been checked: 0 passed
13.08.2014 10:29:00,199 - INFO  - Watchdog has been checked: 0 passed
13.08.2014 10:31:00,183 - INFO  - Watchdog has been checked: 0 passed
13.08.2014 10:33:00,145 - INFO  - Watchdog has been checked: 0 passed
13.08.2014 10:35:00,125 - INFO  - Watchdog has been checked: 0 passed
13.08.2014 10:37:00,136 - INFO  - Watchdog has been checked: 0 passed
13.08.2014 10:39:00,197 - INFO  - Watchdog has been checked: 0 passed
13.08.2014 10:41:00,161 - INFO  - Watchdog has been checked: 0 passed
13.08.2014 10:43:00,346 - INFO  - Watchdog has been checked: 0 passed
13.08.2014 10:45:00,321 - INFO  - Watchdog has been checked: 0 passed
13.08.2014 10:47:00,124 - INFO  - Watchdog has been checked: 0 passed
13.08.2014 10:49:00,280 - INFO  - Watchdog has been checked: 0 passed
13.08.2014 10:51:00,298 - INFO  - Watchdog has been checked: 0 passed
13.08.2014 10:53:00,172 - INFO  - Watchdog has been checked: 0 passed
13.08.2014 10:55:00,245 - INFO  - Watchdog has been checked: 0 passed
13.08.2014 10:57:00,248 - INFO  - Watchdog has been checked: 0 passed
13.08.2014 10:59:00,128 - INFO  - Watchdog has been checked: 0 passed
13.08.2014 11:00:59,093 - INFO  - Watchdog has been checked: 0 passed
13.08.2014 11:02:58,175 - INFO  - Watchdog has been checked: 0 passed
13.08.2014 11:04:58,250 - INFO  - Watchdog has been checked: 0 passed
13.08.2014 11:06:58,053 - INFO  - Watchdog has been checked: 0 passed
13.08.2014 11:08:57,044 - INFO  - Watchdog has been checked: 0 passed
13.08.2014 11:10:56,084 - INFO  - Watchdog has been checked: 0 passed
13.08.2014 11:12:55,193 - INFO  - Watchdog has been checked: 0 passed
13.08.2014 11:14:55,228 - INFO  - Watchdog has been checked: 0 passed
13.08.2014 11:16:57,455 - INFO  - Watchdog has been checked: 0 passed
13.08.2014 11:18:57,275 - INFO  - Watchdog has been checked: 0 passed
13.08.2014 11:20:57,304 - INFO  - Watchdog has been checked: 0 passed
13.08.2014 11:22:57,200 - INFO  - Watchdog has been checked: 0 passed
13.08.2014 11:24:57,159 - INFO  - Watchdog has been checked: 0 passed
13.08.2014 11:26:57,164 - INFO  - Watchdog has been checked: 0 passed
13.08.2014 11:28:57,134 - INFO  - Watchdog has been checked: 0 passed
13.08.2014 11:30:57,178 - INFO  - Watchdog has been checked: 0 passed
13.08.2014 11:32:57,094 - INFO  - Watchdog has been checked: 0 passed
13.08.2014 11:34:57,130 - INFO  - Watchdog has been checked: 0 passed
13.08.2014 11:36:57,245 - INFO  - Watchdog has been checked: 0 passed
13.08.2014 11:38:57,352 - INFO  - Watchdog has been checked: 0 passed
13.08.2014 11:40:58,217 - INFO  - Watchdog has been checked: 0 passed
13.08.2014 11:42:58,214 - INFO  - Watchdog has been checked: 0 passed
13.08.2014 11:44:58,319 - INFO  - Watchdog has been checked: 0 passed
13.08.2014 11:46:58,379 - INFO  - Watchdog has been checked: 0 passed
13.08.2014 11:48:58,181 - INFO  - Watchdog has been checked: 0 passed
13.08.2014 11:50:58,180 - INFO  - Watchdog has been checked: 0 passed
13.08.2014 11:52:58,354 - INFO  - Watchdog has been checked: 0 passed
13.08.2014 11:54:58,383 - INFO  - Watchdog has been checked: 0 passed
13.08.2014 11:56:58,340 - INFO  - Watchdog has been checked: 0 passed
13.08.2014 11:58:58,240 - INFO  - Watchdog has been checked: 0 passed
13.08.2014 12:00:58,231 - INFO  - Watchdog has been checked: 0 passed
13.08.2014 12:02:58,361 - INFO  - Watchdog has been checked: 0 passed
13.08.2014 12:04:58,396 - INFO  - Watchdog has been checked: 0 passed
13.08.2014 12:06:58,320 - INFO  - Watchdog has been checked: 0 passed
13.08.2014 12:08:58,321 - INFO  - Watchdog has been checked: 0 passed
13.08.2014 12:10:58,254 - INFO  - Watchdog has been checked: 0 passed
13.08.2014 12:12:58,145 - INFO  - Watchdog has been checked: 0 passed
13.08.2014 12:14:58,190 - INFO  - Watchdog has been checked: 0 passed
13.08.2014 12:16:58,185 - INFO  - Watchdog has been checked: 0 passed
13.08.2014 12:18:58,292 - INFO  - Watchdog has been checked: 0 passed
13.08.2014 12:20:58,249 - INFO  - Watchdog has been checked: 0 passed
13.08.2014 12:22:58,140 - INFO  - Watchdog has been checked: 0 passed
13.08.2014 12:24:58,161 - INFO  - Watchdog has been checked: 0 passed
13.08.2014 12:26:58,170 - INFO  - Watchdog has been checked: 0 passed
13.08.2014 12:28:58,076 - INFO  - Watchdog has been checked: 0 passed
13.08.2014 12:30:57,259 - INFO  - Watchdog has been checked: 0 passed
13.08.2014 12:32:57,201 - INFO  - Watchdog has been checked: 0 passed
13.08.2014 12:34:57,219 - INFO  - Watchdog has been checked: 0 passed
13.08.2014 12:36:57,168 - INFO  - Watchdog has been checked: 0 passed
13.08.2014 12:38:57,083 - INFO  - Watchdog has been checked: 0 passed
13.08.2014 12:40:57,075 - INFO  - Watchdog has been checked: 0 passed
13.08.2014 12:42:59,112 - INFO  - Watchdog has been checked: 0 passed
13.08.2014 12:44:59,122 - INFO  - Watchdog has been checked: 0 passed
13.08.2014 12:46:59,069 - INFO  - Watchdog has been checked: 0 passed
13.08.2014 12:48:58,188 - INFO  - Watchdog has been checked: 0 passed
13.08.2014 12:50:58,157 - INFO  - Watchdog has been checked: 0 passed
13.08.2014 12:52:58,326 - INFO  - Watchdog has been checked: 0 passed
13.08.2014 12:54:58,100 - INFO  - Watchdog has been checked: 0 passed
13.08.2014 12:56:58,091 - INFO  - Watchdog has been checked: 0 passed
13.08.2014 12:58:58,195 - INFO  - Watchdog has been checked: 0 passed
13.08.2014 13:00:58,198 - INFO  - Watchdog has been checked: 0 passed
13.08.2014 13:02:58,348 - INFO  - Watchdog has been checked: 0 passed
13.08.2014 13:04:58,143 - INFO  - Watchdog has been checked: 0 passed
13.08.2014 13:06:58,138 - INFO  - Watchdog has been checked: 0 passed
13.08.2014 13:08:58,219 - INFO  - Watchdog has been checked: 0 passed
13.08.2014 13:10:58,228 - INFO  - Watchdog has been checked: 0 passed
13.08.2014 13:12:58,113 - INFO  - Watchdog has been checked: 0 passed
13.08.2014 13:14:58,187 - INFO  - Watchdog has been checked: 0 passed
13.08.2014 13:16:58,280 - INFO  - Watchdog has been checked: 0 passed
13.08.2014 13:18:58,262 - INFO  - Watchdog has been checked: 0 passed
13.08.2014 13:20:58,232 - INFO  - Watchdog has been checked: 0 passed
13.08.2014 13:22:58,300 - INFO  - Watchdog has been checked: 0 passed
13.08.2014 13:24:58,328 - INFO  - Watchdog has been checked: 0 passed
13.08.2014 13:26:58,309 - INFO  - Watchdog has been checked: 0 passed
13.08.2014 13:28:58,144 - INFO  - Watchdog has been checked: 0 passed
13.08.2014 13:30:58,103 - INFO  - Watchdog has been checked: 0 passed
13.08.2014 13:32:58,238 - INFO  - Watchdog has been checked: 0 passed
13.08.2014 13:34:58,014 - INFO  - Watchdog has been checked: 0 passed
13.08.2014 13:36:57,264 - INFO  - Watchdog has been checked: 0 passed
13.08.2014 13:38:57,270 - INFO  - Watchdog has been checked: 0 passed
13.08.2014 13:40:57,100 - INFO  - Watchdog has been checked: 0 passed
13.08.2014 13:42:56,211 - INFO  - Watchdog has been checked: 0 passed
13.08.2014 13:44:59,056 - INFO  - Watchdog has been checked: 0 passed
13.08.2014 13:46:59,099 - INFO  - Watchdog has been checked: 0 passed
13.08.2014 13:48:59,184 - INFO  - Watchdog has been checked: 0 passed
13.08.2014 13:50:59,189 - INFO  - Watchdog has been checked: 0 passed
13.08.2014 13:52:59,110 - INFO  - Watchdog has been checked: 0 passed
13.08.2014 13:54:59,207 - INFO  - Watchdog has been checked: 0 passed
13.08.2014 13:56:59,101 - INFO  - Watchdog has been checked: 0 passed
13.08.2014 13:58:59,273 - INFO  - Watchdog has been checked: 0 passed
13.08.2014 14:00:59,309 - INFO  - Watchdog has been checked: 0 passed
13.08.2014 14:02:59,211 - INFO  - Watchdog has been checked: 0 passed
13.08.2014 14:03:02,723 - INFO  - searcher identified --- respT: 50ms, 77187 results, q=, 
13.08.2014 14:03:08,255 - INFO  - searcher identified --- respT: 13ms, 274 results, q=oase, 
13.08.2014 14:03:11,423 - INFO  - searcher identified --- respT: 12ms, 8 results, type:image, q=oase, 
13.08.2014 14:04:59,223 - INFO  - Watchdog has been checked: 0 passed
13.08.2014 14:05:16,150 - INFO  - searcher identified --- respT: 10ms, 3 results, type:image, q=gast, 
13.08.2014 14:05:20,923 - INFO  - searcher identified --- respT: 11ms, 76 results, type:image, q=g, 
13.08.2014 14:05:24,128 - INFO  - searcher identified --- respT: 15ms, 7 results, type:image, q=verpflegu, 
13.08.2014 14:05:32,246 - INFO  - searcher identified --- respT: 10ms, 7 results, type:image, q=verpflegung, 
13.08.2014 14:06:59,220 - INFO  - Watchdog has been checked: 0 passed
13.08.2014 14:08:39,189 - INFO  - searcher identified --- respT: 12ms, 36 results, type:image, q=personal, 
13.08.2014 14:08:47,613 - INFO  - searcher identified --- respT: 11ms, 36 results, type:image, q=personal, page turned
13.08.2014 14:08:55,305 - INFO  - searcher identified --- respT: 12ms, 36 results, type:image, q=personal, page turned
13.08.2014 14:08:59,107 - INFO  - Watchdog has been checked: 0 passed
13.08.2014 14:08:59,137 - INFO  - searcher identified --- respT: 12ms, 36 results, type:image, q=personal, page turned
13.08.2014 14:10:58,361 - INFO  - Watchdog has been checked: 0 passed
13.08.2014 14:12:58,247 - INFO  - Watchdog has been checked: 0 passed
13.08.2014 14:14:58,319 - INFO  - Watchdog has been checked: 0 passed
13.08.2014 14:16:58,339 - INFO  - Watchdog has been checked: 0 passed
13.08.2014 14:18:58,410 - INFO  - Watchdog has been checked: 0 passed
13.08.2014 14:20:58,822 - INFO  - Watchdog has been checked: 0 passed
13.08.2014 14:22:58,375 - INFO  - Watchdog has been checked: 0 passed
13.08.2014 14:24:58,340 - INFO  - Watchdog has been checked: 0 passed
13.08.2014 14:26:58,276 - INFO  - Watchdog has been checked: 0 passed
13.08.2014 14:28:58,218 - INFO  - Watchdog has been checked: 0 passed
13.08.2014 14:30:58,158 - INFO  - Watchdog has been checked: 0 passed
13.08.2014 14:32:57,247 - INFO  - Watchdog has been checked: 0 passed
13.08.2014 14:34:57,231 - INFO  - Watchdog has been checked: 0 passed
13.08.2014 14:36:57,390 - INFO  - Watchdog has been checked: 0 passed
13.08.2014 14:38:57,312 - INFO  - Watchdog has been checked: 0 passed
13.08.2014 14:40:57,282 - INFO  - Watchdog has been checked: 0 passed
13.08.2014 14:42:57,245 - INFO  - Watchdog has been checked: 0 passed
13.08.2014 14:44:57,272 - INFO  - Watchdog has been checked: 0 passed
13.08.2014 14:46:58,303 - INFO  - Watchdog has been checked: 0 passed
13.08.2014 14:48:58,183 - INFO  - Watchdog has been checked: 0 passed
13.08.2014 14:50:58,141 - INFO  - Watchdog has been checked: 0 passed
13.08.2014 14:52:58,045 - INFO  - Watchdog has been checked: 0 passed
13.08.2014 14:54:57,174 - INFO  - Watchdog has been checked: 0 passed
13.08.2014 14:56:57,116 - INFO  - Watchdog has been checked: 0 passed
13.08.2014 14:58:56,996 - INFO  - Watchdog has been checked: 0 passed
13.08.2014 15:00:56,189 - INFO  - Watchdog has been checked: 0 passed
13.08.2014 15:02:56,011 - INFO  - Watchdog has been checked: 0 passed
13.08.2014 15:04:56,041 - INFO  - Watchdog has been checked: 0 passed
13.08.2014 15:06:56,042 - INFO  - Watchdog has been checked: 0 passed
13.08.2014 15:08:56,015 - INFO  - Watchdog has been checked: 0 passed
13.08.2014 15:10:56,250 - INFO  - Watchdog has been checked: 0 passed
13.08.2014 15:12:56,164 - INFO  - Watchdog has been checked: 0 passed
13.08.2014 15:14:56,326 - INFO  - Watchdog has been checked: 0 passed
13.08.2014 15:16:56,309 - INFO  - Watchdog has been checked: 0 passed
13.08.2014 15:18:56,010 - INFO  - Watchdog has been checked: 0 passed
13.08.2014 15:20:56,249 - INFO  - Watchdog has been checked: 0 passed
13.08.2014 15:22:56,180 - INFO  - Watchdog has been checked: 0 passed
13.08.2014 15:24:56,245 - INFO  - Watchdog has been checked: 0 passed
13.08.2014 15:26:56,298 - INFO  - Watchdog has been checked: 0 passed
13.08.2014 15:28:56,156 - INFO  - Watchdog has been checked: 0 passed
13.08.2014 15:30:56,110 - INFO  - Watchdog has been checked: 0 passed
13.08.2014 15:32:56,279 - INFO  - Watchdog has been checked: 0 passed
13.08.2014 15:34:56,099 - INFO  - Watchdog has been checked: 0 passed
13.08.2014 15:36:56,329 - INFO  - Watchdog has been checked: 0 passed
13.08.2014 15:38:56,194 - INFO  - Watchdog has been checked: 0 passed
13.08.2014 15:40:56,163 - INFO  - Watchdog has been checked: 0 passed
13.08.2014 15:42:56,073 - INFO  - Watchdog has been checked: 0 passed
13.08.2014 15:44:56,168 - INFO  - Watchdog has been checked: 0 passed
13.08.2014 15:46:56,210 - INFO  - Watchdog has been checked: 0 passed
13.08.2014 15:48:59,287 - INFO  - Watchdog has been checked: 0 passed
13.08.2014 15:50:59,336 - INFO  - Watchdog has been checked: 0 passed
13.08.2014 15:52:59,249 - INFO  - Watchdog has been checked: 0 passed
13.08.2014 15:54:59,202 - INFO  - Watchdog has been checked: 0 passed
13.08.2014 15:56:59,290 - INFO  - Watchdog has been checked: 0 passed
13.08.2014 15:58:59,113 - INFO  - Watchdog has been checked: 0 passed
13.08.2014 16:00:59,300 - INFO  - Watchdog has been checked: 0 passed
13.08.2014 16:02:59,036 - INFO  - Watchdog has been checked: 0 passed
13.08.2014 16:04:57,963 - INFO  - Watchdog has been checked: 0 passed
13.08.2014 16:06:58,017 - INFO  - Watchdog has been checked: 0 passed
13.08.2014 16:08:58,066 - INFO  - Watchdog has been checked: 0 passed
13.08.2014 16:10:58,085 - INFO  - Watchdog has been checked: 0 passed
13.08.2014 16:12:58,110 - INFO  - Watchdog has been checked: 0 passed
13.08.2014 16:13:16,254 - INFO  - searcher identified --- respT: 39ms, 77195 results, q=, 
13.08.2014 16:13:21,213 - INFO  - searcher identified --- respT: 18ms, 7197 results, q=task, 
13.08.2014 16:13:23,437 - INFO  - searcher identified --- respT: 21ms, 512 results, q=task alfresco, 
13.08.2014 16:13:27,088 - INFO  - searcher identified --- respT: 26ms, 53 results, q=task alfresco ordner, 
13.08.2014 16:14:09,665 - INFO  - searcher identified --- respT: 48ms, 11 results, q=task alfresco ordner D, 
13.08.2014 16:14:10,937 - INFO  - searcher identified --- respT: 24ms, 53 results, q=task alfresco ordner, 
13.08.2014 16:14:16,116 - INFO  - searcher identified --- respT: 25ms, 53 results, q=task: alfresco ordner, 
13.08.2014 16:14:22,710 - INFO  - searcher identified --- respT: 41ms, no results, q=task:D alfresco ordneri, 
13.08.2014 16:14:25,097 - INFO  - searcher identified --- respT: 48ms, 11 results, q=task:D alfresco ordner, 
13.08.2014 16:14:29,405 - INFO  - searcher identified --- respT: 24ms, no results, q=task:Di alfresco ordnerscu, 
13.08.2014 16:14:33,256 - INFO  - searcher identified --- respT: 30ms, 5272 results, q=task:Di, 
13.08.2014 16:14:34,706 - INFO  - searcher identified --- respT: 24ms, 2190 results, q=task:Dis, 
13.08.2014 16:14:36,292 - INFO  - searcher identified --- respT: 15ms, no results, q=task:Discissopm, 
13.08.2014 16:14:37,375 - INFO  - searcher identified --- respT: 25ms, no results, q=task:Discisso, 
13.08.2014 16:14:39,284 - INFO  - searcher identified --- respT: 15ms, no results, q=task:Discissom, 
13.08.2014 16:14:43,550 - INFO  - searcher identified --- respT: 42ms, 1157 results, q=task:Disc, 
13.08.2014 16:14:45,382 - INFO  - searcher identified --- respT: 31ms, no results, q=task:Discussino, 
13.08.2014 16:14:46,923 - INFO  - searcher identified --- respT: 18ms, 727 results, q=task:Discussion, 
13.08.2014 16:14:51,435 - INFO  - searcher identified --- respT: 27ms, 64 results, q=task:Discussion alfresco, 
13.08.2014 16:14:58,093 - INFO  - Watchdog has been checked: 0 passed
13.08.2014 16:15:54,268 - INFO  - searcher identified --- respT: 47ms, 2424 results, q=task:Discussion alfresco or, 
13.08.2014 16:15:55,118 - INFO  - searcher identified --- respT: 28ms, 14 results, q=task:Discussion alfresco ord, 
13.08.2014 16:15:55,757 - INFO  - searcher identified --- respT: 40ms, 8 results, q=task:Discussion alfresco ordner, 
13.08.2014 16:16:58,248 - INFO  - Watchdog has been checked: 0 passed
13.08.2014 16:18:58,075 - INFO  - Watchdog has been checked: 0 passed
13.08.2014 16:20:58,270 - INFO  - Watchdog has been checked: 0 passed
13.08.2014 16:22:58,204 - INFO  - Watchdog has been checked: 0 passed
13.08.2014 16:24:58,095 - INFO  - Watchdog has been checked: 0 passed
13.08.2014 16:26:58,201 - INFO  - Watchdog has been checked: 0 passed
13.08.2014 16:28:58,289 - INFO  - Watchdog has been checked: 0 passed
13.08.2014 16:30:58,271 - INFO  - Watchdog has been checked: 0 passed
13.08.2014 16:32:58,260 - INFO  - Watchdog has been checked: 0 passed
13.08.2014 16:34:58,288 - INFO  - Watchdog has been checked: 0 passed
13.08.2014 16:36:58,336 - INFO  - Watchdog has been checked: 0 passed
13.08.2014 16:38:58,163 - INFO  - Watchdog has been checked: 0 passed
13.08.2014 16:40:58,229 - INFO  - Watchdog has been checked: 0 passed
13.08.2014 16:42:58,370 - INFO  - Watchdog has been checked: 0 passed
13.08.2014 16:44:58,380 - INFO  - Watchdog has been checked: 0 passed
13.08.2014 16:46:58,180 - INFO  - Watchdog has been checked: 0 passed
13.08.2014 16:48:58,295 - INFO  - Watchdog has been checked: 0 passed
13.08.2014 16:50:59,330 - INFO  - Watchdog has been checked: 0 passed
13.08.2014 16:52:59,296 - INFO  - Watchdog has been checked: 0 passed
13.08.2014 16:54:59,329 - INFO  - Watchdog has been checked: 0 passed
13.08.2014 16:56:59,340 - INFO  - Watchdog has been checked: 0 passed
13.08.2014 16:58:59,435 - INFO  - Watchdog has been checked: 0 passed
13.08.2014 17:00:59,358 - INFO  - Watchdog has been checked: 0 passed
13.08.2014 17:02:59,308 - INFO  - Watchdog has been checked: 0 passed
13.08.2014 17:04:59,282 - INFO  - Watchdog has been checked: 0 passed
13.08.2014 17:06:59,334 - INFO  - Watchdog has been checked: 0 passed
13.08.2014 17:08:59,143 - INFO  - Watchdog has been checked: 0 passed
13.08.2014 17:10:59,377 - INFO  - Watchdog has been checked: 0 passed
13.08.2014 17:12:59,428 - INFO  - Watchdog has been checked: 0 passed
13.08.2014 17:14:59,225 - INFO  - Watchdog has been checked: 0 passed
13.08.2014 17:16:59,250 - INFO  - Watchdog has been checked: 0 passed
13.08.2014 17:18:59,297 - INFO  - Watchdog has been checked: 0 passed
13.08.2014 17:20:59,236 - INFO  - Watchdog has been checked: 0 passed
13.08.2014 17:22:59,215 - INFO  - Watchdog has been checked: 0 passed
13.08.2014 17:24:59,229 - INFO  - Watchdog has been checked: 0 passed
13.08.2014 17:26:59,204 - INFO  - Watchdog has been checked: 0 passed
13.08.2014 17:28:59,103 - INFO  - Watchdog has been checked: 0 passed
13.08.2014 17:30:59,053 - INFO  - Watchdog has been checked: 0 passed
13.08.2014 17:32:59,045 - INFO  - Watchdog has been checked: 0 passed
13.08.2014 17:34:58,084 - INFO  - Watchdog has been checked: 0 passed
13.08.2014 17:36:58,078 - INFO  - Watchdog has been checked: 0 passed
13.08.2014 17:38:58,129 - INFO  - Watchdog has been checked: 0 passed
13.08.2014 17:40:58,140 - INFO  - Watchdog has been checked: 0 passed
13.08.2014 17:42:58,148 - INFO  - Watchdog has been checked: 0 passed
13.08.2014 17:44:58,228 - INFO  - Watchdog has been checked: 0 passed
13.08.2014 17:46:58,298 - INFO  - Watchdog has been checked: 0 passed
13.08.2014 17:48:58,149 - INFO  - Watchdog has been checked: 0 passed
13.08.2014 17:50:58,106 - INFO  - Watchdog has been checked: 0 passed
13.08.2014 17:52:59,257 - INFO  - Watchdog has been checked: 0 passed
13.08.2014 17:54:59,328 - INFO  - Watchdog has been checked: 0 passed
13.08.2014 17:56:59,306 - INFO  - Watchdog has been checked: 0 passed
13.08.2014 17:58:59,182 - INFO  - Watchdog has been checked: 0 passed
13.08.2014 18:00:59,217 - INFO  - Watchdog has been checked: 0 passed
13.08.2014 18:02:59,349 - INFO  - Watchdog has been checked: 0 passed
13.08.2014 18:04:59,401 - INFO  - Watchdog has been checked: 0 passed
13.08.2014 18:06:59,394 - INFO  - Watchdog has been checked: 0 passed
13.08.2014 18:08:59,229 - INFO  - Watchdog has been checked: 0 passed
13.08.2014 18:10:59,238 - INFO  - Watchdog has been checked: 0 passed
13.08.2014 18:12:59,388 - INFO  - Watchdog has been checked: 0 passed
13.08.2014 18:14:59,157 - INFO  - Watchdog has been checked: 0 passed
13.08.2014 18:16:59,126 - INFO  - Watchdog has been checked: 0 passed
13.08.2014 18:18:59,224 - INFO  - Watchdog has been checked: 0 passed
13.08.2014 18:20:59,277 - INFO  - Watchdog has been checked: 0 passed
13.08.2014 18:22:59,294 - INFO  - Watchdog has been checked: 0 passed
13.08.2014 18:24:59,201 - INFO  - Watchdog has been checked: 0 passed
13.08.2014 18:26:59,207 - INFO  - Watchdog has been checked: 0 passed
13.08.2014 18:28:59,246 - INFO  - Watchdog has been checked: 0 passed
13.08.2014 18:30:59,272 - INFO  - Watchdog has been checked: 0 passed
13.08.2014 18:32:59,111 - INFO  - Watchdog has been checked: 0 passed
13.08.2014 18:34:59,168 - INFO  - Watchdog has been checked: 0 passed
13.08.2014 18:36:59,177 - INFO  - Watchdog has been checked: 0 passed
13.08.2014 18:38:59,001 - INFO  - Watchdog has been checked: 0 passed
13.08.2014 18:40:58,055 - INFO  - Watchdog has been checked: 0 passed
13.08.2014 18:42:58,157 - INFO  - Watchdog has been checked: 0 passed
13.08.2014 18:44:58,196 - INFO  - Watchdog has been checked: 0 passed
13.08.2014 18:46:58,309 - INFO  - Watchdog has been checked: 0 passed
13.08.2014 18:48:58,080 - INFO  - Watchdog has been checked: 0 passed
13.08.2014 18:50:58,119 - INFO  - Watchdog has been checked: 0 passed
13.08.2014 18:52:58,276 - INFO  - Watchdog has been checked: 0 passed
13.08.2014 18:54:59,294 - INFO  - Watchdog has been checked: 0 passed
13.08.2014 18:56:59,372 - INFO  - Watchdog has been checked: 0 passed
13.08.2014 18:58:59,167 - INFO  - Watchdog has been checked: 0 passed
13.08.2014 19:00:59,146 - INFO  - Watchdog has been checked: 0 passed
13.08.2014 19:02:59,274 - INFO  - Watchdog has been checked: 0 passed
13.08.2014 19:04:59,275 - INFO  - Watchdog has been checked: 0 passed
13.08.2014 19:06:59,328 - INFO  - Watchdog has been checked: 0 passed
13.08.2014 19:08:59,105 - INFO  - Watchdog has been checked: 0 passed
13.08.2014 19:10:59,135 - INFO  - Watchdog has been checked: 0 passed
13.08.2014 19:12:59,159 - INFO  - Watchdog has been checked: 0 passed
13.08.2014 19:14:59,149 - INFO  - Watchdog has been checked: 0 passed
13.08.2014 19:16:59,185 - INFO  - Watchdog has been checked: 0 passed
13.08.2014 19:18:59,235 - INFO  - Watchdog has been checked: 0 passed
13.08.2014 19:20:59,245 - INFO  - Watchdog has been checked: 0 passed
13.08.2014 19:22:59,209 - INFO  - Watchdog has been checked: 0 passed
13.08.2014 19:24:59,175 - INFO  - Watchdog has been checked: 0 passed
13.08.2014 19:26:59,309 - INFO  - Watchdog has been checked: 0 passed
13.08.2014 19:28:59,109 - INFO  - Watchdog has been checked: 0 passed
13.08.2014 19:30:59,064 - INFO  - Watchdog has been checked: 0 passed
13.08.2014 19:32:59,048 - INFO  - Watchdog has been checked: 0 passed
13.08.2014 19:34:58,015 - INFO  - Watchdog has been checked: 0 passed
13.08.2014 19:36:57,013 - INFO  - Watchdog has been checked: 0 passed
13.08.2014 19:38:56,135 - INFO  - Watchdog has been checked: 0 passed
13.08.2014 19:40:56,075 - INFO  - Watchdog has been checked: 0 passed
13.08.2014 19:42:56,006 - INFO  - Watchdog has been checked: 0 passed
13.08.2014 19:44:56,327 - INFO  - Watchdog has been checked: 0 passed
13.08.2014 19:46:56,229 - INFO  - Watchdog has been checked: 0 passed
13.08.2014 19:48:56,113 - INFO  - Watchdog has been checked: 0 passed
13.08.2014 19:50:56,116 - INFO  - Watchdog has been checked: 0 passed
13.08.2014 19:52:56,290 - INFO  - Watchdog has been checked: 0 passed
13.08.2014 19:54:56,090 - INFO  - Watchdog has been checked: 0 passed
13.08.2014 19:56:58,605 - INFO  - Watchdog has been checked: 0 passed
13.08.2014 19:58:58,229 - INFO  - Watchdog has been checked: 0 passed
13.08.2014 20:00:58,172 - INFO  - Watchdog has been checked: 0 passed
13.08.2014 20:02:58,101 - INFO  - Watchdog has been checked: 0 passed
13.08.2014 20:04:58,180 - INFO  - Watchdog has been checked: 0 passed
13.08.2014 20:06:58,173 - INFO  - Watchdog has been checked: 0 passed
13.08.2014 20:08:58,336 - INFO  - Watchdog has been checked: 0 passed
13.08.2014 20:10:58,270 - INFO  - Watchdog has been checked: 0 passed
13.08.2014 20:12:58,208 - INFO  - Watchdog has been checked: 0 passed
13.08.2014 20:14:58,328 - INFO  - Watchdog has been checked: 0 passed
13.08.2014 20:16:58,390 - INFO  - Watchdog has been checked: 0 passed
13.08.2014 20:18:58,293 - INFO  - Watchdog has been checked: 0 passed
13.08.2014 20:20:58,198 - INFO  - Watchdog has been checked: 0 passed
13.08.2014 20:22:58,464 - INFO  - Watchdog has been checked: 0 passed
13.08.2014 20:24:58,191 - INFO  - Watchdog has been checked: 0 passed
13.08.2014 20:26:58,262 - INFO  - Watchdog has been checked: 0 passed
13.08.2014 20:28:58,443 - INFO  - Watchdog has been checked: 0 passed
13.08.2014 20:30:58,303 - INFO  - Watchdog has been checked: 0 passed
13.08.2014 20:32:58,259 - INFO  - Watchdog has been checked: 0 passed
13.08.2014 20:34:58,341 - INFO  - Watchdog has been checked: 0 passed
13.08.2014 20:36:58,247 - INFO  - Watchdog has been checked: 0 passed
13.08.2014 20:38:58,420 - INFO  - Watchdog has been checked: 0 passed
13.08.2014 20:40:58,364 - INFO  - Watchdog has been checked: 0 passed
13.08.2014 20:42:58,387 - INFO  - Watchdog has been checked: 0 passed
13.08.2014 20:44:58,371 - INFO  - Watchdog has been checked: 0 passed
13.08.2014 20:46:58,137 - INFO  - Watchdog has been checked: 0 passed
13.08.2014 20:48:58,159 - INFO  - Watchdog has been checked: 0 passed
13.08.2014 20:50:58,144 - INFO  - Watchdog has been checked: 0 passed
13.08.2014 20:52:58,310 - INFO  - Watchdog has been checked: 0 passed
13.08.2014 20:54:58,120 - INFO  - Watchdog has been checked: 0 passed
13.08.2014 20:56:57,146 - INFO  - Watchdog has been checked: 0 passed
13.08.2014 20:58:59,184 - INFO  - Watchdog has been checked: 0 passed
13.08.2014 21:00:59,026 - INFO  - Watchdog has been checked: 0 passed
13.08.2014 21:02:58,205 - INFO  - Watchdog has been checked: 0 passed
13.08.2014 21:04:58,148 - INFO  - Watchdog has been checked: 0 passed
13.08.2014 21:06:58,204 - INFO  - Watchdog has been checked: 0 passed
13.08.2014 21:08:58,090 - INFO  - Watchdog has been checked: 0 passed
13.08.2014 21:10:58,117 - INFO  - Watchdog has been checked: 0 passed
13.08.2014 21:12:58,264 - INFO  - Watchdog has been checked: 0 passed
13.08.2014 21:14:58,072 - INFO  - Watchdog has been checked: 0 passed
13.08.2014 21:16:57,395 - INFO  - Watchdog has been checked: 0 passed
13.08.2014 21:18:56,214 - INFO  - Watchdog has been checked: 0 passed
13.08.2014 21:20:56,253 - INFO  - Watchdog has been checked: 0 passed
13.08.2014 21:22:56,134 - INFO  - Watchdog has been checked: 0 passed
13.08.2014 21:24:56,193 - INFO  - Watchdog has been checked: 0 passed
13.08.2014 21:26:56,206 - INFO  - Watchdog has been checked: 0 passed
13.08.2014 21:28:56,244 - INFO  - Watchdog has been checked: 0 passed
13.08.2014 21:30:56,215 - INFO  - Watchdog has been checked: 0 passed
13.08.2014 21:32:56,194 - INFO  - Watchdog has been checked: 0 passed
13.08.2014 21:34:56,185 - INFO  - Watchdog has been checked: 0 passed
13.08.2014 21:36:56,277 - INFO  - Watchdog has been checked: 0 passed
13.08.2014 21:38:56,412 - INFO  - Watchdog has been checked: 0 passed
13.08.2014 21:40:56,398 - INFO  - Watchdog has been checked: 0 passed
13.08.2014 21:42:56,273 - INFO  - Watchdog has been checked: 0 passed
13.08.2014 21:44:56,286 - INFO  - Watchdog has been checked: 0 passed
13.08.2014 21:46:56,361 - INFO  - Watchdog has been checked: 0 passed
13.08.2014 21:48:56,482 - INFO  - Watchdog has been checked: 0 passed
13.08.2014 21:50:56,371 - INFO  - Watchdog has been checked: 0 passed
13.08.2014 21:52:56,303 - INFO  - Watchdog has been checked: 0 passed
13.08.2014 21:54:56,381 - INFO  - Watchdog has been checked: 0 passed
13.08.2014 21:56:56,391 - INFO  - Watchdog has been checked: 0 passed
13.08.2014 21:58:56,445 - INFO  - Watchdog has been checked: 0 passed
13.08.2014 22:00:56,973 - INFO  - Watchdog has been checked: 0 passed
13.08.2014 22:02:56,410 - INFO  - Watchdog has been checked: 0 passed
13.08.2014 22:04:56,393 - INFO  - Watchdog has been checked: 0 passed
13.08.2014 22:06:56,371 - INFO  - Watchdog has been checked: 0 passed
13.08.2014 22:08:56,467 - INFO  - Watchdog has been checked: 0 passed
13.08.2014 22:10:56,428 - INFO  - Watchdog has been checked: 0 passed
13.08.2014 22:12:56,352 - INFO  - Watchdog has been checked: 0 passed
13.08.2014 22:14:56,323 - INFO  - Watchdog has been checked: 0 passed
13.08.2014 22:16:56,330 - INFO  - Watchdog has been checked: 0 passed
13.08.2014 22:18:56,179 - INFO  - Watchdog has been checked: 0 passed
13.08.2014 22:20:56,214 - INFO  - Watchdog has been checked: 0 passed
13.08.2014 22:22:56,190 - INFO  - Watchdog has been checked: 0 passed
13.08.2014 22:24:56,041 - INFO  - Watchdog has been checked: 0 passed
13.08.2014 22:26:55,326 - INFO  - Watchdog has been checked: 0 passed
13.08.2014 22:28:55,194 - INFO  - Watchdog has been checked: 0 passed
13.08.2014 22:30:55,138 - INFO  - Watchdog has been checked: 0 passed
13.08.2014 22:32:55,060 - INFO  - Watchdog has been checked: 0 passed
13.08.2014 22:34:54,108 - INFO  - Watchdog has been checked: 0 passed
13.08.2014 22:36:53,075 - INFO  - Watchdog has been checked: 0 passed
13.08.2014 22:38:52,233 - INFO  - Watchdog has been checked: 0 passed
13.08.2014 22:40:52,227 - INFO  - Watchdog has been checked: 0 passed
13.08.2014 22:42:52,146 - INFO  - Watchdog has been checked: 0 passed
13.08.2014 22:44:51,220 - INFO  - Watchdog has been checked: 0 passed
13.08.2014 22:46:50,220 - INFO  - Watchdog has been checked: 0 passed
13.08.2014 22:48:49,275 - INFO  - Watchdog has been checked: 0 passed
13.08.2014 22:50:49,225 - INFO  - Watchdog has been checked: 0 passed
13.08.2014 22:52:48,132 - INFO  - Watchdog has been checked: 0 passed
13.08.2014 22:54:47,166 - INFO  - Watchdog has been checked: 0 passed
13.08.2014 22:56:46,241 - INFO  - Watchdog has been checked: 0 passed
13.08.2014 22:58:46,316 - INFO  - Watchdog has been checked: 0 passed
13.08.2014 23:00:46,272 - INFO  - Watchdog has been checked: 0 passed
13.08.2014 23:02:46,218 - INFO  - Watchdog has been checked: 0 passed
13.08.2014 23:04:45,299 - INFO  - Watchdog has been checked: 0 passed
13.08.2014 23:06:45,374 - INFO  - Watchdog has been checked: 0 passed
13.08.2014 23:08:45,456 - INFO  - Watchdog has been checked: 0 passed
13.08.2014 23:10:45,502 - INFO  - Watchdog has been checked: 0 passed
13.08.2014 23:12:45,410 - INFO  - Watchdog has been checked: 0 passed
13.08.2014 23:14:45,468 - INFO  - Watchdog has been checked: 0 passed
13.08.2014 23:16:45,188 - INFO  - Watchdog has been checked: 0 passed
13.08.2014 23:18:45,310 - INFO  - Watchdog has been checked: 0 passed
13.08.2014 23:20:45,383 - INFO  - Watchdog has been checked: 0 passed
13.08.2014 23:22:45,236 - INFO  - Watchdog has been checked: 0 passed
13.08.2014 23:24:45,292 - INFO  - Watchdog has been checked: 0 passed
13.08.2014 23:26:45,439 - INFO  - Watchdog has been checked: 0 passed
13.08.2014 23:28:49,526 - INFO  - Watchdog has been checked: 0 passed
13.08.2014 23:30:57,769 - INFO  - Watchdog has been checked: 0 passed
13.08.2014 23:31:49,324 - INFO  - Watchdog has been checked: 0 passed
13.08.2014 23:33:49,336 - INFO  - Watchdog has been checked: 0 passed
13.08.2014 23:35:49,366 - INFO  - Watchdog has been checked: 0 passed
13.08.2014 23:37:49,393 - INFO  - Watchdog has been checked: 0 passed
13.08.2014 23:39:49,425 - INFO  - Watchdog has been checked: 0 passed
13.08.2014 23:41:49,379 - INFO  - Watchdog has been checked: 0 passed
13.08.2014 23:43:49,329 - INFO  - Watchdog has been checked: 0 passed
13.08.2014 23:45:49,389 - INFO  - Watchdog has been checked: 0 passed
13.08.2014 23:47:49,245 - INFO  - Watchdog has been checked: 0 passed
13.08.2014 23:49:49,257 - INFO  - Watchdog has been checked: 0 passed
13.08.2014 23:51:49,226 - INFO  - Watchdog has been checked: 0 passed
13.08.2014 23:53:49,449 - INFO  - Watchdog has been checked: 0 passed
13.08.2014 23:55:49,225 - INFO  - Watchdog has been checked: 0 passed
13.08.2014 23:57:49,297 - INFO  - Watchdog has been checked: 0 passed
13.08.2014 23:59:49,217 - INFO  - Watchdog has been checked: 0 passed
