10.07.2014 00:01:19,382 - INFO  - Watchdog has been checked: 0 passed
10.07.2014 00:03:19,185 - INFO  - Watchdog has been checked: 0 passed
10.07.2014 00:05:18,115 - INFO  - Watchdog has been checked: 0 passed
10.07.2014 00:07:17,162 - INFO  - Watchdog has been checked: 0 passed
10.07.2014 00:09:17,165 - INFO  - Watchdog has been checked: 0 passed
10.07.2014 00:11:17,244 - INFO  - Watchdog has been checked: 0 passed
10.07.2014 00:13:17,413 - INFO  - Watchdog has been checked: 0 passed
10.07.2014 00:15:17,364 - INFO  - Watchdog has been checked: 0 passed
10.07.2014 00:17:17,302 - INFO  - Watchdog has been checked: 0 passed
10.07.2014 00:19:17,074 - INFO  - Watchdog has been checked: 0 passed
10.07.2014 00:21:17,677 - INFO  - Watchdog has been checked: 0 passed
10.07.2014 00:23:17,242 - INFO  - Watchdog has been checked: 0 passed
10.07.2014 00:25:17,249 - INFO  - Watchdog has been checked: 0 passed
10.07.2014 00:27:17,243 - INFO  - Watchdog has been checked: 0 passed
10.07.2014 00:29:17,288 - INFO  - Watchdog has been checked: 0 passed
10.07.2014 00:31:17,066 - INFO  - Watchdog has been checked: 0 passed
10.07.2014 00:33:16,158 - INFO  - Watchdog has been checked: 0 passed
10.07.2014 00:35:16,141 - INFO  - Watchdog has been checked: 0 passed
10.07.2014 00:37:16,195 - INFO  - Watchdog has been checked: 0 passed
10.07.2014 00:39:16,216 - INFO  - Watchdog has been checked: 0 passed
10.07.2014 00:41:16,250 - INFO  - Watchdog has been checked: 0 passed
10.07.2014 00:43:16,342 - INFO  - Watchdog has been checked: 0 passed
10.07.2014 00:45:16,296 - INFO  - Watchdog has been checked: 0 passed
10.07.2014 00:47:16,097 - INFO  - Watchdog has been checked: 0 passed
10.07.2014 00:49:16,148 - INFO  - Watchdog has been checked: 0 passed
10.07.2014 00:51:16,207 - INFO  - Watchdog has been checked: 0 passed
10.07.2014 00:53:16,264 - INFO  - Watchdog has been checked: 0 passed
10.07.2014 00:55:16,255 - INFO  - Watchdog has been checked: 0 passed
10.07.2014 00:57:16,237 - INFO  - Watchdog has been checked: 0 passed
10.07.2014 00:59:16,314 - INFO  - Watchdog has been checked: 0 passed
10.07.2014 01:01:16,175 - INFO  - Watchdog has been checked: 0 passed
10.07.2014 01:03:16,190 - INFO  - Watchdog has been checked: 0 passed
10.07.2014 01:05:16,173 - INFO  - Watchdog has been checked: 0 passed
10.07.2014 01:07:16,236 - INFO  - Watchdog has been checked: 0 passed
10.07.2014 01:09:16,271 - INFO  - Watchdog has been checked: 0 passed
10.07.2014 01:11:16,278 - INFO  - Watchdog has been checked: 0 passed
10.07.2014 01:13:16,298 - INFO  - Watchdog has been checked: 0 passed
10.07.2014 01:15:17,570 - INFO  - Watchdog has been checked: 0 passed
10.07.2014 01:17:18,552 - INFO  - Watchdog has been checked: 0 passed
10.07.2014 01:19:18,473 - INFO  - Watchdog has been checked: 0 passed
10.07.2014 01:21:18,451 - INFO  - Watchdog has been checked: 0 passed
10.07.2014 01:23:18,287 - INFO  - Watchdog has been checked: 0 passed
10.07.2014 01:25:18,252 - INFO  - Watchdog has been checked: 0 passed
10.07.2014 01:27:18,252 - INFO  - Watchdog has been checked: 0 passed
10.07.2014 01:29:18,348 - INFO  - Watchdog has been checked: 0 passed
10.07.2014 01:31:18,327 - INFO  - Watchdog has been checked: 0 passed
10.07.2014 01:33:18,391 - INFO  - Watchdog has been checked: 0 passed
10.07.2014 01:35:18,384 - INFO  - Watchdog has been checked: 0 passed
10.07.2014 01:37:18,440 - INFO  - Watchdog has been checked: 0 passed
10.07.2014 01:39:18,219 - INFO  - Watchdog has been checked: 0 passed
10.07.2014 01:41:18,264 - INFO  - Watchdog has been checked: 0 passed
10.07.2014 01:43:18,265 - INFO  - Watchdog has been checked: 0 passed
10.07.2014 01:45:18,259 - INFO  - Watchdog has been checked: 0 passed
10.07.2014 01:47:18,253 - INFO  - Watchdog has been checked: 0 passed
10.07.2014 01:49:18,288 - INFO  - Watchdog has been checked: 0 passed
10.07.2014 01:51:18,105 - INFO  - Watchdog has been checked: 0 passed
10.07.2014 01:53:18,156 - INFO  - Watchdog has been checked: 0 passed
10.07.2014 01:55:19,133 - INFO  - Watchdog has been checked: 0 passed
10.07.2014 01:57:19,407 - INFO  - Watchdog has been checked: 0 passed
10.07.2014 01:59:19,213 - INFO  - Watchdog has been checked: 0 passed
10.07.2014 02:01:19,307 - INFO  - Watchdog has been checked: 0 passed
10.07.2014 02:03:19,131 - INFO  - Watchdog has been checked: 0 passed
10.07.2014 02:05:19,126 - INFO  - Watchdog has been checked: 0 passed
10.07.2014 02:07:18,303 - INFO  - Watchdog has been checked: 0 passed
10.07.2014 02:09:18,340 - INFO  - Watchdog has been checked: 0 passed
10.07.2014 02:11:18,168 - INFO  - Watchdog has been checked: 0 passed
10.07.2014 02:13:18,204 - INFO  - Watchdog has been checked: 0 passed
10.07.2014 02:15:18,172 - INFO  - Watchdog has been checked: 0 passed
10.07.2014 02:17:18,547 - INFO  - Watchdog has been checked: 0 passed
10.07.2014 02:19:18,627 - INFO  - Watchdog has been checked: 0 passed
10.07.2014 02:21:18,361 - INFO  - Watchdog has been checked: 0 passed
10.07.2014 02:23:18,110 - INFO  - Watchdog has been checked: 0 passed
10.07.2014 02:25:18,147 - INFO  - Watchdog has been checked: 0 passed
10.07.2014 02:27:18,150 - INFO  - Watchdog has been checked: 0 passed
10.07.2014 02:29:18,213 - INFO  - Watchdog has been checked: 0 passed
10.07.2014 02:31:18,245 - INFO  - Watchdog has been checked: 0 passed
10.07.2014 02:33:18,342 - INFO  - Watchdog has been checked: 0 passed
10.07.2014 02:35:18,337 - INFO  - Watchdog has been checked: 0 passed
10.07.2014 02:37:18,381 - INFO  - Watchdog has been checked: 0 passed
10.07.2014 02:39:18,153 - INFO  - Watchdog has been checked: 0 passed
10.07.2014 02:41:18,159 - INFO  - Watchdog has been checked: 0 passed
10.07.2014 02:43:18,075 - INFO  - Watchdog has been checked: 0 passed
10.07.2014 02:45:17,054 - INFO  - Watchdog has been checked: 0 passed
10.07.2014 02:47:16,123 - INFO  - Watchdog has been checked: 0 passed
10.07.2014 02:49:16,155 - INFO  - Watchdog has been checked: 0 passed
10.07.2014 02:51:16,163 - INFO  - Watchdog has been checked: 0 passed
10.07.2014 02:53:16,271 - INFO  - Watchdog has been checked: 0 passed
10.07.2014 02:55:16,208 - INFO  - Watchdog has been checked: 0 passed
10.07.2014 02:57:19,276 - INFO  - Watchdog has been checked: 0 passed
10.07.2014 02:59:19,338 - INFO  - Watchdog has been checked: 0 passed
10.07.2014 03:01:19,312 - INFO  - Watchdog has been checked: 0 passed
10.07.2014 03:03:19,147 - INFO  - Watchdog has been checked: 0 passed
10.07.2014 03:05:19,081 - INFO  - Watchdog has been checked: 0 passed
10.07.2014 03:07:19,311 - INFO  - Watchdog has been checked: 0 passed
10.07.2014 03:09:19,214 - INFO  - Watchdog has been checked: 0 passed
10.07.2014 03:11:19,197 - INFO  - Watchdog has been checked: 0 passed
10.07.2014 03:13:19,335 - INFO  - Watchdog has been checked: 0 passed
10.07.2014 03:15:19,307 - INFO  - Watchdog has been checked: 0 passed
10.07.2014 03:17:19,487 - INFO  - Watchdog has been checked: 0 passed
10.07.2014 03:19:19,138 - INFO  - Watchdog has been checked: 0 passed
10.07.2014 03:21:19,104 - INFO  - Watchdog has been checked: 0 passed
10.07.2014 03:23:19,184 - INFO  - Watchdog has been checked: 0 passed
10.07.2014 03:25:19,172 - INFO  - Watchdog has been checked: 0 passed
10.07.2014 03:27:19,357 - INFO  - Watchdog has been checked: 0 passed
10.07.2014 03:29:19,313 - INFO  - Watchdog has been checked: 0 passed
10.07.2014 03:31:19,298 - INFO  - Watchdog has been checked: 0 passed
10.07.2014 03:33:19,402 - INFO  - Watchdog has been checked: 0 passed
10.07.2014 03:35:19,397 - INFO  - Watchdog has been checked: 0 passed
10.07.2014 03:37:19,694 - INFO  - Watchdog has been checked: 0 passed
10.07.2014 03:39:19,238 - INFO  - Watchdog has been checked: 0 passed
10.07.2014 03:41:19,243 - INFO  - Watchdog has been checked: 0 passed
10.07.2014 03:43:19,286 - INFO  - Watchdog has been checked: 0 passed
10.07.2014 03:45:19,267 - INFO  - Watchdog has been checked: 0 passed
10.07.2014 03:47:19,782 - INFO  - Watchdog has been checked: 0 passed
10.07.2014 03:49:19,305 - INFO  - Watchdog has been checked: 0 passed
10.07.2014 03:51:19,363 - INFO  - Watchdog has been checked: 0 passed
10.07.2014 03:53:19,119 - INFO  - Watchdog has been checked: 0 passed
10.07.2014 03:55:19,160 - INFO  - Watchdog has been checked: 0 passed
10.07.2014 03:57:18,163 - INFO  - Watchdog has been checked: 0 passed
10.07.2014 03:59:18,239 - INFO  - Watchdog has been checked: 0 passed
10.07.2014 04:01:18,255 - INFO  - Watchdog has been checked: 0 passed
10.07.2014 04:03:18,286 - INFO  - Watchdog has been checked: 0 passed
10.07.2014 04:05:18,308 - INFO  - Watchdog has been checked: 0 passed
10.07.2014 04:07:18,246 - INFO  - Watchdog has been checked: 0 passed
10.07.2014 04:09:18,305 - INFO  - Watchdog has been checked: 0 passed
10.07.2014 04:11:18,148 - INFO  - Watchdog has been checked: 0 passed
10.07.2014 04:13:17,163 - INFO  - Watchdog has been checked: 0 passed
10.07.2014 04:15:17,227 - INFO  - Watchdog has been checked: 0 passed
10.07.2014 04:17:17,196 - INFO  - Watchdog has been checked: 0 passed
10.07.2014 04:19:17,215 - INFO  - Watchdog has been checked: 0 passed
10.07.2014 04:21:18,378 - INFO  - Watchdog has been checked: 0 passed
10.07.2014 04:23:18,208 - INFO  - Watchdog has been checked: 0 passed
10.07.2014 04:25:18,167 - INFO  - Watchdog has been checked: 0 passed
10.07.2014 04:27:18,185 - INFO  - Watchdog has been checked: 0 passed
10.07.2014 04:29:18,201 - INFO  - Watchdog has been checked: 0 passed
10.07.2014 04:31:18,246 - INFO  - Watchdog has been checked: 0 passed
10.07.2014 04:33:18,260 - INFO  - Watchdog has been checked: 0 passed
10.07.2014 04:35:18,156 - INFO  - Watchdog has been checked: 0 passed
10.07.2014 04:37:18,334 - INFO  - Watchdog has been checked: 0 passed
10.07.2014 04:39:18,233 - INFO  - Watchdog has been checked: 0 passed
10.07.2014 04:41:18,148 - INFO  - Watchdog has been checked: 0 passed
10.07.2014 04:43:18,162 - INFO  - Watchdog has been checked: 0 passed
10.07.2014 04:45:18,151 - INFO  - Watchdog has been checked: 0 passed
10.07.2014 04:47:18,187 - INFO  - Watchdog has been checked: 0 passed
10.07.2014 04:49:18,209 - INFO  - Watchdog has been checked: 0 passed
10.07.2014 04:51:18,263 - INFO  - Watchdog has been checked: 0 passed
10.07.2014 04:53:18,314 - INFO  - Watchdog has been checked: 0 passed
10.07.2014 04:55:18,281 - INFO  - Watchdog has been checked: 0 passed
10.07.2014 04:57:18,359 - INFO  - Watchdog has been checked: 0 passed
10.07.2014 04:59:18,157 - INFO  - Watchdog has been checked: 0 passed
10.07.2014 05:01:18,197 - INFO  - Watchdog has been checked: 0 passed
10.07.2014 05:03:18,251 - INFO  - Watchdog has been checked: 0 passed
10.07.2014 05:05:18,211 - INFO  - Watchdog has been checked: 0 passed
10.07.2014 05:07:18,257 - INFO  - Watchdog has been checked: 0 passed
10.07.2014 05:09:18,292 - INFO  - Watchdog has been checked: 0 passed
10.07.2014 05:11:18,350 - INFO  - Watchdog has been checked: 0 passed
10.07.2014 05:13:18,170 - INFO  - Watchdog has been checked: 0 passed
10.07.2014 05:15:18,109 - INFO  - Watchdog has been checked: 0 passed
10.07.2014 05:17:18,141 - INFO  - Watchdog has been checked: 0 passed
10.07.2014 05:19:18,214 - INFO  - Watchdog has been checked: 0 passed
10.07.2014 05:21:18,230 - INFO  - Watchdog has been checked: 0 passed
10.07.2014 05:23:18,193 - INFO  - Watchdog has been checked: 0 passed
10.07.2014 05:25:18,330 - INFO  - Watchdog has been checked: 0 passed
10.07.2014 05:27:18,108 - INFO  - Watchdog has been checked: 0 passed
10.07.2014 05:29:18,167 - INFO  - Watchdog has been checked: 0 passed
10.07.2014 05:31:17,175 - INFO  - Watchdog has been checked: 0 passed
10.07.2014 05:33:17,279 - INFO  - Watchdog has been checked: 0 passed
10.07.2014 05:35:17,207 - INFO  - Watchdog has been checked: 0 passed
10.07.2014 05:37:17,238 - INFO  - Watchdog has been checked: 0 passed
10.07.2014 05:39:17,280 - INFO  - Watchdog has been checked: 0 passed
10.07.2014 05:41:17,307 - INFO  - Watchdog has been checked: 0 passed
10.07.2014 05:43:17,109 - INFO  - Watchdog has been checked: 0 passed
10.07.2014 05:45:17,091 - INFO  - Watchdog has been checked: 0 passed
10.07.2014 05:47:16,059 - INFO  - Watchdog has been checked: 0 passed
10.07.2014 05:49:15,098 - INFO  - Watchdog has been checked: 0 passed
10.07.2014 05:51:18,104 - INFO  - Watchdog has been checked: 0 passed
10.07.2014 05:53:18,209 - INFO  - Watchdog has been checked: 0 passed
10.07.2014 05:55:18,210 - INFO  - Watchdog has been checked: 0 passed
10.07.2014 05:57:18,363 - INFO  - Watchdog has been checked: 0 passed
10.07.2014 05:59:18,286 - INFO  - Watchdog has been checked: 0 passed
10.07.2014 06:01:18,276 - INFO  - Watchdog has been checked: 0 passed
10.07.2014 06:03:18,114 - INFO  - Watchdog has been checked: 0 passed
10.07.2014 06:05:18,154 - INFO  - Watchdog has been checked: 0 passed
10.07.2014 06:07:18,362 - INFO  - Watchdog has been checked: 0 passed
10.07.2014 06:09:18,202 - INFO  - Watchdog has been checked: 0 passed
10.07.2014 06:11:18,217 - INFO  - Watchdog has been checked: 0 passed
10.07.2014 06:13:18,282 - INFO  - Watchdog has been checked: 0 passed
10.07.2014 06:15:02,066 - INFO  - mapping file sync started
10.07.2014 06:15:02,702 - INFO  - file successfully updated
10.07.2014 06:15:18,320 - INFO  - Watchdog has been checked: 0 passed
10.07.2014 06:17:18,437 - INFO  - Watchdog has been checked: 0 passed
10.07.2014 06:19:18,391 - INFO  - Watchdog has been checked: 0 passed
10.07.2014 06:21:18,170 - INFO  - Watchdog has been checked: 0 passed
10.07.2014 06:23:18,206 - INFO  - Watchdog has been checked: 0 passed
10.07.2014 06:25:18,235 - INFO  - Watchdog has been checked: 0 passed
10.07.2014 06:27:18,782 - INFO  - Watchdog has been checked: 0 passed
10.07.2014 06:29:18,307 - INFO  - Watchdog has been checked: 0 passed
10.07.2014 06:31:18,383 - INFO  - Watchdog has been checked: 0 passed
10.07.2014 06:33:18,411 - INFO  - Watchdog has been checked: 0 passed
10.07.2014 06:35:18,300 - INFO  - Watchdog has been checked: 0 passed
10.07.2014 06:37:18,805 - INFO  - Watchdog has been checked: 0 passed
10.07.2014 06:39:18,179 - INFO  - Watchdog has been checked: 0 passed
10.07.2014 06:41:18,196 - INFO  - Watchdog has been checked: 0 passed
10.07.2014 06:43:18,163 - INFO  - Watchdog has been checked: 0 passed
10.07.2014 06:45:18,193 - INFO  - Watchdog has been checked: 0 passed
10.07.2014 06:47:18,777 - INFO  - Watchdog has been checked: 0 passed
10.07.2014 06:49:18,299 - INFO  - Watchdog has been checked: 0 passed
10.07.2014 06:51:18,050 - INFO  - Watchdog has been checked: 0 passed
10.07.2014 06:53:18,163 - INFO  - Watchdog has been checked: 0 passed
10.07.2014 06:55:18,173 - INFO  - Watchdog has been checked: 0 passed
10.07.2014 06:57:18,581 - INFO  - Watchdog has been checked: 0 passed
10.07.2014 06:59:17,982 - INFO  - Watchdog has been checked: 0 passed
10.07.2014 07:01:17,045 - INFO  - Watchdog has been checked: 0 passed
10.07.2014 07:03:16,086 - INFO  - Watchdog has been checked: 0 passed
10.07.2014 07:05:17,077 - INFO  - Watchdog has been checked: 0 passed
10.07.2014 07:07:16,183 - INFO  - Watchdog has been checked: 0 passed
10.07.2014 07:09:16,206 - INFO  - Watchdog has been checked: 0 passed
10.07.2014 07:11:16,149 - INFO  - Watchdog has been checked: 0 passed
10.07.2014 07:13:16,288 - INFO  - Watchdog has been checked: 0 passed
10.07.2014 07:15:01,757 - INFO  - mapping file sync started
10.07.2014 07:15:02,487 - INFO  - file successfully updated
10.07.2014 07:15:16,246 - INFO  - Watchdog has been checked: 0 passed
10.07.2014 07:17:16,269 - INFO  - Watchdog has been checked: 0 passed
10.07.2014 07:19:16,134 - INFO  - Watchdog has been checked: 0 passed
10.07.2014 07:21:16,225 - INFO  - Watchdog has been checked: 0 passed
10.07.2014 07:23:16,268 - INFO  - Watchdog has been checked: 0 passed
10.07.2014 07:25:16,282 - INFO  - Watchdog has been checked: 0 passed
10.07.2014 07:27:17,822 - INFO  - Watchdog has been checked: 0 passed
10.07.2014 07:29:17,135 - INFO  - Watchdog has been checked: 0 passed
10.07.2014 07:31:17,234 - INFO  - Watchdog has been checked: 0 passed
10.07.2014 07:33:17,335 - INFO  - Watchdog has been checked: 0 passed
10.07.2014 07:35:17,311 - INFO  - Watchdog has been checked: 0 passed
10.07.2014 07:37:17,350 - INFO  - Watchdog has been checked: 0 passed
10.07.2014 07:39:17,085 - INFO  - Watchdog has been checked: 0 passed
10.07.2014 07:41:16,148 - INFO  - Watchdog has been checked: 0 passed
10.07.2014 07:43:16,114 - INFO  - Watchdog has been checked: 0 passed
10.07.2014 07:45:16,292 - INFO  - Watchdog has been checked: 0 passed
10.07.2014 07:47:16,109 - INFO  - Watchdog has been checked: 0 passed
10.07.2014 07:49:16,179 - INFO  - Watchdog has been checked: 0 passed
10.07.2014 07:51:16,220 - INFO  - Watchdog has been checked: 0 passed
10.07.2014 07:53:16,330 - INFO  - Watchdog has been checked: 0 passed
10.07.2014 07:55:19,118 - INFO  - Watchdog has been checked: 0 passed
10.07.2014 07:57:18,459 - INFO  - Watchdog has been checked: 0 passed
10.07.2014 07:59:18,105 - INFO  - Watchdog has been checked: 0 passed
10.07.2014 08:01:18,137 - INFO  - Watchdog has been checked: 0 passed
10.07.2014 08:03:18,198 - INFO  - Watchdog has been checked: 0 passed
10.07.2014 08:05:18,191 - INFO  - Watchdog has been checked: 0 passed
10.07.2014 08:07:18,554 - INFO  - Watchdog has been checked: 0 passed
10.07.2014 08:09:18,274 - INFO  - Watchdog has been checked: 0 passed
10.07.2014 08:11:18,336 - INFO  - Watchdog has been checked: 0 passed
10.07.2014 08:13:18,170 - INFO  - Watchdog has been checked: 0 passed
10.07.2014 08:15:18,144 - INFO  - Watchdog has been checked: 0 passed
10.07.2014 08:17:17,137 - INFO  - Watchdog has been checked: 0 passed
10.07.2014 08:19:17,158 - INFO  - Watchdog has been checked: 0 passed
10.07.2014 08:21:16,170 - INFO  - Watchdog has been checked: 0 passed
10.07.2014 08:23:16,255 - INFO  - Watchdog has been checked: 0 passed
10.07.2014 08:25:16,252 - INFO  - Watchdog has been checked: 0 passed
10.07.2014 08:27:16,322 - INFO  - Watchdog has been checked: 0 passed
10.07.2014 08:29:16,976 - INFO  - Watchdog has been checked: 0 passed
10.07.2014 08:31:16,037 - INFO  - Watchdog has been checked: 0 passed
10.07.2014 08:33:15,122 - INFO  - Watchdog has been checked: 0 passed
10.07.2014 08:35:15,018 - INFO  - Watchdog has been checked: 0 passed
10.07.2014 08:37:14,098 - INFO  - Watchdog has been checked: 0 passed
10.07.2014 08:39:14,106 - INFO  - Watchdog has been checked: 0 passed
10.07.2014 08:41:14,044 - INFO  - Watchdog has been checked: 0 passed
10.07.2014 08:43:13,178 - INFO  - Watchdog has been checked: 0 passed
10.07.2014 08:45:13,039 - INFO  - Watchdog has been checked: 0 passed
10.07.2014 08:47:12,126 - INFO  - Watchdog has been checked: 0 passed
10.07.2014 08:49:12,190 - INFO  - Watchdog has been checked: 0 passed
10.07.2014 08:51:12,103 - INFO  - Watchdog has been checked: 0 passed
10.07.2014 08:53:12,095 - INFO  - Watchdog has been checked: 0 passed
10.07.2014 08:55:12,200 - INFO  - Watchdog has been checked: 0 passed
10.07.2014 08:57:12,121 - INFO  - Watchdog has been checked: 0 passed
10.07.2014 08:59:12,307 - INFO  - Watchdog has been checked: 0 passed
10.07.2014 09:01:12,185 - INFO  - Watchdog has been checked: 0 passed
10.07.2014 09:03:12,166 - INFO  - Watchdog has been checked: 0 passed
10.07.2014 09:05:12,100 - INFO  - Watchdog has been checked: 0 passed
10.07.2014 09:07:12,289 - INFO  - Watchdog has been checked: 0 passed
10.07.2014 09:09:12,170 - INFO  - Watchdog has been checked: 0 passed
10.07.2014 09:11:12,258 - INFO  - Watchdog has been checked: 0 passed
10.07.2014 09:13:12,292 - INFO  - Watchdog has been checked: 0 passed
10.07.2014 09:15:12,300 - INFO  - Watchdog has been checked: 0 passed
10.07.2014 09:17:12,394 - INFO  - Watchdog has been checked: 0 passed
10.07.2014 09:19:12,391 - INFO  - Watchdog has been checked: 0 passed
10.07.2014 09:21:12,237 - INFO  - Watchdog has been checked: 0 passed
10.07.2014 09:23:12,240 - INFO  - Watchdog has been checked: 0 passed
10.07.2014 09:25:12,266 - INFO  - Watchdog has been checked: 0 passed
10.07.2014 09:27:12,241 - INFO  - Watchdog has been checked: 0 passed
10.07.2014 09:29:12,233 - INFO  - Watchdog has been checked: 0 passed
10.07.2014 09:31:12,292 - INFO  - Watchdog has been checked: 0 passed
10.07.2014 09:33:12,341 - INFO  - Watchdog has been checked: 0 passed
10.07.2014 09:35:12,457 - INFO  - Watchdog has been checked: 0 passed
10.07.2014 09:37:12,396 - INFO  - Watchdog has been checked: 0 passed
10.07.2014 09:39:12,389 - INFO  - Watchdog has been checked: 0 passed
10.07.2014 09:41:12,440 - INFO  - Watchdog has been checked: 0 passed
10.07.2014 09:43:12,500 - INFO  - Watchdog has been checked: 0 passed
10.07.2014 09:45:12,447 - INFO  - Watchdog has been checked: 0 passed
10.07.2014 09:47:12,562 - INFO  - Watchdog has been checked: 0 passed
10.07.2014 09:49:12,320 - INFO  - Watchdog has been checked: 0 passed
10.07.2014 09:51:12,405 - INFO  - Watchdog has been checked: 0 passed
10.07.2014 09:53:12,423 - INFO  - Watchdog has been checked: 0 passed
10.07.2014 09:55:12,227 - INFO  - Watchdog has been checked: 0 passed
10.07.2014 09:57:12,273 - INFO  - Watchdog has been checked: 0 passed
10.07.2014 09:59:12,305 - INFO  - Watchdog has been checked: 0 passed
10.07.2014 10:01:12,336 - INFO  - Watchdog has been checked: 0 passed
10.07.2014 10:03:12,416 - INFO  - Watchdog has been checked: 0 passed
10.07.2014 10:05:12,364 - INFO  - Watchdog has been checked: 0 passed
10.07.2014 10:07:12,392 - INFO  - Watchdog has been checked: 0 passed
10.07.2014 10:09:12,339 - INFO  - Watchdog has been checked: 0 passed
10.07.2014 10:11:12,218 - INFO  - Watchdog has been checked: 0 passed
10.07.2014 10:13:12,158 - INFO  - Watchdog has been checked: 0 passed
10.07.2014 10:15:12,180 - INFO  - Watchdog has been checked: 0 passed
10.07.2014 10:17:12,189 - INFO  - Watchdog has been checked: 0 passed
10.07.2014 10:19:11,863 - INFO  - Watchdog has been checked: 0 passed
10.07.2014 10:21:11,035 - INFO  - Watchdog has been checked: 0 passed
10.07.2014 10:23:10,049 - INFO  - Watchdog has been checked: 0 passed
10.07.2014 10:25:09,030 - INFO  - Watchdog has been checked: 0 passed
10.07.2014 10:27:07,977 - INFO  - Watchdog has been checked: 0 passed
10.07.2014 10:29:07,065 - INFO  - Watchdog has been checked: 0 passed
10.07.2014 10:31:06,040 - INFO  - Watchdog has been checked: 0 passed
10.07.2014 10:33:05,148 - INFO  - Watchdog has been checked: 0 passed
10.07.2014 10:35:05,087 - INFO  - Watchdog has been checked: 0 passed
10.07.2014 10:37:08,071 - INFO  - Watchdog has been checked: 0 passed
10.07.2014 10:39:07,251 - INFO  - Watchdog has been checked: 0 passed
10.07.2014 10:41:07,217 - INFO  - Watchdog has been checked: 0 passed
10.07.2014 10:43:07,062 - INFO  - Watchdog has been checked: 0 passed
10.07.2014 10:45:06,272 - INFO  - Watchdog has been checked: 0 passed
10.07.2014 10:47:06,101 - INFO  - Watchdog has been checked: 0 passed
10.07.2014 10:49:06,122 - INFO  - Watchdog has been checked: 0 passed
10.07.2014 10:51:06,205 - INFO  - Watchdog has been checked: 0 passed
10.07.2014 10:53:06,284 - INFO  - Watchdog has been checked: 0 passed
10.07.2014 10:55:06,275 - INFO  - Watchdog has been checked: 0 passed
10.07.2014 10:57:06,357 - INFO  - Watchdog has been checked: 0 passed
10.07.2014 10:59:08,286 - INFO  - Watchdog has been checked: 0 passed
10.07.2014 11:01:08,372 - INFO  - Watchdog has been checked: 0 passed
10.07.2014 11:03:08,235 - INFO  - Watchdog has been checked: 0 passed
10.07.2014 11:05:08,401 - INFO  - Watchdog has been checked: 0 passed
10.07.2014 11:07:08,226 - INFO  - Watchdog has been checked: 0 passed
10.07.2014 11:09:08,237 - INFO  - Watchdog has been checked: 0 passed
10.07.2014 11:11:08,318 - INFO  - Watchdog has been checked: 0 passed
10.07.2014 11:13:08,385 - INFO  - Watchdog has been checked: 0 passed
10.07.2014 11:15:08,241 - INFO  - Watchdog has been checked: 0 passed
10.07.2014 11:17:08,251 - INFO  - Watchdog has been checked: 0 passed
10.07.2014 11:19:08,316 - INFO  - Watchdog has been checked: 0 passed
10.07.2014 11:21:08,389 - INFO  - Watchdog has been checked: 0 passed
10.07.2014 11:23:08,434 - INFO  - Watchdog has been checked: 0 passed
10.07.2014 11:25:08,415 - INFO  - Watchdog has been checked: 0 passed
10.07.2014 11:27:08,461 - INFO  - Watchdog has been checked: 0 passed
10.07.2014 11:29:08,522 - INFO  - Watchdog has been checked: 0 passed
10.07.2014 11:31:08,320 - INFO  - Watchdog has been checked: 0 passed
10.07.2014 11:33:08,382 - INFO  - Watchdog has been checked: 0 passed
10.07.2014 11:35:08,371 - INFO  - Watchdog has been checked: 0 passed
10.07.2014 11:37:08,446 - INFO  - Watchdog has been checked: 0 passed
10.07.2014 11:39:08,403 - INFO  - Watchdog has been checked: 0 passed
10.07.2014 11:41:08,399 - INFO  - Watchdog has been checked: 0 passed
10.07.2014 11:41:50,061 - INFO  - searcher identified --- respT: 43ms, 41309 results, q=, 
10.07.2014 11:41:52,949 - INFO  - searcher identified --- respT: 15ms, 54 results, q=buecklers, 
10.07.2014 11:41:53,997 - INFO  - searcher identified --- respT: 20ms, 32 results, q=buecklers task, 
10.07.2014 11:43:08,213 - INFO  - Watchdog has been checked: 0 passed
10.07.2014 11:45:08,247 - INFO  - Watchdog has been checked: 0 passed
10.07.2014 11:47:08,150 - INFO  - Watchdog has been checked: 0 passed
10.07.2014 11:49:08,213 - INFO  - Watchdog has been checked: 0 passed
10.07.2014 11:51:07,930 - INFO  - Watchdog has been checked: 0 passed
10.07.2014 11:53:07,009 - INFO  - Watchdog has been checked: 0 passed
10.07.2014 11:55:07,083 - INFO  - Watchdog has been checked: 0 passed
10.07.2014 11:57:06,094 - INFO  - Watchdog has been checked: 0 passed
10.07.2014 11:59:05,065 - INFO  - Watchdog has been checked: 0 passed
10.07.2014 12:01:04,096 - INFO  - Watchdog has been checked: 0 passed
10.07.2014 12:03:04,196 - INFO  - Watchdog has been checked: 0 passed
10.07.2014 12:05:04,147 - INFO  - Watchdog has been checked: 0 passed
10.07.2014 12:07:04,246 - INFO  - Watchdog has been checked: 0 passed
10.07.2014 12:09:04,176 - INFO  - Watchdog has been checked: 0 passed
10.07.2014 12:11:04,112 - INFO  - Watchdog has been checked: 0 passed
10.07.2014 12:13:04,207 - INFO  - Watchdog has been checked: 0 passed
10.07.2014 12:15:04,126 - INFO  - Watchdog has been checked: 0 passed
10.07.2014 12:17:04,232 - INFO  - Watchdog has been checked: 0 passed
10.07.2014 12:19:04,235 - INFO  - Watchdog has been checked: 0 passed
10.07.2014 12:21:04,334 - INFO  - Watchdog has been checked: 0 passed
10.07.2014 12:23:04,390 - INFO  - Watchdog has been checked: 0 passed
10.07.2014 12:25:04,315 - INFO  - Watchdog has been checked: 0 passed
10.07.2014 12:27:04,390 - INFO  - Watchdog has been checked: 0 passed
10.07.2014 12:29:08,405 - INFO  - Watchdog has been checked: 0 passed
10.07.2014 12:31:08,311 - INFO  - Watchdog has been checked: 0 passed
10.07.2014 12:33:08,354 - INFO  - Watchdog has been checked: 0 passed
10.07.2014 12:35:08,375 - INFO  - Watchdog has been checked: 0 passed
10.07.2014 12:37:08,357 - INFO  - Watchdog has been checked: 0 passed
10.07.2014 12:39:08,366 - INFO  - Watchdog has been checked: 0 passed
10.07.2014 12:41:08,254 - INFO  - Watchdog has been checked: 0 passed
10.07.2014 12:43:08,232 - INFO  - Watchdog has been checked: 0 passed
10.07.2014 12:45:08,294 - INFO  - Watchdog has been checked: 0 passed
10.07.2014 12:47:08,359 - INFO  - Watchdog has been checked: 0 passed
10.07.2014 12:49:08,358 - INFO  - Watchdog has been checked: 0 passed
10.07.2014 12:51:08,176 - INFO  - Watchdog has been checked: 0 passed
10.07.2014 12:53:08,219 - INFO  - Watchdog has been checked: 0 passed
10.07.2014 12:55:08,188 - INFO  - Watchdog has been checked: 0 passed
10.07.2014 12:57:08,236 - INFO  - Watchdog has been checked: 0 passed
10.07.2014 12:59:08,266 - INFO  - Watchdog has been checked: 0 passed
10.07.2014 13:01:08,314 - INFO  - Watchdog has been checked: 0 passed
10.07.2014 13:03:08,142 - INFO  - Watchdog has been checked: 0 passed
10.07.2014 13:05:08,103 - INFO  - Watchdog has been checked: 0 passed
10.07.2014 13:07:08,171 - INFO  - Watchdog has been checked: 0 passed
10.07.2014 13:09:08,197 - INFO  - Watchdog has been checked: 0 passed
10.07.2014 13:11:08,292 - INFO  - Watchdog has been checked: 0 passed
10.07.2014 13:13:08,140 - INFO  - Watchdog has been checked: 0 passed
10.07.2014 13:15:08,104 - INFO  - Watchdog has been checked: 0 passed
10.07.2014 13:17:08,086 - INFO  - Watchdog has been checked: 0 passed
10.07.2014 13:19:08,128 - INFO  - Watchdog has been checked: 0 passed
10.07.2014 13:21:08,231 - INFO  - Watchdog has been checked: 0 passed
10.07.2014 13:23:08,069 - INFO  - Watchdog has been checked: 0 passed
10.07.2014 13:25:08,326 - INFO  - Watchdog has been checked: 0 passed
10.07.2014 13:27:08,307 - INFO  - Watchdog has been checked: 0 passed
10.07.2014 13:29:08,108 - INFO  - Watchdog has been checked: 0 passed
10.07.2014 13:31:08,173 - INFO  - Watchdog has been checked: 0 passed
10.07.2014 13:33:08,281 - INFO  - Watchdog has been checked: 0 passed
10.07.2014 13:35:08,252 - INFO  - Watchdog has been checked: 0 passed
10.07.2014 13:37:08,172 - INFO  - Watchdog has been checked: 0 passed
10.07.2014 13:39:08,262 - INFO  - Watchdog has been checked: 0 passed
10.07.2014 13:41:08,435 - INFO  - Watchdog has been checked: 0 passed
10.07.2014 13:43:08,144 - INFO  - Watchdog has been checked: 0 passed
10.07.2014 13:45:08,125 - INFO  - Watchdog has been checked: 0 passed
10.07.2014 13:47:07,120 - INFO  - Watchdog has been checked: 0 passed
10.07.2014 13:49:07,209 - INFO  - Watchdog has been checked: 0 passed
10.07.2014 13:51:07,259 - INFO  - Watchdog has been checked: 0 passed
10.07.2014 13:53:07,296 - INFO  - Watchdog has been checked: 0 passed
10.07.2014 13:55:07,268 - INFO  - Watchdog has been checked: 0 passed
10.07.2014 13:57:07,083 - INFO  - Watchdog has been checked: 0 passed
10.07.2014 13:59:06,116 - INFO  - Watchdog has been checked: 0 passed
10.07.2014 14:01:06,260 - INFO  - Watchdog has been checked: 0 passed
10.07.2014 14:03:06,310 - INFO  - Watchdog has been checked: 0 passed
10.07.2014 14:05:06,346 - INFO  - Watchdog has been checked: 0 passed
10.07.2014 14:07:06,357 - INFO  - Watchdog has been checked: 0 passed
10.07.2014 14:09:06,094 - INFO  - Watchdog has been checked: 0 passed
10.07.2014 14:11:05,215 - INFO  - Watchdog has been checked: 0 passed
10.07.2014 14:13:05,242 - INFO  - Watchdog has been checked: 0 passed
10.07.2014 14:15:05,227 - INFO  - Watchdog has been checked: 0 passed
10.07.2014 14:17:05,262 - INFO  - Watchdog has been checked: 0 passed
10.07.2014 14:19:05,278 - INFO  - Watchdog has been checked: 0 passed
10.07.2014 14:21:05,123 - INFO  - Watchdog has been checked: 0 passed
10.07.2014 14:23:05,188 - INFO  - Watchdog has been checked: 0 passed
10.07.2014 14:25:05,133 - INFO  - Watchdog has been checked: 0 passed
10.07.2014 14:27:05,199 - INFO  - Watchdog has been checked: 0 passed
10.07.2014 14:29:05,196 - INFO  - Watchdog has been checked: 0 passed
10.07.2014 14:29:22,792 - INFO  - searcher identified --- respT: 21ms, 5277 results, web:(PSIWeb), q=, 
10.07.2014 14:29:26,439 - INFO  - searcher identified --- respT: 31ms, 2 results, web:(PSIWeb), q=Service-User svcusr-ifx_rep_gfa, 
10.07.2014 14:29:31,006 - INFO  - searcher identified --- respT: 24ms, 4 results, web:(PSIWeb), q=svcusr-ifx_rep_gfa, 
10.07.2014 14:31:05,060 - INFO  - Watchdog has been checked: 0 passed
10.07.2014 14:33:05,170 - INFO  - Watchdog has been checked: 0 passed
10.07.2014 14:35:05,113 - INFO  - Watchdog has been checked: 0 passed
10.07.2014 14:37:05,181 - INFO  - Watchdog has been checked: 0 passed
10.07.2014 14:39:05,082 - INFO  - Watchdog has been checked: 0 passed
10.07.2014 14:41:05,265 - INFO  - Watchdog has been checked: 0 passed
10.07.2014 14:43:05,226 - INFO  - Watchdog has been checked: 0 passed
10.07.2014 14:45:07,747 - INFO  - Watchdog has been checked: 0 passed
10.07.2014 14:47:07,351 - INFO  - Watchdog has been checked: 0 passed
10.07.2014 14:49:07,386 - INFO  - Watchdog has been checked: 0 passed
10.07.2014 14:51:07,208 - INFO  - Watchdog has been checked: 0 passed
10.07.2014 14:53:07,250 - INFO  - Watchdog has been checked: 0 passed
10.07.2014 14:55:07,218 - INFO  - Watchdog has been checked: 0 passed
10.07.2014 14:57:07,302 - INFO  - Watchdog has been checked: 0 passed
10.07.2014 14:59:07,328 - INFO  - Watchdog has been checked: 0 passed
10.07.2014 15:01:07,104 - INFO  - Watchdog has been checked: 0 passed
10.07.2014 15:03:07,256 - INFO  - Watchdog has been checked: 0 passed
10.07.2014 15:05:07,313 - INFO  - Watchdog has been checked: 0 passed
10.07.2014 15:07:07,401 - INFO  - Watchdog has been checked: 0 passed
10.07.2014 15:09:07,281 - INFO  - Watchdog has been checked: 0 passed
10.07.2014 15:10:59,685 - INFO  - searcher identified --- respT: 19ms, 5278 results, web:(PSIWeb), q=, 
10.07.2014 15:11:07,128 - INFO  - Watchdog has been checked: 0 passed
10.07.2014 15:13:06,168 - INFO  - Watchdog has been checked: 0 passed
10.07.2014 15:15:06,160 - INFO  - Watchdog has been checked: 0 passed
10.07.2014 15:17:05,156 - INFO  - Watchdog has been checked: 0 passed
10.07.2014 15:18:04,240 - INFO  - searcher identified --- respT: 17ms, 408 results, web:(PSIWeb), q=alfresco, 
10.07.2014 15:18:06,044 - INFO  - searcher identified --- respT: 27ms, 44 results, web:(PSIWeb), q=alfresco links, 
10.07.2014 15:18:13,707 - INFO  - searcher identified --- respT: 16ms, 408 results, web:(PSIWeb), q=alfresc, 
10.07.2014 15:18:19,975 - INFO  - searcher identified --- respT: 13ms, 4 results, web:(PSIWeb), author:SimonRissi, q=alfresc, 
10.07.2014 15:18:43,690 - INFO  - searcher identified --- respT: 16ms, 1 results, web:(PSIWeb), author:SimonRissi, q=tool, 
10.07.2014 15:19:03,605 - INFO  - searcher identified --- respT: 46ms, 142 results, web:(PSIWeb), q=tool, 
10.07.2014 15:19:05,142 - INFO  - Watchdog has been checked: 0 passed
10.07.2014 15:19:07,666 - INFO  - searcher identified --- respT: 31ms, 11 results, web:(PSIWeb), q=toolti, 
10.07.2014 15:19:08,822 - INFO  - searcher identified --- respT: 24ms, 11 results, web:(PSIWeb), q=tooltip, 
10.07.2014 15:19:22,479 - INFO  - searcher identified --- respT: 20ms, no results, web:(PSIWeb), q=bobb, 
10.07.2014 15:19:23,552 - INFO  - searcher identified --- respT: 54ms, 8990 results, q=b, 
10.07.2014 15:19:26,179 - INFO  - searcher identified --- respT: 25ms, 178 results, q=bubb, 
10.07.2014 15:19:30,081 - INFO  - searcher identified --- respT: 56ms, 147 results, q=bubble, 
10.07.2014 15:19:38,588 - INFO  - searcher identified --- respT: 15ms, 5 results, author:SimonRissi, q=bubble, 
10.07.2014 15:19:56,369 - INFO  - searcher identified --- respT: 11ms, 1 results, author:rissi, q=bubble, 
10.07.2014 15:21:04,244 - INFO  - Watchdog has been checked: 0 passed
10.07.2014 15:23:04,264 - INFO  - Watchdog has been checked: 0 passed
10.07.2014 15:25:04,253 - INFO  - Watchdog has been checked: 0 passed
10.07.2014 15:27:04,319 - INFO  - Watchdog has been checked: 0 passed
10.07.2014 15:29:04,317 - INFO  - Watchdog has been checked: 0 passed
10.07.2014 15:31:04,176 - INFO  - Watchdog has been checked: 0 passed
10.07.2014 15:33:03,190 - INFO  - Watchdog has been checked: 0 passed
10.07.2014 15:35:02,155 - INFO  - Watchdog has been checked: 0 passed
10.07.2014 15:37:01,155 - INFO  - Watchdog has been checked: 0 passed
10.07.2014 15:39:00,203 - INFO  - Watchdog has been checked: 0 passed
10.07.2014 15:40:50,016 - INFO  - searcher identified --- respT: 11ms, no results, author:rissi, q=ecmtest, 
10.07.2014 15:40:53,159 - INFO  - searcher identified --- respT: 31ms, 38 results, q=ecmtest, 
10.07.2014 15:40:58,462 - INFO  - searcher identified --- respT: 18ms, 17 results, author:OliverSchaub, q=ecmtest, 
10.07.2014 15:41:00,314 - INFO  - Watchdog has been checked: 0 passed
10.07.2014 15:41:02,654 - INFO  - searcher identified --- respT: 15ms, 2 results, author:OliverSchaub, q=ecmtest ganglia, 
10.07.2014 15:42:33,669 - INFO  - searcher identified --- respT: 25ms, 2 results, author:OliverSchaub, q=udp, 
10.07.2014 15:42:34,609 - INFO  - searcher identified --- respT: 26ms, 2 results, author:OliverSchaub, q=udp send, 
10.07.2014 15:42:38,036 - INFO  - searcher identified --- respT: 100ms, 94 results, q=udp send, 
10.07.2014 15:42:41,385 - INFO  - searcher identified --- respT: 91ms, 94 results, q=udp send ch, 
10.07.2014 15:42:43,055 - INFO  - searcher identified --- respT: 84ms, 39 results, q=udp send channel, 
10.07.2014 15:42:51,207 - INFO  - searcher identified --- respT: 35ms, 2 results, author:ValeriMarkushin, q=udp send channel, 
10.07.2014 15:43:00,141 - INFO  - Watchdog has been checked: 0 passed
10.07.2014 15:45:00,315 - INFO  - Watchdog has been checked: 0 passed
10.07.2014 15:47:00,321 - INFO  - Watchdog has been checked: 0 passed
10.07.2014 15:49:00,124 - INFO  - Watchdog has been checked: 0 passed
10.07.2014 15:51:00,144 - INFO  - Watchdog has been checked: 0 passed
10.07.2014 15:53:00,376 - INFO  - Watchdog has been checked: 0 passed
10.07.2014 15:55:00,199 - INFO  - Watchdog has been checked: 0 passed
10.07.2014 15:57:00,240 - INFO  - Watchdog has been checked: 0 passed
10.07.2014 15:59:00,267 - INFO  - Watchdog has been checked: 0 passed
10.07.2014 16:01:00,356 - INFO  - Watchdog has been checked: 0 passed
10.07.2014 16:03:00,181 - INFO  - Watchdog has been checked: 0 passed
10.07.2014 16:05:00,352 - INFO  - Watchdog has been checked: 0 passed
10.07.2014 16:07:00,338 - INFO  - Watchdog has been checked: 0 passed
10.07.2014 16:09:00,138 - INFO  - Watchdog has been checked: 0 passed
10.07.2014 16:11:00,199 - INFO  - Watchdog has been checked: 0 passed
10.07.2014 16:13:00,380 - INFO  - Watchdog has been checked: 0 passed
10.07.2014 16:15:00,296 - INFO  - Watchdog has been checked: 0 passed
10.07.2014 16:17:00,318 - INFO  - Watchdog has been checked: 0 passed
10.07.2014 16:19:00,392 - INFO  - Watchdog has been checked: 0 passed
10.07.2014 16:21:00,225 - INFO  - Watchdog has been checked: 0 passed
10.07.2014 16:23:00,338 - INFO  - Watchdog has been checked: 0 passed
10.07.2014 16:25:00,265 - INFO  - Watchdog has been checked: 0 passed
10.07.2014 16:27:00,259 - INFO  - Watchdog has been checked: 0 passed
10.07.2014 16:29:00,309 - INFO  - Watchdog has been checked: 0 passed
10.07.2014 16:31:00,185 - INFO  - Watchdog has been checked: 0 passed
10.07.2014 16:33:00,247 - INFO  - Watchdog has been checked: 0 passed
10.07.2014 16:35:00,129 - INFO  - Watchdog has been checked: 0 passed
10.07.2014 16:36:59,084 - INFO  - Watchdog has been checked: 0 passed
10.07.2014 16:38:59,160 - INFO  - Watchdog has been checked: 0 passed
10.07.2014 16:40:58,024 - INFO  - Watchdog has been checked: 0 passed
10.07.2014 16:42:57,041 - INFO  - Watchdog has been checked: 0 passed
10.07.2014 16:44:56,985 - INFO  - Watchdog has been checked: 0 passed
10.07.2014 16:46:55,962 - INFO  - Watchdog has been checked: 0 passed
10.07.2014 16:48:56,031 - INFO  - Watchdog has been checked: 0 passed
10.07.2014 16:50:56,119 - INFO  - Watchdog has been checked: 0 passed
10.07.2014 16:52:56,196 - INFO  - Watchdog has been checked: 0 passed
10.07.2014 16:54:55,140 - INFO  - Watchdog has been checked: 0 passed
10.07.2014 16:56:54,179 - INFO  - Watchdog has been checked: 0 passed
10.07.2014 16:58:53,219 - INFO  - Watchdog has been checked: 0 passed
10.07.2014 17:00:53,097 - INFO  - Watchdog has been checked: 0 passed
10.07.2014 17:02:52,081 - INFO  - Watchdog has been checked: 0 passed
10.07.2014 17:04:52,125 - INFO  - Watchdog has been checked: 0 passed
10.07.2014 17:06:51,122 - INFO  - Watchdog has been checked: 0 passed
10.07.2014 17:08:50,190 - INFO  - Watchdog has been checked: 0 passed
10.07.2014 17:10:49,262 - INFO  - Watchdog has been checked: 0 passed
10.07.2014 17:12:49,066 - INFO  - Watchdog has been checked: 0 passed
10.07.2014 17:14:49,356 - INFO  - Watchdog has been checked: 0 passed
10.07.2014 17:16:49,362 - INFO  - Watchdog has been checked: 0 passed
10.07.2014 17:18:49,091 - INFO  - Watchdog has been checked: 0 passed
10.07.2014 17:20:49,325 - INFO  - Watchdog has been checked: 0 passed
10.07.2014 17:22:49,336 - INFO  - Watchdog has been checked: 0 passed
10.07.2014 17:24:49,357 - INFO  - Watchdog has been checked: 0 passed
10.07.2014 17:26:49,258 - INFO  - Watchdog has been checked: 0 passed
10.07.2014 17:28:49,432 - INFO  - Watchdog has been checked: 0 passed
10.07.2014 17:30:49,277 - INFO  - Watchdog has been checked: 0 passed
10.07.2014 17:32:49,306 - INFO  - Watchdog has been checked: 0 passed
10.07.2014 17:34:49,250 - INFO  - Watchdog has been checked: 0 passed
10.07.2014 17:36:49,275 - INFO  - Watchdog has been checked: 0 passed
10.07.2014 17:38:49,307 - INFO  - Watchdog has been checked: 0 passed
10.07.2014 17:40:49,473 - INFO  - Watchdog has been checked: 0 passed
10.07.2014 17:42:49,220 - INFO  - Watchdog has been checked: 0 passed
10.07.2014 17:44:49,523 - INFO  - Watchdog has been checked: 0 passed
10.07.2014 17:46:49,307 - INFO  - Watchdog has been checked: 0 passed
10.07.2014 17:48:49,365 - INFO  - Watchdog has been checked: 0 passed
10.07.2014 17:50:49,473 - INFO  - Watchdog has been checked: 0 passed
10.07.2014 17:52:49,194 - INFO  - Watchdog has been checked: 0 passed
10.07.2014 17:54:49,341 - INFO  - Watchdog has been checked: 0 passed
10.07.2014 17:56:49,371 - INFO  - Watchdog has been checked: 0 passed
10.07.2014 17:58:49,288 - INFO  - Watchdog has been checked: 0 passed
10.07.2014 18:00:49,181 - INFO  - Watchdog has been checked: 0 passed
10.07.2014 18:02:49,135 - INFO  - Watchdog has been checked: 0 passed
10.07.2014 18:04:49,074 - INFO  - Watchdog has been checked: 0 passed
10.07.2014 18:06:48,128 - INFO  - Watchdog has been checked: 0 passed
10.07.2014 18:08:47,114 - INFO  - Watchdog has been checked: 0 passed
10.07.2014 18:10:47,292 - INFO  - Watchdog has been checked: 0 passed
10.07.2014 18:12:47,106 - INFO  - Watchdog has been checked: 0 passed
10.07.2014 18:14:47,028 - INFO  - Watchdog has been checked: 0 passed
10.07.2014 18:16:46,099 - INFO  - Watchdog has been checked: 0 passed
10.07.2014 18:18:45,107 - INFO  - Watchdog has been checked: 0 passed
10.07.2014 18:20:45,249 - INFO  - Watchdog has been checked: 0 passed
10.07.2014 18:22:45,267 - INFO  - Watchdog has been checked: 0 passed
10.07.2014 18:24:45,261 - INFO  - Watchdog has been checked: 0 passed
10.07.2014 18:26:45,342 - INFO  - Watchdog has been checked: 0 passed
10.07.2014 18:28:45,117 - INFO  - Watchdog has been checked: 0 passed
10.07.2014 18:30:47,590 - INFO  - Watchdog has been checked: 0 passed
10.07.2014 18:32:47,279 - INFO  - Watchdog has been checked: 0 passed
10.07.2014 18:34:47,229 - INFO  - Watchdog has been checked: 0 passed
10.07.2014 18:36:47,506 - INFO  - Watchdog has been checked: 0 passed
10.07.2014 18:38:47,308 - INFO  - Watchdog has been checked: 0 passed
10.07.2014 18:40:47,202 - INFO  - Watchdog has been checked: 0 passed
10.07.2014 18:42:47,276 - INFO  - Watchdog has been checked: 0 passed
10.07.2014 18:44:47,246 - INFO  - Watchdog has been checked: 0 passed
10.07.2014 18:46:47,454 - INFO  - Watchdog has been checked: 0 passed
10.07.2014 18:48:47,333 - INFO  - Watchdog has been checked: 0 passed
10.07.2014 18:50:47,120 - INFO  - Watchdog has been checked: 0 passed
10.07.2014 18:52:47,271 - INFO  - Watchdog has been checked: 0 passed
10.07.2014 18:54:46,213 - INFO  - Watchdog has been checked: 0 passed
10.07.2014 18:56:45,137 - INFO  - Watchdog has been checked: 0 passed
10.07.2014 18:58:45,335 - INFO  - Watchdog has been checked: 0 passed
10.07.2014 19:00:45,435 - INFO  - Watchdog has been checked: 0 passed
10.07.2014 19:02:45,491 - INFO  - Watchdog has been checked: 0 passed
10.07.2014 19:04:45,338 - INFO  - Watchdog has been checked: 0 passed
10.07.2014 19:06:45,139 - INFO  - Watchdog has been checked: 0 passed
10.07.2014 19:08:45,128 - INFO  - Watchdog has been checked: 0 passed
10.07.2014 19:10:45,295 - INFO  - Watchdog has been checked: 0 passed
10.07.2014 19:12:45,581 - INFO  - Watchdog has been checked: 0 passed
10.07.2014 19:14:45,313 - INFO  - Watchdog has been checked: 0 passed
10.07.2014 19:16:45,337 - INFO  - Watchdog has been checked: 0 passed
10.07.2014 19:18:45,416 - INFO  - Watchdog has been checked: 0 passed
10.07.2014 19:20:45,265 - INFO  - Watchdog has been checked: 0 passed
10.07.2014 19:22:45,259 - INFO  - Watchdog has been checked: 0 passed
10.07.2014 19:24:45,265 - INFO  - Watchdog has been checked: 0 passed
10.07.2014 19:26:45,215 - INFO  - Watchdog has been checked: 0 passed
10.07.2014 19:28:45,064 - INFO  - Watchdog has been checked: 0 passed
10.07.2014 19:30:44,149 - INFO  - Watchdog has been checked: 0 passed
10.07.2014 19:32:45,631 - INFO  - Watchdog has been checked: 0 passed
10.07.2014 19:34:45,167 - INFO  - Watchdog has been checked: 0 passed
10.07.2014 19:36:45,178 - INFO  - Watchdog has been checked: 0 passed
10.07.2014 19:38:45,239 - INFO  - Watchdog has been checked: 0 passed
10.07.2014 19:40:45,105 - INFO  - Watchdog has been checked: 0 passed
10.07.2014 19:42:45,096 - INFO  - Watchdog has been checked: 0 passed
10.07.2014 19:44:48,353 - INFO  - Watchdog has been checked: 0 passed
10.07.2014 19:46:48,112 - INFO  - Watchdog has been checked: 0 passed
10.07.2014 19:48:47,174 - INFO  - Watchdog has been checked: 0 passed
10.07.2014 19:50:47,281 - INFO  - Watchdog has been checked: 0 passed
10.07.2014 19:52:47,281 - INFO  - Watchdog has been checked: 0 passed
10.07.2014 19:54:47,292 - INFO  - Watchdog has been checked: 0 passed
10.07.2014 19:56:47,221 - INFO  - Watchdog has been checked: 0 passed
10.07.2014 19:58:47,287 - INFO  - Watchdog has been checked: 0 passed
10.07.2014 20:00:47,090 - INFO  - Watchdog has been checked: 0 passed
10.07.2014 20:02:47,186 - INFO  - Watchdog has been checked: 0 passed
10.07.2014 20:04:47,152 - INFO  - Watchdog has been checked: 0 passed
10.07.2014 20:06:48,148 - INFO  - Watchdog has been checked: 0 passed
10.07.2014 20:08:48,167 - INFO  - Watchdog has been checked: 0 passed
10.07.2014 20:10:48,335 - INFO  - Watchdog has been checked: 0 passed
10.07.2014 20:12:48,134 - INFO  - Watchdog has been checked: 0 passed
10.07.2014 20:14:48,305 - INFO  - Watchdog has been checked: 0 passed
10.07.2014 20:16:48,248 - INFO  - Watchdog has been checked: 0 passed
10.07.2014 20:18:48,223 - INFO  - Watchdog has been checked: 0 passed
10.07.2014 20:20:48,357 - INFO  - Watchdog has been checked: 0 passed
10.07.2014 20:22:48,326 - INFO  - Watchdog has been checked: 0 passed
10.07.2014 20:24:48,377 - INFO  - Watchdog has been checked: 0 passed
10.07.2014 20:26:48,412 - INFO  - Watchdog has been checked: 0 passed
10.07.2014 20:28:48,164 - INFO  - Watchdog has been checked: 0 passed
10.07.2014 20:30:48,286 - INFO  - Watchdog has been checked: 0 passed
10.07.2014 20:32:48,234 - INFO  - Watchdog has been checked: 0 passed
10.07.2014 20:34:48,209 - INFO  - Watchdog has been checked: 0 passed
10.07.2014 20:36:48,327 - INFO  - Watchdog has been checked: 0 passed
10.07.2014 20:38:48,379 - INFO  - Watchdog has been checked: 0 passed
10.07.2014 20:40:48,265 - INFO  - Watchdog has been checked: 0 passed
10.07.2014 20:42:48,282 - INFO  - Watchdog has been checked: 0 passed
10.07.2014 20:44:48,227 - INFO  - Watchdog has been checked: 0 passed
10.07.2014 20:46:48,256 - INFO  - Watchdog has been checked: 0 passed
10.07.2014 20:48:48,328 - INFO  - Watchdog has been checked: 0 passed
10.07.2014 20:50:48,160 - INFO  - Watchdog has been checked: 0 passed
10.07.2014 20:52:47,165 - INFO  - Watchdog has been checked: 0 passed
10.07.2014 20:54:46,235 - INFO  - Watchdog has been checked: 0 passed
10.07.2014 20:56:46,269 - INFO  - Watchdog has been checked: 0 passed
10.07.2014 20:58:46,021 - INFO  - Watchdog has been checked: 0 passed
10.07.2014 21:00:45,194 - INFO  - Watchdog has been checked: 0 passed
10.07.2014 21:02:45,236 - INFO  - Watchdog has been checked: 0 passed
10.07.2014 21:04:45,223 - INFO  - Watchdog has been checked: 0 passed
10.07.2014 21:06:45,178 - INFO  - Watchdog has been checked: 0 passed
10.07.2014 21:08:48,288 - INFO  - Watchdog has been checked: 0 passed
10.07.2014 21:10:48,254 - INFO  - Watchdog has been checked: 0 passed
10.07.2014 21:12:48,257 - INFO  - Watchdog has been checked: 0 passed
10.07.2014 21:14:48,259 - INFO  - Watchdog has been checked: 0 passed
10.07.2014 21:16:48,281 - INFO  - Watchdog has been checked: 0 passed
10.07.2014 21:18:48,324 - INFO  - Watchdog has been checked: 0 passed
10.07.2014 21:20:48,180 - INFO  - Watchdog has been checked: 0 passed
10.07.2014 21:22:48,234 - INFO  - Watchdog has been checked: 0 passed
10.07.2014 21:24:48,195 - INFO  - Watchdog has been checked: 0 passed
10.07.2014 21:26:48,204 - INFO  - Watchdog has been checked: 0 passed
10.07.2014 21:28:48,369 - INFO  - Watchdog has been checked: 0 passed
10.07.2014 21:30:48,184 - INFO  - Watchdog has been checked: 0 passed
10.07.2014 21:32:48,278 - INFO  - Watchdog has been checked: 0 passed
10.07.2014 21:34:48,312 - INFO  - Watchdog has been checked: 0 passed
10.07.2014 21:36:48,213 - INFO  - Watchdog has been checked: 0 passed
10.07.2014 21:38:48,287 - INFO  - Watchdog has been checked: 0 passed
10.07.2014 21:40:48,444 - INFO  - Watchdog has been checked: 0 passed
10.07.2014 21:42:48,409 - INFO  - Watchdog has been checked: 0 passed
10.07.2014 21:44:48,255 - INFO  - Watchdog has been checked: 0 passed
10.07.2014 21:46:48,280 - INFO  - Watchdog has been checked: 0 passed
10.07.2014 21:48:49,043 - INFO  - Watchdog has been checked: 0 passed
10.07.2014 21:50:48,199 - INFO  - Watchdog has been checked: 0 passed
10.07.2014 21:52:48,238 - INFO  - Watchdog has been checked: 0 passed
10.07.2014 21:54:48,294 - INFO  - Watchdog has been checked: 0 passed
10.07.2014 21:56:48,219 - INFO  - Watchdog has been checked: 0 passed
10.07.2014 21:58:48,236 - INFO  - Watchdog has been checked: 0 passed
10.07.2014 22:00:48,168 - INFO  - Watchdog has been checked: 0 passed
10.07.2014 22:02:48,157 - INFO  - Watchdog has been checked: 0 passed
10.07.2014 22:04:48,154 - INFO  - Watchdog has been checked: 0 passed
10.07.2014 22:06:48,102 - INFO  - Watchdog has been checked: 0 passed
10.07.2014 22:08:48,156 - INFO  - Watchdog has been checked: 0 passed
10.07.2014 22:10:48,263 - INFO  - Watchdog has been checked: 0 passed
10.07.2014 22:12:48,146 - INFO  - Watchdog has been checked: 0 passed
10.07.2014 22:14:47,151 - INFO  - Watchdog has been checked: 0 passed
10.07.2014 22:16:46,188 - INFO  - Watchdog has been checked: 0 passed
10.07.2014 22:18:46,227 - INFO  - Watchdog has been checked: 0 passed
10.07.2014 22:20:46,101 - INFO  - Watchdog has been checked: 0 passed
10.07.2014 22:22:45,113 - INFO  - Watchdog has been checked: 0 passed
10.07.2014 22:24:44,342 - INFO  - Watchdog has been checked: 0 passed
10.07.2014 22:26:44,319 - INFO  - Watchdog has been checked: 0 passed
10.07.2014 22:28:44,339 - INFO  - Watchdog has been checked: 0 passed
10.07.2014 22:30:44,186 - INFO  - Watchdog has been checked: 0 passed
10.07.2014 22:32:44,213 - INFO  - Watchdog has been checked: 0 passed
10.07.2014 22:34:44,185 - INFO  - Watchdog has been checked: 0 passed
10.07.2014 22:36:44,160 - INFO  - Watchdog has been checked: 0 passed
10.07.2014 22:38:48,332 - INFO  - Watchdog has been checked: 0 passed
10.07.2014 22:40:48,157 - INFO  - Watchdog has been checked: 0 passed
10.07.2014 22:42:48,161 - INFO  - Watchdog has been checked: 0 passed
10.07.2014 22:44:48,227 - INFO  - Watchdog has been checked: 0 passed
10.07.2014 22:46:48,244 - INFO  - Watchdog has been checked: 0 passed
10.07.2014 22:48:48,326 - INFO  - Watchdog has been checked: 0 passed
10.07.2014 22:50:48,317 - INFO  - Watchdog has been checked: 0 passed
10.07.2014 22:52:48,315 - INFO  - Watchdog has been checked: 0 passed
10.07.2014 22:54:48,244 - INFO  - Watchdog has been checked: 0 passed
10.07.2014 22:56:48,117 - INFO  - Watchdog has been checked: 0 passed
10.07.2014 22:58:48,103 - INFO  - Watchdog has been checked: 0 passed
10.07.2014 23:00:48,233 - INFO  - Watchdog has been checked: 0 passed
10.07.2014 23:02:48,231 - INFO  - Watchdog has been checked: 0 passed
10.07.2014 23:04:48,160 - INFO  - Watchdog has been checked: 0 passed
10.07.2014 23:06:48,266 - INFO  - Watchdog has been checked: 0 passed
10.07.2014 23:08:48,232 - INFO  - Watchdog has been checked: 0 passed
10.07.2014 23:10:48,107 - INFO  - Watchdog has been checked: 0 passed
10.07.2014 23:12:47,158 - INFO  - Watchdog has been checked: 0 passed
10.07.2014 23:14:47,085 - INFO  - Watchdog has been checked: 0 passed
10.07.2014 23:16:46,170 - INFO  - Watchdog has been checked: 0 passed
10.07.2014 23:18:46,168 - INFO  - Watchdog has been checked: 0 passed
10.07.2014 23:20:46,266 - INFO  - Watchdog has been checked: 0 passed
10.07.2014 23:22:46,295 - INFO  - Watchdog has been checked: 0 passed
10.07.2014 23:24:46,261 - INFO  - Watchdog has been checked: 0 passed
10.07.2014 23:26:46,269 - INFO  - Watchdog has been checked: 0 passed
10.07.2014 23:28:46,317 - INFO  - Watchdog has been checked: 0 passed
10.07.2014 23:30:46,329 - INFO  - Watchdog has been checked: 0 passed
10.07.2014 23:31:46,410 - INFO  - Watchdog has been checked: 0 passed
10.07.2014 23:33:46,384 - INFO  - Watchdog has been checked: 0 passed
10.07.2014 23:35:46,166 - INFO  - Watchdog has been checked: 0 passed
10.07.2014 23:37:46,284 - INFO  - Watchdog has been checked: 0 passed
10.07.2014 23:39:46,278 - INFO  - Watchdog has been checked: 0 passed
10.07.2014 23:41:46,279 - INFO  - Watchdog has been checked: 0 passed
10.07.2014 23:43:46,906 - INFO  - Watchdog has been checked: 0 passed
10.07.2014 23:45:46,334 - INFO  - Watchdog has been checked: 0 passed
10.07.2014 23:47:46,374 - INFO  - Watchdog has been checked: 0 passed
10.07.2014 23:49:46,139 - INFO  - Watchdog has been checked: 0 passed
10.07.2014 23:51:46,383 - INFO  - Watchdog has been checked: 0 passed
10.07.2014 23:53:46,246 - INFO  - Watchdog has been checked: 0 passed
10.07.2014 23:55:46,264 - INFO  - Watchdog has been checked: 0 passed
10.07.2014 23:57:46,316 - INFO  - Watchdog has been checked: 0 passed
10.07.2014 23:59:46,293 - INFO  - Watchdog has been checked: 0 passed
