12.07.2014 00:01:14,364 - INFO  - Watchdog has been checked: 0 passed
12.07.2014 00:03:14,210 - INFO  - Watchdog has been checked: 0 passed
12.07.2014 00:05:14,269 - INFO  - Watchdog has been checked: 0 passed
12.07.2014 00:07:14,212 - INFO  - Watchdog has been checked: 0 passed
12.07.2014 00:09:14,225 - INFO  - Watchdog has been checked: 0 passed
12.07.2014 00:11:14,297 - INFO  - Watchdog has been checked: 0 passed
12.07.2014 00:13:18,364 - INFO  - Watchdog has been checked: 0 passed
12.07.2014 00:15:18,164 - INFO  - Watchdog has been checked: 0 passed
12.07.2014 00:17:18,437 - INFO  - Watchdog has been checked: 0 passed
12.07.2014 00:19:18,271 - INFO  - Watchdog has been checked: 0 passed
12.07.2014 00:21:18,258 - INFO  - Watchdog has been checked: 0 passed
12.07.2014 00:23:18,254 - INFO  - Watchdog has been checked: 0 passed
12.07.2014 00:25:18,058 - INFO  - Watchdog has been checked: 0 passed
12.07.2014 00:27:17,004 - INFO  - Watchdog has been checked: 0 passed
12.07.2014 00:29:16,300 - INFO  - Watchdog has been checked: 0 passed
12.07.2014 00:31:16,124 - INFO  - Watchdog has been checked: 0 passed
12.07.2014 00:33:16,234 - INFO  - Watchdog has been checked: 0 passed
12.07.2014 00:35:16,316 - INFO  - Watchdog has been checked: 0 passed
12.07.2014 00:37:16,308 - INFO  - Watchdog has been checked: 0 passed
12.07.2014 00:39:16,081 - INFO  - Watchdog has been checked: 0 passed
12.07.2014 00:41:15,168 - INFO  - Watchdog has been checked: 0 passed
12.07.2014 00:43:15,225 - INFO  - Watchdog has been checked: 0 passed
12.07.2014 00:45:18,338 - INFO  - Watchdog has been checked: 0 passed
12.07.2014 00:47:18,297 - INFO  - Watchdog has been checked: 0 passed
12.07.2014 00:49:18,290 - INFO  - Watchdog has been checked: 0 passed
12.07.2014 00:51:18,293 - INFO  - Watchdog has been checked: 0 passed
12.07.2014 00:53:18,212 - INFO  - Watchdog has been checked: 0 passed
12.07.2014 00:55:18,408 - INFO  - Watchdog has been checked: 0 passed
12.07.2014 00:57:18,253 - INFO  - Watchdog has been checked: 0 passed
12.07.2014 00:59:18,248 - INFO  - Watchdog has been checked: 0 passed
12.07.2014 01:01:18,340 - INFO  - Watchdog has been checked: 0 passed
12.07.2014 01:03:18,349 - INFO  - Watchdog has been checked: 0 passed
12.07.2014 01:05:18,482 - INFO  - Watchdog has been checked: 0 passed
12.07.2014 01:07:18,150 - INFO  - Watchdog has been checked: 0 passed
12.07.2014 01:09:18,385 - INFO  - Watchdog has been checked: 0 passed
12.07.2014 01:11:18,254 - INFO  - Watchdog has been checked: 0 passed
12.07.2014 01:13:18,260 - INFO  - Watchdog has been checked: 0 passed
12.07.2014 01:15:18,452 - INFO  - Watchdog has been checked: 0 passed
12.07.2014 01:17:18,319 - INFO  - Watchdog has been checked: 0 passed
12.07.2014 01:19:18,417 - INFO  - Watchdog has been checked: 0 passed
12.07.2014 01:21:18,125 - INFO  - Watchdog has been checked: 0 passed
12.07.2014 01:23:17,370 - INFO  - Watchdog has been checked: 0 passed
12.07.2014 01:25:17,359 - INFO  - Watchdog has been checked: 0 passed
12.07.2014 01:27:18,108 - INFO  - Watchdog has been checked: 0 passed
12.07.2014 01:29:18,112 - INFO  - Watchdog has been checked: 0 passed
12.07.2014 01:31:18,086 - INFO  - Watchdog has been checked: 0 passed
12.07.2014 01:33:17,207 - INFO  - Watchdog has been checked: 0 passed
12.07.2014 01:35:17,175 - INFO  - Watchdog has been checked: 0 passed
12.07.2014 01:37:17,245 - INFO  - Watchdog has been checked: 0 passed
12.07.2014 01:39:17,230 - INFO  - Watchdog has been checked: 0 passed
12.07.2014 01:41:17,305 - INFO  - Watchdog has been checked: 0 passed
12.07.2014 01:43:17,159 - INFO  - Watchdog has been checked: 0 passed
12.07.2014 01:45:17,142 - INFO  - Watchdog has been checked: 0 passed
12.07.2014 01:47:18,557 - INFO  - Watchdog has been checked: 0 passed
12.07.2014 01:49:18,250 - INFO  - Watchdog has been checked: 0 passed
12.07.2014 01:51:18,236 - INFO  - Watchdog has been checked: 0 passed
12.07.2014 01:53:18,369 - INFO  - Watchdog has been checked: 0 passed
12.07.2014 01:55:18,491 - INFO  - Watchdog has been checked: 0 passed
12.07.2014 01:57:18,368 - INFO  - Watchdog has been checked: 0 passed
12.07.2014 01:59:18,137 - INFO  - Watchdog has been checked: 0 passed
12.07.2014 02:01:18,156 - INFO  - Watchdog has been checked: 0 passed
12.07.2014 02:03:18,232 - INFO  - Watchdog has been checked: 0 passed
12.07.2014 02:05:18,307 - INFO  - Watchdog has been checked: 0 passed
12.07.2014 02:07:18,460 - INFO  - Watchdog has been checked: 0 passed
12.07.2014 02:09:18,298 - INFO  - Watchdog has been checked: 0 passed
12.07.2014 02:11:18,278 - INFO  - Watchdog has been checked: 0 passed
12.07.2014 02:13:18,410 - INFO  - Watchdog has been checked: 0 passed
12.07.2014 02:15:18,265 - INFO  - Watchdog has been checked: 0 passed
12.07.2014 02:17:19,494 - INFO  - Watchdog has been checked: 0 passed
12.07.2014 02:19:19,194 - INFO  - Watchdog has been checked: 0 passed
12.07.2014 02:21:18,203 - INFO  - Watchdog has been checked: 0 passed
12.07.2014 02:23:17,290 - INFO  - Watchdog has been checked: 0 passed
12.07.2014 02:25:17,330 - INFO  - Watchdog has been checked: 0 passed
12.07.2014 02:27:17,357 - INFO  - Watchdog has been checked: 0 passed
12.07.2014 02:29:18,332 - INFO  - Watchdog has been checked: 0 passed
12.07.2014 02:31:18,140 - INFO  - Watchdog has been checked: 0 passed
12.07.2014 02:33:17,160 - INFO  - Watchdog has been checked: 0 passed
12.07.2014 02:35:17,295 - INFO  - Watchdog has been checked: 0 passed
12.07.2014 02:37:17,237 - INFO  - Watchdog has been checked: 0 passed
12.07.2014 02:39:17,195 - INFO  - Watchdog has been checked: 0 passed
12.07.2014 02:41:17,310 - INFO  - Watchdog has been checked: 0 passed
12.07.2014 02:43:17,148 - INFO  - Watchdog has been checked: 0 passed
12.07.2014 02:45:16,225 - INFO  - Watchdog has been checked: 0 passed
12.07.2014 02:47:16,219 - INFO  - Watchdog has been checked: 0 passed
12.07.2014 02:49:18,223 - INFO  - Watchdog has been checked: 0 passed
12.07.2014 02:51:18,293 - INFO  - Watchdog has been checked: 0 passed
12.07.2014 02:53:18,115 - INFO  - Watchdog has been checked: 0 passed
12.07.2014 02:55:18,202 - INFO  - Watchdog has been checked: 0 passed
12.07.2014 02:57:18,453 - INFO  - Watchdog has been checked: 0 passed
12.07.2014 02:59:18,129 - INFO  - Watchdog has been checked: 0 passed
12.07.2014 03:01:18,205 - INFO  - Watchdog has been checked: 0 passed
12.07.2014 03:03:18,213 - INFO  - Watchdog has been checked: 0 passed
12.07.2014 03:05:18,280 - INFO  - Watchdog has been checked: 0 passed
12.07.2014 03:07:18,282 - INFO  - Watchdog has been checked: 0 passed
12.07.2014 03:09:18,203 - INFO  - Watchdog has been checked: 0 passed
12.07.2014 03:11:18,336 - INFO  - Watchdog has been checked: 0 passed
12.07.2014 03:13:18,121 - INFO  - Watchdog has been checked: 0 passed
12.07.2014 03:15:18,175 - INFO  - Watchdog has been checked: 0 passed
12.07.2014 03:17:18,195 - INFO  - Watchdog has been checked: 0 passed
12.07.2014 03:19:18,331 - INFO  - Watchdog has been checked: 0 passed
12.07.2014 03:21:18,240 - INFO  - Watchdog has been checked: 0 passed
12.07.2014 03:23:18,274 - INFO  - Watchdog has been checked: 0 passed
12.07.2014 03:25:18,319 - INFO  - Watchdog has been checked: 0 passed
12.07.2014 03:27:18,089 - INFO  - Watchdog has been checked: 0 passed
12.07.2014 03:29:17,304 - INFO  - Watchdog has been checked: 0 passed
12.07.2014 03:31:18,144 - INFO  - Watchdog has been checked: 0 passed
12.07.2014 03:33:17,184 - INFO  - Watchdog has been checked: 0 passed
12.07.2014 03:35:17,184 - INFO  - Watchdog has been checked: 0 passed
12.07.2014 03:37:17,547 - INFO  - Watchdog has been checked: 0 passed
12.07.2014 03:39:17,233 - INFO  - Watchdog has been checked: 0 passed
12.07.2014 03:41:17,145 - INFO  - Watchdog has been checked: 0 passed
12.07.2014 03:43:17,201 - INFO  - Watchdog has been checked: 0 passed
12.07.2014 03:45:17,172 - INFO  - Watchdog has been checked: 0 passed
12.07.2014 03:47:17,341 - INFO  - Watchdog has been checked: 0 passed
12.07.2014 03:49:17,321 - INFO  - Watchdog has been checked: 0 passed
12.07.2014 03:51:17,149 - INFO  - Watchdog has been checked: 0 passed
12.07.2014 03:53:17,243 - INFO  - Watchdog has been checked: 0 passed
12.07.2014 03:55:17,199 - INFO  - Watchdog has been checked: 0 passed
12.07.2014 03:57:17,257 - INFO  - Watchdog has been checked: 0 passed
12.07.2014 03:59:17,212 - INFO  - Watchdog has been checked: 0 passed
12.07.2014 04:01:17,317 - INFO  - Watchdog has been checked: 0 passed
12.07.2014 04:03:17,110 - INFO  - Watchdog has been checked: 0 passed
12.07.2014 04:05:17,075 - INFO  - Watchdog has been checked: 0 passed
12.07.2014 04:07:17,147 - INFO  - Watchdog has been checked: 0 passed
12.07.2014 04:09:17,124 - INFO  - Watchdog has been checked: 0 passed
12.07.2014 04:11:17,167 - INFO  - Watchdog has been checked: 0 passed
12.07.2014 04:13:17,267 - INFO  - Watchdog has been checked: 0 passed
12.07.2014 04:15:17,085 - INFO  - Watchdog has been checked: 0 passed
12.07.2014 04:17:17,157 - INFO  - Watchdog has been checked: 0 passed
12.07.2014 04:19:17,152 - INFO  - Watchdog has been checked: 0 passed
12.07.2014 04:21:17,190 - INFO  - Watchdog has been checked: 0 passed
12.07.2014 04:23:17,289 - INFO  - Watchdog has been checked: 0 passed
12.07.2014 04:25:17,273 - INFO  - Watchdog has been checked: 0 passed
12.07.2014 04:27:17,538 - INFO  - Watchdog has been checked: 0 passed
12.07.2014 04:29:17,389 - INFO  - Watchdog has been checked: 0 passed
12.07.2014 04:31:17,170 - INFO  - Watchdog has been checked: 0 passed
12.07.2014 04:33:17,264 - INFO  - Watchdog has been checked: 0 passed
12.07.2014 04:35:17,187 - INFO  - Watchdog has been checked: 0 passed
12.07.2014 04:37:17,573 - INFO  - Watchdog has been checked: 0 passed
12.07.2014 04:39:17,260 - INFO  - Watchdog has been checked: 0 passed
12.07.2014 04:41:17,321 - INFO  - Watchdog has been checked: 0 passed
12.07.2014 04:43:17,164 - INFO  - Watchdog has been checked: 0 passed
12.07.2014 04:45:17,140 - INFO  - Watchdog has been checked: 0 passed
12.07.2014 04:47:17,432 - INFO  - Watchdog has been checked: 0 passed
12.07.2014 04:49:17,260 - INFO  - Watchdog has been checked: 0 passed
12.07.2014 04:51:17,362 - INFO  - Watchdog has been checked: 0 passed
12.07.2014 04:53:17,167 - INFO  - Watchdog has been checked: 0 passed
12.07.2014 04:55:17,177 - INFO  - Watchdog has been checked: 0 passed
12.07.2014 04:57:17,811 - INFO  - Watchdog has been checked: 0 passed
12.07.2014 04:59:17,234 - INFO  - Watchdog has been checked: 0 passed
12.07.2014 05:01:17,297 - INFO  - Watchdog has been checked: 0 passed
12.07.2014 05:03:17,118 - INFO  - Watchdog has been checked: 0 passed
12.07.2014 05:05:16,173 - INFO  - Watchdog has been checked: 0 passed
12.07.2014 05:07:16,122 - INFO  - Watchdog has been checked: 0 passed
12.07.2014 05:09:16,171 - INFO  - Watchdog has been checked: 0 passed
12.07.2014 05:11:16,192 - INFO  - Watchdog has been checked: 0 passed
12.07.2014 05:13:16,269 - INFO  - Watchdog has been checked: 0 passed
12.07.2014 05:15:16,058 - INFO  - Watchdog has been checked: 0 passed
12.07.2014 05:17:16,063 - INFO  - Watchdog has been checked: 0 passed
12.07.2014 05:19:15,086 - INFO  - Watchdog has been checked: 0 passed
12.07.2014 05:21:14,175 - INFO  - Watchdog has been checked: 0 passed
12.07.2014 05:23:15,311 - INFO  - Watchdog has been checked: 0 passed
12.07.2014 05:25:15,257 - INFO  - Watchdog has been checked: 0 passed
12.07.2014 05:27:15,273 - INFO  - Watchdog has been checked: 0 passed
12.07.2014 05:29:15,250 - INFO  - Watchdog has been checked: 0 passed
12.07.2014 05:31:15,126 - INFO  - Watchdog has been checked: 0 passed
12.07.2014 05:33:15,164 - INFO  - Watchdog has been checked: 0 passed
12.07.2014 05:35:15,234 - INFO  - Watchdog has been checked: 0 passed
12.07.2014 05:37:15,275 - INFO  - Watchdog has been checked: 0 passed
12.07.2014 05:39:15,289 - INFO  - Watchdog has been checked: 0 passed
12.07.2014 05:41:15,396 - INFO  - Watchdog has been checked: 0 passed
12.07.2014 05:43:15,188 - INFO  - Watchdog has been checked: 0 passed
12.07.2014 05:45:15,196 - INFO  - Watchdog has been checked: 0 passed
12.07.2014 05:47:15,289 - INFO  - Watchdog has been checked: 0 passed
12.07.2014 05:49:15,248 - INFO  - Watchdog has been checked: 0 passed
12.07.2014 05:51:15,346 - INFO  - Watchdog has been checked: 0 passed
12.07.2014 05:53:15,123 - INFO  - Watchdog has been checked: 0 passed
12.07.2014 05:55:15,120 - INFO  - Watchdog has been checked: 0 passed
12.07.2014 05:57:15,244 - INFO  - Watchdog has been checked: 0 passed
12.07.2014 05:59:15,165 - INFO  - Watchdog has been checked: 0 passed
12.07.2014 06:01:15,258 - INFO  - Watchdog has been checked: 0 passed
12.07.2014 06:03:15,296 - INFO  - Watchdog has been checked: 0 passed
12.07.2014 06:05:15,283 - INFO  - Watchdog has been checked: 0 passed
12.07.2014 06:07:15,349 - INFO  - Watchdog has been checked: 0 passed
12.07.2014 06:09:15,287 - INFO  - Watchdog has been checked: 0 passed
12.07.2014 06:11:15,126 - INFO  - Watchdog has been checked: 0 passed
12.07.2014 06:13:14,198 - INFO  - Watchdog has been checked: 0 passed
12.07.2014 06:15:01,583 - INFO  - mapping file sync started
12.07.2014 06:15:02,084 - INFO  - file successfully updated
12.07.2014 06:15:14,246 - INFO  - Watchdog has been checked: 0 passed
12.07.2014 06:17:14,061 - INFO  - Watchdog has been checked: 0 passed
12.07.2014 06:19:13,242 - INFO  - Watchdog has been checked: 0 passed
12.07.2014 06:21:13,054 - INFO  - Watchdog has been checked: 0 passed
12.07.2014 06:23:12,122 - INFO  - Watchdog has been checked: 0 passed
12.07.2014 06:25:11,075 - INFO  - Watchdog has been checked: 0 passed
12.07.2014 06:27:10,174 - INFO  - Watchdog has been checked: 0 passed
12.07.2014 06:29:10,137 - INFO  - Watchdog has been checked: 0 passed
12.07.2014 06:31:10,247 - INFO  - Watchdog has been checked: 0 passed
12.07.2014 06:33:10,106 - INFO  - Watchdog has been checked: 0 passed
12.07.2014 06:35:10,295 - INFO  - Watchdog has been checked: 0 passed
12.07.2014 06:37:10,101 - INFO  - Watchdog has been checked: 0 passed
12.07.2014 06:39:10,313 - INFO  - Watchdog has been checked: 0 passed
12.07.2014 06:41:10,154 - INFO  - Watchdog has been checked: 0 passed
12.07.2014 06:43:10,264 - INFO  - Watchdog has been checked: 0 passed
12.07.2014 06:45:10,217 - INFO  - Watchdog has been checked: 0 passed
12.07.2014 06:47:10,301 - INFO  - Watchdog has been checked: 0 passed
12.07.2014 06:49:10,323 - INFO  - Watchdog has been checked: 0 passed
12.07.2014 06:51:10,353 - INFO  - Watchdog has been checked: 0 passed
12.07.2014 06:53:10,219 - INFO  - Watchdog has been checked: 0 passed
12.07.2014 06:55:10,187 - INFO  - Watchdog has been checked: 0 passed
12.07.2014 06:57:10,207 - INFO  - Watchdog has been checked: 0 passed
12.07.2014 06:59:10,221 - INFO  - Watchdog has been checked: 0 passed
12.07.2014 07:01:10,232 - INFO  - Watchdog has been checked: 0 passed
12.07.2014 07:03:10,350 - INFO  - Watchdog has been checked: 0 passed
12.07.2014 07:05:10,307 - INFO  - Watchdog has been checked: 0 passed
12.07.2014 07:07:10,313 - INFO  - Watchdog has been checked: 0 passed
12.07.2014 07:09:10,376 - INFO  - Watchdog has been checked: 0 passed
12.07.2014 07:11:10,189 - INFO  - Watchdog has been checked: 0 passed
12.07.2014 07:13:10,246 - INFO  - Watchdog has been checked: 0 passed
12.07.2014 07:15:01,636 - INFO  - mapping file sync started
12.07.2014 07:15:02,136 - INFO  - file successfully updated
12.07.2014 07:15:10,258 - INFO  - Watchdog has been checked: 0 passed
12.07.2014 07:17:10,241 - INFO  - Watchdog has been checked: 0 passed
12.07.2014 07:19:10,263 - INFO  - Watchdog has been checked: 0 passed
12.07.2014 07:21:10,279 - INFO  - Watchdog has been checked: 0 passed
12.07.2014 07:23:10,080 - INFO  - Watchdog has been checked: 0 passed
12.07.2014 07:25:09,096 - INFO  - Watchdog has been checked: 0 passed
12.07.2014 07:27:08,060 - INFO  - Watchdog has been checked: 0 passed
12.07.2014 07:29:07,073 - INFO  - Watchdog has been checked: 0 passed
12.07.2014 07:31:06,094 - INFO  - Watchdog has been checked: 0 passed
12.07.2014 07:33:05,137 - INFO  - Watchdog has been checked: 0 passed
12.07.2014 07:35:05,107 - INFO  - Watchdog has been checked: 0 passed
12.07.2014 07:37:05,141 - INFO  - Watchdog has been checked: 0 passed
12.07.2014 07:39:05,120 - INFO  - Watchdog has been checked: 0 passed
12.07.2014 07:41:05,118 - INFO  - Watchdog has been checked: 0 passed
12.07.2014 07:43:05,144 - INFO  - Watchdog has been checked: 0 passed
12.07.2014 07:45:05,140 - INFO  - Watchdog has been checked: 0 passed
12.07.2014 07:47:05,265 - INFO  - Watchdog has been checked: 0 passed
12.07.2014 07:49:05,235 - INFO  - Watchdog has been checked: 0 passed
12.07.2014 07:51:05,099 - INFO  - Watchdog has been checked: 0 passed
12.07.2014 07:53:04,174 - INFO  - Watchdog has been checked: 0 passed
12.07.2014 07:55:04,172 - INFO  - Watchdog has been checked: 0 passed
12.07.2014 07:57:04,234 - INFO  - Watchdog has been checked: 0 passed
12.07.2014 07:59:04,281 - INFO  - Watchdog has been checked: 0 passed
12.07.2014 08:01:04,142 - INFO  - Watchdog has been checked: 0 passed
12.07.2014 08:03:04,178 - INFO  - Watchdog has been checked: 0 passed
12.07.2014 08:05:04,141 - INFO  - Watchdog has been checked: 0 passed
12.07.2014 08:07:04,249 - INFO  - Watchdog has been checked: 0 passed
12.07.2014 08:09:04,241 - INFO  - Watchdog has been checked: 0 passed
12.07.2014 08:11:04,376 - INFO  - Watchdog has been checked: 0 passed
12.07.2014 08:13:04,426 - INFO  - Watchdog has been checked: 0 passed
12.07.2014 08:15:04,364 - INFO  - Watchdog has been checked: 0 passed
12.07.2014 08:17:04,456 - INFO  - Watchdog has been checked: 0 passed
12.07.2014 08:19:04,398 - INFO  - Watchdog has been checked: 0 passed
12.07.2014 08:21:04,336 - INFO  - Watchdog has been checked: 0 passed
12.07.2014 08:23:04,392 - INFO  - Watchdog has been checked: 0 passed
12.07.2014 08:25:04,359 - INFO  - Watchdog has been checked: 0 passed
12.07.2014 08:27:05,248 - INFO  - Watchdog has been checked: 0 passed
12.07.2014 08:29:05,346 - INFO  - Watchdog has been checked: 0 passed
12.07.2014 08:31:05,236 - INFO  - Watchdog has been checked: 0 passed
12.07.2014 08:33:05,301 - INFO  - Watchdog has been checked: 0 passed
12.07.2014 08:35:05,223 - INFO  - Watchdog has been checked: 0 passed
12.07.2014 08:37:05,327 - INFO  - Watchdog has been checked: 0 passed
12.07.2014 08:39:05,250 - INFO  - Watchdog has been checked: 0 passed
12.07.2014 08:41:05,369 - INFO  - Watchdog has been checked: 0 passed
12.07.2014 08:43:05,450 - INFO  - Watchdog has been checked: 0 passed
12.07.2014 08:45:05,355 - INFO  - Watchdog has been checked: 0 passed
12.07.2014 08:47:05,244 - INFO  - Watchdog has been checked: 0 passed
12.07.2014 08:49:05,190 - INFO  - Watchdog has been checked: 0 passed
12.07.2014 08:51:04,086 - INFO  - Watchdog has been checked: 0 passed
12.07.2014 08:53:03,185 - INFO  - Watchdog has been checked: 0 passed
12.07.2014 08:55:05,834 - INFO  - Watchdog has been checked: 0 passed
12.07.2014 08:57:07,038 - INFO  - Watchdog has been checked: 0 passed
12.07.2014 08:59:06,135 - INFO  - Watchdog has been checked: 0 passed
12.07.2014 09:01:05,929 - INFO  - Watchdog has been checked: 0 passed
12.07.2014 09:03:05,052 - INFO  - Watchdog has been checked: 0 passed
12.07.2014 09:05:03,979 - INFO  - Watchdog has been checked: 0 passed
12.07.2014 09:07:06,548 - INFO  - Watchdog has been checked: 0 passed
12.07.2014 09:09:06,045 - INFO  - Watchdog has been checked: 0 passed
12.07.2014 09:11:05,097 - INFO  - Watchdog has been checked: 0 passed
12.07.2014 09:13:04,989 - INFO  - Watchdog has been checked: 0 passed
12.07.2014 09:15:04,127 - INFO  - Watchdog has been checked: 0 passed
12.07.2014 09:17:04,212 - INFO  - Watchdog has been checked: 0 passed
12.07.2014 09:19:04,220 - INFO  - Watchdog has been checked: 0 passed
12.07.2014 09:21:04,060 - INFO  - Watchdog has been checked: 0 passed
12.07.2014 09:23:04,208 - INFO  - Watchdog has been checked: 0 passed
12.07.2014 09:25:04,171 - INFO  - Watchdog has been checked: 0 passed
12.07.2014 09:27:05,548 - INFO  - Watchdog has been checked: 0 passed
12.07.2014 09:29:06,879 - INFO  - Watchdog has been checked: 0 passed
12.07.2014 09:31:06,365 - INFO  - Watchdog has been checked: 0 passed
12.07.2014 09:33:06,208 - INFO  - Watchdog has been checked: 0 passed
12.07.2014 09:35:06,207 - INFO  - Watchdog has been checked: 0 passed
12.07.2014 09:37:06,316 - INFO  - Watchdog has been checked: 0 passed
12.07.2014 09:39:06,382 - INFO  - Watchdog has been checked: 0 passed
12.07.2014 09:41:06,224 - INFO  - Watchdog has been checked: 0 passed
12.07.2014 09:43:06,298 - INFO  - Watchdog has been checked: 0 passed
12.07.2014 09:45:06,310 - INFO  - Watchdog has been checked: 0 passed
12.07.2014 09:47:06,333 - INFO  - Watchdog has been checked: 0 passed
12.07.2014 09:49:06,325 - INFO  - Watchdog has been checked: 0 passed
12.07.2014 09:51:06,126 - INFO  - Watchdog has been checked: 0 passed
12.07.2014 09:53:06,313 - INFO  - Watchdog has been checked: 0 passed
12.07.2014 09:55:06,316 - INFO  - Watchdog has been checked: 0 passed
12.07.2014 09:57:07,694 - INFO  - Watchdog has been checked: 0 passed
12.07.2014 09:59:07,391 - INFO  - Watchdog has been checked: 0 passed
12.07.2014 10:01:07,256 - INFO  - Watchdog has been checked: 0 passed
12.07.2014 10:03:07,315 - INFO  - Watchdog has been checked: 0 passed
12.07.2014 10:05:07,322 - INFO  - Watchdog has been checked: 0 passed
12.07.2014 10:07:07,540 - INFO  - Watchdog has been checked: 0 passed
12.07.2014 10:09:07,218 - INFO  - Watchdog has been checked: 0 passed
12.07.2014 10:11:07,244 - INFO  - Watchdog has been checked: 0 passed
12.07.2014 10:13:07,243 - INFO  - Watchdog has been checked: 0 passed
12.07.2014 10:15:07,259 - INFO  - Watchdog has been checked: 0 passed
12.07.2014 10:17:07,517 - INFO  - Watchdog has been checked: 0 passed
12.07.2014 10:19:07,267 - INFO  - Watchdog has been checked: 0 passed
12.07.2014 10:21:07,107 - INFO  - Watchdog has been checked: 0 passed
12.07.2014 10:23:06,150 - INFO  - Watchdog has been checked: 0 passed
12.07.2014 10:25:06,157 - INFO  - Watchdog has been checked: 0 passed
12.07.2014 10:27:06,094 - INFO  - Watchdog has been checked: 0 passed
12.07.2014 10:29:06,377 - INFO  - Watchdog has been checked: 0 passed
12.07.2014 10:31:06,932 - INFO  - Watchdog has been checked: 0 passed
12.07.2014 10:33:06,232 - INFO  - Watchdog has been checked: 0 passed
12.07.2014 10:35:06,246 - INFO  - Watchdog has been checked: 0 passed
12.07.2014 10:37:06,247 - INFO  - Watchdog has been checked: 0 passed
12.07.2014 10:39:06,227 - INFO  - Watchdog has been checked: 0 passed
12.07.2014 10:41:06,342 - INFO  - Watchdog has been checked: 0 passed
12.07.2014 10:43:06,126 - INFO  - Watchdog has been checked: 0 passed
12.07.2014 10:45:06,363 - INFO  - Watchdog has been checked: 0 passed
12.07.2014 10:47:06,177 - INFO  - Watchdog has been checked: 0 passed
12.07.2014 10:49:06,354 - INFO  - Watchdog has been checked: 0 passed
12.07.2014 10:51:06,278 - INFO  - Watchdog has been checked: 0 passed
12.07.2014 10:53:06,309 - INFO  - Watchdog has been checked: 0 passed
12.07.2014 10:55:06,316 - INFO  - Watchdog has been checked: 0 passed
12.07.2014 10:57:06,358 - INFO  - Watchdog has been checked: 0 passed
12.07.2014 10:59:07,275 - INFO  - Watchdog has been checked: 0 passed
12.07.2014 11:01:07,124 - INFO  - Watchdog has been checked: 0 passed
12.07.2014 11:03:07,217 - INFO  - Watchdog has been checked: 0 passed
12.07.2014 11:05:07,187 - INFO  - Watchdog has been checked: 0 passed
12.07.2014 11:07:07,345 - INFO  - Watchdog has been checked: 0 passed
12.07.2014 11:09:07,212 - INFO  - Watchdog has been checked: 0 passed
12.07.2014 11:11:07,250 - INFO  - Watchdog has been checked: 0 passed
12.07.2014 11:13:07,058 - INFO  - Watchdog has been checked: 0 passed
12.07.2014 11:15:06,256 - INFO  - Watchdog has been checked: 0 passed
12.07.2014 11:17:06,091 - INFO  - Watchdog has been checked: 0 passed
12.07.2014 11:19:05,006 - INFO  - Watchdog has been checked: 0 passed
12.07.2014 11:21:04,126 - INFO  - Watchdog has been checked: 0 passed
12.07.2014 11:23:04,202 - INFO  - Watchdog has been checked: 0 passed
12.07.2014 11:25:04,124 - INFO  - Watchdog has been checked: 0 passed
12.07.2014 11:27:04,209 - INFO  - Watchdog has been checked: 0 passed
12.07.2014 11:29:04,200 - INFO  - Watchdog has been checked: 0 passed
12.07.2014 11:31:05,909 - INFO  - Watchdog has been checked: 0 passed
12.07.2014 11:33:05,112 - INFO  - Watchdog has been checked: 0 passed
12.07.2014 11:35:05,049 - INFO  - Watchdog has been checked: 0 passed
12.07.2014 11:37:04,142 - INFO  - Watchdog has been checked: 0 passed
12.07.2014 11:39:04,125 - INFO  - Watchdog has been checked: 0 passed
12.07.2014 11:41:03,189 - INFO  - Watchdog has been checked: 0 passed
12.07.2014 11:43:03,304 - INFO  - Watchdog has been checked: 0 passed
12.07.2014 11:45:03,205 - INFO  - Watchdog has been checked: 0 passed
12.07.2014 11:47:03,242 - INFO  - Watchdog has been checked: 0 passed
12.07.2014 11:49:03,307 - INFO  - Watchdog has been checked: 0 passed
12.07.2014 11:51:03,362 - INFO  - Watchdog has been checked: 0 passed
12.07.2014 11:53:03,234 - INFO  - Watchdog has been checked: 0 passed
12.07.2014 11:55:03,412 - INFO  - Watchdog has been checked: 0 passed
12.07.2014 11:57:03,186 - INFO  - Watchdog has been checked: 0 passed
12.07.2014 11:59:03,259 - INFO  - Watchdog has been checked: 0 passed
12.07.2014 12:01:07,343 - INFO  - Watchdog has been checked: 0 passed
12.07.2014 12:03:07,148 - INFO  - Watchdog has been checked: 0 passed
12.07.2014 12:05:07,177 - INFO  - Watchdog has been checked: 0 passed
12.07.2014 12:07:07,389 - INFO  - Watchdog has been checked: 0 passed
12.07.2014 12:09:07,211 - INFO  - Watchdog has been checked: 0 passed
12.07.2014 12:11:07,246 - INFO  - Watchdog has been checked: 0 passed
12.07.2014 12:13:07,313 - INFO  - Watchdog has been checked: 0 passed
12.07.2014 12:15:07,317 - INFO  - Watchdog has been checked: 0 passed
12.07.2014 12:17:07,469 - INFO  - Watchdog has been checked: 0 passed
12.07.2014 12:19:07,406 - INFO  - Watchdog has been checked: 0 passed
12.07.2014 12:19:35,030 - INFO  - searcher identified --- respT: 24ms, 5282 results, web:(PSIWeb), q=, 
12.07.2014 12:20:08,252 - INFO  - searcher identified --- respT: 16ms, 129 results, web:(PSIWeb), q=solr, 
12.07.2014 12:20:09,337 - INFO  - searcher identified --- respT: 16ms, 129 results, web:(PSIWeb), q=solr, 
12.07.2014 12:20:11,963 - INFO  - searcher identified --- respT: 15ms, 30 results, web:(PSIWeb), author:AndreLichtsteiner, q=solr, 
12.07.2014 12:21:07,447 - INFO  - Watchdog has been checked: 0 passed
12.07.2014 12:23:07,251 - INFO  - Watchdog has been checked: 0 passed
12.07.2014 12:25:07,244 - INFO  - Watchdog has been checked: 0 passed
12.07.2014 12:27:07,438 - INFO  - Watchdog has been checked: 0 passed
12.07.2014 12:29:07,292 - INFO  - Watchdog has been checked: 0 passed
12.07.2014 12:31:07,387 - INFO  - Watchdog has been checked: 0 passed
12.07.2014 12:33:07,273 - INFO  - Watchdog has been checked: 0 passed
12.07.2014 12:35:07,269 - INFO  - Watchdog has been checked: 0 passed
12.07.2014 12:37:07,493 - INFO  - Watchdog has been checked: 0 passed
12.07.2014 12:39:07,233 - INFO  - Watchdog has been checked: 0 passed
12.07.2014 12:41:07,318 - INFO  - Watchdog has been checked: 0 passed
12.07.2014 12:43:07,117 - INFO  - Watchdog has been checked: 0 passed
12.07.2014 12:45:07,125 - INFO  - Watchdog has been checked: 0 passed
12.07.2014 12:47:07,338 - INFO  - Watchdog has been checked: 0 passed
12.07.2014 12:49:07,127 - INFO  - Watchdog has been checked: 0 passed
12.07.2014 12:51:07,208 - INFO  - Watchdog has been checked: 0 passed
12.07.2014 12:53:07,259 - INFO  - Watchdog has been checked: 0 passed
12.07.2014 12:55:07,293 - INFO  - Watchdog has been checked: 0 passed
12.07.2014 12:57:07,263 - INFO  - Watchdog has been checked: 0 passed
12.07.2014 12:59:07,311 - INFO  - Watchdog has been checked: 0 passed
12.07.2014 13:01:07,176 - INFO  - Watchdog has been checked: 0 passed
12.07.2014 13:03:06,155 - INFO  - Watchdog has been checked: 0 passed
12.07.2014 13:05:06,160 - INFO  - Watchdog has been checked: 0 passed
12.07.2014 13:07:06,622 - INFO  - Watchdog has been checked: 0 passed
12.07.2014 13:09:06,187 - INFO  - Watchdog has been checked: 0 passed
12.07.2014 13:11:06,065 - INFO  - Watchdog has been checked: 0 passed
12.07.2014 13:13:05,120 - INFO  - Watchdog has been checked: 0 passed
12.07.2014 13:15:05,103 - INFO  - Watchdog has been checked: 0 passed
12.07.2014 13:17:04,160 - INFO  - Watchdog has been checked: 0 passed
12.07.2014 13:19:04,111 - INFO  - Watchdog has been checked: 0 passed
12.07.2014 13:21:04,266 - INFO  - Watchdog has been checked: 0 passed
12.07.2014 13:23:04,119 - INFO  - Watchdog has been checked: 0 passed
12.07.2014 13:25:03,339 - INFO  - Watchdog has been checked: 0 passed
12.07.2014 13:27:03,375 - INFO  - Watchdog has been checked: 0 passed
12.07.2014 13:29:03,402 - INFO  - Watchdog has been checked: 0 passed
12.07.2014 13:31:03,284 - INFO  - Watchdog has been checked: 0 passed
12.07.2014 13:33:03,437 - INFO  - Watchdog has been checked: 0 passed
12.07.2014 13:35:03,601 - INFO  - Watchdog has been checked: 0 passed
12.07.2014 13:37:05,481 - INFO  - Watchdog has been checked: 0 passed
12.07.2014 13:39:05,382 - INFO  - Watchdog has been checked: 0 passed
12.07.2014 13:41:05,237 - INFO  - Watchdog has been checked: 0 passed
12.07.2014 13:43:05,337 - INFO  - Watchdog has been checked: 0 passed
12.07.2014 13:45:05,285 - INFO  - Watchdog has been checked: 0 passed
12.07.2014 13:47:05,151 - INFO  - Watchdog has been checked: 0 passed
12.07.2014 13:49:05,205 - INFO  - Watchdog has been checked: 0 passed
12.07.2014 13:51:05,312 - INFO  - Watchdog has been checked: 0 passed
12.07.2014 13:53:05,265 - INFO  - Watchdog has been checked: 0 passed
12.07.2014 13:55:05,176 - INFO  - Watchdog has been checked: 0 passed
12.07.2014 13:57:05,288 - INFO  - Watchdog has been checked: 0 passed
12.07.2014 13:59:05,256 - INFO  - Watchdog has been checked: 0 passed
12.07.2014 14:01:05,119 - INFO  - Watchdog has been checked: 0 passed
12.07.2014 14:03:05,235 - INFO  - Watchdog has been checked: 0 passed
12.07.2014 14:05:07,145 - INFO  - Watchdog has been checked: 0 passed
12.07.2014 14:07:07,245 - INFO  - Watchdog has been checked: 0 passed
12.07.2014 14:09:07,256 - INFO  - Watchdog has been checked: 0 passed
12.07.2014 14:11:07,025 - INFO  - Watchdog has been checked: 0 passed
12.07.2014 14:13:06,096 - INFO  - Watchdog has been checked: 0 passed
12.07.2014 14:15:06,315 - INFO  - Watchdog has been checked: 0 passed
12.07.2014 14:17:07,266 - INFO  - Watchdog has been checked: 0 passed
12.07.2014 14:19:07,099 - INFO  - Watchdog has been checked: 0 passed
12.07.2014 14:21:06,108 - INFO  - Watchdog has been checked: 0 passed
12.07.2014 14:23:06,206 - INFO  - Watchdog has been checked: 0 passed
12.07.2014 14:25:06,259 - INFO  - Watchdog has been checked: 0 passed
12.07.2014 14:27:06,034 - INFO  - Watchdog has been checked: 0 passed
12.07.2014 14:29:06,251 - INFO  - Watchdog has been checked: 0 passed
12.07.2014 14:31:06,080 - INFO  - Watchdog has been checked: 0 passed
12.07.2014 14:33:05,198 - INFO  - Watchdog has been checked: 0 passed
12.07.2014 14:35:05,198 - INFO  - Watchdog has been checked: 0 passed
12.07.2014 14:37:05,638 - INFO  - Watchdog has been checked: 0 passed
12.07.2014 14:39:07,005 - INFO  - Watchdog has been checked: 0 passed
12.07.2014 14:41:06,124 - INFO  - Watchdog has been checked: 0 passed
12.07.2014 14:43:06,228 - INFO  - Watchdog has been checked: 0 passed
12.07.2014 14:45:06,245 - INFO  - Watchdog has been checked: 0 passed
12.07.2014 14:47:06,475 - INFO  - Watchdog has been checked: 0 passed
12.07.2014 14:49:06,304 - INFO  - Watchdog has been checked: 0 passed
12.07.2014 14:51:06,138 - INFO  - Watchdog has been checked: 0 passed
12.07.2014 14:53:06,209 - INFO  - Watchdog has been checked: 0 passed
12.07.2014 14:55:06,203 - INFO  - Watchdog has been checked: 0 passed
12.07.2014 14:57:06,235 - INFO  - Watchdog has been checked: 0 passed
12.07.2014 14:59:06,210 - INFO  - Watchdog has been checked: 0 passed
12.07.2014 15:01:06,342 - INFO  - Watchdog has been checked: 0 passed
12.07.2014 15:03:06,159 - INFO  - Watchdog has been checked: 0 passed
12.07.2014 15:05:06,195 - INFO  - Watchdog has been checked: 0 passed
12.07.2014 15:07:07,787 - INFO  - Watchdog has been checked: 0 passed
12.07.2014 15:09:07,275 - INFO  - Watchdog has been checked: 0 passed
12.07.2014 15:11:07,353 - INFO  - Watchdog has been checked: 0 passed
12.07.2014 15:13:07,166 - INFO  - Watchdog has been checked: 0 passed
12.07.2014 15:15:07,179 - INFO  - Watchdog has been checked: 0 passed
12.07.2014 15:17:07,523 - INFO  - Watchdog has been checked: 0 passed
12.07.2014 15:19:07,444 - INFO  - Watchdog has been checked: 0 passed
12.07.2014 15:21:07,334 - INFO  - Watchdog has been checked: 0 passed
12.07.2014 15:23:07,384 - INFO  - Watchdog has been checked: 0 passed
12.07.2014 15:25:07,418 - INFO  - Watchdog has been checked: 0 passed
12.07.2014 15:27:07,620 - INFO  - Watchdog has been checked: 0 passed
12.07.2014 15:29:07,177 - INFO  - Watchdog has been checked: 0 passed
12.07.2014 15:31:07,288 - INFO  - Watchdog has been checked: 0 passed
12.07.2014 15:33:07,338 - INFO  - Watchdog has been checked: 0 passed
12.07.2014 15:35:07,377 - INFO  - Watchdog has been checked: 0 passed
12.07.2014 15:37:07,512 - INFO  - Watchdog has been checked: 0 passed
12.07.2014 15:39:07,311 - INFO  - Watchdog has been checked: 0 passed
12.07.2014 15:41:07,386 - INFO  - Watchdog has been checked: 0 passed
12.07.2014 15:43:07,182 - INFO  - Watchdog has been checked: 0 passed
12.07.2014 15:45:07,175 - INFO  - Watchdog has been checked: 0 passed
12.07.2014 15:47:07,471 - INFO  - Watchdog has been checked: 0 passed
12.07.2014 15:49:07,213 - INFO  - Watchdog has been checked: 0 passed
12.07.2014 15:51:07,052 - INFO  - Watchdog has been checked: 0 passed
12.07.2014 15:53:06,092 - INFO  - Watchdog has been checked: 0 passed
12.07.2014 15:55:22,030 - INFO  - Watchdog has been checked: 0 passed
12.07.2014 15:56:03,975 - INFO  - Watchdog has been checked: 0 passed
12.07.2014 15:58:03,243 - INFO  - Watchdog has been checked: 0 passed
12.07.2014 16:00:03,011 - INFO  - Watchdog has been checked: 0 passed
12.07.2014 16:02:02,261 - INFO  - Watchdog has been checked: 0 passed
12.07.2014 16:04:02,030 - INFO  - Watchdog has been checked: 0 passed
12.07.2014 16:06:01,172 - INFO  - Watchdog has been checked: 0 passed
12.07.2014 16:08:01,123 - INFO  - Watchdog has been checked: 0 passed
12.07.2014 16:10:01,096 - INFO  - Watchdog has been checked: 0 passed
12.07.2014 16:12:01,114 - INFO  - Watchdog has been checked: 0 passed
12.07.2014 16:14:01,173 - INFO  - Watchdog has been checked: 0 passed
12.07.2014 16:16:01,257 - INFO  - Watchdog has been checked: 0 passed
12.07.2014 16:18:01,295 - INFO  - Watchdog has been checked: 0 passed
12.07.2014 16:20:01,271 - INFO  - Watchdog has been checked: 0 passed
12.07.2014 16:22:01,308 - INFO  - Watchdog has been checked: 0 passed
12.07.2014 16:24:01,151 - INFO  - Watchdog has been checked: 0 passed
12.07.2014 16:26:01,222 - INFO  - Watchdog has been checked: 0 passed
12.07.2014 16:28:01,273 - INFO  - Watchdog has been checked: 0 passed
12.07.2014 16:30:01,278 - INFO  - Watchdog has been checked: 0 passed
12.07.2014 16:32:01,299 - INFO  - Watchdog has been checked: 0 passed
12.07.2014 16:34:01,371 - INFO  - Watchdog has been checked: 0 passed
12.07.2014 16:36:01,224 - INFO  - Watchdog has been checked: 0 passed
12.07.2014 16:38:01,288 - INFO  - Watchdog has been checked: 0 passed
12.07.2014 16:40:01,282 - INFO  - Watchdog has been checked: 0 passed
12.07.2014 16:42:01,250 - INFO  - Watchdog has been checked: 0 passed
12.07.2014 16:44:01,320 - INFO  - Watchdog has been checked: 0 passed
12.07.2014 16:46:01,363 - INFO  - Watchdog has been checked: 0 passed
12.07.2014 16:48:01,184 - INFO  - Watchdog has been checked: 0 passed
12.07.2014 16:50:01,234 - INFO  - Watchdog has been checked: 0 passed
12.07.2014 16:52:01,218 - INFO  - Watchdog has been checked: 0 passed
12.07.2014 16:54:01,316 - INFO  - Watchdog has been checked: 0 passed
12.07.2014 16:56:01,366 - INFO  - Watchdog has been checked: 0 passed
12.07.2014 16:58:01,175 - INFO  - Watchdog has been checked: 0 passed
12.07.2014 17:00:01,177 - INFO  - Watchdog has been checked: 0 passed
12.07.2014 17:02:01,181 - INFO  - Watchdog has been checked: 0 passed
12.07.2014 17:04:01,252 - INFO  - Watchdog has been checked: 0 passed
12.07.2014 17:06:01,068 - INFO  - Watchdog has been checked: 0 passed
12.07.2014 17:08:00,118 - INFO  - Watchdog has been checked: 0 passed
12.07.2014 17:10:00,161 - INFO  - Watchdog has been checked: 0 passed
12.07.2014 17:12:00,141 - INFO  - Watchdog has been checked: 0 passed
12.07.2014 17:14:00,240 - INFO  - Watchdog has been checked: 0 passed
12.07.2014 17:16:00,132 - INFO  - Watchdog has been checked: 0 passed
12.07.2014 17:18:00,144 - INFO  - Watchdog has been checked: 0 passed
12.07.2014 17:20:00,156 - INFO  - Watchdog has been checked: 0 passed
12.07.2014 17:22:00,139 - INFO  - Watchdog has been checked: 0 passed
12.07.2014 17:24:00,224 - INFO  - Watchdog has been checked: 0 passed
12.07.2014 17:26:00,071 - INFO  - Watchdog has been checked: 0 passed
12.07.2014 17:28:00,091 - INFO  - Watchdog has been checked: 0 passed
12.07.2014 17:30:00,137 - INFO  - Watchdog has been checked: 0 passed
12.07.2014 17:32:00,120 - INFO  - Watchdog has been checked: 0 passed
12.07.2014 17:34:00,182 - INFO  - Watchdog has been checked: 0 passed
12.07.2014 17:36:00,278 - INFO  - Watchdog has been checked: 0 passed
12.07.2014 17:38:00,277 - INFO  - Watchdog has been checked: 0 passed
12.07.2014 17:40:00,342 - INFO  - Watchdog has been checked: 0 passed
12.07.2014 17:42:00,335 - INFO  - Watchdog has been checked: 0 passed
12.07.2014 17:44:00,133 - INFO  - Watchdog has been checked: 0 passed
12.07.2014 17:46:00,244 - INFO  - Watchdog has been checked: 0 passed
12.07.2014 17:48:00,266 - INFO  - Watchdog has been checked: 0 passed
12.07.2014 17:50:00,311 - INFO  - Watchdog has been checked: 0 passed
12.07.2014 17:52:00,298 - INFO  - Watchdog has been checked: 0 passed
12.07.2014 17:54:00,329 - INFO  - Watchdog has been checked: 0 passed
12.07.2014 17:56:00,174 - INFO  - Watchdog has been checked: 0 passed
12.07.2014 17:57:59,156 - INFO  - Watchdog has been checked: 0 passed
12.07.2014 17:59:58,181 - INFO  - Watchdog has been checked: 0 passed
12.07.2014 18:01:58,215 - INFO  - Watchdog has been checked: 0 passed
12.07.2014 18:03:58,264 - INFO  - Watchdog has been checked: 0 passed
12.07.2014 18:05:58,349 - INFO  - Watchdog has been checked: 0 passed
12.07.2014 18:07:58,132 - INFO  - Watchdog has been checked: 0 passed
12.07.2014 18:09:58,141 - INFO  - Watchdog has been checked: 0 passed
12.07.2014 18:11:58,177 - INFO  - Watchdog has been checked: 0 passed
12.07.2014 18:13:58,213 - INFO  - Watchdog has been checked: 0 passed
12.07.2014 18:15:58,319 - INFO  - Watchdog has been checked: 0 passed
12.07.2014 18:17:58,109 - INFO  - Watchdog has been checked: 0 passed
12.07.2014 18:19:57,100 - INFO  - Watchdog has been checked: 0 passed
12.07.2014 18:21:57,090 - INFO  - Watchdog has been checked: 0 passed
12.07.2014 18:23:57,124 - INFO  - Watchdog has been checked: 0 passed
12.07.2014 18:25:57,236 - INFO  - Watchdog has been checked: 0 passed
12.07.2014 18:27:57,275 - INFO  - Watchdog has been checked: 0 passed
12.07.2014 18:29:57,032 - INFO  - Watchdog has been checked: 0 passed
12.07.2014 18:31:57,015 - INFO  - Watchdog has been checked: 0 passed
12.07.2014 18:33:56,058 - INFO  - Watchdog has been checked: 0 passed
12.07.2014 18:35:56,157 - INFO  - Watchdog has been checked: 0 passed
12.07.2014 18:37:56,189 - INFO  - Watchdog has been checked: 0 passed
12.07.2014 18:39:56,212 - INFO  - Watchdog has been checked: 0 passed
12.07.2014 18:41:56,202 - INFO  - Watchdog has been checked: 0 passed
12.07.2014 18:43:56,236 - INFO  - Watchdog has been checked: 0 passed
12.07.2014 18:45:56,082 - INFO  - Watchdog has been checked: 0 passed
12.07.2014 18:47:55,170 - INFO  - Watchdog has been checked: 0 passed
12.07.2014 18:49:55,185 - INFO  - Watchdog has been checked: 0 passed
12.07.2014 18:51:55,192 - INFO  - Watchdog has been checked: 0 passed
12.07.2014 18:53:55,236 - INFO  - Watchdog has been checked: 0 passed
12.07.2014 18:55:55,314 - INFO  - Watchdog has been checked: 0 passed
12.07.2014 18:57:55,331 - INFO  - Watchdog has been checked: 0 passed
12.07.2014 18:59:55,333 - INFO  - Watchdog has been checked: 0 passed
12.07.2014 19:01:55,329 - INFO  - Watchdog has been checked: 0 passed
12.07.2014 19:03:55,195 - INFO  - Watchdog has been checked: 0 passed
12.07.2014 19:05:55,272 - INFO  - Watchdog has been checked: 0 passed
12.07.2014 19:07:55,303 - INFO  - Watchdog has been checked: 0 passed
12.07.2014 19:09:57,311 - INFO  - Watchdog has been checked: 0 passed
12.07.2014 19:11:57,304 - INFO  - Watchdog has been checked: 0 passed
12.07.2014 19:13:57,372 - INFO  - Watchdog has been checked: 0 passed
12.07.2014 19:15:57,426 - INFO  - Watchdog has been checked: 0 passed
12.07.2014 19:17:57,222 - INFO  - Watchdog has been checked: 0 passed
12.07.2014 19:19:57,216 - INFO  - Watchdog has been checked: 0 passed
12.07.2014 19:21:57,300 - INFO  - Watchdog has been checked: 0 passed
12.07.2014 19:23:57,080 - INFO  - Watchdog has been checked: 0 passed
12.07.2014 19:25:56,187 - INFO  - Watchdog has been checked: 0 passed
12.07.2014 19:27:56,257 - INFO  - Watchdog has been checked: 0 passed
12.07.2014 19:29:56,283 - INFO  - Watchdog has been checked: 0 passed
12.07.2014 19:31:56,255 - INFO  - Watchdog has been checked: 0 passed
12.07.2014 19:33:56,293 - INFO  - Watchdog has been checked: 0 passed
12.07.2014 19:35:56,354 - INFO  - Watchdog has been checked: 0 passed
12.07.2014 19:37:56,151 - INFO  - Watchdog has been checked: 0 passed
12.07.2014 19:39:56,182 - INFO  - Watchdog has been checked: 0 passed
12.07.2014 19:41:56,183 - INFO  - Watchdog has been checked: 0 passed
12.07.2014 19:43:56,253 - INFO  - Watchdog has been checked: 0 passed
12.07.2014 19:45:56,331 - INFO  - Watchdog has been checked: 0 passed
12.07.2014 19:47:56,140 - INFO  - Watchdog has been checked: 0 passed
12.07.2014 19:49:56,131 - INFO  - Watchdog has been checked: 0 passed
12.07.2014 19:51:56,139 - INFO  - Watchdog has been checked: 0 passed
12.07.2014 19:53:56,190 - INFO  - Watchdog has been checked: 0 passed
12.07.2014 19:55:56,267 - INFO  - Watchdog has been checked: 0 passed
12.07.2014 19:57:56,034 - INFO  - Watchdog has been checked: 0 passed
12.07.2014 19:59:56,039 - INFO  - Watchdog has been checked: 0 passed
12.07.2014 20:01:56,286 - INFO  - Watchdog has been checked: 0 passed
12.07.2014 20:03:56,065 - INFO  - Watchdog has been checked: 0 passed
12.07.2014 20:05:56,155 - INFO  - Watchdog has been checked: 0 passed
12.07.2014 20:07:56,159 - INFO  - Watchdog has been checked: 0 passed
12.07.2014 20:09:56,211 - INFO  - Watchdog has been checked: 0 passed
12.07.2014 20:11:57,192 - INFO  - Watchdog has been checked: 0 passed
12.07.2014 20:13:57,258 - INFO  - Watchdog has been checked: 0 passed
12.07.2014 20:15:57,358 - INFO  - Watchdog has been checked: 0 passed
12.07.2014 20:17:57,095 - INFO  - Watchdog has been checked: 0 passed
12.07.2014 20:19:56,122 - INFO  - Watchdog has been checked: 0 passed
12.07.2014 20:21:56,132 - INFO  - Watchdog has been checked: 0 passed
12.07.2014 20:23:55,350 - INFO  - Watchdog has been checked: 0 passed
12.07.2014 20:25:55,269 - INFO  - Watchdog has been checked: 0 passed
12.07.2014 20:27:55,298 - INFO  - Watchdog has been checked: 0 passed
12.07.2014 20:29:55,320 - INFO  - Watchdog has been checked: 0 passed
12.07.2014 20:31:55,313 - INFO  - Watchdog has been checked: 0 passed
12.07.2014 20:33:55,364 - INFO  - Watchdog has been checked: 0 passed
12.07.2014 20:35:55,193 - INFO  - Watchdog has been checked: 0 passed
12.07.2014 20:37:55,194 - INFO  - Watchdog has been checked: 0 passed
12.07.2014 20:39:55,209 - INFO  - Watchdog has been checked: 0 passed
12.07.2014 20:41:55,226 - INFO  - Watchdog has been checked: 0 passed
12.07.2014 20:43:54,510 - INFO  - Watchdog has been checked: 0 passed
12.07.2014 20:45:54,378 - INFO  - Watchdog has been checked: 0 passed
12.07.2014 20:47:54,217 - INFO  - Watchdog has been checked: 0 passed
12.07.2014 20:49:53,252 - INFO  - Watchdog has been checked: 0 passed
12.07.2014 20:51:53,296 - INFO  - Watchdog has been checked: 0 passed
12.07.2014 20:53:53,419 - INFO  - Watchdog has been checked: 0 passed
12.07.2014 20:55:53,256 - INFO  - Watchdog has been checked: 0 passed
12.07.2014 20:57:52,487 - INFO  - Watchdog has been checked: 0 passed
12.07.2014 20:59:52,242 - INFO  - Watchdog has been checked: 0 passed
12.07.2014 21:01:52,473 - INFO  - Watchdog has been checked: 0 passed
12.07.2014 21:03:52,271 - INFO  - Watchdog has been checked: 0 passed
12.07.2014 21:05:52,352 - INFO  - Watchdog has been checked: 0 passed
12.07.2014 21:07:52,373 - INFO  - Watchdog has been checked: 0 passed
12.07.2014 21:09:52,110 - INFO  - Watchdog has been checked: 0 passed
12.07.2014 21:11:52,364 - INFO  - Watchdog has been checked: 0 passed
12.07.2014 21:13:52,198 - INFO  - Watchdog has been checked: 0 passed
12.07.2014 21:15:52,313 - INFO  - Watchdog has been checked: 0 passed
12.07.2014 21:17:52,360 - INFO  - Watchdog has been checked: 0 passed
12.07.2014 21:19:52,375 - INFO  - Watchdog has been checked: 0 passed
12.07.2014 21:21:52,121 - INFO  - Watchdog has been checked: 0 passed
12.07.2014 21:23:52,173 - INFO  - Watchdog has been checked: 0 passed
12.07.2014 21:25:52,258 - INFO  - Watchdog has been checked: 0 passed
12.07.2014 21:27:52,083 - INFO  - Watchdog has been checked: 0 passed
12.07.2014 21:29:52,100 - INFO  - Watchdog has been checked: 0 passed
12.07.2014 21:31:51,091 - INFO  - Watchdog has been checked: 0 passed
12.07.2014 21:33:50,145 - INFO  - Watchdog has been checked: 0 passed
12.07.2014 21:35:50,191 - INFO  - Watchdog has been checked: 0 passed
12.07.2014 21:37:49,989 - INFO  - Watchdog has been checked: 0 passed
12.07.2014 21:39:49,241 - INFO  - Watchdog has been checked: 0 passed
12.07.2014 21:41:49,239 - INFO  - Watchdog has been checked: 0 passed
12.07.2014 21:43:49,038 - INFO  - Watchdog has been checked: 0 passed
12.07.2014 21:45:49,124 - INFO  - Watchdog has been checked: 0 passed
12.07.2014 21:47:49,211 - INFO  - Watchdog has been checked: 0 passed
12.07.2014 21:49:49,220 - INFO  - Watchdog has been checked: 0 passed
12.07.2014 21:51:49,234 - INFO  - Watchdog has been checked: 0 passed
12.07.2014 21:53:49,043 - INFO  - Watchdog has been checked: 0 passed
12.07.2014 21:55:48,133 - INFO  - Watchdog has been checked: 0 passed
12.07.2014 21:57:48,186 - INFO  - Watchdog has been checked: 0 passed
12.07.2014 21:59:48,209 - INFO  - Watchdog has been checked: 0 passed
12.07.2014 22:01:48,170 - INFO  - Watchdog has been checked: 0 passed
12.07.2014 22:03:48,238 - INFO  - Watchdog has been checked: 0 passed
12.07.2014 22:05:48,346 - INFO  - Watchdog has been checked: 0 passed
12.07.2014 22:07:48,375 - INFO  - Watchdog has been checked: 0 passed
12.07.2014 22:09:48,161 - INFO  - Watchdog has been checked: 0 passed
12.07.2014 22:11:48,185 - INFO  - Watchdog has been checked: 0 passed
12.07.2014 22:13:48,196 - INFO  - Watchdog has been checked: 0 passed
12.07.2014 22:15:48,291 - INFO  - Watchdog has been checked: 0 passed
12.07.2014 22:17:48,299 - INFO  - Watchdog has been checked: 0 passed
12.07.2014 22:19:48,309 - INFO  - Watchdog has been checked: 0 passed
12.07.2014 22:21:48,317 - INFO  - Watchdog has been checked: 0 passed
12.07.2014 22:23:48,350 - INFO  - Watchdog has been checked: 0 passed
12.07.2014 22:25:48,423 - INFO  - Watchdog has been checked: 0 passed
12.07.2014 22:27:48,440 - INFO  - Watchdog has been checked: 0 passed
12.07.2014 22:29:48,164 - INFO  - Watchdog has been checked: 0 passed
12.07.2014 22:31:48,159 - INFO  - Watchdog has been checked: 0 passed
12.07.2014 22:33:48,249 - INFO  - Watchdog has been checked: 0 passed
12.07.2014 22:35:48,327 - INFO  - Watchdog has been checked: 0 passed
12.07.2014 22:37:48,424 - INFO  - Watchdog has been checked: 0 passed
12.07.2014 22:39:48,291 - INFO  - Watchdog has been checked: 0 passed
12.07.2014 22:41:48,284 - INFO  - Watchdog has been checked: 0 passed
12.07.2014 22:43:48,305 - INFO  - Watchdog has been checked: 0 passed
12.07.2014 22:45:48,124 - INFO  - Watchdog has been checked: 0 passed
12.07.2014 22:47:47,217 - INFO  - Watchdog has been checked: 0 passed
12.07.2014 22:49:47,227 - INFO  - Watchdog has been checked: 0 passed
12.07.2014 22:51:47,260 - INFO  - Watchdog has been checked: 0 passed
12.07.2014 22:53:47,064 - INFO  - Watchdog has been checked: 0 passed
12.07.2014 22:55:46,136 - INFO  - Watchdog has been checked: 0 passed
12.07.2014 22:57:46,168 - INFO  - Watchdog has been checked: 0 passed
12.07.2014 22:59:46,187 - INFO  - Watchdog has been checked: 0 passed
12.07.2014 23:01:46,164 - INFO  - Watchdog has been checked: 0 passed
12.07.2014 23:03:46,197 - INFO  - Watchdog has been checked: 0 passed
12.07.2014 23:05:46,270 - INFO  - Watchdog has been checked: 0 passed
12.07.2014 23:07:46,307 - INFO  - Watchdog has been checked: 0 passed
12.07.2014 23:09:46,325 - INFO  - Watchdog has been checked: 0 passed
12.07.2014 23:11:46,248 - INFO  - Watchdog has been checked: 0 passed
12.07.2014 23:13:46,495 - INFO  - Watchdog has been checked: 0 passed
12.07.2014 23:15:46,208 - INFO  - Watchdog has been checked: 0 passed
12.07.2014 23:17:46,350 - INFO  - Watchdog has been checked: 0 passed
12.07.2014 23:19:46,349 - INFO  - Watchdog has been checked: 0 passed
12.07.2014 23:21:46,318 - INFO  - Watchdog has been checked: 0 passed
12.07.2014 23:23:46,380 - INFO  - Watchdog has been checked: 0 passed
12.07.2014 23:25:46,235 - INFO  - Watchdog has been checked: 0 passed
12.07.2014 23:27:46,292 - INFO  - Watchdog has been checked: 0 passed
12.07.2014 23:29:46,294 - INFO  - Watchdog has been checked: 0 passed
12.07.2014 23:31:46,281 - INFO  - Watchdog has been checked: 0 passed
12.07.2014 23:33:46,360 - INFO  - Watchdog has been checked: 0 passed
12.07.2014 23:35:46,263 - INFO  - Watchdog has been checked: 0 passed
12.07.2014 23:37:46,288 - INFO  - Watchdog has been checked: 0 passed
12.07.2014 23:39:46,314 - INFO  - Watchdog has been checked: 0 passed
12.07.2014 23:41:46,294 - INFO  - Watchdog has been checked: 0 passed
12.07.2014 23:43:47,358 - INFO  - Watchdog has been checked: 0 passed
12.07.2014 23:45:47,429 - INFO  - Watchdog has been checked: 0 passed
12.07.2014 23:47:47,482 - INFO  - Watchdog has been checked: 0 passed
12.07.2014 23:49:47,490 - INFO  - Watchdog has been checked: 0 passed
12.07.2014 23:51:47,484 - INFO  - Watchdog has been checked: 0 passed
12.07.2014 23:53:47,258 - INFO  - Watchdog has been checked: 0 passed
12.07.2014 23:55:47,307 - INFO  - Watchdog has been checked: 0 passed
12.07.2014 23:57:47,312 - INFO  - Watchdog has been checked: 0 passed
12.07.2014 23:59:47,315 - INFO  - Watchdog has been checked: 0 passed
