20.06.2014 00:01:16,345 - INFO  - Watchdog has been checked: 0 passed
20.06.2014 00:03:16,140 - INFO  - Watchdog has been checked: 0 passed
20.06.2014 00:05:16,268 - INFO  - Watchdog has been checked: 0 passed
20.06.2014 00:07:16,274 - INFO  - Watchdog has been checked: 0 passed
20.06.2014 00:09:16,350 - INFO  - Watchdog has been checked: 0 passed
20.06.2014 00:11:16,448 - INFO  - Watchdog has been checked: 0 passed
20.06.2014 00:13:16,236 - INFO  - Watchdog has been checked: 0 passed
20.06.2014 00:15:16,294 - INFO  - Watchdog has been checked: 0 passed
20.06.2014 00:17:16,293 - INFO  - Watchdog has been checked: 0 passed
20.06.2014 00:19:16,326 - INFO  - Watchdog has been checked: 0 passed
20.06.2014 00:21:16,112 - INFO  - Watchdog has been checked: 0 passed
20.06.2014 00:23:16,194 - INFO  - Watchdog has been checked: 0 passed
20.06.2014 00:25:16,299 - INFO  - Watchdog has been checked: 0 passed
20.06.2014 00:27:16,282 - INFO  - Watchdog has been checked: 0 passed
20.06.2014 00:29:16,329 - INFO  - Watchdog has been checked: 0 passed
20.06.2014 00:31:16,109 - INFO  - Watchdog has been checked: 0 passed
20.06.2014 00:33:16,121 - INFO  - Watchdog has been checked: 0 passed
20.06.2014 00:35:16,190 - INFO  - Watchdog has been checked: 0 passed
20.06.2014 00:37:16,165 - INFO  - Watchdog has been checked: 0 passed
20.06.2014 00:39:16,254 - INFO  - Watchdog has been checked: 0 passed
20.06.2014 00:41:16,098 - INFO  - Watchdog has been checked: 0 passed
20.06.2014 00:43:16,162 - INFO  - Watchdog has been checked: 0 passed
20.06.2014 00:45:16,177 - INFO  - Watchdog has been checked: 0 passed
20.06.2014 00:47:16,160 - INFO  - Watchdog has been checked: 0 passed
20.06.2014 00:49:16,272 - INFO  - Watchdog has been checked: 0 passed
20.06.2014 00:51:16,099 - INFO  - Watchdog has been checked: 0 passed
20.06.2014 00:53:16,172 - INFO  - Watchdog has been checked: 0 passed
20.06.2014 00:55:16,221 - INFO  - Watchdog has been checked: 0 passed
20.06.2014 00:57:16,204 - INFO  - Watchdog has been checked: 0 passed
20.06.2014 00:59:16,253 - INFO  - Watchdog has been checked: 0 passed
20.06.2014 01:01:16,099 - INFO  - Watchdog has been checked: 0 passed
20.06.2014 01:03:16,176 - INFO  - Watchdog has been checked: 0 passed
20.06.2014 01:05:16,267 - INFO  - Watchdog has been checked: 0 passed
20.06.2014 01:07:16,249 - INFO  - Watchdog has been checked: 0 passed
20.06.2014 01:09:16,327 - INFO  - Watchdog has been checked: 0 passed
20.06.2014 01:11:16,206 - INFO  - Watchdog has been checked: 0 passed
20.06.2014 01:13:16,239 - INFO  - Watchdog has been checked: 0 passed
20.06.2014 01:15:16,971 - INFO  - Watchdog has been checked: 0 passed
20.06.2014 01:17:16,240 - INFO  - Watchdog has been checked: 0 passed
20.06.2014 01:19:16,292 - INFO  - Watchdog has been checked: 0 passed
20.06.2014 01:21:16,341 - INFO  - Watchdog has been checked: 0 passed
20.06.2014 01:23:16,153 - INFO  - Watchdog has been checked: 0 passed
20.06.2014 01:25:16,237 - INFO  - Watchdog has been checked: 0 passed
20.06.2014 01:27:15,275 - INFO  - Watchdog has been checked: 0 passed
20.06.2014 01:29:15,313 - INFO  - Watchdog has been checked: 0 passed
20.06.2014 01:31:15,155 - INFO  - Watchdog has been checked: 0 passed
20.06.2014 01:33:15,268 - INFO  - Watchdog has been checked: 0 passed
20.06.2014 01:35:15,347 - INFO  - Watchdog has been checked: 0 passed
20.06.2014 01:37:15,308 - INFO  - Watchdog has been checked: 0 passed
20.06.2014 01:39:15,083 - INFO  - Watchdog has been checked: 0 passed
20.06.2014 01:41:14,206 - INFO  - Watchdog has been checked: 0 passed
20.06.2014 01:43:13,230 - INFO  - Watchdog has been checked: 0 passed
20.06.2014 01:45:13,407 - INFO  - Watchdog has been checked: 0 passed
20.06.2014 01:47:13,031 - INFO  - Watchdog has been checked: 0 passed
20.06.2014 01:49:12,112 - INFO  - Watchdog has been checked: 0 passed
20.06.2014 01:51:11,151 - INFO  - Watchdog has been checked: 0 passed
20.06.2014 01:53:10,986 - INFO  - Watchdog has been checked: 0 passed
20.06.2014 01:55:10,088 - INFO  - Watchdog has been checked: 0 passed
20.06.2014 01:57:09,091 - INFO  - Watchdog has been checked: 0 passed
20.06.2014 01:59:09,145 - INFO  - Watchdog has been checked: 0 passed
20.06.2014 02:01:09,238 - INFO  - Watchdog has been checked: 0 passed
20.06.2014 02:03:09,062 - INFO  - Watchdog has been checked: 0 passed
20.06.2014 02:05:09,162 - INFO  - Watchdog has been checked: 0 passed
20.06.2014 02:07:09,246 - INFO  - Watchdog has been checked: 0 passed
20.06.2014 02:09:09,295 - INFO  - Watchdog has been checked: 0 passed
20.06.2014 02:11:09,114 - INFO  - Watchdog has been checked: 0 passed
20.06.2014 02:13:09,180 - INFO  - Watchdog has been checked: 0 passed
20.06.2014 02:15:09,207 - INFO  - Watchdog has been checked: 0 passed
20.06.2014 02:17:09,385 - INFO  - Watchdog has been checked: 0 passed
20.06.2014 02:19:09,074 - INFO  - Watchdog has been checked: 0 passed
20.06.2014 02:21:08,142 - INFO  - Watchdog has been checked: 0 passed
20.06.2014 02:23:08,211 - INFO  - Watchdog has been checked: 0 passed
20.06.2014 02:25:08,235 - INFO  - Watchdog has been checked: 0 passed
20.06.2014 02:27:08,323 - INFO  - Watchdog has been checked: 0 passed
20.06.2014 02:29:08,352 - INFO  - Watchdog has been checked: 0 passed
20.06.2014 02:31:10,818 - INFO  - Watchdog has been checked: 0 passed
20.06.2014 02:33:10,292 - INFO  - Watchdog has been checked: 0 passed
20.06.2014 02:35:10,353 - INFO  - Watchdog has been checked: 0 passed
20.06.2014 02:37:10,368 - INFO  - Watchdog has been checked: 0 passed
20.06.2014 02:39:10,221 - INFO  - Watchdog has been checked: 0 passed
20.06.2014 02:41:10,237 - INFO  - Watchdog has been checked: 0 passed
20.06.2014 02:43:10,398 - INFO  - Watchdog has been checked: 0 passed
20.06.2014 02:45:10,226 - INFO  - Watchdog has been checked: 0 passed
20.06.2014 02:47:10,476 - INFO  - Watchdog has been checked: 0 passed
20.06.2014 02:49:10,298 - INFO  - Watchdog has been checked: 0 passed
20.06.2014 02:51:10,377 - INFO  - Watchdog has been checked: 0 passed
20.06.2014 02:53:10,428 - INFO  - Watchdog has been checked: 0 passed
20.06.2014 02:55:10,222 - INFO  - Watchdog has been checked: 0 passed
20.06.2014 02:57:10,247 - INFO  - Watchdog has been checked: 0 passed
20.06.2014 02:59:10,264 - INFO  - Watchdog has been checked: 0 passed
20.06.2014 03:01:10,346 - INFO  - Watchdog has been checked: 0 passed
20.06.2014 03:03:10,420 - INFO  - Watchdog has been checked: 0 passed
20.06.2014 03:05:10,232 - INFO  - Watchdog has been checked: 0 passed
20.06.2014 03:07:10,174 - INFO  - Watchdog has been checked: 0 passed
20.06.2014 03:09:10,268 - INFO  - Watchdog has been checked: 0 passed
20.06.2014 03:11:10,331 - INFO  - Watchdog has been checked: 0 passed
20.06.2014 03:13:10,369 - INFO  - Watchdog has been checked: 0 passed
20.06.2014 03:15:10,136 - INFO  - Watchdog has been checked: 0 passed
20.06.2014 03:17:10,100 - INFO  - Watchdog has been checked: 0 passed
20.06.2014 03:19:09,200 - INFO  - Watchdog has been checked: 0 passed
20.06.2014 03:21:09,084 - INFO  - Watchdog has been checked: 0 passed
20.06.2014 03:23:08,081 - INFO  - Watchdog has been checked: 0 passed
20.06.2014 03:25:07,074 - INFO  - Watchdog has been checked: 0 passed
20.06.2014 03:27:05,991 - INFO  - Watchdog has been checked: 0 passed
20.06.2014 03:29:05,082 - INFO  - Watchdog has been checked: 0 passed
20.06.2014 03:31:03,962 - INFO  - Watchdog has been checked: 0 passed
20.06.2014 03:33:02,993 - INFO  - Watchdog has been checked: 0 passed
20.06.2014 03:35:02,038 - INFO  - Watchdog has been checked: 0 passed
20.06.2014 03:37:01,119 - INFO  - Watchdog has been checked: 0 passed
20.06.2014 03:39:01,147 - INFO  - Watchdog has been checked: 0 passed
20.06.2014 03:41:01,014 - INFO  - Watchdog has been checked: 0 passed
20.06.2014 03:43:00,066 - INFO  - Watchdog has been checked: 0 passed
20.06.2014 03:45:00,112 - INFO  - Watchdog has been checked: 0 passed
20.06.2014 03:47:00,137 - INFO  - Watchdog has been checked: 0 passed
20.06.2014 03:49:00,171 - INFO  - Watchdog has been checked: 0 passed
20.06.2014 03:51:00,033 - INFO  - Watchdog has been checked: 0 passed
20.06.2014 03:53:00,138 - INFO  - Watchdog has been checked: 0 passed
20.06.2014 03:55:00,172 - INFO  - Watchdog has been checked: 0 passed
20.06.2014 03:57:00,221 - INFO  - Watchdog has been checked: 0 passed
20.06.2014 03:59:01,236 - INFO  - Watchdog has been checked: 0 passed
20.06.2014 04:01:01,175 - INFO  - Watchdog has been checked: 0 passed
20.06.2014 04:03:01,222 - INFO  - Watchdog has been checked: 0 passed
20.06.2014 04:05:01,287 - INFO  - Watchdog has been checked: 0 passed
20.06.2014 04:07:01,323 - INFO  - Watchdog has been checked: 0 passed
20.06.2014 04:09:01,361 - INFO  - Watchdog has been checked: 0 passed
20.06.2014 04:11:01,265 - INFO  - Watchdog has been checked: 0 passed
20.06.2014 04:13:01,316 - INFO  - Watchdog has been checked: 0 passed
20.06.2014 04:15:01,301 - INFO  - Watchdog has been checked: 0 passed
20.06.2014 04:17:01,309 - INFO  - Watchdog has been checked: 0 passed
20.06.2014 04:19:01,080 - INFO  - Watchdog has been checked: 0 passed
20.06.2014 04:21:01,242 - INFO  - Watchdog has been checked: 0 passed
20.06.2014 04:23:01,122 - INFO  - Watchdog has been checked: 0 passed
20.06.2014 04:25:01,142 - INFO  - Watchdog has been checked: 0 passed
20.06.2014 04:27:01,155 - INFO  - Watchdog has been checked: 0 passed
20.06.2014 04:29:01,159 - INFO  - Watchdog has been checked: 0 passed
20.06.2014 04:31:01,047 - INFO  - Watchdog has been checked: 0 passed
20.06.2014 04:33:00,167 - INFO  - Watchdog has been checked: 0 passed
20.06.2014 04:34:59,133 - INFO  - Watchdog has been checked: 0 passed
20.06.2014 04:36:59,228 - INFO  - Watchdog has been checked: 0 passed
20.06.2014 04:38:59,234 - INFO  - Watchdog has been checked: 0 passed
20.06.2014 04:40:59,112 - INFO  - Watchdog has been checked: 0 passed
20.06.2014 04:42:58,159 - INFO  - Watchdog has been checked: 0 passed
20.06.2014 04:44:58,128 - INFO  - Watchdog has been checked: 0 passed
20.06.2014 04:46:57,190 - INFO  - Watchdog has been checked: 0 passed
20.06.2014 04:48:57,230 - INFO  - Watchdog has been checked: 0 passed
20.06.2014 04:50:57,124 - INFO  - Watchdog has been checked: 0 passed
20.06.2014 04:52:56,136 - INFO  - Watchdog has been checked: 0 passed
20.06.2014 04:54:55,129 - INFO  - Watchdog has been checked: 0 passed
20.06.2014 04:56:55,175 - INFO  - Watchdog has been checked: 0 passed
20.06.2014 04:58:55,213 - INFO  - Watchdog has been checked: 0 passed
20.06.2014 05:00:55,313 - INFO  - Watchdog has been checked: 0 passed
20.06.2014 05:02:55,245 - INFO  - Watchdog has been checked: 0 passed
20.06.2014 05:04:55,246 - INFO  - Watchdog has been checked: 0 passed
20.06.2014 05:06:55,256 - INFO  - Watchdog has been checked: 0 passed
20.06.2014 05:08:55,097 - INFO  - Watchdog has been checked: 0 passed
20.06.2014 05:10:55,184 - INFO  - Watchdog has been checked: 0 passed
20.06.2014 05:12:55,048 - INFO  - Watchdog has been checked: 0 passed
20.06.2014 05:14:54,129 - INFO  - Watchdog has been checked: 0 passed
20.06.2014 05:16:54,136 - INFO  - Watchdog has been checked: 0 passed
20.06.2014 05:18:54,167 - INFO  - Watchdog has been checked: 0 passed
20.06.2014 05:20:54,173 - INFO  - Watchdog has been checked: 0 passed
20.06.2014 05:22:54,326 - INFO  - Watchdog has been checked: 0 passed
20.06.2014 05:24:54,329 - INFO  - Watchdog has been checked: 0 passed
20.06.2014 05:26:54,236 - INFO  - Watchdog has been checked: 0 passed
20.06.2014 05:28:54,149 - INFO  - Watchdog has been checked: 0 passed
20.06.2014 05:30:54,142 - INFO  - Watchdog has been checked: 0 passed
20.06.2014 05:32:54,225 - INFO  - Watchdog has been checked: 0 passed
20.06.2014 05:34:54,273 - INFO  - Watchdog has been checked: 0 passed
20.06.2014 05:36:54,033 - INFO  - Watchdog has been checked: 0 passed
20.06.2014 05:38:54,116 - INFO  - Watchdog has been checked: 0 passed
20.06.2014 05:40:54,235 - INFO  - Watchdog has been checked: 0 passed
20.06.2014 05:42:54,044 - INFO  - Watchdog has been checked: 0 passed
20.06.2014 05:44:53,061 - INFO  - Watchdog has been checked: 0 passed
20.06.2014 05:46:53,047 - INFO  - Watchdog has been checked: 0 passed
20.06.2014 05:48:53,163 - INFO  - Watchdog has been checked: 0 passed
20.06.2014 05:50:53,266 - INFO  - Watchdog has been checked: 0 passed
20.06.2014 05:52:53,052 - INFO  - Watchdog has been checked: 0 passed
20.06.2014 05:54:52,313 - INFO  - Watchdog has been checked: 0 passed
20.06.2014 05:56:52,107 - INFO  - Watchdog has been checked: 0 passed
20.06.2014 05:58:52,154 - INFO  - Watchdog has been checked: 0 passed
20.06.2014 06:00:52,266 - INFO  - Watchdog has been checked: 0 passed
20.06.2014 06:02:52,310 - INFO  - Watchdog has been checked: 0 passed
20.06.2014 06:04:52,115 - INFO  - Watchdog has been checked: 0 passed
20.06.2014 06:06:52,124 - INFO  - Watchdog has been checked: 0 passed
20.06.2014 06:08:52,172 - INFO  - Watchdog has been checked: 0 passed
20.06.2014 06:10:52,068 - INFO  - Watchdog has been checked: 0 passed
20.06.2014 06:12:51,186 - INFO  - Watchdog has been checked: 0 passed
20.06.2014 06:14:51,213 - INFO  - Watchdog has been checked: 0 passed
20.06.2014 06:15:01,879 - INFO  - mapping file sync started
20.06.2014 06:15:02,490 - INFO  - file successfully updated
20.06.2014 06:16:51,268 - INFO  - Watchdog has been checked: 0 passed
20.06.2014 06:18:51,336 - INFO  - Watchdog has been checked: 0 passed
20.06.2014 06:20:51,247 - INFO  - Watchdog has been checked: 0 passed
20.06.2014 06:22:50,309 - INFO  - Watchdog has been checked: 0 passed
20.06.2014 06:24:50,296 - INFO  - Watchdog has been checked: 0 passed
20.06.2014 06:26:50,074 - INFO  - Watchdog has been checked: 0 passed
20.06.2014 06:28:50,824 - INFO  - Watchdog has been checked: 0 passed
20.06.2014 06:30:50,258 - INFO  - Watchdog has been checked: 0 passed
20.06.2014 06:32:50,093 - INFO  - Watchdog has been checked: 0 passed
20.06.2014 06:34:49,170 - INFO  - Watchdog has been checked: 0 passed
20.06.2014 06:36:49,196 - INFO  - Watchdog has been checked: 0 passed
20.06.2014 06:38:49,186 - INFO  - Watchdog has been checked: 0 passed
20.06.2014 06:40:49,069 - INFO  - Watchdog has been checked: 0 passed
20.06.2014 06:42:49,216 - INFO  - Watchdog has been checked: 0 passed
20.06.2014 06:44:49,206 - INFO  - Watchdog has been checked: 0 passed
20.06.2014 06:46:49,274 - INFO  - Watchdog has been checked: 0 passed
20.06.2014 06:48:49,271 - INFO  - Watchdog has been checked: 0 passed
20.06.2014 06:50:49,234 - INFO  - Watchdog has been checked: 0 passed
20.06.2014 06:52:49,221 - INFO  - Watchdog has been checked: 0 passed
20.06.2014 06:54:49,183 - INFO  - Watchdog has been checked: 0 passed
20.06.2014 06:56:49,236 - INFO  - Watchdog has been checked: 0 passed
20.06.2014 06:58:49,234 - INFO  - Watchdog has been checked: 0 passed
20.06.2014 07:00:49,102 - INFO  - Watchdog has been checked: 0 passed
20.06.2014 07:02:49,107 - INFO  - Watchdog has been checked: 0 passed
20.06.2014 07:04:49,106 - INFO  - Watchdog has been checked: 0 passed
20.06.2014 07:06:49,140 - INFO  - Watchdog has been checked: 0 passed
20.06.2014 07:08:49,153 - INFO  - Watchdog has been checked: 0 passed
20.06.2014 07:10:49,038 - INFO  - Watchdog has been checked: 0 passed
20.06.2014 07:12:48,111 - INFO  - Watchdog has been checked: 0 passed
20.06.2014 07:14:48,067 - INFO  - Watchdog has been checked: 0 passed
20.06.2014 07:15:01,549 - INFO  - mapping file sync started
20.06.2014 07:15:02,037 - INFO  - file successfully updated
20.06.2014 07:16:48,151 - INFO  - Watchdog has been checked: 0 passed
20.06.2014 07:18:48,215 - INFO  - Watchdog has been checked: 0 passed
20.06.2014 07:20:48,325 - INFO  - Watchdog has been checked: 0 passed
20.06.2014 07:22:48,287 - INFO  - Watchdog has been checked: 0 passed
20.06.2014 07:24:48,247 - INFO  - Watchdog has been checked: 0 passed
20.06.2014 07:26:48,293 - INFO  - Watchdog has been checked: 0 passed
20.06.2014 07:28:48,345 - INFO  - Watchdog has been checked: 0 passed
20.06.2014 07:30:50,798 - INFO  - Watchdog has been checked: 0 passed
20.06.2014 07:32:50,334 - INFO  - Watchdog has been checked: 0 passed
20.06.2014 07:34:50,304 - INFO  - Watchdog has been checked: 0 passed
20.06.2014 07:36:50,359 - INFO  - Watchdog has been checked: 0 passed
20.06.2014 07:38:50,116 - INFO  - Watchdog has been checked: 0 passed
20.06.2014 07:40:50,208 - INFO  - Watchdog has been checked: 0 passed
20.06.2014 07:41:38,378 - ERROR - unknown wikiuser
20.06.2014 07:41:38,477 - INFO  - searcher anonymous --- respT: 37ms, 28016 results, q=, 
20.06.2014 07:41:46,475 - ERROR - unknown wikiuser
20.06.2014 07:41:46,511 - INFO  - searcher anonymous --- respT: 11ms, 10 results, q=buecklers, 
20.06.2014 07:41:48,639 - ERROR - unknown wikiuser
20.06.2014 07:41:48,676 - INFO  - searcher anonymous --- respT: 12ms, no results, q=buecklers task, 
20.06.2014 07:42:34,170 - INFO  - searcher identified --- respT: 12ms, 41 results, q=buecklers, 
20.06.2014 07:42:50,333 - INFO  - Watchdog has been checked: 0 passed
20.06.2014 07:42:51,970 - INFO  - searcher identified --- respT: 12ms, 41 results, q=buecklers, 
20.06.2014 07:44:50,300 - INFO  - Watchdog has been checked: 0 passed
20.06.2014 07:46:50,321 - INFO  - Watchdog has been checked: 0 passed
20.06.2014 07:48:50,111 - INFO  - Watchdog has been checked: 0 passed
20.06.2014 07:50:50,225 - INFO  - Watchdog has been checked: 0 passed
20.06.2014 07:52:50,351 - INFO  - Watchdog has been checked: 0 passed
20.06.2014 07:54:50,303 - INFO  - Watchdog has been checked: 0 passed
20.06.2014 07:56:50,301 - INFO  - Watchdog has been checked: 0 passed
20.06.2014 07:58:50,124 - INFO  - Watchdog has been checked: 0 passed
20.06.2014 08:00:50,230 - INFO  - Watchdog has been checked: 0 passed
20.06.2014 08:02:50,087 - INFO  - Watchdog has been checked: 0 passed
20.06.2014 08:04:49,112 - INFO  - Watchdog has been checked: 0 passed
20.06.2014 08:06:49,103 - INFO  - Watchdog has been checked: 0 passed
20.06.2014 08:08:49,190 - INFO  - Watchdog has been checked: 0 passed
20.06.2014 08:10:49,049 - INFO  - Watchdog has been checked: 0 passed
20.06.2014 08:12:49,133 - INFO  - Watchdog has been checked: 0 passed
20.06.2014 08:14:49,158 - INFO  - Watchdog has been checked: 0 passed
20.06.2014 08:16:49,157 - INFO  - Watchdog has been checked: 0 passed
20.06.2014 08:18:49,237 - INFO  - Watchdog has been checked: 0 passed
20.06.2014 08:20:49,234 - INFO  - Watchdog has been checked: 0 passed
20.06.2014 08:22:49,144 - INFO  - Watchdog has been checked: 0 passed
20.06.2014 08:24:49,136 - INFO  - Watchdog has been checked: 0 passed
20.06.2014 08:26:49,152 - INFO  - Watchdog has been checked: 0 passed
20.06.2014 08:28:49,198 - INFO  - Watchdog has been checked: 0 passed
20.06.2014 08:30:49,089 - INFO  - Watchdog has been checked: 0 passed
20.06.2014 08:32:49,759 - INFO  - Watchdog has been checked: 0 passed
20.06.2014 08:34:49,142 - INFO  - Watchdog has been checked: 0 passed
20.06.2014 08:36:49,155 - INFO  - Watchdog has been checked: 0 passed
20.06.2014 08:38:49,198 - INFO  - Watchdog has been checked: 0 passed
20.06.2014 08:40:49,328 - INFO  - Watchdog has been checked: 0 passed
20.06.2014 08:42:49,346 - INFO  - Watchdog has been checked: 0 passed
20.06.2014 08:44:49,373 - INFO  - Watchdog has been checked: 0 passed
20.06.2014 08:46:49,157 - INFO  - Watchdog has been checked: 0 passed
20.06.2014 08:48:49,146 - INFO  - Watchdog has been checked: 0 passed
20.06.2014 08:50:49,272 - INFO  - Watchdog has been checked: 0 passed
20.06.2014 08:52:49,165 - INFO  - Watchdog has been checked: 0 passed
20.06.2014 08:54:49,185 - INFO  - Watchdog has been checked: 0 passed
20.06.2014 08:56:49,224 - INFO  - Watchdog has been checked: 0 passed
20.06.2014 08:58:49,229 - INFO  - Watchdog has been checked: 0 passed
20.06.2014 09:00:49,103 - INFO  - Watchdog has been checked: 0 passed
20.06.2014 09:02:48,144 - INFO  - Watchdog has been checked: 0 passed
20.06.2014 09:04:48,172 - INFO  - Watchdog has been checked: 0 passed
20.06.2014 09:06:48,214 - INFO  - Watchdog has been checked: 0 passed
20.06.2014 09:08:48,209 - INFO  - Watchdog has been checked: 0 passed
20.06.2014 09:10:48,107 - INFO  - Watchdog has been checked: 0 passed
20.06.2014 09:12:47,154 - INFO  - Watchdog has been checked: 0 passed
20.06.2014 09:14:47,131 - INFO  - Watchdog has been checked: 0 passed
20.06.2014 09:16:47,171 - INFO  - Watchdog has been checked: 0 passed
20.06.2014 09:18:47,172 - INFO  - Watchdog has been checked: 0 passed
20.06.2014 09:20:47,360 - INFO  - Watchdog has been checked: 0 passed
20.06.2014 09:22:47,185 - INFO  - Watchdog has been checked: 0 passed
20.06.2014 09:24:47,165 - INFO  - Watchdog has been checked: 0 passed
20.06.2014 09:26:47,227 - INFO  - Watchdog has been checked: 0 passed
20.06.2014 09:28:47,244 - INFO  - Watchdog has been checked: 0 passed
20.06.2014 09:30:47,285 - INFO  - Watchdog has been checked: 0 passed
20.06.2014 09:32:47,339 - INFO  - Watchdog has been checked: 0 passed
20.06.2014 09:34:50,671 - INFO  - Watchdog has been checked: 0 passed
20.06.2014 09:36:50,079 - INFO  - Watchdog has been checked: 0 passed
20.06.2014 09:38:50,085 - INFO  - Watchdog has been checked: 0 passed
20.06.2014 09:40:50,184 - INFO  - Watchdog has been checked: 0 passed
20.06.2014 09:42:50,078 - INFO  - Watchdog has been checked: 0 passed
20.06.2014 09:44:50,028 - INFO  - Watchdog has been checked: 0 passed
20.06.2014 09:46:49,128 - INFO  - Watchdog has been checked: 0 passed
20.06.2014 09:48:49,107 - INFO  - Watchdog has been checked: 0 passed
20.06.2014 09:50:48,961 - INFO  - Watchdog has been checked: 0 passed
20.06.2014 09:52:48,033 - INFO  - Watchdog has been checked: 0 passed
20.06.2014 09:54:47,025 - INFO  - Watchdog has been checked: 0 passed
20.06.2014 09:56:46,081 - INFO  - Watchdog has been checked: 0 passed
20.06.2014 09:58:46,189 - INFO  - Watchdog has been checked: 0 passed
20.06.2014 10:00:46,314 - INFO  - Watchdog has been checked: 0 passed
20.06.2014 10:02:46,143 - INFO  - Watchdog has been checked: 0 passed
20.06.2014 10:04:45,192 - INFO  - Watchdog has been checked: 0 passed
20.06.2014 10:06:45,272 - INFO  - Watchdog has been checked: 0 passed
20.06.2014 10:08:45,311 - INFO  - Watchdog has been checked: 0 passed
20.06.2014 10:10:45,181 - INFO  - Watchdog has been checked: 0 passed
20.06.2014 10:12:44,321 - INFO  - Watchdog has been checked: 0 passed
20.06.2014 10:14:44,315 - INFO  - Watchdog has been checked: 0 passed
20.06.2014 10:16:44,344 - INFO  - Watchdog has been checked: 0 passed
20.06.2014 10:18:44,132 - INFO  - Watchdog has been checked: 0 passed
20.06.2014 10:20:43,231 - INFO  - Watchdog has been checked: 0 passed
20.06.2014 10:22:43,402 - INFO  - Watchdog has been checked: 0 passed
20.06.2014 10:24:43,341 - INFO  - Watchdog has been checked: 0 passed
20.06.2014 10:26:43,338 - INFO  - Watchdog has been checked: 0 passed
20.06.2014 10:28:43,383 - INFO  - Watchdog has been checked: 0 passed
20.06.2014 10:30:43,217 - INFO  - Watchdog has been checked: 0 passed
20.06.2014 10:32:42,224 - INFO  - Watchdog has been checked: 0 passed
20.06.2014 10:34:42,283 - INFO  - Watchdog has been checked: 0 passed
20.06.2014 10:36:42,257 - INFO  - Watchdog has been checked: 0 passed
20.06.2014 10:38:42,302 - INFO  - Watchdog has been checked: 0 passed
20.06.2014 10:40:42,200 - INFO  - Watchdog has been checked: 0 passed
20.06.2014 10:42:41,207 - INFO  - Watchdog has been checked: 0 passed
20.06.2014 10:44:41,266 - INFO  - Watchdog has been checked: 0 passed
20.06.2014 10:46:41,271 - INFO  - Watchdog has been checked: 0 passed
20.06.2014 10:48:41,312 - INFO  - Watchdog has been checked: 0 passed
20.06.2014 10:50:41,161 - INFO  - Watchdog has been checked: 0 passed
20.06.2014 10:52:41,169 - INFO  - Watchdog has been checked: 0 passed
20.06.2014 10:54:41,213 - INFO  - Watchdog has been checked: 0 passed
20.06.2014 10:56:41,232 - INFO  - Watchdog has been checked: 0 passed
20.06.2014 10:58:41,220 - INFO  - Watchdog has been checked: 0 passed
20.06.2014 11:00:41,176 - INFO  - Watchdog has been checked: 0 passed
20.06.2014 11:02:41,132 - INFO  - Watchdog has been checked: 0 passed
20.06.2014 11:04:41,201 - INFO  - Watchdog has been checked: 0 passed
20.06.2014 11:06:41,218 - INFO  - Watchdog has been checked: 0 passed
20.06.2014 11:08:41,247 - INFO  - Watchdog has been checked: 0 passed
20.06.2014 11:10:41,172 - INFO  - Watchdog has been checked: 0 passed
20.06.2014 11:12:41,143 - INFO  - Watchdog has been checked: 0 passed
20.06.2014 11:14:41,222 - INFO  - Watchdog has been checked: 0 passed
20.06.2014 11:16:41,231 - INFO  - Watchdog has been checked: 0 passed
20.06.2014 11:18:41,148 - INFO  - Watchdog has been checked: 0 passed
20.06.2014 11:20:41,043 - INFO  - Watchdog has been checked: 0 passed
20.06.2014 11:22:40,283 - INFO  - Watchdog has been checked: 0 passed
20.06.2014 11:24:40,086 - INFO  - Watchdog has been checked: 0 passed
20.06.2014 11:26:40,151 - INFO  - Watchdog has been checked: 0 passed
20.06.2014 11:28:40,219 - INFO  - Watchdog has been checked: 0 passed
20.06.2014 11:30:40,163 - INFO  - Watchdog has been checked: 0 passed
20.06.2014 11:32:39,134 - INFO  - Watchdog has been checked: 0 passed
20.06.2014 11:34:39,139 - INFO  - Watchdog has been checked: 0 passed
20.06.2014 11:36:39,173 - INFO  - Watchdog has been checked: 0 passed
20.06.2014 11:38:39,152 - INFO  - Watchdog has been checked: 0 passed
20.06.2014 11:40:39,091 - INFO  - Watchdog has been checked: 0 passed
20.06.2014 11:42:38,319 - INFO  - Watchdog has been checked: 0 passed
20.06.2014 11:44:38,323 - INFO  - Watchdog has been checked: 0 passed
20.06.2014 11:46:38,119 - INFO  - Watchdog has been checked: 0 passed
20.06.2014 11:48:37,357 - INFO  - Watchdog has been checked: 0 passed
20.06.2014 11:50:37,256 - INFO  - Watchdog has been checked: 0 passed
20.06.2014 11:52:37,297 - INFO  - Watchdog has been checked: 0 passed
20.06.2014 11:54:37,284 - INFO  - Watchdog has been checked: 0 passed
20.06.2014 11:56:37,283 - INFO  - Watchdog has been checked: 0 passed
20.06.2014 11:58:37,279 - INFO  - Watchdog has been checked: 0 passed
20.06.2014 12:00:37,147 - INFO  - Watchdog has been checked: 0 passed
20.06.2014 12:02:37,190 - INFO  - Watchdog has been checked: 0 passed
20.06.2014 12:04:41,048 - INFO  - Watchdog has been checked: 0 passed
20.06.2014 12:06:40,290 - INFO  - Watchdog has been checked: 0 passed
20.06.2014 12:08:40,299 - INFO  - Watchdog has been checked: 0 passed
20.06.2014 12:10:40,164 - INFO  - Watchdog has been checked: 0 passed
20.06.2014 12:12:40,196 - INFO  - Watchdog has been checked: 0 passed
20.06.2014 12:14:40,174 - INFO  - Watchdog has been checked: 0 passed
20.06.2014 12:16:40,230 - INFO  - Watchdog has been checked: 0 passed
20.06.2014 12:18:40,213 - INFO  - Watchdog has been checked: 0 passed
20.06.2014 12:20:40,101 - INFO  - Watchdog has been checked: 0 passed
20.06.2014 12:22:40,116 - INFO  - Watchdog has been checked: 0 passed
20.06.2014 12:24:40,133 - INFO  - Watchdog has been checked: 0 passed
20.06.2014 12:26:40,278 - INFO  - Watchdog has been checked: 0 passed
20.06.2014 12:28:40,229 - INFO  - Watchdog has been checked: 0 passed
20.06.2014 12:30:40,099 - INFO  - Watchdog has been checked: 0 passed
20.06.2014 12:32:40,208 - INFO  - Watchdog has been checked: 0 passed
20.06.2014 12:34:40,310 - INFO  - Watchdog has been checked: 0 passed
20.06.2014 12:36:40,271 - INFO  - Watchdog has been checked: 0 passed
20.06.2014 12:38:05,340 - ERROR - unknown wikiuser
20.06.2014 12:38:05,497 - INFO  - searcher anonymous --- respT: 38ms, 28021 results, q=, 
20.06.2014 12:38:18,297 - ERROR - unknown wikiuser
20.06.2014 12:38:18,331 - INFO  - searcher anonymous --- respT: 12ms, 1 results, q=rabbani, 
20.06.2014 12:38:40,133 - INFO  - Watchdog has been checked: 0 passed
20.06.2014 12:40:40,199 - INFO  - Watchdog has been checked: 0 passed
20.06.2014 12:42:40,256 - INFO  - Watchdog has been checked: 0 passed
20.06.2014 12:44:40,325 - INFO  - Watchdog has been checked: 0 passed
20.06.2014 12:46:40,345 - INFO  - Watchdog has been checked: 0 passed
20.06.2014 12:48:40,417 - INFO  - Watchdog has been checked: 0 passed
20.06.2014 12:50:40,228 - INFO  - Watchdog has been checked: 0 passed
20.06.2014 12:52:40,262 - INFO  - Watchdog has been checked: 0 passed
20.06.2014 12:54:40,293 - INFO  - Watchdog has been checked: 0 passed
20.06.2014 12:56:40,361 - INFO  - Watchdog has been checked: 0 passed
20.06.2014 12:58:40,374 - INFO  - Watchdog has been checked: 0 passed
20.06.2014 13:00:40,240 - INFO  - Watchdog has been checked: 0 passed
20.06.2014 13:02:40,253 - INFO  - Watchdog has been checked: 0 passed
20.06.2014 13:04:40,344 - INFO  - Watchdog has been checked: 0 passed
20.06.2014 13:06:41,344 - INFO  - Watchdog has been checked: 0 passed
20.06.2014 13:08:41,439 - INFO  - Watchdog has been checked: 0 passed
20.06.2014 13:10:41,237 - INFO  - Watchdog has been checked: 0 passed
20.06.2014 13:12:41,223 - INFO  - Watchdog has been checked: 0 passed
20.06.2014 13:14:41,023 - INFO  - Watchdog has been checked: 0 passed
20.06.2014 13:16:40,253 - INFO  - Watchdog has been checked: 0 passed
20.06.2014 13:18:40,258 - INFO  - Watchdog has been checked: 0 passed
20.06.2014 13:20:40,157 - INFO  - Watchdog has been checked: 0 passed
20.06.2014 13:22:40,170 - INFO  - Watchdog has been checked: 0 passed
20.06.2014 13:24:40,362 - INFO  - Watchdog has been checked: 0 passed
20.06.2014 13:26:40,263 - INFO  - Watchdog has been checked: 0 passed
20.06.2014 13:28:40,300 - INFO  - Watchdog has been checked: 0 passed
20.06.2014 13:30:40,150 - INFO  - Watchdog has been checked: 0 passed
20.06.2014 13:32:40,148 - INFO  - Watchdog has been checked: 0 passed
20.06.2014 13:34:40,259 - INFO  - Watchdog has been checked: 0 passed
20.06.2014 13:36:40,218 - INFO  - Watchdog has been checked: 0 passed
20.06.2014 13:38:40,193 - INFO  - Watchdog has been checked: 0 passed
20.06.2014 13:40:40,108 - INFO  - Watchdog has been checked: 0 passed
20.06.2014 13:42:40,328 - INFO  - Watchdog has been checked: 0 passed
20.06.2014 13:44:40,259 - INFO  - Watchdog has been checked: 0 passed
20.06.2014 13:46:40,183 - INFO  - Watchdog has been checked: 0 passed
20.06.2014 13:48:40,275 - INFO  - Watchdog has been checked: 0 passed
20.06.2014 13:50:40,205 - INFO  - Watchdog has been checked: 0 passed
20.06.2014 13:52:40,212 - INFO  - Watchdog has been checked: 0 passed
20.06.2014 13:54:40,463 - INFO  - Watchdog has been checked: 0 passed
20.06.2014 13:56:40,301 - INFO  - Watchdog has been checked: 0 passed
20.06.2014 13:58:40,301 - INFO  - Watchdog has been checked: 0 passed
20.06.2014 14:00:40,236 - INFO  - Watchdog has been checked: 0 passed
20.06.2014 14:02:40,262 - INFO  - Watchdog has been checked: 0 passed
20.06.2014 14:04:40,487 - INFO  - Watchdog has been checked: 0 passed
20.06.2014 14:06:40,405 - INFO  - Watchdog has been checked: 0 passed
20.06.2014 14:08:41,346 - INFO  - Watchdog has been checked: 0 passed
20.06.2014 14:10:41,280 - INFO  - Watchdog has been checked: 0 passed
20.06.2014 14:12:41,237 - INFO  - Watchdog has been checked: 0 passed
20.06.2014 14:14:41,246 - INFO  - Watchdog has been checked: 0 passed
20.06.2014 14:16:41,289 - INFO  - Watchdog has been checked: 0 passed
20.06.2014 14:18:41,257 - INFO  - Watchdog has been checked: 0 passed
20.06.2014 14:20:41,137 - INFO  - Watchdog has been checked: 0 passed
20.06.2014 14:22:41,193 - INFO  - Watchdog has been checked: 0 passed
20.06.2014 14:24:41,222 - INFO  - Watchdog has been checked: 0 passed
20.06.2014 14:26:41,232 - INFO  - Watchdog has been checked: 0 passed
20.06.2014 14:28:41,211 - INFO  - Watchdog has been checked: 0 passed
20.06.2014 14:30:41,132 - INFO  - Watchdog has been checked: 0 passed
20.06.2014 14:32:41,279 - INFO  - Watchdog has been checked: 0 passed
20.06.2014 14:34:41,238 - INFO  - Watchdog has been checked: 0 passed
20.06.2014 14:36:41,283 - INFO  - Watchdog has been checked: 0 passed
20.06.2014 14:38:41,293 - INFO  - Watchdog has been checked: 0 passed
20.06.2014 14:40:41,169 - INFO  - Watchdog has been checked: 0 passed
20.06.2014 14:42:41,213 - INFO  - Watchdog has been checked: 0 passed
20.06.2014 14:44:41,156 - INFO  - Watchdog has been checked: 0 passed
20.06.2014 14:46:40,227 - INFO  - Watchdog has been checked: 0 passed
20.06.2014 14:48:40,225 - INFO  - Watchdog has been checked: 0 passed
20.06.2014 14:50:40,088 - INFO  - Watchdog has been checked: 0 passed
20.06.2014 14:52:40,145 - INFO  - Watchdog has been checked: 0 passed
20.06.2014 14:54:40,128 - INFO  - Watchdog has been checked: 0 passed
20.06.2014 14:56:40,247 - INFO  - Watchdog has been checked: 0 passed
20.06.2014 14:58:40,177 - INFO  - Watchdog has been checked: 0 passed
20.06.2014 15:00:40,043 - INFO  - Watchdog has been checked: 0 passed
20.06.2014 15:02:39,076 - INFO  - Watchdog has been checked: 0 passed
20.06.2014 15:04:38,121 - INFO  - Watchdog has been checked: 0 passed
20.06.2014 15:06:38,139 - INFO  - Watchdog has been checked: 0 passed
20.06.2014 15:08:37,213 - INFO  - Watchdog has been checked: 0 passed
20.06.2014 15:10:39,294 - INFO  - Watchdog has been checked: 0 passed
20.06.2014 15:12:39,104 - INFO  - Watchdog has been checked: 0 passed
20.06.2014 15:14:39,100 - INFO  - Watchdog has been checked: 0 passed
20.06.2014 15:16:39,118 - INFO  - Watchdog has been checked: 0 passed
20.06.2014 15:18:39,146 - INFO  - Watchdog has been checked: 0 passed
20.06.2014 15:20:39,308 - INFO  - Watchdog has been checked: 0 passed
20.06.2014 15:22:39,335 - INFO  - Watchdog has been checked: 0 passed
20.06.2014 15:24:39,086 - INFO  - Watchdog has been checked: 0 passed
20.06.2014 15:26:39,371 - INFO  - Watchdog has been checked: 0 passed
20.06.2014 15:28:39,155 - INFO  - Watchdog has been checked: 0 passed
20.06.2014 15:30:39,225 - INFO  - Watchdog has been checked: 0 passed
20.06.2014 15:32:39,276 - INFO  - Watchdog has been checked: 0 passed
20.06.2014 15:34:39,311 - INFO  - Watchdog has been checked: 0 passed
20.06.2014 15:36:39,270 - INFO  - Watchdog has been checked: 0 passed
20.06.2014 15:38:39,299 - INFO  - Watchdog has been checked: 0 passed
20.06.2014 15:40:39,217 - INFO  - Watchdog has been checked: 0 passed
20.06.2014 15:42:39,259 - INFO  - Watchdog has been checked: 0 passed
20.06.2014 15:44:39,272 - INFO  - Watchdog has been checked: 0 passed
20.06.2014 15:46:39,245 - INFO  - Watchdog has been checked: 0 passed
20.06.2014 15:48:39,265 - INFO  - Watchdog has been checked: 0 passed
20.06.2014 15:50:39,230 - INFO  - Watchdog has been checked: 0 passed
20.06.2014 15:52:39,274 - INFO  - Watchdog has been checked: 0 passed
20.06.2014 15:54:39,095 - INFO  - Watchdog has been checked: 0 passed
20.06.2014 15:56:39,333 - INFO  - Watchdog has been checked: 0 passed
20.06.2014 15:58:39,148 - INFO  - Watchdog has been checked: 0 passed
20.06.2014 16:00:38,296 - INFO  - Watchdog has been checked: 0 passed
20.06.2014 16:02:38,277 - INFO  - Watchdog has been checked: 0 passed
20.06.2014 16:04:38,100 - INFO  - Watchdog has been checked: 0 passed
20.06.2014 16:06:37,343 - INFO  - Watchdog has been checked: 0 passed
20.06.2014 16:08:37,351 - INFO  - Watchdog has been checked: 0 passed
20.06.2014 16:10:37,238 - INFO  - Watchdog has been checked: 0 passed
20.06.2014 16:12:40,006 - INFO  - Watchdog has been checked: 0 passed
20.06.2014 16:14:39,274 - INFO  - Watchdog has been checked: 0 passed
20.06.2014 16:16:39,339 - INFO  - Watchdog has been checked: 0 passed
20.06.2014 16:18:39,263 - INFO  - Watchdog has been checked: 0 passed
20.06.2014 16:20:39,174 - INFO  - Watchdog has been checked: 0 passed
20.06.2014 16:22:39,126 - INFO  - Watchdog has been checked: 0 passed
20.06.2014 16:24:38,234 - INFO  - Watchdog has been checked: 0 passed
20.06.2014 16:26:38,236 - INFO  - Watchdog has been checked: 0 passed
20.06.2014 16:28:38,258 - INFO  - Watchdog has been checked: 0 passed
20.06.2014 16:30:38,212 - INFO  - Watchdog has been checked: 0 passed
20.06.2014 16:32:38,141 - INFO  - Watchdog has been checked: 0 passed
20.06.2014 16:34:37,653 - INFO  - Watchdog has been checked: 0 passed
20.06.2014 16:36:37,244 - INFO  - Watchdog has been checked: 0 passed
20.06.2014 16:38:36,249 - INFO  - Watchdog has been checked: 0 passed
20.06.2014 16:40:36,172 - INFO  - Watchdog has been checked: 0 passed
20.06.2014 16:42:35,189 - INFO  - Watchdog has been checked: 0 passed
20.06.2014 16:44:34,204 - INFO  - Watchdog has been checked: 0 passed
20.06.2014 16:46:34,248 - INFO  - Watchdog has been checked: 0 passed
20.06.2014 16:48:34,240 - INFO  - Watchdog has been checked: 0 passed
20.06.2014 16:50:34,158 - INFO  - Watchdog has been checked: 0 passed
20.06.2014 16:52:34,145 - INFO  - Watchdog has been checked: 0 passed
20.06.2014 16:54:34,158 - INFO  - Watchdog has been checked: 0 passed
20.06.2014 16:56:34,189 - INFO  - Watchdog has been checked: 0 passed
20.06.2014 16:58:34,279 - INFO  - Watchdog has been checked: 0 passed
20.06.2014 17:00:34,123 - INFO  - Watchdog has been checked: 0 passed
20.06.2014 17:02:34,178 - INFO  - Watchdog has been checked: 0 passed
20.06.2014 17:04:34,189 - INFO  - Watchdog has been checked: 0 passed
20.06.2014 17:06:34,212 - INFO  - Watchdog has been checked: 0 passed
20.06.2014 17:08:34,231 - INFO  - Watchdog has been checked: 0 passed
20.06.2014 17:10:34,104 - INFO  - Watchdog has been checked: 0 passed
20.06.2014 17:12:34,139 - INFO  - Watchdog has been checked: 0 passed
20.06.2014 17:14:34,167 - INFO  - Watchdog has been checked: 0 passed
20.06.2014 17:16:34,196 - INFO  - Watchdog has been checked: 0 passed
20.06.2014 17:18:34,266 - INFO  - Watchdog has been checked: 0 passed
20.06.2014 17:20:34,158 - INFO  - Watchdog has been checked: 0 passed
20.06.2014 17:22:34,218 - INFO  - Watchdog has been checked: 0 passed
20.06.2014 17:24:34,218 - INFO  - Watchdog has been checked: 0 passed
20.06.2014 17:26:34,258 - INFO  - Watchdog has been checked: 0 passed
20.06.2014 17:28:34,316 - INFO  - Watchdog has been checked: 0 passed
20.06.2014 17:30:34,205 - INFO  - Watchdog has been checked: 0 passed
20.06.2014 17:32:34,218 - INFO  - Watchdog has been checked: 0 passed
20.06.2014 17:34:34,283 - INFO  - Watchdog has been checked: 0 passed
20.06.2014 17:36:34,340 - INFO  - Watchdog has been checked: 0 passed
20.06.2014 17:38:34,194 - INFO  - Watchdog has been checked: 0 passed
20.06.2014 17:40:34,345 - INFO  - Watchdog has been checked: 0 passed
20.06.2014 17:42:34,351 - INFO  - Watchdog has been checked: 0 passed
20.06.2014 17:44:34,369 - INFO  - Watchdog has been checked: 0 passed
20.06.2014 17:46:34,393 - INFO  - Watchdog has been checked: 0 passed
20.06.2014 17:48:34,172 - INFO  - Watchdog has been checked: 0 passed
20.06.2014 17:50:34,274 - INFO  - Watchdog has been checked: 0 passed
20.06.2014 17:52:34,301 - INFO  - Watchdog has been checked: 0 passed
20.06.2014 17:54:34,354 - INFO  - Watchdog has been checked: 0 passed
20.06.2014 17:56:34,127 - INFO  - Watchdog has been checked: 0 passed
20.06.2014 17:58:33,177 - INFO  - Watchdog has been checked: 0 passed
20.06.2014 18:00:33,321 - INFO  - Watchdog has been checked: 0 passed
20.06.2014 18:02:33,311 - INFO  - Watchdog has been checked: 0 passed
20.06.2014 18:04:33,185 - INFO  - Watchdog has been checked: 0 passed
20.06.2014 18:06:33,198 - INFO  - Watchdog has been checked: 0 passed
20.06.2014 18:08:33,203 - INFO  - Watchdog has been checked: 0 passed
20.06.2014 18:10:33,099 - INFO  - Watchdog has been checked: 0 passed
20.06.2014 18:12:33,072 - INFO  - Watchdog has been checked: 0 passed
20.06.2014 18:14:33,155 - INFO  - Watchdog has been checked: 0 passed
20.06.2014 18:16:33,119 - INFO  - Watchdog has been checked: 0 passed
20.06.2014 18:18:33,135 - INFO  - Watchdog has been checked: 0 passed
20.06.2014 18:20:33,054 - INFO  - Watchdog has been checked: 0 passed
20.06.2014 18:22:33,021 - INFO  - Watchdog has been checked: 0 passed
20.06.2014 18:24:33,088 - INFO  - Watchdog has been checked: 0 passed
20.06.2014 18:26:33,103 - INFO  - Watchdog has been checked: 0 passed
20.06.2014 18:28:32,115 - INFO  - Watchdog has been checked: 0 passed
20.06.2014 18:30:32,041 - INFO  - Watchdog has been checked: 0 passed
20.06.2014 18:32:32,263 - INFO  - Watchdog has been checked: 0 passed
20.06.2014 18:34:32,084 - INFO  - Watchdog has been checked: 0 passed
20.06.2014 18:36:32,110 - INFO  - Watchdog has been checked: 0 passed
20.06.2014 18:38:32,096 - INFO  - Watchdog has been checked: 0 passed
20.06.2014 18:40:32,037 - INFO  - Watchdog has been checked: 0 passed
20.06.2014 18:42:32,285 - INFO  - Watchdog has been checked: 0 passed
20.06.2014 18:44:32,086 - INFO  - Watchdog has been checked: 0 passed
20.06.2014 18:46:31,137 - INFO  - Watchdog has been checked: 0 passed
20.06.2014 18:48:31,121 - INFO  - Watchdog has been checked: 0 passed
20.06.2014 18:50:31,288 - INFO  - Watchdog has been checked: 0 passed
20.06.2014 18:52:31,272 - INFO  - Watchdog has been checked: 0 passed
20.06.2014 18:54:31,333 - INFO  - Watchdog has been checked: 0 passed
20.06.2014 18:56:31,367 - INFO  - Watchdog has been checked: 0 passed
20.06.2014 18:58:31,347 - INFO  - Watchdog has been checked: 0 passed
20.06.2014 19:00:31,270 - INFO  - Watchdog has been checked: 0 passed
20.06.2014 19:02:31,258 - INFO  - Watchdog has been checked: 0 passed
20.06.2014 19:04:31,310 - INFO  - Watchdog has been checked: 0 passed
20.06.2014 19:06:31,348 - INFO  - Watchdog has been checked: 0 passed
20.06.2014 19:08:31,322 - INFO  - Watchdog has been checked: 0 passed
20.06.2014 19:10:31,262 - INFO  - Watchdog has been checked: 0 passed
20.06.2014 19:12:31,285 - INFO  - Watchdog has been checked: 0 passed
20.06.2014 19:14:31,313 - INFO  - Watchdog has been checked: 0 passed
20.06.2014 19:16:31,147 - INFO  - Watchdog has been checked: 0 passed
20.06.2014 19:18:31,366 - INFO  - Watchdog has been checked: 0 passed
20.06.2014 19:20:31,287 - INFO  - Watchdog has been checked: 0 passed
20.06.2014 19:22:31,334 - INFO  - Watchdog has been checked: 0 passed
20.06.2014 19:24:31,371 - INFO  - Watchdog has been checked: 0 passed
20.06.2014 19:26:31,473 - INFO  - Watchdog has been checked: 0 passed
20.06.2014 19:28:31,515 - INFO  - Watchdog has been checked: 0 passed
20.06.2014 19:30:31,456 - INFO  - Watchdog has been checked: 0 passed
20.06.2014 19:32:31,472 - INFO  - Watchdog has been checked: 0 passed
20.06.2014 19:34:31,465 - INFO  - Watchdog has been checked: 0 passed
20.06.2014 19:36:31,243 - INFO  - Watchdog has been checked: 0 passed
20.06.2014 19:38:31,272 - INFO  - Watchdog has been checked: 0 passed
20.06.2014 19:40:31,148 - INFO  - Watchdog has been checked: 0 passed
20.06.2014 19:42:31,191 - INFO  - Watchdog has been checked: 0 passed
20.06.2014 19:44:31,184 - INFO  - Watchdog has been checked: 0 passed
20.06.2014 19:46:31,268 - INFO  - Watchdog has been checked: 0 passed
20.06.2014 19:48:31,305 - INFO  - Watchdog has been checked: 0 passed
20.06.2014 19:50:31,167 - INFO  - Watchdog has been checked: 0 passed
20.06.2014 19:52:31,226 - INFO  - Watchdog has been checked: 0 passed
20.06.2014 19:54:31,241 - INFO  - Watchdog has been checked: 0 passed
20.06.2014 19:56:31,243 - INFO  - Watchdog has been checked: 0 passed
20.06.2014 19:58:30,986 - INFO  - Watchdog has been checked: 0 passed
20.06.2014 20:00:30,106 - INFO  - Watchdog has been checked: 0 passed
20.06.2014 20:02:30,110 - INFO  - Watchdog has been checked: 0 passed
20.06.2014 20:04:30,222 - INFO  - Watchdog has been checked: 0 passed
20.06.2014 20:06:30,405 - INFO  - Watchdog has been checked: 0 passed
20.06.2014 20:08:30,076 - INFO  - Watchdog has been checked: 0 passed
20.06.2014 20:10:29,190 - INFO  - Watchdog has been checked: 0 passed
20.06.2014 20:12:29,205 - INFO  - Watchdog has been checked: 0 passed
20.06.2014 20:14:29,239 - INFO  - Watchdog has been checked: 0 passed
20.06.2014 20:16:29,234 - INFO  - Watchdog has been checked: 0 passed
20.06.2014 20:18:29,282 - INFO  - Watchdog has been checked: 0 passed
20.06.2014 20:20:29,184 - INFO  - Watchdog has been checked: 0 passed
20.06.2014 20:22:29,195 - INFO  - Watchdog has been checked: 0 passed
20.06.2014 20:24:29,252 - INFO  - Watchdog has been checked: 0 passed
20.06.2014 20:26:29,255 - INFO  - Watchdog has been checked: 0 passed
20.06.2014 20:28:29,280 - INFO  - Watchdog has been checked: 0 passed
20.06.2014 20:30:29,198 - INFO  - Watchdog has been checked: 0 passed
20.06.2014 20:32:29,200 - INFO  - Watchdog has been checked: 0 passed
20.06.2014 20:34:29,275 - INFO  - Watchdog has been checked: 0 passed
20.06.2014 20:36:29,275 - INFO  - Watchdog has been checked: 0 passed
20.06.2014 20:38:29,284 - INFO  - Watchdog has been checked: 0 passed
20.06.2014 20:40:29,205 - INFO  - Watchdog has been checked: 0 passed
20.06.2014 20:42:29,183 - INFO  - Watchdog has been checked: 0 passed
20.06.2014 20:44:29,277 - INFO  - Watchdog has been checked: 0 passed
20.06.2014 20:46:31,277 - INFO  - Watchdog has been checked: 0 passed
20.06.2014 20:48:31,322 - INFO  - Watchdog has been checked: 0 passed
20.06.2014 20:50:31,251 - INFO  - Watchdog has been checked: 0 passed
20.06.2014 20:52:31,225 - INFO  - Watchdog has been checked: 0 passed
20.06.2014 20:54:31,323 - INFO  - Watchdog has been checked: 0 passed
20.06.2014 20:56:31,370 - INFO  - Watchdog has been checked: 0 passed
20.06.2014 20:58:31,370 - INFO  - Watchdog has been checked: 0 passed
20.06.2014 21:00:31,310 - INFO  - Watchdog has been checked: 0 passed
20.06.2014 21:02:31,246 - INFO  - Watchdog has been checked: 0 passed
20.06.2014 21:04:31,323 - INFO  - Watchdog has been checked: 0 passed
20.06.2014 21:06:31,322 - INFO  - Watchdog has been checked: 0 passed
20.06.2014 21:08:31,081 - INFO  - Watchdog has been checked: 0 passed
20.06.2014 21:10:30,293 - INFO  - Watchdog has been checked: 0 passed
20.06.2014 21:12:30,241 - INFO  - Watchdog has been checked: 0 passed
20.06.2014 21:14:30,309 - INFO  - Watchdog has been checked: 0 passed
20.06.2014 21:16:30,059 - INFO  - Watchdog has been checked: 0 passed
20.06.2014 21:18:29,053 - INFO  - Watchdog has been checked: 0 passed
20.06.2014 21:20:28,249 - INFO  - Watchdog has been checked: 0 passed
20.06.2014 21:22:28,254 - INFO  - Watchdog has been checked: 0 passed
20.06.2014 21:24:28,061 - INFO  - Watchdog has been checked: 0 passed
20.06.2014 21:26:28,331 - INFO  - Watchdog has been checked: 0 passed
20.06.2014 21:28:28,101 - INFO  - Watchdog has been checked: 0 passed
20.06.2014 21:30:27,292 - INFO  - Watchdog has been checked: 0 passed
20.06.2014 21:32:27,266 - INFO  - Watchdog has been checked: 0 passed
20.06.2014 21:34:27,068 - INFO  - Watchdog has been checked: 0 passed
20.06.2014 21:36:27,141 - INFO  - Watchdog has been checked: 0 passed
20.06.2014 21:38:27,143 - INFO  - Watchdog has been checked: 0 passed
20.06.2014 21:40:27,117 - INFO  - Watchdog has been checked: 0 passed
20.06.2014 21:42:27,134 - INFO  - Watchdog has been checked: 0 passed
20.06.2014 21:44:27,145 - INFO  - Watchdog has been checked: 0 passed
20.06.2014 21:46:27,199 - INFO  - Watchdog has been checked: 0 passed
20.06.2014 21:48:31,245 - INFO  - Watchdog has been checked: 0 passed
20.06.2014 21:50:31,186 - INFO  - Watchdog has been checked: 0 passed
20.06.2014 21:52:31,219 - INFO  - Watchdog has been checked: 0 passed
20.06.2014 21:54:31,256 - INFO  - Watchdog has been checked: 0 passed
20.06.2014 21:56:31,050 - INFO  - Watchdog has been checked: 0 passed
20.06.2014 21:58:30,090 - INFO  - Watchdog has been checked: 0 passed
20.06.2014 22:00:29,148 - INFO  - Watchdog has been checked: 0 passed
20.06.2014 22:02:29,185 - INFO  - Watchdog has been checked: 0 passed
20.06.2014 22:04:29,218 - INFO  - Watchdog has been checked: 0 passed
20.06.2014 22:06:29,290 - INFO  - Watchdog has been checked: 0 passed
20.06.2014 22:08:29,305 - INFO  - Watchdog has been checked: 0 passed
20.06.2014 22:10:29,340 - INFO  - Watchdog has been checked: 0 passed
20.06.2014 22:12:29,217 - INFO  - Watchdog has been checked: 0 passed
20.06.2014 22:14:29,314 - INFO  - Watchdog has been checked: 0 passed
20.06.2014 22:16:29,321 - INFO  - Watchdog has been checked: 0 passed
20.06.2014 22:18:29,365 - INFO  - Watchdog has been checked: 0 passed
20.06.2014 22:20:29,241 - INFO  - Watchdog has been checked: 0 passed
20.06.2014 22:22:29,262 - INFO  - Watchdog has been checked: 0 passed
20.06.2014 22:24:29,296 - INFO  - Watchdog has been checked: 0 passed
20.06.2014 22:26:29,321 - INFO  - Watchdog has been checked: 0 passed
20.06.2014 22:28:29,357 - INFO  - Watchdog has been checked: 0 passed
20.06.2014 22:30:29,239 - INFO  - Watchdog has been checked: 0 passed
20.06.2014 22:32:29,232 - INFO  - Watchdog has been checked: 0 passed
20.06.2014 22:34:29,285 - INFO  - Watchdog has been checked: 0 passed
20.06.2014 22:36:29,327 - INFO  - Watchdog has been checked: 0 passed
20.06.2014 22:38:29,320 - INFO  - Watchdog has been checked: 0 passed
20.06.2014 22:40:29,293 - INFO  - Watchdog has been checked: 0 passed
20.06.2014 22:42:29,278 - INFO  - Watchdog has been checked: 0 passed
20.06.2014 22:44:29,340 - INFO  - Watchdog has been checked: 0 passed
20.06.2014 22:46:29,364 - INFO  - Watchdog has been checked: 0 passed
20.06.2014 22:48:29,435 - INFO  - Watchdog has been checked: 0 passed
20.06.2014 22:50:30,013 - INFO  - Watchdog has been checked: 0 passed
20.06.2014 22:52:29,371 - INFO  - Watchdog has been checked: 0 passed
20.06.2014 22:54:29,254 - INFO  - Watchdog has been checked: 0 passed
20.06.2014 22:56:29,230 - INFO  - Watchdog has been checked: 0 passed
20.06.2014 22:58:29,253 - INFO  - Watchdog has been checked: 0 passed
20.06.2014 23:00:29,177 - INFO  - Watchdog has been checked: 0 passed
20.06.2014 23:02:29,190 - INFO  - Watchdog has been checked: 0 passed
20.06.2014 23:04:29,280 - INFO  - Watchdog has been checked: 0 passed
20.06.2014 23:06:29,238 - INFO  - Watchdog has been checked: 0 passed
20.06.2014 23:08:28,988 - INFO  - Watchdog has been checked: 0 passed
20.06.2014 23:10:28,132 - INFO  - Watchdog has been checked: 0 passed
20.06.2014 23:12:28,132 - INFO  - Watchdog has been checked: 0 passed
20.06.2014 23:14:27,986 - INFO  - Watchdog has been checked: 0 passed
20.06.2014 23:16:27,280 - INFO  - Watchdog has been checked: 0 passed
20.06.2014 23:18:27,041 - INFO  - Watchdog has been checked: 0 passed
20.06.2014 23:20:26,180 - INFO  - Watchdog has been checked: 0 passed
20.06.2014 23:22:26,147 - INFO  - Watchdog has been checked: 0 passed
20.06.2014 23:24:26,200 - INFO  - Watchdog has been checked: 0 passed
20.06.2014 23:26:26,196 - INFO  - Watchdog has been checked: 0 passed
20.06.2014 23:28:26,240 - INFO  - Watchdog has been checked: 0 passed
20.06.2014 23:31:56,203 - INFO  - Watchdog has been checked: 0 passed
20.06.2014 23:31:56,204 - INFO  - Watchdog has been checked: 0 passed
20.06.2014 23:32:26,144 - INFO  - Watchdog has been checked: 0 passed
20.06.2014 23:34:26,201 - INFO  - Watchdog has been checked: 0 passed
20.06.2014 23:36:26,230 - INFO  - Watchdog has been checked: 0 passed
20.06.2014 23:38:26,256 - INFO  - Watchdog has been checked: 0 passed
20.06.2014 23:40:26,171 - INFO  - Watchdog has been checked: 0 passed
20.06.2014 23:42:26,122 - INFO  - Watchdog has been checked: 0 passed
20.06.2014 23:44:26,262 - INFO  - Watchdog has been checked: 0 passed
20.06.2014 23:46:26,140 - INFO  - Watchdog has been checked: 0 passed
20.06.2014 23:48:26,152 - INFO  - Watchdog has been checked: 0 passed
20.06.2014 23:50:26,188 - INFO  - Watchdog has been checked: 0 passed
20.06.2014 23:52:26,047 - INFO  - Watchdog has been checked: 0 passed
20.06.2014 23:54:26,231 - INFO  - Watchdog has been checked: 0 passed
20.06.2014 23:56:26,236 - INFO  - Watchdog has been checked: 0 passed
20.06.2014 23:58:26,232 - INFO  - Watchdog has been checked: 0 passed
