05.09.2014 00:00:54,208 - INFO  - Watchdog has been checked: 0 passed
05.09.2014 00:02:56,242 - INFO  - Watchdog has been checked: 0 passed
05.09.2014 00:04:56,102 - INFO  - Watchdog has been checked: 0 passed
05.09.2014 00:06:55,121 - INFO  - Watchdog has been checked: 0 passed
05.09.2014 00:08:54,067 - INFO  - Watchdog has been checked: 0 passed
05.09.2014 00:10:53,179 - INFO  - Watchdog has been checked: 0 passed
05.09.2014 00:12:53,115 - INFO  - Watchdog has been checked: 0 passed
05.09.2014 00:14:52,064 - INFO  - Watchdog has been checked: 0 passed
05.09.2014 00:16:51,148 - INFO  - Watchdog has been checked: 0 passed
05.09.2014 00:18:51,057 - INFO  - Watchdog has been checked: 0 passed
05.09.2014 00:20:50,145 - INFO  - Watchdog has been checked: 0 passed
05.09.2014 00:22:50,103 - INFO  - Watchdog has been checked: 0 passed
05.09.2014 00:24:49,996 - INFO  - Watchdog has been checked: 0 passed
05.09.2014 00:26:49,066 - INFO  - Watchdog has been checked: 0 passed
05.09.2014 00:28:49,009 - INFO  - Watchdog has been checked: 0 passed
05.09.2014 00:30:49,155 - INFO  - Watchdog has been checked: 0 passed
05.09.2014 00:32:49,137 - INFO  - Watchdog has been checked: 0 passed
05.09.2014 00:34:49,135 - INFO  - Watchdog has been checked: 0 passed
05.09.2014 00:36:49,224 - INFO  - Watchdog has been checked: 0 passed
05.09.2014 00:38:49,087 - INFO  - Watchdog has been checked: 0 passed
05.09.2014 00:40:49,161 - INFO  - Watchdog has been checked: 0 passed
05.09.2014 00:42:49,160 - INFO  - Watchdog has been checked: 0 passed
05.09.2014 00:44:49,283 - INFO  - Watchdog has been checked: 0 passed
05.09.2014 00:46:49,188 - INFO  - Watchdog has been checked: 0 passed
05.09.2014 00:48:49,390 - INFO  - Watchdog has been checked: 0 passed
05.09.2014 00:50:49,140 - INFO  - Watchdog has been checked: 0 passed
05.09.2014 00:52:49,104 - INFO  - Watchdog has been checked: 0 passed
05.09.2014 00:54:49,307 - INFO  - Watchdog has been checked: 0 passed
05.09.2014 00:56:49,147 - INFO  - Watchdog has been checked: 0 passed
05.09.2014 00:58:49,264 - INFO  - Watchdog has been checked: 0 passed
05.09.2014 01:00:49,392 - INFO  - Watchdog has been checked: 0 passed
05.09.2014 01:02:49,235 - INFO  - Watchdog has been checked: 0 passed
05.09.2014 01:04:49,331 - INFO  - Watchdog has been checked: 0 passed
05.09.2014 01:06:49,209 - INFO  - Watchdog has been checked: 0 passed
05.09.2014 01:08:49,270 - INFO  - Watchdog has been checked: 0 passed
05.09.2014 01:10:49,295 - INFO  - Watchdog has been checked: 0 passed
05.09.2014 01:12:49,372 - INFO  - Watchdog has been checked: 0 passed
05.09.2014 01:14:49,238 - INFO  - Watchdog has been checked: 0 passed
05.09.2014 01:16:49,324 - INFO  - Watchdog has been checked: 0 passed
05.09.2014 01:18:49,269 - INFO  - Watchdog has been checked: 0 passed
05.09.2014 01:20:49,278 - INFO  - Watchdog has been checked: 0 passed
05.09.2014 01:22:49,332 - INFO  - Watchdog has been checked: 0 passed
05.09.2014 01:24:49,407 - INFO  - Watchdog has been checked: 0 passed
05.09.2014 01:26:49,328 - INFO  - Watchdog has been checked: 0 passed
05.09.2014 01:28:49,456 - INFO  - Watchdog has been checked: 0 passed
05.09.2014 01:30:49,281 - INFO  - Watchdog has been checked: 0 passed
05.09.2014 01:32:49,257 - INFO  - Watchdog has been checked: 0 passed
05.09.2014 01:34:49,196 - INFO  - Watchdog has been checked: 0 passed
05.09.2014 01:36:48,341 - INFO  - Watchdog has been checked: 0 passed
05.09.2014 01:38:48,221 - INFO  - Watchdog has been checked: 0 passed
05.09.2014 01:40:47,130 - INFO  - Watchdog has been checked: 0 passed
05.09.2014 01:42:46,020 - INFO  - Watchdog has been checked: 0 passed
05.09.2014 01:44:45,177 - INFO  - Watchdog has been checked: 0 passed
05.09.2014 01:46:45,028 - INFO  - Watchdog has been checked: 0 passed
05.09.2014 01:48:44,797 - INFO  - Watchdog has been checked: 0 passed
05.09.2014 01:50:44,005 - INFO  - Watchdog has been checked: 0 passed
05.09.2014 01:52:43,061 - INFO  - Watchdog has been checked: 0 passed
05.09.2014 01:54:42,209 - INFO  - Watchdog has been checked: 0 passed
05.09.2014 01:56:42,277 - INFO  - Watchdog has been checked: 0 passed
05.09.2014 01:58:42,205 - INFO  - Watchdog has been checked: 0 passed
05.09.2014 02:00:42,301 - INFO  - Watchdog has been checked: 0 passed
05.09.2014 02:02:42,255 - INFO  - Watchdog has been checked: 0 passed
05.09.2014 02:04:42,176 - INFO  - Watchdog has been checked: 0 passed
05.09.2014 02:06:42,143 - INFO  - Watchdog has been checked: 0 passed
05.09.2014 02:08:42,265 - INFO  - Watchdog has been checked: 0 passed
05.09.2014 02:10:42,236 - INFO  - Watchdog has been checked: 0 passed
05.09.2014 02:12:42,246 - INFO  - Watchdog has been checked: 0 passed
05.09.2014 02:14:42,190 - INFO  - Watchdog has been checked: 0 passed
05.09.2014 02:16:42,269 - INFO  - Watchdog has been checked: 0 passed
05.09.2014 02:18:42,341 - INFO  - Watchdog has been checked: 0 passed
05.09.2014 02:20:42,373 - INFO  - Watchdog has been checked: 0 passed
05.09.2014 02:22:42,219 - INFO  - Watchdog has been checked: 0 passed
05.09.2014 02:24:42,381 - INFO  - Watchdog has been checked: 0 passed
05.09.2014 02:26:42,236 - INFO  - Watchdog has been checked: 0 passed
05.09.2014 02:28:42,211 - INFO  - Watchdog has been checked: 0 passed
05.09.2014 02:30:42,275 - INFO  - Watchdog has been checked: 0 passed
05.09.2014 02:32:42,233 - INFO  - Watchdog has been checked: 0 passed
05.09.2014 02:34:42,334 - INFO  - Watchdog has been checked: 0 passed
05.09.2014 02:36:42,319 - INFO  - Watchdog has been checked: 0 passed
05.09.2014 02:38:42,352 - INFO  - Watchdog has been checked: 0 passed
05.09.2014 02:40:42,494 - INFO  - Watchdog has been checked: 0 passed
05.09.2014 02:42:42,374 - INFO  - Watchdog has been checked: 0 passed
05.09.2014 02:44:42,293 - INFO  - Watchdog has been checked: 0 passed
05.09.2014 02:46:42,329 - INFO  - Watchdog has been checked: 0 passed
05.09.2014 02:48:42,227 - INFO  - Watchdog has been checked: 0 passed
05.09.2014 02:50:42,305 - INFO  - Watchdog has been checked: 0 passed
05.09.2014 02:52:42,323 - INFO  - Watchdog has been checked: 0 passed
05.09.2014 02:54:42,216 - INFO  - Watchdog has been checked: 0 passed
05.09.2014 02:56:42,309 - INFO  - Watchdog has been checked: 0 passed
05.09.2014 02:58:42,220 - INFO  - Watchdog has been checked: 0 passed
05.09.2014 03:00:42,094 - INFO  - Watchdog has been checked: 0 passed
05.09.2014 03:02:41,976 - INFO  - Watchdog has been checked: 0 passed
05.09.2014 03:04:41,144 - INFO  - Watchdog has been checked: 0 passed
05.09.2014 03:06:40,988 - INFO  - Watchdog has been checked: 0 passed
05.09.2014 03:08:40,167 - INFO  - Watchdog has been checked: 0 passed
05.09.2014 03:10:40,004 - INFO  - Watchdog has been checked: 0 passed
05.09.2014 03:12:39,029 - INFO  - Watchdog has been checked: 0 passed
05.09.2014 03:14:39,142 - INFO  - Watchdog has been checked: 0 passed
05.09.2014 03:16:39,077 - INFO  - Watchdog has been checked: 0 passed
05.09.2014 03:18:39,187 - INFO  - Watchdog has been checked: 0 passed
05.09.2014 03:20:39,069 - INFO  - Watchdog has been checked: 0 passed
05.09.2014 03:22:38,176 - INFO  - Watchdog has been checked: 0 passed
05.09.2014 03:24:38,025 - INFO  - Watchdog has been checked: 0 passed
05.09.2014 03:26:38,106 - INFO  - Watchdog has been checked: 0 passed
05.09.2014 03:28:38,028 - INFO  - Watchdog has been checked: 0 passed
05.09.2014 03:30:37,160 - INFO  - Watchdog has been checked: 0 passed
05.09.2014 03:32:37,179 - INFO  - Watchdog has been checked: 0 passed
05.09.2014 03:34:39,232 - INFO  - Watchdog has been checked: 0 passed
05.09.2014 03:36:39,364 - INFO  - Watchdog has been checked: 0 passed
05.09.2014 03:38:39,289 - INFO  - Watchdog has been checked: 0 passed
05.09.2014 03:40:39,102 - INFO  - Watchdog has been checked: 0 passed
05.09.2014 03:42:39,101 - INFO  - Watchdog has been checked: 0 passed
05.09.2014 03:44:39,147 - INFO  - Watchdog has been checked: 0 passed
05.09.2014 03:46:39,253 - INFO  - Watchdog has been checked: 0 passed
05.09.2014 03:48:39,289 - INFO  - Watchdog has been checked: 0 passed
05.09.2014 03:50:39,083 - INFO  - Watchdog has been checked: 0 passed
05.09.2014 03:52:39,167 - INFO  - Watchdog has been checked: 0 passed
05.09.2014 03:54:39,213 - INFO  - Watchdog has been checked: 0 passed
05.09.2014 03:56:39,088 - INFO  - Watchdog has been checked: 0 passed
05.09.2014 03:58:39,365 - INFO  - Watchdog has been checked: 0 passed
05.09.2014 04:00:39,183 - INFO  - Watchdog has been checked: 0 passed
05.09.2014 04:02:39,408 - INFO  - Watchdog has been checked: 0 passed
05.09.2014 04:04:39,261 - INFO  - Watchdog has been checked: 0 passed
05.09.2014 04:06:39,347 - INFO  - Watchdog has been checked: 0 passed
05.09.2014 04:08:39,375 - INFO  - Watchdog has been checked: 0 passed
05.09.2014 04:10:39,396 - INFO  - Watchdog has been checked: 0 passed
05.09.2014 04:12:39,340 - INFO  - Watchdog has been checked: 0 passed
05.09.2014 04:14:39,165 - INFO  - Watchdog has been checked: 0 passed
05.09.2014 04:16:38,338 - INFO  - Watchdog has been checked: 0 passed
05.09.2014 04:18:38,306 - INFO  - Watchdog has been checked: 0 passed
05.09.2014 04:20:38,261 - INFO  - Watchdog has been checked: 0 passed
05.09.2014 04:22:38,026 - INFO  - Watchdog has been checked: 0 passed
05.09.2014 04:24:37,013 - INFO  - Watchdog has been checked: 0 passed
05.09.2014 04:26:36,017 - INFO  - Watchdog has been checked: 0 passed
05.09.2014 04:28:35,108 - INFO  - Watchdog has been checked: 0 passed
05.09.2014 04:30:34,158 - INFO  - Watchdog has been checked: 0 passed
05.09.2014 04:32:33,985 - INFO  - Watchdog has been checked: 0 passed
05.09.2014 04:34:33,143 - INFO  - Watchdog has been checked: 0 passed
05.09.2014 04:36:33,238 - INFO  - Watchdog has been checked: 0 passed
05.09.2014 04:38:33,144 - INFO  - Watchdog has been checked: 0 passed
05.09.2014 04:40:33,065 - INFO  - Watchdog has been checked: 0 passed
05.09.2014 04:42:32,012 - INFO  - Watchdog has been checked: 0 passed
05.09.2014 04:44:32,186 - INFO  - Watchdog has been checked: 0 passed
05.09.2014 04:46:32,250 - INFO  - Watchdog has been checked: 0 passed
05.09.2014 04:48:32,248 - INFO  - Watchdog has been checked: 0 passed
05.09.2014 04:50:32,119 - INFO  - Watchdog has been checked: 0 passed
05.09.2014 04:52:32,307 - INFO  - Watchdog has been checked: 0 passed
05.09.2014 04:54:32,264 - INFO  - Watchdog has been checked: 0 passed
05.09.2014 04:56:32,258 - INFO  - Watchdog has been checked: 0 passed
05.09.2014 04:58:32,252 - INFO  - Watchdog has been checked: 0 passed
05.09.2014 05:00:32,175 - INFO  - Watchdog has been checked: 0 passed
05.09.2014 05:02:32,067 - INFO  - Watchdog has been checked: 0 passed
05.09.2014 05:04:32,212 - INFO  - Watchdog has been checked: 0 passed
05.09.2014 05:06:32,403 - INFO  - Watchdog has been checked: 0 passed
05.09.2014 05:08:32,243 - INFO  - Watchdog has been checked: 0 passed
05.09.2014 05:10:32,333 - INFO  - Watchdog has been checked: 0 passed
05.09.2014 05:12:32,304 - INFO  - Watchdog has been checked: 0 passed
05.09.2014 05:14:32,225 - INFO  - Watchdog has been checked: 0 passed
05.09.2014 05:16:32,421 - INFO  - Watchdog has been checked: 0 passed
05.09.2014 05:18:32,271 - INFO  - Watchdog has been checked: 0 passed
05.09.2014 05:20:32,444 - INFO  - Watchdog has been checked: 0 passed
05.09.2014 05:22:32,406 - INFO  - Watchdog has been checked: 0 passed
05.09.2014 05:24:32,298 - INFO  - Watchdog has been checked: 0 passed
05.09.2014 05:26:32,307 - INFO  - Watchdog has been checked: 0 passed
05.09.2014 05:28:32,223 - INFO  - Watchdog has been checked: 0 passed
05.09.2014 05:30:32,315 - INFO  - Watchdog has been checked: 0 passed
05.09.2014 05:32:32,203 - INFO  - Watchdog has been checked: 0 passed
05.09.2014 05:34:32,182 - INFO  - Watchdog has been checked: 0 passed
05.09.2014 05:36:32,353 - INFO  - Watchdog has been checked: 0 passed
05.09.2014 05:38:32,216 - INFO  - Watchdog has been checked: 0 passed
05.09.2014 05:40:32,325 - INFO  - Watchdog has been checked: 0 passed
05.09.2014 05:42:32,264 - INFO  - Watchdog has been checked: 0 passed
05.09.2014 05:44:32,147 - INFO  - Watchdog has been checked: 0 passed
05.09.2014 05:46:32,224 - INFO  - Watchdog has been checked: 0 passed
05.09.2014 05:48:32,085 - INFO  - Watchdog has been checked: 0 passed
05.09.2014 05:50:32,203 - INFO  - Watchdog has been checked: 0 passed
05.09.2014 05:52:32,187 - INFO  - Watchdog has been checked: 0 passed
05.09.2014 05:54:32,194 - INFO  - Watchdog has been checked: 0 passed
05.09.2014 05:56:32,128 - INFO  - Watchdog has been checked: 0 passed
05.09.2014 05:58:32,023 - INFO  - Watchdog has been checked: 0 passed
05.09.2014 06:00:31,023 - INFO  - Watchdog has been checked: 0 passed
05.09.2014 06:02:30,264 - INFO  - Watchdog has been checked: 0 passed
05.09.2014 06:04:30,123 - INFO  - Watchdog has been checked: 0 passed
05.09.2014 06:06:30,180 - INFO  - Watchdog has been checked: 0 passed
05.09.2014 06:08:30,202 - INFO  - Watchdog has been checked: 0 passed
05.09.2014 06:10:30,332 - INFO  - Watchdog has been checked: 0 passed
05.09.2014 06:12:30,270 - INFO  - Watchdog has been checked: 0 passed
05.09.2014 06:14:30,135 - INFO  - Watchdog has been checked: 0 passed
05.09.2014 06:15:01,731 - INFO  - mapping file sync started
05.09.2014 06:15:02,457 - INFO  - file successfully updated
05.09.2014 06:16:30,263 - INFO  - Watchdog has been checked: 0 passed
05.09.2014 06:18:30,265 - INFO  - Watchdog has been checked: 0 passed
05.09.2014 06:20:30,139 - INFO  - Watchdog has been checked: 0 passed
05.09.2014 06:22:30,200 - INFO  - Watchdog has been checked: 0 passed
05.09.2014 06:24:30,374 - INFO  - Watchdog has been checked: 0 passed
05.09.2014 06:26:30,165 - INFO  - Watchdog has been checked: 0 passed
05.09.2014 06:28:30,370 - INFO  - Watchdog has been checked: 0 passed
05.09.2014 06:30:30,149 - INFO  - Watchdog has been checked: 0 passed
05.09.2014 06:32:30,316 - INFO  - Watchdog has been checked: 0 passed
05.09.2014 06:34:30,188 - INFO  - Watchdog has been checked: 0 passed
05.09.2014 06:36:30,121 - INFO  - Watchdog has been checked: 0 passed
05.09.2014 06:38:30,325 - INFO  - Watchdog has been checked: 0 passed
05.09.2014 06:40:30,284 - INFO  - Watchdog has been checked: 0 passed
05.09.2014 06:42:30,110 - INFO  - Watchdog has been checked: 0 passed
05.09.2014 06:44:30,248 - INFO  - Watchdog has been checked: 0 passed
05.09.2014 06:46:30,420 - INFO  - Watchdog has been checked: 0 passed
05.09.2014 06:48:30,337 - INFO  - Watchdog has been checked: 0 passed
05.09.2014 06:50:30,350 - INFO  - Watchdog has been checked: 0 passed
05.09.2014 06:52:30,317 - INFO  - Watchdog has been checked: 0 passed
05.09.2014 06:54:30,211 - INFO  - Watchdog has been checked: 0 passed
05.09.2014 06:56:30,397 - INFO  - Watchdog has been checked: 0 passed
05.09.2014 06:58:30,324 - INFO  - Watchdog has been checked: 0 passed
05.09.2014 07:00:30,311 - INFO  - Watchdog has been checked: 0 passed
05.09.2014 07:02:30,385 - INFO  - Watchdog has been checked: 0 passed
05.09.2014 07:04:30,255 - INFO  - Watchdog has been checked: 0 passed
05.09.2014 07:06:30,082 - INFO  - Watchdog has been checked: 0 passed
05.09.2014 07:08:29,229 - INFO  - Watchdog has been checked: 0 passed
05.09.2014 07:10:29,094 - INFO  - Watchdog has been checked: 0 passed
05.09.2014 07:12:28,020 - INFO  - Watchdog has been checked: 0 passed
05.09.2014 07:14:27,152 - INFO  - Watchdog has been checked: 0 passed
05.09.2014 07:15:01,954 - INFO  - mapping file sync started
05.09.2014 07:15:02,434 - INFO  - file successfully updated
05.09.2014 07:16:27,842 - INFO  - Watchdog has been checked: 0 passed
05.09.2014 07:18:27,166 - INFO  - Watchdog has been checked: 0 passed
05.09.2014 07:20:26,079 - INFO  - Watchdog has been checked: 0 passed
05.09.2014 07:22:25,023 - INFO  - Watchdog has been checked: 0 passed
05.09.2014 07:24:24,177 - INFO  - Watchdog has been checked: 0 passed
05.09.2014 07:26:24,170 - INFO  - Watchdog has been checked: 0 passed
05.09.2014 07:28:24,121 - INFO  - Watchdog has been checked: 0 passed
05.09.2014 07:30:23,968 - INFO  - Watchdog has been checked: 0 passed
05.09.2014 07:32:23,157 - INFO  - Watchdog has been checked: 0 passed
05.09.2014 07:34:23,113 - INFO  - Watchdog has been checked: 0 passed
05.09.2014 07:36:23,198 - INFO  - Watchdog has been checked: 0 passed
05.09.2014 07:38:23,143 - INFO  - Watchdog has been checked: 0 passed
05.09.2014 07:40:23,254 - INFO  - Watchdog has been checked: 0 passed
05.09.2014 07:42:23,142 - INFO  - Watchdog has been checked: 0 passed
05.09.2014 07:44:23,323 - INFO  - Watchdog has been checked: 0 passed
05.09.2014 07:46:23,325 - INFO  - Watchdog has been checked: 0 passed
05.09.2014 07:48:23,257 - INFO  - Watchdog has been checked: 0 passed
05.09.2014 07:50:23,176 - INFO  - Watchdog has been checked: 0 passed
05.09.2014 07:52:23,284 - INFO  - Watchdog has been checked: 0 passed
05.09.2014 07:54:23,259 - INFO  - Watchdog has been checked: 0 passed
05.09.2014 07:56:23,311 - INFO  - Watchdog has been checked: 0 passed
05.09.2014 07:58:23,187 - INFO  - Watchdog has been checked: 0 passed
05.09.2014 08:00:23,276 - INFO  - Watchdog has been checked: 0 passed
05.09.2014 08:02:23,195 - INFO  - Watchdog has been checked: 0 passed
05.09.2014 08:04:23,100 - INFO  - Watchdog has been checked: 0 passed
05.09.2014 08:06:23,237 - INFO  - Watchdog has been checked: 0 passed
05.09.2014 08:08:23,193 - INFO  - Watchdog has been checked: 0 passed
05.09.2014 08:10:23,349 - INFO  - Watchdog has been checked: 0 passed
05.09.2014 08:12:23,134 - INFO  - Watchdog has been checked: 0 passed
05.09.2014 08:14:23,411 - INFO  - Watchdog has been checked: 0 passed
05.09.2014 08:16:23,215 - INFO  - Watchdog has been checked: 0 passed
05.09.2014 08:18:23,308 - INFO  - Watchdog has been checked: 0 passed
05.09.2014 08:20:23,203 - INFO  - Watchdog has been checked: 0 passed
05.09.2014 08:22:23,250 - INFO  - Watchdog has been checked: 0 passed
05.09.2014 08:24:23,283 - INFO  - Watchdog has been checked: 0 passed
05.09.2014 08:26:23,288 - INFO  - Watchdog has been checked: 0 passed
05.09.2014 08:28:23,185 - INFO  - Watchdog has been checked: 0 passed
05.09.2014 08:30:23,099 - INFO  - Watchdog has been checked: 0 passed
05.09.2014 08:32:23,346 - INFO  - Watchdog has been checked: 0 passed
05.09.2014 08:34:23,185 - INFO  - Watchdog has been checked: 0 passed
05.09.2014 08:36:23,271 - INFO  - Watchdog has been checked: 0 passed
05.09.2014 08:38:23,204 - INFO  - Watchdog has been checked: 0 passed
05.09.2014 08:40:23,160 - INFO  - Watchdog has been checked: 0 passed
05.09.2014 08:42:23,041 - INFO  - Watchdog has been checked: 0 passed
05.09.2014 08:43:07,975 - INFO  - searcher identified --- respT: 39ms, 72585 results, q=, 
05.09.2014 08:43:12,503 - INFO  - searcher identified --- respT: 20ms, 797 results, q=Tag der offen, 
05.09.2014 08:43:13,765 - INFO  - searcher identified --- respT: 34ms, no results, q=Tag der offenn, 
05.09.2014 08:43:14,286 - INFO  - searcher identified --- respT: 20ms, 599 results, q=Tag der offene, 
05.09.2014 08:44:22,211 - INFO  - Watchdog has been checked: 0 passed
05.09.2014 08:46:22,062 - INFO  - Watchdog has been checked: 0 passed
05.09.2014 08:48:21,295 - INFO  - Watchdog has been checked: 0 passed
05.09.2014 08:50:21,159 - INFO  - Watchdog has been checked: 0 passed
05.09.2014 08:52:21,150 - INFO  - Watchdog has been checked: 0 passed
05.09.2014 08:54:21,259 - INFO  - Watchdog has been checked: 0 passed
05.09.2014 08:56:21,132 - INFO  - Watchdog has been checked: 0 passed
05.09.2014 08:58:21,082 - INFO  - Watchdog has been checked: 0 passed
05.09.2014 09:00:21,180 - INFO  - Watchdog has been checked: 0 passed
05.09.2014 09:02:21,124 - INFO  - Watchdog has been checked: 0 passed
05.09.2014 09:04:21,302 - INFO  - Watchdog has been checked: 0 passed
05.09.2014 09:06:21,130 - INFO  - Watchdog has been checked: 0 passed
05.09.2014 09:08:21,129 - INFO  - Watchdog has been checked: 0 passed
05.09.2014 09:10:21,234 - INFO  - Watchdog has been checked: 0 passed
05.09.2014 09:12:21,184 - INFO  - Watchdog has been checked: 0 passed
05.09.2014 09:14:21,418 - INFO  - Watchdog has been checked: 0 passed
05.09.2014 09:16:21,274 - INFO  - Watchdog has been checked: 0 passed
05.09.2014 09:18:21,162 - INFO  - Watchdog has been checked: 0 passed
05.09.2014 09:20:21,366 - INFO  - Watchdog has been checked: 0 passed
05.09.2014 09:22:21,274 - INFO  - Watchdog has been checked: 0 passed
05.09.2014 09:24:21,270 - INFO  - Watchdog has been checked: 0 passed
05.09.2014 09:26:21,376 - INFO  - Watchdog has been checked: 0 passed
05.09.2014 09:28:21,248 - INFO  - Watchdog has been checked: 0 passed
05.09.2014 09:30:21,156 - INFO  - Watchdog has been checked: 0 passed
05.09.2014 09:32:21,196 - INFO  - Watchdog has been checked: 0 passed
05.09.2014 09:34:21,321 - INFO  - Watchdog has been checked: 0 passed
05.09.2014 09:36:21,142 - INFO  - Watchdog has been checked: 0 passed
05.09.2014 09:38:21,183 - INFO  - Watchdog has been checked: 0 passed
05.09.2014 09:40:21,373 - INFO  - Watchdog has been checked: 0 passed
05.09.2014 09:42:21,346 - INFO  - Watchdog has been checked: 0 passed
05.09.2014 09:44:21,307 - INFO  - Watchdog has been checked: 0 passed
05.09.2014 09:46:21,096 - INFO  - Watchdog has been checked: 0 passed
05.09.2014 09:48:21,132 - INFO  - Watchdog has been checked: 0 passed
05.09.2014 09:50:21,318 - INFO  - Watchdog has been checked: 0 passed
05.09.2014 09:52:21,230 - INFO  - Watchdog has been checked: 0 passed
05.09.2014 09:54:21,300 - INFO  - Watchdog has been checked: 0 passed
05.09.2014 09:56:21,312 - INFO  - Watchdog has been checked: 0 passed
05.09.2014 09:58:21,264 - INFO  - Watchdog has been checked: 0 passed
05.09.2014 10:00:21,266 - INFO  - Watchdog has been checked: 0 passed
05.09.2014 10:02:21,191 - INFO  - Watchdog has been checked: 0 passed
05.09.2014 10:02:43,635 - INFO  - searcher identified --- respT: 38ms, 83028 results, q=, 
05.09.2014 10:03:13,944 - INFO  - searcher identified --- respT: 39ms, 14 results, q=materials.web.psi.ch, 
05.09.2014 10:03:13,946 - INFO  - searcher identified --- respT: 40ms, 14 results, q=materials.web.psi.ch, 
05.09.2014 10:04:21,137 - INFO  - Watchdog has been checked: 0 passed
05.09.2014 10:06:21,000 - INFO  - Watchdog has been checked: 0 passed
05.09.2014 10:08:19,918 - INFO  - Watchdog has been checked: 0 passed
05.09.2014 10:10:19,147 - INFO  - Watchdog has been checked: 0 passed
05.09.2014 10:12:19,194 - INFO  - Watchdog has been checked: 0 passed
05.09.2014 10:13:34,610 - INFO  - searcher identified --- respT: 14ms, 5506 results, web:(PSIWeb), q=, 
05.09.2014 10:13:45,452 - INFO  - searcher identified --- respT: 29ms, 242 results, web:(PSIWeb), author:DanielOderbolz, q=, 
05.09.2014 10:14:19,090 - INFO  - Watchdog has been checked: 0 passed
05.09.2014 10:16:18,248 - INFO  - Watchdog has been checked: 0 passed
05.09.2014 10:18:18,157 - INFO  - Watchdog has been checked: 0 passed
05.09.2014 10:20:18,087 - INFO  - Watchdog has been checked: 0 passed
05.09.2014 10:22:17,121 - INFO  - Watchdog has been checked: 0 passed
05.09.2014 10:24:17,244 - INFO  - Watchdog has been checked: 0 passed
05.09.2014 10:26:17,122 - INFO  - Watchdog has been checked: 0 passed
05.09.2014 10:28:17,285 - INFO  - Watchdog has been checked: 0 passed
05.09.2014 10:30:17,213 - INFO  - Watchdog has been checked: 0 passed
05.09.2014 10:32:17,217 - INFO  - Watchdog has been checked: 0 passed
05.09.2014 10:34:17,334 - INFO  - Watchdog has been checked: 0 passed
05.09.2014 10:36:17,285 - INFO  - Watchdog has been checked: 0 passed
05.09.2014 10:38:17,126 - INFO  - Watchdog has been checked: 0 passed
05.09.2014 10:40:19,263 - INFO  - Watchdog has been checked: 0 passed
05.09.2014 10:42:05,271 - INFO  - searcher identified --- respT: 41ms, 83039 results, q=, 
05.09.2014 10:42:15,965 - INFO  - searcher identified --- respT: 18ms, 914 results, q=recent changes, 
05.09.2014 10:42:18,687 - INFO  - searcher identified --- respT: 18ms, 914 results, q=recent changes, 
05.09.2014 10:42:19,108 - INFO  - Watchdog has been checked: 0 passed
05.09.2014 10:43:00,902 - INFO  - searcher identified --- respT: 15ms, 1959 results, q=AMI, 
05.09.2014 10:43:03,362 - INFO  - searcher identified --- respT: 16ms, 1959 results, q=AMI, 
05.09.2014 10:43:19,229 - INFO  - searcher identified --- respT: 24ms, 55 results, web:(PSIWeb), q=AMI, 
05.09.2014 10:43:33,065 - INFO  - searcher identified --- respT: 24ms, 14 results, web:(PSIWeb), q=WebChanges, 
05.09.2014 10:43:44,100 - INFO  - searcher identified --- respT: 13ms, 58 results, web:(PSIWeb), q=changes, 
05.09.2014 10:43:54,106 - INFO  - searcher identified --- respT: 18ms, 58 results, web:(PSIWeb), q=changes, 
05.09.2014 10:44:19,226 - INFO  - Watchdog has been checked: 0 passed
05.09.2014 10:46:19,346 - INFO  - Watchdog has been checked: 0 passed
05.09.2014 10:48:19,239 - INFO  - Watchdog has been checked: 0 passed
05.09.2014 10:50:19,299 - INFO  - Watchdog has been checked: 0 passed
05.09.2014 10:52:19,163 - INFO  - Watchdog has been checked: 0 passed
05.09.2014 10:54:19,350 - INFO  - Watchdog has been checked: 0 passed
05.09.2014 10:56:19,287 - INFO  - Watchdog has been checked: 0 passed
05.09.2014 10:58:19,433 - INFO  - Watchdog has been checked: 0 passed
05.09.2014 11:00:19,331 - INFO  - Watchdog has been checked: 0 passed
05.09.2014 11:02:32,297 - INFO  - Watchdog has been checked: 0 passed
05.09.2014 11:03:42,515 - INFO  - Watchdog has been checked: 0 passed
05.09.2014 11:04:20,200 - INFO  - Watchdog has been checked: 0 passed
05.09.2014 11:06:19,484 - INFO  - Watchdog has been checked: 0 passed
05.09.2014 11:08:19,996 - INFO  - Watchdog has been checked: 0 passed
05.09.2014 11:10:19,452 - INFO  - Watchdog has been checked: 0 passed
05.09.2014 11:12:19,413 - INFO  - Watchdog has been checked: 0 passed
05.09.2014 11:14:19,276 - INFO  - Watchdog has been checked: 0 passed
05.09.2014 11:16:19,366 - INFO  - Watchdog has been checked: 0 passed
05.09.2014 11:18:19,316 - INFO  - Watchdog has been checked: 0 passed
05.09.2014 11:20:19,155 - INFO  - Watchdog has been checked: 0 passed
05.09.2014 11:22:19,198 - INFO  - Watchdog has been checked: 0 passed
05.09.2014 11:24:19,312 - INFO  - Watchdog has been checked: 0 passed
05.09.2014 11:26:19,051 - INFO  - Watchdog has been checked: 0 passed
05.09.2014 11:28:18,363 - INFO  - Watchdog has been checked: 0 passed
05.09.2014 11:30:18,166 - INFO  - Watchdog has been checked: 0 passed
05.09.2014 11:32:18,163 - INFO  - Watchdog has been checked: 0 passed
05.09.2014 11:34:17,320 - INFO  - Watchdog has been checked: 0 passed
05.09.2014 11:36:17,192 - INFO  - Watchdog has been checked: 0 passed
05.09.2014 11:38:17,214 - INFO  - Watchdog has been checked: 0 passed
05.09.2014 11:40:19,332 - INFO  - Watchdog has been checked: 0 passed
05.09.2014 11:42:19,094 - INFO  - Watchdog has been checked: 0 passed
05.09.2014 11:44:18,268 - INFO  - Watchdog has been checked: 0 passed
05.09.2014 11:46:18,157 - INFO  - Watchdog has been checked: 0 passed
05.09.2014 11:48:18,113 - INFO  - Watchdog has been checked: 0 passed
05.09.2014 11:50:18,276 - INFO  - Watchdog has been checked: 0 passed
05.09.2014 11:52:18,225 - INFO  - Watchdog has been checked: 0 passed
05.09.2014 11:54:18,106 - INFO  - Watchdog has been checked: 0 passed
05.09.2014 11:56:18,190 - INFO  - Watchdog has been checked: 0 passed
05.09.2014 11:58:18,184 - INFO  - Watchdog has been checked: 0 passed
05.09.2014 12:00:18,054 - INFO  - Watchdog has been checked: 0 passed
05.09.2014 12:02:18,036 - INFO  - Watchdog has been checked: 0 passed
05.09.2014 12:04:17,155 - INFO  - Watchdog has been checked: 0 passed
05.09.2014 12:06:17,263 - INFO  - Watchdog has been checked: 0 passed
05.09.2014 12:08:17,259 - INFO  - Watchdog has been checked: 0 passed
05.09.2014 12:10:17,214 - INFO  - Watchdog has been checked: 0 passed
05.09.2014 12:12:17,249 - INFO  - Watchdog has been checked: 0 passed
05.09.2014 12:14:17,116 - INFO  - Watchdog has been checked: 0 passed
05.09.2014 12:16:17,250 - INFO  - Watchdog has been checked: 0 passed
05.09.2014 12:18:17,131 - INFO  - Watchdog has been checked: 0 passed
05.09.2014 12:20:17,057 - INFO  - Watchdog has been checked: 0 passed
05.09.2014 12:22:17,131 - INFO  - Watchdog has been checked: 0 passed
05.09.2014 12:24:17,332 - INFO  - Watchdog has been checked: 0 passed
05.09.2014 12:26:17,191 - INFO  - Watchdog has been checked: 0 passed
05.09.2014 12:28:17,120 - INFO  - Watchdog has been checked: 0 passed
05.09.2014 12:30:17,310 - INFO  - Watchdog has been checked: 0 passed
05.09.2014 12:32:17,287 - INFO  - Watchdog has been checked: 0 passed
05.09.2014 12:34:17,209 - INFO  - Watchdog has been checked: 0 passed
05.09.2014 12:36:17,265 - INFO  - Watchdog has been checked: 0 passed
05.09.2014 12:38:17,231 - INFO  - Watchdog has been checked: 0 passed
05.09.2014 12:40:17,107 - INFO  - Watchdog has been checked: 0 passed
05.09.2014 12:42:19,057 - INFO  - Watchdog has been checked: 0 passed
05.09.2014 12:44:19,173 - INFO  - Watchdog has been checked: 0 passed
05.09.2014 12:46:19,183 - INFO  - Watchdog has been checked: 0 passed
05.09.2014 12:48:19,146 - INFO  - Watchdog has been checked: 0 passed
05.09.2014 12:50:19,060 - INFO  - Watchdog has been checked: 0 passed
05.09.2014 12:52:18,024 - INFO  - Watchdog has been checked: 0 passed
05.09.2014 12:54:17,167 - INFO  - Watchdog has been checked: 0 passed
05.09.2014 12:56:17,105 - INFO  - Watchdog has been checked: 0 passed
05.09.2014 12:58:16,186 - INFO  - Watchdog has been checked: 0 passed
05.09.2014 13:00:16,157 - INFO  - Watchdog has been checked: 0 passed
05.09.2014 13:02:16,151 - INFO  - Watchdog has been checked: 0 passed
05.09.2014 13:04:16,260 - INFO  - Watchdog has been checked: 0 passed
05.09.2014 13:06:16,168 - INFO  - Watchdog has been checked: 0 passed
05.09.2014 13:08:16,309 - INFO  - Watchdog has been checked: 0 passed
05.09.2014 13:10:16,198 - INFO  - Watchdog has been checked: 0 passed
05.09.2014 13:12:16,322 - INFO  - Watchdog has been checked: 0 passed
05.09.2014 13:14:16,089 - INFO  - Watchdog has been checked: 0 passed
05.09.2014 13:16:15,250 - INFO  - Watchdog has been checked: 0 passed
05.09.2014 13:18:15,189 - INFO  - Watchdog has been checked: 0 passed
05.09.2014 13:20:15,266 - INFO  - Watchdog has been checked: 0 passed
05.09.2014 13:22:15,096 - INFO  - Watchdog has been checked: 0 passed
05.09.2014 13:24:14,157 - INFO  - Watchdog has been checked: 0 passed
05.09.2014 13:26:14,073 - INFO  - Watchdog has been checked: 0 passed
05.09.2014 13:28:13,220 - INFO  - Watchdog has been checked: 0 passed
05.09.2014 13:30:13,108 - INFO  - Watchdog has been checked: 0 passed
05.09.2014 13:32:13,141 - INFO  - Watchdog has been checked: 0 passed
05.09.2014 13:34:13,233 - INFO  - Watchdog has been checked: 0 passed
05.09.2014 13:36:13,093 - INFO  - Watchdog has been checked: 0 passed
05.09.2014 13:38:12,100 - INFO  - Watchdog has been checked: 0 passed
05.09.2014 13:40:12,286 - INFO  - Watchdog has been checked: 0 passed
05.09.2014 13:42:12,339 - INFO  - Watchdog has been checked: 0 passed
05.09.2014 13:44:12,138 - INFO  - Watchdog has been checked: 0 passed
05.09.2014 13:46:12,053 - INFO  - Watchdog has been checked: 0 passed
05.09.2014 13:48:12,349 - INFO  - Watchdog has been checked: 0 passed
05.09.2014 13:50:12,155 - INFO  - Watchdog has been checked: 0 passed
05.09.2014 13:52:12,185 - INFO  - Watchdog has been checked: 0 passed
05.09.2014 13:54:12,228 - INFO  - Watchdog has been checked: 0 passed
05.09.2014 13:56:12,106 - INFO  - Watchdog has been checked: 0 passed
05.09.2014 13:58:12,071 - INFO  - Watchdog has been checked: 0 passed
05.09.2014 14:00:12,212 - INFO  - Watchdog has been checked: 0 passed
05.09.2014 14:02:12,199 - INFO  - Watchdog has been checked: 0 passed
05.09.2014 14:04:12,021 - INFO  - Watchdog has been checked: 0 passed
05.09.2014 14:06:12,142 - INFO  - Watchdog has been checked: 0 passed
05.09.2014 14:08:12,034 - INFO  - Watchdog has been checked: 0 passed
05.09.2014 14:10:12,195 - INFO  - Watchdog has been checked: 0 passed
05.09.2014 14:12:12,174 - INFO  - Watchdog has been checked: 0 passed
05.09.2014 14:14:12,287 - INFO  - Watchdog has been checked: 0 passed
05.09.2014 14:16:12,137 - INFO  - Watchdog has been checked: 0 passed
05.09.2014 14:18:12,115 - INFO  - Watchdog has been checked: 0 passed
05.09.2014 14:20:12,204 - INFO  - Watchdog has been checked: 0 passed
05.09.2014 14:22:12,264 - INFO  - Watchdog has been checked: 0 passed
05.09.2014 14:24:12,141 - INFO  - Watchdog has been checked: 0 passed
05.09.2014 14:26:12,314 - INFO  - Watchdog has been checked: 0 passed
05.09.2014 14:28:12,239 - INFO  - Watchdog has been checked: 0 passed
05.09.2014 14:30:12,100 - INFO  - Watchdog has been checked: 0 passed
05.09.2014 14:32:11,091 - INFO  - Watchdog has been checked: 0 passed
05.09.2014 14:34:11,220 - INFO  - Watchdog has been checked: 0 passed
05.09.2014 14:36:11,190 - INFO  - Watchdog has been checked: 0 passed
05.09.2014 14:38:11,133 - INFO  - Watchdog has been checked: 0 passed
05.09.2014 14:40:11,287 - INFO  - Watchdog has been checked: 0 passed
05.09.2014 14:42:11,291 - INFO  - Watchdog has been checked: 0 passed
05.09.2014 14:44:11,161 - INFO  - Watchdog has been checked: 0 passed
05.09.2014 14:46:10,248 - INFO  - Watchdog has been checked: 0 passed
05.09.2014 14:48:10,161 - INFO  - Watchdog has been checked: 0 passed
05.09.2014 14:50:10,137 - INFO  - Watchdog has been checked: 0 passed
05.09.2014 14:52:10,176 - INFO  - Watchdog has been checked: 0 passed
05.09.2014 14:54:10,042 - INFO  - Watchdog has been checked: 0 passed
05.09.2014 14:56:10,146 - INFO  - Watchdog has been checked: 0 passed
05.09.2014 14:58:10,081 - INFO  - Watchdog has been checked: 0 passed
05.09.2014 15:00:10,222 - INFO  - Watchdog has been checked: 0 passed
05.09.2014 15:02:10,055 - INFO  - Watchdog has been checked: 0 passed
05.09.2014 15:04:10,184 - INFO  - Watchdog has been checked: 0 passed
05.09.2014 15:06:10,126 - INFO  - Watchdog has been checked: 0 passed
05.09.2014 15:08:10,129 - INFO  - Watchdog has been checked: 0 passed
05.09.2014 15:10:10,266 - INFO  - Watchdog has been checked: 0 passed
05.09.2014 15:12:10,250 - INFO  - Watchdog has been checked: 0 passed
05.09.2014 15:14:10,845 - INFO  - Watchdog has been checked: 0 passed
05.09.2014 15:16:10,211 - INFO  - Watchdog has been checked: 0 passed
05.09.2014 15:18:10,171 - INFO  - Watchdog has been checked: 0 passed
05.09.2014 15:20:10,305 - INFO  - Watchdog has been checked: 0 passed
05.09.2014 15:22:10,262 - INFO  - Watchdog has been checked: 0 passed
05.09.2014 15:24:10,528 - INFO  - Watchdog has been checked: 0 passed
05.09.2014 15:26:10,287 - INFO  - Watchdog has been checked: 0 passed
05.09.2014 15:28:10,175 - INFO  - Watchdog has been checked: 0 passed
05.09.2014 15:30:10,396 - INFO  - Watchdog has been checked: 0 passed
05.09.2014 15:32:10,201 - INFO  - Watchdog has been checked: 0 passed
05.09.2014 15:34:10,411 - INFO  - Watchdog has been checked: 0 passed
05.09.2014 15:36:10,223 - INFO  - Watchdog has been checked: 0 passed
05.09.2014 15:38:10,194 - INFO  - Watchdog has been checked: 0 passed
05.09.2014 15:40:10,344 - INFO  - Watchdog has been checked: 0 passed
05.09.2014 15:42:10,153 - INFO  - Watchdog has been checked: 0 passed
05.09.2014 15:44:10,360 - INFO  - Watchdog has been checked: 0 passed
05.09.2014 15:47:10,145 - INFO  - Watchdog has been checked: 0 passed
05.09.2014 15:49:10,434 - INFO  - Watchdog has been checked: 0 passed
05.09.2014 15:51:10,251 - INFO  - Watchdog has been checked: 0 passed
05.09.2014 15:53:10,309 - INFO  - Watchdog has been checked: 0 passed
05.09.2014 15:55:10,179 - INFO  - Watchdog has been checked: 0 passed
05.09.2014 15:57:10,205 - INFO  - Watchdog has been checked: 0 passed
05.09.2014 15:59:10,239 - INFO  - Watchdog has been checked: 0 passed
05.09.2014 16:01:10,104 - INFO  - Watchdog has been checked: 0 passed
05.09.2014 16:03:09,202 - INFO  - Watchdog has been checked: 0 passed
05.09.2014 16:05:09,030 - INFO  - Watchdog has been checked: 0 passed
05.09.2014 16:07:08,096 - INFO  - Watchdog has been checked: 0 passed
05.09.2014 16:09:07,044 - INFO  - Watchdog has been checked: 0 passed
05.09.2014 16:11:06,129 - INFO  - Watchdog has been checked: 0 passed
05.09.2014 16:13:06,173 - INFO  - Watchdog has been checked: 0 passed
05.09.2014 16:15:06,338 - INFO  - Watchdog has been checked: 0 passed
05.09.2014 16:17:06,320 - INFO  - Watchdog has been checked: 0 passed
05.09.2014 16:19:06,323 - INFO  - Watchdog has been checked: 0 passed
05.09.2014 16:21:06,334 - INFO  - Watchdog has been checked: 0 passed
05.09.2014 16:23:06,250 - INFO  - Watchdog has been checked: 0 passed
05.09.2014 16:25:06,369 - INFO  - Watchdog has been checked: 0 passed
05.09.2014 16:27:06,231 - INFO  - Watchdog has been checked: 0 passed
05.09.2014 16:29:06,365 - INFO  - Watchdog has been checked: 0 passed
05.09.2014 16:31:06,253 - INFO  - Watchdog has been checked: 0 passed
05.09.2014 16:33:06,301 - INFO  - Watchdog has been checked: 0 passed
05.09.2014 16:35:06,198 - INFO  - Watchdog has been checked: 0 passed
05.09.2014 16:37:06,225 - INFO  - Watchdog has been checked: 0 passed
05.09.2014 16:39:06,187 - INFO  - Watchdog has been checked: 0 passed
05.09.2014 16:41:06,260 - INFO  - Watchdog has been checked: 0 passed
05.09.2014 16:43:06,147 - INFO  - Watchdog has been checked: 0 passed
05.09.2014 16:45:06,825 - INFO  - Watchdog has been checked: 0 passed
05.09.2014 16:47:08,325 - INFO  - Watchdog has been checked: 0 passed
05.09.2014 16:49:08,420 - INFO  - Watchdog has been checked: 0 passed
05.09.2014 16:51:08,254 - INFO  - Watchdog has been checked: 0 passed
05.09.2014 16:53:08,272 - INFO  - Watchdog has been checked: 0 passed
05.09.2014 16:55:08,169 - INFO  - Watchdog has been checked: 0 passed
05.09.2014 16:57:08,145 - INFO  - Watchdog has been checked: 0 passed
05.09.2014 16:59:08,470 - INFO  - Watchdog has been checked: 0 passed
05.09.2014 17:01:08,244 - INFO  - Watchdog has been checked: 0 passed
05.09.2014 17:03:08,197 - INFO  - Watchdog has been checked: 0 passed
05.09.2014 17:05:08,316 - INFO  - Watchdog has been checked: 0 passed
05.09.2014 17:07:08,143 - INFO  - Watchdog has been checked: 0 passed
05.09.2014 17:09:08,522 - INFO  - Watchdog has been checked: 0 passed
05.09.2014 17:11:08,210 - INFO  - Watchdog has been checked: 0 passed
05.09.2014 17:13:08,269 - INFO  - Watchdog has been checked: 0 passed
05.09.2014 17:15:08,207 - INFO  - Watchdog has been checked: 0 passed
05.09.2014 17:17:08,276 - INFO  - Watchdog has been checked: 0 passed
05.09.2014 17:19:08,506 - INFO  - Watchdog has been checked: 0 passed
05.09.2014 17:21:08,327 - INFO  - Watchdog has been checked: 0 passed
05.09.2014 17:23:08,390 - INFO  - Watchdog has been checked: 0 passed
05.09.2014 17:25:08,249 - INFO  - Watchdog has been checked: 0 passed
05.09.2014 17:26:56,855 - INFO  - searcher identified --- respT: 15ms, 5506 results, web:(PSIWeb), q=, 
05.09.2014 17:27:04,293 - INFO  - searcher identified --- respT: 22ms, 26 results, web:(PSIWeb), q=unknown, 
05.09.2014 17:27:05,663 - INFO  - searcher identified --- respT: 21ms, 26 results, web:(PSIWeb), q=unknown, 
05.09.2014 17:27:08,239 - INFO  - Watchdog has been checked: 0 passed
05.09.2014 17:27:11,917 - INFO  - searcher identified --- respT: 25ms, 4 results, web:(PSIWeb), q=unknown solr, 
05.09.2014 17:29:08,467 - INFO  - Watchdog has been checked: 0 passed
05.09.2014 17:31:08,310 - INFO  - Watchdog has been checked: 0 passed
05.09.2014 17:33:08,066 - INFO  - Watchdog has been checked: 0 passed
05.09.2014 17:35:08,244 - INFO  - Watchdog has been checked: 0 passed
05.09.2014 17:37:08,261 - INFO  - Watchdog has been checked: 0 passed
05.09.2014 17:39:08,413 - INFO  - Watchdog has been checked: 0 passed
05.09.2014 17:41:08,076 - INFO  - Watchdog has been checked: 0 passed
05.09.2014 17:43:08,191 - INFO  - Watchdog has been checked: 0 passed
05.09.2014 17:45:08,255 - INFO  - Watchdog has been checked: 0 passed
05.09.2014 17:47:08,203 - INFO  - Watchdog has been checked: 0 passed
05.09.2014 17:49:08,532 - INFO  - Watchdog has been checked: 0 passed
05.09.2014 17:51:08,083 - INFO  - Watchdog has been checked: 0 passed
05.09.2014 17:53:07,102 - INFO  - Watchdog has been checked: 0 passed
05.09.2014 17:55:07,283 - INFO  - Watchdog has been checked: 0 passed
05.09.2014 17:55:54,614 - INFO  - searcher identified --- respT: 82ms, 176 results, q=modified topics, 
05.09.2014 17:57:07,284 - INFO  - Watchdog has been checked: 0 passed
05.09.2014 17:59:07,229 - INFO  - Watchdog has been checked: 0 passed
05.09.2014 18:01:07,243 - INFO  - Watchdog has been checked: 0 passed
05.09.2014 18:03:07,110 - INFO  - Watchdog has been checked: 0 passed
05.09.2014 18:05:07,208 - INFO  - Watchdog has been checked: 0 passed
05.09.2014 18:07:07,223 - INFO  - Watchdog has been checked: 0 passed
05.09.2014 18:08:39,693 - INFO  - searcher identified --- respT: 27ms, 4 results, web:(PSIWeb), q=unknown solr, 
05.09.2014 18:08:48,786 - INFO  - searcher identified --- respT: 51ms, 176 results, q=modified topics, 
05.09.2014 18:08:59,593 - INFO  - searcher identified --- respT: 12ms, 1089 results, q=modified, 
05.09.2014 18:09:06,839 - INFO  - searcher identified --- respT: 19ms, 51 results, q=modified foswiki, 
05.09.2014 18:09:07,174 - INFO  - Watchdog has been checked: 0 passed
05.09.2014 18:09:16,062 - INFO  - searcher identified --- respT: 33ms, 85 results, q=changed foswiki, 
05.09.2014 18:09:21,843 - INFO  - searcher identified --- respT: 37ms, 7 results, author:OliverSchaub, q=changed foswiki, 
05.09.2014 18:09:27,518 - INFO  - searcher identified --- respT: 23ms, 192 results, author:OliverSchaub, q=foswiki, 
05.09.2014 18:09:43,377 - INFO  - searcher identified --- respT: 52ms, 75390 results, q=, 
05.09.2014 18:09:50,639 - INFO  - searcher identified --- respT: 13ms, 3649 results, author:AndreLichtsteiner, q=, 
05.09.2014 18:09:53,017 - INFO  - searcher identified --- respT: 7ms, 3 results, type:docx, author:AndreLichtsteiner, q=, 
05.09.2014 18:09:59,044 - INFO  - searcher identified --- respT: 15ms, 3649 results, author:AndreLichtsteiner, q=, 
05.09.2014 18:10:02,083 - INFO  - searcher identified --- respT: 15ms, 14 results, date:[NOW-4HOUR TO NOW], author:AndreLichtsteiner, q=, 
05.09.2014 18:10:11,511 - INFO  - searcher identified --- respT: 12ms, 17 results, date:[NOW/DAY TO NOW], author:AndreLichtsteiner, q=, 
05.09.2014 18:10:23,314 - INFO  - searcher identified --- respT: 13ms, 17 results, date:[NOW/DAY TO NOW], author:AndreLichtsteiner, q=, page turned
05.09.2014 18:11:07,280 - INFO  - Watchdog has been checked: 0 passed
05.09.2014 18:13:07,293 - INFO  - Watchdog has been checked: 0 passed
05.09.2014 18:13:24,759 - INFO  - searcher identified --- respT: 41ms, 74806 results, q=, 
05.09.2014 18:13:31,010 - INFO  - searcher identified --- respT: 16ms, 2906 results, q=files, 
05.09.2014 18:13:40,494 - INFO  - searcher identified --- respT: 14ms, 123 results, author:AndreLichtsteiner, q=files, 
05.09.2014 18:13:45,844 - INFO  - searcher identified --- respT: 25ms, 30 results, web:(AIT), author:AndreLichtsteiner, q=files, 
05.09.2014 18:13:51,976 - INFO  - searcher identified --- respT: 24ms, 1 results, web:(AIT), date:[NOW-2MONTH TO NOW], author:AndreLichtsteiner, q=files, 
05.09.2014 18:13:55,087 - INFO  - searcher identified --- respT: 19ms, 10 results, date:[NOW-2MONTH TO NOW], author:AndreLichtsteiner, q=files, 
05.09.2014 18:13:57,167 - INFO  - searcher identified --- respT: 18ms, 8 results, web:(PSIWeb), date:[NOW-2MONTH TO NOW], author:AndreLichtsteiner, q=files, 
05.09.2014 18:14:02,914 - INFO  - searcher identified --- respT: 28ms, 10 results, date:[NOW-2MONTH TO NOW], author:AndreLichtsteiner, q=files, 
05.09.2014 18:14:03,974 - INFO  - searcher identified --- respT: 14ms, 123 results, author:AndreLichtsteiner, q=files, 
05.09.2014 18:14:05,672 - INFO  - searcher identified --- respT: 17ms, 2906 results, q=files, 
05.09.2014 18:14:07,192 - INFO  - searcher identified --- respT: 40ms, 74731 results, q=, 
05.09.2014 18:14:13,996 - INFO  - searcher identified --- respT: 13ms, 2 results, q=TaskItem03000, 
05.09.2014 18:14:28,236 - INFO  - searcher identified --- respT: 16ms, 2906 results, q=files, 
05.09.2014 18:14:33,181 - INFO  - searcher identified --- respT: 28ms, 278 results, q=modified files, 
05.09.2014 18:15:07,202 - INFO  - Watchdog has been checked: 0 passed
05.09.2014 18:17:07,196 - INFO  - Watchdog has been checked: 0 passed
05.09.2014 18:19:07,205 - INFO  - Watchdog has been checked: 0 passed
05.09.2014 18:21:07,225 - INFO  - Watchdog has been checked: 0 passed
05.09.2014 18:23:07,039 - INFO  - Watchdog has been checked: 0 passed
05.09.2014 18:25:07,062 - INFO  - Watchdog has been checked: 0 passed
05.09.2014 18:27:07,165 - INFO  - Watchdog has been checked: 0 passed
05.09.2014 18:29:07,137 - INFO  - Watchdog has been checked: 0 passed
05.09.2014 18:31:06,257 - INFO  - Watchdog has been checked: 0 passed
05.09.2014 18:33:06,226 - INFO  - Watchdog has been checked: 0 passed
05.09.2014 18:35:06,378 - INFO  - Watchdog has been checked: 0 passed
05.09.2014 18:37:06,085 - INFO  - Watchdog has been checked: 0 passed
05.09.2014 18:39:05,249 - INFO  - Watchdog has been checked: 0 passed
05.09.2014 18:41:05,237 - INFO  - Watchdog has been checked: 0 passed
05.09.2014 18:43:05,087 - INFO  - Watchdog has been checked: 0 passed
05.09.2014 18:45:05,232 - INFO  - Watchdog has been checked: 0 passed
05.09.2014 18:47:05,362 - INFO  - Watchdog has been checked: 0 passed
05.09.2014 18:49:05,249 - INFO  - Watchdog has been checked: 0 passed
05.09.2014 18:51:05,321 - INFO  - Watchdog has been checked: 0 passed
05.09.2014 18:53:05,132 - INFO  - Watchdog has been checked: 0 passed
05.09.2014 18:55:04,343 - INFO  - Watchdog has been checked: 0 passed
05.09.2014 18:57:04,128 - INFO  - Watchdog has been checked: 0 passed
05.09.2014 18:59:04,345 - INFO  - Watchdog has been checked: 0 passed
05.09.2014 19:01:04,366 - INFO  - Watchdog has been checked: 0 passed
05.09.2014 19:03:04,225 - INFO  - Watchdog has been checked: 0 passed
05.09.2014 19:05:04,284 - INFO  - Watchdog has been checked: 0 passed
05.09.2014 19:07:04,309 - INFO  - Watchdog has been checked: 0 passed
05.09.2014 19:09:04,219 - INFO  - Watchdog has been checked: 0 passed
05.09.2014 19:11:04,126 - INFO  - Watchdog has been checked: 0 passed
05.09.2014 19:13:04,124 - INFO  - Watchdog has been checked: 0 passed
05.09.2014 19:15:04,299 - INFO  - Watchdog has been checked: 0 passed
05.09.2014 19:17:04,279 - INFO  - Watchdog has been checked: 0 passed
05.09.2014 19:19:04,282 - INFO  - Watchdog has been checked: 0 passed
05.09.2014 19:21:04,315 - INFO  - Watchdog has been checked: 0 passed
05.09.2014 19:23:04,155 - INFO  - Watchdog has been checked: 0 passed
05.09.2014 19:25:04,212 - INFO  - Watchdog has been checked: 0 passed
05.09.2014 19:27:04,233 - INFO  - Watchdog has been checked: 0 passed
05.09.2014 19:29:04,136 - INFO  - Watchdog has been checked: 0 passed
05.09.2014 19:31:04,228 - INFO  - Watchdog has been checked: 0 passed
05.09.2014 19:33:04,228 - INFO  - Watchdog has been checked: 0 passed
05.09.2014 19:35:04,045 - INFO  - Watchdog has been checked: 0 passed
05.09.2014 19:37:04,085 - INFO  - Watchdog has been checked: 0 passed
05.09.2014 19:39:04,319 - INFO  - Watchdog has been checked: 0 passed
05.09.2014 19:41:04,106 - INFO  - Watchdog has been checked: 0 passed
05.09.2014 19:43:04,169 - INFO  - Watchdog has been checked: 0 passed
05.09.2014 19:45:04,264 - INFO  - Watchdog has been checked: 0 passed
05.09.2014 19:47:04,069 - INFO  - Watchdog has been checked: 0 passed
05.09.2014 19:49:04,199 - INFO  - Watchdog has been checked: 0 passed
05.09.2014 19:51:04,065 - INFO  - Watchdog has been checked: 0 passed
05.09.2014 19:53:04,064 - INFO  - Watchdog has been checked: 0 passed
05.09.2014 19:55:03,997 - INFO  - Watchdog has been checked: 0 passed
05.09.2014 19:57:04,244 - INFO  - Watchdog has been checked: 0 passed
05.09.2014 19:59:03,954 - INFO  - Watchdog has been checked: 0 passed
05.09.2014 20:01:02,924 - INFO  - Watchdog has been checked: 0 passed
05.09.2014 20:03:02,068 - INFO  - Watchdog has been checked: 0 passed
05.09.2014 20:05:01,920 - INFO  - Watchdog has been checked: 0 passed
05.09.2014 20:07:00,952 - INFO  - Watchdog has been checked: 0 passed
05.09.2014 20:09:00,117 - INFO  - Watchdog has been checked: 0 passed
05.09.2014 20:10:59,926 - INFO  - Watchdog has been checked: 0 passed
05.09.2014 20:12:58,983 - INFO  - Watchdog has been checked: 0 passed
05.09.2014 20:14:57,952 - INFO  - Watchdog has been checked: 0 passed
05.09.2014 20:16:58,285 - INFO  - Watchdog has been checked: 0 passed
05.09.2014 20:18:58,236 - INFO  - Watchdog has been checked: 0 passed
05.09.2014 20:20:58,057 - INFO  - Watchdog has been checked: 0 passed
05.09.2014 20:22:58,134 - INFO  - Watchdog has been checked: 0 passed
05.09.2014 20:24:58,207 - INFO  - Watchdog has been checked: 0 passed
05.09.2014 20:26:58,327 - INFO  - Watchdog has been checked: 0 passed
05.09.2014 20:28:58,219 - INFO  - Watchdog has been checked: 0 passed
05.09.2014 20:30:58,364 - INFO  - Watchdog has been checked: 0 passed
05.09.2014 20:32:58,329 - INFO  - Watchdog has been checked: 0 passed
05.09.2014 20:34:58,302 - INFO  - Watchdog has been checked: 0 passed
05.09.2014 20:36:58,276 - INFO  - Watchdog has been checked: 0 passed
05.09.2014 20:38:58,241 - INFO  - Watchdog has been checked: 0 passed
05.09.2014 20:40:58,253 - INFO  - Watchdog has been checked: 0 passed
05.09.2014 20:42:58,328 - INFO  - Watchdog has been checked: 0 passed
05.09.2014 20:44:58,417 - INFO  - Watchdog has been checked: 0 passed
05.09.2014 20:46:58,241 - INFO  - Watchdog has been checked: 0 passed
05.09.2014 20:48:58,400 - INFO  - Watchdog has been checked: 0 passed
05.09.2014 20:50:58,236 - INFO  - Watchdog has been checked: 0 passed
05.09.2014 20:52:58,304 - INFO  - Watchdog has been checked: 0 passed
05.09.2014 20:54:58,410 - INFO  - Watchdog has been checked: 0 passed
05.09.2014 20:56:58,211 - INFO  - Watchdog has been checked: 0 passed
05.09.2014 20:58:58,389 - INFO  - Watchdog has been checked: 0 passed
05.09.2014 21:00:58,180 - INFO  - Watchdog has been checked: 0 passed
05.09.2014 21:02:58,197 - INFO  - Watchdog has been checked: 0 passed
05.09.2014 21:04:58,344 - INFO  - Watchdog has been checked: 0 passed
05.09.2014 21:06:58,432 - INFO  - Watchdog has been checked: 0 passed
05.09.2014 21:08:58,245 - INFO  - Watchdog has been checked: 0 passed
05.09.2014 21:10:58,347 - INFO  - Watchdog has been checked: 0 passed
05.09.2014 21:12:58,301 - INFO  - Watchdog has been checked: 0 passed
05.09.2014 21:14:58,274 - INFO  - Watchdog has been checked: 0 passed
05.09.2014 21:16:58,253 - INFO  - Watchdog has been checked: 0 passed
05.09.2014 21:18:58,197 - INFO  - Watchdog has been checked: 0 passed
05.09.2014 21:20:58,050 - INFO  - Watchdog has been checked: 0 passed
05.09.2014 21:22:58,153 - INFO  - Watchdog has been checked: 0 passed
05.09.2014 21:24:58,252 - INFO  - Watchdog has been checked: 0 passed
05.09.2014 21:26:58,110 - INFO  - Watchdog has been checked: 0 passed
05.09.2014 21:28:58,174 - INFO  - Watchdog has been checked: 0 passed
05.09.2014 21:30:58,041 - INFO  - Watchdog has been checked: 0 passed
05.09.2014 21:32:58,043 - INFO  - Watchdog has been checked: 0 passed
05.09.2014 21:34:57,969 - INFO  - Watchdog has been checked: 0 passed
05.09.2014 21:36:57,017 - INFO  - Watchdog has been checked: 0 passed
05.09.2014 21:38:57,189 - INFO  - Watchdog has been checked: 0 passed
05.09.2014 21:40:56,997 - INFO  - Watchdog has been checked: 0 passed
05.09.2014 21:42:56,602 - INFO  - Watchdog has been checked: 0 passed
05.09.2014 21:44:56,111 - INFO  - Watchdog has been checked: 0 passed
05.09.2014 21:46:56,230 - INFO  - Watchdog has been checked: 0 passed
05.09.2014 21:48:56,194 - INFO  - Watchdog has been checked: 0 passed
05.09.2014 21:50:56,336 - INFO  - Watchdog has been checked: 0 passed
05.09.2014 21:52:56,369 - INFO  - Watchdog has been checked: 0 passed
05.09.2014 21:54:56,239 - INFO  - Watchdog has been checked: 0 passed
05.09.2014 21:56:56,213 - INFO  - Watchdog has been checked: 0 passed
05.09.2014 21:58:56,182 - INFO  - Watchdog has been checked: 0 passed
05.09.2014 22:00:56,233 - INFO  - Watchdog has been checked: 0 passed
05.09.2014 22:02:56,315 - INFO  - Watchdog has been checked: 0 passed
05.09.2014 22:04:56,333 - INFO  - Watchdog has been checked: 0 passed
05.09.2014 22:06:56,162 - INFO  - Watchdog has been checked: 0 passed
05.09.2014 22:08:56,298 - INFO  - Watchdog has been checked: 0 passed
05.09.2014 22:10:56,396 - INFO  - Watchdog has been checked: 0 passed
05.09.2014 22:12:56,417 - INFO  - Watchdog has been checked: 0 passed
05.09.2014 22:14:56,338 - INFO  - Watchdog has been checked: 0 passed
05.09.2014 22:16:56,138 - INFO  - Watchdog has been checked: 0 passed
05.09.2014 22:18:56,295 - INFO  - Watchdog has been checked: 0 passed
05.09.2014 22:20:57,416 - INFO  - Watchdog has been checked: 0 passed
05.09.2014 22:22:58,161 - INFO  - Watchdog has been checked: 0 passed
05.09.2014 22:24:58,285 - INFO  - Watchdog has been checked: 0 passed
05.09.2014 22:26:58,087 - INFO  - Watchdog has been checked: 0 passed
05.09.2014 22:28:58,290 - INFO  - Watchdog has been checked: 0 passed
05.09.2014 22:30:58,065 - INFO  - Watchdog has been checked: 0 passed
05.09.2014 22:32:58,052 - INFO  - Watchdog has been checked: 0 passed
05.09.2014 22:34:58,006 - INFO  - Watchdog has been checked: 0 passed
05.09.2014 22:36:57,036 - INFO  - Watchdog has been checked: 0 passed
05.09.2014 22:38:56,253 - INFO  - Watchdog has been checked: 0 passed
05.09.2014 22:40:56,227 - INFO  - Watchdog has been checked: 0 passed
05.09.2014 22:42:56,308 - INFO  - Watchdog has been checked: 0 passed
05.09.2014 22:44:56,459 - INFO  - Watchdog has been checked: 0 passed
05.09.2014 22:46:56,148 - INFO  - Watchdog has been checked: 0 passed
05.09.2014 22:48:56,119 - INFO  - Watchdog has been checked: 0 passed
05.09.2014 22:50:56,231 - INFO  - Watchdog has been checked: 0 passed
05.09.2014 22:52:56,239 - INFO  - Watchdog has been checked: 0 passed
05.09.2014 22:54:56,130 - INFO  - Watchdog has been checked: 0 passed
05.09.2014 22:56:56,117 - INFO  - Watchdog has been checked: 0 passed
05.09.2014 22:58:56,132 - INFO  - Watchdog has been checked: 0 passed
05.09.2014 23:00:56,161 - INFO  - Watchdog has been checked: 0 passed
05.09.2014 23:02:56,225 - INFO  - Watchdog has been checked: 0 passed
05.09.2014 23:04:56,098 - INFO  - Watchdog has been checked: 0 passed
05.09.2014 23:06:56,136 - INFO  - Watchdog has been checked: 0 passed
05.09.2014 23:08:56,321 - INFO  - Watchdog has been checked: 0 passed
05.09.2014 23:10:56,245 - INFO  - Watchdog has been checked: 0 passed
05.09.2014 23:12:56,277 - INFO  - Watchdog has been checked: 0 passed
05.09.2014 23:14:56,227 - INFO  - Watchdog has been checked: 0 passed
05.09.2014 23:16:56,194 - INFO  - Watchdog has been checked: 0 passed
05.09.2014 23:18:56,214 - INFO  - Watchdog has been checked: 0 passed
05.09.2014 23:20:56,241 - INFO  - Watchdog has been checked: 0 passed
05.09.2014 23:22:58,258 - INFO  - Watchdog has been checked: 0 passed
05.09.2014 23:24:58,114 - INFO  - Watchdog has been checked: 0 passed
05.09.2014 23:26:57,142 - INFO  - Watchdog has been checked: 0 passed
05.09.2014 23:28:57,071 - INFO  - Watchdog has been checked: 0 passed
05.09.2014 23:35:16,291 - INFO  - Watchdog has been checked: 0 passed
05.09.2014 23:35:16,291 - INFO  - Watchdog has been checked: 0 passed
05.09.2014 23:35:16,291 - INFO  - Watchdog has been checked: 0 passed
05.09.2014 23:35:16,291 - INFO  - Watchdog has been checked: 0 passed
05.09.2014 23:36:57,243 - INFO  - Watchdog has been checked: 0 passed
05.09.2014 23:38:57,197 - INFO  - Watchdog has been checked: 0 passed
05.09.2014 23:40:57,124 - INFO  - Watchdog has been checked: 0 passed
05.09.2014 23:42:57,155 - INFO  - Watchdog has been checked: 0 passed
05.09.2014 23:45:00,639 - INFO  - Watchdog has been checked: 0 passed
05.09.2014 23:47:00,227 - INFO  - Watchdog has been checked: 0 passed
05.09.2014 23:49:00,100 - INFO  - Watchdog has been checked: 0 passed
05.09.2014 23:51:00,181 - INFO  - Watchdog has been checked: 0 passed
05.09.2014 23:53:00,277 - INFO  - Watchdog has been checked: 0 passed
05.09.2014 23:55:00,184 - INFO  - Watchdog has been checked: 0 passed
05.09.2014 23:57:00,180 - INFO  - Watchdog has been checked: 0 passed
05.09.2014 23:59:00,105 - INFO  - Watchdog has been checked: 0 passed
