30.07.2014 00:00:02,300 - INFO  - Watchdog has been checked: 0 passed
30.07.2014 00:02:02,047 - INFO  - Watchdog has been checked: 0 passed
30.07.2014 00:04:02,012 - INFO  - Watchdog has been checked: 0 passed
30.07.2014 00:06:02,195 - INFO  - Watchdog has been checked: 0 passed
30.07.2014 00:08:03,119 - INFO  - Watchdog has been checked: 0 passed
30.07.2014 00:10:03,116 - INFO  - Watchdog has been checked: 0 passed
30.07.2014 00:12:03,130 - INFO  - Watchdog has been checked: 0 passed
30.07.2014 00:14:03,089 - INFO  - Watchdog has been checked: 0 passed
30.07.2014 00:16:03,099 - INFO  - Watchdog has been checked: 0 passed
30.07.2014 00:18:02,283 - INFO  - Watchdog has been checked: 0 passed
30.07.2014 00:20:02,071 - INFO  - Watchdog has been checked: 0 passed
30.07.2014 00:22:01,094 - INFO  - Watchdog has been checked: 0 passed
30.07.2014 00:24:01,274 - INFO  - Watchdog has been checked: 0 passed
30.07.2014 00:26:01,247 - INFO  - Watchdog has been checked: 0 passed
30.07.2014 00:28:01,108 - INFO  - Watchdog has been checked: 0 passed
30.07.2014 00:30:01,174 - INFO  - Watchdog has been checked: 0 passed
30.07.2014 00:32:01,313 - INFO  - Watchdog has been checked: 0 passed
30.07.2014 00:34:01,240 - INFO  - Watchdog has been checked: 0 passed
30.07.2014 00:36:01,201 - INFO  - Watchdog has been checked: 0 passed
30.07.2014 00:38:01,282 - INFO  - Watchdog has been checked: 0 passed
30.07.2014 00:40:01,337 - INFO  - Watchdog has been checked: 0 passed
30.07.2014 00:42:01,183 - INFO  - Watchdog has been checked: 0 passed
30.07.2014 00:44:01,979 - INFO  - Watchdog has been checked: 0 passed
30.07.2014 00:46:01,374 - INFO  - Watchdog has been checked: 0 passed
30.07.2014 00:48:01,229 - INFO  - Watchdog has been checked: 0 passed
30.07.2014 00:50:01,259 - INFO  - Watchdog has been checked: 0 passed
30.07.2014 00:52:01,399 - INFO  - Watchdog has been checked: 0 passed
30.07.2014 00:54:02,070 - INFO  - Watchdog has been checked: 0 passed
30.07.2014 00:56:01,245 - INFO  - Watchdog has been checked: 0 passed
30.07.2014 00:58:01,399 - INFO  - Watchdog has been checked: 0 passed
30.07.2014 01:00:01,390 - INFO  - Watchdog has been checked: 0 passed
30.07.2014 01:02:01,274 - INFO  - Watchdog has been checked: 0 passed
30.07.2014 01:04:01,330 - INFO  - Watchdog has been checked: 0 passed
30.07.2014 01:06:01,361 - INFO  - Watchdog has been checked: 0 passed
30.07.2014 01:08:01,250 - INFO  - Watchdog has been checked: 0 passed
30.07.2014 01:10:01,195 - INFO  - Watchdog has been checked: 0 passed
30.07.2014 01:12:01,354 - INFO  - Watchdog has been checked: 0 passed
30.07.2014 01:14:01,454 - INFO  - Watchdog has been checked: 0 passed
30.07.2014 01:16:01,274 - INFO  - Watchdog has been checked: 0 passed
30.07.2014 01:18:01,432 - INFO  - Watchdog has been checked: 0 passed
30.07.2014 01:20:02,462 - INFO  - Watchdog has been checked: 0 passed
30.07.2014 01:22:02,214 - INFO  - Watchdog has been checked: 0 passed
30.07.2014 01:24:02,335 - INFO  - Watchdog has been checked: 0 passed
30.07.2014 01:26:02,336 - INFO  - Watchdog has been checked: 0 passed
30.07.2014 01:28:02,259 - INFO  - Watchdog has been checked: 0 passed
30.07.2014 01:30:02,167 - INFO  - Watchdog has been checked: 0 passed
30.07.2014 01:32:02,357 - INFO  - Watchdog has been checked: 0 passed
30.07.2014 01:34:02,217 - INFO  - Watchdog has been checked: 0 passed
30.07.2014 01:36:02,198 - INFO  - Watchdog has been checked: 0 passed
30.07.2014 01:38:02,123 - INFO  - Watchdog has been checked: 0 passed
30.07.2014 01:40:01,994 - INFO  - Watchdog has been checked: 0 passed
30.07.2014 01:42:00,981 - INFO  - Watchdog has been checked: 0 passed
30.07.2014 01:44:00,109 - INFO  - Watchdog has been checked: 0 passed
30.07.2014 01:46:02,804 - INFO  - Watchdog has been checked: 0 passed
30.07.2014 01:48:02,109 - INFO  - Watchdog has been checked: 0 passed
30.07.2014 01:50:02,041 - INFO  - Watchdog has been checked: 0 passed
30.07.2014 01:52:01,258 - INFO  - Watchdog has been checked: 0 passed
30.07.2014 01:54:01,190 - INFO  - Watchdog has been checked: 0 passed
30.07.2014 01:56:01,108 - INFO  - Watchdog has been checked: 0 passed
30.07.2014 01:58:01,128 - INFO  - Watchdog has been checked: 0 passed
30.07.2014 02:00:01,315 - INFO  - Watchdog has been checked: 0 passed
30.07.2014 02:02:01,231 - INFO  - Watchdog has been checked: 0 passed
30.07.2014 02:04:01,139 - INFO  - Watchdog has been checked: 0 passed
30.07.2014 02:06:01,274 - INFO  - Watchdog has been checked: 0 passed
30.07.2014 02:08:01,301 - INFO  - Watchdog has been checked: 0 passed
30.07.2014 02:10:01,227 - INFO  - Watchdog has been checked: 0 passed
30.07.2014 02:12:01,695 - INFO  - Watchdog has been checked: 0 passed
30.07.2014 02:14:01,334 - INFO  - Watchdog has been checked: 0 passed
30.07.2014 02:16:01,256 - INFO  - Watchdog has been checked: 0 passed
30.07.2014 02:18:01,170 - INFO  - Watchdog has been checked: 0 passed
30.07.2014 02:20:01,443 - INFO  - Watchdog has been checked: 0 passed
30.07.2014 02:22:01,359 - INFO  - Watchdog has been checked: 0 passed
30.07.2014 02:24:01,343 - INFO  - Watchdog has been checked: 0 passed
30.07.2014 02:26:01,282 - INFO  - Watchdog has been checked: 0 passed
30.07.2014 02:28:01,266 - INFO  - Watchdog has been checked: 0 passed
30.07.2014 02:30:01,239 - INFO  - Watchdog has been checked: 0 passed
30.07.2014 02:32:01,279 - INFO  - Watchdog has been checked: 0 passed
30.07.2014 02:34:01,290 - INFO  - Watchdog has been checked: 0 passed
30.07.2014 02:36:01,227 - INFO  - Watchdog has been checked: 0 passed
30.07.2014 02:38:01,387 - INFO  - Watchdog has been checked: 0 passed
30.07.2014 02:40:01,394 - INFO  - Watchdog has been checked: 0 passed
30.07.2014 02:42:01,145 - INFO  - Watchdog has been checked: 0 passed
30.07.2014 02:44:01,123 - INFO  - Watchdog has been checked: 0 passed
30.07.2014 02:46:01,316 - INFO  - Watchdog has been checked: 0 passed
30.07.2014 02:48:03,216 - INFO  - Watchdog has been checked: 0 passed
30.07.2014 02:50:03,181 - INFO  - Watchdog has been checked: 0 passed
30.07.2014 02:52:03,233 - INFO  - Watchdog has been checked: 0 passed
30.07.2014 02:54:03,184 - INFO  - Watchdog has been checked: 0 passed
30.07.2014 02:56:03,140 - INFO  - Watchdog has been checked: 0 passed
30.07.2014 02:58:03,054 - INFO  - Watchdog has been checked: 0 passed
30.07.2014 03:00:02,140 - INFO  - Watchdog has been checked: 0 passed
30.07.2014 03:02:02,224 - INFO  - Watchdog has been checked: 0 passed
30.07.2014 03:04:02,121 - INFO  - Watchdog has been checked: 0 passed
30.07.2014 03:06:02,122 - INFO  - Watchdog has been checked: 0 passed
30.07.2014 03:08:02,006 - INFO  - Watchdog has been checked: 0 passed
30.07.2014 03:10:02,100 - INFO  - Watchdog has been checked: 0 passed
30.07.2014 03:12:02,179 - INFO  - Watchdog has been checked: 0 passed
30.07.2014 03:14:03,141 - INFO  - Watchdog has been checked: 0 passed
30.07.2014 03:16:03,179 - INFO  - Watchdog has been checked: 0 passed
30.07.2014 03:18:03,292 - INFO  - Watchdog has been checked: 0 passed
30.07.2014 03:20:03,323 - INFO  - Watchdog has been checked: 0 passed
30.07.2014 03:22:03,180 - INFO  - Watchdog has been checked: 0 passed
30.07.2014 03:24:03,308 - INFO  - Watchdog has been checked: 0 passed
30.07.2014 03:26:03,340 - INFO  - Watchdog has been checked: 0 passed
30.07.2014 03:28:03,198 - INFO  - Watchdog has been checked: 0 passed
30.07.2014 03:30:03,200 - INFO  - Watchdog has been checked: 0 passed
30.07.2014 03:35:00,242 - INFO  - Watchdog has been checked: 0 passed
30.07.2014 03:37:00,413 - INFO  - Watchdog has been checked: 0 passed
30.07.2014 03:39:00,277 - INFO  - Watchdog has been checked: 0 passed
30.07.2014 03:41:00,279 - INFO  - Watchdog has been checked: 0 passed
30.07.2014 03:43:00,299 - INFO  - Watchdog has been checked: 0 passed
30.07.2014 03:45:00,352 - INFO  - Watchdog has been checked: 0 passed
30.07.2014 03:47:00,379 - INFO  - Watchdog has been checked: 0 passed
30.07.2014 03:49:00,297 - INFO  - Watchdog has been checked: 0 passed
30.07.2014 03:51:00,235 - INFO  - Watchdog has been checked: 0 passed
30.07.2014 03:53:00,270 - INFO  - Watchdog has been checked: 0 passed
30.07.2014 03:55:00,256 - INFO  - Watchdog has been checked: 0 passed
30.07.2014 03:57:00,225 - INFO  - Watchdog has been checked: 0 passed
30.07.2014 03:59:00,119 - INFO  - Watchdog has been checked: 0 passed
30.07.2014 04:00:59,283 - INFO  - Watchdog has been checked: 0 passed
30.07.2014 04:02:59,375 - INFO  - Watchdog has been checked: 0 passed
30.07.2014 04:04:59,092 - INFO  - Watchdog has been checked: 0 passed
30.07.2014 04:06:58,112 - INFO  - Watchdog has been checked: 0 passed
30.07.2014 04:08:58,298 - INFO  - Watchdog has been checked: 0 passed
30.07.2014 04:10:58,193 - INFO  - Watchdog has been checked: 0 passed
30.07.2014 04:12:58,224 - INFO  - Watchdog has been checked: 0 passed
30.07.2014 04:14:58,227 - INFO  - Watchdog has been checked: 0 passed
30.07.2014 04:16:58,237 - INFO  - Watchdog has been checked: 0 passed
30.07.2014 04:18:58,179 - INFO  - Watchdog has been checked: 0 passed
30.07.2014 04:20:58,057 - INFO  - Watchdog has been checked: 0 passed
30.07.2014 04:22:57,173 - INFO  - Watchdog has been checked: 0 passed
30.07.2014 04:24:57,283 - INFO  - Watchdog has been checked: 0 passed
30.07.2014 04:26:57,168 - INFO  - Watchdog has been checked: 0 passed
30.07.2014 04:28:57,119 - INFO  - Watchdog has been checked: 0 passed
30.07.2014 04:30:57,229 - INFO  - Watchdog has been checked: 0 passed
30.07.2014 04:32:57,140 - INFO  - Watchdog has been checked: 0 passed
30.07.2014 04:34:57,147 - INFO  - Watchdog has been checked: 0 passed
30.07.2014 04:36:57,118 - INFO  - Watchdog has been checked: 0 passed
30.07.2014 04:38:56,135 - INFO  - Watchdog has been checked: 0 passed
30.07.2014 04:40:56,176 - INFO  - Watchdog has been checked: 0 passed
30.07.2014 04:42:56,074 - INFO  - Watchdog has been checked: 0 passed
30.07.2014 04:44:55,140 - INFO  - Watchdog has been checked: 0 passed
30.07.2014 04:46:58,314 - INFO  - Watchdog has been checked: 0 passed
30.07.2014 04:48:58,130 - INFO  - Watchdog has been checked: 0 passed
30.07.2014 04:50:57,165 - INFO  - Watchdog has been checked: 0 passed
30.07.2014 04:52:57,312 - INFO  - Watchdog has been checked: 0 passed
30.07.2014 04:54:57,329 - INFO  - Watchdog has been checked: 0 passed
30.07.2014 04:56:57,274 - INFO  - Watchdog has been checked: 0 passed
30.07.2014 04:58:57,315 - INFO  - Watchdog has been checked: 0 passed
30.07.2014 05:00:57,368 - INFO  - Watchdog has been checked: 0 passed
30.07.2014 05:02:57,250 - INFO  - Watchdog has been checked: 0 passed
30.07.2014 05:04:57,331 - INFO  - Watchdog has been checked: 0 passed
30.07.2014 05:06:57,201 - INFO  - Watchdog has been checked: 0 passed
30.07.2014 05:08:57,284 - INFO  - Watchdog has been checked: 0 passed
30.07.2014 05:10:57,336 - INFO  - Watchdog has been checked: 0 passed
30.07.2014 05:12:57,166 - INFO  - Watchdog has been checked: 0 passed
30.07.2014 05:14:57,237 - INFO  - Watchdog has been checked: 0 passed
30.07.2014 05:16:57,406 - INFO  - Watchdog has been checked: 0 passed
30.07.2014 05:18:57,211 - INFO  - Watchdog has been checked: 0 passed
30.07.2014 05:20:57,279 - INFO  - Watchdog has been checked: 0 passed
30.07.2014 05:22:58,361 - INFO  - Watchdog has been checked: 0 passed
30.07.2014 05:24:58,293 - INFO  - Watchdog has been checked: 0 passed
30.07.2014 05:26:58,189 - INFO  - Watchdog has been checked: 0 passed
30.07.2014 05:28:58,218 - INFO  - Watchdog has been checked: 0 passed
30.07.2014 05:30:58,123 - INFO  - Watchdog has been checked: 0 passed
30.07.2014 05:33:00,119 - INFO  - Watchdog has been checked: 0 passed
30.07.2014 05:35:00,323 - INFO  - Watchdog has been checked: 0 passed
30.07.2014 05:37:00,191 - INFO  - Watchdog has been checked: 0 passed
30.07.2014 05:39:00,153 - INFO  - Watchdog has been checked: 0 passed
30.07.2014 05:41:00,030 - INFO  - Watchdog has been checked: 0 passed
30.07.2014 05:42:59,286 - INFO  - Watchdog has been checked: 0 passed
30.07.2014 05:44:59,189 - INFO  - Watchdog has been checked: 0 passed
30.07.2014 05:46:59,071 - INFO  - Watchdog has been checked: 0 passed
30.07.2014 05:48:58,149 - INFO  - Watchdog has been checked: 0 passed
30.07.2014 05:50:58,083 - INFO  - Watchdog has been checked: 0 passed
30.07.2014 05:52:58,091 - INFO  - Watchdog has been checked: 0 passed
30.07.2014 05:54:58,271 - INFO  - Watchdog has been checked: 0 passed
30.07.2014 05:56:58,167 - INFO  - Watchdog has been checked: 0 passed
30.07.2014 05:58:58,112 - INFO  - Watchdog has been checked: 0 passed
30.07.2014 06:00:58,080 - INFO  - Watchdog has been checked: 0 passed
30.07.2014 06:02:58,027 - INFO  - Watchdog has been checked: 0 passed
30.07.2014 06:04:57,135 - INFO  - Watchdog has been checked: 0 passed
30.07.2014 06:06:57,110 - INFO  - Watchdog has been checked: 0 passed
30.07.2014 06:08:57,062 - INFO  - Watchdog has been checked: 0 passed
30.07.2014 06:10:56,286 - INFO  - Watchdog has been checked: 0 passed
30.07.2014 06:12:56,137 - INFO  - Watchdog has been checked: 0 passed
30.07.2014 06:14:56,209 - INFO  - Watchdog has been checked: 0 passed
30.07.2014 06:15:02,011 - INFO  - mapping file sync started
30.07.2014 06:15:02,758 - INFO  - file successfully updated
30.07.2014 06:16:56,166 - INFO  - Watchdog has been checked: 0 passed
30.07.2014 06:18:56,167 - INFO  - Watchdog has been checked: 0 passed
30.07.2014 06:20:56,172 - INFO  - Watchdog has been checked: 0 passed
30.07.2014 06:22:56,166 - INFO  - Watchdog has been checked: 0 passed
30.07.2014 06:24:56,223 - INFO  - Watchdog has been checked: 0 passed
30.07.2014 06:26:56,220 - INFO  - Watchdog has been checked: 0 passed
30.07.2014 06:28:56,135 - INFO  - Watchdog has been checked: 0 passed
30.07.2014 06:30:56,255 - INFO  - Watchdog has been checked: 0 passed
30.07.2014 06:32:56,295 - INFO  - Watchdog has been checked: 0 passed
30.07.2014 06:34:56,249 - INFO  - Watchdog has been checked: 0 passed
30.07.2014 06:36:56,362 - INFO  - Watchdog has been checked: 0 passed
30.07.2014 06:38:56,216 - INFO  - Watchdog has been checked: 0 passed
30.07.2014 06:40:56,351 - INFO  - Watchdog has been checked: 0 passed
30.07.2014 06:42:56,141 - INFO  - Watchdog has been checked: 0 passed
30.07.2014 06:44:56,173 - INFO  - Watchdog has been checked: 0 passed
30.07.2014 06:46:56,238 - INFO  - Watchdog has been checked: 0 passed
30.07.2014 06:48:56,109 - INFO  - Watchdog has been checked: 0 passed
30.07.2014 06:50:58,270 - INFO  - Watchdog has been checked: 0 passed
30.07.2014 06:52:58,133 - INFO  - Watchdog has been checked: 0 passed
30.07.2014 06:54:58,108 - INFO  - Watchdog has been checked: 0 passed
30.07.2014 06:56:58,137 - INFO  - Watchdog has been checked: 0 passed
30.07.2014 06:58:58,067 - INFO  - Watchdog has been checked: 0 passed
30.07.2014 07:00:58,082 - INFO  - Watchdog has been checked: 0 passed
30.07.2014 07:02:58,246 - INFO  - Watchdog has been checked: 0 passed
30.07.2014 07:04:58,207 - INFO  - Watchdog has been checked: 0 passed
30.07.2014 07:06:58,218 - INFO  - Watchdog has been checked: 0 passed
30.07.2014 07:08:58,235 - INFO  - Watchdog has been checked: 0 passed
30.07.2014 07:10:58,041 - INFO  - Watchdog has been checked: 0 passed
30.07.2014 07:12:57,174 - INFO  - Watchdog has been checked: 0 passed
30.07.2014 07:14:57,290 - INFO  - Watchdog has been checked: 0 passed
30.07.2014 07:15:02,143 - INFO  - mapping file sync started
30.07.2014 07:15:03,402 - INFO  - file successfully updated
30.07.2014 07:16:57,205 - INFO  - Watchdog has been checked: 0 passed
30.07.2014 07:18:57,186 - INFO  - Watchdog has been checked: 0 passed
30.07.2014 07:20:57,345 - INFO  - Watchdog has been checked: 0 passed
30.07.2014 07:22:57,176 - INFO  - Watchdog has been checked: 0 passed
30.07.2014 07:24:57,175 - INFO  - Watchdog has been checked: 0 passed
30.07.2014 07:26:57,243 - INFO  - Watchdog has been checked: 0 passed
30.07.2014 07:28:57,139 - INFO  - Watchdog has been checked: 0 passed
30.07.2014 07:30:57,358 - INFO  - Watchdog has been checked: 0 passed
30.07.2014 07:32:57,231 - INFO  - Watchdog has been checked: 0 passed
30.07.2014 07:34:57,292 - INFO  - Watchdog has been checked: 0 passed
30.07.2014 07:36:57,215 - INFO  - Watchdog has been checked: 0 passed
30.07.2014 07:38:57,243 - INFO  - Watchdog has been checked: 0 passed
30.07.2014 07:40:57,326 - INFO  - Watchdog has been checked: 0 passed
30.07.2014 07:42:57,171 - INFO  - Watchdog has been checked: 0 passed
30.07.2014 07:44:57,240 - INFO  - Watchdog has been checked: 0 passed
30.07.2014 07:46:57,203 - INFO  - Watchdog has been checked: 0 passed
30.07.2014 07:48:57,210 - INFO  - Watchdog has been checked: 0 passed
30.07.2014 07:50:57,344 - INFO  - Watchdog has been checked: 0 passed
30.07.2014 07:52:58,418 - INFO  - Watchdog has been checked: 0 passed
30.07.2014 07:54:58,268 - INFO  - Watchdog has been checked: 0 passed
30.07.2014 07:56:58,384 - INFO  - Watchdog has been checked: 0 passed
30.07.2014 07:58:58,412 - INFO  - Watchdog has been checked: 0 passed
30.07.2014 08:00:58,313 - INFO  - Watchdog has been checked: 0 passed
30.07.2014 08:02:58,168 - INFO  - Watchdog has been checked: 0 passed
30.07.2014 08:04:58,268 - INFO  - Watchdog has been checked: 0 passed
30.07.2014 08:06:58,190 - INFO  - Watchdog has been checked: 0 passed
30.07.2014 08:08:58,133 - INFO  - Watchdog has been checked: 0 passed
30.07.2014 08:10:57,999 - INFO  - Watchdog has been checked: 0 passed
30.07.2014 08:12:57,202 - INFO  - Watchdog has been checked: 0 passed
30.07.2014 08:14:57,178 - INFO  - Watchdog has been checked: 0 passed
30.07.2014 08:16:57,049 - INFO  - Watchdog has been checked: 0 passed
30.07.2014 08:18:57,038 - INFO  - Watchdog has been checked: 0 passed
30.07.2014 08:20:57,222 - INFO  - Watchdog has been checked: 0 passed
30.07.2014 08:22:57,093 - INFO  - Watchdog has been checked: 0 passed
30.07.2014 08:24:56,117 - INFO  - Watchdog has been checked: 0 passed
30.07.2014 08:26:55,038 - INFO  - Watchdog has been checked: 0 passed
30.07.2014 08:28:55,941 - INFO  - Watchdog has been checked: 0 passed
30.07.2014 08:30:55,131 - INFO  - Watchdog has been checked: 0 passed
30.07.2014 08:31:16,059 - INFO  - searcher identified --- respT: 43ms, 76867 results, q=, 
30.07.2014 08:31:22,974 - INFO  - searcher identified --- respT: 27ms, 13058 results, q=Web, 
30.07.2014 08:31:25,286 - INFO  - searcher identified --- respT: 16ms, 58 results, q=WebGL, 
30.07.2014 08:32:55,183 - INFO  - Watchdog has been checked: 0 passed
30.07.2014 08:34:55,310 - INFO  - Watchdog has been checked: 0 passed
30.07.2014 08:36:55,295 - INFO  - Watchdog has been checked: 0 passed
30.07.2014 08:38:57,274 - INFO  - Watchdog has been checked: 0 passed
30.07.2014 08:40:57,396 - INFO  - Watchdog has been checked: 0 passed
30.07.2014 08:42:57,063 - INFO  - Watchdog has been checked: 0 passed
30.07.2014 08:44:57,196 - INFO  - Watchdog has been checked: 0 passed
30.07.2014 08:46:57,189 - INFO  - Watchdog has been checked: 0 passed
30.07.2014 08:48:57,076 - INFO  - Watchdog has been checked: 0 passed
30.07.2014 08:50:57,060 - INFO  - Watchdog has been checked: 0 passed
30.07.2014 08:52:57,079 - INFO  - Watchdog has been checked: 0 passed
30.07.2014 08:54:57,185 - INFO  - Watchdog has been checked: 0 passed
30.07.2014 08:56:57,220 - INFO  - Watchdog has been checked: 0 passed
30.07.2014 08:58:57,363 - INFO  - Watchdog has been checked: 0 passed
30.07.2014 09:00:14,893 - INFO  - searcher identified --- respT: 36ms, 76869 results, q=, 
30.07.2014 09:00:27,305 - INFO  - searcher identified --- respT: 23ms, 8348 results, q=test, 
30.07.2014 09:00:57,379 - INFO  - Watchdog has been checked: 0 passed
30.07.2014 09:02:57,179 - INFO  - Watchdog has been checked: 0 passed
30.07.2014 09:03:06,306 - INFO  - searcher identified --- respT: 35ms, 76870 results, q=, 
30.07.2014 09:04:57,364 - INFO  - Watchdog has been checked: 0 passed
30.07.2014 09:06:57,238 - INFO  - Watchdog has been checked: 0 passed
30.07.2014 09:08:57,354 - INFO  - Watchdog has been checked: 0 passed
30.07.2014 09:10:57,290 - INFO  - Watchdog has been checked: 0 passed
30.07.2014 09:12:57,317 - INFO  - Watchdog has been checked: 0 passed
30.07.2014 09:14:57,305 - INFO  - Watchdog has been checked: 0 passed
30.07.2014 09:16:57,365 - INFO  - Watchdog has been checked: 0 passed
30.07.2014 09:18:57,300 - INFO  - Watchdog has been checked: 0 passed
30.07.2014 09:20:57,240 - INFO  - Watchdog has been checked: 0 passed
30.07.2014 09:22:57,267 - INFO  - Watchdog has been checked: 0 passed
30.07.2014 09:24:57,238 - INFO  - Watchdog has been checked: 0 passed
30.07.2014 09:26:57,320 - INFO  - Watchdog has been checked: 0 passed
30.07.2014 09:28:57,237 - INFO  - Watchdog has been checked: 0 passed
30.07.2014 09:30:57,348 - INFO  - Watchdog has been checked: 0 passed
30.07.2014 09:32:57,161 - INFO  - Watchdog has been checked: 0 passed
30.07.2014 09:34:57,142 - INFO  - Watchdog has been checked: 0 passed
30.07.2014 09:36:57,168 - INFO  - Watchdog has been checked: 0 passed
30.07.2014 09:38:57,105 - INFO  - Watchdog has been checked: 0 passed
30.07.2014 09:40:57,188 - INFO  - Watchdog has been checked: 0 passed
30.07.2014 09:42:57,038 - INFO  - Watchdog has been checked: 0 passed
30.07.2014 09:44:57,024 - INFO  - Watchdog has been checked: 0 passed
30.07.2014 09:46:57,055 - INFO  - Watchdog has been checked: 0 passed
30.07.2014 09:48:57,259 - INFO  - Watchdog has been checked: 0 passed
30.07.2014 09:50:57,100 - INFO  - Watchdog has been checked: 0 passed
30.07.2014 09:52:57,213 - INFO  - Watchdog has been checked: 0 passed
30.07.2014 09:54:57,255 - INFO  - Watchdog has been checked: 0 passed
30.07.2014 09:56:57,219 - INFO  - Watchdog has been checked: 0 passed
30.07.2014 09:58:57,276 - INFO  - Watchdog has been checked: 0 passed
30.07.2014 10:00:57,028 - INFO  - Watchdog has been checked: 0 passed
30.07.2014 10:02:57,160 - INFO  - Watchdog has been checked: 0 passed
30.07.2014 10:04:57,258 - INFO  - Watchdog has been checked: 0 passed
30.07.2014 10:06:57,182 - INFO  - Watchdog has been checked: 0 passed
30.07.2014 10:08:57,242 - INFO  - Watchdog has been checked: 0 passed
30.07.2014 10:10:57,086 - INFO  - Watchdog has been checked: 0 passed
30.07.2014 10:12:56,105 - INFO  - Watchdog has been checked: 0 passed
30.07.2014 10:14:56,224 - INFO  - Watchdog has been checked: 0 passed
30.07.2014 10:16:56,092 - INFO  - Watchdog has been checked: 0 passed
30.07.2014 10:18:56,101 - INFO  - Watchdog has been checked: 0 passed
30.07.2014 10:20:56,306 - INFO  - Watchdog has been checked: 0 passed
30.07.2014 10:22:56,090 - INFO  - Watchdog has been checked: 0 passed
30.07.2014 10:24:56,031 - INFO  - Watchdog has been checked: 0 passed
30.07.2014 10:26:56,172 - INFO  - Watchdog has been checked: 0 passed
30.07.2014 10:28:56,078 - INFO  - Watchdog has been checked: 0 passed
30.07.2014 10:30:56,176 - INFO  - Watchdog has been checked: 0 passed
30.07.2014 10:32:56,087 - INFO  - Watchdog has been checked: 0 passed
30.07.2014 10:34:56,012 - INFO  - Watchdog has been checked: 0 passed
30.07.2014 10:36:55,064 - INFO  - Watchdog has been checked: 0 passed
30.07.2014 10:38:55,065 - INFO  - Watchdog has been checked: 0 passed
30.07.2014 10:40:54,982 - INFO  - Watchdog has been checked: 0 passed
30.07.2014 10:42:57,204 - INFO  - Watchdog has been checked: 0 passed
30.07.2014 10:44:57,178 - INFO  - Watchdog has been checked: 0 passed
30.07.2014 10:46:57,217 - INFO  - Watchdog has been checked: 0 passed
30.07.2014 10:48:57,222 - INFO  - Watchdog has been checked: 0 passed
30.07.2014 10:50:57,068 - INFO  - Watchdog has been checked: 0 passed
30.07.2014 10:52:57,314 - INFO  - Watchdog has been checked: 0 passed
30.07.2014 10:54:57,207 - INFO  - Watchdog has been checked: 0 passed
30.07.2014 10:56:57,160 - INFO  - Watchdog has been checked: 0 passed
30.07.2014 10:58:57,336 - INFO  - Watchdog has been checked: 0 passed
30.07.2014 11:00:57,334 - INFO  - Watchdog has been checked: 0 passed
30.07.2014 11:02:57,358 - INFO  - Watchdog has been checked: 0 passed
30.07.2014 11:04:57,229 - INFO  - Watchdog has been checked: 0 passed
30.07.2014 11:06:57,192 - INFO  - Watchdog has been checked: 0 passed
30.07.2014 11:08:57,346 - INFO  - Watchdog has been checked: 0 passed
30.07.2014 11:10:57,317 - INFO  - Watchdog has been checked: 0 passed
30.07.2014 11:12:57,326 - INFO  - Watchdog has been checked: 0 passed
30.07.2014 11:14:57,397 - INFO  - Watchdog has been checked: 0 passed
30.07.2014 11:16:57,371 - INFO  - Watchdog has been checked: 0 passed
30.07.2014 11:18:57,229 - INFO  - Watchdog has been checked: 0 passed
30.07.2014 11:20:57,225 - INFO  - Watchdog has been checked: 0 passed
30.07.2014 11:22:57,224 - INFO  - Watchdog has been checked: 0 passed
30.07.2014 11:24:57,342 - INFO  - Watchdog has been checked: 0 passed
30.07.2014 11:25:59,048 - INFO  - searcher identified --- respT: 52ms, 82331 results, q=, 
30.07.2014 11:26:04,217 - INFO  - searcher identified --- respT: 14ms, 385 results, q=wise, 
30.07.2014 11:26:05,511 - INFO  - searcher identified --- respT: 18ms, 62 results, q=wise05, 
30.07.2014 11:26:05,630 - INFO  - searcher identified --- respT: 17ms, 17 results, q=wise0, 
30.07.2014 11:26:06,156 - INFO  - searcher identified --- respT: 18ms, 62 results, q=wise05, 
30.07.2014 11:26:12,663 - INFO  - searcher identified --- respT: 26ms, 62 results, q=wise05, 
30.07.2014 11:26:23,368 - INFO  - searcher identified --- respT: 15ms, 62 results, q=wise05, page turned
30.07.2014 11:26:57,299 - INFO  - Watchdog has been checked: 0 passed
30.07.2014 11:27:05,532 - INFO  - searcher identified --- respT: 60ms, 82331 results, q=, 
30.07.2014 11:27:10,704 - INFO  - searcher identified --- respT: 20ms, 130 results, q=cronjob, 
30.07.2014 11:27:11,530 - INFO  - searcher identified --- respT: 19ms, 130 results, q=cronjob, 
30.07.2014 11:27:50,547 - INFO  - searcher identified --- respT: 43ms, 82331 results, q=, 
30.07.2014 11:27:50,697 - INFO  - searcher identified --- respT: 46ms, 82331 results, q=, 
30.07.2014 11:28:12,392 - INFO  - searcher identified --- respT: 16ms, 419 results, author:MarcKloter, q=, 
30.07.2014 11:28:21,654 - INFO  - searcher identified --- respT: 11ms, 419 results, author:MarcKloter, q=, page turned
30.07.2014 11:28:32,912 - INFO  - searcher identified --- respT: 11ms, 419 results, author:MarcKloter, q=, page turned
30.07.2014 11:28:39,730 - INFO  - searcher identified --- respT: 11ms, 419 results, author:MarcKloter, q=, page turned
30.07.2014 11:28:43,763 - INFO  - searcher identified --- respT: 12ms, 419 results, author:MarcKloter, q=, page turned
30.07.2014 11:28:47,938 - INFO  - searcher identified --- respT: 9ms, 419 results, author:MarcKloter, q=, page turned
30.07.2014 11:28:52,127 - INFO  - searcher identified --- respT: 11ms, 419 results, author:MarcKloter, q=, page turned
30.07.2014 11:28:54,997 - INFO  - searcher identified --- respT: 9ms, 419 results, author:MarcKloter, q=, page turned
30.07.2014 11:28:57,332 - INFO  - Watchdog has been checked: 0 passed
30.07.2014 11:28:58,368 - INFO  - searcher identified --- respT: 8ms, 419 results, author:MarcKloter, q=, page turned
30.07.2014 11:29:05,965 - INFO  - searcher identified --- respT: 10ms, 419 results, author:MarcKloter, q=, page turned
30.07.2014 11:29:10,038 - INFO  - searcher identified --- respT: 11ms, 419 results, author:MarcKloter, q=, page turned
30.07.2014 11:29:14,339 - INFO  - searcher identified --- respT: 10ms, 419 results, author:MarcKloter, q=, page turned
30.07.2014 11:30:57,168 - INFO  - Watchdog has been checked: 0 passed
30.07.2014 11:32:57,150 - INFO  - Watchdog has been checked: 0 passed
30.07.2014 11:34:57,262 - INFO  - Watchdog has been checked: 0 passed
30.07.2014 11:36:57,205 - INFO  - Watchdog has been checked: 0 passed
30.07.2014 11:38:57,034 - INFO  - Watchdog has been checked: 0 passed
30.07.2014 11:40:57,025 - INFO  - Watchdog has been checked: 0 passed
30.07.2014 11:42:57,049 - INFO  - Watchdog has been checked: 0 passed
30.07.2014 11:44:57,117 - INFO  - Watchdog has been checked: 0 passed
30.07.2014 11:46:57,167 - INFO  - Watchdog has been checked: 0 passed
30.07.2014 11:48:57,039 - INFO  - Watchdog has been checked: 0 passed
30.07.2014 11:50:55,957 - INFO  - Watchdog has been checked: 0 passed
30.07.2014 11:52:54,989 - INFO  - Watchdog has been checked: 0 passed
30.07.2014 11:54:54,075 - INFO  - Watchdog has been checked: 0 passed
30.07.2014 11:56:53,023 - INFO  - Watchdog has been checked: 0 passed
30.07.2014 11:58:52,147 - INFO  - Watchdog has been checked: 0 passed
30.07.2014 12:00:52,209 - INFO  - Watchdog has been checked: 0 passed
30.07.2014 12:02:52,084 - INFO  - Watchdog has been checked: 0 passed
30.07.2014 12:04:52,098 - INFO  - Watchdog has been checked: 0 passed
30.07.2014 12:06:52,125 - INFO  - Watchdog has been checked: 0 passed
30.07.2014 12:08:52,111 - INFO  - Watchdog has been checked: 0 passed
30.07.2014 12:10:52,303 - INFO  - Watchdog has been checked: 0 passed
30.07.2014 12:12:52,191 - INFO  - Watchdog has been checked: 0 passed
30.07.2014 12:14:52,141 - INFO  - Watchdog has been checked: 0 passed
30.07.2014 12:16:52,141 - INFO  - Watchdog has been checked: 0 passed
30.07.2014 12:18:52,279 - INFO  - Watchdog has been checked: 0 passed
30.07.2014 12:20:52,169 - INFO  - Watchdog has been checked: 0 passed
30.07.2014 12:22:52,278 - INFO  - Watchdog has been checked: 0 passed
30.07.2014 12:24:52,299 - INFO  - Watchdog has been checked: 0 passed
30.07.2014 12:26:52,242 - INFO  - Watchdog has been checked: 0 passed
30.07.2014 12:28:52,166 - INFO  - Watchdog has been checked: 0 passed
30.07.2014 12:30:52,332 - INFO  - Watchdog has been checked: 0 passed
30.07.2014 12:32:52,130 - INFO  - Watchdog has been checked: 0 passed
30.07.2014 12:34:52,203 - INFO  - Watchdog has been checked: 0 passed
30.07.2014 12:36:52,130 - INFO  - Watchdog has been checked: 0 passed
30.07.2014 12:38:52,117 - INFO  - Watchdog has been checked: 0 passed
30.07.2014 12:40:52,203 - INFO  - Watchdog has been checked: 0 passed
30.07.2014 12:42:52,200 - INFO  - Watchdog has been checked: 0 passed
30.07.2014 12:44:52,066 - INFO  - Watchdog has been checked: 0 passed
30.07.2014 12:46:51,204 - INFO  - Watchdog has been checked: 0 passed
30.07.2014 12:48:50,984 - INFO  - Watchdog has been checked: 0 passed
30.07.2014 12:50:56,852 - INFO  - Watchdog has been checked: 0 passed
30.07.2014 12:51:50,143 - INFO  - Watchdog has been checked: 0 passed
30.07.2014 12:53:50,161 - INFO  - Watchdog has been checked: 0 passed
30.07.2014 12:55:50,093 - INFO  - Watchdog has been checked: 0 passed
30.07.2014 12:57:49,094 - INFO  - Watchdog has been checked: 0 passed
30.07.2014 12:59:48,113 - INFO  - Watchdog has been checked: 0 passed
30.07.2014 13:01:47,222 - INFO  - Watchdog has been checked: 0 passed
30.07.2014 13:03:47,143 - INFO  - Watchdog has been checked: 0 passed
30.07.2014 13:05:47,084 - INFO  - Watchdog has been checked: 0 passed
30.07.2014 13:07:47,254 - INFO  - Watchdog has been checked: 0 passed
30.07.2014 13:09:47,067 - INFO  - Watchdog has been checked: 0 passed
30.07.2014 13:11:46,132 - INFO  - Watchdog has been checked: 0 passed
30.07.2014 13:13:45,182 - INFO  - Watchdog has been checked: 0 passed
30.07.2014 13:15:44,321 - INFO  - Watchdog has been checked: 0 passed
30.07.2014 13:17:44,102 - INFO  - Watchdog has been checked: 0 passed
30.07.2014 13:19:43,243 - INFO  - Watchdog has been checked: 0 passed
30.07.2014 13:21:43,315 - INFO  - Watchdog has been checked: 0 passed
30.07.2014 13:23:43,289 - INFO  - Watchdog has been checked: 0 passed
30.07.2014 13:25:43,295 - INFO  - Watchdog has been checked: 0 passed
30.07.2014 13:27:43,336 - INFO  - Watchdog has been checked: 0 passed
30.07.2014 13:29:43,162 - INFO  - Watchdog has been checked: 0 passed
30.07.2014 13:31:42,225 - INFO  - Watchdog has been checked: 0 passed
30.07.2014 13:33:42,339 - INFO  - Watchdog has been checked: 0 passed
30.07.2014 13:35:42,311 - INFO  - Watchdog has been checked: 0 passed
30.07.2014 13:37:42,102 - INFO  - Watchdog has been checked: 0 passed
30.07.2014 13:39:42,252 - INFO  - Watchdog has been checked: 0 passed
30.07.2014 13:41:42,146 - INFO  - Watchdog has been checked: 0 passed
30.07.2014 13:43:42,042 - INFO  - Watchdog has been checked: 0 passed
30.07.2014 13:45:42,156 - INFO  - Watchdog has been checked: 0 passed
30.07.2014 13:47:42,341 - INFO  - Watchdog has been checked: 0 passed
30.07.2014 13:49:42,173 - INFO  - Watchdog has been checked: 0 passed
30.07.2014 13:51:42,204 - INFO  - Watchdog has been checked: 0 passed
30.07.2014 13:53:42,274 - INFO  - Watchdog has been checked: 0 passed
30.07.2014 13:55:42,227 - INFO  - Watchdog has been checked: 0 passed
30.07.2014 13:57:42,019 - INFO  - Watchdog has been checked: 0 passed
30.07.2014 13:59:42,077 - INFO  - Watchdog has been checked: 0 passed
30.07.2014 14:01:42,006 - INFO  - Watchdog has been checked: 0 passed
30.07.2014 14:03:42,091 - INFO  - Watchdog has been checked: 0 passed
30.07.2014 14:05:42,094 - INFO  - Watchdog has been checked: 0 passed
30.07.2014 14:07:42,084 - INFO  - Watchdog has been checked: 0 passed
30.07.2014 14:09:41,945 - INFO  - Watchdog has been checked: 0 passed
30.07.2014 14:11:40,934 - INFO  - Watchdog has been checked: 0 passed
30.07.2014 14:13:40,100 - INFO  - Watchdog has been checked: 0 passed
30.07.2014 14:15:40,144 - INFO  - Watchdog has been checked: 0 passed
30.07.2014 14:17:40,182 - INFO  - Watchdog has been checked: 0 passed
30.07.2014 14:19:40,177 - INFO  - Watchdog has been checked: 0 passed
30.07.2014 14:21:40,166 - INFO  - Watchdog has been checked: 0 passed
30.07.2014 14:23:40,297 - INFO  - Watchdog has been checked: 0 passed
30.07.2014 14:25:40,349 - INFO  - Watchdog has been checked: 0 passed
30.07.2014 14:27:40,281 - INFO  - Watchdog has been checked: 0 passed
30.07.2014 14:29:40,409 - INFO  - Watchdog has been checked: 0 passed
30.07.2014 14:31:40,331 - INFO  - Watchdog has been checked: 0 passed
30.07.2014 14:33:40,122 - INFO  - Watchdog has been checked: 0 passed
30.07.2014 14:35:39,156 - INFO  - Watchdog has been checked: 0 passed
30.07.2014 14:37:39,339 - INFO  - Watchdog has been checked: 0 passed
30.07.2014 14:39:39,371 - INFO  - Watchdog has been checked: 0 passed
30.07.2014 14:41:39,256 - INFO  - Watchdog has been checked: 0 passed
30.07.2014 14:43:39,212 - INFO  - Watchdog has been checked: 0 passed
30.07.2014 14:45:39,147 - INFO  - Watchdog has been checked: 0 passed
30.07.2014 14:47:38,341 - INFO  - Watchdog has been checked: 0 passed
30.07.2014 14:49:38,363 - INFO  - Watchdog has been checked: 0 passed
30.07.2014 14:51:38,261 - INFO  - Watchdog has been checked: 0 passed
30.07.2014 14:53:38,215 - INFO  - Watchdog has been checked: 0 passed
30.07.2014 14:55:38,194 - INFO  - Watchdog has been checked: 0 passed
30.07.2014 14:57:38,386 - INFO  - Watchdog has been checked: 0 passed
30.07.2014 14:59:38,408 - INFO  - Watchdog has been checked: 0 passed
30.07.2014 15:01:38,258 - INFO  - Watchdog has been checked: 0 passed
30.07.2014 15:03:38,377 - INFO  - Watchdog has been checked: 0 passed
30.07.2014 15:05:38,483 - INFO  - Watchdog has been checked: 0 passed
30.07.2014 15:07:38,246 - INFO  - Watchdog has been checked: 0 passed
30.07.2014 15:09:38,494 - INFO  - Watchdog has been checked: 0 passed
30.07.2014 15:11:38,437 - INFO  - Watchdog has been checked: 0 passed
30.07.2014 15:13:38,454 - INFO  - Watchdog has been checked: 0 passed
30.07.2014 15:15:38,382 - INFO  - Watchdog has been checked: 0 passed
30.07.2014 15:17:38,285 - INFO  - Watchdog has been checked: 0 passed
30.07.2014 15:19:38,409 - INFO  - Watchdog has been checked: 0 passed
30.07.2014 15:21:38,467 - INFO  - Watchdog has been checked: 0 passed
30.07.2014 15:23:38,294 - INFO  - Watchdog has been checked: 0 passed
30.07.2014 15:25:38,145 - INFO  - Watchdog has been checked: 0 passed
30.07.2014 15:27:38,079 - INFO  - Watchdog has been checked: 0 passed
30.07.2014 15:29:38,134 - INFO  - Watchdog has been checked: 0 passed
30.07.2014 15:31:38,357 - INFO  - Watchdog has been checked: 0 passed
30.07.2014 15:33:38,106 - INFO  - Watchdog has been checked: 0 passed
30.07.2014 15:35:37,958 - INFO  - Watchdog has been checked: 0 passed
30.07.2014 15:37:38,048 - INFO  - Watchdog has been checked: 0 passed
30.07.2014 15:39:38,223 - INFO  - Watchdog has been checked: 0 passed
30.07.2014 15:41:37,978 - INFO  - Watchdog has been checked: 0 passed
30.07.2014 15:43:38,101 - INFO  - Watchdog has been checked: 0 passed
30.07.2014 15:45:38,090 - INFO  - Watchdog has been checked: 0 passed
30.07.2014 15:47:38,086 - INFO  - Watchdog has been checked: 0 passed
30.07.2014 15:49:38,212 - INFO  - Watchdog has been checked: 0 passed
30.07.2014 15:51:38,047 - INFO  - Watchdog has been checked: 0 passed
30.07.2014 15:53:37,016 - INFO  - Watchdog has been checked: 0 passed
30.07.2014 15:55:36,043 - INFO  - Watchdog has been checked: 0 passed
30.07.2014 15:57:35,207 - INFO  - Watchdog has been checked: 0 passed
30.07.2014 15:59:35,329 - INFO  - Watchdog has been checked: 0 passed
30.07.2014 16:01:36,472 - INFO  - Watchdog has been checked: 0 passed
30.07.2014 16:03:36,120 - INFO  - Watchdog has been checked: 0 passed
30.07.2014 16:05:36,085 - INFO  - Watchdog has been checked: 0 passed
30.07.2014 16:07:36,107 - INFO  - Watchdog has been checked: 0 passed
30.07.2014 16:09:36,239 - INFO  - Watchdog has been checked: 0 passed
30.07.2014 16:11:36,143 - INFO  - Watchdog has been checked: 0 passed
30.07.2014 16:13:37,228 - INFO  - Watchdog has been checked: 0 passed
30.07.2014 16:15:37,346 - INFO  - Watchdog has been checked: 0 passed
30.07.2014 16:17:37,171 - INFO  - Watchdog has been checked: 0 passed
30.07.2014 16:19:37,272 - INFO  - Watchdog has been checked: 0 passed
30.07.2014 16:21:37,376 - INFO  - Watchdog has been checked: 0 passed
30.07.2014 16:23:37,441 - INFO  - Watchdog has been checked: 0 passed
30.07.2014 16:25:37,179 - INFO  - Watchdog has been checked: 0 passed
30.07.2014 16:27:37,202 - INFO  - Watchdog has been checked: 0 passed
30.07.2014 16:29:37,388 - INFO  - Watchdog has been checked: 0 passed
30.07.2014 16:31:37,272 - INFO  - Watchdog has been checked: 0 passed
30.07.2014 16:33:37,349 - INFO  - Watchdog has been checked: 0 passed
30.07.2014 16:35:37,357 - INFO  - Watchdog has been checked: 0 passed
30.07.2014 16:37:37,264 - INFO  - Watchdog has been checked: 0 passed
30.07.2014 16:39:37,466 - INFO  - Watchdog has been checked: 0 passed
30.07.2014 16:41:37,348 - INFO  - Watchdog has been checked: 0 passed
30.07.2014 16:43:37,428 - INFO  - Watchdog has been checked: 0 passed
30.07.2014 16:45:37,409 - INFO  - Watchdog has been checked: 0 passed
30.07.2014 16:47:37,214 - INFO  - Watchdog has been checked: 0 passed
30.07.2014 16:49:37,223 - INFO  - Watchdog has been checked: 0 passed
30.07.2014 16:51:37,232 - INFO  - Watchdog has been checked: 0 passed
30.07.2014 16:53:37,321 - INFO  - Watchdog has been checked: 0 passed
30.07.2014 16:55:37,358 - INFO  - Watchdog has been checked: 0 passed
30.07.2014 16:57:37,182 - INFO  - Watchdog has been checked: 0 passed
30.07.2014 16:59:37,254 - INFO  - Watchdog has been checked: 0 passed
30.07.2014 17:01:37,085 - INFO  - Watchdog has been checked: 0 passed
30.07.2014 17:03:36,230 - INFO  - Watchdog has been checked: 0 passed
30.07.2014 17:05:36,274 - INFO  - Watchdog has been checked: 0 passed
30.07.2014 17:07:36,086 - INFO  - Watchdog has been checked: 0 passed
30.07.2014 17:09:35,035 - INFO  - Watchdog has been checked: 0 passed
30.07.2014 17:11:33,975 - INFO  - Watchdog has been checked: 0 passed
30.07.2014 17:13:33,049 - INFO  - Watchdog has been checked: 0 passed
30.07.2014 17:15:31,963 - INFO  - Watchdog has been checked: 0 passed
30.07.2014 17:17:30,976 - INFO  - Watchdog has been checked: 0 passed
30.07.2014 17:19:30,055 - INFO  - Watchdog has been checked: 0 passed
30.07.2014 17:21:29,022 - INFO  - Watchdog has been checked: 0 passed
30.07.2014 17:23:27,883 - INFO  - Watchdog has been checked: 0 passed
30.07.2014 17:25:27,091 - INFO  - Watchdog has been checked: 0 passed
30.07.2014 17:27:27,015 - INFO  - Watchdog has been checked: 0 passed
30.07.2014 17:29:27,209 - INFO  - Watchdog has been checked: 0 passed
30.07.2014 17:31:27,181 - INFO  - Watchdog has been checked: 0 passed
30.07.2014 17:33:27,086 - INFO  - Watchdog has been checked: 0 passed
30.07.2014 17:35:27,217 - INFO  - Watchdog has been checked: 0 passed
30.07.2014 17:37:27,127 - INFO  - Watchdog has been checked: 0 passed
30.07.2014 17:39:27,174 - INFO  - Watchdog has been checked: 0 passed
30.07.2014 17:41:27,744 - INFO  - Watchdog has been checked: 0 passed
30.07.2014 17:43:27,097 - INFO  - Watchdog has been checked: 0 passed
30.07.2014 17:45:27,262 - INFO  - Watchdog has been checked: 0 passed
30.07.2014 17:47:27,225 - INFO  - Watchdog has been checked: 0 passed
30.07.2014 17:49:27,255 - INFO  - Watchdog has been checked: 0 passed
30.07.2014 17:51:27,323 - INFO  - Watchdog has been checked: 0 passed
30.07.2014 17:53:27,243 - INFO  - Watchdog has been checked: 0 passed
30.07.2014 17:55:27,189 - INFO  - Watchdog has been checked: 0 passed
30.07.2014 17:57:27,329 - INFO  - Watchdog has been checked: 0 passed
30.07.2014 17:59:27,133 - INFO  - Watchdog has been checked: 0 passed
30.07.2014 18:01:27,242 - INFO  - Watchdog has been checked: 0 passed
30.07.2014 18:03:27,169 - INFO  - Watchdog has been checked: 0 passed
30.07.2014 18:05:27,117 - INFO  - Watchdog has been checked: 0 passed
30.07.2014 18:07:27,331 - INFO  - Watchdog has been checked: 0 passed
30.07.2014 18:09:27,386 - INFO  - Watchdog has been checked: 0 passed
30.07.2014 18:11:27,210 - INFO  - Watchdog has been checked: 0 passed
30.07.2014 18:13:27,204 - INFO  - Watchdog has been checked: 0 passed
30.07.2014 18:15:27,181 - INFO  - Watchdog has been checked: 0 passed
30.07.2014 18:17:27,279 - INFO  - Watchdog has been checked: 0 passed
30.07.2014 18:19:27,294 - INFO  - Watchdog has been checked: 0 passed
30.07.2014 18:21:27,094 - INFO  - Watchdog has been checked: 0 passed
30.07.2014 18:23:26,206 - INFO  - Watchdog has been checked: 0 passed
30.07.2014 18:25:26,238 - INFO  - Watchdog has been checked: 0 passed
30.07.2014 18:27:26,036 - INFO  - Watchdog has been checked: 0 passed
30.07.2014 18:29:25,211 - INFO  - Watchdog has been checked: 0 passed
30.07.2014 18:31:25,057 - INFO  - Watchdog has been checked: 0 passed
30.07.2014 18:33:25,110 - INFO  - Watchdog has been checked: 0 passed
30.07.2014 18:35:25,132 - INFO  - Watchdog has been checked: 0 passed
30.07.2014 18:37:25,263 - INFO  - Watchdog has been checked: 0 passed
30.07.2014 18:39:25,492 - INFO  - Watchdog has been checked: 0 passed
30.07.2014 18:41:25,263 - INFO  - Watchdog has been checked: 0 passed
30.07.2014 18:43:27,272 - INFO  - Watchdog has been checked: 0 passed
30.07.2014 18:45:27,111 - INFO  - Watchdog has been checked: 0 passed
30.07.2014 18:47:26,222 - INFO  - Watchdog has been checked: 0 passed
30.07.2014 18:49:26,032 - INFO  - Watchdog has been checked: 0 passed
30.07.2014 18:51:25,172 - INFO  - Watchdog has been checked: 0 passed
30.07.2014 18:53:25,219 - INFO  - Watchdog has been checked: 0 passed
30.07.2014 18:55:25,187 - INFO  - Watchdog has been checked: 0 passed
30.07.2014 18:57:25,223 - INFO  - Watchdog has been checked: 0 passed
30.07.2014 18:59:27,256 - INFO  - Watchdog has been checked: 0 passed
30.07.2014 19:01:27,184 - INFO  - Watchdog has been checked: 0 passed
30.07.2014 19:03:27,323 - INFO  - Watchdog has been checked: 0 passed
30.07.2014 19:05:27,104 - INFO  - Watchdog has been checked: 0 passed
30.07.2014 19:07:27,182 - INFO  - Watchdog has been checked: 0 passed
30.07.2014 19:09:27,253 - INFO  - Watchdog has been checked: 0 passed
30.07.2014 19:11:27,238 - INFO  - Watchdog has been checked: 0 passed
30.07.2014 19:13:27,386 - INFO  - Watchdog has been checked: 0 passed
30.07.2014 19:15:27,315 - INFO  - Watchdog has been checked: 0 passed
30.07.2014 19:17:27,130 - INFO  - Watchdog has been checked: 0 passed
30.07.2014 19:19:27,426 - INFO  - Watchdog has been checked: 0 passed
30.07.2014 19:21:27,368 - INFO  - Watchdog has been checked: 0 passed
30.07.2014 19:23:27,311 - INFO  - Watchdog has been checked: 0 passed
30.07.2014 19:25:27,269 - INFO  - Watchdog has been checked: 0 passed
30.07.2014 19:27:27,431 - INFO  - Watchdog has been checked: 0 passed
30.07.2014 19:29:27,482 - INFO  - Watchdog has been checked: 0 passed
30.07.2014 19:31:27,428 - INFO  - Watchdog has been checked: 0 passed
30.07.2014 19:33:27,222 - INFO  - Watchdog has been checked: 0 passed
30.07.2014 19:35:27,197 - INFO  - Watchdog has been checked: 0 passed
30.07.2014 19:37:27,071 - INFO  - Watchdog has been checked: 0 passed
30.07.2014 19:39:27,192 - INFO  - Watchdog has been checked: 0 passed
30.07.2014 19:41:27,258 - INFO  - Watchdog has been checked: 0 passed
30.07.2014 19:43:27,103 - INFO  - Watchdog has been checked: 0 passed
30.07.2014 19:45:27,323 - INFO  - Watchdog has been checked: 0 passed
30.07.2014 19:47:27,026 - INFO  - Watchdog has been checked: 0 passed
30.07.2014 19:49:26,016 - INFO  - Watchdog has been checked: 0 passed
30.07.2014 19:51:25,025 - INFO  - Watchdog has been checked: 0 passed
30.07.2014 19:53:24,122 - INFO  - Watchdog has been checked: 0 passed
30.07.2014 19:55:24,088 - INFO  - Watchdog has been checked: 0 passed
30.07.2014 19:57:24,073 - INFO  - Watchdog has been checked: 0 passed
30.07.2014 19:59:23,042 - INFO  - Watchdog has been checked: 0 passed
30.07.2014 20:01:27,255 - INFO  - Watchdog has been checked: 0 passed
30.07.2014 20:03:27,144 - INFO  - Watchdog has been checked: 0 passed
30.07.2014 20:05:27,103 - INFO  - Watchdog has been checked: 0 passed
30.07.2014 20:07:27,293 - INFO  - Watchdog has been checked: 0 passed
30.07.2014 20:09:27,037 - INFO  - Watchdog has been checked: 0 passed
30.07.2014 20:11:27,226 - INFO  - Watchdog has been checked: 0 passed
30.07.2014 20:13:27,107 - INFO  - Watchdog has been checked: 0 passed
30.07.2014 20:15:27,034 - INFO  - Watchdog has been checked: 0 passed
30.07.2014 20:17:27,270 - INFO  - Watchdog has been checked: 0 passed
30.07.2014 20:19:27,242 - INFO  - Watchdog has been checked: 0 passed
30.07.2014 20:21:27,139 - INFO  - Watchdog has been checked: 0 passed
30.07.2014 20:23:27,436 - INFO  - Watchdog has been checked: 0 passed
30.07.2014 20:25:27,356 - INFO  - Watchdog has been checked: 0 passed
30.07.2014 20:27:27,289 - INFO  - Watchdog has been checked: 0 passed
30.07.2014 20:29:27,335 - INFO  - Watchdog has been checked: 0 passed
30.07.2014 20:31:27,384 - INFO  - Watchdog has been checked: 0 passed
30.07.2014 20:33:27,303 - INFO  - Watchdog has been checked: 0 passed
30.07.2014 20:35:27,259 - INFO  - Watchdog has been checked: 0 passed
30.07.2014 20:37:27,477 - INFO  - Watchdog has been checked: 0 passed
30.07.2014 20:39:27,223 - INFO  - Watchdog has been checked: 0 passed
30.07.2014 20:41:27,302 - INFO  - Watchdog has been checked: 0 passed
30.07.2014 20:43:27,219 - INFO  - Watchdog has been checked: 0 passed
30.07.2014 20:45:27,200 - INFO  - Watchdog has been checked: 0 passed
30.07.2014 20:47:28,232 - INFO  - Watchdog has been checked: 0 passed
30.07.2014 20:49:28,155 - INFO  - Watchdog has been checked: 0 passed
30.07.2014 20:51:27,191 - INFO  - Watchdog has been checked: 0 passed
30.07.2014 20:53:27,307 - INFO  - Watchdog has been checked: 0 passed
30.07.2014 20:55:27,286 - INFO  - Watchdog has been checked: 0 passed
30.07.2014 20:57:27,252 - INFO  - Watchdog has been checked: 0 passed
30.07.2014 20:59:27,288 - INFO  - Watchdog has been checked: 0 passed
30.07.2014 21:01:27,110 - INFO  - Watchdog has been checked: 0 passed
30.07.2014 21:03:27,317 - INFO  - Watchdog has been checked: 0 passed
30.07.2014 21:05:27,060 - INFO  - Watchdog has been checked: 0 passed
30.07.2014 21:07:26,116 - INFO  - Watchdog has been checked: 0 passed
30.07.2014 21:09:26,237 - INFO  - Watchdog has been checked: 0 passed
30.07.2014 21:11:26,074 - INFO  - Watchdog has been checked: 0 passed
30.07.2014 21:13:26,175 - INFO  - Watchdog has been checked: 0 passed
30.07.2014 21:15:26,249 - INFO  - Watchdog has been checked: 0 passed
30.07.2014 21:17:26,263 - INFO  - Watchdog has been checked: 0 passed
30.07.2014 21:19:26,249 - INFO  - Watchdog has been checked: 0 passed
30.07.2014 21:21:26,133 - INFO  - Watchdog has been checked: 0 passed
30.07.2014 21:23:26,128 - INFO  - Watchdog has been checked: 0 passed
30.07.2014 21:25:26,248 - INFO  - Watchdog has been checked: 0 passed
30.07.2014 21:27:26,267 - INFO  - Watchdog has been checked: 0 passed
30.07.2014 21:29:26,191 - INFO  - Watchdog has been checked: 0 passed
30.07.2014 21:31:26,263 - INFO  - Watchdog has been checked: 0 passed
30.07.2014 21:33:26,281 - INFO  - Watchdog has been checked: 0 passed
30.07.2014 21:35:26,156 - INFO  - Watchdog has been checked: 0 passed
30.07.2014 21:37:26,156 - INFO  - Watchdog has been checked: 0 passed
30.07.2014 21:39:26,278 - INFO  - Watchdog has been checked: 0 passed
30.07.2014 21:41:26,197 - INFO  - Watchdog has been checked: 0 passed
30.07.2014 21:43:26,212 - INFO  - Watchdog has been checked: 0 passed
30.07.2014 21:45:26,283 - INFO  - Watchdog has been checked: 0 passed
30.07.2014 21:47:26,338 - INFO  - Watchdog has been checked: 0 passed
30.07.2014 21:49:27,378 - INFO  - Watchdog has been checked: 0 passed
30.07.2014 21:51:27,315 - INFO  - Watchdog has been checked: 0 passed
30.07.2014 21:53:27,407 - INFO  - Watchdog has been checked: 0 passed
30.07.2014 21:55:27,430 - INFO  - Watchdog has been checked: 0 passed
30.07.2014 21:57:27,315 - INFO  - Watchdog has been checked: 0 passed
30.07.2014 21:59:27,286 - INFO  - Watchdog has been checked: 0 passed
30.07.2014 22:01:27,259 - INFO  - Watchdog has been checked: 0 passed
30.07.2014 22:03:27,499 - INFO  - Watchdog has been checked: 0 passed
30.07.2014 22:05:27,394 - INFO  - Watchdog has been checked: 0 passed
30.07.2014 22:07:27,349 - INFO  - Watchdog has been checked: 0 passed
30.07.2014 22:09:27,379 - INFO  - Watchdog has been checked: 0 passed
30.07.2014 22:11:27,459 - INFO  - Watchdog has been checked: 0 passed
30.07.2014 22:13:27,346 - INFO  - Watchdog has been checked: 0 passed
30.07.2014 22:15:27,460 - INFO  - Watchdog has been checked: 0 passed
30.07.2014 22:17:27,150 - INFO  - Watchdog has been checked: 0 passed
30.07.2014 22:19:27,186 - INFO  - Watchdog has been checked: 0 passed
30.07.2014 22:21:27,385 - INFO  - Watchdog has been checked: 0 passed
30.07.2014 22:23:27,193 - INFO  - Watchdog has been checked: 0 passed
30.07.2014 22:25:27,094 - INFO  - Watchdog has been checked: 0 passed
30.07.2014 22:27:27,218 - INFO  - Watchdog has been checked: 0 passed
30.07.2014 22:29:27,276 - INFO  - Watchdog has been checked: 0 passed
30.07.2014 22:31:27,136 - INFO  - Watchdog has been checked: 0 passed
30.07.2014 22:33:27,001 - INFO  - Watchdog has been checked: 0 passed
30.07.2014 22:35:26,179 - INFO  - Watchdog has been checked: 0 passed
30.07.2014 22:37:26,114 - INFO  - Watchdog has been checked: 0 passed
30.07.2014 22:39:26,148 - INFO  - Watchdog has been checked: 0 passed
30.07.2014 22:41:26,372 - INFO  - Watchdog has been checked: 0 passed
30.07.2014 22:43:26,287 - INFO  - Watchdog has been checked: 0 passed
30.07.2014 22:45:26,120 - INFO  - Watchdog has been checked: 0 passed
30.07.2014 22:47:26,102 - INFO  - Watchdog has been checked: 0 passed
30.07.2014 22:49:26,128 - INFO  - Watchdog has been checked: 0 passed
30.07.2014 22:51:27,194 - INFO  - Watchdog has been checked: 0 passed
30.07.2014 22:53:27,128 - INFO  - Watchdog has been checked: 0 passed
30.07.2014 22:55:27,119 - INFO  - Watchdog has been checked: 0 passed
30.07.2014 22:57:27,265 - INFO  - Watchdog has been checked: 0 passed
30.07.2014 22:59:27,162 - INFO  - Watchdog has been checked: 0 passed
30.07.2014 23:01:27,147 - INFO  - Watchdog has been checked: 0 passed
30.07.2014 23:03:27,115 - INFO  - Watchdog has been checked: 0 passed
30.07.2014 23:05:27,083 - INFO  - Watchdog has been checked: 0 passed
30.07.2014 23:07:27,262 - INFO  - Watchdog has been checked: 0 passed
30.07.2014 23:09:27,139 - INFO  - Watchdog has been checked: 0 passed
30.07.2014 23:11:27,182 - INFO  - Watchdog has been checked: 0 passed
30.07.2014 23:13:27,092 - INFO  - Watchdog has been checked: 0 passed
30.07.2014 23:15:26,044 - INFO  - Watchdog has been checked: 0 passed
30.07.2014 23:17:27,459 - INFO  - Watchdog has been checked: 0 passed
30.07.2014 23:19:27,382 - INFO  - Watchdog has been checked: 0 passed
30.07.2014 23:21:27,085 - INFO  - Watchdog has been checked: 0 passed
30.07.2014 23:23:26,220 - INFO  - Watchdog has been checked: 0 passed
30.07.2014 23:25:26,234 - INFO  - Watchdog has been checked: 0 passed
30.07.2014 23:27:26,374 - INFO  - Watchdog has been checked: 0 passed
30.07.2014 23:29:26,282 - INFO  - Watchdog has been checked: 0 passed
30.07.2014 23:31:26,309 - INFO  - Watchdog has been checked: 0 passed
30.07.2014 23:33:26,167 - INFO  - Watchdog has been checked: 0 passed
30.07.2014 23:35:26,122 - INFO  - Watchdog has been checked: 0 passed
30.07.2014 23:37:26,226 - INFO  - Watchdog has been checked: 0 passed
30.07.2014 23:39:26,069 - INFO  - Watchdog has been checked: 0 passed
30.07.2014 23:41:25,184 - INFO  - Watchdog has been checked: 0 passed
30.07.2014 23:43:26,378 - INFO  - Watchdog has been checked: 0 passed
30.07.2014 23:45:26,071 - INFO  - Watchdog has been checked: 0 passed
30.07.2014 23:47:26,046 - INFO  - Watchdog has been checked: 0 passed
30.07.2014 23:49:26,473 - INFO  - Watchdog has been checked: 0 passed
30.07.2014 23:51:26,028 - INFO  - Watchdog has been checked: 0 passed
30.07.2014 23:53:27,114 - INFO  - Watchdog has been checked: 0 passed
30.07.2014 23:55:27,271 - INFO  - Watchdog has been checked: 0 passed
30.07.2014 23:57:27,574 - INFO  - Watchdog has been checked: 0 passed
30.07.2014 23:59:27,181 - INFO  - Watchdog has been checked: 0 passed
