01.09.2014 00:01:20,124 - INFO  - Watchdog has been checked: 0 passed
01.09.2014 00:03:20,084 - INFO  - Watchdog has been checked: 0 passed
01.09.2014 00:05:20,042 - INFO  - Watchdog has been checked: 0 passed
01.09.2014 00:07:20,377 - INFO  - Watchdog has been checked: 0 passed
01.09.2014 00:09:20,090 - INFO  - Watchdog has been checked: 0 passed
01.09.2014 00:11:20,049 - INFO  - Watchdog has been checked: 0 passed
01.09.2014 00:13:20,291 - INFO  - Watchdog has been checked: 0 passed
01.09.2014 00:15:20,090 - INFO  - Watchdog has been checked: 0 passed
01.09.2014 00:17:20,371 - INFO  - Watchdog has been checked: 0 passed
01.09.2014 00:19:20,338 - INFO  - Watchdog has been checked: 0 passed
01.09.2014 00:21:20,222 - INFO  - Watchdog has been checked: 0 passed
01.09.2014 00:23:20,142 - INFO  - Watchdog has been checked: 0 passed
01.09.2014 00:25:20,117 - INFO  - Watchdog has been checked: 0 passed
01.09.2014 00:27:20,473 - INFO  - Watchdog has been checked: 0 passed
01.09.2014 00:29:20,166 - INFO  - Watchdog has been checked: 0 passed
01.09.2014 00:31:20,353 - INFO  - Watchdog has been checked: 0 passed
01.09.2014 00:33:20,242 - INFO  - Watchdog has been checked: 0 passed
01.09.2014 00:35:20,290 - INFO  - Watchdog has been checked: 0 passed
01.09.2014 00:37:20,480 - INFO  - Watchdog has been checked: 0 passed
01.09.2014 00:39:20,378 - INFO  - Watchdog has been checked: 0 passed
01.09.2014 00:41:20,298 - INFO  - Watchdog has been checked: 0 passed
01.09.2014 00:43:20,397 - INFO  - Watchdog has been checked: 0 passed
01.09.2014 00:45:20,227 - INFO  - Watchdog has been checked: 0 passed
01.09.2014 00:47:20,567 - INFO  - Watchdog has been checked: 0 passed
01.09.2014 00:49:20,488 - INFO  - Watchdog has been checked: 0 passed
01.09.2014 00:51:20,358 - INFO  - Watchdog has been checked: 0 passed
01.09.2014 00:53:20,243 - INFO  - Watchdog has been checked: 0 passed
01.09.2014 00:55:20,322 - INFO  - Watchdog has been checked: 0 passed
01.09.2014 00:57:20,360 - INFO  - Watchdog has been checked: 0 passed
01.09.2014 00:59:20,356 - INFO  - Watchdog has been checked: 0 passed
01.09.2014 01:01:20,256 - INFO  - Watchdog has been checked: 0 passed
01.09.2014 01:03:20,368 - INFO  - Watchdog has been checked: 0 passed
01.09.2014 01:05:20,161 - INFO  - Watchdog has been checked: 0 passed
01.09.2014 01:07:20,409 - INFO  - Watchdog has been checked: 0 passed
01.09.2014 01:09:20,086 - INFO  - Watchdog has been checked: 0 passed
01.09.2014 01:11:20,351 - INFO  - Watchdog has been checked: 0 passed
01.09.2014 01:13:20,244 - INFO  - Watchdog has been checked: 0 passed
01.09.2014 01:15:20,282 - INFO  - Watchdog has been checked: 0 passed
01.09.2014 01:17:20,327 - INFO  - Watchdog has been checked: 0 passed
01.09.2014 01:19:20,184 - INFO  - Watchdog has been checked: 0 passed
01.09.2014 01:21:20,203 - INFO  - Watchdog has been checked: 0 passed
01.09.2014 01:23:20,323 - INFO  - Watchdog has been checked: 0 passed
01.09.2014 01:25:20,107 - INFO  - Watchdog has been checked: 0 passed
01.09.2014 01:27:19,259 - INFO  - Watchdog has been checked: 0 passed
01.09.2014 01:29:19,304 - INFO  - Watchdog has been checked: 0 passed
01.09.2014 01:31:19,307 - INFO  - Watchdog has been checked: 0 passed
01.09.2014 01:33:19,191 - INFO  - Watchdog has been checked: 0 passed
01.09.2014 01:35:19,213 - INFO  - Watchdog has been checked: 0 passed
01.09.2014 01:37:19,135 - INFO  - Watchdog has been checked: 0 passed
01.09.2014 01:39:19,162 - INFO  - Watchdog has been checked: 0 passed
01.09.2014 01:41:19,137 - INFO  - Watchdog has been checked: 0 passed
01.09.2014 01:43:19,249 - INFO  - Watchdog has been checked: 0 passed
01.09.2014 01:45:19,233 - INFO  - Watchdog has been checked: 0 passed
01.09.2014 01:47:19,214 - INFO  - Watchdog has been checked: 0 passed
01.09.2014 01:49:19,380 - INFO  - Watchdog has been checked: 0 passed
01.09.2014 01:51:19,347 - INFO  - Watchdog has been checked: 0 passed
01.09.2014 01:53:19,205 - INFO  - Watchdog has been checked: 0 passed
01.09.2014 01:55:19,392 - INFO  - Watchdog has been checked: 0 passed
01.09.2014 01:57:19,378 - INFO  - Watchdog has been checked: 0 passed
01.09.2014 01:59:19,405 - INFO  - Watchdog has been checked: 0 passed
01.09.2014 02:01:19,432 - INFO  - Watchdog has been checked: 0 passed
01.09.2014 02:03:19,288 - INFO  - Watchdog has been checked: 0 passed
01.09.2014 02:05:19,277 - INFO  - Watchdog has been checked: 0 passed
01.09.2014 02:07:19,486 - INFO  - Watchdog has been checked: 0 passed
01.09.2014 02:09:19,250 - INFO  - Watchdog has been checked: 0 passed
01.09.2014 02:11:19,419 - INFO  - Watchdog has been checked: 0 passed
01.09.2014 02:13:19,373 - INFO  - Watchdog has been checked: 0 passed
01.09.2014 02:15:19,326 - INFO  - Watchdog has been checked: 0 passed
01.09.2014 02:17:19,268 - INFO  - Watchdog has been checked: 0 passed
01.09.2014 02:19:19,277 - INFO  - Watchdog has been checked: 0 passed
01.09.2014 02:21:19,187 - INFO  - Watchdog has been checked: 0 passed
01.09.2014 02:23:19,372 - INFO  - Watchdog has been checked: 0 passed
01.09.2014 02:25:19,321 - INFO  - Watchdog has been checked: 0 passed
01.09.2014 02:27:19,234 - INFO  - Watchdog has been checked: 0 passed
01.09.2014 02:29:19,263 - INFO  - Watchdog has been checked: 0 passed
01.09.2014 02:31:19,203 - INFO  - Watchdog has been checked: 0 passed
01.09.2014 02:33:19,174 - INFO  - Watchdog has been checked: 0 passed
01.09.2014 02:35:19,162 - INFO  - Watchdog has been checked: 0 passed
01.09.2014 02:37:19,080 - INFO  - Watchdog has been checked: 0 passed
01.09.2014 02:39:19,182 - INFO  - Watchdog has been checked: 0 passed
01.09.2014 02:41:19,102 - INFO  - Watchdog has been checked: 0 passed
01.09.2014 02:43:19,262 - INFO  - Watchdog has been checked: 0 passed
01.09.2014 02:45:19,246 - INFO  - Watchdog has been checked: 0 passed
01.09.2014 02:47:19,157 - INFO  - Watchdog has been checked: 0 passed
01.09.2014 02:49:19,237 - INFO  - Watchdog has been checked: 0 passed
01.09.2014 02:51:19,150 - INFO  - Watchdog has been checked: 0 passed
01.09.2014 02:53:19,307 - INFO  - Watchdog has been checked: 0 passed
01.09.2014 02:55:19,267 - INFO  - Watchdog has been checked: 0 passed
01.09.2014 02:57:19,231 - INFO  - Watchdog has been checked: 0 passed
01.09.2014 02:59:19,327 - INFO  - Watchdog has been checked: 0 passed
01.09.2014 03:01:19,263 - INFO  - Watchdog has been checked: 0 passed
01.09.2014 03:03:19,131 - INFO  - Watchdog has been checked: 0 passed
01.09.2014 03:05:18,126 - INFO  - Watchdog has been checked: 0 passed
01.09.2014 03:07:17,323 - INFO  - Watchdog has been checked: 0 passed
01.09.2014 03:09:17,377 - INFO  - Watchdog has been checked: 0 passed
01.09.2014 03:11:17,314 - INFO  - Watchdog has been checked: 0 passed
01.09.2014 03:13:17,204 - INFO  - Watchdog has been checked: 0 passed
01.09.2014 03:15:17,266 - INFO  - Watchdog has been checked: 0 passed
01.09.2014 03:17:17,202 - INFO  - Watchdog has been checked: 0 passed
01.09.2014 03:19:17,277 - INFO  - Watchdog has been checked: 0 passed
01.09.2014 03:21:17,427 - INFO  - Watchdog has been checked: 0 passed
01.09.2014 03:23:17,273 - INFO  - Watchdog has been checked: 0 passed
01.09.2014 03:25:17,352 - INFO  - Watchdog has been checked: 0 passed
01.09.2014 03:27:17,288 - INFO  - Watchdog has been checked: 0 passed
01.09.2014 03:29:17,441 - INFO  - Watchdog has been checked: 0 passed
01.09.2014 03:31:17,276 - INFO  - Watchdog has been checked: 0 passed
01.09.2014 03:33:17,133 - INFO  - Watchdog has been checked: 0 passed
01.09.2014 03:35:16,159 - INFO  - Watchdog has been checked: 0 passed
01.09.2014 03:37:16,316 - INFO  - Watchdog has been checked: 0 passed
01.09.2014 03:39:16,361 - INFO  - Watchdog has been checked: 0 passed
01.09.2014 03:41:16,316 - INFO  - Watchdog has been checked: 0 passed
01.09.2014 03:43:15,391 - INFO  - Watchdog has been checked: 0 passed
01.09.2014 03:45:15,437 - INFO  - Watchdog has been checked: 0 passed
01.09.2014 03:47:16,208 - INFO  - Watchdog has been checked: 0 passed
01.09.2014 03:49:15,316 - INFO  - Watchdog has been checked: 0 passed
01.09.2014 03:51:15,286 - INFO  - Watchdog has been checked: 0 passed
01.09.2014 03:53:15,141 - INFO  - Watchdog has been checked: 0 passed
01.09.2014 03:55:15,407 - INFO  - Watchdog has been checked: 0 passed
01.09.2014 03:57:15,316 - INFO  - Watchdog has been checked: 0 passed
01.09.2014 03:59:15,325 - INFO  - Watchdog has been checked: 0 passed
01.09.2014 04:01:15,323 - INFO  - Watchdog has been checked: 0 passed
01.09.2014 04:03:15,176 - INFO  - Watchdog has been checked: 0 passed
01.09.2014 04:05:15,341 - INFO  - Watchdog has been checked: 0 passed
01.09.2014 04:07:15,285 - INFO  - Watchdog has been checked: 0 passed
01.09.2014 04:09:15,253 - INFO  - Watchdog has been checked: 0 passed
01.09.2014 04:11:15,234 - INFO  - Watchdog has been checked: 0 passed
01.09.2014 04:13:15,347 - INFO  - Watchdog has been checked: 0 passed
01.09.2014 04:15:19,276 - INFO  - Watchdog has been checked: 0 passed
01.09.2014 04:17:19,257 - INFO  - Watchdog has been checked: 0 passed
01.09.2014 04:19:19,223 - INFO  - Watchdog has been checked: 0 passed
01.09.2014 04:21:19,280 - INFO  - Watchdog has been checked: 0 passed
01.09.2014 04:23:19,430 - INFO  - Watchdog has been checked: 0 passed
01.09.2014 04:25:19,352 - INFO  - Watchdog has been checked: 0 passed
01.09.2014 04:27:19,311 - INFO  - Watchdog has been checked: 0 passed
01.09.2014 04:29:19,327 - INFO  - Watchdog has been checked: 0 passed
01.09.2014 04:31:19,273 - INFO  - Watchdog has been checked: 0 passed
01.09.2014 04:33:19,175 - INFO  - Watchdog has been checked: 0 passed
01.09.2014 04:35:19,191 - INFO  - Watchdog has been checked: 0 passed
01.09.2014 04:37:19,139 - INFO  - Watchdog has been checked: 0 passed
01.09.2014 04:39:19,101 - INFO  - Watchdog has been checked: 0 passed
01.09.2014 04:41:19,285 - INFO  - Watchdog has been checked: 0 passed
01.09.2014 04:43:19,223 - INFO  - Watchdog has been checked: 0 passed
01.09.2014 04:45:19,200 - INFO  - Watchdog has been checked: 0 passed
01.09.2014 04:47:19,190 - INFO  - Watchdog has been checked: 0 passed
01.09.2014 04:49:19,178 - INFO  - Watchdog has been checked: 0 passed
01.09.2014 04:51:19,325 - INFO  - Watchdog has been checked: 0 passed
01.09.2014 04:53:19,252 - INFO  - Watchdog has been checked: 0 passed
01.09.2014 04:55:19,182 - INFO  - Watchdog has been checked: 0 passed
01.09.2014 04:57:19,106 - INFO  - Watchdog has been checked: 0 passed
01.09.2014 04:59:19,105 - INFO  - Watchdog has been checked: 0 passed
01.09.2014 05:01:19,277 - INFO  - Watchdog has been checked: 0 passed
01.09.2014 05:03:19,246 - INFO  - Watchdog has been checked: 0 passed
01.09.2014 05:05:19,206 - INFO  - Watchdog has been checked: 0 passed
01.09.2014 05:07:19,130 - INFO  - Watchdog has been checked: 0 passed
01.09.2014 05:09:19,178 - INFO  - Watchdog has been checked: 0 passed
01.09.2014 05:11:19,334 - INFO  - Watchdog has been checked: 0 passed
01.09.2014 05:13:19,234 - INFO  - Watchdog has been checked: 0 passed
01.09.2014 05:15:19,188 - INFO  - Watchdog has been checked: 0 passed
01.09.2014 05:17:19,421 - INFO  - Watchdog has been checked: 0 passed
01.09.2014 05:19:19,159 - INFO  - Watchdog has been checked: 0 passed
01.09.2014 05:21:18,088 - INFO  - Watchdog has been checked: 0 passed
01.09.2014 05:23:18,296 - INFO  - Watchdog has been checked: 0 passed
01.09.2014 05:25:18,442 - INFO  - Watchdog has been checked: 0 passed
01.09.2014 05:27:18,182 - INFO  - Watchdog has been checked: 0 passed
01.09.2014 05:29:18,265 - INFO  - Watchdog has been checked: 0 passed
01.09.2014 05:31:18,160 - INFO  - Watchdog has been checked: 0 passed
01.09.2014 05:33:18,225 - INFO  - Watchdog has been checked: 0 passed
01.09.2014 05:35:18,268 - INFO  - Watchdog has been checked: 0 passed
01.09.2014 05:37:18,183 - INFO  - Watchdog has been checked: 0 passed
01.09.2014 05:39:18,259 - INFO  - Watchdog has been checked: 0 passed
01.09.2014 05:41:18,198 - INFO  - Watchdog has been checked: 0 passed
01.09.2014 05:43:18,286 - INFO  - Watchdog has been checked: 0 passed
01.09.2014 05:45:18,018 - INFO  - Watchdog has been checked: 0 passed
01.09.2014 05:47:17,217 - INFO  - Watchdog has been checked: 0 passed
01.09.2014 05:49:17,277 - INFO  - Watchdog has been checked: 0 passed
01.09.2014 05:51:17,200 - INFO  - Watchdog has been checked: 0 passed
01.09.2014 05:53:17,270 - INFO  - Watchdog has been checked: 0 passed
01.09.2014 05:55:17,316 - INFO  - Watchdog has been checked: 0 passed
01.09.2014 05:57:17,207 - INFO  - Watchdog has been checked: 0 passed
01.09.2014 05:59:17,246 - INFO  - Watchdog has been checked: 0 passed
01.09.2014 06:01:17,250 - INFO  - Watchdog has been checked: 0 passed
01.09.2014 06:03:17,103 - INFO  - Watchdog has been checked: 0 passed
01.09.2014 06:05:17,136 - INFO  - Watchdog has been checked: 0 passed
01.09.2014 06:07:17,290 - INFO  - Watchdog has been checked: 0 passed
01.09.2014 06:09:17,086 - INFO  - Watchdog has been checked: 0 passed
01.09.2014 06:11:16,328 - INFO  - Watchdog has been checked: 0 passed
01.09.2014 06:13:16,178 - INFO  - Watchdog has been checked: 0 passed
01.09.2014 06:15:02,115 - INFO  - mapping file sync started
01.09.2014 06:15:02,854 - INFO  - file successfully updated
01.09.2014 06:15:16,213 - INFO  - Watchdog has been checked: 0 passed
01.09.2014 06:17:16,167 - INFO  - Watchdog has been checked: 0 passed
01.09.2014 06:19:19,415 - INFO  - Watchdog has been checked: 0 passed
01.09.2014 06:21:19,174 - INFO  - Watchdog has been checked: 0 passed
01.09.2014 06:23:19,270 - INFO  - Watchdog has been checked: 0 passed
01.09.2014 06:25:19,286 - INFO  - Watchdog has been checked: 0 passed
01.09.2014 06:27:19,266 - INFO  - Watchdog has been checked: 0 passed
01.09.2014 06:29:19,224 - INFO  - Watchdog has been checked: 0 passed
01.09.2014 06:31:19,215 - INFO  - Watchdog has been checked: 0 passed
01.09.2014 06:33:19,303 - INFO  - Watchdog has been checked: 0 passed
01.09.2014 06:35:19,262 - INFO  - Watchdog has been checked: 0 passed
01.09.2014 06:37:19,212 - INFO  - Watchdog has been checked: 0 passed
01.09.2014 06:39:19,287 - INFO  - Watchdog has been checked: 0 passed
01.09.2014 06:41:19,294 - INFO  - Watchdog has been checked: 0 passed
01.09.2014 06:43:19,193 - INFO  - Watchdog has been checked: 0 passed
01.09.2014 06:45:19,425 - INFO  - Watchdog has been checked: 0 passed
01.09.2014 06:47:19,244 - INFO  - Watchdog has been checked: 0 passed
01.09.2014 06:49:19,271 - INFO  - Watchdog has been checked: 0 passed
01.09.2014 06:51:19,204 - INFO  - Watchdog has been checked: 0 passed
01.09.2014 06:53:19,132 - INFO  - Watchdog has been checked: 0 passed
01.09.2014 06:55:19,296 - INFO  - Watchdog has been checked: 0 passed
01.09.2014 06:57:19,211 - INFO  - Watchdog has been checked: 0 passed
01.09.2014 06:59:19,252 - INFO  - Watchdog has been checked: 0 passed
01.09.2014 07:01:19,202 - INFO  - Watchdog has been checked: 0 passed
01.09.2014 07:03:19,097 - INFO  - Watchdog has been checked: 0 passed
01.09.2014 07:05:19,128 - INFO  - Watchdog has been checked: 0 passed
01.09.2014 07:07:19,060 - INFO  - Watchdog has been checked: 0 passed
01.09.2014 07:09:18,073 - INFO  - Watchdog has been checked: 0 passed
01.09.2014 07:11:18,265 - INFO  - Watchdog has been checked: 0 passed
01.09.2014 07:13:18,203 - INFO  - Watchdog has been checked: 0 passed
01.09.2014 07:15:02,242 - INFO  - mapping file sync started
01.09.2014 07:15:03,013 - INFO  - file successfully updated
01.09.2014 07:15:18,177 - INFO  - Watchdog has been checked: 0 passed
01.09.2014 07:17:18,394 - INFO  - Watchdog has been checked: 0 passed
01.09.2014 07:19:18,126 - INFO  - Watchdog has been checked: 0 passed
01.09.2014 07:21:19,258 - INFO  - Watchdog has been checked: 0 passed
01.09.2014 07:23:19,195 - INFO  - Watchdog has been checked: 0 passed
01.09.2014 07:25:19,205 - INFO  - Watchdog has been checked: 0 passed
01.09.2014 07:27:19,116 - INFO  - Watchdog has been checked: 0 passed
01.09.2014 07:29:18,294 - INFO  - Watchdog has been checked: 0 passed
01.09.2014 07:31:18,367 - INFO  - Watchdog has been checked: 0 passed
01.09.2014 07:33:18,324 - INFO  - Watchdog has been checked: 0 passed
01.09.2014 07:35:18,271 - INFO  - Watchdog has been checked: 0 passed
01.09.2014 07:37:18,187 - INFO  - Watchdog has been checked: 0 passed
01.09.2014 07:39:18,244 - INFO  - Watchdog has been checked: 0 passed
01.09.2014 07:41:18,438 - INFO  - Watchdog has been checked: 0 passed
01.09.2014 07:43:18,387 - INFO  - Watchdog has been checked: 0 passed
01.09.2014 07:45:18,362 - INFO  - Watchdog has been checked: 0 passed
01.09.2014 07:47:18,251 - INFO  - Watchdog has been checked: 0 passed
01.09.2014 07:49:18,466 - INFO  - Watchdog has been checked: 0 passed
01.09.2014 07:51:18,351 - INFO  - Watchdog has been checked: 0 passed
01.09.2014 07:53:18,470 - INFO  - Watchdog has been checked: 0 passed
01.09.2014 07:55:18,475 - INFO  - Watchdog has been checked: 0 passed
01.09.2014 07:57:18,379 - INFO  - Watchdog has been checked: 0 passed
01.09.2014 07:59:18,519 - INFO  - Watchdog has been checked: 0 passed
01.09.2014 08:01:18,407 - INFO  - Watchdog has been checked: 0 passed
01.09.2014 08:03:18,264 - INFO  - Watchdog has been checked: 0 passed
01.09.2014 08:05:18,193 - INFO  - Watchdog has been checked: 0 passed
01.09.2014 08:07:18,332 - INFO  - Watchdog has been checked: 0 passed
01.09.2014 08:09:18,391 - INFO  - Watchdog has been checked: 0 passed
01.09.2014 08:11:18,278 - INFO  - Watchdog has been checked: 0 passed
01.09.2014 08:13:18,163 - INFO  - Watchdog has been checked: 0 passed
01.09.2014 08:15:18,157 - INFO  - Watchdog has been checked: 0 passed
01.09.2014 08:17:18,065 - INFO  - Watchdog has been checked: 0 passed
01.09.2014 08:19:17,099 - INFO  - Watchdog has been checked: 0 passed
01.09.2014 08:21:17,044 - INFO  - Watchdog has been checked: 0 passed
01.09.2014 08:23:19,112 - INFO  - Watchdog has been checked: 0 passed
01.09.2014 08:25:18,136 - INFO  - Watchdog has been checked: 0 passed
01.09.2014 08:27:18,122 - INFO  - Watchdog has been checked: 0 passed
01.09.2014 08:29:18,177 - INFO  - Watchdog has been checked: 0 passed
01.09.2014 08:31:18,333 - INFO  - Watchdog has been checked: 0 passed
01.09.2014 08:33:18,074 - INFO  - Watchdog has been checked: 0 passed
01.09.2014 08:35:18,132 - INFO  - Watchdog has been checked: 0 passed
01.09.2014 08:37:18,306 - INFO  - Watchdog has been checked: 0 passed
01.09.2014 08:39:18,093 - INFO  - Watchdog has been checked: 0 passed
01.09.2014 08:41:18,166 - INFO  - Watchdog has been checked: 0 passed
01.09.2014 08:43:18,267 - INFO  - Watchdog has been checked: 0 passed
01.09.2014 08:45:18,088 - INFO  - Watchdog has been checked: 0 passed
01.09.2014 08:47:17,256 - INFO  - Watchdog has been checked: 0 passed
01.09.2014 08:49:17,319 - INFO  - Watchdog has been checked: 0 passed
01.09.2014 08:51:17,237 - INFO  - Watchdog has been checked: 0 passed
01.09.2014 08:53:17,160 - INFO  - Watchdog has been checked: 0 passed
01.09.2014 08:55:16,360 - INFO  - Watchdog has been checked: 0 passed
01.09.2014 08:57:16,452 - INFO  - Watchdog has been checked: 0 passed
01.09.2014 08:59:16,300 - INFO  - Watchdog has been checked: 0 passed
01.09.2014 09:01:16,356 - INFO  - Watchdog has been checked: 0 passed
01.09.2014 09:03:16,213 - INFO  - Watchdog has been checked: 0 passed
01.09.2014 09:05:16,157 - INFO  - Watchdog has been checked: 0 passed
01.09.2014 09:07:15,321 - INFO  - Watchdog has been checked: 0 passed
01.09.2014 09:09:15,335 - INFO  - Watchdog has been checked: 0 passed
01.09.2014 09:11:15,312 - INFO  - Watchdog has been checked: 0 passed
01.09.2014 09:13:15,199 - INFO  - Watchdog has been checked: 0 passed
01.09.2014 09:15:15,393 - INFO  - Watchdog has been checked: 0 passed
01.09.2014 09:17:15,696 - INFO  - Watchdog has been checked: 0 passed
01.09.2014 09:19:15,358 - INFO  - Watchdog has been checked: 0 passed
01.09.2014 09:21:15,304 - INFO  - Watchdog has been checked: 0 passed
01.09.2014 09:23:15,200 - INFO  - Watchdog has been checked: 0 passed
01.09.2014 09:25:19,361 - INFO  - Watchdog has been checked: 0 passed
01.09.2014 09:29:19,358 - INFO  - Watchdog has been checked: 0 passed
01.09.2014 09:31:19,137 - INFO  - Watchdog has been checked: 0 passed
01.09.2014 09:33:19,241 - INFO  - Watchdog has been checked: 0 passed
01.09.2014 09:35:19,221 - INFO  - Watchdog has been checked: 0 passed
01.09.2014 09:37:19,068 - INFO  - Watchdog has been checked: 0 passed
01.09.2014 09:39:19,206 - INFO  - Watchdog has been checked: 0 passed
01.09.2014 09:41:19,087 - INFO  - Watchdog has been checked: 0 passed
01.09.2014 09:43:18,207 - INFO  - Watchdog has been checked: 0 passed
01.09.2014 09:45:18,190 - INFO  - Watchdog has been checked: 0 passed
01.09.2014 09:47:18,134 - INFO  - Watchdog has been checked: 0 passed
01.09.2014 09:49:18,195 - INFO  - Watchdog has been checked: 0 passed
01.09.2014 09:51:18,037 - INFO  - Watchdog has been checked: 0 passed
01.09.2014 09:53:17,212 - INFO  - Watchdog has been checked: 0 passed
01.09.2014 09:55:17,183 - INFO  - Watchdog has been checked: 0 passed
01.09.2014 09:57:17,135 - INFO  - Watchdog has been checked: 0 passed
01.09.2014 09:59:17,160 - INFO  - Watchdog has been checked: 0 passed
01.09.2014 10:01:17,053 - INFO  - Watchdog has been checked: 0 passed
01.09.2014 10:03:16,354 - INFO  - Watchdog has been checked: 0 passed
01.09.2014 10:05:16,320 - INFO  - Watchdog has been checked: 0 passed
01.09.2014 10:07:16,306 - INFO  - Watchdog has been checked: 0 passed
01.09.2014 10:09:16,304 - INFO  - Watchdog has been checked: 0 passed
01.09.2014 10:11:16,236 - INFO  - Watchdog has been checked: 0 passed
01.09.2014 10:13:16,356 - INFO  - Watchdog has been checked: 0 passed
01.09.2014 10:15:16,294 - INFO  - Watchdog has been checked: 0 passed
01.09.2014 10:17:16,185 - INFO  - Watchdog has been checked: 0 passed
01.09.2014 10:19:16,249 - INFO  - Watchdog has been checked: 0 passed
01.09.2014 10:21:16,161 - INFO  - Watchdog has been checked: 0 passed
01.09.2014 10:23:16,305 - INFO  - Watchdog has been checked: 0 passed
01.09.2014 10:25:16,251 - INFO  - Watchdog has been checked: 0 passed
01.09.2014 10:27:19,373 - INFO  - Watchdog has been checked: 0 passed
01.09.2014 10:29:19,292 - INFO  - Watchdog has been checked: 0 passed
01.09.2014 10:31:19,369 - INFO  - Watchdog has been checked: 0 passed
01.09.2014 10:33:19,210 - INFO  - Watchdog has been checked: 0 passed
01.09.2014 10:35:19,390 - INFO  - Watchdog has been checked: 0 passed
01.09.2014 10:37:19,282 - INFO  - Watchdog has been checked: 0 passed
01.09.2014 10:39:19,142 - INFO  - Watchdog has been checked: 0 passed
01.09.2014 10:41:19,337 - INFO  - Watchdog has been checked: 0 passed
01.09.2014 10:43:19,206 - INFO  - Watchdog has been checked: 0 passed
01.09.2014 10:45:19,253 - INFO  - Watchdog has been checked: 0 passed
01.09.2014 10:47:19,099 - INFO  - Watchdog has been checked: 0 passed
01.09.2014 10:49:19,165 - INFO  - Watchdog has been checked: 0 passed
01.09.2014 10:51:19,111 - INFO  - Watchdog has been checked: 0 passed
01.09.2014 10:53:19,192 - INFO  - Watchdog has been checked: 0 passed
01.09.2014 10:55:19,267 - INFO  - Watchdog has been checked: 0 passed
01.09.2014 10:57:19,132 - INFO  - Watchdog has been checked: 0 passed
01.09.2014 10:59:19,205 - INFO  - Watchdog has been checked: 0 passed
01.09.2014 11:01:19,133 - INFO  - Watchdog has been checked: 0 passed
01.09.2014 11:03:19,281 - INFO  - Watchdog has been checked: 0 passed
01.09.2014 11:05:19,213 - INFO  - Watchdog has been checked: 0 passed
01.09.2014 11:07:19,124 - INFO  - Watchdog has been checked: 0 passed
01.09.2014 11:09:19,175 - INFO  - Watchdog has been checked: 0 passed
01.09.2014 11:11:19,095 - INFO  - Watchdog has been checked: 0 passed
01.09.2014 11:13:19,249 - INFO  - Watchdog has been checked: 0 passed
01.09.2014 11:15:19,279 - INFO  - Watchdog has been checked: 0 passed
01.09.2014 11:17:19,143 - INFO  - Watchdog has been checked: 0 passed
01.09.2014 11:19:19,213 - INFO  - Watchdog has been checked: 0 passed
01.09.2014 11:21:19,355 - INFO  - Watchdog has been checked: 0 passed
01.09.2014 11:23:19,418 - INFO  - Watchdog has been checked: 0 passed
01.09.2014 11:25:19,209 - INFO  - Watchdog has been checked: 0 passed
01.09.2014 11:27:19,312 - INFO  - Watchdog has been checked: 0 passed
01.09.2014 11:29:19,385 - INFO  - Watchdog has been checked: 0 passed
01.09.2014 11:31:19,346 - INFO  - Watchdog has been checked: 0 passed
01.09.2014 11:33:19,392 - INFO  - Watchdog has been checked: 0 passed
01.09.2014 11:35:19,228 - INFO  - Watchdog has been checked: 0 passed
01.09.2014 11:37:19,276 - INFO  - Watchdog has been checked: 0 passed
01.09.2014 11:39:19,109 - INFO  - Watchdog has been checked: 0 passed
01.09.2014 11:41:19,352 - INFO  - Watchdog has been checked: 0 passed
01.09.2014 11:43:19,116 - INFO  - Watchdog has been checked: 0 passed
01.09.2014 11:45:19,140 - INFO  - Watchdog has been checked: 0 passed
01.09.2014 11:47:19,271 - INFO  - Watchdog has been checked: 0 passed
01.09.2014 11:49:19,301 - INFO  - Watchdog has been checked: 0 passed
01.09.2014 11:51:19,239 - INFO  - Watchdog has been checked: 0 passed
01.09.2014 11:53:19,168 - INFO  - Watchdog has been checked: 0 passed
01.09.2014 11:55:19,142 - INFO  - Watchdog has been checked: 0 passed
01.09.2014 11:57:19,308 - INFO  - Watchdog has been checked: 0 passed
01.09.2014 11:59:19,281 - INFO  - Watchdog has been checked: 0 passed
01.09.2014 12:01:19,309 - INFO  - Watchdog has been checked: 0 passed
01.09.2014 12:03:19,167 - INFO  - Watchdog has been checked: 0 passed
01.09.2014 12:05:19,342 - INFO  - Watchdog has been checked: 0 passed
01.09.2014 12:07:19,252 - INFO  - Watchdog has been checked: 0 passed
01.09.2014 12:09:06,533 - INFO  - searcher identified --- respT: 20ms, 5485 results, web:(PSIWeb), q=, 
01.09.2014 12:09:19,299 - INFO  - Watchdog has been checked: 0 passed
01.09.2014 12:11:19,221 - INFO  - Watchdog has been checked: 0 passed
01.09.2014 12:13:19,353 - INFO  - Watchdog has been checked: 0 passed
01.09.2014 12:15:19,301 - INFO  - Watchdog has been checked: 0 passed
01.09.2014 12:17:19,225 - INFO  - Watchdog has been checked: 0 passed
01.09.2014 12:19:19,283 - INFO  - Watchdog has been checked: 0 passed
01.09.2014 12:21:19,187 - INFO  - Watchdog has been checked: 0 passed
01.09.2014 12:23:19,433 - INFO  - Watchdog has been checked: 0 passed
01.09.2014 12:25:19,328 - INFO  - Watchdog has been checked: 0 passed
01.09.2014 12:27:19,232 - INFO  - Watchdog has been checked: 0 passed
01.09.2014 12:29:19,293 - INFO  - Watchdog has been checked: 0 passed
01.09.2014 12:31:19,191 - INFO  - Watchdog has been checked: 0 passed
01.09.2014 12:33:19,383 - INFO  - Watchdog has been checked: 0 passed
01.09.2014 12:35:19,357 - INFO  - Watchdog has been checked: 0 passed
01.09.2014 12:37:19,303 - INFO  - Watchdog has been checked: 0 passed
01.09.2014 12:39:19,259 - INFO  - Watchdog has been checked: 0 passed
01.09.2014 12:41:19,132 - INFO  - Watchdog has been checked: 0 passed
01.09.2014 12:43:19,272 - INFO  - Watchdog has been checked: 0 passed
01.09.2014 12:45:19,286 - INFO  - Watchdog has been checked: 0 passed
01.09.2014 12:47:19,258 - INFO  - Watchdog has been checked: 0 passed
01.09.2014 12:49:19,276 - INFO  - Watchdog has been checked: 0 passed
01.09.2014 12:51:19,246 - INFO  - Watchdog has been checked: 0 passed
01.09.2014 12:53:19,156 - INFO  - Watchdog has been checked: 0 passed
01.09.2014 12:55:19,136 - INFO  - Watchdog has been checked: 0 passed
01.09.2014 12:57:19,268 - INFO  - Watchdog has been checked: 0 passed
01.09.2014 12:59:19,286 - INFO  - Watchdog has been checked: 0 passed
01.09.2014 13:01:19,348 - INFO  - Watchdog has been checked: 0 passed
01.09.2014 13:03:19,108 - INFO  - Watchdog has been checked: 0 passed
01.09.2014 13:05:19,106 - INFO  - Watchdog has been checked: 0 passed
01.09.2014 13:07:18,248 - INFO  - Watchdog has been checked: 0 passed
01.09.2014 13:09:18,085 - INFO  - Watchdog has been checked: 0 passed
01.09.2014 13:11:17,288 - INFO  - Watchdog has been checked: 0 passed
01.09.2014 13:13:17,169 - INFO  - Watchdog has been checked: 0 passed
01.09.2014 13:15:17,276 - INFO  - Watchdog has been checked: 0 passed
01.09.2014 13:17:17,313 - INFO  - Watchdog has been checked: 0 passed
01.09.2014 13:19:17,168 - INFO  - Watchdog has been checked: 0 passed
01.09.2014 13:21:17,360 - INFO  - Watchdog has been checked: 0 passed
01.09.2014 13:23:17,213 - INFO  - Watchdog has been checked: 0 passed
01.09.2014 13:25:17,142 - INFO  - Watchdog has been checked: 0 passed
01.09.2014 13:27:17,320 - INFO  - Watchdog has been checked: 0 passed
01.09.2014 13:29:17,137 - INFO  - Watchdog has been checked: 0 passed
01.09.2014 13:31:17,360 - INFO  - Watchdog has been checked: 0 passed
01.09.2014 13:33:19,846 - INFO  - Watchdog has been checked: 0 passed
01.09.2014 13:35:19,152 - INFO  - Watchdog has been checked: 0 passed
01.09.2014 13:37:19,312 - INFO  - Watchdog has been checked: 0 passed
01.09.2014 13:39:19,096 - INFO  - Watchdog has been checked: 0 passed
01.09.2014 13:41:19,292 - INFO  - Watchdog has been checked: 0 passed
01.09.2014 13:43:19,197 - INFO  - Watchdog has been checked: 0 passed
01.09.2014 13:45:19,220 - INFO  - Watchdog has been checked: 0 passed
01.09.2014 13:47:19,382 - INFO  - Watchdog has been checked: 0 passed
01.09.2014 13:49:19,354 - INFO  - Watchdog has been checked: 0 passed
01.09.2014 13:51:19,368 - INFO  - Watchdog has been checked: 0 passed
01.09.2014 13:53:19,212 - INFO  - Watchdog has been checked: 0 passed
01.09.2014 13:55:19,230 - INFO  - Watchdog has been checked: 0 passed
01.09.2014 13:57:19,157 - INFO  - Watchdog has been checked: 0 passed
01.09.2014 13:59:19,301 - INFO  - Watchdog has been checked: 0 passed
01.09.2014 14:01:19,099 - INFO  - Watchdog has been checked: 0 passed
01.09.2014 14:03:18,315 - INFO  - Watchdog has been checked: 0 passed
01.09.2014 14:05:18,288 - INFO  - Watchdog has been checked: 0 passed
01.09.2014 14:07:18,170 - INFO  - Watchdog has been checked: 0 passed
01.09.2014 14:09:18,158 - INFO  - Watchdog has been checked: 0 passed
01.09.2014 14:11:18,225 - INFO  - Watchdog has been checked: 0 passed
01.09.2014 14:13:18,088 - INFO  - Watchdog has been checked: 0 passed
01.09.2014 14:15:17,320 - INFO  - Watchdog has been checked: 0 passed
01.09.2014 14:17:18,893 - INFO  - Watchdog has been checked: 0 passed
01.09.2014 14:19:18,248 - INFO  - Watchdog has been checked: 0 passed
01.09.2014 14:21:18,212 - INFO  - Watchdog has been checked: 0 passed
01.09.2014 14:23:18,329 - INFO  - Watchdog has been checked: 0 passed
01.09.2014 14:25:18,255 - INFO  - Watchdog has been checked: 0 passed
01.09.2014 14:27:18,168 - INFO  - Watchdog has been checked: 0 passed
01.09.2014 14:29:18,225 - INFO  - Watchdog has been checked: 0 passed
01.09.2014 14:31:18,252 - INFO  - Watchdog has been checked: 0 passed
01.09.2014 14:33:18,135 - INFO  - Watchdog has been checked: 0 passed
01.09.2014 14:35:21,365 - INFO  - Watchdog has been checked: 0 passed
01.09.2014 14:37:21,311 - INFO  - Watchdog has been checked: 0 passed
01.09.2014 14:39:21,217 - INFO  - Watchdog has been checked: 0 passed
01.09.2014 14:41:21,386 - INFO  - Watchdog has been checked: 0 passed
01.09.2014 14:43:21,277 - INFO  - Watchdog has been checked: 0 passed
01.09.2014 14:45:21,246 - INFO  - Watchdog has been checked: 0 passed
01.09.2014 14:47:21,300 - INFO  - Watchdog has been checked: 0 passed
01.09.2014 14:49:21,262 - INFO  - Watchdog has been checked: 0 passed
01.09.2014 14:51:21,315 - INFO  - Watchdog has been checked: 0 passed
01.09.2014 14:53:21,250 - INFO  - Watchdog has been checked: 0 passed
01.09.2014 14:55:21,267 - INFO  - Watchdog has been checked: 0 passed
01.09.2014 14:57:21,327 - INFO  - Watchdog has been checked: 0 passed
01.09.2014 14:59:21,406 - INFO  - Watchdog has been checked: 0 passed
01.09.2014 15:01:21,286 - INFO  - Watchdog has been checked: 0 passed
01.09.2014 15:03:21,198 - INFO  - Watchdog has been checked: 0 passed
01.09.2014 15:05:21,440 - INFO  - Watchdog has been checked: 0 passed
01.09.2014 15:07:21,230 - INFO  - Watchdog has been checked: 0 passed
01.09.2014 15:09:21,455 - INFO  - Watchdog has been checked: 0 passed
01.09.2014 15:11:21,280 - INFO  - Watchdog has been checked: 0 passed
01.09.2014 15:13:21,192 - INFO  - Watchdog has been checked: 0 passed
01.09.2014 15:15:21,155 - INFO  - Watchdog has been checked: 0 passed
01.09.2014 15:17:21,212 - INFO  - Watchdog has been checked: 0 passed
01.09.2014 15:19:21,078 - INFO  - Watchdog has been checked: 0 passed
01.09.2014 15:21:21,308 - INFO  - Watchdog has been checked: 0 passed
01.09.2014 15:23:21,220 - INFO  - Watchdog has been checked: 0 passed
01.09.2014 15:25:21,232 - INFO  - Watchdog has been checked: 0 passed
01.09.2014 15:27:21,194 - INFO  - Watchdog has been checked: 0 passed
01.09.2014 15:29:21,112 - INFO  - Watchdog has been checked: 0 passed
01.09.2014 15:31:21,272 - INFO  - Watchdog has been checked: 0 passed
01.09.2014 15:32:00,188 - INFO  - searcher identified --- respT: 18ms, 5487 results, web:(PSIWeb), q=, 
01.09.2014 15:32:03,117 - INFO  - searcher identified --- respT: 24ms, 429 results, web:(PSIWeb), q=auto, 
01.09.2014 15:32:04,399 - INFO  - searcher identified --- respT: 23ms, 429 results, web:(PSIWeb), q=auto, 
01.09.2014 15:32:30,902 - INFO  - searcher identified --- respT: 16ms, 135 results, web:(PSIWeb), author:AndreLichtsteiner, q=auto, 
01.09.2014 15:33:18,259 - INFO  - searcher identified --- respT: 13ms, 135 results, web:(PSIWeb), author:AndreLichtsteiner, q=auto, page turned
01.09.2014 15:33:21,190 - INFO  - Watchdog has been checked: 0 passed
01.09.2014 15:33:21,723 - INFO  - searcher identified --- respT: 16ms, 135 results, web:(PSIWeb), author:AndreLichtsteiner, q=auto, page turned
01.09.2014 15:33:36,012 - INFO  - searcher identified --- respT: 11ms, 3 results, web:(PSIWeb), author:AndreLichtsteiner, q=autocomplete, 
01.09.2014 15:35:21,202 - INFO  - Watchdog has been checked: 0 passed
01.09.2014 15:37:21,196 - INFO  - Watchdog has been checked: 0 passed
01.09.2014 15:39:21,163 - INFO  - Watchdog has been checked: 0 passed
01.09.2014 15:41:21,057 - INFO  - Watchdog has been checked: 0 passed
01.09.2014 15:43:20,177 - INFO  - Watchdog has been checked: 0 passed
01.09.2014 15:45:20,142 - INFO  - Watchdog has been checked: 0 passed
01.09.2014 15:47:20,237 - INFO  - Watchdog has been checked: 0 passed
01.09.2014 15:49:20,075 - INFO  - Watchdog has been checked: 0 passed
01.09.2014 15:51:20,005 - INFO  - Watchdog has been checked: 0 passed
01.09.2014 15:53:20,120 - INFO  - Watchdog has been checked: 0 passed
01.09.2014 15:55:20,136 - INFO  - Watchdog has been checked: 0 passed
01.09.2014 15:57:20,218 - INFO  - Watchdog has been checked: 0 passed
01.09.2014 15:59:20,215 - INFO  - Watchdog has been checked: 0 passed
01.09.2014 16:01:20,159 - INFO  - Watchdog has been checked: 0 passed
01.09.2014 16:03:20,266 - INFO  - Watchdog has been checked: 0 passed
01.09.2014 16:05:20,292 - INFO  - Watchdog has been checked: 0 passed
01.09.2014 16:07:20,438 - INFO  - Watchdog has been checked: 0 passed
01.09.2014 16:09:20,244 - INFO  - Watchdog has been checked: 0 passed
01.09.2014 16:11:20,251 - INFO  - Watchdog has been checked: 0 passed
01.09.2014 16:13:20,447 - INFO  - Watchdog has been checked: 0 passed
01.09.2014 16:15:20,320 - INFO  - Watchdog has been checked: 0 passed
01.09.2014 16:17:20,475 - INFO  - Watchdog has been checked: 0 passed
01.09.2014 16:19:20,234 - INFO  - Watchdog has been checked: 0 passed
01.09.2014 16:21:03,206 - INFO  - searcher identified --- respT: 16ms, 3 results, web:(PSIWeb), author:AndreLichtsteiner, q=autocomplet, 
01.09.2014 16:21:04,292 - INFO  - searcher identified --- respT: 11ms, 3 results, web:(PSIWeb), author:AndreLichtsteiner, q=autocomple, 
01.09.2014 16:21:06,242 - INFO  - searcher identified --- respT: 14ms, 3 results, web:(PSIWeb), author:AndreLichtsteiner, q=autocompl, 
01.09.2014 16:21:20,170 - INFO  - Watchdog has been checked: 0 passed
01.09.2014 16:23:20,377 - INFO  - Watchdog has been checked: 0 passed
01.09.2014 16:25:20,315 - INFO  - Watchdog has been checked: 0 passed
01.09.2014 16:27:20,410 - INFO  - Watchdog has been checked: 0 passed
01.09.2014 16:29:20,220 - INFO  - Watchdog has been checked: 0 passed
01.09.2014 16:31:20,312 - INFO  - Watchdog has been checked: 0 passed
01.09.2014 16:33:20,512 - INFO  - Watchdog has been checked: 0 passed
01.09.2014 16:35:20,230 - INFO  - Watchdog has been checked: 0 passed
01.09.2014 16:37:20,622 - INFO  - Watchdog has been checked: 0 passed
01.09.2014 16:39:20,395 - INFO  - Watchdog has been checked: 0 passed
01.09.2014 16:41:20,337 - INFO  - Watchdog has been checked: 0 passed
01.09.2014 16:43:20,259 - INFO  - Watchdog has been checked: 0 passed
01.09.2014 16:45:20,218 - INFO  - Watchdog has been checked: 0 passed
01.09.2014 16:47:20,466 - INFO  - Watchdog has been checked: 0 passed
01.09.2014 16:49:20,275 - INFO  - Watchdog has been checked: 0 passed
01.09.2014 16:51:20,429 - INFO  - Watchdog has been checked: 0 passed
01.09.2014 16:53:20,502 - INFO  - Watchdog has been checked: 0 passed
01.09.2014 16:55:20,302 - INFO  - Watchdog has been checked: 0 passed
01.09.2014 16:57:20,653 - INFO  - Watchdog has been checked: 0 passed
01.09.2014 16:59:20,243 - INFO  - Watchdog has been checked: 0 passed
01.09.2014 17:01:20,440 - INFO  - Watchdog has been checked: 0 passed
01.09.2014 17:03:20,381 - INFO  - Watchdog has been checked: 0 passed
01.09.2014 17:05:20,230 - INFO  - Watchdog has been checked: 0 passed
01.09.2014 17:07:20,463 - INFO  - Watchdog has been checked: 0 passed
01.09.2014 17:09:20,363 - INFO  - Watchdog has been checked: 0 passed
01.09.2014 17:11:20,061 - INFO  - Watchdog has been checked: 0 passed
01.09.2014 17:13:19,120 - INFO  - Watchdog has been checked: 0 passed
01.09.2014 17:15:18,023 - INFO  - Watchdog has been checked: 0 passed
01.09.2014 17:17:17,192 - INFO  - Watchdog has been checked: 0 passed
01.09.2014 17:19:16,020 - INFO  - Watchdog has been checked: 0 passed
01.09.2014 17:21:15,046 - INFO  - Watchdog has been checked: 0 passed
01.09.2014 17:23:13,947 - INFO  - Watchdog has been checked: 0 passed
01.09.2014 17:25:13,139 - INFO  - Watchdog has been checked: 0 passed
01.09.2014 17:27:12,977 - INFO  - Watchdog has been checked: 0 passed
01.09.2014 17:29:12,054 - INFO  - Watchdog has been checked: 0 passed
01.09.2014 17:31:12,189 - INFO  - Watchdog has been checked: 0 passed
01.09.2014 17:33:12,100 - INFO  - Watchdog has been checked: 0 passed
01.09.2014 17:35:12,101 - INFO  - Watchdog has been checked: 0 passed
01.09.2014 17:37:12,279 - INFO  - Watchdog has been checked: 0 passed
01.09.2014 17:39:12,111 - INFO  - Watchdog has been checked: 0 passed
01.09.2014 17:41:12,252 - INFO  - Watchdog has been checked: 0 passed
01.09.2014 17:43:12,151 - INFO  - Watchdog has been checked: 0 passed
01.09.2014 17:45:12,125 - INFO  - Watchdog has been checked: 0 passed
01.09.2014 17:47:12,267 - INFO  - Watchdog has been checked: 0 passed
01.09.2014 17:49:12,121 - INFO  - Watchdog has been checked: 0 passed
01.09.2014 17:51:12,340 - INFO  - Watchdog has been checked: 0 passed
01.09.2014 17:53:12,274 - INFO  - Watchdog has been checked: 0 passed
01.09.2014 17:55:12,285 - INFO  - Watchdog has been checked: 0 passed
01.09.2014 17:57:12,411 - INFO  - Watchdog has been checked: 0 passed
01.09.2014 17:59:12,229 - INFO  - Watchdog has been checked: 0 passed
01.09.2014 18:01:12,092 - INFO  - Watchdog has been checked: 0 passed
01.09.2014 18:03:11,247 - INFO  - Watchdog has been checked: 0 passed
01.09.2014 18:05:11,254 - INFO  - Watchdog has been checked: 0 passed
01.09.2014 18:07:11,146 - INFO  - Watchdog has been checked: 0 passed
01.09.2014 18:09:11,221 - INFO  - Watchdog has been checked: 0 passed
01.09.2014 18:11:11,140 - INFO  - Watchdog has been checked: 0 passed
01.09.2014 18:13:11,298 - INFO  - Watchdog has been checked: 0 passed
01.09.2014 18:15:11,300 - INFO  - Watchdog has been checked: 0 passed
01.09.2014 18:17:12,229 - INFO  - Watchdog has been checked: 0 passed
01.09.2014 18:19:12,324 - INFO  - Watchdog has been checked: 0 passed
01.09.2014 18:21:12,207 - INFO  - Watchdog has been checked: 0 passed
01.09.2014 18:23:12,058 - INFO  - Watchdog has been checked: 0 passed
01.09.2014 18:25:12,239 - INFO  - Watchdog has been checked: 0 passed
01.09.2014 18:27:12,112 - INFO  - Watchdog has been checked: 0 passed
01.09.2014 18:29:12,330 - INFO  - Watchdog has been checked: 0 passed
01.09.2014 18:31:12,173 - INFO  - Watchdog has been checked: 0 passed
01.09.2014 18:33:12,113 - INFO  - Watchdog has been checked: 0 passed
01.09.2014 18:35:12,018 - INFO  - Watchdog has been checked: 0 passed
01.09.2014 18:37:12,132 - INFO  - Watchdog has been checked: 0 passed
01.09.2014 18:39:12,034 - INFO  - Watchdog has been checked: 0 passed
01.09.2014 18:41:12,290 - INFO  - Watchdog has been checked: 0 passed
01.09.2014 18:43:12,090 - INFO  - Watchdog has been checked: 0 passed
01.09.2014 18:45:12,040 - INFO  - Watchdog has been checked: 0 passed
01.09.2014 18:47:12,212 - INFO  - Watchdog has been checked: 0 passed
01.09.2014 18:49:12,194 - INFO  - Watchdog has been checked: 0 passed
01.09.2014 18:51:12,218 - INFO  - Watchdog has been checked: 0 passed
01.09.2014 18:53:12,040 - INFO  - Watchdog has been checked: 0 passed
01.09.2014 18:55:12,199 - INFO  - Watchdog has been checked: 0 passed
01.09.2014 18:57:12,344 - INFO  - Watchdog has been checked: 0 passed
01.09.2014 18:59:12,396 - INFO  - Watchdog has been checked: 0 passed
01.09.2014 19:01:12,274 - INFO  - Watchdog has been checked: 0 passed
01.09.2014 19:03:12,160 - INFO  - Watchdog has been checked: 0 passed
01.09.2014 19:05:12,182 - INFO  - Watchdog has been checked: 0 passed
01.09.2014 19:07:12,130 - INFO  - Watchdog has been checked: 0 passed
01.09.2014 19:09:12,315 - INFO  - Watchdog has been checked: 0 passed
01.09.2014 19:11:12,176 - INFO  - Watchdog has been checked: 0 passed
01.09.2014 19:13:12,261 - INFO  - Watchdog has been checked: 0 passed
01.09.2014 19:15:12,306 - INFO  - Watchdog has been checked: 0 passed
01.09.2014 19:17:12,258 - INFO  - Watchdog has been checked: 0 passed
01.09.2014 19:19:12,396 - INFO  - Watchdog has been checked: 0 passed
01.09.2014 19:21:12,209 - INFO  - Watchdog has been checked: 0 passed
01.09.2014 19:23:12,131 - INFO  - Watchdog has been checked: 0 passed
01.09.2014 19:25:12,349 - INFO  - Watchdog has been checked: 0 passed
01.09.2014 19:27:12,238 - INFO  - Watchdog has been checked: 0 passed
01.09.2014 19:29:12,301 - INFO  - Watchdog has been checked: 0 passed
01.09.2014 19:31:12,259 - INFO  - Watchdog has been checked: 0 passed
01.09.2014 19:33:12,111 - INFO  - Watchdog has been checked: 0 passed
01.09.2014 19:35:12,357 - INFO  - Watchdog has been checked: 0 passed
01.09.2014 19:37:12,228 - INFO  - Watchdog has been checked: 0 passed
01.09.2014 19:39:12,091 - INFO  - Watchdog has been checked: 0 passed
01.09.2014 19:41:12,226 - INFO  - Watchdog has been checked: 0 passed
01.09.2014 19:43:12,109 - INFO  - Watchdog has been checked: 0 passed
01.09.2014 19:45:12,074 - INFO  - Watchdog has been checked: 0 passed
01.09.2014 19:47:11,244 - INFO  - Watchdog has been checked: 0 passed
01.09.2014 19:49:11,133 - INFO  - Watchdog has been checked: 0 passed
01.09.2014 19:51:11,213 - INFO  - Watchdog has been checked: 0 passed
01.09.2014 19:53:11,189 - INFO  - Watchdog has been checked: 0 passed
01.09.2014 19:55:11,077 - INFO  - Watchdog has been checked: 0 passed
01.09.2014 19:57:11,232 - INFO  - Watchdog has been checked: 0 passed
01.09.2014 19:59:11,306 - INFO  - Watchdog has been checked: 0 passed
01.09.2014 20:01:11,379 - INFO  - Watchdog has been checked: 0 passed
01.09.2014 20:03:11,112 - INFO  - Watchdog has been checked: 0 passed
01.09.2014 20:05:11,148 - INFO  - Watchdog has been checked: 0 passed
01.09.2014 20:07:11,163 - INFO  - Watchdog has been checked: 0 passed
01.09.2014 20:09:11,231 - INFO  - Watchdog has been checked: 0 passed
01.09.2014 20:11:11,335 - INFO  - Watchdog has been checked: 0 passed
01.09.2014 20:13:11,261 - INFO  - Watchdog has been checked: 0 passed
01.09.2014 20:15:11,235 - INFO  - Watchdog has been checked: 0 passed
01.09.2014 20:17:11,144 - INFO  - Watchdog has been checked: 0 passed
01.09.2014 20:19:11,224 - INFO  - Watchdog has been checked: 0 passed
01.09.2014 20:21:11,719 - INFO  - Watchdog has been checked: 0 passed
01.09.2014 20:23:11,214 - INFO  - Watchdog has been checked: 0 passed
01.09.2014 20:25:11,264 - INFO  - Watchdog has been checked: 0 passed
01.09.2014 20:27:11,129 - INFO  - Watchdog has been checked: 0 passed
01.09.2014 20:29:12,347 - INFO  - Watchdog has been checked: 0 passed
01.09.2014 20:31:12,233 - INFO  - Watchdog has been checked: 0 passed
01.09.2014 20:33:12,063 - INFO  - Watchdog has been checked: 0 passed
01.09.2014 20:35:11,049 - INFO  - Watchdog has been checked: 0 passed
01.09.2014 20:37:10,168 - INFO  - Watchdog has been checked: 0 passed
01.09.2014 20:39:10,266 - INFO  - Watchdog has been checked: 0 passed
01.09.2014 20:41:10,119 - INFO  - Watchdog has been checked: 0 passed
01.09.2014 20:43:10,133 - INFO  - Watchdog has been checked: 0 passed
01.09.2014 20:45:09,285 - INFO  - Watchdog has been checked: 0 passed
01.09.2014 20:47:09,097 - INFO  - Watchdog has been checked: 0 passed
01.09.2014 20:49:09,249 - INFO  - Watchdog has been checked: 0 passed
01.09.2014 20:51:09,164 - INFO  - Watchdog has been checked: 0 passed
01.09.2014 20:53:09,050 - INFO  - Watchdog has been checked: 0 passed
01.09.2014 20:55:08,283 - INFO  - Watchdog has been checked: 0 passed
01.09.2014 20:57:08,173 - INFO  - Watchdog has been checked: 0 passed
01.09.2014 20:59:08,220 - INFO  - Watchdog has been checked: 0 passed
01.09.2014 21:01:08,174 - INFO  - Watchdog has been checked: 0 passed
01.09.2014 21:03:08,283 - INFO  - Watchdog has been checked: 0 passed
01.09.2014 21:05:08,363 - INFO  - Watchdog has been checked: 0 passed
01.09.2014 21:07:08,258 - INFO  - Watchdog has been checked: 0 passed
01.09.2014 21:09:08,372 - INFO  - Watchdog has been checked: 0 passed
01.09.2014 21:11:08,336 - INFO  - Watchdog has been checked: 0 passed
01.09.2014 21:13:08,153 - INFO  - Watchdog has been checked: 0 passed
01.09.2014 21:15:08,124 - INFO  - Watchdog has been checked: 0 passed
01.09.2014 21:17:08,299 - INFO  - Watchdog has been checked: 0 passed
01.09.2014 21:19:08,092 - INFO  - Watchdog has been checked: 0 passed
01.09.2014 21:21:08,297 - INFO  - Watchdog has been checked: 0 passed
01.09.2014 21:23:08,166 - INFO  - Watchdog has been checked: 0 passed
01.09.2014 21:25:08,171 - INFO  - Watchdog has been checked: 0 passed
01.09.2014 21:27:08,199 - INFO  - Watchdog has been checked: 0 passed
01.09.2014 21:29:08,233 - INFO  - Watchdog has been checked: 0 passed
01.09.2014 21:31:08,163 - INFO  - Watchdog has been checked: 0 passed
01.09.2014 21:33:08,329 - INFO  - Watchdog has been checked: 0 passed
01.09.2014 21:35:08,296 - INFO  - Watchdog has been checked: 0 passed
01.09.2014 21:37:08,099 - INFO  - Watchdog has been checked: 0 passed
01.09.2014 21:39:08,094 - INFO  - Watchdog has been checked: 0 passed
01.09.2014 21:41:08,290 - INFO  - Watchdog has been checked: 0 passed
01.09.2014 21:43:08,225 - INFO  - Watchdog has been checked: 0 passed
01.09.2014 21:45:08,219 - INFO  - Watchdog has been checked: 0 passed
01.09.2014 21:47:08,122 - INFO  - Watchdog has been checked: 0 passed
01.09.2014 21:49:08,216 - INFO  - Watchdog has been checked: 0 passed
01.09.2014 21:51:08,155 - INFO  - Watchdog has been checked: 0 passed
01.09.2014 21:53:08,050 - INFO  - Watchdog has been checked: 0 passed
01.09.2014 21:55:07,028 - INFO  - Watchdog has been checked: 0 passed
01.09.2014 21:57:06,004 - INFO  - Watchdog has been checked: 0 passed
01.09.2014 21:59:05,057 - INFO  - Watchdog has been checked: 0 passed
01.09.2014 22:01:05,027 - INFO  - Watchdog has been checked: 0 passed
01.09.2014 22:03:05,014 - INFO  - Watchdog has been checked: 0 passed
01.09.2014 22:05:03,890 - INFO  - Watchdog has been checked: 0 passed
01.09.2014 22:07:03,047 - INFO  - Watchdog has been checked: 0 passed
01.09.2014 22:09:02,972 - INFO  - Watchdog has been checked: 0 passed
01.09.2014 22:11:01,905 - INFO  - Watchdog has been checked: 0 passed
01.09.2014 22:13:01,045 - INFO  - Watchdog has been checked: 0 passed
01.09.2014 22:15:00,968 - INFO  - Watchdog has been checked: 0 passed
01.09.2014 22:17:00,149 - INFO  - Watchdog has been checked: 0 passed
01.09.2014 22:19:00,195 - INFO  - Watchdog has been checked: 0 passed
01.09.2014 22:21:00,146 - INFO  - Watchdog has been checked: 0 passed
01.09.2014 22:23:00,073 - INFO  - Watchdog has been checked: 0 passed
01.09.2014 22:25:00,050 - INFO  - Watchdog has been checked: 0 passed
01.09.2014 22:27:00,064 - INFO  - Watchdog has been checked: 0 passed
01.09.2014 22:29:00,180 - INFO  - Watchdog has been checked: 0 passed
01.09.2014 22:31:02,185 - INFO  - Watchdog has been checked: 0 passed
01.09.2014 22:33:02,258 - INFO  - Watchdog has been checked: 0 passed
01.09.2014 22:35:02,306 - INFO  - Watchdog has been checked: 0 passed
01.09.2014 22:37:02,276 - INFO  - Watchdog has been checked: 0 passed
01.09.2014 22:39:02,328 - INFO  - Watchdog has been checked: 0 passed
01.09.2014 22:41:02,218 - INFO  - Watchdog has been checked: 0 passed
01.09.2014 22:43:02,411 - INFO  - Watchdog has been checked: 0 passed
01.09.2014 22:45:02,425 - INFO  - Watchdog has been checked: 0 passed
01.09.2014 22:47:02,334 - INFO  - Watchdog has been checked: 0 passed
01.09.2014 22:49:02,406 - INFO  - Watchdog has been checked: 0 passed
01.09.2014 22:51:02,272 - INFO  - Watchdog has been checked: 0 passed
01.09.2014 22:53:02,223 - INFO  - Watchdog has been checked: 0 passed
01.09.2014 22:55:02,433 - INFO  - Watchdog has been checked: 0 passed
01.09.2014 22:57:02,331 - INFO  - Watchdog has been checked: 0 passed
01.09.2014 22:59:02,373 - INFO  - Watchdog has been checked: 0 passed
01.09.2014 23:01:02,296 - INFO  - Watchdog has been checked: 0 passed
01.09.2014 23:03:02,177 - INFO  - Watchdog has been checked: 0 passed
01.09.2014 23:05:02,140 - INFO  - Watchdog has been checked: 0 passed
01.09.2014 23:07:02,269 - INFO  - Watchdog has been checked: 0 passed
01.09.2014 23:09:02,107 - INFO  - Watchdog has been checked: 0 passed
01.09.2014 23:11:02,354 - INFO  - Watchdog has been checked: 0 passed
01.09.2014 23:13:02,279 - INFO  - Watchdog has been checked: 0 passed
01.09.2014 23:15:02,208 - INFO  - Watchdog has been checked: 0 passed
01.09.2014 23:17:02,083 - INFO  - Watchdog has been checked: 0 passed
01.09.2014 23:19:02,109 - INFO  - Watchdog has been checked: 0 passed
01.09.2014 23:21:02,032 - INFO  - Watchdog has been checked: 0 passed
01.09.2014 23:23:01,950 - INFO  - Watchdog has been checked: 0 passed
01.09.2014 23:25:01,244 - INFO  - Watchdog has been checked: 0 passed
01.09.2014 23:27:01,036 - INFO  - Watchdog has been checked: 0 passed
01.09.2014 23:29:01,137 - INFO  - Watchdog has been checked: 0 passed
01.09.2014 23:31:11,570 - INFO  - Watchdog has been checked: 0 passed
01.09.2014 23:31:59,143 - INFO  - Watchdog has been checked: 0 passed
01.09.2014 23:33:59,069 - INFO  - Watchdog has been checked: 0 passed
01.09.2014 23:35:59,153 - INFO  - Watchdog has been checked: 0 passed
01.09.2014 23:37:59,084 - INFO  - Watchdog has been checked: 0 passed
01.09.2014 23:39:59,146 - INFO  - Watchdog has been checked: 0 passed
01.09.2014 23:41:59,185 - INFO  - Watchdog has been checked: 0 passed
01.09.2014 23:43:59,047 - INFO  - Watchdog has been checked: 0 passed
01.09.2014 23:45:59,057 - INFO  - Watchdog has been checked: 0 passed
01.09.2014 23:47:58,280 - INFO  - Watchdog has been checked: 0 passed
01.09.2014 23:49:58,250 - INFO  - Watchdog has been checked: 0 passed
01.09.2014 23:51:58,187 - INFO  - Watchdog has been checked: 0 passed
01.09.2014 23:53:58,302 - INFO  - Watchdog has been checked: 0 passed
01.09.2014 23:55:58,361 - INFO  - Watchdog has been checked: 0 passed
01.09.2014 23:57:58,199 - INFO  - Watchdog has been checked: 0 passed
01.09.2014 23:59:58,383 - INFO  - Watchdog has been checked: 0 passed
