02.07.2014 00:01:22,185 - INFO  - Watchdog has been checked: 0 passed
02.07.2014 00:03:22,259 - INFO  - Watchdog has been checked: 0 passed
02.07.2014 00:05:22,194 - INFO  - Watchdog has been checked: 0 passed
02.07.2014 00:07:21,326 - INFO  - Watchdog has been checked: 0 passed
02.07.2014 00:09:21,211 - INFO  - Watchdog has been checked: 0 passed
02.07.2014 00:11:20,148 - INFO  - Watchdog has been checked: 0 passed
02.07.2014 00:13:20,187 - INFO  - Watchdog has been checked: 0 passed
02.07.2014 00:15:20,254 - INFO  - Watchdog has been checked: 0 passed
02.07.2014 00:17:19,360 - INFO  - Watchdog has been checked: 0 passed
02.07.2014 00:19:19,258 - INFO  - Watchdog has been checked: 0 passed
02.07.2014 00:21:19,268 - INFO  - Watchdog has been checked: 0 passed
02.07.2014 00:23:19,342 - INFO  - Watchdog has been checked: 0 passed
02.07.2014 00:25:19,351 - INFO  - Watchdog has been checked: 0 passed
02.07.2014 00:27:19,468 - INFO  - Watchdog has been checked: 0 passed
02.07.2014 00:29:19,477 - INFO  - Watchdog has been checked: 0 passed
02.07.2014 00:31:19,442 - INFO  - Watchdog has been checked: 0 passed
02.07.2014 00:33:19,357 - INFO  - Watchdog has been checked: 0 passed
02.07.2014 00:35:19,397 - INFO  - Watchdog has been checked: 0 passed
02.07.2014 00:37:19,466 - INFO  - Watchdog has been checked: 0 passed
02.07.2014 00:39:19,327 - INFO  - Watchdog has been checked: 0 passed
02.07.2014 00:41:23,426 - INFO  - Watchdog has been checked: 0 passed
02.07.2014 00:43:23,236 - INFO  - Watchdog has been checked: 0 passed
02.07.2014 00:45:23,371 - INFO  - Watchdog has been checked: 0 passed
02.07.2014 00:47:23,373 - INFO  - Watchdog has been checked: 0 passed
02.07.2014 00:49:23,249 - INFO  - Watchdog has been checked: 0 passed
02.07.2014 00:51:23,249 - INFO  - Watchdog has been checked: 0 passed
02.07.2014 00:53:23,270 - INFO  - Watchdog has been checked: 0 passed
02.07.2014 00:55:23,392 - INFO  - Watchdog has been checked: 0 passed
02.07.2014 00:57:23,377 - INFO  - Watchdog has been checked: 0 passed
02.07.2014 00:59:23,259 - INFO  - Watchdog has been checked: 0 passed
02.07.2014 01:01:23,041 - INFO  - Watchdog has been checked: 0 passed
02.07.2014 01:03:23,017 - INFO  - Watchdog has been checked: 0 passed
02.07.2014 01:05:23,180 - INFO  - Watchdog has been checked: 0 passed
02.07.2014 01:07:23,049 - INFO  - Watchdog has been checked: 0 passed
02.07.2014 01:09:23,077 - INFO  - Watchdog has been checked: 0 passed
02.07.2014 01:11:23,095 - INFO  - Watchdog has been checked: 0 passed
02.07.2014 01:13:23,170 - INFO  - Watchdog has been checked: 0 passed
02.07.2014 01:15:23,333 - INFO  - Watchdog has been checked: 0 passed
02.07.2014 01:17:23,184 - INFO  - Watchdog has been checked: 0 passed
02.07.2014 01:19:23,130 - INFO  - Watchdog has been checked: 0 passed
02.07.2014 01:21:22,130 - INFO  - Watchdog has been checked: 0 passed
02.07.2014 01:23:22,201 - INFO  - Watchdog has been checked: 0 passed
02.07.2014 01:25:22,221 - INFO  - Watchdog has been checked: 0 passed
02.07.2014 01:27:22,172 - INFO  - Watchdog has been checked: 0 passed
02.07.2014 01:29:21,198 - INFO  - Watchdog has been checked: 0 passed
02.07.2014 01:31:20,227 - INFO  - Watchdog has been checked: 0 passed
02.07.2014 01:33:19,301 - INFO  - Watchdog has been checked: 0 passed
02.07.2014 01:35:19,352 - INFO  - Watchdog has been checked: 0 passed
02.07.2014 01:37:19,335 - INFO  - Watchdog has been checked: 0 passed
02.07.2014 01:39:19,298 - INFO  - Watchdog has been checked: 0 passed
02.07.2014 01:41:19,305 - INFO  - Watchdog has been checked: 0 passed
02.07.2014 01:43:23,345 - INFO  - Watchdog has been checked: 0 passed
02.07.2014 01:45:23,137 - INFO  - Watchdog has been checked: 0 passed
02.07.2014 01:47:23,081 - INFO  - Watchdog has been checked: 0 passed
02.07.2014 01:49:23,280 - INFO  - Watchdog has been checked: 0 passed
02.07.2014 01:51:23,302 - INFO  - Watchdog has been checked: 0 passed
02.07.2014 01:53:23,323 - INFO  - Watchdog has been checked: 0 passed
02.07.2014 01:55:23,188 - INFO  - Watchdog has been checked: 0 passed
02.07.2014 01:57:23,187 - INFO  - Watchdog has been checked: 0 passed
02.07.2014 01:59:23,386 - INFO  - Watchdog has been checked: 0 passed
02.07.2014 02:01:23,165 - INFO  - Watchdog has been checked: 0 passed
02.07.2014 02:03:23,185 - INFO  - Watchdog has been checked: 0 passed
02.07.2014 02:05:23,255 - INFO  - Watchdog has been checked: 0 passed
02.07.2014 02:07:23,193 - INFO  - Watchdog has been checked: 0 passed
02.07.2014 02:09:23,137 - INFO  - Watchdog has been checked: 0 passed
02.07.2014 02:11:23,095 - INFO  - Watchdog has been checked: 0 passed
02.07.2014 02:13:23,097 - INFO  - Watchdog has been checked: 0 passed
02.07.2014 02:15:22,157 - INFO  - Watchdog has been checked: 0 passed
02.07.2014 02:17:22,167 - INFO  - Watchdog has been checked: 0 passed
02.07.2014 02:19:22,308 - INFO  - Watchdog has been checked: 0 passed
02.07.2014 02:21:22,111 - INFO  - Watchdog has been checked: 0 passed
02.07.2014 02:23:22,090 - INFO  - Watchdog has been checked: 0 passed
02.07.2014 02:25:22,140 - INFO  - Watchdog has been checked: 0 passed
02.07.2014 02:27:22,155 - INFO  - Watchdog has been checked: 0 passed
02.07.2014 02:29:22,300 - INFO  - Watchdog has been checked: 0 passed
02.07.2014 02:31:22,152 - INFO  - Watchdog has been checked: 0 passed
02.07.2014 02:33:21,182 - INFO  - Watchdog has been checked: 0 passed
02.07.2014 02:35:21,231 - INFO  - Watchdog has been checked: 0 passed
02.07.2014 02:37:21,271 - INFO  - Watchdog has been checked: 0 passed
02.07.2014 02:39:21,151 - INFO  - Watchdog has been checked: 0 passed
02.07.2014 02:41:20,251 - INFO  - Watchdog has been checked: 0 passed
02.07.2014 02:43:20,242 - INFO  - Watchdog has been checked: 0 passed
02.07.2014 02:45:23,306 - INFO  - Watchdog has been checked: 0 passed
02.07.2014 02:47:23,328 - INFO  - Watchdog has been checked: 0 passed
02.07.2014 02:49:23,218 - INFO  - Watchdog has been checked: 0 passed
02.07.2014 02:51:23,305 - INFO  - Watchdog has been checked: 0 passed
02.07.2014 02:53:23,316 - INFO  - Watchdog has been checked: 0 passed
02.07.2014 02:55:23,413 - INFO  - Watchdog has been checked: 0 passed
02.07.2014 02:57:23,336 - INFO  - Watchdog has been checked: 0 passed
02.07.2014 02:59:23,146 - INFO  - Watchdog has been checked: 0 passed
02.07.2014 03:01:23,204 - INFO  - Watchdog has been checked: 0 passed
02.07.2014 03:03:23,209 - INFO  - Watchdog has been checked: 0 passed
02.07.2014 03:05:23,259 - INFO  - Watchdog has been checked: 0 passed
02.07.2014 03:07:23,261 - INFO  - Watchdog has been checked: 0 passed
02.07.2014 03:09:23,199 - INFO  - Watchdog has been checked: 0 passed
02.07.2014 03:11:23,222 - INFO  - Watchdog has been checked: 0 passed
02.07.2014 03:13:23,231 - INFO  - Watchdog has been checked: 0 passed
02.07.2014 03:15:23,231 - INFO  - Watchdog has been checked: 0 passed
02.07.2014 03:17:23,236 - INFO  - Watchdog has been checked: 0 passed
02.07.2014 03:19:23,133 - INFO  - Watchdog has been checked: 0 passed
02.07.2014 03:21:23,183 - INFO  - Watchdog has been checked: 0 passed
02.07.2014 03:23:22,232 - INFO  - Watchdog has been checked: 0 passed
02.07.2014 03:25:22,252 - INFO  - Watchdog has been checked: 0 passed
02.07.2014 03:27:22,260 - INFO  - Watchdog has been checked: 0 passed
02.07.2014 03:29:22,152 - INFO  - Watchdog has been checked: 0 passed
02.07.2014 03:31:22,146 - INFO  - Watchdog has been checked: 0 passed
02.07.2014 03:33:22,206 - INFO  - Watchdog has been checked: 0 passed
02.07.2014 03:35:22,234 - INFO  - Watchdog has been checked: 0 passed
02.07.2014 03:37:22,231 - INFO  - Watchdog has been checked: 0 passed
02.07.2014 03:39:22,125 - INFO  - Watchdog has been checked: 0 passed
02.07.2014 03:41:22,146 - INFO  - Watchdog has been checked: 0 passed
02.07.2014 03:43:22,206 - INFO  - Watchdog has been checked: 0 passed
02.07.2014 03:45:22,224 - INFO  - Watchdog has been checked: 0 passed
02.07.2014 03:47:23,194 - INFO  - Watchdog has been checked: 0 passed
02.07.2014 03:49:23,123 - INFO  - Watchdog has been checked: 0 passed
02.07.2014 03:51:23,143 - INFO  - Watchdog has been checked: 0 passed
02.07.2014 03:53:23,191 - INFO  - Watchdog has been checked: 0 passed
02.07.2014 03:55:23,219 - INFO  - Watchdog has been checked: 0 passed
02.07.2014 03:57:23,171 - INFO  - Watchdog has been checked: 0 passed
02.07.2014 03:59:23,141 - INFO  - Watchdog has been checked: 0 passed
02.07.2014 04:01:22,141 - INFO  - Watchdog has been checked: 0 passed
02.07.2014 04:03:21,179 - INFO  - Watchdog has been checked: 0 passed
02.07.2014 04:05:21,154 - INFO  - Watchdog has been checked: 0 passed
02.07.2014 04:07:21,127 - INFO  - Watchdog has been checked: 0 passed
02.07.2014 04:09:21,352 - INFO  - Watchdog has been checked: 0 passed
02.07.2014 04:11:21,135 - INFO  - Watchdog has been checked: 0 passed
02.07.2014 04:13:21,145 - INFO  - Watchdog has been checked: 0 passed
02.07.2014 04:15:21,221 - INFO  - Watchdog has been checked: 0 passed
02.07.2014 04:17:21,177 - INFO  - Watchdog has been checked: 0 passed
02.07.2014 04:19:21,350 - INFO  - Watchdog has been checked: 0 passed
02.07.2014 04:21:21,387 - INFO  - Watchdog has been checked: 0 passed
02.07.2014 04:23:21,144 - INFO  - Watchdog has been checked: 0 passed
02.07.2014 04:25:21,231 - INFO  - Watchdog has been checked: 0 passed
02.07.2014 04:27:21,170 - INFO  - Watchdog has been checked: 0 passed
02.07.2014 04:29:21,086 - INFO  - Watchdog has been checked: 0 passed
02.07.2014 04:31:20,158 - INFO  - Watchdog has been checked: 0 passed
02.07.2014 04:33:20,161 - INFO  - Watchdog has been checked: 0 passed
02.07.2014 04:35:20,175 - INFO  - Watchdog has been checked: 0 passed
02.07.2014 04:37:20,227 - INFO  - Watchdog has been checked: 0 passed
02.07.2014 04:39:20,133 - INFO  - Watchdog has been checked: 0 passed
02.07.2014 04:41:20,186 - INFO  - Watchdog has been checked: 0 passed
02.07.2014 04:43:20,169 - INFO  - Watchdog has been checked: 0 passed
02.07.2014 04:45:20,250 - INFO  - Watchdog has been checked: 0 passed
02.07.2014 04:47:20,174 - INFO  - Watchdog has been checked: 0 passed
02.07.2014 04:49:23,118 - INFO  - Watchdog has been checked: 0 passed
02.07.2014 04:51:23,194 - INFO  - Watchdog has been checked: 0 passed
02.07.2014 04:53:23,137 - INFO  - Watchdog has been checked: 0 passed
02.07.2014 04:55:23,278 - INFO  - Watchdog has been checked: 0 passed
02.07.2014 04:57:23,169 - INFO  - Watchdog has been checked: 0 passed
02.07.2014 04:59:23,079 - INFO  - Watchdog has been checked: 0 passed
02.07.2014 05:01:23,215 - INFO  - Watchdog has been checked: 0 passed
02.07.2014 05:03:23,236 - INFO  - Watchdog has been checked: 0 passed
02.07.2014 05:05:23,310 - INFO  - Watchdog has been checked: 0 passed
02.07.2014 05:07:23,267 - INFO  - Watchdog has been checked: 0 passed
02.07.2014 05:09:23,186 - INFO  - Watchdog has been checked: 0 passed
02.07.2014 05:11:23,219 - INFO  - Watchdog has been checked: 0 passed
02.07.2014 05:13:23,258 - INFO  - Watchdog has been checked: 0 passed
02.07.2014 05:15:23,243 - INFO  - Watchdog has been checked: 0 passed
02.07.2014 05:17:23,271 - INFO  - Watchdog has been checked: 0 passed
02.07.2014 05:19:23,354 - INFO  - Watchdog has been checked: 0 passed
02.07.2014 05:21:23,204 - INFO  - Watchdog has been checked: 0 passed
02.07.2014 05:23:23,197 - INFO  - Watchdog has been checked: 0 passed
02.07.2014 05:25:23,270 - INFO  - Watchdog has been checked: 0 passed
02.07.2014 05:27:23,276 - INFO  - Watchdog has been checked: 0 passed
02.07.2014 05:29:23,119 - INFO  - Watchdog has been checked: 0 passed
02.07.2014 05:31:23,177 - INFO  - Watchdog has been checked: 0 passed
02.07.2014 05:33:23,164 - INFO  - Watchdog has been checked: 0 passed
02.07.2014 05:35:23,205 - INFO  - Watchdog has been checked: 0 passed
02.07.2014 05:37:23,276 - INFO  - Watchdog has been checked: 0 passed
02.07.2014 05:39:23,071 - INFO  - Watchdog has been checked: 0 passed
02.07.2014 05:41:23,114 - INFO  - Watchdog has been checked: 0 passed
02.07.2014 05:43:23,151 - INFO  - Watchdog has been checked: 0 passed
02.07.2014 05:45:23,189 - INFO  - Watchdog has been checked: 0 passed
02.07.2014 05:47:23,209 - INFO  - Watchdog has been checked: 0 passed
02.07.2014 05:49:23,069 - INFO  - Watchdog has been checked: 0 passed
02.07.2014 05:51:23,123 - INFO  - Watchdog has been checked: 0 passed
02.07.2014 05:53:23,171 - INFO  - Watchdog has been checked: 0 passed
02.07.2014 05:55:23,178 - INFO  - Watchdog has been checked: 0 passed
02.07.2014 05:57:23,233 - INFO  - Watchdog has been checked: 0 passed
02.07.2014 05:59:23,330 - INFO  - Watchdog has been checked: 0 passed
02.07.2014 06:01:23,236 - INFO  - Watchdog has been checked: 0 passed
02.07.2014 06:03:23,299 - INFO  - Watchdog has been checked: 0 passed
02.07.2014 06:05:23,317 - INFO  - Watchdog has been checked: 0 passed
02.07.2014 06:07:23,287 - INFO  - Watchdog has been checked: 0 passed
02.07.2014 06:09:23,199 - INFO  - Watchdog has been checked: 0 passed
02.07.2014 06:11:23,206 - INFO  - Watchdog has been checked: 0 passed
02.07.2014 06:13:23,252 - INFO  - Watchdog has been checked: 0 passed
02.07.2014 06:15:01,286 - INFO  - mapping file sync started
02.07.2014 06:15:01,865 - INFO  - file successfully updated
02.07.2014 06:15:23,250 - INFO  - Watchdog has been checked: 0 passed
02.07.2014 06:17:23,189 - INFO  - Watchdog has been checked: 0 passed
02.07.2014 06:19:23,089 - INFO  - Watchdog has been checked: 0 passed
02.07.2014 06:21:23,097 - INFO  - Watchdog has been checked: 0 passed
02.07.2014 06:23:23,178 - INFO  - Watchdog has been checked: 0 passed
02.07.2014 06:25:23,252 - INFO  - Watchdog has been checked: 0 passed
02.07.2014 06:27:23,171 - INFO  - Watchdog has been checked: 0 passed
02.07.2014 06:29:23,076 - INFO  - Watchdog has been checked: 0 passed
02.07.2014 06:31:23,068 - INFO  - Watchdog has been checked: 0 passed
02.07.2014 06:33:23,178 - INFO  - Watchdog has been checked: 0 passed
02.07.2014 06:35:23,214 - INFO  - Watchdog has been checked: 0 passed
02.07.2014 06:37:23,193 - INFO  - Watchdog has been checked: 0 passed
02.07.2014 06:39:23,120 - INFO  - Watchdog has been checked: 0 passed
02.07.2014 06:41:22,118 - INFO  - Watchdog has been checked: 0 passed
02.07.2014 06:43:22,165 - INFO  - Watchdog has been checked: 0 passed
02.07.2014 06:45:22,235 - INFO  - Watchdog has been checked: 0 passed
02.07.2014 06:47:22,165 - INFO  - Watchdog has been checked: 0 passed
02.07.2014 06:49:22,164 - INFO  - Watchdog has been checked: 0 passed
02.07.2014 06:51:22,124 - INFO  - Watchdog has been checked: 0 passed
02.07.2014 06:53:23,201 - INFO  - Watchdog has been checked: 0 passed
02.07.2014 06:55:23,305 - INFO  - Watchdog has been checked: 0 passed
02.07.2014 06:57:23,230 - INFO  - Watchdog has been checked: 0 passed
02.07.2014 06:59:23,149 - INFO  - Watchdog has been checked: 0 passed
02.07.2014 07:01:22,151 - INFO  - Watchdog has been checked: 0 passed
02.07.2014 07:03:22,217 - INFO  - Watchdog has been checked: 0 passed
02.07.2014 07:05:22,284 - INFO  - Watchdog has been checked: 0 passed
02.07.2014 07:07:22,230 - INFO  - Watchdog has been checked: 0 passed
02.07.2014 07:09:22,109 - INFO  - Watchdog has been checked: 0 passed
02.07.2014 07:11:22,362 - INFO  - Watchdog has been checked: 0 passed
02.07.2014 07:13:22,406 - INFO  - Watchdog has been checked: 0 passed
02.07.2014 07:15:01,553 - INFO  - mapping file sync started
02.07.2014 07:15:02,162 - INFO  - file successfully updated
02.07.2014 07:15:22,186 - INFO  - Watchdog has been checked: 0 passed
02.07.2014 07:17:22,140 - INFO  - Watchdog has been checked: 0 passed
02.07.2014 07:19:22,308 - INFO  - Watchdog has been checked: 0 passed
02.07.2014 07:21:22,314 - INFO  - Watchdog has been checked: 0 passed
02.07.2014 07:23:22,337 - INFO  - Watchdog has been checked: 0 passed
02.07.2014 07:25:22,193 - INFO  - Watchdog has been checked: 0 passed
02.07.2014 07:27:22,332 - INFO  - Watchdog has been checked: 0 passed
02.07.2014 07:29:22,267 - INFO  - Watchdog has been checked: 0 passed
02.07.2014 07:31:22,317 - INFO  - Watchdog has been checked: 0 passed
02.07.2014 07:33:22,254 - INFO  - Watchdog has been checked: 0 passed
02.07.2014 07:35:22,079 - INFO  - Watchdog has been checked: 0 passed
02.07.2014 07:37:22,080 - INFO  - Watchdog has been checked: 0 passed
02.07.2014 07:39:22,234 - INFO  - Watchdog has been checked: 0 passed
02.07.2014 07:41:22,302 - INFO  - Watchdog has been checked: 0 passed
02.07.2014 07:43:22,311 - INFO  - Watchdog has been checked: 0 passed
02.07.2014 07:45:22,327 - INFO  - Watchdog has been checked: 0 passed
02.07.2014 07:47:22,289 - INFO  - Watchdog has been checked: 0 passed
02.07.2014 07:49:22,138 - INFO  - Watchdog has been checked: 0 passed
02.07.2014 07:51:22,211 - INFO  - Watchdog has been checked: 0 passed
02.07.2014 07:53:22,185 - INFO  - Watchdog has been checked: 0 passed
02.07.2014 07:55:23,022 - INFO  - Watchdog has been checked: 0 passed
02.07.2014 07:57:21,974 - INFO  - Watchdog has been checked: 0 passed
02.07.2014 07:59:21,131 - INFO  - Watchdog has been checked: 0 passed
02.07.2014 08:01:20,158 - INFO  - Watchdog has been checked: 0 passed
02.07.2014 08:03:20,181 - INFO  - Watchdog has been checked: 0 passed
02.07.2014 08:05:20,229 - INFO  - Watchdog has been checked: 0 passed
02.07.2014 08:07:20,221 - INFO  - Watchdog has been checked: 0 passed
02.07.2014 08:09:20,150 - INFO  - Watchdog has been checked: 0 passed
02.07.2014 08:11:19,193 - INFO  - Watchdog has been checked: 0 passed
02.07.2014 08:13:19,199 - INFO  - Watchdog has been checked: 0 passed
02.07.2014 08:15:19,220 - INFO  - Watchdog has been checked: 0 passed
02.07.2014 08:17:19,265 - INFO  - Watchdog has been checked: 0 passed
02.07.2014 08:19:19,142 - INFO  - Watchdog has been checked: 0 passed
02.07.2014 08:21:19,277 - INFO  - Watchdog has been checked: 0 passed
02.07.2014 08:23:19,333 - INFO  - Watchdog has been checked: 0 passed
02.07.2014 08:25:19,830 - INFO  - Watchdog has been checked: 0 passed
02.07.2014 08:27:19,355 - INFO  - Watchdog has been checked: 0 passed
02.07.2014 08:29:19,243 - INFO  - Watchdog has been checked: 0 passed
02.07.2014 08:31:19,310 - INFO  - Watchdog has been checked: 0 passed
02.07.2014 08:33:19,326 - INFO  - Watchdog has been checked: 0 passed
02.07.2014 08:35:19,359 - INFO  - Watchdog has been checked: 0 passed
02.07.2014 08:37:19,367 - INFO  - Watchdog has been checked: 0 passed
02.07.2014 08:39:19,285 - INFO  - Watchdog has been checked: 0 passed
02.07.2014 08:41:19,294 - INFO  - Watchdog has been checked: 0 passed
02.07.2014 08:43:19,373 - INFO  - Watchdog has been checked: 0 passed
02.07.2014 08:43:51,627 - INFO  - searcher identified --- respT: 51ms, 84010 results, q=, 
02.07.2014 08:43:57,123 - INFO  - searcher identified --- respT: 19ms, 1612 results, q=collaboration, 
02.07.2014 08:44:10,250 - INFO  - searcher identified --- respT: 20ms, 1612 results, q=collaboration and, 
02.07.2014 08:44:14,919 - INFO  - searcher identified --- respT: 27ms, 745 results, q=collaboration and information, 
02.07.2014 08:45:21,341 - INFO  - Watchdog has been checked: 0 passed
02.07.2014 08:47:21,488 - INFO  - Watchdog has been checked: 0 passed
02.07.2014 08:49:22,501 - INFO  - Watchdog has been checked: 0 passed
02.07.2014 08:51:22,254 - INFO  - Watchdog has been checked: 0 passed
02.07.2014 08:53:22,349 - INFO  - Watchdog has been checked: 0 passed
02.07.2014 08:55:22,122 - INFO  - Watchdog has been checked: 0 passed
02.07.2014 08:57:23,332 - INFO  - Watchdog has been checked: 0 passed
02.07.2014 08:59:23,274 - INFO  - Watchdog has been checked: 0 passed
02.07.2014 09:01:23,248 - INFO  - Watchdog has been checked: 0 passed
02.07.2014 09:03:23,286 - INFO  - Watchdog has been checked: 0 passed
02.07.2014 09:05:23,255 - INFO  - Watchdog has been checked: 0 passed
02.07.2014 09:07:23,260 - INFO  - Watchdog has been checked: 0 passed
02.07.2014 09:09:23,200 - INFO  - Watchdog has been checked: 0 passed
02.07.2014 09:11:23,190 - INFO  - Watchdog has been checked: 0 passed
02.07.2014 09:13:23,209 - INFO  - Watchdog has been checked: 0 passed
02.07.2014 09:15:23,248 - INFO  - Watchdog has been checked: 0 passed
02.07.2014 09:17:23,137 - INFO  - Watchdog has been checked: 0 passed
02.07.2014 09:19:23,143 - INFO  - Watchdog has been checked: 0 passed
02.07.2014 09:21:23,107 - INFO  - Watchdog has been checked: 0 passed
02.07.2014 09:23:23,181 - INFO  - Watchdog has been checked: 0 passed
02.07.2014 09:25:23,229 - INFO  - Watchdog has been checked: 0 passed
02.07.2014 09:27:23,181 - INFO  - Watchdog has been checked: 0 passed
02.07.2014 09:29:23,113 - INFO  - Watchdog has been checked: 0 passed
02.07.2014 09:31:23,150 - INFO  - Watchdog has been checked: 0 passed
02.07.2014 09:33:23,150 - INFO  - Watchdog has been checked: 0 passed
02.07.2014 09:35:23,238 - INFO  - Watchdog has been checked: 0 passed
02.07.2014 09:37:23,176 - INFO  - Watchdog has been checked: 0 passed
02.07.2014 09:39:23,185 - INFO  - Watchdog has been checked: 0 passed
02.07.2014 09:41:23,211 - INFO  - Watchdog has been checked: 0 passed
02.07.2014 09:43:23,218 - INFO  - Watchdog has been checked: 0 passed
02.07.2014 09:45:23,285 - INFO  - Watchdog has been checked: 0 passed
02.07.2014 09:47:23,243 - INFO  - Watchdog has been checked: 0 passed
02.07.2014 09:49:23,164 - INFO  - Watchdog has been checked: 0 passed
02.07.2014 09:51:23,227 - INFO  - Watchdog has been checked: 0 passed
02.07.2014 09:53:23,230 - INFO  - Watchdog has been checked: 0 passed
02.07.2014 09:55:23,338 - INFO  - Watchdog has been checked: 0 passed
02.07.2014 09:57:23,354 - INFO  - Watchdog has been checked: 0 passed
02.07.2014 09:59:23,302 - INFO  - Watchdog has been checked: 0 passed
02.07.2014 10:01:23,351 - INFO  - Watchdog has been checked: 0 passed
02.07.2014 10:03:23,344 - INFO  - Watchdog has been checked: 0 passed
02.07.2014 10:05:23,114 - INFO  - Watchdog has been checked: 0 passed
02.07.2014 10:07:23,354 - INFO  - Watchdog has been checked: 0 passed
02.07.2014 10:09:23,241 - INFO  - Watchdog has been checked: 0 passed
02.07.2014 10:11:23,343 - INFO  - Watchdog has been checked: 0 passed
02.07.2014 10:13:23,311 - INFO  - Watchdog has been checked: 0 passed
02.07.2014 10:15:23,126 - INFO  - Watchdog has been checked: 0 passed
02.07.2014 10:17:22,064 - INFO  - Watchdog has been checked: 0 passed
02.07.2014 10:19:21,213 - INFO  - Watchdog has been checked: 0 passed
02.07.2014 10:21:21,068 - INFO  - Watchdog has been checked: 0 passed
02.07.2014 10:23:20,077 - INFO  - Watchdog has been checked: 0 passed
02.07.2014 10:25:20,152 - INFO  - Watchdog has been checked: 0 passed
02.07.2014 10:27:20,170 - INFO  - Watchdog has been checked: 0 passed
02.07.2014 10:29:20,229 - INFO  - Watchdog has been checked: 0 passed
02.07.2014 10:31:20,302 - INFO  - Watchdog has been checked: 0 passed
02.07.2014 10:33:20,319 - INFO  - Watchdog has been checked: 0 passed
02.07.2014 10:35:20,339 - INFO  - Watchdog has been checked: 0 passed
02.07.2014 10:37:20,114 - INFO  - Watchdog has been checked: 0 passed
02.07.2014 10:39:19,258 - INFO  - Watchdog has been checked: 0 passed
02.07.2014 10:41:19,314 - INFO  - Watchdog has been checked: 0 passed
02.07.2014 10:43:19,352 - INFO  - Watchdog has been checked: 0 passed
02.07.2014 10:45:19,370 - INFO  - Watchdog has been checked: 0 passed
02.07.2014 10:47:19,507 - INFO  - Watchdog has been checked: 0 passed
02.07.2014 10:49:19,317 - INFO  - Watchdog has been checked: 0 passed
02.07.2014 10:51:19,365 - INFO  - Watchdog has been checked: 0 passed
02.07.2014 10:53:19,384 - INFO  - Watchdog has been checked: 0 passed
02.07.2014 10:55:19,374 - INFO  - Watchdog has been checked: 0 passed
02.07.2014 10:57:19,361 - INFO  - Watchdog has been checked: 0 passed
02.07.2014 10:59:19,245 - INFO  - Watchdog has been checked: 0 passed
02.07.2014 11:01:23,287 - INFO  - Watchdog has been checked: 0 passed
02.07.2014 11:03:23,335 - INFO  - Watchdog has been checked: 0 passed
02.07.2014 11:05:23,199 - INFO  - Watchdog has been checked: 0 passed
02.07.2014 11:07:23,433 - INFO  - Watchdog has been checked: 0 passed
02.07.2014 11:09:23,368 - INFO  - Watchdog has been checked: 0 passed
02.07.2014 11:11:23,214 - INFO  - Watchdog has been checked: 0 passed
02.07.2014 11:13:23,291 - INFO  - Watchdog has been checked: 0 passed
02.07.2014 11:15:23,330 - INFO  - Watchdog has been checked: 0 passed
02.07.2014 11:17:23,309 - INFO  - Watchdog has been checked: 0 passed
02.07.2014 11:19:23,484 - INFO  - Watchdog has been checked: 0 passed
02.07.2014 11:21:23,483 - INFO  - Watchdog has been checked: 0 passed
02.07.2014 11:23:23,266 - INFO  - Watchdog has been checked: 0 passed
02.07.2014 11:25:23,276 - INFO  - Watchdog has been checked: 0 passed
02.07.2014 11:27:23,243 - INFO  - Watchdog has been checked: 0 passed
02.07.2014 11:29:23,157 - INFO  - Watchdog has been checked: 0 passed
02.07.2014 11:31:23,173 - INFO  - Watchdog has been checked: 0 passed
02.07.2014 11:33:23,179 - INFO  - Watchdog has been checked: 0 passed
02.07.2014 11:35:23,228 - INFO  - Watchdog has been checked: 0 passed
02.07.2014 11:37:23,214 - INFO  - Watchdog has been checked: 0 passed
02.07.2014 11:39:23,373 - INFO  - Watchdog has been checked: 0 passed
02.07.2014 11:41:23,162 - INFO  - Watchdog has been checked: 0 passed
02.07.2014 11:43:23,167 - INFO  - Watchdog has been checked: 0 passed
02.07.2014 11:45:23,173 - INFO  - Watchdog has been checked: 0 passed
02.07.2014 11:47:23,205 - INFO  - Watchdog has been checked: 0 passed
02.07.2014 11:49:23,107 - INFO  - Watchdog has been checked: 0 passed
02.07.2014 11:51:23,142 - INFO  - Watchdog has been checked: 0 passed
02.07.2014 11:53:23,135 - INFO  - Watchdog has been checked: 0 passed
02.07.2014 11:55:22,158 - INFO  - Watchdog has been checked: 0 passed
02.07.2014 11:57:22,105 - INFO  - Watchdog has been checked: 0 passed
02.07.2014 11:59:21,121 - INFO  - Watchdog has been checked: 0 passed
02.07.2014 12:01:20,113 - INFO  - Watchdog has been checked: 0 passed
02.07.2014 12:03:23,313 - INFO  - Watchdog has been checked: 0 passed
02.07.2014 12:05:23,178 - INFO  - Watchdog has been checked: 0 passed
02.07.2014 12:07:23,113 - INFO  - Watchdog has been checked: 0 passed
02.07.2014 12:09:22,062 - INFO  - Watchdog has been checked: 0 passed
02.07.2014 12:11:21,105 - INFO  - Watchdog has been checked: 0 passed
02.07.2014 12:13:20,178 - INFO  - Watchdog has been checked: 0 passed
02.07.2014 12:15:19,240 - INFO  - Watchdog has been checked: 0 passed
02.07.2014 12:17:19,204 - INFO  - Watchdog has been checked: 0 passed
02.07.2014 12:19:18,099 - INFO  - Watchdog has been checked: 0 passed
02.07.2014 12:21:17,171 - INFO  - Watchdog has been checked: 0 passed
02.07.2014 12:23:16,079 - INFO  - Watchdog has been checked: 0 passed
02.07.2014 12:25:16,117 - INFO  - Watchdog has been checked: 0 passed
02.07.2014 12:27:16,127 - INFO  - Watchdog has been checked: 0 passed
02.07.2014 12:29:15,236 - INFO  - Watchdog has been checked: 0 passed
02.07.2014 12:31:15,154 - INFO  - Watchdog has been checked: 0 passed
02.07.2014 12:33:14,165 - INFO  - Watchdog has been checked: 0 passed
02.07.2014 12:35:13,225 - INFO  - Watchdog has been checked: 0 passed
02.07.2014 12:37:13,239 - INFO  - Watchdog has been checked: 0 passed
02.07.2014 12:39:13,225 - INFO  - Watchdog has been checked: 0 passed
02.07.2014 12:41:13,233 - INFO  - Watchdog has been checked: 0 passed
02.07.2014 12:43:13,246 - INFO  - Watchdog has been checked: 0 passed
02.07.2014 12:45:13,285 - INFO  - Watchdog has been checked: 0 passed
02.07.2014 12:47:13,251 - INFO  - Watchdog has been checked: 0 passed
02.07.2014 12:49:13,349 - INFO  - Watchdog has been checked: 0 passed
02.07.2014 12:51:13,210 - INFO  - Watchdog has been checked: 0 passed
02.07.2014 12:53:13,229 - INFO  - Watchdog has been checked: 0 passed
02.07.2014 12:55:13,281 - INFO  - Watchdog has been checked: 0 passed
02.07.2014 12:57:13,288 - INFO  - Watchdog has been checked: 0 passed
02.07.2014 12:59:13,350 - INFO  - Watchdog has been checked: 0 passed
02.07.2014 13:01:13,175 - INFO  - Watchdog has been checked: 0 passed
02.07.2014 13:03:13,242 - INFO  - Watchdog has been checked: 0 passed
02.07.2014 13:05:13,269 - INFO  - Watchdog has been checked: 0 passed
02.07.2014 13:07:13,262 - INFO  - Watchdog has been checked: 0 passed
02.07.2014 13:09:13,440 - INFO  - Watchdog has been checked: 0 passed
02.07.2014 13:11:13,189 - INFO  - Watchdog has been checked: 0 passed
02.07.2014 13:13:13,334 - INFO  - Watchdog has been checked: 0 passed
02.07.2014 13:15:13,301 - INFO  - Watchdog has been checked: 0 passed
02.07.2014 13:17:13,394 - INFO  - Watchdog has been checked: 0 passed
02.07.2014 13:19:13,544 - INFO  - Watchdog has been checked: 0 passed
02.07.2014 13:21:13,436 - INFO  - Watchdog has been checked: 0 passed
02.07.2014 13:23:13,455 - INFO  - Watchdog has been checked: 0 passed
02.07.2014 13:25:13,241 - INFO  - Watchdog has been checked: 0 passed
02.07.2014 13:27:13,253 - INFO  - Watchdog has been checked: 0 passed
02.07.2014 13:29:13,324 - INFO  - Watchdog has been checked: 0 passed
02.07.2014 13:31:13,357 - INFO  - Watchdog has been checked: 0 passed
02.07.2014 13:33:13,222 - INFO  - Watchdog has been checked: 0 passed
02.07.2014 13:35:13,244 - INFO  - Watchdog has been checked: 0 passed
02.07.2014 13:37:13,188 - INFO  - Watchdog has been checked: 0 passed
02.07.2014 13:39:13,099 - INFO  - Watchdog has been checked: 0 passed
02.07.2014 13:41:13,157 - INFO  - Watchdog has been checked: 0 passed
02.07.2014 13:43:13,204 - INFO  - Watchdog has been checked: 0 passed
02.07.2014 13:45:13,239 - INFO  - Watchdog has been checked: 0 passed
02.07.2014 13:47:13,240 - INFO  - Watchdog has been checked: 0 passed
02.07.2014 13:49:13,142 - INFO  - Watchdog has been checked: 0 passed
02.07.2014 13:51:13,215 - INFO  - Watchdog has been checked: 0 passed
02.07.2014 13:53:13,196 - INFO  - Watchdog has been checked: 0 passed
02.07.2014 13:55:13,239 - INFO  - Watchdog has been checked: 0 passed
02.07.2014 13:57:13,244 - INFO  - Watchdog has been checked: 0 passed
02.07.2014 13:59:13,112 - INFO  - Watchdog has been checked: 0 passed
02.07.2014 14:01:12,168 - INFO  - Watchdog has been checked: 0 passed
02.07.2014 14:03:12,207 - INFO  - Watchdog has been checked: 0 passed
02.07.2014 14:05:12,214 - INFO  - Watchdog has been checked: 0 passed
02.07.2014 14:07:12,199 - INFO  - Watchdog has been checked: 0 passed
02.07.2014 14:09:12,348 - INFO  - Watchdog has been checked: 0 passed
02.07.2014 14:11:12,170 - INFO  - Watchdog has been checked: 0 passed
02.07.2014 14:13:12,170 - INFO  - Watchdog has been checked: 0 passed
02.07.2014 14:15:12,182 - INFO  - Watchdog has been checked: 0 passed
02.07.2014 14:17:12,127 - INFO  - Watchdog has been checked: 0 passed
02.07.2014 14:19:13,229 - INFO  - Watchdog has been checked: 0 passed
02.07.2014 14:21:13,377 - INFO  - Watchdog has been checked: 0 passed
02.07.2014 14:23:13,156 - INFO  - Watchdog has been checked: 0 passed
02.07.2014 14:25:13,226 - INFO  - Watchdog has been checked: 0 passed
02.07.2014 14:27:13,394 - INFO  - Watchdog has been checked: 0 passed
02.07.2014 14:29:13,279 - INFO  - Watchdog has been checked: 0 passed
02.07.2014 14:31:13,280 - INFO  - Watchdog has been checked: 0 passed
02.07.2014 14:33:13,361 - INFO  - Watchdog has been checked: 0 passed
02.07.2014 14:35:13,287 - INFO  - Watchdog has been checked: 0 passed
02.07.2014 14:37:13,312 - INFO  - Watchdog has been checked: 0 passed
02.07.2014 14:39:13,207 - INFO  - Watchdog has been checked: 0 passed
02.07.2014 14:41:13,292 - INFO  - Watchdog has been checked: 0 passed
02.07.2014 14:43:13,272 - INFO  - Watchdog has been checked: 0 passed
02.07.2014 14:45:13,298 - INFO  - Watchdog has been checked: 0 passed
02.07.2014 14:47:13,289 - INFO  - Watchdog has been checked: 0 passed
02.07.2014 14:49:13,197 - INFO  - Watchdog has been checked: 0 passed
02.07.2014 14:51:13,320 - INFO  - Watchdog has been checked: 0 passed
02.07.2014 14:53:13,337 - INFO  - Watchdog has been checked: 0 passed
02.07.2014 14:55:13,303 - INFO  - Watchdog has been checked: 0 passed
02.07.2014 14:57:13,278 - INFO  - Watchdog has been checked: 0 passed
02.07.2014 14:59:13,167 - INFO  - Watchdog has been checked: 0 passed
02.07.2014 15:01:13,275 - INFO  - Watchdog has been checked: 0 passed
02.07.2014 15:03:13,170 - INFO  - Watchdog has been checked: 0 passed
02.07.2014 15:05:13,112 - INFO  - Watchdog has been checked: 0 passed
02.07.2014 15:07:12,320 - INFO  - Watchdog has been checked: 0 passed
02.07.2014 15:09:12,206 - INFO  - Watchdog has been checked: 0 passed
02.07.2014 15:11:12,246 - INFO  - Watchdog has been checked: 0 passed
02.07.2014 15:13:12,305 - INFO  - Watchdog has been checked: 0 passed
02.07.2014 15:15:12,355 - INFO  - Watchdog has been checked: 0 passed
02.07.2014 15:17:12,363 - INFO  - Watchdog has been checked: 0 passed
02.07.2014 15:19:12,253 - INFO  - Watchdog has been checked: 0 passed
02.07.2014 15:21:12,701 - INFO  - Watchdog has been checked: 0 passed
02.07.2014 15:23:12,360 - INFO  - Watchdog has been checked: 0 passed
02.07.2014 15:25:12,415 - INFO  - Watchdog has been checked: 0 passed
02.07.2014 15:27:12,411 - INFO  - Watchdog has been checked: 0 passed
02.07.2014 15:29:12,422 - INFO  - Watchdog has been checked: 0 passed
02.07.2014 15:31:12,261 - INFO  - Watchdog has been checked: 0 passed
02.07.2014 15:33:14,682 - INFO  - Watchdog has been checked: 0 passed
02.07.2014 15:35:14,223 - INFO  - Watchdog has been checked: 0 passed
02.07.2014 15:37:14,138 - INFO  - Watchdog has been checked: 0 passed
02.07.2014 15:39:14,335 - INFO  - Watchdog has been checked: 0 passed
02.07.2014 15:41:14,175 - INFO  - Watchdog has been checked: 0 passed
02.07.2014 15:43:14,174 - INFO  - Watchdog has been checked: 0 passed
02.07.2014 15:45:14,170 - INFO  - Watchdog has been checked: 0 passed
02.07.2014 15:47:14,181 - INFO  - Watchdog has been checked: 0 passed
02.07.2014 15:49:14,286 - INFO  - Watchdog has been checked: 0 passed
02.07.2014 15:51:14,363 - INFO  - Watchdog has been checked: 0 passed
02.07.2014 15:53:14,369 - INFO  - Watchdog has been checked: 0 passed
02.07.2014 15:55:14,140 - INFO  - Watchdog has been checked: 0 passed
02.07.2014 15:57:14,178 - INFO  - Watchdog has been checked: 0 passed
02.07.2014 15:59:14,247 - INFO  - Watchdog has been checked: 0 passed
02.07.2014 16:01:14,066 - INFO  - Watchdog has been checked: 0 passed
02.07.2014 16:03:13,087 - INFO  - Watchdog has been checked: 0 passed
02.07.2014 16:05:12,098 - INFO  - Watchdog has been checked: 0 passed
02.07.2014 16:07:12,070 - INFO  - Watchdog has been checked: 0 passed
02.07.2014 16:09:12,187 - INFO  - Watchdog has been checked: 0 passed
02.07.2014 16:11:12,014 - INFO  - Watchdog has been checked: 0 passed
02.07.2014 16:13:11,089 - INFO  - Watchdog has been checked: 0 passed
02.07.2014 16:15:10,050 - INFO  - Watchdog has been checked: 0 passed
02.07.2014 16:17:10,045 - INFO  - Watchdog has been checked: 0 passed
02.07.2014 16:19:10,248 - INFO  - Watchdog has been checked: 0 passed
02.07.2014 16:21:10,080 - INFO  - Watchdog has been checked: 0 passed
02.07.2014 16:23:09,453 - INFO  - Watchdog has been checked: 0 passed
02.07.2014 16:25:10,495 - INFO  - Watchdog has been checked: 0 passed
02.07.2014 16:27:10,161 - INFO  - Watchdog has been checked: 0 passed
02.07.2014 16:29:10,256 - INFO  - Watchdog has been checked: 0 passed
02.07.2014 16:31:10,095 - INFO  - Watchdog has been checked: 0 passed
02.07.2014 16:33:10,108 - INFO  - Watchdog has been checked: 0 passed
02.07.2014 16:35:10,090 - INFO  - Watchdog has been checked: 0 passed
02.07.2014 16:37:13,410 - INFO  - Watchdog has been checked: 0 passed
02.07.2014 16:39:13,312 - INFO  - Watchdog has been checked: 0 passed
02.07.2014 16:41:13,285 - INFO  - Watchdog has been checked: 0 passed
02.07.2014 16:43:13,418 - INFO  - Watchdog has been checked: 0 passed
02.07.2014 16:45:13,225 - INFO  - Watchdog has been checked: 0 passed
02.07.2014 16:47:13,180 - INFO  - Watchdog has been checked: 0 passed
02.07.2014 16:49:13,336 - INFO  - Watchdog has been checked: 0 passed
02.07.2014 16:51:13,158 - INFO  - Watchdog has been checked: 0 passed
02.07.2014 16:53:13,191 - INFO  - Watchdog has been checked: 0 passed
02.07.2014 16:55:13,195 - INFO  - Watchdog has been checked: 0 passed
02.07.2014 16:57:13,177 - INFO  - Watchdog has been checked: 0 passed
02.07.2014 16:59:13,300 - INFO  - Watchdog has been checked: 0 passed
02.07.2014 17:01:13,352 - INFO  - Watchdog has been checked: 0 passed
02.07.2014 17:03:13,130 - INFO  - Watchdog has been checked: 0 passed
02.07.2014 17:05:13,148 - INFO  - Watchdog has been checked: 0 passed
02.07.2014 17:07:13,158 - INFO  - Watchdog has been checked: 0 passed
02.07.2014 17:09:13,189 - INFO  - Watchdog has been checked: 0 passed
02.07.2014 17:11:13,225 - INFO  - Watchdog has been checked: 0 passed
02.07.2014 17:13:13,302 - INFO  - Watchdog has been checked: 0 passed
02.07.2014 17:15:13,339 - INFO  - Watchdog has been checked: 0 passed
02.07.2014 17:17:13,245 - INFO  - Watchdog has been checked: 0 passed
02.07.2014 17:19:13,100 - INFO  - Watchdog has been checked: 0 passed
02.07.2014 17:21:13,206 - INFO  - Watchdog has been checked: 0 passed
02.07.2014 17:23:13,216 - INFO  - Watchdog has been checked: 0 passed
02.07.2014 17:25:13,269 - INFO  - Watchdog has been checked: 0 passed
02.07.2014 17:27:13,240 - INFO  - Watchdog has been checked: 0 passed
02.07.2014 17:29:13,120 - INFO  - Watchdog has been checked: 0 passed
02.07.2014 17:31:13,203 - INFO  - Watchdog has been checked: 0 passed
02.07.2014 17:33:13,218 - INFO  - Watchdog has been checked: 0 passed
02.07.2014 17:35:13,243 - INFO  - Watchdog has been checked: 0 passed
02.07.2014 17:37:13,206 - INFO  - Watchdog has been checked: 0 passed
02.07.2014 17:39:13,289 - INFO  - Watchdog has been checked: 0 passed
02.07.2014 17:41:13,162 - INFO  - Watchdog has been checked: 0 passed
02.07.2014 17:43:13,169 - INFO  - Watchdog has been checked: 0 passed
02.07.2014 17:45:13,238 - INFO  - Watchdog has been checked: 0 passed
02.07.2014 17:47:13,162 - INFO  - Watchdog has been checked: 0 passed
02.07.2014 17:49:13,162 - INFO  - Watchdog has been checked: 0 passed
02.07.2014 17:51:13,177 - INFO  - Watchdog has been checked: 0 passed
02.07.2014 17:53:13,199 - INFO  - Watchdog has been checked: 0 passed
02.07.2014 17:55:13,222 - INFO  - Watchdog has been checked: 0 passed
02.07.2014 17:57:13,217 - INFO  - Watchdog has been checked: 0 passed
02.07.2014 17:59:13,055 - INFO  - Watchdog has been checked: 0 passed
02.07.2014 18:01:12,164 - INFO  - Watchdog has been checked: 0 passed
02.07.2014 18:03:12,261 - INFO  - Watchdog has been checked: 0 passed
02.07.2014 18:05:12,313 - INFO  - Watchdog has been checked: 0 passed
02.07.2014 18:07:12,319 - INFO  - Watchdog has been checked: 0 passed
02.07.2014 18:09:12,166 - INFO  - Watchdog has been checked: 0 passed
02.07.2014 18:11:12,272 - INFO  - Watchdog has been checked: 0 passed
02.07.2014 18:13:12,263 - INFO  - Watchdog has been checked: 0 passed
02.07.2014 18:15:12,281 - INFO  - Watchdog has been checked: 0 passed
02.07.2014 18:17:12,249 - INFO  - Watchdog has been checked: 0 passed
02.07.2014 18:19:12,078 - INFO  - Watchdog has been checked: 0 passed
02.07.2014 18:21:12,211 - INFO  - Watchdog has been checked: 0 passed
02.07.2014 18:23:12,203 - INFO  - Watchdog has been checked: 0 passed
02.07.2014 18:25:12,317 - INFO  - Watchdog has been checked: 0 passed
02.07.2014 18:27:12,258 - INFO  - Watchdog has been checked: 0 passed
02.07.2014 18:29:12,447 - INFO  - Watchdog has been checked: 0 passed
02.07.2014 18:31:12,229 - INFO  - Watchdog has been checked: 0 passed
02.07.2014 18:33:12,254 - INFO  - Watchdog has been checked: 0 passed
02.07.2014 18:35:12,251 - INFO  - Watchdog has been checked: 0 passed
02.07.2014 18:37:12,295 - INFO  - Watchdog has been checked: 0 passed
02.07.2014 18:39:12,380 - INFO  - Watchdog has been checked: 0 passed
02.07.2014 18:41:12,275 - INFO  - Watchdog has been checked: 0 passed
02.07.2014 18:43:12,320 - INFO  - Watchdog has been checked: 0 passed
02.07.2014 18:45:12,327 - INFO  - Watchdog has been checked: 0 passed
02.07.2014 18:47:12,301 - INFO  - Watchdog has been checked: 0 passed
02.07.2014 18:49:12,180 - INFO  - Watchdog has been checked: 0 passed
02.07.2014 18:51:12,257 - INFO  - Watchdog has been checked: 0 passed
02.07.2014 18:53:12,021 - INFO  - Watchdog has been checked: 0 passed
02.07.2014 18:55:11,044 - INFO  - Watchdog has been checked: 0 passed
02.07.2014 18:57:10,092 - INFO  - Watchdog has been checked: 0 passed
02.07.2014 18:59:10,211 - INFO  - Watchdog has been checked: 0 passed
02.07.2014 19:01:10,052 - INFO  - Watchdog has been checked: 0 passed
02.07.2014 19:03:09,331 - INFO  - Watchdog has been checked: 0 passed
02.07.2014 19:05:09,099 - INFO  - Watchdog has been checked: 0 passed
02.07.2014 19:07:09,129 - INFO  - Watchdog has been checked: 0 passed
02.07.2014 19:09:09,163 - INFO  - Watchdog has been checked: 0 passed
02.07.2014 19:11:09,577 - INFO  - Watchdog has been checked: 0 passed
02.07.2014 19:13:09,315 - INFO  - Watchdog has been checked: 0 passed
02.07.2014 19:15:09,347 - INFO  - Watchdog has been checked: 0 passed
02.07.2014 19:17:09,360 - INFO  - Watchdog has been checked: 0 passed
02.07.2014 19:19:09,224 - INFO  - Watchdog has been checked: 0 passed
02.07.2014 19:21:09,265 - INFO  - Watchdog has been checked: 0 passed
02.07.2014 19:23:09,403 - INFO  - Watchdog has been checked: 0 passed
02.07.2014 19:25:09,401 - INFO  - Watchdog has been checked: 0 passed
02.07.2014 19:27:09,380 - INFO  - Watchdog has been checked: 0 passed
02.07.2014 19:29:09,267 - INFO  - Watchdog has been checked: 0 passed
02.07.2014 19:31:10,401 - INFO  - Watchdog has been checked: 0 passed
02.07.2014 19:33:10,395 - INFO  - Watchdog has been checked: 0 passed
02.07.2014 19:35:10,172 - INFO  - Watchdog has been checked: 0 passed
02.07.2014 19:37:10,423 - INFO  - Watchdog has been checked: 0 passed
02.07.2014 19:39:10,308 - INFO  - Watchdog has been checked: 0 passed
02.07.2014 19:41:10,362 - INFO  - Watchdog has been checked: 0 passed
02.07.2014 19:43:10,588 - INFO  - Watchdog has been checked: 0 passed
02.07.2014 19:45:10,238 - INFO  - Watchdog has been checked: 0 passed
02.07.2014 19:47:10,242 - INFO  - Watchdog has been checked: 0 passed
02.07.2014 19:49:10,406 - INFO  - Watchdog has been checked: 0 passed
02.07.2014 19:51:10,433 - INFO  - Watchdog has been checked: 0 passed
02.07.2014 19:53:10,506 - INFO  - Watchdog has been checked: 0 passed
02.07.2014 19:55:10,299 - INFO  - Watchdog has been checked: 0 passed
02.07.2014 19:57:10,313 - INFO  - Watchdog has been checked: 0 passed
02.07.2014 19:59:10,439 - INFO  - Watchdog has been checked: 0 passed
02.07.2014 20:01:10,199 - INFO  - Watchdog has been checked: 0 passed
02.07.2014 20:03:10,196 - INFO  - Watchdog has been checked: 0 passed
02.07.2014 20:05:10,273 - INFO  - Watchdog has been checked: 0 passed
02.07.2014 20:07:10,275 - INFO  - Watchdog has been checked: 0 passed
02.07.2014 20:09:10,230 - INFO  - Watchdog has been checked: 0 passed
02.07.2014 20:11:10,306 - INFO  - Watchdog has been checked: 0 passed
02.07.2014 20:13:10,372 - INFO  - Watchdog has been checked: 0 passed
02.07.2014 20:15:10,049 - INFO  - Watchdog has been checked: 0 passed
02.07.2014 20:17:10,255 - INFO  - Watchdog has been checked: 0 passed
02.07.2014 20:19:10,128 - INFO  - Watchdog has been checked: 0 passed
02.07.2014 20:21:09,999 - INFO  - Watchdog has been checked: 0 passed
02.07.2014 20:23:09,250 - INFO  - Watchdog has been checked: 0 passed
02.07.2014 20:25:09,035 - INFO  - Watchdog has been checked: 0 passed
02.07.2014 20:27:08,222 - INFO  - Watchdog has been checked: 0 passed
02.07.2014 20:29:08,086 - INFO  - Watchdog has been checked: 0 passed
02.07.2014 20:31:07,188 - INFO  - Watchdog has been checked: 0 passed
02.07.2014 20:33:07,183 - INFO  - Watchdog has been checked: 0 passed
02.07.2014 20:35:07,225 - INFO  - Watchdog has been checked: 0 passed
02.07.2014 20:37:07,231 - INFO  - Watchdog has been checked: 0 passed
02.07.2014 20:39:07,116 - INFO  - Watchdog has been checked: 0 passed
02.07.2014 20:41:06,186 - INFO  - Watchdog has been checked: 0 passed
02.07.2014 20:43:06,178 - INFO  - Watchdog has been checked: 0 passed
02.07.2014 20:45:06,232 - INFO  - Watchdog has been checked: 0 passed
02.07.2014 20:47:06,237 - INFO  - Watchdog has been checked: 0 passed
02.07.2014 20:49:06,333 - INFO  - Watchdog has been checked: 0 passed
02.07.2014 20:51:06,177 - INFO  - Watchdog has been checked: 0 passed
02.07.2014 20:53:05,214 - INFO  - Watchdog has been checked: 0 passed
02.07.2014 20:55:05,222 - INFO  - Watchdog has been checked: 0 passed
02.07.2014 20:57:05,312 - INFO  - Watchdog has been checked: 0 passed
02.07.2014 20:59:05,371 - INFO  - Watchdog has been checked: 0 passed
02.07.2014 21:01:05,269 - INFO  - Watchdog has been checked: 0 passed
02.07.2014 21:03:05,263 - INFO  - Watchdog has been checked: 0 passed
02.07.2014 21:05:05,283 - INFO  - Watchdog has been checked: 0 passed
02.07.2014 21:07:04,323 - INFO  - Watchdog has been checked: 0 passed
02.07.2014 21:09:04,423 - INFO  - Watchdog has been checked: 0 passed
02.07.2014 21:11:04,303 - INFO  - Watchdog has been checked: 0 passed
02.07.2014 21:13:03,319 - INFO  - Watchdog has been checked: 0 passed
02.07.2014 21:15:03,280 - INFO  - Watchdog has been checked: 0 passed
02.07.2014 21:17:03,313 - INFO  - Watchdog has been checked: 0 passed
02.07.2014 21:19:03,359 - INFO  - Watchdog has been checked: 0 passed
02.07.2014 21:21:03,260 - INFO  - Watchdog has been checked: 0 passed
02.07.2014 21:23:03,272 - INFO  - Watchdog has been checked: 0 passed
02.07.2014 21:25:03,283 - INFO  - Watchdog has been checked: 0 passed
02.07.2014 21:27:03,386 - INFO  - Watchdog has been checked: 0 passed
02.07.2014 21:29:03,401 - INFO  - Watchdog has been checked: 0 passed
02.07.2014 21:31:03,553 - INFO  - Watchdog has been checked: 0 passed
02.07.2014 21:33:03,341 - INFO  - Watchdog has been checked: 0 passed
02.07.2014 21:35:03,361 - INFO  - Watchdog has been checked: 0 passed
02.07.2014 21:37:03,442 - INFO  - Watchdog has been checked: 0 passed
02.07.2014 21:39:03,516 - INFO  - Watchdog has been checked: 0 passed
02.07.2014 21:41:03,383 - INFO  - Watchdog has been checked: 0 passed
02.07.2014 21:43:03,415 - INFO  - Watchdog has been checked: 0 passed
02.07.2014 21:45:03,372 - INFO  - Watchdog has been checked: 0 passed
02.07.2014 21:47:03,376 - INFO  - Watchdog has been checked: 0 passed
02.07.2014 21:49:03,160 - INFO  - Watchdog has been checked: 0 passed
02.07.2014 21:51:03,293 - INFO  - Watchdog has been checked: 0 passed
02.07.2014 21:53:03,363 - INFO  - Watchdog has been checked: 0 passed
02.07.2014 21:55:03,294 - INFO  - Watchdog has been checked: 0 passed
02.07.2014 21:57:03,314 - INFO  - Watchdog has been checked: 0 passed
02.07.2014 21:59:03,140 - INFO  - Watchdog has been checked: 0 passed
02.07.2014 22:01:03,190 - INFO  - Watchdog has been checked: 0 passed
02.07.2014 22:03:02,987 - INFO  - Watchdog has been checked: 0 passed
02.07.2014 22:05:01,974 - INFO  - Watchdog has been checked: 0 passed
02.07.2014 22:07:01,038 - INFO  - Watchdog has been checked: 0 passed
02.07.2014 22:09:00,136 - INFO  - Watchdog has been checked: 0 passed
02.07.2014 22:11:00,078 - INFO  - Watchdog has been checked: 0 passed
02.07.2014 22:13:02,388 - INFO  - Watchdog has been checked: 0 passed
02.07.2014 22:15:02,128 - INFO  - Watchdog has been checked: 0 passed
02.07.2014 22:17:02,172 - INFO  - Watchdog has been checked: 0 passed
02.07.2014 22:19:02,247 - INFO  - Watchdog has been checked: 0 passed
02.07.2014 22:21:02,122 - INFO  - Watchdog has been checked: 0 passed
02.07.2014 22:23:02,202 - INFO  - Watchdog has been checked: 0 passed
02.07.2014 22:25:02,199 - INFO  - Watchdog has been checked: 0 passed
02.07.2014 22:27:02,244 - INFO  - Watchdog has been checked: 0 passed
02.07.2014 22:29:02,108 - INFO  - Watchdog has been checked: 0 passed
02.07.2014 22:31:02,218 - INFO  - Watchdog has been checked: 0 passed
02.07.2014 22:33:02,273 - INFO  - Watchdog has been checked: 0 passed
02.07.2014 22:35:02,284 - INFO  - Watchdog has been checked: 0 passed
02.07.2014 22:37:02,109 - INFO  - Watchdog has been checked: 0 passed
02.07.2014 22:39:01,892 - INFO  - Watchdog has been checked: 0 passed
02.07.2014 22:41:01,145 - INFO  - Watchdog has been checked: 0 passed
02.07.2014 22:43:01,236 - INFO  - Watchdog has been checked: 0 passed
02.07.2014 22:45:01,195 - INFO  - Watchdog has been checked: 0 passed
02.07.2014 22:47:01,221 - INFO  - Watchdog has been checked: 0 passed
02.07.2014 22:49:01,340 - INFO  - Watchdog has been checked: 0 passed
02.07.2014 22:51:01,226 - INFO  - Watchdog has been checked: 0 passed
02.07.2014 22:53:01,278 - INFO  - Watchdog has been checked: 0 passed
02.07.2014 22:55:01,324 - INFO  - Watchdog has been checked: 0 passed
02.07.2014 22:57:01,349 - INFO  - Watchdog has been checked: 0 passed
02.07.2014 22:59:01,412 - INFO  - Watchdog has been checked: 0 passed
02.07.2014 23:01:03,258 - INFO  - Watchdog has been checked: 0 passed
02.07.2014 23:03:03,304 - INFO  - Watchdog has been checked: 0 passed
02.07.2014 23:05:03,324 - INFO  - Watchdog has been checked: 0 passed
02.07.2014 23:07:03,123 - INFO  - Watchdog has been checked: 0 passed
02.07.2014 23:09:03,218 - INFO  - Watchdog has been checked: 0 passed
02.07.2014 23:11:03,099 - INFO  - Watchdog has been checked: 0 passed
02.07.2014 23:13:02,134 - INFO  - Watchdog has been checked: 0 passed
02.07.2014 23:15:02,153 - INFO  - Watchdog has been checked: 0 passed
02.07.2014 23:17:02,189 - INFO  - Watchdog has been checked: 0 passed
02.07.2014 23:19:02,245 - INFO  - Watchdog has been checked: 0 passed
02.07.2014 23:21:02,154 - INFO  - Watchdog has been checked: 0 passed
02.07.2014 23:23:02,220 - INFO  - Watchdog has been checked: 0 passed
02.07.2014 23:25:02,237 - INFO  - Watchdog has been checked: 0 passed
02.07.2014 23:27:02,272 - INFO  - Watchdog has been checked: 0 passed
02.07.2014 23:29:02,244 - INFO  - Watchdog has been checked: 0 passed
02.07.2014 23:31:16,281 - INFO  - Watchdog has been checked: 0 passed
02.07.2014 23:32:01,218 - INFO  - Watchdog has been checked: 0 passed
02.07.2014 23:34:00,515 - INFO  - Watchdog has been checked: 0 passed
02.07.2014 23:36:00,422 - INFO  - Watchdog has been checked: 0 passed
02.07.2014 23:38:00,437 - INFO  - Watchdog has been checked: 0 passed
02.07.2014 23:40:00,288 - INFO  - Watchdog has been checked: 0 passed
02.07.2014 23:42:00,257 - INFO  - Watchdog has been checked: 0 passed
02.07.2014 23:44:00,274 - INFO  - Watchdog has been checked: 0 passed
02.07.2014 23:46:03,462 - INFO  - Watchdog has been checked: 0 passed
02.07.2014 23:48:03,150 - INFO  - Watchdog has been checked: 0 passed
02.07.2014 23:50:03,212 - INFO  - Watchdog has been checked: 0 passed
02.07.2014 23:52:03,323 - INFO  - Watchdog has been checked: 0 passed
02.07.2014 23:54:03,277 - INFO  - Watchdog has been checked: 0 passed
02.07.2014 23:56:03,446 - INFO  - Watchdog has been checked: 0 passed
02.07.2014 23:58:03,212 - INFO  - Watchdog has been checked: 0 passed
