18.07.2014 00:01:31,271 - INFO  - Watchdog has been checked: 0 passed
18.07.2014 00:03:31,281 - INFO  - Watchdog has been checked: 0 passed
18.07.2014 00:05:31,259 - INFO  - Watchdog has been checked: 0 passed
18.07.2014 00:07:31,286 - INFO  - Watchdog has been checked: 0 passed
18.07.2014 00:09:31,395 - INFO  - Watchdog has been checked: 0 passed
18.07.2014 00:11:31,343 - INFO  - Watchdog has been checked: 0 passed
18.07.2014 00:13:31,396 - INFO  - Watchdog has been checked: 0 passed
18.07.2014 00:15:31,409 - INFO  - Watchdog has been checked: 0 passed
18.07.2014 00:17:31,211 - INFO  - Watchdog has been checked: 0 passed
18.07.2014 00:19:31,297 - INFO  - Watchdog has been checked: 0 passed
18.07.2014 00:21:31,212 - INFO  - Watchdog has been checked: 0 passed
18.07.2014 00:23:31,307 - INFO  - Watchdog has been checked: 0 passed
18.07.2014 00:25:31,347 - INFO  - Watchdog has been checked: 0 passed
18.07.2014 00:27:31,392 - INFO  - Watchdog has been checked: 0 passed
18.07.2014 00:29:31,241 - INFO  - Watchdog has been checked: 0 passed
18.07.2014 00:31:31,414 - INFO  - Watchdog has been checked: 0 passed
18.07.2014 00:33:31,294 - INFO  - Watchdog has been checked: 0 passed
18.07.2014 00:35:31,372 - INFO  - Watchdog has been checked: 0 passed
18.07.2014 00:37:31,457 - INFO  - Watchdog has been checked: 0 passed
18.07.2014 00:39:31,283 - INFO  - Watchdog has been checked: 0 passed
18.07.2014 00:41:31,217 - INFO  - Watchdog has been checked: 0 passed
18.07.2014 00:43:31,228 - INFO  - Watchdog has been checked: 0 passed
18.07.2014 00:45:31,325 - INFO  - Watchdog has been checked: 0 passed
18.07.2014 00:47:31,099 - INFO  - Watchdog has been checked: 0 passed
18.07.2014 00:49:30,139 - INFO  - Watchdog has been checked: 0 passed
18.07.2014 00:51:30,121 - INFO  - Watchdog has been checked: 0 passed
18.07.2014 00:53:29,134 - INFO  - Watchdog has been checked: 0 passed
18.07.2014 00:55:29,177 - INFO  - Watchdog has been checked: 0 passed
18.07.2014 00:57:29,238 - INFO  - Watchdog has been checked: 0 passed
18.07.2014 00:59:29,056 - INFO  - Watchdog has been checked: 0 passed
18.07.2014 01:01:28,342 - INFO  - Watchdog has been checked: 0 passed
18.07.2014 01:03:28,073 - INFO  - Watchdog has been checked: 0 passed
18.07.2014 01:05:27,109 - INFO  - Watchdog has been checked: 0 passed
18.07.2014 01:07:26,145 - INFO  - Watchdog has been checked: 0 passed
18.07.2014 01:09:25,165 - INFO  - Watchdog has been checked: 0 passed
18.07.2014 01:11:25,183 - INFO  - Watchdog has been checked: 0 passed
18.07.2014 01:13:24,979 - INFO  - Watchdog has been checked: 0 passed
18.07.2014 01:15:23,987 - INFO  - Watchdog has been checked: 0 passed
18.07.2014 01:17:23,091 - INFO  - Watchdog has been checked: 0 passed
18.07.2014 01:19:23,131 - INFO  - Watchdog has been checked: 0 passed
18.07.2014 01:21:23,145 - INFO  - Watchdog has been checked: 0 passed
18.07.2014 01:23:23,212 - INFO  - Watchdog has been checked: 0 passed
18.07.2014 01:25:23,222 - INFO  - Watchdog has been checked: 0 passed
18.07.2014 01:27:23,066 - INFO  - Watchdog has been checked: 0 passed
18.07.2014 01:29:23,089 - INFO  - Watchdog has been checked: 0 passed
18.07.2014 01:31:22,088 - INFO  - Watchdog has been checked: 0 passed
18.07.2014 01:33:22,159 - INFO  - Watchdog has been checked: 0 passed
18.07.2014 01:35:22,216 - INFO  - Watchdog has been checked: 0 passed
18.07.2014 01:37:22,309 - INFO  - Watchdog has been checked: 0 passed
18.07.2014 01:39:22,090 - INFO  - Watchdog has been checked: 0 passed
18.07.2014 01:41:22,295 - INFO  - Watchdog has been checked: 0 passed
18.07.2014 01:43:22,150 - INFO  - Watchdog has been checked: 0 passed
18.07.2014 01:45:22,200 - INFO  - Watchdog has been checked: 0 passed
18.07.2014 01:47:22,331 - INFO  - Watchdog has been checked: 0 passed
18.07.2014 01:49:22,124 - INFO  - Watchdog has been checked: 0 passed
18.07.2014 01:51:22,361 - INFO  - Watchdog has been checked: 0 passed
18.07.2014 01:53:22,206 - INFO  - Watchdog has been checked: 0 passed
18.07.2014 01:55:22,203 - INFO  - Watchdog has been checked: 0 passed
18.07.2014 01:57:22,309 - INFO  - Watchdog has been checked: 0 passed
18.07.2014 01:59:22,375 - INFO  - Watchdog has been checked: 0 passed
18.07.2014 02:01:22,351 - INFO  - Watchdog has been checked: 0 passed
18.07.2014 02:03:22,215 - INFO  - Watchdog has been checked: 0 passed
18.07.2014 02:05:22,229 - INFO  - Watchdog has been checked: 0 passed
18.07.2014 02:07:22,341 - INFO  - Watchdog has been checked: 0 passed
18.07.2014 02:09:22,335 - INFO  - Watchdog has been checked: 0 passed
18.07.2014 02:11:22,309 - INFO  - Watchdog has been checked: 0 passed
18.07.2014 02:13:22,174 - INFO  - Watchdog has been checked: 0 passed
18.07.2014 02:15:22,165 - INFO  - Watchdog has been checked: 0 passed
18.07.2014 02:17:22,199 - INFO  - Watchdog has been checked: 0 passed
18.07.2014 02:19:22,251 - INFO  - Watchdog has been checked: 0 passed
18.07.2014 02:21:22,155 - INFO  - Watchdog has been checked: 0 passed
18.07.2014 02:23:21,034 - INFO  - Watchdog has been checked: 0 passed
18.07.2014 02:25:20,013 - INFO  - Watchdog has been checked: 0 passed
18.07.2014 02:27:19,057 - INFO  - Watchdog has been checked: 0 passed
18.07.2014 02:29:18,316 - INFO  - Watchdog has been checked: 0 passed
18.07.2014 02:31:18,043 - INFO  - Watchdog has been checked: 0 passed
18.07.2014 02:33:18,151 - INFO  - Watchdog has been checked: 0 passed
18.07.2014 02:35:17,162 - INFO  - Watchdog has been checked: 0 passed
18.07.2014 02:37:15,993 - INFO  - Watchdog has been checked: 0 passed
18.07.2014 02:39:16,077 - INFO  - Watchdog has been checked: 0 passed
18.07.2014 02:41:15,190 - INFO  - Watchdog has been checked: 0 passed
18.07.2014 02:43:15,260 - INFO  - Watchdog has been checked: 0 passed
18.07.2014 02:45:15,188 - INFO  - Watchdog has been checked: 0 passed
18.07.2014 02:47:15,238 - INFO  - Watchdog has been checked: 0 passed
18.07.2014 02:49:15,440 - INFO  - Watchdog has been checked: 0 passed
18.07.2014 02:51:15,284 - INFO  - Watchdog has been checked: 0 passed
18.07.2014 02:53:15,363 - INFO  - Watchdog has been checked: 0 passed
18.07.2014 02:55:15,161 - INFO  - Watchdog has been checked: 0 passed
18.07.2014 02:57:17,794 - INFO  - Watchdog has been checked: 0 passed
18.07.2014 02:59:17,272 - INFO  - Watchdog has been checked: 0 passed
18.07.2014 03:01:17,057 - INFO  - Watchdog has been checked: 0 passed
18.07.2014 03:03:17,117 - INFO  - Watchdog has been checked: 0 passed
18.07.2014 03:05:17,181 - INFO  - Watchdog has been checked: 0 passed
18.07.2014 03:07:17,201 - INFO  - Watchdog has been checked: 0 passed
18.07.2014 03:09:17,107 - INFO  - Watchdog has been checked: 0 passed
18.07.2014 03:11:17,123 - INFO  - Watchdog has been checked: 0 passed
18.07.2014 03:13:17,172 - INFO  - Watchdog has been checked: 0 passed
18.07.2014 03:15:17,266 - INFO  - Watchdog has been checked: 0 passed
18.07.2014 03:17:17,293 - INFO  - Watchdog has been checked: 0 passed
18.07.2014 03:19:17,343 - INFO  - Watchdog has been checked: 0 passed
18.07.2014 03:21:17,072 - INFO  - Watchdog has been checked: 0 passed
18.07.2014 03:23:16,162 - INFO  - Watchdog has been checked: 0 passed
18.07.2014 03:25:16,223 - INFO  - Watchdog has been checked: 0 passed
18.07.2014 03:27:16,318 - INFO  - Watchdog has been checked: 0 passed
18.07.2014 03:29:18,639 - INFO  - Watchdog has been checked: 0 passed
18.07.2014 03:31:18,121 - INFO  - Watchdog has been checked: 0 passed
18.07.2014 03:33:17,125 - INFO  - Watchdog has been checked: 0 passed
18.07.2014 03:35:17,168 - INFO  - Watchdog has been checked: 0 passed
18.07.2014 03:37:17,238 - INFO  - Watchdog has been checked: 0 passed
18.07.2014 03:39:17,322 - INFO  - Watchdog has been checked: 0 passed
18.07.2014 03:41:17,295 - INFO  - Watchdog has been checked: 0 passed
18.07.2014 03:43:17,080 - INFO  - Watchdog has been checked: 0 passed
18.07.2014 03:45:16,123 - INFO  - Watchdog has been checked: 0 passed
18.07.2014 03:47:16,277 - INFO  - Watchdog has been checked: 0 passed
18.07.2014 03:49:16,316 - INFO  - Watchdog has been checked: 0 passed
18.07.2014 03:51:18,361 - INFO  - Watchdog has been checked: 0 passed
18.07.2014 03:53:18,170 - INFO  - Watchdog has been checked: 0 passed
18.07.2014 03:55:18,244 - INFO  - Watchdog has been checked: 0 passed
18.07.2014 03:57:18,307 - INFO  - Watchdog has been checked: 0 passed
18.07.2014 03:59:20,418 - INFO  - Watchdog has been checked: 0 passed
18.07.2014 04:01:20,321 - INFO  - Watchdog has been checked: 0 passed
18.07.2014 04:03:20,205 - INFO  - Watchdog has been checked: 0 passed
18.07.2014 04:05:20,197 - INFO  - Watchdog has been checked: 0 passed
18.07.2014 04:07:20,297 - INFO  - Watchdog has been checked: 0 passed
18.07.2014 04:09:20,479 - INFO  - Watchdog has been checked: 0 passed
18.07.2014 04:11:20,344 - INFO  - Watchdog has been checked: 0 passed
18.07.2014 04:13:20,212 - INFO  - Watchdog has been checked: 0 passed
18.07.2014 04:15:20,215 - INFO  - Watchdog has been checked: 0 passed
18.07.2014 04:17:20,313 - INFO  - Watchdog has been checked: 0 passed
18.07.2014 04:19:20,418 - INFO  - Watchdog has been checked: 0 passed
18.07.2014 04:21:20,235 - INFO  - Watchdog has been checked: 0 passed
18.07.2014 04:23:20,142 - INFO  - Watchdog has been checked: 0 passed
18.07.2014 04:25:20,170 - INFO  - Watchdog has been checked: 0 passed
18.07.2014 04:27:20,240 - INFO  - Watchdog has been checked: 0 passed
18.07.2014 04:29:20,368 - INFO  - Watchdog has been checked: 0 passed
18.07.2014 04:31:20,261 - INFO  - Watchdog has been checked: 0 passed
18.07.2014 04:33:20,103 - INFO  - Watchdog has been checked: 0 passed
18.07.2014 04:35:19,085 - INFO  - Watchdog has been checked: 0 passed
18.07.2014 04:37:18,179 - INFO  - Watchdog has been checked: 0 passed
18.07.2014 04:39:18,226 - INFO  - Watchdog has been checked: 0 passed
18.07.2014 04:41:18,194 - INFO  - Watchdog has been checked: 0 passed
18.07.2014 04:43:18,304 - INFO  - Watchdog has been checked: 0 passed
18.07.2014 04:45:18,027 - INFO  - Watchdog has been checked: 0 passed
18.07.2014 04:47:17,080 - INFO  - Watchdog has been checked: 0 passed
18.07.2014 04:49:16,128 - INFO  - Watchdog has been checked: 0 passed
18.07.2014 04:51:16,131 - INFO  - Watchdog has been checked: 0 passed
18.07.2014 04:53:20,269 - INFO  - Watchdog has been checked: 0 passed
18.07.2014 04:55:20,095 - INFO  - Watchdog has been checked: 0 passed
18.07.2014 04:57:20,185 - INFO  - Watchdog has been checked: 0 passed
18.07.2014 04:59:20,343 - INFO  - Watchdog has been checked: 0 passed
18.07.2014 05:01:20,250 - INFO  - Watchdog has been checked: 0 passed
18.07.2014 05:03:20,304 - INFO  - Watchdog has been checked: 0 passed
18.07.2014 05:05:20,363 - INFO  - Watchdog has been checked: 0 passed
18.07.2014 05:07:20,133 - INFO  - Watchdog has been checked: 0 passed
18.07.2014 05:09:20,285 - INFO  - Watchdog has been checked: 0 passed
18.07.2014 05:11:20,217 - INFO  - Watchdog has been checked: 0 passed
18.07.2014 05:13:20,279 - INFO  - Watchdog has been checked: 0 passed
18.07.2014 05:15:20,096 - INFO  - Watchdog has been checked: 0 passed
18.07.2014 05:17:20,119 - INFO  - Watchdog has been checked: 0 passed
18.07.2014 05:19:20,265 - INFO  - Watchdog has been checked: 0 passed
18.07.2014 05:21:20,145 - INFO  - Watchdog has been checked: 0 passed
18.07.2014 05:23:20,230 - INFO  - Watchdog has been checked: 0 passed
18.07.2014 05:25:20,293 - INFO  - Watchdog has been checked: 0 passed
18.07.2014 05:27:20,332 - INFO  - Watchdog has been checked: 0 passed
18.07.2014 05:29:20,308 - INFO  - Watchdog has been checked: 0 passed
18.07.2014 05:31:20,139 - INFO  - Watchdog has been checked: 0 passed
18.07.2014 05:33:20,171 - INFO  - Watchdog has been checked: 0 passed
18.07.2014 05:35:20,226 - INFO  - Watchdog has been checked: 0 passed
18.07.2014 05:37:20,259 - INFO  - Watchdog has been checked: 0 passed
18.07.2014 05:39:20,364 - INFO  - Watchdog has been checked: 0 passed
18.07.2014 05:41:20,310 - INFO  - Watchdog has been checked: 0 passed
18.07.2014 05:43:20,073 - INFO  - Watchdog has been checked: 0 passed
18.07.2014 05:45:20,177 - INFO  - Watchdog has been checked: 0 passed
18.07.2014 05:47:20,167 - INFO  - Watchdog has been checked: 0 passed
18.07.2014 05:49:20,335 - INFO  - Watchdog has been checked: 0 passed
18.07.2014 05:51:20,253 - INFO  - Watchdog has been checked: 0 passed
18.07.2014 05:53:20,292 - INFO  - Watchdog has been checked: 0 passed
18.07.2014 05:55:20,165 - INFO  - Watchdog has been checked: 0 passed
18.07.2014 05:57:20,200 - INFO  - Watchdog has been checked: 0 passed
18.07.2014 05:59:20,256 - INFO  - Watchdog has been checked: 0 passed
18.07.2014 06:01:20,191 - INFO  - Watchdog has been checked: 0 passed
18.07.2014 06:03:20,263 - INFO  - Watchdog has been checked: 0 passed
18.07.2014 06:05:20,312 - INFO  - Watchdog has been checked: 0 passed
18.07.2014 06:07:20,269 - INFO  - Watchdog has been checked: 0 passed
18.07.2014 06:09:20,466 - INFO  - Watchdog has been checked: 0 passed
18.07.2014 06:11:20,314 - INFO  - Watchdog has been checked: 0 passed
18.07.2014 06:13:20,106 - INFO  - Watchdog has been checked: 0 passed
18.07.2014 06:15:01,958 - INFO  - mapping file sync started
18.07.2014 06:15:02,711 - INFO  - file successfully updated
18.07.2014 06:15:20,161 - INFO  - Watchdog has been checked: 0 passed
18.07.2014 06:17:19,233 - INFO  - Watchdog has been checked: 0 passed
18.07.2014 06:19:19,233 - INFO  - Watchdog has been checked: 0 passed
18.07.2014 06:21:19,254 - INFO  - Watchdog has been checked: 0 passed
18.07.2014 06:23:19,060 - INFO  - Watchdog has been checked: 0 passed
18.07.2014 06:25:18,110 - INFO  - Watchdog has been checked: 0 passed
18.07.2014 06:27:17,191 - INFO  - Watchdog has been checked: 0 passed
18.07.2014 06:29:16,183 - INFO  - Watchdog has been checked: 0 passed
18.07.2014 06:31:15,147 - INFO  - Watchdog has been checked: 0 passed
18.07.2014 06:33:14,217 - INFO  - Watchdog has been checked: 0 passed
18.07.2014 06:35:14,227 - INFO  - Watchdog has been checked: 0 passed
18.07.2014 06:37:14,339 - INFO  - Watchdog has been checked: 0 passed
18.07.2014 06:39:14,264 - INFO  - Watchdog has been checked: 0 passed
18.07.2014 06:41:14,280 - INFO  - Watchdog has been checked: 0 passed
18.07.2014 06:43:14,113 - INFO  - Watchdog has been checked: 0 passed
18.07.2014 06:45:13,130 - INFO  - Watchdog has been checked: 0 passed
18.07.2014 06:47:12,203 - INFO  - Watchdog has been checked: 0 passed
18.07.2014 06:49:12,186 - INFO  - Watchdog has been checked: 0 passed
18.07.2014 06:51:12,239 - INFO  - Watchdog has been checked: 0 passed
18.07.2014 06:53:12,334 - INFO  - Watchdog has been checked: 0 passed
18.07.2014 06:55:12,336 - INFO  - Watchdog has been checked: 0 passed
18.07.2014 06:57:12,123 - INFO  - Watchdog has been checked: 0 passed
18.07.2014 06:59:12,135 - INFO  - Watchdog has been checked: 0 passed
18.07.2014 07:01:12,134 - INFO  - Watchdog has been checked: 0 passed
18.07.2014 07:03:12,239 - INFO  - Watchdog has been checked: 0 passed
18.07.2014 07:05:12,260 - INFO  - Watchdog has been checked: 0 passed
18.07.2014 07:07:12,116 - INFO  - Watchdog has been checked: 0 passed
18.07.2014 07:09:12,167 - INFO  - Watchdog has been checked: 0 passed
18.07.2014 07:11:12,155 - INFO  - Watchdog has been checked: 0 passed
18.07.2014 07:13:12,230 - INFO  - Watchdog has been checked: 0 passed
18.07.2014 07:15:01,829 - INFO  - mapping file sync started
18.07.2014 07:15:02,309 - INFO  - file successfully updated
18.07.2014 07:15:12,236 - INFO  - Watchdog has been checked: 0 passed
18.07.2014 07:17:12,068 - INFO  - Watchdog has been checked: 0 passed
18.07.2014 07:19:12,326 - INFO  - Watchdog has been checked: 0 passed
18.07.2014 07:21:12,093 - INFO  - Watchdog has been checked: 0 passed
18.07.2014 07:23:12,121 - INFO  - Watchdog has been checked: 0 passed
18.07.2014 07:25:12,215 - INFO  - Watchdog has been checked: 0 passed
18.07.2014 07:27:12,286 - INFO  - Watchdog has been checked: 0 passed
18.07.2014 07:29:12,283 - INFO  - Watchdog has been checked: 0 passed
18.07.2014 07:31:12,250 - INFO  - Watchdog has been checked: 0 passed
18.07.2014 07:33:12,079 - INFO  - Watchdog has been checked: 0 passed
18.07.2014 07:35:11,121 - INFO  - Watchdog has been checked: 0 passed
18.07.2014 07:37:10,158 - INFO  - Watchdog has been checked: 0 passed
18.07.2014 07:39:09,176 - INFO  - Watchdog has been checked: 0 passed
18.07.2014 07:41:08,162 - INFO  - Watchdog has been checked: 0 passed
18.07.2014 07:43:10,277 - INFO  - Watchdog has been checked: 0 passed
18.07.2014 07:45:10,292 - INFO  - Watchdog has been checked: 0 passed
18.07.2014 07:47:10,062 - INFO  - Watchdog has been checked: 0 passed
18.07.2014 07:49:09,130 - INFO  - Watchdog has been checked: 0 passed
18.07.2014 07:51:08,114 - INFO  - Watchdog has been checked: 0 passed
18.07.2014 07:53:07,200 - INFO  - Watchdog has been checked: 0 passed
18.07.2014 07:55:06,243 - INFO  - Watchdog has been checked: 0 passed
18.07.2014 07:57:06,278 - INFO  - Watchdog has been checked: 0 passed
18.07.2014 07:59:06,220 - INFO  - Watchdog has been checked: 0 passed
18.07.2014 08:01:05,240 - INFO  - Watchdog has been checked: 0 passed
18.07.2014 08:03:04,247 - INFO  - Watchdog has been checked: 0 passed
18.07.2014 08:05:03,243 - INFO  - Watchdog has been checked: 0 passed
18.07.2014 08:07:02,255 - INFO  - Watchdog has been checked: 0 passed
18.07.2014 08:09:02,311 - INFO  - Watchdog has been checked: 0 passed
18.07.2014 08:11:02,110 - INFO  - Watchdog has been checked: 0 passed
18.07.2014 08:13:01,172 - INFO  - Watchdog has been checked: 0 passed
18.07.2014 08:15:00,199 - INFO  - Watchdog has been checked: 0 passed
18.07.2014 08:16:59,218 - INFO  - Watchdog has been checked: 0 passed
18.07.2014 08:18:58,224 - INFO  - Watchdog has been checked: 0 passed
18.07.2014 08:20:58,210 - INFO  - Watchdog has been checked: 0 passed
18.07.2014 08:22:57,267 - INFO  - Watchdog has been checked: 0 passed
18.07.2014 08:24:57,205 - INFO  - Watchdog has been checked: 0 passed
18.07.2014 08:26:57,205 - INFO  - Watchdog has been checked: 0 passed
18.07.2014 08:28:58,838 - INFO  - Watchdog has been checked: 0 passed
18.07.2014 08:30:58,239 - INFO  - Watchdog has been checked: 0 passed
18.07.2014 08:32:58,194 - INFO  - Watchdog has been checked: 0 passed
18.07.2014 08:34:58,314 - INFO  - Watchdog has been checked: 0 passed
18.07.2014 08:36:58,350 - INFO  - Watchdog has been checked: 0 passed
18.07.2014 08:37:08,986 - INFO  - searcher identified --- respT: 49ms, 41779 results, q=, 
18.07.2014 08:37:34,451 - INFO  - searcher identified --- respT: 29ms, 52 results, q=alfresco suche, 
18.07.2014 08:38:20,648 - INFO  - searcher identified --- respT: 60ms, 12 results, q=alfresco suche parameter, 
18.07.2014 08:38:47,671 - INFO  - searcher identified --- respT: 32ms, 12 results, q=alfresco suche parameter, page turned
18.07.2014 08:38:52,029 - INFO  - searcher identified --- respT: 36ms, 12 results, q=alfresco suche parameter, 
18.07.2014 08:38:58,145 - INFO  - Watchdog has been checked: 0 passed
18.07.2014 08:40:58,183 - INFO  - Watchdog has been checked: 0 passed
18.07.2014 08:42:58,001 - INFO  - Watchdog has been checked: 0 passed
18.07.2014 08:44:57,284 - INFO  - Watchdog has been checked: 0 passed
18.07.2014 08:46:57,104 - INFO  - Watchdog has been checked: 0 passed
18.07.2014 08:48:57,049 - INFO  - Watchdog has been checked: 0 passed
18.07.2014 08:50:59,232 - INFO  - Watchdog has been checked: 0 passed
18.07.2014 08:52:59,299 - INFO  - Watchdog has been checked: 0 passed
18.07.2014 08:54:59,285 - INFO  - Watchdog has been checked: 0 passed
18.07.2014 08:56:59,387 - INFO  - Watchdog has been checked: 0 passed
18.07.2014 08:59:00,384 - INFO  - Watchdog has been checked: 0 passed
18.07.2014 09:01:00,122 - INFO  - Watchdog has been checked: 0 passed
18.07.2014 09:03:00,184 - INFO  - Watchdog has been checked: 0 passed
18.07.2014 09:05:00,127 - INFO  - Watchdog has been checked: 0 passed
18.07.2014 09:07:00,172 - INFO  - Watchdog has been checked: 0 passed
18.07.2014 09:09:00,240 - INFO  - Watchdog has been checked: 0 passed
18.07.2014 09:11:00,319 - INFO  - Watchdog has been checked: 0 passed
18.07.2014 09:13:00,486 - INFO  - Watchdog has been checked: 0 passed
18.07.2014 09:15:00,400 - INFO  - Watchdog has been checked: 0 passed
18.07.2014 09:17:00,224 - INFO  - Watchdog has been checked: 0 passed
18.07.2014 09:19:00,280 - INFO  - Watchdog has been checked: 0 passed
18.07.2014 09:21:00,299 - INFO  - Watchdog has been checked: 0 passed
18.07.2014 09:23:00,403 - INFO  - Watchdog has been checked: 0 passed
18.07.2014 09:25:00,345 - INFO  - Watchdog has been checked: 0 passed
18.07.2014 09:27:00,435 - INFO  - Watchdog has been checked: 0 passed
18.07.2014 09:29:00,432 - INFO  - Watchdog has been checked: 0 passed
18.07.2014 09:31:00,215 - INFO  - Watchdog has been checked: 0 passed
18.07.2014 09:33:00,361 - INFO  - Watchdog has been checked: 0 passed
18.07.2014 09:35:00,309 - INFO  - Watchdog has been checked: 0 passed
18.07.2014 09:37:00,323 - INFO  - Watchdog has been checked: 0 passed
18.07.2014 09:39:00,353 - INFO  - Watchdog has been checked: 0 passed
18.07.2014 09:41:00,352 - INFO  - Watchdog has been checked: 0 passed
18.07.2014 09:43:00,221 - INFO  - Watchdog has been checked: 0 passed
18.07.2014 09:45:00,217 - INFO  - Watchdog has been checked: 0 passed
18.07.2014 09:47:00,251 - INFO  - Watchdog has been checked: 0 passed
18.07.2014 09:49:00,331 - INFO  - Watchdog has been checked: 0 passed
18.07.2014 09:51:00,271 - INFO  - Watchdog has been checked: 0 passed
18.07.2014 09:53:00,369 - INFO  - Watchdog has been checked: 0 passed
18.07.2014 09:55:00,012 - INFO  - Watchdog has been checked: 0 passed
18.07.2014 09:57:00,024 - INFO  - Watchdog has been checked: 0 passed
18.07.2014 09:59:00,258 - INFO  - Watchdog has been checked: 0 passed
18.07.2014 10:01:00,147 - INFO  - Watchdog has been checked: 0 passed
18.07.2014 10:03:00,270 - INFO  - Watchdog has been checked: 0 passed
18.07.2014 10:05:00,297 - INFO  - Watchdog has been checked: 0 passed
18.07.2014 10:07:00,246 - INFO  - Watchdog has been checked: 0 passed
18.07.2014 10:09:00,063 - INFO  - Watchdog has been checked: 0 passed
18.07.2014 10:11:00,180 - INFO  - Watchdog has been checked: 0 passed
18.07.2014 10:13:00,286 - INFO  - Watchdog has been checked: 0 passed
18.07.2014 10:15:00,336 - INFO  - Watchdog has been checked: 0 passed
18.07.2014 10:17:00,282 - INFO  - Watchdog has been checked: 0 passed
18.07.2014 10:19:00,111 - INFO  - Watchdog has been checked: 0 passed
18.07.2014 10:21:00,116 - INFO  - Watchdog has been checked: 0 passed
18.07.2014 10:23:00,185 - INFO  - Watchdog has been checked: 0 passed
18.07.2014 10:25:00,216 - INFO  - Watchdog has been checked: 0 passed
18.07.2014 10:27:00,213 - INFO  - Watchdog has been checked: 0 passed
18.07.2014 10:29:00,230 - INFO  - Watchdog has been checked: 0 passed
18.07.2014 10:31:00,341 - INFO  - Watchdog has been checked: 0 passed
18.07.2014 10:33:00,328 - INFO  - Watchdog has been checked: 0 passed
18.07.2014 10:35:00,162 - INFO  - Watchdog has been checked: 0 passed
18.07.2014 10:37:00,150 - INFO  - Watchdog has been checked: 0 passed
18.07.2014 10:39:00,226 - INFO  - Watchdog has been checked: 0 passed
18.07.2014 10:41:00,275 - INFO  - Watchdog has been checked: 0 passed
18.07.2014 10:43:00,375 - INFO  - Watchdog has been checked: 0 passed
18.07.2014 10:45:00,145 - INFO  - Watchdog has been checked: 0 passed
18.07.2014 10:46:59,150 - INFO  - Watchdog has been checked: 0 passed
18.07.2014 10:48:59,166 - INFO  - Watchdog has been checked: 0 passed
18.07.2014 10:50:59,228 - INFO  - Watchdog has been checked: 0 passed
18.07.2014 10:52:59,293 - INFO  - Watchdog has been checked: 0 passed
18.07.2014 10:54:59,903 - INFO  - Watchdog has been checked: 0 passed
18.07.2014 10:56:59,155 - INFO  - Watchdog has been checked: 0 passed
18.07.2014 10:58:59,156 - INFO  - Watchdog has been checked: 0 passed
18.07.2014 11:00:59,203 - INFO  - Watchdog has been checked: 0 passed
18.07.2014 11:03:00,264 - INFO  - Watchdog has been checked: 0 passed
18.07.2014 11:05:00,272 - INFO  - Watchdog has been checked: 0 passed
18.07.2014 11:07:00,337 - INFO  - Watchdog has been checked: 0 passed
18.07.2014 11:09:00,374 - INFO  - Watchdog has been checked: 0 passed
18.07.2014 11:11:00,162 - INFO  - Watchdog has been checked: 0 passed
18.07.2014 11:13:00,248 - INFO  - Watchdog has been checked: 0 passed
18.07.2014 11:15:00,208 - INFO  - Watchdog has been checked: 0 passed
18.07.2014 11:17:00,343 - INFO  - Watchdog has been checked: 0 passed
18.07.2014 11:19:00,131 - INFO  - Watchdog has been checked: 0 passed
18.07.2014 11:21:00,204 - INFO  - Watchdog has been checked: 0 passed
18.07.2014 11:23:00,269 - INFO  - Watchdog has been checked: 0 passed
18.07.2014 11:25:00,237 - INFO  - Watchdog has been checked: 0 passed
18.07.2014 11:27:00,238 - INFO  - Watchdog has been checked: 0 passed
18.07.2014 11:29:00,258 - INFO  - Watchdog has been checked: 0 passed
18.07.2014 11:31:00,150 - INFO  - Watchdog has been checked: 0 passed
18.07.2014 11:33:00,233 - INFO  - Watchdog has been checked: 0 passed
18.07.2014 11:35:00,226 - INFO  - Watchdog has been checked: 0 passed
18.07.2014 11:37:00,253 - INFO  - Watchdog has been checked: 0 passed
18.07.2014 11:39:00,278 - INFO  - Watchdog has been checked: 0 passed
18.07.2014 11:41:00,310 - INFO  - Watchdog has been checked: 0 passed
18.07.2014 11:43:00,177 - INFO  - Watchdog has been checked: 0 passed
18.07.2014 11:44:59,337 - INFO  - Watchdog has been checked: 0 passed
18.07.2014 11:46:59,101 - INFO  - Watchdog has been checked: 0 passed
18.07.2014 11:48:59,293 - INFO  - Watchdog has been checked: 0 passed
18.07.2014 11:50:59,181 - INFO  - Watchdog has been checked: 0 passed
18.07.2014 11:52:59,252 - INFO  - Watchdog has been checked: 0 passed
18.07.2014 11:54:59,242 - INFO  - Watchdog has been checked: 0 passed
18.07.2014 11:56:59,333 - INFO  - Watchdog has been checked: 0 passed
18.07.2014 11:58:59,364 - INFO  - Watchdog has been checked: 0 passed
18.07.2014 12:00:59,194 - INFO  - Watchdog has been checked: 0 passed
18.07.2014 12:02:59,284 - INFO  - Watchdog has been checked: 0 passed
18.07.2014 12:05:00,279 - INFO  - Watchdog has been checked: 0 passed
18.07.2014 12:07:00,310 - INFO  - Watchdog has been checked: 0 passed
18.07.2014 12:09:00,341 - INFO  - Watchdog has been checked: 0 passed
18.07.2014 12:11:00,153 - INFO  - Watchdog has been checked: 0 passed
18.07.2014 12:13:00,247 - INFO  - Watchdog has been checked: 0 passed
18.07.2014 12:15:00,220 - INFO  - Watchdog has been checked: 0 passed
18.07.2014 12:17:00,283 - INFO  - Watchdog has been checked: 0 passed
18.07.2014 12:19:00,359 - INFO  - Watchdog has been checked: 0 passed
18.07.2014 12:21:00,056 - INFO  - Watchdog has been checked: 0 passed
18.07.2014 12:22:59,135 - INFO  - Watchdog has been checked: 0 passed
18.07.2014 12:24:59,138 - INFO  - Watchdog has been checked: 0 passed
18.07.2014 12:26:58,174 - INFO  - Watchdog has been checked: 0 passed
18.07.2014 12:28:58,202 - INFO  - Watchdog has been checked: 0 passed
18.07.2014 12:30:58,238 - INFO  - Watchdog has been checked: 0 passed
18.07.2014 12:32:58,297 - INFO  - Watchdog has been checked: 0 passed
18.07.2014 12:34:58,120 - INFO  - Watchdog has been checked: 0 passed
18.07.2014 12:36:57,163 - INFO  - Watchdog has been checked: 0 passed
18.07.2014 12:38:57,161 - INFO  - Watchdog has been checked: 0 passed
18.07.2014 12:40:57,195 - INFO  - Watchdog has been checked: 0 passed
18.07.2014 12:42:57,307 - INFO  - Watchdog has been checked: 0 passed
18.07.2014 12:44:57,349 - INFO  - Watchdog has been checked: 0 passed
18.07.2014 12:46:57,312 - INFO  - Watchdog has been checked: 0 passed
18.07.2014 12:48:57,106 - INFO  - Watchdog has been checked: 0 passed
18.07.2014 12:50:57,166 - INFO  - Watchdog has been checked: 0 passed
18.07.2014 12:52:57,236 - INFO  - Watchdog has been checked: 0 passed
18.07.2014 12:54:57,268 - INFO  - Watchdog has been checked: 0 passed
18.07.2014 12:56:57,291 - INFO  - Watchdog has been checked: 0 passed
18.07.2014 12:58:57,435 - INFO  - Watchdog has been checked: 0 passed
18.07.2014 13:00:57,406 - INFO  - Watchdog has been checked: 0 passed
18.07.2014 13:02:57,246 - INFO  - Watchdog has been checked: 0 passed
18.07.2014 13:04:57,238 - INFO  - Watchdog has been checked: 0 passed
18.07.2014 13:06:57,909 - INFO  - Watchdog has been checked: 0 passed
18.07.2014 13:08:57,274 - INFO  - Watchdog has been checked: 0 passed
18.07.2014 13:10:57,372 - INFO  - Watchdog has been checked: 0 passed
18.07.2014 13:12:57,369 - INFO  - Watchdog has been checked: 0 passed
18.07.2014 13:14:57,386 - INFO  - Watchdog has been checked: 0 passed
18.07.2014 13:16:57,539 - INFO  - Watchdog has been checked: 0 passed
18.07.2014 13:18:57,288 - INFO  - Watchdog has been checked: 0 passed
18.07.2014 13:20:57,250 - INFO  - Watchdog has been checked: 0 passed
18.07.2014 13:22:57,308 - INFO  - Watchdog has been checked: 0 passed
18.07.2014 13:24:57,285 - INFO  - Watchdog has been checked: 0 passed
18.07.2014 13:26:57,288 - INFO  - Watchdog has been checked: 0 passed
18.07.2014 13:28:57,318 - INFO  - Watchdog has been checked: 0 passed
18.07.2014 13:30:57,110 - INFO  - Watchdog has been checked: 0 passed
18.07.2014 13:32:57,176 - INFO  - Watchdog has been checked: 0 passed
18.07.2014 13:34:57,158 - INFO  - Watchdog has been checked: 0 passed
18.07.2014 13:36:57,190 - INFO  - Watchdog has been checked: 0 passed
18.07.2014 13:38:57,473 - INFO  - Watchdog has been checked: 0 passed
18.07.2014 13:40:56,968 - INFO  - Watchdog has been checked: 0 passed
18.07.2014 13:42:56,087 - INFO  - Watchdog has been checked: 0 passed
18.07.2014 13:44:56,083 - INFO  - Watchdog has been checked: 0 passed
18.07.2014 13:46:56,113 - INFO  - Watchdog has been checked: 0 passed
18.07.2014 13:48:56,145 - INFO  - Watchdog has been checked: 0 passed
18.07.2014 13:50:56,197 - INFO  - Watchdog has been checked: 0 passed
18.07.2014 13:52:56,279 - INFO  - Watchdog has been checked: 0 passed
18.07.2014 13:54:56,293 - INFO  - Watchdog has been checked: 0 passed
18.07.2014 13:56:56,105 - INFO  - Watchdog has been checked: 0 passed
18.07.2014 13:58:55,123 - INFO  - Watchdog has been checked: 0 passed
18.07.2014 14:00:54,177 - INFO  - Watchdog has been checked: 0 passed
18.07.2014 14:02:54,335 - INFO  - Watchdog has been checked: 0 passed
18.07.2014 14:04:54,258 - INFO  - Watchdog has been checked: 0 passed
18.07.2014 14:06:54,293 - INFO  - Watchdog has been checked: 0 passed
18.07.2014 14:08:54,261 - INFO  - Watchdog has been checked: 0 passed
18.07.2014 14:10:54,304 - INFO  - Watchdog has been checked: 0 passed
18.07.2014 14:12:54,123 - INFO  - Watchdog has been checked: 0 passed
18.07.2014 14:14:54,117 - INFO  - Watchdog has been checked: 0 passed
18.07.2014 14:15:22,706 - INFO  - searcher identified --- respT: 33ms, 41906 results, q=, 
18.07.2014 14:15:37,650 - INFO  - searcher identified --- respT: 22ms, 262 results, q=alfresco list, 
18.07.2014 14:15:40,585 - INFO  - searcher identified --- respT: 24ms, 9 results, q=alfresco list angular, 
18.07.2014 14:16:54,162 - INFO  - Watchdog has been checked: 0 passed
18.07.2014 14:18:54,175 - INFO  - Watchdog has been checked: 0 passed
18.07.2014 14:20:54,223 - INFO  - Watchdog has been checked: 0 passed
18.07.2014 14:22:54,294 - INFO  - Watchdog has been checked: 0 passed
18.07.2014 14:24:54,323 - INFO  - Watchdog has been checked: 0 passed
18.07.2014 14:26:54,365 - INFO  - Watchdog has been checked: 0 passed
18.07.2014 14:28:54,413 - INFO  - Watchdog has been checked: 0 passed
18.07.2014 14:30:54,188 - INFO  - Watchdog has been checked: 0 passed
18.07.2014 14:32:54,271 - INFO  - Watchdog has been checked: 0 passed
18.07.2014 14:34:54,288 - INFO  - Watchdog has been checked: 0 passed
18.07.2014 14:36:54,340 - INFO  - Watchdog has been checked: 0 passed
18.07.2014 14:38:54,336 - INFO  - Watchdog has been checked: 0 passed
18.07.2014 14:40:54,375 - INFO  - Watchdog has been checked: 0 passed
18.07.2014 14:42:54,464 - INFO  - Watchdog has been checked: 0 passed
18.07.2014 14:44:54,480 - INFO  - Watchdog has been checked: 0 passed
18.07.2014 14:46:54,498 - INFO  - Watchdog has been checked: 0 passed
18.07.2014 14:48:54,482 - INFO  - Watchdog has been checked: 0 passed
18.07.2014 14:50:54,305 - INFO  - Watchdog has been checked: 0 passed
18.07.2014 14:52:54,397 - INFO  - Watchdog has been checked: 0 passed
18.07.2014 14:54:54,386 - INFO  - Watchdog has been checked: 0 passed
18.07.2014 14:56:54,351 - INFO  - Watchdog has been checked: 0 passed
18.07.2014 14:58:54,328 - INFO  - Watchdog has been checked: 0 passed
18.07.2014 15:00:54,147 - INFO  - Watchdog has been checked: 0 passed
18.07.2014 15:02:54,215 - INFO  - Watchdog has been checked: 0 passed
18.07.2014 15:04:54,251 - INFO  - Watchdog has been checked: 0 passed
18.07.2014 15:06:54,229 - INFO  - Watchdog has been checked: 0 passed
18.07.2014 15:08:54,079 - INFO  - Watchdog has been checked: 0 passed
18.07.2014 15:10:54,165 - INFO  - Watchdog has been checked: 0 passed
18.07.2014 15:12:54,184 - INFO  - Watchdog has been checked: 0 passed
18.07.2014 15:14:54,193 - INFO  - Watchdog has been checked: 0 passed
18.07.2014 15:16:54,009 - INFO  - Watchdog has been checked: 0 passed
18.07.2014 15:18:53,060 - INFO  - Watchdog has been checked: 0 passed
18.07.2014 15:20:52,175 - INFO  - Watchdog has been checked: 0 passed
18.07.2014 15:22:52,205 - INFO  - Watchdog has been checked: 0 passed
18.07.2014 15:24:52,246 - INFO  - Watchdog has been checked: 0 passed
18.07.2014 15:26:52,331 - INFO  - Watchdog has been checked: 0 passed
18.07.2014 15:28:52,302 - INFO  - Watchdog has been checked: 0 passed
18.07.2014 15:30:52,141 - INFO  - Watchdog has been checked: 0 passed
18.07.2014 15:32:52,197 - INFO  - Watchdog has been checked: 0 passed
18.07.2014 15:34:52,200 - INFO  - Watchdog has been checked: 0 passed
18.07.2014 15:36:52,206 - INFO  - Watchdog has been checked: 0 passed
18.07.2014 15:38:52,226 - INFO  - Watchdog has been checked: 0 passed
18.07.2014 15:40:52,315 - INFO  - Watchdog has been checked: 0 passed
18.07.2014 15:42:52,162 - INFO  - Watchdog has been checked: 0 passed
18.07.2014 15:44:52,183 - INFO  - Watchdog has been checked: 0 passed
18.07.2014 15:46:52,221 - INFO  - Watchdog has been checked: 0 passed
18.07.2014 15:48:52,261 - INFO  - Watchdog has been checked: 0 passed
18.07.2014 15:50:52,334 - INFO  - Watchdog has been checked: 0 passed
18.07.2014 15:52:52,201 - INFO  - Watchdog has been checked: 0 passed
18.07.2014 15:54:52,295 - INFO  - Watchdog has been checked: 0 passed
18.07.2014 15:56:52,366 - INFO  - Watchdog has been checked: 0 passed
18.07.2014 15:58:52,342 - INFO  - Watchdog has been checked: 0 passed
18.07.2014 16:00:52,197 - INFO  - Watchdog has been checked: 0 passed
18.07.2014 16:02:52,339 - INFO  - Watchdog has been checked: 0 passed
18.07.2014 16:04:52,354 - INFO  - Watchdog has been checked: 0 passed
18.07.2014 16:06:52,343 - INFO  - Watchdog has been checked: 0 passed
18.07.2014 16:08:52,362 - INFO  - Watchdog has been checked: 0 passed
18.07.2014 16:10:52,230 - INFO  - Watchdog has been checked: 0 passed
18.07.2014 16:12:52,320 - INFO  - Watchdog has been checked: 0 passed
18.07.2014 16:14:52,325 - INFO  - Watchdog has been checked: 0 passed
18.07.2014 16:16:52,395 - INFO  - Watchdog has been checked: 0 passed
18.07.2014 16:18:52,222 - INFO  - Watchdog has been checked: 0 passed
18.07.2014 16:20:52,310 - INFO  - Watchdog has been checked: 0 passed
18.07.2014 16:22:52,360 - INFO  - Watchdog has been checked: 0 passed
18.07.2014 16:24:52,371 - INFO  - Watchdog has been checked: 0 passed
18.07.2014 16:26:52,421 - INFO  - Watchdog has been checked: 0 passed
18.07.2014 16:28:52,450 - INFO  - Watchdog has been checked: 0 passed
18.07.2014 16:30:52,261 - INFO  - Watchdog has been checked: 0 passed
18.07.2014 16:32:52,305 - INFO  - Watchdog has been checked: 0 passed
18.07.2014 16:34:52,304 - INFO  - Watchdog has been checked: 0 passed
18.07.2014 16:36:52,321 - INFO  - Watchdog has been checked: 0 passed
18.07.2014 16:38:52,105 - INFO  - Watchdog has been checked: 0 passed
18.07.2014 16:40:52,181 - INFO  - Watchdog has been checked: 0 passed
18.07.2014 16:42:52,225 - INFO  - Watchdog has been checked: 0 passed
18.07.2014 16:44:51,999 - INFO  - Watchdog has been checked: 0 passed
18.07.2014 16:46:50,976 - INFO  - Watchdog has been checked: 0 passed
18.07.2014 16:48:49,942 - INFO  - Watchdog has been checked: 0 passed
18.07.2014 16:50:50,126 - INFO  - Watchdog has been checked: 0 passed
18.07.2014 16:52:50,203 - INFO  - Watchdog has been checked: 0 passed
18.07.2014 16:54:50,282 - INFO  - Watchdog has been checked: 0 passed
18.07.2014 16:56:50,028 - INFO  - Watchdog has been checked: 0 passed
18.07.2014 16:58:49,041 - INFO  - Watchdog has been checked: 0 passed
18.07.2014 17:00:48,114 - INFO  - Watchdog has been checked: 0 passed
18.07.2014 17:02:48,197 - INFO  - Watchdog has been checked: 0 passed
18.07.2014 17:04:48,234 - INFO  - Watchdog has been checked: 0 passed
18.07.2014 17:06:48,248 - INFO  - Watchdog has been checked: 0 passed
18.07.2014 17:08:48,123 - INFO  - Watchdog has been checked: 0 passed
18.07.2014 17:10:48,947 - INFO  - Watchdog has been checked: 0 passed
18.07.2014 17:12:48,090 - INFO  - Watchdog has been checked: 0 passed
18.07.2014 17:14:48,237 - INFO  - Watchdog has been checked: 0 passed
18.07.2014 17:16:48,266 - INFO  - Watchdog has been checked: 0 passed
18.07.2014 17:18:48,270 - INFO  - Watchdog has been checked: 0 passed
18.07.2014 17:20:48,311 - INFO  - Watchdog has been checked: 0 passed
18.07.2014 17:21:51,405 - INFO  - searcher identified --- respT: 17ms, 5295 results, web:(PSIWeb), q=, 
18.07.2014 17:22:00,924 - INFO  - searcher identified --- respT: 14ms, 14 results, web:(PSIWeb), author:ThomasBuecklers, q=, 
18.07.2014 17:22:48,155 - INFO  - Watchdog has been checked: 0 passed
18.07.2014 17:24:48,163 - INFO  - Watchdog has been checked: 0 passed
18.07.2014 17:26:48,245 - INFO  - Watchdog has been checked: 0 passed
18.07.2014 17:28:48,220 - INFO  - Watchdog has been checked: 0 passed
18.07.2014 17:30:48,297 - INFO  - Watchdog has been checked: 0 passed
18.07.2014 17:32:50,349 - INFO  - Watchdog has been checked: 0 passed
18.07.2014 17:34:50,374 - INFO  - Watchdog has been checked: 0 passed
18.07.2014 17:36:50,175 - INFO  - Watchdog has been checked: 0 passed
18.07.2014 17:38:50,170 - INFO  - Watchdog has been checked: 0 passed
18.07.2014 17:40:50,268 - INFO  - Watchdog has been checked: 0 passed
18.07.2014 17:42:50,320 - INFO  - Watchdog has been checked: 0 passed
18.07.2014 17:44:50,342 - INFO  - Watchdog has been checked: 0 passed
18.07.2014 17:46:50,414 - INFO  - Watchdog has been checked: 0 passed
18.07.2014 17:48:50,418 - INFO  - Watchdog has been checked: 0 passed
18.07.2014 17:50:50,277 - INFO  - Watchdog has been checked: 0 passed
18.07.2014 17:52:50,304 - INFO  - Watchdog has been checked: 0 passed
18.07.2014 17:54:50,309 - INFO  - Watchdog has been checked: 0 passed
18.07.2014 17:56:50,911 - INFO  - Watchdog has been checked: 0 passed
18.07.2014 17:58:50,352 - INFO  - Watchdog has been checked: 0 passed
18.07.2014 18:00:50,404 - INFO  - Watchdog has been checked: 0 passed
18.07.2014 18:02:50,229 - INFO  - Watchdog has been checked: 0 passed
18.07.2014 18:04:50,210 - INFO  - Watchdog has been checked: 0 passed
18.07.2014 18:06:50,481 - INFO  - Watchdog has been checked: 0 passed
18.07.2014 18:08:50,323 - INFO  - Watchdog has been checked: 0 passed
18.07.2014 18:10:50,342 - INFO  - Watchdog has been checked: 0 passed
18.07.2014 18:12:50,470 - INFO  - Watchdog has been checked: 0 passed
18.07.2014 18:14:50,442 - INFO  - Watchdog has been checked: 0 passed
18.07.2014 18:16:51,967 - INFO  - Watchdog has been checked: 0 passed
18.07.2014 18:18:51,196 - INFO  - Watchdog has been checked: 0 passed
18.07.2014 18:20:51,222 - INFO  - Watchdog has been checked: 0 passed
18.07.2014 18:22:51,209 - INFO  - Watchdog has been checked: 0 passed
18.07.2014 18:24:51,021 - INFO  - Watchdog has been checked: 0 passed
18.07.2014 18:26:50,035 - INFO  - Watchdog has been checked: 0 passed
18.07.2014 18:28:49,065 - INFO  - Watchdog has been checked: 0 passed
18.07.2014 18:30:48,099 - INFO  - Watchdog has been checked: 0 passed
18.07.2014 18:32:47,166 - INFO  - Watchdog has been checked: 0 passed
18.07.2014 18:34:47,172 - INFO  - Watchdog has been checked: 0 passed
18.07.2014 18:36:47,165 - INFO  - Watchdog has been checked: 0 passed
18.07.2014 18:38:47,250 - INFO  - Watchdog has been checked: 0 passed
18.07.2014 18:40:47,072 - INFO  - Watchdog has been checked: 0 passed
18.07.2014 18:42:50,141 - INFO  - Watchdog has been checked: 0 passed
18.07.2014 18:44:49,170 - INFO  - Watchdog has been checked: 0 passed
18.07.2014 18:46:49,385 - INFO  - Watchdog has been checked: 0 passed
18.07.2014 18:48:49,244 - INFO  - Watchdog has been checked: 0 passed
18.07.2014 18:50:49,034 - INFO  - Watchdog has been checked: 0 passed
18.07.2014 18:52:48,109 - INFO  - Watchdog has been checked: 0 passed
18.07.2014 18:54:48,120 - INFO  - Watchdog has been checked: 0 passed
18.07.2014 18:56:48,222 - INFO  - Watchdog has been checked: 0 passed
18.07.2014 18:58:48,262 - INFO  - Watchdog has been checked: 0 passed
18.07.2014 19:00:48,121 - INFO  - Watchdog has been checked: 0 passed
18.07.2014 19:02:48,173 - INFO  - Watchdog has been checked: 0 passed
18.07.2014 19:04:48,276 - INFO  - Watchdog has been checked: 0 passed
18.07.2014 19:06:48,316 - INFO  - Watchdog has been checked: 0 passed
18.07.2014 19:08:48,356 - INFO  - Watchdog has been checked: 0 passed
18.07.2014 19:10:48,194 - INFO  - Watchdog has been checked: 0 passed
18.07.2014 19:12:48,235 - INFO  - Watchdog has been checked: 0 passed
18.07.2014 19:14:48,257 - INFO  - Watchdog has been checked: 0 passed
18.07.2014 19:16:49,793 - INFO  - Watchdog has been checked: 0 passed
18.07.2014 19:18:49,257 - INFO  - Watchdog has been checked: 0 passed
18.07.2014 19:19:39,010 - INFO  - searcher identified --- respT: 19ms, 5296 results, web:(PSIWeb), q=, 
18.07.2014 19:19:42,292 - INFO  - searcher identified --- respT: 38ms, 50 results, web:(PSIWeb), q=piwik, 
18.07.2014 19:19:49,225 - INFO  - searcher identified --- respT: 12ms, 4 results, web:(PSIWeb), date:[NOW/DAY-7DAY TO NOW], q=piwik, 
18.07.2014 19:19:57,172 - INFO  - searcher identified --- respT: 14ms, 61 results, web:(PSIWeb), date:[NOW/DAY-7DAY TO NOW], q=, 
18.07.2014 19:20:00,705 - INFO  - searcher identified --- respT: 12ms, 4 results, web:(PSIWeb), date:[NOW/DAY-7DAY TO NOW], author:ThomasBuecklers, q=, 
18.07.2014 19:20:27,745 - INFO  - searcher identified --- respT: 13ms, 7 results, web:(PSIWeb), date:[NOW-1MONTH TO NOW], author:ThomasBuecklers, q=, 
18.07.2014 19:20:28,208 - INFO  - searcher identified --- respT: 11ms, 1 results, web:(PSIWeb), date:[NOW/DAY TO NOW], author:ThomasBuecklers, q=, 
18.07.2014 19:20:30,010 - INFO  - searcher identified --- respT: 14ms, 7 results, web:(PSIWeb), date:[NOW-1MONTH TO NOW], author:ThomasBuecklers, q=, 
18.07.2014 19:20:41,953 - INFO  - searcher identified --- respT: 14ms, 272 results, web:(PSIWeb), date:[NOW-1MONTH TO NOW], q=, 
18.07.2014 19:20:42,939 - INFO  - searcher identified --- respT: 16ms, 5296 results, web:(PSIWeb), q=, 
18.07.2014 19:20:47,084 - INFO  - searcher identified --- respT: 17ms, 50 results, web:(PSIWeb), q=piwik, 
18.07.2014 19:20:49,357 - INFO  - Watchdog has been checked: 0 passed
18.07.2014 19:20:49,422 - INFO  - searcher identified --- respT: 27ms, 1 results, web:(PSIWeb), q=piwik lehrstellen, 
18.07.2014 19:20:53,428 - INFO  - searcher identified --- respT: 14ms, 50 results, web:(PSIWeb), q=piwik, 
18.07.2014 19:22:49,378 - INFO  - Watchdog has been checked: 0 passed
18.07.2014 19:24:49,399 - INFO  - Watchdog has been checked: 0 passed
18.07.2014 19:26:49,393 - INFO  - Watchdog has been checked: 0 passed
18.07.2014 19:28:49,138 - INFO  - Watchdog has been checked: 0 passed
18.07.2014 19:30:49,219 - INFO  - Watchdog has been checked: 0 passed
18.07.2014 19:32:49,274 - INFO  - Watchdog has been checked: 0 passed
18.07.2014 19:34:49,291 - INFO  - Watchdog has been checked: 0 passed
18.07.2014 19:36:50,296 - INFO  - Watchdog has been checked: 0 passed
18.07.2014 19:38:50,312 - INFO  - Watchdog has been checked: 0 passed
18.07.2014 19:40:50,143 - INFO  - Watchdog has been checked: 0 passed
18.07.2014 19:42:50,170 - INFO  - Watchdog has been checked: 0 passed
18.07.2014 19:44:50,191 - INFO  - Watchdog has been checked: 0 passed
18.07.2014 19:46:50,249 - INFO  - Watchdog has been checked: 0 passed
18.07.2014 19:48:50,239 - INFO  - Watchdog has been checked: 0 passed
18.07.2014 19:50:50,354 - INFO  - Watchdog has been checked: 0 passed
18.07.2014 19:52:50,193 - INFO  - Watchdog has been checked: 0 passed
18.07.2014 19:54:50,199 - INFO  - Watchdog has been checked: 0 passed
18.07.2014 19:56:50,233 - INFO  - Watchdog has been checked: 0 passed
18.07.2014 19:58:50,215 - INFO  - Watchdog has been checked: 0 passed
18.07.2014 20:00:50,263 - INFO  - Watchdog has been checked: 0 passed
18.07.2014 20:02:50,148 - INFO  - Watchdog has been checked: 0 passed
18.07.2014 20:04:50,157 - INFO  - Watchdog has been checked: 0 passed
18.07.2014 20:06:50,180 - INFO  - Watchdog has been checked: 0 passed
18.07.2014 20:08:50,216 - INFO  - Watchdog has been checked: 0 passed
18.07.2014 20:10:50,324 - INFO  - Watchdog has been checked: 0 passed
18.07.2014 20:12:50,131 - INFO  - Watchdog has been checked: 0 passed
18.07.2014 20:14:50,115 - INFO  - Watchdog has been checked: 0 passed
18.07.2014 20:16:50,168 - INFO  - Watchdog has been checked: 0 passed
18.07.2014 20:18:50,172 - INFO  - Watchdog has been checked: 0 passed
18.07.2014 20:20:50,212 - INFO  - Watchdog has been checked: 0 passed
18.07.2014 20:22:50,286 - INFO  - Watchdog has been checked: 0 passed
18.07.2014 20:24:50,278 - INFO  - Watchdog has been checked: 0 passed
18.07.2014 20:26:50,290 - INFO  - Watchdog has been checked: 0 passed
18.07.2014 20:28:50,146 - INFO  - Watchdog has been checked: 0 passed
18.07.2014 20:30:50,159 - INFO  - Watchdog has been checked: 0 passed
18.07.2014 20:32:50,238 - INFO  - Watchdog has been checked: 0 passed
18.07.2014 20:34:50,238 - INFO  - Watchdog has been checked: 0 passed
18.07.2014 20:36:50,233 - INFO  - Watchdog has been checked: 0 passed
18.07.2014 20:38:50,328 - INFO  - Watchdog has been checked: 0 passed
18.07.2014 20:40:50,112 - INFO  - Watchdog has been checked: 0 passed
18.07.2014 20:42:50,204 - INFO  - Watchdog has been checked: 0 passed
18.07.2014 20:44:50,248 - INFO  - Watchdog has been checked: 0 passed
18.07.2014 20:46:50,301 - INFO  - Watchdog has been checked: 0 passed
18.07.2014 20:48:50,294 - INFO  - Watchdog has been checked: 0 passed
18.07.2014 20:50:50,131 - INFO  - Watchdog has been checked: 0 passed
18.07.2014 20:52:50,155 - INFO  - Watchdog has been checked: 0 passed
18.07.2014 20:54:50,197 - INFO  - Watchdog has been checked: 0 passed
18.07.2014 20:56:51,785 - INFO  - Watchdog has been checked: 0 passed
18.07.2014 20:58:51,181 - INFO  - Watchdog has been checked: 0 passed
18.07.2014 21:00:51,249 - INFO  - Watchdog has been checked: 0 passed
18.07.2014 21:02:51,322 - INFO  - Watchdog has been checked: 0 passed
18.07.2014 21:04:51,343 - INFO  - Watchdog has been checked: 0 passed
18.07.2014 21:06:51,351 - INFO  - Watchdog has been checked: 0 passed
18.07.2014 21:08:51,203 - INFO  - Watchdog has been checked: 0 passed
18.07.2014 21:10:51,272 - INFO  - Watchdog has been checked: 0 passed
18.07.2014 21:12:51,353 - INFO  - Watchdog has been checked: 0 passed
18.07.2014 21:14:51,367 - INFO  - Watchdog has been checked: 0 passed
18.07.2014 21:16:51,377 - INFO  - Watchdog has been checked: 0 passed
18.07.2014 21:18:51,367 - INFO  - Watchdog has been checked: 0 passed
18.07.2014 21:20:51,418 - INFO  - Watchdog has been checked: 0 passed
18.07.2014 21:22:51,188 - INFO  - Watchdog has been checked: 0 passed
18.07.2014 21:24:51,234 - INFO  - Watchdog has been checked: 0 passed
18.07.2014 21:26:51,267 - INFO  - Watchdog has been checked: 0 passed
18.07.2014 21:28:51,281 - INFO  - Watchdog has been checked: 0 passed
18.07.2014 21:30:51,368 - INFO  - Watchdog has been checked: 0 passed
18.07.2014 21:32:51,142 - INFO  - Watchdog has been checked: 0 passed
18.07.2014 21:34:51,197 - INFO  - Watchdog has been checked: 0 passed
18.07.2014 21:36:51,352 - INFO  - Watchdog has been checked: 0 passed
18.07.2014 21:38:51,364 - INFO  - Watchdog has been checked: 0 passed
18.07.2014 21:40:51,240 - INFO  - Watchdog has been checked: 0 passed
18.07.2014 21:42:51,041 - INFO  - Watchdog has been checked: 0 passed
18.07.2014 21:44:51,103 - INFO  - Watchdog has been checked: 0 passed
18.07.2014 21:46:51,130 - INFO  - Watchdog has been checked: 0 passed
18.07.2014 21:48:51,109 - INFO  - Watchdog has been checked: 0 passed
18.07.2014 21:50:51,224 - INFO  - Watchdog has been checked: 0 passed
18.07.2014 21:52:51,223 - INFO  - Watchdog has been checked: 0 passed
18.07.2014 21:54:51,222 - INFO  - Watchdog has been checked: 0 passed
18.07.2014 21:56:51,273 - INFO  - Watchdog has been checked: 0 passed
18.07.2014 21:58:51,200 - INFO  - Watchdog has been checked: 0 passed
18.07.2014 22:00:51,372 - INFO  - Watchdog has been checked: 0 passed
18.07.2014 22:02:51,145 - INFO  - Watchdog has been checked: 0 passed
18.07.2014 22:04:51,193 - INFO  - Watchdog has been checked: 0 passed
18.07.2014 22:06:51,232 - INFO  - Watchdog has been checked: 0 passed
18.07.2014 22:08:51,200 - INFO  - Watchdog has been checked: 0 passed
18.07.2014 22:10:51,101 - INFO  - Watchdog has been checked: 0 passed
18.07.2014 22:12:50,126 - INFO  - Watchdog has been checked: 0 passed
18.07.2014 22:14:49,081 - INFO  - Watchdog has been checked: 0 passed
18.07.2014 22:16:48,125 - INFO  - Watchdog has been checked: 0 passed
18.07.2014 22:18:48,208 - INFO  - Watchdog has been checked: 0 passed
18.07.2014 22:20:48,913 - INFO  - Watchdog has been checked: 0 passed
18.07.2014 22:22:48,269 - INFO  - Watchdog has been checked: 0 passed
18.07.2014 22:24:48,327 - INFO  - Watchdog has been checked: 0 passed
18.07.2014 22:26:48,141 - INFO  - Watchdog has been checked: 0 passed
18.07.2014 22:28:47,354 - INFO  - Watchdog has been checked: 0 passed
18.07.2014 22:30:47,167 - INFO  - Watchdog has been checked: 0 passed
18.07.2014 22:32:46,217 - INFO  - Watchdog has been checked: 0 passed
18.07.2014 22:34:45,139 - INFO  - Watchdog has been checked: 0 passed
18.07.2014 22:36:45,194 - INFO  - Watchdog has been checked: 0 passed
18.07.2014 22:38:45,212 - INFO  - Watchdog has been checked: 0 passed
18.07.2014 22:40:45,336 - INFO  - Watchdog has been checked: 0 passed
18.07.2014 22:42:45,142 - INFO  - Watchdog has been checked: 0 passed
18.07.2014 22:44:44,150 - INFO  - Watchdog has been checked: 0 passed
18.07.2014 22:46:43,183 - INFO  - Watchdog has been checked: 0 passed
18.07.2014 22:48:42,157 - INFO  - Watchdog has been checked: 0 passed
18.07.2014 22:50:41,151 - INFO  - Watchdog has been checked: 0 passed
18.07.2014 22:52:41,060 - INFO  - Watchdog has been checked: 0 passed
18.07.2014 22:54:40,025 - INFO  - Watchdog has been checked: 0 passed
18.07.2014 22:56:39,007 - INFO  - Watchdog has been checked: 0 passed
18.07.2014 22:58:38,098 - INFO  - Watchdog has been checked: 0 passed
18.07.2014 23:00:37,204 - INFO  - Watchdog has been checked: 0 passed
18.07.2014 23:02:37,302 - INFO  - Watchdog has been checked: 0 passed
18.07.2014 23:04:37,308 - INFO  - Watchdog has been checked: 0 passed
18.07.2014 23:06:37,278 - INFO  - Watchdog has been checked: 0 passed
18.07.2014 23:08:37,502 - INFO  - Watchdog has been checked: 0 passed
18.07.2014 23:10:37,156 - INFO  - Watchdog has been checked: 0 passed
18.07.2014 23:12:37,241 - INFO  - Watchdog has been checked: 0 passed
18.07.2014 23:14:37,251 - INFO  - Watchdog has been checked: 0 passed
18.07.2014 23:16:40,860 - INFO  - Watchdog has been checked: 0 passed
18.07.2014 23:18:40,285 - INFO  - Watchdog has been checked: 0 passed
18.07.2014 23:20:40,323 - INFO  - Watchdog has been checked: 0 passed
18.07.2014 23:22:40,122 - INFO  - Watchdog has been checked: 0 passed
18.07.2014 23:24:40,183 - INFO  - Watchdog has been checked: 0 passed
18.07.2014 23:26:40,863 - INFO  - Watchdog has been checked: 0 passed
18.07.2014 23:28:40,243 - INFO  - Watchdog has been checked: 0 passed
18.07.2014 23:30:40,305 - INFO  - Watchdog has been checked: 0 passed
18.07.2014 23:31:40,767 - INFO  - Watchdog has been checked: 0 passed
18.07.2014 23:32:40,116 - INFO  - Watchdog has been checked: 0 passed
18.07.2014 23:34:40,300 - INFO  - Watchdog has been checked: 0 passed
18.07.2014 23:36:40,730 - INFO  - Watchdog has been checked: 0 passed
18.07.2014 23:38:40,352 - INFO  - Watchdog has been checked: 0 passed
18.07.2014 23:40:40,166 - INFO  - Watchdog has been checked: 0 passed
18.07.2014 23:42:40,190 - INFO  - Watchdog has been checked: 0 passed
18.07.2014 23:44:40,231 - INFO  - Watchdog has been checked: 0 passed
18.07.2014 23:46:40,667 - INFO  - Watchdog has been checked: 0 passed
18.07.2014 23:48:40,327 - INFO  - Watchdog has been checked: 0 passed
18.07.2014 23:50:40,321 - INFO  - Watchdog has been checked: 0 passed
18.07.2014 23:52:40,196 - INFO  - Watchdog has been checked: 0 passed
18.07.2014 23:54:40,287 - INFO  - Watchdog has been checked: 0 passed
18.07.2014 23:56:40,563 - INFO  - Watchdog has been checked: 0 passed
18.07.2014 23:58:40,383 - INFO  - Watchdog has been checked: 0 passed
