16.09.2014 00:00:08,312 - INFO  - Watchdog has been checked: 0 passed
16.09.2014 00:02:08,004 - INFO  - Watchdog has been checked: 0 passed
16.09.2014 00:04:07,975 - INFO  - Watchdog has been checked: 0 passed
16.09.2014 00:06:08,164 - INFO  - Watchdog has been checked: 0 passed
16.09.2014 00:08:08,021 - INFO  - Watchdog has been checked: 0 passed
16.09.2014 00:10:08,295 - INFO  - Watchdog has been checked: 0 passed
16.09.2014 00:12:08,190 - INFO  - Watchdog has been checked: 0 passed
16.09.2014 00:14:08,033 - INFO  - Watchdog has been checked: 0 passed
16.09.2014 00:16:07,995 - INFO  - Watchdog has been checked: 0 passed
16.09.2014 00:18:07,248 - INFO  - Watchdog has been checked: 0 passed
16.09.2014 00:20:07,271 - INFO  - Watchdog has been checked: 0 passed
16.09.2014 00:22:07,133 - INFO  - Watchdog has been checked: 0 passed
16.09.2014 00:24:08,183 - INFO  - Watchdog has been checked: 0 passed
16.09.2014 00:26:08,105 - INFO  - Watchdog has been checked: 0 passed
16.09.2014 00:28:08,282 - INFO  - Watchdog has been checked: 0 passed
16.09.2014 00:30:08,158 - INFO  - Watchdog has been checked: 0 passed
16.09.2014 00:32:08,341 - INFO  - Watchdog has been checked: 0 passed
16.09.2014 00:34:08,240 - INFO  - Watchdog has been checked: 0 passed
16.09.2014 00:36:08,403 - INFO  - Watchdog has been checked: 0 passed
16.09.2014 00:38:08,324 - INFO  - Watchdog has been checked: 0 passed
16.09.2014 00:40:08,390 - INFO  - Watchdog has been checked: 0 passed
16.09.2014 00:42:08,278 - INFO  - Watchdog has been checked: 0 passed
16.09.2014 00:44:08,242 - INFO  - Watchdog has been checked: 0 passed
16.09.2014 00:46:08,189 - INFO  - Watchdog has been checked: 0 passed
16.09.2014 00:48:08,327 - INFO  - Watchdog has been checked: 0 passed
16.09.2014 00:50:08,177 - INFO  - Watchdog has been checked: 0 passed
16.09.2014 00:52:08,209 - INFO  - Watchdog has been checked: 0 passed
16.09.2014 00:54:08,240 - INFO  - Watchdog has been checked: 0 passed
16.09.2014 00:56:08,135 - INFO  - Watchdog has been checked: 0 passed
16.09.2014 00:58:08,346 - INFO  - Watchdog has been checked: 0 passed
16.09.2014 01:00:08,401 - INFO  - Watchdog has been checked: 0 passed
16.09.2014 01:02:08,185 - INFO  - Watchdog has been checked: 0 passed
16.09.2014 01:04:08,223 - INFO  - Watchdog has been checked: 0 passed
16.09.2014 01:06:08,165 - INFO  - Watchdog has been checked: 0 passed
16.09.2014 01:08:08,100 - INFO  - Watchdog has been checked: 0 passed
16.09.2014 01:10:07,065 - INFO  - Watchdog has been checked: 0 passed
16.09.2014 01:12:06,266 - INFO  - Watchdog has been checked: 0 passed
16.09.2014 01:14:06,277 - INFO  - Watchdog has been checked: 0 passed
16.09.2014 01:16:06,171 - INFO  - Watchdog has been checked: 0 passed
16.09.2014 01:18:06,315 - INFO  - Watchdog has been checked: 0 passed
16.09.2014 01:20:06,149 - INFO  - Watchdog has been checked: 0 passed
16.09.2014 01:22:06,303 - INFO  - Watchdog has been checked: 0 passed
16.09.2014 01:24:06,330 - INFO  - Watchdog has been checked: 0 passed
16.09.2014 01:26:07,613 - INFO  - Watchdog has been checked: 0 passed
16.09.2014 01:28:07,303 - INFO  - Watchdog has been checked: 0 passed
16.09.2014 01:30:07,166 - INFO  - Watchdog has been checked: 0 passed
16.09.2014 01:32:07,257 - INFO  - Watchdog has been checked: 0 passed
16.09.2014 01:34:07,265 - INFO  - Watchdog has been checked: 0 passed
16.09.2014 01:36:07,144 - INFO  - Watchdog has been checked: 0 passed
16.09.2014 01:38:07,141 - INFO  - Watchdog has been checked: 0 passed
16.09.2014 01:40:07,289 - INFO  - Watchdog has been checked: 0 passed
16.09.2014 01:42:07,067 - INFO  - Watchdog has been checked: 0 passed
16.09.2014 01:44:07,087 - INFO  - Watchdog has been checked: 0 passed
16.09.2014 01:46:07,252 - INFO  - Watchdog has been checked: 0 passed
16.09.2014 01:48:07,220 - INFO  - Watchdog has been checked: 0 passed
16.09.2014 01:50:08,309 - INFO  - Watchdog has been checked: 0 passed
16.09.2014 01:52:08,143 - INFO  - Watchdog has been checked: 0 passed
16.09.2014 01:54:08,118 - INFO  - Watchdog has been checked: 0 passed
16.09.2014 01:56:07,095 - INFO  - Watchdog has been checked: 0 passed
16.09.2014 01:58:06,205 - INFO  - Watchdog has been checked: 0 passed
16.09.2014 02:00:06,295 - INFO  - Watchdog has been checked: 0 passed
16.09.2014 02:02:08,215 - INFO  - Watchdog has been checked: 0 passed
16.09.2014 02:04:08,130 - INFO  - Watchdog has been checked: 0 passed
16.09.2014 02:06:08,091 - INFO  - Watchdog has been checked: 0 passed
16.09.2014 02:08:08,241 - INFO  - Watchdog has been checked: 0 passed
16.09.2014 02:10:08,075 - INFO  - Watchdog has been checked: 0 passed
16.09.2014 02:12:08,351 - INFO  - Watchdog has been checked: 0 passed
16.09.2014 02:14:08,351 - INFO  - Watchdog has been checked: 0 passed
16.09.2014 02:16:08,100 - INFO  - Watchdog has been checked: 0 passed
16.09.2014 02:18:07,961 - INFO  - Watchdog has been checked: 0 passed
16.09.2014 02:20:07,319 - INFO  - Watchdog has been checked: 0 passed
16.09.2014 02:22:07,169 - INFO  - Watchdog has been checked: 0 passed
16.09.2014 02:24:06,894 - INFO  - Watchdog has been checked: 0 passed
16.09.2014 02:26:06,079 - INFO  - Watchdog has been checked: 0 passed
16.09.2014 02:28:07,978 - INFO  - Watchdog has been checked: 0 passed
16.09.2014 02:30:07,308 - INFO  - Watchdog has been checked: 0 passed
16.09.2014 02:32:07,072 - INFO  - Watchdog has been checked: 0 passed
16.09.2014 02:34:06,053 - INFO  - Watchdog has been checked: 0 passed
16.09.2014 02:36:06,215 - INFO  - Watchdog has been checked: 0 passed
16.09.2014 02:38:06,167 - INFO  - Watchdog has been checked: 0 passed
16.09.2014 02:40:06,319 - INFO  - Watchdog has been checked: 0 passed
16.09.2014 02:42:06,393 - INFO  - Watchdog has been checked: 0 passed
16.09.2014 02:44:06,333 - INFO  - Watchdog has been checked: 0 passed
16.09.2014 02:46:06,316 - INFO  - Watchdog has been checked: 0 passed
16.09.2014 02:48:06,204 - INFO  - Watchdog has been checked: 0 passed
16.09.2014 02:50:06,323 - INFO  - Watchdog has been checked: 0 passed
16.09.2014 02:52:08,379 - INFO  - Watchdog has been checked: 0 passed
16.09.2014 02:54:08,356 - INFO  - Watchdog has been checked: 0 passed
16.09.2014 02:56:08,200 - INFO  - Watchdog has been checked: 0 passed
16.09.2014 02:58:08,121 - INFO  - Watchdog has been checked: 0 passed
16.09.2014 03:00:08,183 - INFO  - Watchdog has been checked: 0 passed
16.09.2014 03:02:08,276 - INFO  - Watchdog has been checked: 0 passed
16.09.2014 03:04:08,191 - INFO  - Watchdog has been checked: 0 passed
16.09.2014 03:06:08,077 - INFO  - Watchdog has been checked: 0 passed
16.09.2014 03:08:08,302 - INFO  - Watchdog has been checked: 0 passed
16.09.2014 03:10:08,114 - INFO  - Watchdog has been checked: 0 passed
16.09.2014 03:12:07,246 - INFO  - Watchdog has been checked: 0 passed
16.09.2014 03:14:07,142 - INFO  - Watchdog has been checked: 0 passed
16.09.2014 03:16:07,076 - INFO  - Watchdog has been checked: 0 passed
16.09.2014 03:18:07,330 - INFO  - Watchdog has been checked: 0 passed
16.09.2014 03:20:07,079 - INFO  - Watchdog has been checked: 0 passed
16.09.2014 03:22:06,161 - INFO  - Watchdog has been checked: 0 passed
16.09.2014 03:24:06,166 - INFO  - Watchdog has been checked: 0 passed
16.09.2014 03:26:06,319 - INFO  - Watchdog has been checked: 0 passed
16.09.2014 03:28:06,238 - INFO  - Watchdog has been checked: 0 passed
16.09.2014 03:30:08,290 - INFO  - Watchdog has been checked: 0 passed
16.09.2014 03:32:08,119 - INFO  - Watchdog has been checked: 0 passed
16.09.2014 03:34:08,129 - INFO  - Watchdog has been checked: 0 passed
16.09.2014 03:36:08,021 - INFO  - Watchdog has been checked: 0 passed
16.09.2014 03:38:08,164 - INFO  - Watchdog has been checked: 0 passed
16.09.2014 03:40:08,311 - INFO  - Watchdog has been checked: 0 passed
16.09.2014 03:42:08,142 - INFO  - Watchdog has been checked: 0 passed
16.09.2014 03:44:08,193 - INFO  - Watchdog has been checked: 0 passed
16.09.2014 03:46:08,298 - INFO  - Watchdog has been checked: 0 passed
16.09.2014 03:48:08,243 - INFO  - Watchdog has been checked: 0 passed
16.09.2014 03:50:08,307 - INFO  - Watchdog has been checked: 0 passed
16.09.2014 03:52:08,189 - INFO  - Watchdog has been checked: 0 passed
16.09.2014 03:54:08,458 - INFO  - Watchdog has been checked: 0 passed
16.09.2014 03:56:08,149 - INFO  - Watchdog has been checked: 0 passed
16.09.2014 03:58:07,474 - INFO  - Watchdog has been checked: 0 passed
16.09.2014 04:00:07,136 - INFO  - Watchdog has been checked: 0 passed
16.09.2014 04:02:07,223 - INFO  - Watchdog has been checked: 0 passed
16.09.2014 04:04:07,246 - INFO  - Watchdog has been checked: 0 passed
16.09.2014 04:06:07,222 - INFO  - Watchdog has been checked: 0 passed
16.09.2014 04:08:07,174 - INFO  - Watchdog has been checked: 0 passed
16.09.2014 04:10:07,213 - INFO  - Watchdog has been checked: 0 passed
16.09.2014 04:12:07,078 - INFO  - Watchdog has been checked: 0 passed
16.09.2014 04:14:07,125 - INFO  - Watchdog has been checked: 0 passed
16.09.2014 04:16:07,278 - INFO  - Watchdog has been checked: 0 passed
16.09.2014 04:18:07,166 - INFO  - Watchdog has been checked: 0 passed
16.09.2014 04:20:07,245 - INFO  - Watchdog has been checked: 0 passed
16.09.2014 04:22:07,065 - INFO  - Watchdog has been checked: 0 passed
16.09.2014 04:24:07,125 - INFO  - Watchdog has been checked: 0 passed
16.09.2014 04:26:07,032 - INFO  - Watchdog has been checked: 0 passed
16.09.2014 04:28:06,182 - INFO  - Watchdog has been checked: 0 passed
16.09.2014 04:30:06,242 - INFO  - Watchdog has been checked: 0 passed
16.09.2014 04:32:08,177 - INFO  - Watchdog has been checked: 0 passed
16.09.2014 04:34:08,144 - INFO  - Watchdog has been checked: 0 passed
16.09.2014 04:36:08,071 - INFO  - Watchdog has been checked: 0 passed
16.09.2014 04:38:08,224 - INFO  - Watchdog has been checked: 0 passed
16.09.2014 04:40:08,095 - INFO  - Watchdog has been checked: 0 passed
16.09.2014 04:42:08,255 - INFO  - Watchdog has been checked: 0 passed
16.09.2014 04:44:08,150 - INFO  - Watchdog has been checked: 0 passed
16.09.2014 04:46:08,114 - INFO  - Watchdog has been checked: 0 passed
16.09.2014 04:48:08,033 - INFO  - Watchdog has been checked: 0 passed
16.09.2014 04:50:08,186 - INFO  - Watchdog has been checked: 0 passed
16.09.2014 04:52:08,051 - INFO  - Watchdog has been checked: 0 passed
16.09.2014 04:54:08,082 - INFO  - Watchdog has been checked: 0 passed
16.09.2014 04:56:08,070 - INFO  - Watchdog has been checked: 0 passed
16.09.2014 04:58:08,187 - INFO  - Watchdog has been checked: 0 passed
16.09.2014 05:00:08,218 - INFO  - Watchdog has been checked: 0 passed
16.09.2014 05:02:08,063 - INFO  - Watchdog has been checked: 0 passed
16.09.2014 05:04:08,035 - INFO  - Watchdog has been checked: 0 passed
16.09.2014 05:06:08,166 - INFO  - Watchdog has been checked: 0 passed
16.09.2014 05:08:08,207 - INFO  - Watchdog has been checked: 0 passed
16.09.2014 05:10:07,900 - INFO  - Watchdog has been checked: 0 passed
16.09.2014 05:12:06,994 - INFO  - Watchdog has been checked: 0 passed
16.09.2014 05:14:06,118 - INFO  - Watchdog has been checked: 0 passed
16.09.2014 05:16:06,156 - INFO  - Watchdog has been checked: 0 passed
16.09.2014 05:18:07,430 - INFO  - Watchdog has been checked: 0 passed
16.09.2014 05:20:07,037 - INFO  - Watchdog has been checked: 0 passed
16.09.2014 05:22:06,160 - INFO  - Watchdog has been checked: 0 passed
16.09.2014 05:24:05,136 - INFO  - Watchdog has been checked: 0 passed
16.09.2014 05:26:05,260 - INFO  - Watchdog has been checked: 0 passed
16.09.2014 05:28:05,178 - INFO  - Watchdog has been checked: 0 passed
16.09.2014 05:30:05,266 - INFO  - Watchdog has been checked: 0 passed
16.09.2014 05:32:05,169 - INFO  - Watchdog has been checked: 0 passed
16.09.2014 05:34:05,149 - INFO  - Watchdog has been checked: 0 passed
16.09.2014 05:36:04,262 - INFO  - Watchdog has been checked: 0 passed
16.09.2014 05:38:04,275 - INFO  - Watchdog has been checked: 0 passed
16.09.2014 05:40:04,136 - INFO  - Watchdog has been checked: 0 passed
16.09.2014 05:42:04,251 - INFO  - Watchdog has been checked: 0 passed
16.09.2014 05:44:04,214 - INFO  - Watchdog has been checked: 0 passed
16.09.2014 05:46:04,337 - INFO  - Watchdog has been checked: 0 passed
16.09.2014 05:48:04,260 - INFO  - Watchdog has been checked: 0 passed
16.09.2014 05:50:04,325 - INFO  - Watchdog has been checked: 0 passed
16.09.2014 05:52:04,188 - INFO  - Watchdog has been checked: 0 passed
16.09.2014 05:54:04,193 - INFO  - Watchdog has been checked: 0 passed
16.09.2014 05:56:04,296 - INFO  - Watchdog has been checked: 0 passed
16.09.2014 05:58:04,171 - INFO  - Watchdog has been checked: 0 passed
16.09.2014 06:00:04,231 - INFO  - Watchdog has been checked: 0 passed
16.09.2014 06:02:04,094 - INFO  - Watchdog has been checked: 0 passed
16.09.2014 06:04:03,179 - INFO  - Watchdog has been checked: 0 passed
16.09.2014 06:06:03,056 - INFO  - Watchdog has been checked: 0 passed
16.09.2014 06:08:03,228 - INFO  - Watchdog has been checked: 0 passed
16.09.2014 06:10:03,079 - INFO  - Watchdog has been checked: 0 passed
16.09.2014 06:12:02,294 - INFO  - Watchdog has been checked: 0 passed
16.09.2014 06:14:02,254 - INFO  - Watchdog has been checked: 0 passed
16.09.2014 06:15:02,153 - INFO  - mapping file sync started
16.09.2014 06:15:03,690 - INFO  - file successfully updated
16.09.2014 06:16:02,097 - INFO  - Watchdog has been checked: 0 passed
16.09.2014 06:18:02,325 - INFO  - Watchdog has been checked: 0 passed
16.09.2014 06:20:02,038 - INFO  - Watchdog has been checked: 0 passed
16.09.2014 06:22:01,132 - INFO  - Watchdog has been checked: 0 passed
16.09.2014 06:24:01,191 - INFO  - Watchdog has been checked: 0 passed
16.09.2014 06:26:01,026 - INFO  - Watchdog has been checked: 0 passed
16.09.2014 06:28:00,095 - INFO  - Watchdog has been checked: 0 passed
16.09.2014 06:30:00,189 - INFO  - Watchdog has been checked: 0 passed
16.09.2014 06:32:00,010 - INFO  - Watchdog has been checked: 0 passed
16.09.2014 06:33:59,021 - INFO  - Watchdog has been checked: 0 passed
16.09.2014 06:35:58,214 - INFO  - Watchdog has been checked: 0 passed
16.09.2014 06:37:58,092 - INFO  - Watchdog has been checked: 0 passed
16.09.2014 06:39:57,955 - INFO  - Watchdog has been checked: 0 passed
16.09.2014 06:41:57,182 - INFO  - Watchdog has been checked: 0 passed
16.09.2014 06:43:57,204 - INFO  - Watchdog has been checked: 0 passed
16.09.2014 06:45:57,334 - INFO  - Watchdog has been checked: 0 passed
16.09.2014 06:47:57,252 - INFO  - Watchdog has been checked: 0 passed
16.09.2014 06:49:57,199 - INFO  - Watchdog has been checked: 0 passed
16.09.2014 06:51:57,244 - INFO  - Watchdog has been checked: 0 passed
16.09.2014 06:53:57,255 - INFO  - Watchdog has been checked: 0 passed
16.09.2014 06:55:57,263 - INFO  - Watchdog has been checked: 0 passed
16.09.2014 06:57:57,266 - INFO  - Watchdog has been checked: 0 passed
16.09.2014 06:59:57,377 - INFO  - Watchdog has been checked: 0 passed
16.09.2014 07:01:58,263 - INFO  - Watchdog has been checked: 0 passed
16.09.2014 07:03:58,198 - INFO  - Watchdog has been checked: 0 passed
16.09.2014 07:05:58,176 - INFO  - Watchdog has been checked: 0 passed
16.09.2014 07:07:58,299 - INFO  - Watchdog has been checked: 0 passed
16.09.2014 07:09:58,166 - INFO  - Watchdog has been checked: 0 passed
16.09.2014 07:11:58,286 - INFO  - Watchdog has been checked: 0 passed
16.09.2014 07:13:58,330 - INFO  - Watchdog has been checked: 0 passed
16.09.2014 07:15:02,323 - INFO  - mapping file sync started
16.09.2014 07:15:03,398 - INFO  - file successfully updated
16.09.2014 07:15:58,260 - INFO  - Watchdog has been checked: 0 passed
16.09.2014 07:17:58,098 - INFO  - Watchdog has been checked: 0 passed
16.09.2014 07:19:57,113 - INFO  - Watchdog has been checked: 0 passed
16.09.2014 07:21:56,294 - INFO  - Watchdog has been checked: 0 passed
16.09.2014 07:23:56,231 - INFO  - Watchdog has been checked: 0 passed
16.09.2014 07:25:56,277 - INFO  - Watchdog has been checked: 0 passed
16.09.2014 07:27:56,290 - INFO  - Watchdog has been checked: 0 passed
16.09.2014 07:29:56,193 - INFO  - Watchdog has been checked: 0 passed
16.09.2014 07:31:56,247 - INFO  - Watchdog has been checked: 0 passed
16.09.2014 07:33:56,274 - INFO  - Watchdog has been checked: 0 passed
16.09.2014 07:35:56,187 - INFO  - Watchdog has been checked: 0 passed
16.09.2014 07:37:56,981 - INFO  - Watchdog has been checked: 0 passed
16.09.2014 07:39:56,217 - INFO  - Watchdog has been checked: 0 passed
16.09.2014 07:41:56,230 - INFO  - Watchdog has been checked: 0 passed
16.09.2014 07:43:56,213 - INFO  - Watchdog has been checked: 0 passed
16.09.2014 07:45:56,142 - INFO  - Watchdog has been checked: 0 passed
16.09.2014 07:47:58,238 - INFO  - Watchdog has been checked: 0 passed
16.09.2014 07:49:58,059 - INFO  - Watchdog has been checked: 0 passed
16.09.2014 07:51:57,207 - INFO  - Watchdog has been checked: 0 passed
16.09.2014 07:53:57,177 - INFO  - Watchdog has been checked: 0 passed
16.09.2014 07:55:57,482 - INFO  - Watchdog has been checked: 0 passed
16.09.2014 07:57:57,242 - INFO  - Watchdog has been checked: 0 passed
16.09.2014 07:59:57,231 - INFO  - Watchdog has been checked: 0 passed
16.09.2014 08:01:57,097 - INFO  - Watchdog has been checked: 0 passed
16.09.2014 08:03:59,345 - INFO  - Watchdog has been checked: 0 passed
16.09.2014 08:05:59,218 - INFO  - Watchdog has been checked: 0 passed
16.09.2014 08:07:59,127 - INFO  - Watchdog has been checked: 0 passed
16.09.2014 08:09:59,228 - INFO  - Watchdog has been checked: 0 passed
16.09.2014 08:11:59,116 - INFO  - Watchdog has been checked: 0 passed
16.09.2014 08:13:59,174 - INFO  - Watchdog has been checked: 0 passed
16.09.2014 08:15:59,351 - INFO  - Watchdog has been checked: 0 passed
16.09.2014 08:17:59,230 - INFO  - Watchdog has been checked: 0 passed
16.09.2014 08:19:59,259 - INFO  - Watchdog has been checked: 0 passed
16.09.2014 08:21:59,151 - INFO  - Watchdog has been checked: 0 passed
16.09.2014 08:23:59,175 - INFO  - Watchdog has been checked: 0 passed
16.09.2014 08:25:59,122 - INFO  - Watchdog has been checked: 0 passed
16.09.2014 08:27:59,012 - INFO  - Watchdog has been checked: 0 passed
16.09.2014 08:29:58,996 - INFO  - Watchdog has been checked: 0 passed
16.09.2014 08:31:58,199 - INFO  - Watchdog has been checked: 0 passed
16.09.2014 08:33:58,192 - INFO  - Watchdog has been checked: 0 passed
16.09.2014 08:35:58,093 - INFO  - Watchdog has been checked: 0 passed
16.09.2014 08:37:58,259 - INFO  - Watchdog has been checked: 0 passed
16.09.2014 08:39:58,322 - INFO  - Watchdog has been checked: 0 passed
16.09.2014 08:41:58,160 - INFO  - Watchdog has been checked: 0 passed
16.09.2014 08:43:58,144 - INFO  - Watchdog has been checked: 0 passed
16.09.2014 08:45:58,085 - INFO  - Watchdog has been checked: 0 passed
16.09.2014 08:47:58,263 - INFO  - Watchdog has been checked: 0 passed
16.09.2014 08:49:58,324 - INFO  - Watchdog has been checked: 0 passed
16.09.2014 08:51:58,212 - INFO  - Watchdog has been checked: 0 passed
16.09.2014 08:53:58,207 - INFO  - Watchdog has been checked: 0 passed
16.09.2014 08:55:58,143 - INFO  - Watchdog has been checked: 0 passed
16.09.2014 08:57:58,298 - INFO  - Watchdog has been checked: 0 passed
16.09.2014 08:59:58,352 - INFO  - Watchdog has been checked: 0 passed
16.09.2014 09:01:58,195 - INFO  - Watchdog has been checked: 0 passed
16.09.2014 09:03:58,141 - INFO  - Watchdog has been checked: 0 passed
16.09.2014 09:05:58,199 - INFO  - Watchdog has been checked: 0 passed
16.09.2014 09:07:58,243 - INFO  - Watchdog has been checked: 0 passed
16.09.2014 09:09:58,337 - INFO  - Watchdog has been checked: 0 passed
16.09.2014 09:11:58,163 - INFO  - Watchdog has been checked: 0 passed
16.09.2014 09:13:57,167 - INFO  - Watchdog has been checked: 0 passed
16.09.2014 09:15:57,062 - INFO  - Watchdog has been checked: 0 passed
16.09.2014 09:17:56,210 - INFO  - Watchdog has been checked: 0 passed
16.09.2014 09:19:56,064 - INFO  - Watchdog has been checked: 0 passed
16.09.2014 09:21:55,149 - INFO  - Watchdog has been checked: 0 passed
16.09.2014 09:23:54,085 - INFO  - Watchdog has been checked: 0 passed
16.09.2014 09:25:53,022 - INFO  - Watchdog has been checked: 0 passed
16.09.2014 09:27:52,149 - INFO  - Watchdog has been checked: 0 passed
16.09.2014 09:29:51,181 - INFO  - Watchdog has been checked: 0 passed
16.09.2014 09:31:50,084 - INFO  - Watchdog has been checked: 0 passed
16.09.2014 09:33:50,272 - INFO  - Watchdog has been checked: 0 passed
16.09.2014 09:35:50,158 - INFO  - Watchdog has been checked: 0 passed
16.09.2014 09:37:49,096 - INFO  - Watchdog has been checked: 0 passed
16.09.2014 09:39:48,104 - INFO  - Watchdog has been checked: 0 passed
16.09.2014 09:41:48,229 - INFO  - Watchdog has been checked: 0 passed
16.09.2014 09:43:48,056 - INFO  - Watchdog has been checked: 0 passed
16.09.2014 09:45:48,222 - INFO  - Watchdog has been checked: 0 passed
16.09.2014 09:47:48,112 - INFO  - Watchdog has been checked: 0 passed
16.09.2014 09:49:48,162 - INFO  - Watchdog has been checked: 0 passed
16.09.2014 09:51:48,038 - INFO  - Watchdog has been checked: 0 passed
16.09.2014 09:53:48,003 - INFO  - Watchdog has been checked: 0 passed
16.09.2014 09:55:48,139 - INFO  - Watchdog has been checked: 0 passed
16.09.2014 09:57:48,080 - INFO  - Watchdog has been checked: 0 passed
16.09.2014 09:59:48,139 - INFO  - Watchdog has been checked: 0 passed
16.09.2014 10:01:48,163 - INFO  - Watchdog has been checked: 0 passed
16.09.2014 10:03:48,287 - INFO  - Watchdog has been checked: 0 passed
16.09.2014 10:05:48,110 - INFO  - Watchdog has been checked: 0 passed
16.09.2014 10:07:48,215 - INFO  - Watchdog has been checked: 0 passed
16.09.2014 10:09:48,141 - INFO  - Watchdog has been checked: 0 passed
16.09.2014 10:11:49,599 - INFO  - Watchdog has been checked: 0 passed
16.09.2014 10:13:49,199 - INFO  - Watchdog has been checked: 0 passed
16.09.2014 10:15:49,435 - INFO  - Watchdog has been checked: 0 passed
16.09.2014 10:17:49,311 - INFO  - Watchdog has been checked: 0 passed
16.09.2014 10:19:49,398 - INFO  - Watchdog has been checked: 0 passed
16.09.2014 10:21:49,302 - INFO  - Watchdog has been checked: 0 passed
16.09.2014 10:23:49,282 - INFO  - Watchdog has been checked: 0 passed
16.09.2014 10:25:49,536 - INFO  - Watchdog has been checked: 0 passed
16.09.2014 10:27:49,325 - INFO  - Watchdog has been checked: 0 passed
16.09.2014 10:29:49,454 - INFO  - Watchdog has been checked: 0 passed
16.09.2014 10:31:49,317 - INFO  - Watchdog has been checked: 0 passed
16.09.2014 10:33:49,297 - INFO  - Watchdog has been checked: 0 passed
16.09.2014 10:35:49,418 - INFO  - Watchdog has been checked: 0 passed
16.09.2014 10:37:49,325 - INFO  - Watchdog has been checked: 0 passed
16.09.2014 10:39:49,377 - INFO  - Watchdog has been checked: 0 passed
16.09.2014 10:41:49,188 - INFO  - Watchdog has been checked: 0 passed
16.09.2014 10:43:49,453 - INFO  - Watchdog has been checked: 0 passed
16.09.2014 10:45:49,363 - INFO  - Watchdog has been checked: 0 passed
16.09.2014 10:47:49,256 - INFO  - Watchdog has been checked: 0 passed
16.09.2014 10:49:49,299 - INFO  - Watchdog has been checked: 0 passed
16.09.2014 10:51:49,206 - INFO  - Watchdog has been checked: 0 passed
16.09.2014 10:53:49,170 - INFO  - Watchdog has been checked: 0 passed
16.09.2014 10:55:49,023 - INFO  - Watchdog has been checked: 0 passed
16.09.2014 10:57:48,215 - INFO  - Watchdog has been checked: 0 passed
16.09.2014 10:59:47,981 - INFO  - Watchdog has been checked: 0 passed
16.09.2014 11:01:47,411 - INFO  - Watchdog has been checked: 0 passed
16.09.2014 11:03:47,050 - INFO  - Watchdog has been checked: 0 passed
16.09.2014 11:05:47,224 - INFO  - Watchdog has been checked: 0 passed
16.09.2014 11:07:47,079 - INFO  - Watchdog has been checked: 0 passed
16.09.2014 11:09:47,273 - INFO  - Watchdog has been checked: 0 passed
16.09.2014 11:11:47,224 - INFO  - Watchdog has been checked: 0 passed
16.09.2014 11:13:47,006 - INFO  - Watchdog has been checked: 0 passed
16.09.2014 11:15:47,222 - INFO  - Watchdog has been checked: 0 passed
16.09.2014 11:17:47,126 - INFO  - Watchdog has been checked: 0 passed
16.09.2014 11:19:47,236 - INFO  - Watchdog has been checked: 0 passed
16.09.2014 11:21:47,294 - INFO  - Watchdog has been checked: 0 passed
16.09.2014 11:23:47,266 - INFO  - Watchdog has been checked: 0 passed
16.09.2014 11:25:47,255 - INFO  - Watchdog has been checked: 0 passed
16.09.2014 11:27:47,043 - INFO  - Watchdog has been checked: 0 passed
16.09.2014 11:29:47,102 - INFO  - Watchdog has been checked: 0 passed
16.09.2014 11:31:47,218 - INFO  - Watchdog has been checked: 0 passed
16.09.2014 11:33:47,227 - INFO  - Watchdog has been checked: 0 passed
16.09.2014 11:35:48,114 - INFO  - Watchdog has been checked: 0 passed
16.09.2014 11:37:48,352 - INFO  - Watchdog has been checked: 0 passed
16.09.2014 11:39:48,169 - INFO  - Watchdog has been checked: 0 passed
16.09.2014 11:41:48,169 - INFO  - Watchdog has been checked: 0 passed
16.09.2014 11:43:48,266 - INFO  - Watchdog has been checked: 0 passed
16.09.2014 11:45:48,033 - INFO  - Watchdog has been checked: 0 passed
16.09.2014 11:47:48,202 - INFO  - Watchdog has been checked: 0 passed
16.09.2014 11:49:48,005 - INFO  - Watchdog has been checked: 0 passed
16.09.2014 11:51:48,511 - INFO  - Watchdog has been checked: 0 passed
16.09.2014 11:53:48,222 - INFO  - Watchdog has been checked: 0 passed
16.09.2014 11:55:48,075 - INFO  - Watchdog has been checked: 0 passed
16.09.2014 11:57:48,298 - INFO  - Watchdog has been checked: 0 passed
16.09.2014 11:59:48,340 - INFO  - Watchdog has been checked: 0 passed
16.09.2014 12:01:48,212 - INFO  - Watchdog has been checked: 0 passed
16.09.2014 12:03:48,234 - INFO  - Watchdog has been checked: 0 passed
16.09.2014 12:05:48,152 - INFO  - Watchdog has been checked: 0 passed
16.09.2014 12:07:48,198 - INFO  - Watchdog has been checked: 0 passed
16.09.2014 12:09:48,118 - INFO  - Watchdog has been checked: 0 passed
16.09.2014 12:11:47,226 - INFO  - Watchdog has been checked: 0 passed
16.09.2014 12:13:47,244 - INFO  - Watchdog has been checked: 0 passed
16.09.2014 12:15:47,121 - INFO  - Watchdog has been checked: 0 passed
16.09.2014 12:17:47,305 - INFO  - Watchdog has been checked: 0 passed
16.09.2014 12:19:47,082 - INFO  - Watchdog has been checked: 0 passed
16.09.2014 12:21:47,800 - INFO  - Watchdog has been checked: 0 passed
16.09.2014 12:23:47,225 - INFO  - Watchdog has been checked: 0 passed
16.09.2014 12:25:47,251 - INFO  - Watchdog has been checked: 0 passed
16.09.2014 12:27:47,415 - INFO  - Watchdog has been checked: 0 passed
16.09.2014 12:29:47,212 - INFO  - Watchdog has been checked: 0 passed
16.09.2014 12:31:47,307 - INFO  - Watchdog has been checked: 0 passed
16.09.2014 12:33:47,305 - INFO  - Watchdog has been checked: 0 passed
16.09.2014 12:35:47,139 - INFO  - Watchdog has been checked: 0 passed
16.09.2014 12:37:48,275 - INFO  - Watchdog has been checked: 0 passed
16.09.2014 12:39:48,325 - INFO  - Watchdog has been checked: 0 passed
16.09.2014 12:41:48,187 - INFO  - Watchdog has been checked: 0 passed
16.09.2014 12:43:48,228 - INFO  - Watchdog has been checked: 0 passed
16.09.2014 12:45:48,338 - INFO  - Watchdog has been checked: 0 passed
16.09.2014 12:47:48,193 - INFO  - Watchdog has been checked: 0 passed
16.09.2014 12:49:48,256 - INFO  - Watchdog has been checked: 0 passed
16.09.2014 12:51:48,122 - INFO  - Watchdog has been checked: 0 passed
16.09.2014 12:53:48,203 - INFO  - Watchdog has been checked: 0 passed
16.09.2014 12:55:48,287 - INFO  - Watchdog has been checked: 0 passed
16.09.2014 12:57:48,186 - INFO  - Watchdog has been checked: 0 passed
16.09.2014 12:59:48,252 - INFO  - Watchdog has been checked: 0 passed
16.09.2014 13:01:48,175 - INFO  - Watchdog has been checked: 0 passed
16.09.2014 13:03:48,162 - INFO  - Watchdog has been checked: 0 passed
16.09.2014 13:05:48,334 - INFO  - Watchdog has been checked: 0 passed
16.09.2014 13:07:48,220 - INFO  - Watchdog has been checked: 0 passed
16.09.2014 13:09:48,322 - INFO  - Watchdog has been checked: 0 passed
16.09.2014 13:11:48,216 - INFO  - Watchdog has been checked: 0 passed
16.09.2014 13:13:48,283 - INFO  - Watchdog has been checked: 0 passed
16.09.2014 13:15:48,055 - INFO  - Watchdog has been checked: 0 passed
16.09.2014 13:17:48,037 - INFO  - Watchdog has been checked: 0 passed
16.09.2014 13:19:48,097 - INFO  - Watchdog has been checked: 0 passed
16.09.2014 13:21:48,234 - INFO  - Watchdog has been checked: 0 passed
16.09.2014 13:23:48,255 - INFO  - Watchdog has been checked: 0 passed
16.09.2014 13:25:48,089 - INFO  - Watchdog has been checked: 0 passed
16.09.2014 13:27:47,970 - INFO  - Watchdog has been checked: 0 passed
16.09.2014 13:29:47,003 - INFO  - Watchdog has been checked: 0 passed
16.09.2014 13:31:46,172 - INFO  - Watchdog has been checked: 0 passed
16.09.2014 13:33:46,142 - INFO  - Watchdog has been checked: 0 passed
16.09.2014 13:35:46,013 - INFO  - Watchdog has been checked: 0 passed
16.09.2014 13:37:45,014 - INFO  - Watchdog has been checked: 0 passed
16.09.2014 13:37:56,659 - ERROR - unknown wikiuser
16.09.2014 13:37:56,751 - INFO  - searcher anonymous --- respT: 24ms, 28813 results, q=, 
16.09.2014 13:38:00,260 - ERROR - unknown wikiuser
16.09.2014 13:38:00,339 - INFO  - searcher anonymous --- respT: 16ms, 374 results, q=mitarbeiter, 
16.09.2014 13:38:00,941 - ERROR - unknown wikiuser
16.09.2014 13:38:01,063 - INFO  - searcher anonymous --- respT: 54ms, 4 results, q=mitarbeiterg, 
16.09.2014 13:38:01,956 - ERROR - unknown wikiuser
16.09.2014 13:38:02,005 - INFO  - searcher anonymous --- respT: 18ms, no results, q=mitarbeitergesprö, 
16.09.2014 13:38:03,790 - ERROR - unknown wikiuser
16.09.2014 13:38:03,824 - INFO  - searcher anonymous --- respT: 11ms, no results, q=mitarbeitergespr, 
16.09.2014 13:38:08,582 - ERROR - unknown wikiuser
16.09.2014 13:38:08,620 - INFO  - searcher anonymous --- respT: 13ms, 3 results, q=mitarbeitergespräch, 
16.09.2014 13:39:44,096 - INFO  - Watchdog has been checked: 0 passed
16.09.2014 13:41:43,174 - INFO  - Watchdog has been checked: 0 passed
16.09.2014 13:43:43,003 - INFO  - Watchdog has been checked: 0 passed
16.09.2014 13:45:42,166 - INFO  - Watchdog has been checked: 0 passed
16.09.2014 13:47:42,123 - INFO  - Watchdog has been checked: 0 passed
16.09.2014 13:49:41,090 - INFO  - Watchdog has been checked: 0 passed
16.09.2014 13:51:40,996 - INFO  - Watchdog has been checked: 0 passed
16.09.2014 13:53:40,115 - INFO  - Watchdog has been checked: 0 passed
16.09.2014 13:55:40,283 - INFO  - Watchdog has been checked: 0 passed
16.09.2014 13:57:40,177 - INFO  - Watchdog has been checked: 0 passed
16.09.2014 13:59:40,219 - INFO  - Watchdog has been checked: 0 passed
16.09.2014 14:01:40,181 - INFO  - Watchdog has been checked: 0 passed
16.09.2014 14:03:40,150 - INFO  - Watchdog has been checked: 0 passed
16.09.2014 14:05:40,258 - INFO  - Watchdog has been checked: 0 passed
16.09.2014 14:07:40,125 - INFO  - Watchdog has been checked: 0 passed
16.09.2014 14:09:40,120 - INFO  - Watchdog has been checked: 0 passed
16.09.2014 14:11:40,225 - INFO  - Watchdog has been checked: 0 passed
16.09.2014 14:13:40,285 - INFO  - Watchdog has been checked: 0 passed
16.09.2014 14:15:40,178 - INFO  - Watchdog has been checked: 0 passed
16.09.2014 14:17:40,094 - INFO  - Watchdog has been checked: 0 passed
16.09.2014 14:19:40,145 - INFO  - Watchdog has been checked: 0 passed
16.09.2014 14:21:40,317 - INFO  - Watchdog has been checked: 0 passed
16.09.2014 14:23:40,269 - INFO  - Watchdog has been checked: 0 passed
16.09.2014 14:25:40,197 - INFO  - Watchdog has been checked: 0 passed
16.09.2014 14:27:40,103 - INFO  - Watchdog has been checked: 0 passed
16.09.2014 14:29:40,175 - INFO  - Watchdog has been checked: 0 passed
16.09.2014 14:31:40,314 - INFO  - Watchdog has been checked: 0 passed
16.09.2014 14:33:40,102 - INFO  - Watchdog has been checked: 0 passed
16.09.2014 14:35:40,275 - INFO  - Watchdog has been checked: 0 passed
16.09.2014 14:37:40,275 - INFO  - Watchdog has been checked: 0 passed
16.09.2014 14:39:40,371 - INFO  - Watchdog has been checked: 0 passed
16.09.2014 14:41:40,290 - INFO  - Watchdog has been checked: 0 passed
16.09.2014 14:43:40,268 - INFO  - Watchdog has been checked: 0 passed
16.09.2014 14:45:40,230 - INFO  - Watchdog has been checked: 0 passed
16.09.2014 14:47:40,190 - INFO  - Watchdog has been checked: 0 passed
16.09.2014 14:49:40,210 - INFO  - Watchdog has been checked: 0 passed
16.09.2014 14:51:40,083 - INFO  - Watchdog has been checked: 0 passed
16.09.2014 14:53:40,086 - INFO  - Watchdog has been checked: 0 passed
16.09.2014 14:55:40,219 - INFO  - Watchdog has been checked: 0 passed
16.09.2014 14:57:40,218 - INFO  - Watchdog has been checked: 0 passed
16.09.2014 14:59:40,268 - INFO  - Watchdog has been checked: 0 passed
16.09.2014 15:01:40,383 - INFO  - Watchdog has been checked: 0 passed
16.09.2014 15:03:40,370 - INFO  - Watchdog has been checked: 0 passed
16.09.2014 15:05:40,159 - INFO  - Watchdog has been checked: 0 passed
16.09.2014 15:07:40,035 - INFO  - Watchdog has been checked: 0 passed
16.09.2014 15:09:39,114 - INFO  - Watchdog has been checked: 0 passed
16.09.2014 15:11:39,213 - INFO  - Watchdog has been checked: 0 passed
16.09.2014 15:13:38,979 - INFO  - Watchdog has been checked: 0 passed
16.09.2014 15:15:38,122 - INFO  - Watchdog has been checked: 0 passed
16.09.2014 15:17:38,001 - INFO  - Watchdog has been checked: 0 passed
16.09.2014 15:19:37,040 - INFO  - Watchdog has been checked: 0 passed
16.09.2014 15:21:36,236 - INFO  - Watchdog has been checked: 0 passed
16.09.2014 15:23:36,221 - INFO  - Watchdog has been checked: 0 passed
16.09.2014 15:25:36,125 - INFO  - Watchdog has been checked: 0 passed
16.09.2014 15:27:36,187 - INFO  - Watchdog has been checked: 0 passed
16.09.2014 15:29:36,100 - INFO  - Watchdog has been checked: 0 passed
16.09.2014 15:31:35,086 - INFO  - Watchdog has been checked: 0 passed
16.09.2014 15:33:35,029 - INFO  - Watchdog has been checked: 0 passed
16.09.2014 15:35:35,140 - INFO  - Watchdog has been checked: 0 passed
16.09.2014 15:37:35,117 - INFO  - Watchdog has been checked: 0 passed
16.09.2014 15:39:35,162 - INFO  - Watchdog has been checked: 0 passed
16.09.2014 15:41:35,283 - INFO  - Watchdog has been checked: 0 passed
16.09.2014 15:43:35,237 - INFO  - Watchdog has been checked: 0 passed
16.09.2014 15:45:35,142 - INFO  - Watchdog has been checked: 0 passed
16.09.2014 15:47:35,068 - INFO  - Watchdog has been checked: 0 passed
16.09.2014 15:49:35,138 - INFO  - Watchdog has been checked: 0 passed
16.09.2014 15:51:35,320 - INFO  - Watchdog has been checked: 0 passed
16.09.2014 15:53:35,253 - INFO  - Watchdog has been checked: 0 passed
16.09.2014 15:55:35,195 - INFO  - Watchdog has been checked: 0 passed
16.09.2014 15:57:35,304 - INFO  - Watchdog has been checked: 0 passed
16.09.2014 15:59:35,153 - INFO  - Watchdog has been checked: 0 passed
16.09.2014 16:01:35,300 - INFO  - Watchdog has been checked: 0 passed
16.09.2014 16:03:35,281 - INFO  - Watchdog has been checked: 0 passed
16.09.2014 16:05:35,236 - INFO  - Watchdog has been checked: 0 passed
16.09.2014 16:07:35,386 - INFO  - Watchdog has been checked: 0 passed
16.09.2014 16:09:35,166 - INFO  - Watchdog has been checked: 0 passed
16.09.2014 16:11:35,288 - INFO  - Watchdog has been checked: 0 passed
16.09.2014 16:13:35,361 - INFO  - Watchdog has been checked: 0 passed
16.09.2014 16:15:35,226 - INFO  - Watchdog has been checked: 0 passed
16.09.2014 16:17:35,155 - INFO  - Watchdog has been checked: 0 passed
16.09.2014 16:19:35,244 - INFO  - Watchdog has been checked: 0 passed
16.09.2014 16:21:35,398 - INFO  - Watchdog has been checked: 0 passed
16.09.2014 16:23:35,394 - INFO  - Watchdog has been checked: 0 passed
16.09.2014 16:25:35,249 - INFO  - Watchdog has been checked: 0 passed
16.09.2014 16:27:35,404 - INFO  - Watchdog has been checked: 0 passed
16.09.2014 16:29:35,453 - INFO  - Watchdog has been checked: 0 passed
16.09.2014 16:31:35,335 - INFO  - Watchdog has been checked: 0 passed
16.09.2014 16:33:35,268 - INFO  - Watchdog has been checked: 0 passed
16.09.2014 16:35:35,328 - INFO  - Watchdog has been checked: 0 passed
16.09.2014 16:37:35,267 - INFO  - Watchdog has been checked: 0 passed
16.09.2014 16:39:35,278 - INFO  - Watchdog has been checked: 0 passed
16.09.2014 16:41:35,185 - INFO  - Watchdog has been checked: 0 passed
16.09.2014 16:43:35,104 - INFO  - Watchdog has been checked: 0 passed
16.09.2014 16:45:35,160 - INFO  - Watchdog has been checked: 0 passed
16.09.2014 16:47:35,135 - INFO  - Watchdog has been checked: 0 passed
16.09.2014 16:49:35,004 - INFO  - Watchdog has been checked: 0 passed
16.09.2014 16:51:34,121 - INFO  - Watchdog has been checked: 0 passed
16.09.2014 16:53:34,132 - INFO  - Watchdog has been checked: 0 passed
16.09.2014 16:55:33,941 - INFO  - Watchdog has been checked: 0 passed
16.09.2014 16:57:33,170 - INFO  - Watchdog has been checked: 0 passed
16.09.2014 16:59:33,018 - INFO  - Watchdog has been checked: 0 passed
16.09.2014 17:01:32,220 - INFO  - Watchdog has been checked: 0 passed
16.09.2014 17:03:32,189 - INFO  - Watchdog has been checked: 0 passed
16.09.2014 17:05:32,138 - INFO  - Watchdog has been checked: 0 passed
16.09.2014 17:07:32,334 - INFO  - Watchdog has been checked: 0 passed
16.09.2014 17:09:32,097 - INFO  - Watchdog has been checked: 0 passed
16.09.2014 17:11:32,145 - INFO  - Watchdog has been checked: 0 passed
16.09.2014 17:13:32,274 - INFO  - Watchdog has been checked: 0 passed
16.09.2014 17:15:32,138 - INFO  - Watchdog has been checked: 0 passed
16.09.2014 17:17:32,401 - INFO  - Watchdog has been checked: 0 passed
16.09.2014 17:19:32,243 - INFO  - Watchdog has been checked: 0 passed
16.09.2014 17:21:32,311 - INFO  - Watchdog has been checked: 0 passed
16.09.2014 17:23:32,194 - INFO  - Watchdog has been checked: 0 passed
16.09.2014 17:25:32,325 - INFO  - Watchdog has been checked: 0 passed
16.09.2014 17:27:32,339 - INFO  - Watchdog has been checked: 0 passed
16.09.2014 17:29:32,329 - INFO  - Watchdog has been checked: 0 passed
16.09.2014 17:31:32,312 - INFO  - Watchdog has been checked: 0 passed
16.09.2014 17:33:32,350 - INFO  - Watchdog has been checked: 0 passed
16.09.2014 17:35:32,361 - INFO  - Watchdog has been checked: 0 passed
16.09.2014 17:37:32,251 - INFO  - Watchdog has been checked: 0 passed
16.09.2014 17:39:32,249 - INFO  - Watchdog has been checked: 0 passed
16.09.2014 17:41:32,351 - INFO  - Watchdog has been checked: 0 passed
16.09.2014 17:43:32,218 - INFO  - Watchdog has been checked: 0 passed
16.09.2014 17:45:32,314 - INFO  - Watchdog has been checked: 0 passed
16.09.2014 17:47:32,184 - INFO  - Watchdog has been checked: 0 passed
16.09.2014 17:49:32,249 - INFO  - Watchdog has been checked: 0 passed
16.09.2014 17:51:32,306 - INFO  - Watchdog has been checked: 0 passed
16.09.2014 17:53:32,023 - INFO  - Watchdog has been checked: 0 passed
16.09.2014 17:55:31,120 - INFO  - Watchdog has been checked: 0 passed
16.09.2014 17:57:31,237 - INFO  - Watchdog has been checked: 0 passed
16.09.2014 17:59:31,162 - INFO  - Watchdog has been checked: 0 passed
16.09.2014 18:01:31,159 - INFO  - Watchdog has been checked: 0 passed
16.09.2014 18:03:31,120 - INFO  - Watchdog has been checked: 0 passed
16.09.2014 18:05:31,021 - INFO  - Watchdog has been checked: 0 passed
16.09.2014 18:07:30,155 - INFO  - Watchdog has been checked: 0 passed
16.09.2014 18:09:29,987 - INFO  - Watchdog has been checked: 0 passed
16.09.2014 18:11:30,067 - INFO  - Watchdog has been checked: 0 passed
16.09.2014 18:13:30,059 - INFO  - Watchdog has been checked: 0 passed
16.09.2014 18:15:29,971 - INFO  - Watchdog has been checked: 0 passed
16.09.2014 18:17:30,160 - INFO  - Watchdog has been checked: 0 passed
16.09.2014 18:19:30,005 - INFO  - Watchdog has been checked: 0 passed
16.09.2014 18:21:30,143 - INFO  - Watchdog has been checked: 0 passed
16.09.2014 18:23:30,183 - INFO  - Watchdog has been checked: 0 passed
16.09.2014 18:25:30,233 - INFO  - Watchdog has been checked: 0 passed
16.09.2014 18:27:30,121 - INFO  - Watchdog has been checked: 0 passed
16.09.2014 18:29:30,183 - INFO  - Watchdog has been checked: 0 passed
16.09.2014 18:31:30,069 - INFO  - Watchdog has been checked: 0 passed
16.09.2014 18:33:30,093 - INFO  - Watchdog has been checked: 0 passed
16.09.2014 18:35:30,286 - INFO  - Watchdog has been checked: 0 passed
16.09.2014 18:37:30,196 - INFO  - Watchdog has been checked: 0 passed
16.09.2014 18:39:30,237 - INFO  - Watchdog has been checked: 0 passed
16.09.2014 18:41:30,327 - INFO  - Watchdog has been checked: 0 passed
16.09.2014 18:43:30,093 - INFO  - Watchdog has been checked: 0 passed
16.09.2014 18:45:30,166 - INFO  - Watchdog has been checked: 0 passed
16.09.2014 18:47:30,114 - INFO  - Watchdog has been checked: 0 passed
16.09.2014 18:49:30,195 - INFO  - Watchdog has been checked: 0 passed
16.09.2014 18:51:30,166 - INFO  - Watchdog has been checked: 0 passed
16.09.2014 18:53:30,125 - INFO  - Watchdog has been checked: 0 passed
16.09.2014 18:55:29,273 - INFO  - Watchdog has been checked: 0 passed
16.09.2014 18:57:29,180 - INFO  - Watchdog has been checked: 0 passed
16.09.2014 18:59:29,217 - INFO  - Watchdog has been checked: 0 passed
16.09.2014 19:01:29,323 - INFO  - Watchdog has been checked: 0 passed
16.09.2014 19:03:29,343 - INFO  - Watchdog has been checked: 0 passed
16.09.2014 19:05:29,187 - INFO  - Watchdog has been checked: 0 passed
16.09.2014 19:07:29,316 - INFO  - Watchdog has been checked: 0 passed
16.09.2014 19:09:29,142 - INFO  - Watchdog has been checked: 0 passed
16.09.2014 19:11:28,299 - INFO  - Watchdog has been checked: 0 passed
16.09.2014 19:13:28,265 - INFO  - Watchdog has been checked: 0 passed
16.09.2014 19:15:28,487 - INFO  - Watchdog has been checked: 0 passed
16.09.2014 19:17:28,280 - INFO  - Watchdog has been checked: 0 passed
16.09.2014 19:19:28,136 - INFO  - Watchdog has been checked: 0 passed
16.09.2014 19:21:28,128 - INFO  - Watchdog has been checked: 0 passed
16.09.2014 19:23:28,143 - INFO  - Watchdog has been checked: 0 passed
16.09.2014 19:25:28,365 - INFO  - Watchdog has been checked: 0 passed
16.09.2014 19:27:28,164 - INFO  - Watchdog has been checked: 0 passed
16.09.2014 19:29:27,924 - INFO  - Watchdog has been checked: 0 passed
16.09.2014 19:31:27,089 - INFO  - Watchdog has been checked: 0 passed
16.09.2014 19:33:27,067 - INFO  - Watchdog has been checked: 0 passed
16.09.2014 19:35:27,262 - INFO  - Watchdog has been checked: 0 passed
16.09.2014 19:37:27,123 - INFO  - Watchdog has been checked: 0 passed
16.09.2014 19:39:27,162 - INFO  - Watchdog has been checked: 0 passed
16.09.2014 19:41:27,292 - INFO  - Watchdog has been checked: 0 passed
16.09.2014 19:43:27,223 - INFO  - Watchdog has been checked: 0 passed
16.09.2014 19:45:27,218 - INFO  - Watchdog has been checked: 0 passed
16.09.2014 19:47:27,007 - INFO  - Watchdog has been checked: 0 passed
16.09.2014 19:49:27,099 - INFO  - Watchdog has been checked: 0 passed
16.09.2014 19:51:27,131 - INFO  - Watchdog has been checked: 0 passed
16.09.2014 19:53:27,165 - INFO  - Watchdog has been checked: 0 passed
16.09.2014 19:55:26,391 - INFO  - Watchdog has been checked: 0 passed
16.09.2014 19:57:26,245 - INFO  - Watchdog has been checked: 0 passed
16.09.2014 19:59:26,285 - INFO  - Watchdog has been checked: 0 passed
16.09.2014 20:01:26,326 - INFO  - Watchdog has been checked: 0 passed
16.09.2014 20:03:26,338 - INFO  - Watchdog has been checked: 0 passed
16.09.2014 20:05:26,781 - INFO  - Watchdog has been checked: 0 passed
16.09.2014 20:07:26,128 - INFO  - Watchdog has been checked: 0 passed
16.09.2014 20:09:26,202 - INFO  - Watchdog has been checked: 0 passed
16.09.2014 20:11:26,305 - INFO  - Watchdog has been checked: 0 passed
16.09.2014 20:13:26,339 - INFO  - Watchdog has been checked: 0 passed
16.09.2014 20:15:26,378 - INFO  - Watchdog has been checked: 0 passed
16.09.2014 20:17:28,005 - INFO  - Watchdog has been checked: 0 passed
16.09.2014 20:19:27,359 - INFO  - Watchdog has been checked: 0 passed
16.09.2014 20:21:27,112 - INFO  - Watchdog has been checked: 0 passed
16.09.2014 20:23:27,384 - INFO  - Watchdog has been checked: 0 passed
16.09.2014 20:25:27,411 - INFO  - Watchdog has been checked: 0 passed
16.09.2014 20:27:27,222 - INFO  - Watchdog has been checked: 0 passed
16.09.2014 20:29:27,346 - INFO  - Watchdog has been checked: 0 passed
16.09.2014 20:31:27,224 - INFO  - Watchdog has been checked: 0 passed
16.09.2014 20:33:27,351 - INFO  - Watchdog has been checked: 0 passed
16.09.2014 20:35:27,456 - INFO  - Watchdog has been checked: 0 passed
16.09.2014 20:37:27,163 - INFO  - Watchdog has been checked: 0 passed
16.09.2014 20:39:26,312 - INFO  - Watchdog has been checked: 0 passed
16.09.2014 20:41:26,375 - INFO  - Watchdog has been checked: 0 passed
16.09.2014 20:43:28,347 - INFO  - Watchdog has been checked: 0 passed
16.09.2014 20:45:28,250 - INFO  - Watchdog has been checked: 0 passed
16.09.2014 20:47:28,131 - INFO  - Watchdog has been checked: 0 passed
16.09.2014 20:49:28,167 - INFO  - Watchdog has been checked: 0 passed
16.09.2014 20:51:28,004 - INFO  - Watchdog has been checked: 0 passed
16.09.2014 20:53:27,211 - INFO  - Watchdog has been checked: 0 passed
16.09.2014 20:55:27,121 - INFO  - Watchdog has been checked: 0 passed
16.09.2014 20:57:26,012 - INFO  - Watchdog has been checked: 0 passed
16.09.2014 20:59:26,217 - INFO  - Watchdog has been checked: 0 passed
16.09.2014 21:01:26,319 - INFO  - Watchdog has been checked: 0 passed
16.09.2014 21:03:26,276 - INFO  - Watchdog has been checked: 0 passed
16.09.2014 21:05:26,405 - INFO  - Watchdog has been checked: 0 passed
16.09.2014 21:07:28,125 - INFO  - Watchdog has been checked: 0 passed
16.09.2014 21:09:28,153 - INFO  - Watchdog has been checked: 0 passed
16.09.2014 21:11:28,273 - INFO  - Watchdog has been checked: 0 passed
16.09.2014 21:13:28,255 - INFO  - Watchdog has been checked: 0 passed
16.09.2014 21:15:28,252 - INFO  - Watchdog has been checked: 0 passed
16.09.2014 21:17:28,238 - INFO  - Watchdog has been checked: 0 passed
16.09.2014 21:19:28,260 - INFO  - Watchdog has been checked: 0 passed
16.09.2014 21:21:28,149 - INFO  - Watchdog has been checked: 0 passed
16.09.2014 21:23:28,136 - INFO  - Watchdog has been checked: 0 passed
16.09.2014 21:25:28,245 - INFO  - Watchdog has been checked: 0 passed
16.09.2014 21:27:28,247 - INFO  - Watchdog has been checked: 0 passed
16.09.2014 21:29:28,212 - INFO  - Watchdog has been checked: 0 passed
16.09.2014 21:31:28,362 - INFO  - Watchdog has been checked: 0 passed
16.09.2014 21:33:28,308 - INFO  - Watchdog has been checked: 0 passed
16.09.2014 21:35:28,295 - INFO  - Watchdog has been checked: 0 passed
16.09.2014 21:37:28,179 - INFO  - Watchdog has been checked: 0 passed
16.09.2014 21:39:28,249 - INFO  - Watchdog has been checked: 0 passed
16.09.2014 21:41:28,318 - INFO  - Watchdog has been checked: 0 passed
16.09.2014 21:43:28,225 - INFO  - Watchdog has been checked: 0 passed
16.09.2014 21:45:28,470 - INFO  - Watchdog has been checked: 0 passed
16.09.2014 21:47:28,251 - INFO  - Watchdog has been checked: 0 passed
16.09.2014 21:49:28,127 - INFO  - Watchdog has been checked: 0 passed
16.09.2014 21:51:27,305 - INFO  - Watchdog has been checked: 0 passed
16.09.2014 21:53:27,328 - INFO  - Watchdog has been checked: 0 passed
16.09.2014 21:55:27,142 - INFO  - Watchdog has been checked: 0 passed
16.09.2014 21:57:26,349 - INFO  - Watchdog has been checked: 0 passed
16.09.2014 21:59:26,374 - INFO  - Watchdog has been checked: 0 passed
16.09.2014 22:01:26,180 - INFO  - Watchdog has been checked: 0 passed
16.09.2014 22:03:26,171 - INFO  - Watchdog has been checked: 0 passed
16.09.2014 22:05:26,281 - INFO  - Watchdog has been checked: 0 passed
16.09.2014 22:07:26,210 - INFO  - Watchdog has been checked: 0 passed
16.09.2014 22:09:27,742 - INFO  - Watchdog has been checked: 0 passed
16.09.2014 22:11:27,121 - INFO  - Watchdog has been checked: 0 passed
16.09.2014 22:13:27,213 - INFO  - Watchdog has been checked: 0 passed
16.09.2014 22:15:27,173 - INFO  - Watchdog has been checked: 0 passed
16.09.2014 22:17:27,258 - INFO  - Watchdog has been checked: 0 passed
16.09.2014 22:19:27,174 - INFO  - Watchdog has been checked: 0 passed
16.09.2014 22:21:26,729 - INFO  - Watchdog has been checked: 0 passed
16.09.2014 22:23:26,247 - INFO  - Watchdog has been checked: 0 passed
16.09.2014 22:25:26,342 - INFO  - Watchdog has been checked: 0 passed
16.09.2014 22:27:26,190 - INFO  - Watchdog has been checked: 0 passed
16.09.2014 22:29:26,247 - INFO  - Watchdog has been checked: 0 passed
16.09.2014 22:31:27,892 - INFO  - Watchdog has been checked: 0 passed
16.09.2014 22:33:27,080 - INFO  - Watchdog has been checked: 0 passed
16.09.2014 22:35:27,478 - INFO  - Watchdog has been checked: 0 passed
16.09.2014 22:37:27,168 - INFO  - Watchdog has been checked: 0 passed
16.09.2014 22:39:27,295 - INFO  - Watchdog has been checked: 0 passed
16.09.2014 22:41:27,326 - INFO  - Watchdog has been checked: 0 passed
16.09.2014 22:43:27,319 - INFO  - Watchdog has been checked: 0 passed
16.09.2014 22:45:27,274 - INFO  - Watchdog has been checked: 0 passed
16.09.2014 22:47:28,339 - INFO  - Watchdog has been checked: 0 passed
16.09.2014 22:49:28,222 - INFO  - Watchdog has been checked: 0 passed
16.09.2014 22:51:28,356 - INFO  - Watchdog has been checked: 0 passed
16.09.2014 22:53:28,297 - INFO  - Watchdog has been checked: 0 passed
16.09.2014 22:55:28,382 - INFO  - Watchdog has been checked: 0 passed
16.09.2014 22:57:28,366 - INFO  - Watchdog has been checked: 0 passed
16.09.2014 22:59:28,202 - INFO  - Watchdog has been checked: 0 passed
16.09.2014 23:01:28,234 - INFO  - Watchdog has been checked: 0 passed
16.09.2014 23:03:28,187 - INFO  - Watchdog has been checked: 0 passed
16.09.2014 23:05:28,225 - INFO  - Watchdog has been checked: 0 passed
16.09.2014 23:07:28,254 - INFO  - Watchdog has been checked: 0 passed
16.09.2014 23:09:28,091 - INFO  - Watchdog has been checked: 0 passed
16.09.2014 23:11:28,220 - INFO  - Watchdog has been checked: 0 passed
16.09.2014 23:13:27,993 - INFO  - Watchdog has been checked: 0 passed
16.09.2014 23:15:27,475 - INFO  - Watchdog has been checked: 0 passed
16.09.2014 23:17:27,071 - INFO  - Watchdog has been checked: 0 passed
16.09.2014 23:19:26,134 - INFO  - Watchdog has been checked: 0 passed
16.09.2014 23:21:25,985 - INFO  - Watchdog has been checked: 0 passed
16.09.2014 23:23:25,161 - INFO  - Watchdog has been checked: 0 passed
16.09.2014 23:25:25,038 - INFO  - Watchdog has been checked: 0 passed
16.09.2014 23:27:24,004 - INFO  - Watchdog has been checked: 0 passed
16.09.2014 23:29:23,060 - INFO  - Watchdog has been checked: 0 passed
16.09.2014 23:31:22,016 - INFO  - Watchdog has been checked: 0 passed
16.09.2014 23:33:21,173 - INFO  - Watchdog has been checked: 0 passed
16.09.2014 23:35:21,095 - INFO  - Watchdog has been checked: 0 passed
16.09.2014 23:37:20,159 - INFO  - Watchdog has been checked: 0 passed
16.09.2014 23:39:20,125 - INFO  - Watchdog has been checked: 0 passed
16.09.2014 23:41:20,223 - INFO  - Watchdog has been checked: 0 passed
16.09.2014 23:43:20,208 - INFO  - Watchdog has been checked: 0 passed
16.09.2014 23:45:20,136 - INFO  - Watchdog has been checked: 0 passed
16.09.2014 23:47:20,231 - INFO  - Watchdog has been checked: 0 passed
16.09.2014 23:49:20,134 - INFO  - Watchdog has been checked: 0 passed
16.09.2014 23:51:20,387 - INFO  - Watchdog has been checked: 0 passed
16.09.2014 23:53:20,304 - INFO  - Watchdog has been checked: 0 passed
16.09.2014 23:55:20,253 - INFO  - Watchdog has been checked: 0 passed
16.09.2014 23:57:20,233 - INFO  - Watchdog has been checked: 0 passed
16.09.2014 23:59:20,246 - INFO  - Watchdog has been checked: 0 passed
