16.05.2014 13:42:31,302 - INFO  - searcher identified --- respT: 41ms, 70719 results, q=, 
16.05.2014 13:42:41,495 - INFO  - searcher identified --- respT: 19ms, 4705 results, q=nat, 
16.05.2014 13:42:44,197 - INFO  - searcher identified --- respT: 12ms, 226 results, q=nathalie, 
16.05.2014 15:27:39,179 - INFO  - searcher identified --- respT: 16ms, 932 results, web:(PSIWeb), q=, 
16.05.2014 15:28:16,517 - INFO  - searcher identified --- respT: 33ms, 37525 results, q=, 
16.05.2014 15:28:19,919 - INFO  - searcher identified --- respT: 17ms, 13 results, q=buecklers task, 
16.05.2014 15:28:31,762 - INFO  - searcher identified --- respT: 17ms, 13 results, q=buecklers task, 
16.05.2014 15:28:53,550 - INFO  - searcher identified --- respT: 40ms, 13 results, q=buecklers task, 
16.05.2014 15:35:07,388 - INFO  - searcher identified --- respT: ms, no results, q=, 
16.05.2014 15:35:16,026 - INFO  - searcher identified --- respT: ms, no results, q=, 
16.05.2014 15:35:17,257 - INFO  - searcher identified --- respT: ms, no results, q=, 
16.05.2014 15:36:10,736 - INFO  - searcher identified --- respT: 37ms, 37525 results, q=, 
16.05.2014 15:36:27,179 - INFO  - searcher identified --- respT: 16ms, 932 results, web:(PSIWeb), q=, 
16.05.2014 15:36:55,081 - INFO  - searcher identified --- respT: 15ms, 932 results, web:(PSIWeb), q=, 
16.05.2014 15:37:11,371 - INFO  - searcher identified --- respT: 130ms, 530 results, web:(AIT), q=, 
16.05.2014 15:40:12,216 - INFO  - searcher identified --- respT: 31ms, 37525 results, q=, 
16.05.2014 15:41:07,123 - INFO  - searcher identified --- respT: 32ms, 37525 results, q=, 
16.05.2014 15:41:11,280 - INFO  - searcher identified --- respT: 74ms, 530 results, web:(AIT), q=, 
16.05.2014 15:41:15,181 - INFO  - searcher identified --- respT: 79ms, 530 results, web:(AIT), q=, 
16.05.2014 15:42:24,401 - INFO  - searcher identified --- respT: 95ms, 530 results, web:(AIT), q=, 
16.05.2014 15:43:07,068 - INFO  - searcher identified --- respT: 15ms, 933 results, web:(AIT.Controls PSIWeb), q=, 
16.05.2014 15:43:12,656 - INFO  - searcher identified --- respT: 19ms, 37527 results, q=, 
16.05.2014 15:43:15,803 - INFO  - searcher identified --- respT: 12ms, 1 results, web:(AIT.Controls), q=, 
16.05.2014 15:43:42,224 - INFO  - searcher identified --- respT: 12ms, 1 results, web:(AIT.Controls), q=, 
16.05.2014 15:43:52,292 - INFO  - searcher identified --- respT: 12ms, 1 results, web:(AIT.Controls), q=, 
16.05.2014 15:44:12,256 - INFO  - searcher identified --- respT: 80ms, 91 results, web:(AMAS), q=, 
16.05.2014 16:18:56,293 - INFO  - searcher identified --- respT: 101ms, 36 results, web:(AMAS), q=Web, 
16.05.2014 16:18:57,150 - INFO  - searcher identified --- respT: 23ms, no results, web:(AMAS), q=WebLe, 
16.05.2014 16:18:58,070 - INFO  - searcher identified --- respT: 25ms, 123 results, q=WebLeftBar, 
16.05.2014 16:32:43,989 - INFO  - searcher identified --- respT: 82ms, 91 results, web:(AMAS), q=, 
16.05.2014 16:33:16,788 - INFO  - searcher identified --- respT: 17ms, 5087 results, web:(PSIWeb), q=, 
16.05.2014 16:36:14,943 - INFO  - searcher identified --- respT: 77ms, 91 results, web:(AMAS), q=, 
16.05.2014 16:37:00,316 - INFO  - searcher identified --- respT: 17ms, 5087 results, web:(PSIWeb), q=, 
16.05.2014 16:37:18,556 - INFO  - searcher identified --- respT: 25ms, 397 results, web:(PSIWeb), author:DanielLauk, q=, 
16.05.2014 16:37:53,372 - INFO  - searcher identified --- respT: 23ms, 312 results, type:topic, web:(PSIWeb), author:DanielLauk, q=, 
16.05.2014 16:37:58,955 - INFO  - searcher identified --- respT: 16ms, 4273 results, type:topic, web:(PSIWeb), q=, 
16.05.2014 16:38:03,947 - INFO  - searcher identified --- respT: 15ms, 1330 results, type:topic, web:(PSIWeb), author:AndreLichtsteiner, q=, 
16.05.2014 16:45:39,962 - INFO  - searcher identified --- respT: 23ms, 1330 results, type:topic, web:(PSIWeb), author:AndreLichtsteiner, q=, 
