18.08.2014 00:01:42,071 - INFO  - Watchdog has been checked: 0 passed
18.08.2014 00:03:41,062 - INFO  - Watchdog has been checked: 0 passed
18.08.2014 00:05:40,084 - INFO  - Watchdog has been checked: 0 passed
18.08.2014 00:07:40,175 - INFO  - Watchdog has been checked: 0 passed
18.08.2014 00:09:40,021 - INFO  - Watchdog has been checked: 0 passed
18.08.2014 00:11:39,210 - INFO  - Watchdog has been checked: 0 passed
18.08.2014 00:13:39,263 - INFO  - Watchdog has been checked: 0 passed
18.08.2014 00:15:39,107 - INFO  - Watchdog has been checked: 0 passed
18.08.2014 00:17:38,186 - INFO  - Watchdog has been checked: 0 passed
18.08.2014 00:19:38,291 - INFO  - Watchdog has been checked: 0 passed
18.08.2014 00:21:38,233 - INFO  - Watchdog has been checked: 0 passed
18.08.2014 00:23:38,255 - INFO  - Watchdog has been checked: 0 passed
18.08.2014 00:25:38,358 - INFO  - Watchdog has been checked: 0 passed
18.08.2014 00:27:38,137 - INFO  - Watchdog has been checked: 0 passed
18.08.2014 00:29:38,259 - INFO  - Watchdog has been checked: 0 passed
18.08.2014 00:31:38,226 - INFO  - Watchdog has been checked: 0 passed
18.08.2014 00:33:38,244 - INFO  - Watchdog has been checked: 0 passed
18.08.2014 00:35:38,309 - INFO  - Watchdog has been checked: 0 passed
18.08.2014 00:37:38,372 - INFO  - Watchdog has been checked: 0 passed
18.08.2014 00:39:38,252 - INFO  - Watchdog has been checked: 0 passed
18.08.2014 00:41:38,180 - INFO  - Watchdog has been checked: 0 passed
18.08.2014 00:43:38,309 - INFO  - Watchdog has been checked: 0 passed
18.08.2014 00:45:38,368 - INFO  - Watchdog has been checked: 0 passed
18.08.2014 00:47:38,395 - INFO  - Watchdog has been checked: 0 passed
18.08.2014 00:49:38,273 - INFO  - Watchdog has been checked: 0 passed
18.08.2014 00:51:38,227 - INFO  - Watchdog has been checked: 0 passed
18.08.2014 00:53:38,246 - INFO  - Watchdog has been checked: 0 passed
18.08.2014 00:55:38,392 - INFO  - Watchdog has been checked: 0 passed
18.08.2014 00:57:38,418 - INFO  - Watchdog has been checked: 0 passed
18.08.2014 00:59:38,340 - INFO  - Watchdog has been checked: 0 passed
18.08.2014 01:01:38,290 - INFO  - Watchdog has been checked: 0 passed
18.08.2014 01:03:38,273 - INFO  - Watchdog has been checked: 0 passed
18.08.2014 01:05:38,403 - INFO  - Watchdog has been checked: 0 passed
18.08.2014 01:07:38,456 - INFO  - Watchdog has been checked: 0 passed
18.08.2014 01:09:38,330 - INFO  - Watchdog has been checked: 0 passed
18.08.2014 01:11:38,259 - INFO  - Watchdog has been checked: 0 passed
18.08.2014 01:13:38,254 - INFO  - Watchdog has been checked: 0 passed
18.08.2014 01:15:38,398 - INFO  - Watchdog has been checked: 0 passed
18.08.2014 01:17:38,124 - INFO  - Watchdog has been checked: 0 passed
18.08.2014 01:19:38,261 - INFO  - Watchdog has been checked: 0 passed
18.08.2014 01:21:38,134 - INFO  - Watchdog has been checked: 0 passed
18.08.2014 01:23:38,203 - INFO  - Watchdog has been checked: 0 passed
18.08.2014 01:25:38,320 - INFO  - Watchdog has been checked: 0 passed
18.08.2014 01:27:38,059 - INFO  - Watchdog has been checked: 0 passed
18.08.2014 01:29:37,157 - INFO  - Watchdog has been checked: 0 passed
18.08.2014 01:31:37,285 - INFO  - Watchdog has been checked: 0 passed
18.08.2014 01:33:37,198 - INFO  - Watchdog has been checked: 0 passed
18.08.2014 01:35:37,084 - INFO  - Watchdog has been checked: 0 passed
18.08.2014 01:37:37,280 - INFO  - Watchdog has been checked: 0 passed
18.08.2014 01:39:37,280 - INFO  - Watchdog has been checked: 0 passed
18.08.2014 01:41:37,279 - INFO  - Watchdog has been checked: 0 passed
18.08.2014 01:43:37,238 - INFO  - Watchdog has been checked: 0 passed
18.08.2014 01:45:37,112 - INFO  - Watchdog has been checked: 0 passed
18.08.2014 01:47:37,221 - INFO  - Watchdog has been checked: 0 passed
18.08.2014 01:49:37,279 - INFO  - Watchdog has been checked: 0 passed
18.08.2014 01:51:37,296 - INFO  - Watchdog has been checked: 0 passed
18.08.2014 01:53:37,229 - INFO  - Watchdog has been checked: 0 passed
18.08.2014 01:55:37,344 - INFO  - Watchdog has been checked: 0 passed
18.08.2014 01:57:37,169 - INFO  - Watchdog has been checked: 0 passed
18.08.2014 01:59:37,239 - INFO  - Watchdog has been checked: 0 passed
18.08.2014 02:01:37,268 - INFO  - Watchdog has been checked: 0 passed
18.08.2014 02:03:37,234 - INFO  - Watchdog has been checked: 0 passed
18.08.2014 02:05:37,341 - INFO  - Watchdog has been checked: 0 passed
18.08.2014 02:07:37,241 - INFO  - Watchdog has been checked: 0 passed
18.08.2014 02:09:37,244 - INFO  - Watchdog has been checked: 0 passed
18.08.2014 02:11:37,299 - INFO  - Watchdog has been checked: 0 passed
18.08.2014 02:13:37,292 - INFO  - Watchdog has been checked: 0 passed
18.08.2014 02:15:37,324 - INFO  - Watchdog has been checked: 0 passed
18.08.2014 02:17:37,244 - INFO  - Watchdog has been checked: 0 passed
18.08.2014 02:19:37,321 - INFO  - Watchdog has been checked: 0 passed
18.08.2014 02:21:37,204 - INFO  - Watchdog has been checked: 0 passed
18.08.2014 02:23:37,283 - INFO  - Watchdog has been checked: 0 passed
18.08.2014 02:25:37,312 - INFO  - Watchdog has been checked: 0 passed
18.08.2014 02:27:37,205 - INFO  - Watchdog has been checked: 0 passed
18.08.2014 02:29:37,251 - INFO  - Watchdog has been checked: 0 passed
18.08.2014 02:31:37,279 - INFO  - Watchdog has been checked: 0 passed
18.08.2014 02:33:37,316 - INFO  - Watchdog has been checked: 0 passed
18.08.2014 02:35:37,301 - INFO  - Watchdog has been checked: 0 passed
18.08.2014 02:37:37,130 - INFO  - Watchdog has been checked: 0 passed
18.08.2014 02:39:37,060 - INFO  - Watchdog has been checked: 0 passed
18.08.2014 02:41:37,249 - INFO  - Watchdog has been checked: 0 passed
18.08.2014 02:43:37,277 - INFO  - Watchdog has been checked: 0 passed
18.08.2014 02:45:37,102 - INFO  - Watchdog has been checked: 0 passed
18.08.2014 02:47:39,171 - INFO  - Watchdog has been checked: 0 passed
18.08.2014 02:49:39,301 - INFO  - Watchdog has been checked: 0 passed
18.08.2014 02:51:39,288 - INFO  - Watchdog has been checked: 0 passed
18.08.2014 02:53:39,280 - INFO  - Watchdog has been checked: 0 passed
18.08.2014 02:55:39,129 - INFO  - Watchdog has been checked: 0 passed
18.08.2014 02:57:39,208 - INFO  - Watchdog has been checked: 0 passed
18.08.2014 02:59:39,325 - INFO  - Watchdog has been checked: 0 passed
18.08.2014 03:01:39,267 - INFO  - Watchdog has been checked: 0 passed
18.08.2014 03:03:39,284 - INFO  - Watchdog has been checked: 0 passed
18.08.2014 03:05:39,338 - INFO  - Watchdog has been checked: 0 passed
18.08.2014 03:07:39,157 - INFO  - Watchdog has been checked: 0 passed
18.08.2014 03:09:39,266 - INFO  - Watchdog has been checked: 0 passed
18.08.2014 03:11:39,224 - INFO  - Watchdog has been checked: 0 passed
18.08.2014 03:13:39,225 - INFO  - Watchdog has been checked: 0 passed
18.08.2014 03:15:39,336 - INFO  - Watchdog has been checked: 0 passed
18.08.2014 03:17:39,407 - INFO  - Watchdog has been checked: 0 passed
18.08.2014 03:19:39,294 - INFO  - Watchdog has been checked: 0 passed
18.08.2014 03:21:39,197 - INFO  - Watchdog has been checked: 0 passed
18.08.2014 03:23:39,227 - INFO  - Watchdog has been checked: 0 passed
18.08.2014 03:25:39,336 - INFO  - Watchdog has been checked: 0 passed
18.08.2014 03:27:39,193 - INFO  - Watchdog has been checked: 0 passed
18.08.2014 03:29:39,328 - INFO  - Watchdog has been checked: 0 passed
18.08.2014 03:31:39,286 - INFO  - Watchdog has been checked: 0 passed
18.08.2014 03:33:39,254 - INFO  - Watchdog has been checked: 0 passed
18.08.2014 03:35:39,107 - INFO  - Watchdog has been checked: 0 passed
18.08.2014 03:37:39,135 - INFO  - Watchdog has been checked: 0 passed
18.08.2014 03:39:39,267 - INFO  - Watchdog has been checked: 0 passed
18.08.2014 03:41:39,280 - INFO  - Watchdog has been checked: 0 passed
18.08.2014 03:43:39,241 - INFO  - Watchdog has been checked: 0 passed
18.08.2014 03:45:39,128 - INFO  - Watchdog has been checked: 0 passed
18.08.2014 03:47:39,161 - INFO  - Watchdog has been checked: 0 passed
18.08.2014 03:49:39,263 - INFO  - Watchdog has been checked: 0 passed
18.08.2014 03:51:39,216 - INFO  - Watchdog has been checked: 0 passed
18.08.2014 03:53:39,194 - INFO  - Watchdog has been checked: 0 passed
18.08.2014 03:55:39,183 - INFO  - Watchdog has been checked: 0 passed
18.08.2014 03:57:39,206 - INFO  - Watchdog has been checked: 0 passed
18.08.2014 03:59:39,305 - INFO  - Watchdog has been checked: 0 passed
18.08.2014 04:01:39,283 - INFO  - Watchdog has been checked: 0 passed
18.08.2014 04:03:39,222 - INFO  - Watchdog has been checked: 0 passed
18.08.2014 04:05:39,063 - INFO  - Watchdog has been checked: 0 passed
18.08.2014 04:07:38,122 - INFO  - Watchdog has been checked: 0 passed
18.08.2014 04:09:38,164 - INFO  - Watchdog has been checked: 0 passed
18.08.2014 04:11:38,141 - INFO  - Watchdog has been checked: 0 passed
18.08.2014 04:13:38,339 - INFO  - Watchdog has been checked: 0 passed
18.08.2014 04:15:38,197 - INFO  - Watchdog has been checked: 0 passed
18.08.2014 04:17:38,256 - INFO  - Watchdog has been checked: 0 passed
18.08.2014 04:19:38,336 - INFO  - Watchdog has been checked: 0 passed
18.08.2014 04:21:38,350 - INFO  - Watchdog has been checked: 0 passed
18.08.2014 04:23:38,262 - INFO  - Watchdog has been checked: 0 passed
18.08.2014 04:25:38,125 - INFO  - Watchdog has been checked: 0 passed
18.08.2014 04:27:37,246 - INFO  - Watchdog has been checked: 0 passed
18.08.2014 04:29:37,305 - INFO  - Watchdog has been checked: 0 passed
18.08.2014 04:31:37,308 - INFO  - Watchdog has been checked: 0 passed
18.08.2014 04:33:37,283 - INFO  - Watchdog has been checked: 0 passed
18.08.2014 04:35:37,259 - INFO  - Watchdog has been checked: 0 passed
18.08.2014 04:37:37,317 - INFO  - Watchdog has been checked: 0 passed
18.08.2014 04:39:37,134 - INFO  - Watchdog has been checked: 0 passed
18.08.2014 04:41:37,140 - INFO  - Watchdog has been checked: 0 passed
18.08.2014 04:43:37,374 - INFO  - Watchdog has been checked: 0 passed
18.08.2014 04:45:37,159 - INFO  - Watchdog has been checked: 0 passed
18.08.2014 04:47:37,128 - INFO  - Watchdog has been checked: 0 passed
18.08.2014 04:49:36,214 - INFO  - Watchdog has been checked: 0 passed
18.08.2014 04:51:36,210 - INFO  - Watchdog has been checked: 0 passed
18.08.2014 04:53:36,187 - INFO  - Watchdog has been checked: 0 passed
18.08.2014 04:55:36,374 - INFO  - Watchdog has been checked: 0 passed
18.08.2014 04:57:36,340 - INFO  - Watchdog has been checked: 0 passed
18.08.2014 04:59:36,153 - INFO  - Watchdog has been checked: 0 passed
18.08.2014 05:01:36,134 - INFO  - Watchdog has been checked: 0 passed
18.08.2014 05:03:36,112 - INFO  - Watchdog has been checked: 0 passed
18.08.2014 05:05:36,173 - INFO  - Watchdog has been checked: 0 passed
18.08.2014 05:07:36,285 - INFO  - Watchdog has been checked: 0 passed
18.08.2014 05:09:36,087 - INFO  - Watchdog has been checked: 0 passed
18.08.2014 05:11:36,245 - INFO  - Watchdog has been checked: 0 passed
18.08.2014 05:13:36,274 - INFO  - Watchdog has been checked: 0 passed
18.08.2014 05:15:36,176 - INFO  - Watchdog has been checked: 0 passed
18.08.2014 05:17:36,573 - INFO  - Watchdog has been checked: 0 passed
18.08.2014 05:19:36,248 - INFO  - Watchdog has been checked: 0 passed
18.08.2014 05:21:36,220 - INFO  - Watchdog has been checked: 0 passed
18.08.2014 05:23:36,138 - INFO  - Watchdog has been checked: 0 passed
18.08.2014 05:25:36,219 - INFO  - Watchdog has been checked: 0 passed
18.08.2014 05:27:36,325 - INFO  - Watchdog has been checked: 0 passed
18.08.2014 05:29:36,209 - INFO  - Watchdog has been checked: 0 passed
18.08.2014 05:31:36,197 - INFO  - Watchdog has been checked: 0 passed
18.08.2014 05:33:36,193 - INFO  - Watchdog has been checked: 0 passed
18.08.2014 05:35:36,295 - INFO  - Watchdog has been checked: 0 passed
18.08.2014 05:37:36,071 - INFO  - Watchdog has been checked: 0 passed
18.08.2014 05:39:35,209 - INFO  - Watchdog has been checked: 0 passed
18.08.2014 05:41:35,088 - INFO  - Watchdog has been checked: 0 passed
18.08.2014 05:43:35,149 - INFO  - Watchdog has been checked: 0 passed
18.08.2014 05:45:35,271 - INFO  - Watchdog has been checked: 0 passed
18.08.2014 05:47:35,298 - INFO  - Watchdog has been checked: 0 passed
18.08.2014 05:49:35,190 - INFO  - Watchdog has been checked: 0 passed
18.08.2014 05:51:35,357 - INFO  - Watchdog has been checked: 0 passed
18.08.2014 05:53:35,161 - INFO  - Watchdog has been checked: 0 passed
18.08.2014 05:55:35,279 - INFO  - Watchdog has been checked: 0 passed
18.08.2014 05:57:35,367 - INFO  - Watchdog has been checked: 0 passed
18.08.2014 05:59:35,199 - INFO  - Watchdog has been checked: 0 passed
18.08.2014 06:01:35,155 - INFO  - Watchdog has been checked: 0 passed
18.08.2014 06:03:35,215 - INFO  - Watchdog has been checked: 0 passed
18.08.2014 06:05:35,336 - INFO  - Watchdog has been checked: 0 passed
18.08.2014 06:07:35,351 - INFO  - Watchdog has been checked: 0 passed
18.08.2014 06:09:35,222 - INFO  - Watchdog has been checked: 0 passed
18.08.2014 06:11:35,267 - INFO  - Watchdog has been checked: 0 passed
18.08.2014 06:13:35,418 - INFO  - Watchdog has been checked: 0 passed
18.08.2014 06:15:01,832 - INFO  - mapping file sync started
18.08.2014 06:15:02,446 - INFO  - file successfully updated
18.08.2014 06:15:35,177 - INFO  - Watchdog has been checked: 0 passed
18.08.2014 06:17:35,189 - INFO  - Watchdog has been checked: 0 passed
18.08.2014 06:19:35,124 - INFO  - Watchdog has been checked: 0 passed
18.08.2014 06:21:35,258 - INFO  - Watchdog has been checked: 0 passed
18.08.2014 06:23:35,198 - INFO  - Watchdog has been checked: 0 passed
18.08.2014 06:25:35,048 - INFO  - Watchdog has been checked: 0 passed
18.08.2014 06:27:34,167 - INFO  - Watchdog has been checked: 0 passed
18.08.2014 06:29:34,279 - INFO  - Watchdog has been checked: 0 passed
18.08.2014 06:31:34,262 - INFO  - Watchdog has been checked: 0 passed
18.08.2014 06:33:34,236 - INFO  - Watchdog has been checked: 0 passed
18.08.2014 06:35:34,344 - INFO  - Watchdog has been checked: 0 passed
18.08.2014 06:37:34,415 - INFO  - Watchdog has been checked: 0 passed
18.08.2014 06:39:34,270 - INFO  - Watchdog has been checked: 0 passed
18.08.2014 06:41:34,276 - INFO  - Watchdog has been checked: 0 passed
18.08.2014 06:43:38,578 - INFO  - Watchdog has been checked: 0 passed
18.08.2014 06:45:38,340 - INFO  - Watchdog has been checked: 0 passed
18.08.2014 06:47:38,398 - INFO  - Watchdog has been checked: 0 passed
18.08.2014 06:49:38,214 - INFO  - Watchdog has been checked: 0 passed
18.08.2014 06:51:38,179 - INFO  - Watchdog has been checked: 0 passed
18.08.2014 06:53:38,121 - INFO  - Watchdog has been checked: 0 passed
18.08.2014 06:55:38,215 - INFO  - Watchdog has been checked: 0 passed
18.08.2014 06:57:38,207 - INFO  - Watchdog has been checked: 0 passed
18.08.2014 06:59:38,276 - INFO  - Watchdog has been checked: 0 passed
18.08.2014 07:01:38,236 - INFO  - Watchdog has been checked: 0 passed
18.08.2014 07:03:38,264 - INFO  - Watchdog has been checked: 0 passed
18.08.2014 07:05:38,325 - INFO  - Watchdog has been checked: 0 passed
18.08.2014 07:07:38,400 - INFO  - Watchdog has been checked: 0 passed
18.08.2014 07:09:38,214 - INFO  - Watchdog has been checked: 0 passed
18.08.2014 07:11:38,182 - INFO  - Watchdog has been checked: 0 passed
18.08.2014 07:13:38,159 - INFO  - Watchdog has been checked: 0 passed
18.08.2014 07:15:01,683 - INFO  - mapping file sync started
18.08.2014 07:15:02,190 - INFO  - file successfully updated
18.08.2014 07:15:38,205 - INFO  - Watchdog has been checked: 0 passed
18.08.2014 07:17:38,293 - INFO  - Watchdog has been checked: 0 passed
18.08.2014 07:19:38,362 - INFO  - Watchdog has been checked: 0 passed
18.08.2014 07:21:38,058 - INFO  - Watchdog has been checked: 0 passed
18.08.2014 07:23:37,240 - INFO  - Watchdog has been checked: 0 passed
18.08.2014 07:25:37,144 - INFO  - Watchdog has been checked: 0 passed
18.08.2014 07:27:37,232 - INFO  - Watchdog has been checked: 0 passed
18.08.2014 07:29:36,043 - INFO  - Watchdog has been checked: 0 passed
18.08.2014 07:31:35,025 - INFO  - Watchdog has been checked: 0 passed
18.08.2014 07:33:34,234 - INFO  - Watchdog has been checked: 0 passed
18.08.2014 07:35:34,067 - INFO  - Watchdog has been checked: 0 passed
18.08.2014 07:37:33,076 - INFO  - Watchdog has been checked: 0 passed
18.08.2014 07:39:32,209 - INFO  - Watchdog has been checked: 0 passed
18.08.2014 07:41:32,168 - INFO  - Watchdog has been checked: 0 passed
18.08.2014 07:43:32,157 - INFO  - Watchdog has been checked: 0 passed
18.08.2014 07:45:32,199 - INFO  - Watchdog has been checked: 0 passed
18.08.2014 07:47:32,277 - INFO  - Watchdog has been checked: 0 passed
18.08.2014 07:49:32,114 - INFO  - Watchdog has been checked: 0 passed
18.08.2014 07:51:32,061 - INFO  - Watchdog has been checked: 0 passed
18.08.2014 07:53:32,291 - INFO  - Watchdog has been checked: 0 passed
18.08.2014 07:55:32,155 - INFO  - Watchdog has been checked: 0 passed
18.08.2014 07:57:32,188 - INFO  - Watchdog has been checked: 0 passed
18.08.2014 07:59:32,257 - INFO  - Watchdog has been checked: 0 passed
18.08.2014 08:01:32,197 - INFO  - Watchdog has been checked: 0 passed
18.08.2014 08:03:32,202 - INFO  - Watchdog has been checked: 0 passed
18.08.2014 08:05:32,153 - INFO  - Watchdog has been checked: 0 passed
18.08.2014 08:07:31,346 - INFO  - Watchdog has been checked: 0 passed
18.08.2014 08:09:31,199 - INFO  - Watchdog has been checked: 0 passed
18.08.2014 08:11:31,157 - INFO  - Watchdog has been checked: 0 passed
18.08.2014 08:13:31,355 - INFO  - Watchdog has been checked: 0 passed
18.08.2014 08:15:31,171 - INFO  - Watchdog has been checked: 0 passed
18.08.2014 08:17:31,232 - INFO  - Watchdog has been checked: 0 passed
18.08.2014 08:19:31,161 - INFO  - Watchdog has been checked: 0 passed
18.08.2014 08:21:31,392 - INFO  - Watchdog has been checked: 0 passed
18.08.2014 08:22:49,228 - ERROR - unknown wikiuser
18.08.2014 08:22:49,310 - INFO  - searcher anonymous --- respT: 18ms, 28443 results, q=, 
18.08.2014 08:23:31,341 - INFO  - Watchdog has been checked: 0 passed
18.08.2014 08:25:31,273 - INFO  - Watchdog has been checked: 0 passed
18.08.2014 08:27:31,336 - INFO  - Watchdog has been checked: 0 passed
18.08.2014 08:29:31,189 - INFO  - Watchdog has been checked: 0 passed
18.08.2014 08:31:31,163 - INFO  - Watchdog has been checked: 0 passed
18.08.2014 08:33:30,323 - INFO  - Watchdog has been checked: 0 passed
18.08.2014 08:35:30,168 - INFO  - Watchdog has been checked: 0 passed
18.08.2014 08:37:30,167 - INFO  - Watchdog has been checked: 0 passed
18.08.2014 08:39:30,276 - INFO  - Watchdog has been checked: 0 passed
18.08.2014 08:41:30,244 - INFO  - Watchdog has been checked: 0 passed
18.08.2014 08:43:30,182 - INFO  - Watchdog has been checked: 0 passed
18.08.2014 08:45:30,322 - INFO  - Watchdog has been checked: 0 passed
18.08.2014 08:47:30,346 - INFO  - Watchdog has been checked: 0 passed
18.08.2014 08:49:30,216 - INFO  - Watchdog has been checked: 0 passed
18.08.2014 08:51:30,133 - INFO  - Watchdog has been checked: 0 passed
18.08.2014 08:53:30,121 - INFO  - Watchdog has been checked: 0 passed
18.08.2014 08:55:30,253 - INFO  - Watchdog has been checked: 0 passed
18.08.2014 08:57:30,038 - INFO  - Watchdog has been checked: 0 passed
18.08.2014 08:59:30,093 - INFO  - Watchdog has been checked: 0 passed
18.08.2014 09:01:30,171 - INFO  - Watchdog has been checked: 0 passed
18.08.2014 09:03:30,235 - INFO  - Watchdog has been checked: 0 passed
18.08.2014 09:05:30,132 - INFO  - Watchdog has been checked: 0 passed
18.08.2014 09:07:30,096 - INFO  - Watchdog has been checked: 0 passed
18.08.2014 09:09:29,996 - INFO  - Watchdog has been checked: 0 passed
18.08.2014 09:11:29,245 - INFO  - Watchdog has been checked: 0 passed
18.08.2014 09:13:29,149 - INFO  - Watchdog has been checked: 0 passed
18.08.2014 09:15:29,041 - INFO  - Watchdog has been checked: 0 passed
18.08.2014 09:17:28,110 - INFO  - Watchdog has been checked: 0 passed
18.08.2014 09:19:28,157 - INFO  - Watchdog has been checked: 0 passed
18.08.2014 09:21:28,153 - INFO  - Watchdog has been checked: 0 passed
18.08.2014 09:23:28,117 - INFO  - Watchdog has been checked: 0 passed
18.08.2014 09:25:28,254 - INFO  - Watchdog has been checked: 0 passed
18.08.2014 09:27:28,045 - INFO  - Watchdog has been checked: 0 passed
18.08.2014 09:29:28,151 - INFO  - Watchdog has been checked: 0 passed
18.08.2014 09:31:28,246 - INFO  - Watchdog has been checked: 0 passed
18.08.2014 09:33:28,162 - INFO  - Watchdog has been checked: 0 passed
18.08.2014 09:35:28,300 - INFO  - Watchdog has been checked: 0 passed
18.08.2014 09:37:28,094 - INFO  - Watchdog has been checked: 0 passed
18.08.2014 09:39:28,203 - INFO  - Watchdog has been checked: 0 passed
18.08.2014 09:41:28,189 - INFO  - Watchdog has been checked: 0 passed
18.08.2014 09:43:28,154 - INFO  - Watchdog has been checked: 0 passed
18.08.2014 09:45:27,273 - INFO  - Watchdog has been checked: 0 passed
18.08.2014 09:47:27,309 - INFO  - Watchdog has been checked: 0 passed
18.08.2014 09:49:27,382 - INFO  - Watchdog has been checked: 0 passed
18.08.2014 09:51:27,434 - INFO  - Watchdog has been checked: 0 passed
18.08.2014 09:53:27,318 - INFO  - Watchdog has been checked: 0 passed
18.08.2014 09:55:27,368 - INFO  - Watchdog has been checked: 0 passed
18.08.2014 09:57:27,177 - INFO  - Watchdog has been checked: 0 passed
18.08.2014 09:59:27,208 - INFO  - Watchdog has been checked: 0 passed
18.08.2014 10:01:27,194 - INFO  - Watchdog has been checked: 0 passed
18.08.2014 10:03:27,229 - INFO  - Watchdog has been checked: 0 passed
18.08.2014 10:05:13,591 - INFO  - searcher identified --- respT: 35ms, 77348 results, q=, 
18.08.2014 10:05:16,792 - INFO  - searcher identified --- respT: 12ms, 863 results, q=allgemeine, 
18.08.2014 10:05:18,985 - INFO  - searcher identified --- respT: 14ms, 124 results, q=allgemeine weisungen, 
18.08.2014 10:05:27,356 - INFO  - Watchdog has been checked: 0 passed
18.08.2014 10:07:27,152 - INFO  - Watchdog has been checked: 0 passed
18.08.2014 10:09:27,235 - INFO  - Watchdog has been checked: 0 passed
18.08.2014 10:11:27,188 - INFO  - Watchdog has been checked: 0 passed
18.08.2014 10:13:27,123 - INFO  - Watchdog has been checked: 0 passed
18.08.2014 10:15:27,222 - INFO  - Watchdog has been checked: 0 passed
18.08.2014 10:17:27,274 - INFO  - Watchdog has been checked: 0 passed
18.08.2014 10:19:27,119 - INFO  - Watchdog has been checked: 0 passed
18.08.2014 10:21:27,122 - INFO  - Watchdog has been checked: 0 passed
18.08.2014 10:23:27,301 - INFO  - Watchdog has been checked: 0 passed
18.08.2014 10:25:27,151 - INFO  - Watchdog has been checked: 0 passed
18.08.2014 10:27:28,221 - INFO  - Watchdog has been checked: 0 passed
18.08.2014 10:29:28,073 - INFO  - Watchdog has been checked: 0 passed
18.08.2014 10:31:27,298 - INFO  - Watchdog has been checked: 0 passed
18.08.2014 10:33:27,237 - INFO  - Watchdog has been checked: 0 passed
18.08.2014 10:35:27,118 - INFO  - Watchdog has been checked: 0 passed
18.08.2014 10:37:27,224 - INFO  - Watchdog has been checked: 0 passed
18.08.2014 10:39:27,348 - INFO  - Watchdog has been checked: 0 passed
18.08.2014 10:41:27,332 - INFO  - Watchdog has been checked: 0 passed
18.08.2014 10:43:27,278 - INFO  - Watchdog has been checked: 0 passed
18.08.2014 10:45:27,219 - INFO  - Watchdog has been checked: 0 passed
18.08.2014 10:47:27,287 - INFO  - Watchdog has been checked: 0 passed
18.08.2014 10:49:27,164 - INFO  - Watchdog has been checked: 0 passed
18.08.2014 10:51:27,132 - INFO  - Watchdog has been checked: 0 passed
18.08.2014 10:53:26,334 - INFO  - Watchdog has been checked: 0 passed
18.08.2014 10:55:26,230 - INFO  - Watchdog has been checked: 0 passed
18.08.2014 10:57:26,298 - INFO  - Watchdog has been checked: 0 passed
18.08.2014 10:59:26,184 - INFO  - Watchdog has been checked: 0 passed
18.08.2014 11:01:25,368 - INFO  - Watchdog has been checked: 0 passed
18.08.2014 11:03:25,306 - INFO  - Watchdog has been checked: 0 passed
18.08.2014 11:05:25,140 - INFO  - Watchdog has been checked: 0 passed
18.08.2014 11:07:25,160 - INFO  - Watchdog has been checked: 0 passed
18.08.2014 11:09:25,330 - INFO  - Watchdog has been checked: 0 passed
18.08.2014 11:11:25,279 - INFO  - Watchdog has been checked: 0 passed
18.08.2014 11:13:25,213 - INFO  - Watchdog has been checked: 0 passed
18.08.2014 11:15:25,102 - INFO  - Watchdog has been checked: 0 passed
18.08.2014 11:17:26,302 - INFO  - Watchdog has been checked: 0 passed
18.08.2014 11:19:26,233 - INFO  - Watchdog has been checked: 0 passed
18.08.2014 11:21:26,221 - INFO  - Watchdog has been checked: 0 passed
18.08.2014 11:23:26,119 - INFO  - Watchdog has been checked: 0 passed
18.08.2014 11:25:26,207 - INFO  - Watchdog has been checked: 0 passed
18.08.2014 11:27:26,216 - INFO  - Watchdog has been checked: 0 passed
18.08.2014 11:29:26,201 - INFO  - Watchdog has been checked: 0 passed
18.08.2014 11:31:26,148 - INFO  - Watchdog has been checked: 0 passed
18.08.2014 11:33:26,294 - INFO  - Watchdog has been checked: 0 passed
18.08.2014 11:35:26,193 - INFO  - Watchdog has been checked: 0 passed
18.08.2014 11:37:26,171 - INFO  - Watchdog has been checked: 0 passed
18.08.2014 11:39:26,265 - INFO  - Watchdog has been checked: 0 passed
18.08.2014 11:41:26,246 - INFO  - Watchdog has been checked: 0 passed
18.08.2014 11:43:26,189 - INFO  - Watchdog has been checked: 0 passed
18.08.2014 11:45:26,083 - INFO  - Watchdog has been checked: 0 passed
18.08.2014 11:47:25,173 - INFO  - Watchdog has been checked: 0 passed
18.08.2014 11:49:25,116 - INFO  - Watchdog has been checked: 0 passed
18.08.2014 11:51:25,217 - INFO  - Watchdog has been checked: 0 passed
18.08.2014 11:53:25,366 - INFO  - Watchdog has been checked: 0 passed
18.08.2014 11:55:25,155 - INFO  - Watchdog has been checked: 0 passed
18.08.2014 11:57:25,172 - INFO  - Watchdog has been checked: 0 passed
18.08.2014 11:59:25,048 - INFO  - Watchdog has been checked: 0 passed
18.08.2014 12:01:25,124 - INFO  - Watchdog has been checked: 0 passed
18.08.2014 12:03:25,269 - INFO  - Watchdog has been checked: 0 passed
18.08.2014 12:05:25,132 - INFO  - Watchdog has been checked: 0 passed
18.08.2014 12:07:25,143 - INFO  - Watchdog has been checked: 0 passed
18.08.2014 12:09:25,203 - INFO  - Watchdog has been checked: 0 passed
18.08.2014 12:11:25,213 - INFO  - Watchdog has been checked: 0 passed
18.08.2014 12:13:25,109 - INFO  - Watchdog has been checked: 0 passed
18.08.2014 12:15:24,270 - INFO  - Watchdog has been checked: 0 passed
18.08.2014 12:17:24,291 - INFO  - Watchdog has been checked: 0 passed
18.08.2014 12:19:25,729 - INFO  - Watchdog has been checked: 0 passed
18.08.2014 12:21:25,119 - INFO  - Watchdog has been checked: 0 passed
18.08.2014 12:23:25,080 - INFO  - Watchdog has been checked: 0 passed
18.08.2014 12:25:24,211 - INFO  - Watchdog has been checked: 0 passed
18.08.2014 12:27:24,296 - INFO  - Watchdog has been checked: 0 passed
18.08.2014 12:29:24,183 - INFO  - Watchdog has been checked: 0 passed
18.08.2014 12:31:24,400 - INFO  - Watchdog has been checked: 0 passed
18.08.2014 12:33:24,208 - INFO  - Watchdog has been checked: 0 passed
18.08.2014 12:35:24,369 - INFO  - Watchdog has been checked: 0 passed
18.08.2014 12:37:24,424 - INFO  - Watchdog has been checked: 0 passed
18.08.2014 12:39:24,366 - INFO  - Watchdog has been checked: 0 passed
18.08.2014 12:41:24,201 - INFO  - Watchdog has been checked: 0 passed
18.08.2014 12:43:24,394 - INFO  - Watchdog has been checked: 0 passed
18.08.2014 12:45:24,246 - INFO  - Watchdog has been checked: 0 passed
18.08.2014 12:47:24,298 - INFO  - Watchdog has been checked: 0 passed
18.08.2014 12:49:24,442 - INFO  - Watchdog has been checked: 0 passed
18.08.2014 12:51:24,302 - INFO  - Watchdog has been checked: 0 passed
18.08.2014 12:53:24,309 - INFO  - Watchdog has been checked: 0 passed
18.08.2014 12:55:24,181 - INFO  - Watchdog has been checked: 0 passed
18.08.2014 12:57:25,836 - INFO  - Watchdog has been checked: 0 passed
18.08.2014 12:59:25,347 - INFO  - Watchdog has been checked: 0 passed
18.08.2014 13:01:25,372 - INFO  - Watchdog has been checked: 0 passed
18.08.2014 13:03:25,278 - INFO  - Watchdog has been checked: 0 passed
18.08.2014 13:05:25,177 - INFO  - Watchdog has been checked: 0 passed
18.08.2014 13:07:25,197 - INFO  - Watchdog has been checked: 0 passed
18.08.2014 13:09:25,264 - INFO  - Watchdog has been checked: 0 passed
18.08.2014 13:11:25,243 - INFO  - Watchdog has been checked: 0 passed
18.08.2014 13:13:25,185 - INFO  - Watchdog has been checked: 0 passed
18.08.2014 13:15:25,293 - INFO  - Watchdog has been checked: 0 passed
18.08.2014 13:17:25,046 - INFO  - Watchdog has been checked: 0 passed
18.08.2014 13:19:25,147 - INFO  - Watchdog has been checked: 0 passed
18.08.2014 13:21:25,176 - INFO  - Watchdog has been checked: 0 passed
18.08.2014 13:23:25,085 - INFO  - Watchdog has been checked: 0 passed
18.08.2014 13:25:24,264 - INFO  - Watchdog has been checked: 0 passed
18.08.2014 13:27:24,278 - INFO  - Watchdog has been checked: 0 passed
18.08.2014 13:29:24,132 - INFO  - Watchdog has been checked: 0 passed
18.08.2014 13:31:24,112 - INFO  - Watchdog has been checked: 0 passed
18.08.2014 13:33:24,050 - INFO  - Watchdog has been checked: 0 passed
18.08.2014 13:35:23,136 - INFO  - Watchdog has been checked: 0 passed
18.08.2014 13:37:23,171 - INFO  - Watchdog has been checked: 0 passed
18.08.2014 13:39:23,026 - INFO  - Watchdog has been checked: 0 passed
18.08.2014 13:41:22,256 - INFO  - Watchdog has been checked: 0 passed
18.08.2014 13:43:22,152 - INFO  - Watchdog has been checked: 0 passed
18.08.2014 13:45:22,043 - INFO  - Watchdog has been checked: 0 passed
18.08.2014 13:47:21,115 - INFO  - Watchdog has been checked: 0 passed
18.08.2014 13:49:20,175 - INFO  - Watchdog has been checked: 0 passed
18.08.2014 13:51:20,189 - INFO  - Watchdog has been checked: 0 passed
18.08.2014 13:53:20,175 - INFO  - Watchdog has been checked: 0 passed
18.08.2014 13:55:20,327 - INFO  - Watchdog has been checked: 0 passed
18.08.2014 13:57:20,175 - INFO  - Watchdog has been checked: 0 passed
18.08.2014 13:59:20,259 - INFO  - Watchdog has been checked: 0 passed
18.08.2014 14:01:20,299 - INFO  - Watchdog has been checked: 0 passed
18.08.2014 14:03:20,260 - INFO  - Watchdog has been checked: 0 passed
18.08.2014 14:05:20,160 - INFO  - Watchdog has been checked: 0 passed
18.08.2014 14:07:20,219 - INFO  - Watchdog has been checked: 0 passed
18.08.2014 14:09:20,293 - INFO  - Watchdog has been checked: 0 passed
18.08.2014 14:11:20,263 - INFO  - Watchdog has been checked: 0 passed
18.08.2014 14:13:20,225 - INFO  - Watchdog has been checked: 0 passed
18.08.2014 14:15:20,387 - INFO  - Watchdog has been checked: 0 passed
18.08.2014 14:17:20,148 - INFO  - Watchdog has been checked: 0 passed
18.08.2014 14:19:20,255 - INFO  - Watchdog has been checked: 0 passed
18.08.2014 14:21:20,245 - INFO  - Watchdog has been checked: 0 passed
18.08.2014 14:23:20,270 - INFO  - Watchdog has been checked: 0 passed
18.08.2014 14:25:20,159 - INFO  - Watchdog has been checked: 0 passed
18.08.2014 14:27:20,214 - INFO  - Watchdog has been checked: 0 passed
18.08.2014 14:29:20,334 - INFO  - Watchdog has been checked: 0 passed
18.08.2014 14:31:20,333 - INFO  - Watchdog has been checked: 0 passed
18.08.2014 14:33:20,190 - INFO  - Watchdog has been checked: 0 passed
18.08.2014 14:35:20,092 - INFO  - Watchdog has been checked: 0 passed
18.08.2014 14:37:19,203 - INFO  - Watchdog has been checked: 0 passed
18.08.2014 14:39:19,281 - INFO  - Watchdog has been checked: 0 passed
18.08.2014 14:41:19,303 - INFO  - Watchdog has been checked: 0 passed
18.08.2014 14:43:19,243 - INFO  - Watchdog has been checked: 0 passed
18.08.2014 14:45:19,079 - INFO  - Watchdog has been checked: 0 passed
18.08.2014 14:47:19,372 - INFO  - Watchdog has been checked: 0 passed
18.08.2014 14:49:19,171 - INFO  - Watchdog has been checked: 0 passed
18.08.2014 14:51:19,228 - INFO  - Watchdog has been checked: 0 passed
18.08.2014 14:53:19,145 - INFO  - Watchdog has been checked: 0 passed
18.08.2014 14:55:19,275 - INFO  - Watchdog has been checked: 0 passed
18.08.2014 14:57:19,310 - INFO  - Watchdog has been checked: 0 passed
18.08.2014 14:59:19,384 - INFO  - Watchdog has been checked: 0 passed
18.08.2014 15:01:19,354 - INFO  - Watchdog has been checked: 0 passed
18.08.2014 15:03:19,276 - INFO  - Watchdog has been checked: 0 passed
18.08.2014 15:05:19,192 - INFO  - Watchdog has been checked: 0 passed
18.08.2014 15:07:19,214 - INFO  - Watchdog has been checked: 0 passed
18.08.2014 15:09:19,326 - INFO  - Watchdog has been checked: 0 passed
18.08.2014 15:11:19,286 - INFO  - Watchdog has been checked: 0 passed
18.08.2014 15:13:19,213 - INFO  - Watchdog has been checked: 0 passed
18.08.2014 15:15:19,172 - INFO  - Watchdog has been checked: 0 passed
18.08.2014 15:17:18,108 - INFO  - Watchdog has been checked: 0 passed
18.08.2014 15:19:17,238 - INFO  - Watchdog has been checked: 0 passed
18.08.2014 15:21:17,322 - INFO  - Watchdog has been checked: 0 passed
18.08.2014 15:23:17,231 - INFO  - Watchdog has been checked: 0 passed
18.08.2014 15:25:17,346 - INFO  - Watchdog has been checked: 0 passed
18.08.2014 15:27:17,071 - INFO  - Watchdog has been checked: 0 passed
18.08.2014 15:29:16,192 - INFO  - Watchdog has been checked: 0 passed
18.08.2014 15:31:16,277 - INFO  - Watchdog has been checked: 0 passed
18.08.2014 15:33:16,171 - INFO  - Watchdog has been checked: 0 passed
18.08.2014 15:35:16,337 - INFO  - Watchdog has been checked: 0 passed
18.08.2014 15:37:16,252 - INFO  - Watchdog has been checked: 0 passed
18.08.2014 15:39:16,146 - INFO  - Watchdog has been checked: 0 passed
18.08.2014 15:41:16,150 - INFO  - Watchdog has been checked: 0 passed
18.08.2014 15:43:16,310 - INFO  - Watchdog has been checked: 0 passed
18.08.2014 15:45:16,208 - INFO  - Watchdog has been checked: 0 passed
18.08.2014 15:47:16,179 - INFO  - Watchdog has been checked: 0 passed
18.08.2014 15:49:16,077 - INFO  - Watchdog has been checked: 0 passed
18.08.2014 15:51:16,248 - INFO  - Watchdog has been checked: 0 passed
18.08.2014 15:53:16,327 - INFO  - Watchdog has been checked: 0 passed
18.08.2014 15:55:16,212 - INFO  - Watchdog has been checked: 0 passed
18.08.2014 15:57:16,162 - INFO  - Watchdog has been checked: 0 passed
18.08.2014 15:59:16,030 - INFO  - Watchdog has been checked: 0 passed
18.08.2014 16:01:16,068 - INFO  - Watchdog has been checked: 0 passed
18.08.2014 16:03:16,282 - INFO  - Watchdog has been checked: 0 passed
18.08.2014 16:05:16,141 - INFO  - Watchdog has been checked: 0 passed
18.08.2014 16:07:16,140 - INFO  - Watchdog has been checked: 0 passed
18.08.2014 16:09:16,328 - INFO  - Watchdog has been checked: 0 passed
18.08.2014 16:11:16,328 - INFO  - Watchdog has been checked: 0 passed
18.08.2014 16:13:16,272 - INFO  - Watchdog has been checked: 0 passed
18.08.2014 16:15:16,107 - INFO  - Watchdog has been checked: 0 passed
18.08.2014 16:17:16,107 - INFO  - Watchdog has been checked: 0 passed
18.08.2014 16:19:15,295 - INFO  - Watchdog has been checked: 0 passed
18.08.2014 16:21:15,646 - INFO  - Watchdog has been checked: 0 passed
18.08.2014 16:23:15,247 - INFO  - Watchdog has been checked: 0 passed
18.08.2014 16:25:15,117 - INFO  - Watchdog has been checked: 0 passed
18.08.2014 16:27:18,371 - INFO  - Watchdog has been checked: 0 passed
18.08.2014 16:29:18,316 - INFO  - Watchdog has been checked: 0 passed
18.08.2014 16:31:18,278 - INFO  - Watchdog has been checked: 0 passed
18.08.2014 16:33:18,260 - INFO  - Watchdog has been checked: 0 passed
18.08.2014 16:35:18,179 - INFO  - Watchdog has been checked: 0 passed
18.08.2014 16:37:18,391 - INFO  - Watchdog has been checked: 0 passed
18.08.2014 16:39:18,333 - INFO  - Watchdog has been checked: 0 passed
18.08.2014 16:41:18,297 - INFO  - Watchdog has been checked: 0 passed
18.08.2014 16:43:18,260 - INFO  - Watchdog has been checked: 0 passed
18.08.2014 16:45:18,372 - INFO  - Watchdog has been checked: 0 passed
18.08.2014 16:47:18,299 - INFO  - Watchdog has been checked: 0 passed
18.08.2014 16:49:18,354 - INFO  - Watchdog has been checked: 0 passed
18.08.2014 16:51:18,232 - INFO  - Watchdog has been checked: 0 passed
18.08.2014 16:53:18,401 - INFO  - Watchdog has been checked: 0 passed
18.08.2014 16:55:18,299 - INFO  - Watchdog has been checked: 0 passed
18.08.2014 16:55:46,245 - INFO  - searcher identified --- respT: 50ms, 64695 results, q=, 
18.08.2014 16:55:50,181 - INFO  - searcher identified --- respT: 16ms, 72 results, q=mellanox, 
18.08.2014 16:55:50,973 - INFO  - searcher identified --- respT: 15ms, 72 results, q=mellanox, 
18.08.2014 16:56:31,540 - INFO  - searcher identified --- respT: 19ms, 487 results, q=merlin, 
18.08.2014 16:56:37,940 - INFO  - searcher identified --- respT: 63ms, 56 results, q=merlin infiniband, 
18.08.2014 16:57:18,263 - INFO  - Watchdog has been checked: 0 passed
18.08.2014 16:59:18,314 - INFO  - Watchdog has been checked: 0 passed
18.08.2014 17:01:18,830 - INFO  - Watchdog has been checked: 0 passed
18.08.2014 17:03:18,117 - INFO  - Watchdog has been checked: 0 passed
18.08.2014 17:05:18,248 - INFO  - Watchdog has been checked: 0 passed
18.08.2014 17:07:18,179 - INFO  - Watchdog has been checked: 0 passed
18.08.2014 17:09:18,179 - INFO  - Watchdog has been checked: 0 passed
18.08.2014 17:11:18,120 - INFO  - Watchdog has been checked: 0 passed
18.08.2014 17:13:18,054 - INFO  - Watchdog has been checked: 0 passed
18.08.2014 17:15:17,273 - INFO  - Watchdog has been checked: 0 passed
18.08.2014 17:17:17,165 - INFO  - Watchdog has been checked: 0 passed
18.08.2014 17:19:17,203 - INFO  - Watchdog has been checked: 0 passed
18.08.2014 17:21:17,224 - INFO  - Watchdog has been checked: 0 passed
18.08.2014 17:23:17,128 - INFO  - Watchdog has been checked: 0 passed
18.08.2014 17:25:17,079 - INFO  - Watchdog has been checked: 0 passed
18.08.2014 17:27:17,054 - INFO  - Watchdog has been checked: 0 passed
18.08.2014 17:29:17,240 - INFO  - Watchdog has been checked: 0 passed
18.08.2014 17:31:17,264 - INFO  - Watchdog has been checked: 0 passed
18.08.2014 17:33:17,146 - INFO  - Watchdog has been checked: 0 passed
18.08.2014 17:35:17,051 - INFO  - Watchdog has been checked: 0 passed
18.08.2014 17:37:17,265 - INFO  - Watchdog has been checked: 0 passed
18.08.2014 17:39:17,305 - INFO  - Watchdog has been checked: 0 passed
18.08.2014 17:41:17,281 - INFO  - Watchdog has been checked: 0 passed
18.08.2014 17:43:17,170 - INFO  - Watchdog has been checked: 0 passed
18.08.2014 17:45:17,303 - INFO  - Watchdog has been checked: 0 passed
18.08.2014 17:47:17,262 - INFO  - Watchdog has been checked: 0 passed
18.08.2014 17:49:17,220 - INFO  - Watchdog has been checked: 0 passed
18.08.2014 17:51:17,265 - INFO  - Watchdog has been checked: 0 passed
18.08.2014 17:53:17,181 - INFO  - Watchdog has been checked: 0 passed
18.08.2014 17:55:17,325 - INFO  - Watchdog has been checked: 0 passed
18.08.2014 17:57:17,312 - INFO  - Watchdog has been checked: 0 passed
18.08.2014 17:59:17,280 - INFO  - Watchdog has been checked: 0 passed
18.08.2014 18:01:17,305 - INFO  - Watchdog has been checked: 0 passed
18.08.2014 18:03:17,243 - INFO  - Watchdog has been checked: 0 passed
18.08.2014 18:05:17,379 - INFO  - Watchdog has been checked: 0 passed
18.08.2014 18:07:17,359 - INFO  - Watchdog has been checked: 0 passed
18.08.2014 18:09:18,432 - INFO  - Watchdog has been checked: 0 passed
18.08.2014 18:11:18,318 - INFO  - Watchdog has been checked: 0 passed
18.08.2014 18:13:18,208 - INFO  - Watchdog has been checked: 0 passed
18.08.2014 18:15:18,307 - INFO  - Watchdog has been checked: 0 passed
18.08.2014 18:17:18,276 - INFO  - Watchdog has been checked: 0 passed
18.08.2014 18:19:19,174 - INFO  - Watchdog has been checked: 0 passed
18.08.2014 18:21:19,159 - INFO  - Watchdog has been checked: 0 passed
18.08.2014 18:23:19,352 - INFO  - Watchdog has been checked: 0 passed
18.08.2014 18:25:19,239 - INFO  - Watchdog has been checked: 0 passed
18.08.2014 18:27:19,382 - INFO  - Watchdog has been checked: 0 passed
18.08.2014 18:29:19,215 - INFO  - Watchdog has been checked: 0 passed
18.08.2014 18:31:19,416 - INFO  - Watchdog has been checked: 0 passed
18.08.2014 18:33:19,429 - INFO  - Watchdog has been checked: 0 passed
18.08.2014 18:35:19,275 - INFO  - Watchdog has been checked: 0 passed
18.08.2014 18:37:19,335 - INFO  - Watchdog has been checked: 0 passed
18.08.2014 18:39:19,135 - INFO  - Watchdog has been checked: 0 passed
18.08.2014 18:41:19,091 - INFO  - Watchdog has been checked: 0 passed
18.08.2014 18:43:19,097 - INFO  - Watchdog has been checked: 0 passed
18.08.2014 18:45:19,282 - INFO  - Watchdog has been checked: 0 passed
18.08.2014 18:47:19,305 - INFO  - Watchdog has been checked: 0 passed
18.08.2014 18:49:19,149 - INFO  - Watchdog has been checked: 0 passed
18.08.2014 18:51:19,072 - INFO  - Watchdog has been checked: 0 passed
18.08.2014 18:53:19,059 - INFO  - Watchdog has been checked: 0 passed
18.08.2014 18:55:18,931 - INFO  - Watchdog has been checked: 0 passed
18.08.2014 18:57:21,778 - INFO  - Watchdog has been checked: 0 passed
18.08.2014 18:59:21,090 - INFO  - Watchdog has been checked: 0 passed
18.08.2014 19:01:21,097 - INFO  - Watchdog has been checked: 0 passed
18.08.2014 19:03:21,100 - INFO  - Watchdog has been checked: 0 passed
18.08.2014 19:05:20,973 - INFO  - Watchdog has been checked: 0 passed
18.08.2014 19:07:20,007 - INFO  - Watchdog has been checked: 0 passed
18.08.2014 19:09:19,122 - INFO  - Watchdog has been checked: 0 passed
18.08.2014 19:11:19,174 - INFO  - Watchdog has been checked: 0 passed
18.08.2014 19:13:19,124 - INFO  - Watchdog has been checked: 0 passed
18.08.2014 19:15:19,259 - INFO  - Watchdog has been checked: 0 passed
18.08.2014 19:17:19,303 - INFO  - Watchdog has been checked: 0 passed
18.08.2014 19:19:19,214 - INFO  - Watchdog has been checked: 0 passed
18.08.2014 19:21:19,516 - INFO  - Watchdog has been checked: 0 passed
18.08.2014 19:23:19,388 - INFO  - Watchdog has been checked: 0 passed
18.08.2014 19:25:19,334 - INFO  - Watchdog has been checked: 0 passed
18.08.2014 19:27:19,393 - INFO  - Watchdog has been checked: 0 passed
18.08.2014 19:29:19,210 - INFO  - Watchdog has been checked: 0 passed
18.08.2014 19:31:19,343 - INFO  - Watchdog has been checked: 0 passed
18.08.2014 19:33:19,325 - INFO  - Watchdog has been checked: 0 passed
18.08.2014 19:35:19,267 - INFO  - Watchdog has been checked: 0 passed
18.08.2014 19:37:19,392 - INFO  - Watchdog has been checked: 0 passed
18.08.2014 19:39:19,258 - INFO  - Watchdog has been checked: 0 passed
18.08.2014 19:41:18,213 - INFO  - Watchdog has been checked: 0 passed
18.08.2014 19:43:18,127 - INFO  - Watchdog has been checked: 0 passed
18.08.2014 19:45:17,297 - INFO  - Watchdog has been checked: 0 passed
18.08.2014 19:47:17,212 - INFO  - Watchdog has been checked: 0 passed
18.08.2014 19:49:17,245 - INFO  - Watchdog has been checked: 0 passed
18.08.2014 19:51:18,485 - INFO  - Watchdog has been checked: 0 passed
18.08.2014 19:53:18,131 - INFO  - Watchdog has been checked: 0 passed
18.08.2014 19:55:17,300 - INFO  - Watchdog has been checked: 0 passed
18.08.2014 19:57:17,211 - INFO  - Watchdog has been checked: 0 passed
18.08.2014 19:59:18,098 - INFO  - Watchdog has been checked: 0 passed
18.08.2014 20:01:18,133 - INFO  - Watchdog has been checked: 0 passed
18.08.2014 20:03:18,130 - INFO  - Watchdog has been checked: 0 passed
18.08.2014 20:05:18,040 - INFO  - Watchdog has been checked: 0 passed
18.08.2014 20:08:17,188 - INFO  - Watchdog has been checked: 0 passed
18.08.2014 20:10:20,129 - INFO  - Watchdog has been checked: 0 passed
18.08.2014 20:12:17,269 - INFO  - Watchdog has been checked: 0 passed
18.08.2014 20:14:17,062 - INFO  - Watchdog has been checked: 0 passed
18.08.2014 20:16:17,398 - INFO  - Watchdog has been checked: 0 passed
18.08.2014 20:18:17,307 - INFO  - Watchdog has been checked: 0 passed
18.08.2014 20:20:17,117 - INFO  - Watchdog has been checked: 0 passed
18.08.2014 20:22:17,314 - INFO  - Watchdog has been checked: 0 passed
18.08.2014 20:24:17,209 - INFO  - Watchdog has been checked: 0 passed
18.08.2014 20:26:17,297 - INFO  - Watchdog has been checked: 0 passed
18.08.2014 20:28:17,342 - INFO  - Watchdog has been checked: 0 passed
18.08.2014 20:30:18,154 - INFO  - Watchdog has been checked: 0 passed
18.08.2014 20:32:18,115 - INFO  - Watchdog has been checked: 0 passed
18.08.2014 20:34:18,146 - INFO  - Watchdog has been checked: 0 passed
18.08.2014 20:36:18,244 - INFO  - Watchdog has been checked: 0 passed
18.08.2014 20:38:18,328 - INFO  - Watchdog has been checked: 0 passed
18.08.2014 20:40:18,367 - INFO  - Watchdog has been checked: 0 passed
18.08.2014 20:42:18,313 - INFO  - Watchdog has been checked: 0 passed
18.08.2014 20:44:18,308 - INFO  - Watchdog has been checked: 0 passed
18.08.2014 20:46:18,395 - INFO  - Watchdog has been checked: 0 passed
18.08.2014 20:48:18,260 - INFO  - Watchdog has been checked: 0 passed
18.08.2014 20:50:18,301 - INFO  - Watchdog has been checked: 0 passed
18.08.2014 20:52:18,275 - INFO  - Watchdog has been checked: 0 passed
18.08.2014 20:54:18,356 - INFO  - Watchdog has been checked: 0 passed
18.08.2014 20:56:18,400 - INFO  - Watchdog has been checked: 0 passed
18.08.2014 20:58:18,231 - INFO  - Watchdog has been checked: 0 passed
18.08.2014 21:00:18,304 - INFO  - Watchdog has been checked: 0 passed
18.08.2014 21:02:18,226 - INFO  - Watchdog has been checked: 0 passed
18.08.2014 21:04:18,260 - INFO  - Watchdog has been checked: 0 passed
18.08.2014 21:06:18,457 - INFO  - Watchdog has been checked: 0 passed
18.08.2014 21:08:18,197 - INFO  - Watchdog has been checked: 0 passed
18.08.2014 21:10:18,255 - INFO  - Watchdog has been checked: 0 passed
18.08.2014 21:12:18,188 - INFO  - Watchdog has been checked: 0 passed
18.08.2014 21:14:18,247 - INFO  - Watchdog has been checked: 0 passed
18.08.2014 21:16:18,351 - INFO  - Watchdog has been checked: 0 passed
18.08.2014 21:18:18,351 - INFO  - Watchdog has been checked: 0 passed
18.08.2014 21:20:18,164 - INFO  - Watchdog has been checked: 0 passed
18.08.2014 21:22:18,292 - INFO  - Watchdog has been checked: 0 passed
18.08.2014 21:24:18,084 - INFO  - Watchdog has been checked: 0 passed
18.08.2014 21:26:18,135 - INFO  - Watchdog has been checked: 0 passed
18.08.2014 21:28:18,176 - INFO  - Watchdog has been checked: 0 passed
18.08.2014 21:30:18,002 - INFO  - Watchdog has been checked: 0 passed
18.08.2014 21:32:19,682 - INFO  - Watchdog has been checked: 0 passed
18.08.2014 21:34:18,985 - INFO  - Watchdog has been checked: 0 passed
18.08.2014 21:36:18,322 - INFO  - Watchdog has been checked: 0 passed
18.08.2014 21:38:18,065 - INFO  - Watchdog has been checked: 0 passed
18.08.2014 21:40:17,948 - INFO  - Watchdog has been checked: 0 passed
18.08.2014 21:42:17,178 - INFO  - Watchdog has been checked: 0 passed
18.08.2014 21:44:16,988 - INFO  - Watchdog has been checked: 0 passed
18.08.2014 21:46:16,154 - INFO  - Watchdog has been checked: 0 passed
18.08.2014 21:48:15,997 - INFO  - Watchdog has been checked: 0 passed
18.08.2014 21:50:15,136 - INFO  - Watchdog has been checked: 0 passed
18.08.2014 21:52:15,058 - INFO  - Watchdog has been checked: 0 passed
18.08.2014 21:54:14,125 - INFO  - Watchdog has been checked: 0 passed
18.08.2014 21:56:14,131 - INFO  - Watchdog has been checked: 0 passed
18.08.2014 21:58:14,217 - INFO  - Watchdog has been checked: 0 passed
18.08.2014 22:00:14,279 - INFO  - Watchdog has been checked: 0 passed
18.08.2014 22:02:16,951 - INFO  - Watchdog has been checked: 0 passed
18.08.2014 22:04:16,224 - INFO  - Watchdog has been checked: 0 passed
18.08.2014 22:06:16,255 - INFO  - Watchdog has been checked: 0 passed
18.08.2014 22:08:16,298 - INFO  - Watchdog has been checked: 0 passed
18.08.2014 22:10:16,163 - INFO  - Watchdog has been checked: 0 passed
18.08.2014 22:12:16,296 - INFO  - Watchdog has been checked: 0 passed
18.08.2014 22:14:16,192 - INFO  - Watchdog has been checked: 0 passed
18.08.2014 22:16:16,301 - INFO  - Watchdog has been checked: 0 passed
18.08.2014 22:18:16,170 - INFO  - Watchdog has been checked: 0 passed
18.08.2014 22:20:16,322 - INFO  - Watchdog has been checked: 0 passed
18.08.2014 22:22:16,443 - INFO  - Watchdog has been checked: 0 passed
18.08.2014 22:24:16,294 - INFO  - Watchdog has been checked: 0 passed
18.08.2014 22:26:16,392 - INFO  - Watchdog has been checked: 0 passed
18.08.2014 22:28:16,466 - INFO  - Watchdog has been checked: 0 passed
18.08.2014 22:30:16,304 - INFO  - Watchdog has been checked: 0 passed
18.08.2014 22:32:16,452 - INFO  - Watchdog has been checked: 0 passed
18.08.2014 22:34:18,452 - INFO  - Watchdog has been checked: 0 passed
18.08.2014 22:36:18,452 - INFO  - Watchdog has been checked: 0 passed
18.08.2014 22:38:18,243 - INFO  - Watchdog has been checked: 0 passed
18.08.2014 22:40:18,200 - INFO  - Watchdog has been checked: 0 passed
18.08.2014 22:42:18,348 - INFO  - Watchdog has been checked: 0 passed
18.08.2014 22:44:18,339 - INFO  - Watchdog has been checked: 0 passed
18.08.2014 22:46:18,320 - INFO  - Watchdog has been checked: 0 passed
18.08.2014 22:48:18,370 - INFO  - Watchdog has been checked: 0 passed
18.08.2014 22:50:18,147 - INFO  - Watchdog has been checked: 0 passed
18.08.2014 22:52:18,096 - INFO  - Watchdog has been checked: 0 passed
18.08.2014 22:54:17,133 - INFO  - Watchdog has been checked: 0 passed
18.08.2014 22:56:17,026 - INFO  - Watchdog has been checked: 0 passed
18.08.2014 22:58:16,102 - INFO  - Watchdog has been checked: 0 passed
18.08.2014 23:00:15,086 - INFO  - Watchdog has been checked: 0 passed
18.08.2014 23:02:15,005 - INFO  - Watchdog has been checked: 0 passed
18.08.2014 23:04:15,186 - INFO  - Watchdog has been checked: 0 passed
18.08.2014 23:06:14,146 - INFO  - Watchdog has been checked: 0 passed
18.08.2014 23:08:14,345 - INFO  - Watchdog has been checked: 0 passed
18.08.2014 23:10:14,120 - INFO  - Watchdog has been checked: 0 passed
18.08.2014 23:12:13,302 - INFO  - Watchdog has been checked: 0 passed
18.08.2014 23:14:13,268 - INFO  - Watchdog has been checked: 0 passed
18.08.2014 23:16:13,250 - INFO  - Watchdog has been checked: 0 passed
18.08.2014 23:18:13,122 - INFO  - Watchdog has been checked: 0 passed
18.08.2014 23:20:13,180 - INFO  - Watchdog has been checked: 0 passed
18.08.2014 23:22:13,127 - INFO  - Watchdog has been checked: 0 passed
18.08.2014 23:24:13,227 - INFO  - Watchdog has been checked: 0 passed
18.08.2014 23:26:13,250 - INFO  - Watchdog has been checked: 0 passed
18.08.2014 23:28:13,402 - INFO  - Watchdog has been checked: 0 passed
18.08.2014 23:30:13,195 - INFO  - Watchdog has been checked: 0 passed
18.08.2014 23:31:13,266 - INFO  - Watchdog has been checked: 0 passed
18.08.2014 23:33:13,225 - INFO  - Watchdog has been checked: 0 passed
18.08.2014 23:35:13,341 - INFO  - Watchdog has been checked: 0 passed
18.08.2014 23:37:13,474 - INFO  - Watchdog has been checked: 0 passed
18.08.2014 23:39:13,408 - INFO  - Watchdog has been checked: 0 passed
18.08.2014 23:41:13,339 - INFO  - Watchdog has been checked: 0 passed
18.08.2014 23:43:13,309 - INFO  - Watchdog has been checked: 0 passed
18.08.2014 23:45:13,387 - INFO  - Watchdog has been checked: 0 passed
18.08.2014 23:47:13,337 - INFO  - Watchdog has been checked: 0 passed
18.08.2014 23:49:13,264 - INFO  - Watchdog has been checked: 0 passed
18.08.2014 23:51:13,184 - INFO  - Watchdog has been checked: 0 passed
18.08.2014 23:53:13,126 - INFO  - Watchdog has been checked: 0 passed
18.08.2014 23:55:13,248 - INFO  - Watchdog has been checked: 0 passed
18.08.2014 23:57:13,184 - INFO  - Watchdog has been checked: 0 passed
18.08.2014 23:59:13,149 - INFO  - Watchdog has been checked: 0 passed
