06.06.2014 00:00:02,310 - INFO  - Watchdog has been checked: 0 passed
06.06.2014 00:02:02,368 - INFO  - Watchdog has been checked: 0 passed
06.06.2014 00:04:02,138 - INFO  - Watchdog has been checked: 0 passed
06.06.2014 00:06:01,449 - INFO  - Watchdog has been checked: 0 passed
06.06.2014 00:08:01,226 - INFO  - Watchdog has been checked: 0 passed
06.06.2014 00:10:00,321 - INFO  - Watchdog has been checked: 0 passed
06.06.2014 00:12:00,409 - INFO  - Watchdog has been checked: 0 passed
06.06.2014 00:14:00,418 - INFO  - Watchdog has been checked: 0 passed
06.06.2014 00:16:00,239 - INFO  - Watchdog has been checked: 0 passed
06.06.2014 00:18:00,236 - INFO  - Watchdog has been checked: 0 passed
06.06.2014 00:20:00,332 - INFO  - Watchdog has been checked: 0 passed
06.06.2014 00:22:00,396 - INFO  - Watchdog has been checked: 0 passed
06.06.2014 00:24:00,405 - INFO  - Watchdog has been checked: 0 passed
06.06.2014 00:26:00,243 - INFO  - Watchdog has been checked: 0 passed
06.06.2014 00:28:00,244 - INFO  - Watchdog has been checked: 0 passed
06.06.2014 00:30:00,351 - INFO  - Watchdog has been checked: 0 passed
06.06.2014 00:32:01,429 - INFO  - Watchdog has been checked: 0 passed
06.06.2014 00:34:01,461 - INFO  - Watchdog has been checked: 0 passed
06.06.2014 00:36:01,530 - INFO  - Watchdog has been checked: 0 passed
06.06.2014 00:38:01,276 - INFO  - Watchdog has been checked: 0 passed
06.06.2014 00:40:01,368 - INFO  - Watchdog has been checked: 0 passed
06.06.2014 00:42:01,155 - INFO  - Watchdog has been checked: 0 passed
06.06.2014 00:44:01,179 - INFO  - Watchdog has been checked: 0 passed
06.06.2014 00:46:01,408 - INFO  - Watchdog has been checked: 0 passed
06.06.2014 00:48:01,326 - INFO  - Watchdog has been checked: 0 passed
06.06.2014 00:50:01,161 - INFO  - Watchdog has been checked: 0 passed
06.06.2014 00:52:01,242 - INFO  - Watchdog has been checked: 0 passed
06.06.2014 00:54:01,249 - INFO  - Watchdog has been checked: 0 passed
06.06.2014 00:56:01,199 - INFO  - Watchdog has been checked: 0 passed
06.06.2014 00:58:01,157 - INFO  - Watchdog has been checked: 0 passed
06.06.2014 01:00:01,238 - INFO  - Watchdog has been checked: 0 passed
06.06.2014 01:02:01,272 - INFO  - Watchdog has been checked: 0 passed
06.06.2014 01:04:01,284 - INFO  - Watchdog has been checked: 0 passed
06.06.2014 01:06:01,116 - INFO  - Watchdog has been checked: 0 passed
06.06.2014 01:08:00,127 - INFO  - Watchdog has been checked: 0 passed
06.06.2014 01:09:59,204 - INFO  - Watchdog has been checked: 0 passed
06.06.2014 01:11:59,038 - INFO  - Watchdog has been checked: 0 passed
06.06.2014 01:13:58,073 - INFO  - Watchdog has been checked: 0 passed
06.06.2014 01:15:57,171 - INFO  - Watchdog has been checked: 0 passed
06.06.2014 01:17:57,196 - INFO  - Watchdog has been checked: 0 passed
06.06.2014 01:19:57,316 - INFO  - Watchdog has been checked: 0 passed
06.06.2014 01:21:57,165 - INFO  - Watchdog has been checked: 0 passed
06.06.2014 01:23:57,209 - INFO  - Watchdog has been checked: 0 passed
06.06.2014 01:25:57,335 - INFO  - Watchdog has been checked: 0 passed
06.06.2014 01:27:57,304 - INFO  - Watchdog has been checked: 0 passed
06.06.2014 01:29:57,179 - INFO  - Watchdog has been checked: 0 passed
06.06.2014 01:31:57,242 - INFO  - Watchdog has been checked: 0 passed
06.06.2014 01:34:00,393 - INFO  - Watchdog has been checked: 0 passed
06.06.2014 01:36:00,166 - INFO  - Watchdog has been checked: 0 passed
06.06.2014 01:37:59,148 - INFO  - Watchdog has been checked: 0 passed
06.06.2014 01:39:59,274 - INFO  - Watchdog has been checked: 0 passed
06.06.2014 01:41:59,354 - INFO  - Watchdog has been checked: 0 passed
06.06.2014 01:43:59,381 - INFO  - Watchdog has been checked: 0 passed
06.06.2014 01:45:59,280 - INFO  - Watchdog has been checked: 0 passed
06.06.2014 01:47:59,295 - INFO  - Watchdog has been checked: 0 passed
06.06.2014 01:49:59,400 - INFO  - Watchdog has been checked: 0 passed
06.06.2014 01:51:59,216 - INFO  - Watchdog has been checked: 0 passed
06.06.2014 01:53:59,231 - INFO  - Watchdog has been checked: 0 passed
06.06.2014 01:56:01,539 - INFO  - Watchdog has been checked: 0 passed
06.06.2014 01:58:01,433 - INFO  - Watchdog has been checked: 0 passed
06.06.2014 02:00:01,514 - INFO  - Watchdog has been checked: 0 passed
06.06.2014 02:02:01,377 - INFO  - Watchdog has been checked: 0 passed
06.06.2014 02:04:01,430 - INFO  - Watchdog has been checked: 0 passed
06.06.2014 02:06:01,319 - INFO  - Watchdog has been checked: 0 passed
06.06.2014 02:08:01,319 - INFO  - Watchdog has been checked: 0 passed
06.06.2014 02:10:01,426 - INFO  - Watchdog has been checked: 0 passed
06.06.2014 02:12:01,184 - INFO  - Watchdog has been checked: 0 passed
06.06.2014 02:14:01,219 - INFO  - Watchdog has been checked: 0 passed
06.06.2014 02:16:01,319 - INFO  - Watchdog has been checked: -1  sensor(s) reported a problem. Use ?debug=true for more information
06.06.2014 02:17:01,187 - INFO  - Watchdog has been checked: -1  sensor(s) reported a problem. Use ?debug=true for more information
06.06.2014 02:18:01,062 - INFO  - Watchdog has been checked: -1  sensor(s) reported a problem. Use ?debug=true for more information
06.06.2014 02:20:01,222 - INFO  - Watchdog has been checked: -1  sensor(s) reported a problem. Use ?debug=true for more information
06.06.2014 02:22:01,293 - INFO  - Watchdog has been checked: -1  sensor(s) reported a problem. Use ?debug=true for more information
06.06.2014 02:24:01,120 - INFO  - Watchdog has been checked: -1  sensor(s) reported a problem. Use ?debug=true for more information
06.06.2014 02:26:01,250 - INFO  - Watchdog has been checked: -1  sensor(s) reported a problem. Use ?debug=true for more information
06.06.2014 02:28:01,255 - INFO  - Watchdog has been checked: -1  sensor(s) reported a problem. Use ?debug=true for more information
06.06.2014 02:30:01,094 - INFO  - Watchdog has been checked: -1  sensor(s) reported a problem. Use ?debug=true for more information
06.06.2014 02:32:01,151 - INFO  - Watchdog has been checked: -1  sensor(s) reported a problem. Use ?debug=true for more information
06.06.2014 02:34:01,171 - INFO  - Watchdog has been checked: -1  sensor(s) reported a problem. Use ?debug=true for more information
06.06.2014 02:36:01,330 - INFO  - Watchdog has been checked: -1  sensor(s) reported a problem. Use ?debug=true for more information
06.06.2014 02:38:01,314 - INFO  - Watchdog has been checked: -1  sensor(s) reported a problem. Use ?debug=true for more information
06.06.2014 02:40:01,133 - INFO  - Watchdog has been checked: -1  sensor(s) reported a problem. Use ?debug=true for more information
06.06.2014 02:42:01,206 - INFO  - Watchdog has been checked: -1  sensor(s) reported a problem. Use ?debug=true for more information
06.06.2014 02:44:01,215 - INFO  - Watchdog has been checked: -1  sensor(s) reported a problem. Use ?debug=true for more information
06.06.2014 02:46:01,107 - INFO  - Watchdog has been checked: -1  sensor(s) reported a problem. Use ?debug=true for more information
06.06.2014 02:48:01,087 - INFO  - Watchdog has been checked: -1  sensor(s) reported a problem. Use ?debug=true for more information
06.06.2014 02:50:01,198 - INFO  - Watchdog has been checked: -1  sensor(s) reported a problem. Use ?debug=true for more information
06.06.2014 02:52:01,283 - INFO  - Watchdog has been checked: -1  sensor(s) reported a problem. Use ?debug=true for more information
06.06.2014 02:54:01,310 - INFO  - Watchdog has been checked: -1  sensor(s) reported a problem. Use ?debug=true for more information
06.06.2014 02:56:01,171 - INFO  - Watchdog has been checked: -1  sensor(s) reported a problem. Use ?debug=true for more information
06.06.2014 02:58:01,975 - INFO  - Watchdog has been checked: -1  sensor(s) reported a problem. Use ?debug=true for more information
06.06.2014 03:00:01,335 - INFO  - Watchdog has been checked: -1  sensor(s) reported a problem. Use ?debug=true for more information
06.06.2014 03:02:01,394 - INFO  - Watchdog has been checked: -1  sensor(s) reported a problem. Use ?debug=true for more information
06.06.2014 03:04:01,173 - INFO  - Watchdog has been checked: -1  sensor(s) reported a problem. Use ?debug=true for more information
06.06.2014 03:06:01,279 - INFO  - Watchdog has been checked: -1  sensor(s) reported a problem. Use ?debug=true for more information
06.06.2014 03:08:01,275 - INFO  - Watchdog has been checked: -1  sensor(s) reported a problem. Use ?debug=true for more information
06.06.2014 03:10:01,119 - INFO  - Watchdog has been checked: -1  sensor(s) reported a problem. Use ?debug=true for more information
06.06.2014 03:12:01,187 - INFO  - Watchdog has been checked: -1  sensor(s) reported a problem. Use ?debug=true for more information
06.06.2014 03:14:00,199 - INFO  - Watchdog has been checked: -1  sensor(s) reported a problem. Use ?debug=true for more information
06.06.2014 03:16:00,325 - INFO  - Watchdog has been checked: -1  sensor(s) reported a problem. Use ?debug=true for more information
06.06.2014 03:18:00,342 - INFO  - Watchdog has been checked: -1  sensor(s) reported a problem. Use ?debug=true for more information
06.06.2014 03:20:00,293 - INFO  - Watchdog has been checked: -1  sensor(s) reported a problem. Use ?debug=true for more information
06.06.2014 03:22:00,220 - INFO  - Watchdog has been checked: -1  sensor(s) reported a problem. Use ?debug=true for more information
06.06.2014 03:24:00,300 - INFO  - Watchdog has been checked: -1  sensor(s) reported a problem. Use ?debug=true for more information
06.06.2014 03:26:00,150 - INFO  - Watchdog has been checked: -1  sensor(s) reported a problem. Use ?debug=true for more information
06.06.2014 03:28:00,141 - INFO  - Watchdog has been checked: -1  sensor(s) reported a problem. Use ?debug=true for more information
06.06.2014 03:30:00,239 - INFO  - Watchdog has been checked: -1  sensor(s) reported a problem. Use ?debug=true for more information
06.06.2014 03:32:00,301 - INFO  - Watchdog has been checked: -1  sensor(s) reported a problem. Use ?debug=true for more information
06.06.2014 03:34:00,329 - INFO  - Watchdog has been checked: -1  sensor(s) reported a problem. Use ?debug=true for more information
06.06.2014 03:36:00,217 - INFO  - Watchdog has been checked: -1  sensor(s) reported a problem. Use ?debug=true for more information
06.06.2014 03:38:01,281 - INFO  - Watchdog has been checked: -1  sensor(s) reported a problem. Use ?debug=true for more information
06.06.2014 03:40:01,133 - INFO  - Watchdog has been checked: -1  sensor(s) reported a problem. Use ?debug=true for more information
06.06.2014 03:42:01,188 - INFO  - Watchdog has been checked: -1  sensor(s) reported a problem. Use ?debug=true for more information
06.06.2014 03:44:01,232 - INFO  - Watchdog has been checked: -1  sensor(s) reported a problem. Use ?debug=true for more information
06.06.2014 03:46:01,131 - INFO  - Watchdog has been checked: -1  sensor(s) reported a problem. Use ?debug=true for more information
06.06.2014 03:48:01,361 - INFO  - Watchdog has been checked: -1  sensor(s) reported a problem. Use ?debug=true for more information
06.06.2014 03:50:01,233 - INFO  - Watchdog has been checked: -1  sensor(s) reported a problem. Use ?debug=true for more information
06.06.2014 03:52:01,274 - INFO  - Watchdog has been checked: -1  sensor(s) reported a problem. Use ?debug=true for more information
06.06.2014 03:54:01,285 - INFO  - Watchdog has been checked: -1  sensor(s) reported a problem. Use ?debug=true for more information
06.06.2014 03:56:01,105 - INFO  - Watchdog has been checked: -1  sensor(s) reported a problem. Use ?debug=true for more information
06.06.2014 03:58:01,082 - INFO  - Watchdog has been checked: -1  sensor(s) reported a problem. Use ?debug=true for more information
06.06.2014 04:00:02,949 - INFO  - Watchdog has been checked: -1  sensor(s) reported a problem. Use ?debug=true for more information
06.06.2014 04:02:02,301 - INFO  - Watchdog has been checked: -1  sensor(s) reported a problem. Use ?debug=true for more information
06.06.2014 04:04:02,337 - INFO  - Watchdog has been checked: -1  sensor(s) reported a problem. Use ?debug=true for more information
06.06.2014 04:06:02,216 - INFO  - Watchdog has been checked: -1  sensor(s) reported a problem. Use ?debug=true for more information
06.06.2014 04:08:02,202 - INFO  - Watchdog has been checked: -1  sensor(s) reported a problem. Use ?debug=true for more information
06.06.2014 04:10:02,335 - INFO  - Watchdog has been checked: -1  sensor(s) reported a problem. Use ?debug=true for more information
06.06.2014 04:12:02,106 - INFO  - Watchdog has been checked: -1  sensor(s) reported a problem. Use ?debug=true for more information
06.06.2014 04:14:02,117 - INFO  - Watchdog has been checked: -1  sensor(s) reported a problem. Use ?debug=true for more information
06.06.2014 04:16:02,277 - INFO  - Watchdog has been checked: -1  sensor(s) reported a problem. Use ?debug=true for more information
06.06.2014 04:18:02,279 - INFO  - Watchdog has been checked: -1  sensor(s) reported a problem. Use ?debug=true for more information
06.06.2014 04:20:02,131 - INFO  - Watchdog has been checked: -1  sensor(s) reported a problem. Use ?debug=true for more information
06.06.2014 04:22:01,172 - INFO  - Watchdog has been checked: -1  sensor(s) reported a problem. Use ?debug=true for more information
06.06.2014 04:24:01,175 - INFO  - Watchdog has been checked: -1  sensor(s) reported a problem. Use ?debug=true for more information
06.06.2014 04:26:01,324 - INFO  - Watchdog has been checked: -1  sensor(s) reported a problem. Use ?debug=true for more information
06.06.2014 04:28:01,252 - INFO  - Watchdog has been checked: -1  sensor(s) reported a problem. Use ?debug=true for more information
06.06.2014 04:30:01,150 - INFO  - Watchdog has been checked: -1  sensor(s) reported a problem. Use ?debug=true for more information
06.06.2014 04:32:00,170 - INFO  - Watchdog has been checked: -1  sensor(s) reported a problem. Use ?debug=true for more information
06.06.2014 04:34:00,210 - INFO  - Watchdog has been checked: -1  sensor(s) reported a problem. Use ?debug=true for more information
06.06.2014 04:36:00,298 - INFO  - Watchdog has been checked: -1  sensor(s) reported a problem. Use ?debug=true for more information
06.06.2014 04:38:00,049 - INFO  - Watchdog has been checked: -1  sensor(s) reported a problem. Use ?debug=true for more information
06.06.2014 04:40:01,195 - INFO  - Watchdog has been checked: -1  sensor(s) reported a problem. Use ?debug=true for more information
06.06.2014 04:42:01,195 - INFO  - Watchdog has been checked: -1  sensor(s) reported a problem. Use ?debug=true for more information
06.06.2014 04:44:01,222 - INFO  - Watchdog has been checked: -1  sensor(s) reported a problem. Use ?debug=true for more information
06.06.2014 04:46:01,098 - INFO  - Watchdog has been checked: -1  sensor(s) reported a problem. Use ?debug=true for more information
06.06.2014 04:48:00,128 - INFO  - Watchdog has been checked: -1  sensor(s) reported a problem. Use ?debug=true for more information
06.06.2014 04:50:00,218 - INFO  - Watchdog has been checked: -1  sensor(s) reported a problem. Use ?debug=true for more information
06.06.2014 04:52:00,310 - INFO  - Watchdog has been checked: -1  sensor(s) reported a problem. Use ?debug=true for more information
06.06.2014 04:54:00,306 - INFO  - Watchdog has been checked: -1  sensor(s) reported a problem. Use ?debug=true for more information
06.06.2014 04:56:00,175 - INFO  - Watchdog has been checked: -1  sensor(s) reported a problem. Use ?debug=true for more information
06.06.2014 04:58:00,190 - INFO  - Watchdog has been checked: -1  sensor(s) reported a problem. Use ?debug=true for more information
06.06.2014 05:00:00,259 - INFO  - Watchdog has been checked: -1  sensor(s) reported a problem. Use ?debug=true for more information
06.06.2014 05:02:02,734 - INFO  - Watchdog has been checked: -1  sensor(s) reported a problem. Use ?debug=true for more information
06.06.2014 05:04:02,126 - INFO  - Watchdog has been checked: -1  sensor(s) reported a problem. Use ?debug=true for more information
06.06.2014 05:06:02,281 - INFO  - Watchdog has been checked: -1  sensor(s) reported a problem. Use ?debug=true for more information
06.06.2014 05:08:02,247 - INFO  - Watchdog has been checked: -1  sensor(s) reported a problem. Use ?debug=true for more information
06.06.2014 05:10:02,356 - INFO  - Watchdog has been checked: -1  sensor(s) reported a problem. Use ?debug=true for more information
06.06.2014 05:12:02,428 - INFO  - Watchdog has been checked: -1  sensor(s) reported a problem. Use ?debug=true for more information
06.06.2014 05:14:02,216 - INFO  - Watchdog has been checked: -1  sensor(s) reported a problem. Use ?debug=true for more information
06.06.2014 05:16:02,230 - INFO  - Watchdog has been checked: -1  sensor(s) reported a problem. Use ?debug=true for more information
06.06.2014 05:18:02,216 - INFO  - Watchdog has been checked: -1  sensor(s) reported a problem. Use ?debug=true for more information
06.06.2014 05:20:02,264 - INFO  - Watchdog has been checked: -1  sensor(s) reported a problem. Use ?debug=true for more information
06.06.2014 05:22:02,294 - INFO  - Watchdog has been checked: -1  sensor(s) reported a problem. Use ?debug=true for more information
06.06.2014 05:24:02,321 - INFO  - Watchdog has been checked: -1  sensor(s) reported a problem. Use ?debug=true for more information
06.06.2014 05:26:02,371 - INFO  - Watchdog has been checked: -1  sensor(s) reported a problem. Use ?debug=true for more information
06.06.2014 05:28:02,390 - INFO  - Watchdog has been checked: -1  sensor(s) reported a problem. Use ?debug=true for more information
06.06.2014 05:30:02,246 - INFO  - Watchdog has been checked: -1  sensor(s) reported a problem. Use ?debug=true for more information
06.06.2014 05:32:02,280 - INFO  - Watchdog has been checked: -1  sensor(s) reported a problem. Use ?debug=true for more information
06.06.2014 05:34:02,254 - INFO  - Watchdog has been checked: -1  sensor(s) reported a problem. Use ?debug=true for more information
06.06.2014 05:36:02,085 - INFO  - Watchdog has been checked: -1  sensor(s) reported a problem. Use ?debug=true for more information
06.06.2014 05:38:01,115 - INFO  - Watchdog has been checked: -1  sensor(s) reported a problem. Use ?debug=true for more information
06.06.2014 05:40:00,179 - INFO  - Watchdog has been checked: -1  sensor(s) reported a problem. Use ?debug=true for more information
06.06.2014 05:42:01,196 - INFO  - Watchdog has been checked: -1  sensor(s) reported a problem. Use ?debug=true for more information
06.06.2014 05:44:01,018 - INFO  - Watchdog has been checked: -1  sensor(s) reported a problem. Use ?debug=true for more information
06.06.2014 05:46:00,193 - INFO  - Watchdog has been checked: -1  sensor(s) reported a problem. Use ?debug=true for more information
06.06.2014 05:48:00,149 - INFO  - Watchdog has been checked: -1  sensor(s) reported a problem. Use ?debug=true for more information
06.06.2014 05:49:59,024 - INFO  - Watchdog has been checked: -1  sensor(s) reported a problem. Use ?debug=true for more information
06.06.2014 05:51:58,045 - INFO  - Watchdog has been checked: -1  sensor(s) reported a problem. Use ?debug=true for more information
06.06.2014 05:53:57,133 - INFO  - Watchdog has been checked: -1  sensor(s) reported a problem. Use ?debug=true for more information
06.06.2014 05:55:56,167 - INFO  - Watchdog has been checked: -1  sensor(s) reported a problem. Use ?debug=true for more information
06.06.2014 05:57:56,233 - INFO  - Watchdog has been checked: -1  sensor(s) reported a problem. Use ?debug=true for more information
06.06.2014 05:59:56,054 - INFO  - Watchdog has been checked: -1  sensor(s) reported a problem. Use ?debug=true for more information
06.06.2014 06:01:55,128 - INFO  - Watchdog has been checked: -1  sensor(s) reported a problem. Use ?debug=true for more information
06.06.2014 06:03:54,333 - INFO  - Watchdog has been checked: -1  sensor(s) reported a problem. Use ?debug=true for more information
06.06.2014 06:05:54,168 - INFO  - Watchdog has been checked: -1  sensor(s) reported a problem. Use ?debug=true for more information
06.06.2014 06:07:53,171 - INFO  - Watchdog has been checked: -1  sensor(s) reported a problem. Use ?debug=true for more information
06.06.2014 06:09:52,305 - INFO  - Watchdog has been checked: -1  sensor(s) reported a problem. Use ?debug=true for more information
06.06.2014 06:11:52,355 - INFO  - Watchdog has been checked: -1  sensor(s) reported a problem. Use ?debug=true for more information
06.06.2014 06:13:52,179 - INFO  - Watchdog has been checked: -1  sensor(s) reported a problem. Use ?debug=true for more information
06.06.2014 06:15:01,786 - INFO  - mapping file sync started
06.06.2014 06:15:02,373 - INFO  - file successfully updated
06.06.2014 06:15:51,197 - INFO  - Watchdog has been checked: 0 passed
06.06.2014 06:17:51,221 - INFO  - Watchdog has been checked: 0 passed
06.06.2014 06:19:51,334 - INFO  - Watchdog has been checked: 0 passed
06.06.2014 06:21:51,378 - INFO  - Watchdog has been checked: 0 passed
06.06.2014 06:23:51,414 - INFO  - Watchdog has been checked: 0 passed
06.06.2014 06:25:51,211 - INFO  - Watchdog has been checked: 0 passed
06.06.2014 06:27:51,231 - INFO  - Watchdog has been checked: 0 passed
06.06.2014 06:29:51,849 - INFO  - Watchdog has been checked: 0 passed
06.06.2014 06:31:51,415 - INFO  - Watchdog has been checked: 0 passed
06.06.2014 06:33:51,199 - INFO  - Watchdog has been checked: 0 passed
06.06.2014 06:35:51,435 - INFO  - Watchdog has been checked: 0 passed
06.06.2014 06:37:51,363 - INFO  - Watchdog has been checked: 0 passed
06.06.2014 06:39:51,496 - INFO  - Watchdog has been checked: 0 passed
06.06.2014 06:41:51,296 - INFO  - Watchdog has been checked: 0 passed
06.06.2014 06:43:51,297 - INFO  - Watchdog has been checked: 0 passed
06.06.2014 06:45:51,454 - INFO  - Watchdog has been checked: 0 passed
06.06.2014 06:47:51,402 - INFO  - Watchdog has been checked: 0 passed
06.06.2014 06:49:51,263 - INFO  - Watchdog has been checked: 0 passed
06.06.2014 06:51:51,300 - INFO  - Watchdog has been checked: 0 passed
06.06.2014 06:53:51,302 - INFO  - Watchdog has been checked: 0 passed
06.06.2014 06:55:51,161 - INFO  - Watchdog has been checked: 0 passed
06.06.2014 06:57:51,130 - INFO  - Watchdog has been checked: 0 passed
06.06.2014 06:59:51,189 - INFO  - Watchdog has been checked: 0 passed
06.06.2014 07:01:51,260 - INFO  - Watchdog has been checked: 0 passed
06.06.2014 07:03:51,046 - INFO  - Watchdog has been checked: 0 passed
06.06.2014 07:05:50,129 - INFO  - Watchdog has been checked: 0 passed
06.06.2014 07:07:50,169 - INFO  - Watchdog has been checked: 0 passed
06.06.2014 07:09:51,222 - INFO  - Watchdog has been checked: 0 passed
06.06.2014 07:11:51,335 - INFO  - Watchdog has been checked: 0 passed
06.06.2014 07:13:51,130 - INFO  - Watchdog has been checked: 0 passed
06.06.2014 07:15:01,501 - INFO  - mapping file sync started
06.06.2014 07:15:01,950 - INFO  - file successfully updated
06.06.2014 07:15:51,204 - INFO  - Watchdog has been checked: 0 passed
06.06.2014 07:17:51,225 - INFO  - Watchdog has been checked: 0 passed
06.06.2014 07:19:51,296 - INFO  - Watchdog has been checked: 0 passed
06.06.2014 07:21:51,094 - INFO  - Watchdog has been checked: 0 passed
06.06.2014 07:23:50,138 - INFO  - Watchdog has been checked: 0 passed
06.06.2014 07:25:50,301 - INFO  - Watchdog has been checked: 0 passed
06.06.2014 07:27:50,331 - INFO  - Watchdog has been checked: 0 passed
06.06.2014 07:29:50,303 - INFO  - Watchdog has been checked: 0 passed
06.06.2014 07:31:51,693 - INFO  - Watchdog has been checked: 0 passed
06.06.2014 07:33:51,182 - INFO  - Watchdog has been checked: 0 passed
06.06.2014 07:35:51,318 - INFO  - Watchdog has been checked: 0 passed
06.06.2014 07:37:51,298 - INFO  - Watchdog has been checked: 0 passed
06.06.2014 07:39:51,161 - INFO  - Watchdog has been checked: 0 passed
06.06.2014 07:41:51,242 - INFO  - Watchdog has been checked: 0 passed
06.06.2014 07:43:51,213 - INFO  - Watchdog has been checked: 0 passed
06.06.2014 07:45:51,355 - INFO  - Watchdog has been checked: 0 passed
06.06.2014 07:47:51,345 - INFO  - Watchdog has been checked: 0 passed
06.06.2014 07:49:51,233 - INFO  - Watchdog has been checked: 0 passed
06.06.2014 07:51:51,258 - INFO  - Watchdog has been checked: 0 passed
06.06.2014 07:53:51,262 - INFO  - Watchdog has been checked: 0 passed
06.06.2014 07:55:51,351 - INFO  - Watchdog has been checked: 0 passed
06.06.2014 07:57:51,346 - INFO  - Watchdog has been checked: 0 passed
06.06.2014 07:59:51,206 - INFO  - Watchdog has been checked: 0 passed
06.06.2014 08:01:51,222 - INFO  - Watchdog has been checked: 0 passed
06.06.2014 08:03:51,271 - INFO  - Watchdog has been checked: 0 passed
06.06.2014 08:05:51,336 - INFO  - Watchdog has been checked: 0 passed
06.06.2014 08:07:51,314 - INFO  - Watchdog has been checked: 0 passed
06.06.2014 08:09:51,123 - INFO  - Watchdog has been checked: 0 passed
06.06.2014 08:11:51,365 - INFO  - Watchdog has been checked: 0 passed
06.06.2014 08:13:51,182 - INFO  - Watchdog has been checked: 0 passed
06.06.2014 08:15:51,256 - INFO  - Watchdog has been checked: 0 passed
06.06.2014 08:17:51,224 - INFO  - Watchdog has been checked: 0 passed
06.06.2014 08:19:51,077 - INFO  - Watchdog has been checked: 0 passed
06.06.2014 08:21:50,096 - INFO  - Watchdog has been checked: 0 passed
06.06.2014 08:23:49,208 - INFO  - Watchdog has been checked: 0 passed
06.06.2014 08:25:49,250 - INFO  - Watchdog has been checked: 0 passed
06.06.2014 08:27:26,441 - INFO  - Watchdog has been checked: 0 passed
06.06.2014 08:27:49,258 - INFO  - Watchdog has been checked: 0 passed
06.06.2014 08:29:49,132 - INFO  - Watchdog has been checked: 0 passed
06.06.2014 08:31:48,168 - INFO  - Watchdog has been checked: 0 passed
06.06.2014 08:33:51,220 - INFO  - Watchdog has been checked: 0 passed
06.06.2014 08:35:51,210 - INFO  - Watchdog has been checked: 0 passed
06.06.2014 08:37:51,278 - INFO  - Watchdog has been checked: 0 passed
06.06.2014 08:39:51,135 - INFO  - Watchdog has been checked: 0 passed
06.06.2014 08:41:51,203 - INFO  - Watchdog has been checked: 0 passed
06.06.2014 08:43:51,239 - INFO  - Watchdog has been checked: 0 passed
06.06.2014 08:45:51,369 - INFO  - Watchdog has been checked: 0 passed
06.06.2014 08:47:51,344 - INFO  - Watchdog has been checked: 0 passed
06.06.2014 08:49:51,210 - INFO  - Watchdog has been checked: 0 passed
06.06.2014 08:51:51,250 - INFO  - Watchdog has been checked: 0 passed
06.06.2014 08:53:51,270 - INFO  - Watchdog has been checked: 0 passed
06.06.2014 08:55:51,335 - INFO  - Watchdog has been checked: 0 passed
06.06.2014 08:57:51,380 - INFO  - Watchdog has been checked: 0 passed
06.06.2014 08:59:51,252 - INFO  - Watchdog has been checked: 0 passed
06.06.2014 09:01:51,279 - INFO  - Watchdog has been checked: 0 passed
06.06.2014 09:03:51,300 - INFO  - Watchdog has been checked: 0 passed
06.06.2014 09:05:51,397 - INFO  - Watchdog has been checked: 0 passed
06.06.2014 09:07:51,407 - INFO  - Watchdog has been checked: 0 passed
06.06.2014 09:09:51,206 - INFO  - Watchdog has been checked: 0 passed
06.06.2014 09:11:51,247 - INFO  - Watchdog has been checked: 0 passed
06.06.2014 09:13:51,253 - INFO  - Watchdog has been checked: 0 passed
06.06.2014 09:15:51,362 - INFO  - Watchdog has been checked: 0 passed
06.06.2014 09:17:51,357 - INFO  - Watchdog has been checked: 0 passed
06.06.2014 09:19:51,222 - INFO  - Watchdog has been checked: 0 passed
06.06.2014 09:21:51,272 - INFO  - Watchdog has been checked: 0 passed
06.06.2014 09:23:51,246 - INFO  - Watchdog has been checked: 0 passed
06.06.2014 09:25:51,065 - INFO  - Watchdog has been checked: 0 passed
06.06.2014 09:27:51,082 - INFO  - Watchdog has been checked: 0 passed
06.06.2014 09:29:51,165 - INFO  - Watchdog has been checked: 0 passed
06.06.2014 09:31:51,195 - INFO  - Watchdog has been checked: 0 passed
06.06.2014 09:33:51,221 - INFO  - Watchdog has been checked: 0 passed
06.06.2014 09:35:52,875 - INFO  - Watchdog has been checked: 0 passed
06.06.2014 09:37:52,165 - INFO  - Watchdog has been checked: 0 passed
06.06.2014 09:39:52,018 - INFO  - Watchdog has been checked: 0 passed
06.06.2014 09:41:51,187 - INFO  - Watchdog has been checked: 0 passed
06.06.2014 09:43:51,141 - INFO  - Watchdog has been checked: 0 passed
06.06.2014 09:45:51,024 - INFO  - Watchdog has been checked: 0 passed
06.06.2014 09:47:50,052 - INFO  - Watchdog has been checked: 0 passed
06.06.2014 09:49:49,041 - INFO  - Watchdog has been checked: 0 passed
06.06.2014 09:51:48,150 - INFO  - Watchdog has been checked: 0 passed
06.06.2014 09:53:48,185 - INFO  - Watchdog has been checked: 0 passed
06.06.2014 09:55:48,063 - INFO  - Watchdog has been checked: 0 passed
06.06.2014 09:57:47,357 - INFO  - Watchdog has been checked: 0 passed
06.06.2014 09:59:47,166 - INFO  - Watchdog has been checked: 0 passed
06.06.2014 10:01:47,166 - INFO  - Watchdog has been checked: 0 passed
06.06.2014 10:03:47,258 - INFO  - Watchdog has been checked: 0 passed
06.06.2014 10:05:47,314 - INFO  - Watchdog has been checked: 0 passed
06.06.2014 10:07:47,310 - INFO  - Watchdog has been checked: 0 passed
06.06.2014 10:09:47,143 - INFO  - Watchdog has been checked: 0 passed
06.06.2014 10:11:47,298 - INFO  - Watchdog has been checked: 0 passed
06.06.2014 10:13:47,317 - INFO  - Watchdog has been checked: 0 passed
06.06.2014 10:15:51,441 - INFO  - Watchdog has been checked: 0 passed
06.06.2014 10:17:51,232 - INFO  - Watchdog has been checked: 0 passed
06.06.2014 10:19:51,262 - INFO  - Watchdog has been checked: 0 passed
06.06.2014 10:21:51,344 - INFO  - Watchdog has been checked: 0 passed
06.06.2014 10:23:51,390 - INFO  - Watchdog has been checked: 0 passed
06.06.2014 10:25:51,287 - INFO  - Watchdog has been checked: 0 passed
06.06.2014 10:27:51,258 - INFO  - Watchdog has been checked: 0 passed
06.06.2014 10:29:51,351 - INFO  - Watchdog has been checked: 0 passed
06.06.2014 10:31:51,429 - INFO  - Watchdog has been checked: 0 passed
06.06.2014 10:33:51,466 - INFO  - Watchdog has been checked: 0 passed
06.06.2014 10:35:51,281 - INFO  - Watchdog has been checked: 0 passed
06.06.2014 10:37:51,339 - INFO  - Watchdog has been checked: 0 passed
06.06.2014 10:39:51,393 - INFO  - Watchdog has been checked: 0 passed
06.06.2014 10:41:51,426 - INFO  - Watchdog has been checked: 0 passed
06.06.2014 10:43:51,467 - INFO  - Watchdog has been checked: 0 passed
06.06.2014 10:45:51,292 - INFO  - Watchdog has been checked: 0 passed
06.06.2014 10:47:51,327 - INFO  - Watchdog has been checked: 0 passed
06.06.2014 10:49:51,330 - INFO  - Watchdog has been checked: 0 passed
06.06.2014 10:51:51,383 - INFO  - Watchdog has been checked: 0 passed
06.06.2014 10:53:51,451 - INFO  - Watchdog has been checked: 0 passed
06.06.2014 10:55:51,553 - INFO  - Watchdog has been checked: 0 passed
06.06.2014 10:57:51,493 - INFO  - Watchdog has been checked: 0 passed
06.06.2014 10:59:51,360 - INFO  - Watchdog has been checked: 0 passed
06.06.2014 11:01:51,401 - INFO  - Watchdog has been checked: 0 passed
06.06.2014 11:03:51,434 - INFO  - Watchdog has been checked: 0 passed
06.06.2014 11:05:51,297 - INFO  - Watchdog has been checked: 0 passed
06.06.2014 11:07:51,210 - INFO  - Watchdog has been checked: 0 passed
06.06.2014 11:09:51,363 - INFO  - Watchdog has been checked: 0 passed
06.06.2014 11:11:51,086 - INFO  - Watchdog has been checked: 0 passed
06.06.2014 11:13:51,097 - INFO  - Watchdog has been checked: 0 passed
06.06.2014 11:15:51,225 - INFO  - Watchdog has been checked: 0 passed
06.06.2014 11:17:51,154 - INFO  - Watchdog has been checked: 0 passed
06.06.2014 11:19:51,077 - INFO  - Watchdog has been checked: 0 passed
06.06.2014 11:21:50,085 - INFO  - Watchdog has been checked: 0 passed
06.06.2014 11:23:50,123 - INFO  - Watchdog has been checked: 0 passed
06.06.2014 11:25:50,223 - INFO  - Watchdog has been checked: 0 passed
06.06.2014 11:27:50,198 - INFO  - Watchdog has been checked: 0 passed
06.06.2014 11:29:50,139 - INFO  - Watchdog has been checked: 0 passed
06.06.2014 11:31:50,134 - INFO  - Watchdog has been checked: 0 passed
06.06.2014 11:33:50,153 - INFO  - Watchdog has been checked: 0 passed
06.06.2014 11:35:50,298 - INFO  - Watchdog has been checked: 0 passed
06.06.2014 11:37:50,267 - INFO  - Watchdog has been checked: 0 passed
06.06.2014 11:39:51,053 - INFO  - Watchdog has been checked: 0 passed
06.06.2014 11:41:51,171 - INFO  - Watchdog has been checked: 0 passed
06.06.2014 11:43:51,206 - INFO  - Watchdog has been checked: 0 passed
06.06.2014 11:44:25,555 - INFO  - searcher identified --- respT: 60ms, 83063 results, q=, 
06.06.2014 11:44:35,928 - INFO  - searcher identified --- respT: 17ms, no results, q=currentthreadcount, 
06.06.2014 11:44:36,528 - INFO  - searcher identified --- respT: 17ms, no results, q=currentthreadcount, 
06.06.2014 11:44:43,235 - INFO  - searcher identified --- respT: 23ms, 2435 results, q=mont, 
06.06.2014 11:44:45,304 - INFO  - searcher identified --- respT: 61ms, 83063 results, q=, 
06.06.2014 11:44:48,317 - INFO  - searcher identified --- respT: 14ms, 3 results, q=alfrsco, 
06.06.2014 11:44:50,114 - INFO  - searcher identified --- respT: 13ms, no results, q=alfrsco monitor, 
06.06.2014 11:44:50,846 - INFO  - searcher identified --- respT: 14ms, no results, q=alfrsco monitoring, 
06.06.2014 11:44:55,532 - INFO  - searcher identified --- respT: 26ms, 3 results, q=alfrsc, 
06.06.2014 11:44:56,431 - INFO  - searcher identified --- respT: 14ms, 3 results, q=alfrsco, 
06.06.2014 11:45:00,658 - INFO  - searcher identified --- respT: 50ms, 83063 results, q=, 
06.06.2014 11:45:04,328 - INFO  - searcher identified --- respT: 34ms, 177 results, q=ganglia, 
06.06.2014 11:45:12,894 - INFO  - searcher identified --- respT: 38ms, 11 results, author:DanielOderbolz, q=ganglia, 
06.06.2014 11:45:51,369 - INFO  - Watchdog has been checked: 0 passed
06.06.2014 11:47:51,364 - INFO  - Watchdog has been checked: 0 passed
06.06.2014 11:49:51,203 - INFO  - Watchdog has been checked: 0 passed
06.06.2014 11:51:51,265 - INFO  - Watchdog has been checked: 0 passed
06.06.2014 11:53:51,265 - INFO  - Watchdog has been checked: 0 passed
06.06.2014 11:55:51,370 - INFO  - Watchdog has been checked: 0 passed
06.06.2014 11:57:51,355 - INFO  - Watchdog has been checked: 0 passed
06.06.2014 11:59:51,165 - INFO  - Watchdog has been checked: 0 passed
06.06.2014 12:01:51,226 - INFO  - Watchdog has been checked: 0 passed
06.06.2014 12:03:51,224 - INFO  - Watchdog has been checked: 0 passed
06.06.2014 12:05:51,104 - INFO  - Watchdog has been checked: 0 passed
06.06.2014 12:07:51,130 - INFO  - Watchdog has been checked: 0 passed
06.06.2014 12:09:51,246 - INFO  - Watchdog has been checked: 0 passed
06.06.2014 12:11:51,295 - INFO  - Watchdog has been checked: 0 passed
06.06.2014 12:13:51,333 - INFO  - Watchdog has been checked: 0 passed
06.06.2014 12:15:51,159 - INFO  - Watchdog has been checked: 0 passed
06.06.2014 12:17:51,195 - INFO  - Watchdog has been checked: 0 passed
06.06.2014 12:19:51,046 - INFO  - Watchdog has been checked: 0 passed
06.06.2014 12:21:50,134 - INFO  - Watchdog has been checked: 0 passed
06.06.2014 12:23:49,188 - INFO  - Watchdog has been checked: 0 passed
06.06.2014 12:25:49,236 - INFO  - Watchdog has been checked: 0 passed
06.06.2014 12:27:49,289 - INFO  - Watchdog has been checked: 0 passed
06.06.2014 12:29:49,138 - INFO  - Watchdog has been checked: 0 passed
06.06.2014 12:31:49,346 - INFO  - Watchdog has been checked: 0 passed
06.06.2014 12:33:49,367 - INFO  - Watchdog has been checked: 0 passed
06.06.2014 12:35:49,162 - INFO  - Watchdog has been checked: 0 passed
06.06.2014 12:37:49,171 - INFO  - Watchdog has been checked: 0 passed
06.06.2014 12:39:49,280 - INFO  - Watchdog has been checked: 0 passed
06.06.2014 12:41:50,317 - INFO  - Watchdog has been checked: 0 passed
06.06.2014 12:43:50,124 - INFO  - Watchdog has been checked: 0 passed
06.06.2014 12:45:50,207 - INFO  - Watchdog has been checked: 0 passed
06.06.2014 12:47:50,246 - INFO  - Watchdog has been checked: 0 passed
06.06.2014 12:49:50,077 - INFO  - Watchdog has been checked: 0 passed
06.06.2014 12:51:50,093 - INFO  - Watchdog has been checked: 0 passed
06.06.2014 12:53:50,223 - INFO  - Watchdog has been checked: 0 passed
06.06.2014 12:55:50,103 - INFO  - Watchdog has been checked: 0 passed
06.06.2014 12:57:50,093 - INFO  - Watchdog has been checked: 0 passed
06.06.2014 12:59:49,149 - INFO  - Watchdog has been checked: 0 passed
06.06.2014 13:01:49,163 - INFO  - Watchdog has been checked: 0 passed
06.06.2014 13:03:49,158 - INFO  - Watchdog has been checked: 0 passed
06.06.2014 13:05:49,261 - INFO  - Watchdog has been checked: 0 passed
06.06.2014 13:07:49,271 - INFO  - Watchdog has been checked: 0 passed
06.06.2014 13:09:49,151 - INFO  - Watchdog has been checked: 0 passed
06.06.2014 13:11:49,111 - INFO  - Watchdog has been checked: 0 passed
06.06.2014 13:13:49,229 - INFO  - Watchdog has been checked: 0 passed
06.06.2014 13:15:49,283 - INFO  - Watchdog has been checked: 0 passed
06.06.2014 13:17:49,236 - INFO  - Watchdog has been checked: 0 passed
06.06.2014 13:19:49,078 - INFO  - Watchdog has been checked: 0 passed
06.06.2014 13:21:50,720 - INFO  - Watchdog has been checked: 0 passed
06.06.2014 13:23:50,285 - INFO  - Watchdog has been checked: 0 passed
06.06.2014 13:25:50,321 - INFO  - Watchdog has been checked: 0 passed
06.06.2014 13:27:50,315 - INFO  - Watchdog has been checked: 0 passed
06.06.2014 13:29:50,199 - INFO  - Watchdog has been checked: 0 passed
06.06.2014 13:31:50,228 - INFO  - Watchdog has been checked: 0 passed
06.06.2014 13:33:50,300 - INFO  - Watchdog has been checked: 0 passed
06.06.2014 13:35:50,209 - INFO  - Watchdog has been checked: 0 passed
06.06.2014 13:37:50,224 - INFO  - Watchdog has been checked: 0 passed
06.06.2014 13:39:50,274 - INFO  - Watchdog has been checked: 0 passed
06.06.2014 13:41:50,361 - INFO  - Watchdog has been checked: 0 passed
06.06.2014 13:43:50,160 - INFO  - Watchdog has been checked: 0 passed
06.06.2014 13:45:50,260 - INFO  - Watchdog has been checked: 0 passed
06.06.2014 13:47:50,262 - INFO  - Watchdog has been checked: 0 passed
06.06.2014 13:49:50,355 - INFO  - Watchdog has been checked: 0 passed
06.06.2014 13:51:50,214 - INFO  - Watchdog has been checked: 0 passed
06.06.2014 13:53:50,191 - INFO  - Watchdog has been checked: 0 passed
06.06.2014 13:55:50,344 - INFO  - Watchdog has been checked: 0 passed
06.06.2014 13:57:50,316 - INFO  - Watchdog has been checked: 0 passed
06.06.2014 13:59:50,394 - INFO  - Watchdog has been checked: 0 passed
06.06.2014 14:01:50,305 - INFO  - Watchdog has been checked: 0 passed
06.06.2014 14:03:50,291 - INFO  - Watchdog has been checked: 0 passed
06.06.2014 14:05:50,374 - INFO  - Watchdog has been checked: 0 passed
06.06.2014 14:06:49,452 - ERROR - unknown wikiuser
06.06.2014 14:06:49,557 - INFO  - searcher anonymous --- respT: 29ms, 27967 results, q=, 
06.06.2014 14:06:57,618 - ERROR - unknown wikiuser
06.06.2014 14:06:57,671 - INFO  - searcher anonymous --- respT: 19ms, 3830 results, q=persona, 
06.06.2014 14:07:01,160 - ERROR - unknown wikiuser
06.06.2014 14:07:01,206 - INFO  - searcher anonymous --- respT: 16ms, 25 results, q=personalmanagement, 
06.06.2014 14:07:50,371 - INFO  - Watchdog has been checked: 0 passed
06.06.2014 14:09:50,455 - INFO  - Watchdog has been checked: 0 passed
06.06.2014 14:11:50,228 - INFO  - Watchdog has been checked: 0 passed
06.06.2014 14:13:50,221 - INFO  - Watchdog has been checked: 0 passed
06.06.2014 14:15:50,306 - INFO  - Watchdog has been checked: 0 passed
06.06.2014 14:17:50,294 - INFO  - Watchdog has been checked: 0 passed
06.06.2014 14:19:50,351 - INFO  - Watchdog has been checked: 0 passed
06.06.2014 14:21:50,174 - INFO  - Watchdog has been checked: 0 passed
06.06.2014 14:23:50,096 - INFO  - Watchdog has been checked: 0 passed
06.06.2014 14:25:50,168 - INFO  - Watchdog has been checked: 0 passed
06.06.2014 14:27:50,103 - INFO  - Watchdog has been checked: 0 passed
06.06.2014 14:29:49,898 - INFO  - Watchdog has been checked: 0 passed
06.06.2014 14:31:49,015 - INFO  - Watchdog has been checked: 0 passed
06.06.2014 14:33:48,017 - INFO  - Watchdog has been checked: 0 passed
06.06.2014 14:35:47,116 - INFO  - Watchdog has been checked: 0 passed
06.06.2014 14:37:47,165 - INFO  - Watchdog has been checked: 0 passed
06.06.2014 14:39:47,045 - INFO  - Watchdog has been checked: 0 passed
06.06.2014 14:41:46,100 - INFO  - Watchdog has been checked: 0 passed
06.06.2014 14:43:45,228 - INFO  - Watchdog has been checked: 0 passed
06.06.2014 14:45:45,042 - INFO  - Watchdog has been checked: 0 passed
06.06.2014 14:47:44,070 - INFO  - Watchdog has been checked: 0 passed
06.06.2014 14:49:43,148 - INFO  - Watchdog has been checked: 0 passed
06.06.2014 14:51:43,226 - INFO  - Watchdog has been checked: 0 passed
06.06.2014 14:53:43,249 - INFO  - Watchdog has been checked: 0 passed
06.06.2014 14:55:43,046 - INFO  - Watchdog has been checked: 0 passed
06.06.2014 14:57:42,060 - INFO  - Watchdog has been checked: 0 passed
06.06.2014 14:59:41,162 - INFO  - Watchdog has been checked: 0 passed
06.06.2014 15:01:41,233 - INFO  - Watchdog has been checked: 0 passed
06.06.2014 15:03:41,271 - INFO  - Watchdog has been checked: 0 passed
06.06.2014 15:05:41,073 - INFO  - Watchdog has been checked: 0 passed
06.06.2014 15:07:41,351 - INFO  - Watchdog has been checked: 0 passed
06.06.2014 15:09:41,237 - INFO  - Watchdog has been checked: 0 passed
06.06.2014 15:11:41,310 - INFO  - Watchdog has been checked: 0 passed
06.06.2014 15:13:41,122 - INFO  - Watchdog has been checked: 0 passed
06.06.2014 15:15:41,142 - INFO  - Watchdog has been checked: 0 passed
06.06.2014 15:17:41,454 - INFO  - Watchdog has been checked: 0 passed
06.06.2014 15:19:41,316 - INFO  - Watchdog has been checked: 0 passed
06.06.2014 15:21:41,366 - INFO  - Watchdog has been checked: 0 passed
06.06.2014 15:23:41,436 - INFO  - Watchdog has been checked: 0 passed
06.06.2014 15:25:41,431 - INFO  - Watchdog has been checked: 0 passed
06.06.2014 15:27:41,421 - INFO  - Watchdog has been checked: 0 passed
06.06.2014 15:29:41,299 - INFO  - Watchdog has been checked: 0 passed
06.06.2014 15:31:41,335 - INFO  - Watchdog has been checked: 0 passed
06.06.2014 15:33:41,139 - INFO  - Watchdog has been checked: 0 passed
06.06.2014 15:35:41,158 - INFO  - Watchdog has been checked: 0 passed
06.06.2014 15:37:41,206 - INFO  - Watchdog has been checked: 0 passed
06.06.2014 15:39:41,371 - INFO  - Watchdog has been checked: 0 passed
06.06.2014 15:41:41,134 - INFO  - Watchdog has been checked: 0 passed
06.06.2014 15:43:41,157 - INFO  - Watchdog has been checked: 0 passed
06.06.2014 15:45:41,164 - INFO  - Watchdog has been checked: 0 passed
06.06.2014 15:47:41,181 - INFO  - Watchdog has been checked: 0 passed
06.06.2014 15:49:41,127 - INFO  - Watchdog has been checked: 0 passed
06.06.2014 15:51:41,167 - INFO  - Watchdog has been checked: 0 passed
06.06.2014 15:53:41,230 - INFO  - Watchdog has been checked: 0 passed
06.06.2014 15:55:41,282 - INFO  - Watchdog has been checked: 0 passed
06.06.2014 15:57:41,079 - INFO  - Watchdog has been checked: 0 passed
06.06.2014 15:59:41,235 - INFO  - Watchdog has been checked: 0 passed
06.06.2014 16:01:41,265 - INFO  - Watchdog has been checked: 0 passed
06.06.2014 16:03:41,068 - INFO  - Watchdog has been checked: 0 passed
06.06.2014 16:05:41,101 - INFO  - Watchdog has been checked: 0 passed
06.06.2014 16:07:40,120 - INFO  - Watchdog has been checked: 0 passed
06.06.2014 16:09:40,296 - INFO  - Watchdog has been checked: 0 passed
06.06.2014 16:11:40,321 - INFO  - Watchdog has been checked: 0 passed
06.06.2014 16:13:40,345 - INFO  - Watchdog has been checked: 0 passed
06.06.2014 16:15:40,187 - INFO  - Watchdog has been checked: 0 passed
06.06.2014 16:17:39,135 - INFO  - Watchdog has been checked: 0 passed
06.06.2014 16:19:38,269 - INFO  - Watchdog has been checked: 0 passed
06.06.2014 16:21:38,321 - INFO  - Watchdog has been checked: 0 passed
06.06.2014 16:23:38,104 - INFO  - Watchdog has been checked: 0 passed
06.06.2014 16:25:37,179 - INFO  - Watchdog has been checked: 0 passed
06.06.2014 16:27:37,182 - INFO  - Watchdog has been checked: 0 passed
06.06.2014 16:29:37,362 - INFO  - Watchdog has been checked: 0 passed
06.06.2014 16:31:37,185 - INFO  - Watchdog has been checked: 0 passed
06.06.2014 16:33:37,174 - INFO  - Watchdog has been checked: 0 passed
06.06.2014 16:35:37,302 - INFO  - Watchdog has been checked: 0 passed
06.06.2014 16:37:37,185 - INFO  - Watchdog has been checked: 0 passed
06.06.2014 16:39:37,386 - INFO  - Watchdog has been checked: 0 passed
06.06.2014 16:41:37,226 - INFO  - Watchdog has been checked: 0 passed
06.06.2014 16:43:38,417 - INFO  - Watchdog has been checked: 0 passed
06.06.2014 16:45:38,351 - INFO  - Watchdog has been checked: 0 passed
06.06.2014 16:47:38,293 - INFO  - Watchdog has been checked: 0 passed
06.06.2014 16:49:38,182 - INFO  - Watchdog has been checked: 0 passed
06.06.2014 16:51:38,267 - INFO  - Watchdog has been checked: 0 passed
06.06.2014 16:53:41,288 - INFO  - Watchdog has been checked: 0 passed
06.06.2014 16:55:41,056 - INFO  - Watchdog has been checked: 0 passed
06.06.2014 16:57:41,064 - INFO  - Watchdog has been checked: 0 passed
06.06.2014 16:59:41,193 - INFO  - Watchdog has been checked: 0 passed
06.06.2014 17:01:41,038 - INFO  - Watchdog has been checked: 0 passed
06.06.2014 17:03:40,057 - INFO  - Watchdog has been checked: 0 passed
06.06.2014 17:05:40,151 - INFO  - Watchdog has been checked: 0 passed
06.06.2014 17:07:40,162 - INFO  - Watchdog has been checked: 0 passed
06.06.2014 17:09:40,248 - INFO  - Watchdog has been checked: 0 passed
06.06.2014 17:11:40,122 - INFO  - Watchdog has been checked: 0 passed
06.06.2014 17:13:40,143 - INFO  - Watchdog has been checked: 0 passed
06.06.2014 17:15:40,922 - INFO  - Watchdog has been checked: 0 passed
06.06.2014 17:17:40,351 - INFO  - Watchdog has been checked: 0 passed
06.06.2014 17:19:40,200 - INFO  - Watchdog has been checked: 0 passed
06.06.2014 17:21:40,236 - INFO  - Watchdog has been checked: 0 passed
06.06.2014 17:23:40,272 - INFO  - Watchdog has been checked: 0 passed
06.06.2014 17:25:40,345 - INFO  - Watchdog has been checked: 0 passed
06.06.2014 17:27:40,331 - INFO  - Watchdog has been checked: 0 passed
06.06.2014 17:29:40,167 - INFO  - Watchdog has been checked: 0 passed
06.06.2014 17:31:40,242 - INFO  - Watchdog has been checked: 0 passed
06.06.2014 17:33:40,273 - INFO  - Watchdog has been checked: 0 passed
06.06.2014 17:35:40,362 - INFO  - Watchdog has been checked: 0 passed
06.06.2014 17:37:40,542 - INFO  - Watchdog has been checked: 0 passed
06.06.2014 17:39:40,193 - INFO  - Watchdog has been checked: 0 passed
06.06.2014 17:41:40,259 - INFO  - Watchdog has been checked: 0 passed
06.06.2014 17:43:40,277 - INFO  - Watchdog has been checked: 0 passed
06.06.2014 17:45:40,580 - INFO  - Watchdog has been checked: 0 passed
06.06.2014 17:47:40,333 - INFO  - Watchdog has been checked: 0 passed
06.06.2014 17:49:40,179 - INFO  - Watchdog has been checked: 0 passed
06.06.2014 17:51:39,297 - INFO  - Watchdog has been checked: 0 passed
06.06.2014 17:53:39,351 - INFO  - Watchdog has been checked: 0 passed
06.06.2014 17:55:41,365 - INFO  - Watchdog has been checked: 0 passed
06.06.2014 17:57:41,095 - INFO  - Watchdog has been checked: 0 passed
06.06.2014 17:59:41,239 - INFO  - Watchdog has been checked: 0 passed
06.06.2014 18:01:41,266 - INFO  - Watchdog has been checked: 0 passed
06.06.2014 18:03:41,096 - INFO  - Watchdog has been checked: 0 passed
06.06.2014 18:05:40,135 - INFO  - Watchdog has been checked: 0 passed
06.06.2014 18:07:40,094 - INFO  - Watchdog has been checked: 0 passed
06.06.2014 18:09:40,176 - INFO  - Watchdog has been checked: 0 passed
06.06.2014 18:11:40,214 - INFO  - Watchdog has been checked: 0 passed
06.06.2014 18:13:40,222 - INFO  - Watchdog has been checked: 0 passed
06.06.2014 18:15:40,288 - INFO  - Watchdog has been checked: 0 passed
06.06.2014 18:17:41,299 - INFO  - Watchdog has been checked: 0 passed
06.06.2014 18:19:41,183 - INFO  - Watchdog has been checked: 0 passed
06.06.2014 18:21:41,060 - INFO  - Watchdog has been checked: 0 passed
06.06.2014 18:23:40,093 - INFO  - Watchdog has been checked: 0 passed
06.06.2014 18:25:40,159 - INFO  - Watchdog has been checked: 0 passed
06.06.2014 18:27:40,105 - INFO  - Watchdog has been checked: 0 passed
06.06.2014 18:29:40,283 - INFO  - Watchdog has been checked: 0 passed
06.06.2014 18:31:40,134 - INFO  - Watchdog has been checked: 0 passed
06.06.2014 18:33:40,186 - INFO  - Watchdog has been checked: 0 passed
06.06.2014 18:35:40,288 - INFO  - Watchdog has been checked: 0 passed
06.06.2014 18:37:40,168 - INFO  - Watchdog has been checked: 0 passed
06.06.2014 18:39:40,068 - INFO  - Watchdog has been checked: 0 passed
06.06.2014 18:41:40,107 - INFO  - Watchdog has been checked: 0 passed
06.06.2014 18:43:40,164 - INFO  - Watchdog has been checked: 0 passed
06.06.2014 18:45:40,274 - INFO  - Watchdog has been checked: 0 passed
06.06.2014 18:47:40,225 - INFO  - Watchdog has been checked: 0 passed
06.06.2014 18:49:40,132 - INFO  - Watchdog has been checked: 0 passed
06.06.2014 18:51:40,198 - INFO  - Watchdog has been checked: 0 passed
06.06.2014 18:53:40,237 - INFO  - Watchdog has been checked: 0 passed
06.06.2014 18:55:40,320 - INFO  - Watchdog has been checked: 0 passed
06.06.2014 18:57:40,537 - INFO  - Watchdog has been checked: 0 passed
06.06.2014 18:59:40,210 - INFO  - Watchdog has been checked: 0 passed
06.06.2014 19:01:40,284 - INFO  - Watchdog has been checked: 0 passed
06.06.2014 19:03:40,060 - INFO  - Watchdog has been checked: 0 passed
06.06.2014 19:05:40,117 - INFO  - Watchdog has been checked: 0 passed
06.06.2014 19:07:40,074 - INFO  - Watchdog has been checked: 0 passed
06.06.2014 19:09:39,251 - INFO  - Watchdog has been checked: 0 passed
06.06.2014 19:11:39,323 - INFO  - Watchdog has been checked: 0 passed
06.06.2014 19:13:39,110 - INFO  - Watchdog has been checked: 0 passed
06.06.2014 19:15:39,250 - INFO  - Watchdog has been checked: 0 passed
06.06.2014 19:17:39,191 - INFO  - Watchdog has been checked: 0 passed
06.06.2014 19:19:41,355 - INFO  - Watchdog has been checked: 0 passed
06.06.2014 19:21:41,197 - INFO  - Watchdog has been checked: 0 passed
06.06.2014 19:23:41,207 - INFO  - Watchdog has been checked: 0 passed
06.06.2014 19:25:41,307 - INFO  - Watchdog has been checked: 0 passed
06.06.2014 19:27:41,338 - INFO  - Watchdog has been checked: 0 passed
06.06.2014 19:29:41,207 - INFO  - Watchdog has been checked: 0 passed
06.06.2014 19:31:41,320 - INFO  - Watchdog has been checked: 0 passed
06.06.2014 19:33:41,302 - INFO  - Watchdog has been checked: 0 passed
06.06.2014 19:35:41,348 - INFO  - Watchdog has been checked: 0 passed
06.06.2014 19:37:41,335 - INFO  - Watchdog has been checked: 0 passed
06.06.2014 19:39:41,238 - INFO  - Watchdog has been checked: 0 passed
06.06.2014 19:41:41,285 - INFO  - Watchdog has been checked: 0 passed
06.06.2014 19:43:41,321 - INFO  - Watchdog has been checked: 0 passed
06.06.2014 19:45:41,204 - INFO  - Watchdog has been checked: 0 passed
06.06.2014 19:47:41,407 - INFO  - Watchdog has been checked: 0 passed
06.06.2014 19:49:41,261 - INFO  - Watchdog has been checked: 0 passed
06.06.2014 19:51:41,333 - INFO  - Watchdog has been checked: 0 passed
06.06.2014 19:53:41,393 - INFO  - Watchdog has been checked: 0 passed
06.06.2014 19:55:41,515 - INFO  - Watchdog has been checked: 0 passed
06.06.2014 19:57:41,408 - INFO  - Watchdog has been checked: 0 passed
06.06.2014 19:59:41,317 - INFO  - Watchdog has been checked: 0 passed
06.06.2014 20:01:41,081 - INFO  - Watchdog has been checked: 0 passed
06.06.2014 20:03:41,129 - INFO  - Watchdog has been checked: 0 passed
06.06.2014 20:05:41,226 - INFO  - Watchdog has been checked: 0 passed
06.06.2014 20:07:41,202 - INFO  - Watchdog has been checked: 0 passed
06.06.2014 20:09:41,044 - INFO  - Watchdog has been checked: 0 passed
06.06.2014 20:11:40,145 - INFO  - Watchdog has been checked: 0 passed
06.06.2014 20:13:39,129 - INFO  - Watchdog has been checked: 0 passed
06.06.2014 20:15:39,157 - INFO  - Watchdog has been checked: 0 passed
06.06.2014 20:17:39,208 - INFO  - Watchdog has been checked: 0 passed
06.06.2014 20:19:39,111 - INFO  - Watchdog has been checked: 0 passed
06.06.2014 20:21:39,548 - INFO  - Watchdog has been checked: 0 passed
06.06.2014 20:23:39,251 - INFO  - Watchdog has been checked: 0 passed
06.06.2014 20:25:39,255 - INFO  - Watchdog has been checked: 0 passed
06.06.2014 20:27:39,198 - INFO  - Watchdog has been checked: 0 passed
06.06.2014 20:29:39,150 - INFO  - Watchdog has been checked: 0 passed
06.06.2014 20:31:39,209 - INFO  - Watchdog has been checked: 0 passed
06.06.2014 20:33:39,281 - INFO  - Watchdog has been checked: 0 passed
06.06.2014 20:35:39,319 - INFO  - Watchdog has been checked: 0 passed
06.06.2014 20:37:39,280 - INFO  - Watchdog has been checked: 0 passed
06.06.2014 20:39:39,176 - INFO  - Watchdog has been checked: 0 passed
06.06.2014 20:41:39,261 - INFO  - Watchdog has been checked: 0 passed
06.06.2014 20:43:39,311 - INFO  - Watchdog has been checked: 0 passed
06.06.2014 20:45:39,174 - INFO  - Watchdog has been checked: 0 passed
06.06.2014 20:47:39,118 - INFO  - Watchdog has been checked: 0 passed
06.06.2014 20:49:39,338 - INFO  - Watchdog has been checked: 0 passed
06.06.2014 20:51:39,105 - INFO  - Watchdog has been checked: 0 passed
06.06.2014 20:53:39,143 - INFO  - Watchdog has been checked: 0 passed
06.06.2014 20:55:39,193 - INFO  - Watchdog has been checked: 0 passed
06.06.2014 20:57:39,119 - INFO  - Watchdog has been checked: 0 passed
06.06.2014 20:59:39,349 - INFO  - Watchdog has been checked: 0 passed
06.06.2014 21:01:40,399 - INFO  - Watchdog has been checked: 0 passed
06.06.2014 21:03:40,203 - INFO  - Watchdog has been checked: 0 passed
06.06.2014 21:05:40,267 - INFO  - Watchdog has been checked: 0 passed
06.06.2014 21:07:40,205 - INFO  - Watchdog has been checked: 0 passed
06.06.2014 21:09:40,369 - INFO  - Watchdog has been checked: 0 passed
06.06.2014 21:11:40,340 - INFO  - Watchdog has been checked: 0 passed
06.06.2014 21:13:40,260 - INFO  - Watchdog has been checked: 0 passed
06.06.2014 21:15:40,279 - INFO  - Watchdog has been checked: 0 passed
06.06.2014 21:17:40,223 - INFO  - Watchdog has been checked: 0 passed
06.06.2014 21:19:40,146 - INFO  - Watchdog has been checked: 0 passed
06.06.2014 21:21:40,203 - INFO  - Watchdog has been checked: 0 passed
06.06.2014 21:23:40,156 - INFO  - Watchdog has been checked: 0 passed
06.06.2014 21:25:40,251 - INFO  - Watchdog has been checked: 0 passed
06.06.2014 21:27:40,187 - INFO  - Watchdog has been checked: 0 passed
06.06.2014 21:29:40,099 - INFO  - Watchdog has been checked: 0 passed
06.06.2014 21:31:39,906 - INFO  - Watchdog has been checked: 0 passed
06.06.2014 21:33:38,899 - INFO  - Watchdog has been checked: 0 passed
06.06.2014 21:35:37,929 - INFO  - Watchdog has been checked: 0 passed
06.06.2014 21:37:37,072 - INFO  - Watchdog has been checked: 0 passed
06.06.2014 21:39:36,966 - INFO  - Watchdog has been checked: 0 passed
06.06.2014 21:41:36,141 - INFO  - Watchdog has been checked: 0 passed
06.06.2014 21:43:35,180 - INFO  - Watchdog has been checked: 0 passed
06.06.2014 21:45:34,991 - INFO  - Watchdog has been checked: 0 passed
06.06.2014 21:47:34,244 - INFO  - Watchdog has been checked: 0 passed
06.06.2014 21:49:34,127 - INFO  - Watchdog has been checked: 0 passed
06.06.2014 21:51:33,209 - INFO  - Watchdog has been checked: 0 passed
06.06.2014 21:53:33,187 - INFO  - Watchdog has been checked: 0 passed
06.06.2014 21:55:33,206 - INFO  - Watchdog has been checked: 0 passed
06.06.2014 21:57:33,219 - INFO  - Watchdog has been checked: 0 passed
06.06.2014 21:59:33,082 - INFO  - Watchdog has been checked: 0 passed
06.06.2014 22:01:33,193 - INFO  - Watchdog has been checked: 0 passed
06.06.2014 22:03:33,237 - INFO  - Watchdog has been checked: 0 passed
06.06.2014 22:05:33,302 - INFO  - Watchdog has been checked: 0 passed
06.06.2014 22:07:33,335 - INFO  - Watchdog has been checked: 0 passed
06.06.2014 22:09:33,252 - INFO  - Watchdog has been checked: 0 passed
06.06.2014 22:11:33,329 - INFO  - Watchdog has been checked: 0 passed
06.06.2014 22:13:33,352 - INFO  - Watchdog has been checked: 0 passed
06.06.2014 22:15:33,374 - INFO  - Watchdog has been checked: 0 passed
06.06.2014 22:17:33,298 - INFO  - Watchdog has been checked: 0 passed
06.06.2014 22:19:33,423 - INFO  - Watchdog has been checked: 0 passed
06.06.2014 22:21:33,259 - INFO  - Watchdog has been checked: 0 passed
06.06.2014 22:23:33,294 - INFO  - Watchdog has been checked: 0 passed
06.06.2014 22:25:33,271 - INFO  - Watchdog has been checked: 0 passed
06.06.2014 22:27:33,218 - INFO  - Watchdog has been checked: 0 passed
06.06.2014 22:29:33,131 - INFO  - Watchdog has been checked: 0 passed
06.06.2014 22:31:33,233 - INFO  - Watchdog has been checked: 0 passed
06.06.2014 22:33:33,259 - INFO  - Watchdog has been checked: 0 passed
06.06.2014 22:35:33,162 - INFO  - Watchdog has been checked: 0 passed
06.06.2014 22:37:32,984 - INFO  - Watchdog has been checked: 0 passed
06.06.2014 22:39:32,132 - INFO  - Watchdog has been checked: 0 passed
06.06.2014 22:41:31,862 - INFO  - Watchdog has been checked: 0 passed
06.06.2014 22:43:30,995 - INFO  - Watchdog has been checked: 0 passed
06.06.2014 22:45:30,026 - INFO  - Watchdog has been checked: 0 passed
06.06.2014 22:47:28,928 - INFO  - Watchdog has been checked: 0 passed
06.06.2014 22:49:28,179 - INFO  - Watchdog has been checked: 0 passed
06.06.2014 22:51:28,257 - INFO  - Watchdog has been checked: 0 passed
06.06.2014 22:53:28,046 - INFO  - Watchdog has been checked: 0 passed
06.06.2014 22:55:26,949 - INFO  - Watchdog has been checked: 0 passed
06.06.2014 22:57:25,897 - INFO  - Watchdog has been checked: 0 passed
06.06.2014 22:59:25,074 - INFO  - Watchdog has been checked: 0 passed
06.06.2014 23:01:25,309 - INFO  - Watchdog has been checked: 0 passed
06.06.2014 23:03:25,081 - INFO  - Watchdog has been checked: 0 passed
06.06.2014 23:05:25,170 - INFO  - Watchdog has been checked: 0 passed
06.06.2014 23:07:25,103 - INFO  - Watchdog has been checked: 0 passed
06.06.2014 23:09:25,315 - INFO  - Watchdog has been checked: 0 passed
06.06.2014 23:11:25,156 - INFO  - Watchdog has been checked: 0 passed
06.06.2014 23:13:25,182 - INFO  - Watchdog has been checked: 0 passed
06.06.2014 23:15:25,300 - INFO  - Watchdog has been checked: 0 passed
06.06.2014 23:17:25,281 - INFO  - Watchdog has been checked: 0 passed
06.06.2014 23:19:25,194 - INFO  - Watchdog has been checked: 0 passed
06.06.2014 23:21:25,287 - INFO  - Watchdog has been checked: 0 passed
06.06.2014 23:23:25,289 - INFO  - Watchdog has been checked: 0 passed
06.06.2014 23:25:25,330 - INFO  - Watchdog has been checked: 0 passed
06.06.2014 23:27:25,288 - INFO  - Watchdog has been checked: 0 passed
06.06.2014 23:29:25,211 - INFO  - Watchdog has been checked: 0 passed
06.06.2014 23:31:25,333 - INFO  - Watchdog has been checked: 0 passed
06.06.2014 23:33:25,354 - INFO  - Watchdog has been checked: 0 passed
06.06.2014 23:35:25,393 - INFO  - Watchdog has been checked: 0 passed
06.06.2014 23:37:25,391 - INFO  - Watchdog has been checked: 0 passed
06.06.2014 23:39:25,287 - INFO  - Watchdog has been checked: 0 passed
06.06.2014 23:41:25,332 - INFO  - Watchdog has been checked: 0 passed
06.06.2014 23:43:25,365 - INFO  - Watchdog has been checked: 0 passed
06.06.2014 23:45:25,197 - INFO  - Watchdog has been checked: 0 passed
06.06.2014 23:47:25,215 - INFO  - Watchdog has been checked: 0 passed
06.06.2014 23:49:25,326 - INFO  - Watchdog has been checked: 0 passed
06.06.2014 23:51:25,185 - INFO  - Watchdog has been checked: 0 passed
06.06.2014 23:53:25,176 - INFO  - Watchdog has been checked: 0 passed
06.06.2014 23:55:25,236 - INFO  - Watchdog has been checked: 0 passed
06.06.2014 23:57:25,143 - INFO  - Watchdog has been checked: 0 passed
06.06.2014 23:59:25,116 - INFO  - Watchdog has been checked: 0 passed
