12.08.2014 00:01:58,381 - INFO  - Watchdog has been checked: 0 passed
12.08.2014 00:03:58,344 - INFO  - Watchdog has been checked: 0 passed
12.08.2014 00:05:58,393 - INFO  - Watchdog has been checked: 0 passed
12.08.2014 00:07:58,196 - INFO  - Watchdog has been checked: 0 passed
12.08.2014 00:09:57,387 - INFO  - Watchdog has been checked: 0 passed
12.08.2014 00:11:57,352 - INFO  - Watchdog has been checked: 0 passed
12.08.2014 00:13:57,345 - INFO  - Watchdog has been checked: 0 passed
12.08.2014 00:15:57,370 - INFO  - Watchdog has been checked: 0 passed
12.08.2014 00:17:57,151 - INFO  - Watchdog has been checked: 0 passed
12.08.2014 00:19:56,089 - INFO  - Watchdog has been checked: 0 passed
12.08.2014 00:21:58,320 - INFO  - Watchdog has been checked: 0 passed
12.08.2014 00:23:58,089 - INFO  - Watchdog has been checked: 0 passed
12.08.2014 00:25:57,112 - INFO  - Watchdog has been checked: 0 passed
12.08.2014 00:27:57,136 - INFO  - Watchdog has been checked: 0 passed
12.08.2014 00:29:57,120 - INFO  - Watchdog has been checked: 0 passed
12.08.2014 00:31:57,106 - INFO  - Watchdog has been checked: 0 passed
12.08.2014 00:33:56,107 - INFO  - Watchdog has been checked: 0 passed
12.08.2014 00:35:55,163 - INFO  - Watchdog has been checked: 0 passed
12.08.2014 00:37:55,239 - INFO  - Watchdog has been checked: 0 passed
12.08.2014 00:39:55,259 - INFO  - Watchdog has been checked: 0 passed
12.08.2014 00:41:55,237 - INFO  - Watchdog has been checked: 0 passed
12.08.2014 00:43:55,215 - INFO  - Watchdog has been checked: 0 passed
12.08.2014 00:45:55,242 - INFO  - Watchdog has been checked: 0 passed
12.08.2014 00:47:55,305 - INFO  - Watchdog has been checked: 0 passed
12.08.2014 00:49:55,073 - INFO  - Watchdog has been checked: 0 passed
12.08.2014 00:51:55,302 - INFO  - Watchdog has been checked: 0 passed
12.08.2014 00:53:55,297 - INFO  - Watchdog has been checked: 0 passed
12.08.2014 00:55:55,068 - INFO  - Watchdog has been checked: 0 passed
12.08.2014 00:57:55,112 - INFO  - Watchdog has been checked: 0 passed
12.08.2014 00:59:55,110 - INFO  - Watchdog has been checked: 0 passed
12.08.2014 01:01:55,350 - INFO  - Watchdog has been checked: 0 passed
12.08.2014 01:03:58,274 - INFO  - Watchdog has been checked: 0 passed
12.08.2014 01:05:58,178 - INFO  - Watchdog has been checked: 0 passed
12.08.2014 01:07:58,321 - INFO  - Watchdog has been checked: 0 passed
12.08.2014 01:09:58,274 - INFO  - Watchdog has been checked: 0 passed
12.08.2014 01:11:58,228 - INFO  - Watchdog has been checked: 0 passed
12.08.2014 01:13:58,253 - INFO  - Watchdog has been checked: 0 passed
12.08.2014 01:15:58,376 - INFO  - Watchdog has been checked: 0 passed
12.08.2014 01:17:58,452 - INFO  - Watchdog has been checked: 0 passed
12.08.2014 01:19:58,389 - INFO  - Watchdog has been checked: 0 passed
12.08.2014 01:21:58,409 - INFO  - Watchdog has been checked: 0 passed
12.08.2014 01:23:58,324 - INFO  - Watchdog has been checked: 0 passed
12.08.2014 01:25:58,352 - INFO  - Watchdog has been checked: 0 passed
12.08.2014 01:27:58,150 - INFO  - Watchdog has been checked: 0 passed
12.08.2014 01:29:58,358 - INFO  - Watchdog has been checked: 0 passed
12.08.2014 01:31:58,366 - INFO  - Watchdog has been checked: 0 passed
12.08.2014 01:33:58,333 - INFO  - Watchdog has been checked: 0 passed
12.08.2014 01:35:58,153 - INFO  - Watchdog has been checked: 0 passed
12.08.2014 01:37:58,190 - INFO  - Watchdog has been checked: 0 passed
12.08.2014 01:39:58,198 - INFO  - Watchdog has been checked: 0 passed
12.08.2014 01:41:58,188 - INFO  - Watchdog has been checked: 0 passed
12.08.2014 01:43:58,213 - INFO  - Watchdog has been checked: 0 passed
12.08.2014 01:45:58,200 - INFO  - Watchdog has been checked: 0 passed
12.08.2014 01:47:58,247 - INFO  - Watchdog has been checked: 0 passed
12.08.2014 01:49:58,201 - INFO  - Watchdog has been checked: 0 passed
12.08.2014 01:51:58,022 - INFO  - Watchdog has been checked: 0 passed
12.08.2014 01:53:57,101 - INFO  - Watchdog has been checked: 0 passed
12.08.2014 01:55:57,092 - INFO  - Watchdog has been checked: 0 passed
12.08.2014 01:57:57,203 - INFO  - Watchdog has been checked: 0 passed
12.08.2014 01:59:57,217 - INFO  - Watchdog has been checked: 0 passed
12.08.2014 02:01:57,210 - INFO  - Watchdog has been checked: 0 passed
12.08.2014 02:03:57,105 - INFO  - Watchdog has been checked: 0 passed
12.08.2014 02:05:58,322 - INFO  - Watchdog has been checked: 0 passed
12.08.2014 02:07:58,285 - INFO  - Watchdog has been checked: 0 passed
12.08.2014 02:09:58,207 - INFO  - Watchdog has been checked: 0 passed
12.08.2014 02:11:58,127 - INFO  - Watchdog has been checked: 0 passed
12.08.2014 02:13:58,107 - INFO  - Watchdog has been checked: 0 passed
12.08.2014 02:15:58,137 - INFO  - Watchdog has been checked: 0 passed
12.08.2014 02:17:58,239 - INFO  - Watchdog has been checked: 0 passed
12.08.2014 02:19:58,219 - INFO  - Watchdog has been checked: 0 passed
12.08.2014 02:21:58,290 - INFO  - Watchdog has been checked: 0 passed
12.08.2014 02:23:58,250 - INFO  - Watchdog has been checked: 0 passed
12.08.2014 02:25:58,245 - INFO  - Watchdog has been checked: 0 passed
12.08.2014 02:27:58,308 - INFO  - Watchdog has been checked: 0 passed
12.08.2014 02:29:58,234 - INFO  - Watchdog has been checked: 0 passed
12.08.2014 02:31:58,217 - INFO  - Watchdog has been checked: 0 passed
12.08.2014 02:33:58,202 - INFO  - Watchdog has been checked: 0 passed
12.08.2014 02:35:58,271 - INFO  - Watchdog has been checked: 0 passed
12.08.2014 02:37:58,144 - INFO  - Watchdog has been checked: 0 passed
12.08.2014 02:39:58,297 - INFO  - Watchdog has been checked: 0 passed
12.08.2014 02:41:58,286 - INFO  - Watchdog has been checked: 0 passed
12.08.2014 02:43:58,302 - INFO  - Watchdog has been checked: 0 passed
12.08.2014 02:45:58,219 - INFO  - Watchdog has been checked: 0 passed
12.08.2014 02:47:58,040 - INFO  - Watchdog has been checked: 0 passed
12.08.2014 02:49:58,033 - INFO  - Watchdog has been checked: 0 passed
12.08.2014 02:51:57,264 - INFO  - Watchdog has been checked: 0 passed
12.08.2014 02:53:56,979 - INFO  - Watchdog has been checked: 0 passed
12.08.2014 02:55:56,032 - INFO  - Watchdog has been checked: 0 passed
12.08.2014 02:57:55,061 - INFO  - Watchdog has been checked: 0 passed
12.08.2014 02:59:55,007 - INFO  - Watchdog has been checked: 0 passed
12.08.2014 03:01:55,002 - INFO  - Watchdog has been checked: 0 passed
12.08.2014 03:03:54,025 - INFO  - Watchdog has been checked: 0 passed
12.08.2014 03:05:54,027 - INFO  - Watchdog has been checked: 0 passed
12.08.2014 03:07:58,122 - INFO  - Watchdog has been checked: 0 passed
12.08.2014 03:09:58,083 - INFO  - Watchdog has been checked: 0 passed
12.08.2014 03:11:58,052 - INFO  - Watchdog has been checked: 0 passed
12.08.2014 03:13:58,114 - INFO  - Watchdog has been checked: 0 passed
12.08.2014 03:15:58,147 - INFO  - Watchdog has been checked: 0 passed
12.08.2014 03:17:58,295 - INFO  - Watchdog has been checked: 0 passed
12.08.2014 03:19:58,096 - INFO  - Watchdog has been checked: 0 passed
12.08.2014 03:21:58,318 - INFO  - Watchdog has been checked: 0 passed
12.08.2014 03:23:58,101 - INFO  - Watchdog has been checked: 0 passed
12.08.2014 03:25:58,101 - INFO  - Watchdog has been checked: 0 passed
12.08.2014 03:27:58,200 - INFO  - Watchdog has been checked: 0 passed
12.08.2014 03:29:58,292 - INFO  - Watchdog has been checked: 0 passed
12.08.2014 03:31:58,221 - INFO  - Watchdog has been checked: 0 passed
12.08.2014 03:33:58,225 - INFO  - Watchdog has been checked: 0 passed
12.08.2014 03:35:58,274 - INFO  - Watchdog has been checked: 0 passed
12.08.2014 03:37:58,230 - INFO  - Watchdog has been checked: 0 passed
12.08.2014 03:39:58,218 - INFO  - Watchdog has been checked: 0 passed
12.08.2014 03:41:58,162 - INFO  - Watchdog has been checked: 0 passed
12.08.2014 03:43:58,446 - INFO  - Watchdog has been checked: 0 passed
12.08.2014 03:45:58,248 - INFO  - Watchdog has been checked: 0 passed
12.08.2014 03:47:58,298 - INFO  - Watchdog has been checked: 0 passed
12.08.2014 03:49:58,319 - INFO  - Watchdog has been checked: 0 passed
12.08.2014 03:51:58,260 - INFO  - Watchdog has been checked: 0 passed
12.08.2014 03:53:58,198 - INFO  - Watchdog has been checked: 0 passed
12.08.2014 03:55:58,245 - INFO  - Watchdog has been checked: 0 passed
12.08.2014 03:57:58,303 - INFO  - Watchdog has been checked: 0 passed
12.08.2014 03:59:58,304 - INFO  - Watchdog has been checked: 0 passed
12.08.2014 04:01:58,263 - INFO  - Watchdog has been checked: 0 passed
12.08.2014 04:03:58,227 - INFO  - Watchdog has been checked: 0 passed
12.08.2014 04:05:58,391 - INFO  - Watchdog has been checked: 0 passed
12.08.2014 04:07:58,179 - INFO  - Watchdog has been checked: 0 passed
12.08.2014 04:09:59,386 - INFO  - Watchdog has been checked: 0 passed
12.08.2014 04:11:59,121 - INFO  - Watchdog has been checked: 0 passed
12.08.2014 04:13:59,361 - INFO  - Watchdog has been checked: 0 passed
12.08.2014 04:15:59,077 - INFO  - Watchdog has been checked: 0 passed
12.08.2014 04:17:58,149 - INFO  - Watchdog has been checked: 0 passed
12.08.2014 04:19:57,105 - INFO  - Watchdog has been checked: 0 passed
12.08.2014 04:21:57,098 - INFO  - Watchdog has been checked: 0 passed
12.08.2014 04:23:57,239 - INFO  - Watchdog has been checked: 0 passed
12.08.2014 04:25:57,074 - INFO  - Watchdog has been checked: 0 passed
12.08.2014 04:27:57,150 - INFO  - Watchdog has been checked: 0 passed
12.08.2014 04:29:59,319 - INFO  - Watchdog has been checked: 0 passed
12.08.2014 04:31:59,080 - INFO  - Watchdog has been checked: 0 passed
12.08.2014 04:33:59,310 - INFO  - Watchdog has been checked: 0 passed
12.08.2014 04:35:59,370 - INFO  - Watchdog has been checked: 0 passed
12.08.2014 04:37:59,226 - INFO  - Watchdog has been checked: 0 passed
12.08.2014 04:39:59,148 - INFO  - Watchdog has been checked: 0 passed
12.08.2014 04:41:59,152 - INFO  - Watchdog has been checked: 0 passed
12.08.2014 04:43:59,386 - INFO  - Watchdog has been checked: 0 passed
12.08.2014 04:45:59,378 - INFO  - Watchdog has been checked: 0 passed
12.08.2014 04:47:59,240 - INFO  - Watchdog has been checked: 0 passed
12.08.2014 04:49:59,158 - INFO  - Watchdog has been checked: 0 passed
12.08.2014 04:51:59,171 - INFO  - Watchdog has been checked: 0 passed
12.08.2014 04:53:59,380 - INFO  - Watchdog has been checked: 0 passed
12.08.2014 04:55:59,098 - INFO  - Watchdog has been checked: 0 passed
12.08.2014 04:57:59,181 - INFO  - Watchdog has been checked: 0 passed
12.08.2014 04:59:59,118 - INFO  - Watchdog has been checked: 0 passed
12.08.2014 05:01:59,147 - INFO  - Watchdog has been checked: 0 passed
12.08.2014 05:03:59,186 - INFO  - Watchdog has been checked: 0 passed
12.08.2014 05:05:59,187 - INFO  - Watchdog has been checked: 0 passed
12.08.2014 05:07:59,307 - INFO  - Watchdog has been checked: 0 passed
12.08.2014 05:09:59,235 - INFO  - Watchdog has been checked: 0 passed
12.08.2014 05:11:59,212 - INFO  - Watchdog has been checked: 0 passed
12.08.2014 05:13:59,207 - INFO  - Watchdog has been checked: 0 passed
12.08.2014 05:15:59,166 - INFO  - Watchdog has been checked: 0 passed
12.08.2014 05:17:59,265 - INFO  - Watchdog has been checked: 0 passed
12.08.2014 05:19:59,206 - INFO  - Watchdog has been checked: 0 passed
12.08.2014 05:21:59,149 - INFO  - Watchdog has been checked: 0 passed
12.08.2014 05:23:59,181 - INFO  - Watchdog has been checked: 0 passed
12.08.2014 05:25:59,108 - INFO  - Watchdog has been checked: 0 passed
12.08.2014 05:27:58,223 - INFO  - Watchdog has been checked: 0 passed
12.08.2014 05:29:58,161 - INFO  - Watchdog has been checked: 0 passed
12.08.2014 05:31:58,419 - INFO  - Watchdog has been checked: 0 passed
12.08.2014 05:33:58,189 - INFO  - Watchdog has been checked: 0 passed
12.08.2014 05:35:58,144 - INFO  - Watchdog has been checked: 0 passed
12.08.2014 05:37:58,279 - INFO  - Watchdog has been checked: 0 passed
12.08.2014 05:39:58,255 - INFO  - Watchdog has been checked: 0 passed
12.08.2014 05:41:58,202 - INFO  - Watchdog has been checked: 0 passed
12.08.2014 05:43:58,147 - INFO  - Watchdog has been checked: 0 passed
12.08.2014 05:45:58,150 - INFO  - Watchdog has been checked: 0 passed
12.08.2014 05:47:58,240 - INFO  - Watchdog has been checked: 0 passed
12.08.2014 05:49:58,288 - INFO  - Watchdog has been checked: 0 passed
12.08.2014 05:51:58,165 - INFO  - Watchdog has been checked: 0 passed
12.08.2014 05:53:58,282 - INFO  - Watchdog has been checked: 0 passed
12.08.2014 05:55:58,042 - INFO  - Watchdog has been checked: 0 passed
12.08.2014 05:57:58,155 - INFO  - Watchdog has been checked: 0 passed
12.08.2014 05:59:58,152 - INFO  - Watchdog has been checked: 0 passed
12.08.2014 06:01:58,115 - INFO  - Watchdog has been checked: 0 passed
12.08.2014 06:03:58,085 - INFO  - Watchdog has been checked: 0 passed
12.08.2014 06:05:58,163 - INFO  - Watchdog has been checked: 0 passed
12.08.2014 06:07:58,184 - INFO  - Watchdog has been checked: 0 passed
12.08.2014 06:09:58,162 - INFO  - Watchdog has been checked: 0 passed
12.08.2014 06:11:58,091 - INFO  - Watchdog has been checked: 0 passed
12.08.2014 06:13:59,377 - INFO  - Watchdog has been checked: 0 passed
12.08.2014 06:15:02,517 - INFO  - mapping file sync started
12.08.2014 06:15:03,740 - INFO  - file successfully updated
12.08.2014 06:15:59,197 - INFO  - Watchdog has been checked: 0 passed
12.08.2014 06:17:59,213 - INFO  - Watchdog has been checked: 0 passed
12.08.2014 06:19:59,240 - INFO  - Watchdog has been checked: 0 passed
12.08.2014 06:21:59,222 - INFO  - Watchdog has been checked: 0 passed
12.08.2014 06:23:59,428 - INFO  - Watchdog has been checked: 0 passed
12.08.2014 06:25:59,278 - INFO  - Watchdog has been checked: 0 passed
12.08.2014 06:27:59,282 - INFO  - Watchdog has been checked: 0 passed
12.08.2014 06:29:59,291 - INFO  - Watchdog has been checked: 0 passed
12.08.2014 06:31:59,260 - INFO  - Watchdog has been checked: 0 passed
12.08.2014 06:33:59,213 - INFO  - Watchdog has been checked: 0 passed
12.08.2014 06:35:59,273 - INFO  - Watchdog has been checked: 0 passed
12.08.2014 06:37:59,082 - INFO  - Watchdog has been checked: 0 passed
12.08.2014 06:39:59,286 - INFO  - Watchdog has been checked: 0 passed
12.08.2014 06:41:59,100 - INFO  - Watchdog has been checked: 0 passed
12.08.2014 06:43:59,315 - INFO  - Watchdog has been checked: 0 passed
12.08.2014 06:45:59,118 - INFO  - Watchdog has been checked: 0 passed
12.08.2014 06:47:59,166 - INFO  - Watchdog has been checked: 0 passed
12.08.2014 06:49:59,157 - INFO  - Watchdog has been checked: 0 passed
12.08.2014 06:51:59,158 - INFO  - Watchdog has been checked: 0 passed
12.08.2014 06:53:59,135 - INFO  - Watchdog has been checked: 0 passed
12.08.2014 06:55:59,183 - INFO  - Watchdog has been checked: 0 passed
12.08.2014 06:57:59,284 - INFO  - Watchdog has been checked: 0 passed
12.08.2014 06:59:59,236 - INFO  - Watchdog has been checked: 0 passed
12.08.2014 07:01:59,212 - INFO  - Watchdog has been checked: 0 passed
12.08.2014 07:03:59,171 - INFO  - Watchdog has been checked: 0 passed
12.08.2014 07:05:59,198 - INFO  - Watchdog has been checked: 0 passed
12.08.2014 07:07:59,000 - INFO  - Watchdog has been checked: 0 passed
12.08.2014 07:09:58,246 - INFO  - Watchdog has been checked: 0 passed
12.08.2014 07:11:58,225 - INFO  - Watchdog has been checked: 0 passed
12.08.2014 07:13:58,125 - INFO  - Watchdog has been checked: 0 passed
12.08.2014 07:15:01,950 - INFO  - mapping file sync started
12.08.2014 07:15:02,382 - INFO  - file successfully updated
12.08.2014 07:15:59,183 - INFO  - Watchdog has been checked: 0 passed
12.08.2014 07:17:59,064 - INFO  - Watchdog has been checked: 0 passed
12.08.2014 07:19:59,208 - INFO  - Watchdog has been checked: 0 passed
12.08.2014 07:21:59,242 - INFO  - Watchdog has been checked: 0 passed
12.08.2014 07:23:59,185 - INFO  - Watchdog has been checked: 0 passed
12.08.2014 07:25:59,291 - INFO  - Watchdog has been checked: 0 passed
12.08.2014 07:27:59,121 - INFO  - Watchdog has been checked: 0 passed
12.08.2014 07:29:59,266 - INFO  - Watchdog has been checked: 0 passed
12.08.2014 07:31:59,168 - INFO  - Watchdog has been checked: 0 passed
12.08.2014 07:33:59,063 - INFO  - Watchdog has been checked: 0 passed
12.08.2014 07:35:59,152 - INFO  - Watchdog has been checked: 0 passed
12.08.2014 07:37:59,321 - INFO  - Watchdog has been checked: 0 passed
12.08.2014 07:39:59,237 - INFO  - Watchdog has been checked: 0 passed
12.08.2014 07:41:59,238 - INFO  - Watchdog has been checked: 0 passed
12.08.2014 07:43:59,228 - INFO  - Watchdog has been checked: 0 passed
12.08.2014 07:45:59,236 - INFO  - Watchdog has been checked: 0 passed
12.08.2014 07:47:59,297 - INFO  - Watchdog has been checked: 0 passed
12.08.2014 07:49:59,221 - INFO  - Watchdog has been checked: 0 passed
12.08.2014 07:51:59,266 - INFO  - Watchdog has been checked: 0 passed
12.08.2014 07:53:59,187 - INFO  - Watchdog has been checked: 0 passed
12.08.2014 07:55:59,173 - INFO  - Watchdog has been checked: 0 passed
12.08.2014 07:57:59,315 - INFO  - Watchdog has been checked: 0 passed
12.08.2014 07:59:59,269 - INFO  - Watchdog has been checked: 0 passed
12.08.2014 08:01:59,228 - INFO  - Watchdog has been checked: 0 passed
12.08.2014 08:03:59,168 - INFO  - Watchdog has been checked: 0 passed
12.08.2014 08:05:59,104 - INFO  - Watchdog has been checked: 0 passed
12.08.2014 08:07:59,192 - INFO  - Watchdog has been checked: 0 passed
12.08.2014 08:09:59,187 - INFO  - Watchdog has been checked: 0 passed
12.08.2014 08:11:59,084 - INFO  - Watchdog has been checked: 0 passed
12.08.2014 08:13:59,082 - INFO  - Watchdog has been checked: 0 passed
12.08.2014 08:15:59,142 - INFO  - Watchdog has been checked: 0 passed
12.08.2014 08:17:59,180 - INFO  - Watchdog has been checked: 0 passed
12.08.2014 08:19:59,226 - INFO  - Watchdog has been checked: 0 passed
12.08.2014 08:21:59,189 - INFO  - Watchdog has been checked: 0 passed
12.08.2014 08:23:59,134 - INFO  - Watchdog has been checked: 0 passed
12.08.2014 08:25:59,128 - INFO  - Watchdog has been checked: 0 passed
12.08.2014 08:27:59,239 - INFO  - Watchdog has been checked: 0 passed
12.08.2014 08:29:59,151 - INFO  - Watchdog has been checked: 0 passed
12.08.2014 08:31:59,059 - INFO  - Watchdog has been checked: 0 passed
12.08.2014 08:33:58,019 - INFO  - Watchdog has been checked: 0 passed
12.08.2014 08:35:58,046 - INFO  - Watchdog has been checked: 0 passed
12.08.2014 08:37:59,103 - INFO  - Watchdog has been checked: 0 passed
12.08.2014 08:39:58,011 - INFO  - Watchdog has been checked: 0 passed
12.08.2014 08:41:57,176 - INFO  - Watchdog has been checked: 0 passed
12.08.2014 08:43:58,132 - INFO  - Watchdog has been checked: 0 passed
12.08.2014 08:45:58,051 - INFO  - Watchdog has been checked: 0 passed
12.08.2014 08:47:57,064 - INFO  - Watchdog has been checked: 0 passed
12.08.2014 08:49:57,093 - INFO  - Watchdog has been checked: 0 passed
12.08.2014 08:50:30,983 - INFO  - searcher identified --- respT: 16ms, 5397 results, web:(PSIWeb), q=, 
12.08.2014 08:50:47,666 - INFO  - searcher identified --- respT: 17ms, 5397 results, web:(PSIWeb), q=, page turned
12.08.2014 08:50:56,720 - INFO  - searcher identified --- respT: 16ms, 5397 results, web:(PSIWeb), q=, page turned
12.08.2014 08:51:29,683 - INFO  - searcher identified --- respT: 20ms, 5397 results, web:(PSIWeb), q=, page turned
12.08.2014 08:51:42,290 - INFO  - searcher identified --- respT: 17ms, 5397 results, web:(PSIWeb), q=, page turned
12.08.2014 08:51:55,956 - INFO  - searcher identified --- respT: 43ms, 5397 results, web:(PSIWeb), q=, page turned
12.08.2014 08:51:57,287 - INFO  - Watchdog has been checked: 0 passed
12.08.2014 08:52:41,540 - INFO  - searcher identified --- respT: 23ms, 22 results, web:(PSIWeb), q=hackday, 
12.08.2014 08:52:41,622 - INFO  - searcher identified --- respT: 23ms, 22 results, web:(PSIWeb), q=hackday, 
12.08.2014 08:53:57,273 - INFO  - Watchdog has been checked: 0 passed
12.08.2014 08:55:57,269 - INFO  - Watchdog has been checked: 0 passed
12.08.2014 08:57:57,282 - INFO  - Watchdog has been checked: 0 passed
12.08.2014 08:59:57,320 - INFO  - Watchdog has been checked: 0 passed
12.08.2014 09:01:57,264 - INFO  - Watchdog has been checked: 0 passed
12.08.2014 09:03:57,428 - INFO  - Watchdog has been checked: 0 passed
12.08.2014 09:05:57,308 - INFO  - Watchdog has been checked: 0 passed
12.08.2014 09:07:57,404 - INFO  - Watchdog has been checked: 0 passed
12.08.2014 09:09:57,390 - INFO  - Watchdog has been checked: 0 passed
12.08.2014 09:11:57,336 - INFO  - Watchdog has been checked: 0 passed
12.08.2014 09:13:57,279 - INFO  - Watchdog has been checked: 0 passed
12.08.2014 09:15:57,359 - INFO  - Watchdog has been checked: 0 passed
12.08.2014 09:17:57,441 - INFO  - Watchdog has been checked: 0 passed
12.08.2014 09:19:59,388 - INFO  - Watchdog has been checked: 0 passed
12.08.2014 09:21:59,216 - INFO  - Watchdog has been checked: 0 passed
12.08.2014 09:23:59,466 - INFO  - Watchdog has been checked: 0 passed
12.08.2014 09:25:59,437 - INFO  - Watchdog has been checked: 0 passed
12.08.2014 09:27:59,333 - INFO  - Watchdog has been checked: 0 passed
12.08.2014 09:29:59,326 - INFO  - Watchdog has been checked: 0 passed
12.08.2014 09:31:59,297 - INFO  - Watchdog has been checked: 0 passed
12.08.2014 09:33:59,519 - INFO  - Watchdog has been checked: 0 passed
12.08.2014 09:35:59,267 - INFO  - Watchdog has been checked: 0 passed
12.08.2014 09:37:59,366 - INFO  - Watchdog has been checked: 0 passed
12.08.2014 09:39:59,297 - INFO  - Watchdog has been checked: 0 passed
12.08.2014 09:41:59,304 - INFO  - Watchdog has been checked: 0 passed
12.08.2014 09:43:59,339 - INFO  - Watchdog has been checked: 0 passed
12.08.2014 09:45:59,145 - INFO  - Watchdog has been checked: 0 passed
12.08.2014 09:47:58,239 - INFO  - Watchdog has been checked: 0 passed
12.08.2014 09:49:58,192 - INFO  - Watchdog has been checked: 0 passed
12.08.2014 09:51:58,174 - INFO  - Watchdog has been checked: 0 passed
12.08.2014 09:53:58,148 - INFO  - Watchdog has been checked: 0 passed
12.08.2014 09:55:58,194 - INFO  - Watchdog has been checked: 0 passed
12.08.2014 09:57:58,048 - INFO  - Watchdog has been checked: 0 passed
12.08.2014 09:59:57,984 - INFO  - Watchdog has been checked: 0 passed
12.08.2014 10:01:57,017 - INFO  - Watchdog has been checked: 0 passed
12.08.2014 10:03:55,978 - INFO  - Watchdog has been checked: 0 passed
12.08.2014 10:05:55,030 - INFO  - Watchdog has been checked: 0 passed
12.08.2014 10:07:54,121 - INFO  - Watchdog has been checked: 0 passed
12.08.2014 10:09:53,130 - INFO  - Watchdog has been checked: 0 passed
12.08.2014 10:11:52,152 - INFO  - Watchdog has been checked: 0 passed
12.08.2014 10:13:51,149 - INFO  - Watchdog has been checked: 0 passed
12.08.2014 10:15:50,238 - INFO  - Watchdog has been checked: 0 passed
12.08.2014 10:17:50,072 - INFO  - Watchdog has been checked: 0 passed
12.08.2014 10:19:49,054 - INFO  - Watchdog has been checked: 0 passed
12.08.2014 10:21:48,318 - INFO  - Watchdog has been checked: 0 passed
12.08.2014 10:23:48,268 - INFO  - Watchdog has been checked: 0 passed
12.08.2014 10:25:48,405 - INFO  - Watchdog has been checked: 0 passed
12.08.2014 10:27:48,125 - INFO  - Watchdog has been checked: 0 passed
12.08.2014 10:29:47,128 - INFO  - Watchdog has been checked: 0 passed
12.08.2014 10:31:47,106 - INFO  - Watchdog has been checked: 0 passed
12.08.2014 10:33:47,155 - INFO  - Watchdog has been checked: 0 passed
12.08.2014 10:35:47,198 - INFO  - Watchdog has been checked: 0 passed
12.08.2014 10:37:47,325 - INFO  - Watchdog has been checked: 0 passed
12.08.2014 10:39:47,318 - INFO  - Watchdog has been checked: 0 passed
12.08.2014 10:41:47,256 - INFO  - Watchdog has been checked: 0 passed
12.08.2014 10:43:47,278 - INFO  - Watchdog has been checked: 0 passed
12.08.2014 10:45:47,296 - INFO  - Watchdog has been checked: 0 passed
12.08.2014 10:47:49,338 - INFO  - Watchdog has been checked: 0 passed
12.08.2014 10:49:49,181 - INFO  - Watchdog has been checked: 0 passed
12.08.2014 10:51:49,213 - INFO  - Watchdog has been checked: 0 passed
12.08.2014 10:53:49,270 - INFO  - Watchdog has been checked: 0 passed
12.08.2014 10:55:49,329 - INFO  - Watchdog has been checked: 0 passed
12.08.2014 10:57:49,290 - INFO  - Watchdog has been checked: 0 passed
12.08.2014 10:59:49,089 - INFO  - Watchdog has been checked: 0 passed
12.08.2014 11:01:49,376 - INFO  - Watchdog has been checked: 0 passed
12.08.2014 11:03:49,342 - INFO  - Watchdog has been checked: 0 passed
12.08.2014 11:05:49,176 - INFO  - Watchdog has been checked: 0 passed
12.08.2014 11:07:49,282 - INFO  - Watchdog has been checked: 0 passed
12.08.2014 11:09:49,318 - INFO  - Watchdog has been checked: 0 passed
12.08.2014 11:11:49,284 - INFO  - Watchdog has been checked: 0 passed
12.08.2014 11:13:49,334 - INFO  - Watchdog has been checked: 0 passed
12.08.2014 11:15:49,348 - INFO  - Watchdog has been checked: 0 passed
12.08.2014 11:17:49,178 - INFO  - Watchdog has been checked: 0 passed
12.08.2014 11:19:49,215 - INFO  - Watchdog has been checked: 0 passed
12.08.2014 11:21:49,169 - INFO  - Watchdog has been checked: 0 passed
12.08.2014 11:23:49,097 - INFO  - Watchdog has been checked: 0 passed
12.08.2014 11:25:49,173 - INFO  - Watchdog has been checked: 0 passed
12.08.2014 11:27:49,214 - INFO  - Watchdog has been checked: 0 passed
12.08.2014 11:29:49,278 - INFO  - Watchdog has been checked: 0 passed
12.08.2014 11:31:49,267 - INFO  - Watchdog has been checked: 0 passed
12.08.2014 11:33:49,301 - INFO  - Watchdog has been checked: 0 passed
12.08.2014 11:35:49,072 - INFO  - Watchdog has been checked: 0 passed
12.08.2014 11:37:48,167 - INFO  - Watchdog has been checked: 0 passed
12.08.2014 11:39:48,222 - INFO  - Watchdog has been checked: 0 passed
12.08.2014 11:41:48,039 - INFO  - Watchdog has been checked: 0 passed
12.08.2014 11:43:47,252 - INFO  - Watchdog has been checked: 0 passed
12.08.2014 11:45:47,263 - INFO  - Watchdog has been checked: 0 passed
12.08.2014 11:47:47,307 - INFO  - Watchdog has been checked: 0 passed
12.08.2014 11:49:49,310 - INFO  - Watchdog has been checked: 0 passed
12.08.2014 11:51:49,080 - INFO  - Watchdog has been checked: 0 passed
12.08.2014 11:53:48,038 - INFO  - Watchdog has been checked: 0 passed
12.08.2014 11:55:47,141 - INFO  - Watchdog has been checked: 0 passed
12.08.2014 11:57:46,167 - INFO  - Watchdog has been checked: 0 passed
12.08.2014 11:59:46,163 - INFO  - Watchdog has been checked: 0 passed
12.08.2014 12:01:46,060 - INFO  - Watchdog has been checked: 0 passed
12.08.2014 12:03:46,136 - INFO  - Watchdog has been checked: 0 passed
12.08.2014 12:05:46,264 - INFO  - Watchdog has been checked: 0 passed
12.08.2014 12:07:46,068 - INFO  - Watchdog has been checked: 0 passed
12.08.2014 12:09:49,339 - INFO  - Watchdog has been checked: 0 passed
12.08.2014 12:11:49,135 - INFO  - Watchdog has been checked: 0 passed
12.08.2014 12:13:49,121 - INFO  - Watchdog has been checked: 0 passed
12.08.2014 12:15:50,568 - INFO  - Watchdog has been checked: 0 passed
12.08.2014 12:17:50,122 - INFO  - Watchdog has been checked: 0 passed
12.08.2014 12:19:50,100 - INFO  - Watchdog has been checked: 0 passed
12.08.2014 12:21:50,142 - INFO  - Watchdog has been checked: 0 passed
12.08.2014 12:23:50,079 - INFO  - Watchdog has been checked: 0 passed
12.08.2014 12:25:50,170 - INFO  - Watchdog has been checked: 0 passed
12.08.2014 12:27:50,312 - INFO  - Watchdog has been checked: 0 passed
12.08.2014 12:29:50,172 - INFO  - Watchdog has been checked: 0 passed
12.08.2014 12:31:50,176 - INFO  - Watchdog has been checked: 0 passed
12.08.2014 12:33:50,061 - INFO  - Watchdog has been checked: 0 passed
12.08.2014 12:35:50,192 - INFO  - Watchdog has been checked: 0 passed
12.08.2014 12:37:50,112 - INFO  - Watchdog has been checked: 0 passed
12.08.2014 12:39:49,082 - INFO  - Watchdog has been checked: 0 passed
12.08.2014 12:41:48,271 - INFO  - Watchdog has been checked: 0 passed
12.08.2014 12:43:48,118 - INFO  - Watchdog has been checked: 0 passed
12.08.2014 12:45:47,128 - INFO  - Watchdog has been checked: 0 passed
12.08.2014 12:47:47,292 - INFO  - Watchdog has been checked: 0 passed
12.08.2014 12:49:47,259 - INFO  - Watchdog has been checked: 0 passed
12.08.2014 12:51:47,926 - INFO  - Watchdog has been checked: 0 passed
12.08.2014 12:53:47,303 - INFO  - Watchdog has been checked: 0 passed
12.08.2014 12:55:47,117 - INFO  - Watchdog has been checked: 0 passed
12.08.2014 12:57:47,268 - INFO  - Watchdog has been checked: 0 passed
12.08.2014 12:59:47,263 - INFO  - Watchdog has been checked: 0 passed
12.08.2014 13:01:47,304 - INFO  - Watchdog has been checked: 0 passed
12.08.2014 13:03:47,349 - INFO  - Watchdog has been checked: 0 passed
12.08.2014 13:05:47,367 - INFO  - Watchdog has been checked: 0 passed
12.08.2014 13:07:47,244 - INFO  - Watchdog has been checked: 0 passed
12.08.2014 13:09:47,233 - INFO  - Watchdog has been checked: 0 passed
12.08.2014 13:11:47,224 - INFO  - Watchdog has been checked: 0 passed
12.08.2014 13:13:47,232 - INFO  - Watchdog has been checked: 0 passed
12.08.2014 13:15:47,267 - INFO  - Watchdog has been checked: 0 passed
12.08.2014 13:17:47,135 - INFO  - Watchdog has been checked: 0 passed
12.08.2014 13:19:46,166 - INFO  - Watchdog has been checked: 0 passed
12.08.2014 13:21:46,154 - INFO  - Watchdog has been checked: 0 passed
12.08.2014 13:23:46,158 - INFO  - Watchdog has been checked: 0 passed
12.08.2014 13:25:46,220 - INFO  - Watchdog has been checked: 0 passed
12.08.2014 13:27:46,053 - INFO  - Watchdog has been checked: 0 passed
12.08.2014 13:29:45,140 - INFO  - Watchdog has been checked: 0 passed
12.08.2014 13:31:47,220 - INFO  - Watchdog has been checked: 0 passed
12.08.2014 13:33:47,013 - INFO  - Watchdog has been checked: 0 passed
12.08.2014 13:35:46,999 - INFO  - Watchdog has been checked: 0 passed
12.08.2014 13:37:45,891 - INFO  - Watchdog has been checked: 0 passed
12.08.2014 13:39:48,000 - INFO  - Watchdog has been checked: 0 passed
12.08.2014 13:41:47,907 - INFO  - Watchdog has been checked: 0 passed
12.08.2014 13:43:47,241 - INFO  - Watchdog has been checked: 0 passed
12.08.2014 13:45:47,052 - INFO  - Watchdog has been checked: 0 passed
12.08.2014 13:47:47,201 - INFO  - Watchdog has been checked: 0 passed
12.08.2014 13:49:47,204 - INFO  - Watchdog has been checked: 0 passed
12.08.2014 13:51:47,204 - INFO  - Watchdog has been checked: 0 passed
12.08.2014 13:53:48,745 - INFO  - Watchdog has been checked: 0 passed
12.08.2014 13:55:48,354 - INFO  - Watchdog has been checked: 0 passed
12.08.2014 13:57:48,153 - INFO  - Watchdog has been checked: 0 passed
12.08.2014 13:59:48,156 - INFO  - Watchdog has been checked: 0 passed
12.08.2014 14:01:48,264 - INFO  - Watchdog has been checked: 0 passed
12.08.2014 14:03:48,249 - INFO  - Watchdog has been checked: 0 passed
12.08.2014 14:05:48,382 - INFO  - Watchdog has been checked: 0 passed
12.08.2014 14:07:48,185 - INFO  - Watchdog has been checked: 0 passed
12.08.2014 14:09:48,215 - INFO  - Watchdog has been checked: 0 passed
12.08.2014 14:11:48,201 - INFO  - Watchdog has been checked: 0 passed
12.08.2014 14:13:48,267 - INFO  - Watchdog has been checked: 0 passed
12.08.2014 14:15:40,455 - INFO  - searcher identified --- respT: 35ms, 79218 results, q=, 
12.08.2014 14:15:48,338 - INFO  - Watchdog has been checked: 0 passed
12.08.2014 14:15:51,378 - INFO  - searcher identified --- respT: 19ms, 520 results, web:(PSIWeb.Intern), q=, 
12.08.2014 14:15:55,045 - INFO  - searcher identified --- respT: 15ms, 520 results, web:(PSIWeb.Intern), q=, 
12.08.2014 14:15:56,954 - INFO  - searcher identified --- respT: 17ms, 520 results, web:(PSIWeb.Intern), q=, 
12.08.2014 14:17:48,177 - INFO  - Watchdog has been checked: 0 passed
12.08.2014 14:19:48,216 - INFO  - Watchdog has been checked: 0 passed
12.08.2014 14:21:48,256 - INFO  - Watchdog has been checked: 0 passed
12.08.2014 14:23:48,242 - INFO  - Watchdog has been checked: 0 passed
12.08.2014 14:25:48,356 - INFO  - Watchdog has been checked: 0 passed
12.08.2014 14:25:49,064 - INFO  - searcher identified --- respT: 18ms, 524 results, web:(PSIWeb.Intern), q=, 
12.08.2014 14:27:48,206 - INFO  - Watchdog has been checked: 0 passed
12.08.2014 14:29:48,195 - INFO  - Watchdog has been checked: 0 passed
12.08.2014 14:31:48,281 - INFO  - Watchdog has been checked: 0 passed
12.08.2014 14:33:48,233 - INFO  - Watchdog has been checked: 0 passed
12.08.2014 14:35:48,349 - INFO  - Watchdog has been checked: 0 passed
12.08.2014 14:37:48,298 - INFO  - Watchdog has been checked: 0 passed
12.08.2014 14:39:48,182 - INFO  - Watchdog has been checked: 0 passed
12.08.2014 14:41:48,270 - INFO  - Watchdog has been checked: 0 passed
12.08.2014 14:43:48,195 - INFO  - Watchdog has been checked: 0 passed
12.08.2014 14:45:48,293 - INFO  - Watchdog has been checked: 0 passed
12.08.2014 14:47:48,440 - INFO  - Watchdog has been checked: 0 passed
12.08.2014 14:49:48,095 - INFO  - Watchdog has been checked: 0 passed
12.08.2014 14:51:48,124 - INFO  - Watchdog has been checked: 0 passed
12.08.2014 14:53:48,109 - INFO  - Watchdog has been checked: 0 passed
12.08.2014 14:55:49,165 - INFO  - Watchdog has been checked: 0 passed
12.08.2014 14:57:49,266 - INFO  - Watchdog has been checked: 0 passed
12.08.2014 14:59:49,215 - INFO  - Watchdog has been checked: 0 passed
12.08.2014 15:01:49,310 - INFO  - Watchdog has been checked: 0 passed
12.08.2014 15:03:49,218 - INFO  - Watchdog has been checked: 0 passed
12.08.2014 15:05:49,242 - INFO  - Watchdog has been checked: 0 passed
12.08.2014 15:07:49,134 - INFO  - Watchdog has been checked: 0 passed
12.08.2014 15:09:49,092 - INFO  - Watchdog has been checked: 0 passed
12.08.2014 15:11:49,126 - INFO  - Watchdog has been checked: 0 passed
12.08.2014 15:13:49,199 - INFO  - Watchdog has been checked: 0 passed
12.08.2014 15:15:49,198 - INFO  - Watchdog has been checked: 0 passed
12.08.2014 15:17:49,087 - INFO  - Watchdog has been checked: 0 passed
12.08.2014 15:19:49,230 - INFO  - Watchdog has been checked: 0 passed
12.08.2014 15:21:49,231 - INFO  - Watchdog has been checked: 0 passed
12.08.2014 15:23:49,280 - INFO  - Watchdog has been checked: 0 passed
12.08.2014 15:25:49,154 - INFO  - Watchdog has been checked: 0 passed
12.08.2014 15:27:49,292 - INFO  - Watchdog has been checked: 0 passed
12.08.2014 15:29:49,252 - INFO  - Watchdog has been checked: 0 passed
12.08.2014 15:31:49,233 - INFO  - Watchdog has been checked: 0 passed
12.08.2014 15:33:49,260 - INFO  - Watchdog has been checked: 0 passed
12.08.2014 15:35:49,248 - INFO  - Watchdog has been checked: 0 passed
12.08.2014 15:37:49,141 - INFO  - Watchdog has been checked: 0 passed
12.08.2014 15:39:49,141 - INFO  - Watchdog has been checked: 0 passed
12.08.2014 15:41:49,112 - INFO  - Watchdog has been checked: 0 passed
12.08.2014 15:43:49,184 - INFO  - Watchdog has been checked: 0 passed
12.08.2014 15:45:49,203 - INFO  - Watchdog has been checked: 0 passed
12.08.2014 15:47:49,337 - INFO  - Watchdog has been checked: 0 passed
12.08.2014 15:49:49,358 - INFO  - Watchdog has been checked: 0 passed
12.08.2014 15:51:49,343 - INFO  - Watchdog has been checked: 0 passed
12.08.2014 15:53:49,440 - INFO  - Watchdog has been checked: 0 passed
12.08.2014 15:55:49,174 - INFO  - Watchdog has been checked: 0 passed
12.08.2014 15:57:48,220 - INFO  - Watchdog has been checked: 0 passed
12.08.2014 15:59:48,230 - INFO  - Watchdog has been checked: 0 passed
12.08.2014 16:01:48,212 - INFO  - Watchdog has been checked: 0 passed
12.08.2014 16:03:48,218 - INFO  - Watchdog has been checked: 0 passed
12.08.2014 16:05:48,082 - INFO  - Watchdog has been checked: 0 passed
12.08.2014 16:07:47,162 - INFO  - Watchdog has been checked: 0 passed
12.08.2014 16:09:47,145 - INFO  - Watchdog has been checked: 0 passed
12.08.2014 16:11:47,167 - INFO  - Watchdog has been checked: 0 passed
12.08.2014 16:13:46,218 - INFO  - Watchdog has been checked: 0 passed
12.08.2014 16:15:46,103 - INFO  - Watchdog has been checked: 0 passed
12.08.2014 16:17:46,180 - INFO  - Watchdog has been checked: 0 passed
12.08.2014 16:19:46,231 - INFO  - Watchdog has been checked: 0 passed
12.08.2014 16:21:46,263 - INFO  - Watchdog has been checked: 0 passed
12.08.2014 16:23:46,255 - INFO  - Watchdog has been checked: 0 passed
12.08.2014 16:25:46,111 - INFO  - Watchdog has been checked: 0 passed
12.08.2014 16:27:46,143 - INFO  - Watchdog has been checked: 0 passed
12.08.2014 16:29:46,175 - INFO  - Watchdog has been checked: 0 passed
12.08.2014 16:31:46,168 - INFO  - Watchdog has been checked: 0 passed
12.08.2014 16:33:46,131 - INFO  - Watchdog has been checked: 0 passed
12.08.2014 16:35:46,312 - INFO  - Watchdog has been checked: 0 passed
12.08.2014 16:37:46,052 - INFO  - Watchdog has been checked: 0 passed
12.08.2014 16:39:46,078 - INFO  - Watchdog has been checked: 0 passed
12.08.2014 16:41:46,132 - INFO  - Watchdog has been checked: 0 passed
12.08.2014 16:43:46,051 - INFO  - Watchdog has been checked: 0 passed
12.08.2014 16:45:46,291 - INFO  - Watchdog has been checked: 0 passed
12.08.2014 16:47:46,043 - INFO  - Watchdog has been checked: 0 passed
12.08.2014 16:49:45,278 - INFO  - Watchdog has been checked: 0 passed
12.08.2014 16:51:45,296 - INFO  - Watchdog has been checked: 0 passed
12.08.2014 16:53:45,326 - INFO  - Watchdog has been checked: 0 passed
12.08.2014 16:55:45,374 - INFO  - Watchdog has been checked: 0 passed
12.08.2014 16:57:45,302 - INFO  - Watchdog has been checked: 0 passed
12.08.2014 16:59:49,246 - INFO  - Watchdog has been checked: 0 passed
12.08.2014 17:01:49,305 - INFO  - Watchdog has been checked: 0 passed
12.08.2014 17:03:49,278 - INFO  - Watchdog has been checked: 0 passed
12.08.2014 17:05:49,113 - INFO  - Watchdog has been checked: 0 passed
12.08.2014 17:07:48,297 - INFO  - Watchdog has been checked: 0 passed
12.08.2014 17:09:48,273 - INFO  - Watchdog has been checked: 0 passed
12.08.2014 17:11:48,315 - INFO  - Watchdog has been checked: 0 passed
12.08.2014 17:13:48,293 - INFO  - Watchdog has been checked: 0 passed
12.08.2014 17:15:48,353 - INFO  - Watchdog has been checked: 0 passed
12.08.2014 17:17:48,243 - INFO  - Watchdog has been checked: 0 passed
12.08.2014 17:19:48,393 - INFO  - Watchdog has been checked: 0 passed
12.08.2014 17:21:48,423 - INFO  - Watchdog has been checked: 0 passed
12.08.2014 17:23:48,397 - INFO  - Watchdog has been checked: 0 passed
12.08.2014 17:25:48,281 - INFO  - Watchdog has been checked: 0 passed
12.08.2014 17:27:47,356 - INFO  - Watchdog has been checked: 0 passed
12.08.2014 17:29:47,415 - INFO  - Watchdog has been checked: 0 passed
12.08.2014 17:31:47,427 - INFO  - Watchdog has been checked: 0 passed
12.08.2014 17:33:47,442 - INFO  - Watchdog has been checked: 0 passed
12.08.2014 17:35:47,418 - INFO  - Watchdog has been checked: 0 passed
12.08.2014 17:37:47,416 - INFO  - Watchdog has been checked: 0 passed
12.08.2014 17:39:47,333 - INFO  - Watchdog has been checked: 0 passed
12.08.2014 17:41:47,339 - INFO  - Watchdog has been checked: 0 passed
12.08.2014 17:43:47,374 - INFO  - Watchdog has been checked: 0 passed
12.08.2014 17:45:47,331 - INFO  - Watchdog has been checked: 0 passed
12.08.2014 17:47:47,456 - INFO  - Watchdog has been checked: 0 passed
12.08.2014 17:49:47,390 - INFO  - Watchdog has been checked: 0 passed
12.08.2014 17:51:47,348 - INFO  - Watchdog has been checked: 0 passed
12.08.2014 17:53:47,310 - INFO  - Watchdog has been checked: 0 passed
12.08.2014 17:55:47,352 - INFO  - Watchdog has been checked: 0 passed
12.08.2014 17:57:47,123 - INFO  - Watchdog has been checked: 0 passed
12.08.2014 17:59:47,081 - INFO  - Watchdog has been checked: 0 passed
12.08.2014 18:01:48,566 - INFO  - Watchdog has been checked: 0 passed
12.08.2014 18:03:48,020 - INFO  - Watchdog has been checked: 0 passed
12.08.2014 18:05:46,975 - INFO  - Watchdog has been checked: 0 passed
12.08.2014 18:07:46,087 - INFO  - Watchdog has been checked: 0 passed
12.08.2014 18:09:45,070 - INFO  - Watchdog has been checked: 0 passed
12.08.2014 18:11:45,019 - INFO  - Watchdog has been checked: 0 passed
12.08.2014 18:13:44,254 - INFO  - Watchdog has been checked: 0 passed
12.08.2014 18:15:44,223 - INFO  - Watchdog has been checked: 0 passed
12.08.2014 18:17:44,113 - INFO  - Watchdog has been checked: 0 passed
12.08.2014 18:19:43,055 - INFO  - Watchdog has been checked: 0 passed
12.08.2014 18:21:42,236 - INFO  - Watchdog has been checked: 0 passed
12.08.2014 18:23:42,222 - INFO  - Watchdog has been checked: 0 passed
12.08.2014 18:25:42,271 - INFO  - Watchdog has been checked: 0 passed
12.08.2014 18:27:42,171 - INFO  - Watchdog has been checked: 0 passed
12.08.2014 18:29:42,188 - INFO  - Watchdog has been checked: 0 passed
12.08.2014 18:31:42,169 - INFO  - Watchdog has been checked: 0 passed
12.08.2014 18:33:42,130 - INFO  - Watchdog has been checked: 0 passed
12.08.2014 18:35:41,132 - INFO  - Watchdog has been checked: 0 passed
12.08.2014 18:37:41,267 - INFO  - Watchdog has been checked: 0 passed
12.08.2014 18:39:41,331 - INFO  - Watchdog has been checked: 0 passed
12.08.2014 18:41:41,194 - INFO  - Watchdog has been checked: 0 passed
12.08.2014 18:43:41,185 - INFO  - Watchdog has been checked: 0 passed
12.08.2014 18:45:41,224 - INFO  - Watchdog has been checked: 0 passed
12.08.2014 18:47:41,327 - INFO  - Watchdog has been checked: 0 passed
12.08.2014 18:49:41,165 - INFO  - Watchdog has been checked: 0 passed
12.08.2014 18:51:41,335 - INFO  - Watchdog has been checked: 0 passed
12.08.2014 18:53:41,313 - INFO  - Watchdog has been checked: 0 passed
12.08.2014 18:55:41,362 - INFO  - Watchdog has been checked: 0 passed
12.08.2014 18:57:41,172 - INFO  - Watchdog has been checked: 0 passed
12.08.2014 18:59:41,138 - INFO  - Watchdog has been checked: 0 passed
12.08.2014 19:01:41,408 - INFO  - Watchdog has been checked: 0 passed
12.08.2014 19:03:41,339 - INFO  - Watchdog has been checked: 0 passed
12.08.2014 19:05:41,422 - INFO  - Watchdog has been checked: 0 passed
12.08.2014 19:07:41,187 - INFO  - Watchdog has been checked: 0 passed
12.08.2014 19:09:41,179 - INFO  - Watchdog has been checked: 0 passed
12.08.2014 19:11:41,199 - INFO  - Watchdog has been checked: 0 passed
12.08.2014 19:13:41,132 - INFO  - Watchdog has been checked: 0 passed
12.08.2014 19:15:41,208 - INFO  - Watchdog has been checked: 0 passed
12.08.2014 19:17:41,261 - INFO  - Watchdog has been checked: 0 passed
12.08.2014 19:19:41,085 - INFO  - Watchdog has been checked: 0 passed
12.08.2014 19:21:40,243 - INFO  - Watchdog has been checked: 0 passed
12.08.2014 19:23:40,184 - INFO  - Watchdog has been checked: 0 passed
12.08.2014 19:25:40,216 - INFO  - Watchdog has been checked: 0 passed
12.08.2014 19:27:40,147 - INFO  - Watchdog has been checked: 0 passed
12.08.2014 19:29:40,123 - INFO  - Watchdog has been checked: 0 passed
12.08.2014 19:31:40,153 - INFO  - Watchdog has been checked: 0 passed
12.08.2014 19:33:40,105 - INFO  - Watchdog has been checked: 0 passed
12.08.2014 19:35:40,194 - INFO  - Watchdog has been checked: 0 passed
12.08.2014 19:37:40,326 - INFO  - Watchdog has been checked: 0 passed
12.08.2014 19:39:40,266 - INFO  - Watchdog has been checked: 0 passed
12.08.2014 19:41:40,089 - INFO  - Watchdog has been checked: 0 passed
12.08.2014 19:43:40,236 - INFO  - Watchdog has been checked: 0 passed
12.08.2014 19:45:40,245 - INFO  - Watchdog has been checked: 0 passed
12.08.2014 19:47:40,112 - INFO  - Watchdog has been checked: 0 passed
12.08.2014 19:49:40,300 - INFO  - Watchdog has been checked: 0 passed
12.08.2014 19:51:40,315 - INFO  - Watchdog has been checked: 0 passed
12.08.2014 19:53:40,304 - INFO  - Watchdog has been checked: 0 passed
12.08.2014 19:55:40,285 - INFO  - Watchdog has been checked: 0 passed
12.08.2014 19:57:40,377 - INFO  - Watchdog has been checked: 0 passed
12.08.2014 19:59:40,328 - INFO  - Watchdog has been checked: 0 passed
12.08.2014 20:01:40,280 - INFO  - Watchdog has been checked: 0 passed
12.08.2014 20:03:40,253 - INFO  - Watchdog has been checked: 0 passed
12.08.2014 20:05:40,250 - INFO  - Watchdog has been checked: 0 passed
12.08.2014 20:07:40,455 - INFO  - Watchdog has been checked: 0 passed
12.08.2014 20:09:40,329 - INFO  - Watchdog has been checked: 0 passed
12.08.2014 20:11:40,276 - INFO  - Watchdog has been checked: 0 passed
12.08.2014 20:13:40,261 - INFO  - Watchdog has been checked: 0 passed
12.08.2014 20:15:40,269 - INFO  - Watchdog has been checked: 0 passed
12.08.2014 20:17:40,378 - INFO  - Watchdog has been checked: 0 passed
12.08.2014 20:19:40,341 - INFO  - Watchdog has been checked: 0 passed
12.08.2014 20:21:40,242 - INFO  - Watchdog has been checked: 0 passed
12.08.2014 20:23:40,228 - INFO  - Watchdog has been checked: 0 passed
12.08.2014 20:25:40,234 - INFO  - Watchdog has been checked: 0 passed
12.08.2014 20:27:40,111 - INFO  - Watchdog has been checked: 0 passed
12.08.2014 20:29:40,091 - INFO  - Watchdog has been checked: 0 passed
12.08.2014 20:31:40,032 - INFO  - Watchdog has been checked: 0 passed
12.08.2014 20:33:40,065 - INFO  - Watchdog has been checked: 0 passed
12.08.2014 20:35:39,380 - INFO  - Watchdog has been checked: 0 passed
12.08.2014 20:37:39,184 - INFO  - Watchdog has been checked: 0 passed
12.08.2014 20:39:39,214 - INFO  - Watchdog has been checked: 0 passed
12.08.2014 20:41:39,170 - INFO  - Watchdog has been checked: 0 passed
12.08.2014 20:43:39,206 - INFO  - Watchdog has been checked: 0 passed
12.08.2014 20:45:39,364 - INFO  - Watchdog has been checked: 0 passed
12.08.2014 20:47:39,058 - INFO  - Watchdog has been checked: 0 passed
12.08.2014 20:49:39,332 - INFO  - Watchdog has been checked: 0 passed
12.08.2014 20:51:39,348 - INFO  - Watchdog has been checked: 0 passed
12.08.2014 20:53:39,234 - INFO  - Watchdog has been checked: 0 passed
12.08.2014 20:55:39,465 - INFO  - Watchdog has been checked: 0 passed
12.08.2014 20:57:39,147 - INFO  - Watchdog has been checked: 0 passed
12.08.2014 20:59:38,168 - INFO  - Watchdog has been checked: 0 passed
12.08.2014 21:01:38,115 - INFO  - Watchdog has been checked: 0 passed
12.08.2014 21:03:37,348 - INFO  - Watchdog has been checked: 0 passed
12.08.2014 21:05:37,326 - INFO  - Watchdog has been checked: 0 passed
12.08.2014 21:07:37,210 - INFO  - Watchdog has been checked: 0 passed
12.08.2014 21:09:37,217 - INFO  - Watchdog has been checked: 0 passed
12.08.2014 21:11:37,130 - INFO  - Watchdog has been checked: 0 passed
12.08.2014 21:13:37,370 - INFO  - Watchdog has been checked: 0 passed
12.08.2014 21:15:37,374 - INFO  - Watchdog has been checked: 0 passed
12.08.2014 21:17:37,198 - INFO  - Watchdog has been checked: 0 passed
12.08.2014 21:19:37,183 - INFO  - Watchdog has been checked: 0 passed
12.08.2014 21:21:37,116 - INFO  - Watchdog has been checked: 0 passed
12.08.2014 21:23:36,067 - INFO  - Watchdog has been checked: 0 passed
12.08.2014 21:25:35,375 - INFO  - Watchdog has been checked: 0 passed
12.08.2014 21:27:35,196 - INFO  - Watchdog has been checked: 0 passed
12.08.2014 21:29:35,330 - INFO  - Watchdog has been checked: 0 passed
12.08.2014 21:31:35,311 - INFO  - Watchdog has been checked: 0 passed
12.08.2014 21:33:38,609 - INFO  - Watchdog has been checked: 0 passed
12.08.2014 21:35:38,287 - INFO  - Watchdog has been checked: 0 passed
12.08.2014 21:37:38,166 - INFO  - Watchdog has been checked: 0 passed
12.08.2014 21:39:38,082 - INFO  - Watchdog has been checked: 0 passed
12.08.2014 21:41:38,131 - INFO  - Watchdog has been checked: 0 passed
12.08.2014 21:43:38,251 - INFO  - Watchdog has been checked: 0 passed
12.08.2014 21:45:38,292 - INFO  - Watchdog has been checked: 0 passed
12.08.2014 21:47:38,097 - INFO  - Watchdog has been checked: 0 passed
12.08.2014 21:49:38,069 - INFO  - Watchdog has been checked: 0 passed
12.08.2014 21:51:38,104 - INFO  - Watchdog has been checked: 0 passed
12.08.2014 21:53:37,010 - INFO  - Watchdog has been checked: 0 passed
12.08.2014 21:55:37,015 - INFO  - Watchdog has been checked: 0 passed
12.08.2014 21:57:37,156 - INFO  - Watchdog has been checked: 0 passed
12.08.2014 21:59:37,181 - INFO  - Watchdog has been checked: 0 passed
12.08.2014 22:01:37,152 - INFO  - Watchdog has been checked: 0 passed
12.08.2014 22:03:37,321 - INFO  - Watchdog has been checked: 0 passed
12.08.2014 22:05:37,088 - INFO  - Watchdog has been checked: 0 passed
12.08.2014 22:07:37,245 - INFO  - Watchdog has been checked: 0 passed
12.08.2014 22:09:37,151 - INFO  - Watchdog has been checked: 0 passed
12.08.2014 22:11:37,158 - INFO  - Watchdog has been checked: 0 passed
12.08.2014 22:13:37,099 - INFO  - Watchdog has been checked: 0 passed
12.08.2014 22:15:37,132 - INFO  - Watchdog has been checked: 0 passed
12.08.2014 22:17:37,272 - INFO  - Watchdog has been checked: 0 passed
12.08.2014 22:19:37,265 - INFO  - Watchdog has been checked: 0 passed
12.08.2014 22:21:37,365 - INFO  - Watchdog has been checked: 0 passed
12.08.2014 22:23:37,254 - INFO  - Watchdog has been checked: 0 passed
12.08.2014 22:25:37,356 - INFO  - Watchdog has been checked: 0 passed
12.08.2014 22:27:37,147 - INFO  - Watchdog has been checked: 0 passed
12.08.2014 22:29:37,078 - INFO  - Watchdog has been checked: 0 passed
12.08.2014 22:31:36,215 - INFO  - Watchdog has been checked: 0 passed
12.08.2014 22:33:36,053 - INFO  - Watchdog has been checked: 0 passed
12.08.2014 22:35:38,481 - INFO  - Watchdog has been checked: 0 passed
12.08.2014 22:37:38,243 - INFO  - Watchdog has been checked: 0 passed
12.08.2014 22:39:38,229 - INFO  - Watchdog has been checked: 0 passed
12.08.2014 22:41:38,208 - INFO  - Watchdog has been checked: 0 passed
12.08.2014 22:43:37,195 - INFO  - Watchdog has been checked: 0 passed
12.08.2014 22:45:36,187 - INFO  - Watchdog has been checked: 0 passed
12.08.2014 22:47:35,336 - INFO  - Watchdog has been checked: 0 passed
12.08.2014 22:49:35,320 - INFO  - Watchdog has been checked: 0 passed
12.08.2014 22:51:35,285 - INFO  - Watchdog has been checked: 0 passed
12.08.2014 22:53:35,306 - INFO  - Watchdog has been checked: 0 passed
12.08.2014 22:55:35,491 - INFO  - Watchdog has been checked: 0 passed
12.08.2014 22:57:35,178 - INFO  - Watchdog has been checked: 0 passed
12.08.2014 22:59:34,353 - INFO  - Watchdog has been checked: 0 passed
12.08.2014 23:01:34,310 - INFO  - Watchdog has been checked: 0 passed
12.08.2014 23:03:34,314 - INFO  - Watchdog has been checked: 0 passed
12.08.2014 23:05:34,341 - INFO  - Watchdog has been checked: 0 passed
12.08.2014 23:07:34,224 - INFO  - Watchdog has been checked: 0 passed
12.08.2014 23:09:34,223 - INFO  - Watchdog has been checked: 0 passed
12.08.2014 23:11:34,195 - INFO  - Watchdog has been checked: 0 passed
12.08.2014 23:13:33,205 - INFO  - Watchdog has been checked: 0 passed
12.08.2014 23:15:33,208 - INFO  - Watchdog has been checked: 0 passed
12.08.2014 23:17:33,087 - INFO  - Watchdog has been checked: 0 passed
12.08.2014 23:19:33,371 - INFO  - Watchdog has been checked: 0 passed
12.08.2014 23:21:33,305 - INFO  - Watchdog has been checked: 0 passed
12.08.2014 23:23:33,279 - INFO  - Watchdog has been checked: 0 passed
12.08.2014 23:25:33,306 - INFO  - Watchdog has been checked: 0 passed
12.08.2014 23:27:33,137 - INFO  - Watchdog has been checked: 0 passed
12.08.2014 23:29:33,166 - INFO  - Watchdog has been checked: 0 passed
12.08.2014 23:31:33,125 - INFO  - Watchdog has been checked: 0 passed
12.08.2014 23:33:33,306 - INFO  - Watchdog has been checked: 0 passed
12.08.2014 23:35:33,357 - INFO  - Watchdog has been checked: 0 passed
12.08.2014 23:37:33,216 - INFO  - Watchdog has been checked: 0 passed
12.08.2014 23:39:33,208 - INFO  - Watchdog has been checked: 0 passed
12.08.2014 23:41:33,180 - INFO  - Watchdog has been checked: 0 passed
12.08.2014 23:43:33,127 - INFO  - Watchdog has been checked: 0 passed
12.08.2014 23:45:33,178 - INFO  - Watchdog has been checked: 0 passed
12.08.2014 23:47:33,299 - INFO  - Watchdog has been checked: 0 passed
12.08.2014 23:49:33,340 - INFO  - Watchdog has been checked: 0 passed
12.08.2014 23:51:33,313 - INFO  - Watchdog has been checked: 0 passed
12.08.2014 23:53:33,245 - INFO  - Watchdog has been checked: 0 passed
12.08.2014 23:55:33,125 - INFO  - Watchdog has been checked: 0 passed
12.08.2014 23:57:33,164 - INFO  - Watchdog has been checked: 0 passed
12.08.2014 23:59:33,147 - INFO  - Watchdog has been checked: 0 passed
