25.07.2014 00:01:18,200 - INFO  - Watchdog has been checked: 0 passed
25.07.2014 00:03:18,249 - INFO  - Watchdog has been checked: 0 passed
25.07.2014 00:05:18,270 - INFO  - Watchdog has been checked: 0 passed
25.07.2014 00:07:18,067 - INFO  - Watchdog has been checked: 0 passed
25.07.2014 00:09:17,106 - INFO  - Watchdog has been checked: 0 passed
25.07.2014 00:11:17,227 - INFO  - Watchdog has been checked: 0 passed
25.07.2014 00:13:17,274 - INFO  - Watchdog has been checked: 0 passed
25.07.2014 00:15:17,102 - INFO  - Watchdog has been checked: 0 passed
25.07.2014 00:17:17,134 - INFO  - Watchdog has been checked: 0 passed
25.07.2014 00:19:17,108 - INFO  - Watchdog has been checked: 0 passed
25.07.2014 00:21:17,231 - INFO  - Watchdog has been checked: 0 passed
25.07.2014 00:23:17,250 - INFO  - Watchdog has been checked: 0 passed
25.07.2014 00:25:17,092 - INFO  - Watchdog has been checked: 0 passed
25.07.2014 00:27:16,585 - INFO  - Watchdog has been checked: 0 passed
25.07.2014 00:29:16,202 - INFO  - Watchdog has been checked: 0 passed
25.07.2014 00:31:16,208 - INFO  - Watchdog has been checked: 0 passed
25.07.2014 00:33:16,258 - INFO  - Watchdog has been checked: 0 passed
25.07.2014 00:35:16,134 - INFO  - Watchdog has been checked: 0 passed
25.07.2014 00:37:16,153 - INFO  - Watchdog has been checked: 0 passed
25.07.2014 00:39:16,097 - INFO  - Watchdog has been checked: 0 passed
25.07.2014 00:41:16,235 - INFO  - Watchdog has been checked: 0 passed
25.07.2014 00:43:16,080 - INFO  - Watchdog has been checked: 0 passed
25.07.2014 00:45:16,136 - INFO  - Watchdog has been checked: 0 passed
25.07.2014 00:47:16,305 - INFO  - Watchdog has been checked: 0 passed
25.07.2014 00:49:16,217 - INFO  - Watchdog has been checked: 0 passed
25.07.2014 00:51:16,219 - INFO  - Watchdog has been checked: 0 passed
25.07.2014 00:53:16,323 - INFO  - Watchdog has been checked: 0 passed
25.07.2014 00:55:16,240 - INFO  - Watchdog has been checked: 0 passed
25.07.2014 00:57:16,374 - INFO  - Watchdog has been checked: 0 passed
25.07.2014 00:59:16,014 - INFO  - Watchdog has been checked: 0 passed
25.07.2014 01:01:16,172 - INFO  - Watchdog has been checked: 0 passed
25.07.2014 01:03:16,228 - INFO  - Watchdog has been checked: 0 passed
25.07.2014 01:05:16,270 - INFO  - Watchdog has been checked: 0 passed
25.07.2014 01:07:16,235 - INFO  - Watchdog has been checked: 0 passed
25.07.2014 01:09:16,312 - INFO  - Watchdog has been checked: 0 passed
25.07.2014 01:11:16,179 - INFO  - Watchdog has been checked: 0 passed
25.07.2014 01:13:16,208 - INFO  - Watchdog has been checked: 0 passed
25.07.2014 01:15:16,304 - INFO  - Watchdog has been checked: 0 passed
25.07.2014 01:17:16,095 - INFO  - Watchdog has been checked: 0 passed
25.07.2014 01:19:16,090 - INFO  - Watchdog has been checked: 0 passed
25.07.2014 01:21:16,232 - INFO  - Watchdog has been checked: 0 passed
25.07.2014 01:23:16,139 - INFO  - Watchdog has been checked: 0 passed
25.07.2014 01:25:16,128 - INFO  - Watchdog has been checked: 0 passed
25.07.2014 01:27:16,187 - INFO  - Watchdog has been checked: 0 passed
25.07.2014 01:29:16,192 - INFO  - Watchdog has been checked: 0 passed
25.07.2014 01:31:16,281 - INFO  - Watchdog has been checked: 0 passed
25.07.2014 01:33:16,183 - INFO  - Watchdog has been checked: 0 passed
25.07.2014 01:35:16,196 - INFO  - Watchdog has been checked: 0 passed
25.07.2014 01:37:16,289 - INFO  - Watchdog has been checked: 0 passed
25.07.2014 01:39:16,350 - INFO  - Watchdog has been checked: 0 passed
25.07.2014 01:41:16,216 - INFO  - Watchdog has been checked: 0 passed
25.07.2014 01:43:16,252 - INFO  - Watchdog has been checked: 0 passed
25.07.2014 01:45:16,053 - INFO  - Watchdog has been checked: 0 passed
25.07.2014 01:47:15,075 - INFO  - Watchdog has been checked: 0 passed
25.07.2014 01:49:15,159 - INFO  - Watchdog has been checked: 0 passed
25.07.2014 01:51:16,238 - INFO  - Watchdog has been checked: 0 passed
25.07.2014 01:53:16,122 - INFO  - Watchdog has been checked: 0 passed
25.07.2014 01:55:16,631 - INFO  - Watchdog has been checked: 0 passed
25.07.2014 01:57:16,135 - INFO  - Watchdog has been checked: 0 passed
25.07.2014 01:59:16,321 - INFO  - Watchdog has been checked: 0 passed
25.07.2014 02:01:16,176 - INFO  - Watchdog has been checked: 0 passed
25.07.2014 02:03:16,293 - INFO  - Watchdog has been checked: 0 passed
25.07.2014 02:05:16,237 - INFO  - Watchdog has been checked: 0 passed
25.07.2014 02:07:16,317 - INFO  - Watchdog has been checked: 0 passed
25.07.2014 02:09:16,274 - INFO  - Watchdog has been checked: 0 passed
25.07.2014 02:11:16,197 - INFO  - Watchdog has been checked: 0 passed
25.07.2014 02:13:16,375 - INFO  - Watchdog has been checked: 0 passed
25.07.2014 02:15:16,137 - INFO  - Watchdog has been checked: 0 passed
25.07.2014 02:17:16,171 - INFO  - Watchdog has been checked: 0 passed
25.07.2014 02:19:16,200 - INFO  - Watchdog has been checked: 0 passed
25.07.2014 02:21:16,312 - INFO  - Watchdog has been checked: 0 passed
25.07.2014 02:23:16,110 - INFO  - Watchdog has been checked: 0 passed
25.07.2014 02:25:16,150 - INFO  - Watchdog has been checked: 0 passed
25.07.2014 02:27:16,143 - INFO  - Watchdog has been checked: 0 passed
25.07.2014 02:29:16,185 - INFO  - Watchdog has been checked: 0 passed
25.07.2014 02:31:16,357 - INFO  - Watchdog has been checked: 0 passed
25.07.2014 02:33:16,201 - INFO  - Watchdog has been checked: 0 passed
25.07.2014 02:35:16,223 - INFO  - Watchdog has been checked: 0 passed
25.07.2014 02:37:16,098 - INFO  - Watchdog has been checked: 0 passed
25.07.2014 02:39:16,138 - INFO  - Watchdog has been checked: 0 passed
25.07.2014 02:41:16,256 - INFO  - Watchdog has been checked: 0 passed
25.07.2014 02:43:16,079 - INFO  - Watchdog has been checked: 0 passed
25.07.2014 02:45:16,143 - INFO  - Watchdog has been checked: 0 passed
25.07.2014 02:47:16,144 - INFO  - Watchdog has been checked: 0 passed
25.07.2014 02:49:16,172 - INFO  - Watchdog has been checked: 0 passed
25.07.2014 02:51:16,099 - INFO  - Watchdog has been checked: 0 passed
25.07.2014 02:53:16,187 - INFO  - Watchdog has been checked: 0 passed
25.07.2014 02:55:16,270 - INFO  - Watchdog has been checked: 0 passed
25.07.2014 02:57:16,966 - INFO  - Watchdog has been checked: 0 passed
25.07.2014 02:59:16,293 - INFO  - Watchdog has been checked: 0 passed
25.07.2014 03:01:16,172 - INFO  - Watchdog has been checked: 0 passed
25.07.2014 03:03:16,234 - INFO  - Watchdog has been checked: 0 passed
25.07.2014 03:05:16,289 - INFO  - Watchdog has been checked: 0 passed
25.07.2014 03:07:16,288 - INFO  - Watchdog has been checked: 0 passed
25.07.2014 03:09:16,106 - INFO  - Watchdog has been checked: 0 passed
25.07.2014 03:11:16,238 - INFO  - Watchdog has been checked: 0 passed
25.07.2014 03:13:16,103 - INFO  - Watchdog has been checked: 0 passed
25.07.2014 03:15:16,097 - INFO  - Watchdog has been checked: 0 passed
25.07.2014 03:17:16,119 - INFO  - Watchdog has been checked: 0 passed
25.07.2014 03:19:16,115 - INFO  - Watchdog has been checked: 0 passed
25.07.2014 03:21:15,983 - INFO  - Watchdog has been checked: 0 passed
25.07.2014 03:23:14,996 - INFO  - Watchdog has been checked: 0 passed
25.07.2014 03:25:13,984 - INFO  - Watchdog has been checked: 0 passed
25.07.2014 03:27:13,077 - INFO  - Watchdog has been checked: 0 passed
25.07.2014 03:29:12,008 - INFO  - Watchdog has been checked: 0 passed
25.07.2014 03:31:11,256 - INFO  - Watchdog has been checked: 0 passed
25.07.2014 03:33:11,217 - INFO  - Watchdog has been checked: 0 passed
25.07.2014 03:35:11,053 - INFO  - Watchdog has been checked: 0 passed
25.07.2014 03:37:10,044 - INFO  - Watchdog has been checked: 0 passed
25.07.2014 03:39:10,010 - INFO  - Watchdog has been checked: 0 passed
25.07.2014 03:41:10,137 - INFO  - Watchdog has been checked: 0 passed
25.07.2014 03:43:10,213 - INFO  - Watchdog has been checked: 0 passed
25.07.2014 03:45:10,067 - INFO  - Watchdog has been checked: 0 passed
25.07.2014 03:47:10,179 - INFO  - Watchdog has been checked: 0 passed
25.07.2014 03:49:10,162 - INFO  - Watchdog has been checked: 0 passed
25.07.2014 03:51:10,421 - INFO  - Watchdog has been checked: 0 passed
25.07.2014 03:53:10,115 - INFO  - Watchdog has been checked: 0 passed
25.07.2014 03:55:10,113 - INFO  - Watchdog has been checked: 0 passed
25.07.2014 03:57:10,218 - INFO  - Watchdog has been checked: 0 passed
25.07.2014 03:59:10,185 - INFO  - Watchdog has been checked: 0 passed
25.07.2014 04:01:10,466 - INFO  - Watchdog has been checked: 0 passed
25.07.2014 04:03:10,145 - INFO  - Watchdog has been checked: 0 passed
25.07.2014 04:05:10,248 - INFO  - Watchdog has been checked: 0 passed
25.07.2014 04:07:09,269 - INFO  - Watchdog has been checked: 0 passed
25.07.2014 04:09:09,235 - INFO  - Watchdog has been checked: 0 passed
25.07.2014 04:11:09,351 - INFO  - Watchdog has been checked: 0 passed
25.07.2014 04:13:09,274 - INFO  - Watchdog has been checked: 0 passed
25.07.2014 04:15:09,184 - INFO  - Watchdog has been checked: 0 passed
25.07.2014 04:17:09,214 - INFO  - Watchdog has been checked: 0 passed
25.07.2014 04:19:09,239 - INFO  - Watchdog has been checked: 0 passed
25.07.2014 04:21:09,341 - INFO  - Watchdog has been checked: 0 passed
25.07.2014 04:23:09,216 - INFO  - Watchdog has been checked: 0 passed
25.07.2014 04:25:09,225 - INFO  - Watchdog has been checked: 0 passed
25.07.2014 04:27:09,268 - INFO  - Watchdog has been checked: 0 passed
25.07.2014 04:29:09,316 - INFO  - Watchdog has been checked: 0 passed
25.07.2014 04:31:09,409 - INFO  - Watchdog has been checked: 0 passed
25.07.2014 04:33:09,346 - INFO  - Watchdog has been checked: 0 passed
25.07.2014 04:35:09,261 - INFO  - Watchdog has been checked: 0 passed
25.07.2014 04:37:09,274 - INFO  - Watchdog has been checked: 0 passed
25.07.2014 04:39:09,080 - INFO  - Watchdog has been checked: 0 passed
25.07.2014 04:41:09,157 - INFO  - Watchdog has been checked: 0 passed
25.07.2014 04:43:09,036 - INFO  - Watchdog has been checked: 0 passed
25.07.2014 04:45:07,953 - INFO  - Watchdog has been checked: 0 passed
25.07.2014 04:47:06,942 - INFO  - Watchdog has been checked: 0 passed
25.07.2014 04:49:05,995 - INFO  - Watchdog has been checked: 0 passed
25.07.2014 04:51:05,132 - INFO  - Watchdog has been checked: 0 passed
25.07.2014 04:53:05,171 - INFO  - Watchdog has been checked: 0 passed
25.07.2014 04:55:05,160 - INFO  - Watchdog has been checked: 0 passed
25.07.2014 04:57:04,959 - INFO  - Watchdog has been checked: 0 passed
25.07.2014 04:59:03,988 - INFO  - Watchdog has been checked: 0 passed
25.07.2014 05:01:03,085 - INFO  - Watchdog has been checked: 0 passed
25.07.2014 05:03:03,178 - INFO  - Watchdog has been checked: 0 passed
25.07.2014 05:05:03,155 - INFO  - Watchdog has been checked: 0 passed
25.07.2014 05:07:03,174 - INFO  - Watchdog has been checked: 0 passed
25.07.2014 05:09:03,017 - INFO  - Watchdog has been checked: 0 passed
25.07.2014 05:11:02,183 - INFO  - Watchdog has been checked: 0 passed
25.07.2014 05:13:02,226 - INFO  - Watchdog has been checked: 0 passed
25.07.2014 05:15:02,226 - INFO  - Watchdog has been checked: 0 passed
25.07.2014 05:17:02,237 - INFO  - Watchdog has been checked: 0 passed
25.07.2014 05:19:02,300 - INFO  - Watchdog has been checked: 0 passed
25.07.2014 05:21:02,138 - INFO  - Watchdog has been checked: 0 passed
25.07.2014 05:23:02,214 - INFO  - Watchdog has been checked: 0 passed
25.07.2014 05:25:02,260 - INFO  - Watchdog has been checked: 0 passed
25.07.2014 05:27:02,376 - INFO  - Watchdog has been checked: 0 passed
25.07.2014 05:29:02,166 - INFO  - Watchdog has been checked: 0 passed
25.07.2014 05:31:02,244 - INFO  - Watchdog has been checked: 0 passed
25.07.2014 05:33:02,267 - INFO  - Watchdog has been checked: 0 passed
25.07.2014 05:35:02,402 - INFO  - Watchdog has been checked: 0 passed
25.07.2014 05:37:02,103 - INFO  - Watchdog has been checked: 0 passed
25.07.2014 05:39:02,304 - INFO  - Watchdog has been checked: 0 passed
25.07.2014 05:41:02,132 - INFO  - Watchdog has been checked: 0 passed
25.07.2014 05:43:02,296 - INFO  - Watchdog has been checked: 0 passed
25.07.2014 05:45:02,353 - INFO  - Watchdog has been checked: 0 passed
25.07.2014 05:47:02,405 - INFO  - Watchdog has been checked: 0 passed
25.07.2014 05:49:02,156 - INFO  - Watchdog has been checked: 0 passed
25.07.2014 05:51:02,307 - INFO  - Watchdog has been checked: 0 passed
25.07.2014 05:53:02,394 - INFO  - Watchdog has been checked: 0 passed
25.07.2014 05:55:02,346 - INFO  - Watchdog has been checked: 0 passed
25.07.2014 05:57:02,173 - INFO  - Watchdog has been checked: 0 passed
25.07.2014 05:59:02,190 - INFO  - Watchdog has been checked: 0 passed
25.07.2014 06:01:02,137 - INFO  - Watchdog has been checked: 0 passed
25.07.2014 06:03:02,183 - INFO  - Watchdog has been checked: 0 passed
25.07.2014 06:05:02,181 - INFO  - Watchdog has been checked: 0 passed
25.07.2014 06:07:02,264 - INFO  - Watchdog has been checked: 0 passed
25.07.2014 06:09:02,296 - INFO  - Watchdog has been checked: 0 passed
25.07.2014 06:11:02,171 - INFO  - Watchdog has been checked: 0 passed
25.07.2014 06:13:02,208 - INFO  - Watchdog has been checked: 0 passed
25.07.2014 06:15:01,868 - INFO  - mapping file sync started
25.07.2014 06:15:02,384 - INFO  - file successfully updated
25.07.2014 06:17:02,086 - INFO  - Watchdog has been checked: 0 passed
25.07.2014 06:19:01,060 - INFO  - Watchdog has been checked: 0 passed
25.07.2014 06:21:00,196 - INFO  - Watchdog has been checked: 0 passed
25.07.2014 06:23:00,256 - INFO  - Watchdog has been checked: 0 passed
25.07.2014 06:25:00,224 - INFO  - Watchdog has been checked: 0 passed
25.07.2014 06:27:00,303 - INFO  - Watchdog has been checked: 0 passed
25.07.2014 06:29:00,098 - INFO  - Watchdog has been checked: 0 passed
25.07.2014 06:30:59,189 - INFO  - Watchdog has been checked: 0 passed
25.07.2014 06:32:59,240 - INFO  - Watchdog has been checked: 0 passed
25.07.2014 06:34:59,202 - INFO  - Watchdog has been checked: 0 passed
25.07.2014 06:36:59,266 - INFO  - Watchdog has been checked: 0 passed
25.07.2014 06:38:59,060 - INFO  - Watchdog has been checked: 0 passed
25.07.2014 06:40:58,188 - INFO  - Watchdog has been checked: 0 passed
25.07.2014 06:42:58,257 - INFO  - Watchdog has been checked: 0 passed
25.07.2014 06:44:58,207 - INFO  - Watchdog has been checked: 0 passed
25.07.2014 06:46:58,277 - INFO  - Watchdog has been checked: 0 passed
25.07.2014 06:48:58,277 - INFO  - Watchdog has been checked: 0 passed
25.07.2014 06:50:58,146 - INFO  - Watchdog has been checked: 0 passed
25.07.2014 06:52:57,205 - INFO  - Watchdog has been checked: 0 passed
25.07.2014 06:54:57,195 - INFO  - Watchdog has been checked: 0 passed
25.07.2014 06:56:57,292 - INFO  - Watchdog has been checked: 0 passed
25.07.2014 06:58:57,330 - INFO  - Watchdog has been checked: 0 passed
25.07.2014 07:00:57,174 - INFO  - Watchdog has been checked: 0 passed
25.07.2014 07:02:57,231 - INFO  - Watchdog has been checked: 0 passed
25.07.2014 07:04:57,205 - INFO  - Watchdog has been checked: 0 passed
25.07.2014 07:06:57,285 - INFO  - Watchdog has been checked: 0 passed
25.07.2014 07:08:57,350 - INFO  - Watchdog has been checked: 0 passed
25.07.2014 07:10:57,253 - INFO  - Watchdog has been checked: 0 passed
25.07.2014 07:12:57,299 - INFO  - Watchdog has been checked: 0 passed
25.07.2014 07:14:57,306 - INFO  - Watchdog has been checked: 0 passed
25.07.2014 07:15:01,675 - INFO  - mapping file sync started
25.07.2014 07:15:02,209 - INFO  - file successfully updated
25.07.2014 07:16:57,313 - INFO  - Watchdog has been checked: 0 passed
25.07.2014 07:18:57,098 - INFO  - Watchdog has been checked: 0 passed
25.07.2014 07:20:57,146 - INFO  - Watchdog has been checked: 0 passed
25.07.2014 07:22:57,218 - INFO  - Watchdog has been checked: 0 passed
25.07.2014 07:24:57,213 - INFO  - Watchdog has been checked: 0 passed
25.07.2014 07:26:57,230 - INFO  - Watchdog has been checked: 0 passed
25.07.2014 07:28:57,006 - INFO  - Watchdog has been checked: 0 passed
25.07.2014 07:30:56,133 - INFO  - Watchdog has been checked: 0 passed
25.07.2014 07:32:56,149 - INFO  - Watchdog has been checked: 0 passed
25.07.2014 07:34:56,134 - INFO  - Watchdog has been checked: 0 passed
25.07.2014 07:36:55,986 - INFO  - Watchdog has been checked: 0 passed
25.07.2014 07:38:55,052 - INFO  - Watchdog has been checked: 0 passed
25.07.2014 07:40:54,122 - INFO  - Watchdog has been checked: 0 passed
25.07.2014 07:42:54,188 - INFO  - Watchdog has been checked: 0 passed
25.07.2014 07:44:54,199 - INFO  - Watchdog has been checked: 0 passed
25.07.2014 07:46:54,069 - INFO  - Watchdog has been checked: 0 passed
25.07.2014 07:48:53,113 - INFO  - Watchdog has been checked: 0 passed
25.07.2014 07:50:53,293 - INFO  - Watchdog has been checked: 0 passed
25.07.2014 07:52:53,240 - INFO  - Watchdog has been checked: 0 passed
25.07.2014 07:54:52,984 - INFO  - Watchdog has been checked: 0 passed
25.07.2014 07:56:52,053 - INFO  - Watchdog has been checked: 0 passed
25.07.2014 07:58:51,074 - INFO  - Watchdog has been checked: 0 passed
25.07.2014 08:00:50,345 - INFO  - Watchdog has been checked: 0 passed
25.07.2014 08:02:50,247 - INFO  - Watchdog has been checked: 0 passed
25.07.2014 08:04:50,122 - INFO  - Watchdog has been checked: 0 passed
25.07.2014 08:06:50,239 - INFO  - Watchdog has been checked: 0 passed
25.07.2014 08:08:50,256 - INFO  - Watchdog has been checked: 0 passed
25.07.2014 08:10:50,171 - INFO  - Watchdog has been checked: 0 passed
25.07.2014 08:12:49,235 - INFO  - Watchdog has been checked: 0 passed
25.07.2014 08:14:49,269 - INFO  - Watchdog has been checked: 0 passed
25.07.2014 08:16:49,316 - INFO  - Watchdog has been checked: 0 passed
25.07.2014 08:18:49,290 - INFO  - Watchdog has been checked: 0 passed
25.07.2014 08:20:49,341 - INFO  - Watchdog has been checked: 0 passed
25.07.2014 08:22:49,094 - INFO  - Watchdog has been checked: 0 passed
25.07.2014 08:24:49,109 - INFO  - Watchdog has been checked: 0 passed
25.07.2014 08:26:49,248 - INFO  - Watchdog has been checked: 0 passed
25.07.2014 08:28:49,235 - INFO  - Watchdog has been checked: 0 passed
25.07.2014 08:30:49,158 - INFO  - Watchdog has been checked: 0 passed
25.07.2014 08:32:49,165 - INFO  - Watchdog has been checked: 0 passed
25.07.2014 08:34:49,187 - INFO  - Watchdog has been checked: 0 passed
25.07.2014 08:36:49,224 - INFO  - Watchdog has been checked: 0 passed
25.07.2014 08:38:49,257 - INFO  - Watchdog has been checked: 0 passed
25.07.2014 08:40:49,193 - INFO  - Watchdog has been checked: 0 passed
25.07.2014 08:42:49,219 - INFO  - Watchdog has been checked: 0 passed
25.07.2014 08:44:49,219 - INFO  - Watchdog has been checked: 0 passed
25.07.2014 08:46:49,282 - INFO  - Watchdog has been checked: 0 passed
25.07.2014 08:48:49,276 - INFO  - Watchdog has been checked: 0 passed
25.07.2014 08:50:49,199 - INFO  - Watchdog has been checked: 0 passed
25.07.2014 08:52:49,292 - INFO  - Watchdog has been checked: 0 passed
25.07.2014 08:54:49,210 - INFO  - Watchdog has been checked: 0 passed
25.07.2014 08:56:49,066 - INFO  - Watchdog has been checked: 0 passed
25.07.2014 08:58:48,326 - INFO  - Watchdog has been checked: 0 passed
25.07.2014 09:00:48,210 - INFO  - Watchdog has been checked: 0 passed
25.07.2014 09:02:48,276 - INFO  - Watchdog has been checked: 0 passed
25.07.2014 09:04:48,325 - INFO  - Watchdog has been checked: 0 passed
25.07.2014 09:06:48,239 - INFO  - Watchdog has been checked: 0 passed
25.07.2014 09:08:48,233 - INFO  - Watchdog has been checked: 0 passed
25.07.2014 09:10:48,363 - INFO  - Watchdog has been checked: 0 passed
25.07.2014 09:12:48,108 - INFO  - Watchdog has been checked: 0 passed
25.07.2014 09:14:47,111 - INFO  - Watchdog has been checked: 0 passed
25.07.2014 09:16:46,213 - INFO  - Watchdog has been checked: 0 passed
25.07.2014 09:18:46,297 - INFO  - Watchdog has been checked: 0 passed
25.07.2014 09:20:46,337 - INFO  - Watchdog has been checked: 0 passed
25.07.2014 09:22:46,180 - INFO  - Watchdog has been checked: 0 passed
25.07.2014 09:24:46,112 - INFO  - Watchdog has been checked: 0 passed
25.07.2014 09:26:46,178 - INFO  - Watchdog has been checked: 0 passed
25.07.2014 09:28:46,246 - INFO  - Watchdog has been checked: 0 passed
25.07.2014 09:30:46,315 - INFO  - Watchdog has been checked: 0 passed
25.07.2014 09:32:46,133 - INFO  - Watchdog has been checked: 0 passed
25.07.2014 09:34:46,107 - INFO  - Watchdog has been checked: 0 passed
25.07.2014 09:36:45,194 - INFO  - Watchdog has been checked: 0 passed
25.07.2014 09:38:45,156 - INFO  - Watchdog has been checked: 0 passed
25.07.2014 09:40:45,259 - INFO  - Watchdog has been checked: 0 passed
25.07.2014 09:42:45,341 - INFO  - Watchdog has been checked: 0 passed
25.07.2014 09:44:45,070 - INFO  - Watchdog has been checked: 0 passed
25.07.2014 09:46:45,157 - INFO  - Watchdog has been checked: 0 passed
25.07.2014 09:48:45,219 - INFO  - Watchdog has been checked: 0 passed
25.07.2014 09:50:44,974 - INFO  - Watchdog has been checked: 0 passed
25.07.2014 09:52:44,128 - INFO  - Watchdog has been checked: 0 passed
25.07.2014 09:54:44,213 - INFO  - Watchdog has been checked: 0 passed
25.07.2014 09:56:43,985 - INFO  - Watchdog has been checked: 0 passed
25.07.2014 09:58:43,107 - INFO  - Watchdog has been checked: 0 passed
25.07.2014 10:00:43,204 - INFO  - Watchdog has been checked: 0 passed
25.07.2014 10:02:43,016 - INFO  - Watchdog has been checked: 0 passed
25.07.2014 10:04:43,064 - INFO  - Watchdog has been checked: 0 passed
25.07.2014 10:06:43,134 - INFO  - Watchdog has been checked: 0 passed
25.07.2014 10:08:42,994 - INFO  - Watchdog has been checked: 0 passed
25.07.2014 10:10:43,163 - INFO  - Watchdog has been checked: 0 passed
25.07.2014 10:12:43,010 - INFO  - Watchdog has been checked: 0 passed
25.07.2014 10:14:43,065 - INFO  - Watchdog has been checked: 0 passed
25.07.2014 10:15:40,496 - ERROR - unknown wikiuser
25.07.2014 10:15:40,593 - INFO  - searcher anonymous --- respT: 27ms, 28248 results, q=, 
25.07.2014 10:15:44,189 - ERROR - unknown wikiuser
25.07.2014 10:15:44,253 - INFO  - searcher anonymous --- respT: 24ms, 10 results, q=gitorious, 
25.07.2014 10:15:44,750 - ERROR - unknown wikiuser
25.07.2014 10:15:44,810 - INFO  - searcher anonymous --- respT: 22ms, 10 results, q=gitorious, 
25.07.2014 10:16:43,131 - INFO  - Watchdog has been checked: 0 passed
25.07.2014 10:18:43,206 - INFO  - Watchdog has been checked: 0 passed
25.07.2014 10:20:43,149 - INFO  - Watchdog has been checked: 0 passed
25.07.2014 10:22:43,339 - INFO  - Watchdog has been checked: 0 passed
25.07.2014 10:24:43,062 - INFO  - Watchdog has been checked: 0 passed
25.07.2014 10:26:46,129 - INFO  - Watchdog has been checked: 0 passed
25.07.2014 10:28:46,280 - INFO  - Watchdog has been checked: 0 passed
25.07.2014 10:30:46,180 - INFO  - Watchdog has been checked: 0 passed
25.07.2014 10:32:46,298 - INFO  - Watchdog has been checked: 0 passed
25.07.2014 10:34:46,301 - INFO  - Watchdog has been checked: 0 passed
25.07.2014 10:36:46,107 - INFO  - Watchdog has been checked: 0 passed
25.07.2014 10:38:46,334 - INFO  - Watchdog has been checked: 0 passed
25.07.2014 10:40:46,238 - INFO  - Watchdog has been checked: 0 passed
25.07.2014 10:42:46,306 - INFO  - Watchdog has been checked: 0 passed
25.07.2014 10:44:46,358 - INFO  - Watchdog has been checked: 0 passed
25.07.2014 10:46:46,181 - INFO  - Watchdog has been checked: 0 passed
25.07.2014 10:48:46,265 - INFO  - Watchdog has been checked: 0 passed
25.07.2014 10:50:46,214 - INFO  - Watchdog has been checked: 0 passed
25.07.2014 10:52:46,348 - INFO  - Watchdog has been checked: 0 passed
25.07.2014 10:54:46,424 - INFO  - Watchdog has been checked: 0 passed
25.07.2014 10:56:46,231 - INFO  - Watchdog has been checked: 0 passed
25.07.2014 10:58:46,338 - INFO  - Watchdog has been checked: 0 passed
25.07.2014 11:00:46,309 - INFO  - Watchdog has been checked: 0 passed
25.07.2014 11:02:46,327 - INFO  - Watchdog has been checked: 0 passed
25.07.2014 11:04:46,319 - INFO  - Watchdog has been checked: 0 passed
25.07.2014 11:06:46,401 - INFO  - Watchdog has been checked: 0 passed
25.07.2014 11:08:46,243 - INFO  - Watchdog has been checked: 0 passed
25.07.2014 11:10:46,407 - INFO  - Watchdog has been checked: 0 passed
25.07.2014 11:12:46,212 - INFO  - Watchdog has been checked: 0 passed
25.07.2014 11:14:46,233 - INFO  - Watchdog has been checked: 0 passed
25.07.2014 11:16:46,387 - INFO  - Watchdog has been checked: 0 passed
25.07.2014 11:18:46,141 - INFO  - Watchdog has been checked: 0 passed
25.07.2014 11:20:46,298 - INFO  - Watchdog has been checked: 0 passed
25.07.2014 11:22:46,204 - INFO  - Watchdog has been checked: 0 passed
25.07.2014 11:24:46,052 - INFO  - Watchdog has been checked: 0 passed
25.07.2014 11:26:46,104 - INFO  - Watchdog has been checked: 0 passed
25.07.2014 11:28:46,213 - INFO  - Watchdog has been checked: 0 passed
25.07.2014 11:30:46,306 - INFO  - Watchdog has been checked: 0 passed
25.07.2014 11:32:46,017 - INFO  - Watchdog has been checked: 0 passed
25.07.2014 11:34:46,118 - INFO  - Watchdog has been checked: 0 passed
25.07.2014 11:36:46,145 - INFO  - Watchdog has been checked: 0 passed
25.07.2014 11:38:45,986 - INFO  - Watchdog has been checked: 0 passed
25.07.2014 11:40:46,201 - INFO  - Watchdog has been checked: 0 passed
25.07.2014 11:42:46,003 - INFO  - Watchdog has been checked: 0 passed
25.07.2014 11:44:46,088 - INFO  - Watchdog has been checked: 0 passed
25.07.2014 11:46:46,122 - INFO  - Watchdog has been checked: 0 passed
25.07.2014 11:48:46,189 - INFO  - Watchdog has been checked: 0 passed
25.07.2014 11:50:46,149 - INFO  - Watchdog has been checked: 0 passed
25.07.2014 11:52:46,176 - INFO  - Watchdog has been checked: 0 passed
25.07.2014 11:54:46,359 - INFO  - Watchdog has been checked: 0 passed
25.07.2014 11:56:46,230 - INFO  - Watchdog has been checked: 0 passed
25.07.2014 11:58:46,058 - INFO  - Watchdog has been checked: 0 passed
25.07.2014 12:00:46,053 - INFO  - Watchdog has been checked: 0 passed
25.07.2014 12:02:46,172 - INFO  - Watchdog has been checked: 0 passed
25.07.2014 12:04:46,361 - INFO  - Watchdog has been checked: 0 passed
25.07.2014 12:06:46,194 - INFO  - Watchdog has been checked: 0 passed
25.07.2014 12:08:46,248 - INFO  - Watchdog has been checked: 0 passed
25.07.2014 12:10:46,151 - INFO  - Watchdog has been checked: 0 passed
25.07.2014 12:12:46,275 - INFO  - Watchdog has been checked: 0 passed
25.07.2014 12:14:46,371 - INFO  - Watchdog has been checked: 0 passed
25.07.2014 12:16:46,179 - INFO  - Watchdog has been checked: 0 passed
25.07.2014 12:17:21,668 - INFO  - searcher identified --- respT: 15ms, 693 results, q=nis, 
25.07.2014 12:17:21,743 - INFO  - searcher identified --- respT: 63ms, 84783 results, q=, 
25.07.2014 12:18:46,197 - INFO  - Watchdog has been checked: 0 passed
25.07.2014 12:19:25,110 - INFO  - searcher identified --- respT: 60ms, 84783 results, q=, 
25.07.2014 12:19:30,828 - INFO  - searcher identified --- respT: 15ms, 693 results, q=nis, 
25.07.2014 12:19:32,863 - INFO  - searcher identified --- respT: 15ms, 693 results, q=nis, 
25.07.2014 12:20:46,114 - INFO  - Watchdog has been checked: 0 passed
25.07.2014 12:22:36,310 - INFO  - searcher identified --- respT: 16ms, 693 results, q=nis, page turned
25.07.2014 12:22:45,131 - INFO  - Watchdog has been checked: 0 passed
25.07.2014 12:24:44,130 - INFO  - Watchdog has been checked: 0 passed
25.07.2014 12:26:44,494 - INFO  - Watchdog has been checked: 0 passed
25.07.2014 12:28:44,210 - INFO  - Watchdog has been checked: 0 passed
25.07.2014 12:30:44,118 - INFO  - Watchdog has been checked: 0 passed
25.07.2014 12:32:43,193 - INFO  - Watchdog has been checked: 0 passed
25.07.2014 12:34:43,209 - INFO  - Watchdog has been checked: 0 passed
25.07.2014 12:36:43,063 - INFO  - Watchdog has been checked: 0 passed
25.07.2014 12:38:42,128 - INFO  - Watchdog has been checked: 0 passed
25.07.2014 12:40:41,264 - INFO  - Watchdog has been checked: 0 passed
25.07.2014 12:42:41,108 - INFO  - Watchdog has been checked: 0 passed
25.07.2014 12:44:41,126 - INFO  - Watchdog has been checked: 0 passed
25.07.2014 12:46:40,237 - INFO  - Watchdog has been checked: 0 passed
25.07.2014 12:48:40,075 - INFO  - Watchdog has been checked: 0 passed
25.07.2014 12:50:39,241 - INFO  - Watchdog has been checked: 0 passed
25.07.2014 12:52:39,345 - INFO  - Watchdog has been checked: 0 passed
25.07.2014 12:54:39,281 - INFO  - Watchdog has been checked: 0 passed
25.07.2014 12:56:39,110 - INFO  - Watchdog has been checked: 0 passed
25.07.2014 12:58:39,138 - INFO  - Watchdog has been checked: 0 passed
25.07.2014 13:00:39,126 - INFO  - Watchdog has been checked: 0 passed
25.07.2014 13:02:39,180 - INFO  - Watchdog has been checked: 0 passed
25.07.2014 13:04:39,263 - INFO  - Watchdog has been checked: 0 passed
25.07.2014 13:06:39,113 - INFO  - Watchdog has been checked: 0 passed
25.07.2014 13:08:39,219 - INFO  - Watchdog has been checked: 0 passed
25.07.2014 13:10:39,121 - INFO  - Watchdog has been checked: 0 passed
25.07.2014 13:12:39,167 - INFO  - Watchdog has been checked: 0 passed
25.07.2014 13:14:39,259 - INFO  - Watchdog has been checked: 0 passed
25.07.2014 13:16:39,297 - INFO  - Watchdog has been checked: 0 passed
25.07.2014 13:18:39,126 - INFO  - Watchdog has been checked: 0 passed
25.07.2014 13:20:39,025 - INFO  - Watchdog has been checked: 0 passed
25.07.2014 13:22:39,078 - INFO  - Watchdog has been checked: 0 passed
25.07.2014 13:24:39,229 - INFO  - Watchdog has been checked: 0 passed
25.07.2014 13:26:39,084 - INFO  - Watchdog has been checked: 0 passed
25.07.2014 13:28:39,131 - INFO  - Watchdog has been checked: 0 passed
25.07.2014 13:30:39,041 - INFO  - Watchdog has been checked: 0 passed
25.07.2014 13:32:39,247 - INFO  - Watchdog has been checked: 0 passed
25.07.2014 13:34:39,245 - INFO  - Watchdog has been checked: 0 passed
25.07.2014 13:36:39,149 - INFO  - Watchdog has been checked: 0 passed
25.07.2014 13:38:39,235 - INFO  - Watchdog has been checked: 0 passed
25.07.2014 13:39:58,788 - INFO  - searcher identified --- respT: 28ms, 5318 results, web:(PSIWeb), q=, 
25.07.2014 13:40:07,009 - INFO  - searcher identified --- respT: 47ms, 27 results, web:(PSIWeb), q=NIS, 
25.07.2014 13:40:39,127 - INFO  - Watchdog has been checked: 0 passed
25.07.2014 13:42:39,119 - INFO  - Watchdog has been checked: 0 passed
25.07.2014 13:44:39,267 - INFO  - Watchdog has been checked: 0 passed
25.07.2014 13:46:38,981 - INFO  - Watchdog has been checked: 0 passed
25.07.2014 13:48:38,088 - INFO  - Watchdog has been checked: 0 passed
25.07.2014 13:50:37,292 - INFO  - Watchdog has been checked: 0 passed
25.07.2014 13:52:37,083 - INFO  - Watchdog has been checked: 0 passed
25.07.2014 13:54:39,233 - INFO  - Watchdog has been checked: 0 passed
25.07.2014 13:56:39,251 - INFO  - Watchdog has been checked: 0 passed
25.07.2014 13:58:39,153 - INFO  - Watchdog has been checked: 0 passed
25.07.2014 14:00:38,299 - INFO  - Watchdog has been checked: 0 passed
25.07.2014 14:02:38,103 - INFO  - Watchdog has been checked: 0 passed
25.07.2014 14:04:38,206 - INFO  - Watchdog has been checked: 0 passed
25.07.2014 14:06:37,130 - INFO  - Watchdog has been checked: 0 passed
25.07.2014 14:08:37,305 - INFO  - Watchdog has been checked: 0 passed
25.07.2014 14:10:37,176 - INFO  - Watchdog has been checked: 0 passed
25.07.2014 14:12:36,239 - INFO  - Watchdog has been checked: 0 passed
25.07.2014 14:14:36,231 - INFO  - Watchdog has been checked: 0 passed
25.07.2014 14:16:36,126 - INFO  - Watchdog has been checked: 0 passed
25.07.2014 14:18:36,139 - INFO  - Watchdog has been checked: 0 passed
25.07.2014 14:20:35,254 - INFO  - Watchdog has been checked: 0 passed
25.07.2014 14:22:35,124 - INFO  - Watchdog has been checked: 0 passed
25.07.2014 14:22:43,155 - INFO  - searcher identified --- respT: 81ms, 51313 results, q=, 
25.07.2014 14:22:47,022 - INFO  - searcher identified --- respT: 13ms, 1 results, q=lohnkonto, 
25.07.2014 14:22:47,466 - INFO  - searcher identified --- respT: 12ms, 1 results, q=lohnkonto, 
25.07.2014 14:24:35,184 - INFO  - Watchdog has been checked: 0 passed
25.07.2014 14:26:35,226 - INFO  - Watchdog has been checked: 0 passed
25.07.2014 14:28:34,989 - INFO  - Watchdog has been checked: 0 passed
25.07.2014 14:30:34,262 - INFO  - Watchdog has been checked: 0 passed
25.07.2014 14:31:48,010 - INFO  - searcher identified --- respT: 50ms, 5318 results, web:(PSIWeb), q=, 
25.07.2014 14:31:51,251 - INFO  - searcher identified --- respT: 37ms, 219 results, web:(PSIWeb), q=tests, 
25.07.2014 14:32:03,655 - INFO  - searcher identified --- respT: 16ms, no results, web:(PSIWeb), q=tests alfrsco, 
25.07.2014 14:32:05,626 - INFO  - searcher identified --- respT: 62ms, 206 results, q=tests alfr, 
25.07.2014 14:32:07,144 - INFO  - searcher identified --- respT: 58ms, 191 results, q=tests alfresco, 
25.07.2014 14:32:19,826 - INFO  - searcher identified --- respT: 30ms, 1855 results, q=alfresco, 
25.07.2014 14:32:27,066 - INFO  - searcher identified --- respT: 18ms, 412 results, web:(PSIWeb), q=alfresco, 
25.07.2014 14:32:34,296 - INFO  - Watchdog has been checked: 0 passed
25.07.2014 14:32:38,603 - INFO  - searcher identified --- respT: 25ms, 412 results, web:(PSIWeb), q=alfresco, page turned
25.07.2014 14:33:23,561 - INFO  - searcher identified --- respT: 24ms, 35 results, web:(PSIWeb), q=isenegger, 
25.07.2014 14:33:27,401 - INFO  - searcher identified --- respT: 35ms, 6 results, web:(PSIWeb), q=isenegger vogt, 
25.07.2014 14:33:33,077 - INFO  - searcher identified --- respT: 20ms, 3 results, type:topic, web:(PSIWeb), q=isenegger vogt, 
25.07.2014 14:33:39,216 - INFO  - searcher identified --- respT: 22ms, 1479 results, type:topic, web:(PSIWeb), q=schaub, 
25.07.2014 14:33:42,498 - INFO  - searcher identified --- respT: 22ms, 41 results, type:topic, web:(PSIWeb), q=schaub thomas, 
25.07.2014 14:34:34,264 - INFO  - Watchdog has been checked: 0 passed
25.07.2014 14:36:34,173 - INFO  - Watchdog has been checked: 0 passed
25.07.2014 14:38:34,214 - INFO  - Watchdog has been checked: 0 passed
25.07.2014 14:40:34,163 - INFO  - Watchdog has been checked: 0 passed
25.07.2014 14:42:34,157 - INFO  - Watchdog has been checked: 0 passed
25.07.2014 14:44:34,103 - INFO  - Watchdog has been checked: 0 passed
25.07.2014 14:46:34,199 - INFO  - Watchdog has been checked: 0 passed
25.07.2014 14:48:33,986 - INFO  - Watchdog has been checked: 0 passed
25.07.2014 14:50:33,128 - INFO  - Watchdog has been checked: 0 passed
25.07.2014 14:52:33,143 - INFO  - Watchdog has been checked: 0 passed
25.07.2014 14:54:33,075 - INFO  - Watchdog has been checked: 0 passed
25.07.2014 14:56:32,138 - INFO  - Watchdog has been checked: 0 passed
25.07.2014 14:58:32,201 - INFO  - Watchdog has been checked: 0 passed
25.07.2014 15:00:32,108 - INFO  - Watchdog has been checked: 0 passed
25.07.2014 15:02:32,002 - INFO  - Watchdog has been checked: 0 passed
25.07.2014 15:04:31,227 - INFO  - Watchdog has been checked: 0 passed
25.07.2014 15:06:31,098 - INFO  - Watchdog has been checked: 0 passed
25.07.2014 15:08:31,145 - INFO  - Watchdog has been checked: 0 passed
25.07.2014 15:10:31,034 - INFO  - Watchdog has been checked: 0 passed
25.07.2014 15:12:31,249 - INFO  - Watchdog has been checked: 0 passed
25.07.2014 15:14:31,211 - INFO  - Watchdog has been checked: 0 passed
25.07.2014 15:16:31,076 - INFO  - Watchdog has been checked: 0 passed
25.07.2014 15:18:31,123 - INFO  - Watchdog has been checked: 0 passed
25.07.2014 15:20:31,038 - INFO  - Watchdog has been checked: 0 passed
25.07.2014 15:22:31,100 - INFO  - Watchdog has been checked: 0 passed
25.07.2014 15:24:31,117 - INFO  - Watchdog has been checked: 0 passed
25.07.2014 15:26:31,242 - INFO  - Watchdog has been checked: 0 passed
25.07.2014 15:28:31,180 - INFO  - Watchdog has been checked: 0 passed
25.07.2014 15:30:31,171 - INFO  - Watchdog has been checked: 0 passed
25.07.2014 15:32:31,226 - INFO  - Watchdog has been checked: 0 passed
25.07.2014 15:34:31,304 - INFO  - Watchdog has been checked: 0 passed
25.07.2014 15:36:31,225 - INFO  - Watchdog has been checked: 0 passed
25.07.2014 15:38:31,342 - INFO  - Watchdog has been checked: 0 passed
25.07.2014 15:40:31,259 - INFO  - Watchdog has been checked: 0 passed
25.07.2014 15:42:31,319 - INFO  - Watchdog has been checked: 0 passed
25.07.2014 15:44:31,350 - INFO  - Watchdog has been checked: 0 passed
25.07.2014 15:46:31,212 - INFO  - Watchdog has been checked: 0 passed
25.07.2014 15:48:31,344 - INFO  - Watchdog has been checked: 0 passed
25.07.2014 15:50:31,437 - INFO  - Watchdog has been checked: 0 passed
25.07.2014 15:52:31,264 - INFO  - Watchdog has been checked: 0 passed
25.07.2014 15:54:31,256 - INFO  - Watchdog has been checked: 0 passed
25.07.2014 15:56:31,137 - INFO  - Watchdog has been checked: 0 passed
25.07.2014 15:58:31,203 - INFO  - Watchdog has been checked: 0 passed
25.07.2014 16:00:31,381 - INFO  - Watchdog has been checked: 0 passed
25.07.2014 16:02:31,170 - INFO  - Watchdog has been checked: 0 passed
25.07.2014 16:04:31,197 - INFO  - Watchdog has been checked: 0 passed
25.07.2014 16:06:31,048 - INFO  - Watchdog has been checked: 0 passed
25.07.2014 16:08:30,098 - INFO  - Watchdog has been checked: 0 passed
25.07.2014 16:10:30,150 - INFO  - Watchdog has been checked: 0 passed
25.07.2014 16:12:30,082 - INFO  - Watchdog has been checked: 0 passed
25.07.2014 16:14:30,108 - INFO  - Watchdog has been checked: 0 passed
25.07.2014 16:16:30,204 - INFO  - Watchdog has been checked: 0 passed
25.07.2014 16:18:30,267 - INFO  - Watchdog has been checked: 0 passed
25.07.2014 16:20:30,157 - INFO  - Watchdog has been checked: 0 passed
25.07.2014 16:22:30,182 - INFO  - Watchdog has been checked: 0 passed
25.07.2014 16:24:30,220 - INFO  - Watchdog has been checked: 0 passed
25.07.2014 16:26:30,107 - INFO  - Watchdog has been checked: 0 passed
25.07.2014 16:28:30,124 - INFO  - Watchdog has been checked: 0 passed
25.07.2014 16:30:30,052 - INFO  - Watchdog has been checked: 0 passed
25.07.2014 16:32:29,302 - INFO  - Watchdog has been checked: 0 passed
25.07.2014 16:34:29,062 - INFO  - Watchdog has been checked: 0 passed
25.07.2014 16:36:28,219 - INFO  - Watchdog has been checked: 0 passed
25.07.2014 16:38:28,282 - INFO  - Watchdog has been checked: 0 passed
25.07.2014 16:40:28,232 - INFO  - Watchdog has been checked: 0 passed
25.07.2014 16:42:28,277 - INFO  - Watchdog has been checked: 0 passed
25.07.2014 16:44:28,339 - INFO  - Watchdog has been checked: 0 passed
25.07.2014 16:46:28,165 - INFO  - Watchdog has been checked: 0 passed
25.07.2014 16:48:28,181 - INFO  - Watchdog has been checked: 0 passed
25.07.2014 16:50:28,191 - INFO  - Watchdog has been checked: 0 passed
25.07.2014 16:52:28,125 - INFO  - Watchdog has been checked: 0 passed
25.07.2014 16:54:28,156 - INFO  - Watchdog has been checked: 0 passed
25.07.2014 16:56:28,363 - INFO  - Watchdog has been checked: 0 passed
25.07.2014 16:58:28,151 - INFO  - Watchdog has been checked: 0 passed
25.07.2014 17:00:28,300 - INFO  - Watchdog has been checked: 0 passed
25.07.2014 17:02:28,144 - INFO  - Watchdog has been checked: 0 passed
25.07.2014 17:04:28,161 - INFO  - Watchdog has been checked: 0 passed
25.07.2014 17:06:28,302 - INFO  - Watchdog has been checked: 0 passed
25.07.2014 17:08:28,274 - INFO  - Watchdog has been checked: 0 passed
25.07.2014 17:10:28,219 - INFO  - Watchdog has been checked: 0 passed
25.07.2014 17:12:28,095 - INFO  - Watchdog has been checked: 0 passed
25.07.2014 17:14:28,266 - INFO  - Watchdog has been checked: 0 passed
25.07.2014 17:16:28,146 - INFO  - Watchdog has been checked: 0 passed
25.07.2014 17:18:28,136 - INFO  - Watchdog has been checked: 0 passed
25.07.2014 17:20:28,006 - INFO  - Watchdog has been checked: 0 passed
25.07.2014 17:22:27,088 - INFO  - Watchdog has been checked: 0 passed
25.07.2014 17:24:26,950 - INFO  - Watchdog has been checked: 0 passed
25.07.2014 17:26:30,160 - INFO  - Watchdog has been checked: 0 passed
25.07.2014 17:28:29,997 - INFO  - Watchdog has been checked: 0 passed
25.07.2014 17:30:29,146 - INFO  - Watchdog has been checked: 0 passed
25.07.2014 17:32:29,251 - INFO  - Watchdog has been checked: 0 passed
25.07.2014 17:34:29,593 - INFO  - Watchdog has been checked: 0 passed
25.07.2014 17:36:29,050 - INFO  - Watchdog has been checked: 0 passed
25.07.2014 17:38:28,132 - INFO  - Watchdog has been checked: 0 passed
25.07.2014 17:40:28,013 - INFO  - Watchdog has been checked: 0 passed
25.07.2014 17:42:28,199 - INFO  - Watchdog has been checked: 0 passed
25.07.2014 17:44:28,159 - INFO  - Watchdog has been checked: 0 passed
25.07.2014 17:46:28,064 - INFO  - Watchdog has been checked: 0 passed
25.07.2014 17:48:27,153 - INFO  - Watchdog has been checked: 0 passed
25.07.2014 17:50:27,044 - INFO  - Watchdog has been checked: 0 passed
25.07.2014 17:52:27,173 - INFO  - Watchdog has been checked: 0 passed
25.07.2014 17:54:27,135 - INFO  - Watchdog has been checked: 0 passed
25.07.2014 17:56:27,249 - INFO  - Watchdog has been checked: 0 passed
25.07.2014 17:58:27,322 - INFO  - Watchdog has been checked: 0 passed
25.07.2014 18:00:27,178 - INFO  - Watchdog has been checked: 0 passed
25.07.2014 18:02:27,277 - INFO  - Watchdog has been checked: 0 passed
25.07.2014 18:04:27,290 - INFO  - Watchdog has been checked: 0 passed
25.07.2014 18:06:27,794 - INFO  - Watchdog has been checked: 0 passed
25.07.2014 18:08:27,258 - INFO  - Watchdog has been checked: 0 passed
25.07.2014 18:10:27,130 - INFO  - Watchdog has been checked: 0 passed
25.07.2014 18:12:27,231 - INFO  - Watchdog has been checked: 0 passed
25.07.2014 18:14:27,299 - INFO  - Watchdog has been checked: 0 passed
25.07.2014 18:16:27,098 - INFO  - Watchdog has been checked: 0 passed
25.07.2014 18:18:27,154 - INFO  - Watchdog has been checked: 0 passed
25.07.2014 18:20:27,055 - INFO  - Watchdog has been checked: 0 passed
25.07.2014 18:22:27,079 - INFO  - Watchdog has been checked: 0 passed
25.07.2014 18:24:27,128 - INFO  - Watchdog has been checked: 0 passed
25.07.2014 18:26:26,970 - INFO  - Watchdog has been checked: 0 passed
25.07.2014 18:28:29,107 - INFO  - Watchdog has been checked: 0 passed
25.07.2014 18:30:29,041 - INFO  - Watchdog has been checked: 0 passed
25.07.2014 18:32:28,084 - INFO  - Watchdog has been checked: 0 passed
25.07.2014 18:34:28,112 - INFO  - Watchdog has been checked: 0 passed
25.07.2014 18:36:28,776 - INFO  - Watchdog has been checked: 0 passed
25.07.2014 18:38:28,017 - INFO  - Watchdog has been checked: 0 passed
25.07.2014 18:40:28,194 - INFO  - Watchdog has been checked: 0 passed
25.07.2014 18:42:28,211 - INFO  - Watchdog has been checked: 0 passed
25.07.2014 18:44:27,991 - INFO  - Watchdog has been checked: 0 passed
25.07.2014 18:46:27,076 - INFO  - Watchdog has been checked: 0 passed
25.07.2014 18:48:26,113 - INFO  - Watchdog has been checked: 0 passed
25.07.2014 18:50:26,133 - INFO  - Watchdog has been checked: 0 passed
25.07.2014 18:52:26,160 - INFO  - Watchdog has been checked: 0 passed
25.07.2014 18:54:26,208 - INFO  - Watchdog has been checked: 0 passed
25.07.2014 18:56:26,313 - INFO  - Watchdog has been checked: 0 passed
25.07.2014 18:58:26,097 - INFO  - Watchdog has been checked: 0 passed
25.07.2014 19:00:25,258 - INFO  - Watchdog has been checked: 0 passed
25.07.2014 19:02:25,088 - INFO  - Watchdog has been checked: 0 passed
25.07.2014 19:04:24,125 - INFO  - Watchdog has been checked: 0 passed
25.07.2014 19:06:24,284 - INFO  - Watchdog has been checked: 0 passed
25.07.2014 19:08:24,050 - INFO  - Watchdog has been checked: 0 passed
25.07.2014 19:10:23,251 - INFO  - Watchdog has been checked: 0 passed
25.07.2014 19:12:23,293 - INFO  - Watchdog has been checked: 0 passed
25.07.2014 19:14:23,297 - INFO  - Watchdog has been checked: 0 passed
25.07.2014 19:16:23,217 - INFO  - Watchdog has been checked: 0 passed
25.07.2014 19:18:23,218 - INFO  - Watchdog has been checked: 0 passed
25.07.2014 19:20:23,162 - INFO  - Watchdog has been checked: 0 passed
25.07.2014 19:22:23,202 - INFO  - Watchdog has been checked: 0 passed
25.07.2014 19:24:23,185 - INFO  - Watchdog has been checked: 0 passed
25.07.2014 19:26:23,136 - INFO  - Watchdog has been checked: 0 passed
25.07.2014 19:28:23,176 - INFO  - Watchdog has been checked: 0 passed
25.07.2014 19:30:23,301 - INFO  - Watchdog has been checked: 0 passed
25.07.2014 19:32:23,087 - INFO  - Watchdog has been checked: 0 passed
25.07.2014 19:34:23,085 - INFO  - Watchdog has been checked: 0 passed
25.07.2014 19:36:23,267 - INFO  - Watchdog has been checked: 0 passed
25.07.2014 19:38:23,266 - INFO  - Watchdog has been checked: 0 passed
25.07.2014 19:40:23,139 - INFO  - Watchdog has been checked: 0 passed
25.07.2014 19:42:23,225 - INFO  - Watchdog has been checked: 0 passed
25.07.2014 19:44:23,193 - INFO  - Watchdog has been checked: 0 passed
25.07.2014 19:46:23,161 - INFO  - Watchdog has been checked: 0 passed
25.07.2014 19:48:23,184 - INFO  - Watchdog has been checked: 0 passed
25.07.2014 19:50:23,089 - INFO  - Watchdog has been checked: 0 passed
25.07.2014 19:52:23,186 - INFO  - Watchdog has been checked: 0 passed
25.07.2014 19:54:23,194 - INFO  - Watchdog has been checked: 0 passed
25.07.2014 19:56:23,334 - INFO  - Watchdog has been checked: 0 passed
25.07.2014 19:58:23,073 - INFO  - Watchdog has been checked: 0 passed
25.07.2014 20:00:23,217 - INFO  - Watchdog has been checked: 0 passed
25.07.2014 20:02:23,340 - INFO  - Watchdog has been checked: 0 passed
25.07.2014 20:04:23,313 - INFO  - Watchdog has been checked: 0 passed
25.07.2014 20:06:23,232 - INFO  - Watchdog has been checked: 0 passed
25.07.2014 20:08:23,406 - INFO  - Watchdog has been checked: 0 passed
25.07.2014 20:10:23,158 - INFO  - Watchdog has been checked: 0 passed
25.07.2014 20:12:23,213 - INFO  - Watchdog has been checked: 0 passed
25.07.2014 20:14:23,278 - INFO  - Watchdog has been checked: 0 passed
25.07.2014 20:16:23,051 - INFO  - Watchdog has been checked: 0 passed
25.07.2014 20:18:23,232 - INFO  - Watchdog has been checked: 0 passed
25.07.2014 20:20:23,310 - INFO  - Watchdog has been checked: 0 passed
25.07.2014 20:22:23,132 - INFO  - Watchdog has been checked: 0 passed
25.07.2014 20:24:23,115 - INFO  - Watchdog has been checked: 0 passed
25.07.2014 20:26:23,306 - INFO  - Watchdog has been checked: 0 passed
25.07.2014 20:28:23,343 - INFO  - Watchdog has been checked: 0 passed
25.07.2014 20:30:23,199 - INFO  - Watchdog has been checked: 0 passed
25.07.2014 20:32:23,230 - INFO  - Watchdog has been checked: 0 passed
25.07.2014 20:34:23,192 - INFO  - Watchdog has been checked: 0 passed
25.07.2014 20:36:23,085 - INFO  - Watchdog has been checked: 0 passed
25.07.2014 20:38:23,190 - INFO  - Watchdog has been checked: 0 passed
25.07.2014 20:40:23,340 - INFO  - Watchdog has been checked: 0 passed
25.07.2014 20:42:23,091 - INFO  - Watchdog has been checked: 0 passed
25.07.2014 20:44:23,151 - INFO  - Watchdog has been checked: 0 passed
25.07.2014 20:46:23,026 - INFO  - Watchdog has been checked: 0 passed
25.07.2014 20:48:22,060 - INFO  - Watchdog has been checked: 0 passed
25.07.2014 20:50:21,981 - INFO  - Watchdog has been checked: 0 passed
25.07.2014 20:52:20,956 - INFO  - Watchdog has been checked: 0 passed
25.07.2014 20:54:20,004 - INFO  - Watchdog has been checked: 0 passed
25.07.2014 20:56:18,860 - INFO  - Watchdog has been checked: 0 passed
25.07.2014 20:58:18,867 - INFO  - Watchdog has been checked: 0 passed
25.07.2014 21:00:17,928 - INFO  - Watchdog has been checked: 0 passed
25.07.2014 21:02:17,002 - INFO  - Watchdog has been checked: 0 passed
25.07.2014 21:04:16,308 - INFO  - Watchdog has been checked: 0 passed
25.07.2014 21:06:16,204 - INFO  - Watchdog has been checked: 0 passed
25.07.2014 21:08:16,246 - INFO  - Watchdog has been checked: 0 passed
25.07.2014 21:10:16,268 - INFO  - Watchdog has been checked: 0 passed
25.07.2014 21:12:16,332 - INFO  - Watchdog has been checked: 0 passed
25.07.2014 21:14:16,238 - INFO  - Watchdog has been checked: 0 passed
25.07.2014 21:16:16,127 - INFO  - Watchdog has been checked: 0 passed
25.07.2014 21:18:16,139 - INFO  - Watchdog has been checked: 0 passed
25.07.2014 21:20:16,463 - INFO  - Watchdog has been checked: 0 passed
25.07.2014 21:22:16,427 - INFO  - Watchdog has been checked: 0 passed
25.07.2014 21:24:16,232 - INFO  - Watchdog has been checked: 0 passed
25.07.2014 21:26:16,376 - INFO  - Watchdog has been checked: 0 passed
25.07.2014 21:28:16,121 - INFO  - Watchdog has been checked: 0 passed
25.07.2014 21:30:15,265 - INFO  - Watchdog has been checked: 0 passed
25.07.2014 21:32:15,246 - INFO  - Watchdog has been checked: 0 passed
25.07.2014 21:34:15,252 - INFO  - Watchdog has been checked: 0 passed
25.07.2014 21:36:15,358 - INFO  - Watchdog has been checked: 0 passed
25.07.2014 21:38:15,245 - INFO  - Watchdog has been checked: 0 passed
25.07.2014 21:40:15,164 - INFO  - Watchdog has been checked: 0 passed
25.07.2014 21:42:15,224 - INFO  - Watchdog has been checked: 0 passed
25.07.2014 21:44:15,199 - INFO  - Watchdog has been checked: 0 passed
25.07.2014 21:46:15,184 - INFO  - Watchdog has been checked: 0 passed
25.07.2014 21:48:15,191 - INFO  - Watchdog has been checked: 0 passed
25.07.2014 21:50:15,159 - INFO  - Watchdog has been checked: 0 passed
25.07.2014 21:52:14,130 - INFO  - Watchdog has been checked: 0 passed
25.07.2014 21:54:14,140 - INFO  - Watchdog has been checked: 0 passed
25.07.2014 21:56:13,065 - INFO  - Watchdog has been checked: 0 passed
25.07.2014 21:58:13,127 - INFO  - Watchdog has been checked: 0 passed
25.07.2014 22:00:13,319 - INFO  - Watchdog has been checked: 0 passed
25.07.2014 22:02:13,174 - INFO  - Watchdog has been checked: 0 passed
25.07.2014 22:04:13,131 - INFO  - Watchdog has been checked: 0 passed
25.07.2014 22:06:13,356 - INFO  - Watchdog has been checked: 0 passed
25.07.2014 22:08:13,102 - INFO  - Watchdog has been checked: 0 passed
25.07.2014 22:10:12,257 - INFO  - Watchdog has been checked: 0 passed
25.07.2014 22:12:12,358 - INFO  - Watchdog has been checked: 0 passed
25.07.2014 22:14:12,347 - INFO  - Watchdog has been checked: 0 passed
25.07.2014 22:16:12,282 - INFO  - Watchdog has been checked: 0 passed
25.07.2014 22:18:12,048 - INFO  - Watchdog has been checked: 0 passed
25.07.2014 22:20:12,247 - INFO  - Watchdog has been checked: 0 passed
25.07.2014 22:22:12,342 - INFO  - Watchdog has been checked: 0 passed
25.07.2014 22:24:12,106 - INFO  - Watchdog has been checked: 0 passed
25.07.2014 22:26:12,320 - INFO  - Watchdog has been checked: 0 passed
25.07.2014 22:28:12,128 - INFO  - Watchdog has been checked: 0 passed
25.07.2014 22:30:12,231 - INFO  - Watchdog has been checked: 0 passed
25.07.2014 22:32:12,330 - INFO  - Watchdog has been checked: 0 passed
25.07.2014 22:34:12,320 - INFO  - Watchdog has been checked: 0 passed
25.07.2014 22:36:12,225 - INFO  - Watchdog has been checked: 0 passed
25.07.2014 22:38:12,291 - INFO  - Watchdog has been checked: 0 passed
25.07.2014 22:40:12,123 - INFO  - Watchdog has been checked: 0 passed
25.07.2014 22:42:12,233 - INFO  - Watchdog has been checked: 0 passed
25.07.2014 22:44:12,218 - INFO  - Watchdog has been checked: 0 passed
25.07.2014 22:46:12,155 - INFO  - Watchdog has been checked: 0 passed
25.07.2014 22:48:12,220 - INFO  - Watchdog has been checked: 0 passed
25.07.2014 22:50:12,053 - INFO  - Watchdog has been checked: 0 passed
25.07.2014 22:52:11,160 - INFO  - Watchdog has been checked: 0 passed
25.07.2014 22:54:10,172 - INFO  - Watchdog has been checked: 0 passed
25.07.2014 22:56:09,098 - INFO  - Watchdog has been checked: 0 passed
25.07.2014 22:58:08,163 - INFO  - Watchdog has been checked: 0 passed
25.07.2014 23:00:07,293 - INFO  - Watchdog has been checked: 0 passed
25.07.2014 23:02:07,170 - INFO  - Watchdog has been checked: 0 passed
25.07.2014 23:04:07,189 - INFO  - Watchdog has been checked: 0 passed
25.07.2014 23:06:06,119 - INFO  - Watchdog has been checked: 0 passed
25.07.2014 23:08:06,201 - INFO  - Watchdog has been checked: 0 passed
25.07.2014 23:10:05,218 - INFO  - Watchdog has been checked: 0 passed
25.07.2014 23:12:04,231 - INFO  - Watchdog has been checked: 0 passed
25.07.2014 23:14:03,317 - INFO  - Watchdog has been checked: 0 passed
25.07.2014 23:16:02,215 - INFO  - Watchdog has been checked: 0 passed
25.07.2014 23:18:01,262 - INFO  - Watchdog has been checked: 0 passed
25.07.2014 23:20:01,374 - INFO  - Watchdog has been checked: 0 passed
25.07.2014 23:22:01,400 - INFO  - Watchdog has been checked: 0 passed
25.07.2014 23:24:01,177 - INFO  - Watchdog has been checked: 0 passed
25.07.2014 23:26:00,366 - INFO  - Watchdog has been checked: 0 passed
25.07.2014 23:28:00,151 - INFO  - Watchdog has been checked: 0 passed
25.07.2014 23:30:00,290 - INFO  - Watchdog has been checked: 0 passed
25.07.2014 23:32:00,265 - INFO  - Watchdog has been checked: 0 passed
25.07.2014 23:34:00,133 - INFO  - Watchdog has been checked: 0 passed
25.07.2014 23:36:00,175 - INFO  - Watchdog has been checked: 0 passed
25.07.2014 23:38:00,177 - INFO  - Watchdog has been checked: 0 passed
25.07.2014 23:40:00,055 - INFO  - Watchdog has been checked: 0 passed
25.07.2014 23:42:00,032 - INFO  - Watchdog has been checked: 0 passed
25.07.2014 23:44:00,276 - INFO  - Watchdog has been checked: 0 passed
25.07.2014 23:46:00,220 - INFO  - Watchdog has been checked: 0 passed
25.07.2014 23:48:00,251 - INFO  - Watchdog has been checked: 0 passed
25.07.2014 23:50:00,123 - INFO  - Watchdog has been checked: 0 passed
25.07.2014 23:52:00,237 - INFO  - Watchdog has been checked: 0 passed
25.07.2014 23:54:00,078 - INFO  - Watchdog has been checked: 0 passed
25.07.2014 23:56:00,038 - INFO  - Watchdog has been checked: 0 passed
25.07.2014 23:57:59,063 - INFO  - Watchdog has been checked: 0 passed
25.07.2014 23:59:59,451 - INFO  - Watchdog has been checked: 0 passed
