26.06.2014 00:01:18,059 - INFO  - Watchdog has been checked: 0 passed
26.06.2014 00:03:18,113 - INFO  - Watchdog has been checked: 0 passed
26.06.2014 00:05:18,131 - INFO  - Watchdog has been checked: 0 passed
26.06.2014 00:07:18,133 - INFO  - Watchdog has been checked: 0 passed
26.06.2014 00:09:18,346 - INFO  - Watchdog has been checked: 0 passed
26.06.2014 00:11:18,177 - INFO  - Watchdog has been checked: 0 passed
26.06.2014 00:13:18,311 - INFO  - Watchdog has been checked: 0 passed
26.06.2014 00:15:18,188 - INFO  - Watchdog has been checked: 0 passed
26.06.2014 00:17:18,198 - INFO  - Watchdog has been checked: 0 passed
26.06.2014 00:19:18,324 - INFO  - Watchdog has been checked: 0 passed
26.06.2014 00:21:18,346 - INFO  - Watchdog has been checked: 0 passed
26.06.2014 00:23:18,230 - INFO  - Watchdog has been checked: 0 passed
26.06.2014 00:25:18,271 - INFO  - Watchdog has been checked: 0 passed
26.06.2014 00:27:18,294 - INFO  - Watchdog has been checked: 0 passed
26.06.2014 00:29:18,421 - INFO  - Watchdog has been checked: 0 passed
26.06.2014 00:31:18,241 - INFO  - Watchdog has been checked: 0 passed
26.06.2014 00:33:18,268 - INFO  - Watchdog has been checked: 0 passed
26.06.2014 00:35:18,285 - INFO  - Watchdog has been checked: 0 passed
26.06.2014 00:37:18,291 - INFO  - Watchdog has been checked: 0 passed
26.06.2014 00:39:18,396 - INFO  - Watchdog has been checked: 0 passed
26.06.2014 00:41:18,179 - INFO  - Watchdog has been checked: 0 passed
26.06.2014 00:43:18,226 - INFO  - Watchdog has been checked: 0 passed
26.06.2014 00:45:18,241 - INFO  - Watchdog has been checked: 0 passed
26.06.2014 00:47:18,220 - INFO  - Watchdog has been checked: 0 passed
26.06.2014 00:49:18,363 - INFO  - Watchdog has been checked: 0 passed
26.06.2014 00:51:18,408 - INFO  - Watchdog has been checked: 0 passed
26.06.2014 00:53:18,226 - INFO  - Watchdog has been checked: 0 passed
26.06.2014 00:55:18,307 - INFO  - Watchdog has been checked: 0 passed
26.06.2014 00:57:18,256 - INFO  - Watchdog has been checked: 0 passed
26.06.2014 00:59:18,362 - INFO  - Watchdog has been checked: 0 passed
26.06.2014 01:01:18,174 - INFO  - Watchdog has been checked: 0 passed
26.06.2014 01:03:18,178 - INFO  - Watchdog has been checked: 0 passed
26.06.2014 01:05:17,268 - INFO  - Watchdog has been checked: 0 passed
26.06.2014 01:07:17,263 - INFO  - Watchdog has been checked: 0 passed
26.06.2014 01:09:17,280 - INFO  - Watchdog has been checked: 0 passed
26.06.2014 01:11:17,146 - INFO  - Watchdog has been checked: 0 passed
26.06.2014 01:13:17,143 - INFO  - Watchdog has been checked: 0 passed
26.06.2014 01:15:17,224 - INFO  - Watchdog has been checked: 0 passed
26.06.2014 01:17:17,178 - INFO  - Watchdog has been checked: 0 passed
26.06.2014 01:19:17,025 - INFO  - Watchdog has been checked: 0 passed
26.06.2014 01:21:16,941 - INFO  - Watchdog has been checked: 0 passed
26.06.2014 01:23:15,950 - INFO  - Watchdog has been checked: 0 passed
26.06.2014 01:25:16,047 - INFO  - Watchdog has been checked: 0 passed
26.06.2014 01:27:14,958 - INFO  - Watchdog has been checked: 0 passed
26.06.2014 01:29:14,032 - INFO  - Watchdog has been checked: 0 passed
26.06.2014 01:31:12,914 - INFO  - Watchdog has been checked: 0 passed
26.06.2014 01:33:12,897 - INFO  - Watchdog has been checked: 0 passed
26.06.2014 01:35:11,954 - INFO  - Watchdog has been checked: 0 passed
26.06.2014 01:37:10,889 - INFO  - Watchdog has been checked: 0 passed
26.06.2014 01:39:09,938 - INFO  - Watchdog has been checked: 0 passed
26.06.2014 01:41:09,117 - INFO  - Watchdog has been checked: 0 passed
26.06.2014 01:43:09,155 - INFO  - Watchdog has been checked: 0 passed
26.06.2014 01:45:09,231 - INFO  - Watchdog has been checked: 0 passed
26.06.2014 01:47:09,052 - INFO  - Watchdog has been checked: 0 passed
26.06.2014 01:49:09,114 - INFO  - Watchdog has been checked: 0 passed
26.06.2014 01:51:09,048 - INFO  - Watchdog has been checked: 0 passed
26.06.2014 01:53:09,107 - INFO  - Watchdog has been checked: 0 passed
26.06.2014 01:55:09,215 - INFO  - Watchdog has been checked: 0 passed
26.06.2014 01:57:09,189 - INFO  - Watchdog has been checked: 0 passed
26.06.2014 01:59:09,228 - INFO  - Watchdog has been checked: 0 passed
26.06.2014 02:01:09,166 - INFO  - Watchdog has been checked: 0 passed
26.06.2014 02:03:09,157 - INFO  - Watchdog has been checked: 0 passed
26.06.2014 02:05:09,173 - INFO  - Watchdog has been checked: 0 passed
26.06.2014 02:07:09,230 - INFO  - Watchdog has been checked: 0 passed
26.06.2014 02:09:09,209 - INFO  - Watchdog has been checked: 0 passed
26.06.2014 02:11:09,105 - INFO  - Watchdog has been checked: 0 passed
26.06.2014 02:13:09,167 - INFO  - Watchdog has been checked: 0 passed
26.06.2014 02:15:09,202 - INFO  - Watchdog has been checked: 0 passed
26.06.2014 02:17:09,248 - INFO  - Watchdog has been checked: 0 passed
26.06.2014 02:19:09,294 - INFO  - Watchdog has been checked: 0 passed
26.06.2014 02:21:09,205 - INFO  - Watchdog has been checked: 0 passed
26.06.2014 02:23:09,209 - INFO  - Watchdog has been checked: 0 passed
26.06.2014 02:25:09,199 - INFO  - Watchdog has been checked: 0 passed
26.06.2014 02:27:09,266 - INFO  - Watchdog has been checked: 0 passed
26.06.2014 02:29:09,325 - INFO  - Watchdog has been checked: 0 passed
26.06.2014 02:31:09,193 - INFO  - Watchdog has been checked: 0 passed
26.06.2014 02:33:09,258 - INFO  - Watchdog has been checked: 0 passed
26.06.2014 02:35:09,333 - INFO  - Watchdog has been checked: 0 passed
26.06.2014 02:37:09,290 - INFO  - Watchdog has been checked: 0 passed
26.06.2014 02:39:09,307 - INFO  - Watchdog has been checked: 0 passed
26.06.2014 02:41:09,165 - INFO  - Watchdog has been checked: 0 passed
26.06.2014 02:43:09,299 - INFO  - Watchdog has been checked: 0 passed
26.06.2014 02:45:09,229 - INFO  - Watchdog has been checked: 0 passed
26.06.2014 02:47:09,252 - INFO  - Watchdog has been checked: 0 passed
26.06.2014 02:49:09,309 - INFO  - Watchdog has been checked: 0 passed
26.06.2014 02:51:09,200 - INFO  - Watchdog has been checked: 0 passed
26.06.2014 02:53:09,235 - INFO  - Watchdog has been checked: 0 passed
26.06.2014 02:55:09,185 - INFO  - Watchdog has been checked: 0 passed
26.06.2014 02:57:09,180 - INFO  - Watchdog has been checked: 0 passed
26.06.2014 02:59:09,020 - INFO  - Watchdog has been checked: 0 passed
26.06.2014 03:01:09,082 - INFO  - Watchdog has been checked: 0 passed
26.06.2014 03:03:09,213 - INFO  - Watchdog has been checked: 0 passed
26.06.2014 03:05:09,177 - INFO  - Watchdog has been checked: 0 passed
26.06.2014 03:07:09,128 - INFO  - Watchdog has been checked: 0 passed
26.06.2014 03:09:09,032 - INFO  - Watchdog has been checked: 0 passed
26.06.2014 03:11:09,201 - INFO  - Watchdog has been checked: 0 passed
26.06.2014 03:13:09,125 - INFO  - Watchdog has been checked: 0 passed
26.06.2014 03:15:09,169 - INFO  - Watchdog has been checked: 0 passed
26.06.2014 03:17:09,181 - INFO  - Watchdog has been checked: 0 passed
26.06.2014 03:19:09,272 - INFO  - Watchdog has been checked: 0 passed
26.06.2014 03:21:09,139 - INFO  - Watchdog has been checked: 0 passed
26.06.2014 03:23:09,212 - INFO  - Watchdog has been checked: 0 passed
26.06.2014 03:25:09,222 - INFO  - Watchdog has been checked: 0 passed
26.06.2014 03:27:09,236 - INFO  - Watchdog has been checked: 0 passed
26.06.2014 03:29:09,325 - INFO  - Watchdog has been checked: 0 passed
26.06.2014 03:31:09,184 - INFO  - Watchdog has been checked: 0 passed
26.06.2014 03:33:09,240 - INFO  - Watchdog has been checked: 0 passed
26.06.2014 03:35:09,301 - INFO  - Watchdog has been checked: 0 passed
26.06.2014 03:37:09,257 - INFO  - Watchdog has been checked: 0 passed
26.06.2014 03:39:09,382 - INFO  - Watchdog has been checked: 0 passed
26.06.2014 03:41:09,237 - INFO  - Watchdog has been checked: 0 passed
26.06.2014 03:43:09,269 - INFO  - Watchdog has been checked: 0 passed
26.06.2014 03:45:09,309 - INFO  - Watchdog has been checked: 0 passed
26.06.2014 03:47:09,291 - INFO  - Watchdog has been checked: 0 passed
26.06.2014 03:49:09,401 - INFO  - Watchdog has been checked: 0 passed
26.06.2014 03:51:09,263 - INFO  - Watchdog has been checked: 0 passed
26.06.2014 03:53:09,251 - INFO  - Watchdog has been checked: 0 passed
26.06.2014 03:55:09,319 - INFO  - Watchdog has been checked: 0 passed
26.06.2014 03:57:09,327 - INFO  - Watchdog has been checked: 0 passed
26.06.2014 03:59:09,388 - INFO  - Watchdog has been checked: 0 passed
26.06.2014 04:01:09,262 - INFO  - Watchdog has been checked: 0 passed
26.06.2014 04:03:09,273 - INFO  - Watchdog has been checked: 0 passed
26.06.2014 04:05:09,307 - INFO  - Watchdog has been checked: 0 passed
26.06.2014 04:07:09,297 - INFO  - Watchdog has been checked: 0 passed
26.06.2014 04:09:09,351 - INFO  - Watchdog has been checked: 0 passed
26.06.2014 04:11:09,219 - INFO  - Watchdog has been checked: 0 passed
26.06.2014 04:13:09,039 - INFO  - Watchdog has been checked: 0 passed
26.06.2014 04:15:08,104 - INFO  - Watchdog has been checked: 0 passed
26.06.2014 04:17:08,095 - INFO  - Watchdog has been checked: 0 passed
26.06.2014 04:19:08,158 - INFO  - Watchdog has been checked: 0 passed
26.06.2014 04:21:08,077 - INFO  - Watchdog has been checked: 0 passed
26.06.2014 04:23:07,073 - INFO  - Watchdog has been checked: 0 passed
26.06.2014 04:25:07,120 - INFO  - Watchdog has been checked: 0 passed
26.06.2014 04:27:07,104 - INFO  - Watchdog has been checked: 0 passed
26.06.2014 04:29:07,173 - INFO  - Watchdog has been checked: 0 passed
26.06.2014 04:31:07,074 - INFO  - Watchdog has been checked: 0 passed
26.06.2014 04:33:06,305 - INFO  - Watchdog has been checked: 0 passed
26.06.2014 04:35:06,394 - INFO  - Watchdog has been checked: 0 passed
26.06.2014 04:37:06,148 - INFO  - Watchdog has been checked: 0 passed
26.06.2014 04:39:06,195 - INFO  - Watchdog has been checked: 0 passed
26.06.2014 04:41:06,356 - INFO  - Watchdog has been checked: 0 passed
26.06.2014 04:43:06,362 - INFO  - Watchdog has been checked: 0 passed
26.06.2014 04:45:06,397 - INFO  - Watchdog has been checked: 0 passed
26.06.2014 04:47:06,253 - INFO  - Watchdog has been checked: 0 passed
26.06.2014 04:49:06,248 - INFO  - Watchdog has been checked: 0 passed
26.06.2014 04:51:06,394 - INFO  - Watchdog has been checked: 0 passed
26.06.2014 04:53:06,173 - INFO  - Watchdog has been checked: 0 passed
26.06.2014 04:55:06,462 - INFO  - Watchdog has been checked: 0 passed
26.06.2014 04:57:06,950 - INFO  - Watchdog has been checked: 0 passed
26.06.2014 04:59:06,298 - INFO  - Watchdog has been checked: 0 passed
26.06.2014 05:01:06,248 - INFO  - Watchdog has been checked: 0 passed
26.06.2014 05:03:06,169 - INFO  - Watchdog has been checked: 0 passed
26.06.2014 05:05:06,448 - INFO  - Watchdog has been checked: 0 passed
26.06.2014 05:07:06,221 - INFO  - Watchdog has been checked: 0 passed
26.06.2014 05:09:06,243 - INFO  - Watchdog has been checked: 0 passed
26.06.2014 05:11:06,319 - INFO  - Watchdog has been checked: 0 passed
26.06.2014 05:13:06,196 - INFO  - Watchdog has been checked: 0 passed
26.06.2014 05:15:06,534 - INFO  - Watchdog has been checked: 0 passed
26.06.2014 05:17:06,294 - INFO  - Watchdog has been checked: 0 passed
26.06.2014 05:19:06,321 - INFO  - Watchdog has been checked: 0 passed
26.06.2014 05:21:06,436 - INFO  - Watchdog has been checked: 0 passed
26.06.2014 05:23:06,261 - INFO  - Watchdog has been checked: 0 passed
26.06.2014 05:25:06,301 - INFO  - Watchdog has been checked: 0 passed
26.06.2014 05:27:06,295 - INFO  - Watchdog has been checked: 0 passed
26.06.2014 05:29:06,060 - INFO  - Watchdog has been checked: 0 passed
26.06.2014 05:31:05,167 - INFO  - Watchdog has been checked: 0 passed
26.06.2014 05:33:05,243 - INFO  - Watchdog has been checked: 0 passed
26.06.2014 05:35:05,150 - INFO  - Watchdog has been checked: 0 passed
26.06.2014 05:37:06,978 - INFO  - Watchdog has been checked: 0 passed
26.06.2014 05:39:06,053 - INFO  - Watchdog has been checked: 0 passed
26.06.2014 05:41:06,147 - INFO  - Watchdog has been checked: 0 passed
26.06.2014 05:43:06,203 - INFO  - Watchdog has been checked: 0 passed
26.06.2014 05:45:06,252 - INFO  - Watchdog has been checked: 0 passed
26.06.2014 05:47:06,211 - INFO  - Watchdog has been checked: 0 passed
26.06.2014 05:49:06,077 - INFO  - Watchdog has been checked: 0 passed
26.06.2014 05:51:06,261 - INFO  - Watchdog has been checked: 0 passed
26.06.2014 05:53:06,238 - INFO  - Watchdog has been checked: 0 passed
26.06.2014 05:55:06,258 - INFO  - Watchdog has been checked: 0 passed
26.06.2014 05:57:06,221 - INFO  - Watchdog has been checked: 0 passed
26.06.2014 05:59:06,318 - INFO  - Watchdog has been checked: 0 passed
26.06.2014 06:01:06,143 - INFO  - Watchdog has been checked: 0 passed
26.06.2014 06:03:06,185 - INFO  - Watchdog has been checked: 0 passed
26.06.2014 06:05:06,229 - INFO  - Watchdog has been checked: 0 passed
26.06.2014 06:07:06,208 - INFO  - Watchdog has been checked: 0 passed
26.06.2014 06:09:06,306 - INFO  - Watchdog has been checked: 0 passed
26.06.2014 06:11:06,127 - INFO  - Watchdog has been checked: 0 passed
26.06.2014 06:13:05,117 - INFO  - Watchdog has been checked: 0 passed
26.06.2014 06:15:01,754 - INFO  - mapping file sync started
26.06.2014 06:15:02,242 - INFO  - file successfully updated
26.06.2014 06:15:04,161 - INFO  - Watchdog has been checked: 0 passed
26.06.2014 06:17:03,949 - INFO  - Watchdog has been checked: 0 passed
26.06.2014 06:19:03,249 - INFO  - Watchdog has been checked: 0 passed
26.06.2014 06:21:03,134 - INFO  - Watchdog has been checked: 0 passed
26.06.2014 06:23:03,188 - INFO  - Watchdog has been checked: 0 passed
26.06.2014 06:25:03,175 - INFO  - Watchdog has been checked: 0 passed
26.06.2014 06:27:03,190 - INFO  - Watchdog has been checked: 0 passed
26.06.2014 06:29:03,268 - INFO  - Watchdog has been checked: 0 passed
26.06.2014 06:31:03,123 - INFO  - Watchdog has been checked: 0 passed
26.06.2014 06:33:03,140 - INFO  - Watchdog has been checked: 0 passed
26.06.2014 06:35:03,160 - INFO  - Watchdog has been checked: 0 passed
26.06.2014 06:37:03,199 - INFO  - Watchdog has been checked: 0 passed
26.06.2014 06:39:06,185 - INFO  - Watchdog has been checked: 0 passed
26.06.2014 06:41:06,126 - INFO  - Watchdog has been checked: 0 passed
26.06.2014 06:43:06,137 - INFO  - Watchdog has been checked: 0 passed
26.06.2014 06:45:06,212 - INFO  - Watchdog has been checked: 0 passed
26.06.2014 06:47:06,154 - INFO  - Watchdog has been checked: 0 passed
26.06.2014 06:49:06,191 - INFO  - Watchdog has been checked: 0 passed
26.06.2014 06:51:06,100 - INFO  - Watchdog has been checked: 0 passed
26.06.2014 06:53:06,089 - INFO  - Watchdog has been checked: 0 passed
26.06.2014 06:55:06,382 - INFO  - Watchdog has been checked: 0 passed
26.06.2014 06:57:06,121 - INFO  - Watchdog has been checked: 0 passed
26.06.2014 06:59:06,177 - INFO  - Watchdog has been checked: 0 passed
26.06.2014 07:01:06,303 - INFO  - Watchdog has been checked: 0 passed
26.06.2014 07:03:06,323 - INFO  - Watchdog has been checked: 0 passed
26.06.2014 07:05:06,349 - INFO  - Watchdog has been checked: 0 passed
26.06.2014 07:07:06,130 - INFO  - Watchdog has been checked: 0 passed
26.06.2014 07:09:06,190 - INFO  - Watchdog has been checked: 0 passed
26.06.2014 07:11:06,293 - INFO  - Watchdog has been checked: 0 passed
26.06.2014 07:13:06,297 - INFO  - Watchdog has been checked: 0 passed
26.06.2014 07:15:02,016 - INFO  - mapping file sync started
26.06.2014 07:15:02,520 - INFO  - file successfully updated
26.06.2014 07:15:06,389 - INFO  - Watchdog has been checked: 0 passed
26.06.2014 07:17:06,139 - INFO  - Watchdog has been checked: 0 passed
26.06.2014 07:19:06,168 - INFO  - Watchdog has been checked: 0 passed
26.06.2014 07:21:06,328 - INFO  - Watchdog has been checked: 0 passed
26.06.2014 07:23:06,368 - INFO  - Watchdog has been checked: 0 passed
26.06.2014 07:25:06,406 - INFO  - Watchdog has been checked: 0 passed
26.06.2014 07:27:06,402 - INFO  - Watchdog has been checked: 0 passed
26.06.2014 07:29:06,181 - INFO  - Watchdog has been checked: 0 passed
26.06.2014 07:31:06,316 - INFO  - Watchdog has been checked: 0 passed
26.06.2014 07:33:06,044 - INFO  - Watchdog has been checked: 0 passed
26.06.2014 07:35:05,244 - INFO  - Watchdog has been checked: 0 passed
26.06.2014 07:37:05,059 - INFO  - Watchdog has been checked: 0 passed
26.06.2014 07:39:04,118 - INFO  - Watchdog has been checked: 0 passed
26.06.2014 07:41:06,231 - INFO  - Watchdog has been checked: 0 passed
26.06.2014 07:43:06,285 - INFO  - Watchdog has been checked: 0 passed
26.06.2014 07:45:06,274 - INFO  - Watchdog has been checked: 0 passed
26.06.2014 07:47:06,048 - INFO  - Watchdog has been checked: 0 passed
26.06.2014 07:49:05,104 - INFO  - Watchdog has been checked: 0 passed
26.06.2014 07:51:05,211 - INFO  - Watchdog has been checked: 0 passed
26.06.2014 07:53:05,296 - INFO  - Watchdog has been checked: 0 passed
26.06.2014 07:55:05,243 - INFO  - Watchdog has been checked: 0 passed
26.06.2014 07:57:05,146 - INFO  - Watchdog has been checked: 0 passed
26.06.2014 07:59:05,168 - INFO  - Watchdog has been checked: 0 passed
26.06.2014 08:01:05,249 - INFO  - Watchdog has been checked: 0 passed
26.06.2014 08:03:05,383 - INFO  - Watchdog has been checked: 0 passed
26.06.2014 08:05:05,254 - INFO  - Watchdog has been checked: 0 passed
26.06.2014 08:07:05,265 - INFO  - Watchdog has been checked: 0 passed
26.06.2014 08:09:05,341 - INFO  - Watchdog has been checked: 0 passed
26.06.2014 08:11:05,171 - INFO  - Watchdog has been checked: 0 passed
26.06.2014 08:13:05,328 - INFO  - Watchdog has been checked: 0 passed
26.06.2014 08:15:05,301 - INFO  - Watchdog has been checked: 0 passed
26.06.2014 08:17:05,324 - INFO  - Watchdog has been checked: 0 passed
26.06.2014 08:19:05,171 - INFO  - Watchdog has been checked: 0 passed
26.06.2014 08:21:05,286 - INFO  - Watchdog has been checked: 0 passed
26.06.2014 08:23:05,352 - INFO  - Watchdog has been checked: 0 passed
26.06.2014 08:25:05,372 - INFO  - Watchdog has been checked: 0 passed
26.06.2014 08:27:05,414 - INFO  - Watchdog has been checked: 0 passed
26.06.2014 08:29:05,253 - INFO  - Watchdog has been checked: 0 passed
26.06.2014 08:31:05,315 - INFO  - Watchdog has been checked: 0 passed
26.06.2014 08:33:05,358 - INFO  - Watchdog has been checked: 0 passed
26.06.2014 08:35:05,367 - INFO  - Watchdog has been checked: 0 passed
26.06.2014 08:37:05,344 - INFO  - Watchdog has been checked: 0 passed
26.06.2014 08:39:05,423 - INFO  - Watchdog has been checked: 0 passed
26.06.2014 08:41:05,246 - INFO  - Watchdog has been checked: 0 passed
26.06.2014 08:43:05,242 - INFO  - Watchdog has been checked: 0 passed
26.06.2014 08:45:05,240 - INFO  - Watchdog has been checked: 0 passed
26.06.2014 08:47:05,250 - INFO  - Watchdog has been checked: 0 passed
26.06.2014 08:49:05,353 - INFO  - Watchdog has been checked: 0 passed
26.06.2014 08:51:05,144 - INFO  - Watchdog has been checked: 0 passed
26.06.2014 08:53:05,162 - INFO  - Watchdog has been checked: 0 passed
26.06.2014 08:55:05,426 - INFO  - Watchdog has been checked: 0 passed
26.06.2014 08:57:05,218 - INFO  - Watchdog has been checked: 0 passed
26.06.2014 08:59:05,273 - INFO  - Watchdog has been checked: 0 passed
26.06.2014 09:01:05,100 - INFO  - Watchdog has been checked: 0 passed
26.06.2014 09:03:05,096 - INFO  - Watchdog has been checked: 0 passed
26.06.2014 09:05:05,804 - INFO  - Watchdog has been checked: 0 passed
26.06.2014 09:07:05,137 - INFO  - Watchdog has been checked: 0 passed
26.06.2014 09:09:04,177 - INFO  - Watchdog has been checked: 0 passed
26.06.2014 09:11:04,102 - INFO  - Watchdog has been checked: 0 passed
26.06.2014 09:13:03,119 - INFO  - Watchdog has been checked: 0 passed
26.06.2014 09:15:03,116 - INFO  - Watchdog has been checked: 0 passed
26.06.2014 09:17:03,175 - INFO  - Watchdog has been checked: 0 passed
26.06.2014 09:19:03,182 - INFO  - Watchdog has been checked: 0 passed
26.06.2014 09:21:03,121 - INFO  - Watchdog has been checked: 0 passed
26.06.2014 09:23:04,044 - INFO  - Watchdog has been checked: 0 passed
26.06.2014 09:25:04,159 - INFO  - Watchdog has been checked: 0 passed
26.06.2014 09:27:04,213 - INFO  - Watchdog has been checked: 0 passed
26.06.2014 09:29:04,209 - INFO  - Watchdog has been checked: 0 passed
26.06.2014 09:31:04,165 - INFO  - Watchdog has been checked: 0 passed
26.06.2014 09:33:04,159 - INFO  - Watchdog has been checked: 0 passed
26.06.2014 09:35:04,387 - INFO  - Watchdog has been checked: 0 passed
26.06.2014 09:37:04,221 - INFO  - Watchdog has been checked: 0 passed
26.06.2014 09:39:04,251 - INFO  - Watchdog has been checked: 0 passed
26.06.2014 09:41:04,291 - INFO  - Watchdog has been checked: 0 passed
26.06.2014 09:43:04,214 - INFO  - Watchdog has been checked: 0 passed
26.06.2014 09:45:06,403 - INFO  - Watchdog has been checked: 0 passed
26.06.2014 09:47:06,250 - INFO  - Watchdog has been checked: 0 passed
26.06.2014 09:49:06,274 - INFO  - Watchdog has been checked: 0 passed
26.06.2014 09:51:06,416 - INFO  - Watchdog has been checked: 0 passed
26.06.2014 09:53:06,425 - INFO  - Watchdog has been checked: 0 passed
26.06.2014 09:55:06,500 - INFO  - Watchdog has been checked: 0 passed
26.06.2014 09:57:06,238 - INFO  - Watchdog has been checked: 0 passed
26.06.2014 09:59:06,267 - INFO  - Watchdog has been checked: 0 passed
26.06.2014 10:01:06,371 - INFO  - Watchdog has been checked: 0 passed
26.06.2014 10:03:06,400 - INFO  - Watchdog has been checked: 0 passed
26.06.2014 10:05:06,409 - INFO  - Watchdog has been checked: 0 passed
26.06.2014 10:07:06,372 - INFO  - Watchdog has been checked: 0 passed
26.06.2014 10:09:06,495 - INFO  - Watchdog has been checked: 0 passed
26.06.2014 10:11:06,332 - INFO  - Watchdog has been checked: 0 passed
26.06.2014 10:13:06,394 - INFO  - Watchdog has been checked: 0 passed
26.06.2014 10:15:06,457 - INFO  - Watchdog has been checked: 0 passed
26.06.2014 10:17:06,405 - INFO  - Watchdog has been checked: 0 passed
26.06.2014 10:19:06,189 - INFO  - Watchdog has been checked: 0 passed
26.06.2014 10:21:06,268 - INFO  - Watchdog has been checked: 0 passed
26.06.2014 10:23:06,281 - INFO  - Watchdog has been checked: 0 passed
26.06.2014 10:25:06,273 - INFO  - Watchdog has been checked: 0 passed
26.06.2014 10:27:06,251 - INFO  - Watchdog has been checked: 0 passed
26.06.2014 10:29:06,107 - INFO  - Watchdog has been checked: 0 passed
26.06.2014 10:31:05,179 - INFO  - Watchdog has been checked: 0 passed
26.06.2014 10:33:05,252 - INFO  - Watchdog has been checked: 0 passed
26.06.2014 10:35:05,169 - INFO  - Watchdog has been checked: 0 passed
26.06.2014 10:37:04,218 - INFO  - Watchdog has been checked: 0 passed
26.06.2014 10:39:04,255 - INFO  - Watchdog has been checked: 0 passed
26.06.2014 10:41:04,212 - INFO  - Watchdog has been checked: 0 passed
26.06.2014 10:43:04,256 - INFO  - Watchdog has been checked: 0 passed
26.06.2014 10:45:04,186 - INFO  - Watchdog has been checked: 0 passed
26.06.2014 10:47:06,579 - INFO  - Watchdog has been checked: 0 passed
26.06.2014 10:49:06,331 - INFO  - Watchdog has been checked: 0 passed
26.06.2014 10:51:06,176 - INFO  - Watchdog has been checked: 0 passed
26.06.2014 10:53:06,207 - INFO  - Watchdog has been checked: 0 passed
26.06.2014 10:55:06,232 - INFO  - Watchdog has been checked: 0 passed
26.06.2014 10:57:06,202 - INFO  - Watchdog has been checked: 0 passed
26.06.2014 10:59:06,268 - INFO  - Watchdog has been checked: 0 passed
26.06.2014 11:01:06,403 - INFO  - Watchdog has been checked: 0 passed
26.06.2014 11:03:06,418 - INFO  - Watchdog has been checked: 0 passed
26.06.2014 11:05:06,413 - INFO  - Watchdog has been checked: 0 passed
26.06.2014 11:07:06,174 - INFO  - Watchdog has been checked: 0 passed
26.06.2014 11:09:06,216 - INFO  - Watchdog has been checked: 0 passed
26.06.2014 11:11:06,361 - INFO  - Watchdog has been checked: 0 passed
26.06.2014 11:13:06,337 - INFO  - Watchdog has been checked: 0 passed
26.06.2014 11:15:06,426 - INFO  - Watchdog has been checked: 0 passed
26.06.2014 11:17:06,405 - INFO  - Watchdog has been checked: 0 passed
26.06.2014 11:19:06,234 - INFO  - Watchdog has been checked: 0 passed
26.06.2014 11:21:06,196 - INFO  - Watchdog has been checked: 0 passed
26.06.2014 11:23:06,448 - INFO  - Watchdog has been checked: 0 passed
26.06.2014 11:25:06,492 - INFO  - Watchdog has been checked: 0 passed
26.06.2014 11:27:06,453 - INFO  - Watchdog has been checked: 0 passed
26.06.2014 11:29:06,231 - INFO  - Watchdog has been checked: 0 passed
26.06.2014 11:31:06,320 - INFO  - Watchdog has been checked: 0 passed
26.06.2014 11:33:06,309 - INFO  - Watchdog has been checked: 0 passed
26.06.2014 11:35:06,692 - INFO  - Watchdog has been checked: 0 passed
26.06.2014 11:37:06,164 - INFO  - Watchdog has been checked: 0 passed
26.06.2014 11:39:06,173 - INFO  - Watchdog has been checked: 0 passed
26.06.2014 11:41:06,081 - INFO  - Watchdog has been checked: 0 passed
26.06.2014 11:43:05,084 - INFO  - Watchdog has been checked: 0 passed
26.06.2014 11:45:04,032 - INFO  - Watchdog has been checked: 0 passed
26.06.2014 11:47:03,139 - INFO  - Watchdog has been checked: 0 passed
26.06.2014 11:49:06,093 - INFO  - Watchdog has been checked: 0 passed
26.06.2014 11:51:06,042 - INFO  - Watchdog has been checked: 0 passed
26.06.2014 11:53:05,056 - INFO  - Watchdog has been checked: 0 passed
26.06.2014 11:55:04,032 - INFO  - Watchdog has been checked: 0 passed
26.06.2014 11:57:03,069 - INFO  - Watchdog has been checked: 0 passed
26.06.2014 11:59:02,077 - INFO  - Watchdog has been checked: 0 passed
26.06.2014 12:01:01,213 - INFO  - Watchdog has been checked: 0 passed
26.06.2014 12:03:01,197 - INFO  - Watchdog has been checked: 0 passed
26.06.2014 12:05:01,169 - INFO  - Watchdog has been checked: 0 passed
26.06.2014 12:07:01,234 - INFO  - Watchdog has been checked: 0 passed
26.06.2014 12:09:01,264 - INFO  - Watchdog has been checked: 0 passed
26.06.2014 12:11:01,176 - INFO  - Watchdog has been checked: 0 passed
26.06.2014 12:13:01,184 - INFO  - Watchdog has been checked: 0 passed
26.06.2014 12:15:01,161 - INFO  - Watchdog has been checked: 0 passed
26.06.2014 12:17:01,262 - INFO  - Watchdog has been checked: 0 passed
26.06.2014 12:19:01,273 - INFO  - Watchdog has been checked: 0 passed
26.06.2014 12:21:01,178 - INFO  - Watchdog has been checked: 0 passed
26.06.2014 12:23:01,238 - INFO  - Watchdog has been checked: 0 passed
26.06.2014 12:25:01,209 - INFO  - Watchdog has been checked: 0 passed
26.06.2014 12:27:01,314 - INFO  - Watchdog has been checked: 0 passed
26.06.2014 12:29:01,316 - INFO  - Watchdog has been checked: 0 passed
26.06.2014 12:31:01,191 - INFO  - Watchdog has been checked: 0 passed
26.06.2014 12:33:01,212 - INFO  - Watchdog has been checked: 0 passed
26.06.2014 12:35:01,113 - INFO  - Watchdog has been checked: 0 passed
26.06.2014 12:37:01,196 - INFO  - Watchdog has been checked: 0 passed
26.06.2014 12:39:01,189 - INFO  - Watchdog has been checked: 0 passed
26.06.2014 12:41:01,325 - INFO  - Watchdog has been checked: 0 passed
26.06.2014 12:43:01,130 - INFO  - Watchdog has been checked: 0 passed
26.06.2014 12:45:01,296 - INFO  - Watchdog has been checked: 0 passed
26.06.2014 12:47:01,114 - INFO  - Watchdog has been checked: 0 passed
26.06.2014 12:49:01,151 - INFO  - Watchdog has been checked: 0 passed
26.06.2014 12:51:01,068 - INFO  - Watchdog has been checked: 0 passed
26.06.2014 12:53:00,186 - INFO  - Watchdog has been checked: 0 passed
26.06.2014 12:55:00,123 - INFO  - Watchdog has been checked: 0 passed
26.06.2014 12:57:00,214 - INFO  - Watchdog has been checked: 0 passed
26.06.2014 12:59:00,235 - INFO  - Watchdog has been checked: 0 passed
26.06.2014 13:01:00,061 - INFO  - Watchdog has been checked: 0 passed
26.06.2014 13:02:59,194 - INFO  - Watchdog has been checked: 0 passed
26.06.2014 13:04:59,142 - INFO  - Watchdog has been checked: 0 passed
26.06.2014 13:06:58,125 - INFO  - Watchdog has been checked: 0 passed
26.06.2014 13:08:57,178 - INFO  - Watchdog has been checked: 0 passed
26.06.2014 13:10:56,292 - INFO  - Watchdog has been checked: 0 passed
26.06.2014 13:12:58,770 - INFO  - Watchdog has been checked: 0 passed
26.06.2014 13:14:58,303 - INFO  - Watchdog has been checked: 0 passed
26.06.2014 13:16:58,346 - INFO  - Watchdog has been checked: 0 passed
26.06.2014 13:18:58,208 - INFO  - Watchdog has been checked: 0 passed
26.06.2014 13:20:58,288 - INFO  - Watchdog has been checked: 0 passed
26.06.2014 13:22:58,056 - INFO  - Watchdog has been checked: 0 passed
26.06.2014 13:24:57,376 - INFO  - Watchdog has been checked: 0 passed
26.06.2014 13:26:57,322 - INFO  - Watchdog has been checked: 0 passed
26.06.2014 13:28:57,130 - INFO  - Watchdog has been checked: 0 passed
26.06.2014 13:30:56,261 - INFO  - Watchdog has been checked: 0 passed
26.06.2014 13:32:56,318 - INFO  - Watchdog has been checked: 0 passed
26.06.2014 13:34:56,329 - INFO  - Watchdog has been checked: 0 passed
26.06.2014 13:36:56,304 - INFO  - Watchdog has been checked: 0 passed
26.06.2014 13:38:56,354 - INFO  - Watchdog has been checked: 0 passed
26.06.2014 13:40:56,245 - INFO  - Watchdog has been checked: 0 passed
26.06.2014 13:42:56,261 - INFO  - Watchdog has been checked: 0 passed
26.06.2014 13:44:56,297 - INFO  - Watchdog has been checked: 0 passed
26.06.2014 13:46:56,304 - INFO  - Watchdog has been checked: 0 passed
26.06.2014 13:48:56,356 - INFO  - Watchdog has been checked: 0 passed
26.06.2014 13:50:56,238 - INFO  - Watchdog has been checked: 0 passed
26.06.2014 13:52:56,221 - INFO  - Watchdog has been checked: 0 passed
26.06.2014 13:54:56,284 - INFO  - Watchdog has been checked: 0 passed
26.06.2014 13:56:55,976 - INFO  - Watchdog has been checked: 0 passed
26.06.2014 13:58:55,166 - INFO  - Watchdog has been checked: 0 passed
26.06.2014 14:00:55,074 - INFO  - Watchdog has been checked: 0 passed
26.06.2014 14:02:54,149 - INFO  - Watchdog has been checked: 0 passed
26.06.2014 14:04:54,129 - INFO  - Watchdog has been checked: 0 passed
26.06.2014 14:06:53,192 - INFO  - Watchdog has been checked: 0 passed
26.06.2014 14:08:53,005 - INFO  - Watchdog has been checked: 0 passed
26.06.2014 14:10:52,121 - INFO  - Watchdog has been checked: 0 passed
26.06.2014 14:12:52,186 - INFO  - Watchdog has been checked: 0 passed
26.06.2014 14:14:52,252 - INFO  - Watchdog has been checked: 0 passed
26.06.2014 14:16:52,058 - INFO  - Watchdog has been checked: 0 passed
26.06.2014 14:18:51,184 - INFO  - Watchdog has been checked: 0 passed
26.06.2014 14:20:51,158 - INFO  - Watchdog has been checked: 0 passed
26.06.2014 14:22:50,118 - INFO  - Watchdog has been checked: 0 passed
26.06.2014 14:24:49,089 - INFO  - Watchdog has been checked: 0 passed
26.06.2014 14:26:48,109 - INFO  - Watchdog has been checked: 0 passed
26.06.2014 14:28:47,160 - INFO  - Watchdog has been checked: 0 passed
26.06.2014 14:30:46,321 - INFO  - Watchdog has been checked: 0 passed
26.06.2014 14:32:46,345 - INFO  - Watchdog has been checked: 0 passed
26.06.2014 14:34:46,336 - INFO  - Watchdog has been checked: 0 passed
26.06.2014 14:36:46,381 - INFO  - Watchdog has been checked: 0 passed
26.06.2014 14:38:46,373 - INFO  - Watchdog has been checked: 0 passed
26.06.2014 14:40:46,305 - INFO  - Watchdog has been checked: 0 passed
26.06.2014 14:42:46,352 - INFO  - Watchdog has been checked: 0 passed
26.06.2014 14:44:46,674 - INFO  - Watchdog has been checked: 0 passed
26.06.2014 14:46:46,409 - INFO  - Watchdog has been checked: 0 passed
26.06.2014 14:48:46,408 - INFO  - Watchdog has been checked: 0 passed
26.06.2014 14:50:46,361 - INFO  - Watchdog has been checked: 0 passed
26.06.2014 14:52:46,348 - INFO  - Watchdog has been checked: 0 passed
26.06.2014 14:54:46,312 - INFO  - Watchdog has been checked: 0 passed
26.06.2014 14:56:46,136 - INFO  - Watchdog has been checked: 0 passed
26.06.2014 14:58:46,404 - INFO  - Watchdog has been checked: 0 passed
26.06.2014 15:00:46,398 - INFO  - Watchdog has been checked: 0 passed
26.06.2014 15:02:46,384 - INFO  - Watchdog has been checked: 0 passed
26.06.2014 15:04:46,196 - INFO  - Watchdog has been checked: 0 passed
26.06.2014 15:06:46,355 - INFO  - Watchdog has been checked: 0 passed
26.06.2014 15:08:46,340 - INFO  - Watchdog has been checked: 0 passed
26.06.2014 15:10:46,217 - INFO  - Watchdog has been checked: 0 passed
26.06.2014 15:12:46,119 - INFO  - Watchdog has been checked: 0 passed
26.06.2014 15:14:46,005 - INFO  - Watchdog has been checked: 0 passed
26.06.2014 15:16:45,170 - INFO  - Watchdog has been checked: 0 passed
26.06.2014 15:18:45,198 - INFO  - Watchdog has been checked: 0 passed
26.06.2014 15:20:44,966 - INFO  - Watchdog has been checked: 0 passed
26.06.2014 15:22:45,140 - INFO  - Watchdog has been checked: 0 passed
26.06.2014 15:24:45,061 - INFO  - Watchdog has been checked: 0 passed
26.06.2014 15:26:45,197 - INFO  - Watchdog has been checked: 0 passed
26.06.2014 15:28:45,236 - INFO  - Watchdog has been checked: 0 passed
26.06.2014 15:30:45,180 - INFO  - Watchdog has been checked: 0 passed
26.06.2014 15:32:45,154 - INFO  - Watchdog has been checked: 0 passed
26.06.2014 15:34:45,099 - INFO  - Watchdog has been checked: 0 passed
26.06.2014 15:36:45,173 - INFO  - Watchdog has been checked: 0 passed
26.06.2014 15:38:45,209 - INFO  - Watchdog has been checked: 0 passed
26.06.2014 15:40:45,090 - INFO  - Watchdog has been checked: 0 passed
26.06.2014 15:42:45,165 - INFO  - Watchdog has been checked: 0 passed
26.06.2014 15:44:45,157 - INFO  - Watchdog has been checked: 0 passed
26.06.2014 15:46:46,177 - INFO  - Watchdog has been checked: 0 passed
26.06.2014 15:48:46,222 - INFO  - Watchdog has been checked: 0 passed
26.06.2014 15:50:46,122 - INFO  - Watchdog has been checked: 0 passed
26.06.2014 15:52:46,137 - INFO  - Watchdog has been checked: 0 passed
26.06.2014 15:54:45,062 - INFO  - Watchdog has been checked: 0 passed
26.06.2014 15:56:45,140 - INFO  - Watchdog has been checked: 0 passed
26.06.2014 15:58:44,163 - INFO  - Watchdog has been checked: 0 passed
26.06.2014 16:00:43,296 - INFO  - Watchdog has been checked: 0 passed
26.06.2014 16:02:43,048 - INFO  - Watchdog has been checked: 0 passed
26.06.2014 16:04:43,057 - INFO  - Watchdog has been checked: 0 passed
26.06.2014 16:06:43,233 - INFO  - Watchdog has been checked: 0 passed
26.06.2014 16:08:46,239 - INFO  - Watchdog has been checked: 0 passed
26.06.2014 16:10:45,150 - INFO  - Watchdog has been checked: 0 passed
26.06.2014 16:12:44,159 - INFO  - Watchdog has been checked: 0 passed
26.06.2014 16:14:43,214 - INFO  - Watchdog has been checked: 0 passed
26.06.2014 16:16:42,248 - INFO  - Watchdog has been checked: 0 passed
26.06.2014 16:18:41,212 - INFO  - Watchdog has been checked: 0 passed
26.06.2014 16:20:40,418 - INFO  - Watchdog has been checked: 0 passed
26.06.2014 16:22:40,318 - INFO  - Watchdog has been checked: 0 passed
26.06.2014 16:24:40,163 - INFO  - Watchdog has been checked: 0 passed
26.06.2014 16:26:39,207 - INFO  - Watchdog has been checked: 0 passed
26.06.2014 16:28:38,225 - INFO  - Watchdog has been checked: 0 passed
26.06.2014 16:30:37,497 - INFO  - Watchdog has been checked: 0 passed
26.06.2014 16:32:37,372 - INFO  - Watchdog has been checked: 0 passed
26.06.2014 16:34:37,422 - INFO  - Watchdog has been checked: 0 passed
26.06.2014 16:36:37,238 - INFO  - Watchdog has been checked: 0 passed
26.06.2014 16:38:37,269 - INFO  - Watchdog has been checked: 0 passed
26.06.2014 16:38:44,320 - INFO  - searcher identified --- respT: 60ms, 64322 results, q=, 
26.06.2014 16:40:37,492 - INFO  - Watchdog has been checked: 0 passed
26.06.2014 16:42:37,412 - INFO  - Watchdog has been checked: 0 passed
26.06.2014 16:44:37,189 - INFO  - Watchdog has been checked: 0 passed
26.06.2014 16:46:37,255 - INFO  - Watchdog has been checked: 0 passed
26.06.2014 16:48:37,234 - INFO  - Watchdog has been checked: 0 passed
26.06.2014 16:50:37,210 - INFO  - Watchdog has been checked: 0 passed
26.06.2014 16:52:37,189 - INFO  - Watchdog has been checked: 0 passed
26.06.2014 16:54:37,334 - INFO  - Watchdog has been checked: 0 passed
26.06.2014 16:56:37,322 - INFO  - Watchdog has been checked: 0 passed
26.06.2014 16:58:37,240 - INFO  - Watchdog has been checked: 0 passed
26.06.2014 17:00:37,161 - INFO  - Watchdog has been checked: 0 passed
26.06.2014 17:02:37,117 - INFO  - Watchdog has been checked: 0 passed
26.06.2014 17:04:37,211 - INFO  - Watchdog has been checked: 0 passed
26.06.2014 17:06:37,076 - INFO  - Watchdog has been checked: 0 passed
26.06.2014 17:08:36,977 - INFO  - Watchdog has been checked: 0 passed
26.06.2014 17:10:36,209 - INFO  - Watchdog has been checked: 0 passed
26.06.2014 17:12:36,127 - INFO  - Watchdog has been checked: 0 passed
26.06.2014 17:14:36,158 - INFO  - Watchdog has been checked: 0 passed
26.06.2014 17:16:36,261 - INFO  - Watchdog has been checked: 0 passed
26.06.2014 17:18:36,263 - INFO  - Watchdog has been checked: 0 passed
26.06.2014 17:20:36,178 - INFO  - Watchdog has been checked: 0 passed
26.06.2014 17:22:36,168 - INFO  - Watchdog has been checked: 0 passed
26.06.2014 17:24:36,138 - INFO  - Watchdog has been checked: 0 passed
26.06.2014 17:26:36,244 - INFO  - Watchdog has been checked: 0 passed
26.06.2014 17:28:36,228 - INFO  - Watchdog has been checked: 0 passed
26.06.2014 17:30:36,218 - INFO  - Watchdog has been checked: 0 passed
26.06.2014 17:32:36,232 - INFO  - Watchdog has been checked: 0 passed
26.06.2014 17:34:36,200 - INFO  - Watchdog has been checked: 0 passed
26.06.2014 17:36:36,325 - INFO  - Watchdog has been checked: 0 passed
26.06.2014 17:38:36,313 - INFO  - Watchdog has been checked: 0 passed
26.06.2014 17:40:36,156 - INFO  - Watchdog has been checked: 0 passed
26.06.2014 17:42:36,220 - INFO  - Watchdog has been checked: 0 passed
26.06.2014 17:44:36,209 - INFO  - Watchdog has been checked: 0 passed
26.06.2014 17:46:36,296 - INFO  - Watchdog has been checked: 0 passed
26.06.2014 17:48:36,295 - INFO  - Watchdog has been checked: 0 passed
26.06.2014 17:50:36,144 - INFO  - Watchdog has been checked: 0 passed
26.06.2014 17:52:36,182 - INFO  - Watchdog has been checked: 0 passed
26.06.2014 17:54:36,275 - INFO  - Watchdog has been checked: 0 passed
26.06.2014 17:56:36,243 - INFO  - Watchdog has been checked: 0 passed
26.06.2014 17:58:36,250 - INFO  - Watchdog has been checked: 0 passed
26.06.2014 18:00:36,391 - INFO  - Watchdog has been checked: 0 passed
26.06.2014 18:02:36,402 - INFO  - Watchdog has been checked: 0 passed
26.06.2014 18:04:36,399 - INFO  - Watchdog has been checked: 0 passed
26.06.2014 18:06:36,187 - INFO  - Watchdog has been checked: 0 passed
26.06.2014 18:08:36,180 - INFO  - Watchdog has been checked: 0 passed
26.06.2014 18:10:36,072 - INFO  - Watchdog has been checked: 0 passed
26.06.2014 18:12:35,119 - INFO  - Watchdog has been checked: 0 passed
26.06.2014 18:14:34,087 - INFO  - Watchdog has been checked: 0 passed
26.06.2014 18:16:36,094 - INFO  - Watchdog has been checked: 0 passed
26.06.2014 18:18:36,126 - INFO  - Watchdog has been checked: 0 passed
26.06.2014 18:20:36,086 - INFO  - Watchdog has been checked: 0 passed
26.06.2014 18:22:36,132 - INFO  - Watchdog has been checked: 0 passed
26.06.2014 18:24:36,315 - INFO  - Watchdog has been checked: 0 passed
26.06.2014 18:26:36,312 - INFO  - Watchdog has been checked: 0 passed
26.06.2014 18:28:36,334 - INFO  - Watchdog has been checked: 0 passed
26.06.2014 18:30:36,267 - INFO  - Watchdog has been checked: 0 passed
26.06.2014 18:32:36,204 - INFO  - Watchdog has been checked: 0 passed
26.06.2014 18:34:36,223 - INFO  - Watchdog has been checked: 0 passed
26.06.2014 18:36:36,259 - INFO  - Watchdog has been checked: 0 passed
26.06.2014 18:38:36,249 - INFO  - Watchdog has been checked: 0 passed
26.06.2014 18:40:36,114 - INFO  - Watchdog has been checked: 0 passed
26.06.2014 18:42:36,123 - INFO  - Watchdog has been checked: 0 passed
26.06.2014 18:44:36,160 - INFO  - Watchdog has been checked: 0 passed
26.06.2014 18:46:36,205 - INFO  - Watchdog has been checked: 0 passed
26.06.2014 18:48:36,197 - INFO  - Watchdog has been checked: 0 passed
26.06.2014 18:50:36,373 - INFO  - Watchdog has been checked: 0 passed
26.06.2014 18:52:36,425 - INFO  - Watchdog has been checked: 0 passed
26.06.2014 18:54:36,385 - INFO  - Watchdog has been checked: 0 passed
26.06.2014 18:56:36,120 - INFO  - Watchdog has been checked: 0 passed
26.06.2014 18:58:36,105 - INFO  - Watchdog has been checked: 0 passed
26.06.2014 19:00:36,279 - INFO  - Watchdog has been checked: 0 passed
26.06.2014 19:02:36,361 - INFO  - Watchdog has been checked: 0 passed
26.06.2014 19:04:36,286 - INFO  - Watchdog has been checked: 0 passed
26.06.2014 19:06:36,087 - INFO  - Watchdog has been checked: 0 passed
26.06.2014 19:08:35,059 - INFO  - Watchdog has been checked: 0 passed
26.06.2014 19:10:34,195 - INFO  - Watchdog has been checked: 0 passed
26.06.2014 19:12:34,203 - INFO  - Watchdog has been checked: 0 passed
26.06.2014 19:14:34,311 - INFO  - Watchdog has been checked: 0 passed
26.06.2014 19:16:34,186 - INFO  - Watchdog has been checked: 0 passed
26.06.2014 19:18:36,156 - INFO  - Watchdog has been checked: 0 passed
26.06.2014 19:20:36,135 - INFO  - Watchdog has been checked: 0 passed
26.06.2014 19:22:36,494 - INFO  - Watchdog has been checked: 0 passed
26.06.2014 19:24:36,146 - INFO  - Watchdog has been checked: 0 passed
26.06.2014 19:26:36,206 - INFO  - Watchdog has been checked: 0 passed
26.06.2014 19:28:36,199 - INFO  - Watchdog has been checked: 0 passed
26.06.2014 19:30:36,293 - INFO  - Watchdog has been checked: 0 passed
26.06.2014 19:32:36,490 - INFO  - Watchdog has been checked: 0 passed
26.06.2014 19:34:36,284 - INFO  - Watchdog has been checked: 0 passed
26.06.2014 19:36:36,335 - INFO  - Watchdog has been checked: 0 passed
26.06.2014 19:38:36,336 - INFO  - Watchdog has been checked: 0 passed
26.06.2014 19:40:36,240 - INFO  - Watchdog has been checked: 0 passed
26.06.2014 19:42:36,424 - INFO  - Watchdog has been checked: 0 passed
26.06.2014 19:44:36,253 - INFO  - Watchdog has been checked: 0 passed
26.06.2014 19:46:36,350 - INFO  - Watchdog has been checked: 0 passed
26.06.2014 19:48:36,379 - INFO  - Watchdog has been checked: 0 passed
26.06.2014 19:50:36,261 - INFO  - Watchdog has been checked: 0 passed
26.06.2014 19:52:36,404 - INFO  - Watchdog has been checked: 0 passed
26.06.2014 19:54:36,233 - INFO  - Watchdog has been checked: 0 passed
26.06.2014 19:56:36,252 - INFO  - Watchdog has been checked: 0 passed
26.06.2014 19:58:36,259 - INFO  - Watchdog has been checked: 0 passed
26.06.2014 20:00:36,200 - INFO  - Watchdog has been checked: 0 passed
26.06.2014 20:02:36,306 - INFO  - Watchdog has been checked: 0 passed
26.06.2014 20:04:36,193 - INFO  - Watchdog has been checked: 0 passed
26.06.2014 20:06:35,213 - INFO  - Watchdog has been checked: 0 passed
26.06.2014 20:08:34,212 - INFO  - Watchdog has been checked: 0 passed
26.06.2014 20:10:33,112 - INFO  - Watchdog has been checked: 0 passed
26.06.2014 20:12:33,104 - INFO  - Watchdog has been checked: 0 passed
26.06.2014 20:14:33,133 - INFO  - Watchdog has been checked: 0 passed
26.06.2014 20:16:32,955 - INFO  - Watchdog has been checked: 0 passed
26.06.2014 20:18:32,241 - INFO  - Watchdog has been checked: 0 passed
26.06.2014 20:20:36,135 - INFO  - Watchdog has been checked: 0 passed
26.06.2014 20:22:36,190 - INFO  - Watchdog has been checked: 0 passed
26.06.2014 20:24:36,176 - INFO  - Watchdog has been checked: 0 passed
26.06.2014 20:26:36,089 - INFO  - Watchdog has been checked: 0 passed
26.06.2014 20:28:36,063 - INFO  - Watchdog has been checked: 0 passed
26.06.2014 20:30:35,218 - INFO  - Watchdog has been checked: 0 passed
26.06.2014 20:32:35,209 - INFO  - Watchdog has been checked: 0 passed
26.06.2014 20:34:35,228 - INFO  - Watchdog has been checked: 0 passed
26.06.2014 20:36:35,274 - INFO  - Watchdog has been checked: 0 passed
26.06.2014 20:38:35,268 - INFO  - Watchdog has been checked: 0 passed
26.06.2014 20:40:35,173 - INFO  - Watchdog has been checked: 0 passed
26.06.2014 20:42:35,395 - INFO  - Watchdog has been checked: 0 passed
26.06.2014 20:44:35,204 - INFO  - Watchdog has been checked: 0 passed
26.06.2014 20:46:35,266 - INFO  - Watchdog has been checked: 0 passed
26.06.2014 20:48:35,288 - INFO  - Watchdog has been checked: 0 passed
26.06.2014 20:50:35,282 - INFO  - Watchdog has been checked: 0 passed
26.06.2014 20:52:35,224 - INFO  - Watchdog has been checked: 0 passed
26.06.2014 20:54:35,240 - INFO  - Watchdog has been checked: 0 passed
26.06.2014 20:56:35,249 - INFO  - Watchdog has been checked: 0 passed
26.06.2014 20:58:35,270 - INFO  - Watchdog has been checked: 0 passed
26.06.2014 21:00:35,536 - INFO  - Watchdog has been checked: 0 passed
26.06.2014 21:02:35,186 - INFO  - Watchdog has been checked: 0 passed
26.06.2014 21:04:35,164 - INFO  - Watchdog has been checked: 0 passed
26.06.2014 21:06:35,243 - INFO  - Watchdog has been checked: 0 passed
26.06.2014 21:08:35,269 - INFO  - Watchdog has been checked: 0 passed
26.06.2014 21:10:35,198 - INFO  - Watchdog has been checked: 0 passed
26.06.2014 21:12:35,213 - INFO  - Watchdog has been checked: 0 passed
26.06.2014 21:14:35,238 - INFO  - Watchdog has been checked: 0 passed
26.06.2014 21:16:35,312 - INFO  - Watchdog has been checked: 0 passed
26.06.2014 21:18:35,307 - INFO  - Watchdog has been checked: 0 passed
26.06.2014 21:20:35,216 - INFO  - Watchdog has been checked: 0 passed
26.06.2014 21:22:36,348 - INFO  - Watchdog has been checked: 0 passed
26.06.2014 21:24:36,208 - INFO  - Watchdog has been checked: 0 passed
26.06.2014 21:26:36,258 - INFO  - Watchdog has been checked: 0 passed
26.06.2014 21:28:36,244 - INFO  - Watchdog has been checked: 0 passed
26.06.2014 21:30:36,137 - INFO  - Watchdog has been checked: 0 passed
26.06.2014 21:32:36,115 - INFO  - Watchdog has been checked: 0 passed
26.06.2014 21:34:35,138 - INFO  - Watchdog has been checked: 0 passed
26.06.2014 21:36:34,200 - INFO  - Watchdog has been checked: 0 passed
26.06.2014 21:38:33,963 - INFO  - Watchdog has been checked: 0 passed
26.06.2014 21:40:33,211 - INFO  - Watchdog has been checked: 0 passed
26.06.2014 21:42:33,165 - INFO  - Watchdog has been checked: 0 passed
26.06.2014 21:44:36,152 - INFO  - Watchdog has been checked: 0 passed
26.06.2014 21:46:36,229 - INFO  - Watchdog has been checked: 0 passed
26.06.2014 21:48:36,230 - INFO  - Watchdog has been checked: 0 passed
26.06.2014 21:50:36,154 - INFO  - Watchdog has been checked: 0 passed
26.06.2014 21:52:36,156 - INFO  - Watchdog has been checked: 0 passed
26.06.2014 21:54:36,183 - INFO  - Watchdog has been checked: 0 passed
26.06.2014 21:56:36,239 - INFO  - Watchdog has been checked: 0 passed
26.06.2014 21:58:36,278 - INFO  - Watchdog has been checked: 0 passed
26.06.2014 22:00:36,179 - INFO  - Watchdog has been checked: 0 passed
26.06.2014 22:02:36,141 - INFO  - Watchdog has been checked: 0 passed
26.06.2014 22:04:36,245 - INFO  - Watchdog has been checked: 0 passed
26.06.2014 22:06:36,331 - INFO  - Watchdog has been checked: 0 passed
26.06.2014 22:08:36,323 - INFO  - Watchdog has been checked: 0 passed
26.06.2014 22:10:36,221 - INFO  - Watchdog has been checked: 0 passed
26.06.2014 22:12:36,228 - INFO  - Watchdog has been checked: 0 passed
26.06.2014 22:14:36,297 - INFO  - Watchdog has been checked: 0 passed
26.06.2014 22:16:36,319 - INFO  - Watchdog has been checked: 0 passed
26.06.2014 22:18:36,326 - INFO  - Watchdog has been checked: 0 passed
26.06.2014 22:20:36,257 - INFO  - Watchdog has been checked: 0 passed
26.06.2014 22:22:36,434 - INFO  - Watchdog has been checked: 0 passed
26.06.2014 22:24:36,380 - INFO  - Watchdog has been checked: 0 passed
26.06.2014 22:26:36,310 - INFO  - Watchdog has been checked: 0 passed
26.06.2014 22:28:36,327 - INFO  - Watchdog has been checked: 0 passed
26.06.2014 22:30:36,225 - INFO  - Watchdog has been checked: 0 passed
26.06.2014 22:32:36,191 - INFO  - Watchdog has been checked: 0 passed
26.06.2014 22:34:36,196 - INFO  - Watchdog has been checked: 0 passed
26.06.2014 22:36:36,286 - INFO  - Watchdog has been checked: 0 passed
26.06.2014 22:38:36,286 - INFO  - Watchdog has been checked: 0 passed
26.06.2014 22:40:36,181 - INFO  - Watchdog has been checked: 0 passed
26.06.2014 22:42:36,134 - INFO  - Watchdog has been checked: 0 passed
26.06.2014 22:44:36,114 - INFO  - Watchdog has been checked: 0 passed
26.06.2014 22:46:36,219 - INFO  - Watchdog has been checked: 0 passed
26.06.2014 22:48:36,176 - INFO  - Watchdog has been checked: 0 passed
26.06.2014 22:50:36,151 - INFO  - Watchdog has been checked: 0 passed
26.06.2014 22:52:35,121 - INFO  - Watchdog has been checked: 0 passed
26.06.2014 22:54:34,151 - INFO  - Watchdog has been checked: 0 passed
26.06.2014 22:56:33,161 - INFO  - Watchdog has been checked: 0 passed
26.06.2014 22:58:32,139 - INFO  - Watchdog has been checked: 0 passed
26.06.2014 23:00:32,285 - INFO  - Watchdog has been checked: 0 passed
26.06.2014 23:02:32,281 - INFO  - Watchdog has been checked: 0 passed
26.06.2014 23:04:34,098 - INFO  - Watchdog has been checked: 0 passed
26.06.2014 23:06:33,173 - INFO  - Watchdog has been checked: 0 passed
26.06.2014 23:08:33,159 - INFO  - Watchdog has been checked: 0 passed
26.06.2014 23:10:33,347 - INFO  - Watchdog has been checked: 0 passed
26.06.2014 23:12:33,269 - INFO  - Watchdog has been checked: 0 passed
26.06.2014 23:14:33,293 - INFO  - Watchdog has been checked: 0 passed
26.06.2014 23:16:33,199 - INFO  - Watchdog has been checked: 0 passed
26.06.2014 23:18:33,195 - INFO  - Watchdog has been checked: 0 passed
26.06.2014 23:20:33,304 - INFO  - Watchdog has been checked: 0 passed
26.06.2014 23:22:33,362 - INFO  - Watchdog has been checked: 0 passed
26.06.2014 23:24:33,082 - INFO  - Watchdog has been checked: 0 passed
26.06.2014 23:26:36,078 - INFO  - Watchdog has been checked: 0 passed
26.06.2014 23:28:36,198 - INFO  - Watchdog has been checked: 0 passed
26.06.2014 23:31:21,360 - INFO  - Watchdog has been checked: 0 passed
26.06.2014 23:31:36,178 - INFO  - Watchdog has been checked: 0 passed
26.06.2014 23:33:36,258 - INFO  - Watchdog has been checked: 0 passed
26.06.2014 23:35:36,404 - INFO  - Watchdog has been checked: 0 passed
26.06.2014 23:37:36,386 - INFO  - Watchdog has been checked: 0 passed
26.06.2014 23:39:36,232 - INFO  - Watchdog has been checked: 0 passed
26.06.2014 23:41:36,213 - INFO  - Watchdog has been checked: 0 passed
26.06.2014 23:43:36,275 - INFO  - Watchdog has been checked: 0 passed
26.06.2014 23:45:36,368 - INFO  - Watchdog has been checked: 0 passed
26.06.2014 23:47:36,313 - INFO  - Watchdog has been checked: 0 passed
26.06.2014 23:49:36,141 - INFO  - Watchdog has been checked: 0 passed
26.06.2014 23:51:36,211 - INFO  - Watchdog has been checked: 0 passed
26.06.2014 23:53:36,155 - INFO  - Watchdog has been checked: 0 passed
26.06.2014 23:55:36,253 - INFO  - Watchdog has been checked: 0 passed
26.06.2014 23:57:36,357 - INFO  - Watchdog has been checked: 0 passed
26.06.2014 23:59:36,350 - INFO  - Watchdog has been checked: 0 passed
