25.06.2014 00:01:06,329 - INFO  - Watchdog has been checked: 0 passed
25.06.2014 00:03:06,309 - INFO  - Watchdog has been checked: 0 passed
25.06.2014 00:05:09,557 - INFO  - Watchdog has been checked: 0 passed
25.06.2014 00:07:06,060 - INFO  - Watchdog has been checked: 0 passed
25.06.2014 00:09:06,147 - INFO  - Watchdog has been checked: 0 passed
25.06.2014 00:11:06,037 - INFO  - Watchdog has been checked: 0 passed
25.06.2014 00:13:06,064 - INFO  - Watchdog has been checked: 0 passed
25.06.2014 00:15:06,083 - INFO  - Watchdog has been checked: 0 passed
25.06.2014 00:17:06,145 - INFO  - Watchdog has been checked: 0 passed
25.06.2014 00:19:06,209 - INFO  - Watchdog has been checked: 0 passed
25.06.2014 00:21:06,075 - INFO  - Watchdog has been checked: 0 passed
25.06.2014 00:23:06,092 - INFO  - Watchdog has been checked: 0 passed
25.06.2014 00:25:06,110 - INFO  - Watchdog has been checked: 0 passed
25.06.2014 00:27:06,155 - INFO  - Watchdog has been checked: 0 passed
25.06.2014 00:29:06,225 - INFO  - Watchdog has been checked: 0 passed
25.06.2014 00:31:06,101 - INFO  - Watchdog has been checked: 0 passed
25.06.2014 00:33:06,200 - INFO  - Watchdog has been checked: 0 passed
25.06.2014 00:35:06,213 - INFO  - Watchdog has been checked: 0 passed
25.06.2014 00:37:06,273 - INFO  - Watchdog has been checked: 0 passed
25.06.2014 00:39:06,336 - INFO  - Watchdog has been checked: 0 passed
25.06.2014 00:41:06,205 - INFO  - Watchdog has been checked: 0 passed
25.06.2014 00:43:06,304 - INFO  - Watchdog has been checked: 0 passed
25.06.2014 00:45:06,281 - INFO  - Watchdog has been checked: 0 passed
25.06.2014 00:47:06,315 - INFO  - Watchdog has been checked: 0 passed
25.06.2014 00:49:06,117 - INFO  - Watchdog has been checked: 0 passed
25.06.2014 00:51:06,166 - INFO  - Watchdog has been checked: 0 passed
25.06.2014 00:53:06,220 - INFO  - Watchdog has been checked: 0 passed
25.06.2014 00:55:06,273 - INFO  - Watchdog has been checked: 0 passed
25.06.2014 00:57:06,079 - INFO  - Watchdog has been checked: 0 passed
25.06.2014 00:59:06,197 - INFO  - Watchdog has been checked: 0 passed
25.06.2014 01:01:06,258 - INFO  - Watchdog has been checked: 0 passed
25.06.2014 01:03:06,071 - INFO  - Watchdog has been checked: 0 passed
25.06.2014 01:05:06,295 - INFO  - Watchdog has been checked: 0 passed
25.06.2014 01:07:06,057 - INFO  - Watchdog has been checked: 0 passed
25.06.2014 01:09:06,163 - INFO  - Watchdog has been checked: 0 passed
25.06.2014 01:11:06,267 - INFO  - Watchdog has been checked: 0 passed
25.06.2014 01:13:06,120 - INFO  - Watchdog has been checked: 0 passed
25.06.2014 01:15:06,164 - INFO  - Watchdog has been checked: 0 passed
25.06.2014 01:17:06,138 - INFO  - Watchdog has been checked: 0 passed
25.06.2014 01:19:06,266 - INFO  - Watchdog has been checked: 0 passed
25.06.2014 01:21:06,288 - INFO  - Watchdog has been checked: 0 passed
25.06.2014 01:23:06,088 - INFO  - Watchdog has been checked: 0 passed
25.06.2014 01:25:05,090 - INFO  - Watchdog has been checked: 0 passed
25.06.2014 01:27:04,133 - INFO  - Watchdog has been checked: 0 passed
25.06.2014 01:29:04,234 - INFO  - Watchdog has been checked: 0 passed
25.06.2014 01:31:04,131 - INFO  - Watchdog has been checked: 0 passed
25.06.2014 01:33:03,172 - INFO  - Watchdog has been checked: 0 passed
25.06.2014 01:35:02,382 - INFO  - Watchdog has been checked: 0 passed
25.06.2014 01:37:02,140 - INFO  - Watchdog has been checked: 0 passed
25.06.2014 01:39:01,249 - INFO  - Watchdog has been checked: 0 passed
25.06.2014 01:41:01,144 - INFO  - Watchdog has been checked: 0 passed
25.06.2014 01:43:01,159 - INFO  - Watchdog has been checked: 0 passed
25.06.2014 01:45:01,169 - INFO  - Watchdog has been checked: 0 passed
25.06.2014 01:47:01,187 - INFO  - Watchdog has been checked: 0 passed
25.06.2014 01:49:01,246 - INFO  - Watchdog has been checked: 0 passed
25.06.2014 01:51:01,144 - INFO  - Watchdog has been checked: 0 passed
25.06.2014 01:53:01,163 - INFO  - Watchdog has been checked: 0 passed
25.06.2014 01:55:01,192 - INFO  - Watchdog has been checked: 0 passed
25.06.2014 01:57:01,196 - INFO  - Watchdog has been checked: 0 passed
25.06.2014 01:59:00,985 - INFO  - Watchdog has been checked: 0 passed
25.06.2014 02:01:01,173 - INFO  - Watchdog has been checked: 0 passed
25.06.2014 02:03:01,170 - INFO  - Watchdog has been checked: 0 passed
25.06.2014 02:05:01,170 - INFO  - Watchdog has been checked: 0 passed
25.06.2014 02:07:01,212 - INFO  - Watchdog has been checked: 0 passed
25.06.2014 02:09:01,245 - INFO  - Watchdog has been checked: 0 passed
25.06.2014 02:11:01,215 - INFO  - Watchdog has been checked: 0 passed
25.06.2014 02:13:01,251 - INFO  - Watchdog has been checked: 0 passed
25.06.2014 02:15:01,214 - INFO  - Watchdog has been checked: 0 passed
25.06.2014 02:17:01,026 - INFO  - Watchdog has been checked: 0 passed
25.06.2014 02:19:01,052 - INFO  - Watchdog has been checked: 0 passed
25.06.2014 02:21:01,228 - INFO  - Watchdog has been checked: 0 passed
25.06.2014 02:23:01,215 - INFO  - Watchdog has been checked: 0 passed
25.06.2014 02:25:01,309 - INFO  - Watchdog has been checked: 0 passed
25.06.2014 02:27:01,263 - INFO  - Watchdog has been checked: 0 passed
25.06.2014 02:29:01,030 - INFO  - Watchdog has been checked: 0 passed
25.06.2014 02:31:01,194 - INFO  - Watchdog has been checked: 0 passed
25.06.2014 02:33:01,183 - INFO  - Watchdog has been checked: 0 passed
25.06.2014 02:35:01,114 - INFO  - Watchdog has been checked: 0 passed
25.06.2014 02:37:01,233 - INFO  - Watchdog has been checked: 0 passed
25.06.2014 02:39:01,070 - INFO  - Watchdog has been checked: 0 passed
25.06.2014 02:41:01,239 - INFO  - Watchdog has been checked: 0 passed
25.06.2014 02:43:01,271 - INFO  - Watchdog has been checked: 0 passed
25.06.2014 02:45:01,218 - INFO  - Watchdog has been checked: 0 passed
25.06.2014 02:47:01,099 - INFO  - Watchdog has been checked: 0 passed
25.06.2014 02:49:00,131 - INFO  - Watchdog has been checked: 0 passed
25.06.2014 02:50:59,339 - INFO  - Watchdog has been checked: 0 passed
25.06.2014 02:52:59,400 - INFO  - Watchdog has been checked: 0 passed
25.06.2014 02:54:59,345 - INFO  - Watchdog has been checked: 0 passed
25.06.2014 02:56:59,422 - INFO  - Watchdog has been checked: 0 passed
25.06.2014 02:58:59,403 - INFO  - Watchdog has been checked: 0 passed
25.06.2014 03:00:59,304 - INFO  - Watchdog has been checked: 0 passed
25.06.2014 03:02:59,265 - INFO  - Watchdog has been checked: 0 passed
25.06.2014 03:04:59,322 - INFO  - Watchdog has been checked: 0 passed
25.06.2014 03:06:59,382 - INFO  - Watchdog has been checked: 0 passed
25.06.2014 03:08:59,153 - INFO  - Watchdog has been checked: 0 passed
25.06.2014 03:10:58,307 - INFO  - Watchdog has been checked: 0 passed
25.06.2014 03:12:58,068 - INFO  - Watchdog has been checked: 0 passed
25.06.2014 03:14:57,398 - INFO  - Watchdog has been checked: 0 passed
25.06.2014 03:16:57,197 - INFO  - Watchdog has been checked: 0 passed
25.06.2014 03:18:56,253 - INFO  - Watchdog has been checked: 0 passed
25.06.2014 03:20:55,383 - INFO  - Watchdog has been checked: 0 passed
25.06.2014 03:22:55,132 - INFO  - Watchdog has been checked: 0 passed
25.06.2014 03:24:54,172 - INFO  - Watchdog has been checked: 0 passed
25.06.2014 03:26:53,195 - INFO  - Watchdog has been checked: 0 passed
25.06.2014 03:28:52,226 - INFO  - Watchdog has been checked: 0 passed
25.06.2014 03:30:51,227 - INFO  - Watchdog has been checked: 0 passed
25.06.2014 03:32:50,340 - INFO  - Watchdog has been checked: 0 passed
25.06.2014 03:34:50,292 - INFO  - Watchdog has been checked: 0 passed
25.06.2014 03:36:50,325 - INFO  - Watchdog has been checked: 0 passed
25.06.2014 03:38:50,366 - INFO  - Watchdog has been checked: 0 passed
25.06.2014 03:40:50,164 - INFO  - Watchdog has been checked: 0 passed
25.06.2014 03:42:50,257 - INFO  - Watchdog has been checked: 0 passed
25.06.2014 03:44:50,165 - INFO  - Watchdog has been checked: 0 passed
25.06.2014 03:46:50,172 - INFO  - Watchdog has been checked: 0 passed
25.06.2014 03:48:50,281 - INFO  - Watchdog has been checked: 0 passed
25.06.2014 03:50:50,100 - INFO  - Watchdog has been checked: 0 passed
25.06.2014 03:52:50,120 - INFO  - Watchdog has been checked: 0 passed
25.06.2014 03:54:50,115 - INFO  - Watchdog has been checked: 0 passed
25.06.2014 03:56:50,241 - INFO  - Watchdog has been checked: 0 passed
25.06.2014 03:58:50,220 - INFO  - Watchdog has been checked: 0 passed
25.06.2014 04:00:50,104 - INFO  - Watchdog has been checked: 0 passed
25.06.2014 04:02:50,122 - INFO  - Watchdog has been checked: 0 passed
25.06.2014 04:04:50,086 - INFO  - Watchdog has been checked: 0 passed
25.06.2014 04:06:50,205 - INFO  - Watchdog has been checked: 0 passed
25.06.2014 04:08:50,163 - INFO  - Watchdog has been checked: 0 passed
25.06.2014 04:10:50,143 - INFO  - Watchdog has been checked: 0 passed
25.06.2014 04:12:50,077 - INFO  - Watchdog has been checked: 0 passed
25.06.2014 04:14:50,157 - INFO  - Watchdog has been checked: 0 passed
25.06.2014 04:16:50,244 - INFO  - Watchdog has been checked: 0 passed
25.06.2014 04:18:50,053 - INFO  - Watchdog has been checked: 0 passed
25.06.2014 04:20:49,178 - INFO  - Watchdog has been checked: 0 passed
25.06.2014 04:22:49,192 - INFO  - Watchdog has been checked: 0 passed
25.06.2014 04:24:49,184 - INFO  - Watchdog has been checked: 0 passed
25.06.2014 04:26:49,251 - INFO  - Watchdog has been checked: 0 passed
25.06.2014 04:28:49,323 - INFO  - Watchdog has been checked: 0 passed
25.06.2014 04:30:49,221 - INFO  - Watchdog has been checked: 0 passed
25.06.2014 04:32:48,209 - INFO  - Watchdog has been checked: 0 passed
25.06.2014 04:34:47,197 - INFO  - Watchdog has been checked: 0 passed
25.06.2014 04:36:46,241 - INFO  - Watchdog has been checked: 0 passed
25.06.2014 04:38:46,198 - INFO  - Watchdog has been checked: 0 passed
25.06.2014 04:40:46,259 - INFO  - Watchdog has been checked: 0 passed
25.06.2014 04:42:46,161 - INFO  - Watchdog has been checked: 0 passed
25.06.2014 04:44:46,129 - INFO  - Watchdog has been checked: 0 passed
25.06.2014 04:46:46,227 - INFO  - Watchdog has been checked: 0 passed
25.06.2014 04:48:46,211 - INFO  - Watchdog has been checked: 0 passed
25.06.2014 04:50:46,137 - INFO  - Watchdog has been checked: 0 passed
25.06.2014 04:52:46,095 - INFO  - Watchdog has been checked: 0 passed
25.06.2014 04:54:46,066 - INFO  - Watchdog has been checked: 0 passed
25.06.2014 04:56:46,135 - INFO  - Watchdog has been checked: 0 passed
25.06.2014 04:58:46,126 - INFO  - Watchdog has been checked: 0 passed
25.06.2014 05:00:46,262 - INFO  - Watchdog has been checked: 0 passed
25.06.2014 05:02:46,044 - INFO  - Watchdog has been checked: 0 passed
25.06.2014 05:04:46,269 - INFO  - Watchdog has been checked: 0 passed
25.06.2014 05:06:46,113 - INFO  - Watchdog has been checked: 0 passed
25.06.2014 05:08:46,127 - INFO  - Watchdog has been checked: 0 passed
25.06.2014 05:10:46,373 - INFO  - Watchdog has been checked: 0 passed
25.06.2014 05:12:46,083 - INFO  - Watchdog has been checked: 0 passed
25.06.2014 05:14:46,387 - INFO  - Watchdog has been checked: 0 passed
25.06.2014 05:16:46,182 - INFO  - Watchdog has been checked: 0 passed
25.06.2014 05:18:46,199 - INFO  - Watchdog has been checked: 0 passed
25.06.2014 05:20:46,356 - INFO  - Watchdog has been checked: 0 passed
25.06.2014 05:22:46,101 - INFO  - Watchdog has been checked: 0 passed
25.06.2014 05:24:46,305 - INFO  - Watchdog has been checked: 0 passed
25.06.2014 05:26:46,127 - INFO  - Watchdog has been checked: 0 passed
25.06.2014 05:28:46,280 - INFO  - Watchdog has been checked: 0 passed
25.06.2014 05:30:46,335 - INFO  - Watchdog has been checked: 0 passed
25.06.2014 05:32:46,222 - INFO  - Watchdog has been checked: 0 passed
25.06.2014 05:34:46,158 - INFO  - Watchdog has been checked: 0 passed
25.06.2014 05:36:46,239 - INFO  - Watchdog has been checked: 0 passed
25.06.2014 05:38:46,298 - INFO  - Watchdog has been checked: 0 passed
25.06.2014 05:40:46,186 - INFO  - Watchdog has been checked: 0 passed
25.06.2014 05:42:46,263 - INFO  - Watchdog has been checked: 0 passed
25.06.2014 05:44:46,197 - INFO  - Watchdog has been checked: 0 passed
25.06.2014 05:46:46,060 - INFO  - Watchdog has been checked: 0 passed
25.06.2014 05:48:45,053 - INFO  - Watchdog has been checked: 0 passed
25.06.2014 05:50:44,224 - INFO  - Watchdog has been checked: 0 passed
25.06.2014 05:52:44,262 - INFO  - Watchdog has been checked: 0 passed
25.06.2014 05:54:44,214 - INFO  - Watchdog has been checked: 0 passed
25.06.2014 05:56:44,257 - INFO  - Watchdog has been checked: 0 passed
25.06.2014 05:58:44,055 - INFO  - Watchdog has been checked: 0 passed
25.06.2014 06:00:43,213 - INFO  - Watchdog has been checked: 0 passed
25.06.2014 06:02:46,249 - INFO  - Watchdog has been checked: 0 passed
25.06.2014 06:04:46,296 - INFO  - Watchdog has been checked: 0 passed
25.06.2014 06:06:46,111 - INFO  - Watchdog has been checked: 0 passed
25.06.2014 06:08:45,149 - INFO  - Watchdog has been checked: 0 passed
25.06.2014 06:10:45,207 - INFO  - Watchdog has been checked: 0 passed
25.06.2014 06:12:45,246 - INFO  - Watchdog has been checked: 0 passed
25.06.2014 06:14:45,093 - INFO  - Watchdog has been checked: 0 passed
25.06.2014 06:15:01,325 - INFO  - mapping file sync started
25.06.2014 06:15:02,008 - INFO  - file successfully updated
25.06.2014 06:16:45,159 - INFO  - Watchdog has been checked: 0 passed
25.06.2014 06:18:45,284 - INFO  - Watchdog has been checked: 0 passed
25.06.2014 06:20:45,536 - INFO  - Watchdog has been checked: 0 passed
25.06.2014 06:22:45,401 - INFO  - Watchdog has been checked: 0 passed
25.06.2014 06:24:45,263 - INFO  - Watchdog has been checked: 0 passed
25.06.2014 06:26:45,261 - INFO  - Watchdog has been checked: 0 passed
25.06.2014 06:28:45,298 - INFO  - Watchdog has been checked: 0 passed
25.06.2014 06:30:45,244 - INFO  - Watchdog has been checked: 0 passed
25.06.2014 06:32:45,276 - INFO  - Watchdog has been checked: 0 passed
25.06.2014 06:34:45,306 - INFO  - Watchdog has been checked: 0 passed
25.06.2014 06:36:45,294 - INFO  - Watchdog has been checked: 0 passed
25.06.2014 06:38:45,111 - INFO  - Watchdog has been checked: 0 passed
25.06.2014 06:40:45,257 - INFO  - Watchdog has been checked: 0 passed
25.06.2014 06:42:46,246 - INFO  - Watchdog has been checked: 0 passed
25.06.2014 06:44:46,358 - INFO  - Watchdog has been checked: 0 passed
25.06.2014 06:46:46,336 - INFO  - Watchdog has been checked: 0 passed
25.06.2014 06:48:46,114 - INFO  - Watchdog has been checked: 0 passed
25.06.2014 06:50:46,247 - INFO  - Watchdog has been checked: 0 passed
25.06.2014 06:52:46,260 - INFO  - Watchdog has been checked: 0 passed
25.06.2014 06:54:45,999 - INFO  - Watchdog has been checked: 0 passed
25.06.2014 06:56:45,089 - INFO  - Watchdog has been checked: 0 passed
25.06.2014 06:58:44,135 - INFO  - Watchdog has been checked: 0 passed
25.06.2014 07:00:44,043 - INFO  - Watchdog has been checked: 0 passed
25.06.2014 07:02:43,006 - INFO  - Watchdog has been checked: 0 passed
25.06.2014 07:04:46,014 - INFO  - Watchdog has been checked: 0 passed
25.06.2014 07:06:45,095 - INFO  - Watchdog has been checked: 0 passed
25.06.2014 07:08:44,103 - INFO  - Watchdog has been checked: 0 passed
25.06.2014 07:10:43,076 - INFO  - Watchdog has been checked: 0 passed
25.06.2014 07:12:42,215 - INFO  - Watchdog has been checked: 0 passed
25.06.2014 07:14:42,268 - INFO  - Watchdog has been checked: 0 passed
25.06.2014 07:15:01,271 - INFO  - mapping file sync started
25.06.2014 07:15:01,777 - INFO  - file successfully updated
25.06.2014 07:16:42,196 - INFO  - Watchdog has been checked: 0 passed
25.06.2014 07:18:42,168 - INFO  - Watchdog has been checked: 0 passed
25.06.2014 07:20:42,092 - INFO  - Watchdog has been checked: 0 passed
25.06.2014 07:22:41,023 - INFO  - Watchdog has been checked: 0 passed
25.06.2014 07:24:40,030 - INFO  - Watchdog has been checked: 0 passed
25.06.2014 07:26:39,101 - INFO  - Watchdog has been checked: 0 passed
25.06.2014 07:28:38,209 - INFO  - Watchdog has been checked: 0 passed
25.06.2014 07:30:38,053 - INFO  - Watchdog has been checked: 0 passed
25.06.2014 07:32:37,273 - INFO  - Watchdog has been checked: 0 passed
25.06.2014 07:34:37,261 - INFO  - Watchdog has been checked: 0 passed
25.06.2014 07:36:37,133 - INFO  - Watchdog has been checked: 0 passed
25.06.2014 07:38:37,101 - INFO  - Watchdog has been checked: 0 passed
25.06.2014 07:40:37,264 - INFO  - Watchdog has been checked: 0 passed
25.06.2014 07:42:37,329 - INFO  - Watchdog has been checked: 0 passed
25.06.2014 07:44:37,212 - INFO  - Watchdog has been checked: 0 passed
25.06.2014 07:46:37,162 - INFO  - Watchdog has been checked: 0 passed
25.06.2014 07:48:37,306 - INFO  - Watchdog has been checked: 0 passed
25.06.2014 07:50:37,268 - INFO  - Watchdog has been checked: 0 passed
25.06.2014 07:52:37,288 - INFO  - Watchdog has been checked: 0 passed
25.06.2014 07:54:37,308 - INFO  - Watchdog has been checked: 0 passed
25.06.2014 07:56:37,261 - INFO  - Watchdog has been checked: 0 passed
25.06.2014 07:58:37,398 - INFO  - Watchdog has been checked: 0 passed
25.06.2014 08:00:37,317 - INFO  - Watchdog has been checked: 0 passed
25.06.2014 08:02:37,300 - INFO  - Watchdog has been checked: 0 passed
25.06.2014 08:04:37,345 - INFO  - Watchdog has been checked: 0 passed
25.06.2014 08:06:37,178 - INFO  - Watchdog has been checked: 0 passed
25.06.2014 08:08:37,216 - INFO  - Watchdog has been checked: 0 passed
25.06.2014 08:10:37,378 - INFO  - Watchdog has been checked: 0 passed
25.06.2014 08:12:37,409 - INFO  - Watchdog has been checked: 0 passed
25.06.2014 08:14:37,241 - INFO  - Watchdog has been checked: 0 passed
25.06.2014 08:16:37,350 - INFO  - Watchdog has been checked: 0 passed
25.06.2014 08:18:37,356 - INFO  - Watchdog has been checked: 0 passed
25.06.2014 08:20:37,233 - INFO  - Watchdog has been checked: 0 passed
25.06.2014 08:22:37,264 - INFO  - Watchdog has been checked: 0 passed
25.06.2014 08:24:37,276 - INFO  - Watchdog has been checked: 0 passed
25.06.2014 08:26:37,360 - INFO  - Watchdog has been checked: 0 passed
25.06.2014 08:28:37,379 - INFO  - Watchdog has been checked: 0 passed
25.06.2014 08:30:37,250 - INFO  - Watchdog has been checked: 0 passed
25.06.2014 08:32:37,269 - INFO  - Watchdog has been checked: 0 passed
25.06.2014 08:34:37,286 - INFO  - Watchdog has been checked: 0 passed
25.06.2014 08:35:48,493 - INFO  - searcher identified --- respT: 51ms, 83616 results, q=, 
25.06.2014 08:36:09,499 - INFO  - searcher identified --- respT: 21ms, 522 results, q=isp, 
25.06.2014 08:36:11,550 - INFO  - searcher identified --- respT: 21ms, 52 results, q=ispconf, 
25.06.2014 08:36:12,587 - INFO  - searcher identified --- respT: 14ms, 52 results, q=ispconfig, 
25.06.2014 08:36:15,963 - INFO  - searcher identified --- respT: 29ms, 52 results, q=ispconfig, 
25.06.2014 08:36:37,097 - INFO  - Watchdog has been checked: 0 passed
25.06.2014 08:38:37,112 - INFO  - Watchdog has been checked: 0 passed
25.06.2014 08:40:37,048 - INFO  - Watchdog has been checked: 0 passed
25.06.2014 08:42:36,288 - INFO  - Watchdog has been checked: 0 passed
25.06.2014 08:44:36,030 - INFO  - Watchdog has been checked: 0 passed
25.06.2014 08:46:35,110 - INFO  - Watchdog has been checked: 0 passed
25.06.2014 08:48:35,128 - INFO  - Watchdog has been checked: 0 passed
25.06.2014 08:50:35,151 - INFO  - Watchdog has been checked: 0 passed
25.06.2014 08:52:35,128 - INFO  - Watchdog has been checked: 0 passed
25.06.2014 08:54:35,123 - INFO  - Watchdog has been checked: 0 passed
25.06.2014 08:56:35,186 - INFO  - Watchdog has been checked: 0 passed
25.06.2014 08:58:35,216 - INFO  - Watchdog has been checked: 0 passed
25.06.2014 09:00:35,122 - INFO  - Watchdog has been checked: 0 passed
25.06.2014 09:02:35,176 - INFO  - Watchdog has been checked: 0 passed
25.06.2014 09:04:35,612 - INFO  - Watchdog has been checked: 0 passed
25.06.2014 09:06:35,123 - INFO  - Watchdog has been checked: 0 passed
25.06.2014 09:08:35,140 - INFO  - Watchdog has been checked: 0 passed
25.06.2014 09:10:35,365 - INFO  - Watchdog has been checked: 0 passed
25.06.2014 09:12:36,701 - INFO  - Watchdog has been checked: 0 passed
25.06.2014 09:14:36,420 - INFO  - Watchdog has been checked: 0 passed
25.06.2014 09:16:36,219 - INFO  - Watchdog has been checked: 0 passed
25.06.2014 09:18:36,250 - INFO  - Watchdog has been checked: 0 passed
25.06.2014 09:20:36,144 - INFO  - Watchdog has been checked: 0 passed
25.06.2014 09:22:35,360 - INFO  - Watchdog has been checked: 0 passed
25.06.2014 09:24:35,141 - INFO  - Watchdog has been checked: 0 passed
25.06.2014 09:26:35,211 - INFO  - Watchdog has been checked: 0 passed
25.06.2014 09:28:35,207 - INFO  - Watchdog has been checked: 0 passed
25.06.2014 09:30:35,096 - INFO  - Watchdog has been checked: 0 passed
25.06.2014 09:32:35,297 - INFO  - Watchdog has been checked: 0 passed
25.06.2014 09:34:36,130 - INFO  - Watchdog has been checked: 0 passed
25.06.2014 09:36:35,174 - INFO  - Watchdog has been checked: 0 passed
25.06.2014 09:38:35,163 - INFO  - Watchdog has been checked: 0 passed
25.06.2014 09:40:35,089 - INFO  - Watchdog has been checked: 0 passed
25.06.2014 09:42:35,099 - INFO  - Watchdog has been checked: 0 passed
25.06.2014 09:44:35,070 - INFO  - Watchdog has been checked: 0 passed
25.06.2014 09:46:34,181 - INFO  - Watchdog has been checked: 0 passed
25.06.2014 09:48:34,097 - INFO  - Watchdog has been checked: 0 passed
25.06.2014 09:50:34,091 - INFO  - Watchdog has been checked: 0 passed
25.06.2014 09:52:34,365 - INFO  - Watchdog has been checked: 0 passed
25.06.2014 09:54:34,163 - INFO  - Watchdog has been checked: 0 passed
25.06.2014 09:56:34,248 - INFO  - Watchdog has been checked: 0 passed
25.06.2014 09:58:34,258 - INFO  - Watchdog has been checked: 0 passed
25.06.2014 10:00:34,181 - INFO  - Watchdog has been checked: 0 passed
25.06.2014 10:02:34,155 - INFO  - Watchdog has been checked: 0 passed
25.06.2014 10:04:34,157 - INFO  - Watchdog has been checked: 0 passed
25.06.2014 10:06:34,230 - INFO  - Watchdog has been checked: 0 passed
25.06.2014 10:08:34,104 - INFO  - Watchdog has been checked: 0 passed
25.06.2014 10:10:34,249 - INFO  - Watchdog has been checked: 0 passed
25.06.2014 10:12:34,236 - INFO  - Watchdog has been checked: 0 passed
25.06.2014 10:14:36,285 - INFO  - Watchdog has been checked: 0 passed
25.06.2014 10:16:36,200 - INFO  - Watchdog has been checked: 0 passed
25.06.2014 10:18:36,135 - INFO  - Watchdog has been checked: 0 passed
25.06.2014 10:20:36,067 - INFO  - Watchdog has been checked: 0 passed
25.06.2014 10:22:36,243 - INFO  - Watchdog has been checked: 0 passed
25.06.2014 10:24:36,034 - INFO  - Watchdog has been checked: 0 passed
25.06.2014 10:26:36,149 - INFO  - Watchdog has been checked: 0 passed
25.06.2014 10:28:36,108 - INFO  - Watchdog has been checked: 0 passed
25.06.2014 10:30:36,116 - INFO  - Watchdog has been checked: 0 passed
25.06.2014 10:32:36,218 - INFO  - Watchdog has been checked: 0 passed
25.06.2014 10:34:36,121 - INFO  - Watchdog has been checked: 0 passed
25.06.2014 10:36:36,172 - INFO  - Watchdog has been checked: 0 passed
25.06.2014 10:38:36,001 - INFO  - Watchdog has been checked: 0 passed
25.06.2014 10:40:35,277 - INFO  - Watchdog has been checked: 0 passed
25.06.2014 10:42:35,216 - INFO  - Watchdog has been checked: 0 passed
25.06.2014 10:44:35,219 - INFO  - Watchdog has been checked: 0 passed
25.06.2014 10:46:35,303 - INFO  - Watchdog has been checked: 0 passed
25.06.2014 10:48:35,320 - INFO  - Watchdog has been checked: 0 passed
25.06.2014 10:50:35,178 - INFO  - Watchdog has been checked: 0 passed
25.06.2014 10:52:35,201 - INFO  - Watchdog has been checked: 0 passed
25.06.2014 10:54:35,278 - INFO  - Watchdog has been checked: 0 passed
25.06.2014 10:56:35,275 - INFO  - Watchdog has been checked: 0 passed
25.06.2014 10:58:35,318 - INFO  - Watchdog has been checked: 0 passed
25.06.2014 11:00:35,236 - INFO  - Watchdog has been checked: 0 passed
25.06.2014 11:02:35,233 - INFO  - Watchdog has been checked: 0 passed
25.06.2014 11:04:35,505 - INFO  - Watchdog has been checked: 0 passed
25.06.2014 11:06:35,351 - INFO  - Watchdog has been checked: 0 passed
25.06.2014 11:08:35,360 - INFO  - Watchdog has been checked: 0 passed
25.06.2014 11:10:35,275 - INFO  - Watchdog has been checked: 0 passed
25.06.2014 11:12:35,226 - INFO  - Watchdog has been checked: 0 passed
25.06.2014 11:14:35,278 - INFO  - Watchdog has been checked: 0 passed
25.06.2014 11:16:36,334 - INFO  - Watchdog has been checked: 0 passed
25.06.2014 11:18:36,115 - INFO  - Watchdog has been checked: 0 passed
25.06.2014 11:20:36,272 - INFO  - Watchdog has been checked: 0 passed
25.06.2014 11:22:36,283 - INFO  - Watchdog has been checked: 0 passed
25.06.2014 11:24:36,322 - INFO  - Watchdog has been checked: 0 passed
25.06.2014 11:26:36,170 - INFO  - Watchdog has been checked: 0 passed
25.06.2014 11:28:36,260 - INFO  - Watchdog has been checked: 0 passed
25.06.2014 11:30:36,331 - INFO  - Watchdog has been checked: 0 passed
25.06.2014 11:32:36,330 - INFO  - Watchdog has been checked: 0 passed
25.06.2014 11:34:36,039 - INFO  - Watchdog has been checked: 0 passed
25.06.2014 11:36:36,160 - INFO  - Watchdog has been checked: 0 passed
25.06.2014 11:38:36,190 - INFO  - Watchdog has been checked: 0 passed
25.06.2014 11:40:36,196 - INFO  - Watchdog has been checked: 0 passed
25.06.2014 11:42:36,310 - INFO  - Watchdog has been checked: 0 passed
25.06.2014 11:44:36,091 - INFO  - Watchdog has been checked: 0 passed
25.06.2014 11:46:36,151 - INFO  - Watchdog has been checked: 0 passed
25.06.2014 11:48:36,128 - INFO  - Watchdog has been checked: 0 passed
25.06.2014 11:50:36,092 - INFO  - Watchdog has been checked: 0 passed
25.06.2014 11:52:36,112 - INFO  - Watchdog has been checked: 0 passed
25.06.2014 11:54:36,149 - INFO  - Watchdog has been checked: 0 passed
25.06.2014 11:56:36,247 - INFO  - Watchdog has been checked: 0 passed
25.06.2014 11:58:36,267 - INFO  - Watchdog has been checked: 0 passed
25.06.2014 11:59:36,252 - INFO  - Watchdog has been checked: 0 passed
25.06.2014 12:01:36,285 - INFO  - Watchdog has been checked: 0 passed
25.06.2014 12:03:36,293 - INFO  - Watchdog has been checked: 0 passed
25.06.2014 12:05:36,384 - INFO  - Watchdog has been checked: 0 passed
25.06.2014 12:07:36,365 - INFO  - Watchdog has been checked: 0 passed
25.06.2014 12:09:36,427 - INFO  - Watchdog has been checked: 0 passed
25.06.2014 12:11:36,282 - INFO  - Watchdog has been checked: 0 passed
25.06.2014 12:13:36,312 - INFO  - Watchdog has been checked: 0 passed
25.06.2014 12:15:36,247 - INFO  - Watchdog has been checked: 0 passed
25.06.2014 12:17:36,392 - INFO  - Watchdog has been checked: 0 passed
25.06.2014 12:19:36,206 - INFO  - Watchdog has been checked: 0 passed
25.06.2014 12:21:36,299 - INFO  - Watchdog has been checked: 0 passed
25.06.2014 12:23:36,260 - INFO  - Watchdog has been checked: 0 passed
25.06.2014 12:25:36,210 - INFO  - Watchdog has been checked: 0 passed
25.06.2014 12:27:36,440 - INFO  - Watchdog has been checked: 0 passed
25.06.2014 12:29:36,319 - INFO  - Watchdog has been checked: 0 passed
25.06.2014 12:31:36,362 - INFO  - Watchdog has been checked: 0 passed
25.06.2014 12:33:36,323 - INFO  - Watchdog has been checked: 0 passed
25.06.2014 12:35:36,168 - INFO  - Watchdog has been checked: 0 passed
25.06.2014 12:37:36,259 - INFO  - Watchdog has been checked: 0 passed
25.06.2014 12:39:36,266 - INFO  - Watchdog has been checked: 0 passed
25.06.2014 12:41:36,071 - INFO  - Watchdog has been checked: 0 passed
25.06.2014 12:43:35,039 - INFO  - Watchdog has been checked: 0 passed
25.06.2014 12:45:34,131 - INFO  - Watchdog has been checked: 0 passed
25.06.2014 12:47:34,059 - INFO  - Watchdog has been checked: 0 passed
25.06.2014 12:49:36,189 - INFO  - Watchdog has been checked: 0 passed
25.06.2014 12:51:36,028 - INFO  - Watchdog has been checked: 0 passed
25.06.2014 12:53:35,075 - INFO  - Watchdog has been checked: 0 passed
25.06.2014 12:55:34,164 - INFO  - Watchdog has been checked: 0 passed
25.06.2014 12:57:34,115 - INFO  - Watchdog has been checked: 0 passed
25.06.2014 12:59:34,169 - INFO  - Watchdog has been checked: 0 passed
25.06.2014 13:01:33,990 - INFO  - Watchdog has been checked: 0 passed
25.06.2014 13:03:33,251 - INFO  - Watchdog has been checked: 0 passed
25.06.2014 13:05:33,057 - INFO  - Watchdog has been checked: 0 passed
25.06.2014 13:07:33,060 - INFO  - Watchdog has been checked: 0 passed
25.06.2014 13:09:32,147 - INFO  - Watchdog has been checked: 0 passed
25.06.2014 13:11:34,089 - INFO  - Watchdog has been checked: 0 passed
25.06.2014 13:13:34,034 - INFO  - Watchdog has been checked: 0 passed
25.06.2014 13:15:34,128 - INFO  - Watchdog has been checked: 0 passed
25.06.2014 13:17:34,130 - INFO  - Watchdog has been checked: 0 passed
25.06.2014 13:19:34,313 - INFO  - Watchdog has been checked: 0 passed
25.06.2014 13:21:34,090 - INFO  - Watchdog has been checked: 0 passed
25.06.2014 13:23:34,142 - INFO  - Watchdog has been checked: 0 passed
25.06.2014 13:25:34,235 - INFO  - Watchdog has been checked: 0 passed
25.06.2014 13:27:34,261 - INFO  - Watchdog has been checked: 0 passed
25.06.2014 13:29:34,156 - INFO  - Watchdog has been checked: 0 passed
25.06.2014 13:31:34,191 - INFO  - Watchdog has been checked: 0 passed
25.06.2014 13:33:34,203 - INFO  - Watchdog has been checked: 0 passed
25.06.2014 13:35:34,316 - INFO  - Watchdog has been checked: 0 passed
25.06.2014 13:37:34,298 - INFO  - Watchdog has been checked: 0 passed
25.06.2014 13:39:34,150 - INFO  - Watchdog has been checked: 0 passed
25.06.2014 13:41:34,176 - INFO  - Watchdog has been checked: 0 passed
25.06.2014 13:43:34,225 - INFO  - Watchdog has been checked: 0 passed
25.06.2014 13:45:34,215 - INFO  - Watchdog has been checked: 0 passed
25.06.2014 13:45:39,701 - INFO  - searcher identified --- respT: 42ms, 39960 results, q=, 
25.06.2014 13:45:43,384 - INFO  - searcher identified --- respT: 17ms, 24 results, q=buecklers task, 
25.06.2014 13:45:59,613 - INFO  - searcher identified --- respT: 18ms, 24 results, q=buecklers task, page turned
25.06.2014 13:46:19,297 - INFO  - searcher identified --- respT: 23ms, 24 results, q=buecklers task, page turned
25.06.2014 13:47:34,170 - INFO  - Watchdog has been checked: 0 passed
25.06.2014 13:49:34,400 - INFO  - Watchdog has been checked: 0 passed
25.06.2014 13:51:36,417 - INFO  - Watchdog has been checked: 0 passed
25.06.2014 13:53:36,207 - INFO  - Watchdog has been checked: 0 passed
25.06.2014 13:55:36,322 - INFO  - Watchdog has been checked: 0 passed
25.06.2014 13:57:36,245 - INFO  - Watchdog has been checked: 0 passed
25.06.2014 13:59:36,293 - INFO  - Watchdog has been checked: 0 passed
25.06.2014 14:01:36,126 - INFO  - Watchdog has been checked: 0 passed
25.06.2014 14:03:35,160 - INFO  - Watchdog has been checked: 0 passed
25.06.2014 14:05:35,245 - INFO  - Watchdog has been checked: 0 passed
25.06.2014 14:07:35,236 - INFO  - Watchdog has been checked: 0 passed
25.06.2014 14:09:35,331 - INFO  - Watchdog has been checked: 0 passed
25.06.2014 14:11:35,090 - INFO  - Watchdog has been checked: 0 passed
25.06.2014 14:13:36,104 - INFO  - Watchdog has been checked: 0 passed
25.06.2014 14:15:35,203 - INFO  - Watchdog has been checked: 0 passed
25.06.2014 14:17:34,329 - INFO  - Watchdog has been checked: 0 passed
25.06.2014 14:19:34,263 - INFO  - Watchdog has been checked: 0 passed
25.06.2014 14:21:34,329 - INFO  - Watchdog has been checked: 0 passed
25.06.2014 14:23:34,312 - INFO  - Watchdog has been checked: 0 passed
25.06.2014 14:25:34,130 - INFO  - Watchdog has been checked: 0 passed
25.06.2014 14:27:34,311 - INFO  - Watchdog has been checked: 0 passed
25.06.2014 14:29:34,191 - INFO  - Watchdog has been checked: 0 passed
25.06.2014 14:31:34,329 - INFO  - Watchdog has been checked: 0 passed
25.06.2014 14:33:34,338 - INFO  - Watchdog has been checked: 0 passed
25.06.2014 14:35:34,156 - INFO  - Watchdog has been checked: 0 passed
25.06.2014 14:37:34,132 - INFO  - Watchdog has been checked: 0 passed
25.06.2014 14:39:33,250 - INFO  - Watchdog has been checked: 0 passed
25.06.2014 14:41:33,331 - INFO  - Watchdog has been checked: 0 passed
25.06.2014 14:42:32,034 - INFO  - searcher identified --- respT: 60ms, 39958 results, q=, 
25.06.2014 14:42:36,303 - INFO  - searcher identified --- respT: 18ms, 1 results, q=lohnaus, 
25.06.2014 14:42:37,339 - INFO  - searcher identified --- respT: 18ms, 1 results, q=lohnauswe, 
25.06.2014 14:42:37,884 - INFO  - searcher identified --- respT: 18ms, 1 results, q=lohnauswei, 
25.06.2014 14:42:38,788 - INFO  - searcher identified --- respT: 14ms, 1 results, q=lohnausweis, 
25.06.2014 14:43:33,326 - INFO  - Watchdog has been checked: 0 passed
25.06.2014 14:44:02,188 - INFO  - searcher identified --- respT: 10ms, no results, q=lohnabrechnung, 
25.06.2014 14:44:04,922 - INFO  - searcher identified --- respT: 25ms, 3644 results, q=l, 
25.06.2014 14:44:08,312 - INFO  - searcher identified --- respT: 32ms, 6 results, q=gehalts, 
25.06.2014 14:45:33,072 - INFO  - Watchdog has been checked: 0 passed
25.06.2014 14:47:33,104 - INFO  - Watchdog has been checked: 0 passed
25.06.2014 14:49:33,185 - INFO  - Watchdog has been checked: 0 passed
25.06.2014 14:51:33,008 - INFO  - Watchdog has been checked: 0 passed
25.06.2014 14:53:36,291 - INFO  - Watchdog has been checked: 0 passed
25.06.2014 14:55:36,241 - INFO  - Watchdog has been checked: 0 passed
25.06.2014 14:57:36,356 - INFO  - Watchdog has been checked: 0 passed
25.06.2014 14:59:36,241 - INFO  - Watchdog has been checked: 0 passed
25.06.2014 15:01:36,281 - INFO  - Watchdog has been checked: 0 passed
25.06.2014 15:03:36,258 - INFO  - Watchdog has been checked: 0 passed
25.06.2014 15:05:36,089 - INFO  - Watchdog has been checked: 0 passed
25.06.2014 15:07:36,345 - INFO  - Watchdog has been checked: 0 passed
25.06.2014 15:09:36,135 - INFO  - Watchdog has been checked: 0 passed
25.06.2014 15:11:36,144 - INFO  - Watchdog has been checked: 0 passed
25.06.2014 15:13:36,182 - INFO  - Watchdog has been checked: 0 passed
25.06.2014 15:15:36,321 - INFO  - Watchdog has been checked: 0 passed
25.06.2014 15:17:36,293 - INFO  - Watchdog has been checked: 0 passed
25.06.2014 15:19:36,398 - INFO  - Watchdog has been checked: 0 passed
25.06.2014 15:21:36,327 - INFO  - Watchdog has been checked: 0 passed
25.06.2014 15:23:36,179 - INFO  - Watchdog has been checked: 0 passed
25.06.2014 15:25:36,289 - INFO  - Watchdog has been checked: 0 passed
25.06.2014 15:27:36,232 - INFO  - Watchdog has been checked: 0 passed
25.06.2014 15:29:36,286 - INFO  - Watchdog has been checked: 0 passed
25.06.2014 15:31:36,107 - INFO  - Watchdog has been checked: 0 passed
25.06.2014 15:33:36,135 - INFO  - Watchdog has been checked: 0 passed
25.06.2014 15:35:36,293 - INFO  - Watchdog has been checked: 0 passed
25.06.2014 15:37:36,246 - INFO  - Watchdog has been checked: 0 passed
25.06.2014 15:39:36,294 - INFO  - Watchdog has been checked: 0 passed
25.06.2014 15:41:36,109 - INFO  - Watchdog has been checked: 0 passed
25.06.2014 15:43:36,104 - INFO  - Watchdog has been checked: 0 passed
25.06.2014 15:45:36,263 - INFO  - Watchdog has been checked: 0 passed
25.06.2014 15:47:36,230 - INFO  - Watchdog has been checked: 0 passed
25.06.2014 15:49:36,363 - INFO  - Watchdog has been checked: 0 passed
25.06.2014 15:51:36,098 - INFO  - Watchdog has been checked: 0 passed
25.06.2014 15:53:35,122 - INFO  - Watchdog has been checked: 0 passed
25.06.2014 15:55:36,243 - INFO  - Watchdog has been checked: 0 passed
25.06.2014 15:57:36,226 - INFO  - Watchdog has been checked: 0 passed
25.06.2014 15:59:36,348 - INFO  - Watchdog has been checked: 0 passed
25.06.2014 16:01:36,105 - INFO  - Watchdog has been checked: 0 passed
25.06.2014 16:03:36,123 - INFO  - Watchdog has been checked: 0 passed
25.06.2014 16:05:36,304 - INFO  - Watchdog has been checked: 0 passed
25.06.2014 16:07:36,197 - INFO  - Watchdog has been checked: 0 passed
25.06.2014 16:09:36,265 - INFO  - Watchdog has been checked: 0 passed
25.06.2014 16:11:36,049 - INFO  - Watchdog has been checked: 0 passed
25.06.2014 16:13:36,115 - INFO  - Watchdog has been checked: 0 passed
25.06.2014 16:15:36,314 - INFO  - Watchdog has been checked: 0 passed
25.06.2014 16:17:36,346 - INFO  - Watchdog has been checked: 0 passed
25.06.2014 16:19:36,140 - INFO  - Watchdog has been checked: 0 passed
25.06.2014 16:21:36,210 - INFO  - Watchdog has been checked: 0 passed
25.06.2014 16:23:36,235 - INFO  - Watchdog has been checked: 0 passed
25.06.2014 16:25:36,391 - INFO  - Watchdog has been checked: 0 passed
25.06.2014 16:27:36,283 - INFO  - Watchdog has been checked: 0 passed
25.06.2014 16:29:36,108 - INFO  - Watchdog has been checked: 0 passed
25.06.2014 16:31:36,136 - INFO  - Watchdog has been checked: 0 passed
25.06.2014 16:33:36,174 - INFO  - Watchdog has been checked: 0 passed
25.06.2014 16:35:36,322 - INFO  - Watchdog has been checked: 0 passed
25.06.2014 16:37:36,353 - INFO  - Watchdog has been checked: 0 passed
25.06.2014 16:39:36,290 - INFO  - Watchdog has been checked: 0 passed
25.06.2014 16:41:36,232 - INFO  - Watchdog has been checked: 0 passed
25.06.2014 16:43:36,265 - INFO  - Watchdog has been checked: 0 passed
25.06.2014 16:45:36,216 - INFO  - Watchdog has been checked: 0 passed
25.06.2014 16:47:36,152 - INFO  - Watchdog has been checked: 0 passed
25.06.2014 16:49:36,201 - INFO  - Watchdog has been checked: 0 passed
25.06.2014 16:51:36,288 - INFO  - Watchdog has been checked: 0 passed
25.06.2014 16:53:36,276 - INFO  - Watchdog has been checked: 0 passed
25.06.2014 16:55:36,216 - INFO  - Watchdog has been checked: 0 passed
25.06.2014 16:57:37,163 - INFO  - Watchdog has been checked: 0 passed
25.06.2014 16:59:36,322 - INFO  - Watchdog has been checked: 0 passed
25.06.2014 17:01:36,354 - INFO  - Watchdog has been checked: 0 passed
25.06.2014 17:03:36,102 - INFO  - Watchdog has been checked: 0 passed
25.06.2014 17:05:36,243 - INFO  - Watchdog has been checked: 0 passed
25.06.2014 17:07:36,225 - INFO  - Watchdog has been checked: 0 passed
25.06.2014 17:09:36,292 - INFO  - Watchdog has been checked: 0 passed
25.06.2014 17:11:36,140 - INFO  - Watchdog has been checked: 0 passed
25.06.2014 17:13:36,184 - INFO  - Watchdog has been checked: 0 passed
25.06.2014 17:15:36,285 - INFO  - Watchdog has been checked: 0 passed
25.06.2014 17:17:36,266 - INFO  - Watchdog has been checked: 0 passed
25.06.2014 17:19:36,377 - INFO  - Watchdog has been checked: 0 passed
25.06.2014 17:21:36,124 - INFO  - Watchdog has been checked: 0 passed
25.06.2014 17:23:36,115 - INFO  - Watchdog has been checked: 0 passed
25.06.2014 17:25:36,266 - INFO  - Watchdog has been checked: 0 passed
25.06.2014 17:27:36,286 - INFO  - Watchdog has been checked: 0 passed
25.06.2014 17:29:36,109 - INFO  - Watchdog has been checked: 0 passed
25.06.2014 17:31:36,131 - INFO  - Watchdog has been checked: 0 passed
25.06.2014 17:33:36,144 - INFO  - Watchdog has been checked: 0 passed
25.06.2014 17:35:36,249 - INFO  - Watchdog has been checked: 0 passed
25.06.2014 17:37:36,271 - INFO  - Watchdog has been checked: 0 passed
25.06.2014 17:39:36,314 - INFO  - Watchdog has been checked: 0 passed
25.06.2014 17:41:36,114 - INFO  - Watchdog has been checked: 0 passed
25.06.2014 17:43:36,092 - INFO  - Watchdog has been checked: 0 passed
25.06.2014 17:45:36,340 - INFO  - Watchdog has been checked: 0 passed
25.06.2014 17:47:36,274 - INFO  - Watchdog has been checked: 0 passed
25.06.2014 17:49:36,035 - INFO  - Watchdog has been checked: 0 passed
25.06.2014 17:51:35,064 - INFO  - Watchdog has been checked: 0 passed
25.06.2014 17:53:34,076 - INFO  - Watchdog has been checked: 0 passed
25.06.2014 17:55:33,108 - INFO  - Watchdog has been checked: 0 passed
25.06.2014 17:57:33,057 - INFO  - Watchdog has been checked: 0 passed
25.06.2014 17:59:35,975 - INFO  - Watchdog has been checked: 0 passed
25.06.2014 18:01:35,074 - INFO  - Watchdog has been checked: 0 passed
25.06.2014 18:03:34,116 - INFO  - Watchdog has been checked: 0 passed
25.06.2014 18:05:33,193 - INFO  - Watchdog has been checked: 0 passed
25.06.2014 18:07:33,287 - INFO  - Watchdog has been checked: 0 passed
25.06.2014 18:09:32,951 - INFO  - Watchdog has been checked: 0 passed
25.06.2014 18:11:32,098 - INFO  - Watchdog has been checked: 0 passed
25.06.2014 18:13:30,962 - INFO  - Watchdog has been checked: 0 passed
25.06.2014 18:15:30,104 - INFO  - Watchdog has been checked: 0 passed
25.06.2014 18:17:29,130 - INFO  - Watchdog has been checked: 0 passed
25.06.2014 18:19:28,255 - INFO  - Watchdog has been checked: 0 passed
25.06.2014 18:21:28,147 - INFO  - Watchdog has been checked: 0 passed
25.06.2014 18:23:28,165 - INFO  - Watchdog has been checked: 0 passed
25.06.2014 18:25:28,289 - INFO  - Watchdog has been checked: 0 passed
25.06.2014 18:27:28,271 - INFO  - Watchdog has been checked: 0 passed
25.06.2014 18:29:28,188 - INFO  - Watchdog has been checked: 0 passed
25.06.2014 18:31:27,259 - INFO  - Watchdog has been checked: 0 passed
25.06.2014 18:33:27,318 - INFO  - Watchdog has been checked: 0 passed
25.06.2014 18:35:27,191 - INFO  - Watchdog has been checked: 0 passed
25.06.2014 18:37:27,369 - INFO  - Watchdog has been checked: 0 passed
25.06.2014 18:39:27,198 - INFO  - Watchdog has been checked: 0 passed
25.06.2014 18:41:27,324 - INFO  - Watchdog has been checked: 0 passed
25.06.2014 18:43:27,311 - INFO  - Watchdog has been checked: 0 passed
25.06.2014 18:45:27,394 - INFO  - Watchdog has been checked: 0 passed
25.06.2014 18:47:27,335 - INFO  - Watchdog has been checked: 0 passed
25.06.2014 18:49:27,273 - INFO  - Watchdog has been checked: 0 passed
25.06.2014 18:51:27,348 - INFO  - Watchdog has been checked: 0 passed
25.06.2014 18:53:27,379 - INFO  - Watchdog has been checked: 0 passed
25.06.2014 18:55:27,253 - INFO  - Watchdog has been checked: 0 passed
25.06.2014 18:57:27,474 - INFO  - Watchdog has been checked: 0 passed
25.06.2014 18:59:27,323 - INFO  - Watchdog has been checked: 0 passed
25.06.2014 19:01:27,410 - INFO  - Watchdog has been checked: 0 passed
25.06.2014 19:03:27,486 - INFO  - Watchdog has been checked: 0 passed
25.06.2014 19:05:27,480 - INFO  - Watchdog has been checked: 0 passed
25.06.2014 19:07:27,517 - INFO  - Watchdog has been checked: 0 passed
25.06.2014 19:09:27,340 - INFO  - Watchdog has been checked: 0 passed
25.06.2014 19:11:27,420 - INFO  - Watchdog has been checked: 0 passed
25.06.2014 19:13:27,488 - INFO  - Watchdog has been checked: 0 passed
25.06.2014 19:15:27,243 - INFO  - Watchdog has been checked: 0 passed
25.06.2014 19:17:27,245 - INFO  - Watchdog has been checked: 0 passed
25.06.2014 19:19:27,297 - INFO  - Watchdog has been checked: 0 passed
25.06.2014 19:21:27,360 - INFO  - Watchdog has been checked: 0 passed
25.06.2014 19:23:27,393 - INFO  - Watchdog has been checked: 0 passed
25.06.2014 19:25:27,152 - INFO  - Watchdog has been checked: 0 passed
25.06.2014 19:27:27,098 - INFO  - Watchdog has been checked: 0 passed
25.06.2014 19:29:26,162 - INFO  - Watchdog has been checked: 0 passed
25.06.2014 19:31:26,011 - INFO  - Watchdog has been checked: 0 passed
25.06.2014 19:33:25,106 - INFO  - Watchdog has been checked: 0 passed
25.06.2014 19:35:24,896 - INFO  - Watchdog has been checked: 0 passed
25.06.2014 19:37:24,102 - INFO  - Watchdog has been checked: 0 passed
25.06.2014 19:39:23,965 - INFO  - Watchdog has been checked: 0 passed
25.06.2014 19:41:23,047 - INFO  - Watchdog has been checked: 0 passed
25.06.2014 19:43:22,957 - INFO  - Watchdog has been checked: 0 passed
25.06.2014 19:45:21,960 - INFO  - Watchdog has been checked: 0 passed
25.06.2014 19:47:21,968 - INFO  - Watchdog has been checked: 0 passed
25.06.2014 19:49:24,802 - INFO  - Watchdog has been checked: 0 passed
25.06.2014 19:51:24,020 - INFO  - Watchdog has been checked: 0 passed
25.06.2014 19:53:24,099 - INFO  - Watchdog has been checked: 0 passed
25.06.2014 19:55:24,168 - INFO  - Watchdog has been checked: 0 passed
25.06.2014 19:57:24,245 - INFO  - Watchdog has been checked: 0 passed
25.06.2014 19:59:24,316 - INFO  - Watchdog has been checked: 0 passed
25.06.2014 20:01:24,165 - INFO  - Watchdog has been checked: 0 passed
25.06.2014 20:03:23,223 - INFO  - Watchdog has been checked: 0 passed
25.06.2014 20:05:23,385 - INFO  - Watchdog has been checked: 0 passed
25.06.2014 20:07:24,295 - INFO  - Watchdog has been checked: 0 passed
25.06.2014 20:09:24,229 - INFO  - Watchdog has been checked: 0 passed
25.06.2014 20:11:24,317 - INFO  - Watchdog has been checked: 0 passed
25.06.2014 20:13:24,219 - INFO  - Watchdog has been checked: 0 passed
25.06.2014 20:15:23,374 - INFO  - Watchdog has been checked: 0 passed
25.06.2014 20:17:23,328 - INFO  - Watchdog has been checked: 0 passed
25.06.2014 20:19:23,221 - INFO  - Watchdog has been checked: 0 passed
25.06.2014 20:21:23,265 - INFO  - Watchdog has been checked: 0 passed
25.06.2014 20:23:23,252 - INFO  - Watchdog has been checked: 0 passed
25.06.2014 20:25:23,080 - INFO  - Watchdog has been checked: 0 passed
25.06.2014 20:27:22,321 - INFO  - Watchdog has been checked: 0 passed
25.06.2014 20:29:26,181 - INFO  - Watchdog has been checked: 0 passed
25.06.2014 20:31:26,295 - INFO  - Watchdog has been checked: 0 passed
25.06.2014 20:33:26,301 - INFO  - Watchdog has been checked: 0 passed
25.06.2014 20:35:26,156 - INFO  - Watchdog has been checked: 0 passed
25.06.2014 20:37:26,104 - INFO  - Watchdog has been checked: 0 passed
25.06.2014 20:39:25,250 - INFO  - Watchdog has been checked: 0 passed
25.06.2014 20:41:25,071 - INFO  - Watchdog has been checked: 0 passed
25.06.2014 20:43:24,148 - INFO  - Watchdog has been checked: 0 passed
25.06.2014 20:45:24,254 - INFO  - Watchdog has been checked: 0 passed
25.06.2014 20:47:24,159 - INFO  - Watchdog has been checked: 0 passed
25.06.2014 20:49:23,044 - INFO  - Watchdog has been checked: 0 passed
25.06.2014 20:51:25,074 - INFO  - Watchdog has been checked: 0 passed
25.06.2014 20:53:25,078 - INFO  - Watchdog has been checked: 0 passed
25.06.2014 20:55:25,159 - INFO  - Watchdog has been checked: 0 passed
25.06.2014 20:57:25,126 - INFO  - Watchdog has been checked: 0 passed
25.06.2014 20:59:24,992 - INFO  - Watchdog has been checked: 0 passed
25.06.2014 21:01:25,132 - INFO  - Watchdog has been checked: 0 passed
25.06.2014 21:03:25,099 - INFO  - Watchdog has been checked: 0 passed
25.06.2014 21:05:25,192 - INFO  - Watchdog has been checked: 0 passed
25.06.2014 21:07:25,164 - INFO  - Watchdog has been checked: 0 passed
25.06.2014 21:09:25,129 - INFO  - Watchdog has been checked: 0 passed
25.06.2014 21:11:25,193 - INFO  - Watchdog has been checked: 0 passed
25.06.2014 21:13:25,187 - INFO  - Watchdog has been checked: 0 passed
25.06.2014 21:15:25,289 - INFO  - Watchdog has been checked: 0 passed
25.06.2014 21:17:25,257 - INFO  - Watchdog has been checked: 0 passed
25.06.2014 21:19:25,122 - INFO  - Watchdog has been checked: 0 passed
25.06.2014 21:21:25,257 - INFO  - Watchdog has been checked: 0 passed
25.06.2014 21:23:25,276 - INFO  - Watchdog has been checked: 0 passed
25.06.2014 21:25:25,334 - INFO  - Watchdog has been checked: 0 passed
25.06.2014 21:27:25,345 - INFO  - Watchdog has been checked: 0 passed
25.06.2014 21:29:25,170 - INFO  - Watchdog has been checked: 0 passed
25.06.2014 21:31:26,163 - INFO  - Watchdog has been checked: 0 passed
25.06.2014 21:33:25,258 - INFO  - Watchdog has been checked: 0 passed
25.06.2014 21:35:25,096 - INFO  - Watchdog has been checked: 0 passed
25.06.2014 21:37:25,332 - INFO  - Watchdog has been checked: 0 passed
25.06.2014 21:39:25,173 - INFO  - Watchdog has been checked: 0 passed
25.06.2014 21:41:25,269 - INFO  - Watchdog has been checked: 0 passed
25.06.2014 21:43:25,355 - INFO  - Watchdog has been checked: 0 passed
25.06.2014 21:45:25,378 - INFO  - Watchdog has been checked: 0 passed
25.06.2014 21:47:25,367 - INFO  - Watchdog has been checked: 0 passed
25.06.2014 21:49:25,166 - INFO  - Watchdog has been checked: 0 passed
25.06.2014 21:51:25,216 - INFO  - Watchdog has been checked: 0 passed
25.06.2014 21:53:26,239 - INFO  - Watchdog has been checked: 0 passed
25.06.2014 21:55:26,075 - INFO  - Watchdog has been checked: 0 passed
25.06.2014 21:57:25,121 - INFO  - Watchdog has been checked: 0 passed
25.06.2014 21:59:25,156 - INFO  - Watchdog has been checked: 0 passed
25.06.2014 22:01:25,218 - INFO  - Watchdog has been checked: 0 passed
25.06.2014 22:03:25,024 - INFO  - Watchdog has been checked: 0 passed
25.06.2014 22:05:24,069 - INFO  - Watchdog has been checked: 0 passed
25.06.2014 22:07:24,026 - INFO  - Watchdog has been checked: 0 passed
25.06.2014 22:09:23,154 - INFO  - Watchdog has been checked: 0 passed
25.06.2014 22:11:23,228 - INFO  - Watchdog has been checked: 0 passed
25.06.2014 22:13:23,046 - INFO  - Watchdog has been checked: 0 passed
25.06.2014 22:15:22,168 - INFO  - Watchdog has been checked: 0 passed
25.06.2014 22:17:22,128 - INFO  - Watchdog has been checked: 0 passed
25.06.2014 22:19:22,225 - INFO  - Watchdog has been checked: 0 passed
25.06.2014 22:21:22,261 - INFO  - Watchdog has been checked: 0 passed
25.06.2014 22:23:22,309 - INFO  - Watchdog has been checked: 0 passed
25.06.2014 22:25:22,105 - INFO  - Watchdog has been checked: 0 passed
25.06.2014 22:27:22,194 - INFO  - Watchdog has been checked: 0 passed
25.06.2014 22:29:22,333 - INFO  - Watchdog has been checked: 0 passed
25.06.2014 22:31:22,133 - INFO  - Watchdog has been checked: 0 passed
25.06.2014 22:33:26,178 - INFO  - Watchdog has been checked: 0 passed
25.06.2014 22:35:26,100 - INFO  - Watchdog has been checked: 0 passed
25.06.2014 22:37:26,091 - INFO  - Watchdog has been checked: 0 passed
25.06.2014 22:39:26,262 - INFO  - Watchdog has been checked: 0 passed
25.06.2014 22:41:26,298 - INFO  - Watchdog has been checked: 0 passed
25.06.2014 22:43:26,364 - INFO  - Watchdog has been checked: 0 passed
25.06.2014 22:45:26,214 - INFO  - Watchdog has been checked: 0 passed
25.06.2014 22:47:26,179 - INFO  - Watchdog has been checked: 0 passed
25.06.2014 22:49:26,333 - INFO  - Watchdog has been checked: 0 passed
25.06.2014 22:51:26,142 - INFO  - Watchdog has been checked: 0 passed
25.06.2014 22:53:26,202 - INFO  - Watchdog has been checked: 0 passed
25.06.2014 22:55:26,279 - INFO  - Watchdog has been checked: 0 passed
25.06.2014 22:57:26,237 - INFO  - Watchdog has been checked: 0 passed
25.06.2014 22:59:26,365 - INFO  - Watchdog has been checked: 0 passed
25.06.2014 23:01:26,197 - INFO  - Watchdog has been checked: 0 passed
25.06.2014 23:03:26,214 - INFO  - Watchdog has been checked: 0 passed
25.06.2014 23:05:26,308 - INFO  - Watchdog has been checked: 0 passed
25.06.2014 23:07:26,248 - INFO  - Watchdog has been checked: 0 passed
25.06.2014 23:09:26,353 - INFO  - Watchdog has been checked: 0 passed
25.06.2014 23:11:26,169 - INFO  - Watchdog has been checked: 0 passed
25.06.2014 23:13:26,152 - INFO  - Watchdog has been checked: 0 passed
25.06.2014 23:15:26,253 - INFO  - Watchdog has been checked: 0 passed
25.06.2014 23:17:26,183 - INFO  - Watchdog has been checked: 0 passed
25.06.2014 23:19:26,405 - INFO  - Watchdog has been checked: 0 passed
25.06.2014 23:21:26,126 - INFO  - Watchdog has been checked: 0 passed
25.06.2014 23:23:26,122 - INFO  - Watchdog has been checked: 0 passed
25.06.2014 23:25:25,204 - INFO  - Watchdog has been checked: 0 passed
25.06.2014 23:27:25,208 - INFO  - Watchdog has been checked: 0 passed
25.06.2014 23:29:24,293 - INFO  - Watchdog has been checked: 0 passed
25.06.2014 23:31:24,066 - INFO  - Watchdog has been checked: 0 passed
25.06.2014 23:33:23,074 - INFO  - Watchdog has been checked: 0 passed
25.06.2014 23:35:26,187 - INFO  - Watchdog has been checked: 0 passed
25.06.2014 23:37:25,086 - INFO  - Watchdog has been checked: 0 passed
25.06.2014 23:39:23,998 - INFO  - Watchdog has been checked: 0 passed
25.06.2014 23:41:23,110 - INFO  - Watchdog has been checked: 0 passed
25.06.2014 23:43:22,041 - INFO  - Watchdog has been checked: 0 passed
25.06.2014 23:45:21,139 - INFO  - Watchdog has been checked: 0 passed
25.06.2014 23:47:21,137 - INFO  - Watchdog has been checked: 0 passed
25.06.2014 23:49:20,884 - INFO  - Watchdog has been checked: 0 passed
25.06.2014 23:51:19,957 - INFO  - Watchdog has been checked: 0 passed
25.06.2014 23:53:19,024 - INFO  - Watchdog has been checked: 0 passed
25.06.2014 23:55:18,094 - INFO  - Watchdog has been checked: 0 passed
25.06.2014 23:57:18,165 - INFO  - Watchdog has been checked: 0 passed
25.06.2014 23:59:18,197 - INFO  - Watchdog has been checked: 0 passed
