25.08.2014 00:01:38,378 - INFO  - Watchdog has been checked: 0 passed
25.08.2014 00:03:38,263 - INFO  - Watchdog has been checked: 0 passed
25.08.2014 00:05:38,325 - INFO  - Watchdog has been checked: 0 passed
25.08.2014 00:07:38,350 - INFO  - Watchdog has been checked: 0 passed
25.08.2014 00:09:38,346 - INFO  - Watchdog has been checked: 0 passed
25.08.2014 00:11:38,269 - INFO  - Watchdog has been checked: 0 passed
25.08.2014 00:13:38,436 - INFO  - Watchdog has been checked: 0 passed
25.08.2014 00:15:38,318 - INFO  - Watchdog has been checked: 0 passed
25.08.2014 00:17:38,286 - INFO  - Watchdog has been checked: 0 passed
25.08.2014 00:19:38,268 - INFO  - Watchdog has been checked: 0 passed
25.08.2014 00:21:38,203 - INFO  - Watchdog has been checked: 0 passed
25.08.2014 00:23:38,083 - INFO  - Watchdog has been checked: 0 passed
25.08.2014 00:25:39,096 - INFO  - Watchdog has been checked: 0 passed
25.08.2014 00:27:38,115 - INFO  - Watchdog has been checked: 0 passed
25.08.2014 00:29:36,976 - INFO  - Watchdog has been checked: 0 passed
25.08.2014 00:31:36,123 - INFO  - Watchdog has been checked: 0 passed
25.08.2014 00:33:38,105 - INFO  - Watchdog has been checked: 0 passed
25.08.2014 00:35:37,067 - INFO  - Watchdog has been checked: 0 passed
25.08.2014 00:37:36,134 - INFO  - Watchdog has been checked: 0 passed
25.08.2014 00:39:36,224 - INFO  - Watchdog has been checked: 0 passed
25.08.2014 00:41:36,080 - INFO  - Watchdog has been checked: 0 passed
25.08.2014 00:43:35,167 - INFO  - Watchdog has been checked: 0 passed
25.08.2014 00:45:35,272 - INFO  - Watchdog has been checked: 0 passed
25.08.2014 00:47:35,270 - INFO  - Watchdog has been checked: 0 passed
25.08.2014 00:49:35,384 - INFO  - Watchdog has been checked: 0 passed
25.08.2014 00:51:35,390 - INFO  - Watchdog has been checked: 0 passed
25.08.2014 00:53:35,226 - INFO  - Watchdog has been checked: 0 passed
25.08.2014 00:55:35,375 - INFO  - Watchdog has been checked: 0 passed
25.08.2014 00:57:35,339 - INFO  - Watchdog has been checked: 0 passed
25.08.2014 00:59:35,459 - INFO  - Watchdog has been checked: 0 passed
25.08.2014 01:01:35,339 - INFO  - Watchdog has been checked: 0 passed
25.08.2014 01:03:35,479 - INFO  - Watchdog has been checked: 0 passed
25.08.2014 01:05:35,377 - INFO  - Watchdog has been checked: 0 passed
25.08.2014 01:07:35,373 - INFO  - Watchdog has been checked: 0 passed
25.08.2014 01:09:35,328 - INFO  - Watchdog has been checked: 0 passed
25.08.2014 01:11:35,462 - INFO  - Watchdog has been checked: 0 passed
25.08.2014 01:13:35,314 - INFO  - Watchdog has been checked: 0 passed
25.08.2014 01:15:35,523 - INFO  - Watchdog has been checked: 0 passed
25.08.2014 01:17:35,523 - INFO  - Watchdog has been checked: 0 passed
25.08.2014 01:19:35,312 - INFO  - Watchdog has been checked: 0 passed
25.08.2014 01:21:35,496 - INFO  - Watchdog has been checked: 0 passed
25.08.2014 01:23:35,280 - INFO  - Watchdog has been checked: 0 passed
25.08.2014 01:25:35,270 - INFO  - Watchdog has been checked: 0 passed
25.08.2014 01:27:35,495 - INFO  - Watchdog has been checked: 0 passed
25.08.2014 01:29:35,230 - INFO  - Watchdog has been checked: 0 passed
25.08.2014 01:31:35,144 - INFO  - Watchdog has been checked: 0 passed
25.08.2014 01:33:35,172 - INFO  - Watchdog has been checked: 0 passed
25.08.2014 01:35:37,647 - INFO  - Watchdog has been checked: 0 passed
25.08.2014 01:37:37,045 - INFO  - Watchdog has been checked: 0 passed
25.08.2014 01:39:36,068 - INFO  - Watchdog has been checked: 0 passed
25.08.2014 01:41:35,043 - INFO  - Watchdog has been checked: 0 passed
25.08.2014 01:43:34,029 - INFO  - Watchdog has been checked: 0 passed
25.08.2014 01:45:33,180 - INFO  - Watchdog has been checked: 0 passed
25.08.2014 01:47:33,239 - INFO  - Watchdog has been checked: 0 passed
25.08.2014 01:49:33,050 - INFO  - Watchdog has been checked: 0 passed
25.08.2014 01:51:32,227 - INFO  - Watchdog has been checked: 0 passed
25.08.2014 01:53:32,257 - INFO  - Watchdog has been checked: 0 passed
25.08.2014 01:55:32,114 - INFO  - Watchdog has been checked: 0 passed
25.08.2014 01:57:32,212 - INFO  - Watchdog has been checked: 0 passed
25.08.2014 01:59:32,295 - INFO  - Watchdog has been checked: 0 passed
25.08.2014 02:01:32,269 - INFO  - Watchdog has been checked: 0 passed
25.08.2014 02:03:32,080 - INFO  - Watchdog has been checked: 0 passed
25.08.2014 02:05:31,159 - INFO  - Watchdog has been checked: 0 passed
25.08.2014 02:07:31,255 - INFO  - Watchdog has been checked: 0 passed
25.08.2014 02:09:31,287 - INFO  - Watchdog has been checked: 0 passed
25.08.2014 02:11:31,195 - INFO  - Watchdog has been checked: 0 passed
25.08.2014 02:13:31,379 - INFO  - Watchdog has been checked: 0 passed
25.08.2014 02:15:31,148 - INFO  - Watchdog has been checked: 0 passed
25.08.2014 02:17:31,283 - INFO  - Watchdog has been checked: 0 passed
25.08.2014 02:19:31,320 - INFO  - Watchdog has been checked: 0 passed
25.08.2014 02:21:31,153 - INFO  - Watchdog has been checked: 0 passed
25.08.2014 02:23:31,309 - INFO  - Watchdog has been checked: 0 passed
25.08.2014 02:25:31,184 - INFO  - Watchdog has been checked: 0 passed
25.08.2014 02:27:31,357 - INFO  - Watchdog has been checked: 0 passed
25.08.2014 02:29:31,155 - INFO  - Watchdog has been checked: 0 passed
25.08.2014 02:31:31,144 - INFO  - Watchdog has been checked: 0 passed
25.08.2014 02:33:31,306 - INFO  - Watchdog has been checked: 0 passed
25.08.2014 02:35:31,373 - INFO  - Watchdog has been checked: 0 passed
25.08.2014 02:37:31,177 - INFO  - Watchdog has been checked: 0 passed
25.08.2014 02:39:31,239 - INFO  - Watchdog has been checked: 0 passed
25.08.2014 02:41:31,315 - INFO  - Watchdog has been checked: 0 passed
25.08.2014 02:43:31,179 - INFO  - Watchdog has been checked: 0 passed
25.08.2014 02:45:31,217 - INFO  - Watchdog has been checked: 0 passed
25.08.2014 02:47:31,220 - INFO  - Watchdog has been checked: 0 passed
25.08.2014 02:49:31,405 - INFO  - Watchdog has been checked: 0 passed
25.08.2014 02:51:31,266 - INFO  - Watchdog has been checked: 0 passed
25.08.2014 02:53:31,498 - INFO  - Watchdog has been checked: 0 passed
25.08.2014 02:55:31,691 - INFO  - Watchdog has been checked: 0 passed
25.08.2014 02:57:31,253 - INFO  - Watchdog has been checked: 0 passed
25.08.2014 02:59:31,373 - INFO  - Watchdog has been checked: 0 passed
25.08.2014 03:01:31,263 - INFO  - Watchdog has been checked: 0 passed
25.08.2014 03:03:31,083 - INFO  - Watchdog has been checked: 0 passed
25.08.2014 03:05:30,012 - INFO  - Watchdog has been checked: 0 passed
25.08.2014 03:07:30,122 - INFO  - Watchdog has been checked: 0 passed
25.08.2014 03:09:29,086 - INFO  - Watchdog has been checked: 0 passed
25.08.2014 03:11:28,175 - INFO  - Watchdog has been checked: 0 passed
25.08.2014 03:13:28,293 - INFO  - Watchdog has been checked: 0 passed
25.08.2014 03:15:28,208 - INFO  - Watchdog has been checked: 0 passed
25.08.2014 03:17:28,207 - INFO  - Watchdog has been checked: 0 passed
25.08.2014 03:19:28,351 - INFO  - Watchdog has been checked: 0 passed
25.08.2014 03:21:28,203 - INFO  - Watchdog has been checked: 0 passed
25.08.2014 03:23:28,299 - INFO  - Watchdog has been checked: 0 passed
25.08.2014 03:25:28,200 - INFO  - Watchdog has been checked: 0 passed
25.08.2014 03:27:28,172 - INFO  - Watchdog has been checked: 0 passed
25.08.2014 03:29:28,286 - INFO  - Watchdog has been checked: 0 passed
25.08.2014 03:31:28,183 - INFO  - Watchdog has been checked: 0 passed
25.08.2014 03:33:28,300 - INFO  - Watchdog has been checked: 0 passed
25.08.2014 03:35:28,131 - INFO  - Watchdog has been checked: 0 passed
25.08.2014 03:37:28,161 - INFO  - Watchdog has been checked: 0 passed
25.08.2014 03:39:28,264 - INFO  - Watchdog has been checked: 0 passed
25.08.2014 03:41:28,130 - INFO  - Watchdog has been checked: 0 passed
25.08.2014 03:43:28,183 - INFO  - Watchdog has been checked: 0 passed
25.08.2014 03:45:28,378 - INFO  - Watchdog has been checked: 0 passed
25.08.2014 03:47:28,361 - INFO  - Watchdog has been checked: 0 passed
25.08.2014 03:49:28,166 - INFO  - Watchdog has been checked: 0 passed
25.08.2014 03:51:28,273 - INFO  - Watchdog has been checked: 0 passed
25.08.2014 03:53:28,521 - INFO  - Watchdog has been checked: 0 passed
25.08.2014 03:55:28,287 - INFO  - Watchdog has been checked: 0 passed
25.08.2014 03:57:28,257 - INFO  - Watchdog has been checked: 0 passed
25.08.2014 03:59:28,327 - INFO  - Watchdog has been checked: 0 passed
25.08.2014 04:01:28,251 - INFO  - Watchdog has been checked: 0 passed
25.08.2014 04:03:28,311 - INFO  - Watchdog has been checked: 0 passed
25.08.2014 04:05:29,517 - INFO  - Watchdog has been checked: 0 passed
25.08.2014 04:07:29,234 - INFO  - Watchdog has been checked: 0 passed
25.08.2014 04:09:29,265 - INFO  - Watchdog has been checked: 0 passed
25.08.2014 04:11:29,187 - INFO  - Watchdog has been checked: 0 passed
25.08.2014 04:13:29,231 - INFO  - Watchdog has been checked: 0 passed
25.08.2014 04:15:29,323 - INFO  - Watchdog has been checked: 0 passed
25.08.2014 04:17:29,171 - INFO  - Watchdog has been checked: 0 passed
25.08.2014 04:19:29,215 - INFO  - Watchdog has been checked: 0 passed
25.08.2014 04:21:29,415 - INFO  - Watchdog has been checked: 0 passed
25.08.2014 04:23:29,280 - INFO  - Watchdog has been checked: 0 passed
25.08.2014 04:25:29,359 - INFO  - Watchdog has been checked: 0 passed
25.08.2014 04:27:29,155 - INFO  - Watchdog has been checked: 0 passed
25.08.2014 04:29:29,164 - INFO  - Watchdog has been checked: 0 passed
25.08.2014 04:31:29,057 - INFO  - Watchdog has been checked: 0 passed
25.08.2014 04:33:28,237 - INFO  - Watchdog has been checked: 0 passed
25.08.2014 04:35:28,305 - INFO  - Watchdog has been checked: 0 passed
25.08.2014 04:37:28,156 - INFO  - Watchdog has been checked: 0 passed
25.08.2014 04:39:28,164 - INFO  - Watchdog has been checked: 0 passed
25.08.2014 04:41:28,112 - INFO  - Watchdog has been checked: 0 passed
25.08.2014 04:43:28,267 - INFO  - Watchdog has been checked: 0 passed
25.08.2014 04:45:28,208 - INFO  - Watchdog has been checked: 0 passed
25.08.2014 04:47:28,288 - INFO  - Watchdog has been checked: 0 passed
25.08.2014 04:49:28,291 - INFO  - Watchdog has been checked: 0 passed
25.08.2014 04:51:28,179 - INFO  - Watchdog has been checked: 0 passed
25.08.2014 04:53:28,612 - INFO  - Watchdog has been checked: 0 passed
25.08.2014 04:55:28,223 - INFO  - Watchdog has been checked: 0 passed
25.08.2014 04:57:28,211 - INFO  - Watchdog has been checked: 0 passed
25.08.2014 04:59:28,296 - INFO  - Watchdog has been checked: 0 passed
25.08.2014 05:01:28,219 - INFO  - Watchdog has been checked: 0 passed
25.08.2014 05:03:28,484 - INFO  - Watchdog has been checked: 0 passed
25.08.2014 05:05:28,208 - INFO  - Watchdog has been checked: 0 passed
25.08.2014 05:07:28,264 - INFO  - Watchdog has been checked: 0 passed
25.08.2014 05:09:28,169 - INFO  - Watchdog has been checked: 0 passed
25.08.2014 05:11:28,328 - INFO  - Watchdog has been checked: 0 passed
25.08.2014 05:13:28,266 - INFO  - Watchdog has been checked: 0 passed
25.08.2014 05:15:28,262 - INFO  - Watchdog has been checked: 0 passed
25.08.2014 05:17:28,352 - INFO  - Watchdog has been checked: 0 passed
25.08.2014 05:19:28,108 - INFO  - Watchdog has been checked: 0 passed
25.08.2014 05:21:28,305 - INFO  - Watchdog has been checked: 0 passed
25.08.2014 05:23:28,069 - INFO  - Watchdog has been checked: 0 passed
25.08.2014 05:25:28,156 - INFO  - Watchdog has been checked: 0 passed
25.08.2014 05:27:28,296 - INFO  - Watchdog has been checked: 0 passed
25.08.2014 05:29:28,115 - INFO  - Watchdog has been checked: 0 passed
25.08.2014 05:31:28,209 - INFO  - Watchdog has been checked: 0 passed
25.08.2014 05:33:28,334 - INFO  - Watchdog has been checked: 0 passed
25.08.2014 05:35:28,153 - INFO  - Watchdog has been checked: 0 passed
25.08.2014 05:37:28,159 - INFO  - Watchdog has been checked: 0 passed
25.08.2014 05:39:28,238 - INFO  - Watchdog has been checked: 0 passed
25.08.2014 05:41:28,096 - INFO  - Watchdog has been checked: 0 passed
25.08.2014 05:43:27,140 - INFO  - Watchdog has been checked: 0 passed
25.08.2014 05:45:27,364 - INFO  - Watchdog has been checked: 0 passed
25.08.2014 05:47:27,055 - INFO  - Watchdog has been checked: 0 passed
25.08.2014 05:49:26,139 - INFO  - Watchdog has been checked: 0 passed
25.08.2014 05:51:26,314 - INFO  - Watchdog has been checked: 0 passed
25.08.2014 05:53:26,113 - INFO  - Watchdog has been checked: 0 passed
25.08.2014 05:55:26,265 - INFO  - Watchdog has been checked: 0 passed
25.08.2014 05:57:26,255 - INFO  - Watchdog has been checked: 0 passed
25.08.2014 05:59:26,343 - INFO  - Watchdog has been checked: 0 passed
25.08.2014 06:01:27,208 - INFO  - Watchdog has been checked: 0 passed
25.08.2014 06:03:27,309 - INFO  - Watchdog has been checked: 0 passed
25.08.2014 06:05:27,281 - INFO  - Watchdog has been checked: 0 passed
25.08.2014 06:07:27,263 - INFO  - Watchdog has been checked: 0 passed
25.08.2014 06:09:27,287 - INFO  - Watchdog has been checked: 0 passed
25.08.2014 06:11:27,295 - INFO  - Watchdog has been checked: 0 passed
25.08.2014 06:13:27,287 - INFO  - Watchdog has been checked: 0 passed
25.08.2014 06:15:02,218 - INFO  - mapping file sync started
25.08.2014 06:15:02,670 - INFO  - file successfully updated
25.08.2014 06:15:27,231 - INFO  - Watchdog has been checked: 0 passed
25.08.2014 06:17:27,237 - INFO  - Watchdog has been checked: 0 passed
25.08.2014 06:19:27,272 - INFO  - Watchdog has been checked: 0 passed
25.08.2014 06:21:27,194 - INFO  - Watchdog has been checked: 0 passed
25.08.2014 06:23:27,163 - INFO  - Watchdog has been checked: 0 passed
25.08.2014 06:25:27,120 - INFO  - Watchdog has been checked: 0 passed
25.08.2014 06:27:26,114 - INFO  - Watchdog has been checked: 0 passed
25.08.2014 06:29:26,200 - INFO  - Watchdog has been checked: 0 passed
25.08.2014 06:31:26,152 - INFO  - Watchdog has been checked: 0 passed
25.08.2014 06:33:26,128 - INFO  - Watchdog has been checked: 0 passed
25.08.2014 06:35:26,266 - INFO  - Watchdog has been checked: 0 passed
25.08.2014 06:37:26,314 - INFO  - Watchdog has been checked: 0 passed
25.08.2014 06:39:26,132 - INFO  - Watchdog has been checked: 0 passed
25.08.2014 06:41:26,321 - INFO  - Watchdog has been checked: 0 passed
25.08.2014 06:43:26,113 - INFO  - Watchdog has been checked: 0 passed
25.08.2014 06:45:26,228 - INFO  - Watchdog has been checked: 0 passed
25.08.2014 06:47:26,300 - INFO  - Watchdog has been checked: 0 passed
25.08.2014 06:49:26,332 - INFO  - Watchdog has been checked: 0 passed
25.08.2014 06:51:26,300 - INFO  - Watchdog has been checked: 0 passed
25.08.2014 06:53:26,336 - INFO  - Watchdog has been checked: 0 passed
25.08.2014 06:55:26,252 - INFO  - Watchdog has been checked: 0 passed
25.08.2014 06:57:26,288 - INFO  - Watchdog has been checked: 0 passed
25.08.2014 06:59:26,328 - INFO  - Watchdog has been checked: 0 passed
25.08.2014 07:01:26,261 - INFO  - Watchdog has been checked: 0 passed
25.08.2014 07:03:27,035 - INFO  - Watchdog has been checked: 0 passed
25.08.2014 07:05:27,155 - INFO  - Watchdog has been checked: 0 passed
25.08.2014 07:07:27,219 - INFO  - Watchdog has been checked: 0 passed
25.08.2014 07:09:27,279 - INFO  - Watchdog has been checked: 0 passed
25.08.2014 07:11:27,807 - INFO  - Watchdog has been checked: 0 passed
25.08.2014 07:13:27,262 - INFO  - Watchdog has been checked: 0 passed
25.08.2014 07:15:01,662 - INFO  - mapping file sync started
25.08.2014 07:15:02,162 - INFO  - file successfully updated
25.08.2014 07:15:27,139 - INFO  - Watchdog has been checked: 0 passed
25.08.2014 07:17:27,220 - INFO  - Watchdog has been checked: 0 passed
25.08.2014 07:19:27,278 - INFO  - Watchdog has been checked: 0 passed
25.08.2014 07:21:27,176 - INFO  - Watchdog has been checked: 0 passed
25.08.2014 07:23:27,229 - INFO  - Watchdog has been checked: 0 passed
25.08.2014 07:25:27,827 - INFO  - Watchdog has been checked: 0 passed
25.08.2014 07:27:27,177 - INFO  - Watchdog has been checked: 0 passed
25.08.2014 07:29:27,205 - INFO  - Watchdog has been checked: 0 passed
25.08.2014 07:31:27,153 - INFO  - Watchdog has been checked: 0 passed
25.08.2014 07:33:27,209 - INFO  - Watchdog has been checked: 0 passed
25.08.2014 07:35:27,288 - INFO  - Watchdog has been checked: 0 passed
25.08.2014 07:37:27,071 - INFO  - Watchdog has been checked: 0 passed
25.08.2014 07:39:26,148 - INFO  - Watchdog has been checked: 0 passed
25.08.2014 07:41:26,285 - INFO  - Watchdog has been checked: 0 passed
25.08.2014 07:43:26,149 - INFO  - Watchdog has been checked: 0 passed
25.08.2014 07:45:26,242 - INFO  - Watchdog has been checked: 0 passed
25.08.2014 07:47:26,978 - INFO  - Watchdog has been checked: 0 passed
25.08.2014 07:49:26,288 - INFO  - Watchdog has been checked: 0 passed
25.08.2014 07:51:26,231 - INFO  - Watchdog has been checked: 0 passed
25.08.2014 07:53:26,303 - INFO  - Watchdog has been checked: 0 passed
25.08.2014 07:55:26,162 - INFO  - Watchdog has been checked: 0 passed
25.08.2014 07:57:26,339 - INFO  - Watchdog has been checked: 0 passed
25.08.2014 07:59:26,379 - INFO  - Watchdog has been checked: 0 passed
25.08.2014 08:01:26,267 - INFO  - Watchdog has been checked: 0 passed
25.08.2014 08:03:26,343 - INFO  - Watchdog has been checked: 0 passed
25.08.2014 08:05:27,498 - INFO  - Watchdog has been checked: 0 passed
25.08.2014 08:07:27,210 - INFO  - Watchdog has been checked: 0 passed
25.08.2014 08:09:27,351 - INFO  - Watchdog has been checked: 0 passed
25.08.2014 08:11:27,184 - INFO  - Watchdog has been checked: 0 passed
25.08.2014 08:13:30,265 - INFO  - Watchdog has been checked: 0 passed
25.08.2014 08:15:30,169 - INFO  - Watchdog has been checked: 0 passed
25.08.2014 08:17:30,179 - INFO  - Watchdog has been checked: 0 passed
25.08.2014 08:19:30,268 - INFO  - Watchdog has been checked: 0 passed
25.08.2014 08:21:30,093 - INFO  - Watchdog has been checked: 0 passed
25.08.2014 08:23:30,241 - INFO  - Watchdog has been checked: 0 passed
25.08.2014 08:25:30,156 - INFO  - Watchdog has been checked: 0 passed
25.08.2014 08:27:30,124 - INFO  - Watchdog has been checked: 0 passed
25.08.2014 08:29:30,253 - INFO  - Watchdog has been checked: 0 passed
25.08.2014 08:31:30,081 - INFO  - Watchdog has been checked: 0 passed
25.08.2014 08:33:30,267 - INFO  - Watchdog has been checked: 0 passed
25.08.2014 08:35:30,057 - INFO  - Watchdog has been checked: 0 passed
25.08.2014 08:37:30,178 - INFO  - Watchdog has been checked: 0 passed
25.08.2014 08:39:30,108 - INFO  - Watchdog has been checked: 0 passed
25.08.2014 08:41:29,281 - INFO  - Watchdog has been checked: 0 passed
25.08.2014 08:43:29,295 - INFO  - Watchdog has been checked: 0 passed
25.08.2014 08:45:29,198 - INFO  - Watchdog has been checked: 0 passed
25.08.2014 08:47:29,159 - INFO  - Watchdog has been checked: 0 passed
25.08.2014 08:49:29,316 - INFO  - Watchdog has been checked: 0 passed
25.08.2014 08:51:29,236 - INFO  - Watchdog has been checked: 0 passed
25.08.2014 08:53:29,133 - INFO  - Watchdog has been checked: 0 passed
25.08.2014 08:55:29,290 - INFO  - Watchdog has been checked: 0 passed
25.08.2014 08:56:30,136 - INFO  - searcher identified --- respT: 43ms, 72390 results, q=, 
25.08.2014 08:56:32,701 - INFO  - searcher identified --- respT: 10ms, 262 results, q=OASE, 
25.08.2014 08:56:33,922 - INFO  - searcher identified --- respT: 11ms, 262 results, q=OASE, 
25.08.2014 08:57:29,271 - INFO  - Watchdog has been checked: 0 passed
25.08.2014 08:59:29,324 - INFO  - Watchdog has been checked: 0 passed
25.08.2014 09:00:09,367 - INFO  - searcher identified --- respT: 46ms, 83014 results, q=, 
25.08.2014 09:00:18,774 - INFO  - searcher identified --- respT: 16ms, 29 results, q=magnet.web.psi.ch, 
25.08.2014 09:00:19,617 - INFO  - searcher identified --- respT: 17ms, 29 results, q=magnet.web.psi.ch, 
25.08.2014 09:00:32,588 - INFO  - searcher identified --- respT: 12ms, no results, q=magnet.intra.psi.ch, 
25.08.2014 09:00:33,378 - INFO  - searcher identified --- respT: 17ms, 3 results, q=magnet.intranet.psi.ch, 
25.08.2014 09:01:29,382 - INFO  - Watchdog has been checked: 0 passed
25.08.2014 09:03:29,221 - INFO  - Watchdog has been checked: 0 passed
25.08.2014 09:05:29,220 - INFO  - Watchdog has been checked: 0 passed
25.08.2014 09:07:29,089 - INFO  - Watchdog has been checked: 0 passed
25.08.2014 09:09:29,133 - INFO  - Watchdog has been checked: 0 passed
25.08.2014 09:11:29,289 - INFO  - Watchdog has been checked: 0 passed
25.08.2014 09:13:29,048 - INFO  - Watchdog has been checked: 0 passed
25.08.2014 09:15:29,201 - INFO  - Watchdog has been checked: 0 passed
25.08.2014 09:17:29,078 - INFO  - Watchdog has been checked: 0 passed
25.08.2014 09:19:28,170 - INFO  - Watchdog has been checked: 0 passed
25.08.2014 09:21:28,268 - INFO  - Watchdog has been checked: 0 passed
25.08.2014 09:23:28,099 - INFO  - Watchdog has been checked: 0 passed
25.08.2014 09:25:28,236 - INFO  - Watchdog has been checked: 0 passed
25.08.2014 09:27:28,315 - INFO  - Watchdog has been checked: 0 passed
25.08.2014 09:29:28,246 - INFO  - Watchdog has been checked: 0 passed
25.08.2014 09:31:28,251 - INFO  - Watchdog has been checked: 0 passed
25.08.2014 09:33:28,265 - INFO  - Watchdog has been checked: 0 passed
25.08.2014 09:35:28,118 - INFO  - Watchdog has been checked: 0 passed
25.08.2014 09:37:28,175 - INFO  - Watchdog has been checked: 0 passed
25.08.2014 09:39:28,159 - INFO  - Watchdog has been checked: 0 passed
25.08.2014 09:41:28,089 - INFO  - Watchdog has been checked: 0 passed
25.08.2014 09:43:27,084 - INFO  - Watchdog has been checked: 0 passed
25.08.2014 09:45:27,201 - INFO  - Watchdog has been checked: 0 passed
25.08.2014 09:47:27,251 - INFO  - Watchdog has been checked: 0 passed
25.08.2014 09:49:26,970 - INFO  - Watchdog has been checked: 0 passed
25.08.2014 09:51:26,222 - INFO  - Watchdog has been checked: 0 passed
25.08.2014 09:53:26,297 - INFO  - Watchdog has been checked: 0 passed
25.08.2014 09:55:26,088 - INFO  - Watchdog has been checked: 0 passed
25.08.2014 09:57:26,194 - INFO  - Watchdog has been checked: 0 passed
25.08.2014 09:59:26,221 - INFO  - Watchdog has been checked: 0 passed
25.08.2014 10:01:26,140 - INFO  - Watchdog has been checked: 0 passed
25.08.2014 10:03:26,101 - INFO  - Watchdog has been checked: 0 passed
25.08.2014 10:05:26,270 - INFO  - Watchdog has been checked: 0 passed
25.08.2014 10:07:26,418 - INFO  - Watchdog has been checked: 0 passed
25.08.2014 10:09:26,206 - INFO  - Watchdog has been checked: 0 passed
25.08.2014 10:11:26,406 - INFO  - Watchdog has been checked: 0 passed
25.08.2014 10:13:26,112 - INFO  - Watchdog has been checked: 0 passed
25.08.2014 10:15:25,230 - INFO  - Watchdog has been checked: 0 passed
25.08.2014 10:17:25,269 - INFO  - Watchdog has been checked: 0 passed
25.08.2014 10:19:25,088 - INFO  - Watchdog has been checked: 0 passed
25.08.2014 10:21:24,265 - INFO  - Watchdog has been checked: 0 passed
25.08.2014 10:23:24,204 - INFO  - Watchdog has been checked: 0 passed
25.08.2014 10:25:23,177 - INFO  - Watchdog has been checked: 0 passed
25.08.2014 10:27:23,164 - INFO  - Watchdog has been checked: 0 passed
25.08.2014 10:29:23,232 - INFO  - Watchdog has been checked: 0 passed
25.08.2014 10:31:23,099 - INFO  - Watchdog has been checked: 0 passed
25.08.2014 10:33:22,175 - INFO  - Watchdog has been checked: 0 passed
25.08.2014 10:35:22,328 - INFO  - Watchdog has been checked: 0 passed
25.08.2014 10:37:22,347 - INFO  - Watchdog has been checked: 0 passed
25.08.2014 10:39:22,115 - INFO  - Watchdog has been checked: 0 passed
25.08.2014 10:41:21,190 - INFO  - Watchdog has been checked: 0 passed
25.08.2014 10:43:21,315 - INFO  - Watchdog has been checked: 0 passed
25.08.2014 10:45:21,166 - INFO  - Watchdog has been checked: 0 passed
25.08.2014 10:47:21,149 - INFO  - Watchdog has been checked: 0 passed
25.08.2014 10:49:21,237 - INFO  - Watchdog has been checked: 0 passed
25.08.2014 10:51:21,129 - INFO  - Watchdog has been checked: 0 passed
25.08.2014 10:53:21,189 - INFO  - Watchdog has been checked: 0 passed
25.08.2014 10:55:21,379 - INFO  - Watchdog has been checked: 0 passed
25.08.2014 10:57:21,308 - INFO  - Watchdog has been checked: 0 passed
25.08.2014 10:59:21,134 - INFO  - Watchdog has been checked: 0 passed
25.08.2014 11:01:21,130 - INFO  - Watchdog has been checked: 0 passed
25.08.2014 11:03:21,119 - INFO  - Watchdog has been checked: 0 passed
25.08.2014 11:05:21,219 - INFO  - Watchdog has been checked: 0 passed
25.08.2014 11:07:21,189 - INFO  - Watchdog has been checked: 0 passed
25.08.2014 11:09:21,294 - INFO  - Watchdog has been checked: 0 passed
25.08.2014 11:11:21,219 - INFO  - Watchdog has been checked: 0 passed
25.08.2014 11:13:21,235 - INFO  - Watchdog has been checked: 0 passed
25.08.2014 11:15:21,160 - INFO  - Watchdog has been checked: 0 passed
25.08.2014 11:17:21,234 - INFO  - Watchdog has been checked: 0 passed
25.08.2014 11:19:21,286 - INFO  - Watchdog has been checked: 0 passed
25.08.2014 11:21:21,171 - INFO  - Watchdog has been checked: 0 passed
25.08.2014 11:23:21,192 - INFO  - Watchdog has been checked: 0 passed
25.08.2014 11:25:21,095 - INFO  - Watchdog has been checked: 0 passed
25.08.2014 11:27:21,089 - INFO  - Watchdog has been checked: 0 passed
25.08.2014 11:29:21,149 - INFO  - Watchdog has been checked: 0 passed
25.08.2014 11:31:21,299 - INFO  - Watchdog has been checked: 0 passed
25.08.2014 11:33:21,327 - INFO  - Watchdog has been checked: 0 passed
25.08.2014 11:35:21,353 - INFO  - Watchdog has been checked: 0 passed
25.08.2014 11:37:21,179 - INFO  - Watchdog has been checked: 0 passed
25.08.2014 11:39:21,229 - INFO  - Watchdog has been checked: 0 passed
25.08.2014 11:41:21,362 - INFO  - Watchdog has been checked: 0 passed
25.08.2014 11:43:21,166 - INFO  - Watchdog has been checked: 0 passed
25.08.2014 11:45:21,284 - INFO  - Watchdog has been checked: 0 passed
25.08.2014 11:47:21,357 - INFO  - Watchdog has been checked: 0 passed
25.08.2014 11:49:21,117 - INFO  - Watchdog has been checked: 0 passed
25.08.2014 11:51:20,280 - INFO  - Watchdog has been checked: 0 passed
25.08.2014 11:53:20,327 - INFO  - Watchdog has been checked: 0 passed
25.08.2014 11:55:20,204 - INFO  - Watchdog has been checked: 0 passed
25.08.2014 11:57:20,301 - INFO  - Watchdog has been checked: 0 passed
25.08.2014 11:59:20,371 - INFO  - Watchdog has been checked: 0 passed
25.08.2014 12:01:20,314 - INFO  - Watchdog has been checked: 0 passed
25.08.2014 12:03:20,102 - INFO  - Watchdog has been checked: 0 passed
25.08.2014 12:05:19,226 - INFO  - Watchdog has been checked: 0 passed
25.08.2014 12:07:19,115 - INFO  - Watchdog has been checked: 0 passed
25.08.2014 12:09:19,299 - INFO  - Watchdog has been checked: 0 passed
25.08.2014 12:11:19,238 - INFO  - Watchdog has been checked: 0 passed
25.08.2014 12:13:19,306 - INFO  - Watchdog has been checked: 0 passed
25.08.2014 12:15:19,127 - INFO  - Watchdog has been checked: 0 passed
25.08.2014 12:17:19,181 - INFO  - Watchdog has been checked: 0 passed
25.08.2014 12:19:19,176 - INFO  - Watchdog has been checked: 0 passed
25.08.2014 12:21:19,292 - INFO  - Watchdog has been checked: 0 passed
25.08.2014 12:23:19,137 - INFO  - Watchdog has been checked: 0 passed
25.08.2014 12:25:19,234 - INFO  - Watchdog has been checked: 0 passed
25.08.2014 12:27:19,177 - INFO  - Watchdog has been checked: 0 passed
25.08.2014 12:29:19,133 - INFO  - Watchdog has been checked: 0 passed
25.08.2014 12:31:19,237 - INFO  - Watchdog has been checked: 0 passed
25.08.2014 12:33:19,285 - INFO  - Watchdog has been checked: 0 passed
25.08.2014 12:35:19,136 - INFO  - Watchdog has been checked: 0 passed
25.08.2014 12:37:19,083 - INFO  - Watchdog has been checked: 0 passed
25.08.2014 12:39:19,317 - INFO  - Watchdog has been checked: 0 passed
25.08.2014 12:41:19,215 - INFO  - Watchdog has been checked: 0 passed
25.08.2014 12:43:19,276 - INFO  - Watchdog has been checked: 0 passed
25.08.2014 12:45:19,169 - INFO  - Watchdog has been checked: 0 passed
25.08.2014 12:47:19,291 - INFO  - Watchdog has been checked: 0 passed
25.08.2014 12:49:19,258 - INFO  - Watchdog has been checked: 0 passed
25.08.2014 12:51:19,364 - INFO  - Watchdog has been checked: 0 passed
25.08.2014 12:53:19,177 - INFO  - Watchdog has been checked: 0 passed
25.08.2014 12:55:19,299 - INFO  - Watchdog has been checked: 0 passed
25.08.2014 12:57:19,138 - INFO  - Watchdog has been checked: 0 passed
25.08.2014 12:59:19,085 - INFO  - Watchdog has been checked: 0 passed
25.08.2014 13:01:18,193 - INFO  - Watchdog has been checked: 0 passed
25.08.2014 13:03:18,285 - INFO  - Watchdog has been checked: 0 passed
25.08.2014 13:05:18,164 - INFO  - Watchdog has been checked: 0 passed
25.08.2014 13:07:17,248 - INFO  - Watchdog has been checked: 0 passed
25.08.2014 13:09:17,202 - INFO  - Watchdog has been checked: 0 passed
25.08.2014 13:11:17,107 - INFO  - Watchdog has been checked: 0 passed
25.08.2014 13:13:16,148 - INFO  - Watchdog has been checked: 0 passed
25.08.2014 13:15:16,300 - INFO  - Watchdog has been checked: 0 passed
25.08.2014 13:17:16,203 - INFO  - Watchdog has been checked: 0 passed
25.08.2014 13:19:16,162 - INFO  - Watchdog has been checked: 0 passed
25.08.2014 13:21:15,228 - INFO  - Watchdog has been checked: 0 passed
25.08.2014 13:23:15,270 - INFO  - Watchdog has been checked: 0 passed
25.08.2014 13:25:15,136 - INFO  - Watchdog has been checked: 0 passed
25.08.2014 13:27:14,290 - INFO  - Watchdog has been checked: 0 passed
25.08.2014 13:29:14,080 - INFO  - Watchdog has been checked: 0 passed
25.08.2014 13:31:13,201 - INFO  - Watchdog has been checked: 0 passed
25.08.2014 13:33:13,292 - INFO  - Watchdog has been checked: 0 passed
25.08.2014 13:35:13,102 - INFO  - Watchdog has been checked: 0 passed
25.08.2014 13:37:12,244 - INFO  - Watchdog has been checked: 0 passed
25.08.2014 13:39:12,178 - INFO  - Watchdog has been checked: 0 passed
25.08.2014 13:41:12,332 - INFO  - Watchdog has been checked: 0 passed
25.08.2014 13:43:12,130 - INFO  - Watchdog has been checked: 0 passed
25.08.2014 13:45:12,301 - INFO  - Watchdog has been checked: 0 passed
25.08.2014 13:47:12,249 - INFO  - Watchdog has been checked: 0 passed
25.08.2014 13:49:12,124 - INFO  - Watchdog has been checked: 0 passed
25.08.2014 13:51:12,291 - INFO  - Watchdog has been checked: 0 passed
25.08.2014 13:53:12,133 - INFO  - Watchdog has been checked: 0 passed
25.08.2014 13:55:12,272 - INFO  - Watchdog has been checked: 0 passed
25.08.2014 13:57:12,162 - INFO  - Watchdog has been checked: 0 passed
25.08.2014 13:59:12,334 - INFO  - Watchdog has been checked: 0 passed
25.08.2014 14:01:12,213 - INFO  - Watchdog has been checked: 0 passed
25.08.2014 14:03:12,286 - INFO  - Watchdog has been checked: 0 passed
25.08.2014 14:05:12,169 - INFO  - Watchdog has been checked: 0 passed
25.08.2014 14:07:12,295 - INFO  - Watchdog has been checked: 0 passed
25.08.2014 14:09:12,306 - INFO  - Watchdog has been checked: 0 passed
25.08.2014 14:11:12,184 - INFO  - Watchdog has been checked: 0 passed
25.08.2014 14:13:12,305 - INFO  - Watchdog has been checked: 0 passed
25.08.2014 14:15:12,154 - INFO  - Watchdog has been checked: 0 passed
25.08.2014 14:17:12,112 - INFO  - Watchdog has been checked: 0 passed
25.08.2014 14:19:12,335 - INFO  - Watchdog has been checked: 0 passed
25.08.2014 14:21:12,232 - INFO  - Watchdog has been checked: 0 passed
25.08.2014 14:23:12,306 - INFO  - Watchdog has been checked: 0 passed
25.08.2014 14:25:12,179 - INFO  - Watchdog has been checked: 0 passed
25.08.2014 14:27:12,316 - INFO  - Watchdog has been checked: 0 passed
25.08.2014 14:29:12,279 - INFO  - Watchdog has been checked: 0 passed
25.08.2014 14:31:12,378 - INFO  - Watchdog has been checked: 0 passed
25.08.2014 14:33:12,431 - INFO  - Watchdog has been checked: 0 passed
25.08.2014 14:35:12,244 - INFO  - Watchdog has been checked: 0 passed
25.08.2014 14:37:12,102 - INFO  - Watchdog has been checked: 0 passed
25.08.2014 14:39:12,280 - INFO  - Watchdog has been checked: 0 passed
25.08.2014 14:41:12,165 - INFO  - Watchdog has been checked: 0 passed
25.08.2014 14:43:12,238 - INFO  - Watchdog has been checked: 0 passed
25.08.2014 14:45:12,119 - INFO  - Watchdog has been checked: 0 passed
25.08.2014 14:47:11,242 - INFO  - Watchdog has been checked: 0 passed
25.08.2014 14:49:11,197 - INFO  - Watchdog has been checked: 0 passed
25.08.2014 14:51:11,277 - INFO  - Watchdog has been checked: 0 passed
25.08.2014 14:53:11,108 - INFO  - Watchdog has been checked: 0 passed
25.08.2014 14:55:10,236 - INFO  - Watchdog has been checked: 0 passed
25.08.2014 14:57:10,145 - INFO  - Watchdog has been checked: 0 passed
25.08.2014 14:59:09,126 - INFO  - Watchdog has been checked: 0 passed
25.08.2014 15:01:08,326 - INFO  - Watchdog has been checked: 0 passed
25.08.2014 15:03:08,182 - INFO  - Watchdog has been checked: 0 passed
25.08.2014 15:05:07,317 - INFO  - Watchdog has been checked: 0 passed
25.08.2014 15:07:07,314 - INFO  - Watchdog has been checked: 0 passed
25.08.2014 15:09:07,243 - INFO  - Watchdog has been checked: 0 passed
25.08.2014 15:11:07,153 - INFO  - Watchdog has been checked: 0 passed
25.08.2014 15:13:06,236 - INFO  - Watchdog has been checked: 0 passed
25.08.2014 15:15:06,138 - INFO  - Watchdog has been checked: 0 passed
25.08.2014 15:17:06,272 - INFO  - Watchdog has been checked: 0 passed
25.08.2014 15:19:06,248 - INFO  - Watchdog has been checked: 0 passed
25.08.2014 15:21:06,094 - INFO  - Watchdog has been checked: 0 passed
25.08.2014 15:23:06,189 - INFO  - Watchdog has been checked: 0 passed
25.08.2014 15:25:06,070 - INFO  - Watchdog has been checked: 0 passed
25.08.2014 15:27:06,183 - INFO  - Watchdog has been checked: 0 passed
25.08.2014 15:29:06,147 - INFO  - Watchdog has been checked: 0 passed
25.08.2014 15:31:06,328 - INFO  - Watchdog has been checked: 0 passed
25.08.2014 15:33:06,174 - INFO  - Watchdog has been checked: 0 passed
25.08.2014 15:35:06,282 - INFO  - Watchdog has been checked: 0 passed
25.08.2014 15:37:06,142 - INFO  - Watchdog has been checked: 0 passed
25.08.2014 15:39:06,161 - INFO  - Watchdog has been checked: 0 passed
25.08.2014 15:41:06,284 - INFO  - Watchdog has been checked: 0 passed
25.08.2014 15:43:06,200 - INFO  - Watchdog has been checked: 0 passed
25.08.2014 15:45:06,212 - INFO  - Watchdog has been checked: 0 passed
25.08.2014 15:47:06,099 - INFO  - Watchdog has been checked: 0 passed
25.08.2014 15:49:05,115 - INFO  - Watchdog has been checked: 0 passed
25.08.2014 15:51:05,266 - INFO  - Watchdog has been checked: 0 passed
25.08.2014 15:53:05,141 - INFO  - Watchdog has been checked: 0 passed
25.08.2014 15:55:05,279 - INFO  - Watchdog has been checked: 0 passed
25.08.2014 15:57:05,189 - INFO  - Watchdog has been checked: 0 passed
25.08.2014 15:59:05,171 - INFO  - Watchdog has been checked: 0 passed
25.08.2014 16:01:05,342 - INFO  - Watchdog has been checked: 0 passed
25.08.2014 16:03:05,181 - INFO  - Watchdog has been checked: 0 passed
25.08.2014 16:05:05,266 - INFO  - Watchdog has been checked: 0 passed
25.08.2014 16:07:05,152 - INFO  - Watchdog has been checked: 0 passed
25.08.2014 16:09:05,122 - INFO  - Watchdog has been checked: 0 passed
25.08.2014 16:11:04,287 - INFO  - Watchdog has been checked: 0 passed
25.08.2014 16:13:04,292 - INFO  - Watchdog has been checked: 0 passed
25.08.2014 16:15:04,204 - INFO  - Watchdog has been checked: 0 passed
25.08.2014 16:17:04,121 - INFO  - Watchdog has been checked: 0 passed
25.08.2014 16:19:03,306 - INFO  - Watchdog has been checked: 0 passed
25.08.2014 16:21:03,205 - INFO  - Watchdog has been checked: 0 passed
25.08.2014 16:23:03,351 - INFO  - Watchdog has been checked: 0 passed
25.08.2014 16:25:03,267 - INFO  - Watchdog has been checked: 0 passed
25.08.2014 16:27:03,189 - INFO  - Watchdog has been checked: 0 passed
25.08.2014 16:29:03,317 - INFO  - Watchdog has been checked: 0 passed
25.08.2014 16:31:03,230 - INFO  - Watchdog has been checked: 0 passed
25.08.2014 16:33:04,117 - INFO  - Watchdog has been checked: 0 passed
25.08.2014 16:35:03,324 - INFO  - Watchdog has been checked: 0 passed
25.08.2014 16:37:03,176 - INFO  - Watchdog has been checked: 0 passed
25.08.2014 16:39:03,147 - INFO  - Watchdog has been checked: 0 passed
25.08.2014 16:41:03,130 - INFO  - Watchdog has been checked: 0 passed
25.08.2014 16:43:03,085 - INFO  - Watchdog has been checked: 0 passed
25.08.2014 16:45:02,050 - INFO  - Watchdog has been checked: 0 passed
25.08.2014 16:47:02,238 - INFO  - Watchdog has been checked: 0 passed
25.08.2014 16:49:02,205 - INFO  - Watchdog has been checked: 0 passed
25.08.2014 16:51:02,201 - INFO  - Watchdog has been checked: 0 passed
25.08.2014 16:53:02,119 - INFO  - Watchdog has been checked: 0 passed
25.08.2014 16:55:02,271 - INFO  - Watchdog has been checked: 0 passed
25.08.2014 16:57:02,135 - INFO  - Watchdog has been checked: 0 passed
25.08.2014 16:59:02,145 - INFO  - Watchdog has been checked: 0 passed
25.08.2014 17:01:02,148 - INFO  - Watchdog has been checked: 0 passed
25.08.2014 17:03:02,121 - INFO  - Watchdog has been checked: 0 passed
25.08.2014 17:05:02,203 - INFO  - Watchdog has been checked: 0 passed
25.08.2014 17:07:02,117 - INFO  - Watchdog has been checked: 0 passed
25.08.2014 17:09:02,092 - INFO  - Watchdog has been checked: 0 passed
25.08.2014 17:11:02,368 - INFO  - Watchdog has been checked: 0 passed
25.08.2014 17:13:02,291 - INFO  - Watchdog has been checked: 0 passed
25.08.2014 17:15:02,369 - INFO  - Watchdog has been checked: 0 passed
25.08.2014 17:17:02,257 - INFO  - Watchdog has been checked: 0 passed
25.08.2014 17:19:02,215 - INFO  - Watchdog has been checked: 0 passed
25.08.2014 17:21:02,062 - INFO  - Watchdog has been checked: 0 passed
25.08.2014 17:23:01,275 - INFO  - Watchdog has been checked: 0 passed
25.08.2014 17:25:01,145 - INFO  - Watchdog has been checked: 0 passed
25.08.2014 17:27:01,304 - INFO  - Watchdog has been checked: 0 passed
25.08.2014 17:29:01,269 - INFO  - Watchdog has been checked: 0 passed
25.08.2014 17:31:01,367 - INFO  - Watchdog has been checked: 0 passed
25.08.2014 17:33:01,282 - INFO  - Watchdog has been checked: 0 passed
25.08.2014 17:35:01,230 - INFO  - Watchdog has been checked: 0 passed
25.08.2014 17:37:01,178 - INFO  - Watchdog has been checked: 0 passed
25.08.2014 17:39:01,347 - INFO  - Watchdog has been checked: 0 passed
25.08.2014 17:41:01,222 - INFO  - Watchdog has been checked: 0 passed
25.08.2014 17:43:01,412 - INFO  - Watchdog has been checked: 0 passed
25.08.2014 17:45:01,293 - INFO  - Watchdog has been checked: 0 passed
25.08.2014 17:47:01,170 - INFO  - Watchdog has been checked: 0 passed
25.08.2014 17:49:01,175 - INFO  - Watchdog has been checked: 0 passed
25.08.2014 17:51:01,281 - INFO  - Watchdog has been checked: 0 passed
25.08.2014 17:53:01,209 - INFO  - Watchdog has been checked: 0 passed
25.08.2014 17:55:01,281 - INFO  - Watchdog has been checked: 0 passed
25.08.2014 17:57:01,174 - INFO  - Watchdog has been checked: 0 passed
25.08.2014 17:59:01,131 - INFO  - Watchdog has been checked: 0 passed
25.08.2014 18:01:01,282 - INFO  - Watchdog has been checked: 0 passed
25.08.2014 18:03:01,198 - INFO  - Watchdog has been checked: 0 passed
25.08.2014 18:05:01,278 - INFO  - Watchdog has been checked: 0 passed
25.08.2014 18:07:01,185 - INFO  - Watchdog has been checked: 0 passed
25.08.2014 18:09:01,128 - INFO  - Watchdog has been checked: 0 passed
25.08.2014 18:11:01,107 - INFO  - Watchdog has been checked: 0 passed
25.08.2014 18:13:01,257 - INFO  - Watchdog has been checked: 0 passed
25.08.2014 18:15:01,166 - INFO  - Watchdog has been checked: 0 passed
25.08.2014 18:17:01,076 - INFO  - Watchdog has been checked: 0 passed
25.08.2014 18:19:01,093 - INFO  - Watchdog has been checked: 0 passed
25.08.2014 18:21:00,242 - INFO  - Watchdog has been checked: 0 passed
25.08.2014 18:23:00,149 - INFO  - Watchdog has been checked: 0 passed
25.08.2014 18:25:00,335 - INFO  - Watchdog has been checked: 0 passed
25.08.2014 18:27:00,260 - INFO  - Watchdog has been checked: 0 passed
25.08.2014 18:29:00,235 - INFO  - Watchdog has been checked: 0 passed
25.08.2014 18:31:00,351 - INFO  - Watchdog has been checked: 0 passed
25.08.2014 18:33:00,246 - INFO  - Watchdog has been checked: 0 passed
25.08.2014 18:35:00,342 - INFO  - Watchdog has been checked: 0 passed
25.08.2014 18:37:00,170 - INFO  - Watchdog has been checked: 0 passed
25.08.2014 18:39:00,214 - INFO  - Watchdog has been checked: 0 passed
25.08.2014 18:41:00,184 - INFO  - Watchdog has been checked: 0 passed
25.08.2014 18:43:00,324 - INFO  - Watchdog has been checked: 0 passed
25.08.2014 18:45:00,235 - INFO  - Watchdog has been checked: 0 passed
25.08.2014 18:47:00,378 - INFO  - Watchdog has been checked: 0 passed
25.08.2014 18:49:00,288 - INFO  - Watchdog has been checked: 0 passed
25.08.2014 18:51:00,415 - INFO  - Watchdog has been checked: 0 passed
25.08.2014 18:53:00,437 - INFO  - Watchdog has been checked: 0 passed
25.08.2014 18:55:00,317 - INFO  - Watchdog has been checked: 0 passed
25.08.2014 18:57:00,424 - INFO  - Watchdog has been checked: 0 passed
25.08.2014 18:59:00,414 - INFO  - Watchdog has been checked: 0 passed
25.08.2014 19:01:00,261 - INFO  - Watchdog has been checked: 0 passed
25.08.2014 19:03:00,170 - INFO  - Watchdog has been checked: 0 passed
25.08.2014 19:05:00,302 - INFO  - Watchdog has been checked: 0 passed
25.08.2014 19:07:00,150 - INFO  - Watchdog has been checked: 0 passed
25.08.2014 19:08:59,351 - INFO  - Watchdog has been checked: 0 passed
25.08.2014 19:10:59,225 - INFO  - Watchdog has been checked: 0 passed
25.08.2014 19:12:59,133 - INFO  - Watchdog has been checked: 0 passed
25.08.2014 19:14:59,256 - INFO  - Watchdog has been checked: 0 passed
25.08.2014 19:16:59,155 - INFO  - Watchdog has been checked: 0 passed
25.08.2014 19:18:59,108 - INFO  - Watchdog has been checked: 0 passed
25.08.2014 19:20:58,250 - INFO  - Watchdog has been checked: 0 passed
25.08.2014 19:22:58,131 - INFO  - Watchdog has been checked: 0 passed
25.08.2014 19:24:58,262 - INFO  - Watchdog has been checked: 0 passed
25.08.2014 19:26:58,125 - INFO  - Watchdog has been checked: 0 passed
25.08.2014 19:28:58,068 - INFO  - Watchdog has been checked: 0 passed
25.08.2014 19:30:57,191 - INFO  - Watchdog has been checked: 0 passed
25.08.2014 19:32:56,071 - INFO  - Watchdog has been checked: 0 passed
25.08.2014 19:34:59,180 - INFO  - Watchdog has been checked: 0 passed
25.08.2014 19:36:59,111 - INFO  - Watchdog has been checked: 0 passed
25.08.2014 19:38:58,060 - INFO  - Watchdog has been checked: 0 passed
25.08.2014 19:40:57,178 - INFO  - Watchdog has been checked: 0 passed
25.08.2014 19:42:56,082 - INFO  - Watchdog has been checked: 0 passed
25.08.2014 19:44:55,173 - INFO  - Watchdog has been checked: 0 passed
25.08.2014 19:46:55,345 - INFO  - Watchdog has been checked: 0 passed
25.08.2014 19:48:55,276 - INFO  - Watchdog has been checked: 0 passed
25.08.2014 19:50:55,153 - INFO  - Watchdog has been checked: 0 passed
25.08.2014 19:52:55,341 - INFO  - Watchdog has been checked: 0 passed
25.08.2014 19:54:55,217 - INFO  - Watchdog has been checked: 0 passed
25.08.2014 19:56:55,173 - INFO  - Watchdog has been checked: 0 passed
25.08.2014 19:58:55,353 - INFO  - Watchdog has been checked: 0 passed
25.08.2014 20:00:55,200 - INFO  - Watchdog has been checked: 0 passed
25.08.2014 20:02:55,383 - INFO  - Watchdog has been checked: 0 passed
25.08.2014 20:04:55,242 - INFO  - Watchdog has been checked: 0 passed
25.08.2014 20:06:55,433 - INFO  - Watchdog has been checked: 0 passed
25.08.2014 20:08:55,352 - INFO  - Watchdog has been checked: 0 passed
25.08.2014 20:10:55,387 - INFO  - Watchdog has been checked: 0 passed
25.08.2014 20:12:55,266 - INFO  - Watchdog has been checked: 0 passed
25.08.2014 20:14:55,177 - INFO  - Watchdog has been checked: 0 passed
25.08.2014 20:16:55,185 - INFO  - Watchdog has been checked: 0 passed
25.08.2014 20:18:55,370 - INFO  - Watchdog has been checked: 0 passed
25.08.2014 20:20:55,274 - INFO  - Watchdog has been checked: 0 passed
25.08.2014 20:22:55,419 - INFO  - Watchdog has been checked: 0 passed
25.08.2014 20:24:55,248 - INFO  - Watchdog has been checked: 0 passed
25.08.2014 20:26:55,436 - INFO  - Watchdog has been checked: 0 passed
25.08.2014 20:28:55,332 - INFO  - Watchdog has been checked: 0 passed
25.08.2014 20:30:55,451 - INFO  - Watchdog has been checked: 0 passed
25.08.2014 20:32:55,355 - INFO  - Watchdog has been checked: 0 passed
25.08.2014 20:34:55,523 - INFO  - Watchdog has been checked: 0 passed
25.08.2014 20:36:59,029 - INFO  - Watchdog has been checked: 0 passed
25.08.2014 20:38:58,397 - INFO  - Watchdog has been checked: 0 passed
25.08.2014 20:40:58,535 - INFO  - Watchdog has been checked: 0 passed
25.08.2014 20:42:58,476 - INFO  - Watchdog has been checked: 0 passed
25.08.2014 20:44:58,300 - INFO  - Watchdog has been checked: 0 passed
25.08.2014 20:46:58,340 - INFO  - Watchdog has been checked: 0 passed
25.08.2014 20:48:58,370 - INFO  - Watchdog has been checked: 0 passed
25.08.2014 20:50:58,210 - INFO  - Watchdog has been checked: 0 passed
25.08.2014 20:52:58,128 - INFO  - Watchdog has been checked: 0 passed
25.08.2014 20:54:57,240 - INFO  - Watchdog has been checked: 0 passed
25.08.2014 20:56:57,096 - INFO  - Watchdog has been checked: 0 passed
25.08.2014 20:58:56,046 - INFO  - Watchdog has been checked: 0 passed
25.08.2014 21:00:55,163 - INFO  - Watchdog has been checked: 0 passed
25.08.2014 21:02:54,175 - INFO  - Watchdog has been checked: 0 passed
25.08.2014 21:04:54,059 - INFO  - Watchdog has been checked: 0 passed
25.08.2014 21:06:53,178 - INFO  - Watchdog has been checked: 0 passed
25.08.2014 21:08:53,157 - INFO  - Watchdog has been checked: 0 passed
25.08.2014 21:10:53,025 - INFO  - Watchdog has been checked: 0 passed
25.08.2014 21:12:52,153 - INFO  - Watchdog has been checked: 0 passed
25.08.2014 21:14:52,138 - INFO  - Watchdog has been checked: 0 passed
25.08.2014 21:16:52,033 - INFO  - Watchdog has been checked: 0 passed
25.08.2014 21:18:51,200 - INFO  - Watchdog has been checked: 0 passed
25.08.2014 21:20:51,078 - INFO  - Watchdog has been checked: 0 passed
25.08.2014 21:22:51,237 - INFO  - Watchdog has been checked: 0 passed
25.08.2014 21:24:51,155 - INFO  - Watchdog has been checked: 0 passed
25.08.2014 21:26:51,023 - INFO  - Watchdog has been checked: 0 passed
25.08.2014 21:28:51,183 - INFO  - Watchdog has been checked: 0 passed
25.08.2014 21:30:51,052 - INFO  - Watchdog has been checked: 0 passed
25.08.2014 21:32:51,181 - INFO  - Watchdog has been checked: 0 passed
25.08.2014 21:34:51,062 - INFO  - Watchdog has been checked: 0 passed
25.08.2014 21:36:51,194 - INFO  - Watchdog has been checked: 0 passed
25.08.2014 21:38:51,094 - INFO  - Watchdog has been checked: 0 passed
25.08.2014 21:40:51,239 - INFO  - Watchdog has been checked: 0 passed
25.08.2014 21:42:51,136 - INFO  - Watchdog has been checked: 0 passed
25.08.2014 21:44:51,266 - INFO  - Watchdog has been checked: 0 passed
25.08.2014 21:46:51,140 - INFO  - Watchdog has been checked: 0 passed
25.08.2014 21:48:51,091 - INFO  - Watchdog has been checked: 0 passed
25.08.2014 21:50:51,103 - INFO  - Watchdog has been checked: 0 passed
25.08.2014 21:52:51,256 - INFO  - Watchdog has been checked: 0 passed
25.08.2014 21:54:51,118 - INFO  - Watchdog has been checked: 0 passed
25.08.2014 21:56:51,243 - INFO  - Watchdog has been checked: 0 passed
25.08.2014 21:58:51,167 - INFO  - Watchdog has been checked: 0 passed
25.08.2014 22:00:51,063 - INFO  - Watchdog has been checked: 0 passed
25.08.2014 22:02:51,233 - INFO  - Watchdog has been checked: 0 passed
25.08.2014 22:04:51,138 - INFO  - Watchdog has been checked: 0 passed
25.08.2014 22:06:51,352 - INFO  - Watchdog has been checked: 0 passed
25.08.2014 22:08:51,290 - INFO  - Watchdog has been checked: 0 passed
25.08.2014 22:10:51,153 - INFO  - Watchdog has been checked: 0 passed
25.08.2014 22:12:51,059 - INFO  - Watchdog has been checked: 0 passed
25.08.2014 22:14:50,208 - INFO  - Watchdog has been checked: 0 passed
25.08.2014 22:16:50,169 - INFO  - Watchdog has been checked: 0 passed
25.08.2014 22:18:50,173 - INFO  - Watchdog has been checked: 0 passed
25.08.2014 22:20:50,286 - INFO  - Watchdog has been checked: 0 passed
25.08.2014 22:22:50,200 - INFO  - Watchdog has been checked: 0 passed
25.08.2014 22:24:50,309 - INFO  - Watchdog has been checked: 0 passed
25.08.2014 22:26:50,230 - INFO  - Watchdog has been checked: 0 passed
25.08.2014 22:28:50,185 - INFO  - Watchdog has been checked: 0 passed
25.08.2014 22:30:49,221 - INFO  - Watchdog has been checked: 0 passed
25.08.2014 22:32:49,340 - INFO  - Watchdog has been checked: 0 passed
25.08.2014 22:34:49,230 - INFO  - Watchdog has been checked: 0 passed
25.08.2014 22:36:49,138 - INFO  - Watchdog has been checked: 0 passed
25.08.2014 22:38:49,323 - INFO  - Watchdog has been checked: 0 passed
25.08.2014 22:40:49,376 - INFO  - Watchdog has been checked: 0 passed
25.08.2014 22:42:49,272 - INFO  - Watchdog has been checked: 0 passed
25.08.2014 22:44:49,140 - INFO  - Watchdog has been checked: 0 passed
25.08.2014 22:46:49,258 - INFO  - Watchdog has been checked: 0 passed
25.08.2014 22:48:49,222 - INFO  - Watchdog has been checked: 0 passed
25.08.2014 22:50:49,109 - INFO  - Watchdog has been checked: 0 passed
25.08.2014 22:52:49,246 - INFO  - Watchdog has been checked: 0 passed
25.08.2014 22:54:49,158 - INFO  - Watchdog has been checked: 0 passed
25.08.2014 22:56:49,252 - INFO  - Watchdog has been checked: 0 passed
25.08.2014 22:58:49,197 - INFO  - Watchdog has been checked: 0 passed
25.08.2014 23:00:49,069 - INFO  - Watchdog has been checked: 0 passed
25.08.2014 23:02:49,192 - INFO  - Watchdog has been checked: 0 passed
25.08.2014 23:04:49,159 - INFO  - Watchdog has been checked: 0 passed
25.08.2014 23:06:49,167 - INFO  - Watchdog has been checked: 0 passed
25.08.2014 23:08:49,226 - INFO  - Watchdog has been checked: 0 passed
25.08.2014 23:10:49,116 - INFO  - Watchdog has been checked: 0 passed
25.08.2014 23:12:48,991 - INFO  - Watchdog has been checked: 0 passed
25.08.2014 23:14:48,159 - INFO  - Watchdog has been checked: 0 passed
25.08.2014 23:16:48,303 - INFO  - Watchdog has been checked: 0 passed
25.08.2014 23:18:47,987 - INFO  - Watchdog has been checked: 0 passed
25.08.2014 23:20:48,147 - INFO  - Watchdog has been checked: 0 passed
25.08.2014 23:22:48,020 - INFO  - Watchdog has been checked: 0 passed
25.08.2014 23:24:48,181 - INFO  - Watchdog has been checked: 0 passed
25.08.2014 23:26:48,097 - INFO  - Watchdog has been checked: 0 passed
25.08.2014 23:28:48,068 - INFO  - Watchdog has been checked: 0 passed
25.08.2014 23:30:57,933 - INFO  - Watchdog has been checked: 0 passed
25.08.2014 23:31:48,190 - INFO  - Watchdog has been checked: 0 passed
25.08.2014 23:33:48,031 - INFO  - Watchdog has been checked: 0 passed
25.08.2014 23:35:47,109 - INFO  - Watchdog has been checked: 0 passed
25.08.2014 23:37:49,134 - INFO  - Watchdog has been checked: 0 passed
25.08.2014 23:39:49,024 - INFO  - Watchdog has been checked: 0 passed
25.08.2014 23:41:48,931 - INFO  - Watchdog has been checked: 0 passed
25.08.2014 23:43:47,966 - INFO  - Watchdog has been checked: 0 passed
25.08.2014 23:45:48,067 - INFO  - Watchdog has been checked: 0 passed
25.08.2014 23:47:48,104 - INFO  - Watchdog has been checked: 0 passed
25.08.2014 23:49:48,056 - INFO  - Watchdog has been checked: 0 passed
25.08.2014 23:51:48,256 - INFO  - Watchdog has been checked: 0 passed
25.08.2014 23:53:48,061 - INFO  - Watchdog has been checked: 0 passed
25.08.2014 23:55:48,164 - INFO  - Watchdog has been checked: 0 passed
25.08.2014 23:57:48,151 - INFO  - Watchdog has been checked: 0 passed
25.08.2014 23:59:48,030 - INFO  - Watchdog has been checked: 0 passed
