29.08.2014 00:01:40,258 - INFO  - Watchdog has been checked: 0 passed
29.08.2014 00:03:40,425 - INFO  - Watchdog has been checked: 0 passed
29.08.2014 00:05:40,245 - INFO  - Watchdog has been checked: 0 passed
29.08.2014 00:07:40,309 - INFO  - Watchdog has been checked: 0 passed
29.08.2014 00:09:40,249 - INFO  - Watchdog has been checked: 0 passed
29.08.2014 00:11:40,228 - INFO  - Watchdog has been checked: 0 passed
29.08.2014 00:13:40,161 - INFO  - Watchdog has been checked: 0 passed
29.08.2014 00:15:40,457 - INFO  - Watchdog has been checked: 0 passed
29.08.2014 00:17:40,262 - INFO  - Watchdog has been checked: 0 passed
29.08.2014 00:19:40,245 - INFO  - Watchdog has been checked: 0 passed
29.08.2014 00:21:40,254 - INFO  - Watchdog has been checked: 0 passed
29.08.2014 00:23:41,060 - INFO  - Watchdog has been checked: 0 passed
29.08.2014 00:25:40,501 - INFO  - Watchdog has been checked: 0 passed
29.08.2014 00:27:40,201 - INFO  - Watchdog has been checked: 0 passed
29.08.2014 00:29:40,183 - INFO  - Watchdog has been checked: 0 passed
29.08.2014 00:31:40,237 - INFO  - Watchdog has been checked: 0 passed
29.08.2014 00:33:40,173 - INFO  - Watchdog has been checked: 0 passed
29.08.2014 00:35:40,224 - INFO  - Watchdog has been checked: 0 passed
29.08.2014 00:37:40,067 - INFO  - Watchdog has been checked: 0 passed
29.08.2014 00:39:39,144 - INFO  - Watchdog has been checked: 0 passed
29.08.2014 00:41:39,178 - INFO  - Watchdog has been checked: 0 passed
29.08.2014 00:43:39,150 - INFO  - Watchdog has been checked: 0 passed
29.08.2014 00:45:39,193 - INFO  - Watchdog has been checked: 0 passed
29.08.2014 00:47:39,246 - INFO  - Watchdog has been checked: 0 passed
29.08.2014 00:49:39,229 - INFO  - Watchdog has been checked: 0 passed
29.08.2014 00:51:39,285 - INFO  - Watchdog has been checked: 0 passed
29.08.2014 00:53:39,169 - INFO  - Watchdog has been checked: 0 passed
29.08.2014 00:55:39,188 - INFO  - Watchdog has been checked: 0 passed
29.08.2014 00:57:39,304 - INFO  - Watchdog has been checked: 0 passed
29.08.2014 00:59:39,093 - INFO  - Watchdog has been checked: 0 passed
29.08.2014 01:01:39,223 - INFO  - Watchdog has been checked: 0 passed
29.08.2014 01:03:39,114 - INFO  - Watchdog has been checked: 0 passed
29.08.2014 01:05:39,255 - INFO  - Watchdog has been checked: 0 passed
29.08.2014 01:07:39,112 - INFO  - Watchdog has been checked: 0 passed
29.08.2014 01:09:39,079 - INFO  - Watchdog has been checked: 0 passed
29.08.2014 01:11:39,120 - INFO  - Watchdog has been checked: 0 passed
29.08.2014 01:13:39,127 - INFO  - Watchdog has been checked: 0 passed
29.08.2014 01:15:38,342 - INFO  - Watchdog has been checked: 0 passed
29.08.2014 01:17:38,328 - INFO  - Watchdog has been checked: 0 passed
29.08.2014 01:19:38,318 - INFO  - Watchdog has been checked: 0 passed
29.08.2014 01:21:38,363 - INFO  - Watchdog has been checked: 0 passed
29.08.2014 01:23:38,188 - INFO  - Watchdog has been checked: 0 passed
29.08.2014 01:25:44,271 - INFO  - Watchdog has been checked: 0 passed
29.08.2014 01:27:44,274 - INFO  - Watchdog has been checked: 0 passed
29.08.2014 01:29:44,167 - INFO  - Watchdog has been checked: 0 passed
29.08.2014 01:31:44,349 - INFO  - Watchdog has been checked: 0 passed
29.08.2014 01:33:44,310 - INFO  - Watchdog has been checked: 0 passed
29.08.2014 01:35:44,523 - INFO  - Watchdog has been checked: 0 passed
29.08.2014 01:37:44,201 - INFO  - Watchdog has been checked: 0 passed
29.08.2014 01:39:44,205 - INFO  - Watchdog has been checked: 0 passed
29.08.2014 01:41:44,234 - INFO  - Watchdog has been checked: 0 passed
29.08.2014 01:43:44,209 - INFO  - Watchdog has been checked: 0 passed
29.08.2014 01:45:44,359 - INFO  - Watchdog has been checked: 0 passed
29.08.2014 01:47:44,244 - INFO  - Watchdog has been checked: 0 passed
29.08.2014 01:49:44,177 - INFO  - Watchdog has been checked: 0 passed
29.08.2014 01:51:44,191 - INFO  - Watchdog has been checked: 0 passed
29.08.2014 01:53:44,249 - INFO  - Watchdog has been checked: 0 passed
29.08.2014 01:55:44,578 - INFO  - Watchdog has been checked: 0 passed
29.08.2014 01:57:44,289 - INFO  - Watchdog has been checked: 0 passed
29.08.2014 01:59:44,214 - INFO  - Watchdog has been checked: 0 passed
29.08.2014 02:01:44,165 - INFO  - Watchdog has been checked: 0 passed
29.08.2014 02:03:44,133 - INFO  - Watchdog has been checked: 0 passed
29.08.2014 02:05:44,302 - INFO  - Watchdog has been checked: 0 passed
29.08.2014 02:07:44,234 - INFO  - Watchdog has been checked: 0 passed
29.08.2014 02:09:44,135 - INFO  - Watchdog has been checked: 0 passed
29.08.2014 02:11:44,178 - INFO  - Watchdog has been checked: 0 passed
29.08.2014 02:13:44,152 - INFO  - Watchdog has been checked: 0 passed
29.08.2014 02:15:44,323 - INFO  - Watchdog has been checked: 0 passed
29.08.2014 02:17:43,973 - INFO  - Watchdog has been checked: 0 passed
29.08.2014 02:19:43,212 - INFO  - Watchdog has been checked: 0 passed
29.08.2014 02:21:43,163 - INFO  - Watchdog has been checked: 0 passed
29.08.2014 02:23:43,151 - INFO  - Watchdog has been checked: 0 passed
29.08.2014 02:25:43,225 - INFO  - Watchdog has been checked: 0 passed
29.08.2014 02:27:43,109 - INFO  - Watchdog has been checked: 0 passed
29.08.2014 02:29:42,289 - INFO  - Watchdog has been checked: 0 passed
29.08.2014 02:31:42,300 - INFO  - Watchdog has been checked: 0 passed
29.08.2014 02:33:42,232 - INFO  - Watchdog has been checked: 0 passed
29.08.2014 02:35:42,219 - INFO  - Watchdog has been checked: 0 passed
29.08.2014 02:37:42,101 - INFO  - Watchdog has been checked: 0 passed
29.08.2014 02:39:41,328 - INFO  - Watchdog has been checked: 0 passed
29.08.2014 02:41:41,374 - INFO  - Watchdog has been checked: 0 passed
29.08.2014 02:43:41,310 - INFO  - Watchdog has been checked: 0 passed
29.08.2014 02:45:41,309 - INFO  - Watchdog has been checked: 0 passed
29.08.2014 02:47:41,187 - INFO  - Watchdog has been checked: 0 passed
29.08.2014 02:49:41,387 - INFO  - Watchdog has been checked: 0 passed
29.08.2014 02:51:41,137 - INFO  - Watchdog has been checked: 0 passed
29.08.2014 02:53:40,249 - INFO  - Watchdog has been checked: 0 passed
29.08.2014 02:55:40,281 - INFO  - Watchdog has been checked: 0 passed
29.08.2014 02:57:40,224 - INFO  - Watchdog has been checked: 0 passed
29.08.2014 02:59:40,216 - INFO  - Watchdog has been checked: 0 passed
29.08.2014 03:01:40,229 - INFO  - Watchdog has been checked: 0 passed
29.08.2014 03:03:40,130 - INFO  - Watchdog has been checked: 0 passed
29.08.2014 03:05:40,241 - INFO  - Watchdog has been checked: 0 passed
29.08.2014 03:07:40,385 - INFO  - Watchdog has been checked: 0 passed
29.08.2014 03:09:40,090 - INFO  - Watchdog has been checked: 0 passed
29.08.2014 03:11:40,358 - INFO  - Watchdog has been checked: 0 passed
29.08.2014 03:13:40,537 - INFO  - Watchdog has been checked: 0 passed
29.08.2014 03:15:40,268 - INFO  - Watchdog has been checked: 0 passed
29.08.2014 03:17:40,144 - INFO  - Watchdog has been checked: 0 passed
29.08.2014 03:19:40,102 - INFO  - Watchdog has been checked: 0 passed
29.08.2014 03:21:40,167 - INFO  - Watchdog has been checked: 0 passed
29.08.2014 03:23:40,287 - INFO  - Watchdog has been checked: 0 passed
29.08.2014 03:25:40,342 - INFO  - Watchdog has been checked: 0 passed
29.08.2014 03:27:40,133 - INFO  - Watchdog has been checked: 0 passed
29.08.2014 03:29:40,241 - INFO  - Watchdog has been checked: 0 passed
29.08.2014 03:31:40,270 - INFO  - Watchdog has been checked: 0 passed
29.08.2014 03:33:40,222 - INFO  - Watchdog has been checked: 0 passed
29.08.2014 03:35:40,234 - INFO  - Watchdog has been checked: 0 passed
29.08.2014 03:37:40,330 - INFO  - Watchdog has been checked: 0 passed
29.08.2014 03:39:40,269 - INFO  - Watchdog has been checked: 0 passed
29.08.2014 03:41:40,234 - INFO  - Watchdog has been checked: 0 passed
29.08.2014 03:43:40,192 - INFO  - Watchdog has been checked: 0 passed
29.08.2014 03:45:39,098 - INFO  - Watchdog has been checked: 0 passed
29.08.2014 03:47:38,196 - INFO  - Watchdog has been checked: 0 passed
29.08.2014 03:49:38,300 - INFO  - Watchdog has been checked: 0 passed
29.08.2014 03:51:38,155 - INFO  - Watchdog has been checked: 0 passed
29.08.2014 03:53:37,146 - INFO  - Watchdog has been checked: 0 passed
29.08.2014 03:55:36,362 - INFO  - Watchdog has been checked: 0 passed
29.08.2014 03:57:36,158 - INFO  - Watchdog has been checked: 0 passed
29.08.2014 03:59:35,260 - INFO  - Watchdog has been checked: 0 passed
29.08.2014 04:01:35,203 - INFO  - Watchdog has been checked: 0 passed
29.08.2014 04:03:35,145 - INFO  - Watchdog has been checked: 0 passed
29.08.2014 04:05:35,141 - INFO  - Watchdog has been checked: 0 passed
29.08.2014 04:07:35,247 - INFO  - Watchdog has been checked: 0 passed
29.08.2014 04:09:35,125 - INFO  - Watchdog has been checked: 0 passed
29.08.2014 04:11:35,146 - INFO  - Watchdog has been checked: 0 passed
29.08.2014 04:13:35,344 - INFO  - Watchdog has been checked: 0 passed
29.08.2014 04:15:35,365 - INFO  - Watchdog has been checked: 0 passed
29.08.2014 04:17:35,237 - INFO  - Watchdog has been checked: 0 passed
29.08.2014 04:19:35,188 - INFO  - Watchdog has been checked: 0 passed
29.08.2014 04:21:35,155 - INFO  - Watchdog has been checked: 0 passed
29.08.2014 04:23:35,382 - INFO  - Watchdog has been checked: 0 passed
29.08.2014 04:25:35,377 - INFO  - Watchdog has been checked: 0 passed
29.08.2014 04:27:35,170 - INFO  - Watchdog has been checked: 0 passed
29.08.2014 04:29:35,352 - INFO  - Watchdog has been checked: 0 passed
29.08.2014 04:31:35,331 - INFO  - Watchdog has been checked: 0 passed
29.08.2014 04:33:35,262 - INFO  - Watchdog has been checked: 0 passed
29.08.2014 04:35:35,243 - INFO  - Watchdog has been checked: 0 passed
29.08.2014 04:37:35,378 - INFO  - Watchdog has been checked: 0 passed
29.08.2014 04:39:35,255 - INFO  - Watchdog has been checked: 0 passed
29.08.2014 04:41:35,233 - INFO  - Watchdog has been checked: 0 passed
29.08.2014 04:43:35,229 - INFO  - Watchdog has been checked: 0 passed
29.08.2014 04:45:35,434 - INFO  - Watchdog has been checked: 0 passed
29.08.2014 04:47:35,188 - INFO  - Watchdog has been checked: 0 passed
29.08.2014 04:49:35,119 - INFO  - Watchdog has been checked: 0 passed
29.08.2014 04:51:35,295 - INFO  - Watchdog has been checked: 0 passed
29.08.2014 04:53:35,294 - INFO  - Watchdog has been checked: 0 passed
29.08.2014 04:55:35,281 - INFO  - Watchdog has been checked: 0 passed
29.08.2014 04:57:35,026 - INFO  - Watchdog has been checked: 0 passed
29.08.2014 04:59:34,208 - INFO  - Watchdog has been checked: 0 passed
29.08.2014 05:01:34,216 - INFO  - Watchdog has been checked: 0 passed
29.08.2014 05:03:34,134 - INFO  - Watchdog has been checked: 0 passed
29.08.2014 05:05:33,098 - INFO  - Watchdog has been checked: 0 passed
29.08.2014 05:07:32,147 - INFO  - Watchdog has been checked: 0 passed
29.08.2014 05:09:32,227 - INFO  - Watchdog has been checked: 0 passed
29.08.2014 05:11:32,211 - INFO  - Watchdog has been checked: 0 passed
29.08.2014 05:13:32,198 - INFO  - Watchdog has been checked: 0 passed
29.08.2014 05:15:31,199 - INFO  - Watchdog has been checked: 0 passed
29.08.2014 05:17:31,289 - INFO  - Watchdog has been checked: 0 passed
29.08.2014 05:19:31,244 - INFO  - Watchdog has been checked: 0 passed
29.08.2014 05:21:31,242 - INFO  - Watchdog has been checked: 0 passed
29.08.2014 05:23:31,200 - INFO  - Watchdog has been checked: 0 passed
29.08.2014 05:25:31,183 - INFO  - Watchdog has been checked: 0 passed
29.08.2014 05:27:31,327 - INFO  - Watchdog has been checked: 0 passed
29.08.2014 05:29:31,320 - INFO  - Watchdog has been checked: 0 passed
29.08.2014 05:31:31,157 - INFO  - Watchdog has been checked: 0 passed
29.08.2014 05:33:31,326 - INFO  - Watchdog has been checked: 0 passed
29.08.2014 05:35:31,131 - INFO  - Watchdog has been checked: 0 passed
29.08.2014 05:37:31,289 - INFO  - Watchdog has been checked: 0 passed
29.08.2014 05:39:31,176 - INFO  - Watchdog has been checked: 0 passed
29.08.2014 05:41:31,416 - INFO  - Watchdog has been checked: 0 passed
29.08.2014 05:43:31,391 - INFO  - Watchdog has been checked: 0 passed
29.08.2014 05:45:31,387 - INFO  - Watchdog has been checked: 0 passed
29.08.2014 05:47:31,201 - INFO  - Watchdog has been checked: 0 passed
29.08.2014 05:49:31,372 - INFO  - Watchdog has been checked: 0 passed
29.08.2014 05:51:31,328 - INFO  - Watchdog has been checked: 0 passed
29.08.2014 05:53:31,271 - INFO  - Watchdog has been checked: 0 passed
29.08.2014 05:55:31,298 - INFO  - Watchdog has been checked: 0 passed
29.08.2014 05:57:31,375 - INFO  - Watchdog has been checked: 0 passed
29.08.2014 05:59:31,275 - INFO  - Watchdog has been checked: 0 passed
29.08.2014 06:01:31,257 - INFO  - Watchdog has been checked: 0 passed
29.08.2014 06:03:31,495 - INFO  - Watchdog has been checked: 0 passed
29.08.2014 06:05:31,347 - INFO  - Watchdog has been checked: 0 passed
29.08.2014 06:07:31,445 - INFO  - Watchdog has been checked: 0 passed
29.08.2014 06:09:31,424 - INFO  - Watchdog has been checked: 0 passed
29.08.2014 06:11:31,447 - INFO  - Watchdog has been checked: 0 passed
29.08.2014 06:13:31,418 - INFO  - Watchdog has been checked: 0 passed
29.08.2014 06:15:01,549 - INFO  - mapping file sync started
29.08.2014 06:15:03,290 - INFO  - file successfully updated
29.08.2014 06:15:31,508 - INFO  - Watchdog has been checked: 0 passed
29.08.2014 06:17:31,344 - INFO  - Watchdog has been checked: 0 passed
29.08.2014 06:19:31,502 - INFO  - Watchdog has been checked: 0 passed
29.08.2014 06:21:31,321 - INFO  - Watchdog has been checked: 0 passed
29.08.2014 06:23:31,496 - INFO  - Watchdog has been checked: 0 passed
29.08.2014 06:25:31,479 - INFO  - Watchdog has been checked: 0 passed
29.08.2014 06:27:31,448 - INFO  - Watchdog has been checked: 0 passed
29.08.2014 06:29:31,355 - INFO  - Watchdog has been checked: 0 passed
29.08.2014 06:31:31,314 - INFO  - Watchdog has been checked: 0 passed
29.08.2014 06:33:31,223 - INFO  - Watchdog has been checked: 0 passed
29.08.2014 06:35:31,196 - INFO  - Watchdog has been checked: 0 passed
29.08.2014 06:37:31,015 - INFO  - Watchdog has been checked: 0 passed
29.08.2014 06:39:29,989 - INFO  - Watchdog has been checked: 0 passed
29.08.2014 06:41:29,217 - INFO  - Watchdog has been checked: 0 passed
29.08.2014 06:43:29,190 - INFO  - Watchdog has been checked: 0 passed
29.08.2014 06:45:29,204 - INFO  - Watchdog has been checked: 0 passed
29.08.2014 06:47:29,083 - INFO  - Watchdog has been checked: 0 passed
29.08.2014 06:49:28,305 - INFO  - Watchdog has been checked: 0 passed
29.08.2014 06:51:28,244 - INFO  - Watchdog has been checked: 0 passed
29.08.2014 06:53:28,233 - INFO  - Watchdog has been checked: 0 passed
29.08.2014 06:55:28,271 - INFO  - Watchdog has been checked: 0 passed
29.08.2014 06:57:28,193 - INFO  - Watchdog has been checked: 0 passed
29.08.2014 06:59:28,211 - INFO  - Watchdog has been checked: 0 passed
29.08.2014 07:01:29,946 - INFO  - Watchdog has been checked: 0 passed
29.08.2014 07:03:29,248 - INFO  - Watchdog has been checked: 0 passed
29.08.2014 07:05:29,303 - INFO  - Watchdog has been checked: 0 passed
29.08.2014 07:07:29,176 - INFO  - Watchdog has been checked: 0 passed
29.08.2014 07:09:29,251 - INFO  - Watchdog has been checked: 0 passed
29.08.2014 07:11:29,227 - INFO  - Watchdog has been checked: 0 passed
29.08.2014 07:13:29,188 - INFO  - Watchdog has been checked: 0 passed
29.08.2014 07:15:01,210 - INFO  - mapping file sync started
29.08.2014 07:15:01,841 - INFO  - file successfully updated
29.08.2014 07:15:29,185 - INFO  - Watchdog has been checked: 0 passed
29.08.2014 07:17:29,271 - INFO  - Watchdog has been checked: 0 passed
29.08.2014 07:19:29,227 - INFO  - Watchdog has been checked: 0 passed
29.08.2014 07:21:29,232 - INFO  - Watchdog has been checked: 0 passed
29.08.2014 07:23:29,202 - INFO  - Watchdog has been checked: 0 passed
29.08.2014 07:25:29,216 - INFO  - Watchdog has been checked: 0 passed
29.08.2014 07:27:29,271 - INFO  - Watchdog has been checked: 0 passed
29.08.2014 07:29:29,211 - INFO  - Watchdog has been checked: 0 passed
29.08.2014 07:31:29,298 - INFO  - Watchdog has been checked: 0 passed
29.08.2014 07:33:29,268 - INFO  - Watchdog has been checked: 0 passed
29.08.2014 07:35:29,269 - INFO  - Watchdog has been checked: 0 passed
29.08.2014 07:37:29,398 - INFO  - Watchdog has been checked: 0 passed
29.08.2014 07:39:29,287 - INFO  - Watchdog has been checked: 0 passed
29.08.2014 07:41:29,167 - INFO  - Watchdog has been checked: 0 passed
29.08.2014 07:43:29,124 - INFO  - Watchdog has been checked: 0 passed
29.08.2014 07:45:29,115 - INFO  - Watchdog has been checked: 0 passed
29.08.2014 07:47:29,168 - INFO  - Watchdog has been checked: 0 passed
29.08.2014 07:49:29,127 - INFO  - Watchdog has been checked: 0 passed
29.08.2014 07:51:29,124 - INFO  - Watchdog has been checked: 0 passed
29.08.2014 07:53:29,274 - INFO  - Watchdog has been checked: 0 passed
29.08.2014 07:55:29,183 - INFO  - Watchdog has been checked: 0 passed
29.08.2014 07:57:29,275 - INFO  - Watchdog has been checked: 0 passed
29.08.2014 07:59:29,294 - INFO  - Watchdog has been checked: 0 passed
29.08.2014 08:01:29,258 - INFO  - Watchdog has been checked: 0 passed
29.08.2014 08:03:29,177 - INFO  - Watchdog has been checked: 0 passed
29.08.2014 08:05:29,173 - INFO  - Watchdog has been checked: 0 passed
29.08.2014 08:07:29,102 - INFO  - Watchdog has been checked: 0 passed
29.08.2014 08:09:29,292 - INFO  - Watchdog has been checked: 0 passed
29.08.2014 08:11:29,234 - INFO  - Watchdog has been checked: 0 passed
29.08.2014 08:13:29,168 - INFO  - Watchdog has been checked: 0 passed
29.08.2014 08:15:29,192 - INFO  - Watchdog has been checked: 0 passed
29.08.2014 08:17:29,259 - INFO  - Watchdog has been checked: 0 passed
29.08.2014 08:19:29,167 - INFO  - Watchdog has been checked: 0 passed
29.08.2014 08:21:29,192 - INFO  - Watchdog has been checked: 0 passed
29.08.2014 08:23:29,118 - INFO  - Watchdog has been checked: 0 passed
29.08.2014 08:25:29,156 - INFO  - Watchdog has been checked: 0 passed
29.08.2014 08:27:29,243 - INFO  - Watchdog has been checked: 0 passed
29.08.2014 08:29:29,164 - INFO  - Watchdog has been checked: 0 passed
29.08.2014 08:31:29,440 - INFO  - Watchdog has been checked: 0 passed
29.08.2014 08:33:29,433 - INFO  - Watchdog has been checked: 0 passed
29.08.2014 08:35:29,430 - INFO  - Watchdog has been checked: 0 passed
29.08.2014 08:37:29,194 - INFO  - Watchdog has been checked: 0 passed
29.08.2014 08:39:29,366 - INFO  - Watchdog has been checked: 0 passed
29.08.2014 08:41:29,361 - INFO  - Watchdog has been checked: 0 passed
29.08.2014 08:43:29,310 - INFO  - Watchdog has been checked: 0 passed
29.08.2014 08:45:29,370 - INFO  - Watchdog has been checked: 0 passed
29.08.2014 08:47:29,441 - INFO  - Watchdog has been checked: 0 passed
29.08.2014 08:49:29,360 - INFO  - Watchdog has been checked: 0 passed
29.08.2014 08:51:29,407 - INFO  - Watchdog has been checked: 0 passed
29.08.2014 08:53:29,336 - INFO  - Watchdog has been checked: 0 passed
29.08.2014 08:55:29,310 - INFO  - Watchdog has been checked: 0 passed
29.08.2014 08:57:29,344 - INFO  - Watchdog has been checked: 0 passed
29.08.2014 08:59:29,253 - INFO  - Watchdog has been checked: 0 passed
29.08.2014 09:01:29,214 - INFO  - Watchdog has been checked: 0 passed
29.08.2014 09:03:29,114 - INFO  - Watchdog has been checked: 0 passed
29.08.2014 09:05:29,181 - INFO  - Watchdog has been checked: 0 passed
29.08.2014 09:07:29,311 - INFO  - Watchdog has been checked: 0 passed
29.08.2014 09:09:29,185 - INFO  - Watchdog has been checked: 0 passed
29.08.2014 09:11:29,190 - INFO  - Watchdog has been checked: 0 passed
29.08.2014 09:13:29,096 - INFO  - Watchdog has been checked: 0 passed
29.08.2014 09:15:29,094 - INFO  - Watchdog has been checked: 0 passed
29.08.2014 09:17:29,142 - INFO  - Watchdog has been checked: 0 passed
29.08.2014 09:19:29,030 - INFO  - Watchdog has been checked: 0 passed
29.08.2014 09:21:28,965 - INFO  - Watchdog has been checked: 0 passed
29.08.2014 09:23:27,949 - INFO  - Watchdog has been checked: 0 passed
29.08.2014 09:25:27,128 - INFO  - Watchdog has been checked: 0 passed
29.08.2014 09:27:27,032 - INFO  - Watchdog has been checked: 0 passed
29.08.2014 09:29:26,177 - INFO  - Watchdog has been checked: 0 passed
29.08.2014 09:31:26,109 - INFO  - Watchdog has been checked: 0 passed
29.08.2014 09:33:08,886 - INFO  - searcher identified --- respT: 36ms, 72520 results, q=, 
29.08.2014 09:33:14,028 - INFO  - searcher identified --- respT: 14ms, 1605 results, q=thomas, 
29.08.2014 09:33:16,747 - INFO  - searcher identified --- respT: ms, no results, q=, 
29.08.2014 09:33:19,832 - INFO  - searcher identified --- respT: ms, no results, q=, 
29.08.2014 09:33:20,452 - INFO  - searcher identified --- respT: ms, no results, q=, 
29.08.2014 09:33:23,569 - INFO  - searcher identified --- respT: ms, no results, q=, 
29.08.2014 09:33:26,215 - INFO  - Watchdog has been checked: 0 passed
29.08.2014 09:35:26,180 - INFO  - Watchdog has been checked: 0 passed
29.08.2014 09:37:26,344 - INFO  - Watchdog has been checked: 0 passed
29.08.2014 09:39:26,411 - INFO  - Watchdog has been checked: 0 passed
29.08.2014 09:41:26,332 - INFO  - Watchdog has been checked: 0 passed
29.08.2014 09:43:26,304 - INFO  - Watchdog has been checked: 0 passed
29.08.2014 09:45:26,267 - INFO  - Watchdog has been checked: 0 passed
29.08.2014 09:47:26,130 - INFO  - Watchdog has been checked: 0 passed
29.08.2014 09:49:26,217 - INFO  - Watchdog has been checked: 0 passed
29.08.2014 09:51:26,354 - INFO  - Watchdog has been checked: 0 passed
29.08.2014 09:53:26,360 - INFO  - Watchdog has been checked: 0 passed
29.08.2014 09:55:26,317 - INFO  - Watchdog has been checked: 0 passed
29.08.2014 09:57:26,384 - INFO  - Watchdog has been checked: 0 passed
29.08.2014 09:59:26,337 - INFO  - Watchdog has been checked: 0 passed
29.08.2014 10:01:26,315 - INFO  - Watchdog has been checked: 0 passed
29.08.2014 10:03:26,314 - INFO  - Watchdog has been checked: 0 passed
29.08.2014 10:05:26,292 - INFO  - Watchdog has been checked: 0 passed
29.08.2014 10:07:30,120 - INFO  - Watchdog has been checked: 0 passed
29.08.2014 10:09:30,351 - INFO  - Watchdog has been checked: 0 passed
29.08.2014 10:11:30,294 - INFO  - Watchdog has been checked: 0 passed
29.08.2014 10:13:30,272 - INFO  - Watchdog has been checked: 0 passed
29.08.2014 10:15:30,260 - INFO  - Watchdog has been checked: 0 passed
29.08.2014 10:17:30,271 - INFO  - Watchdog has been checked: 0 passed
29.08.2014 10:19:30,242 - INFO  - Watchdog has been checked: 0 passed
29.08.2014 10:21:30,386 - INFO  - Watchdog has been checked: 0 passed
29.08.2014 10:23:30,318 - INFO  - Watchdog has been checked: 0 passed
29.08.2014 10:25:30,096 - INFO  - Watchdog has been checked: 0 passed
29.08.2014 10:27:30,153 - INFO  - Watchdog has been checked: 0 passed
29.08.2014 10:29:29,118 - INFO  - Watchdog has been checked: 0 passed
29.08.2014 10:31:29,317 - INFO  - Watchdog has been checked: 0 passed
29.08.2014 10:33:29,269 - INFO  - Watchdog has been checked: 0 passed
29.08.2014 10:35:29,227 - INFO  - Watchdog has been checked: 0 passed
29.08.2014 10:37:29,071 - INFO  - Watchdog has been checked: 0 passed
29.08.2014 10:39:29,074 - INFO  - Watchdog has been checked: 0 passed
29.08.2014 10:41:29,317 - INFO  - Watchdog has been checked: 0 passed
29.08.2014 10:43:29,282 - INFO  - Watchdog has been checked: 0 passed
29.08.2014 10:45:29,312 - INFO  - Watchdog has been checked: 0 passed
29.08.2014 10:47:29,157 - INFO  - Watchdog has been checked: 0 passed
29.08.2014 10:49:29,358 - INFO  - Watchdog has been checked: 0 passed
29.08.2014 10:51:29,275 - INFO  - Watchdog has been checked: 0 passed
29.08.2014 10:53:29,252 - INFO  - Watchdog has been checked: 0 passed
29.08.2014 10:55:29,255 - INFO  - Watchdog has been checked: 0 passed
29.08.2014 10:57:29,390 - INFO  - Watchdog has been checked: 0 passed
29.08.2014 10:59:29,263 - INFO  - Watchdog has been checked: 0 passed
29.08.2014 11:01:29,242 - INFO  - Watchdog has been checked: 0 passed
29.08.2014 11:03:29,151 - INFO  - Watchdog has been checked: 0 passed
29.08.2014 11:05:29,177 - INFO  - Watchdog has been checked: 0 passed
29.08.2014 11:07:29,261 - INFO  - Watchdog has been checked: 0 passed
29.08.2014 11:09:30,067 - INFO  - Watchdog has been checked: 0 passed
29.08.2014 11:11:29,109 - INFO  - Watchdog has been checked: 0 passed
29.08.2014 11:13:29,195 - INFO  - Watchdog has been checked: 0 passed
29.08.2014 11:15:29,097 - INFO  - Watchdog has been checked: 0 passed
29.08.2014 11:17:29,166 - INFO  - Watchdog has been checked: 0 passed
29.08.2014 11:19:29,340 - INFO  - Watchdog has been checked: 0 passed
29.08.2014 11:21:29,240 - INFO  - Watchdog has been checked: 0 passed
29.08.2014 11:23:29,297 - INFO  - Watchdog has been checked: 0 passed
29.08.2014 11:25:29,312 - INFO  - Watchdog has been checked: 0 passed
29.08.2014 11:27:29,102 - INFO  - Watchdog has been checked: 0 passed
29.08.2014 11:29:28,260 - INFO  - Watchdog has been checked: 0 passed
29.08.2014 11:31:28,089 - INFO  - Watchdog has been checked: 0 passed
29.08.2014 11:33:27,223 - INFO  - Watchdog has been checked: 0 passed
29.08.2014 11:35:27,254 - INFO  - Watchdog has been checked: 0 passed
29.08.2014 11:37:27,159 - INFO  - Watchdog has been checked: 0 passed
29.08.2014 11:39:26,232 - INFO  - Watchdog has been checked: 0 passed
29.08.2014 11:41:26,111 - INFO  - Watchdog has been checked: 0 passed
29.08.2014 11:43:26,244 - INFO  - Watchdog has been checked: 0 passed
29.08.2014 11:45:26,251 - INFO  - Watchdog has been checked: 0 passed
29.08.2014 11:47:26,234 - INFO  - Watchdog has been checked: 0 passed
29.08.2014 11:49:26,224 - INFO  - Watchdog has been checked: 0 passed
29.08.2014 11:51:26,076 - INFO  - Watchdog has been checked: 0 passed
29.08.2014 11:53:26,175 - INFO  - Watchdog has been checked: 0 passed
29.08.2014 11:55:26,383 - INFO  - Watchdog has been checked: 0 passed
29.08.2014 11:57:26,253 - INFO  - Watchdog has been checked: 0 passed
29.08.2014 11:59:26,043 - INFO  - Watchdog has been checked: 0 passed
29.08.2014 12:01:26,289 - INFO  - Watchdog has been checked: 0 passed
29.08.2014 12:03:26,354 - INFO  - Watchdog has been checked: 0 passed
29.08.2014 12:05:26,438 - INFO  - Watchdog has been checked: 0 passed
29.08.2014 12:07:26,327 - INFO  - Watchdog has been checked: 0 passed
29.08.2014 12:09:26,248 - INFO  - Watchdog has been checked: 0 passed
29.08.2014 12:11:28,223 - INFO  - Watchdog has been checked: 0 passed
29.08.2014 12:13:28,238 - INFO  - Watchdog has been checked: 0 passed
29.08.2014 12:15:28,225 - INFO  - Watchdog has been checked: 0 passed
29.08.2014 12:17:28,344 - INFO  - Watchdog has been checked: 0 passed
29.08.2014 12:19:28,253 - INFO  - Watchdog has been checked: 0 passed
29.08.2014 12:21:28,221 - INFO  - Watchdog has been checked: 0 passed
29.08.2014 12:23:28,159 - INFO  - Watchdog has been checked: 0 passed
29.08.2014 12:25:28,109 - INFO  - Watchdog has been checked: 0 passed
29.08.2014 12:27:28,201 - INFO  - Watchdog has been checked: 0 passed
29.08.2014 12:29:28,102 - INFO  - Watchdog has been checked: 0 passed
29.08.2014 12:31:28,047 - INFO  - Watchdog has been checked: 0 passed
29.08.2014 12:33:27,106 - INFO  - Watchdog has been checked: 0 passed
29.08.2014 12:35:27,115 - INFO  - Watchdog has been checked: 0 passed
29.08.2014 12:37:26,180 - INFO  - Watchdog has been checked: 0 passed
29.08.2014 12:39:26,230 - INFO  - Watchdog has been checked: 0 passed
29.08.2014 12:41:26,185 - INFO  - Watchdog has been checked: 0 passed
29.08.2014 12:43:26,195 - INFO  - Watchdog has been checked: 0 passed
29.08.2014 12:45:26,189 - INFO  - Watchdog has been checked: 0 passed
29.08.2014 12:47:26,280 - INFO  - Watchdog has been checked: 0 passed
29.08.2014 12:49:26,257 - INFO  - Watchdog has been checked: 0 passed
29.08.2014 12:51:26,161 - INFO  - Watchdog has been checked: 0 passed
29.08.2014 12:53:26,179 - INFO  - Watchdog has been checked: 0 passed
29.08.2014 12:55:25,057 - INFO  - Watchdog has been checked: 0 passed
29.08.2014 12:57:24,093 - INFO  - Watchdog has been checked: 0 passed
29.08.2014 12:59:23,317 - INFO  - Watchdog has been checked: 0 passed
29.08.2014 13:01:23,242 - INFO  - Watchdog has been checked: 0 passed
29.08.2014 13:03:23,153 - INFO  - Watchdog has been checked: 0 passed
29.08.2014 13:05:23,051 - INFO  - Watchdog has been checked: 0 passed
29.08.2014 13:07:23,118 - INFO  - Watchdog has been checked: 0 passed
29.08.2014 13:09:23,079 - INFO  - Watchdog has been checked: 0 passed
29.08.2014 13:11:23,094 - INFO  - Watchdog has been checked: 0 passed
29.08.2014 13:13:23,476 - INFO  - Watchdog has been checked: 0 passed
29.08.2014 13:15:23,087 - INFO  - Watchdog has been checked: 0 passed
29.08.2014 13:17:23,155 - INFO  - Watchdog has been checked: 0 passed
29.08.2014 13:19:23,433 - INFO  - Watchdog has been checked: 0 passed
29.08.2014 13:21:23,366 - INFO  - Watchdog has been checked: 0 passed
29.08.2014 13:23:23,271 - INFO  - Watchdog has been checked: 0 passed
29.08.2014 13:25:23,322 - INFO  - Watchdog has been checked: 0 passed
29.08.2014 13:27:23,170 - INFO  - Watchdog has been checked: 0 passed
29.08.2014 13:29:23,322 - INFO  - Watchdog has been checked: 0 passed
29.08.2014 13:31:23,303 - INFO  - Watchdog has been checked: 0 passed
29.08.2014 13:33:23,257 - INFO  - Watchdog has been checked: 0 passed
29.08.2014 13:35:23,120 - INFO  - Watchdog has been checked: 0 passed
29.08.2014 13:37:23,237 - INFO  - Watchdog has been checked: 0 passed
29.08.2014 13:39:23,269 - INFO  - Watchdog has been checked: 0 passed
29.08.2014 13:41:23,129 - INFO  - Watchdog has been checked: 0 passed
29.08.2014 13:43:23,115 - INFO  - Watchdog has been checked: 0 passed
29.08.2014 13:45:22,088 - INFO  - Watchdog has been checked: 0 passed
29.08.2014 13:47:21,165 - INFO  - Watchdog has been checked: 0 passed
29.08.2014 13:49:21,057 - INFO  - Watchdog has been checked: 0 passed
29.08.2014 13:51:21,056 - INFO  - Watchdog has been checked: 0 passed
29.08.2014 13:53:21,249 - INFO  - Watchdog has been checked: 0 passed
29.08.2014 13:55:21,256 - INFO  - Watchdog has been checked: 0 passed
29.08.2014 13:57:21,125 - INFO  - Watchdog has been checked: 0 passed
29.08.2014 13:59:21,292 - INFO  - Watchdog has been checked: 0 passed
29.08.2014 14:01:21,311 - INFO  - Watchdog has been checked: 0 passed
29.08.2014 14:03:21,202 - INFO  - Watchdog has been checked: 0 passed
29.08.2014 14:05:21,258 - INFO  - Watchdog has been checked: 0 passed
29.08.2014 14:07:21,332 - INFO  - Watchdog has been checked: 0 passed
29.08.2014 14:09:21,282 - INFO  - Watchdog has been checked: 0 passed
29.08.2014 14:11:21,323 - INFO  - Watchdog has been checked: 0 passed
29.08.2014 14:13:21,164 - INFO  - Watchdog has been checked: 0 passed
29.08.2014 14:15:21,188 - INFO  - Watchdog has been checked: 0 passed
29.08.2014 14:17:21,316 - INFO  - Watchdog has been checked: 0 passed
29.08.2014 14:19:21,245 - INFO  - Watchdog has been checked: 0 passed
29.08.2014 14:21:21,259 - INFO  - Watchdog has been checked: 0 passed
29.08.2014 14:23:21,206 - INFO  - Watchdog has been checked: 0 passed
29.08.2014 14:25:21,200 - INFO  - Watchdog has been checked: 0 passed
29.08.2014 14:27:21,327 - INFO  - Watchdog has been checked: 0 passed
29.08.2014 14:29:21,232 - INFO  - Watchdog has been checked: 0 passed
29.08.2014 14:31:21,180 - INFO  - Watchdog has been checked: 0 passed
29.08.2014 14:33:20,244 - INFO  - Watchdog has been checked: 0 passed
29.08.2014 14:35:20,263 - INFO  - Watchdog has been checked: 0 passed
29.08.2014 14:37:20,384 - INFO  - Watchdog has been checked: 0 passed
29.08.2014 14:39:20,152 - INFO  - Watchdog has been checked: 0 passed
29.08.2014 14:41:19,336 - INFO  - Watchdog has been checked: 0 passed
29.08.2014 14:43:19,369 - INFO  - Watchdog has been checked: 0 passed
29.08.2014 14:45:19,209 - INFO  - Watchdog has been checked: 0 passed
29.08.2014 14:47:19,196 - INFO  - Watchdog has been checked: 0 passed
29.08.2014 14:49:19,259 - INFO  - Watchdog has been checked: 0 passed
29.08.2014 14:51:19,247 - INFO  - Watchdog has been checked: 0 passed
29.08.2014 14:53:19,259 - INFO  - Watchdog has been checked: 0 passed
29.08.2014 14:55:19,223 - INFO  - Watchdog has been checked: 0 passed
29.08.2014 14:57:19,059 - INFO  - Watchdog has been checked: 0 passed
29.08.2014 14:59:19,286 - INFO  - Watchdog has been checked: 0 passed
29.08.2014 15:01:19,234 - INFO  - Watchdog has been checked: 0 passed
29.08.2014 15:03:19,311 - INFO  - Watchdog has been checked: 0 passed
29.08.2014 15:05:19,320 - INFO  - Watchdog has been checked: 0 passed
29.08.2014 15:07:19,275 - INFO  - Watchdog has been checked: 0 passed
29.08.2014 15:09:19,328 - INFO  - Watchdog has been checked: 0 passed
29.08.2014 15:11:19,294 - INFO  - Watchdog has been checked: 0 passed
29.08.2014 15:13:19,307 - INFO  - Watchdog has been checked: 0 passed
29.08.2014 15:15:19,299 - INFO  - Watchdog has been checked: 0 passed
29.08.2014 15:17:19,185 - INFO  - Watchdog has been checked: 0 passed
29.08.2014 15:19:19,300 - INFO  - Watchdog has been checked: 0 passed
29.08.2014 15:21:19,293 - INFO  - Watchdog has been checked: 0 passed
29.08.2014 15:23:19,308 - INFO  - Watchdog has been checked: 0 passed
29.08.2014 15:25:19,301 - INFO  - Watchdog has been checked: 0 passed
29.08.2014 15:27:19,190 - INFO  - Watchdog has been checked: 0 passed
29.08.2014 15:29:19,342 - INFO  - Watchdog has been checked: 0 passed
29.08.2014 15:31:19,247 - INFO  - Watchdog has been checked: 0 passed
29.08.2014 15:33:19,114 - INFO  - Watchdog has been checked: 0 passed
29.08.2014 15:35:18,129 - INFO  - Watchdog has been checked: 0 passed
29.08.2014 15:37:18,363 - INFO  - Watchdog has been checked: 0 passed
29.08.2014 15:39:18,239 - INFO  - Watchdog has been checked: 0 passed
29.08.2014 15:41:18,236 - INFO  - Watchdog has been checked: 0 passed
29.08.2014 15:43:18,594 - INFO  - Watchdog has been checked: 0 passed
29.08.2014 15:45:18,087 - INFO  - Watchdog has been checked: 0 passed
29.08.2014 15:47:17,274 - INFO  - Watchdog has been checked: 0 passed
29.08.2014 15:49:17,135 - INFO  - Watchdog has been checked: 0 passed
29.08.2014 15:51:17,167 - INFO  - Watchdog has been checked: 0 passed
29.08.2014 15:53:17,100 - INFO  - Watchdog has been checked: 0 passed
29.08.2014 15:55:16,208 - INFO  - Watchdog has been checked: 0 passed
29.08.2014 15:57:16,145 - INFO  - Watchdog has been checked: 0 passed
29.08.2014 15:59:15,282 - INFO  - Watchdog has been checked: 0 passed
29.08.2014 16:01:15,195 - INFO  - Watchdog has been checked: 0 passed
29.08.2014 16:03:15,153 - INFO  - Watchdog has been checked: 0 passed
29.08.2014 16:05:15,220 - INFO  - Watchdog has been checked: 0 passed
29.08.2014 16:07:15,163 - INFO  - Watchdog has been checked: 0 passed
29.08.2014 16:09:15,222 - INFO  - Watchdog has been checked: 0 passed
29.08.2014 16:11:15,312 - INFO  - Watchdog has been checked: 0 passed
29.08.2014 16:13:15,273 - INFO  - Watchdog has been checked: 0 passed
29.08.2014 16:15:15,290 - INFO  - Watchdog has been checked: 0 passed
29.08.2014 16:17:15,242 - INFO  - Watchdog has been checked: 0 passed
29.08.2014 16:19:15,157 - INFO  - Watchdog has been checked: 0 passed
29.08.2014 16:21:15,306 - INFO  - Watchdog has been checked: 0 passed
29.08.2014 16:23:15,201 - INFO  - Watchdog has been checked: 0 passed
29.08.2014 16:25:15,431 - INFO  - Watchdog has been checked: 0 passed
29.08.2014 16:27:15,300 - INFO  - Watchdog has been checked: 0 passed
29.08.2014 16:29:15,317 - INFO  - Watchdog has been checked: 0 passed
29.08.2014 16:31:15,348 - INFO  - Watchdog has been checked: 0 passed
29.08.2014 16:33:15,282 - INFO  - Watchdog has been checked: 0 passed
29.08.2014 16:35:15,200 - INFO  - Watchdog has been checked: 0 passed
29.08.2014 16:37:15,129 - INFO  - Watchdog has been checked: 0 passed
29.08.2014 16:39:15,170 - INFO  - Watchdog has been checked: 0 passed
29.08.2014 16:41:15,182 - INFO  - Watchdog has been checked: 0 passed
29.08.2014 16:43:15,300 - INFO  - Watchdog has been checked: 0 passed
29.08.2014 16:45:15,318 - INFO  - Watchdog has been checked: 0 passed
29.08.2014 16:47:15,306 - INFO  - Watchdog has been checked: 0 passed
29.08.2014 16:49:15,174 - INFO  - Watchdog has been checked: 0 passed
29.08.2014 16:51:15,371 - INFO  - Watchdog has been checked: 0 passed
29.08.2014 16:53:16,181 - INFO  - Watchdog has been checked: 0 passed
29.08.2014 16:55:16,213 - INFO  - Watchdog has been checked: 0 passed
29.08.2014 16:57:16,189 - INFO  - Watchdog has been checked: 0 passed
29.08.2014 16:59:16,165 - INFO  - Watchdog has been checked: 0 passed
29.08.2014 17:01:16,372 - INFO  - Watchdog has been checked: 0 passed
29.08.2014 17:03:16,326 - INFO  - Watchdog has been checked: 0 passed
29.08.2014 17:05:16,251 - INFO  - Watchdog has been checked: 0 passed
29.08.2014 17:07:16,255 - INFO  - Watchdog has been checked: 0 passed
29.08.2014 17:09:16,030 - INFO  - Watchdog has been checked: 0 passed
29.08.2014 17:11:15,185 - INFO  - Watchdog has been checked: 0 passed
29.08.2014 17:13:14,180 - INFO  - Watchdog has been checked: 0 passed
29.08.2014 17:15:13,119 - INFO  - Watchdog has been checked: 0 passed
29.08.2014 17:17:12,374 - INFO  - Watchdog has been checked: 0 passed
29.08.2014 17:19:12,336 - INFO  - Watchdog has been checked: 0 passed
29.08.2014 17:21:12,232 - INFO  - Watchdog has been checked: 0 passed
29.08.2014 17:23:12,313 - INFO  - Watchdog has been checked: 0 passed
29.08.2014 17:25:12,250 - INFO  - Watchdog has been checked: 0 passed
29.08.2014 17:27:12,235 - INFO  - Watchdog has been checked: 0 passed
29.08.2014 17:29:12,293 - INFO  - Watchdog has been checked: 0 passed
29.08.2014 17:31:12,251 - INFO  - Watchdog has been checked: 0 passed
29.08.2014 17:33:12,268 - INFO  - Watchdog has been checked: 0 passed
29.08.2014 17:35:12,222 - INFO  - Watchdog has been checked: 0 passed
29.08.2014 17:37:12,225 - INFO  - Watchdog has been checked: 0 passed
29.08.2014 17:39:12,308 - INFO  - Watchdog has been checked: 0 passed
29.08.2014 17:41:12,198 - INFO  - Watchdog has been checked: 0 passed
29.08.2014 17:43:12,230 - INFO  - Watchdog has been checked: 0 passed
29.08.2014 17:45:12,162 - INFO  - Watchdog has been checked: 0 passed
29.08.2014 17:47:12,450 - INFO  - Watchdog has been checked: 0 passed
29.08.2014 17:49:12,199 - INFO  - Watchdog has been checked: 0 passed
29.08.2014 17:51:12,381 - INFO  - Watchdog has been checked: 0 passed
29.08.2014 17:53:12,397 - INFO  - Watchdog has been checked: 0 passed
29.08.2014 17:55:13,129 - INFO  - Watchdog has been checked: 0 passed
29.08.2014 17:57:13,227 - INFO  - Watchdog has been checked: 0 passed
29.08.2014 17:59:13,293 - INFO  - Watchdog has been checked: 0 passed
29.08.2014 18:01:13,213 - INFO  - Watchdog has been checked: 0 passed
29.08.2014 18:03:13,429 - INFO  - Watchdog has been checked: 0 passed
29.08.2014 18:05:13,409 - INFO  - Watchdog has been checked: 0 passed
29.08.2014 18:07:13,355 - INFO  - Watchdog has been checked: 0 passed
29.08.2014 18:09:13,279 - INFO  - Watchdog has been checked: 0 passed
29.08.2014 18:11:13,437 - INFO  - Watchdog has been checked: 0 passed
29.08.2014 18:13:13,375 - INFO  - Watchdog has been checked: 0 passed
29.08.2014 18:15:13,367 - INFO  - Watchdog has been checked: 0 passed
29.08.2014 18:17:13,244 - INFO  - Watchdog has been checked: 0 passed
29.08.2014 18:19:13,296 - INFO  - Watchdog has been checked: 0 passed
29.08.2014 18:21:13,332 - INFO  - Watchdog has been checked: 0 passed
29.08.2014 18:23:13,200 - INFO  - Watchdog has been checked: 0 passed
29.08.2014 18:25:13,280 - INFO  - Watchdog has been checked: 0 passed
29.08.2014 18:27:13,144 - INFO  - Watchdog has been checked: 0 passed
29.08.2014 18:29:13,124 - INFO  - Watchdog has been checked: 0 passed
29.08.2014 18:31:13,057 - INFO  - Watchdog has been checked: 0 passed
29.08.2014 18:33:13,323 - INFO  - Watchdog has been checked: 0 passed
29.08.2014 18:35:13,132 - INFO  - Watchdog has been checked: 0 passed
29.08.2014 18:37:13,081 - INFO  - Watchdog has been checked: 0 passed
29.08.2014 18:39:12,338 - INFO  - Watchdog has been checked: 0 passed
29.08.2014 18:41:12,300 - INFO  - Watchdog has been checked: 0 passed
29.08.2014 18:43:12,251 - INFO  - Watchdog has been checked: 0 passed
29.08.2014 18:45:12,277 - INFO  - Watchdog has been checked: 0 passed
29.08.2014 18:47:12,234 - INFO  - Watchdog has been checked: 0 passed
29.08.2014 18:49:12,373 - INFO  - Watchdog has been checked: 0 passed
29.08.2014 18:51:12,239 - INFO  - Watchdog has been checked: 0 passed
29.08.2014 18:53:12,203 - INFO  - Watchdog has been checked: 0 passed
29.08.2014 18:55:12,350 - INFO  - Watchdog has been checked: 0 passed
29.08.2014 18:57:13,081 - INFO  - Watchdog has been checked: 0 passed
29.08.2014 18:59:12,257 - INFO  - Watchdog has been checked: 0 passed
29.08.2014 19:01:12,225 - INFO  - Watchdog has been checked: 0 passed
29.08.2014 19:03:12,130 - INFO  - Watchdog has been checked: 0 passed
29.08.2014 19:05:12,311 - INFO  - Watchdog has been checked: 0 passed
29.08.2014 19:07:12,240 - INFO  - Watchdog has been checked: 0 passed
29.08.2014 19:09:12,258 - INFO  - Watchdog has been checked: 0 passed
29.08.2014 19:11:12,247 - INFO  - Watchdog has been checked: 0 passed
29.08.2014 19:13:12,186 - INFO  - Watchdog has been checked: 0 passed
29.08.2014 19:15:12,342 - INFO  - Watchdog has been checked: 0 passed
29.08.2014 19:17:12,321 - INFO  - Watchdog has been checked: 0 passed
29.08.2014 19:19:12,299 - INFO  - Watchdog has been checked: 0 passed
29.08.2014 19:21:12,229 - INFO  - Watchdog has been checked: 0 passed
29.08.2014 19:23:12,213 - INFO  - Watchdog has been checked: 0 passed
29.08.2014 19:25:12,351 - INFO  - Watchdog has been checked: 0 passed
29.08.2014 19:27:12,339 - INFO  - Watchdog has been checked: 0 passed
29.08.2014 19:29:12,335 - INFO  - Watchdog has been checked: 0 passed
29.08.2014 19:31:12,306 - INFO  - Watchdog has been checked: 0 passed
29.08.2014 19:33:12,243 - INFO  - Watchdog has been checked: 0 passed
29.08.2014 19:35:12,197 - INFO  - Watchdog has been checked: 0 passed
29.08.2014 19:37:12,454 - INFO  - Watchdog has been checked: 0 passed
29.08.2014 19:39:12,179 - INFO  - Watchdog has been checked: 0 passed
29.08.2014 19:41:12,290 - INFO  - Watchdog has been checked: 0 passed
29.08.2014 19:43:12,278 - INFO  - Watchdog has been checked: 0 passed
29.08.2014 19:45:12,228 - INFO  - Watchdog has been checked: 0 passed
29.08.2014 19:47:12,233 - INFO  - Watchdog has been checked: 0 passed
29.08.2014 19:49:12,354 - INFO  - Watchdog has been checked: 0 passed
29.08.2014 19:51:12,728 - INFO  - Watchdog has been checked: 0 passed
29.08.2014 19:53:12,316 - INFO  - Watchdog has been checked: 0 passed
29.08.2014 19:55:12,243 - INFO  - Watchdog has been checked: 0 passed
29.08.2014 19:57:12,220 - INFO  - Watchdog has been checked: 0 passed
29.08.2014 19:59:15,042 - INFO  - Watchdog has been checked: 0 passed
29.08.2014 20:01:14,093 - INFO  - Watchdog has been checked: 0 passed
29.08.2014 20:03:14,334 - INFO  - Watchdog has been checked: 0 passed
29.08.2014 20:05:14,202 - INFO  - Watchdog has been checked: 0 passed
29.08.2014 20:07:14,113 - INFO  - Watchdog has been checked: 0 passed
29.08.2014 20:09:14,116 - INFO  - Watchdog has been checked: 0 passed
29.08.2014 20:11:14,305 - INFO  - Watchdog has been checked: 0 passed
29.08.2014 20:13:14,286 - INFO  - Watchdog has been checked: 0 passed
29.08.2014 20:15:14,218 - INFO  - Watchdog has been checked: 0 passed
29.08.2014 20:17:14,371 - INFO  - Watchdog has been checked: 0 passed
29.08.2014 20:19:14,163 - INFO  - Watchdog has been checked: 0 passed
29.08.2014 20:21:14,310 - INFO  - Watchdog has been checked: 0 passed
29.08.2014 20:23:14,275 - INFO  - Watchdog has been checked: 0 passed
29.08.2014 20:25:14,191 - INFO  - Watchdog has been checked: 0 passed
29.08.2014 20:27:14,339 - INFO  - Watchdog has been checked: 0 passed
29.08.2014 20:29:14,372 - INFO  - Watchdog has been checked: 0 passed
29.08.2014 20:31:14,269 - INFO  - Watchdog has been checked: 0 passed
29.08.2014 20:33:14,237 - INFO  - Watchdog has been checked: 0 passed
29.08.2014 20:35:14,206 - INFO  - Watchdog has been checked: 0 passed
29.08.2014 20:37:14,323 - INFO  - Watchdog has been checked: 0 passed
29.08.2014 20:39:14,442 - INFO  - Watchdog has been checked: 0 passed
29.08.2014 20:41:14,364 - INFO  - Watchdog has been checked: 0 passed
29.08.2014 20:43:14,309 - INFO  - Watchdog has been checked: 0 passed
29.08.2014 20:45:14,311 - INFO  - Watchdog has been checked: 0 passed
29.08.2014 20:47:14,481 - INFO  - Watchdog has been checked: 0 passed
29.08.2014 20:49:14,304 - INFO  - Watchdog has been checked: 0 passed
29.08.2014 20:51:14,438 - INFO  - Watchdog has been checked: 0 passed
29.08.2014 20:53:14,333 - INFO  - Watchdog has been checked: 0 passed
29.08.2014 20:55:14,340 - INFO  - Watchdog has been checked: 0 passed
29.08.2014 20:57:14,244 - INFO  - Watchdog has been checked: 0 passed
29.08.2014 20:59:14,275 - INFO  - Watchdog has been checked: 0 passed
29.08.2014 21:01:14,909 - INFO  - Watchdog has been checked: 0 passed
29.08.2014 21:03:14,322 - INFO  - Watchdog has been checked: 0 passed
29.08.2014 21:05:14,095 - INFO  - Watchdog has been checked: 0 passed
29.08.2014 21:07:13,236 - INFO  - Watchdog has been checked: 0 passed
29.08.2014 21:09:13,274 - INFO  - Watchdog has been checked: 0 passed
29.08.2014 21:11:13,200 - INFO  - Watchdog has been checked: 0 passed
29.08.2014 21:13:13,075 - INFO  - Watchdog has been checked: 0 passed
29.08.2014 21:15:12,035 - INFO  - Watchdog has been checked: 0 passed
29.08.2014 21:17:11,996 - INFO  - Watchdog has been checked: 0 passed
29.08.2014 21:19:10,918 - INFO  - Watchdog has been checked: 0 passed
29.08.2014 21:21:10,140 - INFO  - Watchdog has been checked: 0 passed
29.08.2014 21:23:10,051 - INFO  - Watchdog has been checked: 0 passed
29.08.2014 21:25:10,068 - INFO  - Watchdog has been checked: 0 passed
29.08.2014 21:27:10,032 - INFO  - Watchdog has been checked: 0 passed
29.08.2014 21:29:09,986 - INFO  - Watchdog has been checked: 0 passed
29.08.2014 21:31:10,215 - INFO  - Watchdog has been checked: 0 passed
29.08.2014 21:33:09,960 - INFO  - Watchdog has been checked: 0 passed
29.08.2014 21:35:09,157 - INFO  - Watchdog has been checked: 0 passed
29.08.2014 21:37:09,116 - INFO  - Watchdog has been checked: 0 passed
29.08.2014 21:39:09,117 - INFO  - Watchdog has been checked: 0 passed
29.08.2014 21:41:09,160 - INFO  - Watchdog has been checked: 0 passed
29.08.2014 21:43:09,152 - INFO  - Watchdog has been checked: 0 passed
29.08.2014 21:45:09,113 - INFO  - Watchdog has been checked: 0 passed
29.08.2014 21:47:09,136 - INFO  - Watchdog has been checked: 0 passed
29.08.2014 21:49:09,211 - INFO  - Watchdog has been checked: 0 passed
29.08.2014 21:51:09,143 - INFO  - Watchdog has been checked: 0 passed
29.08.2014 21:53:09,114 - INFO  - Watchdog has been checked: 0 passed
29.08.2014 21:55:09,291 - INFO  - Watchdog has been checked: 0 passed
29.08.2014 21:57:09,299 - INFO  - Watchdog has been checked: 0 passed
29.08.2014 21:59:09,327 - INFO  - Watchdog has been checked: 0 passed
29.08.2014 22:01:09,270 - INFO  - Watchdog has been checked: 0 passed
29.08.2014 22:03:09,177 - INFO  - Watchdog has been checked: 0 passed
29.08.2014 22:05:09,346 - INFO  - Watchdog has been checked: 0 passed
29.08.2014 22:07:09,394 - INFO  - Watchdog has been checked: 0 passed
29.08.2014 22:09:09,373 - INFO  - Watchdog has been checked: 0 passed
29.08.2014 22:11:09,328 - INFO  - Watchdog has been checked: 0 passed
29.08.2014 22:13:09,293 - INFO  - Watchdog has been checked: 0 passed
29.08.2014 22:15:09,211 - INFO  - Watchdog has been checked: 0 passed
29.08.2014 22:17:09,427 - INFO  - Watchdog has been checked: 0 passed
29.08.2014 22:19:09,244 - INFO  - Watchdog has been checked: 0 passed
29.08.2014 22:21:09,371 - INFO  - Watchdog has been checked: 0 passed
29.08.2014 22:23:09,379 - INFO  - Watchdog has been checked: 0 passed
29.08.2014 22:25:09,326 - INFO  - Watchdog has been checked: 0 passed
29.08.2014 22:27:09,291 - INFO  - Watchdog has been checked: 0 passed
29.08.2014 22:29:09,312 - INFO  - Watchdog has been checked: 0 passed
29.08.2014 22:31:09,250 - INFO  - Watchdog has been checked: 0 passed
29.08.2014 22:33:09,255 - INFO  - Watchdog has been checked: 0 passed
29.08.2014 22:35:08,427 - INFO  - Watchdog has been checked: 0 passed
29.08.2014 22:37:08,374 - INFO  - Watchdog has been checked: 0 passed
29.08.2014 22:39:08,422 - INFO  - Watchdog has been checked: 0 passed
29.08.2014 22:41:08,258 - INFO  - Watchdog has been checked: 0 passed
29.08.2014 22:43:07,210 - INFO  - Watchdog has been checked: 0 passed
29.08.2014 22:45:06,116 - INFO  - Watchdog has been checked: 0 passed
29.08.2014 22:47:06,067 - INFO  - Watchdog has been checked: 0 passed
29.08.2014 22:49:05,163 - INFO  - Watchdog has been checked: 0 passed
29.08.2014 22:51:04,025 - INFO  - Watchdog has been checked: 0 passed
29.08.2014 22:53:03,018 - INFO  - Watchdog has been checked: 0 passed
29.08.2014 22:55:02,174 - INFO  - Watchdog has been checked: 0 passed
29.08.2014 22:57:02,232 - INFO  - Watchdog has been checked: 0 passed
29.08.2014 22:59:02,071 - INFO  - Watchdog has been checked: 0 passed
29.08.2014 23:01:02,239 - INFO  - Watchdog has been checked: 0 passed
29.08.2014 23:03:02,145 - INFO  - Watchdog has been checked: 0 passed
29.08.2014 23:05:02,125 - INFO  - Watchdog has been checked: 0 passed
29.08.2014 23:07:02,320 - INFO  - Watchdog has been checked: 0 passed
29.08.2014 23:09:02,090 - INFO  - Watchdog has been checked: 0 passed
29.08.2014 23:11:02,241 - INFO  - Watchdog has been checked: 0 passed
29.08.2014 23:13:02,181 - INFO  - Watchdog has been checked: 0 passed
29.08.2014 23:15:02,184 - INFO  - Watchdog has been checked: 0 passed
29.08.2014 23:17:02,137 - INFO  - Watchdog has been checked: 0 passed
29.08.2014 23:19:02,162 - INFO  - Watchdog has been checked: 0 passed
29.08.2014 23:21:02,299 - INFO  - Watchdog has been checked: 0 passed
29.08.2014 23:23:02,281 - INFO  - Watchdog has been checked: 0 passed
29.08.2014 23:25:02,202 - INFO  - Watchdog has been checked: 0 passed
29.08.2014 23:27:02,143 - INFO  - Watchdog has been checked: 0 passed
29.08.2014 23:29:02,182 - INFO  - Watchdog has been checked: 0 passed
29.08.2014 23:31:03,397 - INFO  - Watchdog has been checked: 0 passed
29.08.2014 23:33:03,077 - INFO  - Watchdog has been checked: 0 passed
29.08.2014 23:35:02,296 - INFO  - Watchdog has been checked: 0 passed
29.08.2014 23:37:02,296 - INFO  - Watchdog has been checked: 0 passed
29.08.2014 23:39:02,335 - INFO  - Watchdog has been checked: 0 passed
29.08.2014 23:41:02,287 - INFO  - Watchdog has been checked: 0 passed
29.08.2014 23:43:02,245 - INFO  - Watchdog has been checked: 0 passed
29.08.2014 23:45:02,238 - INFO  - Watchdog has been checked: 0 passed
29.08.2014 23:47:02,282 - INFO  - Watchdog has been checked: 0 passed
29.08.2014 23:49:02,269 - INFO  - Watchdog has been checked: 0 passed
29.08.2014 23:51:02,186 - INFO  - Watchdog has been checked: 0 passed
29.08.2014 23:53:02,360 - INFO  - Watchdog has been checked: 0 passed
29.08.2014 23:55:02,391 - INFO  - Watchdog has been checked: 0 passed
29.08.2014 23:57:02,420 - INFO  - Watchdog has been checked: 0 passed
29.08.2014 23:59:02,355 - INFO  - Watchdog has been checked: 0 passed
