07.08.2014 00:01:36,262 - INFO  - Watchdog has been checked: 0 passed
07.08.2014 00:03:36,276 - INFO  - Watchdog has been checked: 0 passed
07.08.2014 00:05:36,178 - INFO  - Watchdog has been checked: 0 passed
07.08.2014 00:07:36,276 - INFO  - Watchdog has been checked: 0 passed
07.08.2014 00:09:36,259 - INFO  - Watchdog has been checked: 0 passed
07.08.2014 00:11:36,016 - INFO  - Watchdog has been checked: 0 passed
07.08.2014 00:13:35,242 - INFO  - Watchdog has been checked: 0 passed
07.08.2014 00:15:35,117 - INFO  - Watchdog has been checked: 0 passed
07.08.2014 00:17:35,212 - INFO  - Watchdog has been checked: 0 passed
07.08.2014 00:19:35,519 - INFO  - Watchdog has been checked: 0 passed
07.08.2014 00:21:35,110 - INFO  - Watchdog has been checked: 0 passed
07.08.2014 00:23:35,129 - INFO  - Watchdog has been checked: 0 passed
07.08.2014 00:25:35,201 - INFO  - Watchdog has been checked: 0 passed
07.08.2014 00:27:35,195 - INFO  - Watchdog has been checked: 0 passed
07.08.2014 00:29:35,029 - INFO  - Watchdog has been checked: 0 passed
07.08.2014 00:31:34,061 - INFO  - Watchdog has been checked: 0 passed
07.08.2014 00:33:33,039 - INFO  - Watchdog has been checked: 0 passed
07.08.2014 00:35:32,105 - INFO  - Watchdog has been checked: 0 passed
07.08.2014 00:37:32,049 - INFO  - Watchdog has been checked: 0 passed
07.08.2014 00:39:31,002 - INFO  - Watchdog has been checked: 0 passed
07.08.2014 00:41:30,169 - INFO  - Watchdog has been checked: 0 passed
07.08.2014 00:43:30,161 - INFO  - Watchdog has been checked: 0 passed
07.08.2014 00:45:29,942 - INFO  - Watchdog has been checked: 0 passed
07.08.2014 00:47:29,115 - INFO  - Watchdog has been checked: 0 passed
07.08.2014 00:49:29,179 - INFO  - Watchdog has been checked: 0 passed
07.08.2014 00:51:29,196 - INFO  - Watchdog has been checked: 0 passed
07.08.2014 00:53:29,079 - INFO  - Watchdog has been checked: 0 passed
07.08.2014 00:55:29,233 - INFO  - Watchdog has been checked: 0 passed
07.08.2014 00:57:29,140 - INFO  - Watchdog has been checked: 0 passed
07.08.2014 00:59:29,274 - INFO  - Watchdog has been checked: 0 passed
07.08.2014 01:01:29,116 - INFO  - Watchdog has been checked: 0 passed
07.08.2014 01:03:29,165 - INFO  - Watchdog has been checked: 0 passed
07.08.2014 01:05:29,148 - INFO  - Watchdog has been checked: 0 passed
07.08.2014 01:07:29,142 - INFO  - Watchdog has been checked: 0 passed
07.08.2014 01:09:29,076 - INFO  - Watchdog has been checked: 0 passed
07.08.2014 01:11:29,344 - INFO  - Watchdog has been checked: 0 passed
07.08.2014 01:13:29,166 - INFO  - Watchdog has been checked: 0 passed
07.08.2014 01:15:29,148 - INFO  - Watchdog has been checked: 0 passed
07.08.2014 01:17:29,188 - INFO  - Watchdog has been checked: 0 passed
07.08.2014 01:19:29,108 - INFO  - Watchdog has been checked: 0 passed
07.08.2014 01:21:29,253 - INFO  - Watchdog has been checked: 0 passed
07.08.2014 01:23:29,172 - INFO  - Watchdog has been checked: 0 passed
07.08.2014 01:25:29,156 - INFO  - Watchdog has been checked: 0 passed
07.08.2014 01:27:29,355 - INFO  - Watchdog has been checked: 0 passed
07.08.2014 01:29:29,308 - INFO  - Watchdog has been checked: 0 passed
07.08.2014 01:31:29,515 - INFO  - Watchdog has been checked: 0 passed
07.08.2014 01:33:29,378 - INFO  - Watchdog has been checked: 0 passed
07.08.2014 01:35:29,379 - INFO  - Watchdog has been checked: 0 passed
07.08.2014 01:37:29,307 - INFO  - Watchdog has been checked: 0 passed
07.08.2014 01:39:29,307 - INFO  - Watchdog has been checked: 0 passed
07.08.2014 01:41:29,584 - INFO  - Watchdog has been checked: 0 passed
07.08.2014 01:43:29,372 - INFO  - Watchdog has been checked: 0 passed
07.08.2014 01:45:29,302 - INFO  - Watchdog has been checked: 0 passed
07.08.2014 01:47:29,220 - INFO  - Watchdog has been checked: 0 passed
07.08.2014 01:49:29,195 - INFO  - Watchdog has been checked: 0 passed
07.08.2014 01:51:29,281 - INFO  - Watchdog has been checked: 0 passed
07.08.2014 01:53:29,352 - INFO  - Watchdog has been checked: 0 passed
07.08.2014 01:55:29,179 - INFO  - Watchdog has been checked: 0 passed
07.08.2014 01:57:29,259 - INFO  - Watchdog has been checked: 0 passed
07.08.2014 01:59:29,079 - INFO  - Watchdog has been checked: 0 passed
07.08.2014 02:01:29,234 - INFO  - Watchdog has been checked: 0 passed
07.08.2014 02:03:29,086 - INFO  - Watchdog has been checked: 0 passed
07.08.2014 02:05:28,135 - INFO  - Watchdog has been checked: 0 passed
07.08.2014 02:07:28,225 - INFO  - Watchdog has been checked: 0 passed
07.08.2014 02:09:28,044 - INFO  - Watchdog has been checked: 0 passed
07.08.2014 02:11:27,234 - INFO  - Watchdog has been checked: 0 passed
07.08.2014 02:13:27,034 - INFO  - Watchdog has been checked: 0 passed
07.08.2014 02:15:27,104 - INFO  - Watchdog has been checked: 0 passed
07.08.2014 02:17:27,195 - INFO  - Watchdog has been checked: 0 passed
07.08.2014 02:19:27,232 - INFO  - Watchdog has been checked: 0 passed
07.08.2014 02:21:27,151 - INFO  - Watchdog has been checked: 0 passed
07.08.2014 02:23:27,243 - INFO  - Watchdog has been checked: 0 passed
07.08.2014 02:25:27,279 - INFO  - Watchdog has been checked: 0 passed
07.08.2014 02:27:27,192 - INFO  - Watchdog has been checked: 0 passed
07.08.2014 02:29:27,149 - INFO  - Watchdog has been checked: 0 passed
07.08.2014 02:31:27,104 - INFO  - Watchdog has been checked: 0 passed
07.08.2014 02:33:27,156 - INFO  - Watchdog has been checked: 0 passed
07.08.2014 02:35:27,295 - INFO  - Watchdog has been checked: 0 passed
07.08.2014 02:37:27,173 - INFO  - Watchdog has been checked: 0 passed
07.08.2014 02:39:27,188 - INFO  - Watchdog has been checked: 0 passed
07.08.2014 02:41:27,203 - INFO  - Watchdog has been checked: 0 passed
07.08.2014 02:43:27,221 - INFO  - Watchdog has been checked: 0 passed
07.08.2014 02:45:27,104 - INFO  - Watchdog has been checked: 0 passed
07.08.2014 02:47:27,214 - INFO  - Watchdog has been checked: 0 passed
07.08.2014 02:49:27,144 - INFO  - Watchdog has been checked: 0 passed
07.08.2014 02:51:27,128 - INFO  - Watchdog has been checked: 0 passed
07.08.2014 02:53:26,215 - INFO  - Watchdog has been checked: 0 passed
07.08.2014 02:55:26,210 - INFO  - Watchdog has been checked: 0 passed
07.08.2014 02:57:26,006 - INFO  - Watchdog has been checked: 0 passed
07.08.2014 02:59:26,319 - INFO  - Watchdog has been checked: 0 passed
07.08.2014 03:01:26,319 - INFO  - Watchdog has been checked: 0 passed
07.08.2014 03:03:26,381 - INFO  - Watchdog has been checked: 0 passed
07.08.2014 03:05:26,121 - INFO  - Watchdog has been checked: 0 passed
07.08.2014 03:07:26,099 - INFO  - Watchdog has been checked: 0 passed
07.08.2014 03:09:25,208 - INFO  - Watchdog has been checked: 0 passed
07.08.2014 03:11:25,268 - INFO  - Watchdog has been checked: 0 passed
07.08.2014 03:13:25,252 - INFO  - Watchdog has been checked: 0 passed
07.08.2014 03:15:25,550 - INFO  - Watchdog has been checked: 0 passed
07.08.2014 03:17:25,314 - INFO  - Watchdog has been checked: 0 passed
07.08.2014 03:19:25,264 - INFO  - Watchdog has been checked: 0 passed
07.08.2014 03:21:25,360 - INFO  - Watchdog has been checked: 0 passed
07.08.2014 03:23:25,325 - INFO  - Watchdog has been checked: 0 passed
07.08.2014 03:25:26,832 - INFO  - Watchdog has been checked: 0 passed
07.08.2014 03:27:26,301 - INFO  - Watchdog has been checked: 0 passed
07.08.2014 03:29:26,207 - INFO  - Watchdog has been checked: 0 passed
07.08.2014 03:31:26,336 - INFO  - Watchdog has been checked: 0 passed
07.08.2014 03:33:26,290 - INFO  - Watchdog has been checked: 0 passed
07.08.2014 03:35:26,260 - INFO  - Watchdog has been checked: 0 passed
07.08.2014 03:37:26,271 - INFO  - Watchdog has been checked: 0 passed
07.08.2014 03:39:26,260 - INFO  - Watchdog has been checked: 0 passed
07.08.2014 03:41:27,998 - INFO  - Watchdog has been checked: 0 passed
07.08.2014 03:43:27,373 - INFO  - Watchdog has been checked: 0 passed
07.08.2014 03:45:27,353 - INFO  - Watchdog has been checked: 0 passed
07.08.2014 03:47:27,375 - INFO  - Watchdog has been checked: 0 passed
07.08.2014 03:49:27,339 - INFO  - Watchdog has been checked: 0 passed
07.08.2014 03:51:28,112 - INFO  - Watchdog has been checked: 0 passed
07.08.2014 03:53:28,449 - INFO  - Watchdog has been checked: 0 passed
07.08.2014 03:55:28,420 - INFO  - Watchdog has been checked: 0 passed
07.08.2014 03:57:28,360 - INFO  - Watchdog has been checked: 0 passed
07.08.2014 03:59:28,448 - INFO  - Watchdog has been checked: 0 passed
07.08.2014 04:01:28,413 - INFO  - Watchdog has been checked: 0 passed
07.08.2014 04:03:28,262 - INFO  - Watchdog has been checked: 0 passed
07.08.2014 04:05:28,288 - INFO  - Watchdog has been checked: 0 passed
07.08.2014 04:07:27,125 - INFO  - Watchdog has been checked: 0 passed
07.08.2014 04:09:27,180 - INFO  - Watchdog has been checked: 0 passed
07.08.2014 04:11:26,399 - INFO  - Watchdog has been checked: 0 passed
07.08.2014 04:13:26,148 - INFO  - Watchdog has been checked: 0 passed
07.08.2014 04:15:25,161 - INFO  - Watchdog has been checked: 0 passed
07.08.2014 04:17:25,275 - INFO  - Watchdog has been checked: 0 passed
07.08.2014 04:19:25,139 - INFO  - Watchdog has been checked: 0 passed
07.08.2014 04:21:25,402 - INFO  - Watchdog has been checked: 0 passed
07.08.2014 04:23:25,135 - INFO  - Watchdog has been checked: 0 passed
07.08.2014 04:25:25,172 - INFO  - Watchdog has been checked: 0 passed
07.08.2014 04:27:25,294 - INFO  - Watchdog has been checked: 0 passed
07.08.2014 04:29:25,175 - INFO  - Watchdog has been checked: 0 passed
07.08.2014 04:31:25,170 - INFO  - Watchdog has been checked: 0 passed
07.08.2014 04:33:25,174 - INFO  - Watchdog has been checked: 0 passed
07.08.2014 04:35:25,249 - INFO  - Watchdog has been checked: 0 passed
07.08.2014 04:37:25,099 - INFO  - Watchdog has been checked: 0 passed
07.08.2014 04:39:25,265 - INFO  - Watchdog has been checked: 0 passed
07.08.2014 04:41:25,202 - INFO  - Watchdog has been checked: 0 passed
07.08.2014 04:43:25,198 - INFO  - Watchdog has been checked: 0 passed
07.08.2014 04:45:25,124 - INFO  - Watchdog has been checked: 0 passed
07.08.2014 04:47:24,994 - INFO  - Watchdog has been checked: 0 passed
07.08.2014 04:49:25,061 - INFO  - Watchdog has been checked: 0 passed
07.08.2014 04:51:25,025 - INFO  - Watchdog has been checked: 0 passed
07.08.2014 04:53:25,021 - INFO  - Watchdog has been checked: 0 passed
07.08.2014 04:55:25,227 - INFO  - Watchdog has been checked: 0 passed
07.08.2014 04:57:25,028 - INFO  - Watchdog has been checked: 0 passed
07.08.2014 04:59:25,092 - INFO  - Watchdog has been checked: 0 passed
07.08.2014 05:01:25,086 - INFO  - Watchdog has been checked: 0 passed
07.08.2014 05:03:25,058 - INFO  - Watchdog has been checked: 0 passed
07.08.2014 05:05:25,231 - INFO  - Watchdog has been checked: 0 passed
07.08.2014 05:07:25,073 - INFO  - Watchdog has been checked: 0 passed
07.08.2014 05:09:25,062 - INFO  - Watchdog has been checked: 0 passed
07.08.2014 05:11:25,154 - INFO  - Watchdog has been checked: 0 passed
07.08.2014 05:13:25,122 - INFO  - Watchdog has been checked: 0 passed
07.08.2014 05:15:25,150 - INFO  - Watchdog has been checked: 0 passed
07.08.2014 05:17:25,240 - INFO  - Watchdog has been checked: 0 passed
07.08.2014 05:19:25,209 - INFO  - Watchdog has been checked: 0 passed
07.08.2014 05:21:25,228 - INFO  - Watchdog has been checked: 0 passed
07.08.2014 05:23:25,189 - INFO  - Watchdog has been checked: 0 passed
07.08.2014 05:25:25,220 - INFO  - Watchdog has been checked: 0 passed
07.08.2014 05:27:24,402 - INFO  - Watchdog has been checked: 0 passed
07.08.2014 05:29:24,346 - INFO  - Watchdog has been checked: 0 passed
07.08.2014 05:31:24,241 - INFO  - Watchdog has been checked: 0 passed
07.08.2014 05:33:23,406 - INFO  - Watchdog has been checked: 0 passed
07.08.2014 05:35:23,263 - INFO  - Watchdog has been checked: 0 passed
07.08.2014 05:37:22,453 - INFO  - Watchdog has been checked: 0 passed
07.08.2014 05:39:22,339 - INFO  - Watchdog has been checked: 0 passed
07.08.2014 05:41:22,242 - INFO  - Watchdog has been checked: 0 passed
07.08.2014 05:43:22,207 - INFO  - Watchdog has been checked: 0 passed
07.08.2014 05:45:22,270 - INFO  - Watchdog has been checked: 0 passed
07.08.2014 05:47:22,285 - INFO  - Watchdog has been checked: 0 passed
07.08.2014 05:49:22,184 - INFO  - Watchdog has been checked: 0 passed
07.08.2014 05:51:22,262 - INFO  - Watchdog has been checked: 0 passed
07.08.2014 05:53:22,282 - INFO  - Watchdog has been checked: 0 passed
07.08.2014 05:55:22,279 - INFO  - Watchdog has been checked: 0 passed
07.08.2014 05:57:22,250 - INFO  - Watchdog has been checked: 0 passed
07.08.2014 05:59:22,148 - INFO  - Watchdog has been checked: 0 passed
07.08.2014 06:01:22,227 - INFO  - Watchdog has been checked: 0 passed
07.08.2014 06:03:22,039 - INFO  - Watchdog has been checked: 0 passed
07.08.2014 06:05:22,059 - INFO  - Watchdog has been checked: 0 passed
07.08.2014 06:07:22,026 - INFO  - Watchdog has been checked: 0 passed
07.08.2014 06:09:22,228 - INFO  - Watchdog has been checked: 0 passed
07.08.2014 06:11:22,076 - INFO  - Watchdog has been checked: 0 passed
07.08.2014 06:13:22,138 - INFO  - Watchdog has been checked: 0 passed
07.08.2014 06:15:22,125 - INFO  - Watchdog has been checked: 0 passed
07.08.2014 06:17:22,146 - INFO  - Watchdog has been checked: 0 passed
07.08.2014 06:19:22,052 - INFO  - Watchdog has been checked: 0 passed
07.08.2014 06:21:22,252 - INFO  - Watchdog has been checked: 0 passed
07.08.2014 06:23:22,106 - INFO  - Watchdog has been checked: 0 passed
07.08.2014 06:25:22,079 - INFO  - Watchdog has been checked: 0 passed
07.08.2014 06:27:22,039 - INFO  - Watchdog has been checked: 0 passed
07.08.2014 06:29:22,065 - INFO  - Watchdog has been checked: 0 passed
07.08.2014 06:31:22,298 - INFO  - Watchdog has been checked: 0 passed
07.08.2014 06:33:22,174 - INFO  - Watchdog has been checked: 0 passed
07.08.2014 06:35:22,163 - INFO  - Watchdog has been checked: 0 passed
07.08.2014 06:37:22,314 - INFO  - Watchdog has been checked: 0 passed
07.08.2014 06:39:22,107 - INFO  - Watchdog has been checked: 0 passed
07.08.2014 06:41:22,323 - INFO  - Watchdog has been checked: 0 passed
07.08.2014 06:43:22,112 - INFO  - Watchdog has been checked: 0 passed
07.08.2014 06:45:22,130 - INFO  - Watchdog has been checked: 0 passed
07.08.2014 06:47:22,277 - INFO  - Watchdog has been checked: 0 passed
07.08.2014 06:49:22,103 - INFO  - Watchdog has been checked: 0 passed
07.08.2014 06:51:21,258 - INFO  - Watchdog has been checked: 0 passed
07.08.2014 06:53:21,161 - INFO  - Watchdog has been checked: 0 passed
07.08.2014 06:55:21,233 - INFO  - Watchdog has been checked: 0 passed
07.08.2014 06:57:22,292 - INFO  - Watchdog has been checked: 0 passed
07.08.2014 06:59:22,266 - INFO  - Watchdog has been checked: 0 passed
07.08.2014 07:01:22,193 - INFO  - Watchdog has been checked: 0 passed
07.08.2014 07:03:22,217 - INFO  - Watchdog has been checked: 0 passed
07.08.2014 07:05:22,305 - INFO  - Watchdog has been checked: 0 passed
07.08.2014 07:07:23,447 - INFO  - Watchdog has been checked: 0 passed
07.08.2014 07:09:23,190 - INFO  - Watchdog has been checked: 0 passed
07.08.2014 07:11:23,308 - INFO  - Watchdog has been checked: 0 passed
07.08.2014 07:13:23,156 - INFO  - Watchdog has been checked: 0 passed
07.08.2014 07:15:01,983 - INFO  - mapping file sync started
07.08.2014 07:15:03,010 - INFO  - file successfully updated
07.08.2014 07:15:23,256 - INFO  - Watchdog has been checked: 0 passed
07.08.2014 07:17:23,075 - INFO  - Watchdog has been checked: 0 passed
07.08.2014 07:19:23,157 - INFO  - Watchdog has been checked: 0 passed
07.08.2014 07:21:23,209 - INFO  - Watchdog has been checked: 0 passed
07.08.2014 07:23:23,145 - INFO  - Watchdog has been checked: 0 passed
07.08.2014 07:25:23,286 - INFO  - Watchdog has been checked: 0 passed
07.08.2014 07:27:23,128 - INFO  - Watchdog has been checked: 0 passed
07.08.2014 07:29:23,141 - INFO  - Watchdog has been checked: 0 passed
07.08.2014 07:31:23,245 - INFO  - Watchdog has been checked: 0 passed
07.08.2014 07:33:23,108 - INFO  - Watchdog has been checked: 0 passed
07.08.2014 07:35:23,252 - INFO  - Watchdog has been checked: 0 passed
07.08.2014 07:37:23,133 - INFO  - Watchdog has been checked: 0 passed
07.08.2014 07:39:23,161 - INFO  - Watchdog has been checked: 0 passed
07.08.2014 07:41:23,223 - INFO  - Watchdog has been checked: 0 passed
07.08.2014 07:43:23,119 - INFO  - Watchdog has been checked: 0 passed
07.08.2014 07:45:23,275 - INFO  - Watchdog has been checked: 0 passed
07.08.2014 07:47:23,169 - INFO  - Watchdog has been checked: 0 passed
07.08.2014 07:49:23,216 - INFO  - Watchdog has been checked: 0 passed
07.08.2014 07:51:23,312 - INFO  - Watchdog has been checked: 0 passed
07.08.2014 07:53:23,270 - INFO  - Watchdog has been checked: 0 passed
07.08.2014 07:55:23,177 - INFO  - Watchdog has been checked: 0 passed
07.08.2014 07:57:23,309 - INFO  - Watchdog has been checked: 0 passed
07.08.2014 07:59:23,208 - INFO  - Watchdog has been checked: 0 passed
07.08.2014 08:01:23,258 - INFO  - Watchdog has been checked: 0 passed
07.08.2014 08:03:23,183 - INFO  - Watchdog has been checked: 0 passed
07.08.2014 08:05:23,081 - INFO  - Watchdog has been checked: 0 passed
07.08.2014 08:07:23,182 - INFO  - Watchdog has been checked: 0 passed
07.08.2014 08:09:23,147 - INFO  - Watchdog has been checked: 0 passed
07.08.2014 08:11:23,228 - INFO  - Watchdog has been checked: 0 passed
07.08.2014 08:13:23,160 - INFO  - Watchdog has been checked: 0 passed
07.08.2014 08:15:23,276 - INFO  - Watchdog has been checked: 0 passed
07.08.2014 08:17:23,137 - INFO  - Watchdog has been checked: 0 passed
07.08.2014 08:19:23,114 - INFO  - Watchdog has been checked: 0 passed
07.08.2014 08:21:23,104 - INFO  - Watchdog has been checked: 0 passed
07.08.2014 08:23:23,095 - INFO  - Watchdog has been checked: 0 passed
07.08.2014 08:25:23,162 - INFO  - Watchdog has been checked: 0 passed
07.08.2014 08:27:23,179 - INFO  - Watchdog has been checked: 0 passed
07.08.2014 08:29:23,103 - INFO  - Watchdog has been checked: 0 passed
07.08.2014 08:31:22,123 - INFO  - Watchdog has been checked: 0 passed
07.08.2014 08:33:21,128 - INFO  - Watchdog has been checked: 0 passed
07.08.2014 08:35:20,162 - INFO  - Watchdog has been checked: 0 passed
07.08.2014 08:37:20,145 - INFO  - Watchdog has been checked: 0 passed
07.08.2014 08:39:20,021 - INFO  - Watchdog has been checked: 0 passed
07.08.2014 08:41:20,111 - INFO  - Watchdog has been checked: 0 passed
07.08.2014 08:43:19,090 - INFO  - Watchdog has been checked: 0 passed
07.08.2014 08:45:19,055 - INFO  - Watchdog has been checked: 0 passed
07.08.2014 08:47:19,031 - INFO  - Watchdog has been checked: 0 passed
07.08.2014 08:49:18,949 - INFO  - Watchdog has been checked: 0 passed
07.08.2014 08:51:18,233 - INFO  - Watchdog has been checked: 0 passed
07.08.2014 08:53:16,934 - INFO  - Watchdog has been checked: 0 passed
07.08.2014 08:55:17,082 - INFO  - Watchdog has been checked: 0 passed
07.08.2014 08:57:16,053 - INFO  - Watchdog has been checked: 0 passed
07.08.2014 08:59:16,018 - INFO  - Watchdog has been checked: 0 passed
07.08.2014 09:01:15,176 - INFO  - Watchdog has been checked: 0 passed
07.08.2014 09:03:15,024 - INFO  - Watchdog has been checked: 0 passed
07.08.2014 09:05:15,110 - INFO  - Watchdog has been checked: 0 passed
07.08.2014 09:07:14,092 - INFO  - Watchdog has been checked: 0 passed
07.08.2014 09:09:14,270 - INFO  - Watchdog has been checked: 0 passed
07.08.2014 09:11:14,234 - INFO  - Watchdog has been checked: 0 passed
07.08.2014 09:13:14,362 - INFO  - Watchdog has been checked: 0 passed
07.08.2014 09:15:14,306 - INFO  - Watchdog has been checked: 0 passed
07.08.2014 09:17:14,273 - INFO  - Watchdog has been checked: 0 passed
07.08.2014 09:19:14,368 - INFO  - Watchdog has been checked: 0 passed
07.08.2014 09:21:14,097 - INFO  - Watchdog has been checked: 0 passed
07.08.2014 09:23:13,148 - INFO  - Watchdog has been checked: 0 passed
07.08.2014 09:25:13,173 - INFO  - Watchdog has been checked: 0 passed
07.08.2014 09:27:13,149 - INFO  - Watchdog has been checked: 0 passed
07.08.2014 09:29:13,131 - INFO  - Watchdog has been checked: 0 passed
07.08.2014 09:31:12,252 - INFO  - Watchdog has been checked: 0 passed
07.08.2014 09:33:12,355 - INFO  - Watchdog has been checked: 0 passed
07.08.2014 09:35:12,209 - INFO  - Watchdog has been checked: 0 passed
07.08.2014 09:37:12,106 - INFO  - Watchdog has been checked: 0 passed
07.08.2014 09:39:12,343 - INFO  - Watchdog has been checked: 0 passed
07.08.2014 09:41:12,286 - INFO  - Watchdog has been checked: 0 passed
07.08.2014 09:43:12,249 - INFO  - Watchdog has been checked: 0 passed
07.08.2014 09:45:12,375 - INFO  - Watchdog has been checked: 0 passed
07.08.2014 09:47:12,127 - INFO  - Watchdog has been checked: 0 passed
07.08.2014 09:49:12,289 - INFO  - Watchdog has been checked: 0 passed
07.08.2014 09:51:12,351 - INFO  - Watchdog has been checked: 0 passed
07.08.2014 09:53:12,328 - INFO  - Watchdog has been checked: 0 passed
07.08.2014 09:55:12,196 - INFO  - Watchdog has been checked: 0 passed
07.08.2014 09:57:12,416 - INFO  - Watchdog has been checked: 0 passed
07.08.2014 09:59:12,291 - INFO  - Watchdog has been checked: 0 passed
07.08.2014 10:01:12,279 - INFO  - Watchdog has been checked: 0 passed
07.08.2014 10:03:12,210 - INFO  - Watchdog has been checked: 0 passed
07.08.2014 10:05:12,112 - INFO  - Watchdog has been checked: 0 passed
07.08.2014 10:07:12,051 - INFO  - Watchdog has been checked: 0 passed
07.08.2014 10:09:12,168 - INFO  - Watchdog has been checked: 0 passed
07.08.2014 10:11:12,179 - INFO  - Watchdog has been checked: 0 passed
07.08.2014 10:13:12,114 - INFO  - Watchdog has been checked: 0 passed
07.08.2014 10:15:12,279 - INFO  - Watchdog has been checked: 0 passed
07.08.2014 10:17:12,284 - INFO  - Watchdog has been checked: 0 passed
07.08.2014 10:19:12,320 - INFO  - Watchdog has been checked: 0 passed
07.08.2014 10:21:12,079 - INFO  - Watchdog has been checked: 0 passed
07.08.2014 10:23:12,251 - INFO  - Watchdog has been checked: 0 passed
07.08.2014 10:25:12,119 - INFO  - Watchdog has been checked: 0 passed
07.08.2014 10:27:12,216 - INFO  - Watchdog has been checked: 0 passed
07.08.2014 10:29:11,209 - INFO  - Watchdog has been checked: 0 passed
07.08.2014 10:31:11,298 - INFO  - Watchdog has been checked: 0 passed
07.08.2014 10:33:11,234 - INFO  - Watchdog has been checked: 0 passed
07.08.2014 10:35:11,086 - INFO  - Watchdog has been checked: 0 passed
07.08.2014 10:37:11,131 - INFO  - Watchdog has been checked: 0 passed
07.08.2014 10:39:11,165 - INFO  - Watchdog has been checked: 0 passed
07.08.2014 10:41:11,245 - INFO  - Watchdog has been checked: 0 passed
07.08.2014 10:43:11,243 - INFO  - Watchdog has been checked: 0 passed
07.08.2014 10:45:11,064 - INFO  - Watchdog has been checked: 0 passed
07.08.2014 10:47:11,282 - INFO  - Watchdog has been checked: 0 passed
07.08.2014 10:49:11,191 - INFO  - Watchdog has been checked: 0 passed
07.08.2014 10:51:11,233 - INFO  - Watchdog has been checked: 0 passed
07.08.2014 10:53:11,254 - INFO  - Watchdog has been checked: 0 passed
07.08.2014 10:55:11,244 - INFO  - Watchdog has been checked: 0 passed
07.08.2014 10:57:11,079 - INFO  - Watchdog has been checked: 0 passed
07.08.2014 10:59:11,161 - INFO  - Watchdog has been checked: 0 passed
07.08.2014 11:01:11,180 - INFO  - Watchdog has been checked: 0 passed
07.08.2014 11:03:11,256 - INFO  - Watchdog has been checked: 0 passed
07.08.2014 11:05:11,162 - INFO  - Watchdog has been checked: 0 passed
07.08.2014 11:07:11,269 - INFO  - Watchdog has been checked: 0 passed
07.08.2014 11:09:11,314 - INFO  - Watchdog has been checked: 0 passed
07.08.2014 11:11:11,314 - INFO  - Watchdog has been checked: 0 passed
07.08.2014 11:13:11,330 - INFO  - Watchdog has been checked: 0 passed
07.08.2014 11:15:11,305 - INFO  - Watchdog has been checked: 0 passed
07.08.2014 11:17:11,148 - INFO  - Watchdog has been checked: 0 passed
07.08.2014 11:19:11,329 - INFO  - Watchdog has been checked: 0 passed
07.08.2014 11:21:11,224 - INFO  - Watchdog has been checked: 0 passed
07.08.2014 11:23:11,228 - INFO  - Watchdog has been checked: 0 passed
07.08.2014 11:25:11,231 - INFO  - Watchdog has been checked: 0 passed
07.08.2014 11:27:11,035 - INFO  - Watchdog has been checked: 0 passed
07.08.2014 11:29:10,131 - INFO  - Watchdog has been checked: 0 passed
07.08.2014 11:31:10,428 - INFO  - Watchdog has been checked: 0 passed
07.08.2014 11:33:10,163 - INFO  - Watchdog has been checked: 0 passed
07.08.2014 11:35:10,126 - INFO  - Watchdog has been checked: 0 passed
07.08.2014 11:37:10,039 - INFO  - Watchdog has been checked: 0 passed
07.08.2014 11:39:10,132 - INFO  - Watchdog has been checked: 0 passed
07.08.2014 11:41:10,159 - INFO  - Watchdog has been checked: 0 passed
07.08.2014 11:43:10,155 - INFO  - Watchdog has been checked: 0 passed
07.08.2014 11:45:10,256 - INFO  - Watchdog has been checked: 0 passed
07.08.2014 11:47:10,231 - INFO  - Watchdog has been checked: 0 passed
07.08.2014 11:49:10,213 - INFO  - Watchdog has been checked: 0 passed
07.08.2014 11:51:10,229 - INFO  - Watchdog has been checked: 0 passed
07.08.2014 11:53:10,245 - INFO  - Watchdog has been checked: 0 passed
07.08.2014 11:55:10,293 - INFO  - Watchdog has been checked: 0 passed
07.08.2014 11:57:10,075 - INFO  - Watchdog has been checked: 0 passed
07.08.2014 11:59:10,278 - INFO  - Watchdog has been checked: 0 passed
07.08.2014 12:01:10,164 - INFO  - Watchdog has been checked: 0 passed
07.08.2014 12:03:10,121 - INFO  - Watchdog has been checked: 0 passed
07.08.2014 12:05:10,172 - INFO  - Watchdog has been checked: 0 passed
07.08.2014 12:07:10,147 - INFO  - Watchdog has been checked: 0 passed
07.08.2014 12:09:10,288 - INFO  - Watchdog has been checked: 0 passed
07.08.2014 12:11:10,245 - INFO  - Watchdog has been checked: 0 passed
07.08.2014 12:13:10,302 - INFO  - Watchdog has been checked: 0 passed
07.08.2014 12:20:35,170 - INFO  - Watchdog has been checked: 0 passed
07.08.2014 12:22:35,243 - INFO  - Watchdog has been checked: 0 passed
07.08.2014 12:24:35,322 - INFO  - Watchdog has been checked: 0 passed
07.08.2014 12:26:35,343 - INFO  - Watchdog has been checked: 0 passed
07.08.2014 12:28:35,190 - INFO  - Watchdog has been checked: 0 passed
07.08.2014 12:30:35,233 - INFO  - Watchdog has been checked: 0 passed
07.08.2014 12:32:35,190 - INFO  - Watchdog has been checked: 0 passed
07.08.2014 12:34:35,212 - INFO  - Watchdog has been checked: 0 passed
07.08.2014 12:36:35,278 - INFO  - Watchdog has been checked: 0 passed
07.08.2014 12:38:35,318 - INFO  - Watchdog has been checked: 0 passed
07.08.2014 12:40:35,359 - INFO  - Watchdog has been checked: 0 passed
07.08.2014 12:42:35,291 - INFO  - Watchdog has been checked: 0 passed
07.08.2014 12:44:35,067 - INFO  - Watchdog has been checked: 0 passed
07.08.2014 12:46:35,159 - INFO  - Watchdog has been checked: 0 passed
07.08.2014 12:48:35,196 - INFO  - Watchdog has been checked: 0 passed
07.08.2014 12:50:35,331 - INFO  - Watchdog has been checked: 0 passed
07.08.2014 12:52:35,327 - INFO  - Watchdog has been checked: 0 passed
07.08.2014 12:54:35,140 - INFO  - Watchdog has been checked: 0 passed
07.08.2014 12:56:35,205 - INFO  - Watchdog has been checked: 0 passed
07.08.2014 12:58:34,977 - INFO  - Watchdog has been checked: 0 passed
07.08.2014 13:00:35,098 - INFO  - Watchdog has been checked: 0 passed
07.08.2014 13:02:34,243 - INFO  - Watchdog has been checked: 0 passed
07.08.2014 13:04:34,117 - INFO  - Watchdog has been checked: 0 passed
07.08.2014 13:06:33,987 - INFO  - Watchdog has been checked: 0 passed
07.08.2014 13:08:32,999 - INFO  - Watchdog has been checked: 0 passed
07.08.2014 13:10:33,052 - INFO  - Watchdog has been checked: 0 passed
07.08.2014 13:12:33,056 - INFO  - Watchdog has been checked: 0 passed
07.08.2014 13:14:34,069 - INFO  - Watchdog has been checked: 0 passed
07.08.2014 13:16:33,895 - INFO  - Watchdog has been checked: 0 passed
07.08.2014 13:18:33,069 - INFO  - Watchdog has been checked: 0 passed
07.08.2014 13:20:32,030 - INFO  - Watchdog has been checked: 0 passed
07.08.2014 13:22:31,044 - INFO  - Watchdog has been checked: 0 passed
07.08.2014 13:24:34,146 - INFO  - Watchdog has been checked: 0 passed
07.08.2014 13:26:34,202 - INFO  - Watchdog has been checked: 0 passed
07.08.2014 13:28:34,002 - INFO  - Watchdog has been checked: 0 passed
07.08.2014 13:30:33,087 - INFO  - Watchdog has been checked: 0 passed
07.08.2014 13:32:33,247 - INFO  - Watchdog has been checked: 0 passed
07.08.2014 13:34:33,200 - INFO  - Watchdog has been checked: 0 passed
07.08.2014 13:36:33,063 - INFO  - Watchdog has been checked: 0 passed
07.08.2014 13:38:33,133 - INFO  - Watchdog has been checked: 0 passed
07.08.2014 13:40:33,201 - INFO  - Watchdog has been checked: 0 passed
07.08.2014 13:42:33,032 - INFO  - Watchdog has been checked: 0 passed
07.08.2014 13:44:33,296 - INFO  - Watchdog has been checked: 0 passed
07.08.2014 13:46:30,239 - INFO  - searcher identified --- respT: 39ms, 71973 results, q=, 
07.08.2014 13:46:33,357 - INFO  - Watchdog has been checked: 0 passed
07.08.2014 13:46:35,698 - INFO  - searcher identified --- respT: 14ms, 665 results, q=angular, 
07.08.2014 13:46:36,914 - INFO  - searcher identified --- respT: 18ms, 665 results, q=angular, 
07.08.2014 13:46:49,806 - INFO  - searcher identified --- respT: 51ms, 108 results, q=angular thomas, 
07.08.2014 13:46:52,680 - INFO  - searcher identified --- respT: 64ms, 9 results, q=angular thomas alfre, 
07.08.2014 13:48:33,198 - INFO  - Watchdog has been checked: 0 passed
07.08.2014 13:50:33,384 - INFO  - Watchdog has been checked: 0 passed
07.08.2014 13:51:08,490 - INFO  - searcher identified --- respT: 40ms, 71973 results, q=, 
07.08.2014 13:51:10,984 - INFO  - searcher identified --- respT: 16ms, 1 results, q=Applications/Alfresco.StoredSearchExtended, 
07.08.2014 13:51:14,913 - INFO  - searcher identified --- respT: 16ms, 1 results, q=Alfresco.StoredSearchExtended, 
07.08.2014 13:51:17,912 - INFO  - searcher identified --- respT: 15ms, 1 results, q=Alfresco.StoredSearchExtended, 
07.08.2014 13:52:33,174 - INFO  - Watchdog has been checked: 0 passed
07.08.2014 13:54:11,554 - INFO  - searcher identified --- respT: 18ms, 6463 results, q=ang, 
07.08.2014 13:54:13,180 - INFO  - searcher identified --- respT: 15ms, 665 results, q=angular, 
07.08.2014 13:54:33,179 - INFO  - Watchdog has been checked: 0 passed
07.08.2014 13:56:33,219 - INFO  - Watchdog has been checked: 0 passed
07.08.2014 13:58:33,422 - INFO  - Watchdog has been checked: 0 passed
07.08.2014 14:00:33,263 - INFO  - Watchdog has been checked: 0 passed
07.08.2014 14:02:33,430 - INFO  - Watchdog has been checked: 0 passed
07.08.2014 14:04:33,377 - INFO  - Watchdog has been checked: 0 passed
07.08.2014 14:06:33,384 - INFO  - Watchdog has been checked: 0 passed
07.08.2014 14:08:33,408 - INFO  - Watchdog has been checked: 0 passed
07.08.2014 14:10:33,215 - INFO  - Watchdog has been checked: 0 passed
07.08.2014 14:12:33,388 - INFO  - Watchdog has been checked: 0 passed
07.08.2014 14:14:33,338 - INFO  - Watchdog has been checked: 0 passed
07.08.2014 14:16:33,434 - INFO  - Watchdog has been checked: 0 passed
07.08.2014 14:18:33,307 - INFO  - Watchdog has been checked: 0 passed
07.08.2014 14:20:33,218 - INFO  - Watchdog has been checked: 0 passed
07.08.2014 14:22:33,158 - INFO  - Watchdog has been checked: 0 passed
07.08.2014 14:24:33,296 - INFO  - Watchdog has been checked: 0 passed
07.08.2014 14:26:34,353 - INFO  - Watchdog has been checked: 0 passed
07.08.2014 14:28:34,444 - INFO  - Watchdog has been checked: 0 passed
07.08.2014 14:30:34,344 - INFO  - Watchdog has been checked: 0 passed
07.08.2014 14:32:34,308 - INFO  - Watchdog has been checked: 0 passed
07.08.2014 14:34:34,089 - INFO  - Watchdog has been checked: 0 passed
07.08.2014 14:36:34,090 - INFO  - Watchdog has been checked: 0 passed
07.08.2014 14:38:34,180 - INFO  - Watchdog has been checked: 0 passed
07.08.2014 14:40:34,138 - INFO  - Watchdog has been checked: 0 passed
07.08.2014 14:42:34,094 - INFO  - Watchdog has been checked: 0 passed
07.08.2014 14:44:34,158 - INFO  - Watchdog has been checked: 0 passed
07.08.2014 14:46:34,188 - INFO  - Watchdog has been checked: 0 passed
07.08.2014 14:48:34,074 - INFO  - Watchdog has been checked: 0 passed
07.08.2014 14:50:33,994 - INFO  - Watchdog has been checked: 0 passed
07.08.2014 14:52:33,195 - INFO  - Watchdog has been checked: 0 passed
07.08.2014 14:53:19,964 - INFO  - searcher identified --- respT: 36ms, 77065 results, q=, 
07.08.2014 14:53:22,814 - INFO  - searcher identified --- respT: 19ms, 1197 results, q=stored, 
07.08.2014 14:53:25,013 - INFO  - searcher identified --- respT: 25ms, 8 results, q=storedlist, 
07.08.2014 14:53:27,593 - INFO  - searcher identified --- respT: 49ms, 7 results, q=storedlistsearch, 
07.08.2014 14:54:33,101 - INFO  - Watchdog has been checked: 0 passed
07.08.2014 14:55:44,739 - INFO  - searcher identified --- respT: 27ms, 7 results, q=StoredListSearch, 
07.08.2014 14:56:33,133 - INFO  - Watchdog has been checked: 0 passed
07.08.2014 14:58:33,164 - INFO  - Watchdog has been checked: 0 passed
07.08.2014 15:00:33,223 - INFO  - Watchdog has been checked: 0 passed
07.08.2014 15:02:33,154 - INFO  - Watchdog has been checked: 0 passed
07.08.2014 15:04:33,039 - INFO  - Watchdog has been checked: 0 passed
07.08.2014 15:06:32,114 - INFO  - Watchdog has been checked: 0 passed
07.08.2014 15:08:32,210 - INFO  - Watchdog has been checked: 0 passed
07.08.2014 15:10:32,220 - INFO  - Watchdog has been checked: 0 passed
07.08.2014 15:12:32,200 - INFO  - Watchdog has been checked: 0 passed
07.08.2014 15:14:32,278 - INFO  - Watchdog has been checked: 0 passed
07.08.2014 15:15:02,613 - INFO  - searcher identified --- respT: 33ms, 77066 results, q=, 
07.08.2014 15:15:06,808 - INFO  - searcher identified --- respT: 13ms, 1595 results, q=thomas, 
07.08.2014 15:15:09,423 - INFO  - searcher identified --- respT: 54ms, 622 results, q=thomas t, 
07.08.2014 15:15:10,755 - INFO  - searcher identified --- respT: 34ms, 77066 results, q=, 
07.08.2014 15:15:13,616 - INFO  - searcher identified --- respT: 13ms, 1595 results, q=thomas, 
07.08.2014 15:15:35,643 - INFO  - searcher identified --- respT: 34ms, 77066 results, q=, 
07.08.2014 15:15:41,906 - INFO  - searcher identified --- respT: 11ms, 67 results, q=buecklers, 
07.08.2014 15:15:42,969 - INFO  - searcher identified --- respT: 14ms, 44 results, q=buecklers task, 
07.08.2014 15:15:44,597 - INFO  - searcher identified --- respT: 29ms, no results, q=buecklers task alrfe, 
07.08.2014 15:15:45,982 - INFO  - searcher identified --- respT: 25ms, no results, q=buecklers task alrfre, 
07.08.2014 15:15:47,339 - INFO  - searcher identified --- respT: 18ms, 30 results, q=buecklers task al, 
07.08.2014 15:15:47,817 - INFO  - searcher identified --- respT: 18ms, 10 results, q=buecklers task alf, 
07.08.2014 15:15:49,438 - INFO  - searcher identified --- respT: 19ms, 10 results, q=buecklers task alfresco, 
07.08.2014 15:16:32,311 - INFO  - Watchdog has been checked: 0 passed
07.08.2014 15:18:32,152 - INFO  - Watchdog has been checked: 0 passed
07.08.2014 15:20:32,241 - INFO  - Watchdog has been checked: 0 passed
07.08.2014 15:22:32,238 - INFO  - Watchdog has been checked: 0 passed
07.08.2014 15:22:52,029 - INFO  - searcher identified --- respT: 37ms, 71977 results, q=, 
07.08.2014 15:22:55,228 - INFO  - searcher identified --- respT: 17ms, 22 results, q=ISRAM, 
07.08.2014 15:24:32,258 - INFO  - Watchdog has been checked: 0 passed
07.08.2014 15:26:32,378 - INFO  - Watchdog has been checked: 0 passed
07.08.2014 15:28:34,227 - INFO  - Watchdog has been checked: 0 passed
07.08.2014 15:30:34,266 - INFO  - Watchdog has been checked: 0 passed
07.08.2014 15:32:34,272 - INFO  - Watchdog has been checked: 0 passed
07.08.2014 15:34:34,310 - INFO  - Watchdog has been checked: 0 passed
07.08.2014 15:35:52,444 - INFO  - searcher identified --- respT: 17ms, 5381 results, web:(PSIWeb), q=, 
07.08.2014 15:36:34,176 - INFO  - Watchdog has been checked: 0 passed
07.08.2014 15:38:34,230 - INFO  - Watchdog has been checked: 0 passed
07.08.2014 15:40:34,227 - INFO  - Watchdog has been checked: 0 passed
07.08.2014 15:42:34,204 - INFO  - Watchdog has been checked: 0 passed
07.08.2014 15:44:34,237 - INFO  - Watchdog has been checked: 0 passed
07.08.2014 15:46:34,056 - INFO  - Watchdog has been checked: 0 passed
07.08.2014 15:48:34,097 - INFO  - Watchdog has been checked: 0 passed
07.08.2014 15:50:34,093 - INFO  - Watchdog has been checked: 0 passed
07.08.2014 15:52:34,125 - INFO  - Watchdog has been checked: 0 passed
07.08.2014 15:54:34,188 - INFO  - Watchdog has been checked: 0 passed
07.08.2014 15:56:34,243 - INFO  - Watchdog has been checked: 0 passed
07.08.2014 15:58:34,072 - INFO  - Watchdog has been checked: 0 passed
07.08.2014 16:00:34,029 - INFO  - Watchdog has been checked: 0 passed
07.08.2014 16:02:34,073 - INFO  - Watchdog has been checked: 0 passed
07.08.2014 16:04:34,165 - INFO  - Watchdog has been checked: 0 passed
07.08.2014 16:06:34,224 - INFO  - Watchdog has been checked: 0 passed
07.08.2014 16:08:34,342 - INFO  - Watchdog has been checked: 0 passed
07.08.2014 16:10:34,272 - INFO  - Watchdog has been checked: 0 passed
07.08.2014 16:12:34,039 - INFO  - Watchdog has been checked: 0 passed
07.08.2014 16:14:33,068 - INFO  - Watchdog has been checked: 0 passed
07.08.2014 16:16:32,097 - INFO  - Watchdog has been checked: 0 passed
07.08.2014 16:18:32,247 - INFO  - Watchdog has been checked: 0 passed
07.08.2014 16:20:33,142 - INFO  - Watchdog has been checked: 0 passed
07.08.2014 16:22:33,199 - INFO  - Watchdog has been checked: 0 passed
07.08.2014 16:24:33,294 - INFO  - Watchdog has been checked: 0 passed
07.08.2014 16:26:33,040 - INFO  - Watchdog has been checked: 0 passed
07.08.2014 16:28:32,232 - INFO  - Watchdog has been checked: 0 passed
07.08.2014 16:30:33,345 - INFO  - Watchdog has been checked: 0 passed
07.08.2014 16:32:33,279 - INFO  - Watchdog has been checked: 0 passed
07.08.2014 16:34:33,271 - INFO  - Watchdog has been checked: 0 passed
07.08.2014 16:36:33,264 - INFO  - Watchdog has been checked: 0 passed
07.08.2014 16:38:33,143 - INFO  - Watchdog has been checked: 0 passed
07.08.2014 16:40:32,089 - INFO  - Watchdog has been checked: 0 passed
07.08.2014 16:42:31,107 - INFO  - Watchdog has been checked: 0 passed
07.08.2014 16:44:30,179 - INFO  - Watchdog has been checked: 0 passed
07.08.2014 16:46:29,346 - INFO  - Watchdog has been checked: 0 passed
07.08.2014 16:48:29,218 - INFO  - Watchdog has been checked: 0 passed
07.08.2014 16:50:29,115 - INFO  - Watchdog has been checked: 0 passed
07.08.2014 16:52:29,107 - INFO  - Watchdog has been checked: 0 passed
07.08.2014 16:54:29,146 - INFO  - Watchdog has been checked: 0 passed
07.08.2014 16:56:29,138 - INFO  - Watchdog has been checked: 0 passed
07.08.2014 16:58:29,210 - INFO  - Watchdog has been checked: 0 passed
07.08.2014 17:00:29,102 - INFO  - Watchdog has been checked: 0 passed
07.08.2014 17:02:29,110 - INFO  - Watchdog has been checked: 0 passed
07.08.2014 17:04:29,205 - INFO  - Watchdog has been checked: 0 passed
07.08.2014 17:06:29,216 - INFO  - Watchdog has been checked: 0 passed
07.08.2014 17:08:29,079 - INFO  - Watchdog has been checked: 0 passed
07.08.2014 17:10:29,326 - INFO  - Watchdog has been checked: 0 passed
07.08.2014 17:12:29,257 - INFO  - Watchdog has been checked: 0 passed
07.08.2014 17:14:29,159 - INFO  - Watchdog has been checked: 0 passed
07.08.2014 17:16:29,171 - INFO  - Watchdog has been checked: 0 passed
07.08.2014 17:18:29,293 - INFO  - Watchdog has been checked: 0 passed
07.08.2014 17:20:29,294 - INFO  - Watchdog has been checked: 0 passed
07.08.2014 17:22:29,268 - INFO  - Watchdog has been checked: 0 passed
07.08.2014 17:24:29,111 - INFO  - Watchdog has been checked: 0 passed
07.08.2014 17:26:29,122 - INFO  - Watchdog has been checked: 0 passed
07.08.2014 17:28:29,193 - INFO  - Watchdog has been checked: 0 passed
07.08.2014 17:30:29,168 - INFO  - Watchdog has been checked: 0 passed
07.08.2014 17:32:29,181 - INFO  - Watchdog has been checked: 0 passed
07.08.2014 17:34:29,218 - INFO  - Watchdog has been checked: 0 passed
07.08.2014 17:36:29,224 - INFO  - Watchdog has been checked: 0 passed
07.08.2014 17:38:29,086 - INFO  - Watchdog has been checked: 0 passed
07.08.2014 17:40:29,075 - INFO  - Watchdog has been checked: 0 passed
07.08.2014 17:42:29,350 - INFO  - Watchdog has been checked: 0 passed
07.08.2014 17:44:29,114 - INFO  - Watchdog has been checked: 0 passed
07.08.2014 17:46:29,111 - INFO  - Watchdog has been checked: 0 passed
07.08.2014 17:48:29,272 - INFO  - Watchdog has been checked: 0 passed
07.08.2014 17:50:29,238 - INFO  - Watchdog has been checked: 0 passed
07.08.2014 17:52:29,131 - INFO  - Watchdog has been checked: 0 passed
07.08.2014 17:54:29,153 - INFO  - Watchdog has been checked: 0 passed
07.08.2014 17:56:29,118 - INFO  - Watchdog has been checked: 0 passed
07.08.2014 17:58:29,209 - INFO  - Watchdog has been checked: 0 passed
07.08.2014 18:00:29,065 - INFO  - Watchdog has been checked: 0 passed
07.08.2014 18:02:29,055 - INFO  - Watchdog has been checked: 0 passed
07.08.2014 18:04:29,233 - INFO  - Watchdog has been checked: 0 passed
07.08.2014 18:06:29,292 - INFO  - Watchdog has been checked: 0 passed
07.08.2014 18:08:29,159 - INFO  - Watchdog has been checked: 0 passed
07.08.2014 18:10:29,131 - INFO  - Watchdog has been checked: 0 passed
07.08.2014 18:12:29,192 - INFO  - Watchdog has been checked: 0 passed
07.08.2014 18:14:29,008 - INFO  - Watchdog has been checked: 0 passed
07.08.2014 18:16:28,105 - INFO  - Watchdog has been checked: 0 passed
07.08.2014 18:18:28,186 - INFO  - Watchdog has been checked: 0 passed
07.08.2014 18:20:28,125 - INFO  - Watchdog has been checked: 0 passed
07.08.2014 18:22:28,206 - INFO  - Watchdog has been checked: 0 passed
07.08.2014 18:24:28,261 - INFO  - Watchdog has been checked: 0 passed
07.08.2014 18:26:28,080 - INFO  - Watchdog has been checked: 0 passed
07.08.2014 18:28:28,230 - INFO  - Watchdog has been checked: 0 passed
07.08.2014 18:30:28,139 - INFO  - Watchdog has been checked: 0 passed
07.08.2014 18:32:28,194 - INFO  - Watchdog has been checked: 0 passed
07.08.2014 18:34:28,211 - INFO  - Watchdog has been checked: 0 passed
07.08.2014 18:36:28,296 - INFO  - Watchdog has been checked: 0 passed
07.08.2014 18:38:28,373 - INFO  - Watchdog has been checked: 0 passed
07.08.2014 18:40:28,319 - INFO  - Watchdog has been checked: 0 passed
07.08.2014 18:42:28,341 - INFO  - Watchdog has been checked: 0 passed
07.08.2014 18:44:28,345 - INFO  - Watchdog has been checked: 0 passed
07.08.2014 18:46:28,197 - INFO  - Watchdog has been checked: 0 passed
07.08.2014 18:48:28,292 - INFO  - Watchdog has been checked: 0 passed
07.08.2014 18:50:28,243 - INFO  - Watchdog has been checked: 0 passed
07.08.2014 18:52:28,308 - INFO  - Watchdog has been checked: 0 passed
07.08.2014 18:54:28,418 - INFO  - Watchdog has been checked: 0 passed
07.08.2014 18:56:28,151 - INFO  - Watchdog has been checked: 0 passed
07.08.2014 18:58:28,383 - INFO  - Watchdog has been checked: 0 passed
07.08.2014 19:00:28,291 - INFO  - Watchdog has been checked: 0 passed
07.08.2014 19:02:28,338 - INFO  - Watchdog has been checked: 0 passed
07.08.2014 19:04:28,495 - INFO  - Watchdog has been checked: 0 passed
07.08.2014 19:06:28,174 - INFO  - Watchdog has been checked: 0 passed
07.08.2014 19:08:28,274 - INFO  - Watchdog has been checked: 0 passed
07.08.2014 19:10:28,178 - INFO  - Watchdog has been checked: 0 passed
07.08.2014 19:12:28,312 - INFO  - Watchdog has been checked: 0 passed
07.08.2014 19:14:28,337 - INFO  - Watchdog has been checked: 0 passed
07.08.2014 19:16:28,248 - INFO  - Watchdog has been checked: 0 passed
07.08.2014 19:18:28,161 - INFO  - Watchdog has been checked: 0 passed
07.08.2014 19:20:28,059 - INFO  - Watchdog has been checked: 0 passed
07.08.2014 19:22:27,166 - INFO  - Watchdog has been checked: 0 passed
07.08.2014 19:24:26,140 - INFO  - Watchdog has been checked: 0 passed
07.08.2014 19:26:25,117 - INFO  - Watchdog has been checked: 0 passed
07.08.2014 19:28:25,031 - INFO  - Watchdog has been checked: 0 passed
07.08.2014 19:30:24,994 - INFO  - Watchdog has been checked: 0 passed
07.08.2014 19:32:24,201 - INFO  - Watchdog has been checked: 0 passed
07.08.2014 19:34:24,033 - INFO  - Watchdog has been checked: 0 passed
07.08.2014 19:36:24,200 - INFO  - Watchdog has been checked: 0 passed
07.08.2014 19:38:24,055 - INFO  - Watchdog has been checked: 0 passed
07.08.2014 19:40:23,209 - INFO  - Watchdog has been checked: 0 passed
07.08.2014 19:42:23,158 - INFO  - Watchdog has been checked: 0 passed
07.08.2014 19:44:23,293 - INFO  - Watchdog has been checked: 0 passed
07.08.2014 19:46:23,237 - INFO  - Watchdog has been checked: 0 passed
07.08.2014 19:48:23,140 - INFO  - Watchdog has been checked: 0 passed
07.08.2014 19:50:23,160 - INFO  - Watchdog has been checked: 0 passed
07.08.2014 19:52:24,102 - INFO  - Watchdog has been checked: 0 passed
07.08.2014 19:54:24,292 - INFO  - Watchdog has been checked: 0 passed
07.08.2014 19:56:24,287 - INFO  - Watchdog has been checked: 0 passed
07.08.2014 19:58:24,165 - INFO  - Watchdog has been checked: 0 passed
07.08.2014 20:00:24,160 - INFO  - Watchdog has been checked: 0 passed
07.08.2014 20:02:24,293 - INFO  - Watchdog has been checked: 0 passed
07.08.2014 20:04:24,318 - INFO  - Watchdog has been checked: 0 passed
07.08.2014 20:06:24,330 - INFO  - Watchdog has been checked: 0 passed
07.08.2014 20:08:24,220 - INFO  - Watchdog has been checked: 0 passed
07.08.2014 20:10:24,220 - INFO  - Watchdog has been checked: 0 passed
07.08.2014 20:12:24,383 - INFO  - Watchdog has been checked: 0 passed
07.08.2014 20:14:24,287 - INFO  - Watchdog has been checked: 0 passed
07.08.2014 20:16:24,292 - INFO  - Watchdog has been checked: 0 passed
07.08.2014 20:18:24,198 - INFO  - Watchdog has been checked: 0 passed
07.08.2014 20:20:24,217 - INFO  - Watchdog has been checked: 0 passed
07.08.2014 20:22:24,426 - INFO  - Watchdog has been checked: 0 passed
07.08.2014 20:24:24,305 - INFO  - Watchdog has been checked: 0 passed
07.08.2014 20:26:24,323 - INFO  - Watchdog has been checked: 0 passed
07.08.2014 20:28:24,469 - INFO  - Watchdog has been checked: 0 passed
07.08.2014 20:30:24,413 - INFO  - Watchdog has been checked: 0 passed
07.08.2014 20:32:24,430 - INFO  - Watchdog has been checked: 0 passed
07.08.2014 20:34:24,406 - INFO  - Watchdog has been checked: 0 passed
07.08.2014 20:36:24,222 - INFO  - Watchdog has been checked: 0 passed
07.08.2014 20:38:24,404 - INFO  - Watchdog has been checked: 0 passed
07.08.2014 20:40:24,320 - INFO  - Watchdog has been checked: 0 passed
07.08.2014 20:42:24,421 - INFO  - Watchdog has been checked: 0 passed
07.08.2014 20:44:24,343 - INFO  - Watchdog has been checked: 0 passed
07.08.2014 20:46:24,514 - INFO  - Watchdog has been checked: 0 passed
07.08.2014 20:48:24,277 - INFO  - Watchdog has been checked: 0 passed
07.08.2014 20:50:24,293 - INFO  - Watchdog has been checked: 0 passed
07.08.2014 20:52:24,377 - INFO  - Watchdog has been checked: 0 passed
07.08.2014 20:54:24,338 - INFO  - Watchdog has been checked: 0 passed
07.08.2014 20:56:24,124 - INFO  - Watchdog has been checked: 0 passed
07.08.2014 20:58:24,134 - INFO  - Watchdog has been checked: 0 passed
07.08.2014 21:00:23,094 - INFO  - Watchdog has been checked: 0 passed
07.08.2014 21:02:22,039 - INFO  - Watchdog has been checked: 0 passed
07.08.2014 21:04:23,735 - INFO  - Watchdog has been checked: 0 passed
07.08.2014 21:06:22,955 - INFO  - Watchdog has been checked: 0 passed
07.08.2014 21:08:22,074 - INFO  - Watchdog has been checked: 0 passed
07.08.2014 21:10:22,093 - INFO  - Watchdog has been checked: 0 passed
07.08.2014 21:12:22,151 - INFO  - Watchdog has been checked: 0 passed
07.08.2014 21:14:21,148 - INFO  - Watchdog has been checked: 0 passed
07.08.2014 21:16:21,128 - INFO  - Watchdog has been checked: 0 passed
07.08.2014 21:18:21,226 - INFO  - Watchdog has been checked: 0 passed
07.08.2014 21:20:21,224 - INFO  - Watchdog has been checked: 0 passed
07.08.2014 21:22:20,248 - INFO  - Watchdog has been checked: 0 passed
07.08.2014 21:24:20,323 - INFO  - Watchdog has been checked: 0 passed
07.08.2014 21:26:22,228 - INFO  - Watchdog has been checked: 0 passed
07.08.2014 21:28:22,203 - INFO  - Watchdog has been checked: 0 passed
07.08.2014 21:30:22,117 - INFO  - Watchdog has been checked: 0 passed
07.08.2014 21:32:22,216 - INFO  - Watchdog has been checked: 0 passed
07.08.2014 21:34:22,308 - INFO  - Watchdog has been checked: 0 passed
07.08.2014 21:36:22,270 - INFO  - Watchdog has been checked: 0 passed
07.08.2014 21:38:22,192 - INFO  - Watchdog has been checked: 0 passed
07.08.2014 21:40:22,086 - INFO  - Watchdog has been checked: 0 passed
07.08.2014 21:42:22,184 - INFO  - Watchdog has been checked: 0 passed
07.08.2014 21:44:22,167 - INFO  - Watchdog has been checked: 0 passed
07.08.2014 21:46:22,208 - INFO  - Watchdog has been checked: 0 passed
07.08.2014 21:48:22,208 - INFO  - Watchdog has been checked: 0 passed
07.08.2014 21:50:22,352 - INFO  - Watchdog has been checked: 0 passed
07.08.2014 21:52:22,383 - INFO  - Watchdog has been checked: 0 passed
07.08.2014 21:54:22,178 - INFO  - Watchdog has been checked: 0 passed
07.08.2014 21:56:24,439 - INFO  - Watchdog has been checked: 0 passed
07.08.2014 21:58:24,396 - INFO  - Watchdog has been checked: 0 passed
07.08.2014 22:00:24,319 - INFO  - Watchdog has been checked: 0 passed
07.08.2014 22:02:24,250 - INFO  - Watchdog has been checked: 0 passed
07.08.2014 22:04:24,059 - INFO  - Watchdog has been checked: 0 passed
07.08.2014 22:06:24,321 - INFO  - Watchdog has been checked: 0 passed
07.08.2014 22:08:24,322 - INFO  - Watchdog has been checked: 0 passed
07.08.2014 22:10:24,212 - INFO  - Watchdog has been checked: 0 passed
07.08.2014 22:12:24,231 - INFO  - Watchdog has been checked: 0 passed
07.08.2014 22:14:24,361 - INFO  - Watchdog has been checked: 0 passed
07.08.2014 22:16:24,076 - INFO  - Watchdog has been checked: 0 passed
07.08.2014 22:18:23,157 - INFO  - Watchdog has been checked: 0 passed
07.08.2014 22:20:23,128 - INFO  - Watchdog has been checked: 0 passed
07.08.2014 22:22:22,730 - INFO  - Watchdog has been checked: 0 passed
07.08.2014 22:24:22,141 - INFO  - Watchdog has been checked: 0 passed
07.08.2014 22:26:22,145 - INFO  - Watchdog has been checked: 0 passed
07.08.2014 22:28:22,614 - INFO  - Watchdog has been checked: 0 passed
07.08.2014 22:30:22,115 - INFO  - Watchdog has been checked: 0 passed
07.08.2014 22:32:22,156 - INFO  - Watchdog has been checked: 0 passed
07.08.2014 22:34:22,132 - INFO  - Watchdog has been checked: 0 passed
07.08.2014 22:36:22,115 - INFO  - Watchdog has been checked: 0 passed
07.08.2014 22:38:22,001 - INFO  - Watchdog has been checked: 0 passed
07.08.2014 22:40:22,054 - INFO  - Watchdog has been checked: 0 passed
07.08.2014 22:42:22,290 - INFO  - Watchdog has been checked: 0 passed
07.08.2014 22:44:22,100 - INFO  - Watchdog has been checked: 0 passed
07.08.2014 22:46:22,115 - INFO  - Watchdog has been checked: 0 passed
07.08.2014 22:48:22,198 - INFO  - Watchdog has been checked: 0 passed
07.08.2014 22:50:22,165 - INFO  - Watchdog has been checked: 0 passed
07.08.2014 22:52:22,133 - INFO  - Watchdog has been checked: 0 passed
07.08.2014 22:54:22,264 - INFO  - Watchdog has been checked: 0 passed
07.08.2014 22:56:22,283 - INFO  - Watchdog has been checked: 0 passed
07.08.2014 22:58:22,113 - INFO  - Watchdog has been checked: 0 passed
07.08.2014 23:00:22,158 - INFO  - Watchdog has been checked: 0 passed
07.08.2014 23:02:22,338 - INFO  - Watchdog has been checked: 0 passed
07.08.2014 23:04:22,106 - INFO  - Watchdog has been checked: 0 passed
07.08.2014 23:06:22,239 - INFO  - Watchdog has been checked: 0 passed
07.08.2014 23:08:23,074 - INFO  - Watchdog has been checked: 0 passed
07.08.2014 23:10:23,261 - INFO  - Watchdog has been checked: 0 passed
07.08.2014 23:12:23,285 - INFO  - Watchdog has been checked: 0 passed
07.08.2014 23:14:23,151 - INFO  - Watchdog has been checked: 0 passed
07.08.2014 23:16:23,196 - INFO  - Watchdog has been checked: 0 passed
07.08.2014 23:18:23,291 - INFO  - Watchdog has been checked: 0 passed
07.08.2014 23:20:23,283 - INFO  - Watchdog has been checked: 0 passed
07.08.2014 23:22:23,251 - INFO  - Watchdog has been checked: 0 passed
07.08.2014 23:24:23,471 - INFO  - Watchdog has been checked: 0 passed
07.08.2014 23:26:23,111 - INFO  - Watchdog has been checked: 0 passed
07.08.2014 23:28:23,179 - INFO  - Watchdog has been checked: 0 passed
07.08.2014 23:31:08,207 - INFO  - Watchdog has been checked: 0 passed
07.08.2014 23:31:23,097 - INFO  - Watchdog has been checked: 0 passed
07.08.2014 23:33:22,287 - INFO  - Watchdog has been checked: 0 passed
07.08.2014 23:35:22,123 - INFO  - Watchdog has been checked: 0 passed
07.08.2014 23:37:21,079 - INFO  - Watchdog has been checked: 0 passed
07.08.2014 23:39:23,543 - INFO  - Watchdog has been checked: 0 passed
07.08.2014 23:41:23,372 - INFO  - Watchdog has been checked: 0 passed
07.08.2014 23:43:23,272 - INFO  - Watchdog has been checked: 0 passed
07.08.2014 23:45:23,115 - INFO  - Watchdog has been checked: 0 passed
07.08.2014 23:47:22,366 - INFO  - Watchdog has been checked: 0 passed
07.08.2014 23:49:22,274 - INFO  - Watchdog has been checked: 0 passed
07.08.2014 23:51:22,298 - INFO  - Watchdog has been checked: 0 passed
07.08.2014 23:53:22,318 - INFO  - Watchdog has been checked: 0 passed
07.08.2014 23:55:22,255 - INFO  - Watchdog has been checked: 0 passed
07.08.2014 23:57:22,207 - INFO  - Watchdog has been checked: 0 passed
07.08.2014 23:59:22,140 - INFO  - Watchdog has been checked: 0 passed
