03.09.2014 00:01:40,027 - INFO  - Watchdog has been checked: 0 passed
03.09.2014 00:03:40,215 - INFO  - Watchdog has been checked: 0 passed
03.09.2014 00:05:40,164 - INFO  - Watchdog has been checked: 0 passed
03.09.2014 00:07:40,195 - INFO  - Watchdog has been checked: 0 passed
03.09.2014 00:09:40,299 - INFO  - Watchdog has been checked: 0 passed
03.09.2014 00:11:40,285 - INFO  - Watchdog has been checked: 0 passed
03.09.2014 00:13:40,207 - INFO  - Watchdog has been checked: 0 passed
03.09.2014 00:15:40,194 - INFO  - Watchdog has been checked: 0 passed
03.09.2014 00:17:40,202 - INFO  - Watchdog has been checked: 0 passed
03.09.2014 00:19:40,176 - INFO  - Watchdog has been checked: 0 passed
03.09.2014 00:21:40,150 - INFO  - Watchdog has been checked: 0 passed
03.09.2014 00:23:40,293 - INFO  - Watchdog has been checked: 0 passed
03.09.2014 00:25:40,230 - INFO  - Watchdog has been checked: 0 passed
03.09.2014 00:27:40,331 - INFO  - Watchdog has been checked: 0 passed
03.09.2014 00:29:40,090 - INFO  - Watchdog has been checked: 0 passed
03.09.2014 00:31:39,055 - INFO  - Watchdog has been checked: 0 passed
03.09.2014 00:33:38,204 - INFO  - Watchdog has been checked: 0 passed
03.09.2014 00:35:38,143 - INFO  - Watchdog has been checked: 0 passed
03.09.2014 00:37:37,148 - INFO  - Watchdog has been checked: 0 passed
03.09.2014 00:39:37,143 - INFO  - Watchdog has been checked: 0 passed
03.09.2014 00:41:37,045 - INFO  - Watchdog has been checked: 0 passed
03.09.2014 00:43:36,246 - INFO  - Watchdog has been checked: 0 passed
03.09.2014 00:45:36,226 - INFO  - Watchdog has been checked: 0 passed
03.09.2014 00:47:36,326 - INFO  - Watchdog has been checked: 0 passed
03.09.2014 00:49:36,227 - INFO  - Watchdog has been checked: 0 passed
03.09.2014 00:51:36,204 - INFO  - Watchdog has been checked: 0 passed
03.09.2014 00:53:36,195 - INFO  - Watchdog has been checked: 0 passed
03.09.2014 00:55:36,211 - INFO  - Watchdog has been checked: 0 passed
03.09.2014 00:57:36,200 - INFO  - Watchdog has been checked: 0 passed
03.09.2014 00:59:36,285 - INFO  - Watchdog has been checked: 0 passed
03.09.2014 01:01:36,200 - INFO  - Watchdog has been checked: 0 passed
03.09.2014 01:03:36,102 - INFO  - Watchdog has been checked: 0 passed
03.09.2014 01:05:36,376 - INFO  - Watchdog has been checked: 0 passed
03.09.2014 01:07:36,374 - INFO  - Watchdog has been checked: 0 passed
03.09.2014 01:09:36,460 - INFO  - Watchdog has been checked: 0 passed
03.09.2014 01:11:36,307 - INFO  - Watchdog has been checked: 0 passed
03.09.2014 01:13:36,169 - INFO  - Watchdog has been checked: 0 passed
03.09.2014 01:15:36,258 - INFO  - Watchdog has been checked: 0 passed
03.09.2014 01:17:36,094 - INFO  - Watchdog has been checked: 0 passed
03.09.2014 01:19:36,280 - INFO  - Watchdog has been checked: 0 passed
03.09.2014 01:21:36,200 - INFO  - Watchdog has been checked: 0 passed
03.09.2014 01:23:36,174 - INFO  - Watchdog has been checked: 0 passed
03.09.2014 01:25:36,295 - INFO  - Watchdog has been checked: 0 passed
03.09.2014 01:27:36,182 - INFO  - Watchdog has been checked: 0 passed
03.09.2014 01:29:36,391 - INFO  - Watchdog has been checked: 0 passed
03.09.2014 01:31:36,338 - INFO  - Watchdog has been checked: 0 passed
03.09.2014 01:33:36,222 - INFO  - Watchdog has been checked: 0 passed
03.09.2014 01:35:36,271 - INFO  - Watchdog has been checked: 0 passed
03.09.2014 01:37:36,189 - INFO  - Watchdog has been checked: 0 passed
03.09.2014 01:39:36,503 - INFO  - Watchdog has been checked: 0 passed
03.09.2014 01:41:36,400 - INFO  - Watchdog has been checked: 0 passed
03.09.2014 01:43:36,542 - INFO  - Watchdog has been checked: 0 passed
03.09.2014 01:45:36,262 - INFO  - Watchdog has been checked: 0 passed
03.09.2014 01:47:36,254 - INFO  - Watchdog has been checked: 0 passed
03.09.2014 01:49:36,237 - INFO  - Watchdog has been checked: 0 passed
03.09.2014 01:51:36,090 - INFO  - Watchdog has been checked: 0 passed
03.09.2014 01:53:36,156 - INFO  - Watchdog has been checked: 0 passed
03.09.2014 01:55:35,094 - INFO  - Watchdog has been checked: 0 passed
03.09.2014 01:57:35,118 - INFO  - Watchdog has been checked: 0 passed
03.09.2014 01:59:35,181 - INFO  - Watchdog has been checked: 0 passed
03.09.2014 02:01:35,143 - INFO  - Watchdog has been checked: 0 passed
03.09.2014 02:03:35,532 - INFO  - Watchdog has been checked: 0 passed
03.09.2014 02:05:35,024 - INFO  - Watchdog has been checked: 0 passed
03.09.2014 02:07:34,264 - INFO  - Watchdog has been checked: 0 passed
03.09.2014 02:09:34,222 - INFO  - Watchdog has been checked: 0 passed
03.09.2014 02:11:36,147 - INFO  - Watchdog has been checked: 0 passed
03.09.2014 02:13:36,069 - INFO  - Watchdog has been checked: 0 passed
03.09.2014 02:15:36,193 - INFO  - Watchdog has been checked: 0 passed
03.09.2014 02:17:36,150 - INFO  - Watchdog has been checked: 0 passed
03.09.2014 02:19:36,089 - INFO  - Watchdog has been checked: 0 passed
03.09.2014 02:21:36,042 - INFO  - Watchdog has been checked: 0 passed
03.09.2014 02:23:35,200 - INFO  - Watchdog has been checked: 0 passed
03.09.2014 02:25:35,326 - INFO  - Watchdog has been checked: 0 passed
03.09.2014 02:27:35,319 - INFO  - Watchdog has been checked: 0 passed
03.09.2014 02:29:35,251 - INFO  - Watchdog has been checked: 0 passed
03.09.2014 02:31:35,170 - INFO  - Watchdog has been checked: 0 passed
03.09.2014 02:33:35,330 - INFO  - Watchdog has been checked: 0 passed
03.09.2014 02:35:35,295 - INFO  - Watchdog has been checked: 0 passed
03.09.2014 02:37:35,297 - INFO  - Watchdog has been checked: 0 passed
03.09.2014 02:39:35,168 - INFO  - Watchdog has been checked: 0 passed
03.09.2014 02:41:35,135 - INFO  - Watchdog has been checked: 0 passed
03.09.2014 02:43:35,299 - INFO  - Watchdog has been checked: 0 passed
03.09.2014 02:45:35,318 - INFO  - Watchdog has been checked: 0 passed
03.09.2014 02:47:35,322 - INFO  - Watchdog has been checked: 0 passed
03.09.2014 02:49:35,334 - INFO  - Watchdog has been checked: 0 passed
03.09.2014 02:51:35,234 - INFO  - Watchdog has been checked: 0 passed
03.09.2014 02:53:35,395 - INFO  - Watchdog has been checked: 0 passed
03.09.2014 02:55:35,336 - INFO  - Watchdog has been checked: 0 passed
03.09.2014 02:57:35,373 - INFO  - Watchdog has been checked: 0 passed
03.09.2014 02:59:35,328 - INFO  - Watchdog has been checked: 0 passed
03.09.2014 03:01:35,265 - INFO  - Watchdog has been checked: 0 passed
03.09.2014 03:03:35,389 - INFO  - Watchdog has been checked: 0 passed
03.09.2014 03:05:35,435 - INFO  - Watchdog has been checked: 0 passed
03.09.2014 03:07:35,374 - INFO  - Watchdog has been checked: 0 passed
03.09.2014 03:09:35,294 - INFO  - Watchdog has been checked: 0 passed
03.09.2014 03:11:35,231 - INFO  - Watchdog has been checked: 0 passed
03.09.2014 03:13:36,392 - INFO  - Watchdog has been checked: 0 passed
03.09.2014 03:15:36,356 - INFO  - Watchdog has been checked: 0 passed
03.09.2014 03:17:36,109 - INFO  - Watchdog has been checked: 0 passed
03.09.2014 03:19:35,329 - INFO  - Watchdog has been checked: 0 passed
03.09.2014 03:21:35,198 - INFO  - Watchdog has been checked: 0 passed
03.09.2014 03:23:35,127 - INFO  - Watchdog has been checked: 0 passed
03.09.2014 03:25:35,327 - INFO  - Watchdog has been checked: 0 passed
03.09.2014 03:27:35,066 - INFO  - Watchdog has been checked: 0 passed
03.09.2014 03:29:34,249 - INFO  - Watchdog has been checked: 0 passed
03.09.2014 03:31:34,096 - INFO  - Watchdog has been checked: 0 passed
03.09.2014 03:33:32,982 - INFO  - Watchdog has been checked: 0 passed
03.09.2014 03:35:31,986 - INFO  - Watchdog has been checked: 0 passed
03.09.2014 03:37:30,997 - INFO  - Watchdog has been checked: 0 passed
03.09.2014 03:39:30,982 - INFO  - Watchdog has been checked: 0 passed
03.09.2014 03:41:31,009 - INFO  - Watchdog has been checked: 0 passed
03.09.2014 03:43:31,232 - INFO  - Watchdog has been checked: 0 passed
03.09.2014 03:45:31,031 - INFO  - Watchdog has been checked: 0 passed
03.09.2014 03:47:30,994 - INFO  - Watchdog has been checked: 0 passed
03.09.2014 03:49:31,063 - INFO  - Watchdog has been checked: 0 passed
03.09.2014 03:51:31,063 - INFO  - Watchdog has been checked: 0 passed
03.09.2014 03:53:31,039 - INFO  - Watchdog has been checked: 0 passed
03.09.2014 03:55:31,125 - INFO  - Watchdog has been checked: 0 passed
03.09.2014 03:57:31,071 - INFO  - Watchdog has been checked: 0 passed
03.09.2014 03:59:31,074 - INFO  - Watchdog has been checked: 0 passed
03.09.2014 04:01:31,266 - INFO  - Watchdog has been checked: 0 passed
03.09.2014 04:03:31,155 - INFO  - Watchdog has been checked: 0 passed
03.09.2014 04:05:31,145 - INFO  - Watchdog has been checked: 0 passed
03.09.2014 04:07:31,162 - INFO  - Watchdog has been checked: 0 passed
03.09.2014 04:09:31,103 - INFO  - Watchdog has been checked: 0 passed
03.09.2014 04:11:31,043 - INFO  - Watchdog has been checked: 0 passed
03.09.2014 04:13:30,190 - INFO  - Watchdog has been checked: 0 passed
03.09.2014 04:15:30,265 - INFO  - Watchdog has been checked: 0 passed
03.09.2014 04:17:30,245 - INFO  - Watchdog has been checked: 0 passed
03.09.2014 04:19:30,211 - INFO  - Watchdog has been checked: 0 passed
03.09.2014 04:21:30,151 - INFO  - Watchdog has been checked: 0 passed
03.09.2014 04:23:30,341 - INFO  - Watchdog has been checked: 0 passed
03.09.2014 04:25:30,161 - INFO  - Watchdog has been checked: 0 passed
03.09.2014 04:27:30,165 - INFO  - Watchdog has been checked: 0 passed
03.09.2014 04:29:29,158 - INFO  - Watchdog has been checked: 0 passed
03.09.2014 04:31:28,408 - INFO  - Watchdog has been checked: 0 passed
03.09.2014 04:33:28,298 - INFO  - Watchdog has been checked: 0 passed
03.09.2014 04:35:28,362 - INFO  - Watchdog has been checked: 0 passed
03.09.2014 04:37:28,396 - INFO  - Watchdog has been checked: 0 passed
03.09.2014 04:39:28,289 - INFO  - Watchdog has been checked: 0 passed
03.09.2014 04:41:28,225 - INFO  - Watchdog has been checked: 0 passed
03.09.2014 04:43:28,374 - INFO  - Watchdog has been checked: 0 passed
03.09.2014 04:45:28,414 - INFO  - Watchdog has been checked: 0 passed
03.09.2014 04:47:28,495 - INFO  - Watchdog has been checked: 0 passed
03.09.2014 04:49:30,440 - INFO  - Watchdog has been checked: 0 passed
03.09.2014 04:51:30,407 - INFO  - Watchdog has been checked: 0 passed
03.09.2014 04:53:30,359 - INFO  - Watchdog has been checked: 0 passed
03.09.2014 04:55:30,416 - INFO  - Watchdog has been checked: 0 passed
03.09.2014 04:57:30,380 - INFO  - Watchdog has been checked: 0 passed
03.09.2014 04:59:30,335 - INFO  - Watchdog has been checked: 0 passed
03.09.2014 05:01:30,269 - INFO  - Watchdog has been checked: 0 passed
03.09.2014 05:03:30,173 - INFO  - Watchdog has been checked: 0 passed
03.09.2014 05:05:30,157 - INFO  - Watchdog has been checked: 0 passed
03.09.2014 05:07:30,158 - INFO  - Watchdog has been checked: 0 passed
03.09.2014 05:09:30,066 - INFO  - Watchdog has been checked: 0 passed
03.09.2014 05:11:30,030 - INFO  - Watchdog has been checked: 0 passed
03.09.2014 05:13:30,010 - INFO  - Watchdog has been checked: 0 passed
03.09.2014 05:15:28,929 - INFO  - Watchdog has been checked: 0 passed
03.09.2014 05:17:30,161 - INFO  - Watchdog has been checked: 0 passed
03.09.2014 05:19:30,090 - INFO  - Watchdog has been checked: 0 passed
03.09.2014 05:21:30,028 - INFO  - Watchdog has been checked: 0 passed
03.09.2014 05:23:28,913 - INFO  - Watchdog has been checked: 0 passed
03.09.2014 05:25:27,985 - INFO  - Watchdog has been checked: 0 passed
03.09.2014 05:27:26,940 - INFO  - Watchdog has been checked: 0 passed
03.09.2014 05:29:26,156 - INFO  - Watchdog has been checked: 0 passed
03.09.2014 05:31:26,112 - INFO  - Watchdog has been checked: 0 passed
03.09.2014 05:33:26,007 - INFO  - Watchdog has been checked: 0 passed
03.09.2014 05:35:25,001 - INFO  - Watchdog has been checked: 0 passed
03.09.2014 05:37:24,053 - INFO  - Watchdog has been checked: 0 passed
03.09.2014 05:39:23,052 - INFO  - Watchdog has been checked: 0 passed
03.09.2014 05:41:22,338 - INFO  - Watchdog has been checked: 0 passed
03.09.2014 05:43:22,121 - INFO  - Watchdog has been checked: 0 passed
03.09.2014 05:45:22,135 - INFO  - Watchdog has been checked: 0 passed
03.09.2014 05:47:22,134 - INFO  - Watchdog has been checked: 0 passed
03.09.2014 05:49:22,109 - INFO  - Watchdog has been checked: 0 passed
03.09.2014 05:51:22,133 - INFO  - Watchdog has been checked: 0 passed
03.09.2014 05:53:22,103 - INFO  - Watchdog has been checked: 0 passed
03.09.2014 05:55:22,139 - INFO  - Watchdog has been checked: 0 passed
03.09.2014 05:57:22,176 - INFO  - Watchdog has been checked: 0 passed
03.09.2014 05:59:22,146 - INFO  - Watchdog has been checked: 0 passed
03.09.2014 06:01:22,103 - INFO  - Watchdog has been checked: 0 passed
03.09.2014 06:03:22,005 - INFO  - Watchdog has been checked: 0 passed
03.09.2014 06:05:22,051 - INFO  - Watchdog has been checked: 0 passed
03.09.2014 06:07:22,102 - INFO  - Watchdog has been checked: 0 passed
03.09.2014 06:09:22,128 - INFO  - Watchdog has been checked: 0 passed
03.09.2014 06:11:22,087 - INFO  - Watchdog has been checked: 0 passed
03.09.2014 06:13:22,258 - INFO  - Watchdog has been checked: 0 passed
03.09.2014 06:15:01,708 - INFO  - mapping file sync started
03.09.2014 06:15:02,457 - INFO  - file successfully updated
03.09.2014 06:15:22,138 - INFO  - Watchdog has been checked: 0 passed
03.09.2014 06:17:22,111 - INFO  - Watchdog has been checked: 0 passed
03.09.2014 06:19:22,380 - INFO  - Watchdog has been checked: 0 passed
03.09.2014 06:21:22,348 - INFO  - Watchdog has been checked: 0 passed
03.09.2014 06:23:22,250 - INFO  - Watchdog has been checked: 0 passed
03.09.2014 06:25:22,291 - INFO  - Watchdog has been checked: 0 passed
03.09.2014 06:27:22,247 - INFO  - Watchdog has been checked: 0 passed
03.09.2014 06:29:22,194 - INFO  - Watchdog has been checked: 0 passed
03.09.2014 06:31:22,125 - INFO  - Watchdog has been checked: 0 passed
03.09.2014 06:33:22,001 - INFO  - Watchdog has been checked: 0 passed
03.09.2014 06:35:21,015 - INFO  - Watchdog has been checked: 0 passed
03.09.2014 06:37:20,268 - INFO  - Watchdog has been checked: 0 passed
03.09.2014 06:39:20,293 - INFO  - Watchdog has been checked: 0 passed
03.09.2014 06:41:20,181 - INFO  - Watchdog has been checked: 0 passed
03.09.2014 06:43:20,116 - INFO  - Watchdog has been checked: 0 passed
03.09.2014 06:45:20,184 - INFO  - Watchdog has been checked: 0 passed
03.09.2014 06:47:20,386 - INFO  - Watchdog has been checked: 0 passed
03.09.2014 06:49:20,214 - INFO  - Watchdog has been checked: 0 passed
03.09.2014 06:51:20,078 - INFO  - Watchdog has been checked: 0 passed
03.09.2014 06:53:20,223 - INFO  - Watchdog has been checked: 0 passed
03.09.2014 06:55:20,226 - INFO  - Watchdog has been checked: 0 passed
03.09.2014 06:57:20,286 - INFO  - Watchdog has been checked: 0 passed
03.09.2014 06:59:20,295 - INFO  - Watchdog has been checked: 0 passed
03.09.2014 07:01:20,212 - INFO  - Watchdog has been checked: 0 passed
03.09.2014 07:03:20,357 - INFO  - Watchdog has been checked: 0 passed
03.09.2014 07:05:20,128 - INFO  - Watchdog has been checked: 0 passed
03.09.2014 07:07:20,456 - INFO  - Watchdog has been checked: 0 passed
03.09.2014 07:09:20,201 - INFO  - Watchdog has been checked: 0 passed
03.09.2014 07:11:20,352 - INFO  - Watchdog has been checked: 0 passed
03.09.2014 07:13:20,228 - INFO  - Watchdog has been checked: 0 passed
03.09.2014 07:15:01,884 - INFO  - mapping file sync started
03.09.2014 07:15:02,446 - INFO  - file successfully updated
03.09.2014 07:15:20,261 - INFO  - Watchdog has been checked: 0 passed
03.09.2014 07:17:20,255 - INFO  - Watchdog has been checked: 0 passed
03.09.2014 07:19:20,287 - INFO  - Watchdog has been checked: 0 passed
03.09.2014 07:21:20,197 - INFO  - Watchdog has been checked: 0 passed
03.09.2014 07:23:20,345 - INFO  - Watchdog has been checked: 0 passed
03.09.2014 07:25:20,237 - INFO  - Watchdog has been checked: 0 passed
03.09.2014 07:27:20,480 - INFO  - Watchdog has been checked: 0 passed
03.09.2014 07:29:20,477 - INFO  - Watchdog has been checked: 0 passed
03.09.2014 07:31:20,271 - INFO  - Watchdog has been checked: 0 passed
03.09.2014 07:33:20,423 - INFO  - Watchdog has been checked: 0 passed
03.09.2014 07:35:20,248 - INFO  - Watchdog has been checked: 0 passed
03.09.2014 07:37:20,487 - INFO  - Watchdog has been checked: 0 passed
03.09.2014 07:39:20,484 - INFO  - Watchdog has been checked: 0 passed
03.09.2014 07:41:20,221 - INFO  - Watchdog has been checked: 0 passed
03.09.2014 07:43:20,325 - INFO  - Watchdog has been checked: 0 passed
03.09.2014 07:45:20,335 - INFO  - Watchdog has been checked: 0 passed
03.09.2014 07:47:20,416 - INFO  - Watchdog has been checked: 0 passed
03.09.2014 07:49:20,281 - INFO  - Watchdog has been checked: 0 passed
03.09.2014 07:51:20,239 - INFO  - Watchdog has been checked: 0 passed
03.09.2014 07:53:20,175 - INFO  - Watchdog has been checked: 0 passed
03.09.2014 07:55:19,044 - INFO  - Watchdog has been checked: 0 passed
03.09.2014 07:57:19,188 - INFO  - Watchdog has been checked: 0 passed
03.09.2014 07:59:19,048 - INFO  - Watchdog has been checked: 0 passed
03.09.2014 08:01:18,206 - INFO  - Watchdog has been checked: 0 passed
03.09.2014 08:03:18,106 - INFO  - Watchdog has been checked: 0 passed
03.09.2014 08:05:18,099 - INFO  - Watchdog has been checked: 0 passed
03.09.2014 08:07:18,280 - INFO  - Watchdog has been checked: 0 passed
03.09.2014 08:09:18,218 - INFO  - Watchdog has been checked: 0 passed
03.09.2014 08:11:18,140 - INFO  - Watchdog has been checked: 0 passed
03.09.2014 08:13:18,245 - INFO  - Watchdog has been checked: 0 passed
03.09.2014 08:15:18,202 - INFO  - Watchdog has been checked: 0 passed
03.09.2014 08:17:18,083 - INFO  - Watchdog has been checked: 0 passed
03.09.2014 08:19:18,283 - INFO  - Watchdog has been checked: 0 passed
03.09.2014 08:21:20,214 - INFO  - Watchdog has been checked: 0 passed
03.09.2014 08:23:20,206 - INFO  - Watchdog has been checked: 0 passed
03.09.2014 08:25:20,259 - INFO  - Watchdog has been checked: 0 passed
03.09.2014 08:27:20,201 - INFO  - Watchdog has been checked: 0 passed
03.09.2014 08:29:20,271 - INFO  - Watchdog has been checked: 0 passed
03.09.2014 08:31:20,179 - INFO  - Watchdog has been checked: 0 passed
03.09.2014 08:33:20,343 - INFO  - Watchdog has been checked: 0 passed
03.09.2014 08:35:20,322 - INFO  - Watchdog has been checked: 0 passed
03.09.2014 08:37:20,429 - INFO  - Watchdog has been checked: 0 passed
03.09.2014 08:39:20,328 - INFO  - Watchdog has been checked: 0 passed
03.09.2014 08:41:20,278 - INFO  - Watchdog has been checked: 0 passed
03.09.2014 08:43:20,245 - INFO  - Watchdog has been checked: 0 passed
03.09.2014 08:45:20,182 - INFO  - Watchdog has been checked: 0 passed
03.09.2014 08:47:20,561 - INFO  - Watchdog has been checked: 0 passed
03.09.2014 08:49:20,495 - INFO  - Watchdog has been checked: 0 passed
03.09.2014 08:51:20,367 - INFO  - Watchdog has been checked: 0 passed
03.09.2014 08:53:20,263 - INFO  - Watchdog has been checked: 0 passed
03.09.2014 08:55:20,295 - INFO  - Watchdog has been checked: 0 passed
03.09.2014 08:57:20,521 - INFO  - Watchdog has been checked: 0 passed
03.09.2014 08:59:20,278 - INFO  - Watchdog has been checked: 0 passed
03.09.2014 09:01:20,294 - INFO  - Watchdog has been checked: 0 passed
03.09.2014 09:03:20,371 - INFO  - Watchdog has been checked: 0 passed
03.09.2014 09:05:20,383 - INFO  - Watchdog has been checked: 0 passed
03.09.2014 09:07:20,437 - INFO  - Watchdog has been checked: 0 passed
03.09.2014 09:09:20,412 - INFO  - Watchdog has been checked: 0 passed
03.09.2014 09:11:20,334 - INFO  - Watchdog has been checked: 0 passed
03.09.2014 09:13:20,216 - INFO  - Watchdog has been checked: 0 passed
03.09.2014 09:15:19,155 - INFO  - Watchdog has been checked: 0 passed
03.09.2014 09:17:19,214 - INFO  - Watchdog has been checked: 0 passed
03.09.2014 09:19:19,211 - INFO  - Watchdog has been checked: 0 passed
03.09.2014 09:21:19,148 - INFO  - Watchdog has been checked: 0 passed
03.09.2014 09:23:20,063 - INFO  - Watchdog has been checked: 0 passed
03.09.2014 09:25:20,239 - INFO  - Watchdog has been checked: 0 passed
03.09.2014 09:27:19,275 - INFO  - Watchdog has been checked: 0 passed
03.09.2014 09:29:19,146 - INFO  - Watchdog has been checked: 0 passed
03.09.2014 09:31:18,043 - INFO  - Watchdog has been checked: 0 passed
03.09.2014 09:33:18,180 - INFO  - Watchdog has been checked: 0 passed
03.09.2014 09:35:17,160 - INFO  - Watchdog has been checked: 0 passed
03.09.2014 09:37:16,054 - INFO  - Watchdog has been checked: 0 passed
03.09.2014 09:39:15,166 - INFO  - Watchdog has been checked: 0 passed
03.09.2014 09:41:14,284 - INFO  - Watchdog has been checked: 0 passed
03.09.2014 09:43:14,295 - INFO  - Watchdog has been checked: 0 passed
03.09.2014 09:45:14,174 - INFO  - Watchdog has been checked: 0 passed
03.09.2014 09:47:15,653 - INFO  - Watchdog has been checked: 0 passed
03.09.2014 09:49:15,138 - INFO  - Watchdog has been checked: 0 passed
03.09.2014 09:51:15,089 - INFO  - Watchdog has been checked: 0 passed
03.09.2014 09:53:15,261 - INFO  - Watchdog has been checked: 0 passed
03.09.2014 09:55:15,107 - INFO  - Watchdog has been checked: 0 passed
03.09.2014 09:57:15,073 - INFO  - Watchdog has been checked: 0 passed
03.09.2014 09:59:14,237 - INFO  - Watchdog has been checked: 0 passed
03.09.2014 10:01:14,109 - INFO  - Watchdog has been checked: 0 passed
03.09.2014 10:03:13,148 - INFO  - Watchdog has been checked: 0 passed
03.09.2014 10:05:13,264 - INFO  - Watchdog has been checked: 0 passed
03.09.2014 10:07:13,311 - INFO  - Watchdog has been checked: 0 passed
03.09.2014 10:09:13,169 - INFO  - Watchdog has been checked: 0 passed
03.09.2014 10:11:13,316 - INFO  - Watchdog has been checked: 0 passed
03.09.2014 10:13:13,321 - INFO  - Watchdog has been checked: 0 passed
03.09.2014 10:15:13,310 - INFO  - Watchdog has been checked: 0 passed
03.09.2014 10:17:13,286 - INFO  - Watchdog has been checked: 0 passed
03.09.2014 10:19:13,222 - INFO  - Watchdog has been checked: 0 passed
03.09.2014 10:21:13,281 - INFO  - Watchdog has been checked: 0 passed
03.09.2014 10:23:13,111 - INFO  - Watchdog has been checked: 0 passed
03.09.2014 10:25:13,159 - INFO  - Watchdog has been checked: 0 passed
03.09.2014 10:27:13,248 - INFO  - Watchdog has been checked: 0 passed
03.09.2014 10:29:13,046 - INFO  - Watchdog has been checked: 0 passed
03.09.2014 10:31:13,191 - INFO  - Watchdog has been checked: 0 passed
03.09.2014 10:33:13,197 - INFO  - Watchdog has been checked: 0 passed
03.09.2014 10:35:13,050 - INFO  - Watchdog has been checked: 0 passed
03.09.2014 10:37:13,085 - INFO  - Watchdog has been checked: 0 passed
03.09.2014 10:39:13,156 - INFO  - Watchdog has been checked: 0 passed
03.09.2014 10:41:12,164 - INFO  - Watchdog has been checked: 0 passed
03.09.2014 10:43:12,215 - INFO  - Watchdog has been checked: 0 passed
03.09.2014 10:45:12,255 - INFO  - Watchdog has been checked: 0 passed
03.09.2014 10:47:12,268 - INFO  - Watchdog has been checked: 0 passed
03.09.2014 10:49:12,066 - INFO  - Watchdog has been checked: 0 passed
03.09.2014 10:51:12,193 - INFO  - Watchdog has been checked: 0 passed
03.09.2014 10:53:12,113 - INFO  - Watchdog has been checked: 0 passed
03.09.2014 10:55:12,312 - INFO  - Watchdog has been checked: 0 passed
03.09.2014 10:57:12,334 - INFO  - Watchdog has been checked: 0 passed
03.09.2014 10:59:12,309 - INFO  - Watchdog has been checked: 0 passed
03.09.2014 11:01:12,297 - INFO  - Watchdog has been checked: 0 passed
03.09.2014 11:03:12,355 - INFO  - Watchdog has been checked: 0 passed
03.09.2014 11:05:12,153 - INFO  - Watchdog has been checked: 0 passed
03.09.2014 11:07:12,201 - INFO  - Watchdog has been checked: 0 passed
03.09.2014 11:09:12,135 - INFO  - Watchdog has been checked: 0 passed
03.09.2014 11:11:12,222 - INFO  - Watchdog has been checked: 0 passed
03.09.2014 11:13:12,224 - INFO  - Watchdog has been checked: 0 passed
03.09.2014 11:15:12,206 - INFO  - Watchdog has been checked: 0 passed
03.09.2014 11:17:12,373 - INFO  - Watchdog has been checked: 0 passed
03.09.2014 11:19:12,339 - INFO  - Watchdog has been checked: 0 passed
03.09.2014 11:21:12,379 - INFO  - Watchdog has been checked: 0 passed
03.09.2014 11:23:12,219 - INFO  - Watchdog has been checked: 0 passed
03.09.2014 11:25:12,268 - INFO  - Watchdog has been checked: 0 passed
03.09.2014 11:27:12,227 - INFO  - Watchdog has been checked: 0 passed
03.09.2014 11:29:12,261 - INFO  - Watchdog has been checked: 0 passed
03.09.2014 11:31:12,087 - INFO  - Watchdog has been checked: 0 passed
03.09.2014 11:33:12,230 - INFO  - Watchdog has been checked: 0 passed
03.09.2014 11:35:12,231 - INFO  - Watchdog has been checked: 0 passed
03.09.2014 11:37:12,227 - INFO  - Watchdog has been checked: 0 passed
03.09.2014 11:39:12,187 - INFO  - Watchdog has been checked: 0 passed
03.09.2014 11:41:12,290 - INFO  - Watchdog has been checked: 0 passed
03.09.2014 11:43:12,103 - INFO  - Watchdog has been checked: 0 passed
03.09.2014 11:45:12,171 - INFO  - Watchdog has been checked: 0 passed
03.09.2014 11:47:12,047 - INFO  - Watchdog has been checked: 0 passed
03.09.2014 11:49:11,134 - INFO  - Watchdog has been checked: 0 passed
03.09.2014 11:51:11,243 - INFO  - Watchdog has been checked: 0 passed
03.09.2014 11:53:11,151 - INFO  - Watchdog has been checked: 0 passed
03.09.2014 11:55:11,253 - INFO  - Watchdog has been checked: 0 passed
03.09.2014 11:57:11,245 - INFO  - Watchdog has been checked: 0 passed
03.09.2014 11:59:11,287 - INFO  - Watchdog has been checked: 0 passed
03.09.2014 12:01:11,132 - INFO  - Watchdog has been checked: 0 passed
03.09.2014 12:03:11,186 - INFO  - Watchdog has been checked: 0 passed
03.09.2014 12:05:11,234 - INFO  - Watchdog has been checked: 0 passed
03.09.2014 12:07:11,303 - INFO  - Watchdog has been checked: 0 passed
03.09.2014 12:09:11,204 - INFO  - Watchdog has been checked: 0 passed
03.09.2014 12:11:11,091 - INFO  - Watchdog has been checked: 0 passed
03.09.2014 12:13:11,312 - INFO  - Watchdog has been checked: 0 passed
03.09.2014 12:15:11,259 - INFO  - Watchdog has been checked: 0 passed
03.09.2014 12:17:11,304 - INFO  - Watchdog has been checked: 0 passed
03.09.2014 12:19:11,260 - INFO  - Watchdog has been checked: 0 passed
03.09.2014 12:21:11,335 - INFO  - Watchdog has been checked: 0 passed
03.09.2014 12:23:12,414 - INFO  - Watchdog has been checked: 0 passed
03.09.2014 12:25:12,333 - INFO  - Watchdog has been checked: 0 passed
03.09.2014 12:27:12,142 - INFO  - Watchdog has been checked: 0 passed
03.09.2014 12:29:12,403 - INFO  - Watchdog has been checked: 0 passed
03.09.2014 12:31:12,279 - INFO  - Watchdog has been checked: 0 passed
03.09.2014 12:33:12,320 - INFO  - Watchdog has been checked: 0 passed
03.09.2014 12:35:12,206 - INFO  - Watchdog has been checked: 0 passed
03.09.2014 12:37:12,429 - INFO  - Watchdog has been checked: 0 passed
03.09.2014 12:39:12,402 - INFO  - Watchdog has been checked: 0 passed
03.09.2014 12:41:12,470 - INFO  - Watchdog has been checked: 0 passed
03.09.2014 12:43:12,362 - INFO  - Watchdog has been checked: 0 passed
03.09.2014 12:45:12,174 - INFO  - Watchdog has been checked: 0 passed
03.09.2014 12:47:12,229 - INFO  - Watchdog has been checked: 0 passed
03.09.2014 12:49:12,130 - INFO  - Watchdog has been checked: 0 passed
03.09.2014 12:51:12,315 - INFO  - Watchdog has been checked: 0 passed
03.09.2014 12:53:12,174 - INFO  - Watchdog has been checked: 0 passed
03.09.2014 12:55:12,034 - INFO  - Watchdog has been checked: 0 passed
03.09.2014 12:57:11,005 - INFO  - Watchdog has been checked: 0 passed
03.09.2014 12:59:10,254 - INFO  - Watchdog has been checked: 0 passed
03.09.2014 13:01:10,096 - INFO  - Watchdog has been checked: 0 passed
03.09.2014 13:03:09,117 - INFO  - Watchdog has been checked: 0 passed
03.09.2014 13:05:08,161 - INFO  - Watchdog has been checked: 0 passed
03.09.2014 13:07:06,975 - INFO  - Watchdog has been checked: 0 passed
03.09.2014 13:09:06,193 - INFO  - Watchdog has been checked: 0 passed
03.09.2014 13:11:05,992 - INFO  - Watchdog has been checked: 0 passed
03.09.2014 13:13:05,010 - INFO  - Watchdog has been checked: 0 passed
03.09.2014 13:15:04,108 - INFO  - Watchdog has been checked: 0 passed
03.09.2014 13:17:04,163 - INFO  - Watchdog has been checked: 0 passed
03.09.2014 13:19:04,144 - INFO  - Watchdog has been checked: 0 passed
03.09.2014 13:21:04,186 - INFO  - Watchdog has been checked: 0 passed
03.09.2014 13:23:04,252 - INFO  - Watchdog has been checked: 0 passed
03.09.2014 13:25:04,054 - INFO  - Watchdog has been checked: 0 passed
03.09.2014 13:27:04,232 - INFO  - Watchdog has been checked: 0 passed
03.09.2014 13:29:04,108 - INFO  - Watchdog has been checked: 0 passed
03.09.2014 13:31:04,194 - INFO  - Watchdog has been checked: 0 passed
03.09.2014 13:33:04,227 - INFO  - Watchdog has been checked: 0 passed
03.09.2014 13:35:04,226 - INFO  - Watchdog has been checked: 0 passed
03.09.2014 13:37:04,104 - INFO  - Watchdog has been checked: 0 passed
03.09.2014 13:39:04,139 - INFO  - Watchdog has been checked: 0 passed
03.09.2014 13:41:04,147 - INFO  - Watchdog has been checked: 0 passed
03.09.2014 13:43:04,293 - INFO  - Watchdog has been checked: 0 passed
03.09.2014 13:45:04,416 - INFO  - Watchdog has been checked: 0 passed
03.09.2014 13:47:04,293 - INFO  - Watchdog has been checked: 0 passed
03.09.2014 13:49:04,407 - INFO  - Watchdog has been checked: 0 passed
03.09.2014 13:51:04,464 - INFO  - Watchdog has been checked: 0 passed
03.09.2014 13:53:04,292 - INFO  - Watchdog has been checked: 0 passed
03.09.2014 13:55:04,453 - INFO  - Watchdog has been checked: 0 passed
03.09.2014 13:57:04,471 - INFO  - Watchdog has been checked: 0 passed
03.09.2014 13:59:04,416 - INFO  - Watchdog has been checked: 0 passed
03.09.2014 14:01:04,215 - INFO  - Watchdog has been checked: 0 passed
03.09.2014 14:03:04,247 - INFO  - Watchdog has been checked: 0 passed
03.09.2014 14:05:04,197 - INFO  - Watchdog has been checked: 0 passed
03.09.2014 14:07:04,343 - INFO  - Watchdog has been checked: 0 passed
03.09.2014 14:09:04,399 - INFO  - Watchdog has been checked: 0 passed
03.09.2014 14:11:04,242 - INFO  - Watchdog has been checked: 0 passed
03.09.2014 14:13:04,293 - INFO  - Watchdog has been checked: 0 passed
03.09.2014 14:15:04,152 - INFO  - Watchdog has been checked: 0 passed
03.09.2014 14:17:04,105 - INFO  - Watchdog has been checked: 0 passed
03.09.2014 14:19:03,228 - INFO  - Watchdog has been checked: 0 passed
03.09.2014 14:21:03,196 - INFO  - Watchdog has been checked: 0 passed
03.09.2014 14:23:03,044 - INFO  - Watchdog has been checked: 0 passed
03.09.2014 14:25:02,139 - INFO  - Watchdog has been checked: 0 passed
03.09.2014 14:27:01,127 - INFO  - Watchdog has been checked: 0 passed
03.09.2014 14:29:01,088 - INFO  - Watchdog has been checked: 0 passed
03.09.2014 14:31:00,154 - INFO  - Watchdog has been checked: 0 passed
03.09.2014 14:33:01,721 - INFO  - Watchdog has been checked: 0 passed
03.09.2014 14:35:01,059 - INFO  - Watchdog has been checked: 0 passed
03.09.2014 14:37:01,178 - INFO  - Watchdog has been checked: 0 passed
03.09.2014 14:39:00,297 - INFO  - Watchdog has been checked: 0 passed
03.09.2014 14:41:00,098 - INFO  - Watchdog has been checked: 0 passed
03.09.2014 14:43:00,161 - INFO  - Watchdog has been checked: 0 passed
03.09.2014 14:45:00,332 - INFO  - Watchdog has been checked: 0 passed
03.09.2014 14:47:00,119 - INFO  - Watchdog has been checked: 0 passed
03.09.2014 14:49:00,035 - INFO  - Watchdog has been checked: 0 passed
03.09.2014 14:51:00,119 - INFO  - Watchdog has been checked: 0 passed
03.09.2014 14:53:01,518 - INFO  - Watchdog has been checked: 0 passed
03.09.2014 14:55:01,005 - INFO  - Watchdog has been checked: 0 passed
03.09.2014 14:57:00,988 - INFO  - Watchdog has been checked: 0 passed
03.09.2014 14:59:01,589 - INFO  - Watchdog has been checked: 0 passed
03.09.2014 15:01:02,241 - INFO  - Watchdog has been checked: 0 passed
03.09.2014 15:03:02,262 - INFO  - Watchdog has been checked: 0 passed
03.09.2014 15:05:02,308 - INFO  - Watchdog has been checked: 0 passed
03.09.2014 15:07:02,130 - INFO  - Watchdog has been checked: 0 passed
03.09.2014 15:09:02,210 - INFO  - Watchdog has been checked: 0 passed
03.09.2014 15:11:02,121 - INFO  - Watchdog has been checked: 0 passed
03.09.2014 15:13:02,153 - INFO  - Watchdog has been checked: 0 passed
03.09.2014 15:15:02,292 - INFO  - Watchdog has been checked: 0 passed
03.09.2014 15:17:02,394 - INFO  - Watchdog has been checked: 0 passed
03.09.2014 15:19:02,159 - INFO  - Watchdog has been checked: 0 passed
03.09.2014 15:21:02,317 - INFO  - Watchdog has been checked: 0 passed
03.09.2014 15:23:02,206 - INFO  - Watchdog has been checked: 0 passed
03.09.2014 15:25:02,245 - INFO  - Watchdog has been checked: 0 passed
03.09.2014 15:27:02,294 - INFO  - Watchdog has been checked: 0 passed
03.09.2014 15:29:02,239 - INFO  - Watchdog has been checked: 0 passed
03.09.2014 15:31:02,326 - INFO  - Watchdog has been checked: 0 passed
03.09.2014 15:33:02,127 - INFO  - Watchdog has been checked: 0 passed
03.09.2014 15:35:01,182 - INFO  - Watchdog has been checked: 0 passed
03.09.2014 15:37:01,198 - INFO  - Watchdog has been checked: 0 passed
03.09.2014 15:39:01,159 - INFO  - Watchdog has been checked: 0 passed
03.09.2014 15:41:01,248 - INFO  - Watchdog has been checked: 0 passed
03.09.2014 15:43:01,110 - INFO  - Watchdog has been checked: 0 passed
03.09.2014 15:45:00,086 - INFO  - Watchdog has been checked: 0 passed
03.09.2014 15:46:59,137 - INFO  - Watchdog has been checked: 0 passed
03.09.2014 15:48:38,335 - INFO  - searcher identified --- respT: 50ms, 72569 results, q=, 
03.09.2014 15:48:40,617 - INFO  - searcher identified --- respT: 11ms, 440 results, q=Werner, 
03.09.2014 15:48:41,890 - INFO  - searcher identified --- respT: 35ms, 193 results, q=Werner R, 
03.09.2014 15:48:42,701 - INFO  - searcher identified --- respT: 16ms, 101 results, q=Werner Rose, 
03.09.2014 15:48:43,386 - INFO  - searcher identified --- respT: 60ms, 5 results, q=Werner Roses, 
03.09.2014 15:48:44,316 - INFO  - searcher identified --- respT: 36ms, no results, q=Werner Rosee, 
03.09.2014 15:48:46,444 - INFO  - searcher identified --- respT: 21ms, no results, q=Werner Rosr, 
03.09.2014 15:48:47,116 - INFO  - searcher identified --- respT: 15ms, 131 results, q=Werner Ros, 
03.09.2014 15:48:48,090 - INFO  - searcher identified --- respT: 14ms, 61 results, q=Werner Roser, 
03.09.2014 15:48:59,080 - INFO  - Watchdog has been checked: 0 passed
03.09.2014 15:49:30,765 - INFO  - searcher identified --- respT: 35ms, 10 results, q=Carola, 
03.09.2014 15:49:31,468 - INFO  - searcher identified --- respT: 9ms, 1 results, q=Carola Gosch, 
03.09.2014 15:49:31,662 - INFO  - searcher identified --- respT: 9ms, 1 results, q=Carola Gosch, 
03.09.2014 15:50:58,143 - INFO  - Watchdog has been checked: 0 passed
03.09.2014 15:51:09,081 - INFO  - searcher identified --- respT: 27ms, 63 results, q=Yves L, 
03.09.2014 15:51:12,378 - INFO  - searcher identified --- respT: 26ms, 52 results, q=Yves Loer, 
03.09.2014 15:52:58,148 - INFO  - Watchdog has been checked: 0 passed
03.09.2014 15:54:58,103 - INFO  - Watchdog has been checked: 0 passed
03.09.2014 15:56:58,107 - INFO  - Watchdog has been checked: 0 passed
03.09.2014 15:58:58,049 - INFO  - Watchdog has been checked: 0 passed
03.09.2014 16:00:58,058 - INFO  - Watchdog has been checked: 0 passed
03.09.2014 16:02:58,133 - INFO  - Watchdog has been checked: 0 passed
03.09.2014 16:04:57,987 - INFO  - Watchdog has been checked: 0 passed
03.09.2014 16:06:57,096 - INFO  - Watchdog has been checked: 0 passed
03.09.2014 16:08:56,984 - INFO  - Watchdog has been checked: 0 passed
03.09.2014 16:10:56,011 - INFO  - Watchdog has been checked: 0 passed
03.09.2014 16:12:55,121 - INFO  - Watchdog has been checked: 0 passed
03.09.2014 16:14:55,181 - INFO  - Watchdog has been checked: 0 passed
03.09.2014 16:16:55,276 - INFO  - Watchdog has been checked: 0 passed
03.09.2014 16:18:55,296 - INFO  - Watchdog has been checked: 0 passed
03.09.2014 16:20:55,271 - INFO  - Watchdog has been checked: 0 passed
03.09.2014 16:22:55,126 - INFO  - Watchdog has been checked: 0 passed
03.09.2014 16:24:55,264 - INFO  - Watchdog has been checked: 0 passed
03.09.2014 16:26:55,275 - INFO  - Watchdog has been checked: 0 passed
03.09.2014 16:28:55,177 - INFO  - Watchdog has been checked: 0 passed
03.09.2014 16:30:55,239 - INFO  - Watchdog has been checked: 0 passed
03.09.2014 16:32:55,322 - INFO  - Watchdog has been checked: 0 passed
03.09.2014 16:34:55,182 - INFO  - Watchdog has been checked: 0 passed
03.09.2014 16:36:55,127 - INFO  - Watchdog has been checked: 0 passed
03.09.2014 16:38:55,326 - INFO  - Watchdog has been checked: 0 passed
03.09.2014 16:40:55,289 - INFO  - Watchdog has been checked: 0 passed
03.09.2014 16:42:55,169 - INFO  - Watchdog has been checked: 0 passed
03.09.2014 16:44:55,272 - INFO  - Watchdog has been checked: 0 passed
03.09.2014 16:46:55,143 - INFO  - Watchdog has been checked: 0 passed
03.09.2014 16:48:55,319 - INFO  - Watchdog has been checked: 0 passed
03.09.2014 16:50:55,146 - INFO  - Watchdog has been checked: 0 passed
03.09.2014 16:52:55,160 - INFO  - Watchdog has been checked: 0 passed
03.09.2014 16:54:55,281 - INFO  - Watchdog has been checked: 0 passed
03.09.2014 16:56:55,273 - INFO  - Watchdog has been checked: 0 passed
03.09.2014 16:58:55,296 - INFO  - Watchdog has been checked: 0 passed
03.09.2014 17:00:55,282 - INFO  - Watchdog has been checked: 0 passed
03.09.2014 17:02:55,111 - INFO  - Watchdog has been checked: 0 passed
03.09.2014 17:04:55,205 - INFO  - Watchdog has been checked: 0 passed
03.09.2014 17:06:54,969 - INFO  - Watchdog has been checked: 0 passed
03.09.2014 17:08:54,132 - INFO  - Watchdog has been checked: 0 passed
03.09.2014 17:10:54,019 - INFO  - Watchdog has been checked: 0 passed
03.09.2014 17:12:53,208 - INFO  - Watchdog has been checked: 0 passed
03.09.2014 17:14:53,157 - INFO  - Watchdog has been checked: 0 passed
03.09.2014 17:16:52,198 - INFO  - Watchdog has been checked: 0 passed
03.09.2014 17:18:52,120 - INFO  - Watchdog has been checked: 0 passed
03.09.2014 17:20:52,182 - INFO  - Watchdog has been checked: 0 passed
03.09.2014 17:22:52,124 - INFO  - Watchdog has been checked: 0 passed
03.09.2014 17:24:52,026 - INFO  - Watchdog has been checked: 0 passed
03.09.2014 17:26:51,076 - INFO  - Watchdog has been checked: 0 passed
03.09.2014 17:28:50,264 - INFO  - Watchdog has been checked: 0 passed
03.09.2014 17:30:52,276 - INFO  - Watchdog has been checked: 0 passed
03.09.2014 17:32:52,278 - INFO  - Watchdog has been checked: 0 passed
03.09.2014 17:34:52,226 - INFO  - Watchdog has been checked: 0 passed
03.09.2014 17:36:52,084 - INFO  - Watchdog has been checked: 0 passed
03.09.2014 17:38:52,231 - INFO  - Watchdog has been checked: 0 passed
03.09.2014 17:40:52,443 - INFO  - Watchdog has been checked: 0 passed
03.09.2014 17:42:52,221 - INFO  - Watchdog has been checked: 0 passed
03.09.2014 17:44:52,149 - INFO  - Watchdog has been checked: 0 passed
03.09.2014 17:46:52,259 - INFO  - Watchdog has been checked: 0 passed
03.09.2014 17:48:52,092 - INFO  - Watchdog has been checked: 0 passed
03.09.2014 17:50:52,213 - INFO  - Watchdog has been checked: 0 passed
03.09.2014 17:52:52,172 - INFO  - Watchdog has been checked: 0 passed
03.09.2014 17:54:52,142 - INFO  - Watchdog has been checked: 0 passed
03.09.2014 17:56:52,418 - INFO  - Watchdog has been checked: 0 passed
03.09.2014 17:58:52,332 - INFO  - Watchdog has been checked: 0 passed
03.09.2014 18:00:52,347 - INFO  - Watchdog has been checked: 0 passed
03.09.2014 18:02:52,388 - INFO  - Watchdog has been checked: 0 passed
03.09.2014 18:04:52,215 - INFO  - Watchdog has been checked: 0 passed
03.09.2014 18:06:52,391 - INFO  - Watchdog has been checked: 0 passed
03.09.2014 18:08:52,184 - INFO  - Watchdog has been checked: 0 passed
03.09.2014 18:10:52,255 - INFO  - Watchdog has been checked: 0 passed
03.09.2014 18:12:52,234 - INFO  - Watchdog has been checked: 0 passed
03.09.2014 18:14:52,329 - INFO  - Watchdog has been checked: 0 passed
03.09.2014 18:16:52,409 - INFO  - Watchdog has been checked: 0 passed
03.09.2014 18:18:52,320 - INFO  - Watchdog has been checked: 0 passed
03.09.2014 18:20:52,406 - INFO  - Watchdog has been checked: 0 passed
03.09.2014 18:22:52,436 - INFO  - Watchdog has been checked: 0 passed
03.09.2014 18:24:52,260 - INFO  - Watchdog has been checked: 0 passed
03.09.2014 18:26:52,424 - INFO  - Watchdog has been checked: 0 passed
03.09.2014 18:28:52,262 - INFO  - Watchdog has been checked: 0 passed
03.09.2014 18:30:52,319 - INFO  - Watchdog has been checked: 0 passed
03.09.2014 18:32:52,288 - INFO  - Watchdog has been checked: 0 passed
03.09.2014 18:34:52,114 - INFO  - Watchdog has been checked: 0 passed
03.09.2014 18:36:51,138 - INFO  - Watchdog has been checked: 0 passed
03.09.2014 18:38:50,063 - INFO  - Watchdog has been checked: 0 passed
03.09.2014 18:40:48,987 - INFO  - Watchdog has been checked: 0 passed
03.09.2014 18:42:48,014 - INFO  - Watchdog has been checked: 0 passed
03.09.2014 18:44:47,149 - INFO  - Watchdog has been checked: 0 passed
03.09.2014 18:46:47,045 - INFO  - Watchdog has been checked: 0 passed
03.09.2014 18:48:46,131 - INFO  - Watchdog has been checked: 0 passed
03.09.2014 18:50:45,959 - INFO  - Watchdog has been checked: 0 passed
03.09.2014 18:52:44,967 - INFO  - Watchdog has been checked: 0 passed
03.09.2014 18:54:44,114 - INFO  - Watchdog has been checked: 0 passed
03.09.2014 18:56:44,121 - INFO  - Watchdog has been checked: 0 passed
03.09.2014 18:58:44,055 - INFO  - Watchdog has been checked: 0 passed
03.09.2014 19:00:44,062 - INFO  - Watchdog has been checked: 0 passed
03.09.2014 19:02:44,105 - INFO  - Watchdog has been checked: 0 passed
03.09.2014 19:04:44,027 - INFO  - Watchdog has been checked: 0 passed
03.09.2014 19:06:44,106 - INFO  - Watchdog has been checked: 0 passed
03.09.2014 19:08:44,106 - INFO  - Watchdog has been checked: 0 passed
03.09.2014 19:10:44,161 - INFO  - Watchdog has been checked: 0 passed
03.09.2014 19:12:44,179 - INFO  - Watchdog has been checked: 0 passed
03.09.2014 19:14:44,132 - INFO  - Watchdog has been checked: 0 passed
03.09.2014 19:16:44,128 - INFO  - Watchdog has been checked: 0 passed
03.09.2014 19:18:44,159 - INFO  - Watchdog has been checked: 0 passed
03.09.2014 19:20:44,170 - INFO  - Watchdog has been checked: 0 passed
03.09.2014 19:22:44,205 - INFO  - Watchdog has been checked: 0 passed
03.09.2014 19:24:44,299 - INFO  - Watchdog has been checked: 0 passed
03.09.2014 19:26:44,109 - INFO  - Watchdog has been checked: 0 passed
03.09.2014 19:28:44,336 - INFO  - Watchdog has been checked: 0 passed
03.09.2014 19:30:44,175 - INFO  - Watchdog has been checked: 0 passed
03.09.2014 19:32:44,167 - INFO  - Watchdog has been checked: 0 passed
03.09.2014 19:34:44,346 - INFO  - Watchdog has been checked: 0 passed
03.09.2014 19:36:44,330 - INFO  - Watchdog has been checked: 0 passed
03.09.2014 19:38:44,254 - INFO  - Watchdog has been checked: 0 passed
03.09.2014 19:40:44,055 - INFO  - Watchdog has been checked: 0 passed
03.09.2014 19:42:43,252 - INFO  - Watchdog has been checked: 0 passed
03.09.2014 19:44:43,114 - INFO  - Watchdog has been checked: 0 passed
03.09.2014 19:46:43,037 - INFO  - Watchdog has been checked: 0 passed
03.09.2014 19:48:42,230 - INFO  - Watchdog has been checked: 0 passed
03.09.2014 19:50:42,075 - INFO  - Watchdog has been checked: 0 passed
03.09.2014 19:52:42,273 - INFO  - Watchdog has been checked: 0 passed
03.09.2014 19:54:42,211 - INFO  - Watchdog has been checked: 0 passed
03.09.2014 19:56:42,265 - INFO  - Watchdog has been checked: 0 passed
03.09.2014 19:58:42,189 - INFO  - Watchdog has been checked: 0 passed
03.09.2014 20:00:42,264 - INFO  - Watchdog has been checked: 0 passed
03.09.2014 20:02:42,305 - INFO  - Watchdog has been checked: 0 passed
03.09.2014 20:04:42,200 - INFO  - Watchdog has been checked: 0 passed
03.09.2014 20:06:42,281 - INFO  - Watchdog has been checked: 0 passed
03.09.2014 20:08:42,146 - INFO  - Watchdog has been checked: 0 passed
03.09.2014 20:10:42,341 - INFO  - Watchdog has been checked: 0 passed
03.09.2014 20:12:42,284 - INFO  - Watchdog has been checked: 0 passed
03.09.2014 20:14:42,169 - INFO  - Watchdog has been checked: 0 passed
03.09.2014 20:16:42,345 - INFO  - Watchdog has been checked: 0 passed
03.09.2014 20:18:42,191 - INFO  - Watchdog has been checked: 0 passed
03.09.2014 20:20:42,257 - INFO  - Watchdog has been checked: 0 passed
03.09.2014 20:22:42,226 - INFO  - Watchdog has been checked: 0 passed
03.09.2014 20:24:42,081 - INFO  - Watchdog has been checked: 0 passed
03.09.2014 20:26:42,183 - INFO  - Watchdog has been checked: 0 passed
03.09.2014 20:28:42,043 - INFO  - Watchdog has been checked: 0 passed
03.09.2014 20:30:42,164 - INFO  - Watchdog has been checked: 0 passed
03.09.2014 20:32:42,097 - INFO  - Watchdog has been checked: 0 passed
03.09.2014 20:34:42,200 - INFO  - Watchdog has been checked: 0 passed
03.09.2014 20:36:42,284 - INFO  - Watchdog has been checked: 0 passed
03.09.2014 20:38:42,229 - INFO  - Watchdog has been checked: 0 passed
03.09.2014 20:40:42,322 - INFO  - Watchdog has been checked: 0 passed
03.09.2014 20:42:42,086 - INFO  - Watchdog has been checked: 0 passed
03.09.2014 20:44:41,144 - INFO  - Watchdog has been checked: 0 passed
03.09.2014 20:46:41,305 - INFO  - Watchdog has been checked: 0 passed
03.09.2014 20:48:41,200 - INFO  - Watchdog has been checked: 0 passed
03.09.2014 20:50:41,275 - INFO  - Watchdog has been checked: 0 passed
03.09.2014 20:52:41,328 - INFO  - Watchdog has been checked: 0 passed
03.09.2014 20:54:41,894 - INFO  - Watchdog has been checked: 0 passed
03.09.2014 20:56:41,332 - INFO  - Watchdog has been checked: 0 passed
03.09.2014 20:58:41,294 - INFO  - Watchdog has been checked: 0 passed
03.09.2014 21:00:41,267 - INFO  - Watchdog has been checked: 0 passed
03.09.2014 21:02:42,273 - INFO  - Watchdog has been checked: 0 passed
03.09.2014 21:04:42,377 - INFO  - Watchdog has been checked: 0 passed
03.09.2014 21:06:42,219 - INFO  - Watchdog has been checked: 0 passed
03.09.2014 21:08:42,140 - INFO  - Watchdog has been checked: 0 passed
03.09.2014 21:10:42,156 - INFO  - Watchdog has been checked: 0 passed
03.09.2014 21:12:42,177 - INFO  - Watchdog has been checked: 0 passed
03.09.2014 21:14:42,251 - INFO  - Watchdog has been checked: 0 passed
03.09.2014 21:16:42,082 - INFO  - Watchdog has been checked: 0 passed
03.09.2014 21:18:42,285 - INFO  - Watchdog has been checked: 0 passed
03.09.2014 21:20:42,260 - INFO  - Watchdog has been checked: 0 passed
03.09.2014 21:22:42,070 - INFO  - Watchdog has been checked: 0 passed
03.09.2014 21:24:42,194 - INFO  - Watchdog has been checked: 0 passed
03.09.2014 21:26:42,285 - INFO  - Watchdog has been checked: 0 passed
03.09.2014 21:28:42,208 - INFO  - Watchdog has been checked: 0 passed
03.09.2014 21:30:42,249 - INFO  - Watchdog has been checked: 0 passed
03.09.2014 21:32:42,224 - INFO  - Watchdog has been checked: 0 passed
03.09.2014 21:34:42,082 - INFO  - Watchdog has been checked: 0 passed
03.09.2014 21:36:42,100 - INFO  - Watchdog has been checked: 0 passed
03.09.2014 21:38:42,091 - INFO  - Watchdog has been checked: 0 passed
03.09.2014 21:40:42,192 - INFO  - Watchdog has been checked: 0 passed
03.09.2014 21:42:42,233 - INFO  - Watchdog has been checked: 0 passed
03.09.2014 21:44:42,346 - INFO  - Watchdog has been checked: 0 passed
03.09.2014 21:46:42,155 - INFO  - Watchdog has been checked: 0 passed
03.09.2014 21:48:42,395 - INFO  - Watchdog has been checked: 0 passed
03.09.2014 21:50:42,202 - INFO  - Watchdog has been checked: 0 passed
03.09.2014 21:52:42,242 - INFO  - Watchdog has been checked: 0 passed
03.09.2014 21:54:42,395 - INFO  - Watchdog has been checked: 0 passed
03.09.2014 21:56:42,175 - INFO  - Watchdog has been checked: 0 passed
03.09.2014 21:58:42,344 - INFO  - Watchdog has been checked: 0 passed
03.09.2014 22:00:42,162 - INFO  - Watchdog has been checked: 0 passed
03.09.2014 22:02:41,385 - INFO  - Watchdog has been checked: 0 passed
03.09.2014 22:04:41,269 - INFO  - Watchdog has been checked: 0 passed
03.09.2014 22:06:41,324 - INFO  - Watchdog has been checked: 0 passed
03.09.2014 22:08:41,260 - INFO  - Watchdog has been checked: 0 passed
03.09.2014 22:10:41,350 - INFO  - Watchdog has been checked: 0 passed
03.09.2014 22:12:41,840 - INFO  - Watchdog has been checked: 0 passed
03.09.2014 22:14:41,210 - INFO  - Watchdog has been checked: 0 passed
03.09.2014 22:16:41,263 - INFO  - Watchdog has been checked: 0 passed
03.09.2014 22:18:41,422 - INFO  - Watchdog has been checked: 0 passed
03.09.2014 22:20:41,244 - INFO  - Watchdog has been checked: 0 passed
03.09.2014 22:22:41,145 - INFO  - Watchdog has been checked: 0 passed
03.09.2014 22:24:41,295 - INFO  - Watchdog has been checked: 0 passed
03.09.2014 22:26:41,333 - INFO  - Watchdog has been checked: 0 passed
03.09.2014 22:28:41,218 - INFO  - Watchdog has been checked: 0 passed
03.09.2014 22:30:41,306 - INFO  - Watchdog has been checked: 0 passed
03.09.2014 22:32:41,255 - INFO  - Watchdog has been checked: 0 passed
03.09.2014 22:34:41,148 - INFO  - Watchdog has been checked: 0 passed
03.09.2014 22:36:41,241 - INFO  - Watchdog has been checked: 0 passed
03.09.2014 22:38:41,347 - INFO  - Watchdog has been checked: 0 passed
03.09.2014 22:40:41,118 - INFO  - Watchdog has been checked: 0 passed
03.09.2014 22:42:41,071 - INFO  - Watchdog has been checked: 0 passed
03.09.2014 22:44:40,983 - INFO  - Watchdog has been checked: 0 passed
03.09.2014 22:46:43,436 - INFO  - Watchdog has been checked: 0 passed
03.09.2014 22:48:43,094 - INFO  - Watchdog has been checked: 0 passed
03.09.2014 22:50:43,185 - INFO  - Watchdog has been checked: 0 passed
03.09.2014 22:52:43,135 - INFO  - Watchdog has been checked: 0 passed
03.09.2014 22:54:43,096 - INFO  - Watchdog has been checked: 0 passed
03.09.2014 22:56:43,138 - INFO  - Watchdog has been checked: 0 passed
03.09.2014 22:58:43,033 - INFO  - Watchdog has been checked: 0 passed
03.09.2014 23:00:43,074 - INFO  - Watchdog has been checked: 0 passed
03.09.2014 23:02:43,150 - INFO  - Watchdog has been checked: 0 passed
03.09.2014 23:04:43,240 - INFO  - Watchdog has been checked: 0 passed
03.09.2014 23:06:43,353 - INFO  - Watchdog has been checked: 0 passed
03.09.2014 23:08:43,246 - INFO  - Watchdog has been checked: 0 passed
03.09.2014 23:10:43,101 - INFO  - Watchdog has been checked: 0 passed
03.09.2014 23:12:43,072 - INFO  - Watchdog has been checked: 0 passed
03.09.2014 23:14:43,149 - INFO  - Watchdog has been checked: 0 passed
03.09.2014 23:16:43,218 - INFO  - Watchdog has been checked: 0 passed
03.09.2014 23:18:43,151 - INFO  - Watchdog has been checked: 0 passed
03.09.2014 23:20:43,184 - INFO  - Watchdog has been checked: 0 passed
03.09.2014 23:22:43,231 - INFO  - Watchdog has been checked: 0 passed
03.09.2014 23:24:43,233 - INFO  - Watchdog has been checked: 0 passed
03.09.2014 23:26:43,325 - INFO  - Watchdog has been checked: 0 passed
03.09.2014 23:28:43,268 - INFO  - Watchdog has been checked: 0 passed
03.09.2014 23:30:43,283 - INFO  - Watchdog has been checked: 0 passed
03.09.2014 23:31:43,325 - INFO  - Watchdog has been checked: 0 passed
03.09.2014 23:33:43,368 - INFO  - Watchdog has been checked: 0 passed
03.09.2014 23:35:43,201 - INFO  - Watchdog has been checked: 0 passed
03.09.2014 23:37:43,325 - INFO  - Watchdog has been checked: 0 passed
03.09.2014 23:39:43,419 - INFO  - Watchdog has been checked: 0 passed
03.09.2014 23:41:43,162 - INFO  - Watchdog has been checked: 0 passed
03.09.2014 23:43:43,164 - INFO  - Watchdog has been checked: 0 passed
03.09.2014 23:45:43,328 - INFO  - Watchdog has been checked: 0 passed
03.09.2014 23:47:43,253 - INFO  - Watchdog has been checked: 0 passed
03.09.2014 23:49:43,397 - INFO  - Watchdog has been checked: 0 passed
03.09.2014 23:51:43,401 - INFO  - Watchdog has been checked: 0 passed
03.09.2014 23:53:43,327 - INFO  - Watchdog has been checked: 0 passed
03.09.2014 23:55:43,102 - INFO  - Watchdog has been checked: 0 passed
03.09.2014 23:57:43,293 - INFO  - Watchdog has been checked: 0 passed
03.09.2014 23:59:43,104 - INFO  - Watchdog has been checked: 0 passed
