05.06.2014 00:00:05,162 - INFO  - Watchdog has been checked
05.06.2014 00:02:04,236 - INFO  - Watchdog has been checked
05.06.2014 00:04:04,270 - INFO  - Watchdog has been checked
05.06.2014 00:06:07,321 - INFO  - Watchdog has been checked
05.06.2014 00:08:07,122 - INFO  - Watchdog has been checked
05.06.2014 00:10:06,180 - INFO  - Watchdog has been checked
05.06.2014 00:12:06,295 - INFO  - Watchdog has been checked
05.06.2014 00:14:06,081 - INFO  - Watchdog has been checked
05.06.2014 00:16:05,126 - INFO  - Watchdog has been checked
05.06.2014 00:18:04,113 - INFO  - Watchdog has been checked
05.06.2014 00:20:07,168 - INFO  - Watchdog has been checked
05.06.2014 00:22:07,116 - INFO  - Watchdog has been checked
05.06.2014 00:24:06,128 - INFO  - Watchdog has been checked
05.06.2014 00:26:05,062 - INFO  - Watchdog has been checked
05.06.2014 00:28:05,236 - INFO  - Watchdog has been checked
05.06.2014 00:30:05,042 - INFO  - Watchdog has been checked
05.06.2014 00:32:04,166 - INFO  - Watchdog has been checked
05.06.2014 00:34:04,209 - INFO  - Watchdog has been checked
05.06.2014 00:36:04,269 - INFO  - Watchdog has been checked
05.06.2014 00:38:04,236 - INFO  - Watchdog has been checked
05.06.2014 00:40:04,133 - INFO  - Watchdog has been checked
05.06.2014 00:42:04,194 - INFO  - Watchdog has been checked
05.06.2014 00:44:04,250 - INFO  - Watchdog has been checked
05.06.2014 00:46:04,251 - INFO  - Watchdog has been checked
05.06.2014 00:48:04,366 - INFO  - Watchdog has been checked
05.06.2014 00:50:04,169 - INFO  - Watchdog has been checked
05.06.2014 00:52:04,299 - INFO  - Watchdog has been checked
05.06.2014 00:54:04,279 - INFO  - Watchdog has been checked
05.06.2014 00:56:04,319 - INFO  - Watchdog has been checked
05.06.2014 00:58:04,387 - INFO  - Watchdog has been checked
05.06.2014 01:00:04,238 - INFO  - Watchdog has been checked
05.06.2014 01:02:04,331 - INFO  - Watchdog has been checked
05.06.2014 01:04:04,405 - INFO  - Watchdog has been checked
05.06.2014 01:06:04,209 - INFO  - Watchdog has been checked
05.06.2014 01:08:07,275 - INFO  - Watchdog has been checked
05.06.2014 01:10:07,194 - INFO  - Watchdog has been checked
05.06.2014 01:12:07,237 - INFO  - Watchdog has been checked
05.06.2014 01:14:07,258 - INFO  - Watchdog has been checked
05.06.2014 01:16:07,341 - INFO  - Watchdog has been checked
05.06.2014 01:18:07,350 - INFO  - Watchdog has been checked
05.06.2014 01:20:07,266 - INFO  - Watchdog has been checked
05.06.2014 01:22:07,252 - INFO  - Watchdog has been checked
05.06.2014 01:24:07,371 - INFO  - Watchdog has been checked
05.06.2014 01:26:07,454 - INFO  - Watchdog has been checked
05.06.2014 01:28:07,418 - INFO  - Watchdog has been checked
05.06.2014 01:30:07,314 - INFO  - Watchdog has been checked
05.06.2014 01:32:07,325 - INFO  - Watchdog has been checked
05.06.2014 01:34:07,450 - INFO  - Watchdog has been checked
05.06.2014 01:36:07,480 - INFO  - Watchdog has been checked
05.06.2014 01:38:07,538 - INFO  - Watchdog has been checked
05.06.2014 01:40:07,317 - INFO  - Watchdog has been checked
05.06.2014 01:42:07,357 - INFO  - Watchdog has been checked
05.06.2014 01:44:07,365 - INFO  - Watchdog has been checked
05.06.2014 01:46:07,391 - INFO  - Watchdog has been checked
05.06.2014 01:48:07,099 - INFO  - Watchdog has been checked
05.06.2014 01:50:07,334 - INFO  - Watchdog has been checked
05.06.2014 01:52:07,108 - INFO  - Watchdog has been checked
05.06.2014 01:54:07,164 - INFO  - Watchdog has been checked
05.06.2014 01:56:06,980 - INFO  - Watchdog has been checked
05.06.2014 01:58:05,943 - INFO  - Watchdog has been checked
05.06.2014 02:00:05,054 - INFO  - Watchdog has been checked
05.06.2014 02:02:05,098 - INFO  - Watchdog has been checked
05.06.2014 02:04:04,904 - INFO  - Watchdog has been checked
05.06.2014 02:06:03,981 - INFO  - Watchdog has been checked
05.06.2014 02:08:03,980 - INFO  - Watchdog has been checked
05.06.2014 02:10:06,389 - INFO  - Watchdog has been checked
05.06.2014 02:12:06,190 - INFO  - Watchdog has been checked
05.06.2014 02:14:06,012 - INFO  - Watchdog has been checked
05.06.2014 02:16:06,116 - INFO  - Watchdog has been checked
05.06.2014 02:18:06,138 - INFO  - Watchdog has been checked
05.06.2014 02:20:06,310 - INFO  - Watchdog has been checked
05.06.2014 02:22:06,097 - INFO  - Watchdog has been checked
05.06.2014 02:24:06,117 - INFO  - Watchdog has been checked
05.06.2014 02:26:05,184 - INFO  - Watchdog has been checked
05.06.2014 02:28:05,180 - INFO  - Watchdog has been checked
05.06.2014 02:30:05,336 - INFO  - Watchdog has been checked
05.06.2014 02:32:05,159 - INFO  - Watchdog has been checked
05.06.2014 02:34:05,191 - INFO  - Watchdog has been checked
05.06.2014 02:36:05,261 - INFO  - Watchdog has been checked
05.06.2014 02:38:05,244 - INFO  - Watchdog has been checked
05.06.2014 02:40:05,342 - INFO  - Watchdog has been checked
05.06.2014 02:42:05,171 - INFO  - Watchdog has been checked
05.06.2014 02:44:05,240 - INFO  - Watchdog has been checked
05.06.2014 02:46:05,390 - INFO  - Watchdog has been checked
05.06.2014 02:48:05,290 - INFO  - Watchdog has been checked
05.06.2014 02:50:05,391 - INFO  - Watchdog has been checked
05.06.2014 02:52:05,222 - INFO  - Watchdog has been checked
05.06.2014 02:54:05,263 - INFO  - Watchdog has been checked
05.06.2014 02:56:05,316 - INFO  - Watchdog has been checked
05.06.2014 02:58:05,336 - INFO  - Watchdog has been checked
05.06.2014 03:00:05,159 - INFO  - Watchdog has been checked
05.06.2014 03:02:05,288 - INFO  - Watchdog has been checked
05.06.2014 03:04:05,326 - INFO  - Watchdog has been checked
05.06.2014 03:06:05,118 - INFO  - Watchdog has been checked
05.06.2014 03:08:04,122 - INFO  - Watchdog has been checked
05.06.2014 03:10:03,201 - INFO  - Watchdog has been checked
05.06.2014 03:12:03,300 - INFO  - Watchdog has been checked
05.06.2014 03:14:03,293 - INFO  - Watchdog has been checked
05.06.2014 03:16:03,090 - INFO  - Watchdog has been checked
05.06.2014 03:18:03,121 - INFO  - Watchdog has been checked
05.06.2014 03:20:03,202 - INFO  - Watchdog has been checked
05.06.2014 03:22:02,990 - INFO  - Watchdog has been checked
05.06.2014 03:24:01,963 - INFO  - Watchdog has been checked
05.06.2014 03:26:01,030 - INFO  - Watchdog has been checked
05.06.2014 03:28:00,091 - INFO  - Watchdog has been checked
05.06.2014 03:30:00,167 - INFO  - Watchdog has been checked
05.06.2014 03:32:00,227 - INFO  - Watchdog has been checked
05.06.2014 03:33:59,987 - INFO  - Watchdog has been checked
05.06.2014 03:35:59,072 - INFO  - Watchdog has been checked
05.06.2014 03:37:58,103 - INFO  - Watchdog has been checked
05.06.2014 03:39:58,181 - INFO  - Watchdog has been checked
05.06.2014 03:41:58,017 - INFO  - Watchdog has been checked
05.06.2014 03:43:57,309 - INFO  - Watchdog has been checked
05.06.2014 03:45:57,113 - INFO  - Watchdog has been checked
05.06.2014 03:47:57,145 - INFO  - Watchdog has been checked
05.06.2014 03:49:57,281 - INFO  - Watchdog has been checked
05.06.2014 03:51:57,313 - INFO  - Watchdog has been checked
05.06.2014 03:53:57,215 - INFO  - Watchdog has been checked
05.06.2014 03:55:57,323 - INFO  - Watchdog has been checked
05.06.2014 03:57:57,151 - INFO  - Watchdog has been checked
05.06.2014 03:59:57,244 - INFO  - Watchdog has been checked
05.06.2014 04:01:57,289 - INFO  - Watchdog has been checked
05.06.2014 04:03:57,340 - INFO  - Watchdog has been checked
05.06.2014 04:05:57,188 - INFO  - Watchdog has been checked
05.06.2014 04:07:57,227 - INFO  - Watchdog has been checked
05.06.2014 04:09:57,344 - INFO  - Watchdog has been checked
05.06.2014 04:11:57,407 - INFO  - Watchdog has been checked
05.06.2014 04:13:57,343 - INFO  - Watchdog has been checked
05.06.2014 04:15:57,418 - INFO  - Watchdog has been checked
05.06.2014 04:17:57,446 - INFO  - Watchdog has been checked
05.06.2014 04:19:57,305 - INFO  - Watchdog has been checked
05.06.2014 04:21:57,332 - INFO  - Watchdog has been checked
05.06.2014 04:23:57,358 - INFO  - Watchdog has been checked
05.06.2014 04:25:57,178 - INFO  - Watchdog has been checked
05.06.2014 04:27:57,409 - INFO  - Watchdog has been checked
05.06.2014 04:29:57,296 - INFO  - Watchdog has been checked
05.06.2014 04:31:57,396 - INFO  - Watchdog has been checked
05.06.2014 04:33:57,420 - INFO  - Watchdog has been checked
05.06.2014 04:35:57,262 - INFO  - Watchdog has been checked
05.06.2014 04:37:57,331 - INFO  - Watchdog has been checked
05.06.2014 04:39:57,210 - INFO  - Watchdog has been checked
05.06.2014 04:41:57,283 - INFO  - Watchdog has been checked
05.06.2014 04:43:57,120 - INFO  - Watchdog has been checked
05.06.2014 04:45:57,190 - INFO  - Watchdog has been checked
05.06.2014 04:47:57,158 - INFO  - Watchdog has been checked
05.06.2014 04:49:56,988 - INFO  - Watchdog has been checked
05.06.2014 04:51:56,045 - INFO  - Watchdog has been checked
05.06.2014 04:53:55,882 - INFO  - Watchdog has been checked
05.06.2014 04:55:54,980 - INFO  - Watchdog has been checked
05.06.2014 04:57:54,001 - INFO  - Watchdog has been checked
05.06.2014 04:59:53,121 - INFO  - Watchdog has been checked
05.06.2014 05:01:52,155 - INFO  - Watchdog has been checked
05.06.2014 05:03:52,184 - INFO  - Watchdog has been checked
05.06.2014 05:05:52,047 - INFO  - Watchdog has been checked
05.06.2014 05:07:51,088 - INFO  - Watchdog has been checked
05.06.2014 05:09:50,194 - INFO  - Watchdog has been checked
05.06.2014 05:11:50,292 - INFO  - Watchdog has been checked
05.06.2014 05:13:50,076 - INFO  - Watchdog has been checked
05.06.2014 05:15:50,183 - INFO  - Watchdog has been checked
05.06.2014 05:17:49,218 - INFO  - Watchdog has been checked
05.06.2014 05:19:49,292 - INFO  - Watchdog has been checked
05.06.2014 05:21:49,155 - INFO  - Watchdog has been checked
05.06.2014 05:23:49,161 - INFO  - Watchdog has been checked
05.06.2014 05:25:49,255 - INFO  - Watchdog has been checked
05.06.2014 05:27:49,323 - INFO  - Watchdog has been checked
05.06.2014 05:29:49,424 - INFO  - Watchdog has been checked
05.06.2014 05:31:49,308 - INFO  - Watchdog has been checked
05.06.2014 05:33:49,307 - INFO  - Watchdog has been checked
05.06.2014 05:35:49,385 - INFO  - Watchdog has been checked
05.06.2014 05:37:49,441 - INFO  - Watchdog has been checked
05.06.2014 05:39:49,264 - INFO  - Watchdog has been checked
05.06.2014 05:41:49,364 - INFO  - Watchdog has been checked
05.06.2014 05:43:49,383 - INFO  - Watchdog has been checked
05.06.2014 05:45:49,441 - INFO  - Watchdog has been checked
05.06.2014 05:47:49,493 - INFO  - Watchdog has been checked
05.06.2014 05:49:49,358 - INFO  - Watchdog has been checked
05.06.2014 05:51:49,436 - INFO  - Watchdog has been checked
05.06.2014 05:53:49,432 - INFO  - Watchdog has been checked
05.06.2014 05:55:49,243 - INFO  - Watchdog has been checked
05.06.2014 05:57:49,293 - INFO  - Watchdog has been checked
05.06.2014 05:59:49,138 - INFO  - Watchdog has been checked
05.06.2014 06:01:49,161 - INFO  - Watchdog has been checked
05.06.2014 06:03:49,106 - INFO  - Watchdog has been checked
05.06.2014 06:05:49,160 - INFO  - Watchdog has been checked
05.06.2014 06:07:49,219 - INFO  - Watchdog has been checked
05.06.2014 06:09:49,066 - INFO  - Watchdog has been checked
05.06.2014 06:11:48,146 - INFO  - Watchdog has been checked
05.06.2014 06:13:48,076 - INFO  - Watchdog has been checked
05.06.2014 06:15:01,160 - INFO  - mapping file sync started
05.06.2014 06:15:01,835 - INFO  - file successfully updated
05.06.2014 06:15:47,143 - INFO  - Watchdog has been checked
05.06.2014 06:17:47,156 - INFO  - Watchdog has been checked
05.06.2014 06:19:47,258 - INFO  - Watchdog has been checked
05.06.2014 06:21:47,067 - INFO  - Watchdog has been checked
05.06.2014 06:23:46,118 - INFO  - Watchdog has been checked
05.06.2014 06:25:46,178 - INFO  - Watchdog has been checked
05.06.2014 06:27:46,208 - INFO  - Watchdog has been checked
05.06.2014 06:29:46,351 - INFO  - Watchdog has been checked
05.06.2014 06:31:46,155 - INFO  - Watchdog has been checked
05.06.2014 06:33:46,227 - INFO  - Watchdog has been checked
05.06.2014 06:35:46,283 - INFO  - Watchdog has been checked
05.06.2014 06:37:46,328 - INFO  - Watchdog has been checked
05.06.2014 06:39:46,163 - INFO  - Watchdog has been checked
05.06.2014 06:41:46,224 - INFO  - Watchdog has been checked
05.06.2014 06:43:47,130 - INFO  - Watchdog has been checked
05.06.2014 06:45:47,348 - INFO  - Watchdog has been checked
05.06.2014 06:47:47,356 - INFO  - Watchdog has been checked
05.06.2014 06:49:47,228 - INFO  - Watchdog has been checked
05.06.2014 06:51:47,313 - INFO  - Watchdog has been checked
05.06.2014 06:53:47,308 - INFO  - Watchdog has been checked
05.06.2014 06:55:47,209 - INFO  - Watchdog has been checked
05.06.2014 06:57:47,213 - INFO  - Watchdog has been checked
05.06.2014 06:59:47,368 - INFO  - Watchdog has been checked
05.06.2014 07:01:47,431 - INFO  - Watchdog has been checked
05.06.2014 07:03:47,241 - INFO  - Watchdog has been checked
05.06.2014 07:05:47,377 - INFO  - Watchdog has been checked
05.06.2014 07:07:47,397 - INFO  - Watchdog has been checked
05.06.2014 07:09:47,534 - INFO  - Watchdog has been checked
05.06.2014 07:11:47,321 - INFO  - Watchdog has been checked
05.06.2014 07:13:47,313 - INFO  - Watchdog has been checked
05.06.2014 07:15:02,137 - INFO  - mapping file sync started
05.06.2014 07:15:02,592 - INFO  - file successfully updated
05.06.2014 07:15:47,105 - INFO  - Watchdog has been checked
05.06.2014 07:17:47,183 - INFO  - Watchdog has been checked
05.06.2014 07:19:47,273 - INFO  - Watchdog has been checked
05.06.2014 07:21:47,078 - INFO  - Watchdog has been checked
05.06.2014 07:23:47,265 - INFO  - Watchdog has been checked
05.06.2014 07:25:47,108 - INFO  - Watchdog has been checked
05.06.2014 07:27:46,162 - INFO  - Watchdog has been checked
05.06.2014 07:29:45,977 - INFO  - Watchdog has been checked
05.06.2014 07:31:45,079 - INFO  - Watchdog has been checked
05.06.2014 07:33:44,054 - INFO  - Watchdog has been checked
05.06.2014 07:35:43,131 - INFO  - Watchdog has been checked
05.06.2014 07:37:42,094 - INFO  - Watchdog has been checked
05.06.2014 07:39:41,231 - INFO  - Watchdog has been checked
05.06.2014 07:41:41,113 - INFO  - Watchdog has been checked
05.06.2014 07:43:39,967 - INFO  - Watchdog has been checked
05.06.2014 07:45:40,123 - INFO  - Watchdog has been checked
05.06.2014 07:47:39,157 - INFO  - Watchdog has been checked
05.06.2014 07:49:38,168 - INFO  - Watchdog has been checked
05.06.2014 07:51:38,130 - INFO  - Watchdog has been checked
05.06.2014 07:53:37,113 - INFO  - Watchdog has been checked
05.06.2014 07:55:36,232 - INFO  - Watchdog has been checked
05.06.2014 07:57:36,283 - INFO  - Watchdog has been checked
05.06.2014 07:59:36,157 - INFO  - Watchdog has been checked
05.06.2014 08:01:36,283 - INFO  - Watchdog has been checked
05.06.2014 08:03:36,262 - INFO  - Watchdog has been checked
05.06.2014 08:05:36,332 - INFO  - Watchdog has been checked
05.06.2014 08:07:36,318 - INFO  - Watchdog has been checked
05.06.2014 08:09:36,215 - INFO  - Watchdog has been checked
05.06.2014 08:11:36,313 - INFO  - Watchdog has been checked
05.06.2014 08:13:36,335 - INFO  - Watchdog has been checked
05.06.2014 08:15:36,284 - INFO  - Watchdog has been checked
05.06.2014 08:17:36,279 - INFO  - Watchdog has been checked
05.06.2014 08:19:36,192 - INFO  - Watchdog has been checked
05.06.2014 08:21:36,309 - INFO  - Watchdog has been checked
05.06.2014 08:23:36,299 - INFO  - Watchdog has been checked
05.06.2014 08:25:36,376 - INFO  - Watchdog has been checked
05.06.2014 08:27:36,371 - INFO  - Watchdog has been checked
05.06.2014 08:29:36,210 - INFO  - Watchdog has been checked
05.06.2014 08:31:36,306 - INFO  - Watchdog has been checked
05.06.2014 08:33:36,335 - INFO  - Watchdog has been checked
05.06.2014 08:35:36,137 - INFO  - Watchdog has been checked
05.06.2014 08:37:36,132 - INFO  - Watchdog has been checked
05.06.2014 08:39:34,977 - INFO  - Watchdog has been checked
05.06.2014 08:41:34,053 - INFO  - Watchdog has been checked
05.06.2014 08:43:33,068 - INFO  - Watchdog has been checked
05.06.2014 08:45:32,095 - INFO  - Watchdog has been checked
05.06.2014 08:47:32,086 - INFO  - Watchdog has been checked
05.06.2014 08:49:31,080 - INFO  - Watchdog has been checked
05.06.2014 08:51:30,107 - INFO  - Watchdog has been checked
05.06.2014 08:53:30,175 - INFO  - Watchdog has been checked
05.06.2014 08:55:30,075 - INFO  - Watchdog has been checked
05.06.2014 08:57:29,064 - INFO  - Watchdog has been checked
05.06.2014 08:59:28,225 - INFO  - Watchdog has been checked
05.06.2014 09:01:28,152 - INFO  - Watchdog has been checked
05.06.2014 09:03:28,227 - INFO  - Watchdog has been checked
05.06.2014 09:05:28,278 - INFO  - Watchdog has been checked
05.06.2014 09:07:28,257 - INFO  - Watchdog has been checked
05.06.2014 09:09:28,140 - INFO  - Watchdog has been checked
05.06.2014 09:11:28,206 - INFO  - Watchdog has been checked
05.06.2014 09:13:28,196 - INFO  - Watchdog has been checked
05.06.2014 09:15:28,302 - INFO  - Watchdog has been checked
05.06.2014 09:17:28,284 - INFO  - Watchdog has been checked
05.06.2014 09:19:28,243 - INFO  - Watchdog has been checked
05.06.2014 09:21:28,318 - INFO  - Watchdog has been checked
05.06.2014 09:23:28,298 - INFO  - Watchdog has been checked
05.06.2014 09:25:28,426 - INFO  - Watchdog has been checked
05.06.2014 09:27:28,429 - INFO  - Watchdog has been checked
05.06.2014 09:29:28,358 - INFO  - Watchdog has been checked
05.06.2014 09:31:28,438 - INFO  - Watchdog has been checked
05.06.2014 09:33:28,140 - INFO  - Watchdog has been checked
05.06.2014 09:35:28,242 - INFO  - Watchdog has been checked
05.06.2014 09:37:28,193 - INFO  - Watchdog has been checked
05.06.2014 09:39:28,302 - INFO  - Watchdog has been checked
05.06.2014 09:41:28,141 - INFO  - Watchdog has been checked
05.06.2014 09:43:28,143 - INFO  - Watchdog has been checked
05.06.2014 09:45:28,382 - INFO  - Watchdog has been checked
05.06.2014 09:47:28,181 - INFO  - Watchdog has been checked
05.06.2014 09:49:28,268 - INFO  - Watchdog has been checked
05.06.2014 09:51:28,127 - INFO  - Watchdog has been checked
05.06.2014 09:53:28,097 - INFO  - Watchdog has been checked
05.06.2014 09:55:28,274 - INFO  - Watchdog has been checked
05.06.2014 09:57:28,204 - INFO  - Watchdog has been checked
05.06.2014 09:59:28,128 - INFO  - Watchdog has been checked
05.06.2014 10:01:28,252 - INFO  - Watchdog has been checked
05.06.2014 10:03:28,237 - INFO  - Watchdog has been checked
05.06.2014 10:05:28,078 - INFO  - Watchdog has been checked
05.06.2014 10:07:27,090 - INFO  - Watchdog has been checked
05.06.2014 10:09:26,183 - INFO  - Watchdog has been checked
05.06.2014 10:11:26,286 - INFO  - Watchdog has been checked
05.06.2014 10:13:26,163 - INFO  - Watchdog has been checked
05.06.2014 10:15:26,274 - INFO  - Watchdog has been checked
05.06.2014 10:17:26,283 - INFO  - Watchdog has been checked
05.06.2014 10:19:27,372 - INFO  - Watchdog has been checked
05.06.2014 10:21:27,283 - INFO  - Watchdog has been checked
05.06.2014 10:23:27,241 - INFO  - Watchdog has been checked
05.06.2014 10:25:27,281 - INFO  - Watchdog has been checked
05.06.2014 10:27:27,287 - INFO  - Watchdog has been checked
05.06.2014 10:29:27,132 - INFO  - Watchdog has been checked
05.06.2014 10:31:27,246 - INFO  - Watchdog has been checked
05.06.2014 10:33:27,174 - INFO  - Watchdog has been checked
05.06.2014 10:35:27,247 - INFO  - Watchdog has been checked
05.06.2014 10:37:27,258 - INFO  - Watchdog has been checked
05.06.2014 10:39:27,341 - INFO  - Watchdog has been checked
05.06.2014 10:41:31,209 - INFO  - Watchdog has been checked
05.06.2014 10:43:31,266 - INFO  - Watchdog has been checked
05.06.2014 10:45:31,352 - INFO  - Watchdog has been checked
05.06.2014 10:47:31,344 - INFO  - Watchdog has been checked
05.06.2014 10:49:31,163 - INFO  - Watchdog has been checked
05.06.2014 10:51:30,235 - INFO  - Watchdog has been checked
05.06.2014 10:53:14,275 - INFO  - searcher identified --- respT: 44ms, 38833 results, q=, 
05.06.2014 10:53:20,686 - INFO  - searcher identified --- respT: 17ms, 18 results, q=buecklers task, 
05.06.2014 10:53:29,247 - INFO  - Watchdog has been checked
05.06.2014 10:53:36,477 - INFO  - searcher identified --- respT: 14ms, no results, q=buecklers task -, 
05.06.2014 10:53:38,010 - INFO  - searcher identified --- respT: 23ms, 1202 results, q=buecklers task -Closed, 
05.06.2014 10:53:48,946 - INFO  - searcher identified --- respT: 19ms, 18 results, q=buecklers task, 
05.06.2014 10:55:28,292 - INFO  - Watchdog has been checked
05.06.2014 10:57:28,315 - INFO  - Watchdog has been checked
05.06.2014 10:59:28,261 - INFO  - Watchdog has been checked
05.06.2014 10:59:44,898 - INFO  - searcher identified --- respT: 22ms, 1012 results, web:(PSIWeb), q=, 
05.06.2014 11:01:28,299 - INFO  - Watchdog has been checked
05.06.2014 11:03:28,306 - INFO  - Watchdog has been checked
05.06.2014 11:05:28,323 - INFO  - Watchdog has been checked
05.06.2014 11:07:28,299 - INFO  - Watchdog has been checked
05.06.2014 11:09:28,207 - INFO  - Watchdog has been checked
05.06.2014 11:11:28,268 - INFO  - Watchdog has been checked
05.06.2014 11:13:28,316 - INFO  - Watchdog has been checked
05.06.2014 11:15:28,138 - INFO  - Watchdog has been checked
05.06.2014 11:17:28,120 - INFO  - Watchdog has been checked
05.06.2014 11:19:28,038 - INFO  - Watchdog has been checked
05.06.2014 11:21:30,254 - INFO  - Watchdog has been checked
05.06.2014 11:23:30,281 - INFO  - Watchdog has been checked
05.06.2014 11:25:30,095 - INFO  - Watchdog has been checked
05.06.2014 11:27:29,080 - INFO  - Watchdog has been checked
05.06.2014 11:29:28,195 - INFO  - Watchdog has been checked
05.06.2014 11:31:28,239 - INFO  - Watchdog has been checked
05.06.2014 11:33:28,277 - INFO  - Watchdog has been checked
05.06.2014 11:35:28,109 - INFO  - Watchdog has been checked
05.06.2014 11:37:28,251 - INFO  - Watchdog has been checked
05.06.2014 11:39:28,143 - INFO  - Watchdog has been checked
05.06.2014 11:41:28,189 - INFO  - Watchdog has been checked
05.06.2014 11:43:31,502 - INFO  - Watchdog has been checked
05.06.2014 11:45:31,273 - INFO  - Watchdog has been checked
05.06.2014 11:47:31,258 - INFO  - Watchdog has been checked
05.06.2014 11:49:12,598 - INFO  - Watchdog has been checked
05.06.2014 11:49:31,161 - INFO  - Watchdog has been checked
05.06.2014 11:51:31,340 - INFO  - Watchdog has been checked
05.06.2014 11:53:31,252 - INFO  - Watchdog has been checked
05.06.2014 11:55:18,213 - INFO  - searcher identified --- respT: 46ms, 38838 results, q=, 
05.06.2014 11:55:20,613 - INFO  - searcher identified --- respT: 22ms, 2 results, q=sfes, 
05.06.2014 11:55:21,841 - INFO  - searcher identified --- respT: 45ms, 38838 results, q=, 
05.06.2014 11:55:28,337 - INFO  - searcher identified --- respT: 44ms, 38838 results, q=, 
05.06.2014 11:55:30,272 - INFO  - searcher identified --- respT: 20ms, no results, q=sfesf, 
05.06.2014 11:55:31,044 - INFO  - Watchdog has been checked
05.06.2014 11:55:31,555 - INFO  - searcher identified --- respT: 23ms, no results, q=sfesf, 
05.06.2014 11:55:40,722 - INFO  - searcher identified --- respT: 21ms, no results, q=sfesf, 
05.06.2014 11:55:46,733 - INFO  - searcher identified --- respT: 46ms, 38838 results, q=, 
05.06.2014 11:55:51,720 - INFO  - searcher identified --- respT: 44ms, 38838 results, q=, 
05.06.2014 11:55:55,002 - INFO  - searcher identified --- respT: 43ms, 38838 results, q=, 
05.06.2014 11:55:59,270 - INFO  - searcher identified --- respT: 44ms, 38838 results, q=, 
05.06.2014 11:56:01,216 - INFO  - searcher identified --- respT: 78ms, 2 results, q=ghfd, 
05.06.2014 11:56:02,508 - INFO  - searcher identified --- respT: 44ms, 38838 results, q=, 
05.06.2014 11:57:30,064 - INFO  - Watchdog has been checked
05.06.2014 11:59:29,227 - INFO  - Watchdog has been checked
05.06.2014 12:01:29,316 - INFO  - Watchdog has been checked
05.06.2014 12:03:29,275 - INFO  - Watchdog has been checked
05.06.2014 12:05:29,174 - INFO  - Watchdog has been checked
05.06.2014 12:07:29,239 - INFO  - Watchdog has been checked
05.06.2014 12:08:55,057 - INFO  - searcher identified --- respT: 17ms, no results, q=beucklers, 
05.06.2014 12:09:12,193 - INFO  - searcher identified --- respT: 16ms, 451 results, q=schaub, 
05.06.2014 12:09:29,166 - INFO  - Watchdog has been checked
05.06.2014 12:09:37,520 - INFO  - searcher identified --- respT: 15ms, 742 results, q=lichtsteiner, 
05.06.2014 12:09:55,501 - INFO  - searcher identified --- respT: 46ms, 38838 results, q=, 
05.06.2014 12:09:57,527 - INFO  - searcher identified --- respT: 19ms, no results, q=sdfe, 
05.06.2014 12:09:59,530 - INFO  - searcher identified --- respT: 46ms, 38838 results, q=, 
05.06.2014 12:10:05,412 - INFO  - searcher identified --- respT: 44ms, 38838 results, q=, 
05.06.2014 12:10:07,410 - INFO  - searcher identified --- respT: 19ms, no results, q=fdsfe, 
05.06.2014 12:10:09,094 - INFO  - searcher identified --- respT: 93ms, 17 results, q=fds, 
05.06.2014 12:10:15,027 - INFO  - searcher identified --- respT: 94ms, 17 results, q=fds, 
05.06.2014 12:10:20,003 - INFO  - searcher identified --- respT: 44ms, 38838 results, q=, 
05.06.2014 12:10:25,449 - INFO  - searcher identified --- respT: 44ms, 38838 results, q=, 
05.06.2014 12:10:30,319 - INFO  - searcher identified --- respT: 45ms, 38838 results, q=, 
05.06.2014 12:10:32,492 - INFO  - searcher identified --- respT: 13ms, no results, q=fdeefsf, 
05.06.2014 12:10:34,028 - INFO  - searcher identified --- respT: 45ms, 38838 results, q=, 
05.06.2014 12:10:39,235 - INFO  - searcher identified --- respT: 45ms, 38838 results, q=, 
05.06.2014 12:11:29,241 - INFO  - Watchdog has been checked
05.06.2014 12:11:58,834 - INFO  - searcher identified --- respT: 45ms, 38838 results, q=, 
05.06.2014 12:13:29,245 - INFO  - Watchdog has been checked
05.06.2014 12:15:29,315 - INFO  - Watchdog has been checked
05.06.2014 12:17:29,193 - INFO  - Watchdog has been checked
05.06.2014 12:19:29,054 - INFO  - Watchdog has been checked
05.06.2014 12:21:29,326 - INFO  - Watchdog has been checked
05.06.2014 12:23:31,249 - INFO  - Watchdog has been checked
05.06.2014 12:25:31,147 - INFO  - Watchdog has been checked
05.06.2014 12:27:31,144 - INFO  - Watchdog has been checked
05.06.2014 12:29:31,263 - INFO  - Watchdog has been checked
05.06.2014 12:31:31,131 - INFO  - Watchdog has been checked
05.06.2014 12:33:31,103 - INFO  - Watchdog has been checked
05.06.2014 12:35:31,185 - INFO  - Watchdog has been checked
05.06.2014 12:37:31,218 - INFO  - Watchdog has been checked
05.06.2014 12:39:31,124 - INFO  - Watchdog has been checked
05.06.2014 12:41:30,121 - INFO  - Watchdog has been checked
05.06.2014 12:43:30,191 - INFO  - Watchdog has been checked
05.06.2014 12:45:31,528 - INFO  - Watchdog has been checked
05.06.2014 12:47:31,182 - INFO  - Watchdog has been checked
05.06.2014 12:49:31,063 - INFO  - Watchdog has been checked
05.06.2014 12:51:31,155 - INFO  - Watchdog has been checked
05.06.2014 12:53:31,122 - INFO  - Watchdog has been checked
05.06.2014 12:55:31,203 - INFO  - Watchdog has been checked
05.06.2014 12:57:31,248 - INFO  - Watchdog has been checked
05.06.2014 12:59:31,090 - INFO  - Watchdog has been checked
05.06.2014 13:01:31,176 - INFO  - Watchdog has been checked
05.06.2014 13:03:31,223 - INFO  - Watchdog has been checked
05.06.2014 13:05:31,204 - INFO  - Watchdog has been checked
05.06.2014 13:07:31,277 - INFO  - Watchdog has been checked
05.06.2014 13:09:31,134 - INFO  - Watchdog has been checked
05.06.2014 13:11:31,193 - INFO  - Watchdog has been checked
05.06.2014 13:13:31,196 - INFO  - Watchdog has been checked
05.06.2014 13:15:31,310 - INFO  - Watchdog has been checked
05.06.2014 13:17:31,354 - INFO  - Watchdog has been checked
05.06.2014 13:19:31,229 - INFO  - Watchdog has been checked
05.06.2014 13:21:31,260 - INFO  - Watchdog has been checked
05.06.2014 13:23:31,281 - INFO  - Watchdog has been checked
05.06.2014 13:25:31,321 - INFO  - Watchdog has been checked
05.06.2014 13:27:31,334 - INFO  - Watchdog has been checked
05.06.2014 13:29:31,267 - INFO  - Watchdog has been checked
05.06.2014 13:31:31,313 - INFO  - Watchdog has been checked
05.06.2014 13:33:31,357 - INFO  - Watchdog has been checked
05.06.2014 13:35:31,440 - INFO  - Watchdog has been checked
05.06.2014 13:37:31,483 - INFO  - Watchdog has been checked
05.06.2014 13:39:31,363 - INFO  - Watchdog has been checked
05.06.2014 13:41:31,149 - INFO  - Watchdog has been checked
05.06.2014 13:42:09,788 - INFO  - Watchdog has been checked
05.06.2014 13:42:12,060 - INFO  - Watchdog has been checked
05.06.2014 13:42:13,334 - INFO  - Watchdog has been checked
05.06.2014 13:42:14,018 - INFO  - Watchdog has been checked
05.06.2014 13:42:14,567 - INFO  - Watchdog has been checked
05.06.2014 13:42:15,175 - INFO  - Watchdog has been checked
05.06.2014 13:42:15,828 - INFO  - Watchdog has been checked
05.06.2014 13:42:16,407 - INFO  - Watchdog has been checked
05.06.2014 13:42:17,203 - INFO  - Watchdog has been checked
05.06.2014 13:42:17,713 - INFO  - Watchdog has been checked
05.06.2014 13:42:18,434 - INFO  - Watchdog has been checked
05.06.2014 13:42:18,800 - INFO  - Watchdog has been checked
05.06.2014 13:42:19,140 - INFO  - Watchdog has been checked
05.06.2014 13:42:19,508 - INFO  - Watchdog has been checked
05.06.2014 13:42:19,944 - INFO  - Watchdog has been checked
05.06.2014 13:42:20,372 - INFO  - Watchdog has been checked
05.06.2014 13:43:31,252 - INFO  - Watchdog has been checked
05.06.2014 13:44:23,176 - INFO  - Watchdog has been checked: 0 passed
05.06.2014 13:44:24,589 - INFO  - Watchdog has been checked: 0 passed
05.06.2014 13:45:31,253 - INFO  - Watchdog has been checked: 0 passed
05.06.2014 13:46:19,859 - INFO  - Watchdog has been checked: 0 passed
05.06.2014 13:48:19,348 - INFO  - Watchdog has been checked: 0 passed
05.06.2014 13:50:19,244 - INFO  - Watchdog has been checked: 0 passed
05.06.2014 13:52:19,237 - INFO  - Watchdog has been checked: 0 passed
05.06.2014 13:53:32,419 - INFO  - Watchdog has been checked: 0 passed
05.06.2014 13:53:33,325 - INFO  - Watchdog has been checked: 0 passed
05.06.2014 13:53:33,895 - INFO  - Watchdog has been checked: 0 passed
05.06.2014 13:54:19,321 - INFO  - Watchdog has been checked: 0 passed
05.06.2014 13:56:19,095 - INFO  - Watchdog has been checked: 0 passed
05.06.2014 13:56:28,007 - INFO  - Watchdog has been checked: 0 passed
05.06.2014 13:58:18,067 - INFO  - Watchdog has been checked: 0 passed
05.06.2014 14:00:17,241 - INFO  - Watchdog has been checked: 0 passed
05.06.2014 14:02:17,237 - INFO  - Watchdog has been checked: 0 passed
05.06.2014 14:04:17,392 - INFO  - Watchdog has been checked: 0 passed
05.06.2014 14:06:17,324 - INFO  - Watchdog has been checked: 0 passed
05.06.2014 14:08:17,090 - INFO  - Watchdog has been checked: 0 passed
05.06.2014 14:10:16,199 - INFO  - Watchdog has been checked: 0 passed
05.06.2014 14:12:16,229 - INFO  - Watchdog has been checked: 0 passed
05.06.2014 14:14:16,095 - INFO  - Watchdog has been checked: 0 passed
05.06.2014 14:16:15,181 - INFO  - Watchdog has been checked: 0 passed
05.06.2014 14:18:15,174 - INFO  - Watchdog has been checked: 0 passed
05.06.2014 14:20:14,302 - INFO  - Watchdog has been checked: 0 passed
05.06.2014 14:22:14,319 - INFO  - Watchdog has been checked: 0 passed
05.06.2014 14:24:14,154 - INFO  - Watchdog has been checked: 0 passed
05.06.2014 14:26:13,222 - INFO  - Watchdog has been checked: 0 passed
05.06.2014 14:28:13,228 - INFO  - Watchdog has been checked: 0 passed
05.06.2014 14:30:13,165 - INFO  - Watchdog has been checked: 0 passed
05.06.2014 14:32:13,130 - INFO  - Watchdog has been checked: 0 passed
05.06.2014 14:34:13,193 - INFO  - Watchdog has been checked: 0 passed
05.06.2014 14:36:13,287 - INFO  - Watchdog has been checked: 0 passed
05.06.2014 14:38:13,275 - INFO  - Watchdog has been checked: 0 passed
05.06.2014 14:40:13,176 - INFO  - Watchdog has been checked: 0 passed
05.06.2014 14:42:13,228 - INFO  - Watchdog has been checked: 0 passed
05.06.2014 14:44:13,293 - INFO  - Watchdog has been checked: 0 passed
05.06.2014 14:46:13,198 - INFO  - Watchdog has been checked: 0 passed
05.06.2014 14:48:13,167 - INFO  - Watchdog has been checked: 0 passed
05.06.2014 14:50:13,290 - INFO  - Watchdog has been checked: 0 passed
05.06.2014 14:52:13,317 - INFO  - Watchdog has been checked: 0 passed
05.06.2014 14:54:13,371 - INFO  - Watchdog has been checked: 0 passed
05.06.2014 14:56:13,259 - INFO  - Watchdog has been checked: 0 passed
05.06.2014 14:58:13,148 - INFO  - Watchdog has been checked: 0 passed
05.06.2014 15:00:13,257 - INFO  - Watchdog has been checked: 0 passed
05.06.2014 15:02:13,271 - INFO  - Watchdog has been checked: 0 passed
05.06.2014 15:04:13,068 - INFO  - Watchdog has been checked: 0 passed
05.06.2014 15:06:12,141 - INFO  - Watchdog has been checked: 0 passed
05.06.2014 15:08:12,173 - INFO  - Watchdog has been checked: 0 passed
05.06.2014 15:10:12,314 - INFO  - Watchdog has been checked: 0 passed
05.06.2014 15:12:12,088 - INFO  - Watchdog has been checked: 0 passed
05.06.2014 15:14:12,112 - INFO  - Watchdog has been checked: 0 passed
05.06.2014 15:16:12,177 - INFO  - Watchdog has been checked: 0 passed
05.06.2014 15:18:12,175 - INFO  - Watchdog has been checked: 0 passed
05.06.2014 15:20:12,273 - INFO  - Watchdog has been checked: 0 passed
05.06.2014 15:22:12,128 - INFO  - Watchdog has been checked: 0 passed
05.06.2014 15:24:11,127 - INFO  - Watchdog has been checked: 0 passed
05.06.2014 15:26:11,233 - INFO  - Watchdog has been checked: 0 passed
05.06.2014 15:28:11,206 - INFO  - Watchdog has been checked: 0 passed
05.06.2014 15:30:11,052 - INFO  - Watchdog has been checked: 0 passed
05.06.2014 15:32:10,152 - INFO  - Watchdog has been checked: 0 passed
05.06.2014 15:34:09,131 - INFO  - Watchdog has been checked: 0 passed
05.06.2014 15:36:08,219 - INFO  - Watchdog has been checked: 0 passed
05.06.2014 15:38:08,244 - INFO  - Watchdog has been checked: 0 passed
05.06.2014 15:40:08,095 - INFO  - Watchdog has been checked: 0 passed
05.06.2014 15:42:08,141 - INFO  - Watchdog has been checked: 0 passed
05.06.2014 15:44:08,238 - INFO  - Watchdog has been checked: 0 passed
05.06.2014 15:46:08,316 - INFO  - Watchdog has been checked: 0 passed
05.06.2014 15:48:08,353 - INFO  - Watchdog has been checked: 0 passed
05.06.2014 15:50:11,257 - INFO  - Watchdog has been checked: 0 passed
05.06.2014 15:52:11,311 - INFO  - Watchdog has been checked: 0 passed
05.06.2014 15:54:11,358 - INFO  - Watchdog has been checked: 0 passed
05.06.2014 15:56:11,177 - INFO  - Watchdog has been checked: 0 passed
05.06.2014 15:58:11,192 - INFO  - Watchdog has been checked: 0 passed
05.06.2014 16:00:11,248 - INFO  - Watchdog has been checked: 0 passed
05.06.2014 16:02:11,355 - INFO  - Watchdog has been checked: 0 passed
05.06.2014 16:04:11,223 - INFO  - Watchdog has been checked: 0 passed
05.06.2014 16:06:11,334 - INFO  - Watchdog has been checked: 0 passed
05.06.2014 16:08:11,295 - INFO  - Watchdog has been checked: 0 passed
05.06.2014 16:10:11,197 - INFO  - Watchdog has been checked: 0 passed
05.06.2014 16:12:12,017 - INFO  - Watchdog has been checked: 0 passed
05.06.2014 16:14:11,282 - INFO  - Watchdog has been checked: 0 passed
05.06.2014 16:16:11,331 - INFO  - Watchdog has been checked: 0 passed
05.06.2014 16:18:11,251 - INFO  - Watchdog has been checked: 0 passed
05.06.2014 16:20:11,141 - INFO  - Watchdog has been checked: 0 passed
05.06.2014 16:22:11,161 - INFO  - Watchdog has been checked: 0 passed
05.06.2014 16:24:11,256 - INFO  - Watchdog has been checked: 0 passed
05.06.2014 16:26:11,402 - INFO  - Watchdog has been checked: 0 passed
05.06.2014 16:28:11,022 - INFO  - Watchdog has been checked: 0 passed
05.06.2014 16:30:11,181 - INFO  - Watchdog has been checked: 0 passed
05.06.2014 16:32:11,206 - INFO  - Watchdog has been checked: 0 passed
05.06.2014 16:34:11,287 - INFO  - Watchdog has been checked: 0 passed
05.06.2014 16:36:11,164 - INFO  - Watchdog has been checked: 0 passed
05.06.2014 16:38:11,258 - INFO  - Watchdog has been checked: 0 passed
05.06.2014 16:40:11,166 - INFO  - Watchdog has been checked: 0 passed
05.06.2014 16:42:11,143 - INFO  - Watchdog has been checked: 0 passed
05.06.2014 16:44:11,202 - INFO  - Watchdog has been checked: 0 passed
05.06.2014 16:46:11,130 - INFO  - Watchdog has been checked: 0 passed
05.06.2014 16:48:10,315 - INFO  - Watchdog has been checked: 0 passed
05.06.2014 16:50:10,223 - INFO  - Watchdog has been checked: 0 passed
05.06.2014 16:52:11,206 - INFO  - Watchdog has been checked: 0 passed
05.06.2014 16:54:11,305 - INFO  - Watchdog has been checked: 0 passed
05.06.2014 16:56:11,382 - INFO  - Watchdog has been checked: 0 passed
05.06.2014 16:58:11,348 - INFO  - Watchdog has been checked: 0 passed
05.06.2014 17:00:11,242 - INFO  - Watchdog has been checked: 0 passed
05.06.2014 17:02:11,204 - INFO  - Watchdog has been checked: 0 passed
05.06.2014 17:02:33,325 - INFO  - searcher identified --- respT: 42ms, 79595 results, q=, 
05.06.2014 17:02:36,148 - INFO  - searcher identified --- respT: 32ms, 25 results, q=piwik test, 
05.06.2014 17:02:37,054 - INFO  - searcher identified --- respT: 31ms, 25 results, q=piwik test, 
05.06.2014 17:02:39,363 - INFO  - searcher identified --- respT: 33ms, 9 results, web:(PSIWeb), q=piwik test, 
05.06.2014 17:02:50,113 - INFO  - searcher identified --- respT: 15ms, 47 results, web:(PSIWeb), q=piwik, 
05.06.2014 17:02:50,505 - INFO  - searcher identified --- respT: 15ms, 47 results, web:(PSIWeb), q=piwik, 
05.06.2014 17:04:11,253 - INFO  - Watchdog has been checked: 0 passed
05.06.2014 17:06:11,353 - INFO  - Watchdog has been checked: 0 passed
05.06.2014 17:08:11,304 - INFO  - Watchdog has been checked: 0 passed
05.06.2014 17:10:11,196 - INFO  - Watchdog has been checked: 0 passed
05.06.2014 17:12:11,220 - INFO  - Watchdog has been checked: 0 passed
05.06.2014 17:14:11,225 - INFO  - Watchdog has been checked: 0 passed
05.06.2014 17:16:11,357 - INFO  - Watchdog has been checked: 0 passed
05.06.2014 17:18:11,362 - INFO  - Watchdog has been checked: 0 passed
05.06.2014 17:20:11,202 - INFO  - Watchdog has been checked: 0 passed
05.06.2014 17:22:11,251 - INFO  - Watchdog has been checked: 0 passed
05.06.2014 17:24:11,293 - INFO  - Watchdog has been checked: 0 passed
05.06.2014 17:26:11,392 - INFO  - Watchdog has been checked: 0 passed
05.06.2014 17:28:11,345 - INFO  - Watchdog has been checked: 0 passed
05.06.2014 17:30:11,185 - INFO  - Watchdog has been checked: 0 passed
05.06.2014 17:32:11,271 - INFO  - Watchdog has been checked: 0 passed
05.06.2014 17:34:11,300 - INFO  - Watchdog has been checked: 0 passed
05.06.2014 17:36:11,267 - INFO  - Watchdog has been checked: 0 passed
05.06.2014 17:38:11,369 - INFO  - Watchdog has been checked: 0 passed
05.06.2014 17:40:11,210 - INFO  - Watchdog has been checked: 0 passed
05.06.2014 17:42:11,245 - INFO  - Watchdog has been checked: 0 passed
05.06.2014 17:44:11,231 - INFO  - Watchdog has been checked: 0 passed
05.06.2014 17:46:11,089 - INFO  - Watchdog has been checked: 0 passed
05.06.2014 17:48:11,160 - INFO  - Watchdog has been checked: 0 passed
05.06.2014 17:50:11,234 - INFO  - Watchdog has been checked: 0 passed
05.06.2014 17:52:11,272 - INFO  - Watchdog has been checked: 0 passed
05.06.2014 17:54:11,329 - INFO  - Watchdog has been checked: 0 passed
05.06.2014 17:56:11,140 - INFO  - Watchdog has been checked: 0 passed
05.06.2014 17:58:11,393 - INFO  - Watchdog has been checked: 0 passed
05.06.2014 18:00:11,296 - INFO  - Watchdog has been checked: 0 passed
05.06.2014 18:02:11,070 - INFO  - Watchdog has been checked: 0 passed
05.06.2014 18:04:11,096 - INFO  - Watchdog has been checked: 0 passed
05.06.2014 18:06:10,151 - INFO  - Watchdog has been checked: 0 passed
05.06.2014 18:08:10,206 - INFO  - Watchdog has been checked: 0 passed
05.06.2014 18:10:10,085 - INFO  - Watchdog has been checked: 0 passed
05.06.2014 18:12:10,109 - INFO  - Watchdog has been checked: 0 passed
05.06.2014 18:14:09,262 - INFO  - Watchdog has been checked: 0 passed
05.06.2014 18:16:11,392 - INFO  - Watchdog has been checked: 0 passed
05.06.2014 18:18:11,286 - INFO  - Watchdog has been checked: 0 passed
05.06.2014 18:20:11,163 - INFO  - Watchdog has been checked: 0 passed
05.06.2014 18:22:11,184 - INFO  - Watchdog has been checked: 0 passed
05.06.2014 18:24:11,252 - INFO  - Watchdog has been checked: 0 passed
05.06.2014 18:26:11,343 - INFO  - Watchdog has been checked: 0 passed
05.06.2014 18:28:11,346 - INFO  - Watchdog has been checked: 0 passed
05.06.2014 18:30:11,173 - INFO  - Watchdog has been checked: 0 passed
05.06.2014 18:32:11,215 - INFO  - Watchdog has been checked: 0 passed
05.06.2014 18:34:11,257 - INFO  - Watchdog has been checked: 0 passed
05.06.2014 18:36:11,347 - INFO  - Watchdog has been checked: 0 passed
05.06.2014 18:38:11,367 - INFO  - Watchdog has been checked: 0 passed
05.06.2014 18:40:11,240 - INFO  - Watchdog has been checked: 0 passed
05.06.2014 18:42:11,241 - INFO  - Watchdog has been checked: 0 passed
05.06.2014 18:44:11,309 - INFO  - Watchdog has been checked: 0 passed
05.06.2014 18:46:11,343 - INFO  - Watchdog has been checked: 0 passed
05.06.2014 18:48:11,155 - INFO  - Watchdog has been checked: 0 passed
05.06.2014 18:50:11,165 - INFO  - Watchdog has been checked: 0 passed
05.06.2014 18:52:11,144 - INFO  - Watchdog has been checked: 0 passed
05.06.2014 18:54:11,266 - INFO  - Watchdog has been checked: 0 passed
05.06.2014 18:56:11,436 - INFO  - Watchdog has been checked: 0 passed
05.06.2014 18:58:11,303 - INFO  - Watchdog has been checked: 0 passed
05.06.2014 19:00:11,275 - INFO  - Watchdog has been checked: 0 passed
05.06.2014 19:02:11,224 - INFO  - Watchdog has been checked: 0 passed
05.06.2014 19:04:11,226 - INFO  - Watchdog has been checked: 0 passed
05.06.2014 19:06:11,376 - INFO  - Watchdog has been checked: 0 passed
05.06.2014 19:08:11,275 - INFO  - Watchdog has been checked: 0 passed
05.06.2014 19:10:11,175 - INFO  - Watchdog has been checked: 0 passed
05.06.2014 19:12:11,202 - INFO  - Watchdog has been checked: 0 passed
05.06.2014 19:14:11,132 - INFO  - Watchdog has been checked: 0 passed
05.06.2014 19:16:11,266 - INFO  - Watchdog has been checked: 0 passed
05.06.2014 19:18:12,853 - INFO  - Watchdog has been checked: 0 passed
05.06.2014 19:20:12,074 - INFO  - Watchdog has been checked: 0 passed
05.06.2014 19:22:11,223 - INFO  - Watchdog has been checked: 0 passed
05.06.2014 19:24:11,249 - INFO  - Watchdog has been checked: 0 passed
05.06.2014 19:26:11,216 - INFO  - Watchdog has been checked: 0 passed
05.06.2014 19:28:11,097 - INFO  - Watchdog has been checked: 0 passed
05.06.2014 19:30:11,265 - INFO  - Watchdog has been checked: 0 passed
05.06.2014 19:32:11,300 - INFO  - Watchdog has been checked: 0 passed
05.06.2014 19:34:11,116 - INFO  - Watchdog has been checked: 0 passed
05.06.2014 19:36:10,268 - INFO  - Watchdog has been checked: 0 passed
05.06.2014 19:38:10,262 - INFO  - Watchdog has been checked: 0 passed
05.06.2014 19:40:10,178 - INFO  - Watchdog has been checked: 0 passed
05.06.2014 19:42:10,195 - INFO  - Watchdog has been checked: 0 passed
05.06.2014 19:44:10,306 - INFO  - Watchdog has been checked: 0 passed
05.06.2014 19:46:10,176 - INFO  - Watchdog has been checked: 0 passed
05.06.2014 19:48:10,232 - INFO  - Watchdog has been checked: 0 passed
05.06.2014 19:50:10,331 - INFO  - Watchdog has been checked: 0 passed
05.06.2014 19:52:10,347 - INFO  - Watchdog has been checked: 0 passed
05.06.2014 19:54:10,103 - INFO  - Watchdog has been checked: 0 passed
05.06.2014 19:56:10,176 - INFO  - Watchdog has been checked: 0 passed
05.06.2014 19:58:11,160 - INFO  - Watchdog has been checked: 0 passed
05.06.2014 20:00:11,301 - INFO  - Watchdog has been checked: 0 passed
05.06.2014 20:00:53,877 - INFO  - searcher identified --- respT: 46ms, 83024 results, q=, 
05.06.2014 20:01:21,453 - INFO  - searcher identified --- respT: 25ms, 815 results, q=share in wiki, 
05.06.2014 20:01:22,947 - INFO  - searcher identified --- respT: 26ms, 815 results, q=share in wiki, 
05.06.2014 20:02:11,329 - INFO  - Watchdog has been checked: 0 passed
05.06.2014 20:04:11,373 - INFO  - Watchdog has been checked: 0 passed
05.06.2014 20:06:11,205 - INFO  - Watchdog has been checked: 0 passed
05.06.2014 20:08:11,274 - INFO  - Watchdog has been checked: 0 passed
05.06.2014 20:10:12,236 - INFO  - Watchdog has been checked: 0 passed
05.06.2014 20:12:11,196 - INFO  - Watchdog has been checked: 0 passed
05.06.2014 20:14:11,187 - INFO  - Watchdog has been checked: 0 passed
05.06.2014 20:16:11,399 - INFO  - Watchdog has been checked: 0 passed
05.06.2014 20:18:11,352 - INFO  - Watchdog has been checked: 0 passed
05.06.2014 20:20:11,876 - INFO  - Watchdog has been checked: 0 passed
05.06.2014 20:22:11,262 - INFO  - Watchdog has been checked: 0 passed
05.06.2014 20:24:11,328 - INFO  - Watchdog has been checked: 0 passed
05.06.2014 20:26:11,382 - INFO  - Watchdog has been checked: 0 passed
05.06.2014 20:28:11,397 - INFO  - Watchdog has been checked: 0 passed
05.06.2014 20:30:11,308 - INFO  - Watchdog has been checked: 0 passed
05.06.2014 20:32:11,155 - INFO  - Watchdog has been checked: 0 passed
05.06.2014 20:34:11,289 - INFO  - Watchdog has been checked: 0 passed
05.06.2014 20:36:11,243 - INFO  - Watchdog has been checked: 0 passed
05.06.2014 20:38:11,324 - INFO  - Watchdog has been checked: 0 passed
05.06.2014 20:40:11,317 - INFO  - Watchdog has been checked: 0 passed
05.06.2014 20:42:11,088 - INFO  - Watchdog has been checked: 0 passed
05.06.2014 20:44:10,193 - INFO  - Watchdog has been checked: 0 passed
05.06.2014 20:46:10,339 - INFO  - Watchdog has been checked: 0 passed
05.06.2014 20:48:10,148 - INFO  - Watchdog has been checked: 0 passed
05.06.2014 20:50:10,170 - INFO  - Watchdog has been checked: 0 passed
05.06.2014 20:52:10,122 - INFO  - Watchdog has been checked: 0 passed
05.06.2014 20:54:10,313 - INFO  - Watchdog has been checked: 0 passed
05.06.2014 20:56:10,200 - INFO  - Watchdog has been checked: 0 passed
05.06.2014 20:58:10,200 - INFO  - Watchdog has been checked: 0 passed
05.06.2014 21:00:11,267 - INFO  - Watchdog has been checked: 0 passed
05.06.2014 21:02:11,310 - INFO  - Watchdog has been checked: 0 passed
05.06.2014 21:04:11,334 - INFO  - Watchdog has been checked: 0 passed
05.06.2014 21:06:11,259 - INFO  - Watchdog has been checked: 0 passed
05.06.2014 21:08:11,193 - INFO  - Watchdog has been checked: 0 passed
05.06.2014 21:10:11,376 - INFO  - Watchdog has been checked: 0 passed
05.06.2014 21:12:11,263 - INFO  - Watchdog has been checked: 0 passed
05.06.2014 21:14:11,150 - INFO  - Watchdog has been checked: 0 passed
05.06.2014 21:16:11,171 - INFO  - Watchdog has been checked: 0 passed
05.06.2014 21:18:11,248 - INFO  - Watchdog has been checked: 0 passed
05.06.2014 21:20:11,370 - INFO  - Watchdog has been checked: 0 passed
05.06.2014 21:22:11,790 - INFO  - Watchdog has been checked: 0 passed
05.06.2014 21:24:11,210 - INFO  - Watchdog has been checked: 0 passed
05.06.2014 21:26:11,351 - INFO  - Watchdog has been checked: 0 passed
05.06.2014 21:28:11,245 - INFO  - Watchdog has been checked: 0 passed
05.06.2014 21:30:11,167 - INFO  - Watchdog has been checked: 0 passed
05.06.2014 21:32:10,131 - INFO  - Watchdog has been checked: 0 passed
05.06.2014 21:34:09,188 - INFO  - Watchdog has been checked: 0 passed
05.06.2014 21:36:08,225 - INFO  - Watchdog has been checked: 0 passed
05.06.2014 21:38:08,228 - INFO  - Watchdog has been checked: 0 passed
05.06.2014 21:40:08,093 - INFO  - Watchdog has been checked: 0 passed
05.06.2014 21:42:07,134 - INFO  - Watchdog has been checked: 0 passed
05.06.2014 21:44:06,135 - INFO  - Watchdog has been checked: 0 passed
05.06.2014 21:46:05,193 - INFO  - Watchdog has been checked: 0 passed
05.06.2014 21:48:05,228 - INFO  - Watchdog has been checked: 0 passed
05.06.2014 21:50:05,090 - INFO  - Watchdog has been checked: 0 passed
05.06.2014 21:52:05,159 - INFO  - Watchdog has been checked: 0 passed
05.06.2014 21:54:05,201 - INFO  - Watchdog has been checked: 0 passed
05.06.2014 21:56:05,019 - INFO  - Watchdog has been checked: 0 passed
05.06.2014 21:58:04,085 - INFO  - Watchdog has been checked: 0 passed
05.06.2014 22:00:03,084 - INFO  - Watchdog has been checked: 0 passed
05.06.2014 22:02:03,147 - INFO  - Watchdog has been checked: 0 passed
05.06.2014 22:04:03,171 - INFO  - Watchdog has been checked: 0 passed
05.06.2014 22:06:03,054 - INFO  - Watchdog has been checked: 0 passed
05.06.2014 22:08:03,140 - INFO  - Watchdog has been checked: 0 passed
05.06.2014 22:10:03,251 - INFO  - Watchdog has been checked: 0 passed
05.06.2014 22:12:03,073 - INFO  - Watchdog has been checked: 0 passed
05.06.2014 22:14:02,084 - INFO  - Watchdog has been checked: 0 passed
05.06.2014 22:16:02,236 - INFO  - Watchdog has been checked: 0 passed
05.06.2014 22:18:02,196 - INFO  - Watchdog has been checked: 0 passed
05.06.2014 22:20:02,276 - INFO  - Watchdog has been checked: 0 passed
05.06.2014 22:22:02,348 - INFO  - Watchdog has been checked: 0 passed
05.06.2014 22:24:02,342 - INFO  - Watchdog has been checked: 0 passed
05.06.2014 22:26:02,289 - INFO  - Watchdog has been checked: 0 passed
05.06.2014 22:28:02,296 - INFO  - Watchdog has been checked: 0 passed
05.06.2014 22:30:02,377 - INFO  - Watchdog has been checked: 0 passed
05.06.2014 22:32:02,149 - INFO  - Watchdog has been checked: 0 passed
05.06.2014 22:34:02,243 - INFO  - Watchdog has been checked: 0 passed
05.06.2014 22:36:02,293 - INFO  - Watchdog has been checked: 0 passed
05.06.2014 22:38:02,300 - INFO  - Watchdog has been checked: 0 passed
05.06.2014 22:40:02,359 - INFO  - Watchdog has been checked: 0 passed
05.06.2014 22:42:02,393 - INFO  - Watchdog has been checked: 0 passed
05.06.2014 22:44:02,401 - INFO  - Watchdog has been checked: 0 passed
05.06.2014 22:46:02,258 - INFO  - Watchdog has been checked: 0 passed
05.06.2014 22:48:02,294 - INFO  - Watchdog has been checked: 0 passed
05.06.2014 22:50:02,676 - INFO  - Watchdog has been checked: 0 passed
05.06.2014 22:52:02,354 - INFO  - Watchdog has been checked: 0 passed
05.06.2014 22:54:02,388 - INFO  - Watchdog has been checked: 0 passed
05.06.2014 22:56:02,238 - INFO  - Watchdog has been checked: 0 passed
05.06.2014 22:58:02,307 - INFO  - Watchdog has been checked: 0 passed
05.06.2014 23:00:02,383 - INFO  - Watchdog has been checked: 0 passed
05.06.2014 23:02:02,459 - INFO  - Watchdog has been checked: 0 passed
05.06.2014 23:04:02,479 - INFO  - Watchdog has been checked: 0 passed
05.06.2014 23:06:02,341 - INFO  - Watchdog has been checked: 0 passed
05.06.2014 23:08:02,331 - INFO  - Watchdog has been checked: 0 passed
05.06.2014 23:10:02,444 - INFO  - Watchdog has been checked: 0 passed
05.06.2014 23:12:02,457 - INFO  - Watchdog has been checked: 0 passed
05.06.2014 23:14:02,427 - INFO  - Watchdog has been checked: 0 passed
05.06.2014 23:16:02,246 - INFO  - Watchdog has been checked: 0 passed
05.06.2014 23:18:02,238 - INFO  - Watchdog has been checked: 0 passed
05.06.2014 23:20:02,321 - INFO  - Watchdog has been checked: 0 passed
05.06.2014 23:22:02,092 - INFO  - Watchdog has been checked: 0 passed
05.06.2014 23:24:02,121 - INFO  - Watchdog has been checked: 0 passed
05.06.2014 23:26:02,231 - INFO  - Watchdog has been checked: 0 passed
05.06.2014 23:28:02,172 - INFO  - Watchdog has been checked: 0 passed
05.06.2014 23:31:17,059 - INFO  - Watchdog has been checked: 0 passed
05.06.2014 23:31:22,130 - INFO  - Watchdog has been checked: 0 passed
05.06.2014 23:32:01,076 - INFO  - Watchdog has been checked: 0 passed
05.06.2014 23:34:00,077 - INFO  - Watchdog has been checked: 0 passed
05.06.2014 23:35:59,171 - INFO  - Watchdog has been checked: 0 passed
05.06.2014 23:37:59,221 - INFO  - Watchdog has been checked: 0 passed
05.06.2014 23:39:59,197 - INFO  - Watchdog has been checked: 0 passed
05.06.2014 23:41:59,240 - INFO  - Watchdog has been checked: 0 passed
05.06.2014 23:43:59,271 - INFO  - Watchdog has been checked: 0 passed
05.06.2014 23:45:59,163 - INFO  - Watchdog has been checked: 0 passed
05.06.2014 23:47:59,159 - INFO  - Watchdog has been checked: 0 passed
05.06.2014 23:49:59,285 - INFO  - Watchdog has been checked: 0 passed
05.06.2014 23:52:02,435 - INFO  - Watchdog has been checked: 0 passed
05.06.2014 23:54:02,109 - INFO  - Watchdog has been checked: 0 passed
05.06.2014 23:56:02,200 - INFO  - Watchdog has been checked: 0 passed
05.06.2014 23:58:02,198 - INFO  - Watchdog has been checked: 0 passed
