14.05.2014 08:22:39,234 - INFO  - searcher identified --- respT: 44ms, 55570 results, q=, 
14.05.2014 08:22:45,589 - INFO  - searcher identified --- respT: 17ms, 67 results, q=skizzi, 
14.05.2014 08:22:46,449 - INFO  - searcher identified --- respT: 8ms, 58 results, q=skizzierer, 
14.05.2014 08:23:18,860 - INFO  - searcher identified --- respT: 10ms, 58 results, web:(AMI), q=skizzierer, 
14.05.2014 08:23:20,823 - INFO  - searcher identified --- respT: 9ms, 58 results, q=skizzierer, 
14.05.2014 08:23:25,357 - INFO  - searcher identified --- respT: 9ms, 58 results, q=skizzierer, page turned
14.05.2014 08:23:26,588 - INFO  - searcher identified --- respT: 9ms, 58 results, q=skizzierer, page turned
14.05.2014 08:23:27,666 - INFO  - searcher identified --- respT: 9ms, 58 results, q=skizzierer, page turned
14.05.2014 08:23:28,316 - INFO  - searcher identified --- respT: 10ms, 58 results, q=skizzierer, page turned
14.05.2014 08:23:29,412 - INFO  - searcher identified --- respT: 9ms, 58 results, q=skizzierer, page turned
14.05.2014 14:23:55,264 - INFO  - searcher identified --- respT: 45ms, 63408 results, q=, 
14.05.2014 14:24:08,915 - INFO  - searcher identified --- respT: 85ms, 26 results, q=IBM Metadata Storage for HPC GPFS, 
14.05.2014 14:24:10,143 - INFO  - searcher identified --- respT: 64ms, 26 results, q=IBM Metadata Storage for HPC GPFS, 
14.05.2014 14:25:51,565 - INFO  - searcher identified --- respT: 65ms, 26 results, q=IBM Metadata Storage for HPC GPFS, 
14.05.2014 15:17:15,643 - INFO  - searcher identified --- respT: 80ms, 70767 results, q=, 
14.05.2014 15:17:18,003 - INFO  - searcher identified --- respT: 21ms, 2 results, q=http://ami.web.psi.ch/support/catiavpm/, 
14.05.2014 15:52:37,708 - INFO  - searcher identified --- respT: 88ms, 70767 results, q=, 
14.05.2014 15:52:42,591 - INFO  - searcher identified --- respT: 28ms, 6 results, q=isp.psi.ch, 
14.05.2014 17:23:45,657 - INFO  - searcher identified --- respT: 83ms, 26 results, q=IBM Metadata Storage for HPC GPF, 
14.05.2014 17:23:47,106 - INFO  - searcher identified --- respT: 77ms, 63410 results, q=, 
14.05.2014 17:23:51,598 - INFO  - searcher identified --- respT: 45ms, 62 results, q=Icinga, 
14.05.2014 17:23:53,396 - INFO  - searcher identified --- respT: 31ms, 1 results, q=IcingaIcinga, 
14.05.2014 17:23:54,619 - INFO  - searcher identified --- respT: 18ms, no results, q=IcingaIc, 
14.05.2014 17:23:55,136 - INFO  - searcher identified --- respT: 70ms, 62 results, q=IcingaI, 
14.05.2014 17:23:56,016 - INFO  - searcher identified --- respT: 45ms, 62 results, q=Icinga, 
