06.08.2014 00:01:33,028 - INFO  - Watchdog has been checked: 0 passed
06.08.2014 00:03:32,929 - INFO  - Watchdog has been checked: 0 passed
06.08.2014 00:05:32,133 - INFO  - Watchdog has been checked: 0 passed
06.08.2014 00:07:32,043 - INFO  - Watchdog has been checked: 0 passed
06.08.2014 00:09:31,103 - INFO  - Watchdog has been checked: 0 passed
06.08.2014 00:11:30,986 - INFO  - Watchdog has been checked: 0 passed
06.08.2014 00:13:30,086 - INFO  - Watchdog has been checked: 0 passed
06.08.2014 00:15:30,070 - INFO  - Watchdog has been checked: 0 passed
06.08.2014 00:17:30,153 - INFO  - Watchdog has been checked: 0 passed
06.08.2014 00:19:30,007 - INFO  - Watchdog has been checked: 0 passed
06.08.2014 00:21:30,170 - INFO  - Watchdog has been checked: 0 passed
06.08.2014 00:23:30,072 - INFO  - Watchdog has been checked: 0 passed
06.08.2014 00:25:29,223 - INFO  - Watchdog has been checked: 0 passed
06.08.2014 00:27:29,287 - INFO  - Watchdog has been checked: 0 passed
06.08.2014 00:29:29,355 - INFO  - Watchdog has been checked: 0 passed
06.08.2014 00:31:29,308 - INFO  - Watchdog has been checked: 0 passed
06.08.2014 00:33:29,362 - INFO  - Watchdog has been checked: 0 passed
06.08.2014 00:35:29,467 - INFO  - Watchdog has been checked: 0 passed
06.08.2014 00:37:29,293 - INFO  - Watchdog has been checked: 0 passed
06.08.2014 00:39:29,333 - INFO  - Watchdog has been checked: 0 passed
06.08.2014 00:41:29,205 - INFO  - Watchdog has been checked: 0 passed
06.08.2014 00:43:28,156 - INFO  - Watchdog has been checked: 0 passed
06.08.2014 00:45:28,330 - INFO  - Watchdog has been checked: 0 passed
06.08.2014 00:47:28,187 - INFO  - Watchdog has been checked: 0 passed
06.08.2014 00:49:28,167 - INFO  - Watchdog has been checked: 0 passed
06.08.2014 00:51:28,169 - INFO  - Watchdog has been checked: 0 passed
06.08.2014 00:53:28,185 - INFO  - Watchdog has been checked: 0 passed
06.08.2014 00:55:28,295 - INFO  - Watchdog has been checked: 0 passed
06.08.2014 00:57:28,156 - INFO  - Watchdog has been checked: 0 passed
06.08.2014 00:59:28,096 - INFO  - Watchdog has been checked: 0 passed
06.08.2014 01:01:28,096 - INFO  - Watchdog has been checked: 0 passed
06.08.2014 01:03:28,100 - INFO  - Watchdog has been checked: 0 passed
06.08.2014 01:05:28,174 - INFO  - Watchdog has been checked: 0 passed
06.08.2014 01:07:28,060 - INFO  - Watchdog has been checked: 0 passed
06.08.2014 01:09:28,193 - INFO  - Watchdog has been checked: 0 passed
06.08.2014 01:11:28,193 - INFO  - Watchdog has been checked: 0 passed
06.08.2014 01:13:28,196 - INFO  - Watchdog has been checked: 0 passed
06.08.2014 01:15:28,238 - INFO  - Watchdog has been checked: 0 passed
06.08.2014 01:17:28,128 - INFO  - Watchdog has been checked: 0 passed
06.08.2014 01:19:28,098 - INFO  - Watchdog has been checked: 0 passed
06.08.2014 01:21:28,193 - INFO  - Watchdog has been checked: 0 passed
06.08.2014 01:23:28,199 - INFO  - Watchdog has been checked: 0 passed
06.08.2014 01:25:28,195 - INFO  - Watchdog has been checked: 0 passed
06.08.2014 01:27:28,167 - INFO  - Watchdog has been checked: 0 passed
06.08.2014 01:29:28,064 - INFO  - Watchdog has been checked: 0 passed
06.08.2014 01:31:28,072 - INFO  - Watchdog has been checked: 0 passed
06.08.2014 01:33:28,227 - INFO  - Watchdog has been checked: 0 passed
06.08.2014 01:35:28,104 - INFO  - Watchdog has been checked: 0 passed
06.08.2014 01:37:28,107 - INFO  - Watchdog has been checked: 0 passed
06.08.2014 01:39:27,970 - INFO  - Watchdog has been checked: 0 passed
06.08.2014 01:41:27,085 - INFO  - Watchdog has been checked: 0 passed
06.08.2014 01:43:26,022 - INFO  - Watchdog has been checked: 0 passed
06.08.2014 01:45:26,019 - INFO  - Watchdog has been checked: 0 passed
06.08.2014 01:47:26,086 - INFO  - Watchdog has been checked: 0 passed
06.08.2014 01:49:25,284 - INFO  - Watchdog has been checked: 0 passed
06.08.2014 01:51:25,240 - INFO  - Watchdog has been checked: 0 passed
06.08.2014 01:53:25,296 - INFO  - Watchdog has been checked: 0 passed
06.08.2014 01:55:25,267 - INFO  - Watchdog has been checked: 0 passed
06.08.2014 01:57:25,197 - INFO  - Watchdog has been checked: 0 passed
06.08.2014 01:59:25,210 - INFO  - Watchdog has been checked: 0 passed
06.08.2014 02:01:25,301 - INFO  - Watchdog has been checked: 0 passed
06.08.2014 02:03:25,279 - INFO  - Watchdog has been checked: 0 passed
06.08.2014 02:05:25,197 - INFO  - Watchdog has been checked: 0 passed
06.08.2014 02:07:25,118 - INFO  - Watchdog has been checked: 0 passed
06.08.2014 02:09:24,388 - INFO  - Watchdog has been checked: 0 passed
06.08.2014 02:11:24,268 - INFO  - Watchdog has been checked: 0 passed
06.08.2014 02:13:24,156 - INFO  - Watchdog has been checked: 0 passed
06.08.2014 02:15:24,386 - INFO  - Watchdog has been checked: 0 passed
06.08.2014 02:17:25,321 - INFO  - Watchdog has been checked: 0 passed
06.08.2014 02:19:25,358 - INFO  - Watchdog has been checked: 0 passed
06.08.2014 02:21:25,325 - INFO  - Watchdog has been checked: 0 passed
06.08.2014 02:23:25,378 - INFO  - Watchdog has been checked: 0 passed
06.08.2014 02:25:25,384 - INFO  - Watchdog has been checked: 0 passed
06.08.2014 02:27:25,560 - INFO  - Watchdog has been checked: 0 passed
06.08.2014 02:29:25,351 - INFO  - Watchdog has been checked: 0 passed
06.08.2014 02:31:25,484 - INFO  - Watchdog has been checked: 0 passed
06.08.2014 02:33:25,350 - INFO  - Watchdog has been checked: 0 passed
06.08.2014 02:35:25,317 - INFO  - Watchdog has been checked: 0 passed
06.08.2014 02:37:25,682 - INFO  - Watchdog has been checked: 0 passed
06.08.2014 02:39:25,290 - INFO  - Watchdog has been checked: 0 passed
06.08.2014 02:41:25,385 - INFO  - Watchdog has been checked: 0 passed
06.08.2014 02:43:25,204 - INFO  - Watchdog has been checked: 0 passed
06.08.2014 02:45:25,274 - INFO  - Watchdog has been checked: 0 passed
06.08.2014 02:47:25,552 - INFO  - Watchdog has been checked: 0 passed
06.08.2014 02:49:25,174 - INFO  - Watchdog has been checked: 0 passed
06.08.2014 02:51:24,352 - INFO  - Watchdog has been checked: 0 passed
06.08.2014 02:53:25,443 - INFO  - Watchdog has been checked: 0 passed
06.08.2014 02:55:25,169 - INFO  - Watchdog has been checked: 0 passed
06.08.2014 02:57:25,411 - INFO  - Watchdog has been checked: 0 passed
06.08.2014 02:59:25,233 - INFO  - Watchdog has been checked: 0 passed
06.08.2014 03:01:25,192 - INFO  - Watchdog has been checked: 0 passed
06.08.2014 03:03:25,141 - INFO  - Watchdog has been checked: 0 passed
06.08.2014 03:05:25,023 - INFO  - Watchdog has been checked: 0 passed
06.08.2014 03:07:25,196 - INFO  - Watchdog has been checked: 0 passed
06.08.2014 03:09:25,083 - INFO  - Watchdog has been checked: 0 passed
06.08.2014 03:11:25,040 - INFO  - Watchdog has been checked: 0 passed
06.08.2014 03:13:25,102 - INFO  - Watchdog has been checked: 0 passed
06.08.2014 03:15:25,024 - INFO  - Watchdog has been checked: 0 passed
06.08.2014 03:17:25,293 - INFO  - Watchdog has been checked: 0 passed
06.08.2014 03:19:25,245 - INFO  - Watchdog has been checked: 0 passed
06.08.2014 03:21:25,277 - INFO  - Watchdog has been checked: 0 passed
06.08.2014 03:23:25,227 - INFO  - Watchdog has been checked: 0 passed
06.08.2014 03:25:25,135 - INFO  - Watchdog has been checked: 0 passed
06.08.2014 03:27:24,215 - INFO  - Watchdog has been checked: 0 passed
06.08.2014 03:29:24,159 - INFO  - Watchdog has been checked: 0 passed
06.08.2014 03:31:24,159 - INFO  - Watchdog has been checked: 0 passed
06.08.2014 03:33:24,221 - INFO  - Watchdog has been checked: 0 passed
06.08.2014 03:35:24,317 - INFO  - Watchdog has been checked: 0 passed
06.08.2014 03:37:24,261 - INFO  - Watchdog has been checked: 0 passed
06.08.2014 03:39:24,207 - INFO  - Watchdog has been checked: 0 passed
06.08.2014 03:41:24,276 - INFO  - Watchdog has been checked: 0 passed
06.08.2014 03:43:24,281 - INFO  - Watchdog has been checked: 0 passed
06.08.2014 03:45:24,337 - INFO  - Watchdog has been checked: 0 passed
06.08.2014 03:47:24,316 - INFO  - Watchdog has been checked: 0 passed
06.08.2014 03:49:24,222 - INFO  - Watchdog has been checked: 0 passed
06.08.2014 03:51:24,250 - INFO  - Watchdog has been checked: 0 passed
06.08.2014 03:53:24,244 - INFO  - Watchdog has been checked: 0 passed
06.08.2014 03:55:24,319 - INFO  - Watchdog has been checked: 0 passed
06.08.2014 03:57:24,318 - INFO  - Watchdog has been checked: 0 passed
06.08.2014 03:59:24,122 - INFO  - Watchdog has been checked: 0 passed
06.08.2014 04:01:24,161 - INFO  - Watchdog has been checked: 0 passed
06.08.2014 04:03:24,201 - INFO  - Watchdog has been checked: 0 passed
06.08.2014 04:05:24,177 - INFO  - Watchdog has been checked: 0 passed
06.08.2014 04:07:24,189 - INFO  - Watchdog has been checked: 0 passed
06.08.2014 04:09:24,067 - INFO  - Watchdog has been checked: 0 passed
06.08.2014 04:11:23,020 - INFO  - Watchdog has been checked: 0 passed
06.08.2014 04:13:22,218 - INFO  - Watchdog has been checked: 0 passed
06.08.2014 04:15:22,198 - INFO  - Watchdog has been checked: 0 passed
06.08.2014 04:17:22,177 - INFO  - Watchdog has been checked: 0 passed
06.08.2014 04:19:22,163 - INFO  - Watchdog has been checked: 0 passed
06.08.2014 04:21:22,112 - INFO  - Watchdog has been checked: 0 passed
06.08.2014 04:23:22,179 - INFO  - Watchdog has been checked: 0 passed
06.08.2014 04:25:22,239 - INFO  - Watchdog has been checked: 0 passed
06.08.2014 04:27:22,185 - INFO  - Watchdog has been checked: 0 passed
06.08.2014 04:29:22,140 - INFO  - Watchdog has been checked: 0 passed
06.08.2014 04:31:22,104 - INFO  - Watchdog has been checked: 0 passed
06.08.2014 04:33:22,273 - INFO  - Watchdog has been checked: 0 passed
06.08.2014 04:35:22,275 - INFO  - Watchdog has been checked: 0 passed
06.08.2014 04:37:22,252 - INFO  - Watchdog has been checked: 0 passed
06.08.2014 04:39:22,262 - INFO  - Watchdog has been checked: 0 passed
06.08.2014 04:41:22,164 - INFO  - Watchdog has been checked: 0 passed
06.08.2014 04:43:22,318 - INFO  - Watchdog has been checked: 0 passed
06.08.2014 04:45:22,377 - INFO  - Watchdog has been checked: 0 passed
06.08.2014 04:47:22,204 - INFO  - Watchdog has been checked: 0 passed
06.08.2014 04:49:22,298 - INFO  - Watchdog has been checked: 0 passed
06.08.2014 04:51:22,193 - INFO  - Watchdog has been checked: 0 passed
06.08.2014 04:53:21,226 - INFO  - Watchdog has been checked: 0 passed
06.08.2014 04:55:21,293 - INFO  - Watchdog has been checked: 0 passed
06.08.2014 04:57:21,045 - INFO  - Watchdog has been checked: 0 passed
06.08.2014 04:59:21,114 - INFO  - Watchdog has been checked: 0 passed
06.08.2014 05:01:21,334 - INFO  - Watchdog has been checked: 0 passed
06.08.2014 05:03:21,085 - INFO  - Watchdog has been checked: 0 passed
06.08.2014 05:05:21,191 - INFO  - Watchdog has been checked: 0 passed
06.08.2014 05:07:21,334 - INFO  - Watchdog has been checked: 0 passed
06.08.2014 05:09:21,146 - INFO  - Watchdog has been checked: 0 passed
06.08.2014 05:11:21,285 - INFO  - Watchdog has been checked: 0 passed
06.08.2014 05:13:21,386 - INFO  - Watchdog has been checked: 0 passed
06.08.2014 05:15:21,241 - INFO  - Watchdog has been checked: 0 passed
06.08.2014 05:17:21,276 - INFO  - Watchdog has been checked: 0 passed
06.08.2014 05:19:21,068 - INFO  - Watchdog has been checked: 0 passed
06.08.2014 05:21:21,225 - INFO  - Watchdog has been checked: 0 passed
06.08.2014 05:23:21,311 - INFO  - Watchdog has been checked: 0 passed
06.08.2014 05:25:21,139 - INFO  - Watchdog has been checked: 0 passed
06.08.2014 05:27:21,169 - INFO  - Watchdog has been checked: 0 passed
06.08.2014 05:29:21,251 - INFO  - Watchdog has been checked: 0 passed
06.08.2014 05:31:21,162 - INFO  - Watchdog has been checked: 0 passed
06.08.2014 05:33:21,227 - INFO  - Watchdog has been checked: 0 passed
06.08.2014 05:35:21,088 - INFO  - Watchdog has been checked: 0 passed
06.08.2014 05:37:20,140 - INFO  - Watchdog has been checked: 0 passed
06.08.2014 05:39:20,244 - INFO  - Watchdog has been checked: 0 passed
06.08.2014 05:41:20,193 - INFO  - Watchdog has been checked: 0 passed
06.08.2014 05:43:20,170 - INFO  - Watchdog has been checked: 0 passed
06.08.2014 05:45:20,349 - INFO  - Watchdog has been checked: 0 passed
06.08.2014 05:47:20,181 - INFO  - Watchdog has been checked: 0 passed
06.08.2014 05:49:20,186 - INFO  - Watchdog has been checked: 0 passed
06.08.2014 05:51:20,136 - INFO  - Watchdog has been checked: 0 passed
06.08.2014 05:53:20,113 - INFO  - Watchdog has been checked: 0 passed
06.08.2014 05:55:20,297 - INFO  - Watchdog has been checked: 0 passed
06.08.2014 05:57:20,096 - INFO  - Watchdog has been checked: 0 passed
06.08.2014 05:59:20,135 - INFO  - Watchdog has been checked: 0 passed
06.08.2014 06:01:20,132 - INFO  - Watchdog has been checked: 0 passed
06.08.2014 06:03:20,123 - INFO  - Watchdog has been checked: 0 passed
06.08.2014 06:05:20,180 - INFO  - Watchdog has been checked: 0 passed
06.08.2014 06:07:20,065 - INFO  - Watchdog has been checked: 0 passed
06.08.2014 06:09:20,261 - INFO  - Watchdog has been checked: 0 passed
06.08.2014 06:11:20,339 - INFO  - Watchdog has been checked: 0 passed
06.08.2014 06:13:20,081 - INFO  - Watchdog has been checked: 0 passed
06.08.2014 06:15:01,869 - INFO  - mapping file sync started
06.08.2014 06:15:03,279 - INFO  - file successfully updated
06.08.2014 06:15:20,269 - INFO  - Watchdog has been checked: 0 passed
06.08.2014 06:17:20,354 - INFO  - Watchdog has been checked: 0 passed
06.08.2014 06:19:20,355 - INFO  - Watchdog has been checked: 0 passed
06.08.2014 06:21:20,150 - INFO  - Watchdog has been checked: 0 passed
06.08.2014 06:23:20,172 - INFO  - Watchdog has been checked: 0 passed
06.08.2014 06:25:20,243 - INFO  - Watchdog has been checked: 0 passed
06.08.2014 06:27:20,150 - INFO  - Watchdog has been checked: 0 passed
06.08.2014 06:29:20,328 - INFO  - Watchdog has been checked: 0 passed
06.08.2014 06:31:20,301 - INFO  - Watchdog has been checked: 0 passed
06.08.2014 06:33:20,092 - INFO  - Watchdog has been checked: 0 passed
06.08.2014 06:35:19,097 - INFO  - Watchdog has been checked: 0 passed
06.08.2014 06:37:19,066 - INFO  - Watchdog has been checked: 0 passed
06.08.2014 06:39:19,310 - INFO  - Watchdog has been checked: 0 passed
06.08.2014 06:41:19,268 - INFO  - Watchdog has been checked: 0 passed
06.08.2014 06:43:19,199 - INFO  - Watchdog has been checked: 0 passed
06.08.2014 06:45:19,160 - INFO  - Watchdog has been checked: 0 passed
06.08.2014 06:47:19,237 - INFO  - Watchdog has been checked: 0 passed
06.08.2014 06:49:19,207 - INFO  - Watchdog has been checked: 0 passed
06.08.2014 06:51:19,200 - INFO  - Watchdog has been checked: 0 passed
06.08.2014 06:53:19,289 - INFO  - Watchdog has been checked: 0 passed
06.08.2014 06:55:19,257 - INFO  - Watchdog has been checked: 0 passed
06.08.2014 06:57:19,225 - INFO  - Watchdog has been checked: 0 passed
06.08.2014 06:59:19,232 - INFO  - Watchdog has been checked: 0 passed
06.08.2014 07:01:19,137 - INFO  - Watchdog has been checked: 0 passed
06.08.2014 07:03:19,215 - INFO  - Watchdog has been checked: 0 passed
06.08.2014 07:05:19,171 - INFO  - Watchdog has been checked: 0 passed
06.08.2014 07:07:19,141 - INFO  - Watchdog has been checked: 0 passed
06.08.2014 07:09:19,122 - INFO  - Watchdog has been checked: 0 passed
06.08.2014 07:11:19,297 - INFO  - Watchdog has been checked: 0 passed
06.08.2014 07:13:19,179 - INFO  - Watchdog has been checked: 0 passed
06.08.2014 07:15:01,955 - INFO  - mapping file sync started
06.08.2014 07:15:02,438 - INFO  - file successfully updated
06.08.2014 07:15:19,189 - INFO  - Watchdog has been checked: 0 passed
06.08.2014 07:17:19,325 - INFO  - Watchdog has been checked: 0 passed
06.08.2014 07:19:19,332 - INFO  - Watchdog has been checked: 0 passed
06.08.2014 07:21:19,263 - INFO  - Watchdog has been checked: 0 passed
06.08.2014 07:23:19,257 - INFO  - Watchdog has been checked: 0 passed
06.08.2014 07:25:19,265 - INFO  - Watchdog has been checked: 0 passed
06.08.2014 07:27:19,503 - INFO  - Watchdog has been checked: 0 passed
06.08.2014 07:29:19,311 - INFO  - Watchdog has been checked: 0 passed
06.08.2014 07:31:19,199 - INFO  - Watchdog has been checked: 0 passed
06.08.2014 07:33:19,157 - INFO  - Watchdog has been checked: 0 passed
06.08.2014 07:35:19,289 - INFO  - Watchdog has been checked: 0 passed
06.08.2014 07:37:19,387 - INFO  - Watchdog has been checked: 0 passed
06.08.2014 07:39:19,098 - INFO  - Watchdog has been checked: 0 passed
06.08.2014 07:41:19,179 - INFO  - Watchdog has been checked: 0 passed
06.08.2014 07:43:19,020 - INFO  - Watchdog has been checked: 0 passed
06.08.2014 07:45:19,069 - INFO  - Watchdog has been checked: 0 passed
06.08.2014 07:47:19,305 - INFO  - Watchdog has been checked: 0 passed
06.08.2014 07:49:19,113 - INFO  - Watchdog has been checked: 0 passed
06.08.2014 07:51:19,197 - INFO  - Watchdog has been checked: 0 passed
06.08.2014 07:53:19,067 - INFO  - Watchdog has been checked: 0 passed
06.08.2014 07:55:18,129 - INFO  - Watchdog has been checked: 0 passed
06.08.2014 07:55:52,715 - ERROR - unknown wikiuser
06.08.2014 07:55:52,780 - INFO  - searcher anonymous --- respT: 23ms, 28353 results, q=, 
06.08.2014 07:55:55,193 - ERROR - unknown wikiuser
06.08.2014 07:55:55,238 - INFO  - searcher anonymous --- respT: 13ms, 122 results, q=WLan, 
06.08.2014 07:55:55,676 - ERROR - unknown wikiuser
06.08.2014 07:55:55,755 - INFO  - searcher anonymous --- respT: 16ms, 122 results, q=WLan, 
06.08.2014 07:57:18,225 - INFO  - Watchdog has been checked: 0 passed
06.08.2014 07:59:18,260 - INFO  - Watchdog has been checked: 0 passed
06.08.2014 08:01:18,167 - INFO  - Watchdog has been checked: 0 passed
06.08.2014 08:03:18,193 - INFO  - Watchdog has been checked: 0 passed
06.08.2014 08:05:18,049 - INFO  - Watchdog has been checked: 0 passed
06.08.2014 08:07:17,285 - INFO  - Watchdog has been checked: 0 passed
06.08.2014 08:09:17,211 - INFO  - Watchdog has been checked: 0 passed
06.08.2014 08:11:17,118 - INFO  - Watchdog has been checked: 0 passed
06.08.2014 08:13:17,160 - INFO  - Watchdog has been checked: 0 passed
06.08.2014 08:15:17,325 - INFO  - Watchdog has been checked: 0 passed
06.08.2014 08:17:17,204 - INFO  - Watchdog has been checked: 0 passed
06.08.2014 08:19:17,146 - INFO  - Watchdog has been checked: 0 passed
06.08.2014 08:21:17,090 - INFO  - Watchdog has been checked: 0 passed
06.08.2014 08:23:17,093 - INFO  - Watchdog has been checked: 0 passed
06.08.2014 08:25:17,325 - INFO  - Watchdog has been checked: 0 passed
06.08.2014 08:27:17,256 - INFO  - Watchdog has been checked: 0 passed
06.08.2014 08:29:19,447 - INFO  - Watchdog has been checked: 0 passed
06.08.2014 08:31:19,382 - INFO  - Watchdog has been checked: 0 passed
06.08.2014 08:33:19,311 - INFO  - Watchdog has been checked: 0 passed
06.08.2014 08:35:19,194 - INFO  - Watchdog has been checked: 0 passed
06.08.2014 08:37:19,275 - INFO  - Watchdog has been checked: 0 passed
06.08.2014 08:39:19,300 - INFO  - Watchdog has been checked: 0 passed
06.08.2014 08:41:19,315 - INFO  - Watchdog has been checked: 0 passed
06.08.2014 08:43:19,419 - INFO  - Watchdog has been checked: 0 passed
06.08.2014 08:45:19,192 - INFO  - Watchdog has been checked: 0 passed
06.08.2014 08:47:19,354 - INFO  - Watchdog has been checked: 0 passed
06.08.2014 08:49:19,395 - INFO  - Watchdog has been checked: 0 passed
06.08.2014 08:51:19,382 - INFO  - Watchdog has been checked: 0 passed
06.08.2014 08:53:19,371 - INFO  - Watchdog has been checked: 0 passed
06.08.2014 08:55:19,234 - INFO  - Watchdog has been checked: 0 passed
06.08.2014 08:57:19,066 - INFO  - Watchdog has been checked: 0 passed
06.08.2014 08:59:19,303 - INFO  - Watchdog has been checked: 0 passed
06.08.2014 09:01:19,254 - INFO  - Watchdog has been checked: 0 passed
06.08.2014 09:03:19,315 - INFO  - Watchdog has been checked: 0 passed
06.08.2014 09:05:19,315 - INFO  - Watchdog has been checked: 0 passed
06.08.2014 09:07:19,199 - INFO  - Watchdog has been checked: 0 passed
06.08.2014 09:09:19,075 - INFO  - Watchdog has been checked: 0 passed
06.08.2014 09:11:19,124 - INFO  - Watchdog has been checked: 0 passed
06.08.2014 09:13:19,164 - INFO  - Watchdog has been checked: 0 passed
06.08.2014 09:15:19,218 - INFO  - Watchdog has been checked: 0 passed
06.08.2014 09:17:19,116 - INFO  - Watchdog has been checked: 0 passed
06.08.2014 09:19:19,119 - INFO  - Watchdog has been checked: 0 passed
06.08.2014 09:21:19,027 - INFO  - Watchdog has been checked: 0 passed
06.08.2014 09:23:18,171 - INFO  - Watchdog has been checked: 0 passed
06.08.2014 09:25:18,214 - INFO  - Watchdog has been checked: 0 passed
06.08.2014 09:27:18,413 - INFO  - Watchdog has been checked: 0 passed
06.08.2014 09:29:18,133 - INFO  - Watchdog has been checked: 0 passed
06.08.2014 09:31:18,126 - INFO  - Watchdog has been checked: 0 passed
06.08.2014 09:33:18,215 - INFO  - Watchdog has been checked: 0 passed
06.08.2014 09:35:18,223 - INFO  - Watchdog has been checked: 0 passed
06.08.2014 09:37:18,205 - INFO  - Watchdog has been checked: 0 passed
06.08.2014 09:39:18,177 - INFO  - Watchdog has been checked: 0 passed
06.08.2014 09:41:18,102 - INFO  - Watchdog has been checked: 0 passed
06.08.2014 09:43:18,190 - INFO  - Watchdog has been checked: 0 passed
06.08.2014 09:45:18,160 - INFO  - Watchdog has been checked: 0 passed
06.08.2014 09:47:18,415 - INFO  - Watchdog has been checked: 0 passed
06.08.2014 09:49:18,255 - INFO  - Watchdog has been checked: 0 passed
06.08.2014 09:51:18,105 - INFO  - Watchdog has been checked: 0 passed
06.08.2014 09:53:17,225 - INFO  - Watchdog has been checked: 0 passed
06.08.2014 09:55:17,136 - INFO  - Watchdog has been checked: 0 passed
06.08.2014 09:57:17,234 - INFO  - Watchdog has been checked: 0 passed
06.08.2014 09:59:17,160 - INFO  - Watchdog has been checked: 0 passed
06.08.2014 10:01:17,267 - INFO  - Watchdog has been checked: 0 passed
06.08.2014 10:03:17,173 - INFO  - Watchdog has been checked: 0 passed
06.08.2014 10:05:17,162 - INFO  - Watchdog has been checked: 0 passed
06.08.2014 10:07:17,223 - INFO  - Watchdog has been checked: 0 passed
06.08.2014 10:09:17,234 - INFO  - Watchdog has been checked: 0 passed
06.08.2014 10:11:17,325 - INFO  - Watchdog has been checked: 0 passed
06.08.2014 10:13:17,186 - INFO  - Watchdog has been checked: 0 passed
06.08.2014 10:15:17,149 - INFO  - Watchdog has been checked: 0 passed
06.08.2014 10:17:17,185 - INFO  - Watchdog has been checked: 0 passed
06.08.2014 10:19:17,085 - INFO  - Watchdog has been checked: 0 passed
06.08.2014 10:21:17,269 - INFO  - Watchdog has been checked: 0 passed
06.08.2014 10:23:17,287 - INFO  - Watchdog has been checked: 0 passed
06.08.2014 10:25:17,086 - INFO  - Watchdog has been checked: 0 passed
06.08.2014 10:27:17,237 - INFO  - Watchdog has been checked: 0 passed
06.08.2014 10:29:17,189 - INFO  - Watchdog has been checked: 0 passed
06.08.2014 10:31:17,118 - INFO  - Watchdog has been checked: 0 passed
06.08.2014 10:33:17,170 - INFO  - Watchdog has been checked: 0 passed
06.08.2014 10:35:17,203 - INFO  - Watchdog has been checked: 0 passed
06.08.2014 10:37:17,212 - INFO  - Watchdog has been checked: 0 passed
06.08.2014 10:39:17,216 - INFO  - Watchdog has been checked: 0 passed
06.08.2014 10:41:17,161 - INFO  - Watchdog has been checked: 0 passed
06.08.2014 10:43:17,204 - INFO  - Watchdog has been checked: 0 passed
06.08.2014 10:45:17,259 - INFO  - Watchdog has been checked: 0 passed
06.08.2014 10:47:17,181 - INFO  - Watchdog has been checked: 0 passed
06.08.2014 10:49:17,136 - INFO  - Watchdog has been checked: 0 passed
06.08.2014 10:51:17,111 - INFO  - Watchdog has been checked: 0 passed
06.08.2014 10:53:17,099 - INFO  - Watchdog has been checked: 0 passed
06.08.2014 10:55:16,195 - INFO  - Watchdog has been checked: 0 passed
06.08.2014 10:57:16,204 - INFO  - Watchdog has been checked: 0 passed
06.08.2014 10:59:16,130 - INFO  - Watchdog has been checked: 0 passed
06.08.2014 11:01:16,405 - INFO  - Watchdog has been checked: 0 passed
06.08.2014 11:03:16,310 - INFO  - Watchdog has been checked: 0 passed
06.08.2014 11:05:16,203 - INFO  - Watchdog has been checked: 0 passed
06.08.2014 11:07:16,090 - INFO  - Watchdog has been checked: 0 passed
06.08.2014 11:09:16,190 - INFO  - Watchdog has been checked: 0 passed
06.08.2014 11:11:16,182 - INFO  - Watchdog has been checked: 0 passed
06.08.2014 11:13:16,202 - INFO  - Watchdog has been checked: 0 passed
06.08.2014 11:15:16,292 - INFO  - Watchdog has been checked: 0 passed
06.08.2014 11:17:16,088 - INFO  - Watchdog has been checked: 0 passed
06.08.2014 11:19:16,393 - INFO  - Watchdog has been checked: 0 passed
06.08.2014 11:21:16,231 - INFO  - Watchdog has been checked: 0 passed
06.08.2014 11:23:16,311 - INFO  - Watchdog has been checked: 0 passed
06.08.2014 11:25:16,388 - INFO  - Watchdog has been checked: 0 passed
06.08.2014 11:27:16,275 - INFO  - Watchdog has been checked: 0 passed
06.08.2014 11:29:16,366 - INFO  - Watchdog has been checked: 0 passed
06.08.2014 11:31:16,376 - INFO  - Watchdog has been checked: 0 passed
06.08.2014 11:33:16,407 - INFO  - Watchdog has been checked: 0 passed
06.08.2014 11:35:16,155 - INFO  - Watchdog has been checked: 0 passed
06.08.2014 11:37:16,217 - INFO  - Watchdog has been checked: 0 passed
06.08.2014 11:39:16,125 - INFO  - Watchdog has been checked: 0 passed
06.08.2014 11:41:16,115 - INFO  - Watchdog has been checked: 0 passed
06.08.2014 11:43:16,066 - INFO  - Watchdog has been checked: 0 passed
06.08.2014 11:45:16,101 - INFO  - Watchdog has been checked: 0 passed
06.08.2014 11:47:16,172 - INFO  - Watchdog has been checked: 0 passed
06.08.2014 11:49:16,030 - INFO  - Watchdog has been checked: 0 passed
06.08.2014 11:51:16,038 - INFO  - Watchdog has been checked: 0 passed
06.08.2014 11:53:16,081 - INFO  - Watchdog has been checked: 0 passed
06.08.2014 11:55:16,075 - INFO  - Watchdog has been checked: 0 passed
06.08.2014 11:57:16,182 - INFO  - Watchdog has been checked: 0 passed
06.08.2014 11:59:16,040 - INFO  - Watchdog has been checked: 0 passed
06.08.2014 12:01:16,141 - INFO  - Watchdog has been checked: 0 passed
06.08.2014 12:03:16,000 - INFO  - Watchdog has been checked: 0 passed
06.08.2014 12:05:16,233 - INFO  - Watchdog has been checked: 0 passed
06.08.2014 12:07:16,042 - INFO  - Watchdog has been checked: 0 passed
06.08.2014 12:09:16,160 - INFO  - Watchdog has been checked: 0 passed
06.08.2014 12:11:16,095 - INFO  - Watchdog has been checked: 0 passed
06.08.2014 12:13:16,189 - INFO  - Watchdog has been checked: 0 passed
06.08.2014 12:15:16,200 - INFO  - Watchdog has been checked: 0 passed
06.08.2014 12:17:16,000 - INFO  - Watchdog has been checked: 0 passed
06.08.2014 12:19:16,144 - INFO  - Watchdog has been checked: 0 passed
06.08.2014 12:21:16,639 - INFO  - Watchdog has been checked: 0 passed
06.08.2014 12:23:16,125 - INFO  - Watchdog has been checked: 0 passed
06.08.2014 12:25:16,145 - INFO  - Watchdog has been checked: 0 passed
06.08.2014 12:27:16,252 - INFO  - Watchdog has been checked: 0 passed
06.08.2014 12:29:16,222 - INFO  - Watchdog has been checked: 0 passed
06.08.2014 12:31:16,147 - INFO  - Watchdog has been checked: 0 passed
06.08.2014 12:33:16,275 - INFO  - Watchdog has been checked: 0 passed
06.08.2014 12:35:16,281 - INFO  - Watchdog has been checked: 0 passed
06.08.2014 12:37:16,310 - INFO  - Watchdog has been checked: 0 passed
06.08.2014 12:39:16,279 - INFO  - Watchdog has been checked: 0 passed
06.08.2014 12:41:16,349 - INFO  - Watchdog has been checked: 0 passed
06.08.2014 12:43:16,239 - INFO  - Watchdog has been checked: 0 passed
06.08.2014 12:45:16,241 - INFO  - Watchdog has been checked: 0 passed
06.08.2014 12:47:16,179 - INFO  - Watchdog has been checked: 0 passed
06.08.2014 12:49:16,104 - INFO  - Watchdog has been checked: 0 passed
06.08.2014 12:51:15,241 - INFO  - Watchdog has been checked: 0 passed
06.08.2014 12:53:15,363 - INFO  - Watchdog has been checked: 0 passed
06.08.2014 12:55:15,405 - INFO  - Watchdog has been checked: 0 passed
06.08.2014 12:57:15,355 - INFO  - Watchdog has been checked: 0 passed
06.08.2014 12:59:15,330 - INFO  - Watchdog has been checked: 0 passed
06.08.2014 13:01:15,243 - INFO  - Watchdog has been checked: 0 passed
06.08.2014 13:03:15,258 - INFO  - Watchdog has been checked: 0 passed
06.08.2014 13:05:15,275 - INFO  - Watchdog has been checked: 0 passed
06.08.2014 13:07:15,242 - INFO  - Watchdog has been checked: 0 passed
06.08.2014 13:09:15,200 - INFO  - Watchdog has been checked: 0 passed
06.08.2014 13:11:15,093 - INFO  - Watchdog has been checked: 0 passed
06.08.2014 13:13:15,573 - INFO  - Watchdog has been checked: 0 passed
06.08.2014 13:15:14,985 - INFO  - Watchdog has been checked: 0 passed
06.08.2014 13:17:13,867 - INFO  - Watchdog has been checked: 0 passed
06.08.2014 13:19:13,022 - INFO  - Watchdog has been checked: 0 passed
06.08.2014 13:21:13,000 - INFO  - Watchdog has been checked: 0 passed
06.08.2014 13:23:12,964 - INFO  - Watchdog has been checked: 0 passed
06.08.2014 13:25:12,875 - INFO  - Watchdog has been checked: 0 passed
06.08.2014 13:27:12,078 - INFO  - Watchdog has been checked: 0 passed
06.08.2014 13:29:12,036 - INFO  - Watchdog has been checked: 0 passed
06.08.2014 13:31:11,995 - INFO  - Watchdog has been checked: 0 passed
06.08.2014 13:33:11,977 - INFO  - Watchdog has been checked: 0 passed
06.08.2014 13:35:11,895 - INFO  - Watchdog has been checked: 0 passed
06.08.2014 13:37:12,015 - INFO  - Watchdog has been checked: 0 passed
06.08.2014 13:39:12,138 - INFO  - Watchdog has been checked: 0 passed
06.08.2014 13:41:12,174 - INFO  - Watchdog has been checked: 0 passed
06.08.2014 13:43:12,200 - INFO  - Watchdog has been checked: 0 passed
06.08.2014 13:45:12,029 - INFO  - Watchdog has been checked: 0 passed
06.08.2014 13:47:12,140 - INFO  - Watchdog has been checked: 0 passed
06.08.2014 13:49:12,158 - INFO  - Watchdog has been checked: 0 passed
06.08.2014 13:51:12,215 - INFO  - Watchdog has been checked: 0 passed
06.08.2014 13:53:12,303 - INFO  - Watchdog has been checked: 0 passed
06.08.2014 13:55:12,345 - INFO  - Watchdog has been checked: 0 passed
06.08.2014 13:57:12,360 - INFO  - Watchdog has been checked: 0 passed
06.08.2014 13:59:12,178 - INFO  - Watchdog has been checked: 0 passed
06.08.2014 14:01:12,200 - INFO  - Watchdog has been checked: 0 passed
06.08.2014 14:03:12,183 - INFO  - Watchdog has been checked: 0 passed
06.08.2014 14:05:12,216 - INFO  - Watchdog has been checked: 0 passed
06.08.2014 14:07:12,286 - INFO  - Watchdog has been checked: 0 passed
06.08.2014 14:09:12,392 - INFO  - Watchdog has been checked: 0 passed
06.08.2014 14:11:12,433 - INFO  - Watchdog has been checked: 0 passed
06.08.2014 14:13:12,219 - INFO  - Watchdog has been checked: 0 passed
06.08.2014 14:15:12,170 - INFO  - Watchdog has been checked: 0 passed
06.08.2014 14:17:12,228 - INFO  - Watchdog has been checked: 0 passed
06.08.2014 14:19:12,362 - INFO  - Watchdog has been checked: 0 passed
06.08.2014 14:21:12,272 - INFO  - Watchdog has been checked: 0 passed
06.08.2014 14:23:12,101 - INFO  - Watchdog has been checked: 0 passed
06.08.2014 14:25:12,116 - INFO  - Watchdog has been checked: 0 passed
06.08.2014 14:27:12,177 - INFO  - Watchdog has been checked: 0 passed
06.08.2014 14:29:12,222 - INFO  - Watchdog has been checked: 0 passed
06.08.2014 14:31:12,178 - INFO  - Watchdog has been checked: 0 passed
06.08.2014 14:31:50,885 - INFO  - searcher identified --- respT: 16ms, 5377 results, web:(PSIWeb), q=, 
06.08.2014 14:31:58,165 - INFO  - searcher identified --- respT: 14ms, 24 results, web:(PSIWeb), date:[NOW/DAY-1DAY TO NOW], q=, 
06.08.2014 14:32:15,307 - INFO  - searcher identified --- respT: 13ms, 12 results, web:(PSIWeb), date:[NOW/DAY-1DAY TO NOW], author:AndreLichtsteiner, q=, 
06.08.2014 14:33:11,008 - INFO  - Watchdog has been checked: 0 passed
06.08.2014 14:35:10,042 - INFO  - Watchdog has been checked: 0 passed
06.08.2014 14:37:09,119 - INFO  - Watchdog has been checked: 0 passed
06.08.2014 14:39:07,970 - INFO  - Watchdog has been checked: 0 passed
06.08.2014 14:41:07,183 - INFO  - Watchdog has been checked: 0 passed
06.08.2014 14:43:07,017 - INFO  - Watchdog has been checked: 0 passed
06.08.2014 14:45:06,088 - INFO  - Watchdog has been checked: 0 passed
06.08.2014 14:47:06,167 - INFO  - Watchdog has been checked: 0 passed
06.08.2014 14:49:06,252 - INFO  - Watchdog has been checked: 0 passed
06.08.2014 14:51:06,914 - INFO  - Watchdog has been checked: 0 passed
06.08.2014 14:53:06,033 - INFO  - Watchdog has been checked: 0 passed
06.08.2014 14:55:06,275 - INFO  - Watchdog has been checked: 0 passed
06.08.2014 14:57:06,063 - INFO  - Watchdog has been checked: 0 passed
06.08.2014 14:59:06,199 - INFO  - Watchdog has been checked: 0 passed
06.08.2014 15:01:06,137 - INFO  - Watchdog has been checked: 0 passed
06.08.2014 15:03:06,220 - INFO  - Watchdog has been checked: 0 passed
06.08.2014 15:05:06,206 - INFO  - Watchdog has been checked: 0 passed
06.08.2014 15:07:06,941 - INFO  - Watchdog has been checked: 0 passed
06.08.2014 15:09:07,208 - INFO  - Watchdog has been checked: 0 passed
06.08.2014 15:11:07,170 - INFO  - Watchdog has been checked: 0 passed
06.08.2014 15:13:07,267 - INFO  - Watchdog has been checked: 0 passed
06.08.2014 15:15:07,291 - INFO  - Watchdog has been checked: 0 passed
06.08.2014 15:17:07,317 - INFO  - Watchdog has been checked: 0 passed
06.08.2014 15:19:07,252 - INFO  - Watchdog has been checked: 0 passed
06.08.2014 15:21:07,195 - INFO  - Watchdog has been checked: 0 passed
06.08.2014 15:23:07,251 - INFO  - Watchdog has been checked: 0 passed
06.08.2014 15:25:07,261 - INFO  - Watchdog has been checked: 0 passed
06.08.2014 15:27:07,233 - INFO  - Watchdog has been checked: 0 passed
06.08.2014 15:29:07,186 - INFO  - Watchdog has been checked: 0 passed
06.08.2014 15:31:07,155 - INFO  - Watchdog has been checked: 0 passed
06.08.2014 15:33:06,153 - INFO  - Watchdog has been checked: 0 passed
06.08.2014 15:35:06,203 - INFO  - Watchdog has been checked: 0 passed
06.08.2014 15:37:06,172 - INFO  - Watchdog has been checked: 0 passed
06.08.2014 15:39:06,157 - INFO  - Watchdog has been checked: 0 passed
06.08.2014 15:41:06,187 - INFO  - Watchdog has been checked: 0 passed
06.08.2014 15:43:05,801 - INFO  - Watchdog has been checked: 0 passed
06.08.2014 15:45:05,264 - INFO  - Watchdog has been checked: 0 passed
06.08.2014 15:47:05,292 - INFO  - Watchdog has been checked: 0 passed
06.08.2014 15:49:05,205 - INFO  - Watchdog has been checked: 0 passed
06.08.2014 15:51:05,172 - INFO  - Watchdog has been checked: 0 passed
06.08.2014 15:53:06,036 - INFO  - Watchdog has been checked: 0 passed
06.08.2014 15:55:05,038 - INFO  - Watchdog has been checked: 0 passed
06.08.2014 15:57:04,211 - INFO  - Watchdog has been checked: 0 passed
06.08.2014 15:59:04,109 - INFO  - Watchdog has been checked: 0 passed
06.08.2014 16:01:04,094 - INFO  - Watchdog has been checked: 0 passed
06.08.2014 16:03:04,070 - INFO  - Watchdog has been checked: 0 passed
06.08.2014 16:05:04,222 - INFO  - Watchdog has been checked: 0 passed
06.08.2014 16:07:04,232 - INFO  - Watchdog has been checked: 0 passed
06.08.2014 16:09:04,072 - INFO  - Watchdog has been checked: 0 passed
06.08.2014 16:11:04,111 - INFO  - Watchdog has been checked: 0 passed
06.08.2014 16:13:04,169 - INFO  - Watchdog has been checked: 0 passed
06.08.2014 16:15:04,274 - INFO  - Watchdog has been checked: 0 passed
06.08.2014 16:17:04,274 - INFO  - Watchdog has been checked: 0 passed
06.08.2014 16:19:04,100 - INFO  - Watchdog has been checked: 0 passed
06.08.2014 16:21:04,150 - INFO  - Watchdog has been checked: 0 passed
06.08.2014 16:23:04,168 - INFO  - Watchdog has been checked: 0 passed
06.08.2014 16:25:04,225 - INFO  - Watchdog has been checked: 0 passed
06.08.2014 16:27:04,263 - INFO  - Watchdog has been checked: 0 passed
06.08.2014 16:29:04,326 - INFO  - Watchdog has been checked: 0 passed
06.08.2014 16:31:04,127 - INFO  - Watchdog has been checked: 0 passed
06.08.2014 16:33:04,201 - INFO  - Watchdog has been checked: 0 passed
06.08.2014 16:35:04,252 - INFO  - Watchdog has been checked: 0 passed
06.08.2014 16:37:04,344 - INFO  - Watchdog has been checked: 0 passed
06.08.2014 16:39:04,225 - INFO  - Watchdog has been checked: 0 passed
06.08.2014 16:41:04,243 - INFO  - Watchdog has been checked: 0 passed
06.08.2014 16:43:04,222 - INFO  - Watchdog has been checked: 0 passed
06.08.2014 16:45:04,226 - INFO  - Watchdog has been checked: 0 passed
06.08.2014 16:47:04,293 - INFO  - Watchdog has been checked: 0 passed
06.08.2014 16:49:04,131 - INFO  - Watchdog has been checked: 0 passed
06.08.2014 16:51:04,140 - INFO  - Watchdog has been checked: 0 passed
06.08.2014 16:53:04,210 - INFO  - Watchdog has been checked: 0 passed
06.08.2014 16:55:04,226 - INFO  - Watchdog has been checked: 0 passed
06.08.2014 16:57:04,333 - INFO  - Watchdog has been checked: 0 passed
06.08.2014 16:59:04,170 - INFO  - Watchdog has been checked: 0 passed
06.08.2014 17:01:04,374 - INFO  - Watchdog has been checked: 0 passed
06.08.2014 17:03:04,195 - INFO  - Watchdog has been checked: 0 passed
06.08.2014 17:05:04,201 - INFO  - Watchdog has been checked: 0 passed
06.08.2014 17:07:04,222 - INFO  - Watchdog has been checked: 0 passed
06.08.2014 17:09:04,053 - INFO  - Watchdog has been checked: 0 passed
06.08.2014 17:11:03,254 - INFO  - Watchdog has been checked: 0 passed
06.08.2014 17:13:03,095 - INFO  - Watchdog has been checked: 0 passed
06.08.2014 17:15:03,071 - INFO  - Watchdog has been checked: 0 passed
06.08.2014 17:17:02,172 - INFO  - Watchdog has been checked: 0 passed
06.08.2014 17:19:02,072 - INFO  - Watchdog has been checked: 0 passed
06.08.2014 17:21:01,017 - INFO  - Watchdog has been checked: 0 passed
06.08.2014 17:23:00,116 - INFO  - Watchdog has been checked: 0 passed
06.08.2014 17:24:59,130 - INFO  - Watchdog has been checked: 0 passed
06.08.2014 17:26:59,178 - INFO  - Watchdog has been checked: 0 passed
06.08.2014 17:28:59,066 - INFO  - Watchdog has been checked: 0 passed
06.08.2014 17:30:58,232 - INFO  - Watchdog has been checked: 0 passed
06.08.2014 17:32:58,108 - INFO  - Watchdog has been checked: 0 passed
06.08.2014 17:34:58,108 - INFO  - Watchdog has been checked: 0 passed
06.08.2014 17:36:57,239 - INFO  - Watchdog has been checked: 0 passed
06.08.2014 17:38:57,220 - INFO  - Watchdog has been checked: 0 passed
06.08.2014 17:40:56,182 - INFO  - Watchdog has been checked: 0 passed
06.08.2014 17:42:55,254 - INFO  - Watchdog has been checked: 0 passed
06.08.2014 17:44:55,269 - INFO  - Watchdog has been checked: 0 passed
06.08.2014 17:46:55,415 - INFO  - Watchdog has been checked: 0 passed
06.08.2014 17:48:55,200 - INFO  - Watchdog has been checked: 0 passed
06.08.2014 17:50:55,354 - INFO  - Watchdog has been checked: 0 passed
06.08.2014 17:52:55,148 - INFO  - Watchdog has been checked: 0 passed
06.08.2014 17:54:55,182 - INFO  - Watchdog has been checked: 0 passed
06.08.2014 17:56:55,233 - INFO  - Watchdog has been checked: 0 passed
06.08.2014 17:58:55,172 - INFO  - Watchdog has been checked: 0 passed
06.08.2014 18:00:55,333 - INFO  - Watchdog has been checked: 0 passed
06.08.2014 18:02:55,375 - INFO  - Watchdog has been checked: 0 passed
06.08.2014 18:04:55,421 - INFO  - Watchdog has been checked: 0 passed
06.08.2014 18:06:55,425 - INFO  - Watchdog has been checked: 0 passed
06.08.2014 18:08:55,355 - INFO  - Watchdog has been checked: 0 passed
06.08.2014 18:10:55,287 - INFO  - Watchdog has been checked: 0 passed
06.08.2014 18:12:55,355 - INFO  - Watchdog has been checked: 0 passed
06.08.2014 18:14:55,401 - INFO  - Watchdog has been checked: 0 passed
06.08.2014 18:16:55,418 - INFO  - Watchdog has been checked: 0 passed
06.08.2014 18:18:55,323 - INFO  - Watchdog has been checked: 0 passed
06.08.2014 18:20:55,257 - INFO  - Watchdog has been checked: 0 passed
06.08.2014 18:22:55,553 - INFO  - Watchdog has been checked: 0 passed
06.08.2014 18:24:55,359 - INFO  - Watchdog has been checked: 0 passed
06.08.2014 18:26:55,289 - INFO  - Watchdog has been checked: 0 passed
06.08.2014 18:28:55,195 - INFO  - Watchdog has been checked: 0 passed
06.08.2014 18:30:55,140 - INFO  - Watchdog has been checked: 0 passed
06.08.2014 18:32:55,130 - INFO  - Watchdog has been checked: 0 passed
06.08.2014 18:34:55,212 - INFO  - Watchdog has been checked: 0 passed
06.08.2014 18:36:55,155 - INFO  - Watchdog has been checked: 0 passed
06.08.2014 18:38:55,732 - INFO  - Watchdog has been checked: 0 passed
06.08.2014 18:40:55,094 - INFO  - Watchdog has been checked: 0 passed
06.08.2014 18:42:55,115 - INFO  - Watchdog has been checked: 0 passed
06.08.2014 18:44:55,208 - INFO  - Watchdog has been checked: 0 passed
06.08.2014 18:46:54,957 - INFO  - Watchdog has been checked: 0 passed
06.08.2014 18:48:54,176 - INFO  - Watchdog has been checked: 0 passed
06.08.2014 18:50:54,223 - INFO  - Watchdog has been checked: 0 passed
06.08.2014 18:52:54,221 - INFO  - Watchdog has been checked: 0 passed
06.08.2014 18:54:54,126 - INFO  - Watchdog has been checked: 0 passed
06.08.2014 18:56:54,153 - INFO  - Watchdog has been checked: 0 passed
06.08.2014 18:58:54,228 - INFO  - Watchdog has been checked: 0 passed
06.08.2014 19:00:54,265 - INFO  - Watchdog has been checked: 0 passed
06.08.2014 19:02:54,244 - INFO  - Watchdog has been checked: 0 passed
06.08.2014 19:04:54,125 - INFO  - Watchdog has been checked: 0 passed
06.08.2014 19:06:53,338 - INFO  - Watchdog has been checked: 0 passed
06.08.2014 19:08:53,181 - INFO  - Watchdog has been checked: 0 passed
06.08.2014 19:10:53,203 - INFO  - Watchdog has been checked: 0 passed
06.08.2014 19:12:53,188 - INFO  - Watchdog has been checked: 0 passed
06.08.2014 19:14:53,231 - INFO  - Watchdog has been checked: 0 passed
06.08.2014 19:16:53,356 - INFO  - Watchdog has been checked: 0 passed
06.08.2014 19:18:53,179 - INFO  - Watchdog has been checked: 0 passed
06.08.2014 19:20:53,181 - INFO  - Watchdog has been checked: 0 passed
06.08.2014 19:22:53,211 - INFO  - Watchdog has been checked: 0 passed
06.08.2014 19:24:53,231 - INFO  - Watchdog has been checked: 0 passed
06.08.2014 19:26:53,327 - INFO  - Watchdog has been checked: 0 passed
06.08.2014 19:28:53,294 - INFO  - Watchdog has been checked: 0 passed
06.08.2014 19:30:52,159 - INFO  - Watchdog has been checked: 0 passed
06.08.2014 19:32:52,215 - INFO  - Watchdog has been checked: 0 passed
06.08.2014 19:34:52,245 - INFO  - Watchdog has been checked: 0 passed
06.08.2014 19:36:52,113 - INFO  - Watchdog has been checked: 0 passed
06.08.2014 19:38:52,340 - INFO  - Watchdog has been checked: 0 passed
06.08.2014 19:40:52,209 - INFO  - Watchdog has been checked: 0 passed
06.08.2014 19:42:52,290 - INFO  - Watchdog has been checked: 0 passed
06.08.2014 19:44:52,301 - INFO  - Watchdog has been checked: 0 passed
06.08.2014 19:46:52,113 - INFO  - Watchdog has been checked: 0 passed
06.08.2014 19:48:52,301 - INFO  - Watchdog has been checked: 0 passed
06.08.2014 19:50:52,127 - INFO  - Watchdog has been checked: 0 passed
06.08.2014 19:52:51,965 - INFO  - Watchdog has been checked: 0 passed
06.08.2014 19:54:50,998 - INFO  - Watchdog has been checked: 0 passed
06.08.2014 19:56:50,063 - INFO  - Watchdog has been checked: 0 passed
06.08.2014 19:58:50,166 - INFO  - Watchdog has been checked: 0 passed
06.08.2014 20:00:50,092 - INFO  - Watchdog has been checked: 0 passed
06.08.2014 20:02:50,170 - INFO  - Watchdog has been checked: 0 passed
06.08.2014 20:04:50,064 - INFO  - Watchdog has been checked: 0 passed
06.08.2014 20:06:49,990 - INFO  - Watchdog has been checked: 0 passed
06.08.2014 20:08:50,134 - INFO  - Watchdog has been checked: 0 passed
06.08.2014 20:10:50,190 - INFO  - Watchdog has been checked: 0 passed
06.08.2014 20:12:50,196 - INFO  - Watchdog has been checked: 0 passed
06.08.2014 20:14:50,329 - INFO  - Watchdog has been checked: 0 passed
06.08.2014 20:16:50,093 - INFO  - Watchdog has been checked: 0 passed
06.08.2014 20:18:50,252 - INFO  - Watchdog has been checked: 0 passed
06.08.2014 20:20:50,232 - INFO  - Watchdog has been checked: 0 passed
06.08.2014 20:22:50,211 - INFO  - Watchdog has been checked: 0 passed
06.08.2014 20:24:50,246 - INFO  - Watchdog has been checked: 0 passed
06.08.2014 20:26:50,309 - INFO  - Watchdog has been checked: 0 passed
06.08.2014 20:28:50,245 - INFO  - Watchdog has been checked: 0 passed
06.08.2014 20:30:50,184 - INFO  - Watchdog has been checked: 0 passed
06.08.2014 20:32:50,264 - INFO  - Watchdog has been checked: 0 passed
06.08.2014 20:34:50,334 - INFO  - Watchdog has been checked: 0 passed
06.08.2014 20:36:50,338 - INFO  - Watchdog has been checked: 0 passed
06.08.2014 20:38:50,297 - INFO  - Watchdog has been checked: 0 passed
06.08.2014 20:40:50,223 - INFO  - Watchdog has been checked: 0 passed
06.08.2014 20:42:50,195 - INFO  - Watchdog has been checked: 0 passed
06.08.2014 20:44:50,260 - INFO  - Watchdog has been checked: 0 passed
06.08.2014 20:46:50,239 - INFO  - Watchdog has been checked: 0 passed
06.08.2014 20:48:50,213 - INFO  - Watchdog has been checked: 0 passed
06.08.2014 20:50:50,176 - INFO  - Watchdog has been checked: 0 passed
06.08.2014 20:52:50,215 - INFO  - Watchdog has been checked: 0 passed
06.08.2014 20:54:50,144 - INFO  - Watchdog has been checked: 0 passed
06.08.2014 20:56:49,034 - INFO  - Watchdog has been checked: 0 passed
06.08.2014 20:58:48,218 - INFO  - Watchdog has been checked: 0 passed
06.08.2014 21:00:48,213 - INFO  - Watchdog has been checked: 0 passed
06.08.2014 21:02:48,168 - INFO  - Watchdog has been checked: 0 passed
06.08.2014 21:04:48,106 - INFO  - Watchdog has been checked: 0 passed
06.08.2014 21:06:47,070 - INFO  - Watchdog has been checked: 0 passed
06.08.2014 21:08:46,490 - INFO  - Watchdog has been checked: 0 passed
06.08.2014 21:10:46,182 - INFO  - Watchdog has been checked: 0 passed
06.08.2014 21:12:46,157 - INFO  - Watchdog has been checked: 0 passed
06.08.2014 21:14:46,131 - INFO  - Watchdog has been checked: 0 passed
06.08.2014 21:16:45,109 - INFO  - Watchdog has been checked: 0 passed
06.08.2014 21:18:44,071 - INFO  - Watchdog has been checked: 0 passed
06.08.2014 21:20:43,135 - INFO  - Watchdog has been checked: 0 passed
06.08.2014 21:22:43,086 - INFO  - Watchdog has been checked: 0 passed
06.08.2014 21:24:43,179 - INFO  - Watchdog has been checked: 0 passed
06.08.2014 21:26:43,191 - INFO  - Watchdog has been checked: 0 passed
06.08.2014 21:28:43,031 - INFO  - Watchdog has been checked: 0 passed
06.08.2014 21:30:43,065 - INFO  - Watchdog has been checked: 0 passed
06.08.2014 21:32:43,038 - INFO  - Watchdog has been checked: 0 passed
06.08.2014 21:34:43,126 - INFO  - Watchdog has been checked: 0 passed
06.08.2014 21:36:43,264 - INFO  - Watchdog has been checked: 0 passed
06.08.2014 21:38:43,367 - INFO  - Watchdog has been checked: 0 passed
06.08.2014 21:40:43,153 - INFO  - Watchdog has been checked: 0 passed
06.08.2014 21:42:43,160 - INFO  - Watchdog has been checked: 0 passed
06.08.2014 21:44:43,229 - INFO  - Watchdog has been checked: 0 passed
06.08.2014 21:46:43,376 - INFO  - Watchdog has been checked: 0 passed
06.08.2014 21:48:43,157 - INFO  - Watchdog has been checked: 0 passed
06.08.2014 21:50:43,153 - INFO  - Watchdog has been checked: 0 passed
06.08.2014 21:52:43,168 - INFO  - Watchdog has been checked: 0 passed
06.08.2014 21:54:43,191 - INFO  - Watchdog has been checked: 0 passed
06.08.2014 21:56:43,386 - INFO  - Watchdog has been checked: 0 passed
06.08.2014 21:58:43,185 - INFO  - Watchdog has been checked: 0 passed
06.08.2014 22:00:43,176 - INFO  - Watchdog has been checked: 0 passed
06.08.2014 22:02:43,213 - INFO  - Watchdog has been checked: 0 passed
06.08.2014 22:04:43,323 - INFO  - Watchdog has been checked: 0 passed
06.08.2014 22:06:43,219 - INFO  - Watchdog has been checked: 0 passed
06.08.2014 22:08:43,235 - INFO  - Watchdog has been checked: 0 passed
06.08.2014 22:10:43,201 - INFO  - Watchdog has been checked: 0 passed
06.08.2014 22:12:43,087 - INFO  - Watchdog has been checked: 0 passed
06.08.2014 22:14:42,053 - INFO  - Watchdog has been checked: 0 passed
06.08.2014 22:16:41,121 - INFO  - Watchdog has been checked: 0 passed
06.08.2014 22:18:41,228 - INFO  - Watchdog has been checked: 0 passed
06.08.2014 22:20:41,216 - INFO  - Watchdog has been checked: 0 passed
06.08.2014 22:22:41,056 - INFO  - Watchdog has been checked: 0 passed
06.08.2014 22:24:40,039 - INFO  - Watchdog has been checked: 0 passed
06.08.2014 22:26:39,111 - INFO  - Watchdog has been checked: 0 passed
06.08.2014 22:28:38,205 - INFO  - Watchdog has been checked: 0 passed
06.08.2014 22:30:38,126 - INFO  - Watchdog has been checked: 0 passed
06.08.2014 22:32:38,249 - INFO  - Watchdog has been checked: 0 passed
06.08.2014 22:34:38,295 - INFO  - Watchdog has been checked: 0 passed
06.08.2014 22:36:38,118 - INFO  - Watchdog has been checked: 0 passed
06.08.2014 22:38:38,148 - INFO  - Watchdog has been checked: 0 passed
06.08.2014 22:40:38,274 - INFO  - Watchdog has been checked: 0 passed
06.08.2014 22:42:38,126 - INFO  - Watchdog has been checked: 0 passed
06.08.2014 22:44:38,175 - INFO  - Watchdog has been checked: 0 passed
06.08.2014 22:46:38,146 - INFO  - Watchdog has been checked: 0 passed
06.08.2014 22:48:38,059 - INFO  - Watchdog has been checked: 0 passed
06.08.2014 22:50:38,221 - INFO  - Watchdog has been checked: 0 passed
06.08.2014 22:52:38,366 - INFO  - Watchdog has been checked: 0 passed
06.08.2014 22:54:38,118 - INFO  - Watchdog has been checked: 0 passed
06.08.2014 22:56:38,138 - INFO  - Watchdog has been checked: 0 passed
06.08.2014 22:58:38,302 - INFO  - Watchdog has been checked: 0 passed
06.08.2014 23:00:38,167 - INFO  - Watchdog has been checked: 0 passed
06.08.2014 23:02:38,272 - INFO  - Watchdog has been checked: 0 passed
06.08.2014 23:04:38,349 - INFO  - Watchdog has been checked: 0 passed
06.08.2014 23:06:38,301 - INFO  - Watchdog has been checked: 0 passed
06.08.2014 23:08:38,235 - INFO  - Watchdog has been checked: 0 passed
06.08.2014 23:10:38,128 - INFO  - Watchdog has been checked: 0 passed
06.08.2014 23:12:38,173 - INFO  - Watchdog has been checked: 0 passed
06.08.2014 23:14:38,245 - INFO  - Watchdog has been checked: 0 passed
06.08.2014 23:16:38,219 - INFO  - Watchdog has been checked: 0 passed
06.08.2014 23:18:38,230 - INFO  - Watchdog has been checked: 0 passed
06.08.2014 23:20:38,142 - INFO  - Watchdog has been checked: 0 passed
06.08.2014 23:22:38,225 - INFO  - Watchdog has been checked: 0 passed
06.08.2014 23:24:38,329 - INFO  - Watchdog has been checked: 0 passed
06.08.2014 23:26:38,293 - INFO  - Watchdog has been checked: 0 passed
06.08.2014 23:28:38,279 - INFO  - Watchdog has been checked: 0 passed
06.08.2014 23:31:34,387 - INFO  - Watchdog has been checked: 0 passed
06.08.2014 23:31:38,297 - INFO  - Watchdog has been checked: 0 passed
06.08.2014 23:33:38,084 - INFO  - Watchdog has been checked: 0 passed
06.08.2014 23:35:37,116 - INFO  - Watchdog has been checked: 0 passed
06.08.2014 23:37:37,218 - INFO  - Watchdog has been checked: 0 passed
06.08.2014 23:39:37,303 - INFO  - Watchdog has been checked: 0 passed
06.08.2014 23:41:37,213 - INFO  - Watchdog has been checked: 0 passed
06.08.2014 23:43:37,289 - INFO  - Watchdog has been checked: 0 passed
06.08.2014 23:45:37,103 - INFO  - Watchdog has been checked: 0 passed
06.08.2014 23:47:37,252 - INFO  - Watchdog has been checked: 0 passed
06.08.2014 23:49:37,065 - INFO  - Watchdog has been checked: 0 passed
06.08.2014 23:51:36,309 - INFO  - Watchdog has been checked: 0 passed
06.08.2014 23:53:36,291 - INFO  - Watchdog has been checked: 0 passed
06.08.2014 23:55:36,139 - INFO  - Watchdog has been checked: 0 passed
06.08.2014 23:57:36,245 - INFO  - Watchdog has been checked: 0 passed
06.08.2014 23:59:36,269 - INFO  - Watchdog has been checked: 0 passed
