16.07.2014 00:01:14,170 - INFO  - Watchdog has been checked: 0 passed
16.07.2014 00:03:14,236 - INFO  - Watchdog has been checked: 0 passed
16.07.2014 00:05:14,303 - INFO  - Watchdog has been checked: 0 passed
16.07.2014 00:07:14,354 - INFO  - Watchdog has been checked: 0 passed
16.07.2014 00:09:14,280 - INFO  - Watchdog has been checked: 0 passed
16.07.2014 00:11:16,084 - INFO  - Watchdog has been checked: 0 passed
16.07.2014 00:13:16,249 - INFO  - Watchdog has been checked: 0 passed
16.07.2014 00:15:16,283 - INFO  - Watchdog has been checked: 0 passed
16.07.2014 00:17:16,073 - INFO  - Watchdog has been checked: 0 passed
16.07.2014 00:19:18,222 - INFO  - Watchdog has been checked: 0 passed
16.07.2014 00:21:18,246 - INFO  - Watchdog has been checked: 0 passed
16.07.2014 00:23:18,224 - INFO  - Watchdog has been checked: 0 passed
16.07.2014 00:25:18,176 - INFO  - Watchdog has been checked: 0 passed
16.07.2014 00:27:18,317 - INFO  - Watchdog has been checked: 0 passed
16.07.2014 00:29:18,350 - INFO  - Watchdog has been checked: 0 passed
16.07.2014 00:31:18,313 - INFO  - Watchdog has been checked: 0 passed
16.07.2014 00:33:18,159 - INFO  - Watchdog has been checked: 0 passed
16.07.2014 00:35:18,144 - INFO  - Watchdog has been checked: 0 passed
16.07.2014 00:37:18,213 - INFO  - Watchdog has been checked: 0 passed
16.07.2014 00:39:18,269 - INFO  - Watchdog has been checked: 0 passed
16.07.2014 00:41:18,274 - INFO  - Watchdog has been checked: 0 passed
16.07.2014 00:43:18,296 - INFO  - Watchdog has been checked: 0 passed
16.07.2014 00:45:18,265 - INFO  - Watchdog has been checked: 0 passed
16.07.2014 00:47:18,301 - INFO  - Watchdog has been checked: 0 passed
16.07.2014 00:49:18,371 - INFO  - Watchdog has been checked: 0 passed
16.07.2014 00:51:18,240 - INFO  - Watchdog has been checked: 0 passed
16.07.2014 00:53:18,218 - INFO  - Watchdog has been checked: 0 passed
16.07.2014 00:55:18,191 - INFO  - Watchdog has been checked: 0 passed
16.07.2014 00:57:18,248 - INFO  - Watchdog has been checked: 0 passed
16.07.2014 00:59:18,189 - INFO  - Watchdog has been checked: 0 passed
16.07.2014 01:01:18,079 - INFO  - Watchdog has been checked: 0 passed
16.07.2014 01:03:18,056 - INFO  - Watchdog has been checked: 0 passed
16.07.2014 01:05:17,059 - INFO  - Watchdog has been checked: 0 passed
16.07.2014 01:07:16,000 - INFO  - Watchdog has been checked: 0 passed
16.07.2014 01:09:15,314 - INFO  - Watchdog has been checked: 0 passed
16.07.2014 01:11:15,078 - INFO  - Watchdog has been checked: 0 passed
16.07.2014 01:13:16,032 - INFO  - Watchdog has been checked: 0 passed
16.07.2014 01:15:15,202 - INFO  - Watchdog has been checked: 0 passed
16.07.2014 01:17:14,993 - INFO  - Watchdog has been checked: 0 passed
16.07.2014 01:19:14,091 - INFO  - Watchdog has been checked: 0 passed
16.07.2014 01:21:13,048 - INFO  - Watchdog has been checked: 0 passed
16.07.2014 01:23:13,310 - INFO  - Watchdog has been checked: 0 passed
16.07.2014 01:25:13,247 - INFO  - Watchdog has been checked: 0 passed
16.07.2014 01:27:13,208 - INFO  - Watchdog has been checked: 0 passed
16.07.2014 01:29:12,175 - INFO  - Watchdog has been checked: 0 passed
16.07.2014 01:31:11,244 - INFO  - Watchdog has been checked: 0 passed
16.07.2014 01:33:10,299 - INFO  - Watchdog has been checked: 0 passed
16.07.2014 01:35:10,081 - INFO  - Watchdog has been checked: 0 passed
16.07.2014 01:37:10,111 - INFO  - Watchdog has been checked: 0 passed
16.07.2014 01:39:09,091 - INFO  - Watchdog has been checked: 0 passed
16.07.2014 01:41:08,141 - INFO  - Watchdog has been checked: 0 passed
16.07.2014 01:43:08,230 - INFO  - Watchdog has been checked: 0 passed
16.07.2014 01:45:08,260 - INFO  - Watchdog has been checked: 0 passed
16.07.2014 01:47:10,653 - INFO  - Watchdog has been checked: 0 passed
16.07.2014 01:49:10,277 - INFO  - Watchdog has been checked: 0 passed
16.07.2014 01:51:10,359 - INFO  - Watchdog has been checked: 0 passed
16.07.2014 01:53:10,202 - INFO  - Watchdog has been checked: 0 passed
16.07.2014 01:55:10,229 - INFO  - Watchdog has been checked: 0 passed
16.07.2014 01:57:10,750 - INFO  - Watchdog has been checked: 0 passed
16.07.2014 01:59:10,127 - INFO  - Watchdog has been checked: 0 passed
16.07.2014 02:01:10,227 - INFO  - Watchdog has been checked: 0 passed
16.07.2014 02:03:10,256 - INFO  - Watchdog has been checked: 0 passed
16.07.2014 02:05:10,340 - INFO  - Watchdog has been checked: 0 passed
16.07.2014 02:07:10,442 - INFO  - Watchdog has been checked: 0 passed
16.07.2014 02:09:10,294 - INFO  - Watchdog has been checked: 0 passed
16.07.2014 02:11:10,070 - INFO  - Watchdog has been checked: 0 passed
16.07.2014 02:13:10,244 - INFO  - Watchdog has been checked: 0 passed
16.07.2014 02:15:10,278 - INFO  - Watchdog has been checked: 0 passed
16.07.2014 02:17:10,340 - INFO  - Watchdog has been checked: 0 passed
16.07.2014 02:19:10,284 - INFO  - Watchdog has been checked: 0 passed
16.07.2014 02:21:10,342 - INFO  - Watchdog has been checked: 0 passed
16.07.2014 02:23:10,102 - INFO  - Watchdog has been checked: 0 passed
16.07.2014 02:25:10,128 - INFO  - Watchdog has been checked: 0 passed
16.07.2014 02:27:10,275 - INFO  - Watchdog has been checked: 0 passed
16.07.2014 02:29:10,197 - INFO  - Watchdog has been checked: 0 passed
16.07.2014 02:31:10,310 - INFO  - Watchdog has been checked: 0 passed
16.07.2014 02:33:10,197 - INFO  - Watchdog has been checked: 0 passed
16.07.2014 02:35:10,220 - INFO  - Watchdog has been checked: 0 passed
16.07.2014 02:37:10,271 - INFO  - Watchdog has been checked: 0 passed
16.07.2014 02:39:10,296 - INFO  - Watchdog has been checked: 0 passed
16.07.2014 02:41:10,163 - INFO  - Watchdog has been checked: 0 passed
16.07.2014 02:43:09,284 - INFO  - Watchdog has been checked: 0 passed
16.07.2014 02:45:09,295 - INFO  - Watchdog has been checked: 0 passed
16.07.2014 02:47:09,078 - INFO  - Watchdog has been checked: 0 passed
16.07.2014 02:49:08,362 - INFO  - Watchdog has been checked: 0 passed
16.07.2014 02:51:08,072 - INFO  - Watchdog has been checked: 0 passed
16.07.2014 02:53:07,114 - INFO  - Watchdog has been checked: 0 passed
16.07.2014 02:55:07,099 - INFO  - Watchdog has been checked: 0 passed
16.07.2014 02:57:07,154 - INFO  - Watchdog has been checked: 0 passed
16.07.2014 02:59:07,193 - INFO  - Watchdog has been checked: 0 passed
16.07.2014 03:01:07,211 - INFO  - Watchdog has been checked: 0 passed
16.07.2014 03:03:07,302 - INFO  - Watchdog has been checked: 0 passed
16.07.2014 03:05:07,331 - INFO  - Watchdog has been checked: 0 passed
16.07.2014 03:07:07,117 - INFO  - Watchdog has been checked: 0 passed
16.07.2014 03:09:07,373 - INFO  - Watchdog has been checked: 0 passed
16.07.2014 03:11:07,159 - INFO  - Watchdog has been checked: 0 passed
16.07.2014 03:13:07,264 - INFO  - Watchdog has been checked: 0 passed
16.07.2014 03:15:07,346 - INFO  - Watchdog has been checked: 0 passed
16.07.2014 03:17:07,517 - INFO  - Watchdog has been checked: 0 passed
16.07.2014 03:19:07,371 - INFO  - Watchdog has been checked: 0 passed
16.07.2014 03:21:07,286 - INFO  - Watchdog has been checked: 0 passed
16.07.2014 03:23:07,143 - INFO  - Watchdog has been checked: 0 passed
16.07.2014 03:25:07,144 - INFO  - Watchdog has been checked: 0 passed
16.07.2014 03:27:07,215 - INFO  - Watchdog has been checked: 0 passed
16.07.2014 03:29:07,172 - INFO  - Watchdog has been checked: 0 passed
16.07.2014 03:31:07,194 - INFO  - Watchdog has been checked: 0 passed
16.07.2014 03:33:07,022 - INFO  - Watchdog has been checked: 0 passed
16.07.2014 03:35:06,236 - INFO  - Watchdog has been checked: 0 passed
16.07.2014 03:37:06,031 - INFO  - Watchdog has been checked: 0 passed
16.07.2014 03:39:04,972 - INFO  - Watchdog has been checked: 0 passed
16.07.2014 03:41:04,037 - INFO  - Watchdog has been checked: 0 passed
16.07.2014 03:43:03,112 - INFO  - Watchdog has been checked: 0 passed
16.07.2014 03:45:02,115 - INFO  - Watchdog has been checked: 0 passed
16.07.2014 03:47:01,092 - INFO  - Watchdog has been checked: 0 passed
16.07.2014 03:49:01,134 - INFO  - Watchdog has been checked: 0 passed
16.07.2014 03:51:00,219 - INFO  - Watchdog has been checked: 0 passed
16.07.2014 03:52:59,074 - INFO  - Watchdog has been checked: 0 passed
16.07.2014 03:54:58,077 - INFO  - Watchdog has been checked: 0 passed
16.07.2014 03:56:57,280 - INFO  - Watchdog has been checked: 0 passed
16.07.2014 03:58:57,289 - INFO  - Watchdog has been checked: 0 passed
16.07.2014 04:00:57,112 - INFO  - Watchdog has been checked: 0 passed
16.07.2014 04:02:57,266 - INFO  - Watchdog has been checked: 0 passed
16.07.2014 04:04:57,210 - INFO  - Watchdog has been checked: 0 passed
16.07.2014 04:06:57,250 - INFO  - Watchdog has been checked: 0 passed
16.07.2014 04:08:56,753 - INFO  - Watchdog has been checked: 0 passed
16.07.2014 04:10:56,326 - INFO  - Watchdog has been checked: 0 passed
16.07.2014 04:12:56,122 - INFO  - Watchdog has been checked: 0 passed
16.07.2014 04:14:56,181 - INFO  - Watchdog has been checked: 0 passed
16.07.2014 04:16:58,466 - INFO  - Watchdog has been checked: 0 passed
16.07.2014 04:18:58,185 - INFO  - Watchdog has been checked: 0 passed
16.07.2014 04:20:57,331 - INFO  - Watchdog has been checked: 0 passed
16.07.2014 04:22:57,393 - INFO  - Watchdog has been checked: 0 passed
16.07.2014 04:24:57,425 - INFO  - Watchdog has been checked: 0 passed
16.07.2014 04:26:57,351 - INFO  - Watchdog has been checked: 0 passed
16.07.2014 04:28:57,927 - INFO  - Watchdog has been checked: 0 passed
16.07.2014 04:30:57,270 - INFO  - Watchdog has been checked: 0 passed
16.07.2014 04:32:57,318 - INFO  - Watchdog has been checked: 0 passed
16.07.2014 04:34:57,303 - INFO  - Watchdog has been checked: 0 passed
16.07.2014 04:36:57,299 - INFO  - Watchdog has been checked: 0 passed
16.07.2014 04:38:57,260 - INFO  - Watchdog has been checked: 0 passed
16.07.2014 04:40:57,382 - INFO  - Watchdog has been checked: 0 passed
16.07.2014 04:42:57,182 - INFO  - Watchdog has been checked: 0 passed
16.07.2014 04:44:57,216 - INFO  - Watchdog has been checked: 0 passed
16.07.2014 04:46:57,212 - INFO  - Watchdog has been checked: 0 passed
16.07.2014 04:48:57,190 - INFO  - Watchdog has been checked: 0 passed
16.07.2014 04:50:57,248 - INFO  - Watchdog has been checked: 0 passed
16.07.2014 04:52:57,112 - INFO  - Watchdog has been checked: 0 passed
16.07.2014 04:54:57,101 - INFO  - Watchdog has been checked: 0 passed
16.07.2014 04:56:57,131 - INFO  - Watchdog has been checked: 0 passed
16.07.2014 04:58:57,317 - INFO  - Watchdog has been checked: 0 passed
16.07.2014 05:00:57,132 - INFO  - Watchdog has been checked: 0 passed
16.07.2014 05:02:57,174 - INFO  - Watchdog has been checked: 0 passed
16.07.2014 05:04:57,226 - INFO  - Watchdog has been checked: 0 passed
16.07.2014 05:06:56,963 - INFO  - Watchdog has been checked: 0 passed
16.07.2014 05:08:55,928 - INFO  - Watchdog has been checked: 0 passed
16.07.2014 05:10:57,612 - INFO  - Watchdog has been checked: 0 passed
16.07.2014 05:12:57,128 - INFO  - Watchdog has been checked: 0 passed
16.07.2014 05:14:57,184 - INFO  - Watchdog has been checked: 0 passed
16.07.2014 05:16:57,174 - INFO  - Watchdog has been checked: 0 passed
16.07.2014 05:18:58,168 - INFO  - Watchdog has been checked: 0 passed
16.07.2014 05:20:57,993 - INFO  - Watchdog has been checked: 0 passed
16.07.2014 05:22:57,145 - INFO  - Watchdog has been checked: 0 passed
16.07.2014 05:24:56,098 - INFO  - Watchdog has been checked: 0 passed
16.07.2014 05:26:56,108 - INFO  - Watchdog has been checked: 0 passed
16.07.2014 05:28:56,119 - INFO  - Watchdog has been checked: 0 passed
16.07.2014 05:30:58,302 - INFO  - Watchdog has been checked: 0 passed
16.07.2014 05:32:58,144 - INFO  - Watchdog has been checked: 0 passed
16.07.2014 05:34:58,105 - INFO  - Watchdog has been checked: 0 passed
16.07.2014 05:36:57,151 - INFO  - Watchdog has been checked: 0 passed
16.07.2014 05:38:57,201 - INFO  - Watchdog has been checked: 0 passed
16.07.2014 05:40:57,314 - INFO  - Watchdog has been checked: 0 passed
16.07.2014 05:42:57,141 - INFO  - Watchdog has been checked: 0 passed
16.07.2014 05:44:56,318 - INFO  - Watchdog has been checked: 0 passed
16.07.2014 05:46:56,322 - INFO  - Watchdog has been checked: 0 passed
16.07.2014 05:48:56,384 - INFO  - Watchdog has been checked: 0 passed
16.07.2014 05:50:56,196 - INFO  - Watchdog has been checked: 0 passed
16.07.2014 05:52:56,375 - INFO  - Watchdog has been checked: 0 passed
16.07.2014 05:54:56,351 - INFO  - Watchdog has been checked: 0 passed
16.07.2014 05:56:56,368 - INFO  - Watchdog has been checked: 0 passed
16.07.2014 05:58:56,389 - INFO  - Watchdog has been checked: 0 passed
16.07.2014 06:00:56,182 - INFO  - Watchdog has been checked: 0 passed
16.07.2014 06:02:56,329 - INFO  - Watchdog has been checked: 0 passed
16.07.2014 06:04:56,297 - INFO  - Watchdog has been checked: 0 passed
16.07.2014 06:06:56,340 - INFO  - Watchdog has been checked: 0 passed
16.07.2014 06:08:56,337 - INFO  - Watchdog has been checked: 0 passed
16.07.2014 06:10:56,382 - INFO  - Watchdog has been checked: 0 passed
16.07.2014 06:12:57,176 - INFO  - Watchdog has been checked: 0 passed
16.07.2014 06:14:57,256 - INFO  - Watchdog has been checked: 0 passed
16.07.2014 06:15:01,970 - INFO  - mapping file sync started
16.07.2014 06:15:02,442 - INFO  - file successfully updated
16.07.2014 06:16:57,319 - INFO  - Watchdog has been checked: 0 passed
16.07.2014 06:18:57,271 - INFO  - Watchdog has been checked: 0 passed
16.07.2014 06:20:58,378 - INFO  - Watchdog has been checked: 0 passed
16.07.2014 06:22:58,484 - INFO  - Watchdog has been checked: 0 passed
16.07.2014 06:24:58,469 - INFO  - Watchdog has been checked: 0 passed
16.07.2014 06:26:58,439 - INFO  - Watchdog has been checked: 0 passed
16.07.2014 06:28:58,456 - INFO  - Watchdog has been checked: 0 passed
16.07.2014 06:30:58,568 - INFO  - Watchdog has been checked: 0 passed
16.07.2014 06:32:58,405 - INFO  - Watchdog has been checked: 0 passed
16.07.2014 06:34:58,357 - INFO  - Watchdog has been checked: 0 passed
16.07.2014 06:36:58,278 - INFO  - Watchdog has been checked: 0 passed
16.07.2014 06:38:58,317 - INFO  - Watchdog has been checked: 0 passed
16.07.2014 06:40:58,352 - INFO  - Watchdog has been checked: 0 passed
16.07.2014 06:42:58,183 - INFO  - Watchdog has been checked: 0 passed
16.07.2014 06:44:58,132 - INFO  - Watchdog has been checked: 0 passed
16.07.2014 06:46:57,101 - INFO  - Watchdog has been checked: 0 passed
16.07.2014 06:48:56,057 - INFO  - Watchdog has been checked: 0 passed
16.07.2014 06:50:55,159 - INFO  - Watchdog has been checked: 0 passed
16.07.2014 06:52:54,624 - INFO  - Watchdog has been checked: 0 passed
16.07.2014 06:54:53,933 - INFO  - Watchdog has been checked: 0 passed
16.07.2014 06:56:53,151 - INFO  - Watchdog has been checked: 0 passed
16.07.2014 06:58:51,930 - INFO  - Watchdog has been checked: 0 passed
16.07.2014 07:00:51,009 - INFO  - Watchdog has been checked: 0 passed
16.07.2014 07:02:50,093 - INFO  - Watchdog has been checked: 0 passed
16.07.2014 07:04:49,091 - INFO  - Watchdog has been checked: 0 passed
16.07.2014 07:06:49,148 - INFO  - Watchdog has been checked: 0 passed
16.07.2014 07:08:49,226 - INFO  - Watchdog has been checked: 0 passed
16.07.2014 07:10:49,086 - INFO  - Watchdog has been checked: 0 passed
16.07.2014 07:12:49,158 - INFO  - Watchdog has been checked: 0 passed
16.07.2014 07:14:49,195 - INFO  - Watchdog has been checked: 0 passed
16.07.2014 07:15:01,975 - INFO  - mapping file sync started
16.07.2014 07:15:02,457 - INFO  - file successfully updated
16.07.2014 07:16:49,225 - INFO  - Watchdog has been checked: 0 passed
16.07.2014 07:18:49,205 - INFO  - Watchdog has been checked: 0 passed
16.07.2014 07:20:49,053 - INFO  - Watchdog has been checked: 0 passed
16.07.2014 07:22:49,136 - INFO  - Watchdog has been checked: 0 passed
16.07.2014 07:24:49,155 - INFO  - Watchdog has been checked: 0 passed
16.07.2014 07:26:49,297 - INFO  - Watchdog has been checked: 0 passed
16.07.2014 07:28:49,306 - INFO  - Watchdog has been checked: 0 passed
16.07.2014 07:30:49,172 - INFO  - Watchdog has been checked: 0 passed
16.07.2014 07:32:49,224 - INFO  - Watchdog has been checked: 0 passed
16.07.2014 07:34:49,237 - INFO  - Watchdog has been checked: 0 passed
16.07.2014 07:36:49,234 - INFO  - Watchdog has been checked: 0 passed
16.07.2014 07:38:49,226 - INFO  - Watchdog has been checked: 0 passed
16.07.2014 07:40:49,359 - INFO  - Watchdog has been checked: 0 passed
16.07.2014 07:42:49,185 - INFO  - Watchdog has been checked: 0 passed
16.07.2014 07:44:49,163 - INFO  - Watchdog has been checked: 0 passed
16.07.2014 07:46:49,160 - INFO  - Watchdog has been checked: 0 passed
16.07.2014 07:48:49,386 - INFO  - Watchdog has been checked: 0 passed
16.07.2014 07:50:49,236 - INFO  - Watchdog has been checked: 0 passed
16.07.2014 07:52:49,375 - INFO  - Watchdog has been checked: 0 passed
16.07.2014 07:54:49,342 - INFO  - Watchdog has been checked: 0 passed
16.07.2014 07:56:49,285 - INFO  - Watchdog has been checked: 0 passed
16.07.2014 07:58:43,649 - INFO  - searcher identified --- respT: 61ms, 41612 results, q=, 
16.07.2014 07:58:46,618 - INFO  - searcher identified --- respT: 13ms, 59 results, q=buecklers, 
16.07.2014 07:58:48,095 - INFO  - searcher identified --- respT: 16ms, 2 results, q=buecklers apache, 
16.07.2014 07:58:49,341 - INFO  - Watchdog has been checked: 0 passed
16.07.2014 07:59:15,130 - INFO  - searcher identified --- respT: 79ms, 41612 results, q=, 
16.07.2014 07:59:17,792 - INFO  - searcher identified --- respT: 38ms, 25 results, q=apache rew, 
16.07.2014 07:59:19,880 - INFO  - searcher identified --- respT: 49ms, 18 results, q=apache rewrite, 
16.07.2014 07:59:47,195 - INFO  - searcher identified --- respT: 61ms, 18 results, q=apache rewrite, page turned
16.07.2014 07:59:55,958 - INFO  - searcher identified --- respT: 60ms, 18 results, q=apache rewrite, 
16.07.2014 08:00:49,403 - INFO  - Watchdog has been checked: 0 passed
16.07.2014 08:01:51,105 - INFO  - searcher identified --- respT: 22ms, 51 results, q=rewrite, 
16.07.2014 08:02:49,254 - INFO  - Watchdog has been checked: 0 passed
16.07.2014 08:04:49,243 - INFO  - Watchdog has been checked: 0 passed
16.07.2014 08:05:56,882 - INFO  - searcher identified --- respT: 29ms, 1135 results, q=wiki s, 
16.07.2014 08:05:58,625 - INFO  - searcher identified --- respT: 45ms, 202 results, q=wiki synta, 
16.07.2014 08:05:59,119 - INFO  - searcher identified --- respT: 23ms, 201 results, q=wiki syntax, 
16.07.2014 08:06:49,210 - INFO  - Watchdog has been checked: 0 passed
16.07.2014 08:08:49,180 - INFO  - Watchdog has been checked: 0 passed
16.07.2014 08:10:49,281 - INFO  - Watchdog has been checked: 0 passed
16.07.2014 08:12:49,103 - INFO  - Watchdog has been checked: 0 passed
16.07.2014 08:14:49,109 - INFO  - Watchdog has been checked: 0 passed
16.07.2014 08:16:49,092 - INFO  - Watchdog has been checked: 0 passed
16.07.2014 08:18:48,102 - INFO  - Watchdog has been checked: 0 passed
16.07.2014 08:20:48,117 - INFO  - Watchdog has been checked: 0 passed
16.07.2014 08:22:48,218 - INFO  - Watchdog has been checked: 0 passed
16.07.2014 08:24:48,201 - INFO  - Watchdog has been checked: 0 passed
16.07.2014 08:26:48,163 - INFO  - Watchdog has been checked: 0 passed
16.07.2014 08:28:48,214 - INFO  - Watchdog has been checked: 0 passed
16.07.2014 08:30:48,293 - INFO  - Watchdog has been checked: 0 passed
16.07.2014 08:32:48,108 - INFO  - Watchdog has been checked: 0 passed
16.07.2014 08:34:48,137 - INFO  - Watchdog has been checked: 0 passed
16.07.2014 08:36:48,158 - INFO  - Watchdog has been checked: 0 passed
16.07.2014 08:38:48,282 - INFO  - Watchdog has been checked: 0 passed
16.07.2014 08:40:48,074 - INFO  - Watchdog has been checked: 0 passed
16.07.2014 08:42:48,197 - INFO  - Watchdog has been checked: 0 passed
16.07.2014 08:44:48,201 - INFO  - Watchdog has been checked: 0 passed
16.07.2014 08:46:48,212 - INFO  - Watchdog has been checked: 0 passed
16.07.2014 08:48:48,364 - INFO  - Watchdog has been checked: 0 passed
16.07.2014 08:50:48,439 - INFO  - Watchdog has been checked: 0 passed
16.07.2014 08:52:48,233 - INFO  - Watchdog has been checked: 0 passed
16.07.2014 08:54:48,244 - INFO  - Watchdog has been checked: 0 passed
16.07.2014 08:56:48,299 - INFO  - Watchdog has been checked: 0 passed
16.07.2014 08:58:48,261 - INFO  - Watchdog has been checked: 0 passed
16.07.2014 09:00:48,210 - INFO  - Watchdog has been checked: 0 passed
16.07.2014 09:02:48,300 - INFO  - Watchdog has been checked: 0 passed
16.07.2014 09:04:48,328 - INFO  - Watchdog has been checked: 0 passed
16.07.2014 09:06:48,295 - INFO  - Watchdog has been checked: 0 passed
16.07.2014 09:08:48,258 - INFO  - Watchdog has been checked: 0 passed
16.07.2014 09:10:48,144 - INFO  - Watchdog has been checked: 0 passed
16.07.2014 09:12:48,349 - INFO  - Watchdog has been checked: 0 passed
16.07.2014 09:14:48,329 - INFO  - Watchdog has been checked: 0 passed
16.07.2014 09:16:48,303 - INFO  - Watchdog has been checked: 0 passed
16.07.2014 09:18:48,322 - INFO  - Watchdog has been checked: 0 passed
16.07.2014 09:20:48,155 - INFO  - Watchdog has been checked: 0 passed
16.07.2014 09:22:47,248 - INFO  - Watchdog has been checked: 0 passed
16.07.2014 09:24:47,229 - INFO  - Watchdog has been checked: 0 passed
16.07.2014 09:26:47,240 - INFO  - Watchdog has been checked: 0 passed
16.07.2014 09:28:47,210 - INFO  - Watchdog has been checked: 0 passed
16.07.2014 09:30:47,016 - INFO  - Watchdog has been checked: 0 passed
16.07.2014 09:32:47,278 - INFO  - Watchdog has been checked: 0 passed
16.07.2014 09:34:47,195 - INFO  - Watchdog has been checked: 0 passed
16.07.2014 09:36:47,317 - INFO  - Watchdog has been checked: 0 passed
16.07.2014 09:38:46,999 - INFO  - Watchdog has been checked: 0 passed
16.07.2014 09:40:47,120 - INFO  - Watchdog has been checked: 0 passed
16.07.2014 09:42:47,346 - INFO  - Watchdog has been checked: 0 passed
16.07.2014 09:44:47,104 - INFO  - Watchdog has been checked: 0 passed
16.07.2014 09:46:47,073 - INFO  - Watchdog has been checked: 0 passed
16.07.2014 09:48:46,083 - INFO  - Watchdog has been checked: 0 passed
16.07.2014 09:50:45,148 - INFO  - Watchdog has been checked: 0 passed
16.07.2014 09:52:46,271 - INFO  - Watchdog has been checked: 0 passed
16.07.2014 09:54:46,226 - INFO  - Watchdog has been checked: 0 passed
16.07.2014 09:56:38,909 - INFO  - searcher identified --- respT: 12ms, 59 results, q=buecklers, 
16.07.2014 09:56:40,492 - INFO  - searcher identified --- respT: 16ms, 37 results, q=buecklers task, 
16.07.2014 09:56:46,213 - INFO  - Watchdog has been checked: 0 passed
16.07.2014 09:58:46,275 - INFO  - Watchdog has been checked: 0 passed
16.07.2014 10:00:46,133 - INFO  - Watchdog has been checked: 0 passed
16.07.2014 10:02:46,246 - INFO  - Watchdog has been checked: 0 passed
16.07.2014 10:04:46,267 - INFO  - Watchdog has been checked: 0 passed
16.07.2014 10:06:46,216 - INFO  - Watchdog has been checked: 0 passed
16.07.2014 10:06:51,290 - INFO  - searcher identified --- respT: 47ms, 37 results, q=buecklers task, 
16.07.2014 10:08:46,209 - INFO  - Watchdog has been checked: 0 passed
16.07.2014 10:10:46,107 - INFO  - Watchdog has been checked: 0 passed
16.07.2014 10:12:39,410 - INFO  - searcher identified --- respT: 31ms, 37 results, q=buecklers task, page turned
16.07.2014 10:12:46,216 - INFO  - Watchdog has been checked: 0 passed
16.07.2014 10:14:46,299 - INFO  - Watchdog has been checked: 0 passed
16.07.2014 10:16:46,226 - INFO  - Watchdog has been checked: 0 passed
16.07.2014 10:18:46,249 - INFO  - Watchdog has been checked: 0 passed
16.07.2014 10:20:46,355 - INFO  - Watchdog has been checked: 0 passed
16.07.2014 10:22:46,248 - INFO  - Watchdog has been checked: 0 passed
16.07.2014 10:24:46,255 - INFO  - Watchdog has been checked: 0 passed
16.07.2014 10:26:46,218 - INFO  - Watchdog has been checked: 0 passed
16.07.2014 10:28:46,382 - INFO  - Watchdog has been checked: 0 passed
16.07.2014 10:30:46,234 - INFO  - Watchdog has been checked: 0 passed
16.07.2014 10:32:46,396 - INFO  - Watchdog has been checked: 0 passed
16.07.2014 10:34:46,363 - INFO  - Watchdog has been checked: 0 passed
16.07.2014 10:36:46,373 - INFO  - Watchdog has been checked: 0 passed
16.07.2014 10:38:46,248 - INFO  - Watchdog has been checked: 0 passed
16.07.2014 10:40:46,332 - INFO  - Watchdog has been checked: 0 passed
16.07.2014 10:42:46,314 - INFO  - Watchdog has been checked: 0 passed
16.07.2014 10:44:46,171 - INFO  - Watchdog has been checked: 0 passed
16.07.2014 10:46:46,157 - INFO  - Watchdog has been checked: 0 passed
16.07.2014 10:48:46,377 - INFO  - Watchdog has been checked: 0 passed
16.07.2014 10:50:46,156 - INFO  - Watchdog has been checked: 0 passed
16.07.2014 10:52:46,233 - INFO  - Watchdog has been checked: 0 passed
16.07.2014 10:54:46,484 - INFO  - Watchdog has been checked: 0 passed
16.07.2014 10:56:46,217 - INFO  - Watchdog has been checked: 0 passed
16.07.2014 10:58:46,296 - INFO  - Watchdog has been checked: 0 passed
16.07.2014 11:00:46,354 - INFO  - Watchdog has been checked: 0 passed
16.07.2014 11:02:46,088 - INFO  - Watchdog has been checked: 0 passed
16.07.2014 11:04:46,312 - INFO  - Watchdog has been checked: 0 passed
16.07.2014 11:06:46,016 - INFO  - Watchdog has been checked: 0 passed
16.07.2014 11:08:46,321 - INFO  - Watchdog has been checked: 0 passed
16.07.2014 11:10:46,134 - INFO  - Watchdog has been checked: 0 passed
16.07.2014 11:12:46,213 - INFO  - Watchdog has been checked: 0 passed
16.07.2014 11:14:46,213 - INFO  - Watchdog has been checked: 0 passed
16.07.2014 11:16:46,258 - INFO  - Watchdog has been checked: 0 passed
16.07.2014 11:18:46,200 - INFO  - Watchdog has been checked: 0 passed
16.07.2014 11:20:46,237 - INFO  - Watchdog has been checked: 0 passed
16.07.2014 11:22:46,127 - INFO  - Watchdog has been checked: 0 passed
16.07.2014 11:24:46,086 - INFO  - Watchdog has been checked: 0 passed
16.07.2014 11:26:46,297 - INFO  - Watchdog has been checked: 0 passed
16.07.2014 11:28:46,289 - INFO  - Watchdog has been checked: 0 passed
16.07.2014 11:30:46,343 - INFO  - Watchdog has been checked: 0 passed
16.07.2014 11:32:46,232 - INFO  - Watchdog has been checked: 0 passed
16.07.2014 11:34:46,250 - INFO  - Watchdog has been checked: 0 passed
16.07.2014 11:36:46,293 - INFO  - Watchdog has been checked: 0 passed
16.07.2014 11:38:46,290 - INFO  - Watchdog has been checked: 0 passed
16.07.2014 11:40:46,422 - INFO  - Watchdog has been checked: 0 passed
16.07.2014 11:42:46,352 - INFO  - Watchdog has been checked: 0 passed
16.07.2014 11:44:46,230 - INFO  - Watchdog has been checked: 0 passed
16.07.2014 11:46:46,228 - INFO  - Watchdog has been checked: 0 passed
16.07.2014 11:48:46,220 - INFO  - Watchdog has been checked: 0 passed
16.07.2014 11:50:46,316 - INFO  - Watchdog has been checked: 0 passed
16.07.2014 11:52:46,148 - INFO  - Watchdog has been checked: 0 passed
16.07.2014 11:54:46,127 - INFO  - Watchdog has been checked: 0 passed
16.07.2014 11:56:48,556 - INFO  - Watchdog has been checked: 0 passed
16.07.2014 11:58:48,135 - INFO  - Watchdog has been checked: 0 passed
16.07.2014 12:00:47,178 - INFO  - Watchdog has been checked: 0 passed
16.07.2014 12:02:47,190 - INFO  - Watchdog has been checked: 0 passed
16.07.2014 12:04:47,210 - INFO  - Watchdog has been checked: 0 passed
16.07.2014 12:06:47,227 - INFO  - Watchdog has been checked: 0 passed
16.07.2014 12:08:48,309 - INFO  - Watchdog has been checked: 0 passed
16.07.2014 12:10:48,096 - INFO  - Watchdog has been checked: 0 passed
16.07.2014 12:12:47,257 - INFO  - Watchdog has been checked: 0 passed
16.07.2014 12:14:47,273 - INFO  - Watchdog has been checked: 0 passed
16.07.2014 12:16:47,226 - INFO  - Watchdog has been checked: 0 passed
16.07.2014 12:18:47,250 - INFO  - Watchdog has been checked: 0 passed
16.07.2014 12:20:47,053 - INFO  - Watchdog has been checked: 0 passed
16.07.2014 12:21:03,828 - INFO  - searcher identified --- respT: 22ms, 5285 results, web:(PSIWeb), q=, 
16.07.2014 12:21:06,447 - INFO  - searcher identified --- respT: 30ms, 4 results, web:(PSIWeb), q=svcusr-ifx_rep_gfa, 
16.07.2014 12:22:46,151 - INFO  - Watchdog has been checked: 0 passed
16.07.2014 12:24:46,184 - INFO  - Watchdog has been checked: 0 passed
16.07.2014 12:26:46,186 - INFO  - Watchdog has been checked: 0 passed
16.07.2014 12:28:46,237 - INFO  - Watchdog has been checked: 0 passed
16.07.2014 12:30:46,275 - INFO  - Watchdog has been checked: 0 passed
16.07.2014 12:32:46,111 - INFO  - Watchdog has been checked: 0 passed
16.07.2014 12:34:46,105 - INFO  - Watchdog has been checked: 0 passed
16.07.2014 12:36:46,069 - INFO  - Watchdog has been checked: 0 passed
16.07.2014 12:38:46,095 - INFO  - Watchdog has been checked: 0 passed
16.07.2014 12:40:46,197 - INFO  - Watchdog has been checked: 0 passed
16.07.2014 12:42:46,255 - INFO  - Watchdog has been checked: 0 passed
16.07.2014 12:44:46,273 - INFO  - Watchdog has been checked: 0 passed
16.07.2014 12:46:46,223 - INFO  - Watchdog has been checked: 0 passed
16.07.2014 12:48:46,256 - INFO  - Watchdog has been checked: 0 passed
16.07.2014 12:50:48,338 - INFO  - Watchdog has been checked: 0 passed
16.07.2014 12:52:48,186 - INFO  - Watchdog has been checked: 0 passed
16.07.2014 12:54:48,206 - INFO  - Watchdog has been checked: 0 passed
16.07.2014 12:56:48,321 - INFO  - Watchdog has been checked: 0 passed
16.07.2014 12:58:48,424 - INFO  - Watchdog has been checked: 0 passed
16.07.2014 13:00:48,315 - INFO  - Watchdog has been checked: 0 passed
16.07.2014 13:02:48,386 - INFO  - Watchdog has been checked: 0 passed
16.07.2014 13:04:48,463 - INFO  - Watchdog has been checked: 0 passed
16.07.2014 13:06:48,253 - INFO  - Watchdog has been checked: 0 passed
16.07.2014 13:08:48,156 - INFO  - Watchdog has been checked: 0 passed
16.07.2014 13:10:48,286 - INFO  - Watchdog has been checked: 0 passed
16.07.2014 13:12:48,316 - INFO  - Watchdog has been checked: 0 passed
16.07.2014 13:14:48,349 - INFO  - Watchdog has been checked: 0 passed
16.07.2014 13:16:48,338 - INFO  - Watchdog has been checked: 0 passed
16.07.2014 13:18:48,361 - INFO  - Watchdog has been checked: 0 passed
16.07.2014 13:20:48,207 - INFO  - Watchdog has been checked: 0 passed
16.07.2014 13:22:48,226 - INFO  - Watchdog has been checked: 0 passed
16.07.2014 13:24:48,188 - INFO  - Watchdog has been checked: 0 passed
16.07.2014 13:26:48,344 - INFO  - Watchdog has been checked: 0 passed
16.07.2014 13:28:48,164 - INFO  - Watchdog has been checked: 0 passed
16.07.2014 13:30:47,994 - INFO  - Watchdog has been checked: 0 passed
16.07.2014 13:32:47,079 - INFO  - Watchdog has been checked: 0 passed
16.07.2014 13:34:46,052 - INFO  - Watchdog has been checked: 0 passed
16.07.2014 13:36:45,091 - INFO  - Watchdog has been checked: 0 passed
16.07.2014 13:38:44,082 - INFO  - Watchdog has been checked: 0 passed
16.07.2014 13:40:43,158 - INFO  - Watchdog has been checked: 0 passed
16.07.2014 13:42:43,242 - INFO  - Watchdog has been checked: 0 passed
16.07.2014 13:44:43,266 - INFO  - Watchdog has been checked: 0 passed
16.07.2014 13:46:43,176 - INFO  - Watchdog has been checked: 0 passed
16.07.2014 13:48:43,185 - INFO  - Watchdog has been checked: 0 passed
16.07.2014 13:50:43,288 - INFO  - Watchdog has been checked: 0 passed
16.07.2014 13:52:43,311 - INFO  - Watchdog has been checked: 0 passed
16.07.2014 13:54:43,090 - INFO  - Watchdog has been checked: 0 passed
16.07.2014 13:56:42,324 - INFO  - Watchdog has been checked: 0 passed
16.07.2014 13:58:42,354 - INFO  - Watchdog has been checked: 0 passed
16.07.2014 14:00:42,230 - INFO  - Watchdog has been checked: 0 passed
16.07.2014 14:02:42,355 - INFO  - Watchdog has been checked: 0 passed
16.07.2014 14:04:42,312 - INFO  - Watchdog has been checked: 0 passed
16.07.2014 14:06:42,367 - INFO  - Watchdog has been checked: 0 passed
16.07.2014 14:08:42,389 - INFO  - Watchdog has been checked: 0 passed
16.07.2014 14:10:42,457 - INFO  - Watchdog has been checked: 0 passed
16.07.2014 14:12:42,328 - INFO  - Watchdog has been checked: 0 passed
16.07.2014 14:14:42,288 - INFO  - Watchdog has been checked: 0 passed
16.07.2014 14:16:42,350 - INFO  - Watchdog has been checked: 0 passed
16.07.2014 14:18:42,312 - INFO  - Watchdog has been checked: 0 passed
16.07.2014 14:20:42,395 - INFO  - Watchdog has been checked: 0 passed
16.07.2014 14:22:42,500 - INFO  - Watchdog has been checked: 0 passed
16.07.2014 14:24:42,453 - INFO  - Watchdog has been checked: 0 passed
16.07.2014 14:26:42,411 - INFO  - Watchdog has been checked: 0 passed
16.07.2014 14:28:42,291 - INFO  - Watchdog has been checked: 0 passed
16.07.2014 14:30:42,371 - INFO  - Watchdog has been checked: 0 passed
16.07.2014 14:32:42,475 - INFO  - Watchdog has been checked: 0 passed
16.07.2014 14:34:42,460 - INFO  - Watchdog has been checked: 0 passed
16.07.2014 14:36:42,427 - INFO  - Watchdog has been checked: 0 passed
16.07.2014 14:38:42,459 - INFO  - Watchdog has been checked: 0 passed
16.07.2014 14:40:42,297 - INFO  - Watchdog has been checked: 0 passed
16.07.2014 14:42:42,372 - INFO  - Watchdog has been checked: 0 passed
16.07.2014 14:44:42,404 - INFO  - Watchdog has been checked: 0 passed
16.07.2014 14:46:42,362 - INFO  - Watchdog has been checked: 0 passed
16.07.2014 14:48:42,427 - INFO  - Watchdog has been checked: 0 passed
16.07.2014 14:50:42,481 - INFO  - Watchdog has been checked: 0 passed
16.07.2014 14:52:42,268 - INFO  - Watchdog has been checked: 0 passed
16.07.2014 14:54:42,230 - INFO  - Watchdog has been checked: 0 passed
16.07.2014 14:56:42,277 - INFO  - Watchdog has been checked: 0 passed
16.07.2014 14:58:42,319 - INFO  - Watchdog has been checked: 0 passed
16.07.2014 15:00:42,161 - INFO  - Watchdog has been checked: 0 passed
16.07.2014 15:02:42,170 - INFO  - Watchdog has been checked: 0 passed
16.07.2014 15:04:42,184 - INFO  - Watchdog has been checked: 0 passed
16.07.2014 15:06:42,143 - INFO  - Watchdog has been checked: 0 passed
16.07.2014 15:08:41,193 - INFO  - Watchdog has been checked: 0 passed
16.07.2014 15:10:41,031 - INFO  - Watchdog has been checked: 0 passed
16.07.2014 15:12:40,108 - INFO  - Watchdog has been checked: 0 passed
16.07.2014 15:14:40,133 - INFO  - Watchdog has been checked: 0 passed
16.07.2014 15:16:40,159 - INFO  - Watchdog has been checked: 0 passed
16.07.2014 15:18:40,210 - INFO  - Watchdog has been checked: 0 passed
16.07.2014 15:20:40,088 - INFO  - Watchdog has been checked: 0 passed
16.07.2014 15:22:39,148 - INFO  - Watchdog has been checked: 0 passed
16.07.2014 15:24:38,176 - INFO  - Watchdog has been checked: 0 passed
16.07.2014 15:26:37,989 - INFO  - Watchdog has been checked: 0 passed
16.07.2014 15:28:38,308 - INFO  - Watchdog has been checked: 0 passed
16.07.2014 15:30:38,209 - INFO  - Watchdog has been checked: 0 passed
16.07.2014 15:32:38,271 - INFO  - Watchdog has been checked: 0 passed
16.07.2014 15:34:38,209 - INFO  - Watchdog has been checked: 0 passed
16.07.2014 15:36:38,270 - INFO  - Watchdog has been checked: 0 passed
16.07.2014 15:38:38,283 - INFO  - Watchdog has been checked: 0 passed
16.07.2014 15:40:38,165 - INFO  - Watchdog has been checked: 0 passed
16.07.2014 15:42:38,217 - INFO  - Watchdog has been checked: 0 passed
16.07.2014 15:44:38,288 - INFO  - Watchdog has been checked: 0 passed
16.07.2014 15:46:38,292 - INFO  - Watchdog has been checked: 0 passed
16.07.2014 15:48:38,329 - INFO  - Watchdog has been checked: 0 passed
16.07.2014 15:50:38,203 - INFO  - Watchdog has been checked: 0 passed
16.07.2014 15:52:38,285 - INFO  - Watchdog has been checked: 0 passed
16.07.2014 15:54:38,308 - INFO  - Watchdog has been checked: 0 passed
16.07.2014 15:56:38,313 - INFO  - Watchdog has been checked: 0 passed
16.07.2014 15:58:38,319 - INFO  - Watchdog has been checked: 0 passed
16.07.2014 16:00:38,142 - INFO  - Watchdog has been checked: 0 passed
16.07.2014 16:02:38,205 - INFO  - Watchdog has been checked: 0 passed
16.07.2014 16:04:38,210 - INFO  - Watchdog has been checked: 0 passed
16.07.2014 16:06:38,216 - INFO  - Watchdog has been checked: 0 passed
16.07.2014 16:08:38,229 - INFO  - Watchdog has been checked: 0 passed
16.07.2014 16:10:38,344 - INFO  - Watchdog has been checked: 0 passed
16.07.2014 16:12:38,179 - INFO  - Watchdog has been checked: 0 passed
16.07.2014 16:14:38,234 - INFO  - Watchdog has been checked: 0 passed
16.07.2014 16:16:38,283 - INFO  - Watchdog has been checked: 0 passed
16.07.2014 16:18:38,280 - INFO  - Watchdog has been checked: 0 passed
16.07.2014 16:20:38,334 - INFO  - Watchdog has been checked: 0 passed
16.07.2014 16:22:38,158 - INFO  - Watchdog has been checked: 0 passed
16.07.2014 16:24:38,138 - INFO  - Watchdog has been checked: 0 passed
16.07.2014 16:26:38,132 - INFO  - Watchdog has been checked: 0 passed
16.07.2014 16:28:38,147 - INFO  - Watchdog has been checked: 0 passed
16.07.2014 16:30:38,145 - INFO  - Watchdog has been checked: 0 passed
16.07.2014 16:32:38,061 - INFO  - Watchdog has been checked: 0 passed
16.07.2014 16:34:37,018 - INFO  - Watchdog has been checked: 0 passed
16.07.2014 16:36:36,078 - INFO  - Watchdog has been checked: 0 passed
16.07.2014 16:36:54,981 - INFO  - searcher identified --- respT: 36ms, 41658 results, q=, 
16.07.2014 16:37:00,773 - INFO  - searcher identified --- respT: 18ms, 1075 results, q=alfresco, 
16.07.2014 16:37:09,260 - INFO  - searcher identified --- respT: 24ms, 105 results, q=alfresco liste, 
16.07.2014 16:37:40,652 - INFO  - searcher identified --- respT: 49ms, 51 results, q=alfresco suche, 
16.07.2014 16:38:34,997 - INFO  - Watchdog has been checked: 0 passed
16.07.2014 16:40:34,170 - INFO  - Watchdog has been checked: 0 passed
16.07.2014 16:42:33,221 - INFO  - Watchdog has been checked: 0 passed
16.07.2014 16:44:32,201 - INFO  - Watchdog has been checked: 0 passed
16.07.2014 16:45:58,441 - INFO  - searcher identified --- respT: 64ms, 41666 results, q=, 
16.07.2014 16:46:03,139 - INFO  - searcher identified --- respT: 18ms, 1075 results, q=alfresco, 
16.07.2014 16:46:06,514 - INFO  - searcher identified --- respT: 31ms, 58 results, q=alfresco parame, 
16.07.2014 16:46:07,556 - INFO  - searcher identified --- respT: 26ms, 57 results, q=alfresco parameter, 
16.07.2014 16:46:31,174 - INFO  - Watchdog has been checked: 0 passed
16.07.2014 16:46:31,505 - INFO  - searcher identified --- respT: 32ms, no results, q=alfresco  parameterl, 
16.07.2014 16:46:33,973 - INFO  - searcher identified --- respT: 27ms, 57 results, q=alfresco  parameter, 
16.07.2014 16:46:35,847 - INFO  - searcher identified --- respT: 15ms, no results, q=alfresco  parameter öoste, 
16.07.2014 16:46:37,107 - INFO  - searcher identified --- respT: 26ms, 57 results, q=alfresco  parameter, 
16.07.2014 16:46:37,899 - INFO  - searcher identified --- respT: 13ms, no results, q=alfresco  parameterlist, 
16.07.2014 16:46:38,238 - INFO  - searcher identified --- respT: 13ms, no results, q=alfresco  parameterlist, 
16.07.2014 16:46:39,925 - INFO  - searcher identified --- respT: 27ms, 57 results, q=alfresco  parameter, 
16.07.2014 16:46:40,484 - INFO  - searcher identified --- respT: 25ms, 57 results, q=alfresco  paramete, 
16.07.2014 16:46:42,210 - INFO  - searcher identified --- respT: 74ms, 12 results, q=alfresco  parameter liste, 
16.07.2014 16:46:42,566 - INFO  - searcher identified --- respT: 64ms, 12 results, q=alfresco  parameter liste, 
16.07.2014 16:48:22,071 - INFO  - searcher identified --- respT: 29ms, 12 results, q=alfresco  parameter liste, page turned
16.07.2014 16:48:25,060 - INFO  - searcher identified --- respT: 81ms, 12 results, q=alfresco  parameter liste, 
16.07.2014 16:48:31,247 - INFO  - Watchdog has been checked: 0 passed
16.07.2014 16:50:31,129 - INFO  - Watchdog has been checked: 0 passed
16.07.2014 16:52:31,281 - INFO  - Watchdog has been checked: 0 passed
16.07.2014 16:54:22,429 - INFO  - searcher identified --- respT: 20ms, 5285 results, web:(PSIWeb), q=, 
16.07.2014 16:54:26,246 - INFO  - searcher identified --- respT: 19ms, 99 results, web:(PSIWeb), q=perfor, 
16.07.2014 16:54:28,160 - INFO  - searcher identified --- respT: 17ms, 91 results, web:(PSIWeb), q=performa, 
16.07.2014 16:54:31,263 - INFO  - Watchdog has been checked: 0 passed
16.07.2014 16:54:31,663 - INFO  - searcher identified --- respT: 15ms, 7 results, web:(PSIWeb), date:[NOW-1MONTH TO NOW], q=performa, 
16.07.2014 16:56:31,214 - INFO  - Watchdog has been checked: 0 passed
16.07.2014 16:58:31,279 - INFO  - Watchdog has been checked: 0 passed
16.07.2014 17:00:31,126 - INFO  - Watchdog has been checked: 0 passed
16.07.2014 17:01:24,066 - INFO  - searcher identified --- respT: 18ms, 91 results, web:(PSIWeb), q=performa, 
16.07.2014 17:02:31,243 - INFO  - Watchdog has been checked: 0 passed
16.07.2014 17:04:31,232 - INFO  - Watchdog has been checked: 0 passed
16.07.2014 17:06:31,192 - INFO  - Watchdog has been checked: 0 passed
16.07.2014 17:08:31,268 - INFO  - Watchdog has been checked: 0 passed
16.07.2014 17:10:31,373 - INFO  - Watchdog has been checked: 0 passed
16.07.2014 17:12:31,204 - INFO  - Watchdog has been checked: 0 passed
16.07.2014 17:14:31,281 - INFO  - Watchdog has been checked: 0 passed
16.07.2014 17:16:31,229 - INFO  - Watchdog has been checked: 0 passed
16.07.2014 17:18:31,263 - INFO  - Watchdog has been checked: 0 passed
16.07.2014 17:20:31,345 - INFO  - Watchdog has been checked: 0 passed
16.07.2014 17:22:31,107 - INFO  - Watchdog has been checked: 0 passed
16.07.2014 17:24:31,154 - INFO  - Watchdog has been checked: 0 passed
16.07.2014 17:26:31,178 - INFO  - Watchdog has been checked: 0 passed
16.07.2014 17:28:31,219 - INFO  - Watchdog has been checked: 0 passed
16.07.2014 17:30:31,279 - INFO  - Watchdog has been checked: 0 passed
16.07.2014 17:32:31,314 - INFO  - Watchdog has been checked: 0 passed
16.07.2014 17:34:31,379 - INFO  - Watchdog has been checked: 0 passed
16.07.2014 17:36:31,337 - INFO  - Watchdog has been checked: 0 passed
16.07.2014 17:38:31,269 - INFO  - Watchdog has been checked: 0 passed
16.07.2014 17:40:31,171 - INFO  - Watchdog has been checked: 0 passed
16.07.2014 17:42:31,216 - INFO  - Watchdog has been checked: 0 passed
16.07.2014 17:44:31,236 - INFO  - Watchdog has been checked: 0 passed
16.07.2014 17:46:31,283 - INFO  - Watchdog has been checked: 0 passed
16.07.2014 17:48:31,194 - INFO  - Watchdog has been checked: 0 passed
16.07.2014 17:50:31,032 - INFO  - Watchdog has been checked: 0 passed
16.07.2014 17:52:30,138 - INFO  - Watchdog has been checked: 0 passed
16.07.2014 17:54:29,181 - INFO  - Watchdog has been checked: 0 passed
16.07.2014 17:56:29,134 - INFO  - Watchdog has been checked: 0 passed
16.07.2014 17:58:28,096 - INFO  - Watchdog has been checked: 0 passed
16.07.2014 18:00:28,276 - INFO  - Watchdog has been checked: 0 passed
16.07.2014 18:02:28,313 - INFO  - Watchdog has been checked: 0 passed
16.07.2014 18:04:28,359 - INFO  - Watchdog has been checked: 0 passed
16.07.2014 18:06:28,313 - INFO  - Watchdog has been checked: 0 passed
16.07.2014 18:08:28,347 - INFO  - Watchdog has been checked: 0 passed
16.07.2014 18:10:28,199 - INFO  - Watchdog has been checked: 0 passed
16.07.2014 18:12:28,271 - INFO  - Watchdog has been checked: 0 passed
16.07.2014 18:14:28,347 - INFO  - Watchdog has been checked: 0 passed
16.07.2014 18:16:28,356 - INFO  - Watchdog has been checked: 0 passed
16.07.2014 18:18:28,371 - INFO  - Watchdog has been checked: 0 passed
16.07.2014 18:20:28,232 - INFO  - Watchdog has been checked: 0 passed
16.07.2014 18:22:28,250 - INFO  - Watchdog has been checked: 0 passed
16.07.2014 18:24:28,227 - INFO  - Watchdog has been checked: 0 passed
16.07.2014 18:26:28,234 - INFO  - Watchdog has been checked: 0 passed
16.07.2014 18:28:28,243 - INFO  - Watchdog has been checked: 0 passed
16.07.2014 18:30:28,383 - INFO  - Watchdog has been checked: 0 passed
16.07.2014 18:32:28,137 - INFO  - Watchdog has been checked: 0 passed
16.07.2014 18:34:28,289 - INFO  - Watchdog has been checked: 0 passed
16.07.2014 18:36:28,152 - INFO  - Watchdog has been checked: 0 passed
16.07.2014 18:38:28,157 - INFO  - Watchdog has been checked: 0 passed
16.07.2014 18:40:28,197 - INFO  - Watchdog has been checked: 0 passed
16.07.2014 18:42:28,255 - INFO  - Watchdog has been checked: 0 passed
16.07.2014 18:44:28,431 - INFO  - Watchdog has been checked: 0 passed
16.07.2014 18:46:28,281 - INFO  - Watchdog has been checked: 0 passed
16.07.2014 18:48:28,235 - INFO  - Watchdog has been checked: 0 passed
16.07.2014 18:50:28,093 - INFO  - Watchdog has been checked: 0 passed
16.07.2014 18:52:27,178 - INFO  - Watchdog has been checked: 0 passed
16.07.2014 18:54:27,222 - INFO  - Watchdog has been checked: 0 passed
16.07.2014 18:56:27,190 - INFO  - Watchdog has been checked: 0 passed
16.07.2014 18:58:27,190 - INFO  - Watchdog has been checked: 0 passed
16.07.2014 19:00:28,212 - INFO  - Watchdog has been checked: 0 passed
16.07.2014 19:02:28,095 - INFO  - Watchdog has been checked: 0 passed
16.07.2014 19:04:27,132 - INFO  - Watchdog has been checked: 0 passed
16.07.2014 19:06:27,242 - INFO  - Watchdog has been checked: 0 passed
16.07.2014 19:08:27,384 - INFO  - Watchdog has been checked: 0 passed
16.07.2014 19:10:27,160 - INFO  - Watchdog has been checked: 0 passed
16.07.2014 19:12:27,243 - INFO  - Watchdog has been checked: 0 passed
16.07.2014 19:14:27,239 - INFO  - Watchdog has been checked: 0 passed
16.07.2014 19:16:27,281 - INFO  - Watchdog has been checked: 0 passed
16.07.2014 19:18:27,301 - INFO  - Watchdog has been checked: 0 passed
16.07.2014 19:20:27,193 - INFO  - Watchdog has been checked: 0 passed
16.07.2014 19:22:27,269 - INFO  - Watchdog has been checked: 0 passed
16.07.2014 19:24:27,173 - INFO  - Watchdog has been checked: 0 passed
16.07.2014 19:26:27,292 - INFO  - Watchdog has been checked: 0 passed
16.07.2014 19:28:27,148 - INFO  - Watchdog has been checked: 0 passed
16.07.2014 19:30:27,269 - INFO  - Watchdog has been checked: 0 passed
16.07.2014 19:32:27,336 - INFO  - Watchdog has been checked: 0 passed
16.07.2014 19:34:27,386 - INFO  - Watchdog has been checked: 0 passed
16.07.2014 19:36:27,264 - INFO  - Watchdog has been checked: 0 passed
16.07.2014 19:38:27,365 - INFO  - Watchdog has been checked: 0 passed
16.07.2014 19:40:27,187 - INFO  - Watchdog has been checked: 0 passed
16.07.2014 19:42:27,240 - INFO  - Watchdog has been checked: 0 passed
16.07.2014 19:44:27,238 - INFO  - Watchdog has been checked: 0 passed
16.07.2014 19:46:27,239 - INFO  - Watchdog has been checked: 0 passed
16.07.2014 19:48:27,289 - INFO  - Watchdog has been checked: 0 passed
16.07.2014 19:50:27,153 - INFO  - Watchdog has been checked: 0 passed
16.07.2014 19:52:26,236 - INFO  - Watchdog has been checked: 0 passed
16.07.2014 19:54:26,272 - INFO  - Watchdog has been checked: 0 passed
16.07.2014 19:56:26,185 - INFO  - Watchdog has been checked: 0 passed
16.07.2014 19:58:26,206 - INFO  - Watchdog has been checked: 0 passed
16.07.2014 20:00:26,329 - INFO  - Watchdog has been checked: 0 passed
16.07.2014 20:02:26,353 - INFO  - Watchdog has been checked: 0 passed
16.07.2014 20:04:26,151 - INFO  - Watchdog has been checked: 0 passed
16.07.2014 20:06:26,105 - INFO  - Watchdog has been checked: 0 passed
16.07.2014 20:08:25,228 - INFO  - Watchdog has been checked: 0 passed
16.07.2014 20:10:25,291 - INFO  - Watchdog has been checked: 0 passed
16.07.2014 20:12:25,160 - INFO  - Watchdog has been checked: 0 passed
16.07.2014 20:14:25,198 - INFO  - Watchdog has been checked: 0 passed
16.07.2014 20:16:25,228 - INFO  - Watchdog has been checked: 0 passed
16.07.2014 20:18:25,247 - INFO  - Watchdog has been checked: 0 passed
16.07.2014 20:20:25,170 - INFO  - Watchdog has been checked: 0 passed
16.07.2014 20:22:25,186 - INFO  - Watchdog has been checked: 0 passed
16.07.2014 20:24:25,178 - INFO  - Watchdog has been checked: 0 passed
16.07.2014 20:26:25,231 - INFO  - Watchdog has been checked: 0 passed
16.07.2014 20:28:25,256 - INFO  - Watchdog has been checked: 0 passed
16.07.2014 20:30:25,140 - INFO  - Watchdog has been checked: 0 passed
16.07.2014 20:32:25,189 - INFO  - Watchdog has been checked: 0 passed
16.07.2014 20:34:26,099 - INFO  - Watchdog has been checked: 0 passed
16.07.2014 20:36:26,178 - INFO  - Watchdog has been checked: 0 passed
16.07.2014 20:38:26,170 - INFO  - Watchdog has been checked: 0 passed
16.07.2014 20:40:26,332 - INFO  - Watchdog has been checked: 0 passed
16.07.2014 20:42:26,355 - INFO  - Watchdog has been checked: 0 passed
16.07.2014 20:44:26,346 - INFO  - Watchdog has been checked: 0 passed
16.07.2014 20:46:26,365 - INFO  - Watchdog has been checked: 0 passed
16.07.2014 20:48:26,109 - INFO  - Watchdog has been checked: 0 passed
16.07.2014 20:50:26,211 - INFO  - Watchdog has been checked: 0 passed
16.07.2014 20:52:26,261 - INFO  - Watchdog has been checked: 0 passed
16.07.2014 20:54:26,280 - INFO  - Watchdog has been checked: 0 passed
16.07.2014 20:56:26,295 - INFO  - Watchdog has been checked: 0 passed
16.07.2014 20:58:26,058 - INFO  - Watchdog has been checked: 0 passed
16.07.2014 21:00:25,134 - INFO  - Watchdog has been checked: 0 passed
16.07.2014 21:02:24,208 - INFO  - Watchdog has been checked: 0 passed
16.07.2014 21:04:28,178 - INFO  - Watchdog has been checked: 0 passed
16.07.2014 21:06:28,203 - INFO  - Watchdog has been checked: 0 passed
16.07.2014 21:08:28,223 - INFO  - Watchdog has been checked: 0 passed
16.07.2014 21:10:28,076 - INFO  - Watchdog has been checked: 0 passed
16.07.2014 21:12:27,218 - INFO  - Watchdog has been checked: 0 passed
16.07.2014 21:14:27,192 - INFO  - Watchdog has been checked: 0 passed
16.07.2014 21:16:28,005 - INFO  - Watchdog has been checked: 0 passed
16.07.2014 21:18:27,186 - INFO  - Watchdog has been checked: 0 passed
16.07.2014 21:20:27,276 - INFO  - Watchdog has been checked: 0 passed
16.07.2014 21:22:27,142 - INFO  - Watchdog has been checked: 0 passed
16.07.2014 21:24:27,103 - INFO  - Watchdog has been checked: 0 passed
16.07.2014 21:26:27,323 - INFO  - Watchdog has been checked: 0 passed
16.07.2014 21:28:27,113 - INFO  - Watchdog has been checked: 0 passed
16.07.2014 21:30:27,229 - INFO  - Watchdog has been checked: 0 passed
16.07.2014 21:32:27,332 - INFO  - Watchdog has been checked: 0 passed
16.07.2014 21:34:27,323 - INFO  - Watchdog has been checked: 0 passed
16.07.2014 21:36:27,617 - INFO  - Watchdog has been checked: 0 passed
16.07.2014 21:38:27,337 - INFO  - Watchdog has been checked: 0 passed
16.07.2014 21:40:27,398 - INFO  - Watchdog has been checked: 0 passed
16.07.2014 21:42:27,261 - INFO  - Watchdog has been checked: 0 passed
16.07.2014 21:44:27,195 - INFO  - Watchdog has been checked: 0 passed
16.07.2014 21:46:27,188 - INFO  - Watchdog has been checked: 0 passed
16.07.2014 21:48:27,211 - INFO  - Watchdog has been checked: 0 passed
16.07.2014 21:50:27,262 - INFO  - Watchdog has been checked: 0 passed
16.07.2014 21:52:27,343 - INFO  - Watchdog has been checked: 0 passed
16.07.2014 21:54:27,436 - INFO  - Watchdog has been checked: 0 passed
16.07.2014 21:56:27,331 - INFO  - Watchdog has been checked: 0 passed
16.07.2014 21:58:28,398 - INFO  - Watchdog has been checked: 0 passed
16.07.2014 22:00:28,228 - INFO  - Watchdog has been checked: 0 passed
16.07.2014 22:02:28,191 - INFO  - Watchdog has been checked: 0 passed
16.07.2014 22:04:28,228 - INFO  - Watchdog has been checked: 0 passed
16.07.2014 22:06:28,254 - INFO  - Watchdog has been checked: 0 passed
16.07.2014 22:08:28,210 - INFO  - Watchdog has been checked: 0 passed
16.07.2014 22:10:28,292 - INFO  - Watchdog has been checked: 0 passed
16.07.2014 22:12:28,333 - INFO  - Watchdog has been checked: 0 passed
16.07.2014 22:14:28,043 - INFO  - Watchdog has been checked: 0 passed
16.07.2014 22:16:27,157 - INFO  - Watchdog has been checked: 0 passed
16.07.2014 22:18:27,542 - INFO  - Watchdog has been checked: 0 passed
16.07.2014 22:20:27,280 - INFO  - Watchdog has been checked: 0 passed
16.07.2014 22:22:27,291 - INFO  - Watchdog has been checked: 0 passed
16.07.2014 22:24:27,072 - INFO  - Watchdog has been checked: 0 passed
16.07.2014 22:26:27,119 - INFO  - Watchdog has been checked: 0 passed
16.07.2014 22:28:27,184 - INFO  - Watchdog has been checked: 0 passed
16.07.2014 22:30:27,266 - INFO  - Watchdog has been checked: 0 passed
16.07.2014 22:32:27,290 - INFO  - Watchdog has been checked: 0 passed
16.07.2014 22:34:27,111 - INFO  - Watchdog has been checked: 0 passed
16.07.2014 22:36:27,135 - INFO  - Watchdog has been checked: 0 passed
16.07.2014 22:38:26,270 - INFO  - Watchdog has been checked: 0 passed
16.07.2014 22:40:26,083 - INFO  - Watchdog has been checked: 0 passed
16.07.2014 22:42:26,147 - INFO  - Watchdog has been checked: 0 passed
16.07.2014 22:44:25,309 - INFO  - Watchdog has been checked: 0 passed
16.07.2014 22:46:25,246 - INFO  - Watchdog has been checked: 0 passed
16.07.2014 22:48:25,275 - INFO  - Watchdog has been checked: 0 passed
16.07.2014 22:50:25,225 - INFO  - Watchdog has been checked: 0 passed
16.07.2014 22:52:25,283 - INFO  - Watchdog has been checked: 0 passed
16.07.2014 22:54:25,317 - INFO  - Watchdog has been checked: 0 passed
16.07.2014 22:56:25,211 - INFO  - Watchdog has been checked: 0 passed
16.07.2014 22:58:25,308 - INFO  - Watchdog has been checked: 0 passed
16.07.2014 23:00:27,968 - INFO  - Watchdog has been checked: 0 passed
16.07.2014 23:02:27,312 - INFO  - Watchdog has been checked: 0 passed
16.07.2014 23:04:26,999 - INFO  - Watchdog has been checked: 0 passed
16.07.2014 23:06:27,352 - INFO  - Watchdog has been checked: 0 passed
16.07.2014 23:08:28,261 - INFO  - Watchdog has been checked: 0 passed
16.07.2014 23:10:28,140 - INFO  - Watchdog has been checked: 0 passed
16.07.2014 23:12:28,194 - INFO  - Watchdog has been checked: 0 passed
16.07.2014 23:14:28,202 - INFO  - Watchdog has been checked: 0 passed
16.07.2014 23:16:28,231 - INFO  - Watchdog has been checked: 0 passed
16.07.2014 23:18:28,323 - INFO  - Watchdog has been checked: 0 passed
16.07.2014 23:20:28,183 - INFO  - Watchdog has been checked: 0 passed
16.07.2014 23:22:28,277 - INFO  - Watchdog has been checked: 0 passed
16.07.2014 23:24:28,248 - INFO  - Watchdog has been checked: 0 passed
16.07.2014 23:26:28,160 - INFO  - Watchdog has been checked: 0 passed
16.07.2014 23:28:27,195 - INFO  - Watchdog has been checked: 0 passed
16.07.2014 23:30:48,272 - INFO  - Watchdog has been checked: 0 passed
16.07.2014 23:31:27,408 - INFO  - Watchdog has been checked: 0 passed
16.07.2014 23:33:27,220 - INFO  - Watchdog has been checked: 0 passed
16.07.2014 23:35:27,249 - INFO  - Watchdog has been checked: 0 passed
16.07.2014 23:37:27,336 - INFO  - Watchdog has been checked: 0 passed
16.07.2014 23:39:28,630 - INFO  - Watchdog has been checked: 0 passed
16.07.2014 23:41:28,151 - INFO  - Watchdog has been checked: 0 passed
16.07.2014 23:43:28,235 - INFO  - Watchdog has been checked: 0 passed
16.07.2014 23:45:28,310 - INFO  - Watchdog has been checked: 0 passed
16.07.2014 23:47:28,398 - INFO  - Watchdog has been checked: 0 passed
16.07.2014 23:49:28,565 - INFO  - Watchdog has been checked: 0 passed
16.07.2014 23:51:28,375 - INFO  - Watchdog has been checked: 0 passed
16.07.2014 23:53:28,224 - INFO  - Watchdog has been checked: 0 passed
16.07.2014 23:55:28,212 - INFO  - Watchdog has been checked: 0 passed
16.07.2014 23:57:28,327 - INFO  - Watchdog has been checked: 0 passed
16.07.2014 23:59:28,497 - INFO  - Watchdog has been checked: 0 passed
