22.08.2014 00:01:25,387 - INFO  - Watchdog has been checked: 0 passed
22.08.2014 00:03:25,181 - INFO  - Watchdog has been checked: 0 passed
22.08.2014 00:05:25,284 - INFO  - Watchdog has been checked: 0 passed
22.08.2014 00:07:25,192 - INFO  - Watchdog has been checked: 0 passed
22.08.2014 00:09:25,279 - INFO  - Watchdog has been checked: 0 passed
22.08.2014 00:11:25,338 - INFO  - Watchdog has been checked: 0 passed
22.08.2014 00:13:25,242 - INFO  - Watchdog has been checked: 0 passed
22.08.2014 00:15:25,320 - INFO  - Watchdog has been checked: 0 passed
22.08.2014 00:17:25,223 - INFO  - Watchdog has been checked: 0 passed
22.08.2014 00:19:25,360 - INFO  - Watchdog has been checked: 0 passed
22.08.2014 00:21:25,405 - INFO  - Watchdog has been checked: 0 passed
22.08.2014 00:23:25,417 - INFO  - Watchdog has been checked: 0 passed
22.08.2014 00:25:25,264 - INFO  - Watchdog has been checked: 0 passed
22.08.2014 00:27:25,361 - INFO  - Watchdog has been checked: 0 passed
22.08.2014 00:29:25,177 - INFO  - Watchdog has been checked: 0 passed
22.08.2014 00:31:25,180 - INFO  - Watchdog has been checked: 0 passed
22.08.2014 00:33:25,292 - INFO  - Watchdog has been checked: 0 passed
22.08.2014 00:35:25,305 - INFO  - Watchdog has been checked: 0 passed
22.08.2014 00:37:25,207 - INFO  - Watchdog has been checked: 0 passed
22.08.2014 00:39:25,299 - INFO  - Watchdog has been checked: 0 passed
22.08.2014 00:41:25,340 - INFO  - Watchdog has been checked: 0 passed
22.08.2014 00:43:25,435 - INFO  - Watchdog has been checked: 0 passed
22.08.2014 00:45:25,282 - INFO  - Watchdog has been checked: 0 passed
22.08.2014 00:47:25,436 - INFO  - Watchdog has been checked: 0 passed
22.08.2014 00:49:25,229 - INFO  - Watchdog has been checked: 0 passed
22.08.2014 00:51:25,252 - INFO  - Watchdog has been checked: 0 passed
22.08.2014 00:53:25,106 - INFO  - Watchdog has been checked: 0 passed
22.08.2014 00:55:25,205 - INFO  - Watchdog has been checked: 0 passed
22.08.2014 00:57:26,316 - INFO  - Watchdog has been checked: 0 passed
22.08.2014 00:59:26,118 - INFO  - Watchdog has been checked: 0 passed
22.08.2014 01:01:26,177 - INFO  - Watchdog has been checked: 0 passed
22.08.2014 01:03:26,148 - INFO  - Watchdog has been checked: 0 passed
22.08.2014 01:05:26,223 - INFO  - Watchdog has been checked: 0 passed
22.08.2014 01:07:26,121 - INFO  - Watchdog has been checked: 0 passed
22.08.2014 01:09:26,238 - INFO  - Watchdog has been checked: 0 passed
22.08.2014 01:11:26,057 - INFO  - Watchdog has been checked: 0 passed
22.08.2014 01:13:25,144 - INFO  - Watchdog has been checked: 0 passed
22.08.2014 01:15:25,234 - INFO  - Watchdog has been checked: 0 passed
22.08.2014 01:17:25,158 - INFO  - Watchdog has been checked: 0 passed
22.08.2014 01:19:25,225 - INFO  - Watchdog has been checked: 0 passed
22.08.2014 01:21:25,315 - INFO  - Watchdog has been checked: 0 passed
22.08.2014 01:23:25,119 - INFO  - Watchdog has been checked: 0 passed
22.08.2014 01:25:24,202 - INFO  - Watchdog has been checked: 0 passed
22.08.2014 01:27:24,079 - INFO  - Watchdog has been checked: 0 passed
22.08.2014 01:29:24,282 - INFO  - Watchdog has been checked: 0 passed
22.08.2014 01:31:24,243 - INFO  - Watchdog has been checked: 0 passed
22.08.2014 01:33:24,198 - INFO  - Watchdog has been checked: 0 passed
22.08.2014 01:35:24,342 - INFO  - Watchdog has been checked: 0 passed
22.08.2014 01:37:24,263 - INFO  - Watchdog has been checked: 0 passed
22.08.2014 01:39:24,323 - INFO  - Watchdog has been checked: 0 passed
22.08.2014 01:41:24,227 - INFO  - Watchdog has been checked: 0 passed
22.08.2014 01:43:24,279 - INFO  - Watchdog has been checked: 0 passed
22.08.2014 01:45:24,281 - INFO  - Watchdog has been checked: 0 passed
22.08.2014 01:47:24,233 - INFO  - Watchdog has been checked: 0 passed
22.08.2014 01:49:24,313 - INFO  - Watchdog has been checked: 0 passed
22.08.2014 01:51:24,381 - INFO  - Watchdog has been checked: 0 passed
22.08.2014 01:53:24,214 - INFO  - Watchdog has been checked: 0 passed
22.08.2014 01:55:24,356 - INFO  - Watchdog has been checked: 0 passed
22.08.2014 01:57:24,305 - INFO  - Watchdog has been checked: 0 passed
22.08.2014 01:59:26,366 - INFO  - Watchdog has been checked: 0 passed
22.08.2014 02:01:26,229 - INFO  - Watchdog has been checked: 0 passed
22.08.2014 02:03:26,334 - INFO  - Watchdog has been checked: 0 passed
22.08.2014 02:05:26,420 - INFO  - Watchdog has been checked: 0 passed
22.08.2014 02:07:26,340 - INFO  - Watchdog has been checked: 0 passed
22.08.2014 02:09:26,433 - INFO  - Watchdog has been checked: 0 passed
22.08.2014 02:11:26,249 - INFO  - Watchdog has been checked: 0 passed
22.08.2014 02:13:26,348 - INFO  - Watchdog has been checked: 0 passed
22.08.2014 02:15:26,400 - INFO  - Watchdog has been checked: 0 passed
22.08.2014 02:17:26,361 - INFO  - Watchdog has been checked: 0 passed
22.08.2014 02:19:26,450 - INFO  - Watchdog has been checked: 0 passed
22.08.2014 02:21:26,264 - INFO  - Watchdog has been checked: 0 passed
22.08.2014 02:23:26,377 - INFO  - Watchdog has been checked: 0 passed
22.08.2014 02:25:26,452 - INFO  - Watchdog has been checked: 0 passed
22.08.2014 02:27:26,383 - INFO  - Watchdog has been checked: 0 passed
22.08.2014 02:29:26,448 - INFO  - Watchdog has been checked: 0 passed
22.08.2014 02:31:26,232 - INFO  - Watchdog has been checked: 0 passed
22.08.2014 02:33:26,292 - INFO  - Watchdog has been checked: 0 passed
22.08.2014 02:35:26,139 - INFO  - Watchdog has been checked: 0 passed
22.08.2014 02:37:26,033 - INFO  - Watchdog has been checked: 0 passed
22.08.2014 02:39:25,123 - INFO  - Watchdog has been checked: 0 passed
22.08.2014 02:41:24,467 - INFO  - Watchdog has been checked: 0 passed
22.08.2014 02:43:24,212 - INFO  - Watchdog has been checked: 0 passed
22.08.2014 02:45:24,042 - INFO  - Watchdog has been checked: 0 passed
22.08.2014 02:47:23,198 - INFO  - Watchdog has been checked: 0 passed
22.08.2014 02:49:23,294 - INFO  - Watchdog has been checked: 0 passed
22.08.2014 02:51:23,058 - INFO  - Watchdog has been checked: 0 passed
22.08.2014 02:53:23,156 - INFO  - Watchdog has been checked: 0 passed
22.08.2014 02:55:23,190 - INFO  - Watchdog has been checked: 0 passed
22.08.2014 02:57:23,119 - INFO  - Watchdog has been checked: 0 passed
22.08.2014 02:59:22,266 - INFO  - Watchdog has been checked: 0 passed
22.08.2014 03:01:26,319 - INFO  - Watchdog has been checked: 0 passed
22.08.2014 03:03:26,133 - INFO  - Watchdog has been checked: 0 passed
22.08.2014 03:05:25,193 - INFO  - Watchdog has been checked: 0 passed
22.08.2014 03:07:25,102 - INFO  - Watchdog has been checked: 0 passed
22.08.2014 03:09:24,163 - INFO  - Watchdog has been checked: 0 passed
22.08.2014 03:11:24,186 - INFO  - Watchdog has been checked: 0 passed
22.08.2014 03:13:24,274 - INFO  - Watchdog has been checked: 0 passed
22.08.2014 03:15:24,115 - INFO  - Watchdog has been checked: 0 passed
22.08.2014 03:17:24,285 - INFO  - Watchdog has been checked: 0 passed
22.08.2014 03:19:24,344 - INFO  - Watchdog has been checked: 0 passed
22.08.2014 03:21:24,167 - INFO  - Watchdog has been checked: 0 passed
22.08.2014 03:23:24,241 - INFO  - Watchdog has been checked: 0 passed
22.08.2014 03:25:24,365 - INFO  - Watchdog has been checked: 0 passed
22.08.2014 03:27:24,249 - INFO  - Watchdog has been checked: 0 passed
22.08.2014 03:29:24,369 - INFO  - Watchdog has been checked: 0 passed
22.08.2014 03:31:24,221 - INFO  - Watchdog has been checked: 0 passed
22.08.2014 03:33:24,246 - INFO  - Watchdog has been checked: 0 passed
22.08.2014 03:35:24,344 - INFO  - Watchdog has been checked: 0 passed
22.08.2014 03:37:24,223 - INFO  - Watchdog has been checked: 0 passed
22.08.2014 03:39:24,318 - INFO  - Watchdog has been checked: 0 passed
22.08.2014 03:41:24,135 - INFO  - Watchdog has been checked: 0 passed
22.08.2014 03:43:24,199 - INFO  - Watchdog has been checked: 0 passed
22.08.2014 03:45:24,286 - INFO  - Watchdog has been checked: 0 passed
22.08.2014 03:47:24,158 - INFO  - Watchdog has been checked: 0 passed
22.08.2014 03:49:24,210 - INFO  - Watchdog has been checked: 0 passed
22.08.2014 03:51:24,055 - INFO  - Watchdog has been checked: 0 passed
22.08.2014 03:53:23,127 - INFO  - Watchdog has been checked: 0 passed
22.08.2014 03:55:23,229 - INFO  - Watchdog has been checked: 0 passed
22.08.2014 03:57:23,123 - INFO  - Watchdog has been checked: 0 passed
22.08.2014 03:59:23,099 - INFO  - Watchdog has been checked: 0 passed
22.08.2014 04:01:23,184 - INFO  - Watchdog has been checked: 0 passed
22.08.2014 04:03:23,257 - INFO  - Watchdog has been checked: 0 passed
22.08.2014 04:05:23,059 - INFO  - Watchdog has been checked: 0 passed
22.08.2014 04:07:23,293 - INFO  - Watchdog has been checked: 0 passed
22.08.2014 04:09:23,044 - INFO  - Watchdog has been checked: 0 passed
22.08.2014 04:11:23,160 - INFO  - Watchdog has been checked: 0 passed
22.08.2014 04:13:23,205 - INFO  - Watchdog has been checked: 0 passed
22.08.2014 04:15:23,024 - INFO  - Watchdog has been checked: 0 passed
22.08.2014 04:17:22,032 - INFO  - Watchdog has been checked: 0 passed
22.08.2014 04:19:22,238 - INFO  - Watchdog has been checked: 0 passed
22.08.2014 04:21:22,196 - INFO  - Watchdog has been checked: 0 passed
22.08.2014 04:23:22,228 - INFO  - Watchdog has been checked: 0 passed
22.08.2014 04:25:22,338 - INFO  - Watchdog has been checked: 0 passed
22.08.2014 04:27:22,263 - INFO  - Watchdog has been checked: 0 passed
22.08.2014 04:29:22,347 - INFO  - Watchdog has been checked: 0 passed
22.08.2014 04:31:22,309 - INFO  - Watchdog has been checked: 0 passed
22.08.2014 04:33:22,210 - INFO  - Watchdog has been checked: 0 passed
22.08.2014 04:35:22,276 - INFO  - Watchdog has been checked: 0 passed
22.08.2014 04:37:22,131 - INFO  - Watchdog has been checked: 0 passed
22.08.2014 04:39:22,287 - INFO  - Watchdog has been checked: 0 passed
22.08.2014 04:41:22,310 - INFO  - Watchdog has been checked: 0 passed
22.08.2014 04:43:22,382 - INFO  - Watchdog has been checked: 0 passed
22.08.2014 04:45:22,238 - INFO  - Watchdog has been checked: 0 passed
22.08.2014 04:47:22,152 - INFO  - Watchdog has been checked: 0 passed
22.08.2014 04:49:22,224 - INFO  - Watchdog has been checked: 0 passed
22.08.2014 04:51:22,380 - INFO  - Watchdog has been checked: 0 passed
22.08.2014 04:53:22,211 - INFO  - Watchdog has been checked: 0 passed
22.08.2014 04:55:21,278 - INFO  - Watchdog has been checked: 0 passed
22.08.2014 04:57:21,222 - INFO  - Watchdog has been checked: 0 passed
22.08.2014 04:59:21,328 - INFO  - Watchdog has been checked: 0 passed
22.08.2014 05:01:21,446 - INFO  - Watchdog has been checked: 0 passed
22.08.2014 05:03:21,277 - INFO  - Watchdog has been checked: 0 passed
22.08.2014 05:05:21,309 - INFO  - Watchdog has been checked: 0 passed
22.08.2014 05:07:21,207 - INFO  - Watchdog has been checked: 0 passed
22.08.2014 05:09:21,079 - INFO  - Watchdog has been checked: 0 passed
22.08.2014 05:11:21,058 - INFO  - Watchdog has been checked: 0 passed
22.08.2014 05:13:21,148 - INFO  - Watchdog has been checked: 0 passed
22.08.2014 05:15:21,199 - INFO  - Watchdog has been checked: 0 passed
22.08.2014 05:17:21,130 - INFO  - Watchdog has been checked: 0 passed
22.08.2014 05:19:21,223 - INFO  - Watchdog has been checked: 0 passed
22.08.2014 05:21:21,283 - INFO  - Watchdog has been checked: 0 passed
22.08.2014 05:23:21,154 - INFO  - Watchdog has been checked: 0 passed
22.08.2014 05:25:21,204 - INFO  - Watchdog has been checked: 0 passed
22.08.2014 05:27:21,289 - INFO  - Watchdog has been checked: 0 passed
22.08.2014 05:29:21,163 - INFO  - Watchdog has been checked: 0 passed
22.08.2014 05:31:21,246 - INFO  - Watchdog has been checked: 0 passed
22.08.2014 05:33:21,327 - INFO  - Watchdog has been checked: 0 passed
22.08.2014 05:35:21,146 - INFO  - Watchdog has been checked: 0 passed
22.08.2014 05:37:21,334 - INFO  - Watchdog has been checked: 0 passed
22.08.2014 05:39:21,172 - INFO  - Watchdog has been checked: 0 passed
22.08.2014 05:41:21,186 - INFO  - Watchdog has been checked: 0 passed
22.08.2014 05:43:21,273 - INFO  - Watchdog has been checked: 0 passed
22.08.2014 05:45:21,116 - INFO  - Watchdog has been checked: 0 passed
22.08.2014 05:47:21,256 - INFO  - Watchdog has been checked: 0 passed
22.08.2014 05:49:21,168 - INFO  - Watchdog has been checked: 0 passed
22.08.2014 05:51:21,168 - INFO  - Watchdog has been checked: 0 passed
22.08.2014 05:53:21,229 - INFO  - Watchdog has been checked: 0 passed
22.08.2014 05:55:21,369 - INFO  - Watchdog has been checked: 0 passed
22.08.2014 05:57:21,253 - INFO  - Watchdog has been checked: 0 passed
22.08.2014 05:59:21,392 - INFO  - Watchdog has been checked: 0 passed
22.08.2014 06:01:21,357 - INFO  - Watchdog has been checked: 0 passed
22.08.2014 06:03:21,425 - INFO  - Watchdog has been checked: 0 passed
22.08.2014 06:05:21,299 - INFO  - Watchdog has been checked: 0 passed
22.08.2014 06:07:21,187 - INFO  - Watchdog has been checked: 0 passed
22.08.2014 06:09:21,293 - INFO  - Watchdog has been checked: 0 passed
22.08.2014 06:11:21,361 - INFO  - Watchdog has been checked: 0 passed
22.08.2014 06:13:21,369 - INFO  - Watchdog has been checked: 0 passed
22.08.2014 06:15:01,880 - INFO  - mapping file sync started
22.08.2014 06:15:02,752 - INFO  - file successfully updated
22.08.2014 06:15:21,206 - INFO  - Watchdog has been checked: 0 passed
22.08.2014 06:17:21,080 - INFO  - Watchdog has been checked: 0 passed
22.08.2014 06:19:20,164 - INFO  - Watchdog has been checked: 0 passed
22.08.2014 06:21:20,247 - INFO  - Watchdog has been checked: 0 passed
22.08.2014 06:23:20,310 - INFO  - Watchdog has been checked: 0 passed
22.08.2014 06:25:20,151 - INFO  - Watchdog has been checked: 0 passed
22.08.2014 06:27:20,263 - INFO  - Watchdog has been checked: 0 passed
22.08.2014 06:29:20,121 - INFO  - Watchdog has been checked: 0 passed
22.08.2014 06:31:20,170 - INFO  - Watchdog has been checked: 0 passed
22.08.2014 06:33:20,238 - INFO  - Watchdog has been checked: 0 passed
22.08.2014 06:35:20,115 - INFO  - Watchdog has been checked: 0 passed
22.08.2014 06:37:20,296 - INFO  - Watchdog has been checked: 0 passed
22.08.2014 06:39:20,107 - INFO  - Watchdog has been checked: 0 passed
22.08.2014 06:41:20,195 - INFO  - Watchdog has been checked: 0 passed
22.08.2014 06:43:20,219 - INFO  - Watchdog has been checked: 0 passed
22.08.2014 06:45:20,061 - INFO  - Watchdog has been checked: 0 passed
22.08.2014 06:47:20,255 - INFO  - Watchdog has been checked: 0 passed
22.08.2014 06:49:20,334 - INFO  - Watchdog has been checked: 0 passed
22.08.2014 06:51:20,181 - INFO  - Watchdog has been checked: 0 passed
22.08.2014 06:53:20,101 - INFO  - Watchdog has been checked: 0 passed
22.08.2014 06:55:20,174 - INFO  - Watchdog has been checked: 0 passed
22.08.2014 06:57:20,320 - INFO  - Watchdog has been checked: 0 passed
22.08.2014 06:59:20,144 - INFO  - Watchdog has been checked: 0 passed
22.08.2014 07:01:20,188 - INFO  - Watchdog has been checked: 0 passed
22.08.2014 07:03:20,302 - INFO  - Watchdog has been checked: 0 passed
22.08.2014 07:05:20,383 - INFO  - Watchdog has been checked: 0 passed
22.08.2014 07:07:20,379 - INFO  - Watchdog has been checked: 0 passed
22.08.2014 07:09:20,169 - INFO  - Watchdog has been checked: 0 passed
22.08.2014 07:11:20,175 - INFO  - Watchdog has been checked: 0 passed
22.08.2014 07:13:20,282 - INFO  - Watchdog has been checked: 0 passed
22.08.2014 07:15:01,494 - INFO  - mapping file sync started
22.08.2014 07:15:02,479 - INFO  - file successfully updated
22.08.2014 07:15:20,316 - INFO  - Watchdog has been checked: 0 passed
22.08.2014 07:17:20,404 - INFO  - Watchdog has been checked: 0 passed
22.08.2014 07:19:20,316 - INFO  - Watchdog has been checked: 0 passed
22.08.2014 07:21:20,311 - INFO  - Watchdog has been checked: 0 passed
22.08.2014 07:23:20,186 - INFO  - Watchdog has been checked: 0 passed
22.08.2014 07:25:20,257 - INFO  - Watchdog has been checked: 0 passed
22.08.2014 07:27:20,454 - INFO  - Watchdog has been checked: 0 passed
22.08.2014 07:29:20,289 - INFO  - Watchdog has been checked: 0 passed
22.08.2014 07:31:20,334 - INFO  - Watchdog has been checked: 0 passed
22.08.2014 07:33:20,430 - INFO  - Watchdog has been checked: 0 passed
22.08.2014 07:35:20,285 - INFO  - Watchdog has been checked: 0 passed
22.08.2014 07:36:09,846 - ERROR - unknown wikiuser
22.08.2014 07:36:09,993 - INFO  - searcher anonymous --- respT: 28ms, 28509 results, q=, 
22.08.2014 07:37:20,452 - INFO  - Watchdog has been checked: 0 passed
22.08.2014 07:39:15,555 - ERROR - unknown wikiuser
22.08.2014 07:39:15,586 - INFO  - searcher anonymous --- respT: 7ms, no results, q=out, 
22.08.2014 07:39:16,590 - ERROR - unknown wikiuser
22.08.2014 07:39:16,623 - INFO  - searcher anonymous --- respT: 8ms, no results, q=out of, 
22.08.2014 07:39:18,233 - ERROR - unknown wikiuser
22.08.2014 07:39:18,281 - INFO  - searcher anonymous --- respT: 16ms, 480 results, q=out of office, 
22.08.2014 07:39:18,840 - ERROR - unknown wikiuser
22.08.2014 07:39:19,034 - INFO  - searcher anonymous --- respT: 48ms, 177 results, q=out of office r, 
22.08.2014 07:39:19,434 - ERROR - unknown wikiuser
22.08.2014 07:39:19,565 - INFO  - searcher anonymous --- respT: 22ms, 262 results, q=out of office rep, 
22.08.2014 07:39:20,292 - INFO  - Watchdog has been checked: 0 passed
22.08.2014 07:39:20,575 - ERROR - unknown wikiuser
22.08.2014 07:39:20,680 - INFO  - searcher anonymous --- respT: 40ms, 4 results, q=out of office reply, 
22.08.2014 07:39:24,950 - ERROR - unknown wikiuser
22.08.2014 07:39:25,006 - INFO  - searcher anonymous --- respT: 19ms, 90 results, q=out of office repl, 
22.08.2014 07:39:29,657 - ERROR - unknown wikiuser
22.08.2014 07:39:29,719 - INFO  - searcher anonymous --- respT: 23ms, 262 results, q=out of office rep, 
22.08.2014 07:39:52,800 - ERROR - unknown wikiuser
22.08.2014 07:39:52,876 - INFO  - searcher anonymous --- respT: 29ms, 28509 results, q=, 
22.08.2014 07:39:55,433 - ERROR - unknown wikiuser
22.08.2014 07:39:55,518 - INFO  - searcher anonymous --- respT: 38ms, 213 results, q=outlook, 
22.08.2014 07:39:57,114 - ERROR - unknown wikiuser
22.08.2014 07:39:57,155 - INFO  - searcher anonymous --- respT: 13ms, 213 results, q=outlook out, 
22.08.2014 07:39:58,122 - ERROR - unknown wikiuser
22.08.2014 07:39:58,165 - INFO  - searcher anonymous --- respT: 13ms, 213 results, q=outlook out of, 
22.08.2014 07:40:00,503 - ERROR - unknown wikiuser
22.08.2014 07:40:00,562 - INFO  - searcher anonymous --- respT: 20ms, 26 results, q=outlook out of office, 
22.08.2014 07:40:59,127 - ERROR - unknown wikiuser
22.08.2014 07:40:59,262 - INFO  - searcher anonymous --- respT: 27ms, 7 results, q=outlook abwesen, 
22.08.2014 07:41:00,135 - ERROR - unknown wikiuser
22.08.2014 07:41:00,225 - INFO  - searcher anonymous --- respT: 19ms, 3 results, q=outlook abwesenheit, 
22.08.2014 07:41:20,316 - INFO  - Watchdog has been checked: 0 passed
22.08.2014 07:43:20,155 - INFO  - Watchdog has been checked: 0 passed
22.08.2014 07:44:20,349 - INFO  - searcher identified --- respT: 32ms, 5 results, q=ferienabwesenheit, 
22.08.2014 07:44:20,447 - INFO  - searcher identified --- respT: 32ms, 5 results, q=ferienabwesenheit, 
22.08.2014 07:45:20,216 - INFO  - Watchdog has been checked: 0 passed
22.08.2014 07:47:20,211 - INFO  - Watchdog has been checked: 0 passed
22.08.2014 07:49:20,268 - INFO  - Watchdog has been checked: 0 passed
22.08.2014 07:51:20,240 - INFO  - Watchdog has been checked: 0 passed
22.08.2014 07:53:20,072 - INFO  - Watchdog has been checked: 0 passed
22.08.2014 07:55:19,149 - INFO  - Watchdog has been checked: 0 passed
22.08.2014 07:57:19,356 - INFO  - Watchdog has been checked: 0 passed
22.08.2014 07:59:19,106 - INFO  - Watchdog has been checked: 0 passed
22.08.2014 08:01:18,993 - INFO  - Watchdog has been checked: 0 passed
22.08.2014 08:03:18,106 - INFO  - Watchdog has been checked: 0 passed
22.08.2014 08:05:18,174 - INFO  - Watchdog has been checked: 0 passed
22.08.2014 08:07:18,216 - INFO  - Watchdog has been checked: 0 passed
22.08.2014 08:09:18,190 - INFO  - Watchdog has been checked: 0 passed
22.08.2014 08:11:18,209 - INFO  - Watchdog has been checked: 0 passed
22.08.2014 08:13:18,272 - INFO  - Watchdog has been checked: 0 passed
22.08.2014 08:15:18,105 - INFO  - Watchdog has been checked: 0 passed
22.08.2014 08:17:18,119 - INFO  - Watchdog has been checked: 0 passed
22.08.2014 08:19:18,128 - INFO  - Watchdog has been checked: 0 passed
22.08.2014 08:21:18,176 - INFO  - Watchdog has been checked: 0 passed
22.08.2014 08:23:18,295 - INFO  - Watchdog has been checked: 0 passed
22.08.2014 08:25:18,099 - INFO  - Watchdog has been checked: 0 passed
22.08.2014 08:27:18,164 - INFO  - Watchdog has been checked: 0 passed
22.08.2014 08:29:18,179 - INFO  - Watchdog has been checked: 0 passed
22.08.2014 08:31:18,191 - INFO  - Watchdog has been checked: 0 passed
22.08.2014 08:33:18,274 - INFO  - Watchdog has been checked: 0 passed
22.08.2014 08:35:18,155 - INFO  - Watchdog has been checked: 0 passed
22.08.2014 08:37:17,394 - INFO  - Watchdog has been checked: 0 passed
22.08.2014 08:39:18,333 - INFO  - Watchdog has been checked: 0 passed
22.08.2014 08:41:18,374 - INFO  - Watchdog has been checked: 0 passed
22.08.2014 08:43:18,271 - INFO  - Watchdog has been checked: 0 passed
22.08.2014 08:45:18,431 - INFO  - Watchdog has been checked: 0 passed
22.08.2014 08:45:33,054 - ERROR - unknown wikiuser
22.08.2014 08:45:33,182 - INFO  - searcher anonymous --- respT: 28ms, 28509 results, q=, 
22.08.2014 08:47:18,192 - INFO  - Watchdog has been checked: 0 passed
22.08.2014 08:49:18,271 - INFO  - Watchdog has been checked: 0 passed
22.08.2014 08:51:18,240 - INFO  - Watchdog has been checked: 0 passed
22.08.2014 08:53:18,635 - INFO  - Watchdog has been checked: 0 passed
22.08.2014 08:55:18,255 - INFO  - Watchdog has been checked: 0 passed
22.08.2014 08:57:18,278 - INFO  - Watchdog has been checked: 0 passed
22.08.2014 08:59:18,350 - INFO  - Watchdog has been checked: 0 passed
22.08.2014 09:01:18,441 - INFO  - Watchdog has been checked: 0 passed
22.08.2014 09:03:18,242 - INFO  - Watchdog has been checked: 0 passed
22.08.2014 09:05:18,324 - INFO  - Watchdog has been checked: 0 passed
22.08.2014 09:07:18,332 - INFO  - Watchdog has been checked: 0 passed
22.08.2014 09:09:18,281 - INFO  - Watchdog has been checked: 0 passed
22.08.2014 09:11:18,321 - INFO  - Watchdog has been checked: 0 passed
22.08.2014 09:13:18,341 - INFO  - Watchdog has been checked: 0 passed
22.08.2014 09:15:18,221 - INFO  - Watchdog has been checked: 0 passed
22.08.2014 09:17:18,223 - INFO  - Watchdog has been checked: 0 passed
22.08.2014 09:19:18,143 - INFO  - Watchdog has been checked: 0 passed
22.08.2014 09:21:18,256 - INFO  - Watchdog has been checked: 0 passed
22.08.2014 09:23:18,138 - INFO  - Watchdog has been checked: 0 passed
22.08.2014 09:25:18,175 - INFO  - Watchdog has been checked: 0 passed
22.08.2014 09:27:18,318 - INFO  - Watchdog has been checked: 0 passed
22.08.2014 09:29:18,222 - INFO  - Watchdog has been checked: 0 passed
22.08.2014 09:31:18,288 - INFO  - Watchdog has been checked: 0 passed
22.08.2014 09:33:18,068 - INFO  - Watchdog has been checked: 0 passed
22.08.2014 09:35:18,113 - INFO  - Watchdog has been checked: 0 passed
22.08.2014 09:37:18,209 - INFO  - Watchdog has been checked: 0 passed
22.08.2014 09:39:18,138 - INFO  - Watchdog has been checked: 0 passed
22.08.2014 09:41:18,180 - INFO  - Watchdog has been checked: 0 passed
22.08.2014 09:43:18,247 - INFO  - Watchdog has been checked: 0 passed
22.08.2014 09:45:18,274 - INFO  - Watchdog has been checked: 0 passed
22.08.2014 09:47:19,012 - INFO  - Watchdog has been checked: 0 passed
22.08.2014 09:49:18,332 - INFO  - Watchdog has been checked: 0 passed
22.08.2014 09:51:19,206 - INFO  - Watchdog has been checked: 0 passed
22.08.2014 09:53:19,225 - INFO  - Watchdog has been checked: 0 passed
22.08.2014 09:55:19,287 - INFO  - Watchdog has been checked: 0 passed
22.08.2014 09:57:19,490 - INFO  - Watchdog has been checked: 0 passed
22.08.2014 09:59:19,312 - INFO  - Watchdog has been checked: 0 passed
22.08.2014 10:01:19,320 - INFO  - Watchdog has been checked: 0 passed
22.08.2014 10:03:19,227 - INFO  - Watchdog has been checked: 0 passed
22.08.2014 10:05:19,261 - INFO  - Watchdog has been checked: 0 passed
22.08.2014 10:07:19,461 - INFO  - Watchdog has been checked: 0 passed
22.08.2014 10:09:19,311 - INFO  - Watchdog has been checked: 0 passed
22.08.2014 10:11:19,333 - INFO  - Watchdog has been checked: 0 passed
22.08.2014 10:13:19,221 - INFO  - Watchdog has been checked: 0 passed
22.08.2014 10:15:19,247 - INFO  - Watchdog has been checked: 0 passed
22.08.2014 10:17:19,446 - INFO  - Watchdog has been checked: 0 passed
22.08.2014 10:19:19,273 - INFO  - Watchdog has been checked: 0 passed
22.08.2014 10:21:19,318 - INFO  - Watchdog has been checked: 0 passed
22.08.2014 10:23:19,441 - INFO  - Watchdog has been checked: 0 passed
22.08.2014 10:25:19,240 - INFO  - Watchdog has been checked: 0 passed
22.08.2014 10:27:19,334 - INFO  - Watchdog has been checked: 0 passed
22.08.2014 10:29:19,227 - INFO  - Watchdog has been checked: 0 passed
22.08.2014 10:31:19,182 - INFO  - Watchdog has been checked: 0 passed
22.08.2014 10:33:19,323 - INFO  - Watchdog has been checked: 0 passed
22.08.2014 10:35:19,374 - INFO  - Watchdog has been checked: 0 passed
22.08.2014 10:37:19,288 - INFO  - Watchdog has been checked: 0 passed
22.08.2014 10:39:19,234 - INFO  - Watchdog has been checked: 0 passed
22.08.2014 10:41:19,206 - INFO  - Watchdog has been checked: 0 passed
22.08.2014 10:43:19,333 - INFO  - Watchdog has been checked: 0 passed
22.08.2014 10:45:19,092 - INFO  - Watchdog has been checked: 0 passed
22.08.2014 10:47:19,350 - INFO  - Watchdog has been checked: 0 passed
22.08.2014 10:49:19,118 - INFO  - Watchdog has been checked: 0 passed
22.08.2014 10:51:19,109 - INFO  - Watchdog has been checked: 0 passed
22.08.2014 10:53:19,308 - INFO  - Watchdog has been checked: 0 passed
22.08.2014 10:55:19,043 - INFO  - Watchdog has been checked: 0 passed
22.08.2014 10:57:18,037 - INFO  - Watchdog has been checked: 0 passed
22.08.2014 10:59:17,285 - INFO  - Watchdog has been checked: 0 passed
22.08.2014 11:01:17,047 - INFO  - Watchdog has been checked: 0 passed
22.08.2014 11:03:16,066 - INFO  - Watchdog has been checked: 0 passed
22.08.2014 11:05:15,171 - INFO  - Watchdog has been checked: 0 passed
22.08.2014 11:07:15,168 - INFO  - Watchdog has been checked: 0 passed
22.08.2014 11:09:15,207 - INFO  - Watchdog has been checked: 0 passed
22.08.2014 11:11:15,244 - INFO  - Watchdog has been checked: 0 passed
22.08.2014 11:13:15,028 - INFO  - Watchdog has been checked: 0 passed
22.08.2014 11:15:14,140 - INFO  - Watchdog has been checked: 0 passed
22.08.2014 11:17:14,205 - INFO  - Watchdog has been checked: 0 passed
22.08.2014 11:19:14,149 - INFO  - Watchdog has been checked: 0 passed
22.08.2014 11:21:14,205 - INFO  - Watchdog has been checked: 0 passed
22.08.2014 11:23:14,244 - INFO  - Watchdog has been checked: 0 passed
22.08.2014 11:25:14,363 - INFO  - Watchdog has been checked: 0 passed
22.08.2014 11:27:14,086 - INFO  - Watchdog has been checked: 0 passed
22.08.2014 11:29:14,307 - INFO  - Watchdog has been checked: 0 passed
22.08.2014 11:31:14,201 - INFO  - Watchdog has been checked: 0 passed
22.08.2014 11:33:14,262 - INFO  - Watchdog has been checked: 0 passed
22.08.2014 11:35:14,328 - INFO  - Watchdog has been checked: 0 passed
22.08.2014 11:37:14,354 - INFO  - Watchdog has been checked: 0 passed
22.08.2014 11:39:14,317 - INFO  - Watchdog has been checked: 0 passed
22.08.2014 11:41:14,398 - INFO  - Watchdog has been checked: 0 passed
22.08.2014 11:43:14,429 - INFO  - Watchdog has been checked: 0 passed
22.08.2014 11:45:14,266 - INFO  - Watchdog has been checked: 0 passed
22.08.2014 11:47:14,321 - INFO  - Watchdog has been checked: 0 passed
22.08.2014 11:49:14,285 - INFO  - Watchdog has been checked: 0 passed
22.08.2014 11:51:14,247 - INFO  - Watchdog has been checked: 0 passed
22.08.2014 11:53:14,447 - INFO  - Watchdog has been checked: 0 passed
22.08.2014 11:55:14,242 - INFO  - Watchdog has been checked: 0 passed
22.08.2014 11:57:14,267 - INFO  - Watchdog has been checked: 0 passed
22.08.2014 11:59:14,175 - INFO  - Watchdog has been checked: 0 passed
22.08.2014 12:01:14,272 - INFO  - Watchdog has been checked: 0 passed
22.08.2014 12:03:14,251 - INFO  - Watchdog has been checked: 0 passed
22.08.2014 12:05:14,170 - INFO  - Watchdog has been checked: 0 passed
22.08.2014 12:07:14,273 - INFO  - Watchdog has been checked: 0 passed
22.08.2014 12:09:14,214 - INFO  - Watchdog has been checked: 0 passed
22.08.2014 12:11:14,214 - INFO  - Watchdog has been checked: 0 passed
22.08.2014 12:13:14,038 - INFO  - Watchdog has been checked: 0 passed
22.08.2014 12:15:13,081 - INFO  - Watchdog has been checked: 0 passed
22.08.2014 12:15:31,940 - INFO  - searcher identified --- respT: 45ms, 77518 results, q=, 
22.08.2014 12:15:35,611 - INFO  - searcher identified --- respT: 21ms, 76 results, q=marco streit, 
22.08.2014 12:17:12,199 - INFO  - Watchdog has been checked: 0 passed
22.08.2014 12:19:12,143 - INFO  - Watchdog has been checked: 0 passed
22.08.2014 12:21:12,212 - INFO  - Watchdog has been checked: 0 passed
22.08.2014 12:23:12,077 - INFO  - Watchdog has been checked: 0 passed
22.08.2014 12:25:11,087 - INFO  - Watchdog has been checked: 0 passed
22.08.2014 12:27:10,112 - INFO  - Watchdog has been checked: 0 passed
22.08.2014 12:29:10,130 - INFO  - Watchdog has been checked: 0 passed
22.08.2014 12:31:09,126 - INFO  - Watchdog has been checked: 0 passed
22.08.2014 12:33:08,197 - INFO  - Watchdog has been checked: 0 passed
22.08.2014 12:35:08,261 - INFO  - Watchdog has been checked: 0 passed
22.08.2014 12:37:08,063 - INFO  - Watchdog has been checked: 0 passed
22.08.2014 12:39:08,117 - INFO  - Watchdog has been checked: 0 passed
22.08.2014 12:41:07,138 - INFO  - Watchdog has been checked: 0 passed
22.08.2014 12:43:06,142 - INFO  - Watchdog has been checked: 0 passed
22.08.2014 12:45:06,263 - INFO  - Watchdog has been checked: 0 passed
22.08.2014 12:47:06,251 - INFO  - Watchdog has been checked: 0 passed
22.08.2014 12:49:06,071 - INFO  - Watchdog has been checked: 0 passed
22.08.2014 12:51:05,304 - INFO  - Watchdog has been checked: 0 passed
22.08.2014 12:53:05,180 - INFO  - Watchdog has been checked: 0 passed
22.08.2014 12:55:04,229 - INFO  - Watchdog has been checked: 0 passed
22.08.2014 12:57:03,301 - INFO  - Watchdog has been checked: 0 passed
22.08.2014 12:59:03,118 - INFO  - Watchdog has been checked: 0 passed
22.08.2014 13:01:02,355 - INFO  - Watchdog has been checked: 0 passed
22.08.2014 13:03:02,170 - INFO  - Watchdog has been checked: 0 passed
22.08.2014 13:05:01,255 - INFO  - Watchdog has been checked: 0 passed
22.08.2014 13:07:00,292 - INFO  - Watchdog has been checked: 0 passed
22.08.2014 13:09:00,350 - INFO  - Watchdog has been checked: 0 passed
22.08.2014 13:11:00,294 - INFO  - Watchdog has been checked: 0 passed
22.08.2014 13:13:00,121 - INFO  - Watchdog has been checked: 0 passed
22.08.2014 13:14:59,201 - INFO  - Watchdog has been checked: 0 passed
22.08.2014 13:16:59,175 - INFO  - Watchdog has been checked: 0 passed
22.08.2014 13:18:59,216 - INFO  - Watchdog has been checked: 0 passed
22.08.2014 13:20:59,296 - INFO  - Watchdog has been checked: 0 passed
22.08.2014 13:22:59,397 - INFO  - Watchdog has been checked: 0 passed
22.08.2014 13:24:59,267 - INFO  - Watchdog has been checked: 0 passed
22.08.2014 13:26:59,262 - INFO  - Watchdog has been checked: 0 passed
22.08.2014 13:28:59,216 - INFO  - Watchdog has been checked: 0 passed
22.08.2014 13:30:59,210 - INFO  - Watchdog has been checked: 0 passed
22.08.2014 13:32:59,268 - INFO  - Watchdog has been checked: 0 passed
22.08.2014 13:34:59,102 - INFO  - Watchdog has been checked: 0 passed
22.08.2014 13:36:59,092 - INFO  - Watchdog has been checked: 0 passed
22.08.2014 13:38:59,067 - INFO  - Watchdog has been checked: 0 passed
22.08.2014 13:40:59,156 - INFO  - Watchdog has been checked: 0 passed
22.08.2014 13:42:59,210 - INFO  - Watchdog has been checked: 0 passed
22.08.2014 13:44:59,329 - INFO  - Watchdog has been checked: 0 passed
22.08.2014 13:46:59,097 - INFO  - Watchdog has been checked: 0 passed
22.08.2014 13:48:59,575 - INFO  - Watchdog has been checked: 0 passed
22.08.2014 13:50:59,160 - INFO  - Watchdog has been checked: 0 passed
22.08.2014 13:52:59,190 - INFO  - Watchdog has been checked: 0 passed
22.08.2014 13:54:59,324 - INFO  - Watchdog has been checked: 0 passed
22.08.2014 13:56:59,048 - INFO  - Watchdog has been checked: 0 passed
22.08.2014 13:58:58,056 - INFO  - Watchdog has been checked: 0 passed
22.08.2014 14:00:57,368 - INFO  - Watchdog has been checked: 0 passed
22.08.2014 14:02:57,115 - INFO  - Watchdog has been checked: 0 passed
22.08.2014 14:04:56,141 - INFO  - Watchdog has been checked: 0 passed
22.08.2014 14:06:56,235 - INFO  - Watchdog has been checked: 0 passed
22.08.2014 14:08:56,146 - INFO  - Watchdog has been checked: 0 passed
22.08.2014 14:10:55,358 - INFO  - Watchdog has been checked: 0 passed
22.08.2014 14:12:55,303 - INFO  - Watchdog has been checked: 0 passed
22.08.2014 14:14:55,166 - INFO  - Watchdog has been checked: 0 passed
22.08.2014 14:16:54,228 - INFO  - Watchdog has been checked: 0 passed
22.08.2014 14:18:54,169 - INFO  - Watchdog has been checked: 0 passed
22.08.2014 14:20:53,290 - INFO  - Watchdog has been checked: 0 passed
22.08.2014 14:22:53,305 - INFO  - Watchdog has been checked: 0 passed
22.08.2014 14:24:37,170 - INFO  - searcher identified --- respT: 36ms, 72374 results, q=, 
22.08.2014 14:24:40,973 - INFO  - searcher identified --- respT: 44ms, 9 results, q=ABBYY, 
22.08.2014 14:24:41,921 - INFO  - searcher identified --- respT: 43ms, 9 results, q=ABBYY, 
22.08.2014 14:24:53,115 - INFO  - Watchdog has been checked: 0 passed
22.08.2014 14:26:52,166 - INFO  - Watchdog has been checked: 0 passed
22.08.2014 14:28:51,379 - INFO  - Watchdog has been checked: 0 passed
22.08.2014 14:30:51,148 - INFO  - Watchdog has been checked: 0 passed
22.08.2014 14:32:51,212 - INFO  - Watchdog has been checked: 0 passed
22.08.2014 14:34:50,251 - INFO  - Watchdog has been checked: 0 passed
22.08.2014 14:36:50,350 - INFO  - Watchdog has been checked: 0 passed
22.08.2014 14:38:50,306 - INFO  - Watchdog has been checked: 0 passed
22.08.2014 14:40:50,062 - INFO  - Watchdog has been checked: 0 passed
22.08.2014 14:42:49,236 - INFO  - Watchdog has been checked: 0 passed
22.08.2014 14:44:48,237 - INFO  - Watchdog has been checked: 0 passed
22.08.2014 14:46:48,103 - INFO  - Watchdog has been checked: 0 passed
22.08.2014 14:48:47,311 - INFO  - Watchdog has been checked: 0 passed
22.08.2014 14:50:47,070 - INFO  - Watchdog has been checked: 0 passed
22.08.2014 14:52:46,121 - INFO  - Watchdog has been checked: 0 passed
22.08.2014 14:54:45,195 - INFO  - Watchdog has been checked: 0 passed
22.08.2014 14:56:45,199 - INFO  - Watchdog has been checked: 0 passed
22.08.2014 14:58:45,177 - INFO  - Watchdog has been checked: 0 passed
22.08.2014 15:00:45,241 - INFO  - Watchdog has been checked: 0 passed
22.08.2014 15:02:45,118 - INFO  - Watchdog has been checked: 0 passed
22.08.2014 15:04:45,180 - INFO  - Watchdog has been checked: 0 passed
22.08.2014 15:06:45,180 - INFO  - Watchdog has been checked: 0 passed
22.08.2014 15:08:45,186 - INFO  - Watchdog has been checked: 0 passed
22.08.2014 15:10:45,192 - INFO  - Watchdog has been checked: 0 passed
22.08.2014 15:12:45,289 - INFO  - Watchdog has been checked: 0 passed
22.08.2014 15:14:45,102 - INFO  - Watchdog has been checked: 0 passed
22.08.2014 15:16:45,331 - INFO  - Watchdog has been checked: 0 passed
22.08.2014 15:18:45,125 - INFO  - Watchdog has been checked: 0 passed
22.08.2014 15:20:45,326 - INFO  - Watchdog has been checked: 0 passed
22.08.2014 15:22:45,200 - INFO  - Watchdog has been checked: 0 passed
22.08.2014 15:24:45,266 - INFO  - Watchdog has been checked: 0 passed
22.08.2014 15:26:45,330 - INFO  - Watchdog has been checked: 0 passed
22.08.2014 15:28:45,136 - INFO  - Watchdog has been checked: 0 passed
22.08.2014 15:30:45,158 - INFO  - Watchdog has been checked: 0 passed
22.08.2014 15:32:45,214 - INFO  - Watchdog has been checked: 0 passed
22.08.2014 15:34:45,341 - INFO  - Watchdog has been checked: 0 passed
22.08.2014 15:36:45,308 - INFO  - Watchdog has been checked: 0 passed
22.08.2014 15:38:45,315 - INFO  - Watchdog has been checked: 0 passed
22.08.2014 15:40:45,596 - INFO  - Watchdog has been checked: 0 passed
22.08.2014 15:42:45,211 - INFO  - Watchdog has been checked: 0 passed
22.08.2014 15:44:45,349 - INFO  - Watchdog has been checked: 0 passed
22.08.2014 15:46:45,354 - INFO  - Watchdog has been checked: 0 passed
22.08.2014 15:48:45,375 - INFO  - Watchdog has been checked: 0 passed
22.08.2014 15:50:45,465 - INFO  - Watchdog has been checked: 0 passed
22.08.2014 15:52:45,492 - INFO  - Watchdog has been checked: 0 passed
22.08.2014 15:54:45,381 - INFO  - Watchdog has been checked: 0 passed
22.08.2014 15:56:45,372 - INFO  - Watchdog has been checked: 0 passed
22.08.2014 15:58:45,438 - INFO  - Watchdog has been checked: 0 passed
22.08.2014 16:00:45,386 - INFO  - Watchdog has been checked: 0 passed
22.08.2014 16:02:45,272 - INFO  - Watchdog has been checked: 0 passed
22.08.2014 16:04:45,120 - INFO  - Watchdog has been checked: 0 passed
22.08.2014 16:06:45,260 - INFO  - Watchdog has been checked: 0 passed
22.08.2014 16:08:45,247 - INFO  - Watchdog has been checked: 0 passed
22.08.2014 16:10:45,284 - INFO  - Watchdog has been checked: 0 passed
22.08.2014 16:12:45,069 - INFO  - Watchdog has been checked: 0 passed
22.08.2014 16:14:44,203 - INFO  - Watchdog has been checked: 0 passed
22.08.2014 16:16:44,208 - INFO  - Watchdog has been checked: 0 passed
22.08.2014 16:18:43,064 - INFO  - Watchdog has been checked: 0 passed
22.08.2014 16:20:43,120 - INFO  - Watchdog has been checked: 0 passed
22.08.2014 16:22:43,133 - INFO  - Watchdog has been checked: 0 passed
22.08.2014 16:24:42,209 - INFO  - Watchdog has been checked: 0 passed
22.08.2014 16:26:41,194 - INFO  - Watchdog has been checked: 0 passed
22.08.2014 16:28:40,002 - INFO  - Watchdog has been checked: 0 passed
22.08.2014 16:30:39,085 - INFO  - Watchdog has been checked: 0 passed
22.08.2014 16:32:38,175 - INFO  - Watchdog has been checked: 0 passed
22.08.2014 16:34:38,106 - INFO  - Watchdog has been checked: 0 passed
22.08.2014 16:36:38,209 - INFO  - Watchdog has been checked: 0 passed
22.08.2014 16:38:38,222 - INFO  - Watchdog has been checked: 0 passed
22.08.2014 16:40:38,094 - INFO  - Watchdog has been checked: 0 passed
22.08.2014 16:42:38,218 - INFO  - Watchdog has been checked: 0 passed
22.08.2014 16:44:38,293 - INFO  - Watchdog has been checked: 0 passed
22.08.2014 16:46:38,213 - INFO  - Watchdog has been checked: 0 passed
22.08.2014 16:48:38,294 - INFO  - Watchdog has been checked: 0 passed
22.08.2014 16:50:38,182 - INFO  - Watchdog has been checked: 0 passed
22.08.2014 16:52:38,353 - INFO  - Watchdog has been checked: 0 passed
22.08.2014 16:54:38,253 - INFO  - Watchdog has been checked: 0 passed
22.08.2014 16:56:38,361 - INFO  - Watchdog has been checked: 0 passed
22.08.2014 16:58:38,458 - INFO  - Watchdog has been checked: 0 passed
22.08.2014 17:00:38,334 - INFO  - Watchdog has been checked: 0 passed
22.08.2014 17:02:38,231 - INFO  - Watchdog has been checked: 0 passed
22.08.2014 17:04:38,377 - INFO  - Watchdog has been checked: 0 passed
22.08.2014 17:06:38,316 - INFO  - Watchdog has been checked: 0 passed
22.08.2014 17:08:38,353 - INFO  - Watchdog has been checked: 0 passed
22.08.2014 17:10:38,411 - INFO  - Watchdog has been checked: 0 passed
22.08.2014 17:12:38,437 - INFO  - Watchdog has been checked: 0 passed
22.08.2014 17:14:38,361 - INFO  - Watchdog has been checked: 0 passed
22.08.2014 17:16:38,240 - INFO  - Watchdog has been checked: 0 passed
22.08.2014 17:18:38,413 - INFO  - Watchdog has been checked: 0 passed
22.08.2014 17:20:38,267 - INFO  - Watchdog has been checked: 0 passed
22.08.2014 17:22:38,468 - INFO  - Watchdog has been checked: 0 passed
22.08.2014 17:24:38,209 - INFO  - Watchdog has been checked: 0 passed
22.08.2014 17:26:38,274 - INFO  - Watchdog has been checked: 0 passed
22.08.2014 17:28:38,329 - INFO  - Watchdog has been checked: 0 passed
22.08.2014 17:30:38,169 - INFO  - Watchdog has been checked: 0 passed
22.08.2014 17:32:38,085 - INFO  - Watchdog has been checked: 0 passed
22.08.2014 17:34:37,183 - INFO  - Watchdog has been checked: 0 passed
22.08.2014 17:36:37,117 - INFO  - Watchdog has been checked: 0 passed
22.08.2014 17:38:36,184 - INFO  - Watchdog has been checked: 0 passed
22.08.2014 17:40:35,062 - INFO  - Watchdog has been checked: 0 passed
22.08.2014 17:42:33,974 - INFO  - Watchdog has been checked: 0 passed
22.08.2014 17:44:33,161 - INFO  - Watchdog has been checked: 0 passed
22.08.2014 17:46:32,970 - INFO  - Watchdog has been checked: 0 passed
22.08.2014 17:48:32,047 - INFO  - Watchdog has been checked: 0 passed
22.08.2014 17:50:31,127 - INFO  - Watchdog has been checked: 0 passed
22.08.2014 17:52:30,041 - INFO  - Watchdog has been checked: 0 passed
22.08.2014 17:54:29,229 - INFO  - Watchdog has been checked: 0 passed
22.08.2014 17:56:29,057 - INFO  - Watchdog has been checked: 0 passed
22.08.2014 17:58:28,129 - INFO  - Watchdog has been checked: 0 passed
22.08.2014 18:00:27,205 - INFO  - Watchdog has been checked: 0 passed
22.08.2014 18:02:27,286 - INFO  - Watchdog has been checked: 0 passed
22.08.2014 18:04:27,231 - INFO  - Watchdog has been checked: 0 passed
22.08.2014 18:06:26,234 - INFO  - Watchdog has been checked: 0 passed
22.08.2014 18:08:26,291 - INFO  - Watchdog has been checked: 0 passed
22.08.2014 18:10:26,173 - INFO  - Watchdog has been checked: 0 passed
22.08.2014 18:12:25,300 - INFO  - Watchdog has been checked: 0 passed
22.08.2014 18:14:25,276 - INFO  - Watchdog has been checked: 0 passed
22.08.2014 18:16:25,302 - INFO  - Watchdog has been checked: 0 passed
22.08.2014 18:18:25,335 - INFO  - Watchdog has been checked: 0 passed
22.08.2014 18:20:25,412 - INFO  - Watchdog has been checked: 0 passed
22.08.2014 18:22:25,222 - INFO  - Watchdog has been checked: 0 passed
22.08.2014 18:24:25,193 - INFO  - Watchdog has been checked: 0 passed
22.08.2014 18:26:25,276 - INFO  - Watchdog has been checked: 0 passed
22.08.2014 18:28:25,306 - INFO  - Watchdog has been checked: 0 passed
22.08.2014 18:30:25,448 - INFO  - Watchdog has been checked: 0 passed
22.08.2014 18:32:25,221 - INFO  - Watchdog has been checked: 0 passed
22.08.2014 18:34:25,434 - INFO  - Watchdog has been checked: 0 passed
22.08.2014 18:36:25,264 - INFO  - Watchdog has been checked: 0 passed
22.08.2014 18:38:25,264 - INFO  - Watchdog has been checked: 0 passed
22.08.2014 18:40:25,427 - INFO  - Watchdog has been checked: 0 passed
22.08.2014 18:42:25,435 - INFO  - Watchdog has been checked: 0 passed
22.08.2014 18:44:25,378 - INFO  - Watchdog has been checked: 0 passed
22.08.2014 18:46:25,292 - INFO  - Watchdog has been checked: 0 passed
22.08.2014 18:48:25,319 - INFO  - Watchdog has been checked: 0 passed
22.08.2014 18:50:25,224 - INFO  - Watchdog has been checked: 0 passed
22.08.2014 18:52:25,298 - INFO  - Watchdog has been checked: 0 passed
22.08.2014 18:54:25,206 - INFO  - Watchdog has been checked: 0 passed
22.08.2014 18:56:25,047 - INFO  - Watchdog has been checked: 0 passed
22.08.2014 18:58:24,105 - INFO  - Watchdog has been checked: 0 passed
22.08.2014 19:00:22,973 - INFO  - Watchdog has been checked: 0 passed
22.08.2014 19:02:22,044 - INFO  - Watchdog has been checked: 0 passed
22.08.2014 19:04:21,212 - INFO  - Watchdog has been checked: 0 passed
22.08.2014 19:06:21,066 - INFO  - Watchdog has been checked: 0 passed
22.08.2014 19:08:20,036 - INFO  - Watchdog has been checked: 0 passed
22.08.2014 19:10:19,154 - INFO  - Watchdog has been checked: 0 passed
22.08.2014 19:12:19,062 - INFO  - Watchdog has been checked: 0 passed
22.08.2014 19:14:18,174 - INFO  - Watchdog has been checked: 0 passed
22.08.2014 19:16:18,038 - INFO  - Watchdog has been checked: 0 passed
22.08.2014 19:18:17,040 - INFO  - Watchdog has been checked: 0 passed
22.08.2014 19:20:17,207 - INFO  - Watchdog has been checked: 0 passed
22.08.2014 19:22:17,314 - INFO  - Watchdog has been checked: 0 passed
22.08.2014 19:24:18,315 - INFO  - Watchdog has been checked: 0 passed
22.08.2014 19:26:18,084 - INFO  - Watchdog has been checked: 0 passed
22.08.2014 19:28:17,344 - INFO  - Watchdog has been checked: 0 passed
22.08.2014 19:30:17,406 - INFO  - Watchdog has been checked: 0 passed
22.08.2014 19:32:17,294 - INFO  - Watchdog has been checked: 0 passed
22.08.2014 19:34:17,148 - INFO  - Watchdog has been checked: 0 passed
22.08.2014 19:36:17,337 - INFO  - Watchdog has been checked: 0 passed
22.08.2014 19:38:17,381 - INFO  - Watchdog has been checked: 0 passed
22.08.2014 19:40:17,235 - INFO  - Watchdog has been checked: 0 passed
22.08.2014 19:42:17,388 - INFO  - Watchdog has been checked: 0 passed
22.08.2014 19:44:17,466 - INFO  - Watchdog has been checked: 0 passed
22.08.2014 19:46:17,417 - INFO  - Watchdog has been checked: 0 passed
22.08.2014 19:48:17,432 - INFO  - Watchdog has been checked: 0 passed
22.08.2014 19:50:17,246 - INFO  - Watchdog has been checked: 0 passed
22.08.2014 19:52:17,357 - INFO  - Watchdog has been checked: 0 passed
22.08.2014 19:54:17,247 - INFO  - Watchdog has been checked: 0 passed
22.08.2014 19:56:17,363 - INFO  - Watchdog has been checked: 0 passed
22.08.2014 19:58:17,421 - INFO  - Watchdog has been checked: 0 passed
22.08.2014 20:00:17,452 - INFO  - Watchdog has been checked: 0 passed
22.08.2014 20:02:17,360 - INFO  - Watchdog has been checked: 0 passed
22.08.2014 20:04:21,256 - INFO  - Watchdog has been checked: 0 passed
22.08.2014 20:06:21,378 - INFO  - Watchdog has been checked: 0 passed
22.08.2014 20:08:21,233 - INFO  - Watchdog has been checked: 0 passed
22.08.2014 20:10:21,283 - INFO  - Watchdog has been checked: 0 passed
22.08.2014 20:12:21,382 - INFO  - Watchdog has been checked: 0 passed
22.08.2014 20:14:21,289 - INFO  - Watchdog has been checked: 0 passed
22.08.2014 20:16:21,315 - INFO  - Watchdog has been checked: 0 passed
22.08.2014 20:18:21,089 - INFO  - Watchdog has been checked: 0 passed
22.08.2014 20:20:20,161 - INFO  - Watchdog has been checked: 0 passed
22.08.2014 20:22:20,476 - INFO  - Watchdog has been checked: 0 passed
22.08.2014 20:24:20,171 - INFO  - Watchdog has been checked: 0 passed
22.08.2014 20:26:20,215 - INFO  - Watchdog has been checked: 0 passed
22.08.2014 20:28:20,027 - INFO  - Watchdog has been checked: 0 passed
22.08.2014 20:30:19,118 - INFO  - Watchdog has been checked: 0 passed
22.08.2014 20:32:19,197 - INFO  - Watchdog has been checked: 0 passed
22.08.2014 20:34:19,154 - INFO  - Watchdog has been checked: 0 passed
22.08.2014 20:36:19,222 - INFO  - Watchdog has been checked: 0 passed
22.08.2014 20:38:19,298 - INFO  - Watchdog has been checked: 0 passed
22.08.2014 20:40:19,204 - INFO  - Watchdog has been checked: 0 passed
22.08.2014 20:42:19,280 - INFO  - Watchdog has been checked: 0 passed
22.08.2014 20:44:19,180 - INFO  - Watchdog has been checked: 0 passed
22.08.2014 20:46:19,246 - INFO  - Watchdog has been checked: 0 passed
22.08.2014 20:48:19,110 - INFO  - Watchdog has been checked: 0 passed
22.08.2014 20:50:18,207 - INFO  - Watchdog has been checked: 0 passed
22.08.2014 20:52:18,144 - INFO  - Watchdog has been checked: 0 passed
22.08.2014 20:54:18,095 - INFO  - Watchdog has been checked: 0 passed
22.08.2014 20:56:18,224 - INFO  - Watchdog has been checked: 0 passed
22.08.2014 20:58:18,247 - INFO  - Watchdog has been checked: 0 passed
22.08.2014 21:00:18,099 - INFO  - Watchdog has been checked: 0 passed
22.08.2014 21:02:18,309 - INFO  - Watchdog has been checked: 0 passed
22.08.2014 21:04:18,278 - INFO  - Watchdog has been checked: 0 passed
22.08.2014 21:06:21,376 - INFO  - Watchdog has been checked: 0 passed
22.08.2014 21:08:21,178 - INFO  - Watchdog has been checked: 0 passed
22.08.2014 21:10:21,302 - INFO  - Watchdog has been checked: 0 passed
22.08.2014 21:12:21,311 - INFO  - Watchdog has been checked: 0 passed
22.08.2014 21:14:21,300 - INFO  - Watchdog has been checked: 0 passed
22.08.2014 21:16:21,186 - INFO  - Watchdog has been checked: 0 passed
22.08.2014 21:18:21,194 - INFO  - Watchdog has been checked: 0 passed
22.08.2014 21:20:21,311 - INFO  - Watchdog has been checked: 0 passed
22.08.2014 21:22:21,358 - INFO  - Watchdog has been checked: 0 passed
22.08.2014 21:24:21,282 - INFO  - Watchdog has been checked: 0 passed
22.08.2014 21:26:21,372 - INFO  - Watchdog has been checked: 0 passed
22.08.2014 21:28:21,343 - INFO  - Watchdog has been checked: 0 passed
22.08.2014 21:30:21,211 - INFO  - Watchdog has been checked: 0 passed
22.08.2014 21:32:21,338 - INFO  - Watchdog has been checked: 0 passed
22.08.2014 21:34:21,251 - INFO  - Watchdog has been checked: 0 passed
22.08.2014 21:36:21,286 - INFO  - Watchdog has been checked: 0 passed
22.08.2014 21:38:21,032 - INFO  - Watchdog has been checked: 0 passed
22.08.2014 21:40:21,239 - INFO  - Watchdog has been checked: 0 passed
22.08.2014 21:42:21,211 - INFO  - Watchdog has been checked: 0 passed
22.08.2014 21:44:21,120 - INFO  - Watchdog has been checked: 0 passed
22.08.2014 21:46:20,978 - INFO  - Watchdog has been checked: 0 passed
22.08.2014 21:48:20,064 - INFO  - Watchdog has been checked: 0 passed
22.08.2014 21:50:19,160 - INFO  - Watchdog has been checked: 0 passed
22.08.2014 21:52:19,264 - INFO  - Watchdog has been checked: 0 passed
22.08.2014 21:54:19,162 - INFO  - Watchdog has been checked: 0 passed
22.08.2014 21:56:19,059 - INFO  - Watchdog has been checked: 0 passed
22.08.2014 21:58:18,286 - INFO  - Watchdog has been checked: 0 passed
22.08.2014 22:00:18,083 - INFO  - Watchdog has been checked: 0 passed
22.08.2014 22:02:17,215 - INFO  - Watchdog has been checked: 0 passed
22.08.2014 22:04:17,323 - INFO  - Watchdog has been checked: 0 passed
22.08.2014 22:06:17,264 - INFO  - Watchdog has been checked: 0 passed
22.08.2014 22:08:19,896 - INFO  - Watchdog has been checked: 0 passed
22.08.2014 22:10:19,168 - INFO  - Watchdog has been checked: 0 passed
22.08.2014 22:12:19,278 - INFO  - Watchdog has been checked: 0 passed
22.08.2014 22:14:19,205 - INFO  - Watchdog has been checked: 0 passed
22.08.2014 22:16:19,304 - INFO  - Watchdog has been checked: 0 passed
22.08.2014 22:18:19,308 - INFO  - Watchdog has been checked: 0 passed
22.08.2014 22:20:19,370 - INFO  - Watchdog has been checked: 0 passed
22.08.2014 22:22:19,247 - INFO  - Watchdog has been checked: 0 passed
22.08.2014 22:24:19,290 - INFO  - Watchdog has been checked: 0 passed
22.08.2014 22:26:19,342 - INFO  - Watchdog has been checked: 0 passed
22.08.2014 22:28:19,401 - INFO  - Watchdog has been checked: 0 passed
22.08.2014 22:30:19,238 - INFO  - Watchdog has been checked: 0 passed
22.08.2014 22:32:19,344 - INFO  - Watchdog has been checked: 0 passed
22.08.2014 22:34:19,490 - INFO  - Watchdog has been checked: 0 passed
22.08.2014 22:36:19,337 - INFO  - Watchdog has been checked: 0 passed
22.08.2014 22:38:19,356 - INFO  - Watchdog has been checked: 0 passed
22.08.2014 22:40:19,487 - INFO  - Watchdog has been checked: 0 passed
22.08.2014 22:42:19,367 - INFO  - Watchdog has been checked: 0 passed
22.08.2014 22:44:19,477 - INFO  - Watchdog has been checked: 0 passed
22.08.2014 22:46:19,289 - INFO  - Watchdog has been checked: 0 passed
22.08.2014 22:48:19,288 - INFO  - Watchdog has been checked: 0 passed
22.08.2014 22:50:19,382 - INFO  - Watchdog has been checked: 0 passed
22.08.2014 22:52:19,235 - INFO  - Watchdog has been checked: 0 passed
22.08.2014 22:54:19,404 - INFO  - Watchdog has been checked: 0 passed
22.08.2014 22:56:19,240 - INFO  - Watchdog has been checked: 0 passed
22.08.2014 22:58:19,291 - INFO  - Watchdog has been checked: 0 passed
22.08.2014 23:00:19,115 - INFO  - Watchdog has been checked: 0 passed
22.08.2014 23:02:18,179 - INFO  - Watchdog has been checked: 0 passed
22.08.2014 23:04:18,009 - INFO  - Watchdog has been checked: 0 passed
22.08.2014 23:06:17,134 - INFO  - Watchdog has been checked: 0 passed
22.08.2014 23:08:17,183 - INFO  - Watchdog has been checked: 0 passed
22.08.2014 23:10:20,543 - INFO  - Watchdog has been checked: 0 passed
22.08.2014 23:12:20,326 - INFO  - Watchdog has been checked: 0 passed
22.08.2014 23:14:19,982 - INFO  - Watchdog has been checked: 0 passed
22.08.2014 23:16:19,090 - INFO  - Watchdog has been checked: 0 passed
22.08.2014 23:18:18,145 - INFO  - Watchdog has been checked: 0 passed
22.08.2014 23:20:18,264 - INFO  - Watchdog has been checked: 0 passed
22.08.2014 23:22:18,096 - INFO  - Watchdog has been checked: 0 passed
22.08.2014 23:24:17,225 - INFO  - Watchdog has been checked: 0 passed
22.08.2014 23:26:17,265 - INFO  - Watchdog has been checked: 0 passed
22.08.2014 23:28:17,250 - INFO  - Watchdog has been checked: 0 passed
22.08.2014 23:30:46,928 - INFO  - Watchdog has been checked: 0 passed
22.08.2014 23:31:17,264 - INFO  - Watchdog has been checked: 0 passed
22.08.2014 23:33:17,367 - INFO  - Watchdog has been checked: 0 passed
22.08.2014 23:35:17,241 - INFO  - Watchdog has been checked: 0 passed
22.08.2014 23:37:17,327 - INFO  - Watchdog has been checked: 0 passed
22.08.2014 23:39:17,350 - INFO  - Watchdog has been checked: 0 passed
22.08.2014 23:41:21,239 - INFO  - Watchdog has been checked: 0 passed
22.08.2014 23:43:21,331 - INFO  - Watchdog has been checked: 0 passed
22.08.2014 23:45:21,203 - INFO  - Watchdog has been checked: 0 passed
22.08.2014 23:47:21,179 - INFO  - Watchdog has been checked: 0 passed
22.08.2014 23:49:21,308 - INFO  - Watchdog has been checked: 0 passed
22.08.2014 23:51:21,401 - INFO  - Watchdog has been checked: 0 passed
22.08.2014 23:53:21,274 - INFO  - Watchdog has been checked: 0 passed
22.08.2014 23:55:21,200 - INFO  - Watchdog has been checked: 0 passed
22.08.2014 23:57:21,435 - INFO  - Watchdog has been checked: 0 passed
22.08.2014 23:59:21,336 - INFO  - Watchdog has been checked: 0 passed
