11.09.2014 00:00:10,184 - INFO  - Watchdog has been checked: 0 passed
11.09.2014 00:02:10,301 - INFO  - Watchdog has been checked: 0 passed
11.09.2014 00:04:10,409 - INFO  - Watchdog has been checked: 0 passed
11.09.2014 00:06:10,205 - INFO  - Watchdog has been checked: 0 passed
11.09.2014 00:08:10,310 - INFO  - Watchdog has been checked: 0 passed
11.09.2014 00:10:10,338 - INFO  - Watchdog has been checked: 0 passed
11.09.2014 00:12:10,290 - INFO  - Watchdog has been checked: 0 passed
11.09.2014 00:14:10,374 - INFO  - Watchdog has been checked: 0 passed
11.09.2014 00:16:10,347 - INFO  - Watchdog has been checked: 0 passed
11.09.2014 00:18:10,187 - INFO  - Watchdog has been checked: 0 passed
11.09.2014 00:20:10,442 - INFO  - Watchdog has been checked: 0 passed
11.09.2014 00:22:10,256 - INFO  - Watchdog has been checked: 0 passed
11.09.2014 00:24:10,275 - INFO  - Watchdog has been checked: 0 passed
11.09.2014 00:26:10,265 - INFO  - Watchdog has been checked: 0 passed
11.09.2014 00:28:10,318 - INFO  - Watchdog has been checked: 0 passed
11.09.2014 00:30:10,372 - INFO  - Watchdog has been checked: 0 passed
11.09.2014 00:32:10,212 - INFO  - Watchdog has been checked: 0 passed
11.09.2014 00:34:10,195 - INFO  - Watchdog has been checked: 0 passed
11.09.2014 00:36:10,227 - INFO  - Watchdog has been checked: 0 passed
11.09.2014 00:38:10,196 - INFO  - Watchdog has been checked: 0 passed
11.09.2014 00:40:10,206 - INFO  - Watchdog has been checked: 0 passed
11.09.2014 00:42:10,009 - INFO  - Watchdog has been checked: 0 passed
11.09.2014 00:44:09,058 - INFO  - Watchdog has been checked: 0 passed
11.09.2014 00:46:08,128 - INFO  - Watchdog has been checked: 0 passed
11.09.2014 00:48:07,189 - INFO  - Watchdog has been checked: 0 passed
11.09.2014 00:50:07,027 - INFO  - Watchdog has been checked: 0 passed
11.09.2014 00:52:05,980 - INFO  - Watchdog has been checked: 0 passed
11.09.2014 00:54:05,016 - INFO  - Watchdog has been checked: 0 passed
11.09.2014 00:56:05,066 - INFO  - Watchdog has been checked: 0 passed
11.09.2014 00:58:05,092 - INFO  - Watchdog has been checked: 0 passed
11.09.2014 01:00:05,113 - INFO  - Watchdog has been checked: 0 passed
11.09.2014 01:02:05,194 - INFO  - Watchdog has been checked: 0 passed
11.09.2014 01:04:05,201 - INFO  - Watchdog has been checked: 0 passed
11.09.2014 01:06:05,059 - INFO  - Watchdog has been checked: 0 passed
11.09.2014 01:08:05,064 - INFO  - Watchdog has been checked: 0 passed
11.09.2014 01:10:05,112 - INFO  - Watchdog has been checked: 0 passed
11.09.2014 01:12:05,152 - INFO  - Watchdog has been checked: 0 passed
11.09.2014 01:14:05,232 - INFO  - Watchdog has been checked: 0 passed
11.09.2014 01:16:05,282 - INFO  - Watchdog has been checked: 0 passed
11.09.2014 01:18:05,093 - INFO  - Watchdog has been checked: 0 passed
11.09.2014 01:20:05,114 - INFO  - Watchdog has been checked: 0 passed
11.09.2014 01:22:05,219 - INFO  - Watchdog has been checked: 0 passed
11.09.2014 01:24:05,229 - INFO  - Watchdog has been checked: 0 passed
11.09.2014 01:26:05,272 - INFO  - Watchdog has been checked: 0 passed
11.09.2014 01:28:05,091 - INFO  - Watchdog has been checked: 0 passed
11.09.2014 01:30:05,129 - INFO  - Watchdog has been checked: 0 passed
11.09.2014 01:32:05,234 - INFO  - Watchdog has been checked: 0 passed
11.09.2014 01:34:05,236 - INFO  - Watchdog has been checked: 0 passed
11.09.2014 01:36:05,289 - INFO  - Watchdog has been checked: 0 passed
11.09.2014 01:38:05,079 - INFO  - Watchdog has been checked: 0 passed
11.09.2014 01:40:05,296 - INFO  - Watchdog has been checked: 0 passed
11.09.2014 01:42:05,137 - INFO  - Watchdog has been checked: 0 passed
11.09.2014 01:44:05,091 - INFO  - Watchdog has been checked: 0 passed
11.09.2014 01:46:05,198 - INFO  - Watchdog has been checked: 0 passed
11.09.2014 01:48:05,362 - INFO  - Watchdog has been checked: 0 passed
11.09.2014 01:50:05,365 - INFO  - Watchdog has been checked: 0 passed
11.09.2014 01:52:05,481 - INFO  - Watchdog has been checked: 0 passed
11.09.2014 01:54:05,244 - INFO  - Watchdog has been checked: 0 passed
11.09.2014 01:56:05,249 - INFO  - Watchdog has been checked: 0 passed
11.09.2014 01:58:05,297 - INFO  - Watchdog has been checked: 0 passed
11.09.2014 02:00:05,253 - INFO  - Watchdog has been checked: 0 passed
11.09.2014 02:02:05,116 - INFO  - Watchdog has been checked: 0 passed
11.09.2014 02:04:04,128 - INFO  - Watchdog has been checked: 0 passed
11.09.2014 02:06:03,183 - INFO  - Watchdog has been checked: 0 passed
11.09.2014 02:08:03,240 - INFO  - Watchdog has been checked: 0 passed
11.09.2014 02:10:03,221 - INFO  - Watchdog has been checked: 0 passed
11.09.2014 02:12:03,041 - INFO  - Watchdog has been checked: 0 passed
11.09.2014 02:14:02,158 - INFO  - Watchdog has been checked: 0 passed
11.09.2014 02:16:02,156 - INFO  - Watchdog has been checked: 0 passed
11.09.2014 02:18:02,089 - INFO  - Watchdog has been checked: 0 passed
11.09.2014 02:20:02,272 - INFO  - Watchdog has been checked: 0 passed
11.09.2014 02:22:02,120 - INFO  - Watchdog has been checked: 0 passed
11.09.2014 02:24:02,163 - INFO  - Watchdog has been checked: 0 passed
11.09.2014 02:26:02,200 - INFO  - Watchdog has been checked: 0 passed
11.09.2014 02:28:02,622 - INFO  - Watchdog has been checked: 0 passed
11.09.2014 02:30:02,285 - INFO  - Watchdog has been checked: 0 passed
11.09.2014 02:32:02,093 - INFO  - Watchdog has been checked: 0 passed
11.09.2014 02:34:02,164 - INFO  - Watchdog has been checked: 0 passed
11.09.2014 02:36:02,177 - INFO  - Watchdog has been checked: 0 passed
11.09.2014 02:38:02,262 - INFO  - Watchdog has been checked: 0 passed
11.09.2014 02:40:02,293 - INFO  - Watchdog has been checked: 0 passed
11.09.2014 02:42:02,110 - INFO  - Watchdog has been checked: 0 passed
11.09.2014 02:44:02,175 - INFO  - Watchdog has been checked: 0 passed
11.09.2014 02:46:02,214 - INFO  - Watchdog has been checked: 0 passed
11.09.2014 02:48:02,307 - INFO  - Watchdog has been checked: 0 passed
11.09.2014 02:50:02,386 - INFO  - Watchdog has been checked: 0 passed
11.09.2014 02:52:02,176 - INFO  - Watchdog has been checked: 0 passed
11.09.2014 02:54:02,223 - INFO  - Watchdog has been checked: 0 passed
11.09.2014 02:56:02,217 - INFO  - Watchdog has been checked: 0 passed
11.09.2014 02:58:02,058 - INFO  - Watchdog has been checked: 0 passed
11.09.2014 03:00:02,138 - INFO  - Watchdog has been checked: 0 passed
11.09.2014 03:02:02,222 - INFO  - Watchdog has been checked: 0 passed
11.09.2014 03:04:02,245 - INFO  - Watchdog has been checked: 0 passed
11.09.2014 03:06:02,132 - INFO  - Watchdog has been checked: 0 passed
11.09.2014 03:08:02,154 - INFO  - Watchdog has been checked: 0 passed
11.09.2014 03:10:02,180 - INFO  - Watchdog has been checked: 0 passed
11.09.2014 03:12:01,994 - INFO  - Watchdog has been checked: 0 passed
11.09.2014 03:14:01,104 - INFO  - Watchdog has been checked: 0 passed
11.09.2014 03:16:01,155 - INFO  - Watchdog has been checked: 0 passed
11.09.2014 03:18:01,187 - INFO  - Watchdog has been checked: 0 passed
11.09.2014 03:20:01,203 - INFO  - Watchdog has been checked: 0 passed
11.09.2014 03:22:00,975 - INFO  - Watchdog has been checked: 0 passed
11.09.2014 03:23:59,969 - INFO  - Watchdog has been checked: 0 passed
11.09.2014 03:25:59,264 - INFO  - Watchdog has been checked: 0 passed
11.09.2014 03:27:59,077 - INFO  - Watchdog has been checked: 0 passed
11.09.2014 03:29:59,119 - INFO  - Watchdog has been checked: 0 passed
11.09.2014 03:31:59,186 - INFO  - Watchdog has been checked: 0 passed
11.09.2014 03:34:00,942 - INFO  - Watchdog has been checked: 0 passed
11.09.2014 03:36:00,085 - INFO  - Watchdog has been checked: 0 passed
11.09.2014 03:38:00,120 - INFO  - Watchdog has been checked: 0 passed
11.09.2014 03:40:00,091 - INFO  - Watchdog has been checked: 0 passed
11.09.2014 03:42:00,208 - INFO  - Watchdog has been checked: 0 passed
11.09.2014 03:44:00,211 - INFO  - Watchdog has been checked: 0 passed
11.09.2014 03:46:00,358 - INFO  - Watchdog has been checked: 0 passed
11.09.2014 03:48:00,331 - INFO  - Watchdog has been checked: 0 passed
11.09.2014 03:50:00,346 - INFO  - Watchdog has been checked: 0 passed
11.09.2014 03:52:00,156 - INFO  - Watchdog has been checked: 0 passed
11.09.2014 03:54:00,186 - INFO  - Watchdog has been checked: 0 passed
11.09.2014 03:56:00,211 - INFO  - Watchdog has been checked: 0 passed
11.09.2014 03:58:00,290 - INFO  - Watchdog has been checked: 0 passed
11.09.2014 04:00:00,328 - INFO  - Watchdog has been checked: 0 passed
11.09.2014 04:02:00,250 - INFO  - Watchdog has been checked: 0 passed
11.09.2014 04:04:00,272 - INFO  - Watchdog has been checked: 0 passed
11.09.2014 04:06:00,318 - INFO  - Watchdog has been checked: 0 passed
11.09.2014 04:08:00,387 - INFO  - Watchdog has been checked: 0 passed
11.09.2014 04:10:00,135 - INFO  - Watchdog has been checked: 0 passed
11.09.2014 04:12:00,212 - INFO  - Watchdog has been checked: 0 passed
11.09.2014 04:14:00,216 - INFO  - Watchdog has been checked: 0 passed
11.09.2014 04:16:00,240 - INFO  - Watchdog has been checked: 0 passed
11.09.2014 04:18:00,193 - INFO  - Watchdog has been checked: 0 passed
11.09.2014 04:20:00,174 - INFO  - Watchdog has been checked: 0 passed
11.09.2014 04:22:00,055 - INFO  - Watchdog has been checked: 0 passed
11.09.2014 04:23:58,987 - INFO  - Watchdog has been checked: 0 passed
11.09.2014 04:25:58,038 - INFO  - Watchdog has been checked: 0 passed
11.09.2014 04:27:58,123 - INFO  - Watchdog has been checked: 0 passed
11.09.2014 04:29:58,128 - INFO  - Watchdog has been checked: 0 passed
11.09.2014 04:31:58,214 - INFO  - Watchdog has been checked: 0 passed
11.09.2014 04:33:58,320 - INFO  - Watchdog has been checked: 0 passed
11.09.2014 04:35:58,078 - INFO  - Watchdog has been checked: 0 passed
11.09.2014 04:37:58,192 - INFO  - Watchdog has been checked: 0 passed
11.09.2014 04:39:58,122 - INFO  - Watchdog has been checked: 0 passed
11.09.2014 04:41:58,247 - INFO  - Watchdog has been checked: 0 passed
11.09.2014 04:43:58,074 - INFO  - Watchdog has been checked: 0 passed
11.09.2014 04:45:58,120 - INFO  - Watchdog has been checked: 0 passed
11.09.2014 04:47:58,180 - INFO  - Watchdog has been checked: 0 passed
11.09.2014 04:49:58,146 - INFO  - Watchdog has been checked: 0 passed
11.09.2014 04:51:58,204 - INFO  - Watchdog has been checked: 0 passed
11.09.2014 04:53:58,036 - INFO  - Watchdog has been checked: 0 passed
11.09.2014 04:55:58,030 - INFO  - Watchdog has been checked: 0 passed
11.09.2014 04:57:58,101 - INFO  - Watchdog has been checked: 0 passed
11.09.2014 04:59:58,098 - INFO  - Watchdog has been checked: 0 passed
11.09.2014 05:01:58,196 - INFO  - Watchdog has been checked: 0 passed
11.09.2014 05:03:57,965 - INFO  - Watchdog has been checked: 0 passed
11.09.2014 05:05:57,982 - INFO  - Watchdog has been checked: 0 passed
11.09.2014 05:07:58,064 - INFO  - Watchdog has been checked: 0 passed
11.09.2014 05:09:58,126 - INFO  - Watchdog has been checked: 0 passed
11.09.2014 05:11:58,184 - INFO  - Watchdog has been checked: 0 passed
11.09.2014 05:13:58,016 - INFO  - Watchdog has been checked: 0 passed
11.09.2014 05:15:57,219 - INFO  - Watchdog has been checked: 0 passed
11.09.2014 05:17:57,115 - INFO  - Watchdog has been checked: 0 passed
11.09.2014 05:19:57,123 - INFO  - Watchdog has been checked: 0 passed
11.09.2014 05:21:57,210 - INFO  - Watchdog has been checked: 0 passed
11.09.2014 05:23:57,062 - INFO  - Watchdog has been checked: 0 passed
11.09.2014 05:25:56,062 - INFO  - Watchdog has been checked: 0 passed
11.09.2014 05:27:55,046 - INFO  - Watchdog has been checked: 0 passed
11.09.2014 05:29:54,122 - INFO  - Watchdog has been checked: 0 passed
11.09.2014 05:31:53,138 - INFO  - Watchdog has been checked: 0 passed
11.09.2014 05:33:52,197 - INFO  - Watchdog has been checked: 0 passed
11.09.2014 05:35:52,249 - INFO  - Watchdog has been checked: 0 passed
11.09.2014 05:37:52,306 - INFO  - Watchdog has been checked: 0 passed
11.09.2014 05:39:52,315 - INFO  - Watchdog has been checked: 0 passed
11.09.2014 05:41:52,121 - INFO  - Watchdog has been checked: 0 passed
11.09.2014 05:43:51,213 - INFO  - Watchdog has been checked: 0 passed
11.09.2014 05:45:51,274 - INFO  - Watchdog has been checked: 0 passed
11.09.2014 05:47:51,276 - INFO  - Watchdog has been checked: 0 passed
11.09.2014 05:49:51,353 - INFO  - Watchdog has been checked: 0 passed
11.09.2014 05:51:51,198 - INFO  - Watchdog has been checked: 0 passed
11.09.2014 05:53:51,280 - INFO  - Watchdog has been checked: 0 passed
11.09.2014 05:55:51,323 - INFO  - Watchdog has been checked: 0 passed
11.09.2014 05:57:51,095 - INFO  - Watchdog has been checked: 0 passed
11.09.2014 05:59:50,293 - INFO  - Watchdog has been checked: 0 passed
11.09.2014 06:01:50,267 - INFO  - Watchdog has been checked: 0 passed
11.09.2014 06:03:50,304 - INFO  - Watchdog has been checked: 0 passed
11.09.2014 06:05:50,127 - INFO  - Watchdog has been checked: 0 passed
11.09.2014 06:07:50,407 - INFO  - Watchdog has been checked: 0 passed
11.09.2014 06:09:50,110 - INFO  - Watchdog has been checked: 0 passed
11.09.2014 06:11:50,186 - INFO  - Watchdog has been checked: 0 passed
11.09.2014 06:13:50,225 - INFO  - Watchdog has been checked: 0 passed
11.09.2014 06:15:02,238 - INFO  - mapping file sync started
11.09.2014 06:15:03,829 - INFO  - file successfully updated
11.09.2014 06:15:50,282 - INFO  - Watchdog has been checked: 0 passed
11.09.2014 06:17:50,290 - INFO  - Watchdog has been checked: 0 passed
11.09.2014 06:19:50,247 - INFO  - Watchdog has been checked: 0 passed
11.09.2014 06:21:50,087 - INFO  - Watchdog has been checked: 0 passed
11.09.2014 06:23:50,085 - INFO  - Watchdog has been checked: 0 passed
11.09.2014 06:25:50,139 - INFO  - Watchdog has been checked: 0 passed
11.09.2014 06:27:50,145 - INFO  - Watchdog has been checked: 0 passed
11.09.2014 06:29:50,178 - INFO  - Watchdog has been checked: 0 passed
11.09.2014 06:31:50,266 - INFO  - Watchdog has been checked: 0 passed
11.09.2014 06:33:50,248 - INFO  - Watchdog has been checked: 0 passed
11.09.2014 06:35:50,069 - INFO  - Watchdog has been checked: 0 passed
11.09.2014 06:37:50,151 - INFO  - Watchdog has been checked: 0 passed
11.09.2014 06:39:50,113 - INFO  - Watchdog has been checked: 0 passed
11.09.2014 06:41:50,028 - INFO  - Watchdog has been checked: 0 passed
11.09.2014 06:43:50,063 - INFO  - Watchdog has been checked: 0 passed
11.09.2014 06:45:49,864 - INFO  - Watchdog has been checked: 0 passed
11.09.2014 06:47:48,926 - INFO  - Watchdog has been checked: 0 passed
11.09.2014 06:49:48,986 - INFO  - Watchdog has been checked: 0 passed
11.09.2014 06:51:48,892 - INFO  - Watchdog has been checked: 0 passed
11.09.2014 06:53:48,998 - INFO  - Watchdog has been checked: 0 passed
11.09.2014 06:55:49,041 - INFO  - Watchdog has been checked: 0 passed
11.09.2014 06:57:48,964 - INFO  - Watchdog has been checked: 0 passed
11.09.2014 06:59:47,962 - INFO  - Watchdog has been checked: 0 passed
11.09.2014 07:01:47,115 - INFO  - Watchdog has been checked: 0 passed
11.09.2014 07:03:46,103 - INFO  - Watchdog has been checked: 0 passed
11.09.2014 07:05:46,139 - INFO  - Watchdog has been checked: 0 passed
11.09.2014 07:07:46,277 - INFO  - Watchdog has been checked: 0 passed
11.09.2014 07:09:48,293 - INFO  - Watchdog has been checked: 0 passed
11.09.2014 07:11:48,038 - INFO  - Watchdog has been checked: 0 passed
11.09.2014 07:13:47,163 - INFO  - Watchdog has been checked: 0 passed
11.09.2014 07:15:01,459 - INFO  - mapping file sync started
11.09.2014 07:15:01,947 - INFO  - file successfully updated
11.09.2014 07:15:47,189 - INFO  - Watchdog has been checked: 0 passed
11.09.2014 07:17:47,276 - INFO  - Watchdog has been checked: 0 passed
11.09.2014 07:19:47,229 - INFO  - Watchdog has been checked: 0 passed
11.09.2014 07:21:47,120 - INFO  - Watchdog has been checked: 0 passed
11.09.2014 07:23:46,248 - INFO  - Watchdog has been checked: 0 passed
11.09.2014 07:25:46,276 - INFO  - Watchdog has been checked: 0 passed
11.09.2014 07:27:46,362 - INFO  - Watchdog has been checked: 0 passed
11.09.2014 07:29:46,405 - INFO  - Watchdog has been checked: 0 passed
11.09.2014 07:31:46,255 - INFO  - Watchdog has been checked: 0 passed
11.09.2014 07:33:46,342 - INFO  - Watchdog has been checked: 0 passed
11.09.2014 07:35:48,328 - INFO  - Watchdog has been checked: 0 passed
11.09.2014 07:37:48,159 - INFO  - Watchdog has been checked: 0 passed
11.09.2014 07:39:48,142 - INFO  - Watchdog has been checked: 0 passed
11.09.2014 07:41:48,231 - INFO  - Watchdog has been checked: 0 passed
11.09.2014 07:43:48,305 - INFO  - Watchdog has been checked: 0 passed
11.09.2014 07:45:48,312 - INFO  - Watchdog has been checked: 0 passed
11.09.2014 07:47:48,333 - INFO  - Watchdog has been checked: 0 passed
11.09.2014 07:49:48,154 - INFO  - Watchdog has been checked: 0 passed
11.09.2014 07:51:48,246 - INFO  - Watchdog has been checked: 0 passed
11.09.2014 07:53:48,292 - INFO  - Watchdog has been checked: 0 passed
11.09.2014 07:55:48,280 - INFO  - Watchdog has been checked: 0 passed
11.09.2014 07:57:48,366 - INFO  - Watchdog has been checked: 0 passed
11.09.2014 07:59:48,314 - INFO  - Watchdog has been checked: 0 passed
11.09.2014 08:01:48,174 - INFO  - Watchdog has been checked: 0 passed
11.09.2014 08:03:48,174 - INFO  - Watchdog has been checked: 0 passed
11.09.2014 08:05:48,219 - INFO  - Watchdog has been checked: 0 passed
11.09.2014 08:07:48,224 - INFO  - Watchdog has been checked: 0 passed
11.09.2014 08:09:48,303 - INFO  - Watchdog has been checked: 0 passed
11.09.2014 08:11:48,398 - INFO  - Watchdog has been checked: 0 passed
11.09.2014 08:13:48,124 - INFO  - Watchdog has been checked: 0 passed
11.09.2014 08:15:48,131 - INFO  - Watchdog has been checked: 0 passed
11.09.2014 08:17:48,267 - INFO  - Watchdog has been checked: 0 passed
11.09.2014 08:19:48,079 - INFO  - Watchdog has been checked: 0 passed
11.09.2014 08:21:48,143 - INFO  - Watchdog has been checked: 0 passed
11.09.2014 08:23:48,186 - INFO  - Watchdog has been checked: 0 passed
11.09.2014 08:25:47,992 - INFO  - Watchdog has been checked: 0 passed
11.09.2014 08:27:47,045 - INFO  - Watchdog has been checked: 0 passed
11.09.2014 08:29:46,945 - INFO  - Watchdog has been checked: 0 passed
11.09.2014 08:31:46,960 - INFO  - Watchdog has been checked: 0 passed
11.09.2014 08:33:46,029 - INFO  - Watchdog has been checked: 0 passed
11.09.2014 08:35:46,057 - INFO  - Watchdog has been checked: 0 passed
11.09.2014 08:37:47,045 - INFO  - Watchdog has been checked: 0 passed
11.09.2014 08:39:47,072 - INFO  - Watchdog has been checked: 0 passed
11.09.2014 08:41:46,964 - INFO  - Watchdog has been checked: 0 passed
11.09.2014 08:43:46,050 - INFO  - Watchdog has been checked: 0 passed
11.09.2014 08:45:46,096 - INFO  - Watchdog has been checked: 0 passed
11.09.2014 08:47:46,142 - INFO  - Watchdog has been checked: 0 passed
11.09.2014 08:49:46,236 - INFO  - Watchdog has been checked: 0 passed
11.09.2014 08:51:46,326 - INFO  - Watchdog has been checked: 0 passed
11.09.2014 08:53:46,108 - INFO  - Watchdog has been checked: 0 passed
11.09.2014 08:55:46,129 - INFO  - Watchdog has been checked: 0 passed
11.09.2014 08:57:46,194 - INFO  - Watchdog has been checked: 0 passed
11.09.2014 08:59:46,176 - INFO  - Watchdog has been checked: 0 passed
11.09.2014 09:01:46,497 - INFO  - Watchdog has been checked: 0 passed
11.09.2014 09:03:46,315 - INFO  - Watchdog has been checked: 0 passed
11.09.2014 09:05:46,332 - INFO  - Watchdog has been checked: 0 passed
11.09.2014 09:07:46,190 - INFO  - Watchdog has been checked: 0 passed
11.09.2014 09:09:46,221 - INFO  - Watchdog has been checked: 0 passed
11.09.2014 09:11:46,285 - INFO  - Watchdog has been checked: 0 passed
11.09.2014 09:13:48,419 - INFO  - Watchdog has been checked: 0 passed
11.09.2014 09:15:48,090 - INFO  - Watchdog has been checked: 0 passed
11.09.2014 09:17:47,170 - INFO  - Watchdog has been checked: 0 passed
11.09.2014 09:19:47,146 - INFO  - Watchdog has been checked: 0 passed
11.09.2014 09:21:46,300 - INFO  - Watchdog has been checked: 0 passed
11.09.2014 09:23:48,334 - INFO  - Watchdog has been checked: 0 passed
11.09.2014 09:25:48,190 - INFO  - Watchdog has been checked: 0 passed
11.09.2014 09:27:47,224 - INFO  - Watchdog has been checked: 0 passed
11.09.2014 09:29:46,257 - INFO  - Watchdog has been checked: 0 passed
11.09.2014 09:31:45,329 - INFO  - Watchdog has been checked: 0 passed
11.09.2014 09:33:45,415 - INFO  - Watchdog has been checked: 0 passed
11.09.2014 09:35:45,156 - INFO  - Watchdog has been checked: 0 passed
11.09.2014 09:37:44,246 - INFO  - Watchdog has been checked: 0 passed
11.09.2014 09:39:44,206 - INFO  - Watchdog has been checked: 0 passed
11.09.2014 09:41:44,014 - INFO  - Watchdog has been checked: 0 passed
11.09.2014 09:43:43,110 - INFO  - Watchdog has been checked: 0 passed
11.09.2014 09:45:43,169 - INFO  - Watchdog has been checked: 0 passed
11.09.2014 09:47:42,983 - INFO  - Watchdog has been checked: 0 passed
11.09.2014 09:49:42,012 - INFO  - Watchdog has been checked: 0 passed
11.09.2014 09:51:42,111 - INFO  - Watchdog has been checked: 0 passed
11.09.2014 09:53:41,997 - INFO  - Watchdog has been checked: 0 passed
11.09.2014 09:55:42,230 - INFO  - Watchdog has been checked: 0 passed
11.09.2014 09:57:42,107 - INFO  - Watchdog has been checked: 0 passed
11.09.2014 09:59:42,094 - INFO  - Watchdog has been checked: 0 passed
11.09.2014 10:01:42,187 - INFO  - Watchdog has been checked: 0 passed
11.09.2014 10:03:42,234 - INFO  - Watchdog has been checked: 0 passed
11.09.2014 10:05:42,152 - INFO  - Watchdog has been checked: 0 passed
11.09.2014 10:07:42,206 - INFO  - Watchdog has been checked: 0 passed
11.09.2014 10:09:42,250 - INFO  - Watchdog has been checked: 0 passed
11.09.2014 10:11:42,062 - INFO  - Watchdog has been checked: 0 passed
11.09.2014 10:13:42,167 - INFO  - Watchdog has been checked: 0 passed
11.09.2014 10:15:42,148 - INFO  - Watchdog has been checked: 0 passed
11.09.2014 10:17:42,246 - INFO  - Watchdog has been checked: 0 passed
11.09.2014 10:19:42,277 - INFO  - Watchdog has been checked: 0 passed
11.09.2014 10:21:42,333 - INFO  - Watchdog has been checked: 0 passed
11.09.2014 10:23:42,182 - INFO  - Watchdog has been checked: 0 passed
11.09.2014 10:25:42,277 - INFO  - Watchdog has been checked: 0 passed
11.09.2014 10:27:42,310 - INFO  - Watchdog has been checked: 0 passed
11.09.2014 10:29:42,326 - INFO  - Watchdog has been checked: 0 passed
11.09.2014 10:31:42,131 - INFO  - Watchdog has been checked: 0 passed
11.09.2014 10:33:42,257 - INFO  - Watchdog has been checked: 0 passed
11.09.2014 10:35:42,289 - INFO  - Watchdog has been checked: 0 passed
11.09.2014 10:37:42,379 - INFO  - Watchdog has been checked: 0 passed
11.09.2014 10:39:42,357 - INFO  - Watchdog has been checked: 0 passed
11.09.2014 10:41:42,388 - INFO  - Watchdog has been checked: 0 passed
11.09.2014 10:43:42,249 - INFO  - Watchdog has been checked: 0 passed
11.09.2014 10:45:42,330 - INFO  - Watchdog has been checked: 0 passed
11.09.2014 10:47:42,320 - INFO  - Watchdog has been checked: 0 passed
11.09.2014 10:49:42,411 - INFO  - Watchdog has been checked: 0 passed
11.09.2014 10:51:42,460 - INFO  - Watchdog has been checked: 0 passed
11.09.2014 10:53:42,331 - INFO  - Watchdog has been checked: 0 passed
11.09.2014 10:55:42,387 - INFO  - Watchdog has been checked: 0 passed
11.09.2014 10:57:42,356 - INFO  - Watchdog has been checked: 0 passed
11.09.2014 10:59:42,305 - INFO  - Watchdog has been checked: 0 passed
11.09.2014 11:01:42,135 - INFO  - Watchdog has been checked: 0 passed
11.09.2014 11:03:41,276 - INFO  - Watchdog has been checked: 0 passed
11.09.2014 11:05:41,046 - INFO  - Watchdog has been checked: 0 passed
11.09.2014 11:07:40,093 - INFO  - Watchdog has been checked: 0 passed
11.09.2014 11:09:39,074 - INFO  - Watchdog has been checked: 0 passed
11.09.2014 11:11:38,126 - INFO  - Watchdog has been checked: 0 passed
11.09.2014 11:13:38,217 - INFO  - Watchdog has been checked: 0 passed
11.09.2014 11:15:38,236 - INFO  - Watchdog has been checked: 0 passed
11.09.2014 11:17:38,266 - INFO  - Watchdog has been checked: 0 passed
11.09.2014 11:19:38,260 - INFO  - Watchdog has been checked: 0 passed
11.09.2014 11:21:38,112 - INFO  - Watchdog has been checked: 0 passed
11.09.2014 11:23:38,117 - INFO  - Watchdog has been checked: 0 passed
11.09.2014 11:25:38,197 - INFO  - Watchdog has been checked: 0 passed
11.09.2014 11:27:38,198 - INFO  - Watchdog has been checked: 0 passed
11.09.2014 11:29:38,071 - INFO  - Watchdog has been checked: 0 passed
11.09.2014 11:31:38,134 - INFO  - Watchdog has been checked: 0 passed
11.09.2014 11:33:38,210 - INFO  - Watchdog has been checked: 0 passed
11.09.2014 11:35:38,175 - INFO  - Watchdog has been checked: 0 passed
11.09.2014 11:37:38,255 - INFO  - Watchdog has been checked: 0 passed
11.09.2014 11:39:38,249 - INFO  - Watchdog has been checked: 0 passed
11.09.2014 11:41:38,074 - INFO  - Watchdog has been checked: 0 passed
11.09.2014 11:43:38,241 - INFO  - Watchdog has been checked: 0 passed
11.09.2014 11:45:38,300 - INFO  - Watchdog has been checked: 0 passed
11.09.2014 11:47:38,385 - INFO  - Watchdog has been checked: 0 passed
11.09.2014 11:49:38,375 - INFO  - Watchdog has been checked: 0 passed
11.09.2014 11:51:38,168 - INFO  - Watchdog has been checked: 0 passed
11.09.2014 11:53:38,206 - INFO  - Watchdog has been checked: 0 passed
11.09.2014 11:55:38,205 - INFO  - Watchdog has been checked: 0 passed
11.09.2014 11:57:38,293 - INFO  - Watchdog has been checked: 0 passed
11.09.2014 11:59:38,267 - INFO  - Watchdog has been checked: 0 passed
11.09.2014 12:01:38,109 - INFO  - Watchdog has been checked: 0 passed
11.09.2014 12:03:38,120 - INFO  - Watchdog has been checked: 0 passed
11.09.2014 12:05:30,315 - INFO  - searcher identified --- respT: 39ms, 82912 results, q=, 
11.09.2014 12:05:35,944 - INFO  - searcher identified --- respT: 44ms, no results, q=dms.admin, 
11.09.2014 12:05:37,256 - INFO  - searcher identified --- respT: 14ms, no results, q=dms.admin@psi, 
11.09.2014 12:05:37,776 - INFO  - searcher identified --- respT: 15ms, no results, q=dms.admin@psi.ch, 
11.09.2014 12:05:38,086 - INFO  - searcher identified --- respT: 16ms, no results, q=dms.admin@psi.ch, 
11.09.2014 12:05:38,137 - INFO  - Watchdog has been checked: 0 passed
11.09.2014 12:05:44,419 - INFO  - searcher identified --- respT: 13ms, no results, q=dms.support, 
11.09.2014 12:05:47,944 - INFO  - searcher identified --- respT: 16ms, no results, q=dms.support@psi.ch, 
11.09.2014 12:05:48,300 - INFO  - searcher identified --- respT: 16ms, no results, q=dms.support@psi.ch, 
11.09.2014 12:05:53,888 - INFO  - searcher identified --- respT: 15ms, 1959 results, q=alfresco, 
11.09.2014 12:05:55,622 - INFO  - searcher identified --- respT: 13ms, no results, q=alfresco.su, 
11.09.2014 12:05:58,406 - INFO  - searcher identified --- respT: 17ms, no results, q=alfresco.ad, 
11.09.2014 12:06:00,441 - INFO  - searcher identified --- respT: 13ms, no results, q=alfresco.admin, 
11.09.2014 12:06:02,133 - INFO  - searcher identified --- respT: 21ms, 12738 results, q=d, 
11.09.2014 12:06:04,669 - INFO  - searcher identified --- respT: 31ms, 1611 results, q=dms, 
11.09.2014 12:06:11,606 - INFO  - searcher identified --- respT: 745ms, 109 results, q=dms @psi.ch, 
11.09.2014 12:06:28,633 - INFO  - searcher identified --- respT: 15ms, no results, q=dms @psi.c, 
11.09.2014 12:07:37,932 - INFO  - Watchdog has been checked: 0 passed
11.09.2014 12:09:38,192 - INFO  - Watchdog has been checked: 0 passed
11.09.2014 12:10:58,885 - INFO  - searcher identified --- respT: 15ms, 1611 results, q=dms, 
11.09.2014 12:11:00,553 - INFO  - searcher identified --- respT: 12ms, no results, q=dms.ad, 
11.09.2014 12:11:02,333 - INFO  - searcher identified --- respT: 12ms, no results, q=dms.sup, 
11.09.2014 12:11:03,386 - INFO  - searcher identified --- respT: 12ms, no results, q=dms.supp, 
11.09.2014 12:11:04,362 - INFO  - searcher identified --- respT: 12ms, no results, q=dms.support, 
11.09.2014 12:11:31,834 - INFO  - searcher identified --- respT: 14ms, 1611 results, q=dms, 
11.09.2014 12:11:33,991 - INFO  - searcher identified --- respT: 19ms, 395 results, q=dms_support, 
11.09.2014 12:11:37,939 - INFO  - Watchdog has been checked: 0 passed
11.09.2014 12:13:38,137 - INFO  - Watchdog has been checked: 0 passed
11.09.2014 12:15:38,038 - INFO  - Watchdog has been checked: 0 passed
11.09.2014 12:17:38,115 - INFO  - Watchdog has been checked: 0 passed
11.09.2014 12:19:38,130 - INFO  - Watchdog has been checked: 0 passed
11.09.2014 12:21:37,926 - INFO  - Watchdog has been checked: 0 passed
11.09.2014 12:23:38,057 - INFO  - Watchdog has been checked: 0 passed
11.09.2014 12:25:38,114 - INFO  - Watchdog has been checked: 0 passed
11.09.2014 12:27:38,219 - INFO  - Watchdog has been checked: 0 passed
11.09.2014 12:29:38,272 - INFO  - Watchdog has been checked: 0 passed
11.09.2014 12:31:38,146 - INFO  - Watchdog has been checked: 0 passed
11.09.2014 12:33:38,229 - INFO  - Watchdog has been checked: 0 passed
11.09.2014 12:35:38,234 - INFO  - Watchdog has been checked: 0 passed
11.09.2014 12:37:38,216 - INFO  - Watchdog has been checked: 0 passed
11.09.2014 12:39:38,182 - INFO  - Watchdog has been checked: 0 passed
11.09.2014 12:41:38,228 - INFO  - Watchdog has been checked: 0 passed
11.09.2014 12:43:38,346 - INFO  - Watchdog has been checked: 0 passed
11.09.2014 12:45:38,310 - INFO  - Watchdog has been checked: 0 passed
11.09.2014 12:47:38,164 - INFO  - Watchdog has been checked: 0 passed
11.09.2014 12:49:38,170 - INFO  - Watchdog has been checked: 0 passed
11.09.2014 12:51:38,207 - INFO  - Watchdog has been checked: 0 passed
11.09.2014 12:53:38,329 - INFO  - Watchdog has been checked: 0 passed
11.09.2014 12:55:38,298 - INFO  - Watchdog has been checked: 0 passed
11.09.2014 12:57:38,142 - INFO  - Watchdog has been checked: 0 passed
11.09.2014 12:59:38,164 - INFO  - Watchdog has been checked: 0 passed
11.09.2014 13:01:38,237 - INFO  - Watchdog has been checked: 0 passed
11.09.2014 13:03:38,057 - INFO  - Watchdog has been checked: 0 passed
11.09.2014 13:05:37,138 - INFO  - Watchdog has been checked: 0 passed
11.09.2014 13:07:37,182 - INFO  - Watchdog has been checked: 0 passed
11.09.2014 13:09:37,238 - INFO  - Watchdog has been checked: 0 passed
11.09.2014 13:11:38,247 - INFO  - Watchdog has been checked: 0 passed
11.09.2014 13:13:38,097 - INFO  - Watchdog has been checked: 0 passed
11.09.2014 13:15:38,507 - INFO  - Watchdog has been checked: 0 passed
11.09.2014 13:17:36,152 - INFO  - Watchdog has been checked: 0 passed
11.09.2014 13:19:36,151 - INFO  - Watchdog has been checked: 0 passed
11.09.2014 13:21:36,172 - INFO  - Watchdog has been checked: 0 passed
11.09.2014 13:23:36,287 - INFO  - Watchdog has been checked: 0 passed
11.09.2014 13:25:36,338 - INFO  - Watchdog has been checked: 0 passed
11.09.2014 13:27:36,365 - INFO  - Watchdog has been checked: 0 passed
11.09.2014 13:29:36,379 - INFO  - Watchdog has been checked: 0 passed
11.09.2014 13:31:36,425 - INFO  - Watchdog has been checked: 0 passed
11.09.2014 13:33:36,296 - INFO  - Watchdog has been checked: 0 passed
11.09.2014 13:35:38,253 - INFO  - Watchdog has been checked: 0 passed
11.09.2014 13:37:38,175 - INFO  - Watchdog has been checked: 0 passed
11.09.2014 13:39:38,133 - INFO  - Watchdog has been checked: 0 passed
11.09.2014 13:41:38,684 - INFO  - Watchdog has been checked: 0 passed
11.09.2014 13:43:38,097 - INFO  - Watchdog has been checked: 0 passed
11.09.2014 13:45:38,101 - INFO  - Watchdog has been checked: 0 passed
11.09.2014 13:47:38,448 - INFO  - Watchdog has been checked: 0 passed
11.09.2014 13:49:38,147 - INFO  - Watchdog has been checked: 0 passed
11.09.2014 13:51:38,151 - INFO  - Watchdog has been checked: 0 passed
11.09.2014 13:53:38,020 - INFO  - Watchdog has been checked: 0 passed
11.09.2014 13:55:37,009 - INFO  - Watchdog has been checked: 0 passed
11.09.2014 13:57:36,389 - INFO  - Watchdog has been checked: 0 passed
11.09.2014 13:59:36,314 - INFO  - Watchdog has been checked: 0 passed
11.09.2014 14:01:36,260 - INFO  - Watchdog has been checked: 0 passed
11.09.2014 14:03:36,230 - INFO  - Watchdog has been checked: 0 passed
11.09.2014 14:05:36,116 - INFO  - Watchdog has been checked: 0 passed
11.09.2014 14:07:36,268 - INFO  - Watchdog has been checked: 0 passed
11.09.2014 14:09:36,268 - INFO  - Watchdog has been checked: 0 passed
11.09.2014 14:11:36,280 - INFO  - Watchdog has been checked: 0 passed
11.09.2014 14:13:38,153 - INFO  - Watchdog has been checked: 0 passed
11.09.2014 14:15:38,098 - INFO  - Watchdog has been checked: 0 passed
11.09.2014 14:17:37,970 - INFO  - Watchdog has been checked: 0 passed
11.09.2014 14:19:37,998 - INFO  - Watchdog has been checked: 0 passed
11.09.2014 14:21:38,088 - INFO  - Watchdog has been checked: 0 passed
11.09.2014 14:23:38,331 - INFO  - Watchdog has been checked: 0 passed
11.09.2014 14:25:38,039 - INFO  - Watchdog has been checked: 0 passed
11.09.2014 14:27:38,113 - INFO  - Watchdog has been checked: 0 passed
11.09.2014 14:29:38,210 - INFO  - Watchdog has been checked: 0 passed
11.09.2014 14:31:38,036 - INFO  - Watchdog has been checked: 0 passed
11.09.2014 14:33:37,175 - INFO  - Watchdog has been checked: 0 passed
11.09.2014 14:35:37,219 - INFO  - Watchdog has been checked: 0 passed
11.09.2014 14:37:37,273 - INFO  - Watchdog has been checked: 0 passed
11.09.2014 14:39:37,253 - INFO  - Watchdog has been checked: 0 passed
11.09.2014 14:41:37,391 - INFO  - Watchdog has been checked: 0 passed
11.09.2014 14:43:37,185 - INFO  - Watchdog has been checked: 0 passed
11.09.2014 14:45:37,272 - INFO  - Watchdog has been checked: 0 passed
11.09.2014 14:47:37,183 - INFO  - Watchdog has been checked: 0 passed
11.09.2014 14:49:38,197 - INFO  - Watchdog has been checked: 0 passed
11.09.2014 14:51:38,230 - INFO  - Watchdog has been checked: 0 passed
11.09.2014 14:53:38,090 - INFO  - Watchdog has been checked: 0 passed
11.09.2014 14:55:38,085 - INFO  - Watchdog has been checked: 0 passed
11.09.2014 14:57:38,181 - INFO  - Watchdog has been checked: 0 passed
11.09.2014 14:59:38,204 - INFO  - Watchdog has been checked: 0 passed
11.09.2014 15:01:38,283 - INFO  - Watchdog has been checked: 0 passed
11.09.2014 15:03:38,071 - INFO  - Watchdog has been checked: 0 passed
11.09.2014 15:05:38,183 - INFO  - Watchdog has been checked: 0 passed
11.09.2014 15:07:38,183 - INFO  - Watchdog has been checked: 0 passed
11.09.2014 15:09:38,244 - INFO  - Watchdog has been checked: 0 passed
11.09.2014 15:11:38,295 - INFO  - Watchdog has been checked: 0 passed
11.09.2014 15:13:38,154 - INFO  - Watchdog has been checked: 0 passed
11.09.2014 15:15:38,169 - INFO  - Watchdog has been checked: 0 passed
11.09.2014 15:17:38,207 - INFO  - Watchdog has been checked: 0 passed
11.09.2014 15:19:38,228 - INFO  - Watchdog has been checked: 0 passed
11.09.2014 15:21:38,292 - INFO  - Watchdog has been checked: 0 passed
11.09.2014 15:23:38,095 - INFO  - Watchdog has been checked: 0 passed
11.09.2014 15:25:38,134 - INFO  - Watchdog has been checked: 0 passed
11.09.2014 15:27:38,148 - INFO  - Watchdog has been checked: 0 passed
11.09.2014 15:29:38,183 - INFO  - Watchdog has been checked: 0 passed
11.09.2014 15:31:38,195 - INFO  - Watchdog has been checked: 0 passed
11.09.2014 15:33:38,282 - INFO  - Watchdog has been checked: 0 passed
11.09.2014 15:35:38,287 - INFO  - Watchdog has been checked: 0 passed
11.09.2014 15:37:38,070 - INFO  - Watchdog has been checked: 0 passed
11.09.2014 15:39:37,221 - INFO  - Watchdog has been checked: 0 passed
11.09.2014 15:41:37,126 - INFO  - Watchdog has been checked: 0 passed
11.09.2014 15:43:38,232 - INFO  - Watchdog has been checked: 0 passed
11.09.2014 15:45:38,326 - INFO  - Watchdog has been checked: 0 passed
11.09.2014 15:47:38,118 - INFO  - Watchdog has been checked: 0 passed
11.09.2014 15:49:38,143 - INFO  - Watchdog has been checked: 0 passed
11.09.2014 15:51:38,480 - INFO  - Watchdog has been checked: 0 passed
11.09.2014 15:53:38,253 - INFO  - Watchdog has been checked: 0 passed
11.09.2014 15:55:38,261 - INFO  - Watchdog has been checked: 0 passed
11.09.2014 15:57:38,324 - INFO  - Watchdog has been checked: 0 passed
11.09.2014 15:59:38,046 - INFO  - Watchdog has been checked: 0 passed
11.09.2014 16:01:38,326 - INFO  - Watchdog has been checked: 0 passed
11.09.2014 16:03:38,151 - INFO  - Watchdog has been checked: 0 passed
11.09.2014 16:04:14,334 - INFO  - searcher identified --- respT: 34ms, 82926 results, q=, 
11.09.2014 16:04:18,885 - INFO  - searcher identified --- respT: 16ms, 9 results, q=dcsd, 
11.09.2014 16:04:19,694 - INFO  - searcher identified --- respT: 16ms, 9 results, q=dcsd, 
11.09.2014 16:04:58,060 - INFO  - searcher identified --- respT: 14ms, 1850 results, q=schaub, 
11.09.2014 16:04:58,931 - INFO  - searcher identified --- respT: 14ms, 1850 results, q=schaub, 
11.09.2014 16:05:06,831 - INFO  - searcher identified --- respT: 25ms, 1850 results, q=schaub, page turned
11.09.2014 16:05:22,052 - INFO  - searcher identified --- respT: 14ms, 1850 results, q=schaub, page turned
11.09.2014 16:05:23,999 - INFO  - searcher identified --- respT: 39ms, 1850 results, q=schaub, page turned
11.09.2014 16:05:26,949 - INFO  - searcher identified --- respT: 15ms, 1850 results, q=schaub, page turned
11.09.2014 16:05:38,215 - INFO  - Watchdog has been checked: 0 passed
11.09.2014 16:05:40,556 - INFO  - searcher identified --- respT: 15ms, 1850 results, q=schaub, page turned
11.09.2014 16:05:45,274 - INFO  - searcher identified --- respT: 14ms, 1850 results, q=schaub, page turned
11.09.2014 16:05:47,346 - INFO  - searcher identified --- respT: 15ms, 1850 results, q=schaub, 
11.09.2014 16:07:38,219 - INFO  - Watchdog has been checked: 0 passed
11.09.2014 16:09:35,106 - INFO  - searcher identified --- respT: 35ms, 82926 results, q=, 
11.09.2014 16:09:38,178 - INFO  - Watchdog has been checked: 0 passed
11.09.2014 16:09:41,120 - INFO  - searcher identified --- respT: 16ms, 9 results, q=dcsd, 
11.09.2014 16:09:41,892 - INFO  - searcher identified --- respT: 17ms, 9 results, q=dcsd, 
11.09.2014 16:10:04,368 - INFO  - searcher identified --- respT: 22ms, 804 results, q=wsd, 
11.09.2014 16:10:04,372 - INFO  - searcher identified --- respT: 17ms, 804 results, q=wsd, 
11.09.2014 16:11:38,206 - INFO  - Watchdog has been checked: 0 passed
11.09.2014 16:13:37,995 - INFO  - Watchdog has been checked: 0 passed
11.09.2014 16:15:37,058 - INFO  - Watchdog has been checked: 0 passed
11.09.2014 16:17:38,053 - INFO  - Watchdog has been checked: 0 passed
11.09.2014 16:19:38,033 - INFO  - Watchdog has been checked: 0 passed
11.09.2014 16:21:38,134 - INFO  - Watchdog has been checked: 0 passed
11.09.2014 16:23:38,180 - INFO  - Watchdog has been checked: 0 passed
11.09.2014 16:25:38,202 - INFO  - Watchdog has been checked: 0 passed
11.09.2014 16:27:38,059 - INFO  - Watchdog has been checked: 0 passed
11.09.2014 16:29:37,005 - INFO  - Watchdog has been checked: 0 passed
11.09.2014 16:31:36,265 - INFO  - Watchdog has been checked: 0 passed
11.09.2014 16:33:36,192 - INFO  - Watchdog has been checked: 0 passed
11.09.2014 16:35:36,204 - INFO  - Watchdog has been checked: 0 passed
11.09.2014 16:37:36,305 - INFO  - Watchdog has been checked: 0 passed
11.09.2014 16:39:36,314 - INFO  - Watchdog has been checked: 0 passed
11.09.2014 16:41:36,447 - INFO  - Watchdog has been checked: 0 passed
11.09.2014 16:43:36,244 - INFO  - Watchdog has been checked: 0 passed
11.09.2014 16:45:36,381 - INFO  - Watchdog has been checked: 0 passed
11.09.2014 16:47:36,252 - INFO  - Watchdog has been checked: 0 passed
11.09.2014 16:49:36,321 - INFO  - Watchdog has been checked: 0 passed
11.09.2014 16:51:36,292 - INFO  - Watchdog has been checked: 0 passed
11.09.2014 16:53:38,353 - INFO  - Watchdog has been checked: 0 passed
11.09.2014 16:55:38,364 - INFO  - Watchdog has been checked: 0 passed
11.09.2014 16:57:38,141 - INFO  - Watchdog has been checked: 0 passed
11.09.2014 16:59:38,183 - INFO  - Watchdog has been checked: 0 passed
11.09.2014 17:01:38,236 - INFO  - Watchdog has been checked: 0 passed
11.09.2014 17:03:38,233 - INFO  - Watchdog has been checked: 0 passed
11.09.2014 17:05:38,281 - INFO  - Watchdog has been checked: 0 passed
11.09.2014 17:07:38,280 - INFO  - Watchdog has been checked: 0 passed
11.09.2014 17:09:38,337 - INFO  - Watchdog has been checked: 0 passed
11.09.2014 17:11:38,432 - INFO  - Watchdog has been checked: 0 passed
11.09.2014 17:13:38,167 - INFO  - Watchdog has been checked: 0 passed
11.09.2014 17:15:38,212 - INFO  - Watchdog has been checked: 0 passed
11.09.2014 17:17:38,263 - INFO  - Watchdog has been checked: 0 passed
11.09.2014 17:19:38,499 - INFO  - Watchdog has been checked: 0 passed
11.09.2014 17:21:38,264 - INFO  - Watchdog has been checked: 0 passed
11.09.2014 17:23:38,355 - INFO  - Watchdog has been checked: 0 passed
11.09.2014 17:25:38,383 - INFO  - Watchdog has been checked: 0 passed
11.09.2014 17:27:38,472 - INFO  - Watchdog has been checked: 0 passed
11.09.2014 17:29:38,514 - INFO  - Watchdog has been checked: 0 passed
11.09.2014 17:31:38,535 - INFO  - Watchdog has been checked: 0 passed
11.09.2014 17:33:38,372 - INFO  - Watchdog has been checked: 0 passed
11.09.2014 17:35:38,381 - INFO  - Watchdog has been checked: 0 passed
11.09.2014 17:37:38,424 - INFO  - Watchdog has been checked: 0 passed
11.09.2014 17:39:38,330 - INFO  - Watchdog has been checked: 0 passed
11.09.2014 17:41:38,272 - INFO  - Watchdog has been checked: 0 passed
11.09.2014 17:43:38,300 - INFO  - Watchdog has been checked: 0 passed
11.09.2014 17:45:38,319 - INFO  - Watchdog has been checked: 0 passed
11.09.2014 17:47:38,060 - INFO  - Watchdog has been checked: 0 passed
11.09.2014 17:49:38,088 - INFO  - Watchdog has been checked: 0 passed
11.09.2014 17:51:38,117 - INFO  - Watchdog has been checked: 0 passed
11.09.2014 17:53:37,205 - INFO  - Watchdog has been checked: 0 passed
11.09.2014 17:55:38,181 - INFO  - Watchdog has been checked: 0 passed
11.09.2014 17:57:38,036 - INFO  - Watchdog has been checked: 0 passed
11.09.2014 17:59:37,279 - INFO  - Watchdog has been checked: 0 passed
11.09.2014 18:01:37,144 - INFO  - Watchdog has been checked: 0 passed
11.09.2014 18:03:37,250 - INFO  - Watchdog has been checked: 0 passed
11.09.2014 18:05:37,230 - INFO  - Watchdog has been checked: 0 passed
11.09.2014 18:07:37,332 - INFO  - Watchdog has been checked: 0 passed
11.09.2014 18:09:37,096 - INFO  - Watchdog has been checked: 0 passed
11.09.2014 18:11:37,181 - INFO  - Watchdog has been checked: 0 passed
11.09.2014 18:13:37,213 - INFO  - Watchdog has been checked: 0 passed
11.09.2014 18:15:37,226 - INFO  - Watchdog has been checked: 0 passed
11.09.2014 18:17:37,133 - INFO  - Watchdog has been checked: 0 passed
11.09.2014 18:19:37,070 - INFO  - Watchdog has been checked: 0 passed
11.09.2014 18:21:38,138 - INFO  - Watchdog has been checked: 0 passed
11.09.2014 18:23:38,133 - INFO  - Watchdog has been checked: 0 passed
11.09.2014 18:25:38,201 - INFO  - Watchdog has been checked: 0 passed
11.09.2014 18:27:38,005 - INFO  - Watchdog has been checked: 0 passed
11.09.2014 18:29:37,012 - INFO  - Watchdog has been checked: 0 passed
11.09.2014 18:31:36,262 - INFO  - Watchdog has been checked: 0 passed
11.09.2014 18:33:36,142 - INFO  - Watchdog has been checked: 0 passed
11.09.2014 18:35:36,134 - INFO  - Watchdog has been checked: 0 passed
11.09.2014 18:37:36,267 - INFO  - Watchdog has been checked: 0 passed
11.09.2014 18:39:36,239 - INFO  - Watchdog has been checked: 0 passed
11.09.2014 18:41:36,044 - INFO  - Watchdog has been checked: 0 passed
11.09.2014 18:43:35,131 - INFO  - Watchdog has been checked: 0 passed
11.09.2014 18:45:35,183 - INFO  - Watchdog has been checked: 0 passed
11.09.2014 18:47:35,240 - INFO  - Watchdog has been checked: 0 passed
11.09.2014 18:49:35,025 - INFO  - Watchdog has been checked: 0 passed
11.09.2014 18:51:35,156 - INFO  - Watchdog has been checked: 0 passed
11.09.2014 18:53:35,033 - INFO  - Watchdog has been checked: 0 passed
11.09.2014 18:55:34,024 - INFO  - Watchdog has been checked: 0 passed
11.09.2014 18:57:33,085 - INFO  - Watchdog has been checked: 0 passed
11.09.2014 18:59:33,111 - INFO  - Watchdog has been checked: 0 passed
11.09.2014 19:01:33,160 - INFO  - Watchdog has been checked: 0 passed
11.09.2014 19:03:33,062 - INFO  - Watchdog has been checked: 0 passed
11.09.2014 19:05:33,049 - INFO  - Watchdog has been checked: 0 passed
11.09.2014 19:07:33,081 - INFO  - Watchdog has been checked: 0 passed
11.09.2014 19:09:33,197 - INFO  - Watchdog has been checked: 0 passed
11.09.2014 19:11:33,172 - INFO  - Watchdog has been checked: 0 passed
11.09.2014 19:13:33,104 - INFO  - Watchdog has been checked: 0 passed
11.09.2014 19:15:33,041 - INFO  - Watchdog has been checked: 0 passed
11.09.2014 19:17:33,061 - INFO  - Watchdog has been checked: 0 passed
11.09.2014 19:19:33,154 - INFO  - Watchdog has been checked: 0 passed
11.09.2014 19:21:33,180 - INFO  - Watchdog has been checked: 0 passed
11.09.2014 19:23:33,293 - INFO  - Watchdog has been checked: 0 passed
11.09.2014 19:25:33,336 - INFO  - Watchdog has been checked: 0 passed
11.09.2014 19:27:33,316 - INFO  - Watchdog has been checked: 0 passed
11.09.2014 19:29:33,115 - INFO  - Watchdog has been checked: 0 passed
11.09.2014 19:31:33,213 - INFO  - Watchdog has been checked: 0 passed
11.09.2014 19:33:33,289 - INFO  - Watchdog has been checked: 0 passed
11.09.2014 19:35:33,319 - INFO  - Watchdog has been checked: 0 passed
11.09.2014 19:37:33,192 - INFO  - Watchdog has been checked: 0 passed
11.09.2014 19:39:33,124 - INFO  - Watchdog has been checked: 0 passed
11.09.2014 19:41:33,144 - INFO  - Watchdog has been checked: 0 passed
11.09.2014 19:43:33,280 - INFO  - Watchdog has been checked: 0 passed
11.09.2014 19:45:33,116 - INFO  - Watchdog has been checked: 0 passed
11.09.2014 19:47:33,066 - INFO  - Watchdog has been checked: 0 passed
11.09.2014 19:49:32,091 - INFO  - Watchdog has been checked: 0 passed
11.09.2014 19:51:31,120 - INFO  - Watchdog has been checked: 0 passed
11.09.2014 19:53:31,247 - INFO  - Watchdog has been checked: 0 passed
11.09.2014 19:55:31,282 - INFO  - Watchdog has been checked: 0 passed
11.09.2014 19:57:31,260 - INFO  - Watchdog has been checked: 0 passed
11.09.2014 19:59:31,226 - INFO  - Watchdog has been checked: 0 passed
11.09.2014 20:01:32,274 - INFO  - Watchdog has been checked: 0 passed
11.09.2014 20:03:31,136 - INFO  - Watchdog has been checked: 0 passed
11.09.2014 20:05:31,162 - INFO  - Watchdog has been checked: 0 passed
11.09.2014 20:07:31,135 - INFO  - Watchdog has been checked: 0 passed
11.09.2014 20:09:31,091 - INFO  - Watchdog has been checked: 0 passed
11.09.2014 20:11:31,115 - INFO  - Watchdog has been checked: 0 passed
11.09.2014 20:13:31,211 - INFO  - Watchdog has been checked: 0 passed
11.09.2014 20:15:31,009 - INFO  - Watchdog has been checked: 0 passed
11.09.2014 20:17:31,016 - INFO  - Watchdog has been checked: 0 passed
11.09.2014 20:19:31,009 - INFO  - Watchdog has been checked: 0 passed
11.09.2014 20:21:31,051 - INFO  - Watchdog has been checked: 0 passed
11.09.2014 20:23:31,098 - INFO  - Watchdog has been checked: 0 passed
11.09.2014 20:25:31,146 - INFO  - Watchdog has been checked: 0 passed
11.09.2014 20:27:31,113 - INFO  - Watchdog has been checked: 0 passed
11.09.2014 20:29:31,161 - INFO  - Watchdog has been checked: 0 passed
11.09.2014 20:31:31,238 - INFO  - Watchdog has been checked: 0 passed
11.09.2014 20:33:31,141 - INFO  - Watchdog has been checked: 0 passed
11.09.2014 20:35:31,134 - INFO  - Watchdog has been checked: 0 passed
11.09.2014 20:37:31,222 - INFO  - Watchdog has been checked: 0 passed
11.09.2014 20:39:31,234 - INFO  - Watchdog has been checked: 0 passed
11.09.2014 20:41:31,305 - INFO  - Watchdog has been checked: 0 passed
11.09.2014 20:43:31,145 - INFO  - Watchdog has been checked: 0 passed
11.09.2014 20:45:31,163 - INFO  - Watchdog has been checked: 0 passed
11.09.2014 20:47:31,188 - INFO  - Watchdog has been checked: 0 passed
11.09.2014 20:49:31,267 - INFO  - Watchdog has been checked: 0 passed
11.09.2014 20:51:31,276 - INFO  - Watchdog has been checked: 0 passed
11.09.2014 20:53:31,384 - INFO  - Watchdog has been checked: 0 passed
11.09.2014 20:55:31,239 - INFO  - Watchdog has been checked: 0 passed
11.09.2014 20:57:31,307 - INFO  - Watchdog has been checked: 0 passed
11.09.2014 20:59:31,326 - INFO  - Watchdog has been checked: 0 passed
11.09.2014 21:01:31,389 - INFO  - Watchdog has been checked: 0 passed
11.09.2014 21:03:31,479 - INFO  - Watchdog has been checked: 0 passed
11.09.2014 21:05:31,271 - INFO  - Watchdog has been checked: 0 passed
11.09.2014 21:07:31,273 - INFO  - Watchdog has been checked: 0 passed
11.09.2014 21:09:31,288 - INFO  - Watchdog has been checked: 0 passed
11.09.2014 21:11:31,250 - INFO  - Watchdog has been checked: 0 passed
11.09.2014 21:13:31,391 - INFO  - Watchdog has been checked: 0 passed
11.09.2014 21:15:31,367 - INFO  - Watchdog has been checked: 0 passed
11.09.2014 21:17:31,125 - INFO  - Watchdog has been checked: 0 passed
11.09.2014 21:19:31,121 - INFO  - Watchdog has been checked: 0 passed
11.09.2014 21:21:31,136 - INFO  - Watchdog has been checked: 0 passed
11.09.2014 21:23:31,272 - INFO  - Watchdog has been checked: 0 passed
11.09.2014 21:25:31,028 - INFO  - Watchdog has been checked: 0 passed
11.09.2014 21:27:30,021 - INFO  - Watchdog has been checked: 0 passed
11.09.2014 21:29:29,060 - INFO  - Watchdog has been checked: 0 passed
11.09.2014 21:31:28,093 - INFO  - Watchdog has been checked: 0 passed
11.09.2014 21:33:26,925 - INFO  - Watchdog has been checked: 0 passed
11.09.2014 21:35:25,954 - INFO  - Watchdog has been checked: 0 passed
11.09.2014 21:37:25,083 - INFO  - Watchdog has been checked: 0 passed
11.09.2014 21:39:25,132 - INFO  - Watchdog has been checked: 0 passed
11.09.2014 21:41:24,959 - INFO  - Watchdog has been checked: 0 passed
11.09.2014 21:43:24,052 - INFO  - Watchdog has been checked: 0 passed
11.09.2014 21:45:24,065 - INFO  - Watchdog has been checked: 0 passed
11.09.2014 21:47:24,007 - INFO  - Watchdog has been checked: 0 passed
11.09.2014 21:49:23,038 - INFO  - Watchdog has been checked: 0 passed
11.09.2014 21:51:22,129 - INFO  - Watchdog has been checked: 0 passed
11.09.2014 21:53:21,983 - INFO  - Watchdog has been checked: 0 passed
11.09.2014 21:55:21,023 - INFO  - Watchdog has been checked: 0 passed
11.09.2014 21:57:21,136 - INFO  - Watchdog has been checked: 0 passed
11.09.2014 21:59:21,094 - INFO  - Watchdog has been checked: 0 passed
11.09.2014 22:01:21,148 - INFO  - Watchdog has been checked: 0 passed
11.09.2014 22:03:21,008 - INFO  - Watchdog has been checked: 0 passed
11.09.2014 22:05:21,065 - INFO  - Watchdog has been checked: 0 passed
11.09.2014 22:07:21,230 - INFO  - Watchdog has been checked: 0 passed
11.09.2014 22:09:21,133 - INFO  - Watchdog has been checked: 0 passed
11.09.2014 22:11:21,161 - INFO  - Watchdog has been checked: 0 passed
11.09.2014 22:13:21,096 - INFO  - Watchdog has been checked: 0 passed
11.09.2014 22:15:21,173 - INFO  - Watchdog has been checked: 0 passed
11.09.2014 22:17:21,036 - INFO  - Watchdog has been checked: 0 passed
11.09.2014 22:19:21,212 - INFO  - Watchdog has been checked: 0 passed
11.09.2014 22:21:21,218 - INFO  - Watchdog has been checked: 0 passed
11.09.2014 22:23:21,131 - INFO  - Watchdog has been checked: 0 passed
11.09.2014 22:25:21,205 - INFO  - Watchdog has been checked: 0 passed
11.09.2014 22:27:21,298 - INFO  - Watchdog has been checked: 0 passed
11.09.2014 22:29:21,213 - INFO  - Watchdog has been checked: 0 passed
11.09.2014 22:31:21,228 - INFO  - Watchdog has been checked: 0 passed
11.09.2014 22:33:21,339 - INFO  - Watchdog has been checked: 0 passed
11.09.2014 22:35:21,174 - INFO  - Watchdog has been checked: 0 passed
11.09.2014 22:37:21,135 - INFO  - Watchdog has been checked: 0 passed
11.09.2014 22:39:21,067 - INFO  - Watchdog has been checked: 0 passed
11.09.2014 22:41:20,124 - INFO  - Watchdog has been checked: 0 passed
11.09.2014 22:43:20,322 - INFO  - Watchdog has been checked: 0 passed
11.09.2014 22:45:20,032 - INFO  - Watchdog has been checked: 0 passed
11.09.2014 22:47:19,261 - INFO  - Watchdog has been checked: 0 passed
11.09.2014 22:49:19,279 - INFO  - Watchdog has been checked: 0 passed
11.09.2014 22:51:19,360 - INFO  - Watchdog has been checked: 0 passed
11.09.2014 22:53:19,203 - INFO  - Watchdog has been checked: 0 passed
11.09.2014 22:55:19,243 - INFO  - Watchdog has been checked: 0 passed
11.09.2014 22:57:19,391 - INFO  - Watchdog has been checked: 0 passed
11.09.2014 22:59:19,338 - INFO  - Watchdog has been checked: 0 passed
11.09.2014 23:01:19,383 - INFO  - Watchdog has been checked: 0 passed
11.09.2014 23:03:19,242 - INFO  - Watchdog has been checked: 0 passed
11.09.2014 23:05:19,327 - INFO  - Watchdog has been checked: 0 passed
11.09.2014 23:07:19,225 - INFO  - Watchdog has been checked: 0 passed
11.09.2014 23:09:19,132 - INFO  - Watchdog has been checked: 0 passed
11.09.2014 23:11:19,166 - INFO  - Watchdog has been checked: 0 passed
11.09.2014 23:13:19,286 - INFO  - Watchdog has been checked: 0 passed
11.09.2014 23:15:19,282 - INFO  - Watchdog has been checked: 0 passed
11.09.2014 23:17:19,248 - INFO  - Watchdog has been checked: 0 passed
11.09.2014 23:19:19,200 - INFO  - Watchdog has been checked: 0 passed
11.09.2014 23:21:19,196 - INFO  - Watchdog has been checked: 0 passed
11.09.2014 23:23:19,338 - INFO  - Watchdog has been checked: 0 passed
11.09.2014 23:25:19,335 - INFO  - Watchdog has been checked: 0 passed
11.09.2014 23:27:19,239 - INFO  - Watchdog has been checked: 0 passed
11.09.2014 23:29:19,235 - INFO  - Watchdog has been checked: 0 passed
11.09.2014 23:31:19,096 - INFO  - Watchdog has been checked: 0 passed
11.09.2014 23:33:19,193 - INFO  - Watchdog has been checked: 0 passed
11.09.2014 23:35:19,188 - INFO  - Watchdog has been checked: 0 passed
11.09.2014 23:37:19,106 - INFO  - Watchdog has been checked: 0 passed
11.09.2014 23:39:19,089 - INFO  - Watchdog has been checked: 0 passed
11.09.2014 23:41:19,276 - INFO  - Watchdog has been checked: 0 passed
11.09.2014 23:43:19,202 - INFO  - Watchdog has been checked: 0 passed
11.09.2014 23:45:19,023 - INFO  - Watchdog has been checked: 0 passed
11.09.2014 23:47:19,118 - INFO  - Watchdog has been checked: 0 passed
11.09.2014 23:49:19,130 - INFO  - Watchdog has been checked: 0 passed
11.09.2014 23:51:19,000 - INFO  - Watchdog has been checked: 0 passed
11.09.2014 23:53:19,100 - INFO  - Watchdog has been checked: 0 passed
11.09.2014 23:55:19,097 - INFO  - Watchdog has been checked: 0 passed
11.09.2014 23:57:18,919 - INFO  - Watchdog has been checked: 0 passed
11.09.2014 23:59:17,911 - INFO  - Watchdog has been checked: 0 passed
