28.05.2014 06:15:01,451 - INFO  - mapping file sync started
28.05.2014 06:15:03,447 - INFO  - file successfully updated
28.05.2014 07:15:01,268 - INFO  - mapping file sync started
28.05.2014 07:15:02,812 - INFO  - file successfully updated
28.05.2014 14:57:54,240 - INFO  - searcher identified --- respT: 40ms, 63589 results, q=, 
28.05.2014 14:57:59,417 - INFO  - searcher identified --- respT: 15ms, 34 results, q=druckerei, 
28.05.2014 14:58:00,351 - INFO  - searcher identified --- respT: 15ms, 34 results, q=druckerei, 
28.05.2014 16:25:53,711 - INFO  - searcher identified --- respT: 47ms, 82716 results, q=, 
28.05.2014 16:26:03,848 - INFO  - searcher identified --- respT: 26ms, 612 results, q=vpn, 
28.05.2014 16:26:05,925 - INFO  - searcher identified --- respT: 30ms, 4 results, q=vpn ubuntu, 
28.05.2014 16:28:12,897 - INFO  - searcher identified --- respT: 34ms, 32 results, q=nomachine, 
28.05.2014 16:28:12,898 - INFO  - searcher identified --- respT: 35ms, 32 results, q=nomachine, 
28.05.2014 16:28:20,871 - INFO  - searcher identified --- respT: 50ms, 10 results, web:(AIT), q=nomachine, 
28.05.2014 16:28:41,197 - INFO  - searcher identified --- respT: 41ms, 65 results, web:(AIT), q=nx client, 
28.05.2014 16:28:41,197 - INFO  - searcher identified --- respT: 39ms, 65 results, web:(AIT), q=nx client, 
28.05.2014 16:31:24,509 - INFO  - searcher identified --- respT: 20ms, 183 results, q=nx client, 
28.05.2014 16:31:39,742 - INFO  - searcher identified --- respT: 19ms, 183 results, q=nx client, page turned
28.05.2014 16:31:41,761 - INFO  - searcher identified --- respT: 21ms, 183 results, q=nx client, page turned
28.05.2014 16:31:43,944 - INFO  - searcher identified --- respT: 23ms, 183 results, q=nx client, page turned
28.05.2014 16:31:50,572 - INFO  - searcher identified --- respT: 31ms, 183 results, q=nx client, page turned
28.05.2014 16:31:54,431 - INFO  - searcher identified --- respT: 25ms, 183 results, q=nx client, page turned
28.05.2014 16:32:01,181 - INFO  - searcher identified --- respT: 25ms, 183 results, q=nx client, page turned
28.05.2014 16:32:07,545 - INFO  - searcher identified --- respT: 38ms, 81 results, q=nx client linux, 
28.05.2014 16:32:08,092 - INFO  - searcher identified --- respT: 38ms, 81 results, q=nx client linux, 
28.05.2014 16:40:16,608 - INFO  - searcher identified --- respT: 50ms, 79300 results, q=, 
28.05.2014 16:40:24,341 - INFO  - searcher identified --- respT: 25ms, 5129 results, web:(PSIWeb), q=, 
28.05.2014 16:40:28,465 - INFO  - searcher identified --- respT: 19ms, 940 results, web:(PSIWeb), q=inter, 
28.05.2014 16:40:29,542 - INFO  - searcher identified --- respT: 21ms, 77 results, web:(PSIWeb), q=interflex, 
28.05.2014 16:40:46,136 - INFO  - searcher identified --- respT: 22ms, 5 results, web:(PSIWeb), q=interflex curl, 
28.05.2014 16:57:24,886 - INFO  - searcher identified --- respT: 45ms, 82720 results, q=, 
28.05.2014 16:57:30,288 - INFO  - searcher identified --- respT: 56ms, 7 results, q=nx ubuntu, 
28.05.2014 16:57:30,374 - INFO  - searcher identified --- respT: 52ms, 7 results, q=nx ubuntu, 
28.05.2014 16:58:03,131 - INFO  - searcher identified --- respT: 16ms, 87 results, q=no ubuntu, 
28.05.2014 16:58:04,714 - INFO  - searcher identified --- respT: 39ms, 2 results, q=nomachine ubuntu, 
28.05.2014 17:39:36,189 - INFO  - searcher identified --- respT: 42ms, 82722 results, q=, 
28.05.2014 17:39:39,536 - INFO  - searcher identified --- respT: 32ms, 1556 results, q=thu, 
28.05.2014 17:39:41,304 - INFO  - searcher identified --- respT: 16ms, 80 results, q=thunderbird, 
28.05.2014 17:39:41,865 - INFO  - searcher identified --- respT: 17ms, 80 results, q=thunderbird, 
28.05.2014 17:39:55,527 - INFO  - searcher identified --- respT: 18ms, 3 results, web:(Computing), q=thunderbird, 
28.05.2014 17:52:30,777 - ERROR - unknown wikiuser
28.05.2014 17:52:30,898 - INFO  - searcher anonymous --- respT: 36ms, 27874 results, q=, 
28.05.2014 18:57:26,259 - INFO  - searcher identified --- respT: 42ms, 79308 results, q=, 
28.05.2014 18:58:11,612 - INFO  - searcher identified --- respT: 40ms, 79308 results, q=, 
28.05.2014 18:58:17,202 - INFO  - searcher identified --- respT: 18ms, 2403 results, q=RELEASE, 
28.05.2014 18:58:18,852 - INFO  - searcher identified --- respT: 18ms, 2403 results, q=RELEASE, 
28.05.2014 18:58:26,388 - INFO  - searcher identified --- respT: 19ms, 524 results, web:(PSIWeb), q=RELEASE, 
28.05.2014 18:58:30,105 - INFO  - searcher identified --- respT: 18ms, 524 results, web:(PSIWeb), q=RELEASE{", 
28.05.2014 18:58:30,722 - INFO  - searcher identified --- respT: 18ms, 524 results, web:(PSIWeb), q=RELEASE{", 
28.05.2014 18:58:38,614 - INFO  - searcher identified --- respT: ms, no results, q=, 
28.05.2014 18:58:38,834 - INFO  - searcher identified --- respT: ms, no results, q=, 
28.05.2014 18:58:55,193 - INFO  - searcher identified --- respT: ms, no results, q=, 
28.05.2014 18:58:56,113 - INFO  - searcher identified --- respT: ms, no results, q=, 
28.05.2014 18:58:57,456 - INFO  - searcher identified --- respT: ms, no results, q=, 
28.05.2014 18:58:58,673 - INFO  - searcher identified --- respT: ms, no results, q=, 
28.05.2014 18:58:58,743 - INFO  - searcher identified --- respT: ms, no results, q=, 
28.05.2014 18:59:02,103 - INFO  - searcher identified --- respT: ms, no results, q=, 
28.05.2014 18:59:02,278 - INFO  - searcher identified --- respT: ms, no results, q=, 
28.05.2014 18:59:07,661 - INFO  - searcher identified --- respT: ms, no results, q=, 
28.05.2014 18:59:08,970 - INFO  - searcher identified --- respT: ms, no results, q=, 
28.05.2014 18:59:09,592 - INFO  - searcher identified --- respT: ms, no results, q=, 
28.05.2014 18:59:11,174 - INFO  - searcher identified --- respT: ms, no results, q=, 
28.05.2014 18:59:12,095 - INFO  - searcher identified --- respT: ms, no results, q=, 
28.05.2014 18:59:12,317 - INFO  - searcher identified --- respT: ms, no results, q=, 
28.05.2014 18:59:14,599 - INFO  - searcher identified --- respT: ms, no results, q=, 
28.05.2014 18:59:15,505 - INFO  - searcher identified --- respT: ms, no results, q=, 
28.05.2014 18:59:15,735 - INFO  - searcher identified --- respT: ms, no results, q=, 
28.05.2014 18:59:24,254 - INFO  - searcher identified --- respT: ms, no results, q=, 
28.05.2014 18:59:31,664 - INFO  - searcher identified --- respT: ms, no results, q=, 
28.05.2014 18:59:42,283 - INFO  - searcher identified --- respT: ms, no results, q=, 
28.05.2014 18:59:42,470 - INFO  - searcher identified --- respT: 15ms, 1 results, type:topic, web:(PSIWeb), author:amirov_d, q=RELEASE, 
28.05.2014 18:59:42,809 - INFO  - searcher identified --- respT: 15ms, 1 results, type:topic, web:(PSIWeb), author:amirov_d, q=RELEASE, 
28.05.2014 18:59:46,920 - INFO  - searcher identified --- respT: 20ms, 510 results, type:topic, web:(PSIWeb), q=RELEASE, 
28.05.2014 18:59:49,701 - INFO  - searcher identified --- respT: 17ms, 524 results, web:(PSIWeb), q=RELEASE, 
28.05.2014 18:59:54,710 - INFO  - searcher identified --- respT: 16ms, 5 results, web:(PSIWeb), date:[NOW/DAY-1DAY TO NOW], q=RELEASE, 
