10.06.2014 00:01:11,241 - INFO  - Watchdog has been checked: 0 passed
10.06.2014 00:03:11,318 - INFO  - Watchdog has been checked: 0 passed
10.06.2014 00:05:11,101 - INFO  - Watchdog has been checked: 0 passed
10.06.2014 00:07:11,086 - INFO  - Watchdog has been checked: 0 passed
10.06.2014 00:09:11,181 - INFO  - Watchdog has been checked: 0 passed
10.06.2014 00:11:11,251 - INFO  - Watchdog has been checked: 0 passed
10.06.2014 00:13:11,039 - INFO  - Watchdog has been checked: 0 passed
10.06.2014 00:15:11,198 - INFO  - Watchdog has been checked: 0 passed
10.06.2014 00:17:11,112 - INFO  - Watchdog has been checked: 0 passed
10.06.2014 00:19:11,195 - INFO  - Watchdog has been checked: 0 passed
10.06.2014 00:21:11,269 - INFO  - Watchdog has been checked: 0 passed
10.06.2014 00:23:11,251 - INFO  - Watchdog has been checked: 0 passed
10.06.2014 00:25:11,356 - INFO  - Watchdog has been checked: 0 passed
10.06.2014 00:27:11,324 - INFO  - Watchdog has been checked: 0 passed
10.06.2014 00:29:11,166 - INFO  - Watchdog has been checked: 0 passed
10.06.2014 00:31:11,284 - INFO  - Watchdog has been checked: 0 passed
10.06.2014 00:33:11,260 - INFO  - Watchdog has been checked: 0 passed
10.06.2014 00:35:11,337 - INFO  - Watchdog has been checked: 0 passed
10.06.2014 00:37:11,290 - INFO  - Watchdog has been checked: 0 passed
10.06.2014 00:39:11,355 - INFO  - Watchdog has been checked: 0 passed
10.06.2014 00:41:11,205 - INFO  - Watchdog has been checked: 0 passed
10.06.2014 00:43:11,235 - INFO  - Watchdog has been checked: 0 passed
10.06.2014 00:45:11,341 - INFO  - Watchdog has been checked: 0 passed
10.06.2014 00:47:11,315 - INFO  - Watchdog has been checked: 0 passed
10.06.2014 00:49:11,136 - INFO  - Watchdog has been checked: 0 passed
10.06.2014 00:51:11,268 - INFO  - Watchdog has been checked: 0 passed
10.06.2014 00:53:11,275 - INFO  - Watchdog has been checked: 0 passed
10.06.2014 00:55:11,130 - INFO  - Watchdog has been checked: 0 passed
10.06.2014 00:57:10,109 - INFO  - Watchdog has been checked: 0 passed
10.06.2014 00:59:09,225 - INFO  - Watchdog has been checked: 0 passed
10.06.2014 01:01:09,331 - INFO  - Watchdog has been checked: 0 passed
10.06.2014 01:03:09,340 - INFO  - Watchdog has been checked: 0 passed
10.06.2014 01:05:09,278 - INFO  - Watchdog has been checked: 0 passed
10.06.2014 01:07:09,138 - INFO  - Watchdog has been checked: 0 passed
10.06.2014 01:09:09,197 - INFO  - Watchdog has been checked: 0 passed
10.06.2014 01:11:09,116 - INFO  - Watchdog has been checked: 0 passed
10.06.2014 01:13:09,098 - INFO  - Watchdog has been checked: 0 passed
10.06.2014 01:15:09,118 - INFO  - Watchdog has been checked: 0 passed
10.06.2014 01:17:09,143 - INFO  - Watchdog has been checked: 0 passed
10.06.2014 01:19:09,168 - INFO  - Watchdog has been checked: 0 passed
10.06.2014 01:21:09,290 - INFO  - Watchdog has been checked: 0 passed
10.06.2014 01:23:09,032 - INFO  - Watchdog has been checked: 0 passed
10.06.2014 01:25:09,083 - INFO  - Watchdog has been checked: 0 passed
10.06.2014 01:27:09,115 - INFO  - Watchdog has been checked: 0 passed
10.06.2014 01:29:09,189 - INFO  - Watchdog has been checked: 0 passed
10.06.2014 01:31:09,095 - INFO  - Watchdog has been checked: 0 passed
10.06.2014 01:33:09,130 - INFO  - Watchdog has been checked: 0 passed
10.06.2014 01:35:09,253 - INFO  - Watchdog has been checked: 0 passed
10.06.2014 01:37:09,156 - INFO  - Watchdog has been checked: 0 passed
10.06.2014 01:39:09,155 - INFO  - Watchdog has been checked: 0 passed
10.06.2014 01:41:09,240 - INFO  - Watchdog has been checked: 0 passed
10.06.2014 01:43:09,344 - INFO  - Watchdog has been checked: 0 passed
10.06.2014 01:45:11,219 - INFO  - Watchdog has been checked: 0 passed
10.06.2014 01:47:11,142 - INFO  - Watchdog has been checked: 0 passed
10.06.2014 01:49:11,190 - INFO  - Watchdog has been checked: 0 passed
10.06.2014 01:51:11,286 - INFO  - Watchdog has been checked: 0 passed
10.06.2014 01:53:11,150 - INFO  - Watchdog has been checked: 0 passed
10.06.2014 01:55:11,313 - INFO  - Watchdog has been checked: 0 passed
10.06.2014 01:57:11,171 - INFO  - Watchdog has been checked: 0 passed
10.06.2014 01:59:11,284 - INFO  - Watchdog has been checked: 0 passed
10.06.2014 02:01:11,330 - INFO  - Watchdog has been checked: 0 passed
10.06.2014 02:03:11,891 - INFO  - Watchdog has been checked: 0 passed
10.06.2014 02:05:11,292 - INFO  - Watchdog has been checked: 0 passed
10.06.2014 02:07:11,181 - INFO  - Watchdog has been checked: 0 passed
10.06.2014 02:09:11,265 - INFO  - Watchdog has been checked: 0 passed
10.06.2014 02:11:11,336 - INFO  - Watchdog has been checked: 0 passed
10.06.2014 02:13:11,154 - INFO  - Watchdog has been checked: 0 passed
10.06.2014 02:15:11,325 - INFO  - Watchdog has been checked: 0 passed
10.06.2014 02:17:11,194 - INFO  - Watchdog has been checked: 0 passed
10.06.2014 02:19:11,292 - INFO  - Watchdog has been checked: 0 passed
10.06.2014 02:21:11,330 - INFO  - Watchdog has been checked: 0 passed
10.06.2014 02:23:11,139 - INFO  - Watchdog has been checked: 0 passed
10.06.2014 02:25:11,313 - INFO  - Watchdog has been checked: 0 passed
10.06.2014 02:27:11,112 - INFO  - Watchdog has been checked: 0 passed
10.06.2014 02:29:11,241 - INFO  - Watchdog has been checked: 0 passed
10.06.2014 02:31:11,296 - INFO  - Watchdog has been checked: 0 passed
10.06.2014 02:33:11,100 - INFO  - Watchdog has been checked: 0 passed
10.06.2014 02:35:11,353 - INFO  - Watchdog has been checked: 0 passed
10.06.2014 02:37:11,149 - INFO  - Watchdog has been checked: 0 passed
10.06.2014 02:39:11,265 - INFO  - Watchdog has been checked: 0 passed
10.06.2014 02:41:11,127 - INFO  - Watchdog has been checked: 0 passed
10.06.2014 02:43:10,143 - INFO  - Watchdog has been checked: 0 passed
10.06.2014 02:45:10,365 - INFO  - Watchdog has been checked: 0 passed
10.06.2014 02:47:11,222 - INFO  - Watchdog has been checked: 0 passed
10.06.2014 02:49:11,091 - INFO  - Watchdog has been checked: 0 passed
10.06.2014 02:51:10,156 - INFO  - Watchdog has been checked: 0 passed
10.06.2014 02:53:10,215 - INFO  - Watchdog has been checked: 0 passed
10.06.2014 02:55:10,288 - INFO  - Watchdog has been checked: 0 passed
10.06.2014 02:57:10,168 - INFO  - Watchdog has been checked: 0 passed
10.06.2014 02:59:10,208 - INFO  - Watchdog has been checked: 0 passed
10.06.2014 03:01:10,104 - INFO  - Watchdog has been checked: 0 passed
10.06.2014 03:03:10,197 - INFO  - Watchdog has been checked: 0 passed
10.06.2014 03:05:10,263 - INFO  - Watchdog has been checked: 0 passed
10.06.2014 03:07:10,242 - INFO  - Watchdog has been checked: 0 passed
10.06.2014 03:09:10,285 - INFO  - Watchdog has been checked: 0 passed
10.06.2014 03:11:10,223 - INFO  - Watchdog has been checked: 0 passed
10.06.2014 03:13:10,238 - INFO  - Watchdog has been checked: 0 passed
10.06.2014 03:15:10,305 - INFO  - Watchdog has been checked: 0 passed
10.06.2014 03:17:10,241 - INFO  - Watchdog has been checked: 0 passed
10.06.2014 03:19:10,032 - INFO  - Watchdog has been checked: 0 passed
10.06.2014 03:21:10,232 - INFO  - Watchdog has been checked: 0 passed
10.06.2014 03:23:10,229 - INFO  - Watchdog has been checked: 0 passed
10.06.2014 03:25:10,135 - INFO  - Watchdog has been checked: 0 passed
10.06.2014 03:27:10,087 - INFO  - Watchdog has been checked: 0 passed
10.06.2014 03:29:09,118 - INFO  - Watchdog has been checked: 0 passed
10.06.2014 03:31:08,252 - INFO  - Watchdog has been checked: 0 passed
10.06.2014 03:33:08,305 - INFO  - Watchdog has been checked: 0 passed
10.06.2014 03:35:08,203 - INFO  - Watchdog has been checked: 0 passed
10.06.2014 03:37:08,123 - INFO  - Watchdog has been checked: 0 passed
10.06.2014 03:39:08,150 - INFO  - Watchdog has been checked: 0 passed
10.06.2014 03:41:08,273 - INFO  - Watchdog has been checked: 0 passed
10.06.2014 03:43:08,278 - INFO  - Watchdog has been checked: 0 passed
10.06.2014 03:45:08,097 - INFO  - Watchdog has been checked: 0 passed
10.06.2014 03:47:08,184 - INFO  - Watchdog has been checked: 0 passed
10.06.2014 03:49:09,391 - INFO  - Watchdog has been checked: 0 passed
10.06.2014 03:51:09,154 - INFO  - Watchdog has been checked: 0 passed
10.06.2014 03:53:08,141 - INFO  - Watchdog has been checked: 0 passed
10.06.2014 03:55:07,110 - INFO  - Watchdog has been checked: 0 passed
10.06.2014 03:57:07,194 - INFO  - Watchdog has been checked: 0 passed
10.06.2014 03:59:06,168 - INFO  - Watchdog has been checked: 0 passed
10.06.2014 04:01:06,262 - INFO  - Watchdog has been checked: 0 passed
10.06.2014 04:03:06,384 - INFO  - Watchdog has been checked: 0 passed
10.06.2014 04:05:06,352 - INFO  - Watchdog has been checked: 0 passed
10.06.2014 04:07:06,392 - INFO  - Watchdog has been checked: 0 passed
10.06.2014 04:09:06,195 - INFO  - Watchdog has been checked: 0 passed
10.06.2014 04:11:06,289 - INFO  - Watchdog has been checked: 0 passed
10.06.2014 04:13:06,381 - INFO  - Watchdog has been checked: 0 passed
10.06.2014 04:15:06,376 - INFO  - Watchdog has been checked: 0 passed
10.06.2014 04:17:06,401 - INFO  - Watchdog has been checked: 0 passed
10.06.2014 04:19:06,229 - INFO  - Watchdog has been checked: 0 passed
10.06.2014 04:21:06,336 - INFO  - Watchdog has been checked: 0 passed
10.06.2014 04:23:06,428 - INFO  - Watchdog has been checked: 0 passed
10.06.2014 04:25:06,399 - INFO  - Watchdog has been checked: 0 passed
10.06.2014 04:27:06,155 - INFO  - Watchdog has been checked: 0 passed
10.06.2014 04:29:06,266 - INFO  - Watchdog has been checked: 0 passed
10.06.2014 04:31:05,094 - INFO  - Watchdog has been checked: 0 passed
10.06.2014 04:33:04,135 - INFO  - Watchdog has been checked: 0 passed
10.06.2014 04:35:03,066 - INFO  - Watchdog has been checked: 0 passed
10.06.2014 04:37:02,092 - INFO  - Watchdog has been checked: 0 passed
10.06.2014 04:39:01,178 - INFO  - Watchdog has been checked: 0 passed
10.06.2014 04:40:59,985 - INFO  - Watchdog has been checked: 0 passed
10.06.2014 04:42:59,048 - INFO  - Watchdog has been checked: 0 passed
10.06.2014 04:44:58,097 - INFO  - Watchdog has been checked: 0 passed
10.06.2014 04:46:57,097 - INFO  - Watchdog has been checked: 0 passed
10.06.2014 04:48:56,150 - INFO  - Watchdog has been checked: 0 passed
10.06.2014 04:50:55,007 - INFO  - Watchdog has been checked: 0 passed
10.06.2014 04:52:55,062 - INFO  - Watchdog has been checked: 0 passed
10.06.2014 04:54:55,117 - INFO  - Watchdog has been checked: 0 passed
10.06.2014 04:56:55,124 - INFO  - Watchdog has been checked: 0 passed
10.06.2014 04:58:55,205 - INFO  - Watchdog has been checked: 0 passed
10.06.2014 05:00:55,185 - INFO  - Watchdog has been checked: 0 passed
10.06.2014 05:02:55,242 - INFO  - Watchdog has been checked: 0 passed
10.06.2014 05:04:55,271 - INFO  - Watchdog has been checked: 0 passed
10.06.2014 05:06:55,240 - INFO  - Watchdog has been checked: 0 passed
10.06.2014 05:08:55,137 - INFO  - Watchdog has been checked: 0 passed
10.06.2014 05:10:55,306 - INFO  - Watchdog has been checked: 0 passed
10.06.2014 05:12:55,110 - INFO  - Watchdog has been checked: 0 passed
10.06.2014 05:14:55,163 - INFO  - Watchdog has been checked: 0 passed
10.06.2014 05:16:55,138 - INFO  - Watchdog has been checked: 0 passed
10.06.2014 05:18:55,179 - INFO  - Watchdog has been checked: 0 passed
10.06.2014 05:20:55,080 - INFO  - Watchdog has been checked: 0 passed
10.06.2014 05:22:55,128 - INFO  - Watchdog has been checked: 0 passed
10.06.2014 05:24:55,178 - INFO  - Watchdog has been checked: 0 passed
10.06.2014 05:26:55,254 - INFO  - Watchdog has been checked: 0 passed
10.06.2014 05:28:55,332 - INFO  - Watchdog has been checked: 0 passed
10.06.2014 05:30:55,286 - INFO  - Watchdog has been checked: 0 passed
10.06.2014 05:32:55,298 - INFO  - Watchdog has been checked: 0 passed
10.06.2014 05:34:55,312 - INFO  - Watchdog has been checked: 0 passed
10.06.2014 05:36:55,054 - INFO  - Watchdog has been checked: 0 passed
10.06.2014 05:38:54,086 - INFO  - Watchdog has been checked: 0 passed
10.06.2014 05:40:53,279 - INFO  - Watchdog has been checked: 0 passed
10.06.2014 05:42:53,289 - INFO  - Watchdog has been checked: 0 passed
10.06.2014 05:44:53,336 - INFO  - Watchdog has been checked: 0 passed
10.06.2014 05:46:53,178 - INFO  - Watchdog has been checked: 0 passed
10.06.2014 05:48:53,228 - INFO  - Watchdog has been checked: 0 passed
10.06.2014 05:50:53,199 - INFO  - Watchdog has been checked: 0 passed
10.06.2014 05:52:53,155 - INFO  - Watchdog has been checked: 0 passed
10.06.2014 05:54:52,168 - INFO  - Watchdog has been checked: 0 passed
10.06.2014 05:56:51,332 - INFO  - Watchdog has been checked: 0 passed
10.06.2014 05:58:51,275 - INFO  - Watchdog has been checked: 0 passed
10.06.2014 06:00:51,284 - INFO  - Watchdog has been checked: 0 passed
10.06.2014 06:02:51,332 - INFO  - Watchdog has been checked: 0 passed
10.06.2014 06:04:51,288 - INFO  - Watchdog has been checked: 0 passed
10.06.2014 06:06:51,321 - INFO  - Watchdog has been checked: 0 passed
10.06.2014 06:08:51,320 - INFO  - Watchdog has been checked: 0 passed
10.06.2014 06:10:51,352 - INFO  - Watchdog has been checked: 0 passed
10.06.2014 06:12:51,130 - INFO  - Watchdog has been checked: 0 passed
10.06.2014 06:14:50,364 - INFO  - Watchdog has been checked: 0 passed
10.06.2014 06:15:02,252 - INFO  - mapping file sync started
10.06.2014 06:15:02,719 - INFO  - file successfully updated
10.06.2014 06:16:50,191 - INFO  - Watchdog has been checked: 0 passed
10.06.2014 06:18:50,186 - INFO  - Watchdog has been checked: 0 passed
10.06.2014 06:20:50,367 - INFO  - Watchdog has been checked: 0 passed
10.06.2014 06:22:50,091 - INFO  - Watchdog has been checked: 0 passed
10.06.2014 06:24:49,024 - INFO  - Watchdog has been checked: 0 passed
10.06.2014 06:26:48,070 - INFO  - Watchdog has been checked: 0 passed
10.06.2014 06:28:47,184 - INFO  - Watchdog has been checked: 0 passed
10.06.2014 06:30:47,098 - INFO  - Watchdog has been checked: 0 passed
10.06.2014 06:32:47,167 - INFO  - Watchdog has been checked: 0 passed
10.06.2014 06:34:47,134 - INFO  - Watchdog has been checked: 0 passed
10.06.2014 06:36:47,178 - INFO  - Watchdog has been checked: 0 passed
10.06.2014 06:38:47,187 - INFO  - Watchdog has been checked: 0 passed
10.06.2014 06:40:47,020 - INFO  - Watchdog has been checked: 0 passed
10.06.2014 06:42:47,176 - INFO  - Watchdog has been checked: 0 passed
10.06.2014 06:44:48,051 - INFO  - Watchdog has been checked: 0 passed
10.06.2014 06:46:48,237 - INFO  - Watchdog has been checked: 0 passed
10.06.2014 06:48:48,037 - INFO  - Watchdog has been checked: 0 passed
10.06.2014 06:50:47,117 - INFO  - Watchdog has been checked: 0 passed
10.06.2014 06:52:47,272 - INFO  - Watchdog has been checked: 0 passed
10.06.2014 06:54:47,251 - INFO  - Watchdog has been checked: 0 passed
10.06.2014 06:56:47,337 - INFO  - Watchdog has been checked: 0 passed
10.06.2014 06:58:47,157 - INFO  - Watchdog has been checked: 0 passed
10.06.2014 07:00:47,299 - INFO  - Watchdog has been checked: 0 passed
10.06.2014 07:02:47,402 - INFO  - Watchdog has been checked: 0 passed
10.06.2014 07:04:47,354 - INFO  - Watchdog has been checked: 0 passed
10.06.2014 07:06:50,462 - INFO  - Watchdog has been checked: 0 passed
10.06.2014 07:08:50,235 - INFO  - Watchdog has been checked: 0 passed
10.06.2014 07:10:50,358 - INFO  - Watchdog has been checked: 0 passed
10.06.2014 07:12:50,202 - INFO  - Watchdog has been checked: 0 passed
10.06.2014 07:14:50,163 - INFO  - Watchdog has been checked: 0 passed
10.06.2014 07:15:01,539 - INFO  - mapping file sync started
10.06.2014 07:15:01,943 - INFO  - file successfully updated
10.06.2014 07:16:50,233 - INFO  - Watchdog has been checked: 0 passed
10.06.2014 07:18:50,286 - INFO  - Watchdog has been checked: 0 passed
10.06.2014 07:20:50,154 - INFO  - Watchdog has been checked: 0 passed
10.06.2014 07:22:50,116 - INFO  - Watchdog has been checked: 0 passed
10.06.2014 07:24:50,352 - INFO  - Watchdog has been checked: 0 passed
10.06.2014 07:26:50,119 - INFO  - Watchdog has been checked: 0 passed
10.06.2014 07:28:50,184 - INFO  - Watchdog has been checked: 0 passed
10.06.2014 07:30:50,058 - INFO  - Watchdog has been checked: 0 passed
10.06.2014 07:32:50,093 - INFO  - Watchdog has been checked: 0 passed
10.06.2014 07:34:50,098 - INFO  - Watchdog has been checked: 0 passed
10.06.2014 07:36:50,174 - INFO  - Watchdog has been checked: 0 passed
10.06.2014 07:38:49,227 - INFO  - Watchdog has been checked: 0 passed
10.06.2014 07:40:49,077 - INFO  - Watchdog has been checked: 0 passed
10.06.2014 07:42:49,149 - INFO  - Watchdog has been checked: 0 passed
10.06.2014 07:44:49,212 - INFO  - Watchdog has been checked: 0 passed
10.06.2014 07:46:50,865 - INFO  - Watchdog has been checked: 0 passed
10.06.2014 07:48:50,256 - INFO  - Watchdog has been checked: 0 passed
10.06.2014 07:50:50,190 - INFO  - Watchdog has been checked: 0 passed
10.06.2014 07:52:50,234 - INFO  - Watchdog has been checked: 0 passed
10.06.2014 07:54:50,296 - INFO  - Watchdog has been checked: 0 passed
10.06.2014 07:56:50,259 - INFO  - Watchdog has been checked: 0 passed
10.06.2014 07:58:50,222 - INFO  - Watchdog has been checked: 0 passed
10.06.2014 08:00:50,137 - INFO  - Watchdog has been checked: 0 passed
10.06.2014 08:02:50,214 - INFO  - Watchdog has been checked: 0 passed
10.06.2014 08:04:50,298 - INFO  - Watchdog has been checked: 0 passed
10.06.2014 08:06:50,234 - INFO  - Watchdog has been checked: 0 passed
10.06.2014 08:08:51,314 - INFO  - Watchdog has been checked: 0 passed
10.06.2014 08:10:51,268 - INFO  - Watchdog has been checked: 0 passed
10.06.2014 08:12:51,290 - INFO  - Watchdog has been checked: 0 passed
10.06.2014 08:14:51,302 - INFO  - Watchdog has been checked: 0 passed
10.06.2014 08:16:51,353 - INFO  - Watchdog has been checked: 0 passed
10.06.2014 08:18:51,359 - INFO  - Watchdog has been checked: 0 passed
10.06.2014 08:20:51,346 - INFO  - Watchdog has been checked: 0 passed
10.06.2014 08:22:51,359 - INFO  - Watchdog has been checked: 0 passed
10.06.2014 08:24:51,134 - INFO  - Watchdog has been checked: 0 passed
10.06.2014 08:26:51,135 - INFO  - Watchdog has been checked: 0 passed
10.06.2014 08:28:51,181 - INFO  - Watchdog has been checked: 0 passed
10.06.2014 08:30:51,101 - INFO  - Watchdog has been checked: 0 passed
10.06.2014 08:32:51,120 - INFO  - Watchdog has been checked: 0 passed
10.06.2014 08:34:51,211 - INFO  - Watchdog has been checked: 0 passed
10.06.2014 08:36:51,257 - INFO  - Watchdog has been checked: 0 passed
10.06.2014 08:38:51,236 - INFO  - Watchdog has been checked: 0 passed
10.06.2014 08:40:51,183 - INFO  - Watchdog has been checked: 0 passed
10.06.2014 08:42:51,254 - INFO  - Watchdog has been checked: 0 passed
10.06.2014 08:44:51,312 - INFO  - Watchdog has been checked: 0 passed
10.06.2014 08:46:51,151 - INFO  - Watchdog has been checked: 0 passed
10.06.2014 08:48:51,169 - INFO  - Watchdog has been checked: 0 passed
10.06.2014 08:50:51,130 - INFO  - Watchdog has been checked: 0 passed
10.06.2014 08:52:51,187 - INFO  - Watchdog has been checked: 0 passed
10.06.2014 08:54:51,133 - INFO  - Watchdog has been checked: 0 passed
10.06.2014 08:56:51,225 - INFO  - Watchdog has been checked: 0 passed
10.06.2014 08:58:51,203 - INFO  - Watchdog has been checked: 0 passed
10.06.2014 09:00:51,118 - INFO  - Watchdog has been checked: 0 passed
10.06.2014 09:02:51,224 - INFO  - Watchdog has been checked: 0 passed
10.06.2014 09:04:51,187 - INFO  - Watchdog has been checked: 0 passed
10.06.2014 09:05:03,006 - INFO  - searcher identified --- respT: 51ms, 63881 results, q=, 
10.06.2014 09:05:05,094 - INFO  - searcher identified --- respT: 19ms, 6297 results, q=person, 
10.06.2014 09:05:07,611 - INFO  - searcher identified --- respT: 14ms, 35 results, q=personalmanagement, 
10.06.2014 09:06:51,199 - INFO  - Watchdog has been checked: 0 passed
10.06.2014 09:08:51,269 - INFO  - Watchdog has been checked: 0 passed
10.06.2014 09:10:51,344 - INFO  - Watchdog has been checked: 0 passed
10.06.2014 09:12:51,149 - INFO  - Watchdog has been checked: 0 passed
10.06.2014 09:14:51,198 - INFO  - Watchdog has been checked: 0 passed
10.06.2014 09:16:51,156 - INFO  - Watchdog has been checked: 0 passed
10.06.2014 09:18:51,286 - INFO  - Watchdog has been checked: 0 passed
10.06.2014 09:20:51,145 - INFO  - Watchdog has been checked: 0 passed
10.06.2014 09:22:50,222 - INFO  - Watchdog has been checked: 0 passed
10.06.2014 09:24:50,180 - INFO  - Watchdog has been checked: 0 passed
10.06.2014 09:26:49,217 - INFO  - Watchdog has been checked: 0 passed
10.06.2014 09:28:48,215 - INFO  - Watchdog has been checked: 0 passed
10.06.2014 09:30:48,114 - INFO  - Watchdog has been checked: 0 passed
10.06.2014 09:32:48,394 - INFO  - Watchdog has been checked: 0 passed
10.06.2014 09:34:48,143 - INFO  - Watchdog has been checked: 0 passed
10.06.2014 09:36:48,169 - INFO  - Watchdog has been checked: 0 passed
10.06.2014 09:38:48,292 - INFO  - Watchdog has been checked: 0 passed
10.06.2014 09:40:48,173 - INFO  - Watchdog has been checked: 0 passed
10.06.2014 09:42:48,196 - INFO  - Watchdog has been checked: 0 passed
10.06.2014 09:44:48,305 - INFO  - Watchdog has been checked: 0 passed
10.06.2014 09:46:48,312 - INFO  - Watchdog has been checked: 0 passed
10.06.2014 09:48:48,428 - INFO  - Watchdog has been checked: 0 passed
10.06.2014 09:50:50,696 - INFO  - Watchdog has been checked: 0 passed
10.06.2014 09:52:50,340 - INFO  - Watchdog has been checked: 0 passed
10.06.2014 09:54:50,195 - INFO  - Watchdog has been checked: 0 passed
10.06.2014 09:56:50,304 - INFO  - Watchdog has been checked: 0 passed
10.06.2014 09:58:50,220 - INFO  - Watchdog has been checked: 0 passed
10.06.2014 10:00:50,362 - INFO  - Watchdog has been checked: 0 passed
10.06.2014 10:02:50,158 - INFO  - Watchdog has been checked: 0 passed
10.06.2014 10:04:50,168 - INFO  - Watchdog has been checked: 0 passed
10.06.2014 10:06:50,160 - INFO  - Watchdog has been checked: 0 passed
10.06.2014 10:08:50,262 - INFO  - Watchdog has been checked: 0 passed
10.06.2014 10:10:50,189 - INFO  - Watchdog has been checked: 0 passed
10.06.2014 10:12:50,197 - INFO  - Watchdog has been checked: 0 passed
10.06.2014 10:14:50,249 - INFO  - Watchdog has been checked: 0 passed
10.06.2014 10:16:50,214 - INFO  - Watchdog has been checked: 0 passed
10.06.2014 10:18:50,296 - INFO  - Watchdog has been checked: 0 passed
10.06.2014 10:20:50,218 - INFO  - Watchdog has been checked: 0 passed
10.06.2014 10:22:50,278 - INFO  - Watchdog has been checked: 0 passed
10.06.2014 10:24:50,322 - INFO  - Watchdog has been checked: 0 passed
10.06.2014 10:26:50,244 - INFO  - Watchdog has been checked: 0 passed
10.06.2014 10:28:50,009 - INFO  - Watchdog has been checked: 0 passed
10.06.2014 10:30:49,192 - INFO  - Watchdog has been checked: 0 passed
10.06.2014 10:32:49,228 - INFO  - Watchdog has been checked: 0 passed
10.06.2014 10:34:49,231 - INFO  - Watchdog has been checked: 0 passed
10.06.2014 10:36:49,319 - INFO  - Watchdog has been checked: 0 passed
10.06.2014 10:38:49,039 - INFO  - Watchdog has been checked: 0 passed
10.06.2014 10:40:48,168 - INFO  - Watchdog has been checked: 0 passed
10.06.2014 10:42:48,236 - INFO  - Watchdog has been checked: 0 passed
10.06.2014 10:44:48,033 - INFO  - Watchdog has been checked: 0 passed
10.06.2014 10:46:47,310 - INFO  - Watchdog has been checked: 0 passed
10.06.2014 10:48:47,081 - INFO  - Watchdog has been checked: 0 passed
10.06.2014 10:50:47,312 - INFO  - Watchdog has been checked: 0 passed
10.06.2014 10:52:48,067 - INFO  - Watchdog has been checked: 0 passed
10.06.2014 10:54:48,137 - INFO  - Watchdog has been checked: 0 passed
10.06.2014 10:56:48,238 - INFO  - Watchdog has been checked: 0 passed
10.06.2014 10:58:48,244 - INFO  - Watchdog has been checked: 0 passed
10.06.2014 11:00:48,170 - INFO  - Watchdog has been checked: 0 passed
10.06.2014 11:02:48,178 - INFO  - Watchdog has been checked: 0 passed
10.06.2014 11:04:48,213 - INFO  - Watchdog has been checked: 0 passed
10.06.2014 11:06:48,294 - INFO  - Watchdog has been checked: 0 passed
10.06.2014 11:08:48,310 - INFO  - Watchdog has been checked: 0 passed
10.06.2014 11:10:48,173 - INFO  - Watchdog has been checked: 0 passed
10.06.2014 11:12:48,232 - INFO  - Watchdog has been checked: 0 passed
10.06.2014 11:14:48,378 - INFO  - Watchdog has been checked: 0 passed
10.06.2014 11:16:48,335 - INFO  - Watchdog has been checked: 0 passed
10.06.2014 11:18:48,306 - INFO  - Watchdog has been checked: 0 passed
10.06.2014 11:20:48,230 - INFO  - Watchdog has been checked: 0 passed
10.06.2014 11:22:48,266 - INFO  - Watchdog has been checked: 0 passed
10.06.2014 11:24:48,231 - INFO  - Watchdog has been checked: 0 passed
10.06.2014 11:26:48,263 - INFO  - Watchdog has been checked: 0 passed
10.06.2014 11:28:48,293 - INFO  - Watchdog has been checked: 0 passed
10.06.2014 11:30:48,234 - INFO  - Watchdog has been checked: 0 passed
10.06.2014 11:32:48,259 - INFO  - Watchdog has been checked: 0 passed
10.06.2014 11:34:48,217 - INFO  - Watchdog has been checked: 0 passed
10.06.2014 11:36:48,208 - INFO  - Watchdog has been checked: 0 passed
10.06.2014 11:38:48,051 - INFO  - Watchdog has been checked: 0 passed
10.06.2014 11:40:47,180 - INFO  - Watchdog has been checked: 0 passed
10.06.2014 11:42:47,238 - INFO  - Watchdog has been checked: 0 passed
10.06.2014 11:44:47,392 - INFO  - Watchdog has been checked: 0 passed
10.06.2014 11:46:47,260 - INFO  - Watchdog has been checked: 0 passed
10.06.2014 11:48:47,034 - INFO  - Watchdog has been checked: 0 passed
10.06.2014 11:50:46,125 - INFO  - Watchdog has been checked: 0 passed
10.06.2014 11:52:46,232 - INFO  - Watchdog has been checked: 0 passed
10.06.2014 11:54:46,188 - INFO  - Watchdog has been checked: 0 passed
10.06.2014 11:56:46,191 - INFO  - Watchdog has been checked: 0 passed
10.06.2014 11:58:46,144 - INFO  - Watchdog has been checked: 0 passed
10.06.2014 12:00:45,261 - INFO  - Watchdog has been checked: 0 passed
10.06.2014 12:02:45,309 - INFO  - Watchdog has been checked: 0 passed
10.06.2014 12:04:45,304 - INFO  - Watchdog has been checked: 0 passed
10.06.2014 12:06:45,059 - INFO  - Watchdog has been checked: 0 passed
10.06.2014 12:08:45,243 - INFO  - Watchdog has been checked: 0 passed
10.06.2014 12:10:45,119 - INFO  - Watchdog has been checked: 0 passed
10.06.2014 12:12:45,186 - INFO  - Watchdog has been checked: 0 passed
10.06.2014 12:14:45,171 - INFO  - Watchdog has been checked: 0 passed
10.06.2014 12:16:45,187 - INFO  - Watchdog has been checked: 0 passed
10.06.2014 12:18:45,195 - INFO  - Watchdog has been checked: 0 passed
10.06.2014 12:20:45,202 - INFO  - Watchdog has been checked: 0 passed
10.06.2014 12:22:45,249 - INFO  - Watchdog has been checked: 0 passed
10.06.2014 12:24:45,211 - INFO  - Watchdog has been checked: 0 passed
10.06.2014 12:26:45,239 - INFO  - Watchdog has been checked: 0 passed
10.06.2014 12:28:45,283 - INFO  - Watchdog has been checked: 0 passed
10.06.2014 12:30:45,200 - INFO  - Watchdog has been checked: 0 passed
10.06.2014 12:32:45,289 - INFO  - Watchdog has been checked: 0 passed
10.06.2014 12:34:45,301 - INFO  - Watchdog has been checked: 0 passed
10.06.2014 12:36:45,301 - INFO  - Watchdog has been checked: 0 passed
10.06.2014 12:38:45,365 - INFO  - Watchdog has been checked: 0 passed
10.06.2014 12:40:45,277 - INFO  - Watchdog has been checked: 0 passed
10.06.2014 12:42:45,322 - INFO  - Watchdog has been checked: 0 passed
10.06.2014 12:44:45,353 - INFO  - Watchdog has been checked: 0 passed
10.06.2014 12:46:45,096 - INFO  - Watchdog has been checked: 0 passed
10.06.2014 12:48:45,161 - INFO  - Watchdog has been checked: 0 passed
10.06.2014 12:50:45,355 - INFO  - Watchdog has been checked: 0 passed
10.06.2014 12:52:45,156 - INFO  - Watchdog has been checked: 0 passed
10.06.2014 12:54:45,177 - INFO  - Watchdog has been checked: 0 passed
10.06.2014 12:56:45,148 - INFO  - Watchdog has been checked: 0 passed
10.06.2014 12:58:45,211 - INFO  - Watchdog has been checked: 0 passed
10.06.2014 13:00:45,120 - INFO  - Watchdog has been checked: 0 passed
10.06.2014 13:02:44,184 - INFO  - Watchdog has been checked: 0 passed
10.06.2014 13:04:44,199 - INFO  - Watchdog has been checked: 0 passed
10.06.2014 13:06:44,229 - INFO  - Watchdog has been checked: 0 passed
10.06.2014 13:08:44,243 - INFO  - Watchdog has been checked: 0 passed
10.06.2014 13:10:44,156 - INFO  - Watchdog has been checked: 0 passed
10.06.2014 13:12:44,170 - INFO  - Watchdog has been checked: 0 passed
10.06.2014 13:14:44,159 - INFO  - Watchdog has been checked: 0 passed
10.06.2014 13:16:44,182 - INFO  - Watchdog has been checked: 0 passed
10.06.2014 13:18:44,223 - INFO  - Watchdog has been checked: 0 passed
10.06.2014 13:20:44,170 - INFO  - Watchdog has been checked: 0 passed
10.06.2014 13:22:44,159 - INFO  - Watchdog has been checked: 0 passed
10.06.2014 13:23:47,062 - INFO  - searcher identified --- respT: 47ms, 83142 results, q=, 
10.06.2014 13:23:54,997 - INFO  - searcher identified --- respT: 38ms, 52 results, q=asidoc, 
10.06.2014 13:23:55,769 - INFO  - searcher identified --- respT: 16ms, 52 results, q=asidoc, 
10.06.2014 13:24:18,870 - INFO  - searcher identified --- respT: 18ms, 1758 results, q=asi, 
10.06.2014 13:24:20,366 - INFO  - searcher identified --- respT: 30ms, 410 results, q=asi u, 
10.06.2014 13:24:21,698 - INFO  - searcher identified --- respT: 60ms, 10 results, q=asi umlei, 
10.06.2014 13:24:22,108 - INFO  - searcher identified --- respT: 17ms, 2 results, q=asi umleitungen, 
10.06.2014 13:24:34,242 - INFO  - searcher identified --- respT: 53ms, 27 results, q=asi redirect, 
10.06.2014 13:24:44,131 - INFO  - Watchdog has been checked: 0 passed
10.06.2014 13:25:06,149 - INFO  - searcher identified --- respT: 37ms, 4 results, web:(PSIWeb), q=asi redirect, 
10.06.2014 13:25:38,098 - INFO  - searcher identified --- respT: 13ms, no results, web:(PSIWeb), q=asia, 
10.06.2014 13:25:38,960 - INFO  - searcher identified --- respT: 18ms, 1758 results, q=asi, 
10.06.2014 13:25:40,713 - INFO  - searcher identified --- respT: 68ms, 52 results, q=asi ald, 
10.06.2014 13:25:42,258 - INFO  - searcher identified --- respT: 28ms, 80 results, q=asi alfresco, 
10.06.2014 13:25:42,760 - INFO  - searcher identified --- respT: 27ms, 80 results, q=asi alfresco, 
10.06.2014 13:26:44,182 - INFO  - Watchdog has been checked: 0 passed
10.06.2014 13:28:44,208 - INFO  - Watchdog has been checked: 0 passed
10.06.2014 13:30:43,134 - INFO  - Watchdog has been checked: 0 passed
10.06.2014 13:32:42,118 - INFO  - Watchdog has been checked: 0 passed
10.06.2014 13:34:41,141 - INFO  - Watchdog has been checked: 0 passed
10.06.2014 13:36:41,253 - INFO  - Watchdog has been checked: 0 passed
10.06.2014 13:38:41,275 - INFO  - Watchdog has been checked: 0 passed
10.06.2014 13:40:41,196 - INFO  - Watchdog has been checked: 0 passed
10.06.2014 13:42:41,189 - INFO  - Watchdog has been checked: 0 passed
10.06.2014 13:44:41,226 - INFO  - Watchdog has been checked: 0 passed
10.06.2014 13:46:41,289 - INFO  - Watchdog has been checked: 0 passed
10.06.2014 13:48:41,310 - INFO  - Watchdog has been checked: 0 passed
10.06.2014 13:50:41,207 - INFO  - Watchdog has been checked: 0 passed
10.06.2014 13:52:41,206 - INFO  - Watchdog has been checked: 0 passed
10.06.2014 13:54:41,208 - INFO  - Watchdog has been checked: 0 passed
10.06.2014 13:56:41,241 - INFO  - Watchdog has been checked: 0 passed
10.06.2014 13:58:41,232 - INFO  - Watchdog has been checked: 0 passed
10.06.2014 14:00:41,127 - INFO  - Watchdog has been checked: 0 passed
10.06.2014 14:02:41,135 - INFO  - Watchdog has been checked: 0 passed
10.06.2014 14:04:41,174 - INFO  - Watchdog has been checked: 0 passed
10.06.2014 14:06:41,249 - INFO  - Watchdog has been checked: 0 passed
10.06.2014 14:08:41,297 - INFO  - Watchdog has been checked: 0 passed
10.06.2014 14:10:41,251 - INFO  - Watchdog has been checked: 0 passed
10.06.2014 14:12:41,224 - INFO  - Watchdog has been checked: 0 passed
10.06.2014 14:14:41,254 - INFO  - Watchdog has been checked: 0 passed
10.06.2014 14:16:41,269 - INFO  - Watchdog has been checked: 0 passed
10.06.2014 14:18:41,349 - INFO  - Watchdog has been checked: 0 passed
10.06.2014 14:20:41,214 - INFO  - Watchdog has been checked: 0 passed
10.06.2014 14:22:41,195 - INFO  - Watchdog has been checked: 0 passed
10.06.2014 14:24:41,219 - INFO  - Watchdog has been checked: 0 passed
10.06.2014 14:26:41,238 - INFO  - Watchdog has been checked: 0 passed
10.06.2014 14:28:41,307 - INFO  - Watchdog has been checked: 0 passed
10.06.2014 14:30:41,201 - INFO  - Watchdog has been checked: 0 passed
10.06.2014 14:32:41,125 - INFO  - Watchdog has been checked: 0 passed
10.06.2014 14:34:41,178 - INFO  - Watchdog has been checked: 0 passed
10.06.2014 14:36:40,125 - INFO  - Watchdog has been checked: 0 passed
10.06.2014 14:38:39,966 - INFO  - Watchdog has been checked: 0 passed
10.06.2014 14:40:39,137 - INFO  - Watchdog has been checked: 0 passed
10.06.2014 14:42:38,162 - INFO  - Watchdog has been checked: 0 passed
10.06.2014 14:44:38,181 - INFO  - Watchdog has been checked: 0 passed
10.06.2014 14:46:41,222 - INFO  - Watchdog has been checked: 0 passed
10.06.2014 14:48:41,020 - INFO  - Watchdog has been checked: 0 passed
10.06.2014 14:50:40,152 - INFO  - Watchdog has been checked: 0 passed
10.06.2014 14:52:39,215 - INFO  - Watchdog has been checked: 0 passed
10.06.2014 14:54:39,226 - INFO  - Watchdog has been checked: 0 passed
10.06.2014 14:56:39,260 - INFO  - Watchdog has been checked: 0 passed
10.06.2014 14:58:39,085 - INFO  - Watchdog has been checked: 0 passed
10.06.2014 15:00:39,258 - INFO  - Watchdog has been checked: 0 passed
10.06.2014 15:02:38,238 - INFO  - Watchdog has been checked: 0 passed
10.06.2014 15:04:38,284 - INFO  - Watchdog has been checked: 0 passed
10.06.2014 15:06:38,093 - INFO  - Watchdog has been checked: 0 passed
10.06.2014 15:08:38,140 - INFO  - Watchdog has been checked: 0 passed
10.06.2014 15:10:38,275 - INFO  - Watchdog has been checked: 0 passed
10.06.2014 15:12:38,067 - INFO  - Watchdog has been checked: 0 passed
10.06.2014 15:14:38,098 - INFO  - Watchdog has been checked: 0 passed
10.06.2014 15:16:37,335 - INFO  - Watchdog has been checked: 0 passed
10.06.2014 15:18:37,187 - INFO  - Watchdog has been checked: 0 passed
10.06.2014 15:20:15,207 - INFO  - searcher identified --- respT: 50ms, 63900 results, q=, 
10.06.2014 15:20:18,309 - INFO  - searcher identified --- respT: 36ms, 93 results, q=OM API, 
10.06.2014 15:20:19,124 - INFO  - searcher identified --- respT: 34ms, 93 results, q=OM API, 
10.06.2014 15:20:37,340 - INFO  - Watchdog has been checked: 0 passed
10.06.2014 15:22:37,320 - INFO  - Watchdog has been checked: 0 passed
10.06.2014 15:24:27,748 - INFO  - searcher identified --- respT: 52ms, 63902 results, q=, 
10.06.2014 15:24:31,248 - INFO  - searcher identified --- respT: 20ms, 1425 results, q=OM, 
10.06.2014 15:24:37,142 - INFO  - Watchdog has been checked: 0 passed
10.06.2014 15:26:41,067 - INFO  - Watchdog has been checked: 0 passed
10.06.2014 15:28:41,246 - INFO  - Watchdog has been checked: 0 passed
10.06.2014 15:30:41,243 - INFO  - Watchdog has been checked: 0 passed
10.06.2014 15:32:41,153 - INFO  - Watchdog has been checked: 0 passed
10.06.2014 15:34:41,245 - INFO  - Watchdog has been checked: 0 passed
10.06.2014 15:36:41,257 - INFO  - Watchdog has been checked: 0 passed
10.06.2014 15:38:41,333 - INFO  - Watchdog has been checked: 0 passed
10.06.2014 15:40:41,255 - INFO  - Watchdog has been checked: 0 passed
10.06.2014 15:42:41,308 - INFO  - Watchdog has been checked: 0 passed
10.06.2014 15:44:41,362 - INFO  - Watchdog has been checked: 0 passed
10.06.2014 15:46:41,468 - INFO  - Watchdog has been checked: 0 passed
10.06.2014 15:48:41,194 - INFO  - Watchdog has been checked: 0 passed
10.06.2014 15:50:41,381 - INFO  - Watchdog has been checked: 0 passed
10.06.2014 15:52:41,374 - INFO  - Watchdog has been checked: 0 passed
10.06.2014 15:54:41,427 - INFO  - Watchdog has been checked: 0 passed
10.06.2014 15:56:41,510 - INFO  - Watchdog has been checked: 0 passed
10.06.2014 15:58:41,202 - INFO  - Watchdog has been checked: 0 passed
10.06.2014 16:00:41,379 - INFO  - Watchdog has been checked: 0 passed
10.06.2014 16:02:41,328 - INFO  - Watchdog has been checked: 0 passed
10.06.2014 16:04:41,143 - INFO  - Watchdog has been checked: 0 passed
10.06.2014 16:06:41,231 - INFO  - Watchdog has been checked: 0 passed
10.06.2014 16:08:41,215 - INFO  - Watchdog has been checked: 0 passed
10.06.2014 16:10:41,172 - INFO  - Watchdog has been checked: 0 passed
10.06.2014 16:12:41,152 - INFO  - Watchdog has been checked: 0 passed
10.06.2014 16:14:40,190 - INFO  - Watchdog has been checked: 0 passed
10.06.2014 16:16:40,228 - INFO  - Watchdog has been checked: 0 passed
10.06.2014 16:18:40,049 - INFO  - Watchdog has been checked: 0 passed
10.06.2014 16:20:39,164 - INFO  - Watchdog has been checked: 0 passed
10.06.2014 16:22:39,194 - INFO  - Watchdog has been checked: 0 passed
10.06.2014 16:24:38,163 - INFO  - Watchdog has been checked: 0 passed
10.06.2014 16:26:38,004 - INFO  - Watchdog has been checked: 0 passed
10.06.2014 16:28:40,141 - INFO  - Watchdog has been checked: 0 passed
10.06.2014 16:30:39,002 - INFO  - Watchdog has been checked: 0 passed
10.06.2014 16:32:38,239 - INFO  - Watchdog has been checked: 0 passed
10.06.2014 16:34:38,019 - INFO  - Watchdog has been checked: 0 passed
10.06.2014 16:36:37,062 - INFO  - Watchdog has been checked: 0 passed
10.06.2014 16:38:36,062 - INFO  - Watchdog has been checked: 0 passed
10.06.2014 16:40:35,235 - INFO  - Watchdog has been checked: 0 passed
10.06.2014 16:42:35,287 - INFO  - Watchdog has been checked: 0 passed
10.06.2014 16:44:35,343 - INFO  - Watchdog has been checked: 0 passed
10.06.2014 16:46:35,160 - INFO  - Watchdog has been checked: 0 passed
10.06.2014 16:48:35,258 - INFO  - Watchdog has been checked: 0 passed
10.06.2014 16:50:35,122 - INFO  - Watchdog has been checked: 0 passed
10.06.2014 16:52:35,151 - INFO  - Watchdog has been checked: 0 passed
10.06.2014 16:54:35,171 - INFO  - Watchdog has been checked: 0 passed
10.06.2014 16:56:35,208 - INFO  - Watchdog has been checked: 0 passed
10.06.2014 16:58:35,276 - INFO  - Watchdog has been checked: 0 passed
10.06.2014 17:00:35,223 - INFO  - Watchdog has been checked: 0 passed
10.06.2014 17:02:35,270 - INFO  - Watchdog has been checked: 0 passed
10.06.2014 17:04:35,326 - INFO  - Watchdog has been checked: 0 passed
10.06.2014 17:06:35,343 - INFO  - Watchdog has been checked: 0 passed
10.06.2014 17:08:35,103 - INFO  - Watchdog has been checked: 0 passed
10.06.2014 17:10:35,281 - INFO  - Watchdog has been checked: 0 passed
10.06.2014 17:12:35,277 - INFO  - Watchdog has been checked: 0 passed
10.06.2014 17:14:35,354 - INFO  - Watchdog has been checked: 0 passed
10.06.2014 17:16:35,357 - INFO  - Watchdog has been checked: 0 passed
10.06.2014 17:18:35,391 - INFO  - Watchdog has been checked: 0 passed
10.06.2014 17:20:35,327 - INFO  - Watchdog has been checked: 0 passed
10.06.2014 17:22:35,320 - INFO  - Watchdog has been checked: 0 passed
10.06.2014 17:24:35,387 - INFO  - Watchdog has been checked: 0 passed
10.06.2014 17:26:35,402 - INFO  - Watchdog has been checked: 0 passed
10.06.2014 17:28:35,190 - INFO  - Watchdog has been checked: 0 passed
10.06.2014 17:30:35,388 - INFO  - Watchdog has been checked: 0 passed
10.06.2014 17:32:35,099 - INFO  - Watchdog has been checked: 0 passed
10.06.2014 17:34:34,161 - INFO  - Watchdog has been checked: 0 passed
10.06.2014 17:36:34,153 - INFO  - Watchdog has been checked: 0 passed
10.06.2014 17:38:34,065 - INFO  - Watchdog has been checked: 0 passed
10.06.2014 17:40:34,177 - INFO  - Watchdog has been checked: 0 passed
10.06.2014 17:42:34,172 - INFO  - Watchdog has been checked: 0 passed
10.06.2014 17:44:34,003 - INFO  - Watchdog has been checked: 0 passed
10.06.2014 17:46:33,049 - INFO  - Watchdog has been checked: 0 passed
10.06.2014 17:48:32,078 - INFO  - Watchdog has been checked: 0 passed
10.06.2014 17:50:31,049 - INFO  - Watchdog has been checked: 0 passed
10.06.2014 17:50:54,983 - INFO  - searcher identified --- respT: 32ms, 268 results, q=interfle, 
10.06.2014 17:50:56,004 - INFO  - searcher identified --- respT: 17ms, 276 results, q=interflex, 
10.06.2014 17:50:56,883 - INFO  - searcher identified --- respT: 17ms, 276 results, q=interflex a, 
10.06.2014 17:50:58,221 - INFO  - searcher identified --- respT: 27ms, 33 results, q=interflex alfresco, 
10.06.2014 17:52:30,280 - INFO  - Watchdog has been checked: 0 passed
10.06.2014 17:54:30,063 - INFO  - Watchdog has been checked: 0 passed
10.06.2014 17:56:30,595 - INFO  - Watchdog has been checked: 0 passed
10.06.2014 17:58:30,125 - INFO  - Watchdog has been checked: 0 passed
10.06.2014 18:00:30,056 - INFO  - Watchdog has been checked: 0 passed
10.06.2014 18:02:11,249 - INFO  - searcher identified --- respT: 25ms, 17 results, q=interflex ecm, 
10.06.2014 18:02:11,692 - INFO  - searcher identified --- respT: 25ms, 17 results, q=interflex ecm, 
10.06.2014 18:02:23,358 - INFO  - searcher identified --- respT: 21ms, 5 results, author:AndreLichtsteiner, q=interflex ecm, 
10.06.2014 18:02:29,044 - INFO  - Watchdog has been checked: 0 passed
10.06.2014 18:04:28,102 - INFO  - Watchdog has been checked: 0 passed
10.06.2014 18:06:27,079 - INFO  - Watchdog has been checked: 0 passed
10.06.2014 18:08:26,079 - INFO  - Watchdog has been checked: 0 passed
10.06.2014 18:10:25,022 - INFO  - Watchdog has been checked: 0 passed
10.06.2014 18:12:24,053 - INFO  - Watchdog has been checked: 0 passed
10.06.2014 18:14:23,088 - INFO  - Watchdog has been checked: 0 passed
10.06.2014 18:16:22,101 - INFO  - Watchdog has been checked: 0 passed
10.06.2014 18:18:22,194 - INFO  - Watchdog has been checked: 0 passed
10.06.2014 18:20:22,130 - INFO  - Watchdog has been checked: 0 passed
10.06.2014 18:22:22,126 - INFO  - Watchdog has been checked: 0 passed
10.06.2014 18:24:22,121 - INFO  - Watchdog has been checked: 0 passed
10.06.2014 18:26:22,170 - INFO  - Watchdog has been checked: 0 passed
10.06.2014 18:28:22,244 - INFO  - Watchdog has been checked: 0 passed
10.06.2014 18:30:22,164 - INFO  - Watchdog has been checked: 0 passed
10.06.2014 18:32:22,068 - INFO  - Watchdog has been checked: 0 passed
10.06.2014 18:34:22,174 - INFO  - Watchdog has been checked: 0 passed
10.06.2014 18:36:22,275 - INFO  - Watchdog has been checked: 0 passed
10.06.2014 18:38:22,247 - INFO  - Watchdog has been checked: 0 passed
10.06.2014 18:40:22,330 - INFO  - Watchdog has been checked: 0 passed
10.06.2014 18:42:22,264 - INFO  - Watchdog has been checked: 0 passed
10.06.2014 18:44:22,160 - INFO  - Watchdog has been checked: 0 passed
10.06.2014 18:46:22,358 - INFO  - Watchdog has been checked: 0 passed
10.06.2014 18:48:22,395 - INFO  - Watchdog has been checked: 0 passed
10.06.2014 18:50:22,312 - INFO  - Watchdog has been checked: 0 passed
10.06.2014 18:52:22,278 - INFO  - Watchdog has been checked: 0 passed
10.06.2014 18:54:22,301 - INFO  - Watchdog has been checked: 0 passed
10.06.2014 18:56:22,118 - INFO  - Watchdog has been checked: 0 passed
10.06.2014 18:58:22,136 - INFO  - Watchdog has been checked: 0 passed
10.06.2014 19:00:22,308 - INFO  - Watchdog has been checked: 0 passed
10.06.2014 19:02:22,324 - INFO  - Watchdog has been checked: 0 passed
10.06.2014 19:04:22,141 - INFO  - Watchdog has been checked: 0 passed
10.06.2014 19:06:22,136 - INFO  - Watchdog has been checked: 0 passed
10.06.2014 19:08:22,170 - INFO  - Watchdog has been checked: 0 passed
10.06.2014 19:10:22,113 - INFO  - Watchdog has been checked: 0 passed
10.06.2014 19:12:22,108 - INFO  - Watchdog has been checked: 0 passed
10.06.2014 19:14:21,135 - INFO  - Watchdog has been checked: 0 passed
10.06.2014 19:16:20,166 - INFO  - Watchdog has been checked: 0 passed
10.06.2014 19:18:20,170 - INFO  - Watchdog has been checked: 0 passed
10.06.2014 19:20:20,063 - INFO  - Watchdog has been checked: 0 passed
10.06.2014 19:22:20,058 - INFO  - Watchdog has been checked: 0 passed
10.06.2014 19:24:21,081 - INFO  - Watchdog has been checked: 0 passed
10.06.2014 19:26:20,118 - INFO  - Watchdog has been checked: 0 passed
10.06.2014 19:28:20,131 - INFO  - Watchdog has been checked: 0 passed
10.06.2014 19:30:20,276 - INFO  - Watchdog has been checked: 0 passed
10.06.2014 19:32:20,048 - INFO  - Watchdog has been checked: 0 passed
10.06.2014 19:34:20,077 - INFO  - Watchdog has been checked: 0 passed
10.06.2014 19:36:20,063 - INFO  - Watchdog has been checked: 0 passed
10.06.2014 19:38:20,130 - INFO  - Watchdog has been checked: 0 passed
10.06.2014 19:40:20,275 - INFO  - Watchdog has been checked: 0 passed
10.06.2014 19:42:20,283 - INFO  - Watchdog has been checked: 0 passed
10.06.2014 19:44:20,291 - INFO  - Watchdog has been checked: 0 passed
10.06.2014 19:46:21,286 - INFO  - Watchdog has been checked: 0 passed
10.06.2014 19:48:21,146 - INFO  - Watchdog has been checked: 0 passed
10.06.2014 19:50:21,299 - INFO  - Watchdog has been checked: 0 passed
10.06.2014 19:52:21,295 - INFO  - Watchdog has been checked: 0 passed
10.06.2014 19:54:21,299 - INFO  - Watchdog has been checked: 0 passed
10.06.2014 19:56:22,736 - INFO  - Watchdog has been checked: 0 passed
10.06.2014 19:58:22,234 - INFO  - Watchdog has been checked: 0 passed
10.06.2014 20:00:22,172 - INFO  - Watchdog has been checked: 0 passed
10.06.2014 20:02:22,191 - INFO  - Watchdog has been checked: 0 passed
10.06.2014 20:04:22,204 - INFO  - Watchdog has been checked: 0 passed
10.06.2014 20:06:22,226 - INFO  - Watchdog has been checked: 0 passed
10.06.2014 20:08:22,302 - INFO  - Watchdog has been checked: 0 passed
10.06.2014 20:10:22,224 - INFO  - Watchdog has been checked: 0 passed
10.06.2014 20:12:22,218 - INFO  - Watchdog has been checked: 0 passed
10.06.2014 20:14:22,197 - INFO  - Watchdog has been checked: 0 passed
10.06.2014 20:16:22,276 - INFO  - Watchdog has been checked: 0 passed
10.06.2014 20:18:22,233 - INFO  - Watchdog has been checked: 0 passed
10.06.2014 20:20:22,232 - INFO  - Watchdog has been checked: 0 passed
10.06.2014 20:22:22,227 - INFO  - Watchdog has been checked: 0 passed
10.06.2014 20:24:22,255 - INFO  - Watchdog has been checked: 0 passed
10.06.2014 20:26:22,312 - INFO  - Watchdog has been checked: 0 passed
10.06.2014 20:28:22,345 - INFO  - Watchdog has been checked: 0 passed
10.06.2014 20:30:22,235 - INFO  - Watchdog has been checked: 0 passed
10.06.2014 20:32:22,217 - INFO  - Watchdog has been checked: 0 passed
10.06.2014 20:34:22,237 - INFO  - Watchdog has been checked: 0 passed
10.06.2014 20:36:22,237 - INFO  - Watchdog has been checked: 0 passed
10.06.2014 20:38:22,067 - INFO  - Watchdog has been checked: 0 passed
10.06.2014 20:40:21,208 - INFO  - Watchdog has been checked: 0 passed
10.06.2014 20:42:21,203 - INFO  - Watchdog has been checked: 0 passed
10.06.2014 20:44:21,209 - INFO  - Watchdog has been checked: 0 passed
10.06.2014 20:46:20,998 - INFO  - Watchdog has been checked: 0 passed
10.06.2014 20:48:21,049 - INFO  - Watchdog has been checked: 0 passed
10.06.2014 20:50:20,228 - INFO  - Watchdog has been checked: 0 passed
10.06.2014 20:52:20,193 - INFO  - Watchdog has been checked: 0 passed
10.06.2014 20:54:20,027 - INFO  - Watchdog has been checked: 0 passed
10.06.2014 20:56:20,040 - INFO  - Watchdog has been checked: 0 passed
10.06.2014 20:58:20,066 - INFO  - Watchdog has been checked: 0 passed
10.06.2014 21:00:20,243 - INFO  - Watchdog has been checked: 0 passed
10.06.2014 21:02:20,224 - INFO  - Watchdog has been checked: 0 passed
10.06.2014 21:04:20,289 - INFO  - Watchdog has been checked: 0 passed
10.06.2014 21:06:20,073 - INFO  - Watchdog has been checked: 0 passed
10.06.2014 21:08:19,138 - INFO  - Watchdog has been checked: 0 passed
10.06.2014 21:10:19,269 - INFO  - Watchdog has been checked: 0 passed
10.06.2014 21:12:19,257 - INFO  - Watchdog has been checked: 0 passed
10.06.2014 21:14:19,290 - INFO  - Watchdog has been checked: 0 passed
10.06.2014 21:16:19,307 - INFO  - Watchdog has been checked: 0 passed
10.06.2014 21:18:19,397 - INFO  - Watchdog has been checked: 0 passed
10.06.2014 21:20:19,293 - INFO  - Watchdog has been checked: 0 passed
10.06.2014 21:22:19,211 - INFO  - Watchdog has been checked: 0 passed
10.06.2014 21:24:19,261 - INFO  - Watchdog has been checked: 0 passed
10.06.2014 21:26:19,375 - INFO  - Watchdog has been checked: 0 passed
10.06.2014 21:28:20,313 - INFO  - Watchdog has been checked: 0 passed
10.06.2014 21:30:20,309 - INFO  - Watchdog has been checked: 0 passed
10.06.2014 21:32:20,271 - INFO  - Watchdog has been checked: 0 passed
10.06.2014 21:34:20,300 - INFO  - Watchdog has been checked: 0 passed
10.06.2014 21:36:20,377 - INFO  - Watchdog has been checked: 0 passed
10.06.2014 21:38:20,346 - INFO  - Watchdog has been checked: 0 passed
10.06.2014 21:40:20,237 - INFO  - Watchdog has been checked: 0 passed
10.06.2014 21:42:20,253 - INFO  - Watchdog has been checked: 0 passed
10.06.2014 21:44:20,360 - INFO  - Watchdog has been checked: 0 passed
10.06.2014 21:46:20,455 - INFO  - Watchdog has been checked: 0 passed
10.06.2014 21:48:20,279 - INFO  - Watchdog has been checked: 0 passed
10.06.2014 21:50:20,452 - INFO  - Watchdog has been checked: 0 passed
10.06.2014 21:52:20,358 - INFO  - Watchdog has been checked: 0 passed
10.06.2014 21:54:20,378 - INFO  - Watchdog has been checked: 0 passed
10.06.2014 21:56:20,495 - INFO  - Watchdog has been checked: 0 passed
10.06.2014 21:58:20,488 - INFO  - Watchdog has been checked: 0 passed
10.06.2014 22:00:20,385 - INFO  - Watchdog has been checked: 0 passed
10.06.2014 22:02:20,432 - INFO  - Watchdog has been checked: 0 passed
10.06.2014 22:04:20,394 - INFO  - Watchdog has been checked: 0 passed
10.06.2014 22:06:20,458 - INFO  - Watchdog has been checked: 0 passed
10.06.2014 22:08:20,227 - INFO  - Watchdog has been checked: 0 passed
10.06.2014 22:10:20,341 - INFO  - Watchdog has been checked: 0 passed
10.06.2014 22:12:20,125 - INFO  - Watchdog has been checked: 0 passed
10.06.2014 22:14:20,092 - INFO  - Watchdog has been checked: 0 passed
10.06.2014 22:16:20,183 - INFO  - Watchdog has been checked: 0 passed
10.06.2014 22:18:20,180 - INFO  - Watchdog has been checked: 0 passed
10.06.2014 22:20:20,130 - INFO  - Watchdog has been checked: 0 passed
10.06.2014 22:22:20,132 - INFO  - Watchdog has been checked: 0 passed
10.06.2014 22:24:20,216 - INFO  - Watchdog has been checked: 0 passed
10.06.2014 22:26:20,209 - INFO  - Watchdog has been checked: 0 passed
10.06.2014 22:28:20,244 - INFO  - Watchdog has been checked: 0 passed
10.06.2014 22:30:20,240 - INFO  - Watchdog has been checked: 0 passed
10.06.2014 22:32:20,246 - INFO  - Watchdog has been checked: 0 passed
10.06.2014 22:34:20,210 - INFO  - Watchdog has been checked: 0 passed
10.06.2014 22:36:20,268 - INFO  - Watchdog has been checked: 0 passed
10.06.2014 22:38:20,267 - INFO  - Watchdog has been checked: 0 passed
10.06.2014 22:40:20,187 - INFO  - Watchdog has been checked: 0 passed
10.06.2014 22:42:20,204 - INFO  - Watchdog has been checked: 0 passed
10.06.2014 22:44:20,216 - INFO  - Watchdog has been checked: 0 passed
10.06.2014 22:46:20,316 - INFO  - Watchdog has been checked: 0 passed
10.06.2014 22:48:20,367 - INFO  - Watchdog has been checked: 0 passed
10.06.2014 22:50:20,244 - INFO  - Watchdog has been checked: 0 passed
10.06.2014 22:52:21,020 - INFO  - Watchdog has been checked: 0 passed
10.06.2014 22:54:20,266 - INFO  - Watchdog has been checked: 0 passed
10.06.2014 22:56:20,277 - INFO  - Watchdog has been checked: 0 passed
10.06.2014 22:58:20,342 - INFO  - Watchdog has been checked: 0 passed
10.06.2014 23:00:20,194 - INFO  - Watchdog has been checked: 0 passed
10.06.2014 23:02:20,159 - INFO  - Watchdog has been checked: 0 passed
10.06.2014 23:04:20,236 - INFO  - Watchdog has been checked: 0 passed
10.06.2014 23:06:20,266 - INFO  - Watchdog has been checked: 0 passed
10.06.2014 23:08:20,308 - INFO  - Watchdog has been checked: 0 passed
10.06.2014 23:10:20,204 - INFO  - Watchdog has been checked: 0 passed
10.06.2014 23:12:20,242 - INFO  - Watchdog has been checked: 0 passed
10.06.2014 23:14:20,292 - INFO  - Watchdog has been checked: 0 passed
10.06.2014 23:16:20,343 - INFO  - Watchdog has been checked: 0 passed
10.06.2014 23:18:20,288 - INFO  - Watchdog has been checked: 0 passed
10.06.2014 23:20:20,321 - INFO  - Watchdog has been checked: 0 passed
10.06.2014 23:22:20,919 - INFO  - Watchdog has been checked: 0 passed
10.06.2014 23:24:20,120 - INFO  - Watchdog has been checked: 0 passed
10.06.2014 23:26:19,142 - INFO  - Watchdog has been checked: 0 passed
10.06.2014 23:28:18,184 - INFO  - Watchdog has been checked: 0 passed
10.06.2014 23:30:17,342 - INFO  - Watchdog has been checked: 0 passed
10.06.2014 23:31:17,189 - INFO  - Watchdog has been checked: 0 passed
10.06.2014 23:32:16,186 - INFO  - Watchdog has been checked: 0 passed
10.06.2014 23:34:16,300 - INFO  - Watchdog has been checked: 0 passed
10.06.2014 23:36:16,002 - INFO  - Watchdog has been checked: 0 passed
10.06.2014 23:38:16,095 - INFO  - Watchdog has been checked: 0 passed
10.06.2014 23:40:15,241 - INFO  - Watchdog has been checked: 0 passed
10.06.2014 23:42:15,131 - INFO  - Watchdog has been checked: 0 passed
10.06.2014 23:44:15,339 - INFO  - Watchdog has been checked: 0 passed
10.06.2014 23:46:15,155 - INFO  - Watchdog has been checked: 0 passed
10.06.2014 23:48:15,160 - INFO  - Watchdog has been checked: 0 passed
10.06.2014 23:50:15,096 - INFO  - Watchdog has been checked: 0 passed
10.06.2014 23:52:15,075 - INFO  - Watchdog has been checked: 0 passed
10.06.2014 23:54:15,101 - INFO  - Watchdog has been checked: 0 passed
10.06.2014 23:56:15,211 - INFO  - Watchdog has been checked: 0 passed
10.06.2014 23:58:15,265 - INFO  - Watchdog has been checked: 0 passed
