09.09.2014 00:01:25,037 - INFO  - Watchdog has been checked: 0 passed
09.09.2014 00:03:24,845 - INFO  - Watchdog has been checked: 0 passed
09.09.2014 00:05:23,872 - INFO  - Watchdog has been checked: 0 passed
09.09.2014 00:07:23,055 - INFO  - Watchdog has been checked: 0 passed
09.09.2014 00:09:22,927 - INFO  - Watchdog has been checked: 0 passed
09.09.2014 00:11:21,925 - INFO  - Watchdog has been checked: 0 passed
09.09.2014 00:13:21,039 - INFO  - Watchdog has been checked: 0 passed
09.09.2014 00:15:20,984 - INFO  - Watchdog has been checked: 0 passed
09.09.2014 00:17:20,175 - INFO  - Watchdog has been checked: 0 passed
09.09.2014 00:19:20,043 - INFO  - Watchdog has been checked: 0 passed
09.09.2014 00:21:19,030 - INFO  - Watchdog has been checked: 0 passed
09.09.2014 00:23:18,144 - INFO  - Watchdog has been checked: 0 passed
09.09.2014 00:25:17,013 - INFO  - Watchdog has been checked: 0 passed
09.09.2014 00:27:16,084 - INFO  - Watchdog has been checked: 0 passed
09.09.2014 00:29:15,028 - INFO  - Watchdog has been checked: 0 passed
09.09.2014 00:31:14,308 - INFO  - Watchdog has been checked: 0 passed
09.09.2014 00:33:14,213 - INFO  - Watchdog has been checked: 0 passed
09.09.2014 00:35:13,303 - INFO  - Watchdog has been checked: 0 passed
09.09.2014 00:37:13,305 - INFO  - Watchdog has been checked: 0 passed
09.09.2014 00:39:13,372 - INFO  - Watchdog has been checked: 0 passed
09.09.2014 00:41:05,182 - INFO  - searcher identified --- respT: 38ms, 82755 results, q=, 
09.09.2014 00:41:13,325 - INFO  - Watchdog has been checked: 0 passed
09.09.2014 00:41:37,897 - INFO  - searcher identified --- respT: 20ms, 10738 results, q=Sol, 
09.09.2014 00:41:38,227 - INFO  - searcher identified --- respT: 9ms, 230 results, q=Solr, 
09.09.2014 00:41:52,992 - INFO  - searcher identified --- respT: 9ms, 230 results, q=Solr, 
09.09.2014 00:42:35,258 - INFO  - searcher identified --- respT: 11ms, 5508 results, web:(PSIWeb), q=, 
09.09.2014 00:43:13,223 - INFO  - Watchdog has been checked: 0 passed
09.09.2014 00:45:13,237 - INFO  - Watchdog has been checked: 0 passed
09.09.2014 00:47:13,307 - INFO  - Watchdog has been checked: 0 passed
09.09.2014 00:49:13,359 - INFO  - Watchdog has been checked: 0 passed
09.09.2014 00:51:13,367 - INFO  - Watchdog has been checked: 0 passed
09.09.2014 00:53:13,269 - INFO  - Watchdog has been checked: 0 passed
09.09.2014 00:55:13,318 - INFO  - Watchdog has been checked: 0 passed
09.09.2014 00:57:13,319 - INFO  - Watchdog has been checked: 0 passed
09.09.2014 00:59:13,425 - INFO  - Watchdog has been checked: 0 passed
09.09.2014 01:01:13,362 - INFO  - Watchdog has been checked: 0 passed
09.09.2014 01:03:13,234 - INFO  - Watchdog has been checked: 0 passed
09.09.2014 01:05:13,300 - INFO  - Watchdog has been checked: 0 passed
09.09.2014 01:07:13,338 - INFO  - Watchdog has been checked: 0 passed
09.09.2014 01:09:13,199 - INFO  - Watchdog has been checked: 0 passed
09.09.2014 01:11:13,168 - INFO  - Watchdog has been checked: 0 passed
09.09.2014 01:13:13,303 - INFO  - Watchdog has been checked: 0 passed
09.09.2014 01:15:13,399 - INFO  - Watchdog has been checked: 0 passed
09.09.2014 01:17:13,384 - INFO  - Watchdog has been checked: 0 passed
09.09.2014 01:19:13,204 - INFO  - Watchdog has been checked: 0 passed
09.09.2014 01:21:13,116 - INFO  - Watchdog has been checked: 0 passed
09.09.2014 01:23:13,230 - INFO  - Watchdog has been checked: 0 passed
09.09.2014 01:25:13,136 - INFO  - Watchdog has been checked: 0 passed
09.09.2014 01:27:13,132 - INFO  - Watchdog has been checked: 0 passed
09.09.2014 01:29:13,210 - INFO  - Watchdog has been checked: 0 passed
09.09.2014 01:31:13,163 - INFO  - Watchdog has been checked: 0 passed
09.09.2014 01:33:13,200 - INFO  - Watchdog has been checked: 0 passed
09.09.2014 01:35:13,145 - INFO  - Watchdog has been checked: 0 passed
09.09.2014 01:37:12,034 - INFO  - Watchdog has been checked: 0 passed
09.09.2014 01:39:11,151 - INFO  - Watchdog has been checked: 0 passed
09.09.2014 01:41:11,078 - INFO  - Watchdog has been checked: 0 passed
09.09.2014 01:43:09,970 - INFO  - Watchdog has been checked: 0 passed
09.09.2014 01:45:09,057 - INFO  - Watchdog has been checked: 0 passed
09.09.2014 01:47:08,182 - INFO  - Watchdog has been checked: 0 passed
09.09.2014 01:49:07,186 - INFO  - Watchdog has been checked: 0 passed
09.09.2014 01:51:07,228 - INFO  - Watchdog has been checked: 0 passed
09.09.2014 01:53:07,013 - INFO  - Watchdog has been checked: 0 passed
09.09.2014 01:55:06,152 - INFO  - Watchdog has been checked: 0 passed
09.09.2014 01:57:05,101 - INFO  - Watchdog has been checked: 0 passed
09.09.2014 01:59:04,201 - INFO  - Watchdog has been checked: 0 passed
09.09.2014 02:01:04,188 - INFO  - Watchdog has been checked: 0 passed
09.09.2014 02:03:03,341 - INFO  - Watchdog has been checked: 0 passed
09.09.2014 02:05:03,195 - INFO  - Watchdog has been checked: 0 passed
09.09.2014 02:07:02,204 - INFO  - Watchdog has been checked: 0 passed
09.09.2014 02:09:02,224 - INFO  - Watchdog has been checked: 0 passed
09.09.2014 02:11:02,285 - INFO  - Watchdog has been checked: 0 passed
09.09.2014 02:13:02,299 - INFO  - Watchdog has been checked: 0 passed
09.09.2014 02:15:02,165 - INFO  - Watchdog has been checked: 0 passed
09.09.2014 02:17:02,403 - INFO  - Watchdog has been checked: 0 passed
09.09.2014 02:19:02,215 - INFO  - Watchdog has been checked: 0 passed
09.09.2014 02:21:02,191 - INFO  - Watchdog has been checked: 0 passed
09.09.2014 02:23:02,385 - INFO  - Watchdog has been checked: 0 passed
09.09.2014 02:25:02,388 - INFO  - Watchdog has been checked: 0 passed
09.09.2014 02:27:02,292 - INFO  - Watchdog has been checked: 0 passed
09.09.2014 02:29:02,278 - INFO  - Watchdog has been checked: 0 passed
09.09.2014 02:31:02,314 - INFO  - Watchdog has been checked: 0 passed
09.09.2014 02:33:02,347 - INFO  - Watchdog has been checked: 0 passed
09.09.2014 02:35:02,175 - INFO  - Watchdog has been checked: 0 passed
09.09.2014 02:37:02,215 - INFO  - Watchdog has been checked: 0 passed
09.09.2014 02:39:02,007 - INFO  - Watchdog has been checked: 0 passed
09.09.2014 02:41:00,964 - INFO  - Watchdog has been checked: 0 passed
09.09.2014 02:42:59,989 - INFO  - Watchdog has been checked: 0 passed
09.09.2014 02:44:59,060 - INFO  - Watchdog has been checked: 0 passed
09.09.2014 02:46:58,893 - INFO  - Watchdog has been checked: 0 passed
09.09.2014 02:48:57,937 - INFO  - Watchdog has been checked: 0 passed
09.09.2014 02:50:58,051 - INFO  - Watchdog has been checked: 0 passed
09.09.2014 02:52:56,970 - INFO  - Watchdog has been checked: 0 passed
09.09.2014 02:54:56,083 - INFO  - Watchdog has been checked: 0 passed
09.09.2014 02:56:55,064 - INFO  - Watchdog has been checked: 0 passed
09.09.2014 02:58:54,116 - INFO  - Watchdog has been checked: 0 passed
09.09.2014 03:00:54,077 - INFO  - Watchdog has been checked: 0 passed
09.09.2014 03:02:53,170 - INFO  - Watchdog has been checked: 0 passed
09.09.2014 03:04:53,054 - INFO  - Watchdog has been checked: 0 passed
09.09.2014 03:06:52,125 - INFO  - Watchdog has been checked: 0 passed
09.09.2014 03:08:52,197 - INFO  - Watchdog has been checked: 0 passed
09.09.2014 03:10:52,262 - INFO  - Watchdog has been checked: 0 passed
09.09.2014 03:12:52,297 - INFO  - Watchdog has been checked: 0 passed
09.09.2014 03:14:52,153 - INFO  - Watchdog has been checked: 0 passed
09.09.2014 03:16:52,135 - INFO  - Watchdog has been checked: 0 passed
09.09.2014 03:18:52,221 - INFO  - Watchdog has been checked: 0 passed
09.09.2014 03:20:52,239 - INFO  - Watchdog has been checked: 0 passed
09.09.2014 03:22:52,139 - INFO  - Watchdog has been checked: 0 passed
09.09.2014 03:24:52,260 - INFO  - Watchdog has been checked: 0 passed
09.09.2014 03:26:52,294 - INFO  - Watchdog has been checked: 0 passed
09.09.2014 03:28:52,092 - INFO  - Watchdog has been checked: 0 passed
09.09.2014 03:30:51,098 - INFO  - Watchdog has been checked: 0 passed
09.09.2014 03:32:50,156 - INFO  - Watchdog has been checked: 0 passed
09.09.2014 03:34:50,286 - INFO  - Watchdog has been checked: 0 passed
09.09.2014 03:36:50,308 - INFO  - Watchdog has been checked: 0 passed
09.09.2014 03:38:50,169 - INFO  - Watchdog has been checked: 0 passed
09.09.2014 03:40:50,068 - INFO  - Watchdog has been checked: 0 passed
09.09.2014 03:42:50,135 - INFO  - Watchdog has been checked: 0 passed
09.09.2014 03:44:50,233 - INFO  - Watchdog has been checked: 0 passed
09.09.2014 03:46:50,076 - INFO  - Watchdog has been checked: 0 passed
09.09.2014 03:48:50,194 - INFO  - Watchdog has been checked: 0 passed
09.09.2014 03:50:50,235 - INFO  - Watchdog has been checked: 0 passed
09.09.2014 03:52:50,377 - INFO  - Watchdog has been checked: 0 passed
09.09.2014 03:54:50,163 - INFO  - Watchdog has been checked: 0 passed
09.09.2014 03:56:50,149 - INFO  - Watchdog has been checked: 0 passed
09.09.2014 03:58:50,245 - INFO  - Watchdog has been checked: 0 passed
09.09.2014 04:00:50,262 - INFO  - Watchdog has been checked: 0 passed
09.09.2014 04:02:50,301 - INFO  - Watchdog has been checked: 0 passed
09.09.2014 04:04:50,116 - INFO  - Watchdog has been checked: 0 passed
09.09.2014 04:06:50,245 - INFO  - Watchdog has been checked: 0 passed
09.09.2014 04:08:50,309 - INFO  - Watchdog has been checked: 0 passed
09.09.2014 04:10:52,323 - INFO  - Watchdog has been checked: 0 passed
09.09.2014 04:12:52,106 - INFO  - Watchdog has been checked: 0 passed
09.09.2014 04:14:52,052 - INFO  - Watchdog has been checked: 0 passed
09.09.2014 04:16:52,106 - INFO  - Watchdog has been checked: 0 passed
09.09.2014 04:18:52,184 - INFO  - Watchdog has been checked: 0 passed
09.09.2014 04:20:52,188 - INFO  - Watchdog has been checked: 0 passed
09.09.2014 04:22:52,062 - INFO  - Watchdog has been checked: 0 passed
09.09.2014 04:24:52,470 - INFO  - Watchdog has been checked: 0 passed
09.09.2014 04:26:52,303 - INFO  - Watchdog has been checked: 0 passed
09.09.2014 04:28:52,296 - INFO  - Watchdog has been checked: 0 passed
09.09.2014 04:30:52,097 - INFO  - Watchdog has been checked: 0 passed
09.09.2014 04:32:52,095 - INFO  - Watchdog has been checked: 0 passed
09.09.2014 04:34:52,032 - INFO  - Watchdog has been checked: 0 passed
09.09.2014 04:36:52,190 - INFO  - Watchdog has been checked: 0 passed
09.09.2014 04:38:52,217 - INFO  - Watchdog has been checked: 0 passed
09.09.2014 04:40:52,276 - INFO  - Watchdog has been checked: 0 passed
09.09.2014 04:42:52,344 - INFO  - Watchdog has been checked: 0 passed
09.09.2014 04:44:52,197 - INFO  - Watchdog has been checked: 0 passed
09.09.2014 04:46:52,288 - INFO  - Watchdog has been checked: 0 passed
09.09.2014 04:48:52,340 - INFO  - Watchdog has been checked: 0 passed
09.09.2014 04:50:52,352 - INFO  - Watchdog has been checked: 0 passed
09.09.2014 04:52:52,338 - INFO  - Watchdog has been checked: 0 passed
09.09.2014 04:54:52,395 - INFO  - Watchdog has been checked: 0 passed
09.09.2014 04:56:52,298 - INFO  - Watchdog has been checked: 0 passed
09.09.2014 04:58:52,341 - INFO  - Watchdog has been checked: 0 passed
09.09.2014 05:00:52,221 - INFO  - Watchdog has been checked: 0 passed
09.09.2014 05:02:52,362 - INFO  - Watchdog has been checked: 0 passed
09.09.2014 05:04:52,182 - INFO  - Watchdog has been checked: 0 passed
09.09.2014 05:06:52,216 - INFO  - Watchdog has been checked: 0 passed
09.09.2014 05:08:51,910 - INFO  - Watchdog has been checked: 0 passed
09.09.2014 05:10:50,928 - INFO  - Watchdog has been checked: 0 passed
09.09.2014 05:12:50,172 - INFO  - Watchdog has been checked: 0 passed
09.09.2014 05:14:50,062 - INFO  - Watchdog has been checked: 0 passed
09.09.2014 05:16:49,036 - INFO  - Watchdog has been checked: 0 passed
09.09.2014 05:18:48,060 - INFO  - Watchdog has been checked: 0 passed
09.09.2014 05:20:48,062 - INFO  - Watchdog has been checked: 0 passed
09.09.2014 05:22:48,177 - INFO  - Watchdog has been checked: 0 passed
09.09.2014 05:24:48,041 - INFO  - Watchdog has been checked: 0 passed
09.09.2014 05:26:46,984 - INFO  - Watchdog has been checked: 0 passed
09.09.2014 05:28:46,016 - INFO  - Watchdog has been checked: 0 passed
09.09.2014 05:30:45,065 - INFO  - Watchdog has been checked: 0 passed
09.09.2014 05:32:45,104 - INFO  - Watchdog has been checked: 0 passed
09.09.2014 05:34:45,024 - INFO  - Watchdog has been checked: 0 passed
09.09.2014 05:36:44,080 - INFO  - Watchdog has been checked: 0 passed
09.09.2014 05:38:44,148 - INFO  - Watchdog has been checked: 0 passed
09.09.2014 05:40:44,256 - INFO  - Watchdog has been checked: 0 passed
09.09.2014 05:42:44,326 - INFO  - Watchdog has been checked: 0 passed
09.09.2014 05:44:44,207 - INFO  - Watchdog has been checked: 0 passed
09.09.2014 05:46:44,192 - INFO  - Watchdog has been checked: 0 passed
09.09.2014 05:48:44,255 - INFO  - Watchdog has been checked: 0 passed
09.09.2014 05:50:44,202 - INFO  - Watchdog has been checked: 0 passed
09.09.2014 05:52:44,244 - INFO  - Watchdog has been checked: 0 passed
09.09.2014 05:54:44,145 - INFO  - Watchdog has been checked: 0 passed
09.09.2014 05:56:44,177 - INFO  - Watchdog has been checked: 0 passed
09.09.2014 05:58:44,272 - INFO  - Watchdog has been checked: 0 passed
09.09.2014 06:00:44,315 - INFO  - Watchdog has been checked: 0 passed
09.09.2014 06:02:44,417 - INFO  - Watchdog has been checked: 0 passed
09.09.2014 06:04:44,489 - INFO  - Watchdog has been checked: 0 passed
09.09.2014 06:06:44,322 - INFO  - Watchdog has been checked: 0 passed
09.09.2014 06:08:44,308 - INFO  - Watchdog has been checked: 0 passed
09.09.2014 06:10:44,305 - INFO  - Watchdog has been checked: 0 passed
09.09.2014 06:12:44,500 - INFO  - Watchdog has been checked: 0 passed
09.09.2014 06:14:44,240 - INFO  - Watchdog has been checked: 0 passed
09.09.2014 06:15:01,780 - INFO  - mapping file sync started
09.09.2014 06:15:03,215 - INFO  - file successfully updated
09.09.2014 06:16:44,220 - INFO  - Watchdog has been checked: 0 passed
09.09.2014 06:18:44,266 - INFO  - Watchdog has been checked: 0 passed
09.09.2014 06:20:44,269 - INFO  - Watchdog has been checked: 0 passed
09.09.2014 06:22:44,360 - INFO  - Watchdog has been checked: 0 passed
09.09.2014 06:24:44,222 - INFO  - Watchdog has been checked: 0 passed
09.09.2014 06:26:44,238 - INFO  - Watchdog has been checked: 0 passed
09.09.2014 06:28:44,028 - INFO  - Watchdog has been checked: 0 passed
09.09.2014 06:30:44,240 - INFO  - Watchdog has been checked: 0 passed
09.09.2014 06:32:44,045 - INFO  - Watchdog has been checked: 0 passed
09.09.2014 06:34:43,300 - INFO  - Watchdog has been checked: 0 passed
09.09.2014 06:36:43,057 - INFO  - Watchdog has been checked: 0 passed
09.09.2014 06:38:42,136 - INFO  - Watchdog has been checked: 0 passed
09.09.2014 06:40:42,149 - INFO  - Watchdog has been checked: 0 passed
09.09.2014 06:42:42,207 - INFO  - Watchdog has been checked: 0 passed
09.09.2014 06:44:42,114 - INFO  - Watchdog has been checked: 0 passed
09.09.2014 06:46:42,119 - INFO  - Watchdog has been checked: 0 passed
09.09.2014 06:48:42,237 - INFO  - Watchdog has been checked: 0 passed
09.09.2014 06:50:42,212 - INFO  - Watchdog has been checked: 0 passed
09.09.2014 06:52:42,283 - INFO  - Watchdog has been checked: 0 passed
09.09.2014 06:54:42,136 - INFO  - Watchdog has been checked: 0 passed
09.09.2014 06:56:42,225 - INFO  - Watchdog has been checked: 0 passed
09.09.2014 06:58:42,338 - INFO  - Watchdog has been checked: 0 passed
09.09.2014 07:00:42,347 - INFO  - Watchdog has been checked: 0 passed
09.09.2014 07:02:42,229 - INFO  - Watchdog has been checked: 0 passed
09.09.2014 07:04:42,374 - INFO  - Watchdog has been checked: 0 passed
09.09.2014 07:06:42,145 - INFO  - Watchdog has been checked: 0 passed
09.09.2014 07:08:42,096 - INFO  - Watchdog has been checked: 0 passed
09.09.2014 07:10:42,244 - INFO  - Watchdog has been checked: 0 passed
09.09.2014 07:12:42,117 - INFO  - Watchdog has been checked: 0 passed
09.09.2014 07:14:42,265 - INFO  - Watchdog has been checked: 0 passed
09.09.2014 07:15:01,212 - INFO  - mapping file sync started
09.09.2014 07:15:02,140 - INFO  - file successfully updated
09.09.2014 07:16:42,312 - INFO  - Watchdog has been checked: 0 passed
09.09.2014 07:18:42,190 - INFO  - Watchdog has been checked: 0 passed
09.09.2014 07:20:42,260 - INFO  - Watchdog has been checked: 0 passed
09.09.2014 07:22:42,359 - INFO  - Watchdog has been checked: 0 passed
09.09.2014 07:24:42,254 - INFO  - Watchdog has been checked: 0 passed
09.09.2014 07:26:42,171 - INFO  - Watchdog has been checked: 0 passed
09.09.2014 07:28:41,114 - INFO  - Watchdog has been checked: 0 passed
09.09.2014 07:30:40,092 - INFO  - Watchdog has been checked: 0 passed
09.09.2014 07:32:40,294 - INFO  - Watchdog has been checked: 0 passed
09.09.2014 07:34:40,105 - INFO  - Watchdog has been checked: 0 passed
09.09.2014 07:36:40,158 - INFO  - Watchdog has been checked: 0 passed
09.09.2014 07:38:40,336 - INFO  - Watchdog has been checked: 0 passed
09.09.2014 07:40:40,100 - INFO  - Watchdog has been checked: 0 passed
09.09.2014 07:42:40,307 - INFO  - Watchdog has been checked: 0 passed
09.09.2014 07:44:40,193 - INFO  - Watchdog has been checked: 0 passed
09.09.2014 07:46:40,916 - INFO  - Watchdog has been checked: 0 passed
09.09.2014 07:48:40,266 - INFO  - Watchdog has been checked: 0 passed
09.09.2014 07:50:40,273 - INFO  - Watchdog has been checked: 0 passed
09.09.2014 07:52:40,188 - INFO  - Watchdog has been checked: 0 passed
09.09.2014 07:54:40,264 - INFO  - Watchdog has been checked: 0 passed
09.09.2014 07:56:40,288 - INFO  - Watchdog has been checked: 0 passed
09.09.2014 07:58:40,786 - INFO  - Watchdog has been checked: 0 passed
09.09.2014 08:00:40,115 - INFO  - Watchdog has been checked: 0 passed
09.09.2014 08:02:40,266 - INFO  - Watchdog has been checked: 0 passed
09.09.2014 08:04:40,181 - INFO  - Watchdog has been checked: 0 passed
09.09.2014 08:06:40,186 - INFO  - Watchdog has been checked: 0 passed
09.09.2014 08:08:40,376 - INFO  - Watchdog has been checked: 0 passed
09.09.2014 08:10:40,342 - INFO  - Watchdog has been checked: 0 passed
09.09.2014 08:12:40,197 - INFO  - Watchdog has been checked: 0 passed
09.09.2014 08:14:40,328 - INFO  - Watchdog has been checked: 0 passed
09.09.2014 08:16:40,408 - INFO  - Watchdog has been checked: 0 passed
09.09.2014 08:18:40,213 - INFO  - Watchdog has been checked: 0 passed
09.09.2014 08:20:40,085 - INFO  - Watchdog has been checked: 0 passed
09.09.2014 08:21:46,343 - INFO  - searcher identified --- respT: 34ms, 82758 results, q=, 
09.09.2014 08:21:51,022 - INFO  - searcher identified --- respT: 9ms, 230 results, q=solr, 
09.09.2014 08:21:58,749 - INFO  - searcher identified --- respT: 12ms, 1957 results, q=alfresco, 
09.09.2014 08:22:08,796 - INFO  - searcher identified --- respT: 11ms, 1841 results, q=schaub, 
09.09.2014 08:22:39,058 - INFO  - Watchdog has been checked: 0 passed
09.09.2014 08:24:38,270 - INFO  - Watchdog has been checked: 0 passed
09.09.2014 08:26:38,284 - INFO  - Watchdog has been checked: 0 passed
09.09.2014 08:28:38,159 - INFO  - Watchdog has been checked: 0 passed
09.09.2014 08:30:38,214 - INFO  - Watchdog has been checked: 0 passed
09.09.2014 08:32:38,308 - INFO  - Watchdog has been checked: 0 passed
09.09.2014 08:34:38,178 - INFO  - Watchdog has been checked: 0 passed
09.09.2014 08:36:38,173 - INFO  - Watchdog has been checked: 0 passed
09.09.2014 08:38:38,223 - INFO  - Watchdog has been checked: 0 passed
09.09.2014 08:40:38,154 - INFO  - Watchdog has been checked: 0 passed
09.09.2014 08:42:38,226 - INFO  - Watchdog has been checked: 0 passed
09.09.2014 08:44:38,072 - INFO  - Watchdog has been checked: 0 passed
09.09.2014 08:46:37,063 - INFO  - Watchdog has been checked: 0 passed
09.09.2014 08:48:36,262 - INFO  - Watchdog has been checked: 0 passed
09.09.2014 08:50:36,217 - INFO  - Watchdog has been checked: 0 passed
09.09.2014 08:52:36,063 - INFO  - Watchdog has been checked: 0 passed
09.09.2014 08:54:35,159 - INFO  - Watchdog has been checked: 0 passed
09.09.2014 08:56:35,265 - INFO  - Watchdog has been checked: 0 passed
09.09.2014 08:58:35,054 - INFO  - Watchdog has been checked: 0 passed
09.09.2014 09:00:35,094 - INFO  - Watchdog has been checked: 0 passed
09.09.2014 09:02:35,057 - INFO  - Watchdog has been checked: 0 passed
09.09.2014 09:04:35,173 - INFO  - Watchdog has been checked: 0 passed
09.09.2014 09:06:35,232 - INFO  - Watchdog has been checked: 0 passed
09.09.2014 09:08:35,123 - INFO  - Watchdog has been checked: 0 passed
09.09.2014 09:10:35,078 - INFO  - Watchdog has been checked: 0 passed
09.09.2014 09:12:35,195 - INFO  - Watchdog has been checked: 0 passed
09.09.2014 09:14:35,035 - INFO  - Watchdog has been checked: 0 passed
09.09.2014 09:16:35,067 - INFO  - Watchdog has been checked: 0 passed
09.09.2014 09:18:35,112 - INFO  - Watchdog has been checked: 0 passed
09.09.2014 09:20:35,181 - INFO  - Watchdog has been checked: 0 passed
09.09.2014 09:22:35,316 - INFO  - Watchdog has been checked: 0 passed
09.09.2014 09:24:35,340 - INFO  - Watchdog has been checked: 0 passed
09.09.2014 09:26:35,106 - INFO  - Watchdog has been checked: 0 passed
09.09.2014 09:28:35,193 - INFO  - Watchdog has been checked: 0 passed
09.09.2014 09:30:35,194 - INFO  - Watchdog has been checked: 0 passed
09.09.2014 09:32:35,250 - INFO  - Watchdog has been checked: 0 passed
09.09.2014 09:34:35,106 - INFO  - Watchdog has been checked: 0 passed
09.09.2014 09:36:35,251 - INFO  - Watchdog has been checked: 0 passed
09.09.2014 09:38:35,328 - INFO  - Watchdog has been checked: 0 passed
09.09.2014 09:40:35,355 - INFO  - Watchdog has been checked: 0 passed
09.09.2014 09:42:35,226 - INFO  - Watchdog has been checked: 0 passed
09.09.2014 09:44:35,368 - INFO  - Watchdog has been checked: 0 passed
09.09.2014 09:46:35,212 - INFO  - Watchdog has been checked: 0 passed
09.09.2014 09:48:35,386 - INFO  - Watchdog has been checked: 0 passed
09.09.2014 09:50:35,327 - INFO  - Watchdog has been checked: 0 passed
09.09.2014 09:52:35,238 - INFO  - Watchdog has been checked: 0 passed
09.09.2014 09:54:35,323 - INFO  - Watchdog has been checked: 0 passed
09.09.2014 09:56:35,408 - INFO  - Watchdog has been checked: 0 passed
09.09.2014 09:58:35,294 - INFO  - Watchdog has been checked: 0 passed
09.09.2014 10:00:35,403 - INFO  - Watchdog has been checked: 0 passed
09.09.2014 10:02:35,313 - INFO  - Watchdog has been checked: 0 passed
09.09.2014 10:04:35,422 - INFO  - Watchdog has been checked: 0 passed
09.09.2014 10:06:35,470 - INFO  - Watchdog has been checked: 0 passed
09.09.2014 10:08:35,353 - INFO  - Watchdog has been checked: 0 passed
09.09.2014 10:10:35,358 - INFO  - Watchdog has been checked: 0 passed
09.09.2014 10:12:35,380 - INFO  - Watchdog has been checked: 0 passed
09.09.2014 10:14:35,253 - INFO  - Watchdog has been checked: 0 passed
09.09.2014 10:16:35,254 - INFO  - Watchdog has been checked: 0 passed
09.09.2014 10:18:35,287 - INFO  - Watchdog has been checked: 0 passed
09.09.2014 10:20:35,099 - INFO  - Watchdog has been checked: 0 passed
09.09.2014 10:22:35,147 - INFO  - Watchdog has been checked: 0 passed
09.09.2014 10:24:35,098 - INFO  - Watchdog has been checked: 0 passed
09.09.2014 10:26:34,988 - INFO  - Watchdog has been checked: 0 passed
09.09.2014 10:28:35,147 - INFO  - Watchdog has been checked: 0 passed
09.09.2014 10:30:35,097 - INFO  - Watchdog has been checked: 0 passed
09.09.2014 10:32:34,941 - INFO  - Watchdog has been checked: 0 passed
09.09.2014 10:34:34,052 - INFO  - Watchdog has been checked: 0 passed
09.09.2014 10:36:34,081 - INFO  - Watchdog has been checked: 0 passed
09.09.2014 10:38:34,119 - INFO  - Watchdog has been checked: 0 passed
09.09.2014 10:40:34,113 - INFO  - Watchdog has been checked: 0 passed
09.09.2014 10:42:33,905 - INFO  - Watchdog has been checked: 0 passed
09.09.2014 10:44:33,055 - INFO  - Watchdog has been checked: 0 passed
09.09.2014 10:46:33,021 - INFO  - Watchdog has been checked: 0 passed
09.09.2014 10:48:33,083 - INFO  - Watchdog has been checked: 0 passed
09.09.2014 10:50:33,131 - INFO  - Watchdog has been checked: 0 passed
09.09.2014 10:51:18,657 - INFO  - searcher identified --- respT: 36ms, 79381 results, q=, 
09.09.2014 10:51:29,250 - INFO  - searcher identified --- respT: 25ms, 42709 results, type:topic, q=, 
09.09.2014 10:52:33,203 - INFO  - Watchdog has been checked: 0 passed
09.09.2014 10:54:33,008 - INFO  - Watchdog has been checked: 0 passed
09.09.2014 10:56:32,252 - INFO  - Watchdog has been checked: 0 passed
09.09.2014 10:58:32,155 - INFO  - Watchdog has been checked: 0 passed
09.09.2014 11:00:32,272 - INFO  - Watchdog has been checked: 0 passed
09.09.2014 11:01:35,312 - INFO  - searcher identified --- respT: 33ms, 72248 results, q=, 
09.09.2014 11:01:42,041 - INFO  - searcher identified --- respT: 22ms, no results, q=NathalieWetterNathalieWetter, 
09.09.2014 11:01:42,957 - INFO  - searcher identified --- respT: 17ms, 191 results, q=NathalieWetter, 
09.09.2014 11:02:32,358 - INFO  - Watchdog has been checked: 0 passed
09.09.2014 11:04:32,241 - INFO  - Watchdog has been checked: 0 passed
09.09.2014 11:06:32,254 - INFO  - Watchdog has been checked: 0 passed
09.09.2014 11:08:32,163 - INFO  - Watchdog has been checked: 0 passed
09.09.2014 11:10:32,383 - INFO  - Watchdog has been checked: 0 passed
09.09.2014 11:12:32,200 - INFO  - Watchdog has been checked: 0 passed
09.09.2014 11:14:32,246 - INFO  - Watchdog has been checked: 0 passed
09.09.2014 11:16:32,328 - INFO  - Watchdog has been checked: 0 passed
09.09.2014 11:18:32,379 - INFO  - Watchdog has been checked: 0 passed
09.09.2014 11:20:32,249 - INFO  - Watchdog has been checked: 0 passed
09.09.2014 11:22:32,220 - INFO  - Watchdog has been checked: 0 passed
09.09.2014 11:24:32,364 - INFO  - Watchdog has been checked: 0 passed
09.09.2014 11:26:32,392 - INFO  - Watchdog has been checked: 0 passed
09.09.2014 11:28:32,193 - INFO  - Watchdog has been checked: 0 passed
09.09.2014 11:30:32,235 - INFO  - Watchdog has been checked: 0 passed
09.09.2014 11:32:32,210 - INFO  - Watchdog has been checked: 0 passed
09.09.2014 11:34:32,343 - INFO  - Watchdog has been checked: 0 passed
09.09.2014 11:36:32,426 - INFO  - Watchdog has been checked: 0 passed
09.09.2014 11:38:32,285 - INFO  - Watchdog has been checked: 0 passed
09.09.2014 11:40:32,302 - INFO  - Watchdog has been checked: 0 passed
09.09.2014 11:42:32,315 - INFO  - Watchdog has been checked: 0 passed
09.09.2014 11:44:32,225 - INFO  - Watchdog has been checked: 0 passed
09.09.2014 11:46:32,208 - INFO  - Watchdog has been checked: 0 passed
09.09.2014 11:48:32,253 - INFO  - Watchdog has been checked: 0 passed
09.09.2014 11:50:32,251 - INFO  - Watchdog has been checked: 0 passed
09.09.2014 11:52:32,185 - INFO  - Watchdog has been checked: 0 passed
09.09.2014 11:54:32,245 - INFO  - Watchdog has been checked: 0 passed
09.09.2014 11:56:32,163 - INFO  - Watchdog has been checked: 0 passed
09.09.2014 11:58:32,153 - INFO  - Watchdog has been checked: 0 passed
09.09.2014 12:00:32,151 - INFO  - Watchdog has been checked: 0 passed
09.09.2014 12:02:32,228 - INFO  - Watchdog has been checked: 0 passed
09.09.2014 12:04:32,122 - INFO  - Watchdog has been checked: 0 passed
09.09.2014 12:06:32,137 - INFO  - Watchdog has been checked: 0 passed
09.09.2014 12:08:32,252 - INFO  - Watchdog has been checked: 0 passed
09.09.2014 12:10:32,219 - INFO  - Watchdog has been checked: 0 passed
09.09.2014 12:12:32,260 - INFO  - Watchdog has been checked: 0 passed
09.09.2014 12:14:32,152 - INFO  - Watchdog has been checked: 0 passed
09.09.2014 12:16:32,248 - INFO  - Watchdog has been checked: 0 passed
09.09.2014 12:18:32,257 - INFO  - Watchdog has been checked: 0 passed
09.09.2014 12:20:32,299 - INFO  - Watchdog has been checked: 0 passed
09.09.2014 12:22:32,324 - INFO  - Watchdog has been checked: 0 passed
09.09.2014 12:24:32,175 - INFO  - Watchdog has been checked: 0 passed
09.09.2014 12:26:32,203 - INFO  - Watchdog has been checked: 0 passed
09.09.2014 12:28:32,374 - INFO  - Watchdog has been checked: 0 passed
09.09.2014 12:30:32,319 - INFO  - Watchdog has been checked: 0 passed
09.09.2014 12:32:32,163 - INFO  - Watchdog has been checked: 0 passed
09.09.2014 12:34:32,277 - INFO  - Watchdog has been checked: 0 passed
09.09.2014 12:36:32,326 - INFO  - Watchdog has been checked: 0 passed
09.09.2014 12:38:32,163 - INFO  - Watchdog has been checked: 0 passed
09.09.2014 12:40:32,410 - INFO  - Watchdog has been checked: 0 passed
09.09.2014 12:42:32,169 - INFO  - Watchdog has been checked: 0 passed
09.09.2014 12:44:32,271 - INFO  - Watchdog has been checked: 0 passed
09.09.2014 12:46:32,280 - INFO  - Watchdog has been checked: 0 passed
09.09.2014 12:48:32,444 - INFO  - Watchdog has been checked: 0 passed
09.09.2014 12:50:32,401 - INFO  - Watchdog has been checked: 0 passed
09.09.2014 12:52:32,408 - INFO  - Watchdog has been checked: 0 passed
09.09.2014 12:54:32,321 - INFO  - Watchdog has been checked: 0 passed
09.09.2014 12:56:32,387 - INFO  - Watchdog has been checked: 0 passed
09.09.2014 12:58:32,432 - INFO  - Watchdog has been checked: 0 passed
09.09.2014 13:00:32,467 - INFO  - Watchdog has been checked: 0 passed
09.09.2014 13:02:32,468 - INFO  - Watchdog has been checked: 0 passed
09.09.2014 13:04:32,364 - INFO  - Watchdog has been checked: 0 passed
09.09.2014 13:06:32,399 - INFO  - Watchdog has been checked: 0 passed
09.09.2014 13:08:32,480 - INFO  - Watchdog has been checked: 0 passed
09.09.2014 13:10:32,197 - INFO  - Watchdog has been checked: 0 passed
09.09.2014 13:12:32,202 - INFO  - Watchdog has been checked: 0 passed
09.09.2014 13:14:32,127 - INFO  - Watchdog has been checked: 0 passed
09.09.2014 13:16:32,205 - INFO  - Watchdog has been checked: 0 passed
09.09.2014 13:18:32,211 - INFO  - Watchdog has been checked: 0 passed
09.09.2014 13:20:32,047 - INFO  - Watchdog has been checked: 0 passed
09.09.2014 13:22:31,090 - INFO  - Watchdog has been checked: 0 passed
09.09.2014 13:24:30,220 - INFO  - Watchdog has been checked: 0 passed
09.09.2014 13:26:30,234 - INFO  - Watchdog has been checked: 0 passed
09.09.2014 13:28:30,289 - INFO  - Watchdog has been checked: 0 passed
09.09.2014 13:30:30,291 - INFO  - Watchdog has been checked: 0 passed
09.09.2014 13:32:30,306 - INFO  - Watchdog has been checked: 0 passed
09.09.2014 13:34:32,209 - INFO  - Watchdog has been checked: 0 passed
09.09.2014 13:36:32,290 - INFO  - Watchdog has been checked: 0 passed
09.09.2014 13:38:32,115 - INFO  - Watchdog has been checked: 0 passed
09.09.2014 13:40:32,128 - INFO  - Watchdog has been checked: 0 passed
09.09.2014 13:42:32,161 - INFO  - Watchdog has been checked: 0 passed
09.09.2014 13:44:32,252 - INFO  - Watchdog has been checked: 0 passed
09.09.2014 13:46:32,286 - INFO  - Watchdog has been checked: 0 passed
09.09.2014 13:48:32,090 - INFO  - Watchdog has been checked: 0 passed
09.09.2014 13:50:32,095 - INFO  - Watchdog has been checked: 0 passed
09.09.2014 13:52:32,158 - INFO  - Watchdog has been checked: 0 passed
09.09.2014 13:54:32,290 - INFO  - Watchdog has been checked: 0 passed
09.09.2014 13:56:32,319 - INFO  - Watchdog has been checked: 0 passed
09.09.2014 13:58:32,152 - INFO  - Watchdog has been checked: 0 passed
09.09.2014 14:00:32,124 - INFO  - Watchdog has been checked: 0 passed
09.09.2014 14:02:32,254 - INFO  - Watchdog has been checked: 0 passed
09.09.2014 14:04:32,374 - INFO  - Watchdog has been checked: 0 passed
09.09.2014 14:06:32,173 - INFO  - Watchdog has been checked: 0 passed
09.09.2014 14:08:32,345 - INFO  - Watchdog has been checked: 0 passed
09.09.2014 14:10:32,301 - INFO  - Watchdog has been checked: 0 passed
09.09.2014 14:12:32,347 - INFO  - Watchdog has been checked: 0 passed
09.09.2014 14:14:32,203 - INFO  - Watchdog has been checked: 0 passed
09.09.2014 14:16:32,251 - INFO  - Watchdog has been checked: 0 passed
09.09.2014 14:18:32,381 - INFO  - Watchdog has been checked: 0 passed
09.09.2014 14:20:32,349 - INFO  - Watchdog has been checked: 0 passed
09.09.2014 14:22:32,190 - INFO  - Watchdog has been checked: 0 passed
09.09.2014 14:24:32,310 - INFO  - Watchdog has been checked: 0 passed
09.09.2014 14:26:32,270 - INFO  - Watchdog has been checked: 0 passed
09.09.2014 14:28:32,322 - INFO  - Watchdog has been checked: 0 passed
09.09.2014 14:30:32,179 - INFO  - Watchdog has been checked: 0 passed
09.09.2014 14:32:32,217 - INFO  - Watchdog has been checked: 0 passed
09.09.2014 14:34:32,020 - INFO  - Watchdog has been checked: 0 passed
09.09.2014 14:36:32,110 - INFO  - Watchdog has been checked: 0 passed
09.09.2014 14:38:32,216 - INFO  - Watchdog has been checked: 0 passed
09.09.2014 14:40:32,192 - INFO  - Watchdog has been checked: 0 passed
09.09.2014 14:42:32,220 - INFO  - Watchdog has been checked: 0 passed
09.09.2014 14:44:32,059 - INFO  - Watchdog has been checked: 0 passed
09.09.2014 14:46:32,033 - INFO  - Watchdog has been checked: 0 passed
09.09.2014 14:48:32,114 - INFO  - Watchdog has been checked: 0 passed
09.09.2014 14:50:32,117 - INFO  - Watchdog has been checked: 0 passed
09.09.2014 14:52:32,174 - INFO  - Watchdog has been checked: 0 passed
09.09.2014 14:54:32,028 - INFO  - Watchdog has been checked: 0 passed
09.09.2014 14:56:31,995 - INFO  - Watchdog has been checked: 0 passed
09.09.2014 14:58:31,127 - INFO  - Watchdog has been checked: 0 passed
09.09.2014 15:00:32,133 - INFO  - Watchdog has been checked: 0 passed
09.09.2014 15:02:32,082 - INFO  - Watchdog has been checked: 0 passed
09.09.2014 15:04:32,206 - INFO  - Watchdog has been checked: 0 passed
09.09.2014 15:06:32,023 - INFO  - Watchdog has been checked: 0 passed
09.09.2014 15:08:31,115 - INFO  - Watchdog has been checked: 0 passed
09.09.2014 15:10:31,091 - INFO  - Watchdog has been checked: 0 passed
09.09.2014 15:12:31,153 - INFO  - Watchdog has been checked: 0 passed
09.09.2014 15:14:31,257 - INFO  - Watchdog has been checked: 0 passed
09.09.2014 15:16:31,034 - INFO  - Watchdog has been checked: 0 passed
09.09.2014 15:18:30,160 - INFO  - Watchdog has been checked: 0 passed
09.09.2014 15:20:30,281 - INFO  - Watchdog has been checked: 0 passed
09.09.2014 15:22:30,368 - INFO  - Watchdog has been checked: 0 passed
09.09.2014 15:24:30,375 - INFO  - Watchdog has been checked: 0 passed
09.09.2014 15:26:30,337 - INFO  - Watchdog has been checked: 0 passed
09.09.2014 15:28:30,421 - INFO  - Watchdog has been checked: 0 passed
09.09.2014 15:30:30,368 - INFO  - Watchdog has been checked: 0 passed
09.09.2014 15:32:30,407 - INFO  - Watchdog has been checked: 0 passed
09.09.2014 15:34:30,299 - INFO  - Watchdog has been checked: 0 passed
09.09.2014 15:36:30,320 - INFO  - Watchdog has been checked: 0 passed
09.09.2014 15:38:30,484 - INFO  - Watchdog has been checked: 0 passed
09.09.2014 15:40:30,515 - INFO  - Watchdog has been checked: 0 passed
09.09.2014 15:42:30,487 - INFO  - Watchdog has been checked: 0 passed
09.09.2014 15:44:30,325 - INFO  - Watchdog has been checked: 0 passed
09.09.2014 15:46:30,377 - INFO  - Watchdog has been checked: 0 passed
09.09.2014 15:48:30,546 - INFO  - Watchdog has been checked: 0 passed
09.09.2014 15:50:30,427 - INFO  - Watchdog has been checked: 0 passed
09.09.2014 15:52:30,264 - INFO  - Watchdog has been checked: 0 passed
09.09.2014 15:54:30,289 - INFO  - Watchdog has been checked: 0 passed
09.09.2014 15:56:30,327 - INFO  - Watchdog has been checked: 0 passed
09.09.2014 15:58:30,139 - INFO  - Watchdog has been checked: 0 passed
09.09.2014 16:00:30,158 - INFO  - Watchdog has been checked: 0 passed
09.09.2014 16:02:30,284 - INFO  - Watchdog has been checked: 0 passed
09.09.2014 16:04:30,319 - INFO  - Watchdog has been checked: 0 passed
09.09.2014 16:06:32,047 - INFO  - Watchdog has been checked: 0 passed
09.09.2014 16:08:32,087 - INFO  - Watchdog has been checked: 0 passed
09.09.2014 16:10:32,141 - INFO  - Watchdog has been checked: 0 passed
09.09.2014 16:12:31,231 - INFO  - Watchdog has been checked: 0 passed
09.09.2014 16:14:30,273 - INFO  - Watchdog has been checked: 0 passed
09.09.2014 16:16:30,339 - INFO  - Watchdog has been checked: 0 passed
09.09.2014 16:18:30,187 - INFO  - Watchdog has been checked: 0 passed
09.09.2014 16:20:30,298 - INFO  - Watchdog has been checked: 0 passed
09.09.2014 16:22:30,385 - INFO  - Watchdog has been checked: 0 passed
09.09.2014 16:24:32,162 - INFO  - Watchdog has been checked: 0 passed
09.09.2014 16:26:32,229 - INFO  - Watchdog has been checked: 0 passed
09.09.2014 16:28:32,084 - INFO  - Watchdog has been checked: 0 passed
09.09.2014 16:30:32,295 - INFO  - Watchdog has been checked: 0 passed
09.09.2014 16:32:32,113 - INFO  - Watchdog has been checked: 0 passed
09.09.2014 16:34:32,251 - INFO  - Watchdog has been checked: 0 passed
09.09.2014 16:36:32,275 - INFO  - Watchdog has been checked: 0 passed
09.09.2014 16:38:32,133 - INFO  - Watchdog has been checked: 0 passed
09.09.2014 16:40:32,325 - INFO  - Watchdog has been checked: 0 passed
09.09.2014 16:42:32,158 - INFO  - Watchdog has been checked: 0 passed
09.09.2014 16:44:32,247 - INFO  - Watchdog has been checked: 0 passed
09.09.2014 16:46:32,286 - INFO  - Watchdog has been checked: 0 passed
09.09.2014 16:48:32,140 - INFO  - Watchdog has been checked: 0 passed
09.09.2014 16:50:32,403 - INFO  - Watchdog has been checked: 0 passed
09.09.2014 16:52:32,204 - INFO  - Watchdog has been checked: 0 passed
09.09.2014 16:54:32,357 - INFO  - Watchdog has been checked: 0 passed
09.09.2014 16:56:32,316 - INFO  - Watchdog has been checked: 0 passed
09.09.2014 16:58:32,226 - INFO  - Watchdog has been checked: 0 passed
09.09.2014 17:00:32,377 - INFO  - Watchdog has been checked: 0 passed
09.09.2014 17:02:32,186 - INFO  - Watchdog has been checked: 0 passed
09.09.2014 17:04:32,312 - INFO  - Watchdog has been checked: 0 passed
09.09.2014 17:06:32,404 - INFO  - Watchdog has been checked: 0 passed
09.09.2014 17:08:32,228 - INFO  - Watchdog has been checked: 0 passed
09.09.2014 17:10:32,152 - INFO  - Watchdog has been checked: 0 passed
09.09.2014 17:12:32,191 - INFO  - Watchdog has been checked: 0 passed
09.09.2014 17:14:32,048 - INFO  - Watchdog has been checked: 0 passed
09.09.2014 17:16:32,298 - INFO  - Watchdog has been checked: 0 passed
09.09.2014 17:18:32,149 - INFO  - Watchdog has been checked: 0 passed
09.09.2014 17:20:32,167 - INFO  - Watchdog has been checked: 0 passed
09.09.2014 17:22:32,210 - INFO  - Watchdog has been checked: 0 passed
09.09.2014 17:24:32,116 - INFO  - Watchdog has been checked: 0 passed
09.09.2014 17:26:31,082 - INFO  - Watchdog has been checked: 0 passed
09.09.2014 17:28:30,251 - INFO  - Watchdog has been checked: 0 passed
09.09.2014 17:30:30,145 - INFO  - Watchdog has been checked: 0 passed
09.09.2014 17:32:30,183 - INFO  - Watchdog has been checked: 0 passed
09.09.2014 17:34:30,309 - INFO  - Watchdog has been checked: 0 passed
09.09.2014 17:36:30,235 - INFO  - Watchdog has been checked: 0 passed
09.09.2014 17:38:30,312 - INFO  - Watchdog has been checked: 0 passed
09.09.2014 17:40:30,200 - INFO  - Watchdog has been checked: 0 passed
09.09.2014 17:42:31,389 - INFO  - Watchdog has been checked: 0 passed
09.09.2014 17:44:31,087 - INFO  - Watchdog has been checked: 0 passed
09.09.2014 17:46:31,084 - INFO  - Watchdog has been checked: 0 passed
09.09.2014 17:48:31,219 - INFO  - Watchdog has been checked: 0 passed
09.09.2014 17:50:31,204 - INFO  - Watchdog has been checked: 0 passed
09.09.2014 17:52:31,181 - INFO  - Watchdog has been checked: 0 passed
09.09.2014 17:54:31,079 - INFO  - Watchdog has been checked: 0 passed
09.09.2014 17:56:31,091 - INFO  - Watchdog has been checked: 0 passed
09.09.2014 17:58:31,253 - INFO  - Watchdog has been checked: 0 passed
09.09.2014 18:00:31,157 - INFO  - Watchdog has been checked: 0 passed
09.09.2014 18:02:31,182 - INFO  - Watchdog has been checked: 0 passed
09.09.2014 18:04:31,348 - INFO  - Watchdog has been checked: 0 passed
09.09.2014 18:06:32,324 - INFO  - Watchdog has been checked: 0 passed
09.09.2014 18:08:32,230 - INFO  - Watchdog has been checked: 0 passed
09.09.2014 18:10:32,502 - INFO  - Watchdog has been checked: 0 passed
09.09.2014 18:12:32,236 - INFO  - Watchdog has been checked: 0 passed
09.09.2014 18:14:32,146 - INFO  - Watchdog has been checked: 0 passed
09.09.2014 18:16:32,408 - INFO  - Watchdog has been checked: 0 passed
09.09.2014 18:18:32,140 - INFO  - Watchdog has been checked: 0 passed
09.09.2014 18:20:32,188 - INFO  - Watchdog has been checked: 0 passed
09.09.2014 18:22:32,262 - INFO  - Watchdog has been checked: 0 passed
09.09.2014 18:24:32,330 - INFO  - Watchdog has been checked: 0 passed
09.09.2014 18:26:32,426 - INFO  - Watchdog has been checked: 0 passed
09.09.2014 18:28:32,198 - INFO  - Watchdog has been checked: 0 passed
09.09.2014 18:30:32,200 - INFO  - Watchdog has been checked: 0 passed
09.09.2014 18:32:32,208 - INFO  - Watchdog has been checked: 0 passed
09.09.2014 18:34:32,089 - INFO  - Watchdog has been checked: 0 passed
09.09.2014 18:36:31,109 - INFO  - Watchdog has been checked: 0 passed
09.09.2014 18:38:30,146 - INFO  - Watchdog has been checked: 0 passed
09.09.2014 18:40:29,150 - INFO  - Watchdog has been checked: 0 passed
09.09.2014 18:42:29,141 - INFO  - Watchdog has been checked: 0 passed
09.09.2014 18:44:27,969 - INFO  - Watchdog has been checked: 0 passed
09.09.2014 18:46:27,044 - INFO  - Watchdog has been checked: 0 passed
09.09.2014 18:48:26,080 - INFO  - Watchdog has been checked: 0 passed
09.09.2014 18:50:25,235 - INFO  - Watchdog has been checked: 0 passed
09.09.2014 18:52:24,953 - INFO  - Watchdog has been checked: 0 passed
09.09.2014 18:54:24,081 - INFO  - Watchdog has been checked: 0 passed
09.09.2014 18:56:24,177 - INFO  - Watchdog has been checked: 0 passed
09.09.2014 18:58:24,210 - INFO  - Watchdog has been checked: 0 passed
09.09.2014 19:00:24,208 - INFO  - Watchdog has been checked: 0 passed
09.09.2014 19:02:24,281 - INFO  - Watchdog has been checked: 0 passed
09.09.2014 19:04:24,144 - INFO  - Watchdog has been checked: 0 passed
09.09.2014 19:06:24,171 - INFO  - Watchdog has been checked: 0 passed
09.09.2014 19:08:24,245 - INFO  - Watchdog has been checked: 0 passed
09.09.2014 19:10:24,242 - INFO  - Watchdog has been checked: 0 passed
09.09.2014 19:12:24,282 - INFO  - Watchdog has been checked: 0 passed
09.09.2014 19:14:24,156 - INFO  - Watchdog has been checked: 0 passed
09.09.2014 19:16:24,161 - INFO  - Watchdog has been checked: 0 passed
09.09.2014 19:18:24,269 - INFO  - Watchdog has been checked: 0 passed
09.09.2014 19:20:24,293 - INFO  - Watchdog has been checked: 0 passed
09.09.2014 19:22:24,355 - INFO  - Watchdog has been checked: 0 passed
09.09.2014 19:24:24,213 - INFO  - Watchdog has been checked: 0 passed
09.09.2014 19:26:24,197 - INFO  - Watchdog has been checked: 0 passed
09.09.2014 19:28:24,330 - INFO  - Watchdog has been checked: 0 passed
09.09.2014 19:30:24,119 - INFO  - Watchdog has been checked: 0 passed
09.09.2014 19:32:24,155 - INFO  - Watchdog has been checked: 0 passed
09.09.2014 19:34:24,283 - INFO  - Watchdog has been checked: 0 passed
09.09.2014 19:36:24,346 - INFO  - Watchdog has been checked: 0 passed
09.09.2014 19:38:24,223 - INFO  - Watchdog has been checked: 0 passed
09.09.2014 19:40:24,250 - INFO  - Watchdog has been checked: 0 passed
09.09.2014 19:42:24,274 - INFO  - Watchdog has been checked: 0 passed
09.09.2014 19:44:24,250 - INFO  - Watchdog has been checked: 0 passed
09.09.2014 19:46:24,219 - INFO  - Watchdog has been checked: 0 passed
09.09.2014 19:48:24,299 - INFO  - Watchdog has been checked: 0 passed
09.09.2014 19:50:24,320 - INFO  - Watchdog has been checked: 0 passed
09.09.2014 19:52:24,364 - INFO  - Watchdog has been checked: 0 passed
09.09.2014 19:54:24,267 - INFO  - Watchdog has been checked: 0 passed
09.09.2014 19:56:24,165 - INFO  - Watchdog has been checked: 0 passed
09.09.2014 19:58:24,318 - INFO  - Watchdog has been checked: 0 passed
09.09.2014 20:00:24,371 - INFO  - Watchdog has been checked: 0 passed
09.09.2014 20:02:24,143 - INFO  - Watchdog has been checked: 0 passed
09.09.2014 20:04:23,259 - INFO  - Watchdog has been checked: 0 passed
09.09.2014 20:06:23,205 - INFO  - Watchdog has been checked: 0 passed
09.09.2014 20:08:23,034 - INFO  - Watchdog has been checked: 0 passed
09.09.2014 20:10:22,054 - INFO  - Watchdog has been checked: 0 passed
09.09.2014 20:12:22,047 - INFO  - Watchdog has been checked: 0 passed
09.09.2014 20:14:21,101 - INFO  - Watchdog has been checked: 0 passed
09.09.2014 20:16:21,140 - INFO  - Watchdog has been checked: 0 passed
09.09.2014 20:18:20,952 - INFO  - Watchdog has been checked: 0 passed
09.09.2014 20:20:20,045 - INFO  - Watchdog has been checked: 0 passed
09.09.2014 20:22:20,092 - INFO  - Watchdog has been checked: 0 passed
09.09.2014 20:24:20,182 - INFO  - Watchdog has been checked: 0 passed
09.09.2014 20:26:20,194 - INFO  - Watchdog has been checked: 0 passed
09.09.2014 20:28:20,003 - INFO  - Watchdog has been checked: 0 passed
09.09.2014 20:30:20,076 - INFO  - Watchdog has been checked: 0 passed
09.09.2014 20:32:20,084 - INFO  - Watchdog has been checked: 0 passed
09.09.2014 20:34:20,977 - INFO  - Watchdog has been checked: 0 passed
09.09.2014 20:36:22,038 - INFO  - Watchdog has been checked: 0 passed
09.09.2014 20:38:21,036 - INFO  - Watchdog has been checked: 0 passed
09.09.2014 20:40:21,218 - INFO  - Watchdog has been checked: 0 passed
09.09.2014 20:42:21,164 - INFO  - Watchdog has been checked: 0 passed
09.09.2014 20:44:21,285 - INFO  - Watchdog has been checked: 0 passed
09.09.2014 20:46:21,149 - INFO  - Watchdog has been checked: 0 passed
09.09.2014 20:48:21,171 - INFO  - Watchdog has been checked: 0 passed
09.09.2014 20:50:21,187 - INFO  - Watchdog has been checked: 0 passed
09.09.2014 20:52:21,221 - INFO  - Watchdog has been checked: 0 passed
09.09.2014 20:54:21,305 - INFO  - Watchdog has been checked: 0 passed
09.09.2014 20:56:21,265 - INFO  - Watchdog has been checked: 0 passed
09.09.2014 20:58:21,269 - INFO  - Watchdog has been checked: 0 passed
09.09.2014 21:00:21,296 - INFO  - Watchdog has been checked: 0 passed
09.09.2014 21:02:21,381 - INFO  - Watchdog has been checked: 0 passed
09.09.2014 21:04:21,319 - INFO  - Watchdog has been checked: 0 passed
09.09.2014 21:06:21,396 - INFO  - Watchdog has been checked: 0 passed
09.09.2014 21:08:21,440 - INFO  - Watchdog has been checked: 0 passed
09.09.2014 21:10:21,223 - INFO  - Watchdog has been checked: 0 passed
09.09.2014 21:12:21,438 - INFO  - Watchdog has been checked: 0 passed
09.09.2014 21:14:22,518 - INFO  - Watchdog has been checked: 0 passed
09.09.2014 21:16:22,341 - INFO  - Watchdog has been checked: 0 passed
09.09.2014 21:18:22,157 - INFO  - Watchdog has been checked: 0 passed
09.09.2014 21:20:22,179 - INFO  - Watchdog has been checked: 0 passed
09.09.2014 21:22:22,477 - INFO  - Watchdog has been checked: 0 passed
09.09.2014 21:24:22,291 - INFO  - Watchdog has been checked: 0 passed
09.09.2014 21:26:22,086 - INFO  - Watchdog has been checked: 0 passed
09.09.2014 21:28:22,261 - INFO  - Watchdog has been checked: 0 passed
09.09.2014 21:30:22,231 - INFO  - Watchdog has been checked: 0 passed
09.09.2014 21:32:22,274 - INFO  - Watchdog has been checked: 0 passed
09.09.2014 21:34:22,154 - INFO  - Watchdog has been checked: 0 passed
09.09.2014 21:36:22,140 - INFO  - Watchdog has been checked: 0 passed
09.09.2014 21:38:22,254 - INFO  - Watchdog has been checked: 0 passed
09.09.2014 21:40:22,241 - INFO  - Watchdog has been checked: 0 passed
09.09.2014 21:42:22,296 - INFO  - Watchdog has been checked: 0 passed
09.09.2014 21:44:22,122 - INFO  - Watchdog has been checked: 0 passed
09.09.2014 21:46:22,189 - INFO  - Watchdog has been checked: 0 passed
09.09.2014 21:48:22,027 - INFO  - Watchdog has been checked: 0 passed
09.09.2014 21:50:21,035 - INFO  - Watchdog has been checked: 0 passed
09.09.2014 21:52:21,091 - INFO  - Watchdog has been checked: 0 passed
09.09.2014 21:54:20,195 - INFO  - Watchdog has been checked: 0 passed
09.09.2014 21:56:20,207 - INFO  - Watchdog has been checked: 0 passed
09.09.2014 21:58:20,317 - INFO  - Watchdog has been checked: 0 passed
09.09.2014 22:00:20,429 - INFO  - Watchdog has been checked: 0 passed
09.09.2014 22:02:20,246 - INFO  - Watchdog has been checked: 0 passed
09.09.2014 22:04:20,331 - INFO  - Watchdog has been checked: 0 passed
09.09.2014 22:06:20,196 - INFO  - Watchdog has been checked: 0 passed
09.09.2014 22:08:20,254 - INFO  - Watchdog has been checked: 0 passed
09.09.2014 22:10:20,048 - INFO  - Watchdog has been checked: 0 passed
09.09.2014 22:12:20,187 - INFO  - Watchdog has been checked: 0 passed
09.09.2014 22:14:20,280 - INFO  - Watchdog has been checked: 0 passed
09.09.2014 22:16:22,289 - INFO  - Watchdog has been checked: 0 passed
09.09.2014 22:18:22,104 - INFO  - Watchdog has been checked: 0 passed
09.09.2014 22:20:22,151 - INFO  - Watchdog has been checked: 0 passed
09.09.2014 22:22:22,530 - INFO  - Watchdog has been checked: 0 passed
09.09.2014 22:24:22,191 - INFO  - Watchdog has been checked: 0 passed
09.09.2014 22:26:22,124 - INFO  - Watchdog has been checked: 0 passed
09.09.2014 22:28:22,240 - INFO  - Watchdog has been checked: 0 passed
09.09.2014 22:30:22,097 - INFO  - Watchdog has been checked: 0 passed
09.09.2014 22:32:21,094 - INFO  - Watchdog has been checked: 0 passed
09.09.2014 22:34:20,214 - INFO  - Watchdog has been checked: 0 passed
09.09.2014 22:36:20,167 - INFO  - Watchdog has been checked: 0 passed
09.09.2014 22:38:20,243 - INFO  - Watchdog has been checked: 0 passed
09.09.2014 22:40:22,305 - INFO  - Watchdog has been checked: 0 passed
09.09.2014 22:42:22,312 - INFO  - Watchdog has been checked: 0 passed
09.09.2014 22:44:22,418 - INFO  - Watchdog has been checked: 0 passed
09.09.2014 22:46:22,344 - INFO  - Watchdog has been checked: 0 passed
09.09.2014 22:48:22,200 - INFO  - Watchdog has been checked: 0 passed
09.09.2014 22:50:22,239 - INFO  - Watchdog has been checked: 0 passed
09.09.2014 22:52:22,463 - INFO  - Watchdog has been checked: 0 passed
09.09.2014 22:54:22,315 - INFO  - Watchdog has been checked: 0 passed
09.09.2014 22:56:22,079 - INFO  - Watchdog has been checked: 0 passed
09.09.2014 22:58:22,120 - INFO  - Watchdog has been checked: 0 passed
09.09.2014 23:00:22,051 - INFO  - Watchdog has been checked: 0 passed
09.09.2014 23:02:21,091 - INFO  - Watchdog has been checked: 0 passed
09.09.2014 23:04:21,237 - INFO  - Watchdog has been checked: 0 passed
09.09.2014 23:06:21,313 - INFO  - Watchdog has been checked: 0 passed
09.09.2014 23:08:21,072 - INFO  - Watchdog has been checked: 0 passed
09.09.2014 23:10:21,132 - INFO  - Watchdog has been checked: 0 passed
09.09.2014 23:12:21,170 - INFO  - Watchdog has been checked: 0 passed
09.09.2014 23:14:21,154 - INFO  - Watchdog has been checked: 0 passed
09.09.2014 23:16:21,150 - INFO  - Watchdog has been checked: 0 passed
09.09.2014 23:18:21,180 - INFO  - Watchdog has been checked: 0 passed
09.09.2014 23:20:21,187 - INFO  - Watchdog has been checked: 0 passed
09.09.2014 23:22:20,976 - INFO  - Watchdog has been checked: 0 passed
09.09.2014 23:24:20,010 - INFO  - Watchdog has been checked: 0 passed
09.09.2014 23:26:19,083 - INFO  - Watchdog has been checked: 0 passed
09.09.2014 23:28:18,968 - INFO  - Watchdog has been checked: 0 passed
09.09.2014 23:30:18,026 - INFO  - Watchdog has been checked: 0 passed
09.09.2014 23:31:17,071 - INFO  - Watchdog has been checked: 0 passed
09.09.2014 23:33:16,961 - INFO  - Watchdog has been checked: 0 passed
09.09.2014 23:35:16,180 - INFO  - Watchdog has been checked: 0 passed
09.09.2014 23:37:16,013 - INFO  - Watchdog has been checked: 0 passed
09.09.2014 23:39:15,052 - INFO  - Watchdog has been checked: 0 passed
09.09.2014 23:41:15,042 - INFO  - Watchdog has been checked: 0 passed
09.09.2014 23:43:15,201 - INFO  - Watchdog has been checked: 0 passed
09.09.2014 23:45:14,986 - INFO  - Watchdog has been checked: 0 passed
09.09.2014 23:47:14,100 - INFO  - Watchdog has been checked: 0 passed
09.09.2014 23:49:14,114 - INFO  - Watchdog has been checked: 0 passed
09.09.2014 23:51:14,062 - INFO  - Watchdog has been checked: 0 passed
09.09.2014 23:53:13,295 - INFO  - Watchdog has been checked: 0 passed
09.09.2014 23:55:13,046 - INFO  - Watchdog has been checked: 0 passed
09.09.2014 23:57:13,187 - INFO  - Watchdog has been checked: 0 passed
09.09.2014 23:59:13,191 - INFO  - Watchdog has been checked: 0 passed
