04.06.2014 06:17:27,455 - INFO  - mapping file sync started
04.06.2014 06:17:29,275 - INFO  - file successfully updated
04.06.2014 07:15:01,848 - INFO  - mapping file sync started
04.06.2014 07:15:02,259 - INFO  - file successfully updated
04.06.2014 08:57:18,710 - INFO  - searcher identified --- respT: 66ms, 82934 results, q=, 
04.06.2014 08:57:24,870 - INFO  - searcher identified --- respT: 45ms, 76 results, q=icinga, 
04.06.2014 08:57:25,721 - INFO  - searcher identified --- respT: 46ms, 76 results, q=icinga, 
04.06.2014 08:57:39,616 - INFO  - searcher identified --- respT: 15ms, 12 results, web:(PSIWeb), q=icinga, 
04.06.2014 09:47:00,799 - INFO  - searcher identified --- respT: 19ms, 171 results, web:(PSIWeb), q=ecm-, 
04.06.2014 09:47:02,198 - INFO  - searcher identified --- respT: 29ms, 14 results, web:(PSIWeb), q=ecm-t, 
04.06.2014 09:47:03,819 - INFO  - searcher identified --- respT: 24ms, 23 results, web:(PSIWeb), q=ecm-trans, 
04.06.2014 11:31:46,795 - INFO  - searcher identified --- respT: 81ms, 82943 results, q=, 
04.06.2014 11:32:00,025 - INFO  - searcher identified --- respT: 28ms, 1185 results, q=ecm, 
04.06.2014 11:32:08,766 - INFO  - searcher identified --- respT: 43ms, no results, q=ecm.pi.c, 
04.06.2014 11:32:14,681 - INFO  - searcher identified --- respT: 13ms, no results, q=ecm.pi, 
04.06.2014 11:32:15,650 - INFO  - searcher identified --- respT: 13ms, no results, q=ecm.p, 
04.06.2014 11:32:16,869 - INFO  - searcher identified --- respT: 27ms, 918 results, q=ecm.ps, 
04.06.2014 11:32:21,302 - INFO  - searcher identified --- respT: 36ms, 918 results, q=ecm.psi.ch, 
04.06.2014 11:32:25,844 - INFO  - searcher identified --- respT: 36ms, 918 results, q=ecm.psi.ch, 
04.06.2014 13:37:06,467 - INFO  - searcher identified --- respT: 32ms, 38789 results, q=, 
04.06.2014 13:38:19,675 - INFO  - Watchdog has been checked
04.06.2014 13:38:21,034 - INFO  - Watchdog has been checked
04.06.2014 13:38:28,552 - INFO  - searcher identified --- respT: 31ms, 38789 results, q=, 
04.06.2014 13:38:36,631 - INFO  - Watchdog has been checked
04.06.2014 13:38:42,969 - INFO  - Watchdog has been checked
04.06.2014 13:40:42,292 - INFO  - Watchdog has been checked
04.06.2014 13:42:42,090 - INFO  - Watchdog has been checked
04.06.2014 13:44:42,218 - INFO  - Watchdog has been checked
04.06.2014 13:46:42,226 - INFO  - Watchdog has been checked
04.06.2014 13:48:42,332 - INFO  - Watchdog has been checked
04.06.2014 13:50:42,042 - INFO  - Watchdog has been checked
04.06.2014 13:52:41,177 - INFO  - Watchdog has been checked
04.06.2014 13:54:41,360 - INFO  - Watchdog has been checked
04.06.2014 13:56:41,360 - INFO  - Watchdog has been checked
04.06.2014 13:58:41,235 - INFO  - Watchdog has been checked
04.06.2014 14:00:41,244 - INFO  - Watchdog has been checked
04.06.2014 14:02:41,260 - INFO  - Watchdog has been checked
04.06.2014 14:04:41,173 - INFO  - Watchdog has been checked
04.06.2014 14:06:41,189 - INFO  - Watchdog has been checked
04.06.2014 14:08:41,267 - INFO  - Watchdog has been checked
04.06.2014 14:10:41,290 - INFO  - Watchdog has been checked
04.06.2014 14:12:41,291 - INFO  - Watchdog has been checked
04.06.2014 14:14:41,244 - INFO  - Watchdog has been checked
04.06.2014 14:16:41,276 - INFO  - Watchdog has been checked
04.06.2014 14:18:41,278 - INFO  - Watchdog has been checked
04.06.2014 14:20:41,080 - INFO  - Watchdog has been checked
04.06.2014 14:22:40,082 - INFO  - Watchdog has been checked
04.06.2014 14:24:39,181 - INFO  - Watchdog has been checked
04.06.2014 14:26:39,328 - INFO  - Watchdog has been checked
04.06.2014 14:28:39,285 - INFO  - Watchdog has been checked
04.06.2014 14:30:39,217 - INFO  - Watchdog has been checked
04.06.2014 14:32:39,179 - INFO  - Watchdog has been checked
04.06.2014 14:34:39,195 - INFO  - Watchdog has been checked
04.06.2014 14:36:38,085 - INFO  - Watchdog has been checked
04.06.2014 14:38:37,108 - INFO  - Watchdog has been checked
04.06.2014 14:40:36,226 - INFO  - Watchdog has been checked
04.06.2014 14:42:36,193 - INFO  - Watchdog has been checked
04.06.2014 14:44:35,090 - INFO  - Watchdog has been checked
04.06.2014 14:46:34,843 - INFO  - Watchdog has been checked
04.06.2014 14:48:34,168 - INFO  - Watchdog has been checked
04.06.2014 14:50:34,295 - INFO  - Watchdog has been checked
04.06.2014 14:52:34,085 - INFO  - Watchdog has been checked
04.06.2014 14:54:34,221 - INFO  - Watchdog has been checked
04.06.2014 14:56:34,231 - INFO  - Watchdog has been checked
04.06.2014 14:58:34,264 - INFO  - Watchdog has been checked
04.06.2014 15:00:34,147 - INFO  - Watchdog has been checked
04.06.2014 15:02:34,132 - INFO  - Watchdog has been checked
04.06.2014 15:04:34,271 - INFO  - Watchdog has been checked
04.06.2014 15:06:34,029 - INFO  - Watchdog has been checked
04.06.2014 15:08:34,898 - INFO  - Watchdog has been checked
04.06.2014 15:10:34,186 - INFO  - Watchdog has been checked
04.06.2014 15:12:34,211 - INFO  - Watchdog has been checked
04.06.2014 15:14:34,084 - INFO  - Watchdog has been checked
04.06.2014 15:16:34,128 - INFO  - Watchdog has been checked
04.06.2014 15:18:34,114 - INFO  - Watchdog has been checked
04.06.2014 15:20:34,282 - INFO  - Watchdog has been checked
04.06.2014 15:22:34,283 - INFO  - Watchdog has been checked
04.06.2014 15:24:34,216 - INFO  - Watchdog has been checked
04.06.2014 15:26:34,296 - INFO  - Watchdog has been checked
04.06.2014 15:27:10,771 - INFO  - searcher identified --- respT: 51ms, 82952 results, q=, 
04.06.2014 15:27:17,660 - INFO  - searcher identified --- respT: 21ms, 57 results, q=watchdog, 
04.06.2014 15:27:18,607 - INFO  - searcher identified --- respT: 22ms, 57 results, q=watchdog, 
04.06.2014 15:27:43,506 - INFO  - searcher identified --- respT: 16ms, 7 results, web:(PSIWeb), q=watchdog, 
04.06.2014 15:27:51,102 - INFO  - searcher identified --- respT: 16ms, 13 results, web:(PSIWeb), q=icinga, 
04.06.2014 15:28:34,126 - INFO  - Watchdog has been checked
04.06.2014 15:30:34,248 - INFO  - Watchdog has been checked
04.06.2014 15:32:34,264 - INFO  - Watchdog has been checked
04.06.2014 15:34:34,120 - INFO  - Watchdog has been checked
04.06.2014 15:36:34,180 - INFO  - Watchdog has been checked
04.06.2014 15:38:34,203 - INFO  - Watchdog has been checked
04.06.2014 15:40:34,316 - INFO  - Watchdog has been checked
04.06.2014 15:42:34,324 - INFO  - Watchdog has been checked
04.06.2014 15:44:34,219 - INFO  - Watchdog has been checked
04.06.2014 15:46:34,304 - INFO  - Watchdog has been checked
04.06.2014 15:48:34,603 - INFO  - Watchdog has been checked
04.06.2014 15:50:34,244 - INFO  - Watchdog has been checked
04.06.2014 15:52:34,259 - INFO  - Watchdog has been checked
04.06.2014 15:54:34,156 - INFO  - Watchdog has been checked
04.06.2014 15:56:33,239 - INFO  - Watchdog has been checked
04.06.2014 15:58:33,245 - INFO  - Watchdog has been checked
04.06.2014 16:00:33,412 - INFO  - Watchdog has been checked
04.06.2014 16:02:33,460 - INFO  - Watchdog has been checked
04.06.2014 16:04:33,247 - INFO  - Watchdog has been checked
04.06.2014 16:06:33,405 - INFO  - Watchdog has been checked
04.06.2014 16:08:33,420 - INFO  - Watchdog has been checked
04.06.2014 16:10:34,898 - INFO  - Watchdog has been checked
04.06.2014 16:12:34,444 - INFO  - Watchdog has been checked
04.06.2014 16:14:34,258 - INFO  - Watchdog has been checked
04.06.2014 16:16:34,320 - INFO  - Watchdog has been checked
04.06.2014 16:18:34,409 - INFO  - Watchdog has been checked
04.06.2014 16:20:34,264 - INFO  - Watchdog has been checked
04.06.2014 16:22:34,305 - INFO  - Watchdog has been checked
04.06.2014 16:24:34,396 - INFO  - Watchdog has been checked
04.06.2014 16:26:34,134 - INFO  - Watchdog has been checked
04.06.2014 16:28:34,147 - INFO  - Watchdog has been checked
04.06.2014 16:30:34,274 - INFO  - Watchdog has been checked
04.06.2014 16:32:34,291 - INFO  - Watchdog has been checked
04.06.2014 16:34:34,191 - INFO  - Watchdog has been checked
04.06.2014 16:36:34,142 - INFO  - Watchdog has been checked
04.06.2014 16:38:34,156 - INFO  - Watchdog has been checked
04.06.2014 16:40:34,059 - INFO  - Watchdog has been checked
04.06.2014 16:42:34,102 - INFO  - Watchdog has been checked
04.06.2014 16:44:34,182 - INFO  - Watchdog has been checked
04.06.2014 16:46:34,215 - INFO  - Watchdog has been checked
04.06.2014 16:48:34,256 - INFO  - Watchdog has been checked
04.06.2014 16:50:37,368 - INFO  - Watchdog has been checked
04.06.2014 16:51:35,720 - INFO  - searcher identified --- respT: 20ms, 5158 results, web:(PSIWeb), q=, 
04.06.2014 16:51:56,559 - INFO  - searcher identified --- respT: 20ms, 822 results, web:(PSIWeb), author:SonjaWestfeld, q=, 
04.06.2014 16:52:37,164 - INFO  - Watchdog has been checked
04.06.2014 16:54:37,268 - INFO  - Watchdog has been checked
04.06.2014 16:56:37,293 - INFO  - Watchdog has been checked
04.06.2014 16:58:37,318 - INFO  - Watchdog has been checked
04.06.2014 17:00:37,196 - INFO  - Watchdog has been checked
04.06.2014 17:02:37,223 - INFO  - Watchdog has been checked
04.06.2014 17:04:37,286 - INFO  - Watchdog has been checked
04.06.2014 17:06:37,248 - INFO  - Watchdog has been checked
04.06.2014 17:08:37,239 - INFO  - Watchdog has been checked
04.06.2014 17:10:37,183 - INFO  - Watchdog has been checked
04.06.2014 17:12:37,149 - INFO  - Watchdog has been checked
04.06.2014 17:14:37,235 - INFO  - Watchdog has been checked
04.06.2014 17:16:37,267 - INFO  - Watchdog has been checked
04.06.2014 17:18:37,305 - INFO  - Watchdog has been checked
04.06.2014 17:20:37,234 - INFO  - Watchdog has been checked
04.06.2014 17:22:37,217 - INFO  - Watchdog has been checked
04.06.2014 17:24:37,294 - INFO  - Watchdog has been checked
04.06.2014 17:26:37,118 - INFO  - Watchdog has been checked
04.06.2014 17:28:36,087 - INFO  - Watchdog has been checked
04.06.2014 17:30:34,983 - INFO  - Watchdog has been checked
04.06.2014 17:32:33,996 - INFO  - Watchdog has been checked
04.06.2014 17:34:33,075 - INFO  - Watchdog has been checked
04.06.2014 17:36:32,072 - INFO  - Watchdog has been checked
04.06.2014 17:38:31,049 - INFO  - Watchdog has been checked
04.06.2014 17:40:29,966 - INFO  - Watchdog has been checked
04.06.2014 17:42:29,012 - INFO  - Watchdog has been checked
04.06.2014 17:44:28,067 - INFO  - Watchdog has been checked
04.06.2014 17:46:27,126 - INFO  - Watchdog has been checked
04.06.2014 17:48:27,097 - INFO  - Watchdog has been checked
04.06.2014 17:50:26,041 - INFO  - Watchdog has been checked
04.06.2014 17:52:25,036 - INFO  - Watchdog has been checked
04.06.2014 17:54:24,130 - INFO  - Watchdog has been checked
04.06.2014 17:56:24,213 - INFO  - Watchdog has been checked
04.06.2014 17:58:24,223 - INFO  - Watchdog has been checked
04.06.2014 18:00:24,143 - INFO  - Watchdog has been checked
04.06.2014 18:02:23,399 - INFO  - Watchdog has been checked
04.06.2014 18:04:23,215 - INFO  - Watchdog has been checked
04.06.2014 18:06:23,244 - INFO  - Watchdog has been checked
04.06.2014 18:08:23,303 - INFO  - Watchdog has been checked
04.06.2014 18:10:23,171 - INFO  - Watchdog has been checked
04.06.2014 18:12:23,436 - INFO  - Watchdog has been checked
04.06.2014 18:14:23,232 - INFO  - Watchdog has been checked
04.06.2014 18:16:23,336 - INFO  - Watchdog has been checked
04.06.2014 18:18:26,609 - INFO  - Watchdog has been checked
04.06.2014 18:20:26,281 - INFO  - Watchdog has been checked
04.06.2014 18:22:26,297 - INFO  - Watchdog has been checked
04.06.2014 18:24:26,363 - INFO  - Watchdog has been checked
04.06.2014 18:26:26,444 - INFO  - Watchdog has been checked
04.06.2014 18:28:26,461 - INFO  - Watchdog has been checked
04.06.2014 18:30:26,345 - INFO  - Watchdog has been checked
04.06.2014 18:32:26,353 - INFO  - Watchdog has been checked
04.06.2014 18:34:26,436 - INFO  - Watchdog has been checked
04.06.2014 18:36:26,461 - INFO  - Watchdog has been checked
04.06.2014 18:38:26,482 - INFO  - Watchdog has been checked
04.06.2014 18:40:27,579 - INFO  - Watchdog has been checked
04.06.2014 18:42:27,355 - INFO  - Watchdog has been checked
04.06.2014 18:44:27,402 - INFO  - Watchdog has been checked
04.06.2014 18:46:27,387 - INFO  - Watchdog has been checked
04.06.2014 18:48:27,200 - INFO  - Watchdog has been checked
04.06.2014 18:50:27,299 - INFO  - Watchdog has been checked
04.06.2014 18:52:27,080 - INFO  - Watchdog has been checked
04.06.2014 18:54:26,118 - INFO  - Watchdog has been checked
04.06.2014 18:56:25,170 - INFO  - Watchdog has been checked
04.06.2014 18:58:25,165 - INFO  - Watchdog has been checked
04.06.2014 19:00:24,072 - INFO  - Watchdog has been checked
04.06.2014 19:02:23,072 - INFO  - Watchdog has been checked
04.06.2014 19:04:22,108 - INFO  - Watchdog has been checked
04.06.2014 19:06:21,110 - INFO  - Watchdog has been checked
04.06.2014 19:08:21,178 - INFO  - Watchdog has been checked
04.06.2014 19:10:21,075 - INFO  - Watchdog has been checked
04.06.2014 19:12:21,079 - INFO  - Watchdog has been checked
04.06.2014 19:14:21,195 - INFO  - Watchdog has been checked
04.06.2014 19:16:21,247 - INFO  - Watchdog has been checked
04.06.2014 19:18:21,276 - INFO  - Watchdog has been checked
04.06.2014 19:20:21,156 - INFO  - Watchdog has been checked
04.06.2014 19:22:21,165 - INFO  - Watchdog has been checked
04.06.2014 19:24:21,219 - INFO  - Watchdog has been checked
04.06.2014 19:26:21,312 - INFO  - Watchdog has been checked
04.06.2014 19:28:21,320 - INFO  - Watchdog has been checked
04.06.2014 19:30:21,339 - INFO  - Watchdog has been checked
04.06.2014 19:32:21,322 - INFO  - Watchdog has been checked
04.06.2014 19:34:21,161 - INFO  - Watchdog has been checked
04.06.2014 19:36:21,290 - INFO  - Watchdog has been checked
04.06.2014 19:38:21,293 - INFO  - Watchdog has been checked
04.06.2014 19:40:21,239 - INFO  - Watchdog has been checked
04.06.2014 19:42:21,191 - INFO  - Watchdog has been checked
04.06.2014 19:44:21,269 - INFO  - Watchdog has been checked
04.06.2014 19:46:21,292 - INFO  - Watchdog has been checked
04.06.2014 19:48:21,300 - INFO  - Watchdog has been checked
04.06.2014 19:50:21,200 - INFO  - Watchdog has been checked
04.06.2014 19:52:21,331 - INFO  - Watchdog has been checked
04.06.2014 19:54:21,402 - INFO  - Watchdog has been checked
04.06.2014 19:56:21,204 - INFO  - Watchdog has been checked
04.06.2014 19:58:21,183 - INFO  - Watchdog has been checked
04.06.2014 20:00:21,326 - INFO  - Watchdog has been checked
04.06.2014 20:02:21,084 - INFO  - Watchdog has been checked
04.06.2014 20:04:21,162 - INFO  - Watchdog has been checked
04.06.2014 20:06:21,205 - INFO  - Watchdog has been checked
04.06.2014 20:08:21,204 - INFO  - Watchdog has been checked
04.06.2014 20:10:21,168 - INFO  - Watchdog has been checked
04.06.2014 20:12:21,222 - INFO  - Watchdog has been checked
04.06.2014 20:14:21,286 - INFO  - Watchdog has been checked
04.06.2014 20:16:21,103 - INFO  - Watchdog has been checked
04.06.2014 20:18:20,108 - INFO  - Watchdog has been checked
04.06.2014 20:20:20,112 - INFO  - Watchdog has been checked
04.06.2014 20:22:19,109 - INFO  - Watchdog has been checked
04.06.2014 20:24:18,173 - INFO  - Watchdog has been checked
04.06.2014 20:26:18,185 - INFO  - Watchdog has been checked
04.06.2014 20:28:18,231 - INFO  - Watchdog has been checked
04.06.2014 20:30:18,138 - INFO  - Watchdog has been checked
04.06.2014 20:32:18,119 - INFO  - Watchdog has been checked
04.06.2014 20:34:18,171 - INFO  - Watchdog has been checked
04.06.2014 20:36:18,277 - INFO  - Watchdog has been checked
04.06.2014 20:38:18,255 - INFO  - Watchdog has been checked
04.06.2014 20:40:18,193 - INFO  - Watchdog has been checked
04.06.2014 20:42:18,199 - INFO  - Watchdog has been checked
04.06.2014 20:44:18,276 - INFO  - Watchdog has been checked
04.06.2014 20:46:18,093 - INFO  - Watchdog has been checked
04.06.2014 20:48:18,100 - INFO  - Watchdog has been checked
04.06.2014 20:50:18,073 - INFO  - Watchdog has been checked
04.06.2014 20:52:18,121 - INFO  - Watchdog has been checked
04.06.2014 20:54:18,189 - INFO  - Watchdog has been checked
04.06.2014 20:56:18,248 - INFO  - Watchdog has been checked
04.06.2014 20:58:18,252 - INFO  - Watchdog has been checked
04.06.2014 21:00:18,146 - INFO  - Watchdog has been checked
04.06.2014 21:02:18,160 - INFO  - Watchdog has been checked
04.06.2014 21:04:18,229 - INFO  - Watchdog has been checked
04.06.2014 21:06:18,247 - INFO  - Watchdog has been checked
04.06.2014 21:08:18,321 - INFO  - Watchdog has been checked
04.06.2014 21:10:18,210 - INFO  - Watchdog has been checked
04.06.2014 21:12:18,259 - INFO  - Watchdog has been checked
04.06.2014 21:14:18,317 - INFO  - Watchdog has been checked
04.06.2014 21:16:18,065 - INFO  - Watchdog has been checked
04.06.2014 21:18:17,083 - INFO  - Watchdog has been checked
04.06.2014 21:20:17,256 - INFO  - Watchdog has been checked
04.06.2014 21:22:17,030 - INFO  - Watchdog has been checked
04.06.2014 21:24:16,125 - INFO  - Watchdog has been checked
04.06.2014 21:26:15,289 - INFO  - Watchdog has been checked
04.06.2014 21:28:15,076 - INFO  - Watchdog has been checked
04.06.2014 21:30:14,221 - INFO  - Watchdog has been checked
04.06.2014 21:32:14,319 - INFO  - Watchdog has been checked
04.06.2014 21:34:14,153 - INFO  - Watchdog has been checked
04.06.2014 21:36:13,367 - INFO  - Watchdog has been checked
04.06.2014 21:38:13,214 - INFO  - Watchdog has been checked
04.06.2014 21:40:13,125 - INFO  - Watchdog has been checked
04.06.2014 21:42:12,100 - INFO  - Watchdog has been checked
04.06.2014 21:44:12,158 - INFO  - Watchdog has been checked
04.06.2014 21:46:12,247 - INFO  - Watchdog has been checked
04.06.2014 21:48:12,288 - INFO  - Watchdog has been checked
04.06.2014 21:50:12,219 - INFO  - Watchdog has been checked
04.06.2014 21:52:12,261 - INFO  - Watchdog has been checked
04.06.2014 21:54:12,283 - INFO  - Watchdog has been checked
04.06.2014 21:56:12,108 - INFO  - Watchdog has been checked
04.06.2014 21:58:12,106 - INFO  - Watchdog has been checked
04.06.2014 22:00:12,239 - INFO  - Watchdog has been checked
04.06.2014 22:02:12,259 - INFO  - Watchdog has been checked
04.06.2014 22:04:12,300 - INFO  - Watchdog has been checked
04.06.2014 22:06:12,122 - INFO  - Watchdog has been checked
04.06.2014 22:08:12,120 - INFO  - Watchdog has been checked
04.06.2014 22:10:12,255 - INFO  - Watchdog has been checked
04.06.2014 22:12:12,334 - INFO  - Watchdog has been checked
04.06.2014 22:14:12,168 - INFO  - Watchdog has been checked
04.06.2014 22:16:12,231 - INFO  - Watchdog has been checked
04.06.2014 22:18:12,206 - INFO  - Watchdog has been checked
04.06.2014 22:20:12,135 - INFO  - Watchdog has been checked
04.06.2014 22:22:12,151 - INFO  - Watchdog has been checked
04.06.2014 22:24:12,219 - INFO  - Watchdog has been checked
04.06.2014 22:26:12,245 - INFO  - Watchdog has been checked
04.06.2014 22:28:12,323 - INFO  - Watchdog has been checked
04.06.2014 22:30:12,288 - INFO  - Watchdog has been checked
04.06.2014 22:32:12,317 - INFO  - Watchdog has been checked
04.06.2014 22:34:12,346 - INFO  - Watchdog has been checked
04.06.2014 22:36:12,167 - INFO  - Watchdog has been checked
04.06.2014 22:38:12,189 - INFO  - Watchdog has been checked
04.06.2014 22:40:12,062 - INFO  - Watchdog has been checked
04.06.2014 22:42:12,331 - INFO  - Watchdog has been checked
04.06.2014 22:44:12,134 - INFO  - Watchdog has been checked
04.06.2014 22:46:11,175 - INFO  - Watchdog has been checked
04.06.2014 22:48:11,161 - INFO  - Watchdog has been checked
04.06.2014 22:50:11,372 - INFO  - Watchdog has been checked
04.06.2014 22:52:11,368 - INFO  - Watchdog has been checked
04.06.2014 22:54:11,126 - INFO  - Watchdog has been checked
04.06.2014 22:56:11,147 - INFO  - Watchdog has been checked
04.06.2014 22:58:11,226 - INFO  - Watchdog has been checked
04.06.2014 23:00:11,104 - INFO  - Watchdog has been checked
04.06.2014 23:02:10,127 - INFO  - Watchdog has been checked
04.06.2014 23:04:10,192 - INFO  - Watchdog has been checked
04.06.2014 23:06:10,231 - INFO  - Watchdog has been checked
04.06.2014 23:08:10,206 - INFO  - Watchdog has been checked
04.06.2014 23:10:10,120 - INFO  - Watchdog has been checked
04.06.2014 23:12:10,179 - INFO  - Watchdog has been checked
04.06.2014 23:14:10,233 - INFO  - Watchdog has been checked
04.06.2014 23:16:10,021 - INFO  - Watchdog has been checked
04.06.2014 23:18:09,040 - INFO  - Watchdog has been checked
04.06.2014 23:20:09,159 - INFO  - Watchdog has been checked
04.06.2014 23:22:09,252 - INFO  - Watchdog has been checked
04.06.2014 23:24:09,307 - INFO  - Watchdog has been checked
04.06.2014 23:26:09,098 - INFO  - Watchdog has been checked
04.06.2014 23:28:09,148 - INFO  - Watchdog has been checked
04.06.2014 23:31:08,299 - INFO  - Watchdog has been checked
04.06.2014 23:32:08,268 - INFO  - Watchdog has been checked
04.06.2014 23:34:08,343 - INFO  - Watchdog has been checked
04.06.2014 23:36:08,128 - INFO  - Watchdog has been checked
04.06.2014 23:38:08,130 - INFO  - Watchdog has been checked
04.06.2014 23:40:08,257 - INFO  - Watchdog has been checked
04.06.2014 23:42:08,296 - INFO  - Watchdog has been checked
04.06.2014 23:44:08,361 - INFO  - Watchdog has been checked
04.06.2014 23:46:08,146 - INFO  - Watchdog has been checked
04.06.2014 23:48:08,201 - INFO  - Watchdog has been checked
04.06.2014 23:50:07,301 - INFO  - Watchdog has been checked
04.06.2014 23:52:07,100 - INFO  - Watchdog has been checked
04.06.2014 23:54:06,127 - INFO  - Watchdog has been checked
04.06.2014 23:56:05,280 - INFO  - Watchdog has been checked
04.06.2014 23:58:05,295 - INFO  - Watchdog has been checked
