13.06.2014 00:01:52,290 - INFO  - Watchdog has been checked: 0 passed
13.06.2014 00:03:52,251 - INFO  - Watchdog has been checked: 0 passed
13.06.2014 00:05:52,128 - INFO  - Watchdog has been checked: 0 passed
13.06.2014 00:07:51,154 - INFO  - Watchdog has been checked: 0 passed
13.06.2014 00:09:50,281 - INFO  - Watchdog has been checked: 0 passed
13.06.2014 00:11:50,303 - INFO  - Watchdog has been checked: 0 passed
13.06.2014 00:13:50,280 - INFO  - Watchdog has been checked: 0 passed
13.06.2014 00:15:50,400 - INFO  - Watchdog has been checked: 0 passed
13.06.2014 00:17:50,195 - INFO  - Watchdog has been checked: 0 passed
13.06.2014 00:19:50,315 - INFO  - Watchdog has been checked: 0 passed
13.06.2014 00:21:51,303 - INFO  - Watchdog has been checked: 0 passed
13.06.2014 00:23:51,236 - INFO  - Watchdog has been checked: 0 passed
13.06.2014 00:25:51,083 - INFO  - Watchdog has been checked: 0 passed
13.06.2014 00:27:50,060 - INFO  - Watchdog has been checked: 0 passed
13.06.2014 00:29:49,147 - INFO  - Watchdog has been checked: 0 passed
13.06.2014 00:31:48,196 - INFO  - Watchdog has been checked: 0 passed
13.06.2014 00:33:47,161 - INFO  - Watchdog has been checked: 0 passed
13.06.2014 00:35:46,235 - INFO  - Watchdog has been checked: 0 passed
13.06.2014 00:37:45,244 - INFO  - Watchdog has been checked: 0 passed
13.06.2014 00:39:44,086 - INFO  - Watchdog has been checked: 0 passed
13.06.2014 00:41:43,091 - INFO  - Watchdog has been checked: 0 passed
13.06.2014 00:43:42,080 - INFO  - Watchdog has been checked: 0 passed
13.06.2014 00:45:41,214 - INFO  - Watchdog has been checked: 0 passed
13.06.2014 00:47:41,174 - INFO  - Watchdog has been checked: 0 passed
13.06.2014 00:49:41,092 - INFO  - Watchdog has been checked: 0 passed
13.06.2014 00:51:41,142 - INFO  - Watchdog has been checked: 0 passed
13.06.2014 00:53:41,145 - INFO  - Watchdog has been checked: 0 passed
13.06.2014 00:55:41,261 - INFO  - Watchdog has been checked: 0 passed
13.06.2014 00:57:41,274 - INFO  - Watchdog has been checked: 0 passed
13.06.2014 00:59:41,186 - INFO  - Watchdog has been checked: 0 passed
13.06.2014 01:01:41,236 - INFO  - Watchdog has been checked: 0 passed
13.06.2014 01:03:41,259 - INFO  - Watchdog has been checked: 0 passed
13.06.2014 01:05:41,393 - INFO  - Watchdog has been checked: 0 passed
13.06.2014 01:07:41,360 - INFO  - Watchdog has been checked: 0 passed
13.06.2014 01:09:41,297 - INFO  - Watchdog has been checked: 0 passed
13.06.2014 01:11:41,324 - INFO  - Watchdog has been checked: 0 passed
13.06.2014 01:13:41,325 - INFO  - Watchdog has been checked: 0 passed
13.06.2014 01:15:41,201 - INFO  - Watchdog has been checked: 0 passed
13.06.2014 01:17:41,163 - INFO  - Watchdog has been checked: 0 passed
13.06.2014 01:19:41,346 - INFO  - Watchdog has been checked: 0 passed
13.06.2014 01:21:41,353 - INFO  - Watchdog has been checked: 0 passed
13.06.2014 01:23:41,342 - INFO  - Watchdog has been checked: 0 passed
13.06.2014 01:25:41,183 - INFO  - Watchdog has been checked: 0 passed
13.06.2014 01:27:41,394 - INFO  - Watchdog has been checked: 0 passed
13.06.2014 01:29:41,360 - INFO  - Watchdog has been checked: 0 passed
13.06.2014 01:31:41,356 - INFO  - Watchdog has been checked: 0 passed
13.06.2014 01:33:41,369 - INFO  - Watchdog has been checked: 0 passed
13.06.2014 01:35:41,503 - INFO  - Watchdog has been checked: 0 passed
13.06.2014 01:37:41,471 - INFO  - Watchdog has been checked: 0 passed
13.06.2014 01:39:41,397 - INFO  - Watchdog has been checked: 0 passed
13.06.2014 01:41:41,387 - INFO  - Watchdog has been checked: 0 passed
13.06.2014 01:43:41,291 - INFO  - Watchdog has been checked: 0 passed
13.06.2014 01:45:41,405 - INFO  - Watchdog has been checked: 0 passed
13.06.2014 01:47:41,347 - INFO  - Watchdog has been checked: 0 passed
13.06.2014 01:49:41,230 - INFO  - Watchdog has been checked: 0 passed
13.06.2014 01:51:41,214 - INFO  - Watchdog has been checked: 0 passed
13.06.2014 01:53:41,187 - INFO  - Watchdog has been checked: 0 passed
13.06.2014 01:55:41,292 - INFO  - Watchdog has been checked: 0 passed
13.06.2014 01:57:41,220 - INFO  - Watchdog has been checked: 0 passed
13.06.2014 01:59:41,088 - INFO  - Watchdog has been checked: 0 passed
13.06.2014 02:01:41,052 - INFO  - Watchdog has been checked: 0 passed
13.06.2014 02:03:41,022 - INFO  - Watchdog has been checked: 0 passed
13.06.2014 02:05:41,167 - INFO  - Watchdog has been checked: 0 passed
13.06.2014 02:07:41,148 - INFO  - Watchdog has been checked: 0 passed
13.06.2014 02:09:41,072 - INFO  - Watchdog has been checked: 0 passed
13.06.2014 02:11:41,125 - INFO  - Watchdog has been checked: 0 passed
13.06.2014 02:13:41,097 - INFO  - Watchdog has been checked: 0 passed
13.06.2014 02:15:41,197 - INFO  - Watchdog has been checked: 0 passed
13.06.2014 02:17:41,151 - INFO  - Watchdog has been checked: 0 passed
13.06.2014 02:19:41,045 - INFO  - Watchdog has been checked: 0 passed
13.06.2014 02:21:40,069 - INFO  - Watchdog has been checked: 0 passed
13.06.2014 02:23:39,046 - INFO  - Watchdog has been checked: 0 passed
13.06.2014 02:25:38,157 - INFO  - Watchdog has been checked: 0 passed
13.06.2014 02:27:38,141 - INFO  - Watchdog has been checked: 0 passed
13.06.2014 02:29:38,067 - INFO  - Watchdog has been checked: 0 passed
13.06.2014 02:31:38,099 - INFO  - Watchdog has been checked: 0 passed
13.06.2014 02:33:38,093 - INFO  - Watchdog has been checked: 0 passed
13.06.2014 02:35:38,204 - INFO  - Watchdog has been checked: 0 passed
13.06.2014 02:37:38,218 - INFO  - Watchdog has been checked: 0 passed
13.06.2014 02:39:38,321 - INFO  - Watchdog has been checked: 0 passed
13.06.2014 02:41:38,337 - INFO  - Watchdog has been checked: 0 passed
13.06.2014 02:43:38,306 - INFO  - Watchdog has been checked: 0 passed
13.06.2014 02:45:38,169 - INFO  - Watchdog has been checked: 0 passed
13.06.2014 02:47:38,434 - INFO  - Watchdog has been checked: 0 passed
13.06.2014 02:49:38,426 - INFO  - Watchdog has been checked: 0 passed
13.06.2014 02:51:39,291 - INFO  - Watchdog has been checked: 0 passed
13.06.2014 02:53:39,374 - INFO  - Watchdog has been checked: 0 passed
13.06.2014 02:55:39,198 - INFO  - Watchdog has been checked: 0 passed
13.06.2014 02:57:38,203 - INFO  - Watchdog has been checked: 0 passed
13.06.2014 02:59:37,405 - INFO  - Watchdog has been checked: 0 passed
13.06.2014 03:01:37,407 - INFO  - Watchdog has been checked: 0 passed
13.06.2014 03:03:37,416 - INFO  - Watchdog has been checked: 0 passed
13.06.2014 03:05:37,239 - INFO  - Watchdog has been checked: 0 passed
13.06.2014 03:07:37,196 - INFO  - Watchdog has been checked: 0 passed
13.06.2014 03:09:37,142 - INFO  - Watchdog has been checked: 0 passed
13.06.2014 03:11:37,160 - INFO  - Watchdog has been checked: 0 passed
13.06.2014 03:13:40,875 - INFO  - Watchdog has been checked: 0 passed
13.06.2014 03:15:40,277 - INFO  - Watchdog has been checked: 0 passed
13.06.2014 03:17:40,230 - INFO  - Watchdog has been checked: 0 passed
13.06.2014 03:19:40,194 - INFO  - Watchdog has been checked: 0 passed
13.06.2014 03:21:40,175 - INFO  - Watchdog has been checked: 0 passed
13.06.2014 03:23:40,157 - INFO  - Watchdog has been checked: 0 passed
13.06.2014 03:25:40,264 - INFO  - Watchdog has been checked: 0 passed
13.06.2014 03:27:40,269 - INFO  - Watchdog has been checked: 0 passed
13.06.2014 03:29:40,167 - INFO  - Watchdog has been checked: 0 passed
13.06.2014 03:31:40,187 - INFO  - Watchdog has been checked: 0 passed
13.06.2014 03:33:40,210 - INFO  - Watchdog has been checked: 0 passed
13.06.2014 03:35:40,321 - INFO  - Watchdog has been checked: 0 passed
13.06.2014 03:37:40,291 - INFO  - Watchdog has been checked: 0 passed
13.06.2014 03:39:40,232 - INFO  - Watchdog has been checked: 0 passed
13.06.2014 03:41:40,318 - INFO  - Watchdog has been checked: 0 passed
13.06.2014 03:43:40,262 - INFO  - Watchdog has been checked: 0 passed
13.06.2014 03:45:40,166 - INFO  - Watchdog has been checked: 0 passed
13.06.2014 03:47:40,100 - INFO  - Watchdog has been checked: 0 passed
13.06.2014 03:49:40,281 - INFO  - Watchdog has been checked: 0 passed
13.06.2014 03:51:40,310 - INFO  - Watchdog has been checked: 0 passed
13.06.2014 03:53:40,294 - INFO  - Watchdog has been checked: 0 passed
13.06.2014 03:55:40,123 - INFO  - Watchdog has been checked: 0 passed
13.06.2014 03:57:40,345 - INFO  - Watchdog has been checked: 0 passed
13.06.2014 03:59:40,258 - INFO  - Watchdog has been checked: 0 passed
13.06.2014 04:01:40,309 - INFO  - Watchdog has been checked: 0 passed
13.06.2014 04:03:40,229 - INFO  - Watchdog has been checked: 0 passed
13.06.2014 04:05:40,374 - INFO  - Watchdog has been checked: 0 passed
13.06.2014 04:07:40,377 - INFO  - Watchdog has been checked: 0 passed
13.06.2014 04:09:40,315 - INFO  - Watchdog has been checked: 0 passed
13.06.2014 04:11:40,338 - INFO  - Watchdog has been checked: 0 passed
13.06.2014 04:13:40,275 - INFO  - Watchdog has been checked: 0 passed
13.06.2014 04:15:40,967 - INFO  - Watchdog has been checked: 0 passed
13.06.2014 04:17:40,370 - INFO  - Watchdog has been checked: 0 passed
13.06.2014 04:19:40,267 - INFO  - Watchdog has been checked: 0 passed
13.06.2014 04:21:40,266 - INFO  - Watchdog has been checked: 0 passed
13.06.2014 04:23:40,196 - INFO  - Watchdog has been checked: 0 passed
13.06.2014 04:25:40,008 - INFO  - Watchdog has been checked: 0 passed
13.06.2014 04:27:38,996 - INFO  - Watchdog has been checked: 0 passed
13.06.2014 04:29:38,152 - INFO  - Watchdog has been checked: 0 passed
13.06.2014 04:31:38,225 - INFO  - Watchdog has been checked: 0 passed
13.06.2014 04:33:38,147 - INFO  - Watchdog has been checked: 0 passed
13.06.2014 04:35:37,958 - INFO  - Watchdog has been checked: 0 passed
13.06.2014 04:37:37,164 - INFO  - Watchdog has been checked: 0 passed
13.06.2014 04:39:37,073 - INFO  - Watchdog has been checked: 0 passed
13.06.2014 04:41:36,096 - INFO  - Watchdog has been checked: 0 passed
13.06.2014 04:43:35,101 - INFO  - Watchdog has been checked: 0 passed
13.06.2014 04:45:35,030 - INFO  - Watchdog has been checked: 0 passed
13.06.2014 04:47:34,045 - INFO  - Watchdog has been checked: 0 passed
13.06.2014 04:49:33,205 - INFO  - Watchdog has been checked: 0 passed
13.06.2014 04:51:33,226 - INFO  - Watchdog has been checked: 0 passed
13.06.2014 04:53:33,233 - INFO  - Watchdog has been checked: 0 passed
13.06.2014 04:55:33,052 - INFO  - Watchdog has been checked: 0 passed
13.06.2014 04:57:32,105 - INFO  - Watchdog has been checked: 0 passed
13.06.2014 04:59:31,243 - INFO  - Watchdog has been checked: 0 passed
13.06.2014 05:01:31,302 - INFO  - Watchdog has been checked: 0 passed
13.06.2014 05:03:31,255 - INFO  - Watchdog has been checked: 0 passed
13.06.2014 05:05:31,316 - INFO  - Watchdog has been checked: 0 passed
13.06.2014 05:07:31,324 - INFO  - Watchdog has been checked: 0 passed
13.06.2014 05:09:31,186 - INFO  - Watchdog has been checked: 0 passed
13.06.2014 05:11:31,205 - INFO  - Watchdog has been checked: 0 passed
13.06.2014 05:13:31,153 - INFO  - Watchdog has been checked: 0 passed
13.06.2014 05:15:31,237 - INFO  - Watchdog has been checked: 0 passed
13.06.2014 05:17:31,254 - INFO  - Watchdog has been checked: 0 passed
13.06.2014 05:19:31,169 - INFO  - Watchdog has been checked: 0 passed
13.06.2014 05:21:31,150 - INFO  - Watchdog has been checked: 0 passed
13.06.2014 05:23:31,170 - INFO  - Watchdog has been checked: 0 passed
13.06.2014 05:25:31,228 - INFO  - Watchdog has been checked: 0 passed
13.06.2014 05:27:31,283 - INFO  - Watchdog has been checked: 0 passed
13.06.2014 05:29:31,197 - INFO  - Watchdog has been checked: 0 passed
13.06.2014 05:31:31,188 - INFO  - Watchdog has been checked: 0 passed
13.06.2014 05:33:31,223 - INFO  - Watchdog has been checked: 0 passed
13.06.2014 05:35:31,278 - INFO  - Watchdog has been checked: 0 passed
13.06.2014 05:37:31,255 - INFO  - Watchdog has been checked: 0 passed
13.06.2014 05:39:31,165 - INFO  - Watchdog has been checked: 0 passed
13.06.2014 05:41:31,193 - INFO  - Watchdog has been checked: 0 passed
13.06.2014 05:43:31,217 - INFO  - Watchdog has been checked: 0 passed
13.06.2014 05:45:31,079 - INFO  - Watchdog has been checked: 0 passed
13.06.2014 05:47:31,301 - INFO  - Watchdog has been checked: 0 passed
13.06.2014 05:49:31,219 - INFO  - Watchdog has been checked: 0 passed
13.06.2014 05:51:31,211 - INFO  - Watchdog has been checked: 0 passed
13.06.2014 05:53:31,202 - INFO  - Watchdog has been checked: 0 passed
13.06.2014 05:55:31,040 - INFO  - Watchdog has been checked: 0 passed
13.06.2014 05:57:31,253 - INFO  - Watchdog has been checked: 0 passed
13.06.2014 05:59:31,259 - INFO  - Watchdog has been checked: 0 passed
13.06.2014 06:01:31,297 - INFO  - Watchdog has been checked: 0 passed
13.06.2014 06:03:31,279 - INFO  - Watchdog has been checked: 0 passed
13.06.2014 06:05:31,359 - INFO  - Watchdog has been checked: 0 passed
13.06.2014 06:07:31,294 - INFO  - Watchdog has been checked: 0 passed
13.06.2014 06:09:31,479 - INFO  - Watchdog has been checked: 0 passed
13.06.2014 06:11:31,254 - INFO  - Watchdog has been checked: 0 passed
13.06.2014 06:13:31,434 - INFO  - Watchdog has been checked: 0 passed
13.06.2014 06:15:01,607 - INFO  - mapping file sync started
13.06.2014 06:15:02,103 - INFO  - file successfully updated
13.06.2014 06:15:31,308 - INFO  - Watchdog has been checked: 0 passed
13.06.2014 06:17:31,261 - INFO  - Watchdog has been checked: 0 passed
13.06.2014 06:19:31,202 - INFO  - Watchdog has been checked: 0 passed
13.06.2014 06:21:31,233 - INFO  - Watchdog has been checked: 0 passed
13.06.2014 06:23:31,183 - INFO  - Watchdog has been checked: 0 passed
13.06.2014 06:25:31,317 - INFO  - Watchdog has been checked: 0 passed
13.06.2014 06:27:31,250 - INFO  - Watchdog has been checked: 0 passed
13.06.2014 06:29:31,153 - INFO  - Watchdog has been checked: 0 passed
13.06.2014 06:31:31,127 - INFO  - Watchdog has been checked: 0 passed
13.06.2014 06:33:31,138 - INFO  - Watchdog has been checked: 0 passed
13.06.2014 06:35:31,286 - INFO  - Watchdog has been checked: 0 passed
13.06.2014 06:37:31,266 - INFO  - Watchdog has been checked: 0 passed
13.06.2014 06:39:31,195 - INFO  - Watchdog has been checked: 0 passed
13.06.2014 06:41:31,193 - INFO  - Watchdog has been checked: 0 passed
13.06.2014 06:43:31,165 - INFO  - Watchdog has been checked: 0 passed
13.06.2014 06:45:31,303 - INFO  - Watchdog has been checked: 0 passed
13.06.2014 06:47:31,271 - INFO  - Watchdog has been checked: 0 passed
13.06.2014 06:49:31,179 - INFO  - Watchdog has been checked: 0 passed
13.06.2014 06:51:31,245 - INFO  - Watchdog has been checked: 0 passed
13.06.2014 06:53:31,163 - INFO  - Watchdog has been checked: 0 passed
13.06.2014 06:55:31,062 - INFO  - Watchdog has been checked: 0 passed
13.06.2014 06:57:30,053 - INFO  - Watchdog has been checked: 0 passed
13.06.2014 06:59:29,235 - INFO  - Watchdog has been checked: 0 passed
13.06.2014 07:01:29,050 - INFO  - Watchdog has been checked: 0 passed
13.06.2014 07:03:28,260 - INFO  - Watchdog has been checked: 0 passed
13.06.2014 07:05:28,119 - INFO  - Watchdog has been checked: 0 passed
13.06.2014 07:07:28,120 - INFO  - Watchdog has been checked: 0 passed
13.06.2014 07:09:28,239 - INFO  - Watchdog has been checked: 0 passed
13.06.2014 07:11:28,296 - INFO  - Watchdog has been checked: 0 passed
13.06.2014 07:13:28,296 - INFO  - Watchdog has been checked: 0 passed
13.06.2014 07:15:01,571 - INFO  - mapping file sync started
13.06.2014 07:15:02,018 - INFO  - file successfully updated
13.06.2014 07:15:28,135 - INFO  - Watchdog has been checked: 0 passed
13.06.2014 07:17:28,104 - INFO  - Watchdog has been checked: 0 passed
13.06.2014 07:19:28,268 - INFO  - Watchdog has been checked: 0 passed
13.06.2014 07:21:28,288 - INFO  - Watchdog has been checked: 0 passed
13.06.2014 07:23:28,286 - INFO  - Watchdog has been checked: 0 passed
13.06.2014 07:25:30,493 - INFO  - Watchdog has been checked: 0 passed
13.06.2014 07:27:30,117 - INFO  - Watchdog has been checked: 0 passed
13.06.2014 07:29:30,327 - INFO  - Watchdog has been checked: 0 passed
13.06.2014 07:31:30,142 - INFO  - Watchdog has been checked: 0 passed
13.06.2014 07:33:30,116 - INFO  - Watchdog has been checked: 0 passed
13.06.2014 07:35:30,175 - INFO  - Watchdog has been checked: 0 passed
13.06.2014 07:37:30,185 - INFO  - Watchdog has been checked: 0 passed
13.06.2014 07:39:30,339 - INFO  - Watchdog has been checked: 0 passed
13.06.2014 07:41:30,376 - INFO  - Watchdog has been checked: 0 passed
13.06.2014 07:43:30,367 - INFO  - Watchdog has been checked: 0 passed
13.06.2014 07:45:30,242 - INFO  - Watchdog has been checked: 0 passed
13.06.2014 07:47:31,627 - INFO  - Watchdog has been checked: 0 passed
13.06.2014 07:49:31,411 - INFO  - Watchdog has been checked: 0 passed
13.06.2014 07:51:31,164 - INFO  - Watchdog has been checked: 0 passed
13.06.2014 07:53:31,124 - INFO  - Watchdog has been checked: 0 passed
13.06.2014 07:55:31,182 - INFO  - Watchdog has been checked: 0 passed
13.06.2014 07:57:31,145 - INFO  - Watchdog has been checked: 0 passed
13.06.2014 07:59:31,122 - INFO  - Watchdog has been checked: 0 passed
13.06.2014 08:01:31,130 - INFO  - Watchdog has been checked: 0 passed
13.06.2014 08:03:31,219 - INFO  - Watchdog has been checked: 0 passed
13.06.2014 08:05:31,220 - INFO  - Watchdog has been checked: 0 passed
13.06.2014 08:07:31,165 - INFO  - Watchdog has been checked: 0 passed
13.06.2014 08:09:31,106 - INFO  - Watchdog has been checked: 0 passed
13.06.2014 08:11:31,084 - INFO  - Watchdog has been checked: 0 passed
13.06.2014 08:13:30,099 - INFO  - Watchdog has been checked: 0 passed
13.06.2014 08:15:29,211 - INFO  - Watchdog has been checked: 0 passed
13.06.2014 08:17:29,163 - INFO  - Watchdog has been checked: 0 passed
13.06.2014 08:19:29,167 - INFO  - Watchdog has been checked: 0 passed
13.06.2014 08:21:28,152 - INFO  - Watchdog has been checked: 0 passed
13.06.2014 08:23:27,172 - INFO  - Watchdog has been checked: 0 passed
13.06.2014 08:25:26,239 - INFO  - Watchdog has been checked: 0 passed
13.06.2014 08:27:26,226 - INFO  - Watchdog has been checked: 0 passed
13.06.2014 08:29:25,134 - INFO  - Watchdog has been checked: 0 passed
13.06.2014 08:31:24,239 - INFO  - Watchdog has been checked: 0 passed
13.06.2014 08:33:24,211 - INFO  - Watchdog has been checked: 0 passed
13.06.2014 08:35:24,048 - INFO  - Watchdog has been checked: 0 passed
13.06.2014 08:37:23,251 - INFO  - Watchdog has been checked: 0 passed
13.06.2014 08:39:23,179 - INFO  - Watchdog has been checked: 0 passed
13.06.2014 08:41:23,212 - INFO  - Watchdog has been checked: 0 passed
13.06.2014 08:43:23,192 - INFO  - Watchdog has been checked: 0 passed
13.06.2014 08:45:23,088 - INFO  - Watchdog has been checked: 0 passed
13.06.2014 08:47:22,282 - INFO  - Watchdog has been checked: 0 passed
13.06.2014 08:49:22,193 - INFO  - Watchdog has been checked: 0 passed
13.06.2014 08:51:22,250 - INFO  - Watchdog has been checked: 0 passed
13.06.2014 08:53:22,262 - INFO  - Watchdog has been checked: 0 passed
13.06.2014 08:55:22,151 - INFO  - Watchdog has been checked: 0 passed
13.06.2014 08:57:22,359 - INFO  - Watchdog has been checked: 0 passed
13.06.2014 08:59:22,229 - INFO  - Watchdog has been checked: 0 passed
13.06.2014 09:01:22,294 - INFO  - Watchdog has been checked: 0 passed
13.06.2014 09:03:22,263 - INFO  - Watchdog has been checked: 0 passed
13.06.2014 09:05:22,343 - INFO  - Watchdog has been checked: 0 passed
13.06.2014 09:07:22,303 - INFO  - Watchdog has been checked: 0 passed
13.06.2014 09:09:22,170 - INFO  - Watchdog has been checked: 0 passed
13.06.2014 09:11:22,307 - INFO  - Watchdog has been checked: 0 passed
13.06.2014 09:13:22,251 - INFO  - Watchdog has been checked: 0 passed
13.06.2014 09:15:22,375 - INFO  - Watchdog has been checked: 0 passed
13.06.2014 09:17:22,395 - INFO  - Watchdog has been checked: 0 passed
13.06.2014 09:19:22,198 - INFO  - Watchdog has been checked: 0 passed
13.06.2014 09:21:22,263 - INFO  - Watchdog has been checked: 0 passed
13.06.2014 09:23:22,214 - INFO  - Watchdog has been checked: 0 passed
13.06.2014 09:25:22,298 - INFO  - Watchdog has been checked: 0 passed
13.06.2014 09:27:22,309 - INFO  - Watchdog has been checked: 0 passed
13.06.2014 09:29:22,158 - INFO  - Watchdog has been checked: 0 passed
13.06.2014 09:31:22,205 - INFO  - Watchdog has been checked: 0 passed
13.06.2014 09:33:22,166 - INFO  - Watchdog has been checked: 0 passed
13.06.2014 09:35:22,236 - INFO  - Watchdog has been checked: 0 passed
13.06.2014 09:37:22,223 - INFO  - Watchdog has been checked: 0 passed
13.06.2014 09:39:22,344 - INFO  - Watchdog has been checked: 0 passed
13.06.2014 09:41:22,183 - INFO  - Watchdog has been checked: 0 passed
13.06.2014 09:43:22,148 - INFO  - Watchdog has been checked: 0 passed
13.06.2014 09:45:22,308 - INFO  - Watchdog has been checked: 0 passed
13.06.2014 09:47:22,293 - INFO  - Watchdog has been checked: 0 passed
13.06.2014 09:49:22,187 - INFO  - Watchdog has been checked: 0 passed
13.06.2014 09:51:22,229 - INFO  - Watchdog has been checked: 0 passed
13.06.2014 09:53:22,197 - INFO  - Watchdog has been checked: 0 passed
13.06.2014 09:55:21,998 - INFO  - Watchdog has been checked: 0 passed
13.06.2014 09:57:21,009 - INFO  - Watchdog has been checked: 0 passed
13.06.2014 09:59:19,951 - INFO  - Watchdog has been checked: 0 passed
13.06.2014 10:01:18,981 - INFO  - Watchdog has been checked: 0 passed
13.06.2014 10:03:18,031 - INFO  - Watchdog has been checked: 0 passed
13.06.2014 10:05:17,180 - INFO  - Watchdog has been checked: 0 passed
13.06.2014 10:07:17,205 - INFO  - Watchdog has been checked: 0 passed
13.06.2014 10:09:17,261 - INFO  - Watchdog has been checked: 0 passed
13.06.2014 10:11:17,124 - INFO  - Watchdog has been checked: 0 passed
13.06.2014 10:13:17,372 - INFO  - Watchdog has been checked: 0 passed
13.06.2014 10:15:17,181 - INFO  - Watchdog has been checked: 0 passed
13.06.2014 10:17:21,179 - INFO  - Watchdog has been checked: 0 passed
13.06.2014 10:19:21,124 - INFO  - Watchdog has been checked: 0 passed
13.06.2014 10:21:21,127 - INFO  - Watchdog has been checked: 0 passed
13.06.2014 10:23:21,134 - INFO  - Watchdog has been checked: 0 passed
13.06.2014 10:25:21,192 - INFO  - Watchdog has been checked: 0 passed
13.06.2014 10:27:21,171 - INFO  - Watchdog has been checked: 0 passed
13.06.2014 10:29:21,357 - INFO  - Watchdog has been checked: 0 passed
13.06.2014 10:31:21,570 - INFO  - Watchdog has been checked: 0 passed
13.06.2014 10:33:21,127 - INFO  - Watchdog has been checked: 0 passed
13.06.2014 10:35:21,194 - INFO  - Watchdog has been checked: 0 passed
13.06.2014 10:37:21,166 - INFO  - Watchdog has been checked: 0 passed
13.06.2014 10:39:21,314 - INFO  - Watchdog has been checked: 0 passed
13.06.2014 10:41:21,586 - INFO  - Watchdog has been checked: 0 passed
13.06.2014 10:43:21,356 - INFO  - Watchdog has been checked: 0 passed
13.06.2014 10:45:21,202 - INFO  - Watchdog has been checked: 0 passed
13.06.2014 10:47:21,447 - INFO  - Watchdog has been checked: 0 passed
13.06.2014 10:49:21,358 - INFO  - Watchdog has been checked: 0 passed
13.06.2014 10:51:21,568 - INFO  - Watchdog has been checked: 0 passed
13.06.2014 10:53:21,503 - INFO  - Watchdog has been checked: 0 passed
13.06.2014 10:55:21,384 - INFO  - Watchdog has been checked: 0 passed
13.06.2014 10:57:21,328 - INFO  - Watchdog has been checked: 0 passed
13.06.2014 10:59:21,478 - INFO  - Watchdog has been checked: 0 passed
13.06.2014 11:01:21,582 - INFO  - Watchdog has been checked: 0 passed
13.06.2014 11:03:21,198 - INFO  - Watchdog has been checked: 0 passed
13.06.2014 11:05:21,337 - INFO  - Watchdog has been checked: 0 passed
13.06.2014 11:07:21,303 - INFO  - Watchdog has been checked: 0 passed
13.06.2014 11:09:21,287 - INFO  - Watchdog has been checked: 0 passed
13.06.2014 11:11:21,535 - INFO  - Watchdog has been checked: 0 passed
13.06.2014 11:13:20,983 - INFO  - Watchdog has been checked: 0 passed
13.06.2014 11:15:20,058 - INFO  - Watchdog has been checked: 0 passed
13.06.2014 11:17:19,090 - INFO  - Watchdog has been checked: 0 passed
13.06.2014 11:19:19,020 - INFO  - Watchdog has been checked: 0 passed
13.06.2014 11:21:18,071 - INFO  - Watchdog has been checked: 0 passed
13.06.2014 11:23:18,129 - INFO  - Watchdog has been checked: 0 passed
13.06.2014 11:25:18,018 - INFO  - Watchdog has been checked: 0 passed
13.06.2014 11:27:16,997 - INFO  - Watchdog has been checked: 0 passed
13.06.2014 11:29:16,086 - INFO  - Watchdog has been checked: 0 passed
13.06.2014 11:31:15,227 - INFO  - Watchdog has been checked: 0 passed
13.06.2014 11:33:15,011 - INFO  - Watchdog has been checked: 0 passed
13.06.2014 11:35:14,123 - INFO  - Watchdog has been checked: 0 passed
13.06.2014 11:37:13,111 - INFO  - Watchdog has been checked: 0 passed
13.06.2014 11:39:12,222 - INFO  - Watchdog has been checked: 0 passed
13.06.2014 11:41:12,073 - INFO  - Watchdog has been checked: 0 passed
13.06.2014 11:43:11,282 - INFO  - Watchdog has been checked: 0 passed
13.06.2014 11:45:11,102 - INFO  - Watchdog has been checked: 0 passed
13.06.2014 11:47:10,148 - INFO  - Watchdog has been checked: 0 passed
13.06.2014 11:49:10,230 - INFO  - Watchdog has been checked: 0 passed
13.06.2014 11:51:10,317 - INFO  - Watchdog has been checked: 0 passed
13.06.2014 11:53:10,361 - INFO  - Watchdog has been checked: 0 passed
13.06.2014 11:55:10,409 - INFO  - Watchdog has been checked: 0 passed
13.06.2014 11:57:10,217 - INFO  - Watchdog has been checked: 0 passed
13.06.2014 11:59:10,401 - INFO  - Watchdog has been checked: 0 passed
13.06.2014 12:01:10,373 - INFO  - Watchdog has been checked: 0 passed
13.06.2014 12:03:10,373 - INFO  - Watchdog has been checked: 0 passed
13.06.2014 12:05:10,459 - INFO  - Watchdog has been checked: 0 passed
13.06.2014 12:07:10,484 - INFO  - Watchdog has been checked: 0 passed
13.06.2014 12:09:10,299 - INFO  - Watchdog has been checked: 0 passed
13.06.2014 12:11:10,398 - INFO  - Watchdog has been checked: 0 passed
13.06.2014 12:13:10,501 - INFO  - Watchdog has been checked: 0 passed
13.06.2014 12:15:10,319 - INFO  - Watchdog has been checked: 0 passed
13.06.2014 12:17:10,320 - INFO  - Watchdog has been checked: 0 passed
13.06.2014 12:19:10,369 - INFO  - Watchdog has been checked: 0 passed
13.06.2014 12:21:10,152 - INFO  - Watchdog has been checked: 0 passed
13.06.2014 12:23:10,168 - INFO  - Watchdog has been checked: 0 passed
13.06.2014 12:25:10,915 - INFO  - Watchdog has been checked: 0 passed
13.06.2014 12:27:10,156 - INFO  - Watchdog has been checked: 0 passed
13.06.2014 12:29:09,999 - INFO  - Watchdog has been checked: 0 passed
13.06.2014 12:31:09,037 - INFO  - Watchdog has been checked: 0 passed
13.06.2014 12:33:08,058 - INFO  - Watchdog has been checked: 0 passed
13.06.2014 12:35:07,106 - INFO  - Watchdog has been checked: 0 passed
13.06.2014 12:37:07,112 - INFO  - Watchdog has been checked: 0 passed
13.06.2014 12:39:07,237 - INFO  - Watchdog has been checked: 0 passed
13.06.2014 12:41:07,006 - INFO  - Watchdog has been checked: 0 passed
13.06.2014 12:43:05,995 - INFO  - Watchdog has been checked: 0 passed
13.06.2014 12:45:05,053 - INFO  - Watchdog has been checked: 0 passed
13.06.2014 12:47:05,077 - INFO  - Watchdog has been checked: 0 passed
13.06.2014 12:49:05,263 - INFO  - Watchdog has been checked: 0 passed
13.06.2014 12:51:05,013 - INFO  - Watchdog has been checked: 0 passed
13.06.2014 12:53:04,052 - INFO  - Watchdog has been checked: 0 passed
13.06.2014 12:55:03,023 - INFO  - Watchdog has been checked: 0 passed
13.06.2014 12:57:02,062 - INFO  - Watchdog has been checked: 0 passed
13.06.2014 12:59:01,247 - INFO  - Watchdog has been checked: 0 passed
13.06.2014 13:01:01,278 - INFO  - Watchdog has been checked: 0 passed
13.06.2014 13:03:01,298 - INFO  - Watchdog has been checked: 0 passed
13.06.2014 13:05:01,119 - INFO  - Watchdog has been checked: 0 passed
13.06.2014 13:07:01,120 - INFO  - Watchdog has been checked: 0 passed
13.06.2014 13:09:01,234 - INFO  - Watchdog has been checked: 0 passed
13.06.2014 13:11:01,253 - INFO  - Watchdog has been checked: 0 passed
13.06.2014 13:13:01,270 - INFO  - Watchdog has been checked: 0 passed
13.06.2014 13:15:01,306 - INFO  - Watchdog has been checked: 0 passed
13.06.2014 13:17:01,325 - INFO  - Watchdog has been checked: 0 passed
13.06.2014 13:19:01,177 - INFO  - Watchdog has been checked: 0 passed
13.06.2014 13:21:01,257 - INFO  - Watchdog has been checked: 0 passed
13.06.2014 13:23:01,257 - INFO  - Watchdog has been checked: 0 passed
13.06.2014 13:25:01,316 - INFO  - Watchdog has been checked: 0 passed
13.06.2014 13:27:01,328 - INFO  - Watchdog has been checked: 0 passed
13.06.2014 13:29:01,221 - INFO  - Watchdog has been checked: 0 passed
13.06.2014 13:31:01,272 - INFO  - Watchdog has been checked: 0 passed
13.06.2014 13:33:01,270 - INFO  - Watchdog has been checked: 0 passed
13.06.2014 13:35:01,346 - INFO  - Watchdog has been checked: 0 passed
13.06.2014 13:37:01,334 - INFO  - Watchdog has been checked: 0 passed
13.06.2014 13:39:01,154 - INFO  - Watchdog has been checked: 0 passed
13.06.2014 13:41:01,278 - INFO  - Watchdog has been checked: 0 passed
13.06.2014 13:43:01,288 - INFO  - Watchdog has been checked: 0 passed
13.06.2014 13:45:01,345 - INFO  - Watchdog has been checked: 0 passed
13.06.2014 13:47:01,390 - INFO  - Watchdog has been checked: 0 passed
13.06.2014 13:49:01,229 - INFO  - Watchdog has been checked: 0 passed
13.06.2014 13:51:01,333 - INFO  - Watchdog has been checked: 0 passed
13.06.2014 13:53:01,297 - INFO  - Watchdog has been checked: 0 passed
13.06.2014 13:55:01,115 - INFO  - Watchdog has been checked: 0 passed
13.06.2014 13:57:01,142 - INFO  - Watchdog has been checked: 0 passed
13.06.2014 13:59:01,199 - INFO  - Watchdog has been checked: 0 passed
13.06.2014 14:01:01,068 - INFO  - Watchdog has been checked: 0 passed
13.06.2014 14:03:01,025 - INFO  - Watchdog has been checked: 0 passed
13.06.2014 14:05:01,122 - INFO  - Watchdog has been checked: 0 passed
13.06.2014 14:07:01,190 - INFO  - Watchdog has been checked: 0 passed
13.06.2014 14:09:00,972 - INFO  - Watchdog has been checked: 0 passed
13.06.2014 14:11:00,061 - INFO  - Watchdog has been checked: 0 passed
13.06.2014 14:13:00,065 - INFO  - Watchdog has been checked: 0 passed
13.06.2014 14:15:00,474 - INFO  - Watchdog has been checked: 0 passed
13.06.2014 14:16:59,936 - INFO  - Watchdog has been checked: 0 passed
13.06.2014 14:18:58,980 - INFO  - Watchdog has been checked: 0 passed
13.06.2014 14:20:58,144 - INFO  - Watchdog has been checked: 0 passed
13.06.2014 14:22:58,181 - INFO  - Watchdog has been checked: 0 passed
13.06.2014 14:24:58,225 - INFO  - Watchdog has been checked: 0 passed
13.06.2014 14:26:58,098 - INFO  - Watchdog has been checked: 0 passed
13.06.2014 14:28:58,141 - INFO  - Watchdog has been checked: 0 passed
13.06.2014 14:30:58,234 - INFO  - Watchdog has been checked: 0 passed
13.06.2014 14:32:58,280 - INFO  - Watchdog has been checked: 0 passed
13.06.2014 14:34:58,078 - INFO  - Watchdog has been checked: 0 passed
13.06.2014 14:36:57,210 - INFO  - Watchdog has been checked: 0 passed
13.06.2014 14:38:57,169 - INFO  - Watchdog has been checked: 0 passed
13.06.2014 14:40:57,281 - INFO  - Watchdog has been checked: 0 passed
13.06.2014 14:42:57,298 - INFO  - Watchdog has been checked: 0 passed
13.06.2014 14:44:57,298 - INFO  - Watchdog has been checked: 0 passed
13.06.2014 14:46:57,367 - INFO  - Watchdog has been checked: 0 passed
13.06.2014 14:48:57,209 - INFO  - Watchdog has been checked: 0 passed
13.06.2014 14:50:57,256 - INFO  - Watchdog has been checked: 0 passed
13.06.2014 14:52:57,323 - INFO  - Watchdog has been checked: 0 passed
13.06.2014 14:55:00,997 - INFO  - Watchdog has been checked: 0 passed
13.06.2014 14:57:00,137 - INFO  - Watchdog has been checked: 0 passed
13.06.2014 14:59:00,226 - INFO  - Watchdog has been checked: 0 passed
13.06.2014 15:01:00,283 - INFO  - Watchdog has been checked: 0 passed
13.06.2014 15:03:00,350 - INFO  - Watchdog has been checked: 0 passed
13.06.2014 15:05:00,177 - INFO  - Watchdog has been checked: 0 passed
13.06.2014 15:07:00,372 - INFO  - Watchdog has been checked: 0 passed
13.06.2014 15:09:00,257 - INFO  - Watchdog has been checked: 0 passed
13.06.2014 15:11:00,334 - INFO  - Watchdog has been checked: 0 passed
13.06.2014 15:13:00,376 - INFO  - Watchdog has been checked: 0 passed
13.06.2014 15:15:00,363 - INFO  - Watchdog has been checked: 0 passed
13.06.2014 15:17:00,432 - INFO  - Watchdog has been checked: 0 passed
13.06.2014 15:19:00,284 - INFO  - Watchdog has been checked: 0 passed
13.06.2014 15:21:00,362 - INFO  - Watchdog has been checked: 0 passed
13.06.2014 15:23:00,360 - INFO  - Watchdog has been checked: 0 passed
13.06.2014 15:25:00,147 - INFO  - Watchdog has been checked: 0 passed
13.06.2014 15:26:59,133 - INFO  - Watchdog has been checked: 0 passed
13.06.2014 15:28:59,248 - INFO  - Watchdog has been checked: 0 passed
13.06.2014 15:30:59,242 - INFO  - Watchdog has been checked: 0 passed
13.06.2014 15:32:59,006 - INFO  - Watchdog has been checked: 0 passed
13.06.2014 15:34:59,084 - INFO  - Watchdog has been checked: 0 passed
13.06.2014 15:36:58,155 - INFO  - Watchdog has been checked: 0 passed
13.06.2014 15:38:58,217 - INFO  - Watchdog has been checked: 0 passed
13.06.2014 15:40:58,051 - INFO  - Watchdog has been checked: 0 passed
13.06.2014 15:42:57,286 - INFO  - Watchdog has been checked: 0 passed
13.06.2014 15:44:57,144 - INFO  - Watchdog has been checked: 0 passed
13.06.2014 15:46:57,185 - INFO  - Watchdog has been checked: 0 passed
13.06.2014 15:48:57,327 - INFO  - Watchdog has been checked: 0 passed
13.06.2014 15:50:57,075 - INFO  - Watchdog has been checked: 0 passed
13.06.2014 15:52:57,114 - INFO  - Watchdog has been checked: 0 passed
13.06.2014 15:54:57,143 - INFO  - Watchdog has been checked: 0 passed
13.06.2014 15:56:58,563 - INFO  - Watchdog has been checked: 0 passed
13.06.2014 15:58:58,246 - INFO  - Watchdog has been checked: 0 passed
13.06.2014 16:00:58,407 - INFO  - Watchdog has been checked: 0 passed
13.06.2014 16:02:58,306 - INFO  - Watchdog has been checked: 0 passed
13.06.2014 16:04:58,147 - INFO  - Watchdog has been checked: 0 passed
13.06.2014 16:06:58,217 - INFO  - Watchdog has been checked: 0 passed
13.06.2014 16:08:58,220 - INFO  - Watchdog has been checked: 0 passed
13.06.2014 16:10:58,315 - INFO  - Watchdog has been checked: 0 passed
13.06.2014 16:12:58,352 - INFO  - Watchdog has been checked: 0 passed
13.06.2014 16:14:58,157 - INFO  - Watchdog has been checked: 0 passed
13.06.2014 16:16:58,091 - INFO  - Watchdog has been checked: 0 passed
13.06.2014 16:18:58,202 - INFO  - Watchdog has been checked: 0 passed
13.06.2014 16:20:58,305 - INFO  - Watchdog has been checked: 0 passed
13.06.2014 16:22:58,345 - INFO  - Watchdog has been checked: 0 passed
13.06.2014 16:24:58,121 - INFO  - Watchdog has been checked: 0 passed
13.06.2014 16:26:58,199 - INFO  - Watchdog has been checked: 0 passed
13.06.2014 16:28:58,280 - INFO  - Watchdog has been checked: 0 passed
13.06.2014 16:30:58,114 - INFO  - Watchdog has been checked: 0 passed
13.06.2014 16:32:58,122 - INFO  - Watchdog has been checked: 0 passed
13.06.2014 16:34:58,159 - INFO  - Watchdog has been checked: 0 passed
13.06.2014 16:36:58,209 - INFO  - Watchdog has been checked: 0 passed
13.06.2014 16:38:58,232 - INFO  - Watchdog has been checked: 0 passed
13.06.2014 16:40:58,157 - INFO  - Watchdog has been checked: 0 passed
13.06.2014 16:42:58,408 - INFO  - Watchdog has been checked: 0 passed
13.06.2014 16:44:58,130 - INFO  - Watchdog has been checked: 0 passed
13.06.2014 16:46:58,163 - INFO  - Watchdog has been checked: 0 passed
13.06.2014 16:48:58,208 - INFO  - Watchdog has been checked: 0 passed
13.06.2014 16:50:58,281 - INFO  - Watchdog has been checked: 0 passed
13.06.2014 16:52:58,337 - INFO  - Watchdog has been checked: 0 passed
13.06.2014 16:54:58,107 - INFO  - Watchdog has been checked: 0 passed
13.06.2014 16:56:57,195 - INFO  - Watchdog has been checked: 0 passed
13.06.2014 16:59:00,377 - INFO  - Watchdog has been checked: 0 passed
13.06.2014 17:01:00,405 - INFO  - Watchdog has been checked: 0 passed
13.06.2014 17:03:00,151 - INFO  - Watchdog has been checked: 0 passed
13.06.2014 17:04:59,183 - INFO  - Watchdog has been checked: 0 passed
13.06.2014 17:06:58,247 - INFO  - Watchdog has been checked: 0 passed
13.06.2014 17:08:58,268 - INFO  - Watchdog has been checked: 0 passed
13.06.2014 17:10:58,382 - INFO  - Watchdog has been checked: 0 passed
13.06.2014 17:12:58,386 - INFO  - Watchdog has been checked: 0 passed
13.06.2014 17:14:58,157 - INFO  - Watchdog has been checked: 0 passed
13.06.2014 17:16:58,234 - INFO  - Watchdog has been checked: 0 passed
13.06.2014 17:18:58,274 - INFO  - Watchdog has been checked: 0 passed
13.06.2014 17:21:00,934 - INFO  - Watchdog has been checked: 0 passed
13.06.2014 17:23:00,152 - INFO  - Watchdog has been checked: 0 passed
13.06.2014 17:25:00,151 - INFO  - Watchdog has been checked: 0 passed
13.06.2014 17:27:00,181 - INFO  - Watchdog has been checked: 0 passed
13.06.2014 17:29:00,259 - INFO  - Watchdog has been checked: 0 passed
13.06.2014 17:31:00,361 - INFO  - Watchdog has been checked: 0 passed
13.06.2014 17:33:00,149 - INFO  - Watchdog has been checked: 0 passed
13.06.2014 17:35:00,131 - INFO  - Watchdog has been checked: 0 passed
13.06.2014 17:37:00,168 - INFO  - Watchdog has been checked: 0 passed
13.06.2014 17:39:00,285 - INFO  - Watchdog has been checked: 0 passed
13.06.2014 17:41:00,142 - INFO  - Watchdog has been checked: 0 passed
13.06.2014 17:43:00,161 - INFO  - Watchdog has been checked: 0 passed
13.06.2014 17:45:00,136 - INFO  - Watchdog has been checked: 0 passed
13.06.2014 17:47:00,193 - INFO  - Watchdog has been checked: 0 passed
13.06.2014 17:49:00,330 - INFO  - Watchdog has been checked: 0 passed
13.06.2014 17:51:00,146 - INFO  - Watchdog has been checked: 0 passed
13.06.2014 17:53:00,074 - INFO  - Watchdog has been checked: 0 passed
13.06.2014 17:55:00,140 - INFO  - Watchdog has been checked: 0 passed
13.06.2014 17:57:00,163 - INFO  - Watchdog has been checked: 0 passed
13.06.2014 17:59:00,256 - INFO  - Watchdog has been checked: 0 passed
13.06.2014 18:01:01,294 - INFO  - Watchdog has been checked: 0 passed
13.06.2014 18:03:01,123 - INFO  - Watchdog has been checked: 0 passed
13.06.2014 18:05:01,185 - INFO  - Watchdog has been checked: 0 passed
13.06.2014 18:05:53,064 - INFO  - searcher identified --- respT: 54ms, 79808 results, q=, 
13.06.2014 18:05:56,207 - INFO  - searcher identified --- respT: 14ms, 129 results, q=chancengleichheit, 
13.06.2014 18:05:57,491 - INFO  - searcher identified --- respT: 15ms, 129 results, q=chancengleichheit, 
13.06.2014 18:06:02,930 - INFO  - searcher identified --- respT: 25ms, 7 results, web:(PSIWeb), q=chancengleichheit, 
13.06.2014 18:06:14,448 - INFO  - searcher identified --- respT: 16ms, 6 results, type:topic, web:(PSIWeb), q=chancengleichheit, 
13.06.2014 18:07:01,196 - INFO  - Watchdog has been checked: 0 passed
13.06.2014 18:09:01,338 - INFO  - Watchdog has been checked: 0 passed
13.06.2014 18:11:01,383 - INFO  - Watchdog has been checked: 0 passed
13.06.2014 18:13:01,381 - INFO  - Watchdog has been checked: 0 passed
13.06.2014 18:15:01,182 - INFO  - Watchdog has been checked: 0 passed
13.06.2014 18:17:01,152 - INFO  - Watchdog has been checked: 0 passed
13.06.2014 18:19:00,226 - INFO  - Watchdog has been checked: 0 passed
13.06.2014 18:21:00,411 - INFO  - Watchdog has been checked: 0 passed
13.06.2014 18:23:00,293 - INFO  - Watchdog has been checked: 0 passed
13.06.2014 18:25:00,218 - INFO  - Watchdog has been checked: 0 passed
13.06.2014 18:27:00,239 - INFO  - Watchdog has been checked: 0 passed
13.06.2014 18:29:00,301 - INFO  - Watchdog has been checked: 0 passed
13.06.2014 18:31:00,405 - INFO  - Watchdog has been checked: 0 passed
13.06.2014 18:33:00,368 - INFO  - Watchdog has been checked: 0 passed
13.06.2014 18:35:00,449 - INFO  - Watchdog has been checked: 0 passed
13.06.2014 18:35:10,990 - INFO  - searcher identified --- respT: 20ms, 421 results, type:topic, web:(PSIWeb), q=people, 
13.06.2014 18:35:13,601 - INFO  - searcher identified --- respT: 32ms, 63 results, type:topic, web:(PSIWeb), q=people link, 
13.06.2014 18:35:15,207 - INFO  - searcher identified --- respT: 34ms, 63 results, type:topic, web:(PSIWeb), q=people link, 
13.06.2014 18:35:16,787 - INFO  - searcher identified --- respT: 25ms, 6 results, type:topic, web:(PSIWeb), date:[NOW-1MONTH TO NOW], q=people link, 
13.06.2014 18:35:20,813 - INFO  - searcher identified --- respT: 28ms, 17 results, type:topic, web:(PSIWeb), date:[NOW-1MONTH TO NOW], q=peopl, 
13.06.2014 18:35:21,710 - INFO  - searcher identified --- respT: 29ms, 17 results, type:topic, web:(PSIWeb), date:[NOW-1MONTH TO NOW], q=peopl, 
13.06.2014 18:35:23,389 - INFO  - searcher identified --- respT: 21ms, 17 results, type:topic, web:(PSIWeb), date:[NOW-1MONTH TO NOW], q=people, 
13.06.2014 18:37:00,229 - INFO  - Watchdog has been checked: 0 passed
13.06.2014 18:39:00,311 - INFO  - Watchdog has been checked: 0 passed
13.06.2014 18:41:00,488 - INFO  - Watchdog has been checked: 0 passed
13.06.2014 18:43:00,337 - INFO  - Watchdog has been checked: 0 passed
13.06.2014 18:44:10,137 - INFO  - searcher identified --- respT: 28ms, no results, type:topic, web:(PSIWeb), date:[NOW-1MONTH TO NOW], q=pa.web.psi.ch, 
13.06.2014 18:44:16,291 - INFO  - searcher identified --- respT: 35ms, 99 results, q=www.swiss, 
13.06.2014 18:44:17,932 - INFO  - searcher identified --- respT: 46ms, 6 results, q=www.swissfel.ch, 
13.06.2014 18:44:31,448 - INFO  - searcher identified --- respT: 38ms, 2 results, author:SonjaWestfeld, q=www.swissfel.ch, 
13.06.2014 18:45:00,116 - INFO  - Watchdog has been checked: 0 passed
13.06.2014 18:47:00,161 - INFO  - Watchdog has been checked: 0 passed
13.06.2014 18:49:00,225 - INFO  - Watchdog has been checked: 0 passed
13.06.2014 18:51:00,151 - INFO  - Watchdog has been checked: 0 passed
13.06.2014 18:53:00,112 - INFO  - Watchdog has been checked: 0 passed
13.06.2014 18:54:59,126 - INFO  - Watchdog has been checked: 0 passed
13.06.2014 18:56:59,166 - INFO  - Watchdog has been checked: 0 passed
13.06.2014 18:58:59,193 - INFO  - Watchdog has been checked: 0 passed
13.06.2014 19:00:59,059 - INFO  - Watchdog has been checked: 0 passed
13.06.2014 19:03:00,529 - INFO  - Watchdog has been checked: 0 passed
13.06.2014 19:05:00,059 - INFO  - Watchdog has been checked: 0 passed
13.06.2014 19:06:59,098 - INFO  - Watchdog has been checked: 0 passed
13.06.2014 19:08:58,153 - INFO  - Watchdog has been checked: 0 passed
13.06.2014 19:10:58,047 - INFO  - Watchdog has been checked: 0 passed
13.06.2014 19:12:57,078 - INFO  - Watchdog has been checked: 0 passed
13.06.2014 19:14:56,076 - INFO  - Watchdog has been checked: 0 passed
13.06.2014 19:16:56,213 - INFO  - Watchdog has been checked: 0 passed
13.06.2014 19:18:56,222 - INFO  - Watchdog has been checked: 0 passed
13.06.2014 19:20:56,102 - INFO  - Watchdog has been checked: 0 passed
13.06.2014 19:22:56,137 - INFO  - Watchdog has been checked: 0 passed
13.06.2014 19:24:56,143 - INFO  - Watchdog has been checked: 0 passed
13.06.2014 19:26:56,223 - INFO  - Watchdog has been checked: 0 passed
13.06.2014 19:28:56,224 - INFO  - Watchdog has been checked: 0 passed
13.06.2014 19:30:56,339 - INFO  - Watchdog has been checked: 0 passed
13.06.2014 19:32:56,143 - INFO  - Watchdog has been checked: 0 passed
13.06.2014 19:34:56,153 - INFO  - Watchdog has been checked: 0 passed
13.06.2014 19:36:56,234 - INFO  - Watchdog has been checked: 0 passed
13.06.2014 19:38:56,289 - INFO  - Watchdog has been checked: 0 passed
13.06.2014 19:40:56,387 - INFO  - Watchdog has been checked: 0 passed
13.06.2014 19:42:56,412 - INFO  - Watchdog has been checked: 0 passed
13.06.2014 19:44:56,180 - INFO  - Watchdog has been checked: 0 passed
13.06.2014 19:46:56,237 - INFO  - Watchdog has been checked: 0 passed
13.06.2014 19:48:56,274 - INFO  - Watchdog has been checked: 0 passed
13.06.2014 19:50:56,082 - INFO  - Watchdog has been checked: 0 passed
13.06.2014 19:52:55,241 - INFO  - Watchdog has been checked: 0 passed
13.06.2014 19:54:55,269 - INFO  - Watchdog has been checked: 0 passed
13.06.2014 19:56:55,324 - INFO  - Watchdog has been checked: 0 passed
13.06.2014 19:58:55,379 - INFO  - Watchdog has been checked: 0 passed
13.06.2014 20:00:55,212 - INFO  - Watchdog has been checked: 0 passed
13.06.2014 20:02:55,268 - INFO  - Watchdog has been checked: 0 passed
13.06.2014 20:04:55,360 - INFO  - Watchdog has been checked: 0 passed
13.06.2014 20:06:55,387 - INFO  - Watchdog has been checked: 0 passed
13.06.2014 20:08:55,223 - INFO  - Watchdog has been checked: 0 passed
13.06.2014 20:10:55,261 - INFO  - Watchdog has been checked: 0 passed
13.06.2014 20:12:55,256 - INFO  - Watchdog has been checked: 0 passed
13.06.2014 20:14:55,257 - INFO  - Watchdog has been checked: 0 passed
13.06.2014 20:16:55,048 - INFO  - Watchdog has been checked: 0 passed
13.06.2014 20:18:54,133 - INFO  - Watchdog has been checked: 0 passed
13.06.2014 20:20:53,234 - INFO  - Watchdog has been checked: 0 passed
13.06.2014 20:22:53,199 - INFO  - Watchdog has been checked: 0 passed
13.06.2014 20:24:53,014 - INFO  - Watchdog has been checked: 0 passed
13.06.2014 20:26:52,037 - INFO  - Watchdog has been checked: 0 passed
13.06.2014 20:28:51,139 - INFO  - Watchdog has been checked: 0 passed
13.06.2014 20:30:50,540 - INFO  - Watchdog has been checked: 0 passed
13.06.2014 20:32:50,212 - INFO  - Watchdog has been checked: 0 passed
13.06.2014 20:34:49,274 - INFO  - Watchdog has been checked: 0 passed
13.06.2014 20:36:49,030 - INFO  - Watchdog has been checked: 0 passed
13.06.2014 20:38:48,122 - INFO  - Watchdog has been checked: 0 passed
13.06.2014 20:40:48,230 - INFO  - Watchdog has been checked: 0 passed
13.06.2014 20:42:47,223 - INFO  - Watchdog has been checked: 0 passed
13.06.2014 20:44:46,260 - INFO  - Watchdog has been checked: 0 passed
13.06.2014 20:46:45,276 - INFO  - Watchdog has been checked: 0 passed
13.06.2014 20:48:45,331 - INFO  - Watchdog has been checked: 0 passed
13.06.2014 20:50:45,226 - INFO  - Watchdog has been checked: 0 passed
13.06.2014 20:52:45,278 - INFO  - Watchdog has been checked: 0 passed
13.06.2014 20:54:45,194 - INFO  - Watchdog has been checked: 0 passed
13.06.2014 20:56:45,174 - INFO  - Watchdog has been checked: 0 passed
13.06.2014 20:58:45,218 - INFO  - Watchdog has been checked: 0 passed
13.06.2014 21:00:45,084 - INFO  - Watchdog has been checked: 0 passed
13.06.2014 21:02:45,117 - INFO  - Watchdog has been checked: 0 passed
13.06.2014 21:04:44,231 - INFO  - Watchdog has been checked: 0 passed
13.06.2014 21:06:44,272 - INFO  - Watchdog has been checked: 0 passed
13.06.2014 21:08:44,332 - INFO  - Watchdog has been checked: 0 passed
13.06.2014 21:10:44,241 - INFO  - Watchdog has been checked: 0 passed
13.06.2014 21:12:44,203 - INFO  - Watchdog has been checked: 0 passed
13.06.2014 21:14:44,315 - INFO  - Watchdog has been checked: 0 passed
13.06.2014 21:16:43,990 - INFO  - Watchdog has been checked: 0 passed
13.06.2014 21:18:43,077 - INFO  - Watchdog has been checked: 0 passed
13.06.2014 21:20:43,011 - INFO  - Watchdog has been checked: 0 passed
13.06.2014 21:22:42,087 - INFO  - Watchdog has been checked: 0 passed
13.06.2014 21:24:41,220 - INFO  - Watchdog has been checked: 0 passed
13.06.2014 21:26:41,246 - INFO  - Watchdog has been checked: 0 passed
13.06.2014 21:28:41,269 - INFO  - Watchdog has been checked: 0 passed
13.06.2014 21:30:41,192 - INFO  - Watchdog has been checked: 0 passed
13.06.2014 21:32:41,187 - INFO  - Watchdog has been checked: 0 passed
13.06.2014 21:34:41,270 - INFO  - Watchdog has been checked: 0 passed
13.06.2014 21:36:41,090 - INFO  - Watchdog has been checked: 0 passed
13.06.2014 21:38:40,098 - INFO  - Watchdog has been checked: 0 passed
13.06.2014 21:40:39,175 - INFO  - Watchdog has been checked: 0 passed
13.06.2014 21:42:39,164 - INFO  - Watchdog has been checked: 0 passed
13.06.2014 21:44:39,349 - INFO  - Watchdog has been checked: 0 passed
13.06.2014 21:46:39,182 - INFO  - Watchdog has been checked: 0 passed
13.06.2014 21:48:39,176 - INFO  - Watchdog has been checked: 0 passed
13.06.2014 21:50:39,091 - INFO  - Watchdog has been checked: 0 passed
13.06.2014 21:52:38,082 - INFO  - Watchdog has been checked: 0 passed
13.06.2014 21:54:37,147 - INFO  - Watchdog has been checked: 0 passed
13.06.2014 21:56:36,180 - INFO  - Watchdog has been checked: 0 passed
13.06.2014 21:58:36,202 - INFO  - Watchdog has been checked: 0 passed
13.06.2014 22:00:36,182 - INFO  - Watchdog has been checked: 0 passed
13.06.2014 22:02:36,150 - INFO  - Watchdog has been checked: 0 passed
13.06.2014 22:04:35,284 - INFO  - Watchdog has been checked: 0 passed
13.06.2014 22:06:35,318 - INFO  - Watchdog has been checked: 0 passed
13.06.2014 22:08:35,303 - INFO  - Watchdog has been checked: 0 passed
13.06.2014 22:10:35,261 - INFO  - Watchdog has been checked: 0 passed
13.06.2014 22:12:35,285 - INFO  - Watchdog has been checked: 0 passed
13.06.2014 22:14:35,113 - INFO  - Watchdog has been checked: 0 passed
13.06.2014 22:16:35,151 - INFO  - Watchdog has been checked: 0 passed
13.06.2014 22:18:35,200 - INFO  - Watchdog has been checked: 0 passed
13.06.2014 22:20:35,074 - INFO  - Watchdog has been checked: 0 passed
13.06.2014 22:22:35,089 - INFO  - Watchdog has been checked: 0 passed
13.06.2014 22:24:34,181 - INFO  - Watchdog has been checked: 0 passed
13.06.2014 22:26:34,200 - INFO  - Watchdog has been checked: 0 passed
13.06.2014 22:28:34,200 - INFO  - Watchdog has been checked: 0 passed
13.06.2014 22:30:34,090 - INFO  - Watchdog has been checked: 0 passed
13.06.2014 22:32:34,107 - INFO  - Watchdog has been checked: 0 passed
13.06.2014 22:34:34,214 - INFO  - Watchdog has been checked: 0 passed
13.06.2014 22:36:34,291 - INFO  - Watchdog has been checked: 0 passed
13.06.2014 22:38:34,303 - INFO  - Watchdog has been checked: 0 passed
13.06.2014 22:40:34,192 - INFO  - Watchdog has been checked: 0 passed
13.06.2014 22:42:34,179 - INFO  - Watchdog has been checked: 0 passed
13.06.2014 22:44:34,262 - INFO  - Watchdog has been checked: 0 passed
13.06.2014 22:46:34,293 - INFO  - Watchdog has been checked: 0 passed
13.06.2014 22:48:34,298 - INFO  - Watchdog has been checked: 0 passed
13.06.2014 22:50:34,222 - INFO  - Watchdog has been checked: 0 passed
13.06.2014 22:52:34,181 - INFO  - Watchdog has been checked: 0 passed
13.06.2014 22:54:34,286 - INFO  - Watchdog has been checked: 0 passed
13.06.2014 22:56:34,333 - INFO  - Watchdog has been checked: 0 passed
13.06.2014 22:58:34,096 - INFO  - Watchdog has been checked: 0 passed
13.06.2014 23:00:34,264 - INFO  - Watchdog has been checked: 0 passed
13.06.2014 23:02:34,210 - INFO  - Watchdog has been checked: 0 passed
13.06.2014 23:04:34,189 - INFO  - Watchdog has been checked: 0 passed
13.06.2014 23:06:34,237 - INFO  - Watchdog has been checked: 0 passed
13.06.2014 23:08:34,211 - INFO  - Watchdog has been checked: 0 passed
13.06.2014 23:10:34,156 - INFO  - Watchdog has been checked: 0 passed
13.06.2014 23:12:33,197 - INFO  - Watchdog has been checked: 0 passed
13.06.2014 23:14:33,302 - INFO  - Watchdog has been checked: 0 passed
13.06.2014 23:16:33,341 - INFO  - Watchdog has been checked: 0 passed
13.06.2014 23:18:33,347 - INFO  - Watchdog has been checked: 0 passed
13.06.2014 23:20:33,280 - INFO  - Watchdog has been checked: 0 passed
13.06.2014 23:22:33,216 - INFO  - Watchdog has been checked: 0 passed
13.06.2014 23:24:33,353 - INFO  - Watchdog has been checked: 0 passed
13.06.2014 23:26:33,346 - INFO  - Watchdog has been checked: 0 passed
13.06.2014 23:28:33,090 - INFO  - Watchdog has been checked: 0 passed
13.06.2014 23:30:58,293 - INFO  - Watchdog has been checked: 0 passed
13.06.2014 23:31:32,088 - INFO  - Watchdog has been checked: 0 passed
13.06.2014 23:33:31,107 - INFO  - Watchdog has been checked: 0 passed
13.06.2014 23:35:30,231 - INFO  - Watchdog has been checked: 0 passed
13.06.2014 23:37:29,180 - INFO  - Watchdog has been checked: 0 passed
13.06.2014 23:39:29,103 - INFO  - Watchdog has been checked: 0 passed
13.06.2014 23:41:28,116 - INFO  - Watchdog has been checked: 0 passed
13.06.2014 23:43:27,106 - INFO  - Watchdog has been checked: 0 passed
13.06.2014 23:45:26,240 - INFO  - Watchdog has been checked: 0 passed
13.06.2014 23:47:25,215 - INFO  - Watchdog has been checked: 0 passed
13.06.2014 23:49:24,131 - INFO  - Watchdog has been checked: 0 passed
13.06.2014 23:51:23,219 - INFO  - Watchdog has been checked: 0 passed
13.06.2014 23:53:22,183 - INFO  - Watchdog has been checked: 0 passed
13.06.2014 23:55:21,289 - INFO  - Watchdog has been checked: 0 passed
13.06.2014 23:57:21,285 - INFO  - Watchdog has been checked: 0 passed
13.06.2014 23:59:21,236 - INFO  - Watchdog has been checked: 0 passed
