15.08.2014 00:00:50,137 - INFO  - Watchdog has been checked: 0 passed
15.08.2014 00:02:50,080 - INFO  - Watchdog has been checked: 0 passed
15.08.2014 00:04:50,132 - INFO  - Watchdog has been checked: 0 passed
15.08.2014 00:06:50,203 - INFO  - Watchdog has been checked: 0 passed
15.08.2014 00:08:50,058 - INFO  - Watchdog has been checked: 0 passed
15.08.2014 00:10:50,117 - INFO  - Watchdog has been checked: 0 passed
15.08.2014 00:12:50,315 - INFO  - Watchdog has been checked: 0 passed
15.08.2014 00:14:50,322 - INFO  - Watchdog has been checked: 0 passed
15.08.2014 00:16:52,544 - INFO  - Watchdog has been checked: 0 passed
15.08.2014 00:18:52,248 - INFO  - Watchdog has been checked: 0 passed
15.08.2014 00:20:52,356 - INFO  - Watchdog has been checked: 0 passed
15.08.2014 00:22:52,219 - INFO  - Watchdog has been checked: 0 passed
15.08.2014 00:24:52,411 - INFO  - Watchdog has been checked: 0 passed
15.08.2014 00:26:52,436 - INFO  - Watchdog has been checked: 0 passed
15.08.2014 00:28:52,303 - INFO  - Watchdog has been checked: 0 passed
15.08.2014 00:30:52,254 - INFO  - Watchdog has been checked: 0 passed
15.08.2014 00:32:52,290 - INFO  - Watchdog has been checked: 0 passed
15.08.2014 00:34:52,362 - INFO  - Watchdog has been checked: 0 passed
15.08.2014 00:36:52,479 - INFO  - Watchdog has been checked: 0 passed
15.08.2014 00:38:52,316 - INFO  - Watchdog has been checked: 0 passed
15.08.2014 00:40:52,311 - INFO  - Watchdog has been checked: 0 passed
15.08.2014 00:42:52,451 - INFO  - Watchdog has been checked: 0 passed
15.08.2014 00:44:52,280 - INFO  - Watchdog has been checked: 0 passed
15.08.2014 00:46:52,295 - INFO  - Watchdog has been checked: 0 passed
15.08.2014 00:48:52,433 - INFO  - Watchdog has been checked: 0 passed
15.08.2014 00:50:52,449 - INFO  - Watchdog has been checked: 0 passed
15.08.2014 00:52:52,394 - INFO  - Watchdog has been checked: 0 passed
15.08.2014 00:54:52,548 - INFO  - Watchdog has been checked: 0 passed
15.08.2014 00:56:52,286 - INFO  - Watchdog has been checked: 0 passed
15.08.2014 00:58:52,438 - INFO  - Watchdog has been checked: 0 passed
15.08.2014 01:00:52,439 - INFO  - Watchdog has been checked: 0 passed
15.08.2014 01:02:52,301 - INFO  - Watchdog has been checked: 0 passed
15.08.2014 01:04:52,366 - INFO  - Watchdog has been checked: 0 passed
15.08.2014 01:06:52,342 - INFO  - Watchdog has been checked: 0 passed
15.08.2014 01:08:52,206 - INFO  - Watchdog has been checked: 0 passed
15.08.2014 01:10:52,233 - INFO  - Watchdog has been checked: 0 passed
15.08.2014 01:12:52,111 - INFO  - Watchdog has been checked: 0 passed
15.08.2014 01:14:52,210 - INFO  - Watchdog has been checked: 0 passed
15.08.2014 01:16:52,221 - INFO  - Watchdog has been checked: 0 passed
15.08.2014 01:18:53,390 - INFO  - Watchdog has been checked: 0 passed
15.08.2014 01:20:53,150 - INFO  - Watchdog has been checked: 0 passed
15.08.2014 01:22:53,049 - INFO  - Watchdog has been checked: 0 passed
15.08.2014 01:24:53,174 - INFO  - Watchdog has been checked: 0 passed
15.08.2014 01:26:53,272 - INFO  - Watchdog has been checked: 0 passed
15.08.2014 01:28:53,139 - INFO  - Watchdog has been checked: 0 passed
15.08.2014 01:30:53,114 - INFO  - Watchdog has been checked: 0 passed
15.08.2014 01:32:53,011 - INFO  - Watchdog has been checked: 0 passed
15.08.2014 01:34:53,114 - INFO  - Watchdog has been checked: 0 passed
15.08.2014 01:36:53,155 - INFO  - Watchdog has been checked: 0 passed
15.08.2014 01:38:53,262 - INFO  - Watchdog has been checked: 0 passed
15.08.2014 01:40:53,053 - INFO  - Watchdog has been checked: 0 passed
15.08.2014 01:42:52,212 - INFO  - Watchdog has been checked: 0 passed
15.08.2014 01:44:52,065 - INFO  - Watchdog has been checked: 0 passed
15.08.2014 01:46:51,168 - INFO  - Watchdog has been checked: 0 passed
15.08.2014 01:48:51,007 - INFO  - Watchdog has been checked: 0 passed
15.08.2014 01:50:50,056 - INFO  - Watchdog has been checked: 0 passed
15.08.2014 01:52:49,233 - INFO  - Watchdog has been checked: 0 passed
15.08.2014 01:54:49,098 - INFO  - Watchdog has been checked: 0 passed
15.08.2014 01:56:49,164 - INFO  - Watchdog has been checked: 0 passed
15.08.2014 01:58:49,254 - INFO  - Watchdog has been checked: 0 passed
15.08.2014 02:00:49,327 - INFO  - Watchdog has been checked: 0 passed
15.08.2014 02:02:49,259 - INFO  - Watchdog has been checked: 0 passed
15.08.2014 02:04:49,318 - INFO  - Watchdog has been checked: 0 passed
15.08.2014 02:06:49,159 - INFO  - Watchdog has been checked: 0 passed
15.08.2014 02:08:49,239 - INFO  - Watchdog has been checked: 0 passed
15.08.2014 02:10:49,290 - INFO  - Watchdog has been checked: 0 passed
15.08.2014 02:12:49,270 - INFO  - Watchdog has been checked: 0 passed
15.08.2014 02:14:49,364 - INFO  - Watchdog has been checked: 0 passed
15.08.2014 02:16:49,225 - INFO  - Watchdog has been checked: 0 passed
15.08.2014 02:18:49,294 - INFO  - Watchdog has been checked: 0 passed
15.08.2014 02:20:51,826 - INFO  - Watchdog has been checked: 0 passed
15.08.2014 02:22:51,291 - INFO  - Watchdog has been checked: 0 passed
15.08.2014 02:24:51,369 - INFO  - Watchdog has been checked: 0 passed
15.08.2014 02:26:51,152 - INFO  - Watchdog has been checked: 0 passed
15.08.2014 02:28:51,262 - INFO  - Watchdog has been checked: 0 passed
15.08.2014 02:30:51,249 - INFO  - Watchdog has been checked: 0 passed
15.08.2014 02:32:51,248 - INFO  - Watchdog has been checked: 0 passed
15.08.2014 02:34:51,292 - INFO  - Watchdog has been checked: 0 passed
15.08.2014 02:36:51,309 - INFO  - Watchdog has been checked: 0 passed
15.08.2014 02:38:51,406 - INFO  - Watchdog has been checked: 0 passed
15.08.2014 02:40:51,160 - INFO  - Watchdog has been checked: 0 passed
15.08.2014 02:42:51,383 - INFO  - Watchdog has been checked: 0 passed
15.08.2014 02:44:51,209 - INFO  - Watchdog has been checked: 0 passed
15.08.2014 02:46:51,252 - INFO  - Watchdog has been checked: 0 passed
15.08.2014 02:48:51,322 - INFO  - Watchdog has been checked: 0 passed
15.08.2014 02:50:51,336 - INFO  - Watchdog has been checked: 0 passed
15.08.2014 02:52:51,291 - INFO  - Watchdog has been checked: 0 passed
15.08.2014 02:54:51,193 - INFO  - Watchdog has been checked: 0 passed
15.08.2014 02:56:51,254 - INFO  - Watchdog has been checked: 0 passed
15.08.2014 02:58:51,350 - INFO  - Watchdog has been checked: 0 passed
15.08.2014 03:00:51,047 - INFO  - Watchdog has been checked: 0 passed
15.08.2014 03:02:51,157 - INFO  - Watchdog has been checked: 0 passed
15.08.2014 03:04:50,989 - INFO  - Watchdog has been checked: 0 passed
15.08.2014 03:06:51,153 - INFO  - Watchdog has been checked: 0 passed
15.08.2014 03:08:51,369 - INFO  - Watchdog has been checked: 0 passed
15.08.2014 03:10:51,281 - INFO  - Watchdog has been checked: 0 passed
15.08.2014 03:12:51,214 - INFO  - Watchdog has been checked: 0 passed
15.08.2014 03:14:51,248 - INFO  - Watchdog has been checked: 0 passed
15.08.2014 03:16:51,065 - INFO  - Watchdog has been checked: 0 passed
15.08.2014 03:18:51,226 - INFO  - Watchdog has been checked: 0 passed
15.08.2014 03:20:51,248 - INFO  - Watchdog has been checked: 0 passed
15.08.2014 03:22:51,181 - INFO  - Watchdog has been checked: 0 passed
15.08.2014 03:24:51,303 - INFO  - Watchdog has been checked: 0 passed
15.08.2014 03:26:51,341 - INFO  - Watchdog has been checked: 0 passed
15.08.2014 03:28:51,218 - INFO  - Watchdog has been checked: 0 passed
15.08.2014 03:30:51,216 - INFO  - Watchdog has been checked: 0 passed
15.08.2014 03:32:51,164 - INFO  - Watchdog has been checked: 0 passed
15.08.2014 03:34:51,323 - INFO  - Watchdog has been checked: 0 passed
15.08.2014 03:36:51,373 - INFO  - Watchdog has been checked: 0 passed
15.08.2014 03:38:51,265 - INFO  - Watchdog has been checked: 0 passed
15.08.2014 03:40:51,294 - INFO  - Watchdog has been checked: 0 passed
15.08.2014 03:42:51,222 - INFO  - Watchdog has been checked: 0 passed
15.08.2014 03:44:51,321 - INFO  - Watchdog has been checked: 0 passed
15.08.2014 03:46:51,147 - INFO  - Watchdog has been checked: 0 passed
15.08.2014 03:48:51,267 - INFO  - Watchdog has been checked: 0 passed
15.08.2014 03:50:51,306 - INFO  - Watchdog has been checked: 0 passed
15.08.2014 03:52:51,256 - INFO  - Watchdog has been checked: 0 passed
15.08.2014 03:54:51,112 - INFO  - Watchdog has been checked: 0 passed
15.08.2014 03:56:50,163 - INFO  - Watchdog has been checked: 0 passed
15.08.2014 03:58:49,246 - INFO  - Watchdog has been checked: 0 passed
15.08.2014 04:00:49,343 - INFO  - Watchdog has been checked: 0 passed
15.08.2014 04:02:49,238 - INFO  - Watchdog has been checked: 0 passed
15.08.2014 04:04:49,090 - INFO  - Watchdog has been checked: 0 passed
15.08.2014 04:06:48,147 - INFO  - Watchdog has been checked: 0 passed
15.08.2014 04:08:48,220 - INFO  - Watchdog has been checked: 0 passed
15.08.2014 04:10:48,084 - INFO  - Watchdog has been checked: 0 passed
15.08.2014 04:12:47,241 - INFO  - Watchdog has been checked: 0 passed
15.08.2014 04:14:47,141 - INFO  - Watchdog has been checked: 0 passed
15.08.2014 04:16:47,201 - INFO  - Watchdog has been checked: 0 passed
15.08.2014 04:18:47,335 - INFO  - Watchdog has been checked: 0 passed
15.08.2014 04:20:47,194 - INFO  - Watchdog has been checked: 0 passed
15.08.2014 04:22:47,132 - INFO  - Watchdog has been checked: 0 passed
15.08.2014 04:24:49,974 - INFO  - Watchdog has been checked: 0 passed
15.08.2014 04:26:49,280 - INFO  - Watchdog has been checked: 0 passed
15.08.2014 04:28:49,118 - INFO  - Watchdog has been checked: 0 passed
15.08.2014 04:30:49,177 - INFO  - Watchdog has been checked: 0 passed
15.08.2014 04:32:49,126 - INFO  - Watchdog has been checked: 0 passed
15.08.2014 04:34:49,179 - INFO  - Watchdog has been checked: 0 passed
15.08.2014 04:36:49,393 - INFO  - Watchdog has been checked: 0 passed
15.08.2014 04:38:49,207 - INFO  - Watchdog has been checked: 0 passed
15.08.2014 04:40:49,246 - INFO  - Watchdog has been checked: 0 passed
15.08.2014 04:42:49,219 - INFO  - Watchdog has been checked: 0 passed
15.08.2014 04:44:49,313 - INFO  - Watchdog has been checked: 0 passed
15.08.2014 04:46:49,356 - INFO  - Watchdog has been checked: 0 passed
15.08.2014 04:48:49,428 - INFO  - Watchdog has been checked: 0 passed
15.08.2014 04:50:49,466 - INFO  - Watchdog has been checked: 0 passed
15.08.2014 04:52:49,428 - INFO  - Watchdog has been checked: 0 passed
15.08.2014 04:54:49,462 - INFO  - Watchdog has been checked: 0 passed
15.08.2014 04:56:49,255 - INFO  - Watchdog has been checked: 0 passed
15.08.2014 04:58:49,374 - INFO  - Watchdog has been checked: 0 passed
15.08.2014 05:00:49,226 - INFO  - Watchdog has been checked: 0 passed
15.08.2014 05:02:49,220 - INFO  - Watchdog has been checked: 0 passed
15.08.2014 05:04:49,200 - INFO  - Watchdog has been checked: 0 passed
15.08.2014 05:06:49,291 - INFO  - Watchdog has been checked: 0 passed
15.08.2014 05:08:49,307 - INFO  - Watchdog has been checked: 0 passed
15.08.2014 05:10:49,345 - INFO  - Watchdog has been checked: 0 passed
15.08.2014 05:12:49,308 - INFO  - Watchdog has been checked: 0 passed
15.08.2014 05:14:49,115 - INFO  - Watchdog has been checked: 0 passed
15.08.2014 05:16:48,044 - INFO  - Watchdog has been checked: 0 passed
15.08.2014 05:18:48,257 - INFO  - Watchdog has been checked: 0 passed
15.08.2014 05:20:48,210 - INFO  - Watchdog has been checked: 0 passed
15.08.2014 05:22:48,105 - INFO  - Watchdog has been checked: 0 passed
15.08.2014 05:24:47,027 - INFO  - Watchdog has been checked: 0 passed
15.08.2014 05:26:48,719 - INFO  - Watchdog has been checked: 0 passed
15.08.2014 05:28:48,037 - INFO  - Watchdog has been checked: 0 passed
15.08.2014 05:30:48,074 - INFO  - Watchdog has been checked: 0 passed
15.08.2014 05:32:48,138 - INFO  - Watchdog has been checked: 0 passed
15.08.2014 05:34:47,296 - INFO  - Watchdog has been checked: 0 passed
15.08.2014 05:36:47,151 - INFO  - Watchdog has been checked: 0 passed
15.08.2014 05:38:47,322 - INFO  - Watchdog has been checked: 0 passed
15.08.2014 05:40:47,150 - INFO  - Watchdog has been checked: 0 passed
15.08.2014 05:42:47,113 - INFO  - Watchdog has been checked: 0 passed
15.08.2014 05:44:47,210 - INFO  - Watchdog has been checked: 0 passed
15.08.2014 05:46:47,231 - INFO  - Watchdog has been checked: 0 passed
15.08.2014 05:48:47,173 - INFO  - Watchdog has been checked: 0 passed
15.08.2014 05:50:47,067 - INFO  - Watchdog has been checked: 0 passed
15.08.2014 05:52:47,238 - INFO  - Watchdog has been checked: 0 passed
15.08.2014 05:54:47,046 - INFO  - Watchdog has been checked: 0 passed
15.08.2014 05:56:46,159 - INFO  - Watchdog has been checked: 0 passed
15.08.2014 05:58:46,248 - INFO  - Watchdog has been checked: 0 passed
15.08.2014 06:00:46,258 - INFO  - Watchdog has been checked: 0 passed
15.08.2014 06:02:46,251 - INFO  - Watchdog has been checked: 0 passed
15.08.2014 06:04:46,363 - INFO  - Watchdog has been checked: 0 passed
15.08.2014 06:06:46,348 - INFO  - Watchdog has been checked: 0 passed
15.08.2014 06:08:46,190 - INFO  - Watchdog has been checked: 0 passed
15.08.2014 06:10:46,238 - INFO  - Watchdog has been checked: 0 passed
15.08.2014 06:12:46,185 - INFO  - Watchdog has been checked: 0 passed
15.08.2014 06:14:46,290 - INFO  - Watchdog has been checked: 0 passed
15.08.2014 06:15:01,639 - INFO  - mapping file sync started
15.08.2014 06:15:02,663 - INFO  - file successfully updated
15.08.2014 06:16:46,332 - INFO  - Watchdog has been checked: 0 passed
15.08.2014 06:18:46,337 - INFO  - Watchdog has been checked: 0 passed
15.08.2014 06:20:46,426 - INFO  - Watchdog has been checked: 0 passed
15.08.2014 06:22:46,280 - INFO  - Watchdog has been checked: 0 passed
15.08.2014 06:24:46,387 - INFO  - Watchdog has been checked: 0 passed
15.08.2014 06:26:46,266 - INFO  - Watchdog has been checked: 0 passed
15.08.2014 06:28:49,765 - INFO  - Watchdog has been checked: 0 passed
15.08.2014 06:30:49,382 - INFO  - Watchdog has been checked: 0 passed
15.08.2014 06:32:49,345 - INFO  - Watchdog has been checked: 0 passed
15.08.2014 06:34:49,394 - INFO  - Watchdog has been checked: 0 passed
15.08.2014 06:36:49,262 - INFO  - Watchdog has been checked: 0 passed
15.08.2014 06:38:49,323 - INFO  - Watchdog has been checked: 0 passed
15.08.2014 06:40:49,395 - INFO  - Watchdog has been checked: 0 passed
15.08.2014 06:42:49,257 - INFO  - Watchdog has been checked: 0 passed
15.08.2014 06:44:49,284 - INFO  - Watchdog has been checked: 0 passed
15.08.2014 06:46:49,064 - INFO  - Watchdog has been checked: 0 passed
15.08.2014 06:48:48,192 - INFO  - Watchdog has been checked: 0 passed
15.08.2014 06:50:48,254 - INFO  - Watchdog has been checked: 0 passed
15.08.2014 06:52:48,133 - INFO  - Watchdog has been checked: 0 passed
15.08.2014 06:54:48,226 - INFO  - Watchdog has been checked: 0 passed
15.08.2014 06:56:48,288 - INFO  - Watchdog has been checked: 0 passed
15.08.2014 06:58:48,151 - INFO  - Watchdog has been checked: 0 passed
15.08.2014 07:00:47,152 - INFO  - Watchdog has been checked: 0 passed
15.08.2014 07:02:46,319 - INFO  - Watchdog has been checked: 0 passed
15.08.2014 07:04:46,374 - INFO  - Watchdog has been checked: 0 passed
15.08.2014 07:06:46,179 - INFO  - Watchdog has been checked: 0 passed
15.08.2014 07:08:46,362 - INFO  - Watchdog has been checked: 0 passed
15.08.2014 07:10:46,277 - INFO  - Watchdog has been checked: 0 passed
15.08.2014 07:12:46,213 - INFO  - Watchdog has been checked: 0 passed
15.08.2014 07:14:46,272 - INFO  - Watchdog has been checked: 0 passed
15.08.2014 07:15:01,593 - INFO  - mapping file sync started
15.08.2014 07:15:02,056 - INFO  - file successfully updated
15.08.2014 07:16:46,350 - INFO  - Watchdog has been checked: 0 passed
15.08.2014 07:18:46,158 - INFO  - Watchdog has been checked: 0 passed
15.08.2014 07:20:46,177 - INFO  - Watchdog has been checked: 0 passed
15.08.2014 07:22:46,161 - INFO  - Watchdog has been checked: 0 passed
15.08.2014 07:24:46,179 - INFO  - Watchdog has been checked: 0 passed
15.08.2014 07:26:46,298 - INFO  - Watchdog has been checked: 0 passed
15.08.2014 07:28:46,061 - INFO  - Watchdog has been checked: 0 passed
15.08.2014 07:30:46,201 - INFO  - Watchdog has been checked: 0 passed
15.08.2014 07:32:46,134 - INFO  - Watchdog has been checked: 0 passed
15.08.2014 07:34:46,198 - INFO  - Watchdog has been checked: 0 passed
15.08.2014 07:36:46,267 - INFO  - Watchdog has been checked: 0 passed
15.08.2014 07:38:46,161 - INFO  - Watchdog has been checked: 0 passed
15.08.2014 07:40:46,305 - INFO  - Watchdog has been checked: 0 passed
15.08.2014 07:42:46,255 - INFO  - Watchdog has been checked: 0 passed
15.08.2014 07:44:46,286 - INFO  - Watchdog has been checked: 0 passed
15.08.2014 07:46:46,401 - INFO  - Watchdog has been checked: 0 passed
15.08.2014 07:48:46,158 - INFO  - Watchdog has been checked: 0 passed
15.08.2014 07:50:46,192 - INFO  - Watchdog has been checked: 0 passed
15.08.2014 07:52:46,120 - INFO  - Watchdog has been checked: 0 passed
15.08.2014 07:54:45,197 - INFO  - Watchdog has been checked: 0 passed
15.08.2014 07:56:45,229 - INFO  - Watchdog has been checked: 0 passed
15.08.2014 07:58:45,109 - INFO  - Watchdog has been checked: 0 passed
15.08.2014 08:00:45,228 - INFO  - Watchdog has been checked: 0 passed
15.08.2014 08:02:45,195 - INFO  - Watchdog has been checked: 0 passed
15.08.2014 08:04:45,205 - INFO  - Watchdog has been checked: 0 passed
15.08.2014 08:06:45,232 - INFO  - Watchdog has been checked: 0 passed
15.08.2014 08:08:45,188 - INFO  - Watchdog has been checked: 0 passed
15.08.2014 08:10:45,204 - INFO  - Watchdog has been checked: 0 passed
15.08.2014 08:12:45,082 - INFO  - Watchdog has been checked: 0 passed
15.08.2014 08:14:45,265 - INFO  - Watchdog has been checked: 0 passed
15.08.2014 08:16:40,851 - ERROR - unknown wikiuser
15.08.2014 08:16:40,907 - INFO  - searcher anonymous --- respT: 22ms, 28428 results, q=, 
15.08.2014 08:16:43,764 - ERROR - unknown wikiuser
15.08.2014 08:16:44,022 - INFO  - searcher anonymous --- respT: 63ms, 3 results, q=VAT nummer, 
15.08.2014 08:16:44,336 - ERROR - unknown wikiuser
15.08.2014 08:16:44,379 - INFO  - searcher anonymous --- respT: 16ms, 3 results, q=VAT nummer, 
15.08.2014 08:16:45,292 - INFO  - Watchdog has been checked: 0 passed
15.08.2014 08:17:27,535 - ERROR - unknown wikiuser
15.08.2014 08:17:27,678 - INFO  - searcher anonymous --- respT: 22ms, 11 results, q=mwst, 
15.08.2014 08:17:29,175 - ERROR - unknown wikiuser
15.08.2014 08:17:29,278 - INFO  - searcher anonymous --- respT: 16ms, 1 results, q=mwst nummer p, 
15.08.2014 08:17:30,012 - ERROR - unknown wikiuser
15.08.2014 08:17:30,098 - INFO  - searcher anonymous --- respT: 40ms, 2 results, q=mwst nummer psi, 
15.08.2014 08:18:45,225 - INFO  - Watchdog has been checked: 0 passed
15.08.2014 08:20:45,231 - INFO  - Watchdog has been checked: 0 passed
15.08.2014 08:22:21,191 - ERROR - unknown wikiuser
15.08.2014 08:22:21,245 - INFO  - searcher anonymous --- respT: 21ms, 28428 results, q=, 
15.08.2014 08:22:27,357 - ERROR - unknown wikiuser
15.08.2014 08:22:27,426 - INFO  - searcher anonymous --- respT: 17ms, 2 results, q=mwst nummer, 
15.08.2014 08:22:45,136 - INFO  - Watchdog has been checked: 0 passed
15.08.2014 08:22:49,636 - ERROR - unknown wikiuser
15.08.2014 08:22:49,679 - INFO  - searcher anonymous --- respT: 14ms, 69 results, q=vat, 
15.08.2014 08:22:50,953 - ERROR - unknown wikiuser
15.08.2014 08:22:51,040 - INFO  - searcher anonymous --- respT: 31ms, 31 results, q=vat Number, 
15.08.2014 08:22:51,322 - ERROR - unknown wikiuser
15.08.2014 08:22:51,393 - INFO  - searcher anonymous --- respT: 29ms, 31 results, q=vat Number, 
15.08.2014 08:24:45,254 - INFO  - Watchdog has been checked: 0 passed
15.08.2014 08:26:45,099 - INFO  - Watchdog has been checked: 0 passed
15.08.2014 08:26:47,071 - INFO  - searcher identified --- respT: 56ms, 1058 results, q=116, 
15.08.2014 08:26:49,335 - INFO  - searcher identified --- respT: 13ms, 1 results, q=116.133., 
15.08.2014 08:26:50,782 - INFO  - searcher identified --- respT: 14ms, 1 results, q=116.133.392, 
15.08.2014 08:26:50,854 - INFO  - searcher identified --- respT: 34ms, 1 results, q=116.133.392, 
15.08.2014 08:26:55,026 - INFO  - searcher identified --- respT: 14ms, 1 results, q=116.133.39, 
15.08.2014 08:26:56,348 - INFO  - searcher identified --- respT: 13ms, 1 results, q=116.133., 
15.08.2014 08:26:58,363 - INFO  - searcher identified --- respT: 13ms, 1 results, q=116.133, 
15.08.2014 08:27:00,774 - INFO  - searcher identified --- respT: 14ms, 1 results, q=116.13, 
15.08.2014 08:27:02,120 - INFO  - searcher identified --- respT: 43ms, 3 results, q=116.1, 
15.08.2014 08:28:45,203 - INFO  - Watchdog has been checked: 0 passed
15.08.2014 08:30:45,276 - INFO  - Watchdog has been checked: 0 passed
15.08.2014 08:32:45,144 - INFO  - Watchdog has been checked: 0 passed
15.08.2014 08:34:45,219 - INFO  - Watchdog has been checked: 0 passed
15.08.2014 08:36:45,363 - INFO  - Watchdog has been checked: 0 passed
15.08.2014 08:38:45,452 - INFO  - Watchdog has been checked: 0 passed
15.08.2014 08:40:45,163 - INFO  - Watchdog has been checked: 0 passed
15.08.2014 08:42:45,002 - INFO  - Watchdog has been checked: 0 passed
15.08.2014 08:44:45,173 - INFO  - Watchdog has been checked: 0 passed
15.08.2014 08:46:45,241 - INFO  - Watchdog has been checked: 0 passed
15.08.2014 08:48:45,106 - INFO  - Watchdog has been checked: 0 passed
15.08.2014 08:50:18,791 - INFO  - searcher identified --- respT: 15ms, no results, q=spesenabrechnung, 
15.08.2014 08:50:25,337 - INFO  - searcher identified --- respT: 13ms, 34 results, q=spesen, 
15.08.2014 08:50:45,064 - INFO  - Watchdog has been checked: 0 passed
15.08.2014 08:52:45,347 - INFO  - Watchdog has been checked: 0 passed
15.08.2014 08:54:45,178 - INFO  - Watchdog has been checked: 0 passed
15.08.2014 08:56:45,205 - INFO  - Watchdog has been checked: 0 passed
15.08.2014 08:58:45,286 - INFO  - Watchdog has been checked: 0 passed
15.08.2014 09:00:45,282 - INFO  - Watchdog has been checked: 0 passed
15.08.2014 09:02:45,190 - INFO  - Watchdog has been checked: 0 passed
15.08.2014 09:04:45,267 - INFO  - Watchdog has been checked: 0 passed
15.08.2014 09:06:45,291 - INFO  - Watchdog has been checked: 0 passed
15.08.2014 09:08:45,120 - INFO  - Watchdog has been checked: 0 passed
15.08.2014 09:10:45,242 - INFO  - Watchdog has been checked: 0 passed
15.08.2014 09:12:44,111 - INFO  - Watchdog has been checked: 0 passed
15.08.2014 09:14:44,209 - INFO  - Watchdog has been checked: 0 passed
15.08.2014 09:16:43,256 - INFO  - Watchdog has been checked: 0 passed
15.08.2014 09:18:43,061 - INFO  - Watchdog has been checked: 0 passed
15.08.2014 09:20:42,122 - INFO  - Watchdog has been checked: 0 passed
15.08.2014 09:22:42,062 - INFO  - Watchdog has been checked: 0 passed
15.08.2014 09:24:41,060 - INFO  - Watchdog has been checked: 0 passed
15.08.2014 09:26:40,131 - INFO  - Watchdog has been checked: 0 passed
15.08.2014 09:28:39,221 - INFO  - Watchdog has been checked: 0 passed
15.08.2014 09:30:39,053 - INFO  - Watchdog has been checked: 0 passed
15.08.2014 09:32:38,198 - INFO  - Watchdog has been checked: 0 passed
15.08.2014 09:34:38,228 - INFO  - Watchdog has been checked: 0 passed
15.08.2014 09:36:38,094 - INFO  - Watchdog has been checked: 0 passed
15.08.2014 09:38:37,082 - INFO  - Watchdog has been checked: 0 passed
15.08.2014 09:40:37,146 - INFO  - Watchdog has been checked: 0 passed
15.08.2014 09:42:37,080 - INFO  - Watchdog has been checked: 0 passed
15.08.2014 09:44:37,192 - INFO  - Watchdog has been checked: 0 passed
15.08.2014 09:46:37,296 - INFO  - Watchdog has been checked: 0 passed
15.08.2014 09:48:37,102 - INFO  - Watchdog has been checked: 0 passed
15.08.2014 09:50:36,200 - INFO  - Watchdog has been checked: 0 passed
15.08.2014 09:52:36,176 - INFO  - Watchdog has been checked: 0 passed
15.08.2014 09:54:36,183 - INFO  - Watchdog has been checked: 0 passed
15.08.2014 09:56:36,315 - INFO  - Watchdog has been checked: 0 passed
15.08.2014 09:58:36,340 - INFO  - Watchdog has been checked: 0 passed
15.08.2014 10:00:38,097 - INFO  - Watchdog has been checked: 0 passed
15.08.2014 10:02:38,222 - INFO  - Watchdog has been checked: 0 passed
15.08.2014 10:04:38,216 - INFO  - Watchdog has been checked: 0 passed
15.08.2014 10:06:38,354 - INFO  - Watchdog has been checked: 0 passed
15.08.2014 10:08:38,225 - INFO  - Watchdog has been checked: 0 passed
15.08.2014 10:10:38,184 - INFO  - Watchdog has been checked: 0 passed
15.08.2014 10:12:38,152 - INFO  - Watchdog has been checked: 0 passed
15.08.2014 10:14:38,334 - INFO  - Watchdog has been checked: 0 passed
15.08.2014 10:16:38,347 - INFO  - Watchdog has been checked: 0 passed
15.08.2014 10:18:38,222 - INFO  - Watchdog has been checked: 0 passed
15.08.2014 10:20:38,282 - INFO  - Watchdog has been checked: 0 passed
15.08.2014 10:22:38,211 - INFO  - Watchdog has been checked: 0 passed
15.08.2014 10:24:38,238 - INFO  - Watchdog has been checked: 0 passed
15.08.2014 10:26:38,294 - INFO  - Watchdog has been checked: 0 passed
15.08.2014 10:28:38,412 - INFO  - Watchdog has been checked: 0 passed
15.08.2014 10:30:38,480 - INFO  - Watchdog has been checked: 0 passed
15.08.2014 10:32:38,395 - INFO  - Watchdog has been checked: 0 passed
15.08.2014 10:34:38,475 - INFO  - Watchdog has been checked: 0 passed
15.08.2014 10:36:38,482 - INFO  - Watchdog has been checked: 0 passed
15.08.2014 10:38:38,356 - INFO  - Watchdog has been checked: 0 passed
15.08.2014 10:40:38,376 - INFO  - Watchdog has been checked: 0 passed
15.08.2014 10:42:38,303 - INFO  - Watchdog has been checked: 0 passed
15.08.2014 10:44:38,426 - INFO  - Watchdog has been checked: 0 passed
15.08.2014 10:46:38,462 - INFO  - Watchdog has been checked: 0 passed
15.08.2014 10:48:38,288 - INFO  - Watchdog has been checked: 0 passed
15.08.2014 10:50:38,304 - INFO  - Watchdog has been checked: 0 passed
15.08.2014 10:52:38,246 - INFO  - Watchdog has been checked: 0 passed
15.08.2014 10:53:54,508 - INFO  - searcher identified --- respT: 66ms, 77323 results, q=, 
15.08.2014 10:54:00,025 - INFO  - searcher identified --- respT: 22ms, 626 results, q=project template, 
15.08.2014 10:54:00,092 - INFO  - searcher identified --- respT: 21ms, 626 results, q=project template, 
15.08.2014 10:54:38,293 - INFO  - Watchdog has been checked: 0 passed
15.08.2014 10:54:47,441 - INFO  - searcher identified --- respT: 26ms, 2067 results, q=Project Star, 
15.08.2014 10:54:49,734 - INFO  - searcher identified --- respT: 19ms, 8981 results, q=Proje, 
15.08.2014 10:54:51,937 - INFO  - searcher identified --- respT: 28ms, 6915 results, q=Project, 
15.08.2014 10:54:53,444 - INFO  - searcher identified --- respT: 35ms, 595 results, q=ProjectS, 
15.08.2014 10:54:54,673 - INFO  - searcher identified --- respT: 21ms, no results, q=ProjectStart, 
15.08.2014 10:54:55,489 - INFO  - searcher identified --- respT: 20ms, no results, q=ProjectStartVo, 
15.08.2014 10:54:56,919 - INFO  - searcher identified --- respT: 21ms, no results, q=ProjectStart, 
15.08.2014 10:54:59,654 - INFO  - searcher identified --- respT: 21ms, 1 results, q=ProjectStar, 
15.08.2014 10:55:04,569 - INFO  - searcher identified --- respT: 29ms, 6915 results, q=Project, 
15.08.2014 10:55:09,993 - INFO  - searcher identified --- respT: 31ms, 1931 results, q=Project Start, 
15.08.2014 10:55:11,917 - INFO  - searcher identified --- respT: 34ms, 31 results, q=Project Start vorlage, 
15.08.2014 10:55:23,726 - INFO  - searcher identified --- respT: 37ms, no results, q=Project Start vorlageP, 
15.08.2014 10:55:25,334 - INFO  - searcher identified --- respT: 63ms, 77323 results, q=, 
15.08.2014 10:55:28,968 - INFO  - searcher identified --- respT: 57ms, 4 results, q=ProjectTemplate, 
15.08.2014 10:56:38,421 - INFO  - Watchdog has been checked: 0 passed
15.08.2014 10:57:24,970 - INFO  - searcher identified --- respT: 23ms, 226 results, q=Applications.AIT.ProjectTopic, 
15.08.2014 10:57:30,971 - INFO  - searcher identified --- respT: 22ms, 226 results, q=Applications.AIT.ProjectTopic, 
15.08.2014 10:57:54,227 - INFO  - searcher identified --- respT: 23ms, 226 results, q=Applications.AIT.ProjectTopic, 
15.08.2014 10:58:38,464 - INFO  - Watchdog has been checked: 0 passed
15.08.2014 11:00:38,257 - INFO  - Watchdog has been checked: 0 passed
15.08.2014 11:02:39,009 - INFO  - Watchdog has been checked: 0 passed
15.08.2014 11:04:38,239 - INFO  - Watchdog has been checked: 0 passed
15.08.2014 11:06:38,220 - INFO  - Watchdog has been checked: 0 passed
15.08.2014 11:08:38,076 - INFO  - Watchdog has been checked: 0 passed
15.08.2014 11:10:37,158 - INFO  - Watchdog has been checked: 0 passed
15.08.2014 11:12:37,033 - INFO  - Watchdog has been checked: 0 passed
15.08.2014 11:14:36,338 - INFO  - Watchdog has been checked: 0 passed
15.08.2014 11:16:36,200 - INFO  - Watchdog has been checked: 0 passed
15.08.2014 11:18:36,029 - INFO  - Watchdog has been checked: 0 passed
15.08.2014 11:20:35,088 - INFO  - Watchdog has been checked: 0 passed
15.08.2014 11:22:34,986 - INFO  - Watchdog has been checked: 0 passed
15.08.2014 11:24:35,035 - INFO  - Watchdog has been checked: 0 passed
15.08.2014 11:26:35,130 - INFO  - Watchdog has been checked: 0 passed
15.08.2014 11:28:35,194 - INFO  - Watchdog has been checked: 0 passed
15.08.2014 11:30:35,030 - INFO  - Watchdog has been checked: 0 passed
15.08.2014 11:32:34,198 - INFO  - Watchdog has been checked: 0 passed
15.08.2014 11:34:33,978 - INFO  - Watchdog has been checked: 0 passed
15.08.2014 11:36:33,080 - INFO  - Watchdog has been checked: 0 passed
15.08.2014 11:38:32,189 - INFO  - Watchdog has been checked: 0 passed
15.08.2014 11:40:32,290 - INFO  - Watchdog has been checked: 0 passed
15.08.2014 11:42:32,207 - INFO  - Watchdog has been checked: 0 passed
15.08.2014 11:44:32,273 - INFO  - Watchdog has been checked: 0 passed
15.08.2014 11:46:32,153 - INFO  - Watchdog has been checked: 0 passed
15.08.2014 11:48:32,229 - INFO  - Watchdog has been checked: 0 passed
15.08.2014 11:50:32,329 - INFO  - Watchdog has been checked: 0 passed
15.08.2014 11:52:32,238 - INFO  - Watchdog has been checked: 0 passed
15.08.2014 11:54:32,374 - INFO  - Watchdog has been checked: 0 passed
15.08.2014 11:56:32,227 - INFO  - Watchdog has been checked: 0 passed
15.08.2014 11:58:32,344 - INFO  - Watchdog has been checked: 0 passed
15.08.2014 12:00:32,429 - INFO  - Watchdog has been checked: 0 passed
15.08.2014 12:00:36,929 - INFO  - searcher identified --- respT: 69ms, 77325 results, q=, 
15.08.2014 12:00:40,403 - INFO  - searcher identified --- respT: 28ms, 6915 results, q=Project, 
15.08.2014 12:00:42,266 - INFO  - searcher identified --- respT: 34ms, 595 results, q=ProjectS, 
15.08.2014 12:00:44,075 - INFO  - searcher identified --- respT: 20ms, no results, q=ProjectStartVorlage, 
15.08.2014 12:01:04,902 - INFO  - searcher identified --- respT: 20ms, no results, q=ProjetStartVorlage, 
15.08.2014 12:01:05,538 - INFO  - searcher identified --- respT: 20ms, no results, q=ProjetStartVorlagek, 
15.08.2014 12:01:07,512 - INFO  - searcher identified --- respT: 20ms, no results, q=ProjetStartVorlage, 
15.08.2014 12:01:15,385 - INFO  - searcher identified --- respT: 24ms, 2 results, q=ProjektStartVorlage, 
15.08.2014 12:02:32,388 - INFO  - Watchdog has been checked: 0 passed
15.08.2014 12:04:32,400 - INFO  - Watchdog has been checked: 0 passed
15.08.2014 12:06:32,317 - INFO  - Watchdog has been checked: 0 passed
15.08.2014 12:08:32,370 - INFO  - Watchdog has been checked: 0 passed
15.08.2014 12:10:32,374 - INFO  - Watchdog has been checked: 0 passed
15.08.2014 12:12:32,323 - INFO  - Watchdog has been checked: 0 passed
15.08.2014 12:14:32,446 - INFO  - Watchdog has been checked: 0 passed
15.08.2014 12:16:32,445 - INFO  - Watchdog has been checked: 0 passed
15.08.2014 12:18:32,323 - INFO  - Watchdog has been checked: 0 passed
15.08.2014 12:20:32,277 - INFO  - Watchdog has been checked: 0 passed
15.08.2014 12:22:32,348 - INFO  - Watchdog has been checked: 0 passed
15.08.2014 12:24:32,355 - INFO  - Watchdog has been checked: 0 passed
15.08.2014 12:26:32,395 - INFO  - Watchdog has been checked: 0 passed
15.08.2014 12:28:32,212 - INFO  - Watchdog has been checked: 0 passed
15.08.2014 12:30:32,252 - INFO  - Watchdog has been checked: 0 passed
15.08.2014 12:32:32,277 - INFO  - Watchdog has been checked: 0 passed
15.08.2014 12:34:32,306 - INFO  - Watchdog has been checked: 0 passed
15.08.2014 12:36:32,368 - INFO  - Watchdog has been checked: 0 passed
15.08.2014 12:38:32,481 - INFO  - Watchdog has been checked: 0 passed
15.08.2014 12:40:32,211 - INFO  - Watchdog has been checked: 0 passed
15.08.2014 12:42:32,220 - INFO  - Watchdog has been checked: 0 passed
15.08.2014 12:44:32,237 - INFO  - Watchdog has been checked: 0 passed
15.08.2014 12:46:32,067 - INFO  - Watchdog has been checked: 0 passed
15.08.2014 12:48:32,170 - INFO  - Watchdog has been checked: 0 passed
15.08.2014 12:50:32,161 - INFO  - Watchdog has been checked: 0 passed
15.08.2014 12:52:32,106 - INFO  - Watchdog has been checked: 0 passed
15.08.2014 12:54:32,152 - INFO  - Watchdog has been checked: 0 passed
15.08.2014 12:56:31,949 - INFO  - Watchdog has been checked: 0 passed
15.08.2014 12:58:31,093 - INFO  - Watchdog has been checked: 0 passed
15.08.2014 13:00:31,156 - INFO  - Watchdog has been checked: 0 passed
15.08.2014 13:02:31,086 - INFO  - Watchdog has been checked: 0 passed
15.08.2014 13:04:31,159 - INFO  - Watchdog has been checked: 0 passed
15.08.2014 13:06:31,172 - INFO  - Watchdog has been checked: 0 passed
15.08.2014 13:08:31,063 - INFO  - Watchdog has been checked: 0 passed
15.08.2014 13:10:30,075 - INFO  - Watchdog has been checked: 0 passed
15.08.2014 13:12:29,021 - INFO  - Watchdog has been checked: 0 passed
15.08.2014 13:14:28,182 - INFO  - Watchdog has been checked: 0 passed
15.08.2014 13:16:28,228 - INFO  - Watchdog has been checked: 0 passed
15.08.2014 13:18:28,090 - INFO  - Watchdog has been checked: 0 passed
15.08.2014 13:20:27,207 - INFO  - Watchdog has been checked: 0 passed
15.08.2014 13:22:27,158 - INFO  - Watchdog has been checked: 0 passed
15.08.2014 13:24:26,290 - INFO  - Watchdog has been checked: 0 passed
15.08.2014 13:26:26,283 - INFO  - Watchdog has been checked: 0 passed
15.08.2014 13:28:26,398 - INFO  - Watchdog has been checked: 0 passed
15.08.2014 13:30:26,509 - INFO  - Watchdog has been checked: 0 passed
15.08.2014 13:32:27,502 - INFO  - Watchdog has been checked: 0 passed
15.08.2014 13:34:27,470 - INFO  - Watchdog has been checked: 0 passed
15.08.2014 13:36:27,201 - INFO  - Watchdog has been checked: 0 passed
15.08.2014 13:38:27,333 - INFO  - Watchdog has been checked: 0 passed
15.08.2014 13:40:27,215 - INFO  - Watchdog has been checked: 0 passed
15.08.2014 13:42:27,356 - INFO  - Watchdog has been checked: 0 passed
15.08.2014 13:44:27,504 - INFO  - Watchdog has been checked: 0 passed
15.08.2014 13:46:27,312 - INFO  - Watchdog has been checked: 0 passed
15.08.2014 13:48:27,409 - INFO  - Watchdog has been checked: 0 passed
15.08.2014 13:50:27,245 - INFO  - Watchdog has been checked: 0 passed
15.08.2014 13:52:27,349 - INFO  - Watchdog has been checked: 0 passed
15.08.2014 13:54:27,160 - INFO  - Watchdog has been checked: 0 passed
15.08.2014 13:56:27,212 - INFO  - Watchdog has been checked: 0 passed
15.08.2014 13:58:27,314 - INFO  - Watchdog has been checked: 0 passed
15.08.2014 14:00:27,202 - INFO  - Watchdog has been checked: 0 passed
15.08.2014 14:02:27,274 - INFO  - Watchdog has been checked: 0 passed
15.08.2014 14:04:27,036 - INFO  - Watchdog has been checked: 0 passed
15.08.2014 14:06:26,124 - INFO  - Watchdog has been checked: 0 passed
15.08.2014 14:08:26,180 - INFO  - Watchdog has been checked: 0 passed
15.08.2014 14:10:26,255 - INFO  - Watchdog has been checked: 0 passed
15.08.2014 14:12:26,221 - INFO  - Watchdog has been checked: 0 passed
15.08.2014 14:14:26,297 - INFO  - Watchdog has been checked: 0 passed
15.08.2014 14:16:26,210 - INFO  - Watchdog has been checked: 0 passed
15.08.2014 14:18:26,278 - INFO  - Watchdog has been checked: 0 passed
15.08.2014 14:20:26,131 - INFO  - Watchdog has been checked: 0 passed
15.08.2014 14:22:26,359 - INFO  - Watchdog has been checked: 0 passed
15.08.2014 14:24:26,153 - INFO  - Watchdog has been checked: 0 passed
15.08.2014 14:26:26,252 - INFO  - Watchdog has been checked: 0 passed
15.08.2014 14:28:26,321 - INFO  - Watchdog has been checked: 0 passed
15.08.2014 14:30:26,364 - INFO  - Watchdog has been checked: 0 passed
15.08.2014 14:32:26,319 - INFO  - Watchdog has been checked: 0 passed
15.08.2014 14:34:28,168 - INFO  - Watchdog has been checked: 0 passed
15.08.2014 14:36:28,160 - INFO  - Watchdog has been checked: 0 passed
15.08.2014 14:38:28,258 - INFO  - Watchdog has been checked: 0 passed
15.08.2014 14:40:28,276 - INFO  - Watchdog has been checked: 0 passed
15.08.2014 14:42:28,250 - INFO  - Watchdog has been checked: 0 passed
15.08.2014 14:44:28,237 - INFO  - Watchdog has been checked: 0 passed
15.08.2014 14:46:28,318 - INFO  - Watchdog has been checked: 0 passed
15.08.2014 14:48:28,301 - INFO  - Watchdog has been checked: 0 passed
15.08.2014 14:50:28,339 - INFO  - Watchdog has been checked: 0 passed
15.08.2014 14:52:28,288 - INFO  - Watchdog has been checked: 0 passed
15.08.2014 14:54:28,367 - INFO  - Watchdog has been checked: 0 passed
15.08.2014 14:56:28,194 - INFO  - Watchdog has been checked: 0 passed
15.08.2014 14:58:27,362 - INFO  - Watchdog has been checked: 0 passed
15.08.2014 15:00:27,168 - INFO  - Watchdog has been checked: 0 passed
15.08.2014 15:02:27,606 - INFO  - Watchdog has been checked: 0 passed
15.08.2014 15:04:27,361 - INFO  - Watchdog has been checked: 0 passed
15.08.2014 15:06:27,440 - INFO  - Watchdog has been checked: 0 passed
15.08.2014 15:08:27,289 - INFO  - Watchdog has been checked: 0 passed
15.08.2014 15:10:27,285 - INFO  - Watchdog has been checked: 0 passed
15.08.2014 15:12:27,499 - INFO  - Watchdog has been checked: 0 passed
15.08.2014 15:14:27,284 - INFO  - Watchdog has been checked: 0 passed
15.08.2014 15:16:27,350 - INFO  - Watchdog has been checked: 0 passed
15.08.2014 15:18:27,228 - INFO  - Watchdog has been checked: 0 passed
15.08.2014 15:20:27,206 - INFO  - Watchdog has been checked: 0 passed
15.08.2014 15:22:27,418 - INFO  - Watchdog has been checked: 0 passed
15.08.2014 15:24:27,174 - INFO  - Watchdog has been checked: 0 passed
15.08.2014 15:26:27,212 - INFO  - Watchdog has been checked: 0 passed
15.08.2014 15:28:27,385 - INFO  - Watchdog has been checked: 0 passed
15.08.2014 15:30:27,056 - INFO  - Watchdog has been checked: 0 passed
15.08.2014 15:32:27,258 - INFO  - Watchdog has been checked: 0 passed
15.08.2014 15:34:27,087 - INFO  - Watchdog has been checked: 0 passed
15.08.2014 15:36:27,092 - INFO  - Watchdog has been checked: 0 passed
15.08.2014 15:38:27,173 - INFO  - Watchdog has been checked: 0 passed
15.08.2014 15:40:26,966 - INFO  - Watchdog has been checked: 0 passed
15.08.2014 15:42:26,155 - INFO  - Watchdog has been checked: 0 passed
15.08.2014 15:44:26,047 - INFO  - Watchdog has been checked: 0 passed
15.08.2014 15:46:25,017 - INFO  - Watchdog has been checked: 0 passed
15.08.2014 15:48:24,176 - INFO  - Watchdog has been checked: 0 passed
15.08.2014 15:50:24,248 - INFO  - Watchdog has been checked: 0 passed
15.08.2014 15:52:24,153 - INFO  - Watchdog has been checked: 0 passed
15.08.2014 15:54:24,258 - INFO  - Watchdog has been checked: 0 passed
15.08.2014 15:56:24,069 - INFO  - Watchdog has been checked: 0 passed
15.08.2014 15:58:23,191 - INFO  - Watchdog has been checked: 0 passed
15.08.2014 16:00:23,271 - INFO  - Watchdog has been checked: 0 passed
15.08.2014 16:02:23,164 - INFO  - Watchdog has been checked: 0 passed
15.08.2014 16:04:22,274 - INFO  - Watchdog has been checked: 0 passed
15.08.2014 16:06:22,338 - INFO  - Watchdog has been checked: 0 passed
15.08.2014 16:08:22,200 - INFO  - Watchdog has been checked: 0 passed
15.08.2014 16:10:22,268 - INFO  - Watchdog has been checked: 0 passed
15.08.2014 16:12:22,392 - INFO  - Watchdog has been checked: 0 passed
15.08.2014 16:14:22,257 - INFO  - Watchdog has been checked: 0 passed
15.08.2014 16:16:22,350 - INFO  - Watchdog has been checked: 0 passed
15.08.2014 16:18:22,411 - INFO  - Watchdog has been checked: 0 passed
15.08.2014 16:19:57,701 - ERROR - unknown wikiuser
15.08.2014 16:19:57,816 - INFO  - searcher anonymous --- respT: 31ms, 28442 results, q=, 
15.08.2014 16:20:22,251 - INFO  - Watchdog has been checked: 0 passed
15.08.2014 16:22:22,377 - INFO  - Watchdog has been checked: 0 passed
15.08.2014 16:24:22,215 - INFO  - Watchdog has been checked: 0 passed
15.08.2014 16:26:21,271 - INFO  - Watchdog has been checked: 0 passed
15.08.2014 16:28:21,326 - INFO  - Watchdog has been checked: 0 passed
15.08.2014 16:30:21,429 - INFO  - Watchdog has been checked: 0 passed
15.08.2014 16:32:21,349 - INFO  - Watchdog has been checked: 0 passed
15.08.2014 16:34:21,468 - INFO  - Watchdog has been checked: 0 passed
15.08.2014 16:36:21,296 - INFO  - Watchdog has been checked: 0 passed
15.08.2014 16:38:21,372 - INFO  - Watchdog has been checked: 0 passed
15.08.2014 16:40:21,220 - INFO  - Watchdog has been checked: 0 passed
15.08.2014 16:42:21,369 - INFO  - Watchdog has been checked: 0 passed
15.08.2014 16:44:21,167 - INFO  - Watchdog has been checked: 0 passed
15.08.2014 16:46:21,283 - INFO  - Watchdog has been checked: 0 passed
15.08.2014 16:48:21,100 - INFO  - Watchdog has been checked: 0 passed
15.08.2014 16:50:21,133 - INFO  - Watchdog has been checked: 0 passed
15.08.2014 16:52:21,308 - INFO  - Watchdog has been checked: 0 passed
15.08.2014 16:54:21,095 - INFO  - Watchdog has been checked: 0 passed
15.08.2014 16:56:21,215 - INFO  - Watchdog has been checked: 0 passed
15.08.2014 16:58:21,297 - INFO  - Watchdog has been checked: 0 passed
15.08.2014 17:00:21,082 - INFO  - Watchdog has been checked: 0 passed
15.08.2014 17:02:21,299 - INFO  - Watchdog has been checked: 0 passed
15.08.2014 17:04:21,326 - INFO  - Watchdog has been checked: 0 passed
15.08.2014 17:06:21,169 - INFO  - Watchdog has been checked: 0 passed
15.08.2014 17:08:21,282 - INFO  - Watchdog has been checked: 0 passed
15.08.2014 17:10:21,193 - INFO  - Watchdog has been checked: 0 passed
15.08.2014 17:12:21,380 - INFO  - Watchdog has been checked: 0 passed
15.08.2014 17:14:21,377 - INFO  - Watchdog has been checked: 0 passed
15.08.2014 17:16:21,200 - INFO  - Watchdog has been checked: 0 passed
15.08.2014 17:18:21,333 - INFO  - Watchdog has been checked: 0 passed
15.08.2014 17:20:21,348 - INFO  - Watchdog has been checked: 0 passed
15.08.2014 17:22:21,280 - INFO  - Watchdog has been checked: 0 passed
15.08.2014 17:24:21,294 - INFO  - Watchdog has been checked: 0 passed
15.08.2014 17:26:21,359 - INFO  - Watchdog has been checked: 0 passed
15.08.2014 17:28:21,189 - INFO  - Watchdog has been checked: 0 passed
15.08.2014 17:30:21,212 - INFO  - Watchdog has been checked: 0 passed
15.08.2014 17:32:21,270 - INFO  - Watchdog has been checked: 0 passed
15.08.2014 17:34:21,367 - INFO  - Watchdog has been checked: 0 passed
15.08.2014 17:36:21,300 - INFO  - Watchdog has been checked: 0 passed
15.08.2014 17:38:21,407 - INFO  - Watchdog has been checked: 0 passed
15.08.2014 17:40:21,395 - INFO  - Watchdog has been checked: 0 passed
15.08.2014 17:42:21,162 - INFO  - Watchdog has been checked: 0 passed
15.08.2014 17:44:21,220 - INFO  - Watchdog has been checked: 0 passed
15.08.2014 17:46:21,279 - INFO  - Watchdog has been checked: 0 passed
15.08.2014 17:48:21,161 - INFO  - Watchdog has been checked: 0 passed
15.08.2014 17:50:20,244 - INFO  - Watchdog has been checked: 0 passed
15.08.2014 17:52:20,167 - INFO  - Watchdog has been checked: 0 passed
15.08.2014 17:54:20,233 - INFO  - Watchdog has been checked: 0 passed
15.08.2014 17:56:19,122 - INFO  - Watchdog has been checked: 0 passed
15.08.2014 17:58:18,246 - INFO  - Watchdog has been checked: 0 passed
15.08.2014 18:00:18,288 - INFO  - Watchdog has been checked: 0 passed
15.08.2014 18:02:18,230 - INFO  - Watchdog has been checked: 0 passed
15.08.2014 18:04:18,139 - INFO  - Watchdog has been checked: 0 passed
15.08.2014 18:06:19,176 - INFO  - Watchdog has been checked: 0 passed
15.08.2014 18:08:19,082 - INFO  - Watchdog has been checked: 0 passed
15.08.2014 18:10:19,091 - INFO  - Watchdog has been checked: 0 passed
15.08.2014 18:12:18,067 - INFO  - Watchdog has been checked: 0 passed
15.08.2014 18:14:17,101 - INFO  - Watchdog has been checked: 0 passed
15.08.2014 18:16:17,142 - INFO  - Watchdog has been checked: 0 passed
15.08.2014 18:18:20,176 - INFO  - Watchdog has been checked: 0 passed
15.08.2014 18:20:20,328 - INFO  - Watchdog has been checked: 0 passed
15.08.2014 18:22:20,085 - INFO  - Watchdog has been checked: 0 passed
15.08.2014 18:24:20,186 - INFO  - Watchdog has been checked: 0 passed
15.08.2014 18:26:20,248 - INFO  - Watchdog has been checked: 0 passed
15.08.2014 18:28:20,191 - INFO  - Watchdog has been checked: 0 passed
15.08.2014 18:30:20,233 - INFO  - Watchdog has been checked: 0 passed
15.08.2014 18:32:20,353 - INFO  - Watchdog has been checked: 0 passed
15.08.2014 18:34:20,210 - INFO  - Watchdog has been checked: 0 passed
15.08.2014 18:36:20,258 - INFO  - Watchdog has been checked: 0 passed
15.08.2014 18:38:20,359 - INFO  - Watchdog has been checked: 0 passed
15.08.2014 18:40:20,125 - INFO  - Watchdog has been checked: 0 passed
15.08.2014 18:42:20,312 - INFO  - Watchdog has been checked: 0 passed
15.08.2014 18:44:20,168 - INFO  - Watchdog has been checked: 0 passed
15.08.2014 18:46:20,276 - INFO  - Watchdog has been checked: 0 passed
15.08.2014 18:48:20,149 - INFO  - Watchdog has been checked: 0 passed
15.08.2014 18:50:20,205 - INFO  - Watchdog has been checked: 0 passed
15.08.2014 18:52:20,344 - INFO  - Watchdog has been checked: 0 passed
15.08.2014 18:54:20,147 - INFO  - Watchdog has been checked: 0 passed
15.08.2014 18:56:20,248 - INFO  - Watchdog has been checked: 0 passed
15.08.2014 18:58:20,322 - INFO  - Watchdog has been checked: 0 passed
15.08.2014 19:00:20,174 - INFO  - Watchdog has been checked: 0 passed
15.08.2014 19:02:20,327 - INFO  - Watchdog has been checked: 0 passed
15.08.2014 19:04:20,094 - INFO  - Watchdog has been checked: 0 passed
15.08.2014 19:06:19,214 - INFO  - Watchdog has been checked: 0 passed
15.08.2014 19:08:20,294 - INFO  - Watchdog has been checked: 0 passed
15.08.2014 19:10:20,131 - INFO  - Watchdog has been checked: 0 passed
15.08.2014 19:12:20,317 - INFO  - Watchdog has been checked: 0 passed
15.08.2014 19:14:20,145 - INFO  - Watchdog has been checked: 0 passed
15.08.2014 19:16:20,041 - INFO  - Watchdog has been checked: 0 passed
15.08.2014 19:18:19,133 - INFO  - Watchdog has been checked: 0 passed
15.08.2014 19:20:18,187 - INFO  - Watchdog has been checked: 0 passed
15.08.2014 19:22:18,173 - INFO  - Watchdog has been checked: 0 passed
15.08.2014 19:24:17,129 - INFO  - Watchdog has been checked: 0 passed
15.08.2014 19:26:16,252 - INFO  - Watchdog has been checked: 0 passed
15.08.2014 19:28:16,391 - INFO  - Watchdog has been checked: 0 passed
15.08.2014 19:30:16,152 - INFO  - Watchdog has been checked: 0 passed
15.08.2014 19:32:15,120 - INFO  - Watchdog has been checked: 0 passed
15.08.2014 19:34:14,277 - INFO  - Watchdog has been checked: 0 passed
15.08.2014 19:36:14,129 - INFO  - Watchdog has been checked: 0 passed
15.08.2014 19:38:13,226 - INFO  - Watchdog has been checked: 0 passed
15.08.2014 19:40:12,262 - INFO  - Watchdog has been checked: 0 passed
15.08.2014 19:42:12,253 - INFO  - Watchdog has been checked: 0 passed
15.08.2014 19:44:12,227 - INFO  - Watchdog has been checked: 0 passed
15.08.2014 19:46:12,161 - INFO  - Watchdog has been checked: 0 passed
15.08.2014 19:48:11,311 - INFO  - Watchdog has been checked: 0 passed
15.08.2014 19:50:11,340 - INFO  - Watchdog has been checked: 0 passed
15.08.2014 19:52:11,352 - INFO  - Watchdog has been checked: 0 passed
15.08.2014 19:54:11,328 - INFO  - Watchdog has been checked: 0 passed
15.08.2014 19:56:11,165 - INFO  - Watchdog has been checked: 0 passed
15.08.2014 19:58:11,282 - INFO  - Watchdog has been checked: 0 passed
15.08.2014 20:00:11,127 - INFO  - Watchdog has been checked: 0 passed
15.08.2014 20:02:11,180 - INFO  - Watchdog has been checked: 0 passed
15.08.2014 20:04:11,150 - INFO  - Watchdog has been checked: 0 passed
15.08.2014 20:06:11,109 - INFO  - Watchdog has been checked: 0 passed
15.08.2014 20:08:11,219 - INFO  - Watchdog has been checked: 0 passed
15.08.2014 20:10:11,283 - INFO  - Watchdog has been checked: 0 passed
15.08.2014 20:12:11,270 - INFO  - Watchdog has been checked: 0 passed
15.08.2014 20:14:11,288 - INFO  - Watchdog has been checked: 0 passed
15.08.2014 20:16:11,120 - INFO  - Watchdog has been checked: 0 passed
15.08.2014 20:18:11,201 - INFO  - Watchdog has been checked: 0 passed
15.08.2014 20:20:11,286 - INFO  - Watchdog has been checked: 0 passed
15.08.2014 20:22:11,265 - INFO  - Watchdog has been checked: 0 passed
15.08.2014 20:24:11,261 - INFO  - Watchdog has been checked: 0 passed
15.08.2014 20:26:11,288 - INFO  - Watchdog has been checked: 0 passed
15.08.2014 20:28:11,148 - INFO  - Watchdog has been checked: 0 passed
15.08.2014 20:30:11,182 - INFO  - Watchdog has been checked: 0 passed
15.08.2014 20:32:11,129 - INFO  - Watchdog has been checked: 0 passed
15.08.2014 20:34:11,103 - INFO  - Watchdog has been checked: 0 passed
15.08.2014 20:36:10,341 - INFO  - Watchdog has been checked: 0 passed
15.08.2014 20:38:10,260 - INFO  - Watchdog has been checked: 0 passed
15.08.2014 20:40:10,283 - INFO  - Watchdog has been checked: 0 passed
15.08.2014 20:42:10,240 - INFO  - Watchdog has been checked: 0 passed
15.08.2014 20:44:10,188 - INFO  - Watchdog has been checked: 0 passed
15.08.2014 20:46:10,269 - INFO  - Watchdog has been checked: 0 passed
15.08.2014 20:48:10,088 - INFO  - Watchdog has been checked: 0 passed
15.08.2014 20:50:09,101 - INFO  - Watchdog has been checked: 0 passed
15.08.2014 20:52:08,112 - INFO  - Watchdog has been checked: 0 passed
15.08.2014 20:54:07,089 - INFO  - Watchdog has been checked: 0 passed
15.08.2014 20:56:06,161 - INFO  - Watchdog has been checked: 0 passed
15.08.2014 20:58:06,308 - INFO  - Watchdog has been checked: 0 passed
15.08.2014 21:00:06,375 - INFO  - Watchdog has been checked: 0 passed
15.08.2014 21:02:06,121 - INFO  - Watchdog has been checked: 0 passed
15.08.2014 21:04:05,354 - INFO  - Watchdog has been checked: 0 passed
15.08.2014 21:06:05,126 - INFO  - Watchdog has been checked: 0 passed
15.08.2014 21:08:05,240 - INFO  - Watchdog has been checked: 0 passed
15.08.2014 21:10:05,186 - INFO  - Watchdog has been checked: 0 passed
15.08.2014 21:12:05,222 - INFO  - Watchdog has been checked: 0 passed
15.08.2014 21:14:05,263 - INFO  - Watchdog has been checked: 0 passed
15.08.2014 21:16:05,361 - INFO  - Watchdog has been checked: 0 passed
15.08.2014 21:18:05,185 - INFO  - Watchdog has been checked: 0 passed
15.08.2014 21:20:05,226 - INFO  - Watchdog has been checked: 0 passed
15.08.2014 21:22:05,227 - INFO  - Watchdog has been checked: 0 passed
15.08.2014 21:24:05,199 - INFO  - Watchdog has been checked: 0 passed
15.08.2014 21:26:05,325 - INFO  - Watchdog has been checked: 0 passed
15.08.2014 21:28:05,357 - INFO  - Watchdog has been checked: 0 passed
15.08.2014 21:30:05,172 - INFO  - Watchdog has been checked: 0 passed
15.08.2014 21:32:05,416 - INFO  - Watchdog has been checked: 0 passed
15.08.2014 21:34:05,321 - INFO  - Watchdog has been checked: 0 passed
15.08.2014 21:36:05,133 - INFO  - Watchdog has been checked: 0 passed
15.08.2014 21:38:05,234 - INFO  - Watchdog has been checked: 0 passed
15.08.2014 21:40:05,206 - INFO  - Watchdog has been checked: 0 passed
15.08.2014 21:42:05,285 - INFO  - Watchdog has been checked: 0 passed
15.08.2014 21:44:05,198 - INFO  - Watchdog has been checked: 0 passed
15.08.2014 21:46:05,302 - INFO  - Watchdog has been checked: 0 passed
15.08.2014 21:48:05,413 - INFO  - Watchdog has been checked: 0 passed
15.08.2014 21:50:05,420 - INFO  - Watchdog has been checked: 0 passed
15.08.2014 21:52:05,432 - INFO  - Watchdog has been checked: 0 passed
15.08.2014 21:54:05,338 - INFO  - Watchdog has been checked: 0 passed
15.08.2014 21:56:05,225 - INFO  - Watchdog has been checked: 0 passed
15.08.2014 21:58:05,332 - INFO  - Watchdog has been checked: 0 passed
15.08.2014 22:00:05,314 - INFO  - Watchdog has been checked: 0 passed
15.08.2014 22:02:05,297 - INFO  - Watchdog has been checked: 0 passed
15.08.2014 22:04:05,255 - INFO  - Watchdog has been checked: 0 passed
15.08.2014 22:06:05,283 - INFO  - Watchdog has been checked: 0 passed
15.08.2014 22:08:05,172 - INFO  - Watchdog has been checked: 0 passed
15.08.2014 22:10:05,068 - INFO  - Watchdog has been checked: 0 passed
15.08.2014 22:12:05,076 - INFO  - Watchdog has been checked: 0 passed
15.08.2014 22:14:05,125 - INFO  - Watchdog has been checked: 0 passed
15.08.2014 22:16:04,024 - INFO  - Watchdog has been checked: 0 passed
15.08.2014 22:18:03,076 - INFO  - Watchdog has been checked: 0 passed
15.08.2014 22:20:02,088 - INFO  - Watchdog has been checked: 0 passed
15.08.2014 22:22:00,943 - INFO  - Watchdog has been checked: 0 passed
15.08.2014 22:23:59,906 - INFO  - Watchdog has been checked: 0 passed
15.08.2014 22:25:59,157 - INFO  - Watchdog has been checked: 0 passed
15.08.2014 22:27:58,232 - INFO  - Watchdog has been checked: 0 passed
15.08.2014 22:29:58,270 - INFO  - Watchdog has been checked: 0 passed
15.08.2014 22:31:58,284 - INFO  - Watchdog has been checked: 0 passed
15.08.2014 22:33:58,265 - INFO  - Watchdog has been checked: 0 passed
15.08.2014 22:35:58,109 - INFO  - Watchdog has been checked: 0 passed
15.08.2014 22:37:57,237 - INFO  - Watchdog has been checked: 0 passed
15.08.2014 22:39:57,242 - INFO  - Watchdog has been checked: 0 passed
15.08.2014 22:41:57,369 - INFO  - Watchdog has been checked: 0 passed
15.08.2014 22:43:57,245 - INFO  - Watchdog has been checked: 0 passed
15.08.2014 22:45:57,363 - INFO  - Watchdog has been checked: 0 passed
15.08.2014 22:47:57,183 - INFO  - Watchdog has been checked: 0 passed
15.08.2014 22:49:57,342 - INFO  - Watchdog has been checked: 0 passed
15.08.2014 22:51:57,309 - INFO  - Watchdog has been checked: 0 passed
15.08.2014 22:53:57,274 - INFO  - Watchdog has been checked: 0 passed
15.08.2014 22:55:57,390 - INFO  - Watchdog has been checked: 0 passed
15.08.2014 22:57:57,335 - INFO  - Watchdog has been checked: 0 passed
15.08.2014 22:59:57,328 - INFO  - Watchdog has been checked: 0 passed
15.08.2014 23:01:57,336 - INFO  - Watchdog has been checked: 0 passed
15.08.2014 23:03:57,433 - INFO  - Watchdog has been checked: 0 passed
15.08.2014 23:05:59,019 - INFO  - Watchdog has been checked: 0 passed
15.08.2014 23:07:59,369 - INFO  - Watchdog has been checked: 0 passed
15.08.2014 23:09:59,301 - INFO  - Watchdog has been checked: 0 passed
15.08.2014 23:11:59,179 - INFO  - Watchdog has been checked: 0 passed
15.08.2014 23:13:59,159 - INFO  - Watchdog has been checked: 0 passed
15.08.2014 23:15:59,293 - INFO  - Watchdog has been checked: 0 passed
15.08.2014 23:17:59,435 - INFO  - Watchdog has been checked: 0 passed
15.08.2014 23:19:59,213 - INFO  - Watchdog has been checked: 0 passed
15.08.2014 23:21:59,204 - INFO  - Watchdog has been checked: 0 passed
15.08.2014 23:23:59,130 - INFO  - Watchdog has been checked: 0 passed
15.08.2014 23:25:59,285 - INFO  - Watchdog has been checked: 0 passed
15.08.2014 23:27:59,377 - INFO  - Watchdog has been checked: 0 passed
15.08.2014 23:29:59,401 - INFO  - Watchdog has been checked: 0 passed
15.08.2014 23:31:59,137 - INFO  - Watchdog has been checked: 0 passed
15.08.2014 23:33:59,028 - INFO  - Watchdog has been checked: 0 passed
15.08.2014 23:35:58,212 - INFO  - Watchdog has been checked: 0 passed
15.08.2014 23:37:57,934 - INFO  - Watchdog has been checked: 0 passed
15.08.2014 23:39:56,946 - INFO  - Watchdog has been checked: 0 passed
15.08.2014 23:41:56,017 - INFO  - Watchdog has been checked: 0 passed
15.08.2014 23:43:54,874 - INFO  - Watchdog has been checked: 0 passed
15.08.2014 23:45:54,027 - INFO  - Watchdog has been checked: 0 passed
15.08.2014 23:47:53,095 - INFO  - Watchdog has been checked: 0 passed
15.08.2014 23:49:53,137 - INFO  - Watchdog has been checked: 0 passed
15.08.2014 23:51:53,175 - INFO  - Watchdog has been checked: 0 passed
15.08.2014 23:53:53,150 - INFO  - Watchdog has been checked: 0 passed
15.08.2014 23:55:53,012 - INFO  - Watchdog has been checked: 0 passed
15.08.2014 23:57:52,126 - INFO  - Watchdog has been checked: 0 passed
15.08.2014 23:59:51,165 - INFO  - Watchdog has been checked: 0 passed
