01.07.2014 00:01:23,341 - INFO  - Watchdog has been checked: 0 passed
01.07.2014 00:03:23,348 - INFO  - Watchdog has been checked: 0 passed
01.07.2014 00:05:23,200 - INFO  - Watchdog has been checked: 0 passed
01.07.2014 00:07:23,136 - INFO  - Watchdog has been checked: 0 passed
01.07.2014 00:09:22,292 - INFO  - Watchdog has been checked: 0 passed
01.07.2014 00:11:22,056 - INFO  - Watchdog has been checked: 0 passed
01.07.2014 00:13:21,313 - INFO  - Watchdog has been checked: 0 passed
01.07.2014 00:15:21,164 - INFO  - Watchdog has been checked: 0 passed
01.07.2014 00:17:21,123 - INFO  - Watchdog has been checked: 0 passed
01.07.2014 00:19:21,268 - INFO  - Watchdog has been checked: 0 passed
01.07.2014 00:21:21,272 - INFO  - Watchdog has been checked: 0 passed
01.07.2014 00:23:21,252 - INFO  - Watchdog has been checked: 0 passed
01.07.2014 00:25:21,107 - INFO  - Watchdog has been checked: 0 passed
01.07.2014 00:27:21,083 - INFO  - Watchdog has been checked: 0 passed
01.07.2014 00:29:21,249 - INFO  - Watchdog has been checked: 0 passed
01.07.2014 00:31:21,328 - INFO  - Watchdog has been checked: 0 passed
01.07.2014 00:33:21,315 - INFO  - Watchdog has been checked: 0 passed
01.07.2014 00:35:21,182 - INFO  - Watchdog has been checked: 0 passed
01.07.2014 00:37:21,157 - INFO  - Watchdog has been checked: 0 passed
01.07.2014 00:39:21,289 - INFO  - Watchdog has been checked: 0 passed
01.07.2014 00:41:21,404 - INFO  - Watchdog has been checked: 0 passed
01.07.2014 00:43:21,333 - INFO  - Watchdog has been checked: 0 passed
01.07.2014 00:45:21,206 - INFO  - Watchdog has been checked: 0 passed
01.07.2014 00:47:21,198 - INFO  - Watchdog has been checked: 0 passed
01.07.2014 00:49:21,343 - INFO  - Watchdog has been checked: 0 passed
01.07.2014 00:51:21,369 - INFO  - Watchdog has been checked: 0 passed
01.07.2014 00:53:21,336 - INFO  - Watchdog has been checked: 0 passed
01.07.2014 00:55:21,151 - INFO  - Watchdog has been checked: 0 passed
01.07.2014 00:57:21,154 - INFO  - Watchdog has been checked: 0 passed
01.07.2014 00:59:21,251 - INFO  - Watchdog has been checked: 0 passed
01.07.2014 01:01:21,186 - INFO  - Watchdog has been checked: 0 passed
01.07.2014 01:03:21,303 - INFO  - Watchdog has been checked: 0 passed
01.07.2014 01:05:21,329 - INFO  - Watchdog has been checked: 0 passed
01.07.2014 01:07:21,089 - INFO  - Watchdog has been checked: 0 passed
01.07.2014 01:09:21,179 - INFO  - Watchdog has been checked: 0 passed
01.07.2014 01:11:21,237 - INFO  - Watchdog has been checked: 0 passed
01.07.2014 01:13:21,306 - INFO  - Watchdog has been checked: 0 passed
01.07.2014 01:15:21,103 - INFO  - Watchdog has been checked: 0 passed
01.07.2014 01:17:20,090 - INFO  - Watchdog has been checked: 0 passed
01.07.2014 01:19:19,174 - INFO  - Watchdog has been checked: 0 passed
01.07.2014 01:21:19,230 - INFO  - Watchdog has been checked: 0 passed
01.07.2014 01:23:19,227 - INFO  - Watchdog has been checked: 0 passed
01.07.2014 01:25:19,250 - INFO  - Watchdog has been checked: 0 passed
01.07.2014 01:27:19,265 - INFO  - Watchdog has been checked: 0 passed
01.07.2014 01:29:19,105 - INFO  - Watchdog has been checked: 0 passed
01.07.2014 01:31:19,209 - INFO  - Watchdog has been checked: 0 passed
01.07.2014 01:33:19,179 - INFO  - Watchdog has been checked: 0 passed
01.07.2014 01:35:19,252 - INFO  - Watchdog has been checked: 0 passed
01.07.2014 01:37:19,282 - INFO  - Watchdog has been checked: 0 passed
01.07.2014 01:39:19,181 - INFO  - Watchdog has been checked: 0 passed
01.07.2014 01:41:19,171 - INFO  - Watchdog has been checked: 0 passed
01.07.2014 01:43:19,236 - INFO  - Watchdog has been checked: 0 passed
01.07.2014 01:45:20,605 - INFO  - Watchdog has been checked: 0 passed
01.07.2014 01:47:20,284 - INFO  - Watchdog has been checked: 0 passed
01.07.2014 01:49:20,220 - INFO  - Watchdog has been checked: 0 passed
01.07.2014 01:51:20,266 - INFO  - Watchdog has been checked: 0 passed
01.07.2014 01:53:20,208 - INFO  - Watchdog has been checked: 0 passed
01.07.2014 01:55:20,278 - INFO  - Watchdog has been checked: 0 passed
01.07.2014 01:57:20,305 - INFO  - Watchdog has been checked: 0 passed
01.07.2014 01:59:20,243 - INFO  - Watchdog has been checked: 0 passed
01.07.2014 02:01:20,530 - INFO  - Watchdog has been checked: 0 passed
01.07.2014 02:03:20,274 - INFO  - Watchdog has been checked: 0 passed
01.07.2014 02:05:20,315 - INFO  - Watchdog has been checked: 0 passed
01.07.2014 02:07:22,242 - INFO  - Watchdog has been checked: 0 passed
01.07.2014 02:09:22,432 - INFO  - Watchdog has been checked: 0 passed
01.07.2014 02:11:22,125 - INFO  - Watchdog has been checked: 0 passed
01.07.2014 02:13:22,144 - INFO  - Watchdog has been checked: 0 passed
01.07.2014 02:15:22,226 - INFO  - Watchdog has been checked: 0 passed
01.07.2014 02:17:22,198 - INFO  - Watchdog has been checked: 0 passed
01.07.2014 02:19:22,110 - INFO  - Watchdog has been checked: 0 passed
01.07.2014 02:21:22,048 - INFO  - Watchdog has been checked: 0 passed
01.07.2014 02:23:21,070 - INFO  - Watchdog has been checked: 0 passed
01.07.2014 02:25:20,131 - INFO  - Watchdog has been checked: 0 passed
01.07.2014 02:27:20,170 - INFO  - Watchdog has been checked: 0 passed
01.07.2014 02:29:20,325 - INFO  - Watchdog has been checked: 0 passed
01.07.2014 02:31:20,441 - INFO  - Watchdog has been checked: 0 passed
01.07.2014 02:33:20,337 - INFO  - Watchdog has been checked: 0 passed
01.07.2014 02:35:20,183 - INFO  - Watchdog has been checked: 0 passed
01.07.2014 02:37:20,167 - INFO  - Watchdog has been checked: 0 passed
01.07.2014 02:39:20,271 - INFO  - Watchdog has been checked: 0 passed
01.07.2014 02:41:20,347 - INFO  - Watchdog has been checked: 0 passed
01.07.2014 02:43:20,274 - INFO  - Watchdog has been checked: 0 passed
01.07.2014 02:45:20,083 - INFO  - Watchdog has been checked: 0 passed
01.07.2014 02:47:21,294 - INFO  - Watchdog has been checked: 0 passed
01.07.2014 02:49:21,226 - INFO  - Watchdog has been checked: 0 passed
01.07.2014 02:51:21,233 - INFO  - Watchdog has been checked: 0 passed
01.07.2014 02:53:21,264 - INFO  - Watchdog has been checked: 0 passed
01.07.2014 02:55:21,318 - INFO  - Watchdog has been checked: 0 passed
01.07.2014 02:57:21,326 - INFO  - Watchdog has been checked: 0 passed
01.07.2014 02:59:21,203 - INFO  - Watchdog has been checked: 0 passed
01.07.2014 03:01:21,226 - INFO  - Watchdog has been checked: 0 passed
01.07.2014 03:03:21,234 - INFO  - Watchdog has been checked: 0 passed
01.07.2014 03:05:21,310 - INFO  - Watchdog has been checked: 0 passed
01.07.2014 03:07:21,275 - INFO  - Watchdog has been checked: 0 passed
01.07.2014 03:09:21,150 - INFO  - Watchdog has been checked: 0 passed
01.07.2014 03:11:21,224 - INFO  - Watchdog has been checked: 0 passed
01.07.2014 03:13:21,065 - INFO  - Watchdog has been checked: 0 passed
01.07.2014 03:15:20,177 - INFO  - Watchdog has been checked: 0 passed
01.07.2014 03:17:20,148 - INFO  - Watchdog has been checked: 0 passed
01.07.2014 03:19:20,264 - INFO  - Watchdog has been checked: 0 passed
01.07.2014 03:21:20,323 - INFO  - Watchdog has been checked: 0 passed
01.07.2014 03:23:20,328 - INFO  - Watchdog has been checked: 0 passed
01.07.2014 03:25:20,131 - INFO  - Watchdog has been checked: 0 passed
01.07.2014 03:27:19,086 - INFO  - Watchdog has been checked: 0 passed
01.07.2014 03:29:19,233 - INFO  - Watchdog has been checked: 0 passed
01.07.2014 03:31:19,449 - INFO  - Watchdog has been checked: 0 passed
01.07.2014 03:33:19,310 - INFO  - Watchdog has been checked: 0 passed
01.07.2014 03:35:19,162 - INFO  - Watchdog has been checked: 0 passed
01.07.2014 03:37:19,219 - INFO  - Watchdog has been checked: 0 passed
01.07.2014 03:39:19,362 - INFO  - Watchdog has been checked: 0 passed
01.07.2014 03:41:19,457 - INFO  - Watchdog has been checked: 0 passed
01.07.2014 03:43:19,424 - INFO  - Watchdog has been checked: 0 passed
01.07.2014 03:45:19,222 - INFO  - Watchdog has been checked: 0 passed
01.07.2014 03:47:19,252 - INFO  - Watchdog has been checked: 0 passed
01.07.2014 03:49:20,030 - INFO  - Watchdog has been checked: 0 passed
01.07.2014 03:51:19,450 - INFO  - Watchdog has been checked: 0 passed
01.07.2014 03:53:19,429 - INFO  - Watchdog has been checked: 0 passed
01.07.2014 03:55:19,212 - INFO  - Watchdog has been checked: 0 passed
01.07.2014 03:57:19,260 - INFO  - Watchdog has been checked: 0 passed
01.07.2014 03:59:19,371 - INFO  - Watchdog has been checked: 0 passed
01.07.2014 04:01:20,082 - INFO  - Watchdog has been checked: 0 passed
01.07.2014 04:03:19,429 - INFO  - Watchdog has been checked: 0 passed
01.07.2014 04:05:19,226 - INFO  - Watchdog has been checked: 0 passed
01.07.2014 04:07:19,201 - INFO  - Watchdog has been checked: 0 passed
01.07.2014 04:09:19,360 - INFO  - Watchdog has been checked: 0 passed
01.07.2014 04:11:19,620 - INFO  - Watchdog has been checked: 0 passed
01.07.2014 04:13:19,413 - INFO  - Watchdog has been checked: 0 passed
01.07.2014 04:15:19,235 - INFO  - Watchdog has been checked: 0 passed
01.07.2014 04:17:19,186 - INFO  - Watchdog has been checked: 0 passed
01.07.2014 04:19:19,349 - INFO  - Watchdog has been checked: 0 passed
01.07.2014 04:21:19,426 - INFO  - Watchdog has been checked: 0 passed
01.07.2014 04:23:19,381 - INFO  - Watchdog has been checked: 0 passed
01.07.2014 04:25:19,193 - INFO  - Watchdog has been checked: 0 passed
01.07.2014 04:27:19,154 - INFO  - Watchdog has been checked: 0 passed
01.07.2014 04:29:19,063 - INFO  - Watchdog has been checked: 0 passed
01.07.2014 04:31:18,032 - INFO  - Watchdog has been checked: 0 passed
01.07.2014 04:33:17,035 - INFO  - Watchdog has been checked: 0 passed
01.07.2014 04:35:16,123 - INFO  - Watchdog has been checked: 0 passed
01.07.2014 04:37:16,076 - INFO  - Watchdog has been checked: 0 passed
01.07.2014 04:39:15,986 - INFO  - Watchdog has been checked: 0 passed
01.07.2014 04:41:15,041 - INFO  - Watchdog has been checked: 0 passed
01.07.2014 04:43:14,033 - INFO  - Watchdog has been checked: 0 passed
01.07.2014 04:45:13,152 - INFO  - Watchdog has been checked: 0 passed
01.07.2014 04:47:13,129 - INFO  - Watchdog has been checked: 0 passed
01.07.2014 04:49:13,037 - INFO  - Watchdog has been checked: 0 passed
01.07.2014 04:51:12,071 - INFO  - Watchdog has been checked: 0 passed
01.07.2014 04:53:11,102 - INFO  - Watchdog has been checked: 0 passed
01.07.2014 04:55:11,229 - INFO  - Watchdog has been checked: 0 passed
01.07.2014 04:57:11,255 - INFO  - Watchdog has been checked: 0 passed
01.07.2014 04:59:11,143 - INFO  - Watchdog has been checked: 0 passed
01.07.2014 05:01:11,266 - INFO  - Watchdog has been checked: 0 passed
01.07.2014 05:03:11,291 - INFO  - Watchdog has been checked: 0 passed
01.07.2014 05:05:11,115 - INFO  - Watchdog has been checked: 0 passed
01.07.2014 05:07:10,100 - INFO  - Watchdog has been checked: 0 passed
01.07.2014 05:09:10,216 - INFO  - Watchdog has been checked: 0 passed
01.07.2014 05:11:10,290 - INFO  - Watchdog has been checked: 0 passed
01.07.2014 05:13:10,304 - INFO  - Watchdog has been checked: 0 passed
01.07.2014 05:15:10,175 - INFO  - Watchdog has been checked: 0 passed
01.07.2014 05:17:11,650 - INFO  - Watchdog has been checked: 0 passed
01.07.2014 05:19:11,304 - INFO  - Watchdog has been checked: 0 passed
01.07.2014 05:21:11,372 - INFO  - Watchdog has been checked: 0 passed
01.07.2014 05:23:11,355 - INFO  - Watchdog has been checked: 0 passed
01.07.2014 05:25:11,185 - INFO  - Watchdog has been checked: 0 passed
01.07.2014 05:27:11,189 - INFO  - Watchdog has been checked: 0 passed
01.07.2014 05:29:11,311 - INFO  - Watchdog has been checked: 0 passed
01.07.2014 05:31:11,359 - INFO  - Watchdog has been checked: 0 passed
01.07.2014 05:33:11,370 - INFO  - Watchdog has been checked: 0 passed
01.07.2014 05:35:11,193 - INFO  - Watchdog has been checked: 0 passed
01.07.2014 05:37:11,201 - INFO  - Watchdog has been checked: 0 passed
01.07.2014 05:39:11,352 - INFO  - Watchdog has been checked: 0 passed
01.07.2014 05:41:11,424 - INFO  - Watchdog has been checked: 0 passed
01.07.2014 05:43:11,195 - INFO  - Watchdog has been checked: 0 passed
01.07.2014 05:45:11,297 - INFO  - Watchdog has been checked: 0 passed
01.07.2014 05:47:11,446 - INFO  - Watchdog has been checked: 0 passed
01.07.2014 05:49:11,431 - INFO  - Watchdog has been checked: 0 passed
01.07.2014 05:51:11,452 - INFO  - Watchdog has been checked: 0 passed
01.07.2014 05:53:11,450 - INFO  - Watchdog has been checked: 0 passed
01.07.2014 05:55:11,270 - INFO  - Watchdog has been checked: 0 passed
01.07.2014 05:57:11,369 - INFO  - Watchdog has been checked: 0 passed
01.07.2014 05:59:11,311 - INFO  - Watchdog has been checked: 0 passed
01.07.2014 06:01:11,344 - INFO  - Watchdog has been checked: 0 passed
01.07.2014 06:03:11,196 - INFO  - Watchdog has been checked: 0 passed
01.07.2014 06:05:11,256 - INFO  - Watchdog has been checked: 0 passed
01.07.2014 06:07:11,238 - INFO  - Watchdog has been checked: 0 passed
01.07.2014 06:09:11,034 - INFO  - Watchdog has been checked: 0 passed
01.07.2014 06:11:10,106 - INFO  - Watchdog has been checked: 0 passed
01.07.2014 06:13:09,128 - INFO  - Watchdog has been checked: 0 passed
01.07.2014 06:15:01,485 - INFO  - mapping file sync started
01.07.2014 06:15:02,847 - INFO  - file successfully updated
01.07.2014 06:15:09,253 - INFO  - Watchdog has been checked: 0 passed
01.07.2014 06:17:09,284 - INFO  - Watchdog has been checked: 0 passed
01.07.2014 06:19:09,905 - INFO  - Watchdog has been checked: 0 passed
01.07.2014 06:21:09,211 - INFO  - Watchdog has been checked: 0 passed
01.07.2014 06:23:09,240 - INFO  - Watchdog has been checked: 0 passed
01.07.2014 06:25:09,261 - INFO  - Watchdog has been checked: 0 passed
01.07.2014 06:27:09,270 - INFO  - Watchdog has been checked: 0 passed
01.07.2014 06:29:09,167 - INFO  - Watchdog has been checked: 0 passed
01.07.2014 06:31:09,254 - INFO  - Watchdog has been checked: 0 passed
01.07.2014 06:33:09,315 - INFO  - Watchdog has been checked: 0 passed
01.07.2014 06:35:09,118 - INFO  - Watchdog has been checked: 0 passed
01.07.2014 06:37:09,124 - INFO  - Watchdog has been checked: 0 passed
01.07.2014 06:39:09,285 - INFO  - Watchdog has been checked: 0 passed
01.07.2014 06:41:09,363 - INFO  - Watchdog has been checked: 0 passed
01.07.2014 06:43:09,165 - INFO  - Watchdog has been checked: 0 passed
01.07.2014 06:45:09,193 - INFO  - Watchdog has been checked: 0 passed
01.07.2014 06:47:09,188 - INFO  - Watchdog has been checked: 0 passed
01.07.2014 06:49:09,300 - INFO  - Watchdog has been checked: 0 passed
01.07.2014 06:51:09,343 - INFO  - Watchdog has been checked: 0 passed
01.07.2014 06:53:09,384 - INFO  - Watchdog has been checked: 0 passed
01.07.2014 06:55:09,205 - INFO  - Watchdog has been checked: 0 passed
01.07.2014 06:57:09,217 - INFO  - Watchdog has been checked: 0 passed
01.07.2014 06:59:09,359 - INFO  - Watchdog has been checked: 0 passed
01.07.2014 07:01:09,418 - INFO  - Watchdog has been checked: 0 passed
01.07.2014 07:03:09,216 - INFO  - Watchdog has been checked: 0 passed
01.07.2014 07:05:09,319 - INFO  - Watchdog has been checked: 0 passed
01.07.2014 07:07:09,311 - INFO  - Watchdog has been checked: 0 passed
01.07.2014 07:09:09,431 - INFO  - Watchdog has been checked: 0 passed
01.07.2014 07:11:09,225 - INFO  - Watchdog has been checked: 0 passed
01.07.2014 07:13:09,254 - INFO  - Watchdog has been checked: 0 passed
01.07.2014 07:15:01,462 - INFO  - mapping file sync started
01.07.2014 07:15:02,055 - INFO  - file successfully updated
01.07.2014 07:15:09,264 - INFO  - Watchdog has been checked: 0 passed
01.07.2014 07:17:09,214 - INFO  - Watchdog has been checked: 0 passed
01.07.2014 07:19:09,395 - INFO  - Watchdog has been checked: 0 passed
01.07.2014 07:21:09,242 - INFO  - Watchdog has been checked: 0 passed
01.07.2014 07:23:09,248 - INFO  - Watchdog has been checked: 0 passed
01.07.2014 07:25:09,234 - INFO  - Watchdog has been checked: 0 passed
01.07.2014 07:27:09,176 - INFO  - Watchdog has been checked: 0 passed
01.07.2014 07:29:09,333 - INFO  - Watchdog has been checked: 0 passed
01.07.2014 07:31:09,179 - INFO  - Watchdog has been checked: 0 passed
01.07.2014 07:33:09,231 - INFO  - Watchdog has been checked: 0 passed
01.07.2014 07:35:09,313 - INFO  - Watchdog has been checked: 0 passed
01.07.2014 07:37:09,292 - INFO  - Watchdog has been checked: 0 passed
01.07.2014 07:39:09,184 - INFO  - Watchdog has been checked: 0 passed
01.07.2014 07:41:08,224 - INFO  - Watchdog has been checked: 0 passed
01.07.2014 07:43:07,227 - INFO  - Watchdog has been checked: 0 passed
01.07.2014 07:45:07,351 - INFO  - Watchdog has been checked: 0 passed
01.07.2014 07:47:07,053 - INFO  - Watchdog has been checked: 0 passed
01.07.2014 07:49:06,197 - INFO  - Watchdog has been checked: 0 passed
01.07.2014 07:51:06,275 - INFO  - Watchdog has been checked: 0 passed
01.07.2014 07:53:06,294 - INFO  - Watchdog has been checked: 0 passed
01.07.2014 07:55:06,283 - INFO  - Watchdog has been checked: 0 passed
01.07.2014 07:57:06,289 - INFO  - Watchdog has been checked: 0 passed
01.07.2014 07:59:06,141 - INFO  - Watchdog has been checked: 0 passed
01.07.2014 08:01:06,261 - INFO  - Watchdog has been checked: 0 passed
01.07.2014 08:03:06,232 - INFO  - Watchdog has been checked: 0 passed
01.07.2014 08:05:06,304 - INFO  - Watchdog has been checked: 0 passed
01.07.2014 08:07:06,065 - INFO  - Watchdog has been checked: 0 passed
01.07.2014 08:09:05,152 - INFO  - Watchdog has been checked: 0 passed
01.07.2014 08:11:05,294 - INFO  - Watchdog has been checked: 0 passed
01.07.2014 08:13:05,291 - INFO  - Watchdog has been checked: 0 passed
01.07.2014 08:15:05,364 - INFO  - Watchdog has been checked: 0 passed
01.07.2014 08:17:05,167 - INFO  - Watchdog has been checked: 0 passed
01.07.2014 08:19:04,231 - INFO  - Watchdog has been checked: 0 passed
01.07.2014 08:21:04,380 - INFO  - Watchdog has been checked: 0 passed
01.07.2014 08:23:04,407 - INFO  - Watchdog has been checked: 0 passed
01.07.2014 08:25:04,182 - INFO  - Watchdog has been checked: 0 passed
01.07.2014 08:27:03,204 - INFO  - Watchdog has been checked: 0 passed
01.07.2014 08:29:03,262 - INFO  - Watchdog has been checked: 0 passed
01.07.2014 08:31:03,155 - INFO  - Watchdog has been checked: 0 passed
01.07.2014 08:33:03,183 - INFO  - Watchdog has been checked: 0 passed
01.07.2014 08:35:03,179 - INFO  - Watchdog has been checked: 0 passed
01.07.2014 08:37:03,221 - INFO  - Watchdog has been checked: 0 passed
01.07.2014 08:39:03,279 - INFO  - Watchdog has been checked: 0 passed
01.07.2014 08:41:03,202 - INFO  - Watchdog has been checked: 0 passed
01.07.2014 08:43:03,224 - INFO  - Watchdog has been checked: 0 passed
01.07.2014 08:45:03,212 - INFO  - Watchdog has been checked: 0 passed
01.07.2014 08:47:03,292 - INFO  - Watchdog has been checked: 0 passed
01.07.2014 08:49:03,114 - INFO  - Watchdog has been checked: 0 passed
01.07.2014 08:51:03,232 - INFO  - Watchdog has been checked: 0 passed
01.07.2014 08:53:03,248 - INFO  - Watchdog has been checked: 0 passed
01.07.2014 08:55:03,268 - INFO  - Watchdog has been checked: 0 passed
01.07.2014 08:57:03,038 - INFO  - Watchdog has been checked: 0 passed
01.07.2014 08:59:03,111 - INFO  - Watchdog has been checked: 0 passed
01.07.2014 09:01:03,233 - INFO  - Watchdog has been checked: 0 passed
01.07.2014 09:03:03,289 - INFO  - Watchdog has been checked: 0 passed
01.07.2014 09:05:03,281 - INFO  - Watchdog has been checked: 0 passed
01.07.2014 09:07:03,058 - INFO  - Watchdog has been checked: 0 passed
01.07.2014 09:09:03,126 - INFO  - Watchdog has been checked: 0 passed
01.07.2014 09:11:03,202 - INFO  - Watchdog has been checked: 0 passed
01.07.2014 09:13:03,263 - INFO  - Watchdog has been checked: 0 passed
01.07.2014 09:15:03,064 - INFO  - Watchdog has been checked: 0 passed
01.07.2014 09:17:03,113 - INFO  - Watchdog has been checked: 0 passed
01.07.2014 09:19:03,184 - INFO  - Watchdog has been checked: 0 passed
01.07.2014 09:21:03,327 - INFO  - Watchdog has been checked: 0 passed
01.07.2014 09:23:03,083 - INFO  - Watchdog has been checked: 0 passed
01.07.2014 09:25:03,140 - INFO  - Watchdog has been checked: 0 passed
01.07.2014 09:27:03,124 - INFO  - Watchdog has been checked: 0 passed
01.07.2014 09:29:03,282 - INFO  - Watchdog has been checked: 0 passed
01.07.2014 09:31:03,356 - INFO  - Watchdog has been checked: 0 passed
01.07.2014 09:33:03,137 - INFO  - Watchdog has been checked: 0 passed
01.07.2014 09:35:03,141 - INFO  - Watchdog has been checked: 0 passed
01.07.2014 09:37:03,185 - INFO  - Watchdog has been checked: 0 passed
01.07.2014 09:39:03,100 - INFO  - Watchdog has been checked: 0 passed
01.07.2014 09:41:03,274 - INFO  - Watchdog has been checked: 0 passed
01.07.2014 09:43:03,331 - INFO  - Watchdog has been checked: 0 passed
01.07.2014 09:45:03,053 - INFO  - Watchdog has been checked: 0 passed
01.07.2014 09:47:02,111 - INFO  - Watchdog has been checked: 0 passed
01.07.2014 09:49:01,119 - INFO  - Watchdog has been checked: 0 passed
01.07.2014 09:51:01,233 - INFO  - Watchdog has been checked: 0 passed
01.07.2014 09:53:01,141 - INFO  - Watchdog has been checked: 0 passed
01.07.2014 09:55:01,186 - INFO  - Watchdog has been checked: 0 passed
01.07.2014 09:57:01,130 - INFO  - Watchdog has been checked: 0 passed
01.07.2014 09:59:01,107 - INFO  - Watchdog has been checked: 0 passed
01.07.2014 10:01:01,166 - INFO  - Watchdog has been checked: 0 passed
01.07.2014 10:03:01,140 - INFO  - Watchdog has been checked: 0 passed
01.07.2014 10:05:01,245 - INFO  - Watchdog has been checked: 0 passed
01.07.2014 10:07:01,360 - INFO  - Watchdog has been checked: 0 passed
01.07.2014 10:09:01,403 - INFO  - Watchdog has been checked: 0 passed
01.07.2014 10:11:01,352 - INFO  - Watchdog has been checked: 0 passed
01.07.2014 10:13:01,349 - INFO  - Watchdog has been checked: 0 passed
01.07.2014 10:15:01,334 - INFO  - Watchdog has been checked: 0 passed
01.07.2014 10:17:01,389 - INFO  - Watchdog has been checked: 0 passed
01.07.2014 10:19:01,322 - INFO  - Watchdog has been checked: 0 passed
01.07.2014 10:21:01,163 - INFO  - Watchdog has been checked: 0 passed
01.07.2014 10:23:01,246 - INFO  - Watchdog has been checked: 0 passed
01.07.2014 10:25:01,300 - INFO  - Watchdog has been checked: 0 passed
01.07.2014 10:27:01,339 - INFO  - Watchdog has been checked: 0 passed
01.07.2014 10:29:01,140 - INFO  - Watchdog has been checked: 0 passed
01.07.2014 10:31:01,297 - INFO  - Watchdog has been checked: 0 passed
01.07.2014 10:33:01,154 - INFO  - Watchdog has been checked: 0 passed
01.07.2014 10:35:01,169 - INFO  - Watchdog has been checked: 0 passed
01.07.2014 10:37:01,192 - INFO  - Watchdog has been checked: 0 passed
01.07.2014 10:39:01,186 - INFO  - Watchdog has been checked: 0 passed
01.07.2014 10:41:00,173 - INFO  - Watchdog has been checked: 0 passed
01.07.2014 10:43:00,153 - INFO  - Watchdog has been checked: 0 passed
01.07.2014 10:44:59,938 - INFO  - Watchdog has been checked: 0 passed
01.07.2014 10:46:59,239 - INFO  - Watchdog has been checked: 0 passed
01.07.2014 10:48:59,133 - INFO  - Watchdog has been checked: 0 passed
01.07.2014 10:50:59,152 - INFO  - Watchdog has been checked: 0 passed
01.07.2014 10:52:59,372 - INFO  - Watchdog has been checked: 0 passed
01.07.2014 10:54:59,128 - INFO  - Watchdog has been checked: 0 passed
01.07.2014 10:56:59,168 - INFO  - Watchdog has been checked: 0 passed
01.07.2014 10:58:59,250 - INFO  - Watchdog has been checked: 0 passed
01.07.2014 11:00:59,204 - INFO  - Watchdog has been checked: 0 passed
01.07.2014 11:02:59,081 - INFO  - Watchdog has been checked: 0 passed
01.07.2014 11:04:58,045 - INFO  - Watchdog has been checked: 0 passed
01.07.2014 11:06:57,087 - INFO  - Watchdog has been checked: 0 passed
01.07.2014 11:08:56,227 - INFO  - Watchdog has been checked: 0 passed
01.07.2014 11:10:56,193 - INFO  - Watchdog has been checked: 0 passed
01.07.2014 11:12:55,541 - INFO  - Watchdog has been checked: 0 passed
01.07.2014 11:14:55,297 - INFO  - Watchdog has been checked: 0 passed
01.07.2014 11:16:55,250 - INFO  - Watchdog has been checked: 0 passed
01.07.2014 11:18:55,301 - INFO  - Watchdog has been checked: 0 passed
01.07.2014 11:20:55,316 - INFO  - Watchdog has been checked: 0 passed
01.07.2014 11:22:55,406 - INFO  - Watchdog has been checked: 0 passed
01.07.2014 11:24:55,373 - INFO  - Watchdog has been checked: 0 passed
01.07.2014 11:26:55,250 - INFO  - Watchdog has been checked: 0 passed
01.07.2014 11:28:55,295 - INFO  - Watchdog has been checked: 0 passed
01.07.2014 11:30:55,193 - INFO  - Watchdog has been checked: 0 passed
01.07.2014 11:32:55,259 - INFO  - Watchdog has been checked: 0 passed
01.07.2014 11:34:55,276 - INFO  - Watchdog has been checked: 0 passed
01.07.2014 11:36:55,219 - INFO  - Watchdog has been checked: 0 passed
01.07.2014 11:38:55,289 - INFO  - Watchdog has been checked: 0 passed
01.07.2014 11:40:55,208 - INFO  - Watchdog has been checked: 0 passed
01.07.2014 11:42:55,247 - INFO  - Watchdog has been checked: 0 passed
01.07.2014 11:44:55,243 - INFO  - Watchdog has been checked: 0 passed
01.07.2014 11:46:55,281 - INFO  - Watchdog has been checked: 0 passed
01.07.2014 11:48:55,367 - INFO  - Watchdog has been checked: 0 passed
01.07.2014 11:50:55,243 - INFO  - Watchdog has been checked: 0 passed
01.07.2014 11:52:55,373 - INFO  - Watchdog has been checked: 0 passed
01.07.2014 11:54:55,422 - INFO  - Watchdog has been checked: 0 passed
01.07.2014 11:56:55,206 - INFO  - Watchdog has been checked: 0 passed
01.07.2014 11:58:55,286 - INFO  - Watchdog has been checked: 0 passed
01.07.2014 12:00:55,186 - INFO  - Watchdog has been checked: 0 passed
01.07.2014 12:02:55,164 - INFO  - Watchdog has been checked: 0 passed
01.07.2014 12:04:55,160 - INFO  - Watchdog has been checked: 0 passed
01.07.2014 12:06:55,184 - INFO  - Watchdog has been checked: 0 passed
01.07.2014 12:08:55,231 - INFO  - Watchdog has been checked: 0 passed
01.07.2014 12:10:55,115 - INFO  - Watchdog has been checked: 0 passed
01.07.2014 12:12:54,199 - INFO  - Watchdog has been checked: 0 passed
01.07.2014 12:14:54,215 - INFO  - Watchdog has been checked: 0 passed
01.07.2014 12:16:54,226 - INFO  - Watchdog has been checked: 0 passed
01.07.2014 12:18:54,036 - INFO  - Watchdog has been checked: 0 passed
01.07.2014 12:20:53,170 - INFO  - Watchdog has been checked: 0 passed
01.07.2014 12:22:53,070 - INFO  - Watchdog has been checked: 0 passed
01.07.2014 12:24:52,068 - INFO  - Watchdog has been checked: 0 passed
01.07.2014 12:26:51,103 - INFO  - Watchdog has been checked: 0 passed
01.07.2014 12:28:51,184 - INFO  - Watchdog has been checked: 0 passed
01.07.2014 12:30:51,060 - INFO  - Watchdog has been checked: 0 passed
01.07.2014 12:32:50,116 - INFO  - Watchdog has been checked: 0 passed
01.07.2014 12:34:49,175 - INFO  - Watchdog has been checked: 0 passed
01.07.2014 12:36:49,208 - INFO  - Watchdog has been checked: 0 passed
01.07.2014 12:38:49,281 - INFO  - Watchdog has been checked: 0 passed
01.07.2014 12:40:49,252 - INFO  - Watchdog has been checked: 0 passed
01.07.2014 12:42:49,370 - INFO  - Watchdog has been checked: 0 passed
01.07.2014 12:44:49,258 - INFO  - Watchdog has been checked: 0 passed
01.07.2014 12:46:49,305 - INFO  - Watchdog has been checked: 0 passed
01.07.2014 12:48:49,348 - INFO  - Watchdog has been checked: 0 passed
01.07.2014 12:50:49,519 - INFO  - Watchdog has been checked: 0 passed
01.07.2014 12:52:49,252 - INFO  - Watchdog has been checked: 0 passed
01.07.2014 12:54:49,313 - INFO  - Watchdog has been checked: 0 passed
01.07.2014 12:56:49,362 - INFO  - Watchdog has been checked: 0 passed
01.07.2014 12:58:49,393 - INFO  - Watchdog has been checked: 0 passed
01.07.2014 13:00:49,349 - INFO  - Watchdog has been checked: 0 passed
01.07.2014 13:02:49,348 - INFO  - Watchdog has been checked: 0 passed
01.07.2014 13:04:49,350 - INFO  - Watchdog has been checked: 0 passed
01.07.2014 13:06:49,326 - INFO  - Watchdog has been checked: 0 passed
01.07.2014 13:08:49,348 - INFO  - Watchdog has been checked: 0 passed
01.07.2014 13:10:49,227 - INFO  - Watchdog has been checked: 0 passed
01.07.2014 13:12:49,265 - INFO  - Watchdog has been checked: 0 passed
01.07.2014 13:14:49,183 - INFO  - Watchdog has been checked: 0 passed
01.07.2014 13:16:49,252 - INFO  - Watchdog has been checked: 0 passed
01.07.2014 13:18:49,303 - INFO  - Watchdog has been checked: 0 passed
01.07.2014 13:20:49,261 - INFO  - Watchdog has been checked: 0 passed
01.07.2014 13:22:50,297 - INFO  - Watchdog has been checked: 0 passed
01.07.2014 13:24:50,139 - INFO  - Watchdog has been checked: 0 passed
01.07.2014 13:26:50,176 - INFO  - Watchdog has been checked: 0 passed
01.07.2014 13:28:50,262 - INFO  - Watchdog has been checked: 0 passed
01.07.2014 13:30:50,178 - INFO  - Watchdog has been checked: 0 passed
01.07.2014 13:32:50,260 - INFO  - Watchdog has been checked: 0 passed
01.07.2014 13:34:50,243 - INFO  - Watchdog has been checked: 0 passed
01.07.2014 13:36:50,284 - INFO  - Watchdog has been checked: 0 passed
01.07.2014 13:38:50,194 - INFO  - Watchdog has been checked: 0 passed
01.07.2014 13:40:50,275 - INFO  - Watchdog has been checked: 0 passed
01.07.2014 13:42:50,127 - INFO  - Watchdog has been checked: 0 passed
01.07.2014 13:44:49,355 - INFO  - Watchdog has been checked: 0 passed
01.07.2014 13:46:49,133 - INFO  - Watchdog has been checked: 0 passed
01.07.2014 13:48:49,193 - INFO  - Watchdog has been checked: 0 passed
01.07.2014 13:50:49,304 - INFO  - Watchdog has been checked: 0 passed
01.07.2014 13:52:49,358 - INFO  - Watchdog has been checked: 0 passed
01.07.2014 13:54:49,351 - INFO  - Watchdog has been checked: 0 passed
01.07.2014 13:56:49,380 - INFO  - Watchdog has been checked: 0 passed
01.07.2014 13:58:49,404 - INFO  - Watchdog has been checked: 0 passed
01.07.2014 14:00:49,416 - INFO  - Watchdog has been checked: 0 passed
01.07.2014 14:02:49,398 - INFO  - Watchdog has been checked: 0 passed
01.07.2014 14:04:49,415 - INFO  - Watchdog has been checked: 0 passed
01.07.2014 14:06:49,197 - INFO  - Watchdog has been checked: 0 passed
01.07.2014 14:08:48,167 - INFO  - Watchdog has been checked: 0 passed
01.07.2014 14:10:47,320 - INFO  - Watchdog has been checked: 0 passed
01.07.2014 14:12:47,127 - INFO  - Watchdog has been checked: 0 passed
01.07.2014 14:14:47,241 - INFO  - Watchdog has been checked: 0 passed
01.07.2014 14:16:47,294 - INFO  - Watchdog has been checked: 0 passed
01.07.2014 14:18:47,336 - INFO  - Watchdog has been checked: 0 passed
01.07.2014 14:20:47,216 - INFO  - Watchdog has been checked: 0 passed
01.07.2014 14:22:47,244 - INFO  - Watchdog has been checked: 0 passed
01.07.2014 14:24:47,317 - INFO  - Watchdog has been checked: 0 passed
01.07.2014 14:26:47,364 - INFO  - Watchdog has been checked: 0 passed
01.07.2014 14:28:47,178 - INFO  - Watchdog has been checked: 0 passed
01.07.2014 14:30:47,303 - INFO  - Watchdog has been checked: 0 passed
01.07.2014 14:32:47,355 - INFO  - Watchdog has been checked: 0 passed
01.07.2014 14:34:47,166 - INFO  - Watchdog has been checked: 0 passed
01.07.2014 14:36:47,212 - INFO  - Watchdog has been checked: 0 passed
01.07.2014 14:38:47,307 - INFO  - Watchdog has been checked: 0 passed
01.07.2014 14:40:47,224 - INFO  - Watchdog has been checked: 0 passed
01.07.2014 14:42:47,252 - INFO  - Watchdog has been checked: 0 passed
01.07.2014 14:44:47,022 - INFO  - Watchdog has been checked: 0 passed
01.07.2014 14:46:25,020 - INFO  - searcher identified --- respT: 46ms, 83985 results, q=, 
01.07.2014 14:46:30,800 - INFO  - searcher identified --- respT: 31ms, 1060 results, q=operations, 
01.07.2014 14:46:33,192 - INFO  - searcher identified --- respT: 94ms, 30 results, q=operations mang, 
01.07.2014 14:46:34,276 - INFO  - searcher identified --- respT: 54ms, 819 results, q=operations man, 
01.07.2014 14:46:35,806 - INFO  - searcher identified --- respT: 36ms, no results, q=operations manaer, 
01.07.2014 14:46:38,862 - INFO  - searcher identified --- respT: 28ms, 1368 results, q=manager, 
01.07.2014 14:46:43,593 - INFO  - searcher identified --- respT: 32ms, 375 results, q=operations manager, 
01.07.2014 14:46:46,079 - INFO  - Watchdog has been checked: 0 passed
01.07.2014 14:46:58,722 - INFO  - searcher identified --- respT: 75ms, 40 results, q=operations manager psi.ch, 
01.07.2014 14:47:19,765 - INFO  - searcher identified --- respT: 31ms, 7 results, q=om.psi.ch, 
01.07.2014 14:48:46,122 - INFO  - Watchdog has been checked: 0 passed
01.07.2014 14:50:46,280 - INFO  - Watchdog has been checked: 0 passed
01.07.2014 14:52:46,060 - INFO  - Watchdog has been checked: 0 passed
01.07.2014 14:54:46,082 - INFO  - Watchdog has been checked: 0 passed
01.07.2014 14:56:46,166 - INFO  - Watchdog has been checked: 0 passed
01.07.2014 14:58:46,129 - INFO  - Watchdog has been checked: 0 passed
01.07.2014 15:00:46,277 - INFO  - Watchdog has been checked: 0 passed
01.07.2014 15:02:46,055 - INFO  - Watchdog has been checked: 0 passed
01.07.2014 15:04:45,108 - INFO  - Watchdog has been checked: 0 passed
01.07.2014 15:06:45,176 - INFO  - Watchdog has been checked: 0 passed
01.07.2014 15:08:45,196 - INFO  - Watchdog has been checked: 0 passed
01.07.2014 15:10:45,119 - INFO  - Watchdog has been checked: 0 passed
01.07.2014 15:12:44,125 - INFO  - Watchdog has been checked: 0 passed
01.07.2014 15:14:43,215 - INFO  - Watchdog has been checked: 0 passed
01.07.2014 15:16:43,250 - INFO  - Watchdog has been checked: 0 passed
01.07.2014 15:18:43,268 - INFO  - Watchdog has been checked: 0 passed
01.07.2014 15:20:43,180 - INFO  - Watchdog has been checked: 0 passed
01.07.2014 15:22:43,169 - INFO  - Watchdog has been checked: 0 passed
01.07.2014 15:24:43,277 - INFO  - Watchdog has been checked: 0 passed
01.07.2014 15:26:43,325 - INFO  - Watchdog has been checked: 0 passed
01.07.2014 15:28:43,119 - INFO  - Watchdog has been checked: 0 passed
01.07.2014 15:30:42,311 - INFO  - Watchdog has been checked: 0 passed
01.07.2014 15:32:42,376 - INFO  - Watchdog has been checked: 0 passed
01.07.2014 15:34:42,215 - INFO  - Watchdog has been checked: 0 passed
01.07.2014 15:36:42,266 - INFO  - Watchdog has been checked: 0 passed
01.07.2014 15:38:42,351 - INFO  - Watchdog has been checked: 0 passed
01.07.2014 15:40:42,241 - INFO  - Watchdog has been checked: 0 passed
01.07.2014 15:42:42,255 - INFO  - Watchdog has been checked: 0 passed
01.07.2014 15:44:42,344 - INFO  - Watchdog has been checked: 0 passed
01.07.2014 15:46:42,352 - INFO  - Watchdog has been checked: 0 passed
01.07.2014 15:48:42,396 - INFO  - Watchdog has been checked: 0 passed
01.07.2014 15:50:42,337 - INFO  - Watchdog has been checked: 0 passed
01.07.2014 15:52:42,371 - INFO  - Watchdog has been checked: 0 passed
01.07.2014 15:54:42,184 - INFO  - Watchdog has been checked: 0 passed
01.07.2014 15:56:41,237 - INFO  - Watchdog has been checked: 0 passed
01.07.2014 15:58:41,233 - INFO  - Watchdog has been checked: 0 passed
01.07.2014 16:00:41,379 - INFO  - Watchdog has been checked: 0 passed
01.07.2014 16:02:41,381 - INFO  - Watchdog has been checked: 0 passed
01.07.2014 16:04:41,262 - INFO  - Watchdog has been checked: 0 passed
01.07.2014 16:06:41,299 - INFO  - Watchdog has been checked: 0 passed
01.07.2014 16:08:41,263 - INFO  - Watchdog has been checked: 0 passed
01.07.2014 16:10:41,165 - INFO  - Watchdog has been checked: 0 passed
01.07.2014 16:12:41,149 - INFO  - Watchdog has been checked: 0 passed
01.07.2014 16:14:41,247 - INFO  - Watchdog has been checked: 0 passed
01.07.2014 16:16:41,299 - INFO  - Watchdog has been checked: 0 passed
01.07.2014 16:18:41,306 - INFO  - Watchdog has been checked: 0 passed
01.07.2014 16:20:41,173 - INFO  - Watchdog has been checked: 0 passed
01.07.2014 16:22:41,192 - INFO  - Watchdog has been checked: 0 passed
01.07.2014 16:24:41,285 - INFO  - Watchdog has been checked: 0 passed
01.07.2014 16:26:41,106 - INFO  - Watchdog has been checked: 0 passed
01.07.2014 16:28:41,120 - INFO  - Watchdog has been checked: 0 passed
01.07.2014 16:30:41,328 - INFO  - Watchdog has been checked: 0 passed
01.07.2014 16:32:41,298 - INFO  - Watchdog has been checked: 0 passed
01.07.2014 16:34:41,101 - INFO  - Watchdog has been checked: 0 passed
01.07.2014 16:36:41,136 - INFO  - Watchdog has been checked: 0 passed
01.07.2014 16:38:41,170 - INFO  - Watchdog has been checked: 0 passed
01.07.2014 16:40:41,105 - INFO  - Watchdog has been checked: 0 passed
01.07.2014 16:42:41,081 - INFO  - Watchdog has been checked: 0 passed
01.07.2014 16:44:41,212 - INFO  - Watchdog has been checked: 0 passed
01.07.2014 16:46:41,213 - INFO  - Watchdog has been checked: 0 passed
01.07.2014 16:48:41,213 - INFO  - Watchdog has been checked: 0 passed
01.07.2014 16:50:41,120 - INFO  - Watchdog has been checked: 0 passed
01.07.2014 16:52:41,140 - INFO  - Watchdog has been checked: 0 passed
01.07.2014 16:54:41,277 - INFO  - Watchdog has been checked: 0 passed
01.07.2014 16:56:41,317 - INFO  - Watchdog has been checked: 0 passed
01.07.2014 16:57:57,399 - INFO  - searcher identified --- respT: 50ms, 84006 results, q=, 
01.07.2014 16:58:00,606 - INFO  - searcher identified --- respT: 28ms, 178 results, q=hdb, 
01.07.2014 16:58:01,517 - INFO  - searcher identified --- respT: 29ms, 178 results, q=hdb, 
01.07.2014 16:58:41,058 - INFO  - Watchdog has been checked: 0 passed
01.07.2014 17:00:40,240 - INFO  - Watchdog has been checked: 0 passed
01.07.2014 17:02:40,224 - INFO  - Watchdog has been checked: 0 passed
01.07.2014 17:04:40,069 - INFO  - Watchdog has been checked: 0 passed
01.07.2014 17:06:39,114 - INFO  - Watchdog has been checked: 0 passed
01.07.2014 17:08:38,080 - INFO  - Watchdog has been checked: 0 passed
01.07.2014 17:10:37,280 - INFO  - Watchdog has been checked: 0 passed
01.07.2014 17:12:37,216 - INFO  - Watchdog has been checked: 0 passed
01.07.2014 17:14:37,286 - INFO  - Watchdog has been checked: 0 passed
01.07.2014 17:16:37,096 - INFO  - Watchdog has been checked: 0 passed
01.07.2014 17:18:36,134 - INFO  - Watchdog has been checked: 0 passed
01.07.2014 17:20:35,302 - INFO  - Watchdog has been checked: 0 passed
01.07.2014 17:22:35,081 - INFO  - Watchdog has been checked: 0 passed
01.07.2014 17:24:34,225 - INFO  - Watchdog has been checked: 0 passed
01.07.2014 17:26:34,307 - INFO  - Watchdog has been checked: 0 passed
01.07.2014 17:28:23,857 - ERROR - unknown wikiuser
01.07.2014 17:28:23,963 - INFO  - searcher anonymous --- respT: 32ms, 28107 results, q=, 
01.07.2014 17:28:34,301 - INFO  - Watchdog has been checked: 0 passed
01.07.2014 17:28:49,676 - ERROR - unknown wikiuser
01.07.2014 17:28:49,754 - INFO  - searcher anonymous --- respT: 31ms, 28107 results, q=, 
01.07.2014 17:29:21,276 - ERROR - unknown wikiuser
01.07.2014 17:29:21,341 - INFO  - searcher anonymous --- respT: 25ms, 3053 results, q=test, 
01.07.2014 17:29:30,249 - ERROR - unknown wikiuser
01.07.2014 17:29:30,337 - INFO  - searcher anonymous --- respT: 35ms, 3053 results, q=test, 
01.07.2014 17:30:02,519 - ERROR - unknown wikiuser
01.07.2014 17:30:02,597 - INFO  - searcher anonymous --- respT: 32ms, 28107 results, q=, 
01.07.2014 17:30:34,192 - INFO  - Watchdog has been checked: 0 passed
01.07.2014 17:32:34,197 - INFO  - Watchdog has been checked: 0 passed
01.07.2014 17:34:34,284 - INFO  - Watchdog has been checked: 0 passed
01.07.2014 17:36:34,327 - INFO  - Watchdog has been checked: 0 passed
01.07.2014 17:38:34,111 - INFO  - Watchdog has been checked: 0 passed
01.07.2014 17:40:34,252 - INFO  - Watchdog has been checked: 0 passed
01.07.2014 17:42:34,247 - INFO  - Watchdog has been checked: 0 passed
01.07.2014 17:44:34,367 - INFO  - Watchdog has been checked: 0 passed
01.07.2014 17:46:34,162 - INFO  - Watchdog has been checked: 0 passed
01.07.2014 17:48:34,174 - INFO  - Watchdog has been checked: 0 passed
01.07.2014 17:50:34,318 - INFO  - Watchdog has been checked: 0 passed
01.07.2014 17:52:34,330 - INFO  - Watchdog has been checked: 0 passed
01.07.2014 17:54:34,206 - INFO  - Watchdog has been checked: 0 passed
01.07.2014 17:56:34,214 - INFO  - Watchdog has been checked: 0 passed
01.07.2014 17:58:34,248 - INFO  - Watchdog has been checked: 0 passed
01.07.2014 18:00:34,164 - INFO  - Watchdog has been checked: 0 passed
01.07.2014 18:02:34,203 - INFO  - Watchdog has been checked: 0 passed
01.07.2014 18:04:34,334 - INFO  - Watchdog has been checked: 0 passed
01.07.2014 18:06:34,363 - INFO  - Watchdog has been checked: 0 passed
01.07.2014 18:08:34,419 - INFO  - Watchdog has been checked: 0 passed
01.07.2014 18:10:34,302 - INFO  - Watchdog has been checked: 0 passed
01.07.2014 18:12:34,260 - INFO  - Watchdog has been checked: 0 passed
01.07.2014 18:14:34,114 - INFO  - Watchdog has been checked: 0 passed
01.07.2014 18:16:33,174 - INFO  - Watchdog has been checked: 0 passed
01.07.2014 18:18:33,209 - INFO  - Watchdog has been checked: 0 passed
01.07.2014 18:20:32,106 - INFO  - Watchdog has been checked: 0 passed
01.07.2014 18:22:31,093 - INFO  - Watchdog has been checked: 0 passed
01.07.2014 18:24:30,212 - INFO  - Watchdog has been checked: 0 passed
01.07.2014 18:26:29,229 - INFO  - Watchdog has been checked: 0 passed
01.07.2014 18:28:29,227 - INFO  - Watchdog has been checked: 0 passed
01.07.2014 18:30:29,389 - INFO  - Watchdog has been checked: 0 passed
01.07.2014 18:32:29,412 - INFO  - Watchdog has been checked: 0 passed
01.07.2014 18:34:29,331 - INFO  - Watchdog has been checked: 0 passed
01.07.2014 18:36:29,345 - INFO  - Watchdog has been checked: 0 passed
01.07.2014 18:38:29,395 - INFO  - Watchdog has been checked: 0 passed
01.07.2014 18:40:29,292 - INFO  - Watchdog has been checked: 0 passed
01.07.2014 18:42:29,296 - INFO  - Watchdog has been checked: 0 passed
01.07.2014 18:44:29,425 - INFO  - Watchdog has been checked: 0 passed
01.07.2014 18:46:29,451 - INFO  - Watchdog has been checked: 0 passed
01.07.2014 18:48:29,431 - INFO  - Watchdog has been checked: 0 passed
01.07.2014 18:50:29,389 - INFO  - Watchdog has been checked: 0 passed
01.07.2014 18:52:29,349 - INFO  - Watchdog has been checked: 0 passed
01.07.2014 18:54:29,453 - INFO  - Watchdog has been checked: 0 passed
01.07.2014 18:56:29,200 - INFO  - Watchdog has been checked: 0 passed
01.07.2014 18:58:29,189 - INFO  - Watchdog has been checked: 0 passed
01.07.2014 19:00:29,405 - INFO  - Watchdog has been checked: 0 passed
01.07.2014 19:02:29,360 - INFO  - Watchdog has been checked: 0 passed
01.07.2014 19:04:29,233 - INFO  - Watchdog has been checked: 0 passed
01.07.2014 19:06:29,255 - INFO  - Watchdog has been checked: 0 passed
01.07.2014 19:08:29,250 - INFO  - Watchdog has been checked: 0 passed
01.07.2014 19:10:29,513 - INFO  - Watchdog has been checked: 0 passed
01.07.2014 19:12:29,190 - INFO  - Watchdog has been checked: 0 passed
01.07.2014 19:14:29,251 - INFO  - Watchdog has been checked: 0 passed
01.07.2014 19:16:29,296 - INFO  - Watchdog has been checked: 0 passed
01.07.2014 19:18:29,268 - INFO  - Watchdog has been checked: 0 passed
01.07.2014 19:20:29,231 - INFO  - Watchdog has been checked: 0 passed
01.07.2014 19:22:29,221 - INFO  - Watchdog has been checked: 0 passed
01.07.2014 19:24:29,314 - INFO  - Watchdog has been checked: 0 passed
01.07.2014 19:26:29,356 - INFO  - Watchdog has been checked: 0 passed
01.07.2014 19:28:29,342 - INFO  - Watchdog has been checked: 0 passed
01.07.2014 19:30:29,250 - INFO  - Watchdog has been checked: 0 passed
01.07.2014 19:32:29,230 - INFO  - Watchdog has been checked: 0 passed
01.07.2014 19:34:29,322 - INFO  - Watchdog has been checked: 0 passed
01.07.2014 19:36:29,162 - INFO  - Watchdog has been checked: 0 passed
01.07.2014 19:38:29,214 - INFO  - Watchdog has been checked: 0 passed
01.07.2014 19:40:29,364 - INFO  - Watchdog has been checked: 0 passed
01.07.2014 19:42:29,350 - INFO  - Watchdog has been checked: 0 passed
01.07.2014 19:44:29,162 - INFO  - Watchdog has been checked: 0 passed
01.07.2014 19:46:29,200 - INFO  - Watchdog has been checked: 0 passed
01.07.2014 19:48:29,185 - INFO  - Watchdog has been checked: 0 passed
01.07.2014 19:50:29,093 - INFO  - Watchdog has been checked: 0 passed
01.07.2014 19:52:28,097 - INFO  - Watchdog has been checked: 0 passed
01.07.2014 19:54:27,198 - INFO  - Watchdog has been checked: 0 passed
01.07.2014 19:56:27,234 - INFO  - Watchdog has been checked: 0 passed
01.07.2014 19:58:27,225 - INFO  - Watchdog has been checked: 0 passed
01.07.2014 20:00:27,149 - INFO  - Watchdog has been checked: 0 passed
01.07.2014 20:02:27,151 - INFO  - Watchdog has been checked: 0 passed
01.07.2014 20:04:27,230 - INFO  - Watchdog has been checked: 0 passed
01.07.2014 20:06:27,257 - INFO  - Watchdog has been checked: 0 passed
01.07.2014 20:08:27,259 - INFO  - Watchdog has been checked: 0 passed
01.07.2014 20:10:27,189 - INFO  - Watchdog has been checked: 0 passed
01.07.2014 20:12:27,204 - INFO  - Watchdog has been checked: 0 passed
01.07.2014 20:14:27,359 - INFO  - Watchdog has been checked: 0 passed
01.07.2014 20:16:27,152 - INFO  - Watchdog has been checked: 0 passed
01.07.2014 20:18:27,233 - INFO  - Watchdog has been checked: 0 passed
01.07.2014 20:20:27,387 - INFO  - Watchdog has been checked: 0 passed
01.07.2014 20:22:27,405 - INFO  - Watchdog has been checked: 0 passed
01.07.2014 20:24:27,238 - INFO  - Watchdog has been checked: 0 passed
01.07.2014 20:26:27,261 - INFO  - Watchdog has been checked: 0 passed
01.07.2014 20:28:27,283 - INFO  - Watchdog has been checked: 0 passed
01.07.2014 20:30:27,186 - INFO  - Watchdog has been checked: 0 passed
01.07.2014 20:32:27,210 - INFO  - Watchdog has been checked: 0 passed
01.07.2014 20:34:27,313 - INFO  - Watchdog has been checked: 0 passed
01.07.2014 20:36:27,349 - INFO  - Watchdog has been checked: 0 passed
01.07.2014 20:38:27,149 - INFO  - Watchdog has been checked: 0 passed
01.07.2014 20:40:27,297 - INFO  - Watchdog has been checked: 0 passed
01.07.2014 20:42:27,289 - INFO  - Watchdog has been checked: 0 passed
01.07.2014 20:44:27,240 - INFO  - Watchdog has been checked: 0 passed
01.07.2014 20:46:27,308 - INFO  - Watchdog has been checked: 0 passed
01.07.2014 20:48:27,282 - INFO  - Watchdog has been checked: 0 passed
01.07.2014 20:50:27,229 - INFO  - Watchdog has been checked: 0 passed
01.07.2014 20:52:27,197 - INFO  - Watchdog has been checked: 0 passed
01.07.2014 20:54:27,327 - INFO  - Watchdog has been checked: 0 passed
01.07.2014 20:56:27,323 - INFO  - Watchdog has been checked: 0 passed
01.07.2014 20:58:27,355 - INFO  - Watchdog has been checked: 0 passed
01.07.2014 21:00:27,244 - INFO  - Watchdog has been checked: 0 passed
01.07.2014 21:02:27,187 - INFO  - Watchdog has been checked: 0 passed
01.07.2014 21:04:27,053 - INFO  - Watchdog has been checked: 0 passed
01.07.2014 21:06:26,092 - INFO  - Watchdog has been checked: 0 passed
01.07.2014 21:08:25,068 - INFO  - Watchdog has been checked: 0 passed
01.07.2014 21:10:24,227 - INFO  - Watchdog has been checked: 0 passed
01.07.2014 21:12:24,257 - INFO  - Watchdog has been checked: 0 passed
01.07.2014 21:14:24,135 - INFO  - Watchdog has been checked: 0 passed
01.07.2014 21:16:23,161 - INFO  - Watchdog has been checked: 0 passed
01.07.2014 21:18:22,108 - INFO  - Watchdog has been checked: 0 passed
01.07.2014 21:20:21,295 - INFO  - Watchdog has been checked: 0 passed
01.07.2014 21:22:21,268 - INFO  - Watchdog has been checked: 0 passed
01.07.2014 21:24:21,179 - INFO  - Watchdog has been checked: 0 passed
01.07.2014 21:26:21,219 - INFO  - Watchdog has been checked: 0 passed
01.07.2014 21:28:21,202 - INFO  - Watchdog has been checked: 0 passed
01.07.2014 21:30:21,140 - INFO  - Watchdog has been checked: 0 passed
01.07.2014 21:32:21,131 - INFO  - Watchdog has been checked: 0 passed
01.07.2014 21:34:21,245 - INFO  - Watchdog has been checked: 0 passed
01.07.2014 21:36:21,303 - INFO  - Watchdog has been checked: 0 passed
01.07.2014 21:38:21,302 - INFO  - Watchdog has been checked: 0 passed
01.07.2014 21:40:21,257 - INFO  - Watchdog has been checked: 0 passed
01.07.2014 21:42:21,255 - INFO  - Watchdog has been checked: 0 passed
01.07.2014 21:44:21,117 - INFO  - Watchdog has been checked: 0 passed
01.07.2014 21:46:20,226 - INFO  - Watchdog has been checked: 0 passed
01.07.2014 21:48:20,180 - INFO  - Watchdog has been checked: 0 passed
01.07.2014 21:50:20,318 - INFO  - Watchdog has been checked: 0 passed
01.07.2014 21:52:20,324 - INFO  - Watchdog has been checked: 0 passed
01.07.2014 21:54:20,182 - INFO  - Watchdog has been checked: 0 passed
01.07.2014 21:56:20,246 - INFO  - Watchdog has been checked: 0 passed
01.07.2014 21:58:20,194 - INFO  - Watchdog has been checked: 0 passed
01.07.2014 22:00:20,286 - INFO  - Watchdog has been checked: 0 passed
01.07.2014 22:02:20,300 - INFO  - Watchdog has been checked: 0 passed
01.07.2014 22:04:20,130 - INFO  - Watchdog has been checked: 0 passed
01.07.2014 22:06:23,192 - INFO  - Watchdog has been checked: 0 passed
01.07.2014 22:08:23,206 - INFO  - Watchdog has been checked: 0 passed
01.07.2014 22:10:23,117 - INFO  - Watchdog has been checked: 0 passed
01.07.2014 22:12:23,154 - INFO  - Watchdog has been checked: 0 passed
01.07.2014 22:14:23,216 - INFO  - Watchdog has been checked: 0 passed
01.07.2014 22:16:23,303 - INFO  - Watchdog has been checked: 0 passed
01.07.2014 22:18:23,309 - INFO  - Watchdog has been checked: 0 passed
01.07.2014 22:20:23,197 - INFO  - Watchdog has been checked: 0 passed
01.07.2014 22:22:23,254 - INFO  - Watchdog has been checked: 0 passed
01.07.2014 22:24:23,106 - INFO  - Watchdog has been checked: 0 passed
01.07.2014 22:26:22,129 - INFO  - Watchdog has been checked: 0 passed
01.07.2014 22:28:22,114 - INFO  - Watchdog has been checked: 0 passed
01.07.2014 22:30:22,238 - INFO  - Watchdog has been checked: 0 passed
01.07.2014 22:32:22,327 - INFO  - Watchdog has been checked: 0 passed
01.07.2014 22:34:22,281 - INFO  - Watchdog has been checked: 0 passed
01.07.2014 22:36:22,227 - INFO  - Watchdog has been checked: 0 passed
01.07.2014 22:38:22,294 - INFO  - Watchdog has been checked: 0 passed
01.07.2014 22:40:22,188 - INFO  - Watchdog has been checked: 0 passed
01.07.2014 22:42:22,149 - INFO  - Watchdog has been checked: 0 passed
01.07.2014 22:44:22,333 - INFO  - Watchdog has been checked: 0 passed
01.07.2014 22:46:22,350 - INFO  - Watchdog has been checked: 0 passed
01.07.2014 22:48:22,381 - INFO  - Watchdog has been checked: 0 passed
01.07.2014 22:50:22,228 - INFO  - Watchdog has been checked: 0 passed
01.07.2014 22:52:22,237 - INFO  - Watchdog has been checked: 0 passed
01.07.2014 22:54:22,342 - INFO  - Watchdog has been checked: 0 passed
01.07.2014 22:56:22,376 - INFO  - Watchdog has been checked: 0 passed
01.07.2014 22:58:22,404 - INFO  - Watchdog has been checked: 0 passed
01.07.2014 23:00:22,287 - INFO  - Watchdog has been checked: 0 passed
01.07.2014 23:02:22,284 - INFO  - Watchdog has been checked: 0 passed
01.07.2014 23:04:22,402 - INFO  - Watchdog has been checked: 0 passed
01.07.2014 23:06:22,374 - INFO  - Watchdog has been checked: 0 passed
01.07.2014 23:08:23,338 - INFO  - Watchdog has been checked: 0 passed
01.07.2014 23:10:23,249 - INFO  - Watchdog has been checked: 0 passed
01.07.2014 23:12:23,246 - INFO  - Watchdog has been checked: 0 passed
01.07.2014 23:14:23,343 - INFO  - Watchdog has been checked: 0 passed
01.07.2014 23:16:23,120 - INFO  - Watchdog has been checked: 0 passed
01.07.2014 23:18:23,315 - INFO  - Watchdog has been checked: 0 passed
01.07.2014 23:20:23,246 - INFO  - Watchdog has been checked: 0 passed
01.07.2014 23:22:23,195 - INFO  - Watchdog has been checked: 0 passed
01.07.2014 23:24:23,061 - INFO  - Watchdog has been checked: 0 passed
01.07.2014 23:26:23,064 - INFO  - Watchdog has been checked: 0 passed
01.07.2014 23:28:22,991 - INFO  - Watchdog has been checked: 0 passed
01.07.2014 23:31:08,223 - INFO  - Watchdog has been checked: 0 passed
01.07.2014 23:31:23,077 - INFO  - Watchdog has been checked: 0 passed
01.07.2014 23:33:23,108 - INFO  - Watchdog has been checked: 0 passed
01.07.2014 23:35:23,211 - INFO  - Watchdog has been checked: 0 passed
01.07.2014 23:37:23,177 - INFO  - Watchdog has been checked: 0 passed
01.07.2014 23:39:23,124 - INFO  - Watchdog has been checked: 0 passed
01.07.2014 23:41:23,172 - INFO  - Watchdog has been checked: 0 passed
01.07.2014 23:43:23,213 - INFO  - Watchdog has been checked: 0 passed
01.07.2014 23:45:23,169 - INFO  - Watchdog has been checked: 0 passed
01.07.2014 23:47:23,132 - INFO  - Watchdog has been checked: 0 passed
01.07.2014 23:49:23,113 - INFO  - Watchdog has been checked: 0 passed
01.07.2014 23:51:23,168 - INFO  - Watchdog has been checked: 0 passed
01.07.2014 23:53:23,164 - INFO  - Watchdog has been checked: 0 passed
01.07.2014 23:55:23,255 - INFO  - Watchdog has been checked: 0 passed
01.07.2014 23:57:23,175 - INFO  - Watchdog has been checked: 0 passed
01.07.2014 23:59:23,080 - INFO  - Watchdog has been checked: 0 passed
