29.07.2014 00:00:24,147 - INFO  - Watchdog has been checked: 0 passed
29.07.2014 00:02:24,394 - INFO  - Watchdog has been checked: 0 passed
29.07.2014 00:04:24,272 - INFO  - Watchdog has been checked: 0 passed
29.07.2014 00:06:24,238 - INFO  - Watchdog has been checked: 0 passed
29.07.2014 00:08:24,189 - INFO  - Watchdog has been checked: 0 passed
29.07.2014 00:10:24,122 - INFO  - Watchdog has been checked: 0 passed
29.07.2014 00:12:24,297 - INFO  - Watchdog has been checked: 0 passed
29.07.2014 00:14:24,280 - INFO  - Watchdog has been checked: 0 passed
29.07.2014 00:16:24,265 - INFO  - Watchdog has been checked: 0 passed
29.07.2014 00:18:24,178 - INFO  - Watchdog has been checked: 0 passed
29.07.2014 00:20:24,347 - INFO  - Watchdog has been checked: 0 passed
29.07.2014 00:22:24,250 - INFO  - Watchdog has been checked: 0 passed
29.07.2014 00:24:24,165 - INFO  - Watchdog has been checked: 0 passed
29.07.2014 00:26:24,044 - INFO  - Watchdog has been checked: 0 passed
29.07.2014 00:28:24,153 - INFO  - Watchdog has been checked: 0 passed
29.07.2014 00:30:24,323 - INFO  - Watchdog has been checked: 0 passed
29.07.2014 00:32:24,213 - INFO  - Watchdog has been checked: 0 passed
29.07.2014 00:34:24,139 - INFO  - Watchdog has been checked: 0 passed
29.07.2014 00:36:24,231 - INFO  - Watchdog has been checked: 0 passed
29.07.2014 00:38:24,319 - INFO  - Watchdog has been checked: 0 passed
29.07.2014 00:40:24,302 - INFO  - Watchdog has been checked: 0 passed
29.07.2014 00:42:24,441 - INFO  - Watchdog has been checked: 0 passed
29.07.2014 00:44:24,272 - INFO  - Watchdog has been checked: 0 passed
29.07.2014 00:46:24,180 - INFO  - Watchdog has been checked: 0 passed
29.07.2014 00:48:24,134 - INFO  - Watchdog has been checked: 0 passed
29.07.2014 00:50:24,047 - INFO  - Watchdog has been checked: 0 passed
29.07.2014 00:52:24,334 - INFO  - Watchdog has been checked: 0 passed
29.07.2014 00:54:24,151 - INFO  - Watchdog has been checked: 0 passed
29.07.2014 00:56:24,079 - INFO  - Watchdog has been checked: 0 passed
29.07.2014 00:58:23,227 - INFO  - Watchdog has been checked: 0 passed
29.07.2014 01:00:23,216 - INFO  - Watchdog has been checked: 0 passed
29.07.2014 01:02:23,280 - INFO  - Watchdog has been checked: 0 passed
29.07.2014 01:04:23,052 - INFO  - Watchdog has been checked: 0 passed
29.07.2014 01:06:22,237 - INFO  - Watchdog has been checked: 0 passed
29.07.2014 01:08:24,149 - INFO  - Watchdog has been checked: 0 passed
29.07.2014 01:10:24,139 - INFO  - Watchdog has been checked: 0 passed
29.07.2014 01:12:24,611 - INFO  - Watchdog has been checked: 0 passed
29.07.2014 01:14:24,118 - INFO  - Watchdog has been checked: 0 passed
29.07.2014 01:16:24,337 - INFO  - Watchdog has been checked: 0 passed
29.07.2014 01:18:24,148 - INFO  - Watchdog has been checked: 0 passed
29.07.2014 01:20:24,178 - INFO  - Watchdog has been checked: 0 passed
29.07.2014 01:22:24,686 - INFO  - Watchdog has been checked: 0 passed
29.07.2014 01:24:24,177 - INFO  - Watchdog has been checked: 0 passed
29.07.2014 01:26:24,151 - INFO  - Watchdog has been checked: 0 passed
29.07.2014 01:28:24,245 - INFO  - Watchdog has been checked: 0 passed
29.07.2014 01:30:24,235 - INFO  - Watchdog has been checked: 0 passed
29.07.2014 01:32:24,709 - INFO  - Watchdog has been checked: 0 passed
29.07.2014 01:34:24,229 - INFO  - Watchdog has been checked: 0 passed
29.07.2014 01:36:24,156 - INFO  - Watchdog has been checked: 0 passed
29.07.2014 01:38:24,231 - INFO  - Watchdog has been checked: 0 passed
29.07.2014 01:40:24,298 - INFO  - Watchdog has been checked: 0 passed
29.07.2014 01:42:24,581 - INFO  - Watchdog has been checked: 0 passed
29.07.2014 01:44:24,290 - INFO  - Watchdog has been checked: 0 passed
29.07.2014 01:46:24,238 - INFO  - Watchdog has been checked: 0 passed
29.07.2014 01:48:24,384 - INFO  - Watchdog has been checked: 0 passed
29.07.2014 01:50:24,367 - INFO  - Watchdog has been checked: 0 passed
29.07.2014 01:52:24,470 - INFO  - Watchdog has been checked: 0 passed
29.07.2014 01:54:24,335 - INFO  - Watchdog has been checked: 0 passed
29.07.2014 01:56:24,361 - INFO  - Watchdog has been checked: 0 passed
29.07.2014 01:58:24,257 - INFO  - Watchdog has been checked: 0 passed
29.07.2014 02:00:24,272 - INFO  - Watchdog has been checked: 0 passed
29.07.2014 02:02:24,437 - INFO  - Watchdog has been checked: 0 passed
29.07.2014 02:04:24,242 - INFO  - Watchdog has been checked: 0 passed
29.07.2014 02:06:24,480 - INFO  - Watchdog has been checked: 0 passed
29.07.2014 02:08:24,411 - INFO  - Watchdog has been checked: 0 passed
29.07.2014 02:10:24,296 - INFO  - Watchdog has been checked: 0 passed
29.07.2014 02:12:24,252 - INFO  - Watchdog has been checked: 0 passed
29.07.2014 02:14:24,384 - INFO  - Watchdog has been checked: 0 passed
29.07.2014 02:16:24,356 - INFO  - Watchdog has been checked: 0 passed
29.07.2014 02:18:24,276 - INFO  - Watchdog has been checked: 0 passed
29.07.2014 02:20:24,389 - INFO  - Watchdog has been checked: 0 passed
29.07.2014 02:22:24,319 - INFO  - Watchdog has been checked: 0 passed
29.07.2014 02:24:24,115 - INFO  - Watchdog has been checked: 0 passed
29.07.2014 02:26:23,047 - INFO  - Watchdog has been checked: 0 passed
29.07.2014 02:28:21,992 - INFO  - Watchdog has been checked: 0 passed
29.07.2014 02:30:21,123 - INFO  - Watchdog has been checked: 0 passed
29.07.2014 02:32:21,035 - INFO  - Watchdog has been checked: 0 passed
29.07.2014 02:34:19,855 - INFO  - Watchdog has been checked: 0 passed
29.07.2014 02:36:19,117 - INFO  - Watchdog has been checked: 0 passed
29.07.2014 02:38:17,967 - INFO  - Watchdog has been checked: 0 passed
29.07.2014 02:40:17,100 - INFO  - Watchdog has been checked: 0 passed
29.07.2014 02:42:17,267 - INFO  - Watchdog has been checked: 0 passed
29.07.2014 02:44:16,900 - INFO  - Watchdog has been checked: 0 passed
29.07.2014 02:46:16,013 - INFO  - Watchdog has been checked: 0 passed
29.07.2014 02:48:15,119 - INFO  - Watchdog has been checked: 0 passed
29.07.2014 02:50:15,087 - INFO  - Watchdog has been checked: 0 passed
29.07.2014 02:52:15,246 - INFO  - Watchdog has been checked: 0 passed
29.07.2014 02:54:15,143 - INFO  - Watchdog has been checked: 0 passed
29.07.2014 02:56:15,016 - INFO  - Watchdog has been checked: 0 passed
29.07.2014 02:58:15,052 - INFO  - Watchdog has been checked: 0 passed
29.07.2014 03:00:15,203 - INFO  - Watchdog has been checked: 0 passed
29.07.2014 03:02:15,125 - INFO  - Watchdog has been checked: 0 passed
29.07.2014 03:04:15,311 - INFO  - Watchdog has been checked: 0 passed
29.07.2014 03:06:15,302 - INFO  - Watchdog has been checked: 0 passed
29.07.2014 03:08:15,261 - INFO  - Watchdog has been checked: 0 passed
29.07.2014 03:10:15,122 - INFO  - Watchdog has been checked: 0 passed
29.07.2014 03:12:15,287 - INFO  - Watchdog has been checked: 0 passed
29.07.2014 03:14:15,187 - INFO  - Watchdog has been checked: 0 passed
29.07.2014 03:16:15,143 - INFO  - Watchdog has been checked: 0 passed
29.07.2014 03:18:15,335 - INFO  - Watchdog has been checked: 0 passed
29.07.2014 03:20:15,304 - INFO  - Watchdog has been checked: 0 passed
29.07.2014 03:22:15,367 - INFO  - Watchdog has been checked: 0 passed
29.07.2014 03:24:15,100 - INFO  - Watchdog has been checked: 0 passed
29.07.2014 03:26:15,213 - INFO  - Watchdog has been checked: 0 passed
29.07.2014 03:28:15,218 - INFO  - Watchdog has been checked: 0 passed
29.07.2014 03:30:15,262 - INFO  - Watchdog has been checked: 0 passed
29.07.2014 03:32:15,058 - INFO  - Watchdog has been checked: 0 passed
29.07.2014 03:34:14,088 - INFO  - Watchdog has been checked: 0 passed
29.07.2014 03:36:13,286 - INFO  - Watchdog has been checked: 0 passed
29.07.2014 03:38:14,795 - INFO  - Watchdog has been checked: 0 passed
29.07.2014 03:40:14,176 - INFO  - Watchdog has been checked: 0 passed
29.07.2014 03:42:14,339 - INFO  - Watchdog has been checked: 0 passed
29.07.2014 03:44:14,260 - INFO  - Watchdog has been checked: 0 passed
29.07.2014 03:46:14,232 - INFO  - Watchdog has been checked: 0 passed
29.07.2014 03:48:14,212 - INFO  - Watchdog has been checked: 0 passed
29.07.2014 03:50:14,325 - INFO  - Watchdog has been checked: 0 passed
29.07.2014 03:52:14,134 - INFO  - Watchdog has been checked: 0 passed
29.07.2014 03:54:14,289 - INFO  - Watchdog has been checked: 0 passed
29.07.2014 03:56:14,220 - INFO  - Watchdog has been checked: 0 passed
29.07.2014 03:58:14,326 - INFO  - Watchdog has been checked: 0 passed
29.07.2014 04:00:14,347 - INFO  - Watchdog has been checked: 0 passed
29.07.2014 04:02:14,158 - INFO  - Watchdog has been checked: 0 passed
29.07.2014 04:04:14,275 - INFO  - Watchdog has been checked: 0 passed
29.07.2014 04:06:14,293 - INFO  - Watchdog has been checked: 0 passed
29.07.2014 04:08:14,298 - INFO  - Watchdog has been checked: 0 passed
29.07.2014 04:10:14,327 - INFO  - Watchdog has been checked: 0 passed
29.07.2014 04:12:14,294 - INFO  - Watchdog has been checked: 0 passed
29.07.2014 04:14:14,387 - INFO  - Watchdog has been checked: 0 passed
29.07.2014 04:16:14,191 - INFO  - Watchdog has been checked: 0 passed
29.07.2014 04:18:14,297 - INFO  - Watchdog has been checked: 0 passed
29.07.2014 04:20:14,292 - INFO  - Watchdog has been checked: 0 passed
29.07.2014 04:22:14,385 - INFO  - Watchdog has been checked: 0 passed
29.07.2014 04:24:14,262 - INFO  - Watchdog has been checked: 0 passed
29.07.2014 04:26:14,292 - INFO  - Watchdog has been checked: 0 passed
29.07.2014 04:28:14,398 - INFO  - Watchdog has been checked: 0 passed
29.07.2014 04:30:14,355 - INFO  - Watchdog has been checked: 0 passed
29.07.2014 04:32:14,286 - INFO  - Watchdog has been checked: 0 passed
29.07.2014 04:34:14,364 - INFO  - Watchdog has been checked: 0 passed
29.07.2014 04:36:14,334 - INFO  - Watchdog has been checked: 0 passed
29.07.2014 04:38:14,172 - INFO  - Watchdog has been checked: 0 passed
29.07.2014 04:40:14,439 - INFO  - Watchdog has been checked: 0 passed
29.07.2014 04:42:14,297 - INFO  - Watchdog has been checked: 0 passed
29.07.2014 04:44:14,371 - INFO  - Watchdog has been checked: 0 passed
29.07.2014 04:46:14,321 - INFO  - Watchdog has been checked: 0 passed
29.07.2014 04:48:14,233 - INFO  - Watchdog has been checked: 0 passed
29.07.2014 04:50:14,125 - INFO  - Watchdog has been checked: 0 passed
29.07.2014 04:52:14,000 - INFO  - Watchdog has been checked: 0 passed
29.07.2014 04:54:13,101 - INFO  - Watchdog has been checked: 0 passed
29.07.2014 04:56:13,104 - INFO  - Watchdog has been checked: 0 passed
29.07.2014 04:58:13,052 - INFO  - Watchdog has been checked: 0 passed
29.07.2014 05:00:12,189 - INFO  - Watchdog has been checked: 0 passed
29.07.2014 05:02:12,150 - INFO  - Watchdog has been checked: 0 passed
29.07.2014 05:04:12,288 - INFO  - Watchdog has been checked: 0 passed
29.07.2014 05:06:12,280 - INFO  - Watchdog has been checked: 0 passed
29.07.2014 05:08:12,233 - INFO  - Watchdog has been checked: 0 passed
29.07.2014 05:10:12,125 - INFO  - Watchdog has been checked: 0 passed
29.07.2014 05:12:12,282 - INFO  - Watchdog has been checked: 0 passed
29.07.2014 05:14:12,169 - INFO  - Watchdog has been checked: 0 passed
29.07.2014 05:16:12,137 - INFO  - Watchdog has been checked: 0 passed
29.07.2014 05:18:12,116 - INFO  - Watchdog has been checked: 0 passed
29.07.2014 05:20:12,253 - INFO  - Watchdog has been checked: 0 passed
29.07.2014 05:22:12,194 - INFO  - Watchdog has been checked: 0 passed
29.07.2014 05:24:12,390 - INFO  - Watchdog has been checked: 0 passed
29.07.2014 05:26:12,219 - INFO  - Watchdog has been checked: 0 passed
29.07.2014 05:28:12,212 - INFO  - Watchdog has been checked: 0 passed
29.07.2014 05:30:12,136 - INFO  - Watchdog has been checked: 0 passed
29.07.2014 05:32:12,320 - INFO  - Watchdog has been checked: 0 passed
29.07.2014 05:34:12,210 - INFO  - Watchdog has been checked: 0 passed
29.07.2014 05:36:12,125 - INFO  - Watchdog has been checked: 0 passed
29.07.2014 05:38:12,272 - INFO  - Watchdog has been checked: 0 passed
29.07.2014 05:40:12,385 - INFO  - Watchdog has been checked: 0 passed
29.07.2014 05:42:12,277 - INFO  - Watchdog has been checked: 0 passed
29.07.2014 05:44:12,234 - INFO  - Watchdog has been checked: 0 passed
29.07.2014 05:46:12,401 - INFO  - Watchdog has been checked: 0 passed
29.07.2014 05:48:12,436 - INFO  - Watchdog has been checked: 0 passed
29.07.2014 05:50:12,207 - INFO  - Watchdog has been checked: 0 passed
29.07.2014 05:52:12,261 - INFO  - Watchdog has been checked: 0 passed
29.07.2014 05:54:12,218 - INFO  - Watchdog has been checked: 0 passed
29.07.2014 05:56:12,138 - INFO  - Watchdog has been checked: 0 passed
29.07.2014 05:58:12,264 - INFO  - Watchdog has been checked: 0 passed
29.07.2014 06:00:12,176 - INFO  - Watchdog has been checked: 0 passed
29.07.2014 06:02:12,231 - INFO  - Watchdog has been checked: 0 passed
29.07.2014 06:04:12,295 - INFO  - Watchdog has been checked: 0 passed
29.07.2014 06:06:12,236 - INFO  - Watchdog has been checked: 0 passed
29.07.2014 06:08:12,421 - INFO  - Watchdog has been checked: 0 passed
29.07.2014 06:10:12,236 - INFO  - Watchdog has been checked: 0 passed
29.07.2014 06:12:12,220 - INFO  - Watchdog has been checked: 0 passed
29.07.2014 06:14:11,982 - INFO  - Watchdog has been checked: 0 passed
29.07.2014 06:15:01,357 - INFO  - mapping file sync started
29.07.2014 06:15:02,618 - INFO  - file successfully updated
29.07.2014 06:16:11,201 - INFO  - Watchdog has been checked: 0 passed
29.07.2014 06:18:11,085 - INFO  - Watchdog has been checked: 0 passed
29.07.2014 06:20:11,222 - INFO  - Watchdog has been checked: 0 passed
29.07.2014 06:22:11,266 - INFO  - Watchdog has been checked: 0 passed
29.07.2014 06:24:11,168 - INFO  - Watchdog has been checked: 0 passed
29.07.2014 06:26:11,113 - INFO  - Watchdog has been checked: 0 passed
29.07.2014 06:28:11,188 - INFO  - Watchdog has been checked: 0 passed
29.07.2014 06:30:11,129 - INFO  - Watchdog has been checked: 0 passed
29.07.2014 06:32:10,165 - INFO  - Watchdog has been checked: 0 passed
29.07.2014 06:34:09,103 - INFO  - Watchdog has been checked: 0 passed
29.07.2014 06:36:09,137 - INFO  - Watchdog has been checked: 0 passed
29.07.2014 06:38:09,300 - INFO  - Watchdog has been checked: 0 passed
29.07.2014 06:40:09,321 - INFO  - Watchdog has been checked: 0 passed
29.07.2014 06:42:09,169 - INFO  - Watchdog has been checked: 0 passed
29.07.2014 06:44:09,289 - INFO  - Watchdog has been checked: 0 passed
29.07.2014 06:46:09,224 - INFO  - Watchdog has been checked: 0 passed
29.07.2014 06:48:09,134 - INFO  - Watchdog has been checked: 0 passed
29.07.2014 06:50:09,178 - INFO  - Watchdog has been checked: 0 passed
29.07.2014 06:52:09,274 - INFO  - Watchdog has been checked: 0 passed
29.07.2014 06:54:09,118 - INFO  - Watchdog has been checked: 0 passed
29.07.2014 06:56:09,277 - INFO  - Watchdog has been checked: 0 passed
29.07.2014 06:58:09,089 - INFO  - Watchdog has been checked: 0 passed
29.07.2014 07:00:09,212 - INFO  - Watchdog has been checked: 0 passed
29.07.2014 07:02:09,322 - INFO  - Watchdog has been checked: 0 passed
29.07.2014 07:04:09,230 - INFO  - Watchdog has been checked: 0 passed
29.07.2014 07:06:09,266 - INFO  - Watchdog has been checked: 0 passed
29.07.2014 07:08:09,388 - INFO  - Watchdog has been checked: 0 passed
29.07.2014 07:10:09,434 - INFO  - Watchdog has been checked: 0 passed
29.07.2014 07:12:09,277 - INFO  - Watchdog has been checked: 0 passed
29.07.2014 07:14:09,404 - INFO  - Watchdog has been checked: 0 passed
29.07.2014 07:15:01,420 - INFO  - mapping file sync started
29.07.2014 07:15:01,915 - INFO  - file successfully updated
29.07.2014 07:16:09,425 - INFO  - Watchdog has been checked: 0 passed
29.07.2014 07:18:09,361 - INFO  - Watchdog has been checked: 0 passed
29.07.2014 07:20:09,305 - INFO  - Watchdog has been checked: 0 passed
29.07.2014 07:22:09,466 - INFO  - Watchdog has been checked: 0 passed
29.07.2014 07:24:09,304 - INFO  - Watchdog has been checked: 0 passed
29.07.2014 07:26:09,251 - INFO  - Watchdog has been checked: 0 passed
29.07.2014 07:28:09,368 - INFO  - Watchdog has been checked: 0 passed
29.07.2014 07:30:09,346 - INFO  - Watchdog has been checked: 0 passed
29.07.2014 07:32:09,255 - INFO  - Watchdog has been checked: 0 passed
29.07.2014 07:34:09,364 - INFO  - Watchdog has been checked: 0 passed
29.07.2014 07:36:09,388 - INFO  - Watchdog has been checked: 0 passed
29.07.2014 07:38:09,264 - INFO  - Watchdog has been checked: 0 passed
29.07.2014 07:40:09,143 - INFO  - Watchdog has been checked: 0 passed
29.07.2014 07:42:09,071 - INFO  - Watchdog has been checked: 0 passed
29.07.2014 07:44:09,220 - INFO  - Watchdog has been checked: 0 passed
29.07.2014 07:46:09,162 - INFO  - Watchdog has been checked: 0 passed
29.07.2014 07:48:09,132 - INFO  - Watchdog has been checked: 0 passed
29.07.2014 07:50:08,157 - INFO  - Watchdog has been checked: 0 passed
29.07.2014 07:52:07,074 - INFO  - Watchdog has been checked: 0 passed
29.07.2014 07:54:06,184 - INFO  - Watchdog has been checked: 0 passed
29.07.2014 07:56:07,145 - INFO  - Watchdog has been checked: 0 passed
29.07.2014 07:58:07,101 - INFO  - Watchdog has been checked: 0 passed
29.07.2014 08:00:07,093 - INFO  - Watchdog has been checked: 0 passed
29.07.2014 08:02:06,241 - INFO  - Watchdog has been checked: 0 passed
29.07.2014 08:04:06,164 - INFO  - Watchdog has been checked: 0 passed
29.07.2014 08:06:06,323 - INFO  - Watchdog has been checked: 0 passed
29.07.2014 08:08:06,325 - INFO  - Watchdog has been checked: 0 passed
29.07.2014 08:10:06,199 - INFO  - Watchdog has been checked: 0 passed
29.07.2014 08:12:09,240 - INFO  - Watchdog has been checked: 0 passed
29.07.2014 08:14:09,314 - INFO  - Watchdog has been checked: 0 passed
29.07.2014 08:16:09,207 - INFO  - Watchdog has been checked: 0 passed
29.07.2014 08:18:09,200 - INFO  - Watchdog has been checked: 0 passed
29.07.2014 08:20:09,144 - INFO  - Watchdog has been checked: 0 passed
29.07.2014 08:22:09,249 - INFO  - Watchdog has been checked: 0 passed
29.07.2014 08:24:09,248 - INFO  - Watchdog has been checked: 0 passed
29.07.2014 08:26:09,014 - INFO  - Watchdog has been checked: 0 passed
29.07.2014 08:28:08,991 - INFO  - Watchdog has been checked: 0 passed
29.07.2014 08:30:09,256 - INFO  - Watchdog has been checked: 0 passed
29.07.2014 08:32:09,216 - INFO  - Watchdog has been checked: 0 passed
29.07.2014 08:34:09,168 - INFO  - Watchdog has been checked: 0 passed
29.07.2014 08:36:09,385 - INFO  - Watchdog has been checked: 0 passed
29.07.2014 08:38:09,303 - INFO  - Watchdog has been checked: 0 passed
29.07.2014 08:40:09,218 - INFO  - Watchdog has been checked: 0 passed
29.07.2014 08:42:09,347 - INFO  - Watchdog has been checked: 0 passed
29.07.2014 08:44:09,287 - INFO  - Watchdog has been checked: 0 passed
29.07.2014 08:46:09,220 - INFO  - Watchdog has been checked: 0 passed
29.07.2014 08:48:09,288 - INFO  - Watchdog has been checked: 0 passed
29.07.2014 08:50:09,110 - INFO  - Watchdog has been checked: 0 passed
29.07.2014 08:52:08,125 - INFO  - Watchdog has been checked: 0 passed
29.07.2014 08:54:08,119 - INFO  - Watchdog has been checked: 0 passed
29.07.2014 08:56:08,287 - INFO  - Watchdog has been checked: 0 passed
29.07.2014 08:58:08,221 - INFO  - Watchdog has been checked: 0 passed
29.07.2014 09:00:08,219 - INFO  - Watchdog has been checked: 0 passed
29.07.2014 09:02:08,136 - INFO  - Watchdog has been checked: 0 passed
29.07.2014 09:04:08,212 - INFO  - Watchdog has been checked: 0 passed
29.07.2014 09:06:08,206 - INFO  - Watchdog has been checked: 0 passed
29.07.2014 09:08:08,279 - INFO  - Watchdog has been checked: 0 passed
29.07.2014 09:10:08,086 - INFO  - Watchdog has been checked: 0 passed
29.07.2014 09:12:07,240 - INFO  - Watchdog has been checked: 0 passed
29.07.2014 09:14:09,178 - INFO  - Watchdog has been checked: 0 passed
29.07.2014 09:16:09,135 - INFO  - Watchdog has been checked: 0 passed
29.07.2014 09:18:09,206 - INFO  - Watchdog has been checked: 0 passed
29.07.2014 09:20:09,166 - INFO  - Watchdog has been checked: 0 passed
29.07.2014 09:22:09,230 - INFO  - Watchdog has been checked: 0 passed
29.07.2014 09:24:09,095 - INFO  - Watchdog has been checked: 0 passed
29.07.2014 09:26:08,154 - INFO  - Watchdog has been checked: 0 passed
29.07.2014 09:28:08,049 - INFO  - Watchdog has been checked: 0 passed
29.07.2014 09:30:07,298 - INFO  - Watchdog has been checked: 0 passed
29.07.2014 09:32:07,170 - INFO  - Watchdog has been checked: 0 passed
29.07.2014 09:34:07,254 - INFO  - Watchdog has been checked: 0 passed
29.07.2014 09:36:07,266 - INFO  - Watchdog has been checked: 0 passed
29.07.2014 09:38:07,096 - INFO  - Watchdog has been checked: 0 passed
29.07.2014 09:40:06,147 - INFO  - Watchdog has been checked: 0 passed
29.07.2014 09:42:06,326 - INFO  - Watchdog has been checked: 0 passed
29.07.2014 09:44:06,227 - INFO  - Watchdog has been checked: 0 passed
29.07.2014 09:46:06,745 - INFO  - Watchdog has been checked: 0 passed
29.07.2014 09:48:06,097 - INFO  - Watchdog has been checked: 0 passed
29.07.2014 09:50:09,344 - INFO  - Watchdog has been checked: 0 passed
29.07.2014 09:52:09,352 - INFO  - Watchdog has been checked: 0 passed
29.07.2014 09:54:09,217 - INFO  - Watchdog has been checked: 0 passed
29.07.2014 09:56:09,224 - INFO  - Watchdog has been checked: 0 passed
29.07.2014 09:58:09,005 - INFO  - Watchdog has been checked: 0 passed
29.07.2014 10:00:09,268 - INFO  - Watchdog has been checked: 0 passed
29.07.2014 10:02:09,188 - INFO  - Watchdog has been checked: 0 passed
29.07.2014 10:04:09,298 - INFO  - Watchdog has been checked: 0 passed
29.07.2014 10:06:09,328 - INFO  - Watchdog has been checked: 0 passed
29.07.2014 10:08:09,213 - INFO  - Watchdog has been checked: 0 passed
29.07.2014 10:10:09,107 - INFO  - Watchdog has been checked: 0 passed
29.07.2014 10:12:09,262 - INFO  - Watchdog has been checked: 0 passed
29.07.2014 10:14:09,142 - INFO  - Watchdog has been checked: 0 passed
29.07.2014 10:16:09,128 - INFO  - Watchdog has been checked: 0 passed
29.07.2014 10:18:09,032 - INFO  - Watchdog has been checked: 0 passed
29.07.2014 10:20:09,181 - INFO  - Watchdog has been checked: 0 passed
29.07.2014 10:22:09,121 - INFO  - Watchdog has been checked: 0 passed
29.07.2014 10:24:08,260 - INFO  - Watchdog has been checked: 0 passed
29.07.2014 10:26:08,203 - INFO  - Watchdog has been checked: 0 passed
29.07.2014 10:28:08,148 - INFO  - Watchdog has been checked: 0 passed
29.07.2014 10:30:07,059 - INFO  - Watchdog has been checked: 0 passed
29.07.2014 10:32:06,289 - INFO  - Watchdog has been checked: 0 passed
29.07.2014 10:34:06,136 - INFO  - Watchdog has been checked: 0 passed
29.07.2014 10:36:05,290 - INFO  - Watchdog has been checked: 0 passed
29.07.2014 10:38:05,235 - INFO  - Watchdog has been checked: 0 passed
29.07.2014 10:40:05,217 - INFO  - Watchdog has been checked: 0 passed
29.07.2014 10:42:05,266 - INFO  - Watchdog has been checked: 0 passed
29.07.2014 10:44:05,372 - INFO  - Watchdog has been checked: 0 passed
29.07.2014 10:46:05,226 - INFO  - Watchdog has been checked: 0 passed
29.07.2014 10:48:04,404 - INFO  - Watchdog has been checked: 0 passed
29.07.2014 10:50:04,185 - INFO  - Watchdog has been checked: 0 passed
29.07.2014 10:52:04,653 - INFO  - Watchdog has been checked: 0 passed
29.07.2014 10:54:04,153 - INFO  - Watchdog has been checked: 0 passed
29.07.2014 10:56:03,180 - INFO  - Watchdog has been checked: 0 passed
29.07.2014 10:58:03,179 - INFO  - Watchdog has been checked: 0 passed
29.07.2014 11:00:03,243 - INFO  - Watchdog has been checked: 0 passed
29.07.2014 11:02:03,057 - INFO  - Watchdog has been checked: 0 passed
29.07.2014 11:04:02,089 - INFO  - Watchdog has been checked: 0 passed
29.07.2014 11:06:01,211 - INFO  - Watchdog has been checked: 0 passed
29.07.2014 11:08:01,248 - INFO  - Watchdog has been checked: 0 passed
29.07.2014 11:10:01,206 - INFO  - Watchdog has been checked: 0 passed
29.07.2014 11:12:01,241 - INFO  - Watchdog has been checked: 0 passed
29.07.2014 11:14:01,271 - INFO  - Watchdog has been checked: 0 passed
29.07.2014 11:16:01,203 - INFO  - Watchdog has been checked: 0 passed
29.07.2014 11:18:05,171 - INFO  - Watchdog has been checked: 0 passed
29.07.2014 11:20:05,288 - INFO  - Watchdog has been checked: 0 passed
29.07.2014 11:22:05,240 - INFO  - Watchdog has been checked: 0 passed
29.07.2014 11:24:05,212 - INFO  - Watchdog has been checked: 0 passed
29.07.2014 11:26:05,219 - INFO  - Watchdog has been checked: 0 passed
29.07.2014 11:28:05,320 - INFO  - Watchdog has been checked: 0 passed
29.07.2014 11:30:05,183 - INFO  - Watchdog has been checked: 0 passed
29.07.2014 11:32:05,132 - INFO  - Watchdog has been checked: 0 passed
29.07.2014 11:34:05,367 - INFO  - Watchdog has been checked: 0 passed
29.07.2014 11:36:05,257 - INFO  - Watchdog has been checked: 0 passed
29.07.2014 11:38:05,147 - INFO  - Watchdog has been checked: 0 passed
29.07.2014 11:40:05,268 - INFO  - Watchdog has been checked: 0 passed
29.07.2014 11:42:05,292 - INFO  - Watchdog has been checked: 0 passed
29.07.2014 11:44:05,248 - INFO  - Watchdog has been checked: 0 passed
29.07.2014 11:46:05,113 - INFO  - Watchdog has been checked: 0 passed
29.07.2014 11:48:05,248 - INFO  - Watchdog has been checked: 0 passed
29.07.2014 11:50:05,344 - INFO  - Watchdog has been checked: 0 passed
29.07.2014 11:52:05,343 - INFO  - Watchdog has been checked: 0 passed
29.07.2014 11:54:05,356 - INFO  - Watchdog has been checked: 0 passed
29.07.2014 11:56:05,262 - INFO  - Watchdog has been checked: 0 passed
29.07.2014 11:58:05,224 - INFO  - Watchdog has been checked: 0 passed
29.07.2014 12:00:05,336 - INFO  - Watchdog has been checked: 0 passed
29.07.2014 12:02:05,464 - INFO  - Watchdog has been checked: 0 passed
29.07.2014 12:04:05,324 - INFO  - Watchdog has been checked: 0 passed
29.07.2014 12:06:05,354 - INFO  - Watchdog has been checked: 0 passed
29.07.2014 12:08:05,382 - INFO  - Watchdog has been checked: 0 passed
29.07.2014 12:10:05,472 - INFO  - Watchdog has been checked: 0 passed
29.07.2014 12:12:05,372 - INFO  - Watchdog has been checked: 0 passed
29.07.2014 12:14:05,431 - INFO  - Watchdog has been checked: 0 passed
29.07.2014 12:16:05,520 - INFO  - Watchdog has been checked: 0 passed
29.07.2014 12:18:05,386 - INFO  - Watchdog has been checked: 0 passed
29.07.2014 12:20:05,397 - INFO  - Watchdog has been checked: 0 passed
29.07.2014 12:22:05,505 - INFO  - Watchdog has been checked: 0 passed
29.07.2014 12:24:05,288 - INFO  - Watchdog has been checked: 0 passed
29.07.2014 12:26:05,301 - INFO  - Watchdog has been checked: 0 passed
29.07.2014 12:28:05,322 - INFO  - Watchdog has been checked: 0 passed
29.07.2014 12:30:05,408 - INFO  - Watchdog has been checked: 0 passed
29.07.2014 12:32:05,328 - INFO  - Watchdog has been checked: 0 passed
29.07.2014 12:34:05,127 - INFO  - Watchdog has been checked: 0 passed
29.07.2014 12:36:05,153 - INFO  - Watchdog has been checked: 0 passed
29.07.2014 12:38:05,034 - INFO  - Watchdog has been checked: 0 passed
29.07.2014 12:40:04,209 - INFO  - Watchdog has been checked: 0 passed
29.07.2014 12:42:04,192 - INFO  - Watchdog has been checked: 0 passed
29.07.2014 12:44:04,035 - INFO  - Watchdog has been checked: 0 passed
29.07.2014 12:46:04,073 - INFO  - Watchdog has been checked: 0 passed
29.07.2014 12:48:04,235 - INFO  - Watchdog has been checked: 0 passed
29.07.2014 12:50:04,152 - INFO  - Watchdog has been checked: 0 passed
29.07.2014 12:52:04,109 - INFO  - Watchdog has been checked: 0 passed
29.07.2014 12:54:04,211 - INFO  - Watchdog has been checked: 0 passed
29.07.2014 12:56:04,202 - INFO  - Watchdog has been checked: 0 passed
29.07.2014 12:58:04,252 - INFO  - Watchdog has been checked: 0 passed
29.07.2014 13:00:04,137 - INFO  - Watchdog has been checked: 0 passed
29.07.2014 13:02:04,082 - INFO  - Watchdog has been checked: 0 passed
29.07.2014 13:04:04,233 - INFO  - Watchdog has been checked: 0 passed
29.07.2014 13:06:04,150 - INFO  - Watchdog has been checked: 0 passed
29.07.2014 13:08:04,222 - INFO  - Watchdog has been checked: 0 passed
29.07.2014 13:10:04,128 - INFO  - Watchdog has been checked: 0 passed
29.07.2014 13:12:04,315 - INFO  - Watchdog has been checked: 0 passed
29.07.2014 13:14:04,249 - INFO  - Watchdog has been checked: 0 passed
29.07.2014 13:16:04,136 - INFO  - Watchdog has been checked: 0 passed
29.07.2014 13:18:04,189 - INFO  - Watchdog has been checked: 0 passed
29.07.2014 13:20:04,162 - INFO  - Watchdog has been checked: 0 passed
29.07.2014 13:22:04,303 - INFO  - Watchdog has been checked: 0 passed
29.07.2014 13:24:04,183 - INFO  - Watchdog has been checked: 0 passed
29.07.2014 13:26:04,311 - INFO  - Watchdog has been checked: 0 passed
29.07.2014 13:28:04,367 - INFO  - Watchdog has been checked: 0 passed
29.07.2014 13:30:04,259 - INFO  - Watchdog has been checked: 0 passed
29.07.2014 13:32:04,409 - INFO  - Watchdog has been checked: 0 passed
29.07.2014 13:34:04,180 - INFO  - Watchdog has been checked: 0 passed
29.07.2014 13:36:04,337 - INFO  - Watchdog has been checked: 0 passed
29.07.2014 13:38:04,337 - INFO  - Watchdog has been checked: 0 passed
29.07.2014 13:40:04,269 - INFO  - Watchdog has been checked: 0 passed
29.07.2014 13:42:04,299 - INFO  - Watchdog has been checked: 0 passed
29.07.2014 13:44:04,275 - INFO  - Watchdog has been checked: 0 passed
29.07.2014 13:46:04,137 - INFO  - Watchdog has been checked: 0 passed
29.07.2014 13:48:04,132 - INFO  - Watchdog has been checked: 0 passed
29.07.2014 13:50:04,101 - INFO  - Watchdog has been checked: 0 passed
29.07.2014 13:52:04,132 - INFO  - Watchdog has been checked: 0 passed
29.07.2014 13:54:04,117 - INFO  - Watchdog has been checked: 0 passed
29.07.2014 13:56:03,029 - INFO  - Watchdog has been checked: 0 passed
29.07.2014 13:58:03,258 - INFO  - Watchdog has been checked: 0 passed
29.07.2014 14:00:03,240 - INFO  - Watchdog has been checked: 0 passed
29.07.2014 14:02:03,156 - INFO  - Watchdog has been checked: 0 passed
29.07.2014 14:04:02,249 - INFO  - Watchdog has been checked: 0 passed
29.07.2014 14:06:02,175 - INFO  - Watchdog has been checked: 0 passed
29.07.2014 14:08:02,212 - INFO  - Watchdog has been checked: 0 passed
29.07.2014 14:10:02,155 - INFO  - Watchdog has been checked: 0 passed
29.07.2014 14:12:02,200 - INFO  - Watchdog has been checked: 0 passed
29.07.2014 14:14:02,139 - INFO  - Watchdog has been checked: 0 passed
29.07.2014 14:16:01,092 - INFO  - Watchdog has been checked: 0 passed
29.07.2014 14:18:00,202 - INFO  - Watchdog has been checked: 0 passed
29.07.2014 14:20:00,286 - INFO  - Watchdog has been checked: 0 passed
29.07.2014 14:22:00,136 - INFO  - Watchdog has been checked: 0 passed
29.07.2014 14:24:03,343 - INFO  - Watchdog has been checked: 0 passed
29.07.2014 14:26:03,083 - INFO  - Watchdog has been checked: 0 passed
29.07.2014 14:28:03,221 - INFO  - Watchdog has been checked: 0 passed
29.07.2014 14:30:03,320 - INFO  - Watchdog has been checked: 0 passed
29.07.2014 14:32:03,153 - INFO  - Watchdog has been checked: 0 passed
29.07.2014 14:34:03,265 - INFO  - Watchdog has been checked: 0 passed
29.07.2014 14:36:03,303 - INFO  - Watchdog has been checked: 0 passed
29.07.2014 14:38:03,201 - INFO  - Watchdog has been checked: 0 passed
29.07.2014 14:40:03,198 - INFO  - Watchdog has been checked: 0 passed
29.07.2014 14:42:03,272 - INFO  - Watchdog has been checked: 0 passed
29.07.2014 14:44:03,136 - INFO  - Watchdog has been checked: 0 passed
29.07.2014 14:46:02,207 - INFO  - Watchdog has been checked: 0 passed
29.07.2014 14:48:02,368 - INFO  - Watchdog has been checked: 0 passed
29.07.2014 14:50:02,433 - INFO  - Watchdog has been checked: 0 passed
29.07.2014 14:50:20,428 - INFO  - searcher identified --- respT: 44ms, 76811 results, q=, 
29.07.2014 14:50:29,077 - INFO  - searcher identified --- respT: 19ms, 9843 results, q=lang, 
29.07.2014 14:50:31,151 - INFO  - searcher identified --- respT: 18ms, 8204 results, q=language, 
29.07.2014 14:50:33,157 - INFO  - searcher identified --- respT: 22ms, 539 results, q=language wiki, 
29.07.2014 14:52:02,234 - INFO  - Watchdog has been checked: 0 passed
29.07.2014 14:54:02,326 - INFO  - Watchdog has been checked: 0 passed
29.07.2014 14:56:02,370 - INFO  - Watchdog has been checked: 0 passed
29.07.2014 14:58:02,259 - INFO  - Watchdog has been checked: 0 passed
29.07.2014 14:58:29,219 - INFO  - searcher identified --- respT: 24ms, 1 results, q=wkik, 
29.07.2014 14:58:29,699 - INFO  - searcher identified --- respT: 15ms, 4904 results, q=w, 
29.07.2014 14:58:31,857 - INFO  - searcher identified --- respT: 143ms, 44 results, q=wii, 
29.07.2014 14:58:32,943 - INFO  - searcher identified --- respT: 23ms, 16667 results, q=wik, 
29.07.2014 14:58:34,855 - INFO  - searcher identified --- respT: 24ms, 16636 results, q=wiki, 
29.07.2014 14:58:38,260 - INFO  - searcher identified --- respT: 18ms, 21 results, q=wiki variabeln, 
29.07.2014 15:00:02,261 - INFO  - Watchdog has been checked: 0 passed
29.07.2014 15:00:12,580 - INFO  - searcher identified --- respT: 30ms, 6 results, q=wiki reservierte, 
29.07.2014 15:00:13,703 - INFO  - searcher identified --- respT: 14ms, no results, q=wiki reservierte vara, 
29.07.2014 15:00:16,769 - INFO  - searcher identified --- respT: 11ms, no results, q=wiki reservierte variabeln, 
29.07.2014 15:00:24,377 - INFO  - searcher identified --- respT: 105ms, 315 results, q=wiki reser, 
29.07.2014 15:00:25,886 - INFO  - searcher identified --- respT: 80ms, 105 results, q=wiki reserved, 
29.07.2014 15:00:28,494 - INFO  - searcher identified --- respT: 95ms, 53 results, q=wiki reserved var, 
29.07.2014 15:00:30,036 - INFO  - searcher identified --- respT: 105ms, 39 results, q=wiki reserved variab, 
29.07.2014 15:00:34,263 - INFO  - searcher identified --- respT: 70ms, 23 results, q=wiki reserved variables, 
29.07.2014 15:02:02,423 - INFO  - Watchdog has been checked: 0 passed
29.07.2014 15:04:02,280 - INFO  - Watchdog has been checked: 0 passed
29.07.2014 15:06:02,309 - INFO  - Watchdog has been checked: 0 passed
29.07.2014 15:08:02,198 - INFO  - Watchdog has been checked: 0 passed
29.07.2014 15:10:02,103 - INFO  - Watchdog has been checked: 0 passed
29.07.2014 15:12:02,274 - INFO  - Watchdog has been checked: 0 passed
29.07.2014 15:14:02,115 - INFO  - Watchdog has been checked: 0 passed
29.07.2014 15:16:02,133 - INFO  - Watchdog has been checked: 0 passed
29.07.2014 15:18:02,013 - INFO  - Watchdog has been checked: 0 passed
29.07.2014 15:20:02,130 - INFO  - Watchdog has been checked: 0 passed
29.07.2014 15:22:02,077 - INFO  - Watchdog has been checked: 0 passed
29.07.2014 15:24:02,175 - INFO  - Watchdog has been checked: 0 passed
29.07.2014 15:26:03,149 - INFO  - Watchdog has been checked: 0 passed
29.07.2014 15:28:03,152 - INFO  - Watchdog has been checked: 0 passed
29.07.2014 15:30:03,040 - INFO  - Watchdog has been checked: 0 passed
29.07.2014 15:32:02,223 - INFO  - Watchdog has been checked: 0 passed
29.07.2014 15:34:02,161 - INFO  - Watchdog has been checked: 0 passed
29.07.2014 15:36:02,088 - INFO  - Watchdog has been checked: 0 passed
29.07.2014 15:38:01,134 - INFO  - Watchdog has been checked: 0 passed
29.07.2014 15:40:00,029 - INFO  - Watchdog has been checked: 0 passed
29.07.2014 15:41:59,215 - INFO  - Watchdog has been checked: 0 passed
29.07.2014 15:43:59,298 - INFO  - Watchdog has been checked: 0 passed
29.07.2014 15:45:59,202 - INFO  - Watchdog has been checked: 0 passed
29.07.2014 15:47:59,208 - INFO  - Watchdog has been checked: 0 passed
29.07.2014 15:49:59,107 - INFO  - Watchdog has been checked: 0 passed
29.07.2014 15:51:59,250 - INFO  - Watchdog has been checked: 0 passed
29.07.2014 15:53:59,187 - INFO  - Watchdog has been checked: 0 passed
29.07.2014 15:55:59,334 - INFO  - Watchdog has been checked: 0 passed
29.07.2014 15:57:59,422 - INFO  - Watchdog has been checked: 0 passed
29.07.2014 15:59:59,367 - INFO  - Watchdog has been checked: 0 passed
29.07.2014 16:02:01,836 - INFO  - Watchdog has been checked: 0 passed
29.07.2014 16:04:01,229 - INFO  - Watchdog has been checked: 0 passed
29.07.2014 16:06:01,149 - INFO  - Watchdog has been checked: 0 passed
29.07.2014 16:08:01,209 - INFO  - Watchdog has been checked: 0 passed
29.07.2014 16:10:01,392 - INFO  - Watchdog has been checked: 0 passed
29.07.2014 16:12:01,450 - INFO  - Watchdog has been checked: 0 passed
29.07.2014 16:14:01,292 - INFO  - Watchdog has been checked: 0 passed
29.07.2014 16:16:01,453 - INFO  - Watchdog has been checked: 0 passed
29.07.2014 16:18:01,469 - INFO  - Watchdog has been checked: 0 passed
29.07.2014 16:20:01,418 - INFO  - Watchdog has been checked: 0 passed
29.07.2014 16:22:01,431 - INFO  - Watchdog has been checked: 0 passed
29.07.2014 16:24:01,137 - INFO  - Watchdog has been checked: 0 passed
29.07.2014 16:26:01,293 - INFO  - Watchdog has been checked: 0 passed
29.07.2014 16:28:03,216 - INFO  - Watchdog has been checked: 0 passed
29.07.2014 16:30:03,261 - INFO  - Watchdog has been checked: 0 passed
29.07.2014 16:32:03,267 - INFO  - Watchdog has been checked: 0 passed
29.07.2014 16:34:03,264 - INFO  - Watchdog has been checked: 0 passed
29.07.2014 16:36:03,169 - INFO  - Watchdog has been checked: 0 passed
29.07.2014 16:38:03,269 - INFO  - Watchdog has been checked: 0 passed
29.07.2014 16:40:03,063 - INFO  - Watchdog has been checked: 0 passed
29.07.2014 16:42:02,068 - INFO  - Watchdog has been checked: 0 passed
29.07.2014 16:44:02,056 - INFO  - Watchdog has been checked: 0 passed
29.07.2014 16:46:01,019 - INFO  - Watchdog has been checked: 0 passed
29.07.2014 16:48:00,135 - INFO  - Watchdog has been checked: 0 passed
29.07.2014 16:50:00,197 - INFO  - Watchdog has been checked: 0 passed
29.07.2014 16:52:00,239 - INFO  - Watchdog has been checked: 0 passed
29.07.2014 16:54:00,180 - INFO  - Watchdog has been checked: 0 passed
29.07.2014 16:56:00,188 - INFO  - Watchdog has been checked: 0 passed
29.07.2014 16:58:00,147 - INFO  - Watchdog has been checked: 0 passed
29.07.2014 17:00:00,269 - INFO  - Watchdog has been checked: 0 passed
29.07.2014 17:02:00,144 - INFO  - Watchdog has been checked: 0 passed
29.07.2014 17:04:01,797 - INFO  - Watchdog has been checked: 0 passed
29.07.2014 17:06:01,187 - INFO  - Watchdog has been checked: 0 passed
29.07.2014 17:08:01,286 - INFO  - Watchdog has been checked: 0 passed
29.07.2014 17:10:01,355 - INFO  - Watchdog has been checked: 0 passed
29.07.2014 17:12:01,150 - INFO  - Watchdog has been checked: 0 passed
29.07.2014 17:14:01,271 - INFO  - Watchdog has been checked: 0 passed
29.07.2014 17:16:01,358 - INFO  - Watchdog has been checked: 0 passed
29.07.2014 17:18:01,163 - INFO  - Watchdog has been checked: 0 passed
29.07.2014 17:20:01,191 - INFO  - Watchdog has been checked: 0 passed
29.07.2014 17:22:01,295 - INFO  - Watchdog has been checked: 0 passed
29.07.2014 17:24:01,379 - INFO  - Watchdog has been checked: 0 passed
29.07.2014 17:26:01,216 - INFO  - Watchdog has been checked: 0 passed
29.07.2014 17:28:01,370 - INFO  - Watchdog has been checked: 0 passed
29.07.2014 17:30:03,340 - INFO  - Watchdog has been checked: 0 passed
29.07.2014 17:32:03,253 - INFO  - Watchdog has been checked: 0 passed
29.07.2014 17:34:03,317 - INFO  - Watchdog has been checked: 0 passed
29.07.2014 17:36:03,091 - INFO  - Watchdog has been checked: 0 passed
29.07.2014 17:38:02,235 - INFO  - Watchdog has been checked: 0 passed
29.07.2014 17:40:02,174 - INFO  - Watchdog has been checked: 0 passed
29.07.2014 17:42:02,129 - INFO  - Watchdog has been checked: 0 passed
29.07.2014 17:44:02,175 - INFO  - Watchdog has been checked: 0 passed
29.07.2014 17:46:02,205 - INFO  - Watchdog has been checked: 0 passed
29.07.2014 17:48:02,101 - INFO  - Watchdog has been checked: 0 passed
29.07.2014 17:50:02,138 - INFO  - Watchdog has been checked: 0 passed
29.07.2014 17:52:01,092 - INFO  - Watchdog has been checked: 0 passed
29.07.2014 17:54:00,893 - INFO  - Watchdog has been checked: 0 passed
29.07.2014 17:55:59,920 - INFO  - Watchdog has been checked: 0 passed
29.07.2014 17:57:59,210 - INFO  - Watchdog has been checked: 0 passed
29.07.2014 17:59:59,112 - INFO  - Watchdog has been checked: 0 passed
29.07.2014 18:01:59,115 - INFO  - Watchdog has been checked: 0 passed
29.07.2014 18:03:59,047 - INFO  - Watchdog has been checked: 0 passed
29.07.2014 18:06:00,694 - INFO  - Watchdog has been checked: 0 passed
29.07.2014 18:08:00,329 - INFO  - Watchdog has been checked: 0 passed
29.07.2014 18:10:00,206 - INFO  - Watchdog has been checked: 0 passed
29.07.2014 18:12:00,152 - INFO  - Watchdog has been checked: 0 passed
29.07.2014 18:14:00,101 - INFO  - Watchdog has been checked: 0 passed
29.07.2014 18:16:00,024 - INFO  - Watchdog has been checked: 0 passed
29.07.2014 18:18:00,069 - INFO  - Watchdog has been checked: 0 passed
29.07.2014 18:20:00,060 - INFO  - Watchdog has been checked: 0 passed
29.07.2014 18:22:00,259 - INFO  - Watchdog has been checked: 0 passed
29.07.2014 18:24:00,184 - INFO  - Watchdog has been checked: 0 passed
29.07.2014 18:26:00,329 - INFO  - Watchdog has been checked: 0 passed
29.07.2014 18:28:00,132 - INFO  - Watchdog has been checked: 0 passed
29.07.2014 18:30:00,310 - INFO  - Watchdog has been checked: 0 passed
29.07.2014 18:32:03,182 - INFO  - Watchdog has been checked: 0 passed
29.07.2014 18:34:03,163 - INFO  - Watchdog has been checked: 0 passed
29.07.2014 18:36:03,292 - INFO  - Watchdog has been checked: 0 passed
29.07.2014 18:38:03,363 - INFO  - Watchdog has been checked: 0 passed
29.07.2014 18:40:03,319 - INFO  - Watchdog has been checked: 0 passed
29.07.2014 18:42:03,415 - INFO  - Watchdog has been checked: 0 passed
29.07.2014 18:44:03,513 - INFO  - Watchdog has been checked: 0 passed
29.07.2014 18:46:03,459 - INFO  - Watchdog has been checked: 0 passed
29.07.2014 18:48:03,454 - INFO  - Watchdog has been checked: 0 passed
29.07.2014 18:50:03,541 - INFO  - Watchdog has been checked: 0 passed
29.07.2014 18:52:03,521 - INFO  - Watchdog has been checked: 0 passed
29.07.2014 18:54:03,508 - INFO  - Watchdog has been checked: 0 passed
29.07.2014 18:56:03,391 - INFO  - Watchdog has been checked: 0 passed
29.07.2014 18:58:03,377 - INFO  - Watchdog has been checked: 0 passed
29.07.2014 19:00:03,378 - INFO  - Watchdog has been checked: 0 passed
29.07.2014 19:02:03,295 - INFO  - Watchdog has been checked: 0 passed
29.07.2014 19:04:03,273 - INFO  - Watchdog has been checked: 0 passed
29.07.2014 19:06:03,168 - INFO  - Watchdog has been checked: 0 passed
29.07.2014 19:08:03,318 - INFO  - Watchdog has been checked: 0 passed
29.07.2014 19:10:03,162 - INFO  - Watchdog has been checked: 0 passed
29.07.2014 19:12:03,166 - INFO  - Watchdog has been checked: 0 passed
29.07.2014 19:14:03,119 - INFO  - Watchdog has been checked: 0 passed
29.07.2014 19:16:03,083 - INFO  - Watchdog has been checked: 0 passed
29.07.2014 19:18:03,177 - INFO  - Watchdog has been checked: 0 passed
29.07.2014 19:20:03,295 - INFO  - Watchdog has been checked: 0 passed
29.07.2014 19:22:03,103 - INFO  - Watchdog has been checked: 0 passed
29.07.2014 19:24:03,280 - INFO  - Watchdog has been checked: 0 passed
29.07.2014 19:26:03,270 - INFO  - Watchdog has been checked: 0 passed
29.07.2014 19:28:03,218 - INFO  - Watchdog has been checked: 0 passed
29.07.2014 19:30:03,312 - INFO  - Watchdog has been checked: 0 passed
29.07.2014 19:32:03,119 - INFO  - Watchdog has been checked: 0 passed
29.07.2014 19:34:03,278 - INFO  - Watchdog has been checked: 0 passed
29.07.2014 19:36:03,249 - INFO  - Watchdog has been checked: 0 passed
29.07.2014 19:38:03,316 - INFO  - Watchdog has been checked: 0 passed
29.07.2014 19:40:03,330 - INFO  - Watchdog has been checked: 0 passed
29.07.2014 19:42:03,242 - INFO  - Watchdog has been checked: 0 passed
29.07.2014 19:44:03,314 - INFO  - Watchdog has been checked: 0 passed
29.07.2014 19:46:03,112 - INFO  - Watchdog has been checked: 0 passed
29.07.2014 19:48:02,177 - INFO  - Watchdog has been checked: 0 passed
29.07.2014 19:50:02,206 - INFO  - Watchdog has been checked: 0 passed
29.07.2014 19:52:02,134 - INFO  - Watchdog has been checked: 0 passed
29.07.2014 19:54:02,201 - INFO  - Watchdog has been checked: 0 passed
29.07.2014 19:56:02,276 - INFO  - Watchdog has been checked: 0 passed
29.07.2014 19:58:02,158 - INFO  - Watchdog has been checked: 0 passed
29.07.2014 20:00:02,139 - INFO  - Watchdog has been checked: 0 passed
29.07.2014 20:02:02,279 - INFO  - Watchdog has been checked: 0 passed
29.07.2014 20:04:02,129 - INFO  - Watchdog has been checked: 0 passed
29.07.2014 20:06:02,195 - INFO  - Watchdog has been checked: 0 passed
29.07.2014 20:08:02,100 - INFO  - Watchdog has been checked: 0 passed
29.07.2014 20:10:01,273 - INFO  - Watchdog has been checked: 0 passed
29.07.2014 20:12:01,277 - INFO  - Watchdog has been checked: 0 passed
29.07.2014 20:14:01,126 - INFO  - Watchdog has been checked: 0 passed
29.07.2014 20:16:00,154 - INFO  - Watchdog has been checked: 0 passed
29.07.2014 20:18:00,114 - INFO  - Watchdog has been checked: 0 passed
29.07.2014 20:20:00,257 - INFO  - Watchdog has been checked: 0 passed
29.07.2014 20:22:00,207 - INFO  - Watchdog has been checked: 0 passed
29.07.2014 20:24:00,060 - INFO  - Watchdog has been checked: 0 passed
29.07.2014 20:26:00,085 - INFO  - Watchdog has been checked: 0 passed
29.07.2014 20:28:00,278 - INFO  - Watchdog has been checked: 0 passed
29.07.2014 20:30:00,156 - INFO  - Watchdog has been checked: 0 passed
29.07.2014 20:32:00,145 - INFO  - Watchdog has been checked: 0 passed
29.07.2014 20:34:00,237 - INFO  - Watchdog has been checked: 0 passed
29.07.2014 20:36:03,205 - INFO  - Watchdog has been checked: 0 passed
29.07.2014 20:38:03,183 - INFO  - Watchdog has been checked: 0 passed
29.07.2014 20:40:03,050 - INFO  - Watchdog has been checked: 0 passed
29.07.2014 20:42:02,241 - INFO  - Watchdog has been checked: 0 passed
29.07.2014 20:44:02,148 - INFO  - Watchdog has been checked: 0 passed
29.07.2014 20:46:02,070 - INFO  - Watchdog has been checked: 0 passed
29.07.2014 20:48:01,091 - INFO  - Watchdog has been checked: 0 passed
29.07.2014 20:50:00,111 - INFO  - Watchdog has been checked: 0 passed
29.07.2014 20:52:00,293 - INFO  - Watchdog has been checked: 0 passed
29.07.2014 20:54:00,221 - INFO  - Watchdog has been checked: 0 passed
29.07.2014 20:56:00,113 - INFO  - Watchdog has been checked: 0 passed
29.07.2014 20:58:00,142 - INFO  - Watchdog has been checked: 0 passed
29.07.2014 21:00:00,279 - INFO  - Watchdog has been checked: 0 passed
29.07.2014 21:02:00,175 - INFO  - Watchdog has been checked: 0 passed
29.07.2014 21:04:00,243 - INFO  - Watchdog has been checked: 0 passed
29.07.2014 21:06:00,160 - INFO  - Watchdog has been checked: 0 passed
29.07.2014 21:08:00,157 - INFO  - Watchdog has been checked: 0 passed
29.07.2014 21:10:00,255 - INFO  - Watchdog has been checked: 0 passed
29.07.2014 21:12:01,993 - INFO  - Watchdog has been checked: 0 passed
29.07.2014 21:14:01,282 - INFO  - Watchdog has been checked: 0 passed
29.07.2014 21:16:01,171 - INFO  - Watchdog has been checked: 0 passed
29.07.2014 21:18:01,170 - INFO  - Watchdog has been checked: 0 passed
29.07.2014 21:20:01,144 - INFO  - Watchdog has been checked: 0 passed
29.07.2014 21:22:00,268 - INFO  - Watchdog has been checked: 0 passed
29.07.2014 21:24:00,192 - INFO  - Watchdog has been checked: 0 passed
29.07.2014 21:26:00,339 - INFO  - Watchdog has been checked: 0 passed
29.07.2014 21:28:00,302 - INFO  - Watchdog has been checked: 0 passed
29.07.2014 21:30:00,257 - INFO  - Watchdog has been checked: 0 passed
29.07.2014 21:32:00,046 - INFO  - Watchdog has been checked: 0 passed
29.07.2014 21:34:00,268 - INFO  - Watchdog has been checked: 0 passed
29.07.2014 21:36:00,216 - INFO  - Watchdog has been checked: 0 passed
29.07.2014 21:38:03,108 - INFO  - Watchdog has been checked: 0 passed
29.07.2014 21:40:03,183 - INFO  - Watchdog has been checked: 0 passed
29.07.2014 21:42:03,207 - INFO  - Watchdog has been checked: 0 passed
29.07.2014 21:44:03,232 - INFO  - Watchdog has been checked: 0 passed
29.07.2014 21:46:03,212 - INFO  - Watchdog has been checked: 0 passed
29.07.2014 21:48:03,376 - INFO  - Watchdog has been checked: 0 passed
29.07.2014 21:50:03,355 - INFO  - Watchdog has been checked: 0 passed
29.07.2014 21:52:03,135 - INFO  - Watchdog has been checked: 0 passed
29.07.2014 21:54:03,295 - INFO  - Watchdog has been checked: 0 passed
29.07.2014 21:56:03,256 - INFO  - Watchdog has been checked: 0 passed
29.07.2014 21:58:03,184 - INFO  - Watchdog has been checked: 0 passed
29.07.2014 22:00:03,207 - INFO  - Watchdog has been checked: 0 passed
29.07.2014 22:02:03,255 - INFO  - Watchdog has been checked: 0 passed
29.07.2014 22:04:03,205 - INFO  - Watchdog has been checked: 0 passed
29.07.2014 22:06:03,215 - INFO  - Watchdog has been checked: 0 passed
29.07.2014 22:08:03,333 - INFO  - Watchdog has been checked: 0 passed
29.07.2014 22:10:03,370 - INFO  - Watchdog has been checked: 0 passed
29.07.2014 22:12:03,215 - INFO  - Watchdog has been checked: 0 passed
29.07.2014 22:14:03,087 - INFO  - Watchdog has been checked: 0 passed
29.07.2014 22:16:03,130 - INFO  - Watchdog has been checked: 0 passed
29.07.2014 22:18:03,272 - INFO  - Watchdog has been checked: 0 passed
29.07.2014 22:20:03,244 - INFO  - Watchdog has been checked: 0 passed
29.07.2014 22:22:03,355 - INFO  - Watchdog has been checked: 0 passed
29.07.2014 22:24:03,205 - INFO  - Watchdog has been checked: 0 passed
29.07.2014 22:26:03,294 - INFO  - Watchdog has been checked: 0 passed
29.07.2014 22:28:03,432 - INFO  - Watchdog has been checked: 0 passed
29.07.2014 22:30:03,176 - INFO  - Watchdog has been checked: 0 passed
29.07.2014 22:32:03,309 - INFO  - Watchdog has been checked: 0 passed
29.07.2014 22:34:03,353 - INFO  - Watchdog has been checked: 0 passed
29.07.2014 22:36:03,430 - INFO  - Watchdog has been checked: 0 passed
29.07.2014 22:38:03,366 - INFO  - Watchdog has been checked: 0 passed
29.07.2014 22:40:03,259 - INFO  - Watchdog has been checked: 0 passed
29.07.2014 22:42:03,332 - INFO  - Watchdog has been checked: 0 passed
29.07.2014 22:44:03,115 - INFO  - Watchdog has been checked: 0 passed
29.07.2014 22:46:03,166 - INFO  - Watchdog has been checked: 0 passed
29.07.2014 22:48:03,322 - INFO  - Watchdog has been checked: 0 passed
29.07.2014 22:50:03,213 - INFO  - Watchdog has been checked: 0 passed
29.07.2014 22:52:03,136 - INFO  - Watchdog has been checked: 0 passed
29.07.2014 22:54:03,188 - INFO  - Watchdog has been checked: 0 passed
29.07.2014 22:56:03,215 - INFO  - Watchdog has been checked: 0 passed
29.07.2014 22:58:03,196 - INFO  - Watchdog has been checked: 0 passed
29.07.2014 23:00:03,065 - INFO  - Watchdog has been checked: 0 passed
29.07.2014 23:02:02,246 - INFO  - Watchdog has been checked: 0 passed
29.07.2014 23:04:02,138 - INFO  - Watchdog has been checked: 0 passed
29.07.2014 23:06:01,111 - INFO  - Watchdog has been checked: 0 passed
29.07.2014 23:08:01,074 - INFO  - Watchdog has been checked: 0 passed
29.07.2014 23:10:00,231 - INFO  - Watchdog has been checked: 0 passed
29.07.2014 23:12:00,168 - INFO  - Watchdog has been checked: 0 passed
29.07.2014 23:14:00,277 - INFO  - Watchdog has been checked: 0 passed
29.07.2014 23:16:00,854 - INFO  - Watchdog has been checked: 0 passed
29.07.2014 23:18:00,263 - INFO  - Watchdog has been checked: 0 passed
29.07.2014 23:20:00,138 - INFO  - Watchdog has been checked: 0 passed
29.07.2014 23:22:00,310 - INFO  - Watchdog has been checked: 0 passed
29.07.2014 23:24:00,202 - INFO  - Watchdog has been checked: 0 passed
29.07.2014 23:26:00,313 - INFO  - Watchdog has been checked: 0 passed
29.07.2014 23:28:00,297 - INFO  - Watchdog has been checked: 0 passed
29.07.2014 23:30:00,210 - INFO  - Watchdog has been checked: 0 passed
29.07.2014 23:32:00,125 - INFO  - Watchdog has been checked: 0 passed
29.07.2014 23:34:00,299 - INFO  - Watchdog has been checked: 0 passed
29.07.2014 23:36:00,174 - INFO  - Watchdog has been checked: 0 passed
29.07.2014 23:38:00,193 - INFO  - Watchdog has been checked: 0 passed
29.07.2014 23:40:00,370 - INFO  - Watchdog has been checked: 0 passed
29.07.2014 23:42:02,851 - INFO  - Watchdog has been checked: 0 passed
29.07.2014 23:44:02,189 - INFO  - Watchdog has been checked: 0 passed
29.07.2014 23:46:02,315 - INFO  - Watchdog has been checked: 0 passed
29.07.2014 23:48:02,369 - INFO  - Watchdog has been checked: 0 passed
29.07.2014 23:50:02,349 - INFO  - Watchdog has been checked: 0 passed
29.07.2014 23:52:02,460 - INFO  - Watchdog has been checked: 0 passed
29.07.2014 23:54:02,108 - INFO  - Watchdog has been checked: 0 passed
29.07.2014 23:56:02,289 - INFO  - Watchdog has been checked: 0 passed
29.07.2014 23:58:02,304 - INFO  - Watchdog has been checked: 0 passed
