2014-04-23T07:34:36+02:00 [SearchLogger] user list not found
2014-04-23T07:34:36+02:00 [SearchLogger] unknown wikiuser
2014-04-23T07:34:36+02:00 [SearchLogger] searcher anonymous --- respT: 29ms, 26766 results, q=, 
2014-04-23T14:27:03+02:00 [SearchLogger] user list not found
2014-04-23T14:27:03+02:00 [SearchLogger] unknown wikiuser
2014-04-23T14:27:03+02:00 [SearchLogger] searcher anonymous --- respT: 25ms, 26795 results, q=, 
2014-04-23T14:27:17+02:00 [SearchLogger] user list not found
2014-04-23T14:27:17+02:00 [SearchLogger] unknown wikiuser
2014-04-23T14:27:17+02:00 [SearchLogger] searcher anonymous --- respT: 19ms, 109 results, q=Solar, 
2014-04-23T14:27:23+02:00 [SearchLogger] user list not found
2014-04-23T14:27:23+02:00 [SearchLogger] unknown wikiuser
2014-04-23T14:27:23+02:00 [SearchLogger] searcher anonymous --- respT: 12ms, 221 results, q=Sola, 
2014-04-23T14:27:25+02:00 [SearchLogger] user list not found
2014-04-23T14:27:25+02:00 [SearchLogger] unknown wikiuser
2014-04-23T14:27:25+02:00 [SearchLogger] searcher anonymous --- respT: 30ms, 3538 results, q=Sol, 
2014-04-23T14:27:25+02:00 [SearchLogger] user list not found
2014-04-23T14:27:25+02:00 [SearchLogger] unknown wikiuser
2014-04-23T14:27:25+02:00 [SearchLogger] searcher anonymous --- respT: 17ms, 37 results, q=Solr, 
2014-04-23T14:27:32+02:00 [SearchLogger] user list not found
2014-04-23T14:27:32+02:00 [SearchLogger] unknown wikiuser
2014-04-23T14:27:33+02:00 [SearchLogger] searcher anonymous --- respT: 12ms, 9 results, web:(PSIWeb), q=Solr, 
2014-04-23T14:27:55+02:00 [SearchLogger] user list not found
2014-04-23T14:27:55+02:00 [SearchLogger] unknown wikiuser
2014-04-23T14:27:55+02:00 [SearchLogger] searcher anonymous --- respT: 17ms, 37 results, q=Solr, 
2014-04-23T14:28:09+02:00 [SearchLogger] user list not found
2014-04-23T14:28:09+02:00 [SearchLogger] unknown wikiuser
2014-04-23T14:28:09+02:00 [SearchLogger] searcher anonymous --- respT: 19ms, 109 results, q=Solar, 
2014-04-23T14:28:37+02:00 [SearchLogger] user list not found
2014-04-23T14:28:37+02:00 [SearchLogger] unknown wikiuser
2014-04-23T14:28:37+02:00 [SearchLogger] searcher anonymous --- respT: 23ms, 9185 results, q=Mo, 
2014-04-23T14:28:38+02:00 [SearchLogger] user list not found
2014-04-23T14:28:38+02:00 [SearchLogger] unknown wikiuser
2014-04-23T14:28:38+02:00 [SearchLogger] searcher anonymous --- respT: 21ms, 3889 results, q=M, 
2014-04-23T14:28:40+02:00 [SearchLogger] user list not found
2014-04-23T14:28:40+02:00 [SearchLogger] unknown wikiuser
2014-04-23T14:28:40+02:00 [SearchLogger] searcher anonymous --- respT: 25ms, 36 results, q=Mamm, 
2014-04-23T14:28:40+02:00 [SearchLogger] user list not found
2014-04-23T14:28:40+02:00 [SearchLogger] unknown wikiuser
2014-04-23T14:28:41+02:00 [SearchLogger] searcher anonymous --- respT: 17ms, no results, q=Mammp, 
2014-04-23T14:28:41+02:00 [SearchLogger] user list not found
2014-04-23T14:28:41+02:00 [SearchLogger] unknown wikiuser
2014-04-23T14:28:42+02:00 [SearchLogger] searcher anonymous --- respT: 24ms, 13 results, q=Mammo, 
2014-04-23T14:28:43+02:00 [SearchLogger] user list not found
2014-04-23T14:28:43+02:00 [SearchLogger] unknown wikiuser
2014-04-23T14:28:43+02:00 [SearchLogger] searcher anonymous --- respT: 49ms, 9 results, q=Mammogr, 
2014-04-23T14:28:45+02:00 [SearchLogger] user list not found
2014-04-23T14:28:45+02:00 [SearchLogger] unknown wikiuser
2014-04-23T14:28:45+02:00 [SearchLogger] searcher anonymous --- respT: 40ms, 7 results, q=Mammography, 
2014-04-23T14:29:04+02:00 [SearchLogger] user list not found
2014-04-23T14:29:04+02:00 [SearchLogger] unknown wikiuser
2014-04-23T14:29:04+02:00 [SearchLogger] searcher anonymous --- respT: 15ms, no results, q=Sternenstaub, 
