28.07.2014 00:00:55,316 - INFO  - Watchdog has been checked: 0 passed
28.07.2014 00:02:55,176 - INFO  - Watchdog has been checked: 0 passed
28.07.2014 00:04:55,252 - INFO  - Watchdog has been checked: 0 passed
28.07.2014 00:06:55,303 - INFO  - Watchdog has been checked: 0 passed
28.07.2014 00:08:55,341 - INFO  - Watchdog has been checked: 0 passed
28.07.2014 00:10:55,233 - INFO  - Watchdog has been checked: 0 passed
28.07.2014 00:12:55,063 - INFO  - Watchdog has been checked: 0 passed
28.07.2014 00:14:54,148 - INFO  - Watchdog has been checked: 0 passed
28.07.2014 00:16:53,200 - INFO  - Watchdog has been checked: 0 passed
28.07.2014 00:18:53,222 - INFO  - Watchdog has been checked: 0 passed
28.07.2014 00:20:53,139 - INFO  - Watchdog has been checked: 0 passed
28.07.2014 00:22:53,266 - INFO  - Watchdog has been checked: 0 passed
28.07.2014 00:24:53,093 - INFO  - Watchdog has been checked: 0 passed
28.07.2014 00:26:53,231 - INFO  - Watchdog has been checked: 0 passed
28.07.2014 00:28:53,216 - INFO  - Watchdog has been checked: 0 passed
28.07.2014 00:30:53,207 - INFO  - Watchdog has been checked: 0 passed
28.07.2014 00:32:54,788 - INFO  - Watchdog has been checked: 0 passed
28.07.2014 00:34:54,129 - INFO  - Watchdog has been checked: 0 passed
28.07.2014 00:36:54,957 - INFO  - Watchdog has been checked: 0 passed
28.07.2014 00:38:54,057 - INFO  - Watchdog has been checked: 0 passed
28.07.2014 00:40:54,316 - INFO  - Watchdog has been checked: 0 passed
28.07.2014 00:42:54,109 - INFO  - Watchdog has been checked: 0 passed
28.07.2014 00:44:57,110 - INFO  - Watchdog has been checked: 0 passed
28.07.2014 00:46:57,167 - INFO  - Watchdog has been checked: 0 passed
28.07.2014 00:48:57,253 - INFO  - Watchdog has been checked: 0 passed
28.07.2014 00:50:57,195 - INFO  - Watchdog has been checked: 0 passed
28.07.2014 00:52:57,205 - INFO  - Watchdog has been checked: 0 passed
28.07.2014 00:54:57,126 - INFO  - Watchdog has been checked: 0 passed
28.07.2014 00:56:57,347 - INFO  - Watchdog has been checked: 0 passed
28.07.2014 00:58:57,192 - INFO  - Watchdog has been checked: 0 passed
28.07.2014 01:00:57,138 - INFO  - Watchdog has been checked: 0 passed
28.07.2014 01:02:56,227 - INFO  - Watchdog has been checked: 0 passed
28.07.2014 01:04:56,301 - INFO  - Watchdog has been checked: 0 passed
28.07.2014 01:06:56,048 - INFO  - Watchdog has been checked: 0 passed
28.07.2014 01:08:55,073 - INFO  - Watchdog has been checked: 0 passed
28.07.2014 01:10:54,264 - INFO  - Watchdog has been checked: 0 passed
28.07.2014 01:12:54,071 - INFO  - Watchdog has been checked: 0 passed
28.07.2014 01:14:53,224 - INFO  - Watchdog has been checked: 0 passed
28.07.2014 01:16:53,285 - INFO  - Watchdog has been checked: 0 passed
28.07.2014 01:18:53,307 - INFO  - Watchdog has been checked: 0 passed
28.07.2014 01:20:53,225 - INFO  - Watchdog has been checked: 0 passed
28.07.2014 01:22:53,239 - INFO  - Watchdog has been checked: 0 passed
28.07.2014 01:24:53,129 - INFO  - Watchdog has been checked: 0 passed
28.07.2014 01:26:52,185 - INFO  - Watchdog has been checked: 0 passed
28.07.2014 01:28:52,182 - INFO  - Watchdog has been checked: 0 passed
28.07.2014 01:30:52,113 - INFO  - Watchdog has been checked: 0 passed
28.07.2014 01:32:51,289 - INFO  - Watchdog has been checked: 0 passed
28.07.2014 01:34:51,145 - INFO  - Watchdog has been checked: 0 passed
28.07.2014 01:36:50,158 - INFO  - Watchdog has been checked: 0 passed
28.07.2014 01:38:49,122 - INFO  - Watchdog has been checked: 0 passed
28.07.2014 01:40:48,109 - INFO  - Watchdog has been checked: 0 passed
28.07.2014 01:42:47,134 - INFO  - Watchdog has been checked: 0 passed
28.07.2014 01:44:47,104 - INFO  - Watchdog has been checked: 0 passed
28.07.2014 01:46:47,157 - INFO  - Watchdog has been checked: 0 passed
28.07.2014 01:48:47,240 - INFO  - Watchdog has been checked: 0 passed
28.07.2014 01:50:47,188 - INFO  - Watchdog has been checked: 0 passed
28.07.2014 01:52:47,245 - INFO  - Watchdog has been checked: 0 passed
28.07.2014 01:54:47,235 - INFO  - Watchdog has been checked: 0 passed
28.07.2014 01:56:47,225 - INFO  - Watchdog has been checked: 0 passed
28.07.2014 01:58:47,201 - INFO  - Watchdog has been checked: 0 passed
28.07.2014 02:00:47,185 - INFO  - Watchdog has been checked: 0 passed
28.07.2014 02:02:47,103 - INFO  - Watchdog has been checked: 0 passed
28.07.2014 02:04:47,163 - INFO  - Watchdog has been checked: 0 passed
28.07.2014 02:06:47,311 - INFO  - Watchdog has been checked: 0 passed
28.07.2014 02:08:47,256 - INFO  - Watchdog has been checked: 0 passed
28.07.2014 02:10:47,271 - INFO  - Watchdog has been checked: 0 passed
28.07.2014 02:12:47,160 - INFO  - Watchdog has been checked: 0 passed
28.07.2014 02:14:47,141 - INFO  - Watchdog has been checked: 0 passed
28.07.2014 02:16:47,217 - INFO  - Watchdog has been checked: 0 passed
28.07.2014 02:18:47,266 - INFO  - Watchdog has been checked: 0 passed
28.07.2014 02:20:47,357 - INFO  - Watchdog has been checked: 0 passed
28.07.2014 02:22:47,262 - INFO  - Watchdog has been checked: 0 passed
28.07.2014 02:24:47,328 - INFO  - Watchdog has been checked: 0 passed
28.07.2014 02:26:47,277 - INFO  - Watchdog has been checked: 0 passed
28.07.2014 02:28:47,296 - INFO  - Watchdog has been checked: 0 passed
28.07.2014 02:30:47,200 - INFO  - Watchdog has been checked: 0 passed
28.07.2014 02:32:47,304 - INFO  - Watchdog has been checked: 0 passed
28.07.2014 02:34:47,173 - INFO  - Watchdog has been checked: 0 passed
28.07.2014 02:36:47,214 - INFO  - Watchdog has been checked: 0 passed
28.07.2014 02:38:47,228 - INFO  - Watchdog has been checked: 0 passed
28.07.2014 02:40:47,167 - INFO  - Watchdog has been checked: 0 passed
28.07.2014 02:42:47,289 - INFO  - Watchdog has been checked: 0 passed
28.07.2014 02:44:47,139 - INFO  - Watchdog has been checked: 0 passed
28.07.2014 02:46:46,136 - INFO  - Watchdog has been checked: 0 passed
28.07.2014 02:48:46,244 - INFO  - Watchdog has been checked: 0 passed
28.07.2014 02:50:46,094 - INFO  - Watchdog has been checked: 0 passed
28.07.2014 02:52:45,219 - INFO  - Watchdog has been checked: 0 passed
28.07.2014 02:54:45,010 - INFO  - Watchdog has been checked: 0 passed
28.07.2014 02:56:44,121 - INFO  - Watchdog has been checked: 0 passed
28.07.2014 02:58:43,148 - INFO  - Watchdog has been checked: 0 passed
28.07.2014 03:00:41,996 - INFO  - Watchdog has been checked: 0 passed
28.07.2014 03:02:41,066 - INFO  - Watchdog has been checked: 0 passed
28.07.2014 03:04:40,132 - INFO  - Watchdog has been checked: 0 passed
28.07.2014 03:06:39,195 - INFO  - Watchdog has been checked: 0 passed
28.07.2014 03:08:39,014 - INFO  - Watchdog has been checked: 0 passed
28.07.2014 03:10:38,156 - INFO  - Watchdog has been checked: 0 passed
28.07.2014 03:12:38,196 - INFO  - Watchdog has been checked: 0 passed
28.07.2014 03:14:38,008 - INFO  - Watchdog has been checked: 0 passed
28.07.2014 03:16:37,058 - INFO  - Watchdog has been checked: 0 passed
28.07.2014 03:18:37,124 - INFO  - Watchdog has been checked: 0 passed
28.07.2014 03:20:37,019 - INFO  - Watchdog has been checked: 0 passed
28.07.2014 03:22:37,188 - INFO  - Watchdog has been checked: 0 passed
28.07.2014 03:24:37,174 - INFO  - Watchdog has been checked: 0 passed
28.07.2014 03:26:37,245 - INFO  - Watchdog has been checked: 0 passed
28.07.2014 03:28:37,057 - INFO  - Watchdog has been checked: 0 passed
28.07.2014 03:30:37,311 - INFO  - Watchdog has been checked: 0 passed
28.07.2014 03:32:37,140 - INFO  - Watchdog has been checked: 0 passed
28.07.2014 03:34:37,293 - INFO  - Watchdog has been checked: 0 passed
28.07.2014 03:36:37,140 - INFO  - Watchdog has been checked: 0 passed
28.07.2014 03:38:37,210 - INFO  - Watchdog has been checked: 0 passed
28.07.2014 03:40:37,141 - INFO  - Watchdog has been checked: 0 passed
28.07.2014 03:42:37,305 - INFO  - Watchdog has been checked: 0 passed
28.07.2014 03:44:37,404 - INFO  - Watchdog has been checked: 0 passed
28.07.2014 03:46:37,527 - INFO  - Watchdog has been checked: 0 passed
28.07.2014 03:48:37,314 - INFO  - Watchdog has been checked: 0 passed
28.07.2014 03:50:37,529 - INFO  - Watchdog has been checked: 0 passed
28.07.2014 03:52:37,277 - INFO  - Watchdog has been checked: 0 passed
28.07.2014 03:54:37,932 - INFO  - Watchdog has been checked: 0 passed
28.07.2014 03:56:37,400 - INFO  - Watchdog has been checked: 0 passed
28.07.2014 03:58:37,170 - INFO  - Watchdog has been checked: 0 passed
28.07.2014 04:00:37,394 - INFO  - Watchdog has been checked: 0 passed
28.07.2014 04:02:37,516 - INFO  - Watchdog has been checked: 0 passed
28.07.2014 04:04:37,330 - INFO  - Watchdog has been checked: 0 passed
28.07.2014 04:06:37,187 - INFO  - Watchdog has been checked: 0 passed
28.07.2014 04:08:37,191 - INFO  - Watchdog has been checked: 0 passed
28.07.2014 04:10:37,183 - INFO  - Watchdog has been checked: 0 passed
28.07.2014 04:12:37,168 - INFO  - Watchdog has been checked: 0 passed
28.07.2014 04:14:37,045 - INFO  - Watchdog has been checked: 0 passed
28.07.2014 04:16:36,083 - INFO  - Watchdog has been checked: 0 passed
28.07.2014 04:18:35,101 - INFO  - Watchdog has been checked: 0 passed
28.07.2014 04:20:35,050 - INFO  - Watchdog has been checked: 0 passed
28.07.2014 04:22:35,090 - INFO  - Watchdog has been checked: 0 passed
28.07.2014 04:24:34,996 - INFO  - Watchdog has been checked: 0 passed
28.07.2014 04:26:34,132 - INFO  - Watchdog has been checked: 0 passed
28.07.2014 04:28:33,070 - INFO  - Watchdog has been checked: 0 passed
28.07.2014 04:30:32,045 - INFO  - Watchdog has been checked: 0 passed
28.07.2014 04:32:31,171 - INFO  - Watchdog has been checked: 0 passed
28.07.2014 04:34:30,210 - INFO  - Watchdog has been checked: 0 passed
28.07.2014 04:36:30,076 - INFO  - Watchdog has been checked: 0 passed
28.07.2014 04:38:30,073 - INFO  - Watchdog has been checked: 0 passed
28.07.2014 04:40:30,284 - INFO  - Watchdog has been checked: 0 passed
28.07.2014 04:42:30,059 - INFO  - Watchdog has been checked: 0 passed
28.07.2014 04:44:30,067 - INFO  - Watchdog has been checked: 0 passed
28.07.2014 04:46:30,216 - INFO  - Watchdog has been checked: 0 passed
28.07.2014 04:48:29,246 - INFO  - Watchdog has been checked: 0 passed
28.07.2014 04:50:28,169 - INFO  - Watchdog has been checked: 0 passed
28.07.2014 04:52:28,278 - INFO  - Watchdog has been checked: 0 passed
28.07.2014 04:54:28,074 - INFO  - Watchdog has been checked: 0 passed
28.07.2014 04:56:27,172 - INFO  - Watchdog has been checked: 0 passed
28.07.2014 04:58:27,220 - INFO  - Watchdog has been checked: 0 passed
28.07.2014 05:00:27,184 - INFO  - Watchdog has been checked: 0 passed
28.07.2014 05:02:27,282 - INFO  - Watchdog has been checked: 0 passed
28.07.2014 05:04:27,330 - INFO  - Watchdog has been checked: 0 passed
28.07.2014 05:06:27,214 - INFO  - Watchdog has been checked: 0 passed
28.07.2014 05:08:27,355 - INFO  - Watchdog has been checked: 0 passed
28.07.2014 05:10:27,325 - INFO  - Watchdog has been checked: 0 passed
28.07.2014 05:12:27,450 - INFO  - Watchdog has been checked: 0 passed
28.07.2014 05:14:27,242 - INFO  - Watchdog has been checked: 0 passed
28.07.2014 05:16:27,313 - INFO  - Watchdog has been checked: 0 passed
28.07.2014 05:18:27,423 - INFO  - Watchdog has been checked: 0 passed
28.07.2014 05:20:27,328 - INFO  - Watchdog has been checked: 0 passed
28.07.2014 05:22:27,415 - INFO  - Watchdog has been checked: 0 passed
28.07.2014 05:24:27,445 - INFO  - Watchdog has been checked: 0 passed
28.07.2014 05:26:27,301 - INFO  - Watchdog has been checked: 0 passed
28.07.2014 05:28:27,324 - INFO  - Watchdog has been checked: 0 passed
28.07.2014 05:30:27,215 - INFO  - Watchdog has been checked: 0 passed
28.07.2014 05:32:27,268 - INFO  - Watchdog has been checked: 0 passed
28.07.2014 05:34:27,337 - INFO  - Watchdog has been checked: 0 passed
28.07.2014 05:36:27,199 - INFO  - Watchdog has been checked: 0 passed
28.07.2014 05:38:27,215 - INFO  - Watchdog has been checked: 0 passed
28.07.2014 05:40:27,411 - INFO  - Watchdog has been checked: 0 passed
28.07.2014 05:42:27,192 - INFO  - Watchdog has been checked: 0 passed
28.07.2014 05:44:27,289 - INFO  - Watchdog has been checked: 0 passed
28.07.2014 05:46:27,327 - INFO  - Watchdog has been checked: 0 passed
28.07.2014 05:48:27,370 - INFO  - Watchdog has been checked: 0 passed
28.07.2014 05:50:27,263 - INFO  - Watchdog has been checked: 0 passed
28.07.2014 05:52:27,131 - INFO  - Watchdog has been checked: 0 passed
28.07.2014 05:54:26,964 - INFO  - Watchdog has been checked: 0 passed
28.07.2014 05:56:26,147 - INFO  - Watchdog has been checked: 0 passed
28.07.2014 05:58:25,021 - INFO  - Watchdog has been checked: 0 passed
28.07.2014 06:00:23,934 - INFO  - Watchdog has been checked: 0 passed
28.07.2014 06:02:23,016 - INFO  - Watchdog has been checked: 0 passed
28.07.2014 06:04:23,110 - INFO  - Watchdog has been checked: 0 passed
28.07.2014 06:06:22,954 - INFO  - Watchdog has been checked: 0 passed
28.07.2014 06:08:22,052 - INFO  - Watchdog has been checked: 0 passed
28.07.2014 06:10:21,205 - INFO  - Watchdog has been checked: 0 passed
28.07.2014 06:12:20,994 - INFO  - Watchdog has been checked: 0 passed
28.07.2014 06:14:21,191 - INFO  - Watchdog has been checked: 0 passed
28.07.2014 06:15:02,027 - INFO  - mapping file sync started
28.07.2014 06:15:02,828 - INFO  - file successfully updated
28.07.2014 06:16:21,152 - INFO  - Watchdog has been checked: 0 passed
28.07.2014 06:18:21,328 - INFO  - Watchdog has been checked: 0 passed
28.07.2014 06:20:21,169 - INFO  - Watchdog has been checked: 0 passed
28.07.2014 06:22:21,208 - INFO  - Watchdog has been checked: 0 passed
28.07.2014 06:24:21,088 - INFO  - Watchdog has been checked: 0 passed
28.07.2014 06:26:21,213 - INFO  - Watchdog has been checked: 0 passed
28.07.2014 06:28:21,289 - INFO  - Watchdog has been checked: 0 passed
28.07.2014 06:30:21,283 - INFO  - Watchdog has been checked: 0 passed
28.07.2014 06:32:21,304 - INFO  - Watchdog has been checked: 0 passed
28.07.2014 06:34:21,357 - INFO  - Watchdog has been checked: 0 passed
28.07.2014 06:36:21,250 - INFO  - Watchdog has been checked: 0 passed
28.07.2014 06:38:31,984 - INFO  - Watchdog has been checked: 0 passed
28.07.2014 06:42:34,879 - INFO  - Watchdog has been checked: 0 passed
28.07.2014 06:44:34,257 - INFO  - Watchdog has been checked: 0 passed
28.07.2014 06:46:34,345 - INFO  - Watchdog has been checked: 0 passed
28.07.2014 06:48:34,314 - INFO  - Watchdog has been checked: 0 passed
28.07.2014 06:50:34,518 - INFO  - Watchdog has been checked: 0 passed
28.07.2014 06:52:34,802 - INFO  - Watchdog has been checked: 0 passed
28.07.2014 06:54:34,243 - INFO  - Watchdog has been checked: 0 passed
28.07.2014 06:56:34,320 - INFO  - Watchdog has been checked: 0 passed
28.07.2014 06:58:34,277 - INFO  - Watchdog has been checked: 0 passed
28.07.2014 07:00:34,312 - INFO  - Watchdog has been checked: 0 passed
28.07.2014 07:02:34,940 - INFO  - Watchdog has been checked: 0 passed
28.07.2014 07:04:34,334 - INFO  - Watchdog has been checked: 0 passed
28.07.2014 07:06:34,197 - INFO  - Watchdog has been checked: 0 passed
28.07.2014 07:08:34,408 - INFO  - Watchdog has been checked: 0 passed
28.07.2014 07:10:34,309 - INFO  - Watchdog has been checked: 0 passed
28.07.2014 07:12:34,546 - INFO  - Watchdog has been checked: 0 passed
28.07.2014 07:14:34,090 - INFO  - Watchdog has been checked: 0 passed
28.07.2014 07:15:02,144 - INFO  - mapping file sync started
28.07.2014 07:15:02,618 - INFO  - file successfully updated
28.07.2014 07:16:33,247 - INFO  - Watchdog has been checked: 0 passed
28.07.2014 07:18:33,058 - INFO  - Watchdog has been checked: 0 passed
28.07.2014 07:20:33,084 - INFO  - Watchdog has been checked: 0 passed
28.07.2014 07:22:32,182 - INFO  - Watchdog has been checked: 0 passed
28.07.2014 07:24:32,085 - INFO  - Watchdog has been checked: 0 passed
28.07.2014 07:26:31,224 - INFO  - Watchdog has been checked: 0 passed
28.07.2014 07:28:31,109 - INFO  - Watchdog has been checked: 0 passed
28.07.2014 07:30:31,131 - INFO  - Watchdog has been checked: 0 passed
28.07.2014 07:32:30,177 - INFO  - Watchdog has been checked: 0 passed
28.07.2014 07:34:29,187 - INFO  - Watchdog has been checked: 0 passed
28.07.2014 07:36:29,091 - INFO  - Watchdog has been checked: 0 passed
28.07.2014 07:38:28,225 - INFO  - Watchdog has been checked: 0 passed
28.07.2014 07:40:28,189 - INFO  - Watchdog has been checked: 0 passed
28.07.2014 07:42:28,316 - INFO  - Watchdog has been checked: 0 passed
28.07.2014 07:44:28,201 - INFO  - Watchdog has been checked: 0 passed
28.07.2014 07:46:28,113 - INFO  - Watchdog has been checked: 0 passed
28.07.2014 07:48:28,321 - INFO  - Watchdog has been checked: 0 passed
28.07.2014 07:50:28,260 - INFO  - Watchdog has been checked: 0 passed
28.07.2014 07:52:28,121 - INFO  - Watchdog has been checked: 0 passed
28.07.2014 07:54:27,292 - INFO  - Watchdog has been checked: 0 passed
28.07.2014 07:56:27,265 - INFO  - Watchdog has been checked: 0 passed
28.07.2014 07:58:27,309 - INFO  - Watchdog has been checked: 0 passed
28.07.2014 08:00:27,303 - INFO  - Watchdog has been checked: 0 passed
28.07.2014 08:02:27,396 - INFO  - Watchdog has been checked: 0 passed
28.07.2014 08:04:27,257 - INFO  - Watchdog has been checked: 0 passed
28.07.2014 08:06:28,938 - INFO  - Watchdog has been checked: 0 passed
28.07.2014 08:08:28,268 - INFO  - Watchdog has been checked: 0 passed
28.07.2014 08:10:30,997 - INFO  - Watchdog has been checked: 0 passed
28.07.2014 08:12:30,218 - INFO  - Watchdog has been checked: 0 passed
28.07.2014 08:14:30,371 - INFO  - Watchdog has been checked: 0 passed
28.07.2014 08:16:30,297 - INFO  - Watchdog has been checked: 0 passed
28.07.2014 08:18:30,267 - INFO  - Watchdog has been checked: 0 passed
28.07.2014 08:20:30,453 - INFO  - Watchdog has been checked: 0 passed
28.07.2014 08:22:30,430 - INFO  - Watchdog has been checked: 0 passed
28.07.2014 08:24:30,361 - INFO  - Watchdog has been checked: 0 passed
28.07.2014 08:26:30,198 - INFO  - Watchdog has been checked: 0 passed
28.07.2014 08:28:30,310 - INFO  - Watchdog has been checked: 0 passed
28.07.2014 08:30:30,445 - INFO  - Watchdog has been checked: 0 passed
28.07.2014 08:32:30,345 - INFO  - Watchdog has been checked: 0 passed
28.07.2014 08:33:18,800 - INFO  - searcher identified --- respT: 56ms, 82136 results, q=, 
28.07.2014 08:33:25,039 - INFO  - searcher identified --- respT: 20ms, 686 results, q=nis, 
28.07.2014 08:33:26,667 - INFO  - searcher identified --- respT: 21ms, 686 results, q=nis, 
28.07.2014 08:34:30,255 - INFO  - Watchdog has been checked: 0 passed
28.07.2014 08:36:08,361 - INFO  - searcher identified --- respT: 25ms, 5325 results, web:(PSIWeb), q=, 
28.07.2014 08:36:11,598 - INFO  - searcher identified --- respT: 19ms, no results, web:(PSIWeb), q=quier, 
28.07.2014 08:36:12,960 - INFO  - searcher identified --- respT: 61ms, 156 results, q=quie, 
28.07.2014 08:36:13,970 - INFO  - searcher identified --- respT: 67ms, 13346 results, q=qu, 
28.07.2014 08:36:16,727 - INFO  - searcher identified --- respT: 68ms, 1096 results, q=quer, 
28.07.2014 08:36:20,145 - INFO  - searcher identified --- respT: 37ms, 17 results, q=querverweise, 
28.07.2014 08:36:24,046 - INFO  - searcher identified --- respT: 13ms, 1 results, web:(PSIWeb), q=querverweise, 
28.07.2014 08:36:30,427 - INFO  - Watchdog has been checked: 0 passed
28.07.2014 08:38:30,574 - INFO  - Watchdog has been checked: 0 passed
28.07.2014 08:40:30,335 - INFO  - Watchdog has been checked: 0 passed
28.07.2014 08:42:30,487 - INFO  - Watchdog has been checked: 0 passed
28.07.2014 08:44:30,397 - INFO  - Watchdog has been checked: 0 passed
28.07.2014 08:46:30,514 - INFO  - Watchdog has been checked: 0 passed
28.07.2014 08:48:30,256 - INFO  - Watchdog has been checked: 0 passed
28.07.2014 08:50:30,452 - INFO  - Watchdog has been checked: 0 passed
28.07.2014 08:52:30,255 - INFO  - Watchdog has been checked: 0 passed
28.07.2014 08:54:30,267 - INFO  - Watchdog has been checked: 0 passed
28.07.2014 08:56:30,108 - INFO  - Watchdog has been checked: 0 passed
28.07.2014 08:58:29,174 - INFO  - Watchdog has been checked: 0 passed
28.07.2014 09:00:18,669 - INFO  - searcher identified --- respT: 48ms, 81811 results, q=, 
28.07.2014 09:00:25,297 - INFO  - searcher identified --- respT: 19ms, no results, q=cronjjob, 
28.07.2014 09:00:25,367 - INFO  - searcher identified --- respT: 20ms, no results, q=cronjjob, 
28.07.2014 09:00:28,045 - INFO  - Watchdog has been checked: 0 passed
28.07.2014 09:00:28,779 - INFO  - searcher identified --- respT: 20ms, 129 results, q=cronjob, 
28.07.2014 09:00:34,533 - INFO  - searcher identified --- respT: 29ms, 129 results, q=cronjob, 
28.07.2014 09:02:28,105 - INFO  - Watchdog has been checked: 0 passed
28.07.2014 09:04:28,163 - INFO  - Watchdog has been checked: 0 passed
28.07.2014 09:06:28,040 - INFO  - Watchdog has been checked: 0 passed
28.07.2014 09:08:27,077 - INFO  - Watchdog has been checked: 0 passed
28.07.2014 09:10:26,273 - INFO  - Watchdog has been checked: 0 passed
28.07.2014 09:12:29,836 - INFO  - Watchdog has been checked: 0 passed
28.07.2014 09:14:29,079 - INFO  - Watchdog has been checked: 0 passed
28.07.2014 09:16:29,202 - INFO  - Watchdog has been checked: 0 passed
28.07.2014 09:18:29,173 - INFO  - Watchdog has been checked: 0 passed
28.07.2014 09:20:29,099 - INFO  - Watchdog has been checked: 0 passed
28.07.2014 09:22:29,209 - INFO  - Watchdog has been checked: 0 passed
28.07.2014 09:24:29,233 - INFO  - Watchdog has been checked: 0 passed
28.07.2014 09:26:29,089 - INFO  - Watchdog has been checked: 0 passed
28.07.2014 09:28:28,078 - INFO  - Watchdog has been checked: 0 passed
28.07.2014 09:30:27,253 - INFO  - Watchdog has been checked: 0 passed
28.07.2014 09:32:27,259 - INFO  - Watchdog has been checked: 0 passed
28.07.2014 09:34:27,077 - INFO  - Watchdog has been checked: 0 passed
28.07.2014 09:36:26,242 - INFO  - Watchdog has been checked: 0 passed
28.07.2014 09:38:28,844 - INFO  - Watchdog has been checked: 0 passed
28.07.2014 09:40:28,107 - INFO  - Watchdog has been checked: 0 passed
28.07.2014 09:42:27,133 - INFO  - Watchdog has been checked: 0 passed
28.07.2014 09:44:26,109 - INFO  - Watchdog has been checked: 0 passed
28.07.2014 09:46:25,281 - INFO  - Watchdog has been checked: 0 passed
28.07.2014 09:48:25,206 - INFO  - Watchdog has been checked: 0 passed
28.07.2014 09:50:25,141 - INFO  - Watchdog has been checked: 0 passed
28.07.2014 09:52:25,213 - INFO  - Watchdog has been checked: 0 passed
28.07.2014 09:54:25,160 - INFO  - Watchdog has been checked: 0 passed
28.07.2014 09:56:25,242 - INFO  - Watchdog has been checked: 0 passed
28.07.2014 09:58:25,094 - INFO  - Watchdog has been checked: 0 passed
28.07.2014 10:00:24,115 - INFO  - Watchdog has been checked: 0 passed
28.07.2014 10:02:24,197 - INFO  - Watchdog has been checked: 0 passed
28.07.2014 10:04:24,255 - INFO  - Watchdog has been checked: 0 passed
28.07.2014 10:06:24,339 - INFO  - Watchdog has been checked: 0 passed
28.07.2014 10:08:24,207 - INFO  - Watchdog has been checked: 0 passed
28.07.2014 10:10:28,503 - INFO  - Watchdog has been checked: 0 passed
28.07.2014 10:12:28,328 - INFO  - Watchdog has been checked: 0 passed
28.07.2014 10:14:28,400 - INFO  - Watchdog has been checked: 0 passed
28.07.2014 10:16:28,131 - INFO  - Watchdog has been checked: 0 passed
28.07.2014 10:18:27,237 - INFO  - Watchdog has been checked: 0 passed
28.07.2014 10:20:27,224 - INFO  - Watchdog has been checked: 0 passed
28.07.2014 10:22:27,000 - INFO  - Watchdog has been checked: 0 passed
28.07.2014 10:24:26,175 - INFO  - Watchdog has been checked: 0 passed
28.07.2014 10:26:26,099 - INFO  - Watchdog has been checked: 0 passed
28.07.2014 10:28:26,280 - INFO  - Watchdog has been checked: 0 passed
28.07.2014 10:30:26,194 - INFO  - Watchdog has been checked: 0 passed
28.07.2014 10:32:26,041 - INFO  - Watchdog has been checked: 0 passed
28.07.2014 10:32:26,971 - INFO  - searcher identified --- respT: 44ms, 82019 results, q=, 
28.07.2014 10:32:32,946 - INFO  - searcher identified --- respT: 16ms, 21 results, q=virtuelle tour, 
28.07.2014 10:32:33,902 - INFO  - searcher identified --- respT: 17ms, 21 results, q=virtuelle tour, 
28.07.2014 10:33:01,738 - INFO  - searcher identified --- respT: 65ms, 21 results, q=virtuelle tour, page turned
28.07.2014 10:33:15,052 - INFO  - searcher identified --- respT: 16ms, 18 results, q=virtuelle tour, page turned
28.07.2014 10:33:15,259 - INFO  - searcher identified --- respT: 62ms, 18 results, q=virtuelle tour, page turned
28.07.2014 10:34:26,178 - INFO  - Watchdog has been checked: 0 passed
28.07.2014 10:36:26,188 - INFO  - Watchdog has been checked: 0 passed
28.07.2014 10:38:26,219 - INFO  - Watchdog has been checked: 0 passed
28.07.2014 10:40:29,455 - INFO  - Watchdog has been checked: 0 passed
28.07.2014 10:42:29,267 - INFO  - Watchdog has been checked: 0 passed
28.07.2014 10:44:29,140 - INFO  - Watchdog has been checked: 0 passed
28.07.2014 10:46:28,310 - INFO  - Watchdog has been checked: 0 passed
28.07.2014 10:48:30,576 - INFO  - Watchdog has been checked: 0 passed
28.07.2014 10:50:28,152 - INFO  - Watchdog has been checked: 0 passed
28.07.2014 10:52:28,142 - INFO  - Watchdog has been checked: 0 passed
28.07.2014 10:54:28,269 - INFO  - Watchdog has been checked: 0 passed
28.07.2014 10:56:28,304 - INFO  - Watchdog has been checked: 0 passed
28.07.2014 10:58:28,161 - INFO  - Watchdog has been checked: 0 passed
28.07.2014 11:00:28,247 - INFO  - Watchdog has been checked: 0 passed
28.07.2014 11:02:08,041 - INFO  - searcher identified --- respT: 50ms, 82225 results, q=, 
28.07.2014 11:02:15,102 - INFO  - searcher identified --- respT: 12ms, 686 results, q=nis, 
28.07.2014 11:02:15,170 - INFO  - searcher identified --- respT: 9ms, 686 results, q=nis, 
28.07.2014 11:02:28,207 - INFO  - Watchdog has been checked: 0 passed
28.07.2014 11:04:28,125 - INFO  - Watchdog has been checked: 0 passed
28.07.2014 11:06:28,284 - INFO  - Watchdog has been checked: 0 passed
28.07.2014 11:08:28,263 - INFO  - Watchdog has been checked: 0 passed
28.07.2014 11:10:28,207 - INFO  - Watchdog has been checked: 0 passed
28.07.2014 11:12:28,544 - INFO  - Watchdog has been checked: 0 passed
28.07.2014 11:14:28,277 - INFO  - Watchdog has been checked: 0 passed
28.07.2014 11:16:28,524 - INFO  - Watchdog has been checked: 0 passed
28.07.2014 11:18:28,263 - INFO  - Watchdog has been checked: 0 passed
28.07.2014 11:20:28,401 - INFO  - Watchdog has been checked: 0 passed
28.07.2014 11:22:28,340 - INFO  - Watchdog has been checked: 0 passed
28.07.2014 11:24:28,230 - INFO  - Watchdog has been checked: 0 passed
28.07.2014 11:26:28,417 - INFO  - Watchdog has been checked: 0 passed
28.07.2014 11:28:28,198 - INFO  - Watchdog has been checked: 0 passed
28.07.2014 11:30:28,300 - INFO  - Watchdog has been checked: 0 passed
28.07.2014 11:32:28,344 - INFO  - Watchdog has been checked: 0 passed
28.07.2014 11:34:28,233 - INFO  - Watchdog has been checked: 0 passed
28.07.2014 11:36:28,305 - INFO  - Watchdog has been checked: 0 passed
28.07.2014 11:38:28,365 - INFO  - Watchdog has been checked: 0 passed
28.07.2014 11:40:28,344 - INFO  - Watchdog has been checked: 0 passed
28.07.2014 11:42:30,901 - INFO  - Watchdog has been checked: 0 passed
28.07.2014 11:44:30,116 - INFO  - Watchdog has been checked: 0 passed
28.07.2014 11:46:30,232 - INFO  - Watchdog has been checked: 0 passed
28.07.2014 11:48:30,216 - INFO  - Watchdog has been checked: 0 passed
28.07.2014 11:50:30,379 - INFO  - Watchdog has been checked: 0 passed
28.07.2014 11:52:30,496 - INFO  - Watchdog has been checked: 0 passed
28.07.2014 11:54:30,372 - INFO  - Watchdog has been checked: 0 passed
28.07.2014 11:56:30,188 - INFO  - Watchdog has been checked: 0 passed
28.07.2014 11:58:30,192 - INFO  - Watchdog has been checked: 0 passed
28.07.2014 12:00:30,108 - INFO  - Watchdog has been checked: 0 passed
28.07.2014 12:02:30,513 - INFO  - Watchdog has been checked: 0 passed
28.07.2014 12:04:30,146 - INFO  - Watchdog has been checked: 0 passed
28.07.2014 12:06:30,005 - INFO  - Watchdog has been checked: 0 passed
28.07.2014 12:08:29,421 - INFO  - Watchdog has been checked: 0 passed
28.07.2014 12:10:29,179 - INFO  - Watchdog has been checked: 0 passed
28.07.2014 12:12:29,251 - INFO  - Watchdog has been checked: 0 passed
28.07.2014 12:14:29,280 - INFO  - Watchdog has been checked: 0 passed
28.07.2014 12:16:29,098 - INFO  - Watchdog has been checked: 0 passed
28.07.2014 12:18:29,035 - INFO  - Watchdog has been checked: 0 passed
28.07.2014 12:20:28,259 - INFO  - Watchdog has been checked: 0 passed
28.07.2014 12:22:28,053 - INFO  - Watchdog has been checked: 0 passed
28.07.2014 12:24:27,276 - INFO  - Watchdog has been checked: 0 passed
28.07.2014 12:26:27,204 - INFO  - Watchdog has been checked: 0 passed
28.07.2014 12:28:27,294 - INFO  - Watchdog has been checked: 0 passed
28.07.2014 12:30:27,102 - INFO  - Watchdog has been checked: 0 passed
28.07.2014 12:32:27,136 - INFO  - Watchdog has been checked: 0 passed
28.07.2014 12:34:27,126 - INFO  - Watchdog has been checked: 0 passed
28.07.2014 12:36:27,270 - INFO  - Watchdog has been checked: 0 passed
28.07.2014 12:38:27,183 - INFO  - Watchdog has been checked: 0 passed
28.07.2014 12:40:27,187 - INFO  - Watchdog has been checked: 0 passed
28.07.2014 12:42:27,133 - INFO  - Watchdog has been checked: 0 passed
28.07.2014 12:44:28,427 - INFO  - Watchdog has been checked: 0 passed
28.07.2014 12:46:28,251 - INFO  - Watchdog has been checked: 0 passed
28.07.2014 12:48:28,274 - INFO  - Watchdog has been checked: 0 passed
28.07.2014 12:50:28,133 - INFO  - Watchdog has been checked: 0 passed
28.07.2014 12:52:28,227 - INFO  - Watchdog has been checked: 0 passed
28.07.2014 12:54:28,131 - INFO  - Watchdog has been checked: 0 passed
28.07.2014 12:56:28,226 - INFO  - Watchdog has been checked: 0 passed
28.07.2014 12:58:28,371 - INFO  - Watchdog has been checked: 0 passed
28.07.2014 13:00:28,234 - INFO  - Watchdog has been checked: 0 passed
28.07.2014 13:02:28,475 - INFO  - Watchdog has been checked: 0 passed
28.07.2014 13:04:28,394 - INFO  - Watchdog has been checked: 0 passed
28.07.2014 13:06:28,323 - INFO  - Watchdog has been checked: 0 passed
28.07.2014 13:08:28,252 - INFO  - Watchdog has been checked: 0 passed
28.07.2014 13:10:28,153 - INFO  - Watchdog has been checked: 0 passed
28.07.2014 13:12:28,327 - INFO  - Watchdog has been checked: 0 passed
28.07.2014 13:14:28,139 - INFO  - Watchdog has been checked: 0 passed
28.07.2014 13:16:28,896 - INFO  - Watchdog has been checked: 0 passed
28.07.2014 13:18:28,342 - INFO  - Watchdog has been checked: 0 passed
28.07.2014 13:20:28,848 - INFO  - Watchdog has been checked: 0 passed
28.07.2014 13:22:28,099 - INFO  - Watchdog has been checked: 0 passed
28.07.2014 13:24:27,307 - INFO  - Watchdog has been checked: 0 passed
28.07.2014 13:26:27,306 - INFO  - Watchdog has been checked: 0 passed
28.07.2014 13:28:27,264 - INFO  - Watchdog has been checked: 0 passed
28.07.2014 13:30:27,373 - INFO  - Watchdog has been checked: 0 passed
28.07.2014 13:32:27,273 - INFO  - Watchdog has been checked: 0 passed
28.07.2014 13:34:27,187 - INFO  - Watchdog has been checked: 0 passed
28.07.2014 13:36:27,338 - INFO  - Watchdog has been checked: 0 passed
28.07.2014 13:38:27,299 - INFO  - Watchdog has been checked: 0 passed
28.07.2014 13:40:27,156 - INFO  - Watchdog has been checked: 0 passed
28.07.2014 13:42:26,189 - INFO  - Watchdog has been checked: 0 passed
28.07.2014 13:44:26,242 - INFO  - Watchdog has been checked: 0 passed
28.07.2014 13:46:30,163 - INFO  - Watchdog has been checked: 0 passed
28.07.2014 13:48:30,170 - INFO  - Watchdog has been checked: 0 passed
28.07.2014 13:50:29,214 - INFO  - Watchdog has been checked: 0 passed
28.07.2014 13:52:29,158 - INFO  - Watchdog has been checked: 0 passed
28.07.2014 13:54:29,389 - INFO  - Watchdog has been checked: 0 passed
28.07.2014 13:56:29,198 - INFO  - Watchdog has been checked: 0 passed
28.07.2014 13:58:29,194 - INFO  - Watchdog has been checked: 0 passed
28.07.2014 14:00:29,347 - INFO  - Watchdog has been checked: 0 passed
28.07.2014 14:02:29,198 - INFO  - Watchdog has been checked: 0 passed
28.07.2014 14:04:29,082 - INFO  - Watchdog has been checked: 0 passed
28.07.2014 14:06:29,167 - INFO  - Watchdog has been checked: 0 passed
28.07.2014 14:08:29,205 - INFO  - Watchdog has been checked: 0 passed
28.07.2014 14:10:29,061 - INFO  - Watchdog has been checked: 0 passed
28.07.2014 14:12:29,338 - INFO  - Watchdog has been checked: 0 passed
28.07.2014 14:14:29,233 - INFO  - Watchdog has been checked: 0 passed
28.07.2014 14:16:29,247 - INFO  - Watchdog has been checked: 0 passed
28.07.2014 14:18:29,258 - INFO  - Watchdog has been checked: 0 passed
28.07.2014 14:20:29,229 - INFO  - Watchdog has been checked: 0 passed
28.07.2014 14:22:29,692 - INFO  - Watchdog has been checked: 0 passed
28.07.2014 14:24:29,146 - INFO  - Watchdog has been checked: 0 passed
28.07.2014 14:26:29,120 - INFO  - Watchdog has been checked: 0 passed
28.07.2014 14:28:27,987 - INFO  - Watchdog has been checked: 0 passed
28.07.2014 14:30:27,154 - INFO  - Watchdog has been checked: 0 passed
28.07.2014 14:32:27,168 - INFO  - Watchdog has been checked: 0 passed
28.07.2014 14:34:26,987 - INFO  - Watchdog has been checked: 0 passed
28.07.2014 14:36:27,061 - INFO  - Watchdog has been checked: 0 passed
28.07.2014 14:38:27,017 - INFO  - Watchdog has been checked: 0 passed
28.07.2014 14:40:26,913 - INFO  - Watchdog has been checked: 0 passed
28.07.2014 14:42:25,913 - INFO  - Watchdog has been checked: 0 passed
28.07.2014 14:44:24,969 - INFO  - Watchdog has been checked: 0 passed
28.07.2014 14:46:25,096 - INFO  - Watchdog has been checked: 0 passed
28.07.2014 14:48:28,532 - INFO  - Watchdog has been checked: 0 passed
28.07.2014 14:50:28,036 - INFO  - Watchdog has been checked: 0 passed
28.07.2014 14:52:28,121 - INFO  - Watchdog has been checked: 0 passed
28.07.2014 14:54:28,047 - INFO  - Watchdog has been checked: 0 passed
28.07.2014 14:56:27,910 - INFO  - Watchdog has been checked: 0 passed
28.07.2014 14:58:28,207 - INFO  - Watchdog has been checked: 0 passed
28.07.2014 15:00:27,088 - INFO  - Watchdog has been checked: 0 passed
28.07.2014 15:02:27,091 - INFO  - Watchdog has been checked: 0 passed
28.07.2014 15:04:25,988 - INFO  - Watchdog has been checked: 0 passed
28.07.2014 15:06:26,210 - INFO  - Watchdog has been checked: 0 passed
28.07.2014 15:08:26,285 - INFO  - Watchdog has been checked: 0 passed
28.07.2014 15:10:26,267 - INFO  - Watchdog has been checked: 0 passed
28.07.2014 15:12:26,347 - INFO  - Watchdog has been checked: 0 passed
28.07.2014 15:14:26,167 - INFO  - Watchdog has been checked: 0 passed
28.07.2014 15:16:26,283 - INFO  - Watchdog has been checked: 0 passed
28.07.2014 15:18:26,170 - INFO  - Watchdog has been checked: 0 passed
28.07.2014 15:20:28,486 - INFO  - Watchdog has been checked: 0 passed
28.07.2014 15:22:28,492 - INFO  - Watchdog has been checked: 0 passed
28.07.2014 15:24:28,250 - INFO  - Watchdog has been checked: 0 passed
28.07.2014 15:26:28,153 - INFO  - Watchdog has been checked: 0 passed
28.07.2014 15:28:28,394 - INFO  - Watchdog has been checked: 0 passed
28.07.2014 15:30:28,325 - INFO  - Watchdog has been checked: 0 passed
28.07.2014 15:32:28,309 - INFO  - Watchdog has been checked: 0 passed
28.07.2014 15:34:28,387 - INFO  - Watchdog has been checked: 0 passed
28.07.2014 15:36:28,344 - INFO  - Watchdog has been checked: 0 passed
28.07.2014 15:38:28,217 - INFO  - Watchdog has been checked: 0 passed
28.07.2014 15:40:28,406 - INFO  - Watchdog has been checked: 0 passed
28.07.2014 15:42:28,359 - INFO  - Watchdog has been checked: 0 passed
28.07.2014 15:44:28,451 - INFO  - Watchdog has been checked: 0 passed
28.07.2014 15:46:28,434 - INFO  - Watchdog has been checked: 0 passed
28.07.2014 15:48:28,347 - INFO  - Watchdog has been checked: 0 passed
28.07.2014 15:50:29,044 - INFO  - Watchdog has been checked: 0 passed
28.07.2014 15:52:28,361 - INFO  - Watchdog has been checked: 0 passed
28.07.2014 15:54:28,250 - INFO  - Watchdog has been checked: 0 passed
28.07.2014 15:56:28,062 - INFO  - Watchdog has been checked: 0 passed
28.07.2014 15:58:28,030 - INFO  - Watchdog has been checked: 0 passed
28.07.2014 16:00:28,157 - INFO  - Watchdog has been checked: 0 passed
28.07.2014 16:02:28,104 - INFO  - Watchdog has been checked: 0 passed
28.07.2014 16:04:27,985 - INFO  - Watchdog has been checked: 0 passed
28.07.2014 16:06:27,949 - INFO  - Watchdog has been checked: 0 passed
28.07.2014 16:06:57,024 - ERROR - unknown wikiuser
28.07.2014 16:06:57,399 - INFO  - searcher anonymous --- respT: 5ms, 415 results, type:topic, web:(PSIWeb), q=*:*, 
28.07.2014 16:08:28,055 - INFO  - Watchdog has been checked: 0 passed
28.07.2014 16:10:28,244 - INFO  - Watchdog has been checked: 0 passed
28.07.2014 16:12:28,047 - INFO  - Watchdog has been checked: 0 passed
28.07.2014 16:14:28,137 - INFO  - Watchdog has been checked: 0 passed
28.07.2014 16:16:28,100 - INFO  - Watchdog has been checked: 0 passed
28.07.2014 16:18:28,093 - INFO  - Watchdog has been checked: 0 passed
28.07.2014 16:20:28,015 - INFO  - Watchdog has been checked: 0 passed
28.07.2014 16:22:27,997 - INFO  - Watchdog has been checked: 0 passed
28.07.2014 16:24:28,215 - INFO  - Watchdog has been checked: 0 passed
28.07.2014 16:26:28,143 - INFO  - Watchdog has been checked: 0 passed
28.07.2014 16:28:28,126 - INFO  - Watchdog has been checked: 0 passed
28.07.2014 16:30:28,044 - INFO  - Watchdog has been checked: 0 passed
28.07.2014 16:32:27,999 - INFO  - Watchdog has been checked: 0 passed
28.07.2014 16:34:28,169 - INFO  - Watchdog has been checked: 0 passed
28.07.2014 16:36:28,078 - INFO  - Watchdog has been checked: 0 passed
28.07.2014 16:38:28,152 - INFO  - Watchdog has been checked: 0 passed
28.07.2014 16:40:28,219 - INFO  - Watchdog has been checked: 0 passed
28.07.2014 16:42:28,232 - INFO  - Watchdog has been checked: 0 passed
28.07.2014 16:44:28,181 - INFO  - Watchdog has been checked: 0 passed
28.07.2014 16:46:28,272 - INFO  - Watchdog has been checked: 0 passed
28.07.2014 16:48:28,277 - INFO  - Watchdog has been checked: 0 passed
28.07.2014 16:50:28,175 - INFO  - Watchdog has been checked: 0 passed
28.07.2014 16:52:28,226 - INFO  - Watchdog has been checked: 0 passed
28.07.2014 16:54:28,188 - INFO  - Watchdog has been checked: 0 passed
28.07.2014 16:56:28,236 - INFO  - Watchdog has been checked: 0 passed
28.07.2014 16:58:28,262 - INFO  - Watchdog has been checked: 0 passed
28.07.2014 17:00:28,373 - INFO  - Watchdog has been checked: 0 passed
28.07.2014 17:02:28,169 - INFO  - Watchdog has been checked: 0 passed
28.07.2014 17:04:28,074 - INFO  - Watchdog has been checked: 0 passed
28.07.2014 17:06:28,142 - INFO  - Watchdog has been checked: 0 passed
28.07.2014 17:08:28,236 - INFO  - Watchdog has been checked: 0 passed
28.07.2014 17:10:28,199 - INFO  - Watchdog has been checked: 0 passed
28.07.2014 17:12:28,067 - INFO  - Watchdog has been checked: 0 passed
28.07.2014 17:14:27,034 - INFO  - Watchdog has been checked: 0 passed
28.07.2014 17:16:26,040 - INFO  - Watchdog has been checked: 0 passed
28.07.2014 17:18:26,031 - INFO  - Watchdog has been checked: 0 passed
28.07.2014 17:20:26,049 - INFO  - Watchdog has been checked: 0 passed
28.07.2014 17:22:26,112 - INFO  - Watchdog has been checked: 0 passed
28.07.2014 17:24:26,152 - INFO  - Watchdog has been checked: 0 passed
28.07.2014 17:26:26,243 - INFO  - Watchdog has been checked: 0 passed
28.07.2014 17:28:26,263 - INFO  - Watchdog has been checked: 0 passed
28.07.2014 17:30:26,290 - INFO  - Watchdog has been checked: 0 passed
28.07.2014 17:32:26,074 - INFO  - Watchdog has been checked: 0 passed
28.07.2014 17:34:26,043 - INFO  - Watchdog has been checked: 0 passed
28.07.2014 17:36:25,229 - INFO  - Watchdog has been checked: 0 passed
28.07.2014 17:38:25,128 - INFO  - Watchdog has been checked: 0 passed
28.07.2014 17:40:25,199 - INFO  - Watchdog has been checked: 0 passed
28.07.2014 17:42:25,250 - INFO  - Watchdog has been checked: 0 passed
28.07.2014 17:44:25,236 - INFO  - Watchdog has been checked: 0 passed
28.07.2014 17:46:25,151 - INFO  - Watchdog has been checked: 0 passed
28.07.2014 17:48:25,310 - INFO  - Watchdog has been checked: 0 passed
28.07.2014 17:50:25,379 - INFO  - Watchdog has been checked: 0 passed
28.07.2014 17:52:25,162 - INFO  - Watchdog has been checked: 0 passed
28.07.2014 17:54:25,187 - INFO  - Watchdog has been checked: 0 passed
28.07.2014 17:56:25,168 - INFO  - Watchdog has been checked: 0 passed
28.07.2014 17:58:25,378 - INFO  - Watchdog has been checked: 0 passed
28.07.2014 18:00:25,155 - INFO  - Watchdog has been checked: 0 passed
28.07.2014 18:02:25,254 - INFO  - Watchdog has been checked: 0 passed
28.07.2014 18:04:25,203 - INFO  - Watchdog has been checked: 0 passed
28.07.2014 18:06:25,238 - INFO  - Watchdog has been checked: 0 passed
28.07.2014 18:08:25,165 - INFO  - Watchdog has been checked: 0 passed
28.07.2014 18:10:25,162 - INFO  - Watchdog has been checked: 0 passed
28.07.2014 18:12:25,289 - INFO  - Watchdog has been checked: 0 passed
28.07.2014 18:14:25,093 - INFO  - Watchdog has been checked: 0 passed
28.07.2014 18:16:25,092 - INFO  - Watchdog has been checked: 0 passed
28.07.2014 18:18:25,237 - INFO  - Watchdog has been checked: 0 passed
28.07.2014 18:20:25,219 - INFO  - Watchdog has been checked: 0 passed
28.07.2014 18:22:25,108 - INFO  - Watchdog has been checked: 0 passed
28.07.2014 18:24:24,211 - INFO  - Watchdog has been checked: 0 passed
28.07.2014 18:26:24,197 - INFO  - Watchdog has been checked: 0 passed
28.07.2014 18:28:24,108 - INFO  - Watchdog has been checked: 0 passed
28.07.2014 18:30:24,233 - INFO  - Watchdog has been checked: 0 passed
28.07.2014 18:32:24,267 - INFO  - Watchdog has been checked: 0 passed
28.07.2014 18:34:24,121 - INFO  - Watchdog has been checked: 0 passed
28.07.2014 18:36:23,082 - INFO  - Watchdog has been checked: 0 passed
28.07.2014 18:38:22,313 - INFO  - Watchdog has been checked: 0 passed
28.07.2014 18:40:22,158 - INFO  - Watchdog has been checked: 0 passed
28.07.2014 18:42:22,432 - INFO  - Watchdog has been checked: 0 passed
28.07.2014 18:44:21,261 - INFO  - Watchdog has been checked: 0 passed
28.07.2014 18:46:21,245 - INFO  - Watchdog has been checked: 0 passed
28.07.2014 18:48:21,253 - INFO  - Watchdog has been checked: 0 passed
28.07.2014 18:50:20,349 - INFO  - Watchdog has been checked: 0 passed
28.07.2014 18:52:24,301 - INFO  - Watchdog has been checked: 0 passed
28.07.2014 18:54:24,145 - INFO  - Watchdog has been checked: 0 passed
28.07.2014 18:56:24,331 - INFO  - Watchdog has been checked: 0 passed
28.07.2014 18:58:24,157 - INFO  - Watchdog has been checked: 0 passed
28.07.2014 19:00:24,290 - INFO  - Watchdog has been checked: 0 passed
28.07.2014 19:02:24,210 - INFO  - Watchdog has been checked: 0 passed
28.07.2014 19:04:24,210 - INFO  - Watchdog has been checked: 0 passed
28.07.2014 19:06:24,350 - INFO  - Watchdog has been checked: 0 passed
28.07.2014 19:08:24,158 - INFO  - Watchdog has been checked: 0 passed
28.07.2014 19:10:24,301 - INFO  - Watchdog has been checked: 0 passed
28.07.2014 19:12:24,163 - INFO  - Watchdog has been checked: 0 passed
28.07.2014 19:14:24,138 - INFO  - Watchdog has been checked: 0 passed
28.07.2014 19:16:24,251 - INFO  - Watchdog has been checked: 0 passed
28.07.2014 19:18:24,303 - INFO  - Watchdog has been checked: 0 passed
28.07.2014 19:20:24,204 - INFO  - Watchdog has been checked: 0 passed
28.07.2014 19:22:24,319 - INFO  - Watchdog has been checked: 0 passed
28.07.2014 19:24:24,303 - INFO  - Watchdog has been checked: 0 passed
28.07.2014 19:26:24,136 - INFO  - Watchdog has been checked: 0 passed
28.07.2014 19:28:24,156 - INFO  - Watchdog has been checked: 0 passed
28.07.2014 19:30:24,171 - INFO  - Watchdog has been checked: 0 passed
28.07.2014 19:32:24,216 - INFO  - Watchdog has been checked: 0 passed
28.07.2014 19:34:24,249 - INFO  - Watchdog has been checked: 0 passed
28.07.2014 19:36:24,128 - INFO  - Watchdog has been checked: 0 passed
28.07.2014 19:38:23,098 - INFO  - Watchdog has been checked: 0 passed
28.07.2014 19:40:22,318 - INFO  - Watchdog has been checked: 0 passed
28.07.2014 19:42:22,313 - INFO  - Watchdog has been checked: 0 passed
28.07.2014 19:44:22,102 - INFO  - Watchdog has been checked: 0 passed
28.07.2014 19:46:21,203 - INFO  - Watchdog has been checked: 0 passed
28.07.2014 19:48:21,150 - INFO  - Watchdog has been checked: 0 passed
28.07.2014 19:50:21,130 - INFO  - Watchdog has been checked: 0 passed
28.07.2014 19:52:21,128 - INFO  - Watchdog has been checked: 0 passed
28.07.2014 19:54:21,162 - INFO  - Watchdog has been checked: 0 passed
28.07.2014 19:56:21,127 - INFO  - Watchdog has been checked: 0 passed
28.07.2014 19:58:24,314 - INFO  - Watchdog has been checked: 0 passed
28.07.2014 20:00:24,358 - INFO  - Watchdog has been checked: 0 passed
28.07.2014 20:02:24,359 - INFO  - Watchdog has been checked: 0 passed
28.07.2014 20:04:24,334 - INFO  - Watchdog has been checked: 0 passed
28.07.2014 20:06:24,282 - INFO  - Watchdog has been checked: 0 passed
28.07.2014 20:08:24,211 - INFO  - Watchdog has been checked: 0 passed
28.07.2014 20:10:24,296 - INFO  - Watchdog has been checked: 0 passed
28.07.2014 20:12:24,325 - INFO  - Watchdog has been checked: 0 passed
28.07.2014 20:14:24,323 - INFO  - Watchdog has been checked: 0 passed
28.07.2014 20:16:24,269 - INFO  - Watchdog has been checked: 0 passed
28.07.2014 20:18:24,420 - INFO  - Watchdog has been checked: 0 passed
28.07.2014 20:20:24,455 - INFO  - Watchdog has been checked: 0 passed
28.07.2014 20:22:24,295 - INFO  - Watchdog has been checked: 0 passed
28.07.2014 20:24:24,167 - INFO  - Watchdog has been checked: 0 passed
28.07.2014 20:26:23,348 - INFO  - Watchdog has been checked: 0 passed
28.07.2014 20:28:23,162 - INFO  - Watchdog has been checked: 0 passed
28.07.2014 20:30:23,233 - INFO  - Watchdog has been checked: 0 passed
28.07.2014 20:32:23,322 - INFO  - Watchdog has been checked: 0 passed
28.07.2014 20:34:24,428 - INFO  - Watchdog has been checked: 0 passed
28.07.2014 20:36:24,215 - INFO  - Watchdog has been checked: 0 passed
28.07.2014 20:38:24,288 - INFO  - Watchdog has been checked: 0 passed
28.07.2014 20:40:24,295 - INFO  - Watchdog has been checked: 0 passed
28.07.2014 20:42:24,148 - INFO  - Watchdog has been checked: 0 passed
28.07.2014 20:44:24,198 - INFO  - Watchdog has been checked: 0 passed
28.07.2014 20:46:23,953 - INFO  - Watchdog has been checked: 0 passed
28.07.2014 20:48:23,089 - INFO  - Watchdog has been checked: 0 passed
28.07.2014 20:50:23,098 - INFO  - Watchdog has been checked: 0 passed
28.07.2014 20:52:22,204 - INFO  - Watchdog has been checked: 0 passed
28.07.2014 20:54:22,105 - INFO  - Watchdog has been checked: 0 passed
28.07.2014 20:56:24,124 - INFO  - Watchdog has been checked: 0 passed
28.07.2014 20:58:24,034 - INFO  - Watchdog has been checked: 0 passed
28.07.2014 21:00:24,252 - INFO  - Watchdog has been checked: 0 passed
28.07.2014 21:02:24,150 - INFO  - Watchdog has been checked: 0 passed
28.07.2014 21:04:24,025 - INFO  - Watchdog has been checked: 0 passed
28.07.2014 21:06:23,035 - INFO  - Watchdog has been checked: 0 passed
28.07.2014 21:08:22,044 - INFO  - Watchdog has been checked: 0 passed
28.07.2014 21:10:22,236 - INFO  - Watchdog has been checked: 0 passed
28.07.2014 21:12:22,116 - INFO  - Watchdog has been checked: 0 passed
28.07.2014 21:14:22,293 - INFO  - Watchdog has been checked: 0 passed
28.07.2014 21:16:22,272 - INFO  - Watchdog has been checked: 0 passed
28.07.2014 21:18:22,197 - INFO  - Watchdog has been checked: 0 passed
28.07.2014 21:20:21,311 - INFO  - Watchdog has been checked: 0 passed
28.07.2014 21:22:21,258 - INFO  - Watchdog has been checked: 0 passed
28.07.2014 21:24:21,171 - INFO  - Watchdog has been checked: 0 passed
28.07.2014 21:26:24,366 - INFO  - Watchdog has been checked: 0 passed
28.07.2014 21:28:24,330 - INFO  - Watchdog has been checked: 0 passed
28.07.2014 21:30:24,199 - INFO  - Watchdog has been checked: 0 passed
28.07.2014 21:32:24,358 - INFO  - Watchdog has been checked: 0 passed
28.07.2014 21:34:24,334 - INFO  - Watchdog has been checked: 0 passed
28.07.2014 21:36:24,410 - INFO  - Watchdog has been checked: 0 passed
28.07.2014 21:38:24,196 - INFO  - Watchdog has been checked: 0 passed
28.07.2014 21:40:24,307 - INFO  - Watchdog has been checked: 0 passed
28.07.2014 21:42:24,206 - INFO  - Watchdog has been checked: 0 passed
28.07.2014 21:44:24,189 - INFO  - Watchdog has been checked: 0 passed
28.07.2014 21:46:24,294 - INFO  - Watchdog has been checked: 0 passed
28.07.2014 21:48:24,300 - INFO  - Watchdog has been checked: 0 passed
28.07.2014 21:50:24,222 - INFO  - Watchdog has been checked: 0 passed
28.07.2014 21:52:24,129 - INFO  - Watchdog has been checked: 0 passed
28.07.2014 21:54:24,341 - INFO  - Watchdog has been checked: 0 passed
28.07.2014 21:56:24,185 - INFO  - Watchdog has been checked: 0 passed
28.07.2014 21:58:24,186 - INFO  - Watchdog has been checked: 0 passed
28.07.2014 22:00:24,386 - INFO  - Watchdog has been checked: 0 passed
28.07.2014 22:02:24,826 - INFO  - Watchdog has been checked: 0 passed
28.07.2014 22:04:24,235 - INFO  - Watchdog has been checked: 0 passed
28.07.2014 22:06:24,324 - INFO  - Watchdog has been checked: 0 passed
28.07.2014 22:08:24,297 - INFO  - Watchdog has been checked: 0 passed
28.07.2014 22:10:24,247 - INFO  - Watchdog has been checked: 0 passed
28.07.2014 22:12:24,300 - INFO  - Watchdog has been checked: 0 passed
28.07.2014 22:14:24,074 - INFO  - Watchdog has been checked: 0 passed
28.07.2014 22:16:23,217 - INFO  - Watchdog has been checked: 0 passed
28.07.2014 22:18:23,184 - INFO  - Watchdog has been checked: 0 passed
28.07.2014 22:20:23,113 - INFO  - Watchdog has been checked: 0 passed
28.07.2014 22:22:22,117 - INFO  - Watchdog has been checked: 0 passed
28.07.2014 22:24:21,127 - INFO  - Watchdog has been checked: 0 passed
28.07.2014 22:26:20,332 - INFO  - Watchdog has been checked: 0 passed
28.07.2014 22:28:24,282 - INFO  - Watchdog has been checked: 0 passed
28.07.2014 22:30:24,259 - INFO  - Watchdog has been checked: 0 passed
28.07.2014 22:32:24,322 - INFO  - Watchdog has been checked: 0 passed
28.07.2014 22:34:24,035 - INFO  - Watchdog has been checked: 0 passed
28.07.2014 22:36:24,176 - INFO  - Watchdog has been checked: 0 passed
28.07.2014 22:38:24,064 - INFO  - Watchdog has been checked: 0 passed
28.07.2014 22:40:24,073 - INFO  - Watchdog has been checked: 0 passed
28.07.2014 22:42:23,135 - INFO  - Watchdog has been checked: 0 passed
28.07.2014 22:44:22,118 - INFO  - Watchdog has been checked: 0 passed
28.07.2014 22:46:22,054 - INFO  - Watchdog has been checked: 0 passed
28.07.2014 22:48:22,277 - INFO  - Watchdog has been checked: 0 passed
28.07.2014 22:50:22,053 - INFO  - Watchdog has been checked: 0 passed
28.07.2014 22:52:22,093 - INFO  - Watchdog has been checked: 0 passed
28.07.2014 22:54:22,212 - INFO  - Watchdog has been checked: 0 passed
28.07.2014 22:56:22,140 - INFO  - Watchdog has been checked: 0 passed
28.07.2014 22:58:22,126 - INFO  - Watchdog has been checked: 0 passed
28.07.2014 23:00:24,010 - INFO  - Watchdog has been checked: 0 passed
28.07.2014 23:02:24,154 - INFO  - Watchdog has been checked: 0 passed
28.07.2014 23:04:24,275 - INFO  - Watchdog has been checked: 0 passed
28.07.2014 23:06:24,048 - INFO  - Watchdog has been checked: 0 passed
28.07.2014 23:08:24,293 - INFO  - Watchdog has been checked: 0 passed
28.07.2014 23:10:24,088 - INFO  - Watchdog has been checked: 0 passed
28.07.2014 23:12:24,190 - INFO  - Watchdog has been checked: 0 passed
28.07.2014 23:14:24,304 - INFO  - Watchdog has been checked: 0 passed
28.07.2014 23:16:24,237 - INFO  - Watchdog has been checked: 0 passed
28.07.2014 23:18:24,079 - INFO  - Watchdog has been checked: 0 passed
28.07.2014 23:20:24,292 - INFO  - Watchdog has been checked: 0 passed
28.07.2014 23:22:24,145 - INFO  - Watchdog has been checked: 0 passed
28.07.2014 23:24:24,258 - INFO  - Watchdog has been checked: 0 passed
28.07.2014 23:26:24,261 - INFO  - Watchdog has been checked: 0 passed
28.07.2014 23:28:24,136 - INFO  - Watchdog has been checked: 0 passed
28.07.2014 23:31:34,149 - INFO  - Watchdog has been checked: 0 passed
28.07.2014 23:30:24,383 - INFO  - Watchdog has been checked: 0 passed
28.07.2014 23:32:24,235 - INFO  - Watchdog has been checked: 0 passed
28.07.2014 23:34:24,297 - INFO  - Watchdog has been checked: 0 passed
28.07.2014 23:36:24,315 - INFO  - Watchdog has been checked: 0 passed
28.07.2014 23:38:24,267 - INFO  - Watchdog has been checked: 0 passed
28.07.2014 23:40:24,163 - INFO  - Watchdog has been checked: 0 passed
28.07.2014 23:42:24,100 - INFO  - Watchdog has been checked: 0 passed
28.07.2014 23:44:24,203 - INFO  - Watchdog has been checked: 0 passed
28.07.2014 23:46:24,213 - INFO  - Watchdog has been checked: 0 passed
28.07.2014 23:48:24,169 - INFO  - Watchdog has been checked: 0 passed
28.07.2014 23:50:24,260 - INFO  - Watchdog has been checked: 0 passed
28.07.2014 23:52:24,228 - INFO  - Watchdog has been checked: 0 passed
28.07.2014 23:54:24,081 - INFO  - Watchdog has been checked: 0 passed
28.07.2014 23:56:24,072 - INFO  - Watchdog has been checked: 0 passed
28.07.2014 23:58:24,294 - INFO  - Watchdog has been checked: 0 passed
