05.08.2014 00:01:57,299 - INFO  - Watchdog has been checked: 0 passed
05.08.2014 00:03:57,145 - INFO  - Watchdog has been checked: 0 passed
05.08.2014 00:05:57,184 - INFO  - Watchdog has been checked: 0 passed
05.08.2014 00:07:57,181 - INFO  - Watchdog has been checked: 0 passed
05.08.2014 00:09:57,341 - INFO  - Watchdog has been checked: 0 passed
05.08.2014 00:11:57,326 - INFO  - Watchdog has been checked: 0 passed
05.08.2014 00:13:57,203 - INFO  - Watchdog has been checked: 0 passed
05.08.2014 00:15:57,405 - INFO  - Watchdog has been checked: 0 passed
05.08.2014 00:17:57,295 - INFO  - Watchdog has been checked: 0 passed
05.08.2014 00:19:57,218 - INFO  - Watchdog has been checked: 0 passed
05.08.2014 00:21:57,400 - INFO  - Watchdog has been checked: 0 passed
05.08.2014 00:23:57,298 - INFO  - Watchdog has been checked: 0 passed
05.08.2014 00:25:57,261 - INFO  - Watchdog has been checked: 0 passed
05.08.2014 00:27:57,222 - INFO  - Watchdog has been checked: 0 passed
05.08.2014 00:29:57,227 - INFO  - Watchdog has been checked: 0 passed
05.08.2014 00:31:57,415 - INFO  - Watchdog has been checked: 0 passed
05.08.2014 00:33:57,305 - INFO  - Watchdog has been checked: 0 passed
05.08.2014 00:35:57,221 - INFO  - Watchdog has been checked: 0 passed
05.08.2014 00:37:57,335 - INFO  - Watchdog has been checked: 0 passed
05.08.2014 00:39:57,279 - INFO  - Watchdog has been checked: 0 passed
05.08.2014 00:41:57,229 - INFO  - Watchdog has been checked: 0 passed
05.08.2014 00:43:57,331 - INFO  - Watchdog has been checked: 0 passed
05.08.2014 00:45:57,391 - INFO  - Watchdog has been checked: 0 passed
05.08.2014 00:47:57,313 - INFO  - Watchdog has been checked: 0 passed
05.08.2014 00:49:57,295 - INFO  - Watchdog has been checked: 0 passed
05.08.2014 00:51:57,153 - INFO  - Watchdog has been checked: 0 passed
05.08.2014 00:53:57,045 - INFO  - Watchdog has been checked: 0 passed
05.08.2014 00:55:56,104 - INFO  - Watchdog has been checked: 0 passed
05.08.2014 00:57:57,320 - INFO  - Watchdog has been checked: 0 passed
05.08.2014 00:59:57,072 - INFO  - Watchdog has been checked: 0 passed
05.08.2014 01:01:57,026 - INFO  - Watchdog has been checked: 0 passed
05.08.2014 01:03:56,121 - INFO  - Watchdog has been checked: 0 passed
05.08.2014 01:05:56,098 - INFO  - Watchdog has been checked: 0 passed
05.08.2014 01:07:56,242 - INFO  - Watchdog has been checked: 0 passed
05.08.2014 01:09:56,010 - INFO  - Watchdog has been checked: 0 passed
05.08.2014 01:11:55,171 - INFO  - Watchdog has been checked: 0 passed
05.08.2014 01:13:55,141 - INFO  - Watchdog has been checked: 0 passed
05.08.2014 01:15:54,065 - INFO  - Watchdog has been checked: 0 passed
05.08.2014 01:17:53,259 - INFO  - Watchdog has been checked: 0 passed
05.08.2014 01:19:53,165 - INFO  - Watchdog has been checked: 0 passed
05.08.2014 01:21:53,162 - INFO  - Watchdog has been checked: 0 passed
05.08.2014 01:23:57,219 - INFO  - Watchdog has been checked: 0 passed
05.08.2014 01:25:57,298 - INFO  - Watchdog has been checked: 0 passed
05.08.2014 01:27:57,162 - INFO  - Watchdog has been checked: 0 passed
05.08.2014 01:29:57,062 - INFO  - Watchdog has been checked: 0 passed
05.08.2014 01:31:57,352 - INFO  - Watchdog has been checked: 0 passed
05.08.2014 01:33:57,143 - INFO  - Watchdog has been checked: 0 passed
05.08.2014 01:35:57,233 - INFO  - Watchdog has been checked: 0 passed
05.08.2014 01:37:57,111 - INFO  - Watchdog has been checked: 0 passed
05.08.2014 01:39:57,316 - INFO  - Watchdog has been checked: 0 passed
05.08.2014 01:41:57,265 - INFO  - Watchdog has been checked: 0 passed
05.08.2014 01:43:57,308 - INFO  - Watchdog has been checked: 0 passed
05.08.2014 01:45:57,156 - INFO  - Watchdog has been checked: 0 passed
05.08.2014 01:47:57,277 - INFO  - Watchdog has been checked: 0 passed
05.08.2014 01:49:57,248 - INFO  - Watchdog has been checked: 0 passed
05.08.2014 01:51:57,263 - INFO  - Watchdog has been checked: 0 passed
05.08.2014 01:53:57,309 - INFO  - Watchdog has been checked: 0 passed
05.08.2014 01:55:57,360 - INFO  - Watchdog has been checked: 0 passed
05.08.2014 01:57:57,267 - INFO  - Watchdog has been checked: 0 passed
05.08.2014 01:59:57,206 - INFO  - Watchdog has been checked: 0 passed
05.08.2014 02:01:57,244 - INFO  - Watchdog has been checked: 0 passed
05.08.2014 02:03:57,208 - INFO  - Watchdog has been checked: 0 passed
05.08.2014 02:05:57,279 - INFO  - Watchdog has been checked: 0 passed
05.08.2014 02:07:57,211 - INFO  - Watchdog has been checked: 0 passed
05.08.2014 02:09:57,368 - INFO  - Watchdog has been checked: 0 passed
05.08.2014 02:11:57,141 - INFO  - Watchdog has been checked: 0 passed
05.08.2014 02:13:57,167 - INFO  - Watchdog has been checked: 0 passed
05.08.2014 02:15:57,170 - INFO  - Watchdog has been checked: 0 passed
05.08.2014 02:17:57,101 - INFO  - Watchdog has been checked: 0 passed
05.08.2014 02:19:56,960 - INFO  - Watchdog has been checked: 0 passed
05.08.2014 02:21:56,070 - INFO  - Watchdog has been checked: 0 passed
05.08.2014 02:23:55,042 - INFO  - Watchdog has been checked: 0 passed
05.08.2014 02:25:56,999 - INFO  - Watchdog has been checked: 0 passed
05.08.2014 02:27:57,139 - INFO  - Watchdog has been checked: 0 passed
05.08.2014 02:29:56,263 - INFO  - Watchdog has been checked: 0 passed
05.08.2014 02:31:56,197 - INFO  - Watchdog has been checked: 0 passed
05.08.2014 02:33:56,072 - INFO  - Watchdog has been checked: 0 passed
05.08.2014 02:35:55,326 - INFO  - Watchdog has been checked: 0 passed
05.08.2014 02:37:55,108 - INFO  - Watchdog has been checked: 0 passed
05.08.2014 02:39:54,251 - INFO  - Watchdog has been checked: 0 passed
05.08.2014 02:41:54,250 - INFO  - Watchdog has been checked: 0 passed
05.08.2014 02:43:54,328 - INFO  - Watchdog has been checked: 0 passed
05.08.2014 02:45:54,264 - INFO  - Watchdog has been checked: 0 passed
05.08.2014 02:47:54,280 - INFO  - Watchdog has been checked: 0 passed
05.08.2014 02:49:54,191 - INFO  - Watchdog has been checked: 0 passed
05.08.2014 02:51:57,404 - INFO  - Watchdog has been checked: 0 passed
05.08.2014 02:53:57,268 - INFO  - Watchdog has been checked: 0 passed
05.08.2014 02:55:57,273 - INFO  - Watchdog has been checked: 0 passed
05.08.2014 02:57:57,306 - INFO  - Watchdog has been checked: 0 passed
05.08.2014 02:59:57,207 - INFO  - Watchdog has been checked: 0 passed
05.08.2014 03:01:59,372 - INFO  - Watchdog has been checked: 0 passed
05.08.2014 03:03:59,333 - INFO  - Watchdog has been checked: 0 passed
05.08.2014 03:05:59,242 - INFO  - Watchdog has been checked: 0 passed
05.08.2014 03:07:59,301 - INFO  - Watchdog has been checked: 0 passed
05.08.2014 03:09:59,183 - INFO  - Watchdog has been checked: 0 passed
05.08.2014 03:11:59,405 - INFO  - Watchdog has been checked: 0 passed
05.08.2014 03:13:59,260 - INFO  - Watchdog has been checked: 0 passed
05.08.2014 03:15:59,248 - INFO  - Watchdog has been checked: 0 passed
05.08.2014 03:17:59,244 - INFO  - Watchdog has been checked: 0 passed
05.08.2014 03:19:59,155 - INFO  - Watchdog has been checked: 0 passed
05.08.2014 03:21:59,235 - INFO  - Watchdog has been checked: 0 passed
05.08.2014 03:23:59,080 - INFO  - Watchdog has been checked: 0 passed
05.08.2014 03:25:59,037 - INFO  - Watchdog has been checked: 0 passed
05.08.2014 03:27:59,207 - INFO  - Watchdog has been checked: 0 passed
05.08.2014 03:29:59,279 - INFO  - Watchdog has been checked: 0 passed
05.08.2014 03:31:59,199 - INFO  - Watchdog has been checked: 0 passed
05.08.2014 03:33:59,084 - INFO  - Watchdog has been checked: 0 passed
05.08.2014 03:35:59,030 - INFO  - Watchdog has been checked: 0 passed
05.08.2014 03:37:58,200 - INFO  - Watchdog has been checked: 0 passed
05.08.2014 03:39:58,209 - INFO  - Watchdog has been checked: 0 passed
05.08.2014 03:41:58,156 - INFO  - Watchdog has been checked: 0 passed
05.08.2014 03:43:58,268 - INFO  - Watchdog has been checked: 0 passed
05.08.2014 03:45:58,263 - INFO  - Watchdog has been checked: 0 passed
05.08.2014 03:47:58,150 - INFO  - Watchdog has been checked: 0 passed
05.08.2014 03:49:58,125 - INFO  - Watchdog has been checked: 0 passed
05.08.2014 03:51:57,285 - INFO  - Watchdog has been checked: 0 passed
05.08.2014 03:53:57,241 - INFO  - Watchdog has been checked: 0 passed
05.08.2014 03:55:57,192 - INFO  - Watchdog has been checked: 0 passed
05.08.2014 03:57:57,312 - INFO  - Watchdog has been checked: 0 passed
05.08.2014 03:59:57,271 - INFO  - Watchdog has been checked: 0 passed
05.08.2014 04:01:57,221 - INFO  - Watchdog has been checked: 0 passed
05.08.2014 04:03:58,296 - INFO  - Watchdog has been checked: 0 passed
05.08.2014 04:05:58,398 - INFO  - Watchdog has been checked: 0 passed
05.08.2014 04:07:58,243 - INFO  - Watchdog has been checked: 0 passed
05.08.2014 04:09:58,213 - INFO  - Watchdog has been checked: 0 passed
05.08.2014 04:11:58,280 - INFO  - Watchdog has been checked: 0 passed
05.08.2014 04:13:58,257 - INFO  - Watchdog has been checked: 0 passed
05.08.2014 04:15:58,391 - INFO  - Watchdog has been checked: 0 passed
05.08.2014 04:17:58,230 - INFO  - Watchdog has been checked: 0 passed
05.08.2014 04:19:58,320 - INFO  - Watchdog has been checked: 0 passed
05.08.2014 04:21:58,324 - INFO  - Watchdog has been checked: 0 passed
05.08.2014 04:23:58,296 - INFO  - Watchdog has been checked: 0 passed
05.08.2014 04:25:58,336 - INFO  - Watchdog has been checked: 0 passed
05.08.2014 04:27:58,242 - INFO  - Watchdog has been checked: 0 passed
05.08.2014 04:29:58,144 - INFO  - Watchdog has been checked: 0 passed
05.08.2014 04:31:58,185 - INFO  - Watchdog has been checked: 0 passed
05.08.2014 04:33:58,209 - INFO  - Watchdog has been checked: 0 passed
05.08.2014 04:35:58,223 - INFO  - Watchdog has been checked: 0 passed
05.08.2014 04:37:58,136 - INFO  - Watchdog has been checked: 0 passed
05.08.2014 04:39:58,296 - INFO  - Watchdog has been checked: 0 passed
05.08.2014 04:41:58,096 - INFO  - Watchdog has been checked: 0 passed
05.08.2014 04:43:57,165 - INFO  - Watchdog has been checked: 0 passed
05.08.2014 04:45:57,274 - INFO  - Watchdog has been checked: 0 passed
05.08.2014 04:47:57,170 - INFO  - Watchdog has been checked: 0 passed
05.08.2014 04:49:57,323 - INFO  - Watchdog has been checked: 0 passed
05.08.2014 04:51:57,084 - INFO  - Watchdog has been checked: 0 passed
05.08.2014 04:53:57,088 - INFO  - Watchdog has been checked: 0 passed
05.08.2014 04:55:57,751 - INFO  - Watchdog has been checked: 0 passed
05.08.2014 04:57:57,268 - INFO  - Watchdog has been checked: 0 passed
05.08.2014 04:59:57,179 - INFO  - Watchdog has been checked: 0 passed
05.08.2014 05:01:57,225 - INFO  - Watchdog has been checked: 0 passed
05.08.2014 05:03:57,290 - INFO  - Watchdog has been checked: 0 passed
05.08.2014 05:05:59,095 - INFO  - Watchdog has been checked: 0 passed
05.08.2014 05:07:59,257 - INFO  - Watchdog has been checked: 0 passed
05.08.2014 05:09:59,143 - INFO  - Watchdog has been checked: 0 passed
05.08.2014 05:11:59,175 - INFO  - Watchdog has been checked: 0 passed
05.08.2014 05:13:59,208 - INFO  - Watchdog has been checked: 0 passed
05.08.2014 05:15:59,174 - INFO  - Watchdog has been checked: 0 passed
05.08.2014 05:17:59,203 - INFO  - Watchdog has been checked: 0 passed
05.08.2014 05:19:59,308 - INFO  - Watchdog has been checked: 0 passed
05.08.2014 05:21:59,354 - INFO  - Watchdog has been checked: 0 passed
05.08.2014 05:23:59,211 - INFO  - Watchdog has been checked: 0 passed
05.08.2014 05:25:59,421 - INFO  - Watchdog has been checked: 0 passed
05.08.2014 05:27:59,400 - INFO  - Watchdog has been checked: 0 passed
05.08.2014 05:29:59,247 - INFO  - Watchdog has been checked: 0 passed
05.08.2014 05:31:59,448 - INFO  - Watchdog has been checked: 0 passed
05.08.2014 05:33:59,362 - INFO  - Watchdog has been checked: 0 passed
05.08.2014 05:35:59,311 - INFO  - Watchdog has been checked: 0 passed
05.08.2014 05:37:59,272 - INFO  - Watchdog has been checked: 0 passed
05.08.2014 05:39:59,225 - INFO  - Watchdog has been checked: 0 passed
05.08.2014 05:41:59,253 - INFO  - Watchdog has been checked: 0 passed
05.08.2014 05:43:59,217 - INFO  - Watchdog has been checked: 0 passed
05.08.2014 05:45:59,156 - INFO  - Watchdog has been checked: 0 passed
05.08.2014 05:47:59,385 - INFO  - Watchdog has been checked: 0 passed
05.08.2014 05:49:59,295 - INFO  - Watchdog has been checked: 0 passed
05.08.2014 05:51:59,224 - INFO  - Watchdog has been checked: 0 passed
05.08.2014 05:53:59,317 - INFO  - Watchdog has been checked: 0 passed
05.08.2014 05:55:59,268 - INFO  - Watchdog has been checked: 0 passed
05.08.2014 05:57:59,213 - INFO  - Watchdog has been checked: 0 passed
05.08.2014 05:59:59,208 - INFO  - Watchdog has been checked: 0 passed
05.08.2014 06:01:59,165 - INFO  - Watchdog has been checked: 0 passed
05.08.2014 06:03:59,300 - INFO  - Watchdog has been checked: 0 passed
05.08.2014 06:05:59,274 - INFO  - Watchdog has been checked: 0 passed
05.08.2014 06:07:59,149 - INFO  - Watchdog has been checked: 0 passed
05.08.2014 06:09:59,180 - INFO  - Watchdog has been checked: 0 passed
05.08.2014 06:11:59,141 - INFO  - Watchdog has been checked: 0 passed
05.08.2014 06:13:59,301 - INFO  - Watchdog has been checked: 0 passed
05.08.2014 06:15:02,309 - INFO  - mapping file sync started
05.08.2014 06:15:03,534 - INFO  - file successfully updated
05.08.2014 06:15:59,112 - INFO  - Watchdog has been checked: 0 passed
05.08.2014 06:17:59,218 - INFO  - Watchdog has been checked: 0 passed
05.08.2014 06:19:59,230 - INFO  - Watchdog has been checked: 0 passed
05.08.2014 06:21:59,188 - INFO  - Watchdog has been checked: 0 passed
05.08.2014 06:23:59,325 - INFO  - Watchdog has been checked: 0 passed
05.08.2014 06:25:59,334 - INFO  - Watchdog has been checked: 0 passed
05.08.2014 06:27:59,231 - INFO  - Watchdog has been checked: 0 passed
05.08.2014 06:29:59,229 - INFO  - Watchdog has been checked: 0 passed
05.08.2014 06:31:59,167 - INFO  - Watchdog has been checked: 0 passed
05.08.2014 06:33:59,399 - INFO  - Watchdog has been checked: 0 passed
05.08.2014 06:35:59,180 - INFO  - Watchdog has been checked: 0 passed
05.08.2014 06:37:59,217 - INFO  - Watchdog has been checked: 0 passed
05.08.2014 06:39:59,285 - INFO  - Watchdog has been checked: 0 passed
05.08.2014 06:41:59,396 - INFO  - Watchdog has been checked: 0 passed
05.08.2014 06:43:59,341 - INFO  - Watchdog has been checked: 0 passed
05.08.2014 06:45:59,391 - INFO  - Watchdog has been checked: 0 passed
05.08.2014 06:47:59,266 - INFO  - Watchdog has been checked: 0 passed
05.08.2014 06:49:59,284 - INFO  - Watchdog has been checked: 0 passed
05.08.2014 06:51:59,417 - INFO  - Watchdog has been checked: 0 passed
05.08.2014 06:53:59,468 - INFO  - Watchdog has been checked: 0 passed
05.08.2014 06:55:59,225 - INFO  - Watchdog has been checked: 0 passed
05.08.2014 06:57:59,784 - INFO  - Watchdog has been checked: 0 passed
05.08.2014 06:59:59,501 - INFO  - Watchdog has been checked: 0 passed
05.08.2014 07:01:59,471 - INFO  - Watchdog has been checked: 0 passed
05.08.2014 07:03:59,244 - INFO  - Watchdog has been checked: 0 passed
05.08.2014 07:05:59,262 - INFO  - Watchdog has been checked: 0 passed
05.08.2014 07:07:59,159 - INFO  - Watchdog has been checked: 0 passed
05.08.2014 07:09:59,875 - INFO  - Watchdog has been checked: 0 passed
05.08.2014 07:11:59,167 - INFO  - Watchdog has been checked: 0 passed
05.08.2014 07:13:59,162 - INFO  - Watchdog has been checked: 0 passed
05.08.2014 07:15:01,300 - INFO  - mapping file sync started
05.08.2014 07:15:01,776 - INFO  - file successfully updated
05.08.2014 07:15:59,191 - INFO  - Watchdog has been checked: 0 passed
05.08.2014 07:17:59,084 - INFO  - Watchdog has been checked: 0 passed
05.08.2014 07:19:58,979 - INFO  - Watchdog has been checked: 0 passed
05.08.2014 07:21:58,121 - INFO  - Watchdog has been checked: 0 passed
05.08.2014 07:23:57,889 - INFO  - Watchdog has been checked: 0 passed
05.08.2014 07:25:56,946 - INFO  - Watchdog has been checked: 0 passed
05.08.2014 07:27:56,074 - INFO  - Watchdog has been checked: 0 passed
05.08.2014 07:29:55,964 - INFO  - Watchdog has been checked: 0 passed
05.08.2014 07:31:55,010 - INFO  - Watchdog has been checked: 0 passed
05.08.2014 07:33:54,109 - INFO  - Watchdog has been checked: 0 passed
05.08.2014 07:35:58,046 - INFO  - Watchdog has been checked: 0 passed
05.08.2014 07:37:58,081 - INFO  - Watchdog has been checked: 0 passed
05.08.2014 07:39:57,111 - INFO  - Watchdog has been checked: 0 passed
05.08.2014 07:41:57,137 - INFO  - Watchdog has been checked: 0 passed
05.08.2014 07:43:57,159 - INFO  - Watchdog has been checked: 0 passed
05.08.2014 07:45:57,202 - INFO  - Watchdog has been checked: 0 passed
05.08.2014 07:47:57,220 - INFO  - Watchdog has been checked: 0 passed
05.08.2014 07:49:57,100 - INFO  - Watchdog has been checked: 0 passed
05.08.2014 07:51:56,132 - INFO  - Watchdog has been checked: 0 passed
05.08.2014 07:53:56,228 - INFO  - Watchdog has been checked: 0 passed
05.08.2014 07:55:56,181 - INFO  - Watchdog has been checked: 0 passed
05.08.2014 07:57:56,164 - INFO  - Watchdog has been checked: 0 passed
05.08.2014 07:59:56,380 - INFO  - Watchdog has been checked: 0 passed
05.08.2014 08:01:56,405 - INFO  - Watchdog has been checked: 0 passed
05.08.2014 08:03:56,253 - INFO  - Watchdog has been checked: 0 passed
05.08.2014 08:05:56,197 - INFO  - Watchdog has been checked: 0 passed
05.08.2014 08:07:56,191 - INFO  - Watchdog has been checked: 0 passed
05.08.2014 08:09:56,402 - INFO  - Watchdog has been checked: 0 passed
05.08.2014 08:11:58,373 - INFO  - Watchdog has been checked: 0 passed
05.08.2014 08:13:58,240 - INFO  - Watchdog has been checked: 0 passed
05.08.2014 08:15:58,409 - INFO  - Watchdog has been checked: 0 passed
05.08.2014 08:17:58,347 - INFO  - Watchdog has been checked: 0 passed
05.08.2014 08:19:58,271 - INFO  - Watchdog has been checked: 0 passed
05.08.2014 08:21:58,524 - INFO  - Watchdog has been checked: 0 passed
05.08.2014 08:23:58,393 - INFO  - Watchdog has been checked: 0 passed
05.08.2014 08:25:58,389 - INFO  - Watchdog has been checked: 0 passed
05.08.2014 08:27:58,527 - INFO  - Watchdog has been checked: 0 passed
05.08.2014 08:29:58,495 - INFO  - Watchdog has been checked: 0 passed
05.08.2014 08:31:58,479 - INFO  - Watchdog has been checked: 0 passed
05.08.2014 08:33:58,323 - INFO  - Watchdog has been checked: 0 passed
05.08.2014 08:35:58,533 - INFO  - Watchdog has been checked: 0 passed
05.08.2014 08:37:58,601 - INFO  - Watchdog has been checked: 0 passed
05.08.2014 08:39:58,370 - INFO  - Watchdog has been checked: 0 passed
05.08.2014 08:41:58,525 - INFO  - Watchdog has been checked: 0 passed
05.08.2014 08:43:58,270 - INFO  - Watchdog has been checked: 0 passed
05.08.2014 08:45:58,297 - INFO  - Watchdog has been checked: 0 passed
05.08.2014 08:47:58,335 - INFO  - Watchdog has been checked: 0 passed
05.08.2014 08:49:58,074 - INFO  - Watchdog has been checked: 0 passed
05.08.2014 08:51:58,257 - INFO  - Watchdog has been checked: 0 passed
05.08.2014 08:53:58,063 - INFO  - Watchdog has been checked: 0 passed
05.08.2014 08:55:57,115 - INFO  - Watchdog has been checked: 0 passed
05.08.2014 08:57:55,944 - INFO  - Watchdog has been checked: 0 passed
05.08.2014 08:59:55,017 - INFO  - Watchdog has been checked: 0 passed
05.08.2014 09:01:54,171 - INFO  - Watchdog has been checked: 0 passed
05.08.2014 09:03:57,116 - INFO  - Watchdog has been checked: 0 passed
05.08.2014 09:05:57,107 - INFO  - Watchdog has been checked: 0 passed
05.08.2014 09:07:57,114 - INFO  - Watchdog has been checked: 0 passed
05.08.2014 09:09:56,099 - INFO  - Watchdog has been checked: 0 passed
05.08.2014 09:11:55,060 - INFO  - Watchdog has been checked: 0 passed
05.08.2014 09:13:58,122 - INFO  - Watchdog has been checked: 0 passed
05.08.2014 09:15:58,194 - INFO  - Watchdog has been checked: 0 passed
05.08.2014 09:17:58,283 - INFO  - Watchdog has been checked: 0 passed
05.08.2014 09:19:58,135 - INFO  - Watchdog has been checked: 0 passed
05.08.2014 09:21:57,250 - INFO  - Watchdog has been checked: 0 passed
05.08.2014 09:23:57,315 - INFO  - Watchdog has been checked: 0 passed
05.08.2014 09:25:57,313 - INFO  - Watchdog has been checked: 0 passed
05.08.2014 09:27:57,223 - INFO  - Watchdog has been checked: 0 passed
05.08.2014 09:29:57,236 - INFO  - Watchdog has been checked: 0 passed
05.08.2014 09:31:57,166 - INFO  - Watchdog has been checked: 0 passed
05.08.2014 09:33:57,193 - INFO  - Watchdog has been checked: 0 passed
05.08.2014 09:35:57,300 - INFO  - Watchdog has been checked: 0 passed
05.08.2014 09:37:57,172 - INFO  - Watchdog has been checked: 0 passed
05.08.2014 09:39:57,358 - INFO  - Watchdog has been checked: 0 passed
05.08.2014 09:41:57,429 - INFO  - Watchdog has been checked: 0 passed
05.08.2014 09:43:57,237 - INFO  - Watchdog has been checked: 0 passed
05.08.2014 09:45:57,254 - INFO  - Watchdog has been checked: 0 passed
05.08.2014 09:47:57,408 - INFO  - Watchdog has been checked: 0 passed
05.08.2014 09:49:57,293 - INFO  - Watchdog has been checked: 0 passed
05.08.2014 09:51:57,335 - INFO  - Watchdog has been checked: 0 passed
05.08.2014 09:53:57,368 - INFO  - Watchdog has been checked: 0 passed
05.08.2014 09:55:57,397 - INFO  - Watchdog has been checked: 0 passed
05.08.2014 09:57:57,371 - INFO  - Watchdog has been checked: 0 passed
05.08.2014 09:59:57,236 - INFO  - Watchdog has been checked: 0 passed
05.08.2014 10:01:57,286 - INFO  - Watchdog has been checked: 0 passed
05.08.2014 10:03:57,281 - INFO  - Watchdog has been checked: 0 passed
05.08.2014 10:05:57,307 - INFO  - Watchdog has been checked: 0 passed
05.08.2014 10:07:57,236 - INFO  - Watchdog has been checked: 0 passed
05.08.2014 10:09:57,111 - INFO  - Watchdog has been checked: 0 passed
05.08.2014 10:11:57,163 - INFO  - Watchdog has been checked: 0 passed
05.08.2014 10:13:56,178 - INFO  - Watchdog has been checked: 0 passed
05.08.2014 10:15:56,141 - INFO  - Watchdog has been checked: 0 passed
05.08.2014 10:17:56,184 - INFO  - Watchdog has been checked: 0 passed
05.08.2014 10:19:56,001 - INFO  - Watchdog has been checked: 0 passed
05.08.2014 10:21:55,017 - INFO  - Watchdog has been checked: 0 passed
05.08.2014 10:23:54,120 - INFO  - Watchdog has been checked: 0 passed
05.08.2014 10:25:54,048 - INFO  - Watchdog has been checked: 0 passed
05.08.2014 10:27:53,084 - INFO  - Watchdog has been checked: 0 passed
05.08.2014 10:29:53,217 - INFO  - Watchdog has been checked: 0 passed
05.08.2014 10:31:53,216 - INFO  - Watchdog has been checked: 0 passed
05.08.2014 10:33:53,230 - INFO  - Watchdog has been checked: 0 passed
05.08.2014 10:35:53,158 - INFO  - Watchdog has been checked: 0 passed
05.08.2014 10:37:53,212 - INFO  - Watchdog has been checked: 0 passed
05.08.2014 10:39:53,059 - INFO  - Watchdog has been checked: 0 passed
05.08.2014 10:41:52,371 - INFO  - Watchdog has been checked: 0 passed
05.08.2014 10:43:52,205 - INFO  - Watchdog has been checked: 0 passed
05.08.2014 10:45:52,147 - INFO  - Watchdog has been checked: 0 passed
05.08.2014 10:47:52,128 - INFO  - Watchdog has been checked: 0 passed
05.08.2014 10:49:52,276 - INFO  - Watchdog has been checked: 0 passed
05.08.2014 10:51:52,215 - INFO  - Watchdog has been checked: 0 passed
05.08.2014 10:53:52,119 - INFO  - Watchdog has been checked: 0 passed
05.08.2014 10:55:52,275 - INFO  - Watchdog has been checked: 0 passed
05.08.2014 10:57:52,277 - INFO  - Watchdog has been checked: 0 passed
05.08.2014 10:59:52,184 - INFO  - Watchdog has been checked: 0 passed
05.08.2014 11:01:52,109 - INFO  - Watchdog has been checked: 0 passed
05.08.2014 11:03:52,251 - INFO  - Watchdog has been checked: 0 passed
05.08.2014 11:05:52,197 - INFO  - Watchdog has been checked: 0 passed
05.08.2014 11:07:55,385 - INFO  - Watchdog has been checked: 0 passed
05.08.2014 11:09:55,108 - INFO  - Watchdog has been checked: 0 passed
05.08.2014 11:11:55,263 - INFO  - Watchdog has been checked: 0 passed
05.08.2014 11:13:55,243 - INFO  - Watchdog has been checked: 0 passed
05.08.2014 11:15:55,255 - INFO  - Watchdog has been checked: 0 passed
05.08.2014 11:17:55,301 - INFO  - Watchdog has been checked: 0 passed
05.08.2014 11:19:55,350 - INFO  - Watchdog has been checked: 0 passed
05.08.2014 11:21:55,245 - INFO  - Watchdog has been checked: 0 passed
05.08.2014 11:23:55,381 - INFO  - Watchdog has been checked: 0 passed
05.08.2014 11:25:55,346 - INFO  - Watchdog has been checked: 0 passed
05.08.2014 11:27:55,094 - INFO  - Watchdog has been checked: 0 passed
05.08.2014 11:29:55,112 - INFO  - Watchdog has been checked: 0 passed
05.08.2014 11:31:55,517 - INFO  - Watchdog has been checked: 0 passed
05.08.2014 11:33:55,139 - INFO  - Watchdog has been checked: 0 passed
05.08.2014 11:35:55,212 - INFO  - Watchdog has been checked: 0 passed
05.08.2014 11:37:55,176 - INFO  - Watchdog has been checked: 0 passed
05.08.2014 11:39:55,090 - INFO  - Watchdog has been checked: 0 passed
05.08.2014 11:41:54,388 - INFO  - Watchdog has been checked: 0 passed
05.08.2014 11:43:54,127 - INFO  - Watchdog has been checked: 0 passed
05.08.2014 11:45:54,187 - INFO  - Watchdog has been checked: 0 passed
05.08.2014 11:47:54,494 - INFO  - Watchdog has been checked: 0 passed
05.08.2014 11:49:54,120 - INFO  - Watchdog has been checked: 0 passed
05.08.2014 11:51:54,063 - INFO  - Watchdog has been checked: 0 passed
05.08.2014 11:53:53,049 - INFO  - Watchdog has been checked: 0 passed
05.08.2014 11:55:52,150 - INFO  - Watchdog has been checked: 0 passed
05.08.2014 11:57:52,282 - INFO  - Watchdog has been checked: 0 passed
05.08.2014 11:59:52,079 - INFO  - Watchdog has been checked: 0 passed
05.08.2014 12:01:51,295 - INFO  - Watchdog has been checked: 0 passed
05.08.2014 12:03:51,303 - INFO  - Watchdog has been checked: 0 passed
05.08.2014 12:05:51,180 - INFO  - Watchdog has been checked: 0 passed
05.08.2014 12:07:51,325 - INFO  - Watchdog has been checked: 0 passed
05.08.2014 12:09:55,370 - INFO  - Watchdog has been checked: 0 passed
05.08.2014 12:11:55,307 - INFO  - Watchdog has been checked: 0 passed
05.08.2014 12:13:55,310 - INFO  - Watchdog has been checked: 0 passed
05.08.2014 12:15:55,130 - INFO  - Watchdog has been checked: 0 passed
05.08.2014 12:17:55,280 - INFO  - Watchdog has been checked: 0 passed
05.08.2014 12:19:55,248 - INFO  - Watchdog has been checked: 0 passed
05.08.2014 12:21:55,194 - INFO  - Watchdog has been checked: 0 passed
05.08.2014 12:23:55,137 - INFO  - Watchdog has been checked: 0 passed
05.08.2014 12:25:55,136 - INFO  - Watchdog has been checked: 0 passed
05.08.2014 12:27:55,048 - INFO  - Watchdog has been checked: 0 passed
05.08.2014 12:29:54,301 - INFO  - Watchdog has been checked: 0 passed
05.08.2014 12:31:54,060 - INFO  - Watchdog has been checked: 0 passed
05.08.2014 12:33:53,194 - INFO  - Watchdog has been checked: 0 passed
05.08.2014 12:35:53,005 - INFO  - Watchdog has been checked: 0 passed
05.08.2014 12:37:52,073 - INFO  - Watchdog has been checked: 0 passed
05.08.2014 12:39:51,198 - INFO  - Watchdog has been checked: 0 passed
05.08.2014 12:41:51,340 - INFO  - Watchdog has been checked: 0 passed
05.08.2014 12:43:51,028 - INFO  - Watchdog has been checked: 0 passed
05.08.2014 12:45:50,185 - INFO  - Watchdog has been checked: 0 passed
05.08.2014 12:47:50,184 - INFO  - Watchdog has been checked: 0 passed
05.08.2014 12:49:50,165 - INFO  - Watchdog has been checked: 0 passed
05.08.2014 12:51:50,070 - INFO  - Watchdog has been checked: 0 passed
05.08.2014 12:53:50,132 - INFO  - Watchdog has been checked: 0 passed
05.08.2014 12:55:50,135 - INFO  - Watchdog has been checked: 0 passed
05.08.2014 12:57:50,190 - INFO  - Watchdog has been checked: 0 passed
05.08.2014 12:59:50,262 - INFO  - Watchdog has been checked: 0 passed
05.08.2014 13:01:50,298 - INFO  - Watchdog has been checked: 0 passed
05.08.2014 13:03:50,118 - INFO  - Watchdog has been checked: 0 passed
05.08.2014 13:05:50,300 - INFO  - Watchdog has been checked: 0 passed
05.08.2014 13:07:50,286 - INFO  - Watchdog has been checked: 0 passed
05.08.2014 13:09:50,217 - INFO  - Watchdog has been checked: 0 passed
05.08.2014 13:11:50,168 - INFO  - Watchdog has been checked: 0 passed
05.08.2014 13:13:50,347 - INFO  - Watchdog has been checked: 0 passed
05.08.2014 13:15:50,328 - INFO  - Watchdog has been checked: 0 passed
05.08.2014 13:17:50,242 - INFO  - Watchdog has been checked: 0 passed
05.08.2014 13:19:51,059 - INFO  - Watchdog has been checked: 0 passed
05.08.2014 13:21:50,366 - INFO  - Watchdog has been checked: 0 passed
05.08.2014 13:23:50,209 - INFO  - Watchdog has been checked: 0 passed
05.08.2014 13:25:50,161 - INFO  - Watchdog has been checked: 0 passed
05.08.2014 13:27:50,400 - INFO  - Watchdog has been checked: 0 passed
05.08.2014 13:29:50,337 - INFO  - Watchdog has been checked: 0 passed
05.08.2014 13:31:50,241 - INFO  - Watchdog has been checked: 0 passed
05.08.2014 13:33:50,425 - INFO  - Watchdog has been checked: 0 passed
05.08.2014 13:35:50,419 - INFO  - Watchdog has been checked: 0 passed
05.08.2014 13:37:50,314 - INFO  - Watchdog has been checked: 0 passed
05.08.2014 13:39:50,226 - INFO  - Watchdog has been checked: 0 passed
05.08.2014 13:41:50,134 - INFO  - Watchdog has been checked: 0 passed
05.08.2014 13:43:50,214 - INFO  - Watchdog has been checked: 0 passed
05.08.2014 13:45:50,187 - INFO  - Watchdog has been checked: 0 passed
05.08.2014 13:47:50,165 - INFO  - Watchdog has been checked: 0 passed
05.08.2014 13:49:50,148 - INFO  - Watchdog has been checked: 0 passed
05.08.2014 13:51:50,200 - INFO  - Watchdog has been checked: 0 passed
05.08.2014 13:53:49,227 - INFO  - Watchdog has been checked: 0 passed
05.08.2014 13:55:49,257 - INFO  - Watchdog has been checked: 0 passed
05.08.2014 13:57:49,096 - INFO  - Watchdog has been checked: 0 passed
05.08.2014 13:59:48,095 - INFO  - Watchdog has been checked: 0 passed
05.08.2014 14:01:47,268 - INFO  - Watchdog has been checked: 0 passed
05.08.2014 14:03:47,158 - INFO  - Watchdog has been checked: 0 passed
05.08.2014 14:05:47,154 - INFO  - Watchdog has been checked: 0 passed
05.08.2014 14:07:47,293 - INFO  - Watchdog has been checked: 0 passed
05.08.2014 14:09:47,029 - INFO  - Watchdog has been checked: 0 passed
05.08.2014 14:11:46,192 - INFO  - Watchdog has been checked: 0 passed
05.08.2014 14:13:46,315 - INFO  - Watchdog has been checked: 0 passed
05.08.2014 14:15:46,085 - INFO  - Watchdog has been checked: 0 passed
05.08.2014 14:17:46,250 - INFO  - Watchdog has been checked: 0 passed
05.08.2014 14:19:46,319 - INFO  - Watchdog has been checked: 0 passed
05.08.2014 14:21:46,247 - INFO  - Watchdog has been checked: 0 passed
05.08.2014 14:23:46,287 - INFO  - Watchdog has been checked: 0 passed
05.08.2014 14:25:46,195 - INFO  - Watchdog has been checked: 0 passed
05.08.2014 14:27:46,191 - INFO  - Watchdog has been checked: 0 passed
05.08.2014 14:29:46,240 - INFO  - Watchdog has been checked: 0 passed
05.08.2014 14:31:45,348 - INFO  - Watchdog has been checked: 0 passed
05.08.2014 14:33:45,096 - INFO  - Watchdog has been checked: 0 passed
05.08.2014 14:35:45,249 - INFO  - Watchdog has been checked: 0 passed
05.08.2014 14:37:45,325 - INFO  - Watchdog has been checked: 0 passed
05.08.2014 14:39:45,264 - INFO  - Watchdog has been checked: 0 passed
05.08.2014 14:41:45,029 - INFO  - Watchdog has been checked: 0 passed
05.08.2014 14:43:44,094 - INFO  - Watchdog has been checked: 0 passed
05.08.2014 14:45:44,171 - INFO  - Watchdog has been checked: 0 passed
05.08.2014 14:47:44,219 - INFO  - Watchdog has been checked: 0 passed
05.08.2014 14:49:44,275 - INFO  - Watchdog has been checked: 0 passed
05.08.2014 14:51:44,105 - INFO  - Watchdog has been checked: 0 passed
05.08.2014 14:53:44,180 - INFO  - Watchdog has been checked: 0 passed
05.08.2014 14:55:44,094 - INFO  - Watchdog has been checked: 0 passed
05.08.2014 14:57:44,275 - INFO  - Watchdog has been checked: 0 passed
05.08.2014 14:59:44,232 - INFO  - Watchdog has been checked: 0 passed
05.08.2014 15:01:44,227 - INFO  - Watchdog has been checked: 0 passed
05.08.2014 15:03:44,212 - INFO  - Watchdog has been checked: 0 passed
05.08.2014 15:05:44,285 - INFO  - Watchdog has been checked: 0 passed
05.08.2014 15:07:44,223 - INFO  - Watchdog has been checked: 0 passed
05.08.2014 15:09:44,128 - INFO  - Watchdog has been checked: 0 passed
05.08.2014 15:11:43,154 - INFO  - Watchdog has been checked: 0 passed
05.08.2014 15:13:43,159 - INFO  - Watchdog has been checked: 0 passed
05.08.2014 15:15:43,193 - INFO  - Watchdog has been checked: 0 passed
05.08.2014 15:17:43,078 - INFO  - Watchdog has been checked: 0 passed
05.08.2014 15:19:42,223 - INFO  - Watchdog has been checked: 0 passed
05.08.2014 15:21:42,048 - INFO  - Watchdog has been checked: 0 passed
05.08.2014 15:23:41,110 - INFO  - Watchdog has been checked: 0 passed
05.08.2014 15:25:40,309 - INFO  - Watchdog has been checked: 0 passed
05.08.2014 15:27:40,071 - INFO  - Watchdog has been checked: 0 passed
05.08.2014 15:29:39,112 - INFO  - Watchdog has been checked: 0 passed
05.08.2014 15:31:39,105 - INFO  - Watchdog has been checked: 0 passed
05.08.2014 15:33:20,029 - INFO  - searcher identified --- respT: 35ms, 76999 results, q=, 
05.08.2014 15:33:26,082 - INFO  - searcher identified --- respT: 14ms, 5174 results, q=u, 
05.08.2014 15:33:32,337 - INFO  - searcher identified --- respT: 12ms, 322 results, q=bue, 
05.08.2014 15:33:34,689 - INFO  - searcher identified --- respT: 11ms, 66 results, q=buecklers, 
05.08.2014 15:33:37,372 - INFO  - searcher identified --- respT: 16ms, 43 results, q=buecklers task, 
05.08.2014 15:33:38,185 - INFO  - Watchdog has been checked: 0 passed
05.08.2014 15:33:42,261 - INFO  - searcher identified --- respT: 17ms, 9 results, q=buecklers task alfresco, 
05.08.2014 15:34:22,155 - INFO  - searcher identified --- respT: 26ms, 7 results, date:[NOW-2MONTH TO NOW], q=buecklers task alfresco, 
05.08.2014 15:34:30,079 - INFO  - searcher identified --- respT: 20ms, 6 results, date:[NOW-1MONTH TO NOW], q=buecklers task alfresco, 
05.08.2014 15:35:38,109 - INFO  - Watchdog has been checked: 0 passed
05.08.2014 15:37:37,094 - INFO  - Watchdog has been checked: 0 passed
05.08.2014 15:38:33,555 - INFO  - searcher identified --- respT: 22ms, 6 results, date:[NOW-1MONTH TO NOW], q=buecklers task alfresco, 
05.08.2014 15:39:37,208 - INFO  - Watchdog has been checked: 0 passed
05.08.2014 15:41:37,138 - INFO  - Watchdog has been checked: 0 passed
05.08.2014 15:43:37,102 - INFO  - Watchdog has been checked: 0 passed
05.08.2014 15:45:37,304 - INFO  - Watchdog has been checked: 0 passed
05.08.2014 15:47:37,093 - INFO  - Watchdog has been checked: 0 passed
05.08.2014 15:49:37,090 - INFO  - Watchdog has been checked: 0 passed
05.08.2014 15:51:37,204 - INFO  - Watchdog has been checked: 0 passed
05.08.2014 15:53:37,091 - INFO  - Watchdog has been checked: 0 passed
05.08.2014 15:55:37,226 - INFO  - Watchdog has been checked: 0 passed
05.08.2014 15:57:37,186 - INFO  - Watchdog has been checked: 0 passed
05.08.2014 15:59:37,126 - INFO  - Watchdog has been checked: 0 passed
05.08.2014 16:01:37,065 - INFO  - Watchdog has been checked: 0 passed
05.08.2014 16:03:36,199 - INFO  - Watchdog has been checked: 0 passed
05.08.2014 16:05:36,238 - INFO  - Watchdog has been checked: 0 passed
05.08.2014 16:07:38,181 - INFO  - Watchdog has been checked: 0 passed
05.08.2014 16:09:38,113 - INFO  - Watchdog has been checked: 0 passed
05.08.2014 16:11:38,231 - INFO  - Watchdog has been checked: 0 passed
05.08.2014 16:13:38,162 - INFO  - Watchdog has been checked: 0 passed
05.08.2014 16:15:38,173 - INFO  - Watchdog has been checked: 0 passed
05.08.2014 16:17:38,072 - INFO  - Watchdog has been checked: 0 passed
05.08.2014 16:19:38,135 - INFO  - Watchdog has been checked: 0 passed
05.08.2014 16:21:38,172 - INFO  - Watchdog has been checked: 0 passed
05.08.2014 16:23:38,191 - INFO  - Watchdog has been checked: 0 passed
05.08.2014 16:25:38,174 - INFO  - Watchdog has been checked: 0 passed
05.08.2014 16:27:38,343 - INFO  - Watchdog has been checked: 0 passed
05.08.2014 16:29:38,280 - INFO  - Watchdog has been checked: 0 passed
05.08.2014 16:31:38,173 - INFO  - Watchdog has been checked: 0 passed
05.08.2014 16:33:38,297 - INFO  - Watchdog has been checked: 0 passed
05.08.2014 16:35:38,256 - INFO  - Watchdog has been checked: 0 passed
05.08.2014 16:37:38,257 - INFO  - Watchdog has been checked: 0 passed
05.08.2014 16:39:38,171 - INFO  - Watchdog has been checked: 0 passed
05.08.2014 16:41:38,335 - INFO  - Watchdog has been checked: 0 passed
05.08.2014 16:43:38,243 - INFO  - Watchdog has been checked: 0 passed
05.08.2014 16:45:38,263 - INFO  - Watchdog has been checked: 0 passed
05.08.2014 16:47:38,358 - INFO  - Watchdog has been checked: 0 passed
05.08.2014 16:49:38,374 - INFO  - Watchdog has been checked: 0 passed
05.08.2014 16:51:38,329 - INFO  - Watchdog has been checked: 0 passed
05.08.2014 16:53:38,386 - INFO  - Watchdog has been checked: 0 passed
05.08.2014 16:55:38,199 - INFO  - Watchdog has been checked: 0 passed
05.08.2014 16:57:38,324 - INFO  - Watchdog has been checked: 0 passed
05.08.2014 16:59:38,324 - INFO  - Watchdog has been checked: 0 passed
05.08.2014 17:01:38,254 - INFO  - Watchdog has been checked: 0 passed
05.08.2014 17:03:38,325 - INFO  - Watchdog has been checked: 0 passed
05.08.2014 17:05:38,175 - INFO  - Watchdog has been checked: 0 passed
05.08.2014 17:07:37,212 - INFO  - Watchdog has been checked: 0 passed
05.08.2014 17:09:37,217 - INFO  - Watchdog has been checked: 0 passed
05.08.2014 17:11:37,185 - INFO  - Watchdog has been checked: 0 passed
05.08.2014 17:13:37,194 - INFO  - Watchdog has been checked: 0 passed
05.08.2014 17:15:37,018 - INFO  - Watchdog has been checked: 0 passed
05.08.2014 17:17:36,075 - INFO  - Watchdog has been checked: 0 passed
05.08.2014 17:19:36,042 - INFO  - Watchdog has been checked: 0 passed
05.08.2014 17:21:36,083 - INFO  - Watchdog has been checked: 0 passed
05.08.2014 17:23:36,099 - INFO  - Watchdog has been checked: 0 passed
05.08.2014 17:25:35,926 - INFO  - Watchdog has been checked: 0 passed
05.08.2014 17:27:35,078 - INFO  - Watchdog has been checked: 0 passed
05.08.2014 17:29:35,030 - INFO  - Watchdog has been checked: 0 passed
05.08.2014 17:31:35,129 - INFO  - Watchdog has been checked: 0 passed
05.08.2014 17:33:34,186 - INFO  - Watchdog has been checked: 0 passed
05.08.2014 17:35:34,271 - INFO  - Watchdog has been checked: 0 passed
05.08.2014 17:37:34,201 - INFO  - Watchdog has been checked: 0 passed
05.08.2014 17:39:34,124 - INFO  - Watchdog has been checked: 0 passed
05.08.2014 17:41:34,108 - INFO  - Watchdog has been checked: 0 passed
05.08.2014 17:43:34,170 - INFO  - Watchdog has been checked: 0 passed
05.08.2014 17:45:34,214 - INFO  - Watchdog has been checked: 0 passed
05.08.2014 17:47:34,180 - INFO  - Watchdog has been checked: 0 passed
05.08.2014 17:49:34,380 - INFO  - Watchdog has been checked: 0 passed
05.08.2014 17:51:34,418 - INFO  - Watchdog has been checked: 0 passed
05.08.2014 17:53:34,257 - INFO  - Watchdog has been checked: 0 passed
05.08.2014 17:55:34,163 - INFO  - Watchdog has been checked: 0 passed
05.08.2014 17:57:34,190 - INFO  - Watchdog has been checked: 0 passed
05.08.2014 17:59:34,328 - INFO  - Watchdog has been checked: 0 passed
05.08.2014 18:01:34,238 - INFO  - Watchdog has been checked: 0 passed
05.08.2014 18:03:34,329 - INFO  - Watchdog has been checked: 0 passed
05.08.2014 18:05:34,289 - INFO  - Watchdog has been checked: 0 passed
05.08.2014 18:07:34,333 - INFO  - Watchdog has been checked: 0 passed
05.08.2014 18:09:34,199 - INFO  - Watchdog has been checked: 0 passed
05.08.2014 18:11:35,674 - INFO  - Watchdog has been checked: 0 passed
05.08.2014 18:13:35,310 - INFO  - Watchdog has been checked: 0 passed
05.08.2014 18:15:35,275 - INFO  - Watchdog has been checked: 0 passed
05.08.2014 18:17:35,289 - INFO  - Watchdog has been checked: 0 passed
05.08.2014 18:19:35,195 - INFO  - Watchdog has been checked: 0 passed
05.08.2014 18:21:35,349 - INFO  - Watchdog has been checked: 0 passed
05.08.2014 18:23:35,256 - INFO  - Watchdog has been checked: 0 passed
05.08.2014 18:25:35,261 - INFO  - Watchdog has been checked: 0 passed
05.08.2014 18:27:35,175 - INFO  - Watchdog has been checked: 0 passed
05.08.2014 18:29:35,109 - INFO  - Watchdog has been checked: 0 passed
05.08.2014 18:31:35,466 - INFO  - Watchdog has been checked: 0 passed
05.08.2014 18:33:35,148 - INFO  - Watchdog has been checked: 0 passed
05.08.2014 18:35:35,120 - INFO  - Watchdog has been checked: 0 passed
05.08.2014 18:37:35,130 - INFO  - Watchdog has been checked: 0 passed
05.08.2014 18:39:35,080 - INFO  - Watchdog has been checked: 0 passed
05.08.2014 18:41:35,338 - INFO  - Watchdog has been checked: 0 passed
05.08.2014 18:43:35,116 - INFO  - Watchdog has been checked: 0 passed
05.08.2014 18:45:35,191 - INFO  - Watchdog has been checked: 0 passed
05.08.2014 18:47:35,053 - INFO  - Watchdog has been checked: 0 passed
05.08.2014 18:49:34,044 - INFO  - Watchdog has been checked: 0 passed
05.08.2014 18:51:34,154 - INFO  - Watchdog has been checked: 0 passed
05.08.2014 18:53:34,080 - INFO  - Watchdog has been checked: 0 passed
05.08.2014 18:55:34,077 - INFO  - Watchdog has been checked: 0 passed
05.08.2014 18:57:34,201 - INFO  - Watchdog has been checked: 0 passed
05.08.2014 18:59:34,262 - INFO  - Watchdog has been checked: 0 passed
05.08.2014 19:01:34,121 - INFO  - Watchdog has been checked: 0 passed
05.08.2014 19:03:33,152 - INFO  - Watchdog has been checked: 0 passed
05.08.2014 19:05:33,133 - INFO  - Watchdog has been checked: 0 passed
05.08.2014 19:07:33,150 - INFO  - Watchdog has been checked: 0 passed
05.08.2014 19:09:33,162 - INFO  - Watchdog has been checked: 0 passed
05.08.2014 19:11:33,288 - INFO  - Watchdog has been checked: 0 passed
05.08.2014 19:13:35,355 - INFO  - Watchdog has been checked: 0 passed
05.08.2014 19:15:35,108 - INFO  - Watchdog has been checked: 0 passed
05.08.2014 19:17:35,222 - INFO  - Watchdog has been checked: 0 passed
05.08.2014 19:19:35,319 - INFO  - Watchdog has been checked: 0 passed
05.08.2014 19:21:35,328 - INFO  - Watchdog has been checked: 0 passed
05.08.2014 19:23:35,310 - INFO  - Watchdog has been checked: 0 passed
05.08.2014 19:25:35,196 - INFO  - Watchdog has been checked: 0 passed
05.08.2014 19:27:34,180 - INFO  - Watchdog has been checked: 0 passed
05.08.2014 19:29:34,183 - INFO  - Watchdog has been checked: 0 passed
05.08.2014 19:31:34,387 - INFO  - Watchdog has been checked: 0 passed
05.08.2014 19:33:34,233 - INFO  - Watchdog has been checked: 0 passed
05.08.2014 19:35:34,306 - INFO  - Watchdog has been checked: 0 passed
05.08.2014 19:37:34,422 - INFO  - Watchdog has been checked: 0 passed
05.08.2014 19:39:34,246 - INFO  - Watchdog has been checked: 0 passed
05.08.2014 19:41:34,166 - INFO  - Watchdog has been checked: 0 passed
05.08.2014 19:43:34,218 - INFO  - Watchdog has been checked: 0 passed
05.08.2014 19:45:34,331 - INFO  - Watchdog has been checked: 0 passed
05.08.2014 19:47:34,176 - INFO  - Watchdog has been checked: 0 passed
05.08.2014 19:49:34,316 - INFO  - Watchdog has been checked: 0 passed
05.08.2014 19:51:34,098 - INFO  - Watchdog has been checked: 0 passed
05.08.2014 19:53:34,082 - INFO  - Watchdog has been checked: 0 passed
05.08.2014 19:55:34,148 - INFO  - Watchdog has been checked: 0 passed
05.08.2014 19:57:34,058 - INFO  - Watchdog has been checked: 0 passed
05.08.2014 19:59:33,981 - INFO  - Watchdog has been checked: 0 passed
05.08.2014 20:01:33,991 - INFO  - Watchdog has been checked: 0 passed
05.08.2014 20:03:34,076 - INFO  - Watchdog has been checked: 0 passed
05.08.2014 20:05:34,151 - INFO  - Watchdog has been checked: 0 passed
05.08.2014 20:07:34,190 - INFO  - Watchdog has been checked: 0 passed
05.08.2014 20:09:34,094 - INFO  - Watchdog has been checked: 0 passed
05.08.2014 20:11:33,344 - INFO  - Watchdog has been checked: 0 passed
05.08.2014 20:13:33,078 - INFO  - Watchdog has been checked: 0 passed
05.08.2014 20:15:35,224 - INFO  - Watchdog has been checked: 0 passed
05.08.2014 20:17:35,299 - INFO  - Watchdog has been checked: 0 passed
05.08.2014 20:19:35,075 - INFO  - Watchdog has been checked: 0 passed
05.08.2014 20:21:35,133 - INFO  - Watchdog has been checked: 0 passed
05.08.2014 20:23:35,233 - INFO  - Watchdog has been checked: 0 passed
05.08.2014 20:25:35,392 - INFO  - Watchdog has been checked: 0 passed
05.08.2014 20:27:35,243 - INFO  - Watchdog has been checked: 0 passed
05.08.2014 20:29:35,289 - INFO  - Watchdog has been checked: 0 passed
05.08.2014 20:31:35,096 - INFO  - Watchdog has been checked: 0 passed
05.08.2014 20:33:35,163 - INFO  - Watchdog has been checked: 0 passed
05.08.2014 20:35:35,292 - INFO  - Watchdog has been checked: 0 passed
05.08.2014 20:37:35,289 - INFO  - Watchdog has been checked: 0 passed
05.08.2014 20:39:35,157 - INFO  - Watchdog has been checked: 0 passed
05.08.2014 20:41:34,201 - INFO  - Watchdog has been checked: 0 passed
05.08.2014 20:43:34,216 - INFO  - Watchdog has been checked: 0 passed
05.08.2014 20:45:34,178 - INFO  - Watchdog has been checked: 0 passed
05.08.2014 20:47:34,221 - INFO  - Watchdog has been checked: 0 passed
05.08.2014 20:49:34,168 - INFO  - Watchdog has been checked: 0 passed
05.08.2014 20:51:33,195 - INFO  - Watchdog has been checked: 0 passed
05.08.2014 20:53:32,314 - INFO  - Watchdog has been checked: 0 passed
05.08.2014 20:55:32,226 - INFO  - Watchdog has been checked: 0 passed
05.08.2014 20:57:32,172 - INFO  - Watchdog has been checked: 0 passed
05.08.2014 20:59:31,405 - INFO  - Watchdog has been checked: 0 passed
05.08.2014 21:01:32,099 - INFO  - Watchdog has been checked: 0 passed
05.08.2014 21:03:31,184 - INFO  - Watchdog has been checked: 0 passed
05.08.2014 21:05:31,130 - INFO  - Watchdog has been checked: 0 passed
05.08.2014 21:07:31,393 - INFO  - Watchdog has been checked: 0 passed
05.08.2014 21:09:31,293 - INFO  - Watchdog has been checked: 0 passed
05.08.2014 21:11:31,330 - INFO  - Watchdog has been checked: 0 passed
05.08.2014 21:13:31,374 - INFO  - Watchdog has been checked: 0 passed
05.08.2014 21:15:31,264 - INFO  - Watchdog has been checked: 0 passed
05.08.2014 21:17:35,513 - INFO  - Watchdog has been checked: 0 passed
05.08.2014 21:19:35,261 - INFO  - Watchdog has been checked: 0 passed
05.08.2014 21:21:35,158 - INFO  - Watchdog has been checked: 0 passed
05.08.2014 21:23:35,282 - INFO  - Watchdog has been checked: 0 passed
05.08.2014 21:25:35,247 - INFO  - Watchdog has been checked: 0 passed
05.08.2014 21:27:35,127 - INFO  - Watchdog has been checked: 0 passed
05.08.2014 21:29:35,159 - INFO  - Watchdog has been checked: 0 passed
05.08.2014 21:31:35,153 - INFO  - Watchdog has been checked: 0 passed
05.08.2014 21:33:35,187 - INFO  - Watchdog has been checked: 0 passed
05.08.2014 21:35:35,158 - INFO  - Watchdog has been checked: 0 passed
05.08.2014 21:37:35,377 - INFO  - Watchdog has been checked: 0 passed
05.08.2014 21:39:35,053 - INFO  - Watchdog has been checked: 0 passed
05.08.2014 21:41:35,261 - INFO  - Watchdog has been checked: 0 passed
05.08.2014 21:43:35,090 - INFO  - Watchdog has been checked: 0 passed
05.08.2014 21:45:35,118 - INFO  - Watchdog has been checked: 0 passed
05.08.2014 21:47:35,276 - INFO  - Watchdog has been checked: 0 passed
05.08.2014 21:49:35,098 - INFO  - Watchdog has been checked: 0 passed
05.08.2014 21:51:35,362 - INFO  - Watchdog has been checked: 0 passed
05.08.2014 21:53:35,131 - INFO  - Watchdog has been checked: 0 passed
05.08.2014 21:55:35,180 - INFO  - Watchdog has been checked: 0 passed
05.08.2014 21:57:35,298 - INFO  - Watchdog has been checked: 0 passed
05.08.2014 21:59:35,296 - INFO  - Watchdog has been checked: 0 passed
05.08.2014 22:01:35,222 - INFO  - Watchdog has been checked: 0 passed
05.08.2014 22:03:34,975 - INFO  - Watchdog has been checked: 0 passed
05.08.2014 22:05:35,133 - INFO  - Watchdog has been checked: 0 passed
05.08.2014 22:07:35,244 - INFO  - Watchdog has been checked: 0 passed
05.08.2014 22:09:35,276 - INFO  - Watchdog has been checked: 0 passed
05.08.2014 22:11:35,271 - INFO  - Watchdog has been checked: 0 passed
05.08.2014 22:13:35,351 - INFO  - Watchdog has been checked: 0 passed
05.08.2014 22:15:35,214 - INFO  - Watchdog has been checked: 0 passed
05.08.2014 22:17:35,274 - INFO  - Watchdog has been checked: 0 passed
05.08.2014 22:19:35,259 - INFO  - Watchdog has been checked: 0 passed
05.08.2014 22:21:35,238 - INFO  - Watchdog has been checked: 0 passed
05.08.2014 22:23:35,194 - INFO  - Watchdog has been checked: 0 passed
05.08.2014 22:25:35,238 - INFO  - Watchdog has been checked: 0 passed
05.08.2014 22:27:35,069 - INFO  - Watchdog has been checked: 0 passed
05.08.2014 22:29:35,005 - INFO  - Watchdog has been checked: 0 passed
05.08.2014 22:31:34,022 - INFO  - Watchdog has been checked: 0 passed
05.08.2014 22:33:33,034 - INFO  - Watchdog has been checked: 0 passed
05.08.2014 22:35:32,111 - INFO  - Watchdog has been checked: 0 passed
05.08.2014 22:37:32,031 - INFO  - Watchdog has been checked: 0 passed
05.08.2014 22:39:31,173 - INFO  - Watchdog has been checked: 0 passed
05.08.2014 22:41:31,215 - INFO  - Watchdog has been checked: 0 passed
05.08.2014 22:43:31,389 - INFO  - Watchdog has been checked: 0 passed
05.08.2014 22:45:31,226 - INFO  - Watchdog has been checked: 0 passed
05.08.2014 22:47:31,088 - INFO  - Watchdog has been checked: 0 passed
05.08.2014 22:49:31,026 - INFO  - Watchdog has been checked: 0 passed
05.08.2014 22:51:31,042 - INFO  - Watchdog has been checked: 0 passed
05.08.2014 22:53:31,095 - INFO  - Watchdog has been checked: 0 passed
05.08.2014 22:55:32,113 - INFO  - Watchdog has been checked: 0 passed
05.08.2014 22:57:32,146 - INFO  - Watchdog has been checked: 0 passed
05.08.2014 22:59:32,025 - INFO  - Watchdog has been checked: 0 passed
05.08.2014 23:01:31,318 - INFO  - Watchdog has been checked: 0 passed
05.08.2014 23:03:31,115 - INFO  - Watchdog has been checked: 0 passed
05.08.2014 23:05:31,410 - INFO  - Watchdog has been checked: 0 passed
05.08.2014 23:07:31,186 - INFO  - Watchdog has been checked: 0 passed
05.08.2014 23:09:31,347 - INFO  - Watchdog has been checked: 0 passed
05.08.2014 23:11:31,372 - INFO  - Watchdog has been checked: 0 passed
05.08.2014 23:13:31,205 - INFO  - Watchdog has been checked: 0 passed
05.08.2014 23:15:31,163 - INFO  - Watchdog has been checked: 0 passed
05.08.2014 23:17:31,440 - INFO  - Watchdog has been checked: 0 passed
05.08.2014 23:19:31,367 - INFO  - Watchdog has been checked: 0 passed
05.08.2014 23:21:35,492 - INFO  - Watchdog has been checked: 0 passed
05.08.2014 23:23:35,193 - INFO  - Watchdog has been checked: 0 passed
05.08.2014 23:25:35,146 - INFO  - Watchdog has been checked: 0 passed
05.08.2014 23:27:35,312 - INFO  - Watchdog has been checked: 0 passed
05.08.2014 23:29:35,245 - INFO  - Watchdog has been checked: 0 passed
05.08.2014 23:31:35,450 - INFO  - Watchdog has been checked: 0 passed
05.08.2014 23:33:35,325 - INFO  - Watchdog has been checked: 0 passed
05.08.2014 23:35:35,243 - INFO  - Watchdog has been checked: 0 passed
05.08.2014 23:37:35,196 - INFO  - Watchdog has been checked: 0 passed
05.08.2014 23:39:35,131 - INFO  - Watchdog has been checked: 0 passed
05.08.2014 23:41:35,380 - INFO  - Watchdog has been checked: 0 passed
05.08.2014 23:43:35,167 - INFO  - Watchdog has been checked: 0 passed
05.08.2014 23:45:35,081 - INFO  - Watchdog has been checked: 0 passed
05.08.2014 23:47:34,993 - INFO  - Watchdog has been checked: 0 passed
05.08.2014 23:49:34,952 - INFO  - Watchdog has been checked: 0 passed
05.08.2014 23:51:34,078 - INFO  - Watchdog has been checked: 0 passed
05.08.2014 23:53:34,014 - INFO  - Watchdog has been checked: 0 passed
05.08.2014 23:55:32,973 - INFO  - Watchdog has been checked: 0 passed
05.08.2014 23:57:33,103 - INFO  - Watchdog has been checked: 0 passed
05.08.2014 23:59:33,116 - INFO  - Watchdog has been checked: 0 passed
