22.07.2014 00:01:40,229 - INFO  - Watchdog has been checked: 0 passed
22.07.2014 00:03:40,277 - INFO  - Watchdog has been checked: 0 passed
22.07.2014 00:05:40,298 - INFO  - Watchdog has been checked: 0 passed
22.07.2014 00:07:40,331 - INFO  - Watchdog has been checked: 0 passed
22.07.2014 00:09:40,189 - INFO  - Watchdog has been checked: 0 passed
22.07.2014 00:11:40,196 - INFO  - Watchdog has been checked: 0 passed
22.07.2014 00:13:40,204 - INFO  - Watchdog has been checked: 0 passed
22.07.2014 00:15:40,203 - INFO  - Watchdog has been checked: 0 passed
22.07.2014 00:17:40,248 - INFO  - Watchdog has been checked: 0 passed
22.07.2014 00:19:40,299 - INFO  - Watchdog has been checked: 0 passed
22.07.2014 00:21:40,329 - INFO  - Watchdog has been checked: 0 passed
22.07.2014 00:23:40,365 - INFO  - Watchdog has been checked: 0 passed
22.07.2014 00:25:40,389 - INFO  - Watchdog has been checked: 0 passed
22.07.2014 00:27:40,187 - INFO  - Watchdog has been checked: 0 passed
22.07.2014 00:29:40,233 - INFO  - Watchdog has been checked: 0 passed
22.07.2014 00:31:40,227 - INFO  - Watchdog has been checked: 0 passed
22.07.2014 00:33:40,291 - INFO  - Watchdog has been checked: 0 passed
22.07.2014 00:35:40,325 - INFO  - Watchdog has been checked: 0 passed
22.07.2014 00:37:40,377 - INFO  - Watchdog has been checked: 0 passed
22.07.2014 00:39:40,429 - INFO  - Watchdog has been checked: 0 passed
22.07.2014 00:41:40,392 - INFO  - Watchdog has been checked: 0 passed
22.07.2014 00:43:40,164 - INFO  - Watchdog has been checked: 0 passed
22.07.2014 00:45:40,181 - INFO  - Watchdog has been checked: 0 passed
22.07.2014 00:47:40,243 - INFO  - Watchdog has been checked: 0 passed
22.07.2014 00:49:40,317 - INFO  - Watchdog has been checked: 0 passed
22.07.2014 00:51:40,168 - INFO  - Watchdog has been checked: 0 passed
22.07.2014 00:53:40,198 - INFO  - Watchdog has been checked: 0 passed
22.07.2014 00:55:40,044 - INFO  - Watchdog has been checked: 0 passed
22.07.2014 00:57:39,102 - INFO  - Watchdog has been checked: 0 passed
22.07.2014 00:59:39,094 - INFO  - Watchdog has been checked: 0 passed
22.07.2014 01:01:38,331 - INFO  - Watchdog has been checked: 0 passed
22.07.2014 01:03:38,143 - INFO  - Watchdog has been checked: 0 passed
22.07.2014 01:05:37,130 - INFO  - Watchdog has been checked: 0 passed
22.07.2014 01:07:36,144 - INFO  - Watchdog has been checked: 0 passed
22.07.2014 01:09:37,158 - INFO  - Watchdog has been checked: 0 passed
22.07.2014 01:11:36,271 - INFO  - Watchdog has been checked: 0 passed
22.07.2014 01:13:36,130 - INFO  - Watchdog has been checked: 0 passed
22.07.2014 01:15:36,226 - INFO  - Watchdog has been checked: 0 passed
22.07.2014 01:17:36,271 - INFO  - Watchdog has been checked: 0 passed
22.07.2014 01:19:36,306 - INFO  - Watchdog has been checked: 0 passed
22.07.2014 01:21:36,546 - INFO  - Watchdog has been checked: 0 passed
22.07.2014 01:23:36,123 - INFO  - Watchdog has been checked: 0 passed
22.07.2014 01:25:36,347 - INFO  - Watchdog has been checked: 0 passed
22.07.2014 01:27:36,105 - INFO  - Watchdog has been checked: 0 passed
22.07.2014 01:29:35,180 - INFO  - Watchdog has been checked: 0 passed
22.07.2014 01:31:35,191 - INFO  - Watchdog has been checked: 0 passed
22.07.2014 01:33:35,299 - INFO  - Watchdog has been checked: 0 passed
22.07.2014 01:35:35,312 - INFO  - Watchdog has been checked: 0 passed
22.07.2014 01:37:35,106 - INFO  - Watchdog has been checked: 0 passed
22.07.2014 01:39:34,200 - INFO  - Watchdog has been checked: 0 passed
22.07.2014 01:41:34,392 - INFO  - Watchdog has been checked: 0 passed
22.07.2014 01:43:34,184 - INFO  - Watchdog has been checked: 0 passed
22.07.2014 01:45:34,294 - INFO  - Watchdog has been checked: 0 passed
22.07.2014 01:47:37,225 - INFO  - Watchdog has been checked: 0 passed
22.07.2014 01:49:37,373 - INFO  - Watchdog has been checked: 0 passed
22.07.2014 01:51:38,713 - INFO  - Watchdog has been checked: 0 passed
22.07.2014 01:53:38,181 - INFO  - Watchdog has been checked: 0 passed
22.07.2014 01:55:38,323 - INFO  - Watchdog has been checked: 0 passed
22.07.2014 01:57:38,330 - INFO  - Watchdog has been checked: 0 passed
22.07.2014 01:59:38,399 - INFO  - Watchdog has been checked: 0 passed
22.07.2014 02:01:39,733 - INFO  - Watchdog has been checked: 0 passed
22.07.2014 02:03:39,249 - INFO  - Watchdog has been checked: 0 passed
22.07.2014 02:05:39,248 - INFO  - Watchdog has been checked: 0 passed
22.07.2014 02:07:39,245 - INFO  - Watchdog has been checked: 0 passed
22.07.2014 02:09:39,304 - INFO  - Watchdog has been checked: 0 passed
22.07.2014 02:11:40,050 - INFO  - Watchdog has been checked: 0 passed
22.07.2014 02:13:39,134 - INFO  - Watchdog has been checked: 0 passed
22.07.2014 02:15:39,255 - INFO  - Watchdog has been checked: 0 passed
22.07.2014 02:17:39,016 - INFO  - Watchdog has been checked: 0 passed
22.07.2014 02:19:38,014 - INFO  - Watchdog has been checked: 0 passed
22.07.2014 02:21:37,966 - INFO  - Watchdog has been checked: 0 passed
22.07.2014 02:23:37,065 - INFO  - Watchdog has been checked: 0 passed
22.07.2014 02:25:36,047 - INFO  - Watchdog has been checked: 0 passed
22.07.2014 02:27:35,238 - INFO  - Watchdog has been checked: 0 passed
22.07.2014 02:29:35,229 - INFO  - Watchdog has been checked: 0 passed
22.07.2014 02:31:35,223 - INFO  - Watchdog has been checked: 0 passed
22.07.2014 02:33:35,111 - INFO  - Watchdog has been checked: 0 passed
22.07.2014 02:35:35,072 - INFO  - Watchdog has been checked: 0 passed
22.07.2014 02:37:35,150 - INFO  - Watchdog has been checked: 0 passed
22.07.2014 02:39:35,217 - INFO  - Watchdog has been checked: 0 passed
22.07.2014 02:41:35,219 - INFO  - Watchdog has been checked: 0 passed
22.07.2014 02:43:35,237 - INFO  - Watchdog has been checked: 0 passed
22.07.2014 02:45:35,253 - INFO  - Watchdog has been checked: 0 passed
22.07.2014 02:47:35,247 - INFO  - Watchdog has been checked: 0 passed
22.07.2014 02:49:37,391 - INFO  - Watchdog has been checked: 0 passed
22.07.2014 02:51:37,510 - INFO  - Watchdog has been checked: 0 passed
22.07.2014 02:53:37,198 - INFO  - Watchdog has been checked: 0 passed
22.07.2014 02:55:37,259 - INFO  - Watchdog has been checked: 0 passed
22.07.2014 02:57:37,311 - INFO  - Watchdog has been checked: 0 passed
22.07.2014 02:59:37,422 - INFO  - Watchdog has been checked: 0 passed
22.07.2014 03:01:38,210 - INFO  - Watchdog has been checked: 0 passed
22.07.2014 03:03:38,182 - INFO  - Watchdog has been checked: 0 passed
22.07.2014 03:05:37,235 - INFO  - Watchdog has been checked: 0 passed
22.07.2014 03:07:37,285 - INFO  - Watchdog has been checked: 0 passed
22.07.2014 03:09:37,365 - INFO  - Watchdog has been checked: 0 passed
22.07.2014 03:11:37,857 - INFO  - Watchdog has been checked: 0 passed
22.07.2014 03:13:37,499 - INFO  - Watchdog has been checked: 0 passed
22.07.2014 03:15:37,412 - INFO  - Watchdog has been checked: 0 passed
22.07.2014 03:17:37,407 - INFO  - Watchdog has been checked: 0 passed
22.07.2014 03:19:37,304 - INFO  - Watchdog has been checked: 0 passed
22.07.2014 03:21:38,294 - INFO  - Watchdog has been checked: 0 passed
22.07.2014 03:23:38,236 - INFO  - Watchdog has been checked: 0 passed
22.07.2014 03:25:38,327 - INFO  - Watchdog has been checked: 0 passed
22.07.2014 03:27:38,267 - INFO  - Watchdog has been checked: 0 passed
22.07.2014 03:29:38,357 - INFO  - Watchdog has been checked: 0 passed
22.07.2014 03:31:39,083 - INFO  - Watchdog has been checked: 0 passed
22.07.2014 03:33:38,132 - INFO  - Watchdog has been checked: 0 passed
22.07.2014 03:35:37,174 - INFO  - Watchdog has been checked: 0 passed
22.07.2014 03:37:37,146 - INFO  - Watchdog has been checked: 0 passed
22.07.2014 03:39:36,204 - INFO  - Watchdog has been checked: 0 passed
22.07.2014 03:41:36,432 - INFO  - Watchdog has been checked: 0 passed
22.07.2014 03:43:36,324 - INFO  - Watchdog has been checked: 0 passed
22.07.2014 03:45:37,206 - INFO  - Watchdog has been checked: 0 passed
22.07.2014 03:47:37,290 - INFO  - Watchdog has been checked: 0 passed
22.07.2014 03:49:37,205 - INFO  - Watchdog has been checked: 0 passed
22.07.2014 03:51:38,309 - INFO  - Watchdog has been checked: 0 passed
22.07.2014 03:53:38,217 - INFO  - Watchdog has been checked: 0 passed
22.07.2014 03:55:38,246 - INFO  - Watchdog has been checked: 0 passed
22.07.2014 03:57:38,267 - INFO  - Watchdog has been checked: 0 passed
22.07.2014 03:59:38,125 - INFO  - Watchdog has been checked: 0 passed
22.07.2014 04:01:38,120 - INFO  - Watchdog has been checked: 0 passed
22.07.2014 04:03:38,137 - INFO  - Watchdog has been checked: 0 passed
22.07.2014 04:05:38,163 - INFO  - Watchdog has been checked: 0 passed
22.07.2014 04:07:38,160 - INFO  - Watchdog has been checked: 0 passed
22.07.2014 04:09:38,243 - INFO  - Watchdog has been checked: 0 passed
22.07.2014 04:11:38,194 - INFO  - Watchdog has been checked: 0 passed
22.07.2014 04:13:38,271 - INFO  - Watchdog has been checked: 0 passed
22.07.2014 04:15:39,594 - INFO  - Watchdog has been checked: 0 passed
22.07.2014 04:17:39,100 - INFO  - Watchdog has been checked: 0 passed
22.07.2014 04:19:39,186 - INFO  - Watchdog has been checked: 0 passed
22.07.2014 04:21:40,683 - INFO  - Watchdog has been checked: 0 passed
22.07.2014 04:23:40,217 - INFO  - Watchdog has been checked: 0 passed
22.07.2014 04:25:40,291 - INFO  - Watchdog has been checked: 0 passed
22.07.2014 04:27:40,289 - INFO  - Watchdog has been checked: 0 passed
22.07.2014 04:29:40,126 - INFO  - Watchdog has been checked: 0 passed
22.07.2014 04:31:41,550 - INFO  - Watchdog has been checked: 0 passed
22.07.2014 04:33:41,128 - INFO  - Watchdog has been checked: 0 passed
22.07.2014 04:35:41,186 - INFO  - Watchdog has been checked: 0 passed
22.07.2014 04:37:41,173 - INFO  - Watchdog has been checked: 0 passed
22.07.2014 04:39:41,276 - INFO  - Watchdog has been checked: 0 passed
22.07.2014 04:41:41,290 - INFO  - Watchdog has been checked: 0 passed
22.07.2014 04:43:41,289 - INFO  - Watchdog has been checked: 0 passed
22.07.2014 04:45:41,059 - INFO  - Watchdog has been checked: 0 passed
22.07.2014 04:47:40,328 - INFO  - Watchdog has been checked: 0 passed
22.07.2014 04:49:40,164 - INFO  - Watchdog has been checked: 0 passed
22.07.2014 04:51:41,632 - INFO  - Watchdog has been checked: 0 passed
22.07.2014 04:53:41,217 - INFO  - Watchdog has been checked: 0 passed
22.07.2014 04:55:41,284 - INFO  - Watchdog has been checked: 0 passed
22.07.2014 04:57:41,283 - INFO  - Watchdog has been checked: 0 passed
22.07.2014 04:59:41,134 - INFO  - Watchdog has been checked: 0 passed
22.07.2014 05:01:41,304 - INFO  - Watchdog has been checked: 0 passed
22.07.2014 05:03:41,151 - INFO  - Watchdog has been checked: 0 passed
22.07.2014 05:05:41,178 - INFO  - Watchdog has been checked: 0 passed
22.07.2014 05:07:41,186 - INFO  - Watchdog has been checked: 0 passed
22.07.2014 05:09:41,351 - INFO  - Watchdog has been checked: 0 passed
22.07.2014 05:11:41,384 - INFO  - Watchdog has been checked: 0 passed
22.07.2014 05:13:41,212 - INFO  - Watchdog has been checked: 0 passed
22.07.2014 05:15:41,311 - INFO  - Watchdog has been checked: 0 passed
22.07.2014 05:17:41,333 - INFO  - Watchdog has been checked: 0 passed
22.07.2014 05:19:41,414 - INFO  - Watchdog has been checked: 0 passed
22.07.2014 05:21:41,386 - INFO  - Watchdog has been checked: 0 passed
22.07.2014 05:23:41,227 - INFO  - Watchdog has been checked: 0 passed
22.07.2014 05:25:41,277 - INFO  - Watchdog has been checked: 0 passed
22.07.2014 05:27:41,277 - INFO  - Watchdog has been checked: 0 passed
22.07.2014 05:29:41,132 - INFO  - Watchdog has been checked: 0 passed
22.07.2014 05:31:40,289 - INFO  - Watchdog has been checked: 0 passed
22.07.2014 05:33:40,153 - INFO  - Watchdog has been checked: 0 passed
22.07.2014 05:35:40,165 - INFO  - Watchdog has been checked: 0 passed
22.07.2014 05:37:40,168 - INFO  - Watchdog has been checked: 0 passed
22.07.2014 05:39:40,264 - INFO  - Watchdog has been checked: 0 passed
22.07.2014 05:41:40,514 - INFO  - Watchdog has been checked: 0 passed
22.07.2014 05:43:40,298 - INFO  - Watchdog has been checked: 0 passed
22.07.2014 05:45:40,072 - INFO  - Watchdog has been checked: 0 passed
22.07.2014 05:47:40,068 - INFO  - Watchdog has been checked: 0 passed
22.07.2014 05:49:39,192 - INFO  - Watchdog has been checked: 0 passed
22.07.2014 05:51:39,212 - INFO  - Watchdog has been checked: 0 passed
22.07.2014 05:53:39,349 - INFO  - Watchdog has been checked: 0 passed
22.07.2014 05:55:39,278 - INFO  - Watchdog has been checked: 0 passed
22.07.2014 05:57:39,281 - INFO  - Watchdog has been checked: 0 passed
22.07.2014 05:59:39,135 - INFO  - Watchdog has been checked: 0 passed
22.07.2014 06:01:38,136 - INFO  - Watchdog has been checked: 0 passed
22.07.2014 06:03:38,189 - INFO  - Watchdog has been checked: 0 passed
22.07.2014 06:05:38,213 - INFO  - Watchdog has been checked: 0 passed
22.07.2014 06:07:38,236 - INFO  - Watchdog has been checked: 0 passed
22.07.2014 06:09:38,091 - INFO  - Watchdog has been checked: 0 passed
22.07.2014 06:11:37,300 - INFO  - Watchdog has been checked: 0 passed
22.07.2014 06:13:37,085 - INFO  - Watchdog has been checked: 0 passed
22.07.2014 06:15:01,251 - INFO  - mapping file sync started
22.07.2014 06:15:01,969 - INFO  - file successfully updated
22.07.2014 06:15:37,168 - INFO  - Watchdog has been checked: 0 passed
22.07.2014 06:17:37,201 - INFO  - Watchdog has been checked: 0 passed
22.07.2014 06:19:39,309 - INFO  - Watchdog has been checked: 0 passed
22.07.2014 06:21:39,112 - INFO  - Watchdog has been checked: 0 passed
22.07.2014 06:23:38,169 - INFO  - Watchdog has been checked: 0 passed
22.07.2014 06:25:38,182 - INFO  - Watchdog has been checked: 0 passed
22.07.2014 06:27:38,204 - INFO  - Watchdog has been checked: 0 passed
22.07.2014 06:29:38,295 - INFO  - Watchdog has been checked: 0 passed
22.07.2014 06:31:38,306 - INFO  - Watchdog has been checked: 0 passed
22.07.2014 06:33:38,361 - INFO  - Watchdog has been checked: 0 passed
22.07.2014 06:35:38,154 - INFO  - Watchdog has been checked: 0 passed
22.07.2014 06:37:38,132 - INFO  - Watchdog has been checked: 0 passed
22.07.2014 06:39:38,230 - INFO  - Watchdog has been checked: 0 passed
22.07.2014 06:41:38,267 - INFO  - Watchdog has been checked: 0 passed
22.07.2014 06:43:38,266 - INFO  - Watchdog has been checked: 0 passed
22.07.2014 06:45:38,332 - INFO  - Watchdog has been checked: 0 passed
22.07.2014 06:47:38,290 - INFO  - Watchdog has been checked: 0 passed
22.07.2014 06:49:38,158 - INFO  - Watchdog has been checked: 0 passed
22.07.2014 06:51:39,156 - INFO  - Watchdog has been checked: 0 passed
22.07.2014 06:53:39,202 - INFO  - Watchdog has been checked: 0 passed
22.07.2014 06:55:39,274 - INFO  - Watchdog has been checked: 0 passed
22.07.2014 06:57:39,319 - INFO  - Watchdog has been checked: 0 passed
22.07.2014 06:59:39,184 - INFO  - Watchdog has been checked: 0 passed
22.07.2014 07:01:40,020 - INFO  - Watchdog has been checked: 0 passed
22.07.2014 07:03:39,216 - INFO  - Watchdog has been checked: 0 passed
22.07.2014 07:05:39,264 - INFO  - Watchdog has been checked: 0 passed
22.07.2014 07:07:39,256 - INFO  - Watchdog has been checked: 0 passed
22.07.2014 07:09:39,319 - INFO  - Watchdog has been checked: 0 passed
22.07.2014 07:11:39,375 - INFO  - Watchdog has been checked: 0 passed
22.07.2014 07:13:39,164 - INFO  - Watchdog has been checked: 0 passed
22.07.2014 07:15:01,205 - INFO  - mapping file sync started
22.07.2014 07:15:01,725 - INFO  - file successfully updated
22.07.2014 07:15:39,198 - INFO  - Watchdog has been checked: 0 passed
22.07.2014 07:17:39,211 - INFO  - Watchdog has been checked: 0 passed
22.07.2014 07:19:39,031 - INFO  - Watchdog has been checked: 0 passed
22.07.2014 07:21:39,433 - INFO  - Watchdog has been checked: 0 passed
22.07.2014 07:23:39,093 - INFO  - Watchdog has been checked: 0 passed
22.07.2014 07:25:39,161 - INFO  - Watchdog has been checked: 0 passed
22.07.2014 07:27:39,168 - INFO  - Watchdog has been checked: 0 passed
22.07.2014 07:29:39,272 - INFO  - Watchdog has been checked: 0 passed
22.07.2014 07:31:40,226 - INFO  - Watchdog has been checked: 0 passed
22.07.2014 07:33:40,317 - INFO  - Watchdog has been checked: 0 passed
22.07.2014 07:35:40,145 - INFO  - Watchdog has been checked: 0 passed
22.07.2014 07:37:40,101 - INFO  - Watchdog has been checked: 0 passed
22.07.2014 07:39:39,214 - INFO  - Watchdog has been checked: 0 passed
22.07.2014 07:41:39,589 - INFO  - Watchdog has been checked: 0 passed
22.07.2014 07:43:39,217 - INFO  - Watchdog has been checked: 0 passed
22.07.2014 07:45:39,260 - INFO  - Watchdog has been checked: 0 passed
22.07.2014 07:47:39,255 - INFO  - Watchdog has been checked: 0 passed
22.07.2014 07:49:39,325 - INFO  - Watchdog has been checked: 0 passed
22.07.2014 07:51:39,721 - INFO  - Watchdog has been checked: 0 passed
22.07.2014 07:53:39,105 - INFO  - Watchdog has been checked: 0 passed
22.07.2014 07:55:39,150 - INFO  - Watchdog has been checked: 0 passed
22.07.2014 07:57:38,238 - INFO  - Watchdog has been checked: 0 passed
22.07.2014 07:59:39,121 - INFO  - Watchdog has been checked: 0 passed
22.07.2014 08:01:38,130 - INFO  - Watchdog has been checked: 0 passed
22.07.2014 08:03:37,214 - INFO  - Watchdog has been checked: 0 passed
22.07.2014 08:05:37,243 - INFO  - Watchdog has been checked: 0 passed
22.07.2014 08:07:37,211 - INFO  - Watchdog has been checked: 0 passed
22.07.2014 08:09:37,056 - INFO  - Watchdog has been checked: 0 passed
22.07.2014 08:11:36,070 - INFO  - Watchdog has been checked: 0 passed
22.07.2014 08:13:35,340 - INFO  - Watchdog has been checked: 0 passed
22.07.2014 08:15:35,200 - INFO  - Watchdog has been checked: 0 passed
22.07.2014 08:17:35,209 - INFO  - Watchdog has been checked: 0 passed
22.07.2014 08:19:35,282 - INFO  - Watchdog has been checked: 0 passed
22.07.2014 08:21:35,291 - INFO  - Watchdog has been checked: 0 passed
22.07.2014 08:23:39,459 - INFO  - Watchdog has been checked: 0 passed
22.07.2014 08:25:39,183 - INFO  - Watchdog has been checked: 0 passed
22.07.2014 08:27:39,167 - INFO  - Watchdog has been checked: 0 passed
22.07.2014 08:29:39,298 - INFO  - Watchdog has been checked: 0 passed
22.07.2014 08:31:39,279 - INFO  - Watchdog has been checked: 0 passed
22.07.2014 08:33:39,251 - INFO  - Watchdog has been checked: 0 passed
22.07.2014 08:35:39,150 - INFO  - Watchdog has been checked: 0 passed
22.07.2014 08:37:39,133 - INFO  - Watchdog has been checked: 0 passed
22.07.2014 08:39:39,196 - INFO  - Watchdog has been checked: 0 passed
22.07.2014 08:41:39,191 - INFO  - Watchdog has been checked: 0 passed
22.07.2014 08:43:39,303 - INFO  - Watchdog has been checked: 0 passed
22.07.2014 08:45:39,238 - INFO  - Watchdog has been checked: 0 passed
22.07.2014 08:47:39,348 - INFO  - Watchdog has been checked: 0 passed
22.07.2014 08:49:39,077 - INFO  - Watchdog has been checked: 0 passed
22.07.2014 08:51:39,122 - INFO  - Watchdog has been checked: 0 passed
22.07.2014 08:53:39,275 - INFO  - Watchdog has been checked: 0 passed
22.07.2014 08:55:39,211 - INFO  - Watchdog has been checked: 0 passed
22.07.2014 08:57:39,210 - INFO  - Watchdog has been checked: 0 passed
22.07.2014 08:59:39,296 - INFO  - Watchdog has been checked: 0 passed
22.07.2014 09:01:39,501 - INFO  - Watchdog has been checked: 0 passed
22.07.2014 09:03:39,208 - INFO  - Watchdog has been checked: 0 passed
22.07.2014 09:05:39,170 - INFO  - Watchdog has been checked: 0 passed
22.07.2014 09:07:39,192 - INFO  - Watchdog has been checked: 0 passed
22.07.2014 09:09:39,269 - INFO  - Watchdog has been checked: 0 passed
22.07.2014 09:11:39,211 - INFO  - Watchdog has been checked: 0 passed
22.07.2014 09:13:39,196 - INFO  - Watchdog has been checked: 0 passed
22.07.2014 09:15:39,250 - INFO  - Watchdog has been checked: 0 passed
22.07.2014 09:17:39,146 - INFO  - Watchdog has been checked: 0 passed
22.07.2014 09:19:39,246 - INFO  - Watchdog has been checked: 0 passed
22.07.2014 09:21:39,266 - INFO  - Watchdog has been checked: 0 passed
22.07.2014 09:23:39,251 - INFO  - Watchdog has been checked: 0 passed
22.07.2014 09:25:39,703 - INFO  - Watchdog has been checked: 0 passed
22.07.2014 09:27:39,106 - INFO  - Watchdog has been checked: 0 passed
22.07.2014 09:29:38,212 - INFO  - Watchdog has been checked: 0 passed
22.07.2014 09:31:39,040 - INFO  - Watchdog has been checked: 0 passed
22.07.2014 09:33:39,220 - INFO  - Watchdog has been checked: 0 passed
22.07.2014 09:35:39,155 - INFO  - Watchdog has been checked: 0 passed
22.07.2014 09:37:39,103 - INFO  - Watchdog has been checked: 0 passed
22.07.2014 09:39:39,097 - INFO  - Watchdog has been checked: 0 passed
22.07.2014 09:41:39,413 - INFO  - Watchdog has been checked: 0 passed
22.07.2014 09:43:39,207 - INFO  - Watchdog has been checked: 0 passed
22.07.2014 09:45:39,271 - INFO  - Watchdog has been checked: 0 passed
22.07.2014 09:47:39,316 - INFO  - Watchdog has been checked: 0 passed
22.07.2014 09:49:39,195 - INFO  - Watchdog has been checked: 0 passed
22.07.2014 09:51:39,436 - INFO  - Watchdog has been checked: 0 passed
22.07.2014 09:53:39,521 - INFO  - Watchdog has been checked: 0 passed
22.07.2014 09:55:39,149 - INFO  - Watchdog has been checked: 0 passed
22.07.2014 09:57:39,257 - INFO  - Watchdog has been checked: 0 passed
22.07.2014 09:59:39,124 - INFO  - Watchdog has been checked: 0 passed
22.07.2014 10:01:39,968 - INFO  - Watchdog has been checked: 0 passed
22.07.2014 10:03:39,185 - INFO  - Watchdog has been checked: 0 passed
22.07.2014 10:05:39,221 - INFO  - Watchdog has been checked: 0 passed
22.07.2014 10:07:39,243 - INFO  - Watchdog has been checked: 0 passed
22.07.2014 10:09:39,095 - INFO  - Watchdog has been checked: 0 passed
22.07.2014 10:11:39,765 - INFO  - Watchdog has been checked: 0 passed
22.07.2014 10:13:39,149 - INFO  - Watchdog has been checked: 0 passed
22.07.2014 10:15:39,195 - INFO  - Watchdog has been checked: 0 passed
22.07.2014 10:17:39,237 - INFO  - Watchdog has been checked: 0 passed
22.07.2014 10:19:39,102 - INFO  - Watchdog has been checked: 0 passed
22.07.2014 10:21:39,586 - INFO  - Watchdog has been checked: 0 passed
22.07.2014 10:23:39,173 - INFO  - Watchdog has been checked: 0 passed
22.07.2014 10:25:39,198 - INFO  - Watchdog has been checked: 0 passed
22.07.2014 10:27:39,187 - INFO  - Watchdog has been checked: 0 passed
22.07.2014 10:29:39,101 - INFO  - Watchdog has been checked: 0 passed
22.07.2014 10:31:39,359 - INFO  - Watchdog has been checked: 0 passed
22.07.2014 10:33:39,183 - INFO  - Watchdog has been checked: 0 passed
22.07.2014 10:35:38,165 - INFO  - Watchdog has been checked: 0 passed
22.07.2014 10:37:38,144 - INFO  - Watchdog has been checked: 0 passed
22.07.2014 10:39:38,305 - INFO  - Watchdog has been checked: 0 passed
22.07.2014 10:41:38,539 - INFO  - Watchdog has been checked: 0 passed
22.07.2014 10:43:38,373 - INFO  - Watchdog has been checked: 0 passed
22.07.2014 10:45:38,026 - INFO  - Watchdog has been checked: 0 passed
22.07.2014 10:47:37,096 - INFO  - Watchdog has been checked: 0 passed
22.07.2014 10:49:36,132 - INFO  - Watchdog has been checked: 0 passed
22.07.2014 10:51:36,257 - INFO  - Watchdog has been checked: 0 passed
22.07.2014 10:53:36,038 - INFO  - Watchdog has been checked: 0 passed
22.07.2014 10:55:36,127 - INFO  - Watchdog has been checked: 0 passed
22.07.2014 10:57:35,133 - INFO  - Watchdog has been checked: 0 passed
22.07.2014 10:59:34,190 - INFO  - Watchdog has been checked: 0 passed
22.07.2014 11:01:34,191 - INFO  - Watchdog has been checked: 0 passed
22.07.2014 11:03:34,194 - INFO  - Watchdog has been checked: 0 passed
22.07.2014 11:05:34,230 - INFO  - Watchdog has been checked: 0 passed
22.07.2014 11:07:34,227 - INFO  - Watchdog has been checked: 0 passed
22.07.2014 11:09:34,126 - INFO  - Watchdog has been checked: 0 passed
22.07.2014 11:11:33,111 - INFO  - Watchdog has been checked: 0 passed
22.07.2014 11:13:33,175 - INFO  - Watchdog has been checked: 0 passed
22.07.2014 11:15:33,293 - INFO  - Watchdog has been checked: 0 passed
22.07.2014 11:17:33,281 - INFO  - Watchdog has been checked: 0 passed
22.07.2014 11:19:33,377 - INFO  - Watchdog has been checked: 0 passed
22.07.2014 11:21:33,134 - INFO  - Watchdog has been checked: 0 passed
22.07.2014 11:23:33,195 - INFO  - Watchdog has been checked: 0 passed
22.07.2014 11:25:33,294 - INFO  - Watchdog has been checked: 0 passed
22.07.2014 11:27:33,134 - INFO  - Watchdog has been checked: 0 passed
22.07.2014 11:29:33,160 - INFO  - Watchdog has been checked: 0 passed
22.07.2014 11:31:33,112 - INFO  - Watchdog has been checked: 0 passed
22.07.2014 11:33:33,158 - INFO  - Watchdog has been checked: 0 passed
22.07.2014 11:35:33,236 - INFO  - Watchdog has been checked: 0 passed
22.07.2014 11:37:33,238 - INFO  - Watchdog has been checked: 0 passed
22.07.2014 11:39:33,156 - INFO  - Watchdog has been checked: 0 passed
22.07.2014 11:41:33,210 - INFO  - Watchdog has been checked: 0 passed
22.07.2014 11:43:33,245 - INFO  - Watchdog has been checked: 0 passed
22.07.2014 11:45:33,277 - INFO  - Watchdog has been checked: 0 passed
22.07.2014 11:47:33,147 - INFO  - Watchdog has been checked: 0 passed
22.07.2014 11:49:33,200 - INFO  - Watchdog has been checked: 0 passed
22.07.2014 11:51:33,218 - INFO  - Watchdog has been checked: 0 passed
22.07.2014 11:53:33,269 - INFO  - Watchdog has been checked: 0 passed
22.07.2014 11:55:33,372 - INFO  - Watchdog has been checked: 0 passed
22.07.2014 11:57:33,190 - INFO  - Watchdog has been checked: 0 passed
22.07.2014 11:59:33,232 - INFO  - Watchdog has been checked: 0 passed
22.07.2014 12:01:33,275 - INFO  - Watchdog has been checked: 0 passed
22.07.2014 12:03:33,337 - INFO  - Watchdog has been checked: 0 passed
22.07.2014 12:05:33,370 - INFO  - Watchdog has been checked: 0 passed
22.07.2014 12:07:33,155 - INFO  - Watchdog has been checked: 0 passed
22.07.2014 12:09:32,231 - INFO  - Watchdog has been checked: 0 passed
22.07.2014 12:11:32,386 - INFO  - Watchdog has been checked: 0 passed
22.07.2014 12:13:32,157 - INFO  - Watchdog has been checked: 0 passed
22.07.2014 12:15:32,256 - INFO  - Watchdog has been checked: 0 passed
22.07.2014 12:17:32,385 - INFO  - Watchdog has been checked: 0 passed
22.07.2014 12:19:32,050 - INFO  - Watchdog has been checked: 0 passed
22.07.2014 12:21:31,064 - INFO  - Watchdog has been checked: 0 passed
22.07.2014 12:23:30,089 - INFO  - Watchdog has been checked: 0 passed
22.07.2014 12:25:30,188 - INFO  - Watchdog has been checked: 0 passed
22.07.2014 12:27:29,167 - INFO  - Watchdog has been checked: 0 passed
22.07.2014 12:29:28,211 - INFO  - Watchdog has been checked: 0 passed
22.07.2014 12:31:28,235 - INFO  - Watchdog has been checked: 0 passed
22.07.2014 12:33:28,210 - INFO  - Watchdog has been checked: 0 passed
22.07.2014 12:35:28,110 - INFO  - Watchdog has been checked: 0 passed
22.07.2014 12:37:28,145 - INFO  - Watchdog has been checked: 0 passed
22.07.2014 12:39:28,206 - INFO  - Watchdog has been checked: 0 passed
22.07.2014 12:41:28,201 - INFO  - Watchdog has been checked: 0 passed
22.07.2014 12:43:28,317 - INFO  - Watchdog has been checked: 0 passed
22.07.2014 12:45:28,157 - INFO  - Watchdog has been checked: 0 passed
22.07.2014 12:47:27,303 - INFO  - Watchdog has been checked: 0 passed
22.07.2014 12:49:27,191 - INFO  - Watchdog has been checked: 0 passed
22.07.2014 12:51:27,137 - INFO  - Watchdog has been checked: 0 passed
22.07.2014 12:53:27,210 - INFO  - Watchdog has been checked: 0 passed
22.07.2014 12:55:27,304 - INFO  - Watchdog has been checked: 0 passed
22.07.2014 12:57:29,266 - INFO  - Watchdog has been checked: 0 passed
22.07.2014 12:59:29,152 - INFO  - Watchdog has been checked: 0 passed
22.07.2014 13:01:29,295 - INFO  - Watchdog has been checked: 0 passed
22.07.2014 13:03:29,239 - INFO  - Watchdog has been checked: 0 passed
22.07.2014 13:05:29,332 - INFO  - Watchdog has been checked: 0 passed
22.07.2014 13:07:29,311 - INFO  - Watchdog has been checked: 0 passed
22.07.2014 13:09:29,431 - INFO  - Watchdog has been checked: 0 passed
22.07.2014 13:11:29,285 - INFO  - Watchdog has been checked: 0 passed
22.07.2014 13:13:29,168 - INFO  - Watchdog has been checked: 0 passed
22.07.2014 13:15:29,215 - INFO  - Watchdog has been checked: 0 passed
22.07.2014 13:17:29,135 - INFO  - Watchdog has been checked: 0 passed
22.07.2014 13:19:29,213 - INFO  - Watchdog has been checked: 0 passed
22.07.2014 13:21:29,224 - INFO  - Watchdog has been checked: 0 passed
22.07.2014 13:23:29,264 - INFO  - Watchdog has been checked: 0 passed
22.07.2014 13:25:29,350 - INFO  - Watchdog has been checked: 0 passed
22.07.2014 13:27:29,147 - INFO  - Watchdog has been checked: 0 passed
22.07.2014 13:29:29,268 - INFO  - Watchdog has been checked: 0 passed
22.07.2014 13:31:29,240 - INFO  - Watchdog has been checked: 0 passed
22.07.2014 13:33:29,012 - INFO  - Watchdog has been checked: 0 passed
22.07.2014 13:35:29,321 - INFO  - Watchdog has been checked: 0 passed
22.07.2014 13:37:29,121 - INFO  - Watchdog has been checked: 0 passed
22.07.2014 13:39:28,163 - INFO  - Watchdog has been checked: 0 passed
22.07.2014 13:41:28,127 - INFO  - Watchdog has been checked: 0 passed
22.07.2014 13:43:27,194 - INFO  - Watchdog has been checked: 0 passed
22.07.2014 13:45:27,062 - INFO  - Watchdog has been checked: 0 passed
22.07.2014 13:47:26,041 - INFO  - Watchdog has been checked: 0 passed
22.07.2014 13:49:25,141 - INFO  - Watchdog has been checked: 0 passed
22.07.2014 13:51:25,283 - INFO  - Watchdog has been checked: 0 passed
22.07.2014 13:53:25,197 - INFO  - Watchdog has been checked: 0 passed
22.07.2014 13:55:25,259 - INFO  - Watchdog has been checked: 0 passed
22.07.2014 13:57:25,319 - INFO  - Watchdog has been checked: 0 passed
22.07.2014 13:59:29,317 - INFO  - Watchdog has been checked: 0 passed
22.07.2014 14:01:29,099 - INFO  - Watchdog has been checked: 0 passed
22.07.2014 14:03:28,153 - INFO  - Watchdog has been checked: 0 passed
22.07.2014 14:05:28,257 - INFO  - Watchdog has been checked: 0 passed
22.07.2014 14:07:28,231 - INFO  - Watchdog has been checked: 0 passed
22.07.2014 14:09:28,277 - INFO  - Watchdog has been checked: 0 passed
22.07.2014 14:11:28,079 - INFO  - Watchdog has been checked: 0 passed
22.07.2014 14:13:28,115 - INFO  - Watchdog has been checked: 0 passed
22.07.2014 14:15:28,185 - INFO  - Watchdog has been checked: 0 passed
22.07.2014 14:17:28,222 - INFO  - Watchdog has been checked: 0 passed
22.07.2014 14:19:28,318 - INFO  - Watchdog has been checked: 0 passed
22.07.2014 14:21:28,342 - INFO  - Watchdog has been checked: 0 passed
22.07.2014 14:23:28,098 - INFO  - Watchdog has been checked: 0 passed
22.07.2014 14:25:28,127 - INFO  - Watchdog has been checked: 0 passed
22.07.2014 14:27:28,203 - INFO  - Watchdog has been checked: 0 passed
22.07.2014 14:29:28,263 - INFO  - Watchdog has been checked: 0 passed
22.07.2014 14:30:54,070 - INFO  - searcher identified --- respT: 32ms, 28452 results, q=, 
22.07.2014 14:30:58,109 - INFO  - searcher identified --- respT: 26ms, 88 results, q=ad konzept, 
22.07.2014 14:30:59,037 - INFO  - searcher identified --- respT: 28ms, 88 results, q=ad konzept, 
22.07.2014 14:31:17,575 - INFO  - searcher identified --- respT: 25ms, 44 results, type:topic, q=ad konzept, 
22.07.2014 14:31:22,945 - INFO  - searcher identified --- respT: 19ms, 1 results, type:topic, web:(AIT), q=ad konzept, 
22.07.2014 14:31:28,237 - INFO  - Watchdog has been checked: 0 passed
22.07.2014 14:31:55,671 - INFO  - searcher identified --- respT: 24ms, 2 results, type:topic, web:(AIT), q=code, 
22.07.2014 14:31:56,232 - INFO  - searcher identified --- respT: 24ms, 2 results, type:topic, web:(AIT), q=code, 
22.07.2014 14:33:28,312 - INFO  - Watchdog has been checked: 0 passed
22.07.2014 14:35:28,333 - INFO  - Watchdog has been checked: 0 passed
22.07.2014 14:37:29,498 - INFO  - Watchdog has been checked: 0 passed
22.07.2014 14:39:29,187 - INFO  - Watchdog has been checked: 0 passed
22.07.2014 14:41:29,173 - INFO  - Watchdog has been checked: 0 passed
22.07.2014 14:43:29,248 - INFO  - Watchdog has been checked: 0 passed
22.07.2014 14:45:29,297 - INFO  - Watchdog has been checked: 0 passed
22.07.2014 14:47:29,328 - INFO  - Watchdog has been checked: 0 passed
22.07.2014 14:49:29,334 - INFO  - Watchdog has been checked: 0 passed
22.07.2014 14:51:29,342 - INFO  - Watchdog has been checked: 0 passed
22.07.2014 14:53:29,138 - INFO  - Watchdog has been checked: 0 passed
22.07.2014 14:55:29,170 - INFO  - Watchdog has been checked: 0 passed
22.07.2014 14:57:29,236 - INFO  - Watchdog has been checked: 0 passed
22.07.2014 14:59:29,214 - INFO  - Watchdog has been checked: 0 passed
22.07.2014 15:01:29,465 - INFO  - Watchdog has been checked: 0 passed
22.07.2014 15:03:29,327 - INFO  - Watchdog has been checked: 0 passed
22.07.2014 15:05:29,097 - INFO  - Watchdog has been checked: 0 passed
22.07.2014 15:07:28,124 - INFO  - Watchdog has been checked: 0 passed
22.07.2014 15:09:28,219 - INFO  - Watchdog has been checked: 0 passed
22.07.2014 15:11:28,197 - INFO  - Watchdog has been checked: 0 passed
22.07.2014 15:13:28,252 - INFO  - Watchdog has been checked: 0 passed
22.07.2014 15:15:28,056 - INFO  - Watchdog has been checked: 0 passed
22.07.2014 15:17:27,107 - INFO  - Watchdog has been checked: 0 passed
22.07.2014 15:19:27,299 - INFO  - Watchdog has been checked: 0 passed
22.07.2014 15:21:27,266 - INFO  - Watchdog has been checked: 0 passed
22.07.2014 15:23:27,108 - INFO  - Watchdog has been checked: 0 passed
22.07.2014 15:25:27,243 - INFO  - Watchdog has been checked: 0 passed
22.07.2014 15:27:27,197 - INFO  - Watchdog has been checked: 0 passed
22.07.2014 15:29:27,076 - INFO  - Watchdog has been checked: 0 passed
22.07.2014 15:31:27,090 - INFO  - Watchdog has been checked: 0 passed
22.07.2014 15:33:27,230 - INFO  - Watchdog has been checked: 0 passed
22.07.2014 15:35:27,310 - INFO  - Watchdog has been checked: 0 passed
22.07.2014 15:37:27,251 - INFO  - Watchdog has been checked: 0 passed
22.07.2014 15:39:29,153 - INFO  - Watchdog has been checked: 0 passed
22.07.2014 15:41:29,320 - INFO  - Watchdog has been checked: 0 passed
22.07.2014 15:43:29,224 - INFO  - Watchdog has been checked: 0 passed
22.07.2014 15:45:29,296 - INFO  - Watchdog has been checked: 0 passed
22.07.2014 15:47:29,279 - INFO  - Watchdog has been checked: 0 passed
22.07.2014 15:49:29,130 - INFO  - Watchdog has been checked: 0 passed
22.07.2014 15:51:29,254 - INFO  - Watchdog has been checked: 0 passed
22.07.2014 15:53:29,185 - INFO  - Watchdog has been checked: 0 passed
22.07.2014 15:55:29,274 - INFO  - Watchdog has been checked: 0 passed
22.07.2014 15:57:29,266 - INFO  - Watchdog has been checked: 0 passed
22.07.2014 15:59:29,319 - INFO  - Watchdog has been checked: 0 passed
22.07.2014 16:01:29,353 - INFO  - Watchdog has been checked: 0 passed
22.07.2014 16:03:29,310 - INFO  - Watchdog has been checked: 0 passed
22.07.2014 16:05:29,230 - INFO  - Watchdog has been checked: 0 passed
22.07.2014 16:07:29,236 - INFO  - Watchdog has been checked: 0 passed
22.07.2014 16:09:29,218 - INFO  - Watchdog has been checked: 0 passed
22.07.2014 16:11:29,293 - INFO  - Watchdog has been checked: 0 passed
22.07.2014 16:13:29,316 - INFO  - Watchdog has been checked: 0 passed
22.07.2014 16:15:29,372 - INFO  - Watchdog has been checked: 0 passed
22.07.2014 16:17:29,228 - INFO  - Watchdog has been checked: 0 passed
22.07.2014 16:19:29,206 - INFO  - Watchdog has been checked: 0 passed
22.07.2014 16:21:29,406 - INFO  - Watchdog has been checked: 0 passed
22.07.2014 16:23:29,339 - INFO  - Watchdog has been checked: 0 passed
22.07.2014 16:25:29,109 - INFO  - Watchdog has been checked: 0 passed
22.07.2014 16:27:28,127 - INFO  - Watchdog has been checked: 0 passed
22.07.2014 16:29:27,175 - INFO  - Watchdog has been checked: 0 passed
22.07.2014 16:31:26,284 - INFO  - Watchdog has been checked: 0 passed
22.07.2014 16:33:26,349 - INFO  - Watchdog has been checked: 0 passed
22.07.2014 16:35:26,325 - INFO  - Watchdog has been checked: 0 passed
22.07.2014 16:37:26,207 - INFO  - Watchdog has been checked: 0 passed
22.07.2014 16:39:26,202 - INFO  - Watchdog has been checked: 0 passed
22.07.2014 16:41:26,262 - INFO  - Watchdog has been checked: 0 passed
22.07.2014 16:43:26,292 - INFO  - Watchdog has been checked: 0 passed
22.07.2014 16:45:26,098 - INFO  - Watchdog has been checked: 0 passed
22.07.2014 16:47:26,136 - INFO  - Watchdog has been checked: 0 passed
22.07.2014 16:49:26,246 - INFO  - Watchdog has been checked: 0 passed
22.07.2014 16:51:26,261 - INFO  - Watchdog has been checked: 0 passed
22.07.2014 16:53:26,312 - INFO  - Watchdog has been checked: 0 passed
22.07.2014 16:55:26,124 - INFO  - Watchdog has been checked: 0 passed
22.07.2014 16:57:26,123 - INFO  - Watchdog has been checked: 0 passed
22.07.2014 16:59:26,195 - INFO  - Watchdog has been checked: 0 passed
22.07.2014 17:01:26,169 - INFO  - Watchdog has been checked: 0 passed
22.07.2014 17:03:26,291 - INFO  - Watchdog has been checked: 0 passed
22.07.2014 17:05:29,313 - INFO  - Watchdog has been checked: 0 passed
22.07.2014 17:07:29,151 - INFO  - Watchdog has been checked: 0 passed
22.07.2014 17:09:29,296 - INFO  - Watchdog has been checked: 0 passed
22.07.2014 17:11:29,364 - INFO  - Watchdog has been checked: 0 passed
22.07.2014 17:13:29,107 - INFO  - Watchdog has been checked: 0 passed
22.07.2014 17:15:29,140 - INFO  - Watchdog has been checked: 0 passed
22.07.2014 17:17:29,234 - INFO  - Watchdog has been checked: 0 passed
22.07.2014 17:19:29,138 - INFO  - Watchdog has been checked: 0 passed
22.07.2014 17:21:29,157 - INFO  - Watchdog has been checked: 0 passed
22.07.2014 17:23:29,201 - INFO  - Watchdog has been checked: 0 passed
22.07.2014 17:25:29,086 - INFO  - Watchdog has been checked: 0 passed
22.07.2014 17:27:28,115 - INFO  - Watchdog has been checked: 0 passed
22.07.2014 17:29:28,234 - INFO  - Watchdog has been checked: 0 passed
22.07.2014 17:31:28,281 - INFO  - Watchdog has been checked: 0 passed
22.07.2014 17:33:28,330 - INFO  - Watchdog has been checked: 0 passed
22.07.2014 17:35:28,117 - INFO  - Watchdog has been checked: 0 passed
22.07.2014 17:37:27,133 - INFO  - Watchdog has been checked: 0 passed
22.07.2014 17:39:27,204 - INFO  - Watchdog has been checked: 0 passed
22.07.2014 17:41:27,218 - INFO  - Watchdog has been checked: 0 passed
22.07.2014 17:43:27,303 - INFO  - Watchdog has been checked: 0 passed
22.07.2014 17:45:27,095 - INFO  - Watchdog has been checked: 0 passed
22.07.2014 17:47:26,060 - INFO  - Watchdog has been checked: 0 passed
22.07.2014 17:49:25,221 - INFO  - Watchdog has been checked: 0 passed
22.07.2014 17:51:24,155 - INFO  - Watchdog has been checked: 0 passed
22.07.2014 17:53:23,221 - INFO  - Watchdog has been checked: 0 passed
22.07.2014 17:55:23,273 - INFO  - Watchdog has been checked: 0 passed
22.07.2014 17:57:23,282 - INFO  - Watchdog has been checked: 0 passed
22.07.2014 17:59:23,140 - INFO  - Watchdog has been checked: 0 passed
22.07.2014 18:01:22,147 - INFO  - Watchdog has been checked: 0 passed
22.07.2014 18:03:21,161 - INFO  - Watchdog has been checked: 0 passed
22.07.2014 18:05:20,193 - INFO  - Watchdog has been checked: 0 passed
22.07.2014 18:07:20,227 - INFO  - Watchdog has been checked: 0 passed
22.07.2014 18:09:20,326 - INFO  - Watchdog has been checked: 0 passed
22.07.2014 18:11:20,057 - INFO  - Watchdog has been checked: 0 passed
22.07.2014 18:13:19,061 - INFO  - Watchdog has been checked: 0 passed
22.07.2014 18:15:18,158 - INFO  - Watchdog has been checked: 0 passed
22.07.2014 18:17:17,154 - INFO  - Watchdog has been checked: 0 passed
22.07.2014 18:19:17,235 - INFO  - Watchdog has been checked: 0 passed
22.07.2014 18:21:17,039 - INFO  - Watchdog has been checked: 0 passed
22.07.2014 18:23:17,084 - INFO  - Watchdog has been checked: 0 passed
22.07.2014 18:25:16,562 - INFO  - Watchdog has been checked: 0 passed
22.07.2014 18:27:16,190 - INFO  - Watchdog has been checked: 0 passed
22.07.2014 18:29:16,303 - INFO  - Watchdog has been checked: 0 passed
22.07.2014 18:31:16,106 - INFO  - Watchdog has been checked: 0 passed
22.07.2014 18:33:19,081 - INFO  - Watchdog has been checked: 0 passed
22.07.2014 18:35:19,211 - INFO  - Watchdog has been checked: 0 passed
22.07.2014 18:37:19,188 - INFO  - Watchdog has been checked: 0 passed
22.07.2014 18:39:19,254 - INFO  - Watchdog has been checked: 0 passed
22.07.2014 18:41:19,312 - INFO  - Watchdog has been checked: 0 passed
22.07.2014 18:43:19,339 - INFO  - Watchdog has been checked: 0 passed
22.07.2014 18:45:19,165 - INFO  - Watchdog has been checked: 0 passed
22.07.2014 18:47:19,161 - INFO  - Watchdog has been checked: 0 passed
22.07.2014 18:49:19,205 - INFO  - Watchdog has been checked: 0 passed
22.07.2014 18:51:19,187 - INFO  - Watchdog has been checked: 0 passed
22.07.2014 18:53:19,212 - INFO  - Watchdog has been checked: 0 passed
22.07.2014 18:55:19,326 - INFO  - Watchdog has been checked: 0 passed
22.07.2014 18:57:19,272 - INFO  - Watchdog has been checked: 0 passed
22.07.2014 18:59:19,164 - INFO  - Watchdog has been checked: 0 passed
22.07.2014 19:01:19,145 - INFO  - Watchdog has been checked: 0 passed
22.07.2014 19:03:19,263 - INFO  - Watchdog has been checked: 0 passed
22.07.2014 19:05:19,312 - INFO  - Watchdog has been checked: 0 passed
22.07.2014 19:07:19,333 - INFO  - Watchdog has been checked: 0 passed
22.07.2014 19:09:19,357 - INFO  - Watchdog has been checked: 0 passed
22.07.2014 19:11:19,181 - INFO  - Watchdog has been checked: 0 passed
22.07.2014 19:13:19,179 - INFO  - Watchdog has been checked: 0 passed
22.07.2014 19:15:19,207 - INFO  - Watchdog has been checked: 0 passed
22.07.2014 19:17:19,375 - INFO  - Watchdog has been checked: 0 passed
22.07.2014 19:19:19,432 - INFO  - Watchdog has been checked: 0 passed
22.07.2014 19:21:19,214 - INFO  - Watchdog has been checked: 0 passed
22.07.2014 19:23:19,247 - INFO  - Watchdog has been checked: 0 passed
22.07.2014 19:25:19,198 - INFO  - Watchdog has been checked: 0 passed
22.07.2014 19:27:19,328 - INFO  - Watchdog has been checked: 0 passed
22.07.2014 19:29:19,395 - INFO  - Watchdog has been checked: 0 passed
22.07.2014 19:31:19,177 - INFO  - Watchdog has been checked: 0 passed
22.07.2014 19:33:19,246 - INFO  - Watchdog has been checked: 0 passed
22.07.2014 19:35:19,259 - INFO  - Watchdog has been checked: 0 passed
22.07.2014 19:37:19,261 - INFO  - Watchdog has been checked: 0 passed
22.07.2014 19:39:19,367 - INFO  - Watchdog has been checked: 0 passed
22.07.2014 19:41:19,397 - INFO  - Watchdog has been checked: 0 passed
22.07.2014 19:43:19,246 - INFO  - Watchdog has been checked: 0 passed
22.07.2014 19:45:19,267 - INFO  - Watchdog has been checked: 0 passed
22.07.2014 19:47:19,260 - INFO  - Watchdog has been checked: 0 passed
22.07.2014 19:49:19,349 - INFO  - Watchdog has been checked: 0 passed
22.07.2014 19:51:19,116 - INFO  - Watchdog has been checked: 0 passed
22.07.2014 19:53:18,214 - INFO  - Watchdog has been checked: 0 passed
22.07.2014 19:55:18,214 - INFO  - Watchdog has been checked: 0 passed
22.07.2014 19:57:18,221 - INFO  - Watchdog has been checked: 0 passed
22.07.2014 19:59:18,245 - INFO  - Watchdog has been checked: 0 passed
22.07.2014 20:01:17,976 - INFO  - Watchdog has been checked: 0 passed
22.07.2014 20:03:16,991 - INFO  - Watchdog has been checked: 0 passed
22.07.2014 20:05:16,064 - INFO  - Watchdog has been checked: 0 passed
22.07.2014 20:07:15,120 - INFO  - Watchdog has been checked: 0 passed
22.07.2014 20:09:15,135 - INFO  - Watchdog has been checked: 0 passed
22.07.2014 20:11:15,161 - INFO  - Watchdog has been checked: 0 passed
22.07.2014 20:13:17,980 - INFO  - Watchdog has been checked: 0 passed
22.07.2014 20:15:17,055 - INFO  - Watchdog has been checked: 0 passed
22.07.2014 20:17:17,070 - INFO  - Watchdog has been checked: 0 passed
22.07.2014 20:19:16,155 - INFO  - Watchdog has been checked: 0 passed
22.07.2014 20:21:16,177 - INFO  - Watchdog has been checked: 0 passed
22.07.2014 20:23:16,212 - INFO  - Watchdog has been checked: 0 passed
22.07.2014 20:25:16,036 - INFO  - Watchdog has been checked: 0 passed
22.07.2014 20:27:15,263 - INFO  - Watchdog has been checked: 0 passed
22.07.2014 20:29:15,132 - INFO  - Watchdog has been checked: 0 passed
22.07.2014 20:31:15,206 - INFO  - Watchdog has been checked: 0 passed
22.07.2014 20:33:15,300 - INFO  - Watchdog has been checked: 0 passed
22.07.2014 20:35:15,128 - INFO  - Watchdog has been checked: 0 passed
22.07.2014 20:37:19,275 - INFO  - Watchdog has been checked: 0 passed
22.07.2014 20:39:19,197 - INFO  - Watchdog has been checked: 0 passed
22.07.2014 20:41:19,245 - INFO  - Watchdog has been checked: 0 passed
22.07.2014 20:43:19,255 - INFO  - Watchdog has been checked: 0 passed
22.07.2014 20:45:19,368 - INFO  - Watchdog has been checked: 0 passed
22.07.2014 20:47:19,331 - INFO  - Watchdog has been checked: 0 passed
22.07.2014 20:49:19,173 - INFO  - Watchdog has been checked: 0 passed
22.07.2014 20:51:19,229 - INFO  - Watchdog has been checked: 0 passed
22.07.2014 20:53:19,232 - INFO  - Watchdog has been checked: 0 passed
22.07.2014 20:55:19,362 - INFO  - Watchdog has been checked: 0 passed
22.07.2014 20:57:19,292 - INFO  - Watchdog has been checked: 0 passed
22.07.2014 20:59:19,413 - INFO  - Watchdog has been checked: 0 passed
22.07.2014 21:01:19,469 - INFO  - Watchdog has been checked: 0 passed
22.07.2014 21:03:19,193 - INFO  - Watchdog has been checked: 0 passed
22.07.2014 21:05:19,311 - INFO  - Watchdog has been checked: 0 passed
22.07.2014 21:07:19,328 - INFO  - Watchdog has been checked: 0 passed
22.07.2014 21:09:19,410 - INFO  - Watchdog has been checked: 0 passed
22.07.2014 21:11:19,410 - INFO  - Watchdog has been checked: 0 passed
22.07.2014 21:13:19,228 - INFO  - Watchdog has been checked: 0 passed
22.07.2014 21:15:19,233 - INFO  - Watchdog has been checked: 0 passed
22.07.2014 21:17:19,376 - INFO  - Watchdog has been checked: 0 passed
22.07.2014 21:19:19,175 - INFO  - Watchdog has been checked: 0 passed
22.07.2014 21:21:19,163 - INFO  - Watchdog has been checked: 0 passed
22.07.2014 21:23:19,208 - INFO  - Watchdog has been checked: 0 passed
22.07.2014 21:25:19,245 - INFO  - Watchdog has been checked: 0 passed
22.07.2014 21:27:19,237 - INFO  - Watchdog has been checked: 0 passed
22.07.2014 21:29:19,085 - INFO  - Watchdog has been checked: 0 passed
22.07.2014 21:31:19,066 - INFO  - Watchdog has been checked: 0 passed
22.07.2014 21:33:19,159 - INFO  - Watchdog has been checked: 0 passed
22.07.2014 21:35:19,208 - INFO  - Watchdog has been checked: 0 passed
22.07.2014 21:37:19,073 - INFO  - Watchdog has been checked: 0 passed
22.07.2014 21:39:19,348 - INFO  - Watchdog has been checked: 0 passed
22.07.2014 21:41:19,194 - INFO  - Watchdog has been checked: 0 passed
22.07.2014 21:43:19,257 - INFO  - Watchdog has been checked: 0 passed
22.07.2014 21:45:19,296 - INFO  - Watchdog has been checked: 0 passed
22.07.2014 21:47:19,368 - INFO  - Watchdog has been checked: 0 passed
22.07.2014 21:49:19,104 - INFO  - Watchdog has been checked: 0 passed
22.07.2014 21:51:18,228 - INFO  - Watchdog has been checked: 0 passed
22.07.2014 21:53:18,288 - INFO  - Watchdog has been checked: 0 passed
22.07.2014 21:55:18,349 - INFO  - Watchdog has been checked: 0 passed
22.07.2014 21:57:18,402 - INFO  - Watchdog has been checked: 0 passed
22.07.2014 21:59:18,475 - INFO  - Watchdog has been checked: 0 passed
22.07.2014 22:01:18,217 - INFO  - Watchdog has been checked: 0 passed
22.07.2014 22:03:18,277 - INFO  - Watchdog has been checked: 0 passed
22.07.2014 22:05:18,294 - INFO  - Watchdog has been checked: 0 passed
22.07.2014 22:07:18,335 - INFO  - Watchdog has been checked: 0 passed
22.07.2014 22:09:18,377 - INFO  - Watchdog has been checked: 0 passed
22.07.2014 22:11:18,346 - INFO  - Watchdog has been checked: 0 passed
22.07.2014 22:13:18,157 - INFO  - Watchdog has been checked: 0 passed
22.07.2014 22:15:18,257 - INFO  - Watchdog has been checked: 0 passed
22.07.2014 22:17:18,685 - INFO  - Watchdog has been checked: 0 passed
22.07.2014 22:19:18,367 - INFO  - Watchdog has been checked: 0 passed
22.07.2014 22:21:18,413 - INFO  - Watchdog has been checked: 0 passed
22.07.2014 22:23:18,212 - INFO  - Watchdog has been checked: 0 passed
22.07.2014 22:25:18,207 - INFO  - Watchdog has been checked: 0 passed
22.07.2014 22:27:18,199 - INFO  - Watchdog has been checked: 0 passed
22.07.2014 22:29:18,287 - INFO  - Watchdog has been checked: 0 passed
22.07.2014 22:31:18,239 - INFO  - Watchdog has been checked: 0 passed
22.07.2014 22:33:18,303 - INFO  - Watchdog has been checked: 0 passed
22.07.2014 22:35:18,025 - INFO  - Watchdog has been checked: 0 passed
22.07.2014 22:37:17,997 - INFO  - Watchdog has been checked: 0 passed
22.07.2014 22:39:18,087 - INFO  - Watchdog has been checked: 0 passed
22.07.2014 22:41:19,009 - INFO  - Watchdog has been checked: 0 passed
22.07.2014 22:43:19,211 - INFO  - Watchdog has been checked: 0 passed
22.07.2014 22:45:19,258 - INFO  - Watchdog has been checked: 0 passed
22.07.2014 22:47:19,021 - INFO  - Watchdog has been checked: 0 passed
22.07.2014 22:49:18,154 - INFO  - Watchdog has been checked: 0 passed
22.07.2014 22:51:18,137 - INFO  - Watchdog has been checked: 0 passed
22.07.2014 22:53:18,202 - INFO  - Watchdog has been checked: 0 passed
22.07.2014 22:55:18,295 - INFO  - Watchdog has been checked: 0 passed
22.07.2014 22:57:18,281 - INFO  - Watchdog has been checked: 0 passed
22.07.2014 22:59:18,127 - INFO  - Watchdog has been checked: 0 passed
22.07.2014 23:01:17,156 - INFO  - Watchdog has been checked: 0 passed
22.07.2014 23:03:17,171 - INFO  - Watchdog has been checked: 0 passed
22.07.2014 23:05:17,261 - INFO  - Watchdog has been checked: 0 passed
22.07.2014 23:07:17,243 - INFO  - Watchdog has been checked: 0 passed
22.07.2014 23:09:17,287 - INFO  - Watchdog has been checked: 0 passed
22.07.2014 23:11:17,129 - INFO  - Watchdog has been checked: 0 passed
22.07.2014 23:13:17,140 - INFO  - Watchdog has been checked: 0 passed
22.07.2014 23:15:17,232 - INFO  - Watchdog has been checked: 0 passed
22.07.2014 23:17:17,235 - INFO  - Watchdog has been checked: 0 passed
22.07.2014 23:19:18,944 - INFO  - Watchdog has been checked: 0 passed
22.07.2014 23:21:18,348 - INFO  - Watchdog has been checked: 0 passed
22.07.2014 23:23:18,348 - INFO  - Watchdog has been checked: 0 passed
22.07.2014 23:25:18,192 - INFO  - Watchdog has been checked: 0 passed
22.07.2014 23:27:18,244 - INFO  - Watchdog has been checked: 0 passed
22.07.2014 23:29:18,277 - INFO  - Watchdog has been checked: 0 passed
22.07.2014 23:31:18,357 - INFO  - Watchdog has been checked: 0 passed
22.07.2014 23:33:18,315 - INFO  - Watchdog has been checked: 0 passed
22.07.2014 23:35:18,162 - INFO  - Watchdog has been checked: 0 passed
22.07.2014 23:37:18,198 - INFO  - Watchdog has been checked: 0 passed
22.07.2014 23:39:18,326 - INFO  - Watchdog has been checked: 0 passed
22.07.2014 23:41:18,325 - INFO  - Watchdog has been checked: 0 passed
22.07.2014 23:43:19,383 - INFO  - Watchdog has been checked: 0 passed
22.07.2014 23:45:19,221 - INFO  - Watchdog has been checked: 0 passed
22.07.2014 23:47:19,215 - INFO  - Watchdog has been checked: 0 passed
22.07.2014 23:49:19,307 - INFO  - Watchdog has been checked: 0 passed
22.07.2014 23:51:19,313 - INFO  - Watchdog has been checked: 0 passed
22.07.2014 23:53:19,249 - INFO  - Watchdog has been checked: 0 passed
22.07.2014 23:55:19,067 - INFO  - Watchdog has been checked: 0 passed
22.07.2014 23:57:18,008 - INFO  - Watchdog has been checked: 0 passed
22.07.2014 23:59:18,058 - INFO  - Watchdog has been checked: 0 passed
