09.07.2014 00:00:08,245 - INFO  - Watchdog has been checked: 0 passed
09.07.2014 00:02:08,148 - INFO  - Watchdog has been checked: 0 passed
09.07.2014 00:04:07,074 - INFO  - Watchdog has been checked: 0 passed
09.07.2014 00:06:07,258 - INFO  - Watchdog has been checked: 0 passed
09.07.2014 00:08:07,163 - INFO  - Watchdog has been checked: 0 passed
09.07.2014 00:10:07,304 - INFO  - Watchdog has been checked: 0 passed
09.07.2014 00:12:07,106 - INFO  - Watchdog has been checked: 0 passed
09.07.2014 00:14:06,119 - INFO  - Watchdog has been checked: 0 passed
09.07.2014 00:16:06,205 - INFO  - Watchdog has been checked: 0 passed
09.07.2014 00:18:06,129 - INFO  - Watchdog has been checked: 0 passed
09.07.2014 00:20:06,269 - INFO  - Watchdog has been checked: 0 passed
09.07.2014 00:22:08,172 - INFO  - Watchdog has been checked: 0 passed
09.07.2014 00:24:08,286 - INFO  - Watchdog has been checked: 0 passed
09.07.2014 00:26:08,102 - INFO  - Watchdog has been checked: 0 passed
09.07.2014 00:28:07,088 - INFO  - Watchdog has been checked: 0 passed
09.07.2014 00:30:06,192 - INFO  - Watchdog has been checked: 0 passed
09.07.2014 00:32:06,283 - INFO  - Watchdog has been checked: 0 passed
09.07.2014 00:34:06,295 - INFO  - Watchdog has been checked: 0 passed
09.07.2014 00:36:06,042 - INFO  - Watchdog has been checked: 0 passed
09.07.2014 00:38:05,300 - INFO  - Watchdog has been checked: 0 passed
09.07.2014 00:40:05,342 - INFO  - Watchdog has been checked: 0 passed
09.07.2014 00:42:05,210 - INFO  - Watchdog has been checked: 0 passed
09.07.2014 00:44:04,198 - INFO  - Watchdog has been checked: 0 passed
09.07.2014 00:46:04,272 - INFO  - Watchdog has been checked: 0 passed
09.07.2014 00:48:04,247 - INFO  - Watchdog has been checked: 0 passed
09.07.2014 00:50:04,299 - INFO  - Watchdog has been checked: 0 passed
09.07.2014 00:52:04,360 - INFO  - Watchdog has been checked: 0 passed
09.07.2014 00:54:04,393 - INFO  - Watchdog has been checked: 0 passed
09.07.2014 00:56:04,173 - INFO  - Watchdog has been checked: 0 passed
09.07.2014 00:58:04,216 - INFO  - Watchdog has been checked: 0 passed
09.07.2014 01:00:04,238 - INFO  - Watchdog has been checked: 0 passed
09.07.2014 01:02:08,196 - INFO  - Watchdog has been checked: 0 passed
09.07.2014 01:04:08,367 - INFO  - Watchdog has been checked: 0 passed
09.07.2014 01:06:08,178 - INFO  - Watchdog has been checked: 0 passed
09.07.2014 01:08:08,284 - INFO  - Watchdog has been checked: 0 passed
09.07.2014 01:10:08,260 - INFO  - Watchdog has been checked: 0 passed
09.07.2014 01:12:08,262 - INFO  - Watchdog has been checked: 0 passed
09.07.2014 01:14:08,315 - INFO  - Watchdog has been checked: 0 passed
09.07.2014 01:16:08,105 - INFO  - Watchdog has been checked: 0 passed
09.07.2014 01:18:08,425 - INFO  - Watchdog has been checked: 0 passed
09.07.2014 01:20:08,199 - INFO  - Watchdog has been checked: 0 passed
09.07.2014 01:22:08,212 - INFO  - Watchdog has been checked: 0 passed
09.07.2014 01:24:08,063 - INFO  - Watchdog has been checked: 0 passed
09.07.2014 01:26:07,081 - INFO  - Watchdog has been checked: 0 passed
09.07.2014 01:28:06,094 - INFO  - Watchdog has been checked: 0 passed
09.07.2014 01:30:05,202 - INFO  - Watchdog has been checked: 0 passed
09.07.2014 01:32:06,869 - INFO  - Watchdog has been checked: 0 passed
09.07.2014 01:34:06,103 - INFO  - Watchdog has been checked: 0 passed
09.07.2014 01:36:06,135 - INFO  - Watchdog has been checked: 0 passed
09.07.2014 01:38:06,141 - INFO  - Watchdog has been checked: 0 passed
09.07.2014 01:40:06,257 - INFO  - Watchdog has been checked: 0 passed
09.07.2014 01:42:06,225 - INFO  - Watchdog has been checked: 0 passed
09.07.2014 01:44:06,327 - INFO  - Watchdog has been checked: 0 passed
09.07.2014 01:46:06,139 - INFO  - Watchdog has been checked: 0 passed
09.07.2014 01:48:06,115 - INFO  - Watchdog has been checked: 0 passed
09.07.2014 01:50:05,208 - INFO  - Watchdog has been checked: 0 passed
09.07.2014 01:52:05,220 - INFO  - Watchdog has been checked: 0 passed
09.07.2014 01:54:05,244 - INFO  - Watchdog has been checked: 0 passed
09.07.2014 01:56:05,332 - INFO  - Watchdog has been checked: 0 passed
09.07.2014 01:58:05,273 - INFO  - Watchdog has been checked: 0 passed
09.07.2014 02:00:05,401 - INFO  - Watchdog has been checked: 0 passed
09.07.2014 02:02:05,163 - INFO  - Watchdog has been checked: 0 passed
09.07.2014 02:04:08,125 - INFO  - Watchdog has been checked: 0 passed
09.07.2014 02:06:08,279 - INFO  - Watchdog has been checked: 0 passed
09.07.2014 02:08:08,246 - INFO  - Watchdog has been checked: 0 passed
09.07.2014 02:10:08,133 - INFO  - Watchdog has been checked: 0 passed
09.07.2014 02:12:08,119 - INFO  - Watchdog has been checked: 0 passed
09.07.2014 02:14:08,179 - INFO  - Watchdog has been checked: 0 passed
09.07.2014 02:16:08,259 - INFO  - Watchdog has been checked: 0 passed
09.07.2014 02:18:08,223 - INFO  - Watchdog has been checked: 0 passed
09.07.2014 02:20:08,330 - INFO  - Watchdog has been checked: 0 passed
09.07.2014 02:22:08,328 - INFO  - Watchdog has been checked: 0 passed
09.07.2014 02:24:08,083 - INFO  - Watchdog has been checked: 0 passed
09.07.2014 02:26:08,159 - INFO  - Watchdog has been checked: 0 passed
09.07.2014 02:28:08,376 - INFO  - Watchdog has been checked: 0 passed
09.07.2014 02:30:08,247 - INFO  - Watchdog has been checked: 0 passed
09.07.2014 02:32:08,264 - INFO  - Watchdog has been checked: 0 passed
09.07.2014 02:34:08,282 - INFO  - Watchdog has been checked: 0 passed
09.07.2014 02:36:08,111 - INFO  - Watchdog has been checked: 0 passed
09.07.2014 02:38:07,068 - INFO  - Watchdog has been checked: 0 passed
09.07.2014 02:40:07,158 - INFO  - Watchdog has been checked: 0 passed
09.07.2014 02:42:07,194 - INFO  - Watchdog has been checked: 0 passed
09.07.2014 02:44:07,232 - INFO  - Watchdog has been checked: 0 passed
09.07.2014 02:46:07,031 - INFO  - Watchdog has been checked: 0 passed
09.07.2014 02:48:06,321 - INFO  - Watchdog has been checked: 0 passed
09.07.2014 02:50:06,122 - INFO  - Watchdog has been checked: 0 passed
09.07.2014 02:52:06,174 - INFO  - Watchdog has been checked: 0 passed
09.07.2014 02:54:06,152 - INFO  - Watchdog has been checked: 0 passed
09.07.2014 02:56:06,043 - INFO  - Watchdog has been checked: 0 passed
09.07.2014 02:58:05,311 - INFO  - Watchdog has been checked: 0 passed
09.07.2014 03:00:05,282 - INFO  - Watchdog has been checked: 0 passed
09.07.2014 03:02:05,119 - INFO  - Watchdog has been checked: 0 passed
09.07.2014 03:04:04,390 - INFO  - Watchdog has been checked: 0 passed
09.07.2014 03:06:05,059 - INFO  - Watchdog has been checked: 0 passed
09.07.2014 03:08:04,258 - INFO  - Watchdog has been checked: 0 passed
09.07.2014 03:10:04,320 - INFO  - Watchdog has been checked: 0 passed
09.07.2014 03:12:04,402 - INFO  - Watchdog has been checked: 0 passed
09.07.2014 03:14:04,439 - INFO  - Watchdog has been checked: 0 passed
09.07.2014 03:16:04,263 - INFO  - Watchdog has been checked: 0 passed
09.07.2014 03:18:04,499 - INFO  - Watchdog has been checked: 0 passed
09.07.2014 03:23:10,410 - INFO  - Watchdog has been checked: 0 passed
09.07.2014 03:25:10,313 - INFO  - Watchdog has been checked: 0 passed
09.07.2014 03:27:10,390 - INFO  - Watchdog has been checked: 0 passed
09.07.2014 03:29:10,185 - INFO  - Watchdog has been checked: 0 passed
09.07.2014 03:31:10,373 - INFO  - Watchdog has been checked: 0 passed
09.07.2014 03:33:10,244 - INFO  - Watchdog has been checked: 0 passed
09.07.2014 03:35:10,489 - INFO  - Watchdog has been checked: 0 passed
09.07.2014 03:37:10,195 - INFO  - Watchdog has been checked: 0 passed
09.07.2014 03:39:10,260 - INFO  - Watchdog has been checked: 0 passed
09.07.2014 03:41:10,340 - INFO  - Watchdog has been checked: 0 passed
09.07.2014 03:43:10,375 - INFO  - Watchdog has been checked: 0 passed
09.07.2014 03:45:10,520 - INFO  - Watchdog has been checked: 0 passed
09.07.2014 03:47:10,301 - INFO  - Watchdog has been checked: 0 passed
09.07.2014 03:49:10,339 - INFO  - Watchdog has been checked: 0 passed
09.07.2014 03:51:10,367 - INFO  - Watchdog has been checked: 0 passed
09.07.2014 03:53:10,194 - INFO  - Watchdog has been checked: 0 passed
09.07.2014 03:55:10,195 - INFO  - Watchdog has been checked: 0 passed
09.07.2014 03:57:10,222 - INFO  - Watchdog has been checked: 0 passed
09.07.2014 03:59:10,256 - INFO  - Watchdog has been checked: 0 passed
09.07.2014 04:01:10,278 - INFO  - Watchdog has been checked: 0 passed
09.07.2014 04:03:10,142 - INFO  - Watchdog has been checked: 0 passed
09.07.2014 04:05:10,015 - INFO  - Watchdog has been checked: 0 passed
09.07.2014 04:07:09,124 - INFO  - Watchdog has been checked: 0 passed
09.07.2014 04:09:09,181 - INFO  - Watchdog has been checked: 0 passed
09.07.2014 04:11:09,119 - INFO  - Watchdog has been checked: 0 passed
09.07.2014 04:13:09,144 - INFO  - Watchdog has been checked: 0 passed
09.07.2014 04:15:09,208 - INFO  - Watchdog has been checked: 0 passed
09.07.2014 04:17:09,196 - INFO  - Watchdog has been checked: 0 passed
09.07.2014 04:19:09,122 - INFO  - Watchdog has been checked: 0 passed
09.07.2014 04:21:09,221 - INFO  - Watchdog has been checked: 0 passed
09.07.2014 04:23:09,298 - INFO  - Watchdog has been checked: 0 passed
09.07.2014 04:25:09,268 - INFO  - Watchdog has been checked: 0 passed
09.07.2014 04:27:09,104 - INFO  - Watchdog has been checked: 0 passed
09.07.2014 04:29:08,102 - INFO  - Watchdog has been checked: 0 passed
09.07.2014 04:31:07,184 - INFO  - Watchdog has been checked: 0 passed
09.07.2014 04:33:07,242 - INFO  - Watchdog has been checked: 0 passed
09.07.2014 04:35:07,215 - INFO  - Watchdog has been checked: 0 passed
09.07.2014 04:37:07,301 - INFO  - Watchdog has been checked: 0 passed
09.07.2014 04:39:09,367 - INFO  - Watchdog has been checked: 0 passed
09.07.2014 04:41:09,237 - INFO  - Watchdog has been checked: 0 passed
09.07.2014 04:43:09,298 - INFO  - Watchdog has been checked: 0 passed
09.07.2014 04:45:09,330 - INFO  - Watchdog has been checked: 0 passed
09.07.2014 04:47:09,402 - INFO  - Watchdog has been checked: 0 passed
09.07.2014 04:49:09,172 - INFO  - Watchdog has been checked: 0 passed
09.07.2014 04:51:09,344 - INFO  - Watchdog has been checked: 0 passed
09.07.2014 04:53:09,341 - INFO  - Watchdog has been checked: 0 passed
09.07.2014 04:55:09,355 - INFO  - Watchdog has been checked: 0 passed
09.07.2014 04:57:09,410 - INFO  - Watchdog has been checked: 0 passed
09.07.2014 04:59:09,494 - INFO  - Watchdog has been checked: 0 passed
09.07.2014 05:01:09,264 - INFO  - Watchdog has been checked: 0 passed
09.07.2014 05:03:09,747 - INFO  - Watchdog has been checked: 0 passed
09.07.2014 05:05:09,486 - INFO  - Watchdog has been checked: 0 passed
09.07.2014 05:07:09,379 - INFO  - Watchdog has been checked: 0 passed
09.07.2014 05:09:09,350 - INFO  - Watchdog has been checked: 0 passed
09.07.2014 05:11:09,271 - INFO  - Watchdog has been checked: 0 passed
09.07.2014 05:13:09,331 - INFO  - Watchdog has been checked: 0 passed
09.07.2014 05:15:09,278 - INFO  - Watchdog has been checked: 0 passed
09.07.2014 05:17:09,329 - INFO  - Watchdog has been checked: 0 passed
09.07.2014 05:19:09,089 - INFO  - Watchdog has been checked: 0 passed
09.07.2014 05:21:08,190 - INFO  - Watchdog has been checked: 0 passed
09.07.2014 05:23:08,198 - INFO  - Watchdog has been checked: 0 passed
09.07.2014 05:25:08,255 - INFO  - Watchdog has been checked: 0 passed
09.07.2014 05:27:08,286 - INFO  - Watchdog has been checked: 0 passed
09.07.2014 05:29:08,024 - INFO  - Watchdog has been checked: 0 passed
09.07.2014 05:31:07,157 - INFO  - Watchdog has been checked: 0 passed
09.07.2014 05:33:07,164 - INFO  - Watchdog has been checked: 0 passed
09.07.2014 05:35:07,204 - INFO  - Watchdog has been checked: 0 passed
09.07.2014 05:37:07,279 - INFO  - Watchdog has been checked: 0 passed
09.07.2014 05:39:07,273 - INFO  - Watchdog has been checked: 0 passed
09.07.2014 05:41:07,153 - INFO  - Watchdog has been checked: 0 passed
09.07.2014 05:43:07,252 - INFO  - Watchdog has been checked: 0 passed
09.07.2014 05:45:07,252 - INFO  - Watchdog has been checked: 0 passed
09.07.2014 05:47:07,307 - INFO  - Watchdog has been checked: 0 passed
09.07.2014 05:49:07,339 - INFO  - Watchdog has been checked: 0 passed
09.07.2014 05:51:07,160 - INFO  - Watchdog has been checked: 0 passed
09.07.2014 05:53:07,222 - INFO  - Watchdog has been checked: 0 passed
09.07.2014 05:55:07,173 - INFO  - Watchdog has been checked: 0 passed
09.07.2014 05:57:07,275 - INFO  - Watchdog has been checked: 0 passed
09.07.2014 05:59:07,368 - INFO  - Watchdog has been checked: 0 passed
09.07.2014 06:01:07,194 - INFO  - Watchdog has been checked: 0 passed
09.07.2014 06:03:09,221 - INFO  - Watchdog has been checked: 0 passed
09.07.2014 06:05:09,414 - INFO  - Watchdog has been checked: 0 passed
09.07.2014 06:07:09,267 - INFO  - Watchdog has been checked: 0 passed
09.07.2014 06:09:09,299 - INFO  - Watchdog has been checked: 0 passed
09.07.2014 06:11:09,285 - INFO  - Watchdog has been checked: 0 passed
09.07.2014 06:13:09,334 - INFO  - Watchdog has been checked: 0 passed
09.07.2014 06:15:01,947 - INFO  - mapping file sync started
09.07.2014 06:15:02,596 - INFO  - file successfully updated
09.07.2014 06:15:09,303 - INFO  - Watchdog has been checked: 0 passed
09.07.2014 06:17:09,371 - INFO  - Watchdog has been checked: 0 passed
09.07.2014 06:19:09,373 - INFO  - Watchdog has been checked: 0 passed
09.07.2014 06:21:09,143 - INFO  - Watchdog has been checked: 0 passed
09.07.2014 06:23:09,265 - INFO  - Watchdog has been checked: 0 passed
09.07.2014 06:25:09,254 - INFO  - Watchdog has been checked: 0 passed
09.07.2014 06:27:09,320 - INFO  - Watchdog has been checked: 0 passed
09.07.2014 06:29:09,315 - INFO  - Watchdog has been checked: 0 passed
09.07.2014 06:31:09,203 - INFO  - Watchdog has been checked: 0 passed
09.07.2014 06:33:09,207 - INFO  - Watchdog has been checked: 0 passed
09.07.2014 06:35:09,199 - INFO  - Watchdog has been checked: 0 passed
09.07.2014 06:37:09,200 - INFO  - Watchdog has been checked: 0 passed
09.07.2014 06:39:09,259 - INFO  - Watchdog has been checked: 0 passed
09.07.2014 06:41:09,330 - INFO  - Watchdog has been checked: 0 passed
09.07.2014 06:43:09,514 - INFO  - Watchdog has been checked: 0 passed
09.07.2014 06:45:09,126 - INFO  - Watchdog has been checked: 0 passed
09.07.2014 06:47:09,162 - INFO  - Watchdog has been checked: 0 passed
09.07.2014 06:49:09,184 - INFO  - Watchdog has been checked: 0 passed
09.07.2014 06:51:09,263 - INFO  - Watchdog has been checked: 0 passed
09.07.2014 06:53:09,122 - INFO  - Watchdog has been checked: 0 passed
09.07.2014 06:55:09,316 - INFO  - Watchdog has been checked: 0 passed
09.07.2014 06:57:09,080 - INFO  - Watchdog has been checked: 0 passed
09.07.2014 06:59:09,178 - INFO  - Watchdog has been checked: 0 passed
09.07.2014 07:01:09,256 - INFO  - Watchdog has been checked: 0 passed
09.07.2014 07:03:09,296 - INFO  - Watchdog has been checked: 0 passed
09.07.2014 07:05:09,327 - INFO  - Watchdog has been checked: 0 passed
09.07.2014 07:07:09,418 - INFO  - Watchdog has been checked: 0 passed
09.07.2014 07:09:09,134 - INFO  - Watchdog has been checked: 0 passed
09.07.2014 07:11:09,217 - INFO  - Watchdog has been checked: 0 passed
09.07.2014 07:13:09,256 - INFO  - Watchdog has been checked: 0 passed
09.07.2014 07:15:01,294 - INFO  - mapping file sync started
09.07.2014 07:15:01,721 - INFO  - file successfully updated
09.07.2014 07:15:09,237 - INFO  - Watchdog has been checked: 0 passed
09.07.2014 07:17:09,319 - INFO  - Watchdog has been checked: 0 passed
09.07.2014 07:19:09,136 - INFO  - Watchdog has been checked: 0 passed
09.07.2014 07:21:09,214 - INFO  - Watchdog has been checked: 0 passed
09.07.2014 07:23:09,255 - INFO  - Watchdog has been checked: 0 passed
09.07.2014 07:25:09,286 - INFO  - Watchdog has been checked: 0 passed
09.07.2014 07:27:09,063 - INFO  - Watchdog has been checked: 0 passed
09.07.2014 07:29:08,153 - INFO  - Watchdog has been checked: 0 passed
09.07.2014 07:31:08,196 - INFO  - Watchdog has been checked: 0 passed
09.07.2014 07:33:08,239 - INFO  - Watchdog has been checked: 0 passed
09.07.2014 07:35:08,259 - INFO  - Watchdog has been checked: 0 passed
09.07.2014 07:37:08,295 - INFO  - Watchdog has been checked: 0 passed
09.07.2014 07:39:08,338 - INFO  - Watchdog has been checked: 0 passed
09.07.2014 07:41:08,117 - INFO  - Watchdog has been checked: 0 passed
09.07.2014 07:43:08,116 - INFO  - Watchdog has been checked: 0 passed
09.07.2014 07:45:09,078 - INFO  - Watchdog has been checked: 0 passed
09.07.2014 07:47:09,137 - INFO  - Watchdog has been checked: 0 passed
09.07.2014 07:49:08,194 - INFO  - Watchdog has been checked: 0 passed
09.07.2014 07:51:08,287 - INFO  - Watchdog has been checked: 0 passed
09.07.2014 07:53:08,326 - INFO  - Watchdog has been checked: 0 passed
09.07.2014 07:55:08,321 - INFO  - Watchdog has been checked: 0 passed
09.07.2014 07:57:08,122 - INFO  - Watchdog has been checked: 0 passed
09.07.2014 07:59:07,131 - INFO  - Watchdog has been checked: 0 passed
09.07.2014 08:01:07,205 - INFO  - Watchdog has been checked: 0 passed
09.07.2014 08:03:07,216 - INFO  - Watchdog has been checked: 0 passed
09.07.2014 08:05:07,227 - INFO  - Watchdog has been checked: 0 passed
09.07.2014 08:07:09,219 - INFO  - Watchdog has been checked: 0 passed
09.07.2014 08:09:09,275 - INFO  - Watchdog has been checked: 0 passed
09.07.2014 08:11:09,139 - INFO  - Watchdog has been checked: 0 passed
09.07.2014 08:13:08,190 - INFO  - Watchdog has been checked: 0 passed
09.07.2014 08:15:08,149 - INFO  - Watchdog has been checked: 0 passed
09.07.2014 08:17:08,245 - INFO  - Watchdog has been checked: 0 passed
09.07.2014 08:19:08,266 - INFO  - Watchdog has been checked: 0 passed
09.07.2014 08:21:08,113 - INFO  - Watchdog has been checked: 0 passed
09.07.2014 08:23:07,138 - INFO  - Watchdog has been checked: 0 passed
09.07.2014 08:25:06,133 - INFO  - Watchdog has been checked: 0 passed
09.07.2014 08:27:05,205 - INFO  - Watchdog has been checked: 0 passed
09.07.2014 08:29:05,207 - INFO  - Watchdog has been checked: 0 passed
09.07.2014 08:31:05,344 - INFO  - Watchdog has been checked: 0 passed
09.07.2014 08:33:05,378 - INFO  - Watchdog has been checked: 0 passed
09.07.2014 08:35:05,319 - INFO  - Watchdog has been checked: 0 passed
09.07.2014 08:37:05,139 - INFO  - Watchdog has been checked: 0 passed
09.07.2014 08:39:05,105 - INFO  - Watchdog has been checked: 0 passed
09.07.2014 08:41:04,166 - INFO  - Watchdog has been checked: 0 passed
09.07.2014 08:43:04,197 - INFO  - Watchdog has been checked: 0 passed
09.07.2014 08:45:04,144 - INFO  - Watchdog has been checked: 0 passed
09.07.2014 08:47:03,139 - INFO  - Watchdog has been checked: 0 passed
09.07.2014 08:49:03,233 - INFO  - Watchdog has been checked: 0 passed
09.07.2014 08:51:03,053 - INFO  - Watchdog has been checked: 0 passed
09.07.2014 08:53:02,085 - INFO  - Watchdog has been checked: 0 passed
09.07.2014 08:55:02,065 - INFO  - Watchdog has been checked: 0 passed
09.07.2014 08:57:01,138 - INFO  - Watchdog has been checked: 0 passed
09.07.2014 08:59:01,191 - INFO  - Watchdog has been checked: 0 passed
09.07.2014 09:01:01,312 - INFO  - Watchdog has been checked: 0 passed
09.07.2014 09:03:01,362 - INFO  - Watchdog has been checked: 0 passed
09.07.2014 09:05:01,305 - INFO  - Watchdog has been checked: 0 passed
09.07.2014 09:07:01,340 - INFO  - Watchdog has been checked: 0 passed
09.07.2014 09:09:01,207 - INFO  - Watchdog has been checked: 0 passed
09.07.2014 09:11:01,306 - INFO  - Watchdog has been checked: 0 passed
09.07.2014 09:13:01,350 - INFO  - Watchdog has been checked: 0 passed
09.07.2014 09:15:01,307 - INFO  - Watchdog has been checked: 0 passed
09.07.2014 09:17:01,287 - INFO  - Watchdog has been checked: 0 passed
09.07.2014 09:19:01,135 - INFO  - Watchdog has been checked: 0 passed
09.07.2014 09:21:01,231 - INFO  - Watchdog has been checked: 0 passed
09.07.2014 09:23:01,293 - INFO  - Watchdog has been checked: 0 passed
09.07.2014 09:25:01,263 - INFO  - Watchdog has been checked: 0 passed
09.07.2014 09:27:01,290 - INFO  - Watchdog has been checked: 0 passed
09.07.2014 09:29:01,333 - INFO  - Watchdog has been checked: 0 passed
09.07.2014 09:31:01,246 - INFO  - Watchdog has been checked: 0 passed
09.07.2014 09:33:01,285 - INFO  - Watchdog has been checked: 0 passed
09.07.2014 09:35:01,238 - INFO  - Watchdog has been checked: 0 passed
09.07.2014 09:37:01,253 - INFO  - Watchdog has been checked: 0 passed
09.07.2014 09:39:01,303 - INFO  - Watchdog has been checked: 0 passed
09.07.2014 09:41:01,454 - INFO  - Watchdog has been checked: 0 passed
09.07.2014 09:43:01,155 - INFO  - Watchdog has been checked: 0 passed
09.07.2014 09:45:01,111 - INFO  - Watchdog has been checked: 0 passed
09.07.2014 09:47:00,124 - INFO  - Watchdog has been checked: 0 passed
09.07.2014 09:48:59,188 - INFO  - Watchdog has been checked: 0 passed
09.07.2014 09:50:59,317 - INFO  - Watchdog has been checked: 0 passed
09.07.2014 09:52:59,097 - INFO  - Watchdog has been checked: 0 passed
09.07.2014 09:54:58,029 - INFO  - Watchdog has been checked: 0 passed
09.07.2014 09:56:57,038 - INFO  - Watchdog has been checked: 0 passed
09.07.2014 09:58:56,110 - INFO  - Watchdog has been checked: 0 passed
09.07.2014 10:00:55,003 - INFO  - Watchdog has been checked: 0 passed
09.07.2014 10:02:53,976 - INFO  - Watchdog has been checked: 0 passed
09.07.2014 10:04:53,209 - INFO  - Watchdog has been checked: 0 passed
09.07.2014 10:06:53,299 - INFO  - Watchdog has been checked: 0 passed
09.07.2014 10:08:53,058 - INFO  - Watchdog has been checked: 0 passed
09.07.2014 10:10:52,229 - INFO  - Watchdog has been checked: 0 passed
09.07.2014 10:12:52,242 - INFO  - Watchdog has been checked: 0 passed
09.07.2014 10:14:52,262 - INFO  - Watchdog has been checked: 0 passed
09.07.2014 10:16:52,312 - INFO  - Watchdog has been checked: 0 passed
09.07.2014 10:18:52,371 - INFO  - Watchdog has been checked: 0 passed
09.07.2014 10:20:51,250 - INFO  - Watchdog has been checked: 0 passed
09.07.2014 10:22:51,305 - INFO  - Watchdog has been checked: 0 passed
09.07.2014 10:24:51,266 - INFO  - Watchdog has been checked: 0 passed
09.07.2014 10:26:51,247 - INFO  - Watchdog has been checked: 0 passed
09.07.2014 10:28:51,285 - INFO  - Watchdog has been checked: 0 passed
09.07.2014 10:30:51,179 - INFO  - Watchdog has been checked: 0 passed
09.07.2014 10:32:51,229 - INFO  - Watchdog has been checked: 0 passed
09.07.2014 10:34:51,381 - INFO  - Watchdog has been checked: 0 passed
09.07.2014 10:36:51,174 - INFO  - Watchdog has been checked: 0 passed
09.07.2014 10:38:51,229 - INFO  - Watchdog has been checked: 0 passed
09.07.2014 10:40:51,359 - INFO  - Watchdog has been checked: 0 passed
09.07.2014 10:42:51,366 - INFO  - Watchdog has been checked: 0 passed
09.07.2014 10:44:51,465 - INFO  - Watchdog has been checked: 0 passed
09.07.2014 10:46:51,228 - INFO  - Watchdog has been checked: 0 passed
09.07.2014 10:48:51,263 - INFO  - Watchdog has been checked: 0 passed
09.07.2014 10:50:51,388 - INFO  - Watchdog has been checked: 0 passed
09.07.2014 10:52:51,392 - INFO  - Watchdog has been checked: 0 passed
09.07.2014 10:54:51,376 - INFO  - Watchdog has been checked: 0 passed
09.07.2014 10:56:51,173 - INFO  - Watchdog has been checked: 0 passed
09.07.2014 10:58:51,418 - INFO  - Watchdog has been checked: 0 passed
09.07.2014 11:00:51,366 - INFO  - Watchdog has been checked: 0 passed
09.07.2014 11:02:51,374 - INFO  - Watchdog has been checked: 0 passed
09.07.2014 11:04:51,334 - INFO  - Watchdog has been checked: 0 passed
09.07.2014 11:06:51,087 - INFO  - Watchdog has been checked: 0 passed
09.07.2014 11:08:51,118 - INFO  - Watchdog has been checked: 0 passed
09.07.2014 11:10:51,238 - INFO  - Watchdog has been checked: 0 passed
09.07.2014 11:12:51,255 - INFO  - Watchdog has been checked: 0 passed
09.07.2014 11:14:51,213 - INFO  - Watchdog has been checked: 0 passed
09.07.2014 11:16:51,014 - INFO  - Watchdog has been checked: 0 passed
09.07.2014 11:18:50,025 - INFO  - Watchdog has been checked: 0 passed
09.07.2014 11:20:49,134 - INFO  - Watchdog has been checked: 0 passed
09.07.2014 11:22:49,183 - INFO  - Watchdog has been checked: 0 passed
09.07.2014 11:24:49,170 - INFO  - Watchdog has been checked: 0 passed
09.07.2014 11:26:49,217 - INFO  - Watchdog has been checked: 0 passed
09.07.2014 11:28:49,263 - INFO  - Watchdog has been checked: 0 passed
09.07.2014 11:30:49,144 - INFO  - Watchdog has been checked: 0 passed
09.07.2014 11:32:49,165 - INFO  - Watchdog has been checked: 0 passed
09.07.2014 11:34:49,133 - INFO  - Watchdog has been checked: 0 passed
09.07.2014 11:36:49,178 - INFO  - Watchdog has been checked: 0 passed
09.07.2014 11:38:49,252 - INFO  - Watchdog has been checked: 0 passed
09.07.2014 11:40:49,337 - INFO  - Watchdog has been checked: 0 passed
09.07.2014 11:42:49,127 - INFO  - Watchdog has been checked: 0 passed
09.07.2014 11:44:49,341 - INFO  - Watchdog has been checked: 0 passed
09.07.2014 11:46:49,136 - INFO  - Watchdog has been checked: 0 passed
09.07.2014 11:48:49,206 - INFO  - Watchdog has been checked: 0 passed
09.07.2014 11:50:49,303 - INFO  - Watchdog has been checked: 0 passed
09.07.2014 11:52:49,307 - INFO  - Watchdog has been checked: 0 passed
09.07.2014 11:54:49,262 - INFO  - Watchdog has been checked: 0 passed
09.07.2014 11:56:49,314 - INFO  - Watchdog has been checked: 0 passed
09.07.2014 11:58:49,359 - INFO  - Watchdog has been checked: 0 passed
09.07.2014 12:00:49,314 - INFO  - Watchdog has been checked: 0 passed
09.07.2014 12:02:49,279 - INFO  - Watchdog has been checked: 0 passed
09.07.2014 12:04:49,214 - INFO  - Watchdog has been checked: 0 passed
09.07.2014 12:06:49,282 - INFO  - Watchdog has been checked: 0 passed
09.07.2014 12:08:49,326 - INFO  - Watchdog has been checked: 0 passed
09.07.2014 12:10:49,429 - INFO  - Watchdog has been checked: 0 passed
09.07.2014 12:12:49,450 - INFO  - Watchdog has been checked: 0 passed
09.07.2014 12:14:49,419 - INFO  - Watchdog has been checked: 0 passed
09.07.2014 12:16:49,449 - INFO  - Watchdog has been checked: 0 passed
09.07.2014 12:18:49,219 - INFO  - Watchdog has been checked: 0 passed
09.07.2014 12:20:49,307 - INFO  - Watchdog has been checked: 0 passed
09.07.2014 12:22:49,113 - INFO  - Watchdog has been checked: 0 passed
09.07.2014 12:23:41,426 - INFO  - searcher identified --- respT: 81ms, 81190 results, q=, 
09.07.2014 12:23:56,019 - INFO  - searcher identified --- respT: 27ms, 1022 results, web:(Computing), q=, 
09.07.2014 12:24:01,346 - INFO  - searcher identified --- respT: 39ms, 2 results, web:(Computing), q=coordinator, 
09.07.2014 12:24:48,073 - INFO  - Watchdog has been checked: 0 passed
09.07.2014 12:26:47,161 - INFO  - Watchdog has been checked: 0 passed
09.07.2014 12:28:46,129 - INFO  - Watchdog has been checked: 0 passed
09.07.2014 12:30:45,205 - INFO  - Watchdog has been checked: 0 passed
09.07.2014 12:32:45,318 - INFO  - Watchdog has been checked: 0 passed
09.07.2014 12:34:45,259 - INFO  - Watchdog has been checked: 0 passed
09.07.2014 12:36:45,256 - INFO  - Watchdog has been checked: 0 passed
09.07.2014 12:38:45,281 - INFO  - Watchdog has been checked: 0 passed
09.07.2014 12:40:45,149 - INFO  - Watchdog has been checked: 0 passed
09.07.2014 12:42:45,154 - INFO  - Watchdog has been checked: 0 passed
09.07.2014 12:44:49,120 - INFO  - Watchdog has been checked: 0 passed
09.07.2014 12:46:49,143 - INFO  - Watchdog has been checked: 0 passed
09.07.2014 12:48:49,221 - INFO  - Watchdog has been checked: 0 passed
09.07.2014 12:50:49,098 - INFO  - Watchdog has been checked: 0 passed
09.07.2014 12:52:49,194 - INFO  - Watchdog has been checked: 0 passed
09.07.2014 12:54:49,109 - INFO  - Watchdog has been checked: 0 passed
09.07.2014 12:56:49,118 - INFO  - Watchdog has been checked: 0 passed
09.07.2014 12:58:49,152 - INFO  - Watchdog has been checked: 0 passed
09.07.2014 13:00:49,287 - INFO  - Watchdog has been checked: 0 passed
09.07.2014 13:02:49,179 - INFO  - Watchdog has been checked: 0 passed
09.07.2014 13:04:49,158 - INFO  - Watchdog has been checked: 0 passed
09.07.2014 13:06:49,223 - INFO  - Watchdog has been checked: 0 passed
09.07.2014 13:08:49,290 - INFO  - Watchdog has been checked: 0 passed
09.07.2014 13:10:49,128 - INFO  - Watchdog has been checked: 0 passed
09.07.2014 13:12:49,132 - INFO  - Watchdog has been checked: 0 passed
09.07.2014 13:14:49,112 - INFO  - Watchdog has been checked: 0 passed
09.07.2014 13:16:49,152 - INFO  - Watchdog has been checked: 0 passed
09.07.2014 13:18:49,229 - INFO  - Watchdog has been checked: 0 passed
09.07.2014 13:20:49,341 - INFO  - Watchdog has been checked: 0 passed
09.07.2014 13:22:49,090 - INFO  - Watchdog has been checked: 0 passed
09.07.2014 13:24:49,069 - INFO  - Watchdog has been checked: 0 passed
09.07.2014 13:26:48,136 - INFO  - Watchdog has been checked: 0 passed
09.07.2014 13:28:48,141 - INFO  - Watchdog has been checked: 0 passed
09.07.2014 13:30:48,257 - INFO  - Watchdog has been checked: 0 passed
09.07.2014 13:32:48,261 - INFO  - Watchdog has been checked: 0 passed
09.07.2014 13:34:48,261 - INFO  - Watchdog has been checked: 0 passed
09.07.2014 13:36:48,048 - INFO  - Watchdog has been checked: 0 passed
09.07.2014 13:38:47,252 - INFO  - Watchdog has been checked: 0 passed
09.07.2014 13:40:47,245 - INFO  - Watchdog has been checked: 0 passed
09.07.2014 13:42:47,197 - INFO  - Watchdog has been checked: 0 passed
09.07.2014 13:44:47,156 - INFO  - Watchdog has been checked: 0 passed
09.07.2014 13:46:49,207 - INFO  - Watchdog has been checked: 0 passed
09.07.2014 13:48:49,252 - INFO  - Watchdog has been checked: 0 passed
09.07.2014 13:50:49,149 - INFO  - Watchdog has been checked: 0 passed
09.07.2014 13:52:48,165 - INFO  - Watchdog has been checked: 0 passed
09.07.2014 13:54:48,366 - INFO  - Watchdog has been checked: 0 passed
09.07.2014 13:56:48,216 - INFO  - Watchdog has been checked: 0 passed
09.07.2014 13:57:14,957 - INFO  - searcher identified --- respT: 19ms, 5268 results, web:(PSIWeb), q=, 
09.07.2014 13:58:47,194 - INFO  - Watchdog has been checked: 0 passed
09.07.2014 14:00:06,218 - INFO  - searcher identified --- respT: 18ms, 5268 results, web:(PSIWeb), q=, 
09.07.2014 14:00:26,669 - INFO  - searcher identified --- respT: 18ms, 49 results, web:(PSIWeb), q=piwik, 
09.07.2014 14:00:33,872 - INFO  - searcher identified --- respT: 16ms, 48 results, type:topic, web:(PSIWeb), q=piwik, 
09.07.2014 14:00:37,701 - INFO  - searcher identified --- respT: 13ms, 1 results, type:topic, web:(PSIWeb), author:ThomasBuecklers, q=piwik, 
09.07.2014 14:00:47,281 - INFO  - Watchdog has been checked: 0 passed
09.07.2014 14:02:47,309 - INFO  - Watchdog has been checked: 0 passed
09.07.2014 14:04:47,313 - INFO  - Watchdog has been checked: 0 passed
09.07.2014 14:06:47,346 - INFO  - Watchdog has been checked: 0 passed
09.07.2014 14:08:47,138 - INFO  - Watchdog has been checked: 0 passed
09.07.2014 14:10:47,260 - INFO  - Watchdog has been checked: 0 passed
09.07.2014 14:12:47,246 - INFO  - Watchdog has been checked: 0 passed
09.07.2014 14:14:47,184 - INFO  - Watchdog has been checked: 0 passed
09.07.2014 14:16:47,426 - INFO  - Watchdog has been checked: 0 passed
09.07.2014 14:18:47,299 - INFO  - Watchdog has been checked: 0 passed
09.07.2014 14:20:47,144 - INFO  - Watchdog has been checked: 0 passed
09.07.2014 14:22:47,224 - INFO  - Watchdog has been checked: 0 passed
09.07.2014 14:24:47,175 - INFO  - Watchdog has been checked: 0 passed
09.07.2014 14:26:47,256 - INFO  - Watchdog has been checked: 0 passed
09.07.2014 14:28:47,080 - INFO  - Watchdog has been checked: 0 passed
09.07.2014 14:30:46,231 - INFO  - Watchdog has been checked: 0 passed
09.07.2014 14:32:46,172 - INFO  - Watchdog has been checked: 0 passed
09.07.2014 14:34:46,110 - INFO  - Watchdog has been checked: 0 passed
09.07.2014 14:36:46,168 - INFO  - Watchdog has been checked: 0 passed
09.07.2014 14:38:46,250 - INFO  - Watchdog has been checked: 0 passed
09.07.2014 14:40:46,353 - INFO  - Watchdog has been checked: 0 passed
09.07.2014 14:42:46,354 - INFO  - Watchdog has been checked: 0 passed
09.07.2014 14:44:46,331 - INFO  - Watchdog has been checked: 0 passed
09.07.2014 14:46:46,059 - INFO  - Watchdog has been checked: 0 passed
09.07.2014 14:48:45,283 - INFO  - Watchdog has been checked: 0 passed
09.07.2014 14:50:45,170 - INFO  - Watchdog has been checked: 0 passed
09.07.2014 14:52:45,225 - INFO  - Watchdog has been checked: 0 passed
09.07.2014 14:54:45,210 - INFO  - Watchdog has been checked: 0 passed
09.07.2014 14:56:45,224 - INFO  - Watchdog has been checked: 0 passed
09.07.2014 14:58:45,300 - INFO  - Watchdog has been checked: 0 passed
09.07.2014 15:00:45,211 - INFO  - Watchdog has been checked: 0 passed
09.07.2014 15:02:45,322 - INFO  - Watchdog has been checked: 0 passed
09.07.2014 15:04:45,283 - INFO  - Watchdog has been checked: 0 passed
09.07.2014 15:06:45,286 - INFO  - Watchdog has been checked: 0 passed
09.07.2014 15:08:45,351 - INFO  - Watchdog has been checked: 0 passed
09.07.2014 15:10:45,195 - INFO  - Watchdog has been checked: 0 passed
09.07.2014 15:10:47,717 - INFO  - searcher identified --- respT: 46ms, 41314 results, q=, 
09.07.2014 15:12:32,442 - INFO  - searcher identified --- respT: 87ms, 41314 results, q=, 
09.07.2014 15:12:35,133 - INFO  - searcher identified --- respT: 15ms, 55 results, web:(AIT.Monitoring), q=, 
09.07.2014 15:12:38,244 - INFO  - searcher identified --- respT: 61ms, 41314 results, q=, 
09.07.2014 15:12:42,486 - INFO  - searcher identified --- respT: 14ms, 16 results, web:(AUTHOR_WWW.SLS.PXII), q=, 
09.07.2014 15:12:45,179 - INFO  - Watchdog has been checked: 0 passed
09.07.2014 15:12:49,005 - INFO  - searcher identified --- respT: 71ms, 41314 results, q=, 
09.07.2014 15:13:24,405 - INFO  - searcher identified --- respT: 16ms, 32 results, q=buecklers task, 
09.07.2014 15:14:45,352 - INFO  - Watchdog has been checked: 0 passed
09.07.2014 15:14:51,931 - INFO  - searcher identified --- respT: 84ms, 41314 results, q=, 
09.07.2014 15:15:11,246 - INFO  - searcher identified --- respT: 67ms, 41314 results, q=, 
09.07.2014 15:15:57,660 - INFO  - searcher identified --- respT: 16ms, 1422 results, author:AndreLichtsteiner, q=, 
09.07.2014 15:16:45,147 - INFO  - Watchdog has been checked: 0 passed
09.07.2014 15:18:44,250 - INFO  - Watchdog has been checked: 0 passed
09.07.2014 15:20:44,266 - INFO  - Watchdog has been checked: 0 passed
09.07.2014 15:22:44,334 - INFO  - Watchdog has been checked: 0 passed
09.07.2014 15:24:44,125 - INFO  - Watchdog has been checked: 0 passed
09.07.2014 15:26:43,127 - INFO  - Watchdog has been checked: 0 passed
09.07.2014 15:28:42,190 - INFO  - Watchdog has been checked: 0 passed
09.07.2014 15:30:41,257 - INFO  - Watchdog has been checked: 0 passed
09.07.2014 15:32:41,286 - INFO  - Watchdog has been checked: 0 passed
09.07.2014 15:34:41,325 - INFO  - Watchdog has been checked: 0 passed
09.07.2014 15:36:41,131 - INFO  - Watchdog has been checked: 0 passed
09.07.2014 15:38:40,152 - INFO  - Watchdog has been checked: 0 passed
09.07.2014 15:40:39,308 - INFO  - Watchdog has been checked: 0 passed
09.07.2014 15:42:39,308 - INFO  - Watchdog has been checked: 0 passed
09.07.2014 15:44:39,339 - INFO  - Watchdog has been checked: 0 passed
09.07.2014 15:46:39,252 - INFO  - Watchdog has been checked: 0 passed
09.07.2014 15:48:39,236 - INFO  - Watchdog has been checked: 0 passed
09.07.2014 15:50:39,211 - INFO  - Watchdog has been checked: 0 passed
09.07.2014 15:52:39,152 - INFO  - Watchdog has been checked: 0 passed
09.07.2014 15:54:39,096 - INFO  - Watchdog has been checked: 0 passed
09.07.2014 15:56:39,146 - INFO  - Watchdog has been checked: 0 passed
09.07.2014 15:58:39,132 - INFO  - Watchdog has been checked: 0 passed
09.07.2014 16:00:39,285 - INFO  - Watchdog has been checked: 0 passed
09.07.2014 16:02:39,221 - INFO  - Watchdog has been checked: 0 passed
09.07.2014 16:04:39,137 - INFO  - Watchdog has been checked: 0 passed
09.07.2014 16:06:38,165 - INFO  - Watchdog has been checked: 0 passed
09.07.2014 16:08:38,204 - INFO  - Watchdog has been checked: 0 passed
09.07.2014 16:10:38,111 - INFO  - Watchdog has been checked: 0 passed
09.07.2014 16:12:38,092 - INFO  - Watchdog has been checked: 0 passed
09.07.2014 16:14:38,320 - INFO  - Watchdog has been checked: 0 passed
09.07.2014 16:16:39,371 - INFO  - Watchdog has been checked: 0 passed
09.07.2014 16:18:39,290 - INFO  - Watchdog has been checked: 0 passed
09.07.2014 16:20:39,125 - INFO  - Watchdog has been checked: 0 passed
09.07.2014 16:22:39,222 - INFO  - Watchdog has been checked: 0 passed
09.07.2014 16:24:39,197 - INFO  - Watchdog has been checked: 0 passed
09.07.2014 16:26:39,204 - INFO  - Watchdog has been checked: 0 passed
09.07.2014 16:28:39,217 - INFO  - Watchdog has been checked: 0 passed
09.07.2014 16:28:41,710 - INFO  - searcher identified --- respT: 20ms, 5269 results, web:(PSIWeb), q=, 
09.07.2014 16:30:39,143 - INFO  - Watchdog has been checked: 0 passed
09.07.2014 16:32:38,130 - INFO  - Watchdog has been checked: 0 passed
09.07.2014 16:33:37,247 - INFO  - Watchdog has been checked: 0 passed
09.07.2014 16:35:37,218 - INFO  - Watchdog has been checked: 0 passed
09.07.2014 16:37:37,370 - INFO  - Watchdog has been checked: 0 passed
09.07.2014 16:39:37,312 - INFO  - Watchdog has been checked: 0 passed
09.07.2014 16:41:37,378 - INFO  - Watchdog has been checked: 0 passed
09.07.2014 16:43:37,224 - INFO  - Watchdog has been checked: 0 passed
09.07.2014 16:45:37,187 - INFO  - Watchdog has been checked: 0 passed
09.07.2014 16:47:37,280 - INFO  - Watchdog has been checked: 0 passed
09.07.2014 16:49:37,313 - INFO  - Watchdog has been checked: 0 passed
09.07.2014 16:51:37,119 - INFO  - Watchdog has been checked: 0 passed
09.07.2014 16:53:37,322 - INFO  - Watchdog has been checked: 0 passed
09.07.2014 16:55:37,036 - INFO  - Watchdog has been checked: 0 passed
09.07.2014 16:57:37,118 - INFO  - Watchdog has been checked: 0 passed
09.07.2014 16:59:36,245 - INFO  - Watchdog has been checked: 0 passed
09.07.2014 17:01:35,203 - INFO  - Watchdog has been checked: 0 passed
09.07.2014 17:03:34,294 - INFO  - Watchdog has been checked: 0 passed
09.07.2014 17:05:34,098 - INFO  - Watchdog has been checked: 0 passed
09.07.2014 17:07:33,136 - INFO  - Watchdog has been checked: 0 passed
09.07.2014 17:09:32,225 - INFO  - Watchdog has been checked: 0 passed
09.07.2014 17:11:32,225 - INFO  - Watchdog has been checked: 0 passed
09.07.2014 17:13:32,192 - INFO  - Watchdog has been checked: 0 passed
09.07.2014 17:15:32,188 - INFO  - Watchdog has been checked: 0 passed
09.07.2014 17:17:32,243 - INFO  - Watchdog has been checked: 0 passed
09.07.2014 17:19:32,299 - INFO  - Watchdog has been checked: 0 passed
09.07.2014 17:21:32,325 - INFO  - Watchdog has been checked: 0 passed
09.07.2014 17:23:32,273 - INFO  - Watchdog has been checked: 0 passed
09.07.2014 17:25:32,306 - INFO  - Watchdog has been checked: 0 passed
09.07.2014 17:27:32,338 - INFO  - Watchdog has been checked: 0 passed
09.07.2014 17:29:32,143 - INFO  - Watchdog has been checked: 0 passed
09.07.2014 17:31:32,186 - INFO  - Watchdog has been checked: 0 passed
09.07.2014 17:33:32,282 - INFO  - Watchdog has been checked: 0 passed
09.07.2014 17:35:32,270 - INFO  - Watchdog has been checked: 0 passed
09.07.2014 17:37:32,315 - INFO  - Watchdog has been checked: 0 passed
09.07.2014 17:39:32,383 - INFO  - Watchdog has been checked: 0 passed
09.07.2014 17:41:32,408 - INFO  - Watchdog has been checked: 0 passed
09.07.2014 17:43:32,276 - INFO  - Watchdog has been checked: 0 passed
09.07.2014 17:45:32,249 - INFO  - Watchdog has been checked: 0 passed
09.07.2014 17:47:32,283 - INFO  - Watchdog has been checked: 0 passed
09.07.2014 17:49:32,340 - INFO  - Watchdog has been checked: 0 passed
09.07.2014 17:51:32,144 - INFO  - Watchdog has been checked: 0 passed
09.07.2014 17:53:05,188 - INFO  - searcher identified --- respT: 19ms, 5269 results, web:(PSIWeb), q=, 
09.07.2014 17:53:31,158 - INFO  - Watchdog has been checked: 0 passed
09.07.2014 17:55:31,180 - INFO  - Watchdog has been checked: 0 passed
09.07.2014 17:57:31,216 - INFO  - Watchdog has been checked: 0 passed
09.07.2014 17:59:31,341 - INFO  - Watchdog has been checked: 0 passed
09.07.2014 18:01:31,076 - INFO  - Watchdog has been checked: 0 passed
09.07.2014 18:03:30,123 - INFO  - Watchdog has been checked: 0 passed
09.07.2014 18:05:30,177 - INFO  - Watchdog has been checked: 0 passed
09.07.2014 18:07:30,196 - INFO  - Watchdog has been checked: 0 passed
09.07.2014 18:09:30,213 - INFO  - Watchdog has been checked: 0 passed
09.07.2014 18:11:30,212 - INFO  - Watchdog has been checked: 0 passed
09.07.2014 18:13:30,102 - INFO  - Watchdog has been checked: 0 passed
09.07.2014 18:15:29,143 - INFO  - Watchdog has been checked: 0 passed
09.07.2014 18:17:29,124 - INFO  - Watchdog has been checked: 0 passed
09.07.2014 18:19:29,209 - INFO  - Watchdog has been checked: 0 passed
09.07.2014 18:21:29,222 - INFO  - Watchdog has been checked: 0 passed
09.07.2014 18:23:29,176 - INFO  - Watchdog has been checked: 0 passed
09.07.2014 18:25:29,234 - INFO  - Watchdog has been checked: 0 passed
09.07.2014 18:27:29,255 - INFO  - Watchdog has been checked: 0 passed
09.07.2014 18:29:29,278 - INFO  - Watchdog has been checked: 0 passed
09.07.2014 18:31:29,085 - INFO  - Watchdog has been checked: 0 passed
09.07.2014 18:33:29,110 - INFO  - Watchdog has been checked: 0 passed
09.07.2014 18:35:29,168 - INFO  - Watchdog has been checked: 0 passed
09.07.2014 18:37:29,247 - INFO  - Watchdog has been checked: 0 passed
09.07.2014 18:39:29,238 - INFO  - Watchdog has been checked: 0 passed
09.07.2014 18:41:29,280 - INFO  - Watchdog has been checked: 0 passed
09.07.2014 18:43:29,194 - INFO  - Watchdog has been checked: 0 passed
09.07.2014 18:45:29,163 - INFO  - Watchdog has been checked: 0 passed
09.07.2014 18:47:29,229 - INFO  - Watchdog has been checked: 0 passed
09.07.2014 18:49:29,292 - INFO  - Watchdog has been checked: 0 passed
09.07.2014 18:51:29,312 - INFO  - Watchdog has been checked: 0 passed
09.07.2014 18:53:29,326 - INFO  - Watchdog has been checked: 0 passed
09.07.2014 18:55:29,105 - INFO  - Watchdog has been checked: 0 passed
09.07.2014 18:57:28,151 - INFO  - Watchdog has been checked: 0 passed
09.07.2014 18:59:28,173 - INFO  - Watchdog has been checked: 0 passed
09.07.2014 19:01:28,289 - INFO  - Watchdog has been checked: 0 passed
09.07.2014 19:03:28,174 - INFO  - Watchdog has been checked: 0 passed
09.07.2014 19:05:28,396 - INFO  - Watchdog has been checked: 0 passed
09.07.2014 19:07:28,354 - INFO  - Watchdog has been checked: 0 passed
09.07.2014 19:09:28,357 - INFO  - Watchdog has been checked: 0 passed
09.07.2014 19:11:28,182 - INFO  - Watchdog has been checked: 0 passed
09.07.2014 19:13:28,223 - INFO  - Watchdog has been checked: 0 passed
09.07.2014 19:15:28,382 - INFO  - Watchdog has been checked: 0 passed
09.07.2014 19:17:28,316 - INFO  - Watchdog has been checked: 0 passed
09.07.2014 19:19:28,118 - INFO  - Watchdog has been checked: 0 passed
09.07.2014 19:21:28,554 - INFO  - Watchdog has been checked: 0 passed
09.07.2014 19:23:28,238 - INFO  - Watchdog has been checked: 0 passed
09.07.2014 19:25:28,200 - INFO  - Watchdog has been checked: 0 passed
09.07.2014 19:27:28,207 - INFO  - Watchdog has been checked: 0 passed
09.07.2014 19:29:28,292 - INFO  - Watchdog has been checked: 0 passed
09.07.2014 19:31:28,143 - INFO  - Watchdog has been checked: 0 passed
09.07.2014 19:33:28,228 - INFO  - Watchdog has been checked: 0 passed
09.07.2014 19:35:28,352 - INFO  - Watchdog has been checked: 0 passed
09.07.2014 19:37:28,111 - INFO  - Watchdog has been checked: 0 passed
09.07.2014 19:39:29,108 - INFO  - Watchdog has been checked: 0 passed
09.07.2014 19:41:29,161 - INFO  - Watchdog has been checked: 0 passed
09.07.2014 19:43:29,311 - INFO  - Watchdog has been checked: 0 passed
09.07.2014 19:45:29,297 - INFO  - Watchdog has been checked: 0 passed
09.07.2014 19:47:29,350 - INFO  - Watchdog has been checked: 0 passed
09.07.2014 19:49:29,143 - INFO  - Watchdog has been checked: 0 passed
09.07.2014 19:51:29,156 - INFO  - Watchdog has been checked: 0 passed
09.07.2014 19:53:29,231 - INFO  - Watchdog has been checked: 0 passed
09.07.2014 19:55:29,223 - INFO  - Watchdog has been checked: 0 passed
09.07.2014 19:57:29,239 - INFO  - Watchdog has been checked: 0 passed
09.07.2014 19:59:29,076 - INFO  - Watchdog has been checked: 0 passed
09.07.2014 20:01:28,107 - INFO  - Watchdog has been checked: 0 passed
09.07.2014 20:03:27,160 - INFO  - Watchdog has been checked: 0 passed
09.07.2014 20:05:27,187 - INFO  - Watchdog has been checked: 0 passed
09.07.2014 20:07:27,153 - INFO  - Watchdog has been checked: 0 passed
09.07.2014 20:09:27,236 - INFO  - Watchdog has been checked: 0 passed
09.07.2014 20:11:27,243 - INFO  - Watchdog has been checked: 0 passed
09.07.2014 20:13:27,284 - INFO  - Watchdog has been checked: 0 passed
09.07.2014 20:15:27,312 - INFO  - Watchdog has been checked: 0 passed
09.07.2014 20:17:27,056 - INFO  - Watchdog has been checked: 0 passed
09.07.2014 20:19:29,149 - INFO  - Watchdog has been checked: 0 passed
09.07.2014 20:21:29,250 - INFO  - Watchdog has been checked: 0 passed
09.07.2014 20:23:29,284 - INFO  - Watchdog has been checked: 0 passed
09.07.2014 20:25:29,334 - INFO  - Watchdog has been checked: 0 passed
09.07.2014 20:27:29,885 - INFO  - Watchdog has been checked: 0 passed
09.07.2014 20:29:29,376 - INFO  - Watchdog has been checked: 0 passed
09.07.2014 20:31:29,376 - INFO  - Watchdog has been checked: 0 passed
09.07.2014 20:33:29,198 - INFO  - Watchdog has been checked: 0 passed
09.07.2014 20:35:29,249 - INFO  - Watchdog has been checked: 0 passed
09.07.2014 20:37:29,240 - INFO  - Watchdog has been checked: 0 passed
09.07.2014 20:39:29,276 - INFO  - Watchdog has been checked: 0 passed
09.07.2014 20:41:29,287 - INFO  - Watchdog has been checked: 0 passed
09.07.2014 20:43:29,323 - INFO  - Watchdog has been checked: 0 passed
09.07.2014 20:45:29,142 - INFO  - Watchdog has been checked: 0 passed
09.07.2014 20:47:29,270 - INFO  - Watchdog has been checked: 0 passed
09.07.2014 20:49:29,241 - INFO  - Watchdog has been checked: 0 passed
09.07.2014 20:51:29,315 - INFO  - Watchdog has been checked: 0 passed
09.07.2014 20:53:29,306 - INFO  - Watchdog has been checked: 0 passed
09.07.2014 20:55:29,391 - INFO  - Watchdog has been checked: 0 passed
09.07.2014 20:57:29,369 - INFO  - Watchdog has been checked: 0 passed
09.07.2014 20:59:29,144 - INFO  - Watchdog has been checked: 0 passed
09.07.2014 21:01:29,209 - INFO  - Watchdog has been checked: 0 passed
09.07.2014 21:03:29,227 - INFO  - Watchdog has been checked: 0 passed
09.07.2014 21:05:29,352 - INFO  - Watchdog has been checked: 0 passed
09.07.2014 21:07:29,299 - INFO  - Watchdog has been checked: 0 passed
09.07.2014 21:09:29,313 - INFO  - Watchdog has been checked: 0 passed
09.07.2014 21:11:29,391 - INFO  - Watchdog has been checked: 0 passed
09.07.2014 21:13:29,171 - INFO  - Watchdog has been checked: 0 passed
09.07.2014 21:15:29,295 - INFO  - Watchdog has been checked: 0 passed
09.07.2014 21:17:29,272 - INFO  - Watchdog has been checked: 0 passed
09.07.2014 21:19:29,325 - INFO  - Watchdog has been checked: 0 passed
09.07.2014 21:21:29,326 - INFO  - Watchdog has been checked: 0 passed
09.07.2014 21:23:29,134 - INFO  - Watchdog has been checked: 0 passed
09.07.2014 21:25:29,312 - INFO  - Watchdog has been checked: 0 passed
09.07.2014 21:27:29,299 - INFO  - Watchdog has been checked: 0 passed
09.07.2014 21:29:29,338 - INFO  - Watchdog has been checked: 0 passed
09.07.2014 21:31:29,375 - INFO  - Watchdog has been checked: 0 passed
09.07.2014 21:33:29,143 - INFO  - Watchdog has been checked: 0 passed
09.07.2014 21:35:28,187 - INFO  - Watchdog has been checked: 0 passed
09.07.2014 21:37:27,216 - INFO  - Watchdog has been checked: 0 passed
09.07.2014 21:39:26,967 - INFO  - Watchdog has been checked: 0 passed
09.07.2014 21:41:25,986 - INFO  - Watchdog has been checked: 0 passed
09.07.2014 21:43:25,044 - INFO  - Watchdog has been checked: 0 passed
09.07.2014 21:45:23,988 - INFO  - Watchdog has been checked: 0 passed
09.07.2014 21:47:23,084 - INFO  - Watchdog has been checked: 0 passed
09.07.2014 21:49:22,122 - INFO  - Watchdog has been checked: 0 passed
09.07.2014 21:51:21,180 - INFO  - Watchdog has been checked: 0 passed
09.07.2014 21:53:21,327 - INFO  - Watchdog has been checked: 0 passed
09.07.2014 21:55:21,283 - INFO  - Watchdog has been checked: 0 passed
09.07.2014 21:57:21,115 - INFO  - Watchdog has been checked: 0 passed
09.07.2014 21:59:20,146 - INFO  - Watchdog has been checked: 0 passed
09.07.2014 22:01:19,194 - INFO  - Watchdog has been checked: 0 passed
09.07.2014 22:03:19,314 - INFO  - Watchdog has been checked: 0 passed
09.07.2014 22:05:19,278 - INFO  - Watchdog has been checked: 0 passed
09.07.2014 22:07:19,324 - INFO  - Watchdog has been checked: 0 passed
09.07.2014 22:09:19,131 - INFO  - Watchdog has been checked: 0 passed
09.07.2014 22:11:19,125 - INFO  - Watchdog has been checked: 0 passed
09.07.2014 22:13:19,260 - INFO  - Watchdog has been checked: 0 passed
09.07.2014 22:15:19,239 - INFO  - Watchdog has been checked: 0 passed
09.07.2014 22:17:19,285 - INFO  - Watchdog has been checked: 0 passed
09.07.2014 22:19:19,451 - INFO  - Watchdog has been checked: 0 passed
09.07.2014 22:21:19,455 - INFO  - Watchdog has been checked: 0 passed
09.07.2014 22:23:19,296 - INFO  - Watchdog has been checked: 0 passed
09.07.2014 22:25:19,274 - INFO  - Watchdog has been checked: 0 passed
09.07.2014 22:27:19,266 - INFO  - Watchdog has been checked: 0 passed
09.07.2014 22:29:19,365 - INFO  - Watchdog has been checked: 0 passed
09.07.2014 22:31:19,450 - INFO  - Watchdog has been checked: 0 passed
09.07.2014 22:33:19,528 - INFO  - Watchdog has been checked: 0 passed
09.07.2014 22:35:19,241 - INFO  - Watchdog has been checked: 0 passed
09.07.2014 22:37:19,482 - INFO  - Watchdog has been checked: 0 passed
09.07.2014 22:39:19,340 - INFO  - Watchdog has been checked: 0 passed
09.07.2014 22:41:19,346 - INFO  - Watchdog has been checked: 0 passed
09.07.2014 22:43:19,386 - INFO  - Watchdog has been checked: 0 passed
09.07.2014 22:45:19,418 - INFO  - Watchdog has been checked: 0 passed
09.07.2014 22:47:19,385 - INFO  - Watchdog has been checked: 0 passed
09.07.2014 22:49:19,241 - INFO  - Watchdog has been checked: 0 passed
09.07.2014 22:51:19,276 - INFO  - Watchdog has been checked: 0 passed
09.07.2014 22:53:19,028 - INFO  - Watchdog has been checked: 0 passed
09.07.2014 22:55:19,062 - INFO  - Watchdog has been checked: 0 passed
09.07.2014 22:57:19,428 - INFO  - Watchdog has been checked: 0 passed
09.07.2014 22:59:19,151 - INFO  - Watchdog has been checked: 0 passed
09.07.2014 23:01:19,158 - INFO  - Watchdog has been checked: 0 passed
09.07.2014 23:03:18,947 - INFO  - Watchdog has been checked: 0 passed
09.07.2014 23:05:17,978 - INFO  - Watchdog has been checked: 0 passed
09.07.2014 23:07:17,157 - INFO  - Watchdog has been checked: 0 passed
09.07.2014 23:09:17,072 - INFO  - Watchdog has been checked: 0 passed
09.07.2014 23:11:19,131 - INFO  - Watchdog has been checked: 0 passed
09.07.2014 23:13:19,149 - INFO  - Watchdog has been checked: 0 passed
09.07.2014 23:15:19,169 - INFO  - Watchdog has been checked: 0 passed
09.07.2014 23:17:19,215 - INFO  - Watchdog has been checked: 0 passed
09.07.2014 23:19:19,019 - INFO  - Watchdog has been checked: 0 passed
09.07.2014 23:21:19,130 - INFO  - Watchdog has been checked: 0 passed
09.07.2014 23:23:19,159 - INFO  - Watchdog has been checked: 0 passed
09.07.2014 23:25:19,206 - INFO  - Watchdog has been checked: 0 passed
09.07.2014 23:27:19,217 - INFO  - Watchdog has been checked: 0 passed
09.07.2014 23:29:19,277 - INFO  - Watchdog has been checked: 0 passed
09.07.2014 23:31:19,115 - INFO  - Watchdog has been checked: 0 passed
09.07.2014 23:33:18,207 - INFO  - Watchdog has been checked: 0 passed
09.07.2014 23:35:18,209 - INFO  - Watchdog has been checked: 0 passed
09.07.2014 23:37:18,269 - INFO  - Watchdog has been checked: 0 passed
09.07.2014 23:39:18,334 - INFO  - Watchdog has been checked: 0 passed
09.07.2014 23:41:18,137 - INFO  - Watchdog has been checked: 0 passed
09.07.2014 23:43:18,213 - INFO  - Watchdog has been checked: 0 passed
09.07.2014 23:45:18,210 - INFO  - Watchdog has been checked: 0 passed
09.07.2014 23:47:18,289 - INFO  - Watchdog has been checked: 0 passed
09.07.2014 23:49:18,327 - INFO  - Watchdog has been checked: 0 passed
09.07.2014 23:51:19,383 - INFO  - Watchdog has been checked: 0 passed
09.07.2014 23:53:19,164 - INFO  - Watchdog has been checked: 0 passed
09.07.2014 23:55:19,165 - INFO  - Watchdog has been checked: 0 passed
09.07.2014 23:57:19,400 - INFO  - Watchdog has been checked: 0 passed
09.07.2014 23:59:19,302 - INFO  - Watchdog has been checked: 0 passed
