19.08.2014 00:01:13,103 - INFO  - Watchdog has been checked: 0 passed
19.08.2014 00:03:13,072 - INFO  - Watchdog has been checked: 0 passed
19.08.2014 00:05:12,247 - INFO  - Watchdog has been checked: 0 passed
19.08.2014 00:07:12,132 - INFO  - Watchdog has been checked: 0 passed
19.08.2014 00:09:12,103 - INFO  - Watchdog has been checked: 0 passed
19.08.2014 00:11:12,055 - INFO  - Watchdog has been checked: 0 passed
19.08.2014 00:13:11,208 - INFO  - Watchdog has been checked: 0 passed
19.08.2014 00:15:11,093 - INFO  - Watchdog has been checked: 0 passed
19.08.2014 00:17:09,976 - INFO  - Watchdog has been checked: 0 passed
19.08.2014 00:19:08,960 - INFO  - Watchdog has been checked: 0 passed
19.08.2014 00:21:08,100 - INFO  - Watchdog has been checked: 0 passed
19.08.2014 00:23:08,055 - INFO  - Watchdog has been checked: 0 passed
19.08.2014 00:25:07,214 - INFO  - Watchdog has been checked: 0 passed
19.08.2014 00:27:07,155 - INFO  - Watchdog has been checked: 0 passed
19.08.2014 00:29:07,106 - INFO  - Watchdog has been checked: 0 passed
19.08.2014 00:31:07,098 - INFO  - Watchdog has been checked: 0 passed
19.08.2014 00:33:08,580 - INFO  - Watchdog has been checked: 0 passed
19.08.2014 00:35:08,058 - INFO  - Watchdog has been checked: 0 passed
19.08.2014 00:37:07,092 - INFO  - Watchdog has been checked: 0 passed
19.08.2014 00:39:07,258 - INFO  - Watchdog has been checked: 0 passed
19.08.2014 00:41:07,274 - INFO  - Watchdog has been checked: 0 passed
19.08.2014 00:43:07,137 - INFO  - Watchdog has been checked: 0 passed
19.08.2014 00:45:07,303 - INFO  - Watchdog has been checked: 0 passed
19.08.2014 00:47:07,255 - INFO  - Watchdog has been checked: 0 passed
19.08.2014 00:49:07,155 - INFO  - Watchdog has been checked: 0 passed
19.08.2014 00:51:07,125 - INFO  - Watchdog has been checked: 0 passed
19.08.2014 00:53:07,409 - INFO  - Watchdog has been checked: 0 passed
19.08.2014 00:55:07,234 - INFO  - Watchdog has been checked: 0 passed
19.08.2014 00:57:07,172 - INFO  - Watchdog has been checked: 0 passed
19.08.2014 00:59:07,353 - INFO  - Watchdog has been checked: 0 passed
19.08.2014 01:01:07,364 - INFO  - Watchdog has been checked: 0 passed
19.08.2014 01:03:07,399 - INFO  - Watchdog has been checked: 0 passed
19.08.2014 01:05:07,394 - INFO  - Watchdog has been checked: 0 passed
19.08.2014 01:07:07,361 - INFO  - Watchdog has been checked: 0 passed
19.08.2014 01:09:07,260 - INFO  - Watchdog has been checked: 0 passed
19.08.2014 01:11:07,266 - INFO  - Watchdog has been checked: 0 passed
19.08.2014 01:13:07,386 - INFO  - Watchdog has been checked: 0 passed
19.08.2014 01:15:07,316 - INFO  - Watchdog has been checked: 0 passed
19.08.2014 01:17:07,283 - INFO  - Watchdog has been checked: 0 passed
19.08.2014 01:19:07,472 - INFO  - Watchdog has been checked: 0 passed
19.08.2014 01:21:07,294 - INFO  - Watchdog has been checked: 0 passed
19.08.2014 01:23:07,206 - INFO  - Watchdog has been checked: 0 passed
19.08.2014 01:25:07,299 - INFO  - Watchdog has been checked: 0 passed
19.08.2014 01:27:07,338 - INFO  - Watchdog has been checked: 0 passed
19.08.2014 01:29:07,224 - INFO  - Watchdog has been checked: 0 passed
19.08.2014 01:31:07,227 - INFO  - Watchdog has been checked: 0 passed
19.08.2014 01:33:07,358 - INFO  - Watchdog has been checked: 0 passed
19.08.2014 01:35:08,440 - INFO  - Watchdog has been checked: 0 passed
19.08.2014 01:37:08,383 - INFO  - Watchdog has been checked: 0 passed
19.08.2014 01:39:08,454 - INFO  - Watchdog has been checked: 0 passed
19.08.2014 01:41:08,092 - INFO  - Watchdog has been checked: 0 passed
19.08.2014 01:43:08,108 - INFO  - Watchdog has been checked: 0 passed
19.08.2014 01:45:08,161 - INFO  - Watchdog has been checked: 0 passed
19.08.2014 01:47:08,120 - INFO  - Watchdog has been checked: 0 passed
19.08.2014 01:49:08,267 - INFO  - Watchdog has been checked: 0 passed
19.08.2014 01:51:08,016 - INFO  - Watchdog has been checked: 0 passed
19.08.2014 01:53:07,078 - INFO  - Watchdog has been checked: 0 passed
19.08.2014 01:55:07,095 - INFO  - Watchdog has been checked: 0 passed
19.08.2014 01:57:07,040 - INFO  - Watchdog has been checked: 0 passed
19.08.2014 01:59:06,932 - INFO  - Watchdog has been checked: 0 passed
19.08.2014 02:01:06,148 - INFO  - Watchdog has been checked: 0 passed
19.08.2014 02:03:06,157 - INFO  - Watchdog has been checked: 0 passed
19.08.2014 02:05:06,057 - INFO  - Watchdog has been checked: 0 passed
19.08.2014 02:07:06,210 - INFO  - Watchdog has been checked: 0 passed
19.08.2014 02:09:06,203 - INFO  - Watchdog has been checked: 0 passed
19.08.2014 02:11:06,212 - INFO  - Watchdog has been checked: 0 passed
19.08.2014 02:13:06,172 - INFO  - Watchdog has been checked: 0 passed
19.08.2014 02:15:06,281 - INFO  - Watchdog has been checked: 0 passed
19.08.2014 02:17:06,255 - INFO  - Watchdog has been checked: 0 passed
19.08.2014 02:19:06,331 - INFO  - Watchdog has been checked: 0 passed
19.08.2014 02:21:06,157 - INFO  - Watchdog has been checked: 0 passed
19.08.2014 02:23:06,394 - INFO  - Watchdog has been checked: 0 passed
19.08.2014 02:25:06,189 - INFO  - Watchdog has been checked: 0 passed
19.08.2014 02:27:06,210 - INFO  - Watchdog has been checked: 0 passed
19.08.2014 02:29:06,412 - INFO  - Watchdog has been checked: 0 passed
19.08.2014 02:31:06,393 - INFO  - Watchdog has been checked: 0 passed
19.08.2014 02:33:06,342 - INFO  - Watchdog has been checked: 0 passed
19.08.2014 02:35:06,266 - INFO  - Watchdog has been checked: 0 passed
19.08.2014 02:37:09,555 - INFO  - Watchdog has been checked: 0 passed
19.08.2014 02:39:09,418 - INFO  - Watchdog has been checked: 0 passed
19.08.2014 02:41:09,359 - INFO  - Watchdog has been checked: 0 passed
19.08.2014 02:43:09,341 - INFO  - Watchdog has been checked: 0 passed
19.08.2014 02:45:09,264 - INFO  - Watchdog has been checked: 0 passed
19.08.2014 02:47:09,172 - INFO  - Watchdog has been checked: 0 passed
19.08.2014 02:49:09,166 - INFO  - Watchdog has been checked: 0 passed
19.08.2014 02:51:09,121 - INFO  - Watchdog has been checked: 0 passed
19.08.2014 02:53:08,057 - INFO  - Watchdog has been checked: 0 passed
19.08.2014 02:55:07,227 - INFO  - Watchdog has been checked: 0 passed
19.08.2014 02:57:07,206 - INFO  - Watchdog has been checked: 0 passed
19.08.2014 02:59:07,151 - INFO  - Watchdog has been checked: 0 passed
19.08.2014 03:01:07,135 - INFO  - Watchdog has been checked: 0 passed
19.08.2014 03:03:07,038 - INFO  - Watchdog has been checked: 0 passed
19.08.2014 03:05:06,228 - INFO  - Watchdog has been checked: 0 passed
19.08.2014 03:07:06,211 - INFO  - Watchdog has been checked: 0 passed
19.08.2014 03:09:06,238 - INFO  - Watchdog has been checked: 0 passed
19.08.2014 03:11:06,141 - INFO  - Watchdog has been checked: 0 passed
19.08.2014 03:13:05,286 - INFO  - Watchdog has been checked: 0 passed
19.08.2014 03:15:05,204 - INFO  - Watchdog has been checked: 0 passed
19.08.2014 03:17:05,131 - INFO  - Watchdog has been checked: 0 passed
19.08.2014 03:19:04,329 - INFO  - Watchdog has been checked: 0 passed
19.08.2014 03:21:04,328 - INFO  - Watchdog has been checked: 0 passed
19.08.2014 03:23:04,195 - INFO  - Watchdog has been checked: 0 passed
19.08.2014 03:25:04,351 - INFO  - Watchdog has been checked: 0 passed
19.08.2014 03:27:04,372 - INFO  - Watchdog has been checked: 0 passed
19.08.2014 03:29:04,233 - INFO  - Watchdog has been checked: 0 passed
19.08.2014 03:31:04,260 - INFO  - Watchdog has been checked: 0 passed
19.08.2014 03:33:04,170 - INFO  - Watchdog has been checked: 0 passed
19.08.2014 03:35:04,288 - INFO  - Watchdog has been checked: 0 passed
19.08.2014 03:37:04,299 - INFO  - Watchdog has been checked: 0 passed
19.08.2014 03:39:08,371 - INFO  - Watchdog has been checked: 0 passed
19.08.2014 03:41:08,188 - INFO  - Watchdog has been checked: 0 passed
19.08.2014 03:43:08,431 - INFO  - Watchdog has been checked: 0 passed
19.08.2014 03:45:08,401 - INFO  - Watchdog has been checked: 0 passed
19.08.2014 03:47:08,121 - INFO  - Watchdog has been checked: 0 passed
19.08.2014 03:49:08,337 - INFO  - Watchdog has been checked: 0 passed
19.08.2014 03:51:08,160 - INFO  - Watchdog has been checked: 0 passed
19.08.2014 03:53:08,481 - INFO  - Watchdog has been checked: 0 passed
19.08.2014 03:55:08,123 - INFO  - Watchdog has been checked: 0 passed
19.08.2014 03:57:08,338 - INFO  - Watchdog has been checked: 0 passed
19.08.2014 03:59:08,403 - INFO  - Watchdog has been checked: 0 passed
19.08.2014 04:01:08,145 - INFO  - Watchdog has been checked: 0 passed
19.08.2014 04:03:08,397 - INFO  - Watchdog has been checked: 0 passed
19.08.2014 04:05:08,155 - INFO  - Watchdog has been checked: 0 passed
19.08.2014 04:07:08,170 - INFO  - Watchdog has been checked: 0 passed
19.08.2014 04:09:08,481 - INFO  - Watchdog has been checked: 0 passed
19.08.2014 04:11:08,087 - INFO  - Watchdog has been checked: 0 passed
19.08.2014 04:13:07,326 - INFO  - Watchdog has been checked: 0 passed
19.08.2014 04:15:07,135 - INFO  - Watchdog has been checked: 0 passed
19.08.2014 04:17:06,147 - INFO  - Watchdog has been checked: 0 passed
19.08.2014 04:19:05,230 - INFO  - Watchdog has been checked: 0 passed
19.08.2014 04:21:05,215 - INFO  - Watchdog has been checked: 0 passed
19.08.2014 04:23:05,229 - INFO  - Watchdog has been checked: 0 passed
19.08.2014 04:25:05,287 - INFO  - Watchdog has been checked: 0 passed
19.08.2014 04:32:27,091 - INFO  - Watchdog has been checked: 0 passed
19.08.2014 04:34:26,224 - INFO  - Watchdog has been checked: 0 passed
19.08.2014 04:36:26,276 - INFO  - Watchdog has been checked: 0 passed
19.08.2014 04:38:26,326 - INFO  - Watchdog has been checked: 0 passed
19.08.2014 04:40:26,304 - INFO  - Watchdog has been checked: 0 passed
19.08.2014 04:42:26,182 - INFO  - Watchdog has been checked: 0 passed
19.08.2014 04:44:26,157 - INFO  - Watchdog has been checked: 0 passed
19.08.2014 04:46:26,156 - INFO  - Watchdog has been checked: 0 passed
19.08.2014 04:48:26,306 - INFO  - Watchdog has been checked: 0 passed
19.08.2014 04:50:26,295 - INFO  - Watchdog has been checked: 0 passed
19.08.2014 04:52:26,180 - INFO  - Watchdog has been checked: 0 passed
19.08.2014 04:54:26,268 - INFO  - Watchdog has been checked: 0 passed
19.08.2014 04:56:26,334 - INFO  - Watchdog has been checked: 0 passed
19.08.2014 04:58:26,247 - INFO  - Watchdog has been checked: 0 passed
19.08.2014 05:00:26,208 - INFO  - Watchdog has been checked: 0 passed
19.08.2014 05:02:26,115 - INFO  - Watchdog has been checked: 0 passed
19.08.2014 05:04:26,455 - INFO  - Watchdog has been checked: 0 passed
19.08.2014 05:06:26,372 - INFO  - Watchdog has been checked: 0 passed
19.08.2014 05:08:26,229 - INFO  - Watchdog has been checked: 0 passed
19.08.2014 05:10:26,273 - INFO  - Watchdog has been checked: 0 passed
19.08.2014 05:12:26,344 - INFO  - Watchdog has been checked: 0 passed
19.08.2014 05:14:26,263 - INFO  - Watchdog has been checked: 0 passed
19.08.2014 05:16:26,363 - INFO  - Watchdog has been checked: 0 passed
19.08.2014 05:18:26,195 - INFO  - Watchdog has been checked: 0 passed
19.08.2014 05:20:26,263 - INFO  - Watchdog has been checked: 0 passed
19.08.2014 05:22:31,304 - INFO  - Watchdog has been checked: 0 passed
19.08.2014 05:24:31,275 - INFO  - Watchdog has been checked: 0 passed
19.08.2014 05:26:31,283 - INFO  - Watchdog has been checked: 0 passed
19.08.2014 05:28:31,151 - INFO  - Watchdog has been checked: 0 passed
19.08.2014 05:30:30,221 - INFO  - Watchdog has been checked: 0 passed
19.08.2014 05:32:30,323 - INFO  - Watchdog has been checked: 0 passed
19.08.2014 05:34:30,211 - INFO  - Watchdog has been checked: 0 passed
19.08.2014 05:36:30,159 - INFO  - Watchdog has been checked: 0 passed
19.08.2014 05:38:30,020 - INFO  - Watchdog has been checked: 0 passed
19.08.2014 05:40:29,139 - INFO  - Watchdog has been checked: 0 passed
19.08.2014 05:42:28,156 - INFO  - Watchdog has been checked: 0 passed
19.08.2014 05:44:28,093 - INFO  - Watchdog has been checked: 0 passed
19.08.2014 05:46:27,093 - INFO  - Watchdog has been checked: 0 passed
19.08.2014 05:48:27,179 - INFO  - Watchdog has been checked: 0 passed
19.08.2014 05:50:26,231 - INFO  - Watchdog has been checked: 0 passed
19.08.2014 05:52:25,061 - INFO  - Watchdog has been checked: 0 passed
19.08.2014 05:54:24,205 - INFO  - Watchdog has been checked: 0 passed
19.08.2014 05:56:23,314 - INFO  - Watchdog has been checked: 0 passed
19.08.2014 05:58:23,132 - INFO  - Watchdog has been checked: 0 passed
19.08.2014 06:00:22,217 - INFO  - Watchdog has been checked: 0 passed
19.08.2014 06:02:21,338 - INFO  - Watchdog has been checked: 0 passed
19.08.2014 06:04:21,225 - INFO  - Watchdog has been checked: 0 passed
19.08.2014 06:06:21,302 - INFO  - Watchdog has been checked: 0 passed
19.08.2014 06:08:21,151 - INFO  - Watchdog has been checked: 0 passed
19.08.2014 06:10:21,306 - INFO  - Watchdog has been checked: 0 passed
19.08.2014 06:12:21,424 - INFO  - Watchdog has been checked: 0 passed
19.08.2014 06:14:21,237 - INFO  - Watchdog has been checked: 0 passed
19.08.2014 06:15:01,439 - INFO  - mapping file sync started
19.08.2014 06:15:02,600 - INFO  - file successfully updated
19.08.2014 06:16:21,345 - INFO  - Watchdog has been checked: 0 passed
19.08.2014 06:18:21,216 - INFO  - Watchdog has been checked: 0 passed
19.08.2014 06:20:21,276 - INFO  - Watchdog has been checked: 0 passed
19.08.2014 06:22:21,455 - INFO  - Watchdog has been checked: 0 passed
19.08.2014 06:24:21,293 - INFO  - Watchdog has been checked: 0 passed
19.08.2014 06:26:21,378 - INFO  - Watchdog has been checked: 0 passed
19.08.2014 06:28:21,252 - INFO  - Watchdog has been checked: 0 passed
19.08.2014 06:30:21,336 - INFO  - Watchdog has been checked: 0 passed
19.08.2014 06:32:21,236 - INFO  - Watchdog has been checked: 0 passed
19.08.2014 06:34:21,370 - INFO  - Watchdog has been checked: 0 passed
19.08.2014 06:36:21,154 - INFO  - Watchdog has been checked: 0 passed
19.08.2014 06:38:21,203 - INFO  - Watchdog has been checked: 0 passed
19.08.2014 06:40:21,379 - INFO  - Watchdog has been checked: 0 passed
19.08.2014 06:42:21,278 - INFO  - Watchdog has been checked: 0 passed
19.08.2014 06:44:21,401 - INFO  - Watchdog has been checked: 0 passed
19.08.2014 06:46:21,294 - INFO  - Watchdog has been checked: 0 passed
19.08.2014 06:48:21,407 - INFO  - Watchdog has been checked: 0 passed
19.08.2014 06:50:21,199 - INFO  - Watchdog has been checked: 0 passed
19.08.2014 06:52:21,304 - INFO  - Watchdog has been checked: 0 passed
19.08.2014 06:54:21,178 - INFO  - Watchdog has been checked: 0 passed
19.08.2014 06:56:21,199 - INFO  - Watchdog has been checked: 0 passed
19.08.2014 06:58:21,325 - INFO  - Watchdog has been checked: 0 passed
19.08.2014 07:00:21,107 - INFO  - Watchdog has been checked: 0 passed
19.08.2014 07:02:20,214 - INFO  - Watchdog has been checked: 0 passed
19.08.2014 07:04:20,101 - INFO  - Watchdog has been checked: 0 passed
19.08.2014 07:06:19,137 - INFO  - Watchdog has been checked: 0 passed
19.08.2014 07:08:18,048 - INFO  - Watchdog has been checked: 0 passed
19.08.2014 07:10:17,142 - INFO  - Watchdog has been checked: 0 passed
19.08.2014 07:12:16,108 - INFO  - Watchdog has been checked: 0 passed
19.08.2014 07:14:15,128 - INFO  - Watchdog has been checked: 0 passed
19.08.2014 07:15:01,421 - INFO  - mapping file sync started
19.08.2014 07:15:02,062 - INFO  - file successfully updated
19.08.2014 07:16:14,159 - INFO  - Watchdog has been checked: 0 passed
19.08.2014 07:18:13,050 - INFO  - Watchdog has been checked: 0 passed
19.08.2014 07:20:12,113 - INFO  - Watchdog has been checked: 0 passed
19.08.2014 07:22:11,283 - INFO  - Watchdog has been checked: 0 passed
19.08.2014 07:24:11,130 - INFO  - Watchdog has been checked: 0 passed
19.08.2014 07:26:10,209 - INFO  - Watchdog has been checked: 0 passed
19.08.2014 07:28:10,089 - INFO  - Watchdog has been checked: 0 passed
19.08.2014 07:30:09,164 - INFO  - Watchdog has been checked: 0 passed
19.08.2014 07:32:08,332 - INFO  - Watchdog has been checked: 0 passed
19.08.2014 07:34:08,193 - INFO  - Watchdog has been checked: 0 passed
19.08.2014 07:36:07,186 - INFO  - Watchdog has been checked: 0 passed
19.08.2014 07:38:07,361 - INFO  - Watchdog has been checked: 0 passed
19.08.2014 07:40:07,159 - INFO  - Watchdog has been checked: 0 passed
19.08.2014 07:42:07,315 - INFO  - Watchdog has been checked: 0 passed
19.08.2014 07:44:07,127 - INFO  - Watchdog has been checked: 0 passed
19.08.2014 07:46:07,190 - INFO  - Watchdog has been checked: 0 passed
19.08.2014 07:48:07,327 - INFO  - Watchdog has been checked: 0 passed
19.08.2014 07:50:07,403 - INFO  - Watchdog has been checked: 0 passed
19.08.2014 07:52:07,273 - INFO  - Watchdog has been checked: 0 passed
19.08.2014 07:54:07,327 - INFO  - Watchdog has been checked: 0 passed
19.08.2014 07:56:07,370 - INFO  - Watchdog has been checked: 0 passed
19.08.2014 07:58:07,282 - INFO  - Watchdog has been checked: 0 passed
19.08.2014 08:00:07,375 - INFO  - Watchdog has been checked: 0 passed
19.08.2014 08:02:07,291 - INFO  - Watchdog has been checked: 0 passed
19.08.2014 08:04:07,373 - INFO  - Watchdog has been checked: 0 passed
19.08.2014 08:06:07,391 - INFO  - Watchdog has been checked: 0 passed
19.08.2014 08:08:07,240 - INFO  - Watchdog has been checked: 0 passed
19.08.2014 08:10:07,341 - INFO  - Watchdog has been checked: 0 passed
19.08.2014 08:12:07,274 - INFO  - Watchdog has been checked: 0 passed
19.08.2014 08:14:07,422 - INFO  - Watchdog has been checked: 0 passed
19.08.2014 08:16:07,197 - INFO  - Watchdog has been checked: 0 passed
19.08.2014 08:18:10,341 - INFO  - Watchdog has been checked: 0 passed
19.08.2014 08:20:10,243 - INFO  - Watchdog has been checked: 0 passed
19.08.2014 08:22:10,141 - INFO  - Watchdog has been checked: 0 passed
19.08.2014 08:24:09,976 - INFO  - Watchdog has been checked: 0 passed
19.08.2014 08:26:09,100 - INFO  - Watchdog has been checked: 0 passed
19.08.2014 08:28:08,148 - INFO  - Watchdog has been checked: 0 passed
19.08.2014 08:30:08,080 - INFO  - Watchdog has been checked: 0 passed
19.08.2014 08:32:06,989 - INFO  - Watchdog has been checked: 0 passed
19.08.2014 08:34:06,061 - INFO  - Watchdog has been checked: 0 passed
19.08.2014 08:36:05,130 - INFO  - Watchdog has been checked: 0 passed
19.08.2014 08:38:04,175 - INFO  - Watchdog has been checked: 0 passed
19.08.2014 08:40:03,175 - INFO  - Watchdog has been checked: 0 passed
19.08.2014 08:42:02,115 - INFO  - Watchdog has been checked: 0 passed
19.08.2014 08:44:01,146 - INFO  - Watchdog has been checked: 0 passed
19.08.2014 08:46:01,177 - INFO  - Watchdog has been checked: 0 passed
19.08.2014 08:48:01,011 - INFO  - Watchdog has been checked: 0 passed
19.08.2014 08:50:00,116 - INFO  - Watchdog has been checked: 0 passed
19.08.2014 08:52:00,125 - INFO  - Watchdog has been checked: 0 passed
19.08.2014 08:53:59,125 - INFO  - Watchdog has been checked: 0 passed
19.08.2014 08:55:58,192 - INFO  - Watchdog has been checked: 0 passed
19.08.2014 08:57:58,339 - INFO  - Watchdog has been checked: 0 passed
19.08.2014 08:59:58,111 - INFO  - Watchdog has been checked: 0 passed
19.08.2014 09:01:58,341 - INFO  - Watchdog has been checked: 0 passed
19.08.2014 09:03:58,171 - INFO  - Watchdog has been checked: 0 passed
19.08.2014 09:05:58,234 - INFO  - Watchdog has been checked: 0 passed
19.08.2014 09:07:58,339 - INFO  - Watchdog has been checked: 0 passed
19.08.2014 09:09:58,387 - INFO  - Watchdog has been checked: 0 passed
19.08.2014 09:11:58,330 - INFO  - Watchdog has been checked: 0 passed
19.08.2014 09:13:58,319 - INFO  - Watchdog has been checked: 0 passed
19.08.2014 09:15:58,321 - INFO  - Watchdog has been checked: 0 passed
19.08.2014 09:17:58,218 - INFO  - Watchdog has been checked: 0 passed
19.08.2014 09:19:58,198 - INFO  - Watchdog has been checked: 0 passed
19.08.2014 09:21:58,143 - INFO  - Watchdog has been checked: 0 passed
19.08.2014 09:23:58,165 - INFO  - Watchdog has been checked: 0 passed
19.08.2014 09:25:58,283 - INFO  - Watchdog has been checked: 0 passed
19.08.2014 09:27:58,364 - INFO  - Watchdog has been checked: 0 passed
19.08.2014 09:29:58,139 - INFO  - Watchdog has been checked: 0 passed
19.08.2014 09:31:58,132 - INFO  - Watchdog has been checked: 0 passed
19.08.2014 09:33:58,234 - INFO  - Watchdog has been checked: 0 passed
19.08.2014 09:35:58,291 - INFO  - Watchdog has been checked: 0 passed
19.08.2014 09:37:58,258 - INFO  - Watchdog has been checked: 0 passed
19.08.2014 09:39:58,247 - INFO  - Watchdog has been checked: 0 passed
19.08.2014 09:41:58,227 - INFO  - Watchdog has been checked: 0 passed
19.08.2014 09:43:58,256 - INFO  - Watchdog has been checked: 0 passed
19.08.2014 09:46:00,289 - INFO  - Watchdog has been checked: 0 passed
19.08.2014 09:48:00,123 - INFO  - Watchdog has been checked: 0 passed
19.08.2014 09:50:00,210 - INFO  - Watchdog has been checked: 0 passed
19.08.2014 09:52:00,165 - INFO  - Watchdog has been checked: 0 passed
19.08.2014 09:54:00,298 - INFO  - Watchdog has been checked: 0 passed
19.08.2014 09:56:00,077 - INFO  - Watchdog has been checked: 0 passed
19.08.2014 09:57:59,202 - INFO  - Watchdog has been checked: 0 passed
19.08.2014 09:59:59,269 - INFO  - Watchdog has been checked: 0 passed
19.08.2014 10:01:59,198 - INFO  - Watchdog has been checked: 0 passed
19.08.2014 10:03:59,277 - INFO  - Watchdog has been checked: 0 passed
19.08.2014 10:05:59,345 - INFO  - Watchdog has been checked: 0 passed
19.08.2014 10:07:59,144 - INFO  - Watchdog has been checked: 0 passed
19.08.2014 10:09:59,201 - INFO  - Watchdog has been checked: 0 passed
19.08.2014 10:11:59,183 - INFO  - Watchdog has been checked: 0 passed
19.08.2014 10:13:58,247 - INFO  - Watchdog has been checked: 0 passed
19.08.2014 10:15:58,311 - INFO  - Watchdog has been checked: 0 passed
19.08.2014 10:17:58,135 - INFO  - Watchdog has been checked: 0 passed
19.08.2014 10:19:57,254 - INFO  - Watchdog has been checked: 0 passed
19.08.2014 10:21:57,158 - INFO  - Watchdog has been checked: 0 passed
19.08.2014 10:23:57,286 - INFO  - Watchdog has been checked: 0 passed
19.08.2014 10:25:57,353 - INFO  - Watchdog has been checked: 0 passed
19.08.2014 10:27:57,151 - INFO  - Watchdog has been checked: 0 passed
19.08.2014 10:29:57,227 - INFO  - Watchdog has been checked: 0 passed
19.08.2014 10:31:57,151 - INFO  - Watchdog has been checked: 0 passed
19.08.2014 10:33:57,206 - INFO  - Watchdog has been checked: 0 passed
19.08.2014 10:35:57,321 - INFO  - Watchdog has been checked: 0 passed
19.08.2014 10:37:57,321 - INFO  - Watchdog has been checked: 0 passed
19.08.2014 10:39:57,213 - INFO  - Watchdog has been checked: 0 passed
19.08.2014 10:41:57,154 - INFO  - Watchdog has been checked: 0 passed
19.08.2014 10:43:57,260 - INFO  - Watchdog has been checked: 0 passed
19.08.2014 10:45:57,249 - INFO  - Watchdog has been checked: 0 passed
19.08.2014 10:48:00,129 - INFO  - Watchdog has been checked: 0 passed
19.08.2014 10:50:00,170 - INFO  - Watchdog has been checked: 0 passed
19.08.2014 10:52:00,093 - INFO  - Watchdog has been checked: 0 passed
19.08.2014 10:54:00,141 - INFO  - Watchdog has been checked: 0 passed
19.08.2014 10:56:00,204 - INFO  - Watchdog has been checked: 0 passed
19.08.2014 10:58:00,101 - INFO  - Watchdog has been checked: 0 passed
19.08.2014 11:00:00,142 - INFO  - Watchdog has been checked: 0 passed
19.08.2014 11:02:00,076 - INFO  - Watchdog has been checked: 0 passed
19.08.2014 11:04:00,138 - INFO  - Watchdog has been checked: 0 passed
19.08.2014 11:06:00,226 - INFO  - Watchdog has been checked: 0 passed
19.08.2014 11:08:00,187 - INFO  - Watchdog has been checked: 0 passed
19.08.2014 11:10:00,231 - INFO  - Watchdog has been checked: 0 passed
19.08.2014 11:12:00,175 - INFO  - Watchdog has been checked: 0 passed
19.08.2014 11:14:00,242 - INFO  - Watchdog has been checked: 0 passed
19.08.2014 11:16:00,275 - INFO  - Watchdog has been checked: 0 passed
19.08.2014 11:18:00,178 - INFO  - Watchdog has been checked: 0 passed
19.08.2014 11:20:00,242 - INFO  - Watchdog has been checked: 0 passed
19.08.2014 11:22:00,192 - INFO  - Watchdog has been checked: 0 passed
19.08.2014 11:24:00,353 - INFO  - Watchdog has been checked: 0 passed
19.08.2014 11:26:00,337 - INFO  - Watchdog has been checked: 0 passed
19.08.2014 11:28:00,170 - INFO  - Watchdog has been checked: 0 passed
19.08.2014 11:30:00,294 - INFO  - Watchdog has been checked: 0 passed
19.08.2014 11:32:00,214 - INFO  - Watchdog has been checked: 0 passed
19.08.2014 11:34:00,451 - INFO  - Watchdog has been checked: 0 passed
19.08.2014 11:36:00,318 - INFO  - Watchdog has been checked: 0 passed
19.08.2014 11:38:00,466 - INFO  - Watchdog has been checked: 0 passed
19.08.2014 11:40:00,258 - INFO  - Watchdog has been checked: 0 passed
19.08.2014 11:42:00,213 - INFO  - Watchdog has been checked: 0 passed
19.08.2014 11:44:00,466 - INFO  - Watchdog has been checked: 0 passed
19.08.2014 11:46:00,300 - INFO  - Watchdog has been checked: 0 passed
19.08.2014 11:48:00,137 - INFO  - Watchdog has been checked: 0 passed
19.08.2014 11:50:00,250 - INFO  - Watchdog has been checked: 0 passed
19.08.2014 11:52:00,185 - INFO  - Watchdog has been checked: 0 passed
19.08.2014 11:54:00,436 - INFO  - Watchdog has been checked: 0 passed
19.08.2014 11:56:00,272 - INFO  - Watchdog has been checked: 0 passed
19.08.2014 11:58:00,334 - INFO  - Watchdog has been checked: 0 passed
19.08.2014 12:00:00,103 - INFO  - Watchdog has been checked: 0 passed
19.08.2014 12:02:00,073 - INFO  - Watchdog has been checked: 0 passed
19.08.2014 12:04:00,373 - INFO  - Watchdog has been checked: 0 passed
19.08.2014 12:06:00,202 - INFO  - Watchdog has been checked: 0 passed
19.08.2014 12:08:00,126 - INFO  - Watchdog has been checked: 0 passed
19.08.2014 12:10:00,140 - INFO  - Watchdog has been checked: 0 passed
19.08.2014 12:12:00,067 - INFO  - Watchdog has been checked: 0 passed
19.08.2014 12:14:00,371 - INFO  - Watchdog has been checked: 0 passed
19.08.2014 12:16:00,240 - INFO  - Watchdog has been checked: 0 passed
19.08.2014 12:18:00,077 - INFO  - Watchdog has been checked: 0 passed
19.08.2014 12:20:00,207 - INFO  - Watchdog has been checked: 0 passed
19.08.2014 12:22:00,101 - INFO  - Watchdog has been checked: 0 passed
19.08.2014 12:24:00,359 - INFO  - Watchdog has been checked: 0 passed
19.08.2014 12:26:00,237 - INFO  - Watchdog has been checked: 0 passed
19.08.2014 12:28:00,078 - INFO  - Watchdog has been checked: 0 passed
19.08.2014 12:29:59,146 - INFO  - Watchdog has been checked: 0 passed
19.08.2014 12:31:59,077 - INFO  - Watchdog has been checked: 0 passed
19.08.2014 12:33:59,133 - INFO  - Watchdog has been checked: 0 passed
19.08.2014 12:35:59,167 - INFO  - Watchdog has been checked: 0 passed
19.08.2014 12:37:59,440 - INFO  - Watchdog has been checked: 0 passed
19.08.2014 12:39:59,269 - INFO  - Watchdog has been checked: 0 passed
19.08.2014 12:41:59,182 - INFO  - Watchdog has been checked: 0 passed
19.08.2014 12:43:59,283 - INFO  - Watchdog has been checked: 0 passed
19.08.2014 12:45:59,312 - INFO  - Watchdog has been checked: 0 passed
19.08.2014 12:47:59,414 - INFO  - Watchdog has been checked: 0 passed
19.08.2014 12:49:59,250 - INFO  - Watchdog has been checked: 0 passed
19.08.2014 12:52:00,594 - INFO  - Watchdog has been checked: 0 passed
19.08.2014 12:54:00,480 - INFO  - Watchdog has been checked: 0 passed
19.08.2014 12:56:00,373 - INFO  - Watchdog has been checked: 0 passed
19.08.2014 12:58:00,382 - INFO  - Watchdog has been checked: 0 passed
19.08.2014 13:00:00,236 - INFO  - Watchdog has been checked: 0 passed
19.08.2014 13:02:00,415 - INFO  - Watchdog has been checked: 0 passed
19.08.2014 13:04:00,366 - INFO  - Watchdog has been checked: 0 passed
19.08.2014 13:06:00,322 - INFO  - Watchdog has been checked: 0 passed
19.08.2014 13:08:00,328 - INFO  - Watchdog has been checked: 0 passed
19.08.2014 13:10:00,432 - INFO  - Watchdog has been checked: 0 passed
19.08.2014 13:12:00,415 - INFO  - Watchdog has been checked: 0 passed
19.08.2014 13:14:00,642 - INFO  - Watchdog has been checked: 0 passed
19.08.2014 13:16:00,516 - INFO  - Watchdog has been checked: 0 passed
19.08.2014 13:18:00,346 - INFO  - Watchdog has been checked: 0 passed
19.08.2014 13:20:00,465 - INFO  - Watchdog has been checked: 0 passed
19.08.2014 13:22:00,405 - INFO  - Watchdog has been checked: 0 passed
19.08.2014 13:24:00,552 - INFO  - Watchdog has been checked: 0 passed
19.08.2014 13:26:00,538 - INFO  - Watchdog has been checked: 0 passed
19.08.2014 13:28:00,423 - INFO  - Watchdog has been checked: 0 passed
19.08.2014 13:30:00,464 - INFO  - Watchdog has been checked: 0 passed
19.08.2014 13:32:00,514 - INFO  - Watchdog has been checked: 0 passed
19.08.2014 13:34:00,586 - INFO  - Watchdog has been checked: 0 passed
19.08.2014 13:36:00,263 - INFO  - Watchdog has been checked: 0 passed
19.08.2014 13:38:00,375 - INFO  - Watchdog has been checked: 0 passed
19.08.2014 13:40:00,175 - INFO  - Watchdog has been checked: 0 passed
19.08.2014 13:42:00,338 - INFO  - Watchdog has been checked: 0 passed
19.08.2014 13:44:00,147 - INFO  - Watchdog has been checked: 0 passed
19.08.2014 13:46:00,167 - INFO  - Watchdog has been checked: 0 passed
19.08.2014 13:48:00,080 - INFO  - Watchdog has been checked: 0 passed
19.08.2014 13:49:59,067 - INFO  - Watchdog has been checked: 0 passed
19.08.2014 13:51:59,007 - INFO  - Watchdog has been checked: 0 passed
19.08.2014 13:53:58,033 - INFO  - Watchdog has been checked: 0 passed
19.08.2014 13:55:57,071 - INFO  - Watchdog has been checked: 0 passed
19.08.2014 13:57:56,126 - INFO  - Watchdog has been checked: 0 passed
19.08.2014 13:59:56,028 - INFO  - Watchdog has been checked: 0 passed
19.08.2014 14:01:55,207 - INFO  - Watchdog has been checked: 0 passed
19.08.2014 14:03:55,253 - INFO  - Watchdog has been checked: 0 passed
19.08.2014 14:05:55,102 - INFO  - Watchdog has been checked: 0 passed
19.08.2014 14:07:55,128 - INFO  - Watchdog has been checked: 0 passed
19.08.2014 14:09:55,233 - INFO  - Watchdog has been checked: 0 passed
19.08.2014 14:10:41,584 - ERROR - unknown wikiuser
19.08.2014 14:10:41,674 - INFO  - searcher anonymous --- respT: 26ms, 28460 results, q=, 
19.08.2014 14:11:55,161 - INFO  - Watchdog has been checked: 0 passed
19.08.2014 14:13:55,200 - INFO  - Watchdog has been checked: 0 passed
19.08.2014 14:15:55,276 - INFO  - Watchdog has been checked: 0 passed
19.08.2014 14:17:55,249 - INFO  - Watchdog has been checked: 0 passed
19.08.2014 14:19:55,372 - INFO  - Watchdog has been checked: 0 passed
19.08.2014 14:21:55,307 - INFO  - Watchdog has been checked: 0 passed
19.08.2014 14:23:55,473 - INFO  - Watchdog has been checked: 0 passed
19.08.2014 14:25:55,186 - INFO  - Watchdog has been checked: 0 passed
19.08.2014 14:27:55,335 - INFO  - Watchdog has been checked: 0 passed
19.08.2014 14:29:55,391 - INFO  - Watchdog has been checked: 0 passed
19.08.2014 14:31:55,398 - INFO  - Watchdog has been checked: 0 passed
19.08.2014 14:33:55,447 - INFO  - Watchdog has been checked: 0 passed
19.08.2014 14:35:55,233 - INFO  - Watchdog has been checked: 0 passed
19.08.2014 14:37:55,310 - INFO  - Watchdog has been checked: 0 passed
19.08.2014 14:39:55,406 - INFO  - Watchdog has been checked: 0 passed
19.08.2014 14:41:55,328 - INFO  - Watchdog has been checked: 0 passed
19.08.2014 14:43:55,382 - INFO  - Watchdog has been checked: 0 passed
19.08.2014 14:45:55,397 - INFO  - Watchdog has been checked: 0 passed
19.08.2014 14:47:55,229 - INFO  - Watchdog has been checked: 0 passed
19.08.2014 14:49:55,364 - INFO  - Watchdog has been checked: 0 passed
19.08.2014 14:51:55,253 - INFO  - Watchdog has been checked: 0 passed
19.08.2014 14:53:55,299 - INFO  - Watchdog has been checked: 0 passed
19.08.2014 14:55:55,318 - INFO  - Watchdog has been checked: 0 passed
19.08.2014 14:57:55,207 - INFO  - Watchdog has been checked: 0 passed
19.08.2014 14:59:55,251 - INFO  - Watchdog has been checked: 0 passed
19.08.2014 15:01:55,163 - INFO  - Watchdog has been checked: 0 passed
19.08.2014 15:03:55,208 - INFO  - Watchdog has been checked: 0 passed
19.08.2014 15:05:55,133 - INFO  - Watchdog has been checked: 0 passed
19.08.2014 15:07:55,211 - INFO  - Watchdog has been checked: 0 passed
19.08.2014 15:09:55,004 - INFO  - Watchdog has been checked: 0 passed
19.08.2014 15:11:54,212 - INFO  - Watchdog has been checked: 0 passed
19.08.2014 15:13:54,066 - INFO  - Watchdog has been checked: 0 passed
19.08.2014 15:15:53,072 - INFO  - Watchdog has been checked: 0 passed
19.08.2014 15:17:52,153 - INFO  - Watchdog has been checked: 0 passed
19.08.2014 15:19:52,230 - INFO  - Watchdog has been checked: 0 passed
19.08.2014 15:21:52,171 - INFO  - Watchdog has been checked: 0 passed
19.08.2014 15:23:52,223 - INFO  - Watchdog has been checked: 0 passed
19.08.2014 15:25:52,215 - INFO  - Watchdog has been checked: 0 passed
19.08.2014 15:27:52,282 - INFO  - Watchdog has been checked: 0 passed
19.08.2014 15:29:52,107 - INFO  - Watchdog has been checked: 0 passed
19.08.2014 15:31:52,311 - INFO  - Watchdog has been checked: 0 passed
19.08.2014 15:33:52,149 - INFO  - Watchdog has been checked: 0 passed
19.08.2014 15:35:52,146 - INFO  - Watchdog has been checked: 0 passed
19.08.2014 15:37:52,211 - INFO  - Watchdog has been checked: 0 passed
19.08.2014 15:39:52,314 - INFO  - Watchdog has been checked: 0 passed
19.08.2014 15:41:52,252 - INFO  - Watchdog has been checked: 0 passed
19.08.2014 15:43:52,185 - INFO  - Watchdog has been checked: 0 passed
19.08.2014 15:45:52,191 - INFO  - Watchdog has been checked: 0 passed
19.08.2014 15:47:52,284 - INFO  - Watchdog has been checked: 0 passed
19.08.2014 15:49:52,427 - INFO  - Watchdog has been checked: 0 passed
19.08.2014 15:51:52,375 - INFO  - Watchdog has been checked: 0 passed
19.08.2014 15:53:52,432 - INFO  - Watchdog has been checked: 0 passed
19.08.2014 15:55:52,444 - INFO  - Watchdog has been checked: 0 passed
19.08.2014 15:57:52,242 - INFO  - Watchdog has been checked: 0 passed
19.08.2014 15:59:13,604 - ERROR - unknown wikiuser
19.08.2014 15:59:13,668 - INFO  - searcher anonymous --- respT: 25ms, 28461 results, q=, 
19.08.2014 15:59:52,438 - INFO  - Watchdog has been checked: 0 passed
19.08.2014 16:01:52,345 - INFO  - Watchdog has been checked: 0 passed
19.08.2014 16:03:52,507 - INFO  - Watchdog has been checked: 0 passed
19.08.2014 16:05:52,414 - INFO  - Watchdog has been checked: 0 passed
19.08.2014 16:07:52,146 - INFO  - Watchdog has been checked: 0 passed
19.08.2014 16:09:52,363 - INFO  - Watchdog has been checked: 0 passed
19.08.2014 16:11:52,279 - INFO  - Watchdog has been checked: 0 passed
19.08.2014 16:13:52,305 - INFO  - Watchdog has been checked: 0 passed
19.08.2014 16:15:52,243 - INFO  - Watchdog has been checked: 0 passed
19.08.2014 16:17:52,323 - INFO  - Watchdog has been checked: 0 passed
19.08.2014 16:19:52,087 - INFO  - Watchdog has been checked: 0 passed
19.08.2014 16:21:52,050 - INFO  - Watchdog has been checked: 0 passed
19.08.2014 16:23:51,086 - INFO  - Watchdog has been checked: 0 passed
19.08.2014 16:25:50,095 - INFO  - Watchdog has been checked: 0 passed
19.08.2014 16:27:50,220 - INFO  - Watchdog has been checked: 0 passed
19.08.2014 16:29:49,976 - INFO  - Watchdog has been checked: 0 passed
19.08.2014 16:31:49,264 - INFO  - Watchdog has been checked: 0 passed
19.08.2014 16:33:49,271 - INFO  - Watchdog has been checked: 0 passed
19.08.2014 16:35:49,310 - INFO  - Watchdog has been checked: 0 passed
19.08.2014 16:37:49,095 - INFO  - Watchdog has been checked: 0 passed
19.08.2014 16:39:49,196 - INFO  - Watchdog has been checked: 0 passed
19.08.2014 16:41:49,173 - INFO  - Watchdog has been checked: 0 passed
19.08.2014 16:43:49,246 - INFO  - Watchdog has been checked: 0 passed
19.08.2014 16:45:49,199 - INFO  - Watchdog has been checked: 0 passed
19.08.2014 16:47:49,249 - INFO  - Watchdog has been checked: 0 passed
19.08.2014 16:49:49,076 - INFO  - Watchdog has been checked: 0 passed
19.08.2014 16:51:49,112 - INFO  - Watchdog has been checked: 0 passed
19.08.2014 16:53:49,132 - INFO  - Watchdog has been checked: 0 passed
19.08.2014 16:55:49,145 - INFO  - Watchdog has been checked: 0 passed
19.08.2014 16:57:49,274 - INFO  - Watchdog has been checked: 0 passed
19.08.2014 16:59:49,342 - INFO  - Watchdog has been checked: 0 passed
19.08.2014 17:01:49,331 - INFO  - Watchdog has been checked: 0 passed
19.08.2014 17:03:49,131 - INFO  - Watchdog has been checked: 0 passed
19.08.2014 17:05:49,144 - INFO  - Watchdog has been checked: 0 passed
19.08.2014 17:07:49,227 - INFO  - Watchdog has been checked: 0 passed
19.08.2014 17:09:49,064 - INFO  - Watchdog has been checked: 0 passed
19.08.2014 17:11:49,319 - INFO  - Watchdog has been checked: 0 passed
19.08.2014 17:13:49,324 - INFO  - Watchdog has been checked: 0 passed
19.08.2014 17:15:49,352 - INFO  - Watchdog has been checked: 0 passed
19.08.2014 17:17:49,102 - INFO  - Watchdog has been checked: 0 passed
19.08.2014 17:19:49,312 - INFO  - Watchdog has been checked: 0 passed
19.08.2014 17:21:49,177 - INFO  - Watchdog has been checked: 0 passed
19.08.2014 17:23:49,271 - INFO  - Watchdog has been checked: 0 passed
19.08.2014 17:25:49,213 - INFO  - Watchdog has been checked: 0 passed
19.08.2014 17:27:49,093 - INFO  - Watchdog has been checked: 0 passed
19.08.2014 17:29:48,144 - INFO  - Watchdog has been checked: 0 passed
19.08.2014 17:31:47,122 - INFO  - Watchdog has been checked: 0 passed
19.08.2014 17:33:46,203 - INFO  - Watchdog has been checked: 0 passed
19.08.2014 17:35:46,139 - INFO  - Watchdog has been checked: 0 passed
19.08.2014 17:37:46,323 - INFO  - Watchdog has been checked: 0 passed
19.08.2014 17:39:46,160 - INFO  - Watchdog has been checked: 0 passed
19.08.2014 17:41:46,133 - INFO  - Watchdog has been checked: 0 passed
19.08.2014 17:43:45,146 - INFO  - Watchdog has been checked: 0 passed
19.08.2014 17:45:44,226 - INFO  - Watchdog has been checked: 0 passed
19.08.2014 17:47:44,240 - INFO  - Watchdog has been checked: 0 passed
19.08.2014 17:49:44,117 - INFO  - Watchdog has been checked: 0 passed
19.08.2014 17:51:44,187 - INFO  - Watchdog has been checked: 0 passed
19.08.2014 17:53:44,368 - INFO  - Watchdog has been checked: 0 passed
19.08.2014 17:55:44,367 - INFO  - Watchdog has been checked: 0 passed
19.08.2014 17:57:44,210 - INFO  - Watchdog has been checked: 0 passed
19.08.2014 17:59:44,296 - INFO  - Watchdog has been checked: 0 passed
19.08.2014 18:01:44,266 - INFO  - Watchdog has been checked: 0 passed
19.08.2014 18:03:44,297 - INFO  - Watchdog has been checked: 0 passed
19.08.2014 18:05:44,370 - INFO  - Watchdog has been checked: 0 passed
19.08.2014 18:07:44,213 - INFO  - Watchdog has been checked: 0 passed
19.08.2014 18:09:44,325 - INFO  - Watchdog has been checked: 0 passed
19.08.2014 18:11:44,264 - INFO  - Watchdog has been checked: 0 passed
19.08.2014 18:13:44,309 - INFO  - Watchdog has been checked: 0 passed
19.08.2014 18:15:44,347 - INFO  - Watchdog has been checked: 0 passed
19.08.2014 18:17:44,225 - INFO  - Watchdog has been checked: 0 passed
19.08.2014 18:19:44,339 - INFO  - Watchdog has been checked: 0 passed
19.08.2014 18:21:44,288 - INFO  - Watchdog has been checked: 0 passed
19.08.2014 18:23:44,320 - INFO  - Watchdog has been checked: 0 passed
19.08.2014 18:25:44,291 - INFO  - Watchdog has been checked: 0 passed
19.08.2014 18:27:44,350 - INFO  - Watchdog has been checked: 0 passed
19.08.2014 18:29:44,145 - INFO  - Watchdog has been checked: 0 passed
19.08.2014 18:31:44,073 - INFO  - Watchdog has been checked: 0 passed
19.08.2014 18:33:44,095 - INFO  - Watchdog has been checked: 0 passed
19.08.2014 18:35:43,089 - INFO  - Watchdog has been checked: 0 passed
19.08.2014 18:37:43,200 - INFO  - Watchdog has been checked: 0 passed
19.08.2014 18:39:43,045 - INFO  - Watchdog has been checked: 0 passed
19.08.2014 18:41:41,974 - INFO  - Watchdog has been checked: 0 passed
19.08.2014 18:43:41,012 - INFO  - Watchdog has been checked: 0 passed
19.08.2014 18:45:40,048 - INFO  - Watchdog has been checked: 0 passed
19.08.2014 18:47:39,110 - INFO  - Watchdog has been checked: 0 passed
19.08.2014 18:49:38,066 - INFO  - Watchdog has been checked: 0 passed
19.08.2014 18:51:37,159 - INFO  - Watchdog has been checked: 0 passed
19.08.2014 18:53:37,173 - INFO  - Watchdog has been checked: 0 passed
19.08.2014 18:55:37,187 - INFO  - Watchdog has been checked: 0 passed
19.08.2014 18:57:37,030 - INFO  - Watchdog has been checked: 0 passed
19.08.2014 18:59:36,120 - INFO  - Watchdog has been checked: 0 passed
19.08.2014 19:01:35,024 - INFO  - Watchdog has been checked: 0 passed
19.08.2014 19:03:34,269 - INFO  - Watchdog has been checked: 0 passed
19.08.2014 19:05:34,077 - INFO  - Watchdog has been checked: 0 passed
19.08.2014 19:07:33,137 - INFO  - Watchdog has been checked: 0 passed
19.08.2014 19:09:33,270 - INFO  - Watchdog has been checked: 0 passed
19.08.2014 19:11:33,230 - INFO  - Watchdog has been checked: 0 passed
19.08.2014 19:13:33,207 - INFO  - Watchdog has been checked: 0 passed
19.08.2014 19:15:33,277 - INFO  - Watchdog has been checked: 0 passed
19.08.2014 19:17:33,294 - INFO  - Watchdog has been checked: 0 passed
19.08.2014 19:19:33,241 - INFO  - Watchdog has been checked: 0 passed
19.08.2014 19:21:33,116 - INFO  - Watchdog has been checked: 0 passed
19.08.2014 19:23:33,174 - INFO  - Watchdog has been checked: 0 passed
19.08.2014 19:25:33,402 - INFO  - Watchdog has been checked: 0 passed
19.08.2014 19:27:33,316 - INFO  - Watchdog has been checked: 0 passed
19.08.2014 19:29:33,230 - INFO  - Watchdog has been checked: 0 passed
19.08.2014 19:31:33,195 - INFO  - Watchdog has been checked: 0 passed
19.08.2014 19:33:33,431 - INFO  - Watchdog has been checked: 0 passed
19.08.2014 19:35:33,257 - INFO  - Watchdog has been checked: 0 passed
19.08.2014 19:37:33,389 - INFO  - Watchdog has been checked: 0 passed
19.08.2014 19:39:33,245 - INFO  - Watchdog has been checked: 0 passed
19.08.2014 19:41:33,225 - INFO  - Watchdog has been checked: 0 passed
19.08.2014 19:43:33,220 - INFO  - Watchdog has been checked: 0 passed
19.08.2014 19:45:33,229 - INFO  - Watchdog has been checked: 0 passed
19.08.2014 19:47:33,342 - INFO  - Watchdog has been checked: 0 passed
19.08.2014 19:49:33,200 - INFO  - Watchdog has been checked: 0 passed
19.08.2014 19:51:33,128 - INFO  - Watchdog has been checked: 0 passed
19.08.2014 19:53:33,454 - INFO  - Watchdog has been checked: 0 passed
19.08.2014 19:55:33,278 - INFO  - Watchdog has been checked: 0 passed
19.08.2014 19:57:33,306 - INFO  - Watchdog has been checked: 0 passed
19.08.2014 19:59:33,157 - INFO  - Watchdog has been checked: 0 passed
19.08.2014 20:01:33,336 - INFO  - Watchdog has been checked: 0 passed
19.08.2014 20:03:33,304 - INFO  - Watchdog has been checked: 0 passed
19.08.2014 20:05:33,136 - INFO  - Watchdog has been checked: 0 passed
19.08.2014 20:07:33,173 - INFO  - Watchdog has been checked: 0 passed
19.08.2014 20:09:33,345 - INFO  - Watchdog has been checked: 0 passed
19.08.2014 20:11:33,264 - INFO  - Watchdog has been checked: 0 passed
19.08.2014 20:13:33,067 - INFO  - Watchdog has been checked: 0 passed
19.08.2014 20:15:32,147 - INFO  - Watchdog has been checked: 0 passed
19.08.2014 20:17:32,213 - INFO  - Watchdog has been checked: 0 passed
19.08.2014 20:19:32,219 - INFO  - Watchdog has been checked: 0 passed
19.08.2014 20:21:32,132 - INFO  - Watchdog has been checked: 0 passed
19.08.2014 20:23:32,212 - INFO  - Watchdog has been checked: 0 passed
19.08.2014 20:25:32,238 - INFO  - Watchdog has been checked: 0 passed
19.08.2014 20:27:32,084 - INFO  - Watchdog has been checked: 0 passed
19.08.2014 20:29:32,200 - INFO  - Watchdog has been checked: 0 passed
19.08.2014 20:31:32,101 - INFO  - Watchdog has been checked: 0 passed
19.08.2014 20:33:32,333 - INFO  - Watchdog has been checked: 0 passed
19.08.2014 20:35:32,330 - INFO  - Watchdog has been checked: 0 passed
19.08.2014 20:37:32,177 - INFO  - Watchdog has been checked: 0 passed
19.08.2014 20:39:32,317 - INFO  - Watchdog has been checked: 0 passed
19.08.2014 20:41:32,291 - INFO  - Watchdog has been checked: 0 passed
19.08.2014 20:43:32,356 - INFO  - Watchdog has been checked: 0 passed
19.08.2014 20:45:32,322 - INFO  - Watchdog has been checked: 0 passed
19.08.2014 20:47:32,186 - INFO  - Watchdog has been checked: 0 passed
19.08.2014 20:49:32,157 - INFO  - Watchdog has been checked: 0 passed
19.08.2014 20:51:32,327 - INFO  - Watchdog has been checked: 0 passed
19.08.2014 20:53:32,323 - INFO  - Watchdog has been checked: 0 passed
19.08.2014 20:55:32,089 - INFO  - Watchdog has been checked: 0 passed
19.08.2014 20:57:31,166 - INFO  - Watchdog has been checked: 0 passed
19.08.2014 20:59:31,055 - INFO  - Watchdog has been checked: 0 passed
19.08.2014 21:01:30,240 - INFO  - Watchdog has been checked: 0 passed
19.08.2014 21:03:30,264 - INFO  - Watchdog has been checked: 0 passed
19.08.2014 21:05:30,152 - INFO  - Watchdog has been checked: 0 passed
19.08.2014 21:07:29,135 - INFO  - Watchdog has been checked: 0 passed
19.08.2014 21:09:29,080 - INFO  - Watchdog has been checked: 0 passed
19.08.2014 21:11:28,192 - INFO  - Watchdog has been checked: 0 passed
19.08.2014 21:13:28,242 - INFO  - Watchdog has been checked: 0 passed
19.08.2014 21:15:28,293 - INFO  - Watchdog has been checked: 0 passed
19.08.2014 21:17:28,116 - INFO  - Watchdog has been checked: 0 passed
19.08.2014 21:19:28,248 - INFO  - Watchdog has been checked: 0 passed
19.08.2014 21:21:28,169 - INFO  - Watchdog has been checked: 0 passed
19.08.2014 21:23:28,177 - INFO  - Watchdog has been checked: 0 passed
19.08.2014 21:25:28,287 - INFO  - Watchdog has been checked: 0 passed
19.08.2014 21:27:28,038 - INFO  - Watchdog has been checked: 0 passed
19.08.2014 21:29:27,259 - INFO  - Watchdog has been checked: 0 passed
19.08.2014 21:31:27,197 - INFO  - Watchdog has been checked: 0 passed
19.08.2014 21:33:27,162 - INFO  - Watchdog has been checked: 0 passed
19.08.2014 21:35:27,015 - INFO  - Watchdog has been checked: 0 passed
19.08.2014 21:37:26,246 - INFO  - Watchdog has been checked: 0 passed
19.08.2014 21:39:26,185 - INFO  - Watchdog has been checked: 0 passed
19.08.2014 21:41:26,153 - INFO  - Watchdog has been checked: 0 passed
19.08.2014 21:43:26,122 - INFO  - Watchdog has been checked: 0 passed
19.08.2014 21:45:26,276 - INFO  - Watchdog has been checked: 0 passed
19.08.2014 21:47:26,079 - INFO  - Watchdog has been checked: 0 passed
19.08.2014 21:49:26,226 - INFO  - Watchdog has been checked: 0 passed
19.08.2014 21:51:26,200 - INFO  - Watchdog has been checked: 0 passed
19.08.2014 21:53:26,163 - INFO  - Watchdog has been checked: 0 passed
19.08.2014 21:55:26,248 - INFO  - Watchdog has been checked: 0 passed
19.08.2014 21:57:26,306 - INFO  - Watchdog has been checked: 0 passed
19.08.2014 21:59:26,157 - INFO  - Watchdog has been checked: 0 passed
19.08.2014 22:01:26,186 - INFO  - Watchdog has been checked: 0 passed
19.08.2014 22:03:26,429 - INFO  - Watchdog has been checked: 0 passed
19.08.2014 22:05:26,257 - INFO  - Watchdog has been checked: 0 passed
19.08.2014 22:07:26,267 - INFO  - Watchdog has been checked: 0 passed
19.08.2014 22:09:26,201 - INFO  - Watchdog has been checked: 0 passed
19.08.2014 22:11:26,431 - INFO  - Watchdog has been checked: 0 passed
19.08.2014 22:13:26,381 - INFO  - Watchdog has been checked: 0 passed
19.08.2014 22:15:26,450 - INFO  - Watchdog has been checked: 0 passed
19.08.2014 22:17:26,296 - INFO  - Watchdog has been checked: 0 passed
19.08.2014 22:19:26,415 - INFO  - Watchdog has been checked: 0 passed
19.08.2014 22:21:26,432 - INFO  - Watchdog has been checked: 0 passed
19.08.2014 22:23:26,399 - INFO  - Watchdog has been checked: 0 passed
19.08.2014 22:25:26,363 - INFO  - Watchdog has been checked: 0 passed
19.08.2014 22:27:26,163 - INFO  - Watchdog has been checked: 0 passed
19.08.2014 22:29:26,386 - INFO  - Watchdog has been checked: 0 passed
19.08.2014 22:31:26,333 - INFO  - Watchdog has been checked: 0 passed
19.08.2014 22:33:26,308 - INFO  - Watchdog has been checked: 0 passed
19.08.2014 22:35:26,402 - INFO  - Watchdog has been checked: 0 passed
19.08.2014 22:37:26,260 - INFO  - Watchdog has been checked: 0 passed
19.08.2014 22:39:26,314 - INFO  - Watchdog has been checked: 0 passed
19.08.2014 22:41:26,283 - INFO  - Watchdog has been checked: 0 passed
19.08.2014 22:43:26,328 - INFO  - Watchdog has been checked: 0 passed
19.08.2014 22:45:26,081 - INFO  - Watchdog has been checked: 0 passed
19.08.2014 22:47:26,179 - INFO  - Watchdog has been checked: 0 passed
19.08.2014 22:49:26,305 - INFO  - Watchdog has been checked: 0 passed
19.08.2014 22:51:26,219 - INFO  - Watchdog has been checked: 0 passed
19.08.2014 22:53:26,204 - INFO  - Watchdog has been checked: 0 passed
19.08.2014 22:55:26,280 - INFO  - Watchdog has been checked: 0 passed
19.08.2014 22:57:26,376 - INFO  - Watchdog has been checked: 0 passed
19.08.2014 22:59:26,227 - INFO  - Watchdog has been checked: 0 passed
19.08.2014 23:01:26,320 - INFO  - Watchdog has been checked: 0 passed
19.08.2014 23:03:26,320 - INFO  - Watchdog has been checked: 0 passed
19.08.2014 23:05:26,066 - INFO  - Watchdog has been checked: 0 passed
19.08.2014 23:07:26,182 - INFO  - Watchdog has been checked: 0 passed
19.08.2014 23:09:26,340 - INFO  - Watchdog has been checked: 0 passed
19.08.2014 23:11:26,344 - INFO  - Watchdog has been checked: 0 passed
19.08.2014 23:13:26,371 - INFO  - Watchdog has been checked: 0 passed
19.08.2014 23:15:26,072 - INFO  - Watchdog has been checked: 0 passed
19.08.2014 23:17:26,210 - INFO  - Watchdog has been checked: 0 passed
19.08.2014 23:19:26,314 - INFO  - Watchdog has been checked: 0 passed
19.08.2014 23:21:26,211 - INFO  - Watchdog has been checked: 0 passed
19.08.2014 23:23:26,277 - INFO  - Watchdog has been checked: 0 passed
19.08.2014 23:25:26,314 - INFO  - Watchdog has been checked: 0 passed
19.08.2014 23:27:26,076 - INFO  - Watchdog has been checked: 0 passed
19.08.2014 23:29:26,277 - INFO  - Watchdog has been checked: 0 passed
19.08.2014 23:31:27,370 - INFO  - Watchdog has been checked: 0 passed
19.08.2014 23:33:26,198 - INFO  - Watchdog has been checked: 0 passed
19.08.2014 23:35:26,250 - INFO  - Watchdog has been checked: 0 passed
19.08.2014 23:37:26,293 - INFO  - Watchdog has been checked: 0 passed
19.08.2014 23:39:26,254 - INFO  - Watchdog has been checked: 0 passed
19.08.2014 23:41:26,195 - INFO  - Watchdog has been checked: 0 passed
19.08.2014 23:43:26,239 - INFO  - Watchdog has been checked: 0 passed
19.08.2014 23:45:26,288 - INFO  - Watchdog has been checked: 0 passed
19.08.2014 23:47:26,288 - INFO  - Watchdog has been checked: 0 passed
19.08.2014 23:49:26,236 - INFO  - Watchdog has been checked: 0 passed
19.08.2014 23:51:26,098 - INFO  - Watchdog has been checked: 0 passed
19.08.2014 23:53:26,171 - INFO  - Watchdog has been checked: 0 passed
19.08.2014 23:55:26,267 - INFO  - Watchdog has been checked: 0 passed
19.08.2014 23:57:26,674 - INFO  - Watchdog has been checked: 0 passed
19.08.2014 23:59:26,190 - INFO  - Watchdog has been checked: 0 passed
