11.07.2014 00:01:46,330 - INFO  - Watchdog has been checked: 0 passed
11.07.2014 00:03:46,194 - INFO  - Watchdog has been checked: 0 passed
11.07.2014 00:05:46,255 - INFO  - Watchdog has been checked: 0 passed
11.07.2014 00:07:46,306 - INFO  - Watchdog has been checked: 0 passed
11.07.2014 00:09:46,312 - INFO  - Watchdog has been checked: 0 passed
11.07.2014 00:11:48,323 - INFO  - Watchdog has been checked: 0 passed
11.07.2014 00:13:48,176 - INFO  - Watchdog has been checked: 0 passed
11.07.2014 00:15:48,196 - INFO  - Watchdog has been checked: 0 passed
11.07.2014 00:17:48,186 - INFO  - Watchdog has been checked: 0 passed
11.07.2014 00:19:48,222 - INFO  - Watchdog has been checked: 0 passed
11.07.2014 00:21:48,194 - INFO  - Watchdog has been checked: 0 passed
11.07.2014 00:23:48,313 - INFO  - Watchdog has been checked: 0 passed
11.07.2014 00:25:48,108 - INFO  - Watchdog has been checked: 0 passed
11.07.2014 00:27:48,131 - INFO  - Watchdog has been checked: 0 passed
11.07.2014 00:29:48,185 - INFO  - Watchdog has been checked: 0 passed
11.07.2014 00:31:48,167 - INFO  - Watchdog has been checked: 0 passed
11.07.2014 00:33:48,235 - INFO  - Watchdog has been checked: 0 passed
11.07.2014 00:35:48,333 - INFO  - Watchdog has been checked: 0 passed
11.07.2014 00:37:48,322 - INFO  - Watchdog has been checked: 0 passed
11.07.2014 00:39:48,119 - INFO  - Watchdog has been checked: 0 passed
11.07.2014 00:41:48,324 - INFO  - Watchdog has been checked: 0 passed
11.07.2014 00:43:48,194 - INFO  - Watchdog has been checked: 0 passed
11.07.2014 00:45:48,228 - INFO  - Watchdog has been checked: 0 passed
11.07.2014 00:47:48,196 - INFO  - Watchdog has been checked: 0 passed
11.07.2014 00:49:48,286 - INFO  - Watchdog has been checked: 0 passed
11.07.2014 00:51:48,161 - INFO  - Watchdog has been checked: 0 passed
11.07.2014 00:53:48,212 - INFO  - Watchdog has been checked: 0 passed
11.07.2014 00:55:48,301 - INFO  - Watchdog has been checked: 0 passed
11.07.2014 00:57:48,278 - INFO  - Watchdog has been checked: 0 passed
11.07.2014 00:59:48,319 - INFO  - Watchdog has been checked: 0 passed
11.07.2014 01:01:48,272 - INFO  - Watchdog has been checked: 0 passed
11.07.2014 01:03:48,439 - INFO  - Watchdog has been checked: 0 passed
11.07.2014 01:05:48,223 - INFO  - Watchdog has been checked: 0 passed
11.07.2014 01:07:48,189 - INFO  - Watchdog has been checked: 0 passed
11.07.2014 01:09:48,230 - INFO  - Watchdog has been checked: 0 passed
11.07.2014 01:11:48,281 - INFO  - Watchdog has been checked: 0 passed
11.07.2014 01:13:48,408 - INFO  - Watchdog has been checked: 0 passed
11.07.2014 01:15:48,246 - INFO  - Watchdog has been checked: 0 passed
11.07.2014 01:17:48,339 - INFO  - Watchdog has been checked: 0 passed
11.07.2014 01:19:48,365 - INFO  - Watchdog has been checked: 0 passed
11.07.2014 01:21:48,357 - INFO  - Watchdog has been checked: 0 passed
11.07.2014 01:23:48,181 - INFO  - Watchdog has been checked: 0 passed
11.07.2014 01:25:48,274 - INFO  - Watchdog has been checked: 0 passed
11.07.2014 01:27:48,248 - INFO  - Watchdog has been checked: 0 passed
11.07.2014 01:29:48,175 - INFO  - Watchdog has been checked: 0 passed
11.07.2014 01:31:48,226 - INFO  - Watchdog has been checked: 0 passed
11.07.2014 01:33:48,232 - INFO  - Watchdog has been checked: 0 passed
11.07.2014 01:35:48,233 - INFO  - Watchdog has been checked: 0 passed
11.07.2014 01:37:48,299 - INFO  - Watchdog has been checked: 0 passed
11.07.2014 01:39:48,200 - INFO  - Watchdog has been checked: 0 passed
11.07.2014 01:41:48,286 - INFO  - Watchdog has been checked: 0 passed
11.07.2014 01:43:47,952 - INFO  - Watchdog has been checked: 0 passed
11.07.2014 01:45:47,207 - INFO  - Watchdog has been checked: 0 passed
11.07.2014 01:47:47,134 - INFO  - Watchdog has been checked: 0 passed
11.07.2014 01:49:47,110 - INFO  - Watchdog has been checked: 0 passed
11.07.2014 01:51:47,041 - INFO  - Watchdog has been checked: 0 passed
11.07.2014 01:53:46,035 - INFO  - Watchdog has been checked: 0 passed
11.07.2014 01:55:45,094 - INFO  - Watchdog has been checked: 0 passed
11.07.2014 01:57:45,138 - INFO  - Watchdog has been checked: 0 passed
11.07.2014 01:59:45,123 - INFO  - Watchdog has been checked: 0 passed
11.07.2014 02:01:45,163 - INFO  - Watchdog has been checked: 0 passed
11.07.2014 02:03:44,882 - INFO  - Watchdog has been checked: 0 passed
11.07.2014 02:05:44,034 - INFO  - Watchdog has been checked: 0 passed
11.07.2014 02:07:42,957 - INFO  - Watchdog has been checked: 0 passed
11.07.2014 02:09:42,095 - INFO  - Watchdog has been checked: 0 passed
11.07.2014 02:11:42,102 - INFO  - Watchdog has been checked: 0 passed
11.07.2014 02:13:42,164 - INFO  - Watchdog has been checked: 0 passed
11.07.2014 02:15:42,203 - INFO  - Watchdog has been checked: 0 passed
11.07.2014 02:17:42,132 - INFO  - Watchdog has been checked: 0 passed
11.07.2014 02:19:42,283 - INFO  - Watchdog has been checked: 0 passed
11.07.2014 02:21:42,282 - INFO  - Watchdog has been checked: 0 passed
11.07.2014 02:23:42,057 - INFO  - Watchdog has been checked: 0 passed
11.07.2014 02:25:42,156 - INFO  - Watchdog has been checked: 0 passed
11.07.2014 02:27:42,179 - INFO  - Watchdog has been checked: 0 passed
11.07.2014 02:29:42,263 - INFO  - Watchdog has been checked: 0 passed
11.07.2014 02:31:42,212 - INFO  - Watchdog has been checked: 0 passed
11.07.2014 02:33:42,389 - INFO  - Watchdog has been checked: 0 passed
11.07.2014 02:35:42,168 - INFO  - Watchdog has been checked: 0 passed
11.07.2014 02:37:42,227 - INFO  - Watchdog has been checked: 0 passed
11.07.2014 02:39:42,302 - INFO  - Watchdog has been checked: 0 passed
11.07.2014 02:41:42,266 - INFO  - Watchdog has been checked: 0 passed
11.07.2014 02:43:42,348 - INFO  - Watchdog has been checked: 0 passed
11.07.2014 02:45:42,350 - INFO  - Watchdog has been checked: 0 passed
11.07.2014 02:47:42,350 - INFO  - Watchdog has been checked: 0 passed
11.07.2014 02:49:42,407 - INFO  - Watchdog has been checked: 0 passed
11.07.2014 02:51:42,375 - INFO  - Watchdog has been checked: 0 passed
11.07.2014 02:53:42,227 - INFO  - Watchdog has been checked: 0 passed
11.07.2014 02:55:42,322 - INFO  - Watchdog has been checked: 0 passed
11.07.2014 02:57:42,352 - INFO  - Watchdog has been checked: 0 passed
11.07.2014 02:59:42,500 - INFO  - Watchdog has been checked: 0 passed
11.07.2014 03:01:42,405 - INFO  - Watchdog has been checked: 0 passed
11.07.2014 03:03:42,159 - INFO  - Watchdog has been checked: 0 passed
11.07.2014 03:05:42,235 - INFO  - Watchdog has been checked: 0 passed
11.07.2014 03:07:42,224 - INFO  - Watchdog has been checked: 0 passed
11.07.2014 03:09:42,276 - INFO  - Watchdog has been checked: 0 passed
11.07.2014 03:11:42,249 - INFO  - Watchdog has been checked: 0 passed
11.07.2014 03:13:42,067 - INFO  - Watchdog has been checked: 0 passed
11.07.2014 03:15:41,168 - INFO  - Watchdog has been checked: 0 passed
11.07.2014 03:17:41,128 - INFO  - Watchdog has been checked: 0 passed
11.07.2014 03:19:41,166 - INFO  - Watchdog has been checked: 0 passed
11.07.2014 03:21:41,195 - INFO  - Watchdog has been checked: 0 passed
11.07.2014 03:23:41,244 - INFO  - Watchdog has been checked: 0 passed
11.07.2014 03:25:41,077 - INFO  - Watchdog has been checked: 0 passed
11.07.2014 03:27:40,049 - INFO  - Watchdog has been checked: 0 passed
11.07.2014 03:29:39,111 - INFO  - Watchdog has been checked: 0 passed
11.07.2014 03:31:38,124 - INFO  - Watchdog has been checked: 0 passed
11.07.2014 03:33:37,126 - INFO  - Watchdog has been checked: 0 passed
11.07.2014 03:35:37,271 - INFO  - Watchdog has been checked: 0 passed
11.07.2014 03:37:37,201 - INFO  - Watchdog has been checked: 0 passed
11.07.2014 03:39:37,151 - INFO  - Watchdog has been checked: 0 passed
11.07.2014 03:41:37,237 - INFO  - Watchdog has been checked: 0 passed
11.07.2014 03:43:38,181 - INFO  - Watchdog has been checked: 0 passed
11.07.2014 03:45:38,351 - INFO  - Watchdog has been checked: 0 passed
11.07.2014 03:47:38,306 - INFO  - Watchdog has been checked: 0 passed
11.07.2014 03:49:38,296 - INFO  - Watchdog has been checked: 0 passed
11.07.2014 03:51:38,241 - INFO  - Watchdog has been checked: 0 passed
11.07.2014 03:53:38,168 - INFO  - Watchdog has been checked: 0 passed
11.07.2014 03:55:38,258 - INFO  - Watchdog has been checked: 0 passed
11.07.2014 03:57:38,256 - INFO  - Watchdog has been checked: 0 passed
11.07.2014 03:59:38,253 - INFO  - Watchdog has been checked: 0 passed
11.07.2014 04:01:38,275 - INFO  - Watchdog has been checked: 0 passed
11.07.2014 04:03:38,341 - INFO  - Watchdog has been checked: 0 passed
11.07.2014 04:05:38,406 - INFO  - Watchdog has been checked: 0 passed
11.07.2014 04:07:38,349 - INFO  - Watchdog has been checked: 0 passed
11.07.2014 04:09:38,305 - INFO  - Watchdog has been checked: 0 passed
11.07.2014 04:11:38,349 - INFO  - Watchdog has been checked: 0 passed
11.07.2014 04:13:38,134 - INFO  - Watchdog has been checked: 0 passed
11.07.2014 04:15:38,400 - INFO  - Watchdog has been checked: 0 passed
11.07.2014 04:17:38,149 - INFO  - Watchdog has been checked: 0 passed
11.07.2014 04:19:38,148 - INFO  - Watchdog has been checked: 0 passed
11.07.2014 04:21:38,189 - INFO  - Watchdog has been checked: 0 passed
11.07.2014 04:23:38,190 - INFO  - Watchdog has been checked: 0 passed
11.07.2014 04:25:38,228 - INFO  - Watchdog has been checked: 0 passed
11.07.2014 04:27:38,264 - INFO  - Watchdog has been checked: 0 passed
11.07.2014 04:29:38,287 - INFO  - Watchdog has been checked: 0 passed
11.07.2014 04:31:38,067 - INFO  - Watchdog has been checked: 0 passed
11.07.2014 04:33:38,128 - INFO  - Watchdog has been checked: 0 passed
11.07.2014 04:35:38,126 - INFO  - Watchdog has been checked: 0 passed
11.07.2014 04:37:38,158 - INFO  - Watchdog has been checked: 0 passed
11.07.2014 04:39:38,180 - INFO  - Watchdog has been checked: 0 passed
11.07.2014 04:41:38,270 - INFO  - Watchdog has been checked: 0 passed
11.07.2014 04:43:37,303 - INFO  - Watchdog has been checked: 0 passed
11.07.2014 04:45:37,940 - INFO  - Watchdog has been checked: 0 passed
11.07.2014 04:47:37,135 - INFO  - Watchdog has been checked: 0 passed
11.07.2014 04:49:37,158 - INFO  - Watchdog has been checked: 0 passed
11.07.2014 04:51:36,089 - INFO  - Watchdog has been checked: 0 passed
11.07.2014 04:53:35,246 - INFO  - Watchdog has been checked: 0 passed
11.07.2014 04:55:35,304 - INFO  - Watchdog has been checked: 0 passed
11.07.2014 04:57:35,356 - INFO  - Watchdog has been checked: 0 passed
11.07.2014 04:59:35,131 - INFO  - Watchdog has been checked: 0 passed
11.07.2014 05:01:34,334 - INFO  - Watchdog has been checked: 0 passed
11.07.2014 05:03:34,191 - INFO  - Watchdog has been checked: 0 passed
11.07.2014 05:05:34,215 - INFO  - Watchdog has been checked: 0 passed
11.07.2014 05:07:34,197 - INFO  - Watchdog has been checked: 0 passed
11.07.2014 05:09:34,220 - INFO  - Watchdog has been checked: 0 passed
11.07.2014 05:11:34,204 - INFO  - Watchdog has been checked: 0 passed
11.07.2014 05:13:34,354 - INFO  - Watchdog has been checked: 0 passed
11.07.2014 05:15:34,402 - INFO  - Watchdog has been checked: 0 passed
11.07.2014 05:17:38,371 - INFO  - Watchdog has been checked: 0 passed
11.07.2014 05:19:38,213 - INFO  - Watchdog has been checked: 0 passed
11.07.2014 05:21:38,156 - INFO  - Watchdog has been checked: 0 passed
11.07.2014 05:23:38,231 - INFO  - Watchdog has been checked: 0 passed
11.07.2014 05:25:38,326 - INFO  - Watchdog has been checked: 0 passed
11.07.2014 05:27:38,285 - INFO  - Watchdog has been checked: 0 passed
11.07.2014 05:29:38,138 - INFO  - Watchdog has been checked: 0 passed
11.07.2014 05:31:38,343 - INFO  - Watchdog has been checked: 0 passed
11.07.2014 05:33:38,174 - INFO  - Watchdog has been checked: 0 passed
11.07.2014 05:35:38,264 - INFO  - Watchdog has been checked: 0 passed
11.07.2014 05:37:38,285 - INFO  - Watchdog has been checked: 0 passed
11.07.2014 05:39:38,169 - INFO  - Watchdog has been checked: 0 passed
11.07.2014 05:41:38,373 - INFO  - Watchdog has been checked: 0 passed
11.07.2014 05:43:38,208 - INFO  - Watchdog has been checked: 0 passed
11.07.2014 05:45:38,280 - INFO  - Watchdog has been checked: 0 passed
11.07.2014 05:47:38,221 - INFO  - Watchdog has been checked: 0 passed
11.07.2014 05:49:38,309 - INFO  - Watchdog has been checked: 0 passed
11.07.2014 05:51:38,253 - INFO  - Watchdog has been checked: 0 passed
11.07.2014 05:53:38,093 - INFO  - Watchdog has been checked: 0 passed
11.07.2014 05:55:37,221 - INFO  - Watchdog has been checked: 0 passed
11.07.2014 05:57:37,163 - INFO  - Watchdog has been checked: 0 passed
11.07.2014 05:59:38,196 - INFO  - Watchdog has been checked: 0 passed
11.07.2014 06:01:38,213 - INFO  - Watchdog has been checked: 0 passed
11.07.2014 06:03:38,249 - INFO  - Watchdog has been checked: 0 passed
11.07.2014 06:05:38,120 - INFO  - Watchdog has been checked: 0 passed
11.07.2014 06:07:38,105 - INFO  - Watchdog has been checked: 0 passed
11.07.2014 06:09:38,106 - INFO  - Watchdog has been checked: 0 passed
11.07.2014 06:11:38,073 - INFO  - Watchdog has been checked: 0 passed
11.07.2014 06:13:37,153 - INFO  - Watchdog has been checked: 0 passed
11.07.2014 06:15:01,619 - INFO  - mapping file sync started
11.07.2014 06:15:02,119 - INFO  - file successfully updated
11.07.2014 06:15:37,186 - INFO  - Watchdog has been checked: 0 passed
11.07.2014 06:17:37,190 - INFO  - Watchdog has been checked: 0 passed
11.07.2014 06:19:38,192 - INFO  - Watchdog has been checked: 0 passed
11.07.2014 06:21:38,257 - INFO  - Watchdog has been checked: 0 passed
11.07.2014 06:23:38,310 - INFO  - Watchdog has been checked: 0 passed
11.07.2014 06:25:38,163 - INFO  - Watchdog has been checked: 0 passed
11.07.2014 06:27:38,162 - INFO  - Watchdog has been checked: 0 passed
11.07.2014 06:29:37,208 - INFO  - Watchdog has been checked: 0 passed
11.07.2014 06:31:37,237 - INFO  - Watchdog has been checked: 0 passed
11.07.2014 06:33:37,249 - INFO  - Watchdog has been checked: 0 passed
11.07.2014 06:35:37,308 - INFO  - Watchdog has been checked: 0 passed
11.07.2014 06:37:37,314 - INFO  - Watchdog has been checked: 0 passed
11.07.2014 06:39:37,103 - INFO  - Watchdog has been checked: 0 passed
11.07.2014 06:41:36,109 - INFO  - Watchdog has been checked: 0 passed
11.07.2014 06:43:35,147 - INFO  - Watchdog has been checked: 0 passed
11.07.2014 06:45:34,211 - INFO  - Watchdog has been checked: 0 passed
11.07.2014 06:47:34,496 - INFO  - Watchdog has been checked: 0 passed
11.07.2014 06:49:38,238 - INFO  - Watchdog has been checked: 0 passed
11.07.2014 06:51:38,240 - INFO  - Watchdog has been checked: 0 passed
11.07.2014 06:53:38,313 - INFO  - Watchdog has been checked: 0 passed
11.07.2014 06:55:38,305 - INFO  - Watchdog has been checked: 0 passed
11.07.2014 06:57:38,105 - INFO  - Watchdog has been checked: 0 passed
11.07.2014 06:59:38,081 - INFO  - Watchdog has been checked: 0 passed
11.07.2014 07:01:38,103 - INFO  - Watchdog has been checked: 0 passed
11.07.2014 07:03:38,182 - INFO  - Watchdog has been checked: 0 passed
11.07.2014 07:05:38,199 - INFO  - Watchdog has been checked: 0 passed
11.07.2014 07:07:38,254 - INFO  - Watchdog has been checked: 0 passed
11.07.2014 07:09:38,228 - INFO  - Watchdog has been checked: 0 passed
11.07.2014 07:11:38,194 - INFO  - Watchdog has been checked: 0 passed
11.07.2014 07:13:38,294 - INFO  - Watchdog has been checked: 0 passed
11.07.2014 07:15:01,264 - INFO  - mapping file sync started
11.07.2014 07:15:01,740 - INFO  - file successfully updated
11.07.2014 07:15:38,302 - INFO  - Watchdog has been checked: 0 passed
11.07.2014 07:17:38,093 - INFO  - Watchdog has been checked: 0 passed
11.07.2014 07:19:37,103 - INFO  - Watchdog has been checked: 0 passed
11.07.2014 07:21:38,288 - INFO  - Watchdog has been checked: 0 passed
11.07.2014 07:23:38,170 - INFO  - Watchdog has been checked: 0 passed
11.07.2014 07:25:38,184 - INFO  - Watchdog has been checked: 0 passed
11.07.2014 07:27:38,256 - INFO  - Watchdog has been checked: 0 passed
11.07.2014 07:29:38,284 - INFO  - Watchdog has been checked: 0 passed
11.07.2014 07:31:38,259 - INFO  - Watchdog has been checked: 0 passed
11.07.2014 07:33:38,106 - INFO  - Watchdog has been checked: 0 passed
11.07.2014 07:35:37,133 - INFO  - Watchdog has been checked: 0 passed
11.07.2014 07:37:37,147 - INFO  - Watchdog has been checked: 0 passed
11.07.2014 07:39:37,185 - INFO  - Watchdog has been checked: 0 passed
11.07.2014 07:41:37,145 - INFO  - Watchdog has been checked: 0 passed
11.07.2014 07:43:37,234 - INFO  - Watchdog has been checked: 0 passed
11.07.2014 07:45:37,283 - INFO  - Watchdog has been checked: 0 passed
11.07.2014 07:47:37,288 - INFO  - Watchdog has been checked: 0 passed
11.07.2014 07:49:37,301 - INFO  - Watchdog has been checked: 0 passed
11.07.2014 07:51:38,273 - INFO  - Watchdog has been checked: 0 passed
11.07.2014 07:53:38,376 - INFO  - Watchdog has been checked: 0 passed
11.07.2014 07:55:38,206 - INFO  - Watchdog has been checked: 0 passed
11.07.2014 07:57:38,448 - INFO  - Watchdog has been checked: 0 passed
11.07.2014 07:59:38,249 - INFO  - Watchdog has been checked: 0 passed
11.07.2014 08:01:38,444 - INFO  - Watchdog has been checked: 0 passed
11.07.2014 08:03:38,488 - INFO  - Watchdog has been checked: 0 passed
11.07.2014 08:05:38,279 - INFO  - Watchdog has been checked: 0 passed
11.07.2014 08:07:38,294 - INFO  - Watchdog has been checked: 0 passed
11.07.2014 08:09:38,273 - INFO  - Watchdog has been checked: 0 passed
11.07.2014 08:11:38,235 - INFO  - Watchdog has been checked: 0 passed
11.07.2014 08:13:38,299 - INFO  - Watchdog has been checked: 0 passed
11.07.2014 08:15:38,367 - INFO  - Watchdog has been checked: 0 passed
11.07.2014 08:17:38,184 - INFO  - Watchdog has been checked: 0 passed
11.07.2014 08:19:38,198 - INFO  - Watchdog has been checked: 0 passed
11.07.2014 08:21:38,140 - INFO  - Watchdog has been checked: 0 passed
11.07.2014 08:23:38,199 - INFO  - Watchdog has been checked: 0 passed
11.07.2014 08:25:38,261 - INFO  - Watchdog has been checked: 0 passed
11.07.2014 08:27:38,275 - INFO  - Watchdog has been checked: 0 passed
11.07.2014 08:29:38,262 - INFO  - Watchdog has been checked: 0 passed
11.07.2014 08:31:38,281 - INFO  - Watchdog has been checked: 0 passed
11.07.2014 08:33:38,286 - INFO  - Watchdog has been checked: 0 passed
11.07.2014 08:35:38,114 - INFO  - Watchdog has been checked: 0 passed
11.07.2014 08:37:37,102 - INFO  - Watchdog has been checked: 0 passed
11.07.2014 08:39:36,150 - INFO  - Watchdog has been checked: 0 passed
11.07.2014 08:41:36,145 - INFO  - Watchdog has been checked: 0 passed
11.07.2014 08:43:36,176 - INFO  - Watchdog has been checked: 0 passed
11.07.2014 08:45:36,316 - INFO  - Watchdog has been checked: 0 passed
11.07.2014 08:47:36,309 - INFO  - Watchdog has been checked: 0 passed
11.07.2014 08:49:36,314 - INFO  - Watchdog has been checked: 0 passed
11.07.2014 08:51:36,330 - INFO  - Watchdog has been checked: 0 passed
11.07.2014 08:53:38,358 - INFO  - Watchdog has been checked: 0 passed
11.07.2014 08:55:38,226 - INFO  - Watchdog has been checked: 0 passed
11.07.2014 08:56:43,277 - ERROR - unknown wikiuser
11.07.2014 08:56:43,357 - INFO  - searcher anonymous --- respT: 30ms, 28152 results, q=, 
11.07.2014 08:56:47,834 - ERROR - unknown wikiuser
11.07.2014 08:56:47,885 - INFO  - searcher anonymous --- respT: 18ms, 65 results, q=daniela jahns, 
11.07.2014 08:57:12,094 - INFO  - searcher identified --- respT: 16ms, 81 results, q=jahns, 
11.07.2014 08:57:12,335 - INFO  - searcher identified --- respT: 17ms, 81 results, q=jahns, 
11.07.2014 08:57:18,538 - INFO  - searcher identified --- respT: 14ms, 113 results, q=daniela, 
11.07.2014 08:57:18,876 - INFO  - searcher identified --- respT: 14ms, 113 results, q=daniela, 
11.07.2014 08:57:38,216 - INFO  - Watchdog has been checked: 0 passed
11.07.2014 08:59:38,213 - INFO  - Watchdog has been checked: 0 passed
11.07.2014 09:01:38,259 - INFO  - Watchdog has been checked: 0 passed
11.07.2014 09:03:38,258 - INFO  - Watchdog has been checked: 0 passed
11.07.2014 09:05:38,298 - INFO  - Watchdog has been checked: 0 passed
11.07.2014 09:07:38,258 - INFO  - Watchdog has been checked: 0 passed
11.07.2014 09:09:38,266 - INFO  - Watchdog has been checked: 0 passed
11.07.2014 09:11:38,237 - INFO  - Watchdog has been checked: 0 passed
11.07.2014 09:13:38,329 - INFO  - Watchdog has been checked: 0 passed
11.07.2014 09:15:38,384 - INFO  - Watchdog has been checked: 0 passed
11.07.2014 09:17:38,370 - INFO  - Watchdog has been checked: 0 passed
11.07.2014 09:19:38,361 - INFO  - Watchdog has been checked: 0 passed
11.07.2014 09:21:38,375 - INFO  - Watchdog has been checked: 0 passed
11.07.2014 09:23:38,435 - INFO  - Watchdog has been checked: 0 passed
11.07.2014 09:25:38,498 - INFO  - Watchdog has been checked: 0 passed
11.07.2014 09:27:38,417 - INFO  - Watchdog has been checked: 0 passed
11.07.2014 09:29:38,494 - INFO  - Watchdog has been checked: 0 passed
11.07.2014 09:31:38,273 - INFO  - Watchdog has been checked: 0 passed
11.07.2014 09:33:38,336 - INFO  - Watchdog has been checked: 0 passed
11.07.2014 09:35:38,371 - INFO  - Watchdog has been checked: 0 passed
11.07.2014 09:37:38,131 - INFO  - Watchdog has been checked: 0 passed
11.07.2014 09:39:38,058 - INFO  - Watchdog has been checked: 0 passed
11.07.2014 09:41:37,278 - INFO  - Watchdog has been checked: 0 passed
11.07.2014 09:43:37,122 - INFO  - Watchdog has been checked: 0 passed
11.07.2014 09:45:36,111 - INFO  - Watchdog has been checked: 0 passed
11.07.2014 09:47:36,163 - INFO  - Watchdog has been checked: 0 passed
11.07.2014 09:49:36,170 - INFO  - Watchdog has been checked: 0 passed
11.07.2014 09:51:36,160 - INFO  - Watchdog has been checked: 0 passed
11.07.2014 09:53:36,126 - INFO  - Watchdog has been checked: 0 passed
11.07.2014 09:55:35,733 - INFO  - Watchdog has been checked: 0 passed
11.07.2014 09:57:35,174 - INFO  - Watchdog has been checked: 0 passed
11.07.2014 09:59:35,191 - INFO  - Watchdog has been checked: 0 passed
11.07.2014 10:01:35,134 - INFO  - Watchdog has been checked: 0 passed
11.07.2014 10:03:34,201 - INFO  - Watchdog has been checked: 0 passed
11.07.2014 10:05:34,240 - INFO  - Watchdog has been checked: 0 passed
11.07.2014 10:07:34,597 - INFO  - Watchdog has been checked: 0 passed
11.07.2014 10:09:34,257 - INFO  - Watchdog has been checked: 0 passed
11.07.2014 10:11:34,240 - INFO  - Watchdog has been checked: 0 passed
11.07.2014 10:13:34,323 - INFO  - Watchdog has been checked: 0 passed
11.07.2014 10:15:34,382 - INFO  - Watchdog has been checked: 0 passed
11.07.2014 10:17:34,379 - INFO  - Watchdog has been checked: 0 passed
11.07.2014 10:19:34,154 - INFO  - Watchdog has been checked: 0 passed
11.07.2014 10:21:33,336 - INFO  - Watchdog has been checked: 0 passed
11.07.2014 10:23:33,203 - INFO  - Watchdog has been checked: 0 passed
11.07.2014 10:25:32,265 - INFO  - Watchdog has been checked: 0 passed
11.07.2014 10:27:32,272 - INFO  - Watchdog has been checked: 0 passed
11.07.2014 10:28:39,631 - INFO  - searcher identified --- respT: 38ms, 41414 results, q=, 
11.07.2014 10:28:59,897 - INFO  - searcher identified --- respT: 34ms, 41414 results, q=, 
11.07.2014 10:29:10,084 - INFO  - searcher identified --- respT: 34ms, 41414 results, q=, 
11.07.2014 10:29:22,376 - INFO  - searcher identified --- respT: 56ms, 41414 results, q=, 
11.07.2014 10:29:32,332 - INFO  - Watchdog has been checked: 0 passed
11.07.2014 10:30:22,592 - INFO  - searcher identified --- respT: 33ms, 41414 results, q=, 
11.07.2014 10:31:32,302 - INFO  - Watchdog has been checked: 0 passed
11.07.2014 10:33:32,376 - INFO  - Watchdog has been checked: 0 passed
11.07.2014 10:34:38,652 - INFO  - searcher identified --- respT: 39ms, 41414 results, q=, 
11.07.2014 10:34:54,983 - INFO  - searcher identified --- respT: 50ms, 41414 results, q=, 
11.07.2014 10:35:12,828 - INFO  - searcher identified --- respT: 14ms, 56 results, q=buecklers, 
11.07.2014 10:35:32,186 - INFO  - Watchdog has been checked: 0 passed
11.07.2014 10:37:32,181 - INFO  - Watchdog has been checked: 0 passed
11.07.2014 10:39:31,217 - INFO  - Watchdog has been checked: 0 passed
11.07.2014 10:41:31,219 - INFO  - Watchdog has been checked: 0 passed
11.07.2014 10:43:31,304 - INFO  - Watchdog has been checked: 0 passed
11.07.2014 10:45:31,345 - INFO  - Watchdog has been checked: 0 passed
11.07.2014 10:47:31,327 - INFO  - Watchdog has been checked: 0 passed
11.07.2014 10:49:31,338 - INFO  - Watchdog has been checked: 0 passed
11.07.2014 10:51:31,308 - INFO  - Watchdog has been checked: 0 passed
11.07.2014 10:53:31,321 - INFO  - Watchdog has been checked: 0 passed
11.07.2014 10:55:31,189 - INFO  - Watchdog has been checked: 0 passed
11.07.2014 10:57:31,138 - INFO  - Watchdog has been checked: 0 passed
11.07.2014 10:59:31,139 - INFO  - Watchdog has been checked: 0 passed
11.07.2014 11:01:31,145 - INFO  - Watchdog has been checked: 0 passed
11.07.2014 11:03:31,167 - INFO  - Watchdog has been checked: 0 passed
11.07.2014 11:05:31,205 - INFO  - Watchdog has been checked: 0 passed
11.07.2014 11:07:31,228 - INFO  - Watchdog has been checked: 0 passed
11.07.2014 11:09:31,206 - INFO  - Watchdog has been checked: 0 passed
11.07.2014 11:11:31,306 - INFO  - Watchdog has been checked: 0 passed
11.07.2014 11:13:31,317 - INFO  - Watchdog has been checked: 0 passed
11.07.2014 11:15:31,159 - INFO  - Watchdog has been checked: 0 passed
11.07.2014 11:17:31,182 - INFO  - Watchdog has been checked: 0 passed
11.07.2014 11:19:31,160 - INFO  - Watchdog has been checked: 0 passed
11.07.2014 11:21:31,227 - INFO  - Watchdog has been checked: 0 passed
11.07.2014 11:23:31,231 - INFO  - Watchdog has been checked: 0 passed
11.07.2014 11:25:31,300 - INFO  - Watchdog has been checked: 0 passed
11.07.2014 11:27:31,329 - INFO  - Watchdog has been checked: 0 passed
11.07.2014 11:29:31,309 - INFO  - Watchdog has been checked: 0 passed
11.07.2014 11:31:31,356 - INFO  - Watchdog has been checked: 0 passed
11.07.2014 11:33:31,153 - INFO  - Watchdog has been checked: 0 passed
11.07.2014 11:35:30,199 - INFO  - Watchdog has been checked: 0 passed
11.07.2014 11:37:30,218 - INFO  - Watchdog has been checked: 0 passed
11.07.2014 11:39:30,249 - INFO  - Watchdog has been checked: 0 passed
11.07.2014 11:41:30,251 - INFO  - Watchdog has been checked: 0 passed
11.07.2014 11:43:30,303 - INFO  - Watchdog has been checked: 0 passed
11.07.2014 11:45:30,318 - INFO  - Watchdog has been checked: 0 passed
11.07.2014 11:47:30,321 - INFO  - Watchdog has been checked: 0 passed
11.07.2014 11:49:30,310 - INFO  - Watchdog has been checked: 0 passed
11.07.2014 11:51:30,353 - INFO  - Watchdog has been checked: 0 passed
11.07.2014 11:53:30,131 - INFO  - Watchdog has been checked: 0 passed
11.07.2014 11:55:29,221 - INFO  - Watchdog has been checked: 0 passed
11.07.2014 11:57:29,199 - INFO  - Watchdog has been checked: 0 passed
11.07.2014 11:59:29,193 - INFO  - Watchdog has been checked: 0 passed
11.07.2014 12:01:29,231 - INFO  - Watchdog has been checked: 0 passed
11.07.2014 12:03:29,287 - INFO  - Watchdog has been checked: 0 passed
11.07.2014 12:05:29,077 - INFO  - Watchdog has been checked: 0 passed
11.07.2014 12:07:28,117 - INFO  - Watchdog has been checked: 0 passed
11.07.2014 12:09:28,128 - INFO  - Watchdog has been checked: 0 passed
11.07.2014 12:11:28,111 - INFO  - Watchdog has been checked: 0 passed
11.07.2014 12:13:28,255 - INFO  - Watchdog has been checked: 0 passed
11.07.2014 12:15:28,291 - INFO  - Watchdog has been checked: 0 passed
11.07.2014 12:17:28,106 - INFO  - Watchdog has been checked: 0 passed
11.07.2014 12:19:28,087 - INFO  - Watchdog has been checked: 0 passed
11.07.2014 12:21:28,073 - INFO  - Watchdog has been checked: 0 passed
11.07.2014 12:23:28,127 - INFO  - Watchdog has been checked: 0 passed
11.07.2014 12:25:28,520 - INFO  - Watchdog has been checked: 0 passed
11.07.2014 12:27:28,130 - INFO  - Watchdog has been checked: 0 passed
11.07.2014 12:29:28,209 - INFO  - Watchdog has been checked: 0 passed
11.07.2014 12:31:28,188 - INFO  - Watchdog has been checked: 0 passed
11.07.2014 12:33:28,047 - INFO  - Watchdog has been checked: 0 passed
11.07.2014 12:35:28,438 - INFO  - Watchdog has been checked: 0 passed
11.07.2014 12:37:28,123 - INFO  - Watchdog has been checked: 0 passed
11.07.2014 12:39:28,171 - INFO  - Watchdog has been checked: 0 passed
11.07.2014 12:41:28,151 - INFO  - Watchdog has been checked: 0 passed
11.07.2014 12:43:28,054 - INFO  - Watchdog has been checked: 0 passed
11.07.2014 12:45:27,115 - INFO  - Watchdog has been checked: 0 passed
11.07.2014 12:47:27,156 - INFO  - Watchdog has been checked: 0 passed
11.07.2014 12:49:27,153 - INFO  - Watchdog has been checked: 0 passed
11.07.2014 12:51:27,172 - INFO  - Watchdog has been checked: 0 passed
11.07.2014 12:53:27,274 - INFO  - Watchdog has been checked: 0 passed
11.07.2014 12:55:27,326 - INFO  - Watchdog has been checked: 0 passed
11.07.2014 12:57:28,321 - INFO  - Watchdog has been checked: 0 passed
11.07.2014 12:59:28,348 - INFO  - Watchdog has been checked: 0 passed
11.07.2014 13:01:28,386 - INFO  - Watchdog has been checked: 0 passed
11.07.2014 13:03:28,221 - INFO  - Watchdog has been checked: 0 passed
11.07.2014 13:05:28,478 - INFO  - Watchdog has been checked: 0 passed
11.07.2014 13:07:28,240 - INFO  - Watchdog has been checked: 0 passed
11.07.2014 13:09:28,283 - INFO  - Watchdog has been checked: 0 passed
11.07.2014 13:11:28,270 - INFO  - Watchdog has been checked: 0 passed
11.07.2014 13:13:28,342 - INFO  - Watchdog has been checked: 0 passed
11.07.2014 13:15:28,821 - INFO  - Watchdog has been checked: 0 passed
11.07.2014 13:17:28,360 - INFO  - Watchdog has been checked: 0 passed
11.07.2014 13:19:28,389 - INFO  - Watchdog has been checked: 0 passed
11.07.2014 13:21:28,416 - INFO  - Watchdog has been checked: 0 passed
11.07.2014 13:23:28,228 - INFO  - Watchdog has been checked: 0 passed
11.07.2014 13:25:28,412 - INFO  - Watchdog has been checked: 0 passed
11.07.2014 13:27:28,264 - INFO  - Watchdog has been checked: 0 passed
11.07.2014 13:29:28,332 - INFO  - Watchdog has been checked: 0 passed
11.07.2014 13:31:28,308 - INFO  - Watchdog has been checked: 0 passed
11.07.2014 13:33:28,068 - INFO  - Watchdog has been checked: 0 passed
11.07.2014 13:35:27,127 - INFO  - Watchdog has been checked: 0 passed
11.07.2014 13:37:27,133 - INFO  - Watchdog has been checked: 0 passed
11.07.2014 13:39:28,147 - INFO  - Watchdog has been checked: 0 passed
11.07.2014 13:41:27,213 - INFO  - Watchdog has been checked: 0 passed
11.07.2014 13:43:27,257 - INFO  - Watchdog has been checked: 0 passed
11.07.2014 13:45:27,141 - INFO  - Watchdog has been checked: 0 passed
11.07.2014 13:47:26,122 - INFO  - Watchdog has been checked: 0 passed
11.07.2014 13:49:25,172 - INFO  - Watchdog has been checked: 0 passed
11.07.2014 13:51:25,207 - INFO  - Watchdog has been checked: 0 passed
11.07.2014 13:53:25,273 - INFO  - Watchdog has been checked: 0 passed
11.07.2014 13:55:25,106 - INFO  - Watchdog has been checked: 0 passed
11.07.2014 13:57:25,172 - INFO  - Watchdog has been checked: 0 passed
11.07.2014 13:59:28,365 - INFO  - Watchdog has been checked: 0 passed
11.07.2014 14:01:28,163 - INFO  - Watchdog has been checked: 0 passed
11.07.2014 14:03:28,280 - INFO  - Watchdog has been checked: 0 passed
11.07.2014 14:05:28,337 - INFO  - Watchdog has been checked: 0 passed
11.07.2014 14:07:28,137 - INFO  - Watchdog has been checked: 0 passed
11.07.2014 14:09:27,101 - INFO  - Watchdog has been checked: 0 passed
11.07.2014 14:11:27,132 - INFO  - Watchdog has been checked: 0 passed
11.07.2014 14:13:27,207 - INFO  - Watchdog has been checked: 0 passed
11.07.2014 14:15:27,319 - INFO  - Watchdog has been checked: 0 passed
11.07.2014 14:17:27,328 - INFO  - Watchdog has been checked: 0 passed
11.07.2014 14:19:27,199 - INFO  - Watchdog has been checked: 0 passed
11.07.2014 14:21:27,225 - INFO  - Watchdog has been checked: 0 passed
11.07.2014 14:23:27,399 - INFO  - Watchdog has been checked: 0 passed
11.07.2014 14:25:27,429 - INFO  - Watchdog has been checked: 0 passed
11.07.2014 14:27:27,220 - INFO  - Watchdog has been checked: 0 passed
11.07.2014 14:29:28,424 - INFO  - Watchdog has been checked: 0 passed
11.07.2014 14:31:28,186 - INFO  - Watchdog has been checked: 0 passed
11.07.2014 14:33:28,241 - INFO  - Watchdog has been checked: 0 passed
11.07.2014 14:35:28,373 - INFO  - Watchdog has been checked: 0 passed
11.07.2014 14:37:28,293 - INFO  - Watchdog has been checked: 0 passed
11.07.2014 14:39:28,257 - INFO  - Watchdog has been checked: 0 passed
11.07.2014 14:41:28,243 - INFO  - Watchdog has been checked: 0 passed
11.07.2014 14:43:28,162 - INFO  - Watchdog has been checked: 0 passed
11.07.2014 14:45:28,370 - INFO  - Watchdog has been checked: 0 passed
11.07.2014 14:47:28,267 - INFO  - Watchdog has been checked: 0 passed
11.07.2014 14:49:28,255 - INFO  - Watchdog has been checked: 0 passed
11.07.2014 14:51:28,256 - INFO  - Watchdog has been checked: 0 passed
11.07.2014 14:53:28,220 - INFO  - Watchdog has been checked: 0 passed
11.07.2014 14:55:28,460 - INFO  - Watchdog has been checked: 0 passed
11.07.2014 14:57:28,150 - INFO  - Watchdog has been checked: 0 passed
11.07.2014 14:59:28,226 - INFO  - Watchdog has been checked: 0 passed
11.07.2014 15:01:28,130 - INFO  - Watchdog has been checked: 0 passed
11.07.2014 15:03:28,221 - INFO  - Watchdog has been checked: 0 passed
11.07.2014 15:05:28,631 - INFO  - Watchdog has been checked: 0 passed
11.07.2014 15:07:28,290 - INFO  - Watchdog has been checked: 0 passed
11.07.2014 15:09:28,294 - INFO  - Watchdog has been checked: 0 passed
11.07.2014 15:11:28,309 - INFO  - Watchdog has been checked: 0 passed
11.07.2014 15:13:28,153 - INFO  - Watchdog has been checked: 0 passed
11.07.2014 15:15:28,639 - INFO  - Watchdog has been checked: 0 passed
11.07.2014 15:17:28,214 - INFO  - Watchdog has been checked: 0 passed
11.07.2014 15:19:28,209 - INFO  - Watchdog has been checked: 0 passed
11.07.2014 15:21:28,214 - INFO  - Watchdog has been checked: 0 passed
11.07.2014 15:23:28,306 - INFO  - Watchdog has been checked: 0 passed
11.07.2014 15:25:28,647 - INFO  - Watchdog has been checked: 0 passed
11.07.2014 15:27:28,117 - INFO  - Watchdog has been checked: 0 passed
11.07.2014 15:29:27,110 - INFO  - Watchdog has been checked: 0 passed
11.07.2014 15:31:28,364 - INFO  - Watchdog has been checked: 0 passed
11.07.2014 15:33:28,240 - INFO  - Watchdog has been checked: 0 passed
11.07.2014 15:35:28,580 - INFO  - Watchdog has been checked: 0 passed
11.07.2014 15:37:28,271 - INFO  - Watchdog has been checked: 0 passed
11.07.2014 15:39:28,267 - INFO  - Watchdog has been checked: 0 passed
11.07.2014 15:41:28,305 - INFO  - Watchdog has been checked: 0 passed
11.07.2014 15:43:28,108 - INFO  - Watchdog has been checked: 0 passed
11.07.2014 15:45:28,320 - INFO  - Watchdog has been checked: 0 passed
11.07.2014 15:47:28,185 - INFO  - Watchdog has been checked: 0 passed
11.07.2014 15:49:28,181 - INFO  - Watchdog has been checked: 0 passed
11.07.2014 15:51:28,286 - INFO  - Watchdog has been checked: 0 passed
11.07.2014 15:53:28,051 - INFO  - Watchdog has been checked: 0 passed
11.07.2014 15:55:28,373 - INFO  - Watchdog has been checked: 0 passed
11.07.2014 15:57:28,414 - INFO  - Watchdog has been checked: 0 passed
11.07.2014 15:59:28,188 - INFO  - Watchdog has been checked: 0 passed
11.07.2014 16:01:28,245 - INFO  - Watchdog has been checked: 0 passed
11.07.2014 16:03:28,281 - INFO  - Watchdog has been checked: 0 passed
11.07.2014 16:05:28,515 - INFO  - Watchdog has been checked: 0 passed
11.07.2014 16:07:28,161 - INFO  - Watchdog has been checked: 0 passed
11.07.2014 16:09:28,104 - INFO  - Watchdog has been checked: 0 passed
11.07.2014 16:11:27,078 - INFO  - Watchdog has been checked: 0 passed
11.07.2014 16:13:26,159 - INFO  - Watchdog has been checked: 0 passed
11.07.2014 16:15:26,221 - INFO  - Watchdog has been checked: 0 passed
11.07.2014 16:17:26,255 - INFO  - Watchdog has been checked: 0 passed
11.07.2014 16:19:26,235 - INFO  - Watchdog has been checked: 0 passed
11.07.2014 16:21:26,255 - INFO  - Watchdog has been checked: 0 passed
11.07.2014 16:22:29,028 - INFO  - searcher identified --- respT: 22ms, 5279 results, web:(PSIWeb), q=, 
11.07.2014 16:23:26,094 - INFO  - Watchdog has been checked: 0 passed
11.07.2014 16:25:25,146 - INFO  - Watchdog has been checked: 0 passed
11.07.2014 16:27:25,199 - INFO  - Watchdog has been checked: 0 passed
11.07.2014 16:29:25,154 - INFO  - Watchdog has been checked: 0 passed
11.07.2014 16:31:25,200 - INFO  - Watchdog has been checked: 0 passed
11.07.2014 16:33:25,054 - INFO  - Watchdog has been checked: 0 passed
11.07.2014 16:35:24,130 - INFO  - Watchdog has been checked: 0 passed
11.07.2014 16:37:23,087 - INFO  - Watchdog has been checked: 0 passed
11.07.2014 16:38:15,164 - INFO  - searcher identified --- respT: 23ms, 5279 results, web:(PSIWeb), q=, 
11.07.2014 16:38:21,555 - INFO  - searcher identified --- respT: 20ms, 99 results, web:(PSIWeb), q=klot, 
11.07.2014 16:38:26,896 - INFO  - searcher identified --- respT: 20ms, 44 results, web:(PSIWeb), author:MarcKloter, q=klot, 
11.07.2014 16:38:36,669 - INFO  - searcher identified --- respT: 23ms, 10 results, web:(PSIWeb), author:MarcKloter, q=aktuell, 
11.07.2014 16:39:22,166 - INFO  - Watchdog has been checked: 0 passed
11.07.2014 16:41:21,202 - INFO  - Watchdog has been checked: 0 passed
11.07.2014 16:43:20,253 - INFO  - Watchdog has been checked: 0 passed
11.07.2014 16:45:20,058 - INFO  - Watchdog has been checked: 0 passed
11.07.2014 16:47:20,117 - INFO  - Watchdog has been checked: 0 passed
11.07.2014 16:49:19,202 - INFO  - Watchdog has been checked: 0 passed
11.07.2014 16:51:18,258 - INFO  - Watchdog has been checked: 0 passed
11.07.2014 16:53:18,321 - INFO  - Watchdog has been checked: 0 passed
11.07.2014 16:54:35,658 - INFO  - searcher identified --- respT: 23ms, 5279 results, web:(PSIWeb), q=, 
11.07.2014 16:54:55,922 - INFO  - searcher identified --- respT: 17ms, 26 results, web:(PSIWeb), q=avatar, 
11.07.2014 16:54:56,812 - INFO  - searcher identified --- respT: 18ms, 26 results, web:(PSIWeb), q=avatar, 
11.07.2014 16:54:58,214 - INFO  - searcher identified --- respT: 17ms, 16 results, web:(PSIWeb), author:AndreLichtsteiner, q=avatar, 
11.07.2014 16:55:02,119 - INFO  - searcher identified --- respT: 13ms, 2 results, web:(PSIWeb), date:[NOW/DAY-1DAY TO NOW], author:AndreLichtsteiner, q=avatar, 
11.07.2014 16:55:18,097 - INFO  - Watchdog has been checked: 0 passed
11.07.2014 16:57:17,131 - INFO  - Watchdog has been checked: 0 passed
11.07.2014 16:59:18,552 - INFO  - Watchdog has been checked: 0 passed
11.07.2014 17:01:18,234 - INFO  - Watchdog has been checked: 0 passed
11.07.2014 17:03:18,315 - INFO  - Watchdog has been checked: 0 passed
11.07.2014 17:05:18,514 - INFO  - Watchdog has been checked: 0 passed
11.07.2014 17:07:18,172 - INFO  - Watchdog has been checked: 0 passed
11.07.2014 17:09:18,490 - INFO  - Watchdog has been checked: 0 passed
11.07.2014 17:11:18,214 - INFO  - Watchdog has been checked: 0 passed
11.07.2014 17:13:18,314 - INFO  - Watchdog has been checked: 0 passed
11.07.2014 17:15:18,449 - INFO  - Watchdog has been checked: 0 passed
11.07.2014 17:17:18,185 - INFO  - Watchdog has been checked: 0 passed
11.07.2014 17:19:18,252 - INFO  - Watchdog has been checked: 0 passed
11.07.2014 17:21:18,248 - INFO  - Watchdog has been checked: 0 passed
11.07.2014 17:23:18,319 - INFO  - Watchdog has been checked: 0 passed
11.07.2014 17:25:18,394 - INFO  - Watchdog has been checked: 0 passed
11.07.2014 17:27:18,383 - INFO  - Watchdog has been checked: 0 passed
11.07.2014 17:29:18,291 - INFO  - Watchdog has been checked: 0 passed
11.07.2014 17:31:18,289 - INFO  - Watchdog has been checked: 0 passed
11.07.2014 17:33:18,333 - INFO  - Watchdog has been checked: 0 passed
11.07.2014 17:34:52,807 - INFO  - searcher identified --- respT: 23ms, 5280 results, web:(PSIWeb), q=, 
11.07.2014 17:34:55,812 - INFO  - searcher identified --- respT: 47ms, 40 results, web:(PSIWeb), q=rss, 
11.07.2014 17:34:57,302 - INFO  - searcher identified --- respT: 64ms, 40 results, web:(PSIWeb), q=rss, 
11.07.2014 17:35:11,888 - INFO  - searcher identified --- respT: 18ms, 40 results, web:(PSIWeb), q=rss, page turned
11.07.2014 17:35:18,298 - INFO  - Watchdog has been checked: 0 passed
11.07.2014 17:35:20,540 - INFO  - searcher identified --- respT: 17ms, 28 results, type:topic, web:(PSIWeb), q=rss, page turned
11.07.2014 17:35:27,308 - INFO  - searcher identified --- respT: 17ms, 28 results, type:topic, web:(PSIWeb), q=rss, 
11.07.2014 17:35:30,897 - INFO  - searcher identified --- respT: 21ms, 28 results, type:topic, web:(PSIWeb), q=rss, page turned
11.07.2014 17:37:18,067 - INFO  - Watchdog has been checked: 0 passed
11.07.2014 17:39:18,189 - INFO  - Watchdog has been checked: 0 passed
11.07.2014 17:41:18,249 - INFO  - Watchdog has been checked: 0 passed
11.07.2014 17:43:18,208 - INFO  - Watchdog has been checked: 0 passed
11.07.2014 17:45:18,572 - INFO  - Watchdog has been checked: 0 passed
11.07.2014 17:47:18,220 - INFO  - Watchdog has been checked: 0 passed
11.07.2014 17:49:18,250 - INFO  - Watchdog has been checked: 0 passed
11.07.2014 17:51:18,263 - INFO  - Watchdog has been checked: 0 passed
11.07.2014 17:53:18,142 - INFO  - Watchdog has been checked: 0 passed
11.07.2014 17:55:18,253 - INFO  - Watchdog has been checked: 0 passed
11.07.2014 17:57:18,173 - INFO  - Watchdog has been checked: 0 passed
11.07.2014 17:58:26,898 - INFO  - searcher identified --- respT: 19ms, 5282 results, web:(PSIWeb), q=, 
11.07.2014 17:58:29,966 - INFO  - searcher identified --- respT: 17ms, 1 results, web:(PSIWeb), q=afclit, 
11.07.2014 17:58:30,975 - INFO  - searcher identified --- respT: 15ms, 1 results, web:(PSIWeb), q=afclit, 
11.07.2014 17:59:18,215 - INFO  - Watchdog has been checked: 0 passed
11.07.2014 18:01:18,239 - INFO  - Watchdog has been checked: 0 passed
11.07.2014 18:03:18,162 - INFO  - Watchdog has been checked: 0 passed
11.07.2014 18:05:18,289 - INFO  - Watchdog has been checked: 0 passed
11.07.2014 18:07:18,160 - INFO  - Watchdog has been checked: 0 passed
11.07.2014 18:09:18,243 - INFO  - Watchdog has been checked: 0 passed
11.07.2014 18:11:18,249 - INFO  - Watchdog has been checked: 0 passed
11.07.2014 18:13:18,307 - INFO  - Watchdog has been checked: 0 passed
11.07.2014 18:15:18,417 - INFO  - Watchdog has been checked: 0 passed
11.07.2014 18:17:18,333 - INFO  - Watchdog has been checked: 0 passed
11.07.2014 18:19:18,385 - INFO  - Watchdog has been checked: 0 passed
11.07.2014 18:21:18,109 - INFO  - Watchdog has been checked: 0 passed
11.07.2014 18:23:18,282 - INFO  - Watchdog has been checked: 0 passed
11.07.2014 18:25:18,364 - INFO  - Watchdog has been checked: 0 passed
11.07.2014 18:27:18,312 - INFO  - Watchdog has been checked: 0 passed
11.07.2014 18:29:18,354 - INFO  - Watchdog has been checked: 0 passed
11.07.2014 18:31:18,404 - INFO  - Watchdog has been checked: 0 passed
11.07.2014 18:33:18,519 - INFO  - Watchdog has been checked: 0 passed
11.07.2014 18:35:18,362 - INFO  - Watchdog has been checked: 0 passed
11.07.2014 18:37:18,241 - INFO  - Watchdog has been checked: 0 passed
11.07.2014 18:39:18,429 - INFO  - Watchdog has been checked: 0 passed
11.07.2014 18:41:18,188 - INFO  - Watchdog has been checked: 0 passed
11.07.2014 18:43:18,267 - INFO  - Watchdog has been checked: 0 passed
11.07.2014 18:45:18,316 - INFO  - Watchdog has been checked: 0 passed
11.07.2014 18:47:18,209 - INFO  - Watchdog has been checked: 0 passed
11.07.2014 18:49:18,379 - INFO  - Watchdog has been checked: 0 passed
11.07.2014 18:51:18,309 - INFO  - Watchdog has been checked: 0 passed
11.07.2014 18:53:18,224 - INFO  - Watchdog has been checked: 0 passed
11.07.2014 18:55:18,314 - INFO  - Watchdog has been checked: 0 passed
11.07.2014 18:57:18,266 - INFO  - Watchdog has been checked: 0 passed
11.07.2014 18:59:18,298 - INFO  - Watchdog has been checked: 0 passed
11.07.2014 19:01:18,271 - INFO  - Watchdog has been checked: 0 passed
11.07.2014 19:03:18,127 - INFO  - Watchdog has been checked: 0 passed
11.07.2014 19:05:17,305 - INFO  - Watchdog has been checked: 0 passed
11.07.2014 19:07:17,251 - INFO  - Watchdog has been checked: 0 passed
11.07.2014 19:09:17,234 - INFO  - Watchdog has been checked: 0 passed
11.07.2014 19:11:17,280 - INFO  - Watchdog has been checked: 0 passed
11.07.2014 19:13:17,092 - INFO  - Watchdog has been checked: 0 passed
11.07.2014 19:15:18,332 - INFO  - Watchdog has been checked: 0 passed
11.07.2014 19:17:18,110 - INFO  - Watchdog has been checked: 0 passed
11.07.2014 19:19:17,134 - INFO  - Watchdog has been checked: 0 passed
11.07.2014 19:21:16,204 - INFO  - Watchdog has been checked: 0 passed
11.07.2014 19:23:16,281 - INFO  - Watchdog has been checked: 0 passed
11.07.2014 19:25:16,311 - INFO  - Watchdog has been checked: 0 passed
11.07.2014 19:27:16,087 - INFO  - Watchdog has been checked: 0 passed
11.07.2014 19:29:15,358 - INFO  - Watchdog has been checked: 0 passed
11.07.2014 19:31:15,170 - INFO  - Watchdog has been checked: 0 passed
11.07.2014 19:33:15,234 - INFO  - Watchdog has been checked: 0 passed
11.07.2014 19:35:18,179 - INFO  - Watchdog has been checked: 0 passed
11.07.2014 19:37:18,288 - INFO  - Watchdog has been checked: 0 passed
11.07.2014 19:39:18,330 - INFO  - Watchdog has been checked: 0 passed
11.07.2014 19:41:18,153 - INFO  - Watchdog has been checked: 0 passed
11.07.2014 19:43:18,247 - INFO  - Watchdog has been checked: 0 passed
11.07.2014 19:45:18,385 - INFO  - Watchdog has been checked: 0 passed
11.07.2014 19:47:18,321 - INFO  - Watchdog has been checked: 0 passed
11.07.2014 19:49:18,301 - INFO  - Watchdog has been checked: 0 passed
11.07.2014 19:51:18,107 - INFO  - Watchdog has been checked: 0 passed
11.07.2014 19:53:18,166 - INFO  - Watchdog has been checked: 0 passed
11.07.2014 19:55:18,361 - INFO  - Watchdog has been checked: 0 passed
11.07.2014 19:57:18,355 - INFO  - Watchdog has been checked: 0 passed
11.07.2014 19:59:18,376 - INFO  - Watchdog has been checked: 0 passed
11.07.2014 20:01:18,169 - INFO  - Watchdog has been checked: 0 passed
11.07.2014 20:03:18,265 - INFO  - Watchdog has been checked: 0 passed
11.07.2014 20:05:18,518 - INFO  - Watchdog has been checked: 0 passed
11.07.2014 20:07:18,279 - INFO  - Watchdog has been checked: 0 passed
11.07.2014 20:09:18,122 - INFO  - Watchdog has been checked: 0 passed
11.07.2014 20:11:18,141 - INFO  - Watchdog has been checked: 0 passed
11.07.2014 20:13:18,233 - INFO  - Watchdog has been checked: 0 passed
11.07.2014 20:15:18,448 - INFO  - Watchdog has been checked: 0 passed
11.07.2014 20:17:18,301 - INFO  - Watchdog has been checked: 0 passed
11.07.2014 20:19:18,088 - INFO  - Watchdog has been checked: 0 passed
11.07.2014 20:21:17,063 - INFO  - Watchdog has been checked: 0 passed
11.07.2014 20:23:16,180 - INFO  - Watchdog has been checked: 0 passed
11.07.2014 20:25:16,224 - INFO  - Watchdog has been checked: 0 passed
11.07.2014 20:27:16,257 - INFO  - Watchdog has been checked: 0 passed
11.07.2014 20:29:16,211 - INFO  - Watchdog has been checked: 0 passed
11.07.2014 20:31:16,073 - INFO  - Watchdog has been checked: 0 passed
11.07.2014 20:33:16,151 - INFO  - Watchdog has been checked: 0 passed
11.07.2014 20:35:16,174 - INFO  - Watchdog has been checked: 0 passed
11.07.2014 20:37:18,364 - INFO  - Watchdog has been checked: 0 passed
11.07.2014 20:39:18,236 - INFO  - Watchdog has been checked: 0 passed
11.07.2014 20:41:18,279 - INFO  - Watchdog has been checked: 0 passed
11.07.2014 20:43:18,126 - INFO  - Watchdog has been checked: 0 passed
11.07.2014 20:45:18,261 - INFO  - Watchdog has been checked: 0 passed
11.07.2014 20:47:18,491 - INFO  - Watchdog has been checked: 0 passed
11.07.2014 20:49:18,350 - INFO  - Watchdog has been checked: 0 passed
11.07.2014 20:51:18,343 - INFO  - Watchdog has been checked: 0 passed
11.07.2014 20:53:18,201 - INFO  - Watchdog has been checked: 0 passed
11.07.2014 20:55:18,312 - INFO  - Watchdog has been checked: 0 passed
11.07.2014 20:57:18,484 - INFO  - Watchdog has been checked: 0 passed
11.07.2014 20:59:18,329 - INFO  - Watchdog has been checked: 0 passed
11.07.2014 21:01:18,325 - INFO  - Watchdog has been checked: 0 passed
11.07.2014 21:03:18,453 - INFO  - Watchdog has been checked: 0 passed
11.07.2014 21:05:18,505 - INFO  - Watchdog has been checked: 0 passed
11.07.2014 21:07:19,520 - INFO  - Watchdog has been checked: 0 passed
11.07.2014 21:09:19,270 - INFO  - Watchdog has been checked: 0 passed
11.07.2014 21:11:19,459 - INFO  - Watchdog has been checked: 0 passed
11.07.2014 21:13:19,270 - INFO  - Watchdog has been checked: 0 passed
11.07.2014 21:15:19,452 - INFO  - Watchdog has been checked: 0 passed
11.07.2014 21:17:19,839 - INFO  - Watchdog has been checked: 0 passed
11.07.2014 21:19:19,217 - INFO  - Watchdog has been checked: 0 passed
11.07.2014 21:21:19,214 - INFO  - Watchdog has been checked: 0 passed
11.07.2014 21:23:19,288 - INFO  - Watchdog has been checked: 0 passed
11.07.2014 21:25:19,337 - INFO  - Watchdog has been checked: 0 passed
11.07.2014 21:27:19,393 - INFO  - Watchdog has been checked: 0 passed
11.07.2014 21:29:19,330 - INFO  - Watchdog has been checked: 0 passed
11.07.2014 21:31:19,032 - INFO  - Watchdog has been checked: 0 passed
11.07.2014 21:33:19,164 - INFO  - Watchdog has been checked: 0 passed
11.07.2014 21:35:19,197 - INFO  - Watchdog has been checked: 0 passed
11.07.2014 21:37:19,246 - INFO  - Watchdog has been checked: 0 passed
11.07.2014 21:39:19,143 - INFO  - Watchdog has been checked: 0 passed
11.07.2014 21:41:19,154 - INFO  - Watchdog has been checked: 0 passed
11.07.2014 21:43:19,207 - INFO  - Watchdog has been checked: 0 passed
11.07.2014 21:45:19,249 - INFO  - Watchdog has been checked: 0 passed
11.07.2014 21:47:19,302 - INFO  - Watchdog has been checked: 0 passed
11.07.2014 21:49:19,269 - INFO  - Watchdog has been checked: 0 passed
11.07.2014 21:51:19,325 - INFO  - Watchdog has been checked: 0 passed
11.07.2014 21:53:19,137 - INFO  - Watchdog has been checked: 0 passed
11.07.2014 21:55:19,158 - INFO  - Watchdog has been checked: 0 passed
11.07.2014 21:57:19,165 - INFO  - Watchdog has been checked: 0 passed
11.07.2014 21:59:19,215 - INFO  - Watchdog has been checked: 0 passed
11.07.2014 22:01:19,242 - INFO  - Watchdog has been checked: 0 passed
11.07.2014 22:03:19,099 - INFO  - Watchdog has been checked: 0 passed
11.07.2014 22:05:19,132 - INFO  - Watchdog has been checked: 0 passed
11.07.2014 22:07:19,151 - INFO  - Watchdog has been checked: 0 passed
11.07.2014 22:09:19,239 - INFO  - Watchdog has been checked: 0 passed
11.07.2014 22:11:19,185 - INFO  - Watchdog has been checked: 0 passed
11.07.2014 22:13:19,225 - INFO  - Watchdog has been checked: 0 passed
11.07.2014 22:15:19,263 - INFO  - Watchdog has been checked: 0 passed
11.07.2014 22:17:19,332 - INFO  - Watchdog has been checked: 0 passed
11.07.2014 22:19:19,310 - INFO  - Watchdog has been checked: 0 passed
11.07.2014 22:21:19,081 - INFO  - Watchdog has been checked: 0 passed
11.07.2014 22:23:19,179 - INFO  - Watchdog has been checked: 0 passed
11.07.2014 22:25:19,237 - INFO  - Watchdog has been checked: 0 passed
11.07.2014 22:27:19,265 - INFO  - Watchdog has been checked: 0 passed
11.07.2014 22:29:19,314 - INFO  - Watchdog has been checked: 0 passed
11.07.2014 22:31:19,140 - INFO  - Watchdog has been checked: 0 passed
11.07.2014 22:33:19,193 - INFO  - Watchdog has been checked: 0 passed
11.07.2014 22:35:19,195 - INFO  - Watchdog has been checked: 0 passed
11.07.2014 22:37:19,184 - INFO  - Watchdog has been checked: 0 passed
11.07.2014 22:39:19,247 - INFO  - Watchdog has been checked: 0 passed
11.07.2014 22:41:19,288 - INFO  - Watchdog has been checked: 0 passed
11.07.2014 22:43:19,358 - INFO  - Watchdog has been checked: 0 passed
11.07.2014 22:45:19,333 - INFO  - Watchdog has been checked: 0 passed
11.07.2014 22:47:19,143 - INFO  - Watchdog has been checked: 0 passed
11.07.2014 22:49:18,416 - INFO  - Watchdog has been checked: 0 passed
11.07.2014 22:51:18,163 - INFO  - Watchdog has been checked: 0 passed
11.07.2014 22:53:18,257 - INFO  - Watchdog has been checked: 0 passed
11.07.2014 22:55:18,429 - INFO  - Watchdog has been checked: 0 passed
11.07.2014 22:57:18,408 - INFO  - Watchdog has been checked: 0 passed
11.07.2014 22:59:18,250 - INFO  - Watchdog has been checked: 0 passed
11.07.2014 23:01:18,253 - INFO  - Watchdog has been checked: 0 passed
11.07.2014 23:03:18,178 - INFO  - Watchdog has been checked: 0 passed
11.07.2014 23:05:18,348 - INFO  - Watchdog has been checked: 0 passed
11.07.2014 23:07:18,306 - INFO  - Watchdog has been checked: 0 passed
11.07.2014 23:09:18,229 - INFO  - Watchdog has been checked: 0 passed
11.07.2014 23:11:18,182 - INFO  - Watchdog has been checked: 0 passed
11.07.2014 23:13:18,309 - INFO  - Watchdog has been checked: 0 passed
11.07.2014 23:15:18,400 - INFO  - Watchdog has been checked: 0 passed
11.07.2014 23:17:18,617 - INFO  - Watchdog has been checked: 0 passed
11.07.2014 23:19:18,149 - INFO  - Watchdog has been checked: 0 passed
11.07.2014 23:21:18,163 - INFO  - Watchdog has been checked: 0 passed
11.07.2014 23:23:18,250 - INFO  - Watchdog has been checked: 0 passed
11.07.2014 23:25:18,347 - INFO  - Watchdog has been checked: 0 passed
11.07.2014 23:27:18,281 - INFO  - Watchdog has been checked: 0 passed
11.07.2014 23:29:18,104 - INFO  - Watchdog has been checked: 0 passed
11.07.2014 23:31:18,100 - INFO  - Watchdog has been checked: 0 passed
11.07.2014 23:33:17,192 - INFO  - Watchdog has been checked: 0 passed
11.07.2014 23:35:16,154 - INFO  - Watchdog has been checked: 0 passed
11.07.2014 23:37:15,213 - INFO  - Watchdog has been checked: 0 passed
11.07.2014 23:39:15,260 - INFO  - Watchdog has been checked: 0 passed
11.07.2014 23:41:15,312 - INFO  - Watchdog has been checked: 0 passed
11.07.2014 23:43:18,307 - INFO  - Watchdog has been checked: 0 passed
11.07.2014 23:45:18,370 - INFO  - Watchdog has been checked: 0 passed
11.07.2014 23:47:18,971 - INFO  - Watchdog has been checked: 0 passed
11.07.2014 23:49:18,170 - INFO  - Watchdog has been checked: 0 passed
11.07.2014 23:51:17,155 - INFO  - Watchdog has been checked: 0 passed
11.07.2014 23:53:16,220 - INFO  - Watchdog has been checked: 0 passed
11.07.2014 23:55:15,226 - INFO  - Watchdog has been checked: 0 passed
11.07.2014 23:57:14,253 - INFO  - Watchdog has been checked: 0 passed
11.07.2014 23:59:14,251 - INFO  - Watchdog has been checked: 0 passed
