18.06.2014 00:01:39,284 - INFO  - Watchdog has been checked: 0 passed
18.06.2014 00:03:39,060 - INFO  - Watchdog has been checked: 0 passed
18.06.2014 00:05:39,258 - INFO  - Watchdog has been checked: 0 passed
18.06.2014 00:07:39,188 - INFO  - Watchdog has been checked: 0 passed
18.06.2014 00:09:39,333 - INFO  - Watchdog has been checked: 0 passed
18.06.2014 00:11:39,320 - INFO  - Watchdog has been checked: 0 passed
18.06.2014 00:13:39,316 - INFO  - Watchdog has been checked: 0 passed
18.06.2014 00:15:39,207 - INFO  - Watchdog has been checked: 0 passed
18.06.2014 00:17:39,149 - INFO  - Watchdog has been checked: 0 passed
18.06.2014 00:19:39,280 - INFO  - Watchdog has been checked: 0 passed
18.06.2014 00:21:39,308 - INFO  - Watchdog has been checked: 0 passed
18.06.2014 00:23:39,295 - INFO  - Watchdog has been checked: 0 passed
18.06.2014 00:25:39,406 - INFO  - Watchdog has been checked: 0 passed
18.06.2014 00:27:39,361 - INFO  - Watchdog has been checked: 0 passed
18.06.2014 00:29:39,251 - INFO  - Watchdog has been checked: 0 passed
18.06.2014 00:31:39,251 - INFO  - Watchdog has been checked: 0 passed
18.06.2014 00:33:39,283 - INFO  - Watchdog has been checked: 0 passed
18.06.2014 00:35:39,388 - INFO  - Watchdog has been checked: 0 passed
18.06.2014 00:37:39,376 - INFO  - Watchdog has been checked: 0 passed
18.06.2014 00:39:40,764 - INFO  - Watchdog has been checked: 0 passed
18.06.2014 00:41:40,227 - INFO  - Watchdog has been checked: 0 passed
18.06.2014 00:43:40,233 - INFO  - Watchdog has been checked: 0 passed
18.06.2014 00:45:40,313 - INFO  - Watchdog has been checked: 0 passed
18.06.2014 00:47:40,313 - INFO  - Watchdog has been checked: 0 passed
18.06.2014 00:49:40,113 - INFO  - Watchdog has been checked: 0 passed
18.06.2014 00:51:40,120 - INFO  - Watchdog has been checked: 0 passed
18.06.2014 00:53:40,154 - INFO  - Watchdog has been checked: 0 passed
18.06.2014 00:55:39,969 - INFO  - Watchdog has been checked: 0 passed
18.06.2014 00:57:40,039 - INFO  - Watchdog has been checked: 0 passed
18.06.2014 00:59:39,201 - INFO  - Watchdog has been checked: 0 passed
18.06.2014 01:01:39,830 - INFO  - Watchdog has been checked: 0 passed
18.06.2014 01:03:39,248 - INFO  - Watchdog has been checked: 0 passed
18.06.2014 01:05:39,081 - INFO  - Watchdog has been checked: 0 passed
18.06.2014 01:07:39,306 - INFO  - Watchdog has been checked: 0 passed
18.06.2014 01:09:39,152 - INFO  - Watchdog has been checked: 0 passed
18.06.2014 01:11:39,148 - INFO  - Watchdog has been checked: 0 passed
18.06.2014 01:13:39,214 - INFO  - Watchdog has been checked: 0 passed
18.06.2014 01:15:39,259 - INFO  - Watchdog has been checked: 0 passed
18.06.2014 01:17:39,233 - INFO  - Watchdog has been checked: 0 passed
18.06.2014 01:19:39,088 - INFO  - Watchdog has been checked: 0 passed
18.06.2014 01:21:39,062 - INFO  - Watchdog has been checked: 0 passed
18.06.2014 01:23:39,096 - INFO  - Watchdog has been checked: 0 passed
18.06.2014 01:25:39,186 - INFO  - Watchdog has been checked: 0 passed
18.06.2014 01:27:39,193 - INFO  - Watchdog has been checked: 0 passed
18.06.2014 01:29:39,066 - INFO  - Watchdog has been checked: 0 passed
18.06.2014 01:31:38,314 - INFO  - Watchdog has been checked: 0 passed
18.06.2014 01:33:38,115 - INFO  - Watchdog has been checked: 0 passed
18.06.2014 01:35:38,176 - INFO  - Watchdog has been checked: 0 passed
18.06.2014 01:37:38,155 - INFO  - Watchdog has been checked: 0 passed
18.06.2014 01:39:38,297 - INFO  - Watchdog has been checked: 0 passed
18.06.2014 01:41:40,471 - INFO  - Watchdog has been checked: 0 passed
18.06.2014 01:43:40,351 - INFO  - Watchdog has been checked: 0 passed
18.06.2014 01:45:40,124 - INFO  - Watchdog has been checked: 0 passed
18.06.2014 01:47:40,098 - INFO  - Watchdog has been checked: 0 passed
18.06.2014 01:49:40,250 - INFO  - Watchdog has been checked: 0 passed
18.06.2014 01:51:40,217 - INFO  - Watchdog has been checked: 0 passed
18.06.2014 01:53:40,148 - INFO  - Watchdog has been checked: 0 passed
18.06.2014 01:55:39,205 - INFO  - Watchdog has been checked: 0 passed
18.06.2014 01:57:39,177 - INFO  - Watchdog has been checked: 0 passed
18.06.2014 01:59:39,343 - INFO  - Watchdog has been checked: 0 passed
18.06.2014 02:01:39,283 - INFO  - Watchdog has been checked: 0 passed
18.06.2014 02:03:40,027 - INFO  - Watchdog has been checked: 0 passed
18.06.2014 02:05:39,230 - INFO  - Watchdog has been checked: 0 passed
18.06.2014 02:07:39,143 - INFO  - Watchdog has been checked: 0 passed
18.06.2014 02:09:39,306 - INFO  - Watchdog has been checked: 0 passed
18.06.2014 02:11:39,277 - INFO  - Watchdog has been checked: 0 passed
18.06.2014 02:13:39,311 - INFO  - Watchdog has been checked: 0 passed
18.06.2014 02:15:39,185 - INFO  - Watchdog has been checked: 0 passed
18.06.2014 02:17:39,112 - INFO  - Watchdog has been checked: 0 passed
18.06.2014 02:19:38,285 - INFO  - Watchdog has been checked: 0 passed
18.06.2014 02:21:38,257 - INFO  - Watchdog has been checked: 0 passed
18.06.2014 02:23:38,026 - INFO  - Watchdog has been checked: 0 passed
18.06.2014 02:25:37,110 - INFO  - Watchdog has been checked: 0 passed
18.06.2014 02:27:37,008 - INFO  - Watchdog has been checked: 0 passed
18.06.2014 02:29:37,215 - INFO  - Watchdog has been checked: 0 passed
18.06.2014 02:31:37,196 - INFO  - Watchdog has been checked: 0 passed
18.06.2014 02:33:37,229 - INFO  - Watchdog has been checked: 0 passed
18.06.2014 02:35:37,112 - INFO  - Watchdog has been checked: 0 passed
18.06.2014 02:37:37,066 - INFO  - Watchdog has been checked: 0 passed
18.06.2014 02:39:37,157 - INFO  - Watchdog has been checked: 0 passed
18.06.2014 02:41:37,225 - INFO  - Watchdog has been checked: 0 passed
18.06.2014 02:43:40,705 - INFO  - Watchdog has been checked: 0 passed
18.06.2014 02:45:40,115 - INFO  - Watchdog has been checked: 0 passed
18.06.2014 02:47:40,059 - INFO  - Watchdog has been checked: 0 passed
18.06.2014 02:49:40,221 - INFO  - Watchdog has been checked: 0 passed
18.06.2014 02:51:40,268 - INFO  - Watchdog has been checked: 0 passed
18.06.2014 02:53:40,087 - INFO  - Watchdog has been checked: 0 passed
18.06.2014 02:55:40,195 - INFO  - Watchdog has been checked: 0 passed
18.06.2014 02:57:40,224 - INFO  - Watchdog has been checked: 0 passed
18.06.2014 02:59:40,268 - INFO  - Watchdog has been checked: 0 passed
18.06.2014 03:01:40,310 - INFO  - Watchdog has been checked: 0 passed
18.06.2014 03:03:40,353 - INFO  - Watchdog has been checked: 0 passed
18.06.2014 03:05:40,211 - INFO  - Watchdog has been checked: 0 passed
18.06.2014 03:07:40,187 - INFO  - Watchdog has been checked: 0 passed
18.06.2014 03:09:40,358 - INFO  - Watchdog has been checked: 0 passed
18.06.2014 03:11:40,379 - INFO  - Watchdog has been checked: 0 passed
18.06.2014 03:13:40,414 - INFO  - Watchdog has been checked: 0 passed
18.06.2014 03:15:40,195 - INFO  - Watchdog has been checked: 0 passed
18.06.2014 03:17:40,209 - INFO  - Watchdog has been checked: 0 passed
18.06.2014 03:19:39,310 - INFO  - Watchdog has been checked: 0 passed
18.06.2014 03:21:39,380 - INFO  - Watchdog has been checked: 0 passed
18.06.2014 03:23:39,391 - INFO  - Watchdog has been checked: 0 passed
18.06.2014 03:25:39,227 - INFO  - Watchdog has been checked: 0 passed
18.06.2014 03:27:38,246 - INFO  - Watchdog has been checked: 0 passed
18.06.2014 03:29:38,325 - INFO  - Watchdog has been checked: 0 passed
18.06.2014 03:31:38,358 - INFO  - Watchdog has been checked: 0 passed
18.06.2014 03:33:38,396 - INFO  - Watchdog has been checked: 0 passed
18.06.2014 03:35:38,218 - INFO  - Watchdog has been checked: 0 passed
18.06.2014 03:37:38,199 - INFO  - Watchdog has been checked: 0 passed
18.06.2014 03:39:38,284 - INFO  - Watchdog has been checked: 0 passed
18.06.2014 03:41:38,262 - INFO  - Watchdog has been checked: 0 passed
18.06.2014 03:43:38,336 - INFO  - Watchdog has been checked: 0 passed
18.06.2014 03:45:39,566 - INFO  - Watchdog has been checked: 0 passed
18.06.2014 03:47:39,221 - INFO  - Watchdog has been checked: 0 passed
18.06.2014 03:49:39,297 - INFO  - Watchdog has been checked: 0 passed
18.06.2014 03:51:39,281 - INFO  - Watchdog has been checked: 0 passed
18.06.2014 03:53:39,091 - INFO  - Watchdog has been checked: 0 passed
18.06.2014 03:55:39,109 - INFO  - Watchdog has been checked: 0 passed
18.06.2014 03:57:39,112 - INFO  - Watchdog has been checked: 0 passed
18.06.2014 03:59:37,942 - INFO  - Watchdog has been checked: 0 passed
18.06.2014 04:01:37,100 - INFO  - Watchdog has been checked: 0 passed
18.06.2014 04:03:37,081 - INFO  - Watchdog has been checked: 0 passed
18.06.2014 04:05:37,170 - INFO  - Watchdog has been checked: 0 passed
18.06.2014 04:07:37,267 - INFO  - Watchdog has been checked: 0 passed
18.06.2014 04:09:37,058 - INFO  - Watchdog has been checked: 0 passed
18.06.2014 04:11:37,071 - INFO  - Watchdog has been checked: 0 passed
18.06.2014 04:13:36,110 - INFO  - Watchdog has been checked: 0 passed
18.06.2014 04:15:36,188 - INFO  - Watchdog has been checked: 0 passed
18.06.2014 04:17:36,277 - INFO  - Watchdog has been checked: 0 passed
18.06.2014 04:19:36,185 - INFO  - Watchdog has been checked: 0 passed
18.06.2014 04:21:36,158 - INFO  - Watchdog has been checked: 0 passed
18.06.2014 04:23:36,245 - INFO  - Watchdog has been checked: 0 passed
18.06.2014 04:25:35,331 - INFO  - Watchdog has been checked: 0 passed
18.06.2014 04:27:35,291 - INFO  - Watchdog has been checked: 0 passed
18.06.2014 04:29:35,179 - INFO  - Watchdog has been checked: 0 passed
18.06.2014 04:31:35,196 - INFO  - Watchdog has been checked: 0 passed
18.06.2014 04:33:35,190 - INFO  - Watchdog has been checked: 0 passed
18.06.2014 04:35:35,397 - INFO  - Watchdog has been checked: 0 passed
18.06.2014 04:37:35,254 - INFO  - Watchdog has been checked: 0 passed
18.06.2014 04:39:35,407 - INFO  - Watchdog has been checked: 0 passed
18.06.2014 04:41:35,394 - INFO  - Watchdog has been checked: 0 passed
18.06.2014 04:43:35,483 - INFO  - Watchdog has been checked: 0 passed
18.06.2014 04:45:35,350 - INFO  - Watchdog has been checked: 0 passed
18.06.2014 04:47:35,304 - INFO  - Watchdog has been checked: 0 passed
18.06.2014 04:49:35,235 - INFO  - Watchdog has been checked: 0 passed
18.06.2014 04:51:35,191 - INFO  - Watchdog has been checked: 0 passed
18.06.2014 04:53:35,215 - INFO  - Watchdog has been checked: 0 passed
18.06.2014 04:55:35,275 - INFO  - Watchdog has been checked: 0 passed
18.06.2014 04:57:35,253 - INFO  - Watchdog has been checked: 0 passed
18.06.2014 04:59:35,170 - INFO  - Watchdog has been checked: 0 passed
18.06.2014 05:01:35,154 - INFO  - Watchdog has been checked: 0 passed
18.06.2014 05:03:35,169 - INFO  - Watchdog has been checked: 0 passed
18.06.2014 05:05:35,136 - INFO  - Watchdog has been checked: 0 passed
18.06.2014 05:07:35,102 - INFO  - Watchdog has been checked: 0 passed
18.06.2014 05:09:35,214 - INFO  - Watchdog has been checked: 0 passed
18.06.2014 05:11:35,289 - INFO  - Watchdog has been checked: 0 passed
18.06.2014 05:13:35,275 - INFO  - Watchdog has been checked: 0 passed
18.06.2014 05:15:35,179 - INFO  - Watchdog has been checked: 0 passed
18.06.2014 05:17:35,160 - INFO  - Watchdog has been checked: 0 passed
18.06.2014 05:19:35,217 - INFO  - Watchdog has been checked: 0 passed
18.06.2014 05:21:35,027 - INFO  - Watchdog has been checked: 0 passed
18.06.2014 05:23:34,044 - INFO  - Watchdog has been checked: 0 passed
18.06.2014 05:25:34,129 - INFO  - Watchdog has been checked: 0 passed
18.06.2014 05:27:34,148 - INFO  - Watchdog has been checked: 0 passed
18.06.2014 05:29:33,987 - INFO  - Watchdog has been checked: 0 passed
18.06.2014 05:31:34,030 - INFO  - Watchdog has been checked: 0 passed
18.06.2014 05:33:34,051 - INFO  - Watchdog has been checked: 0 passed
18.06.2014 05:35:34,134 - INFO  - Watchdog has been checked: 0 passed
18.06.2014 05:37:34,148 - INFO  - Watchdog has been checked: 0 passed
18.06.2014 05:39:34,277 - INFO  - Watchdog has been checked: 0 passed
18.06.2014 05:41:34,064 - INFO  - Watchdog has been checked: 0 passed
18.06.2014 05:43:34,093 - INFO  - Watchdog has been checked: 0 passed
18.06.2014 05:45:34,148 - INFO  - Watchdog has been checked: 0 passed
18.06.2014 05:47:34,171 - INFO  - Watchdog has been checked: 0 passed
18.06.2014 05:49:34,262 - INFO  - Watchdog has been checked: 0 passed
18.06.2014 05:51:34,352 - INFO  - Watchdog has been checked: 0 passed
18.06.2014 05:53:34,140 - INFO  - Watchdog has been checked: 0 passed
18.06.2014 05:55:34,206 - INFO  - Watchdog has been checked: 0 passed
18.06.2014 05:57:34,232 - INFO  - Watchdog has been checked: 0 passed
18.06.2014 05:59:34,151 - INFO  - Watchdog has been checked: 0 passed
18.06.2014 06:01:34,151 - INFO  - Watchdog has been checked: 0 passed
18.06.2014 06:03:34,246 - INFO  - Watchdog has been checked: 0 passed
18.06.2014 06:05:34,253 - INFO  - Watchdog has been checked: 0 passed
18.06.2014 06:07:34,268 - INFO  - Watchdog has been checked: 0 passed
18.06.2014 06:09:34,401 - INFO  - Watchdog has been checked: 0 passed
18.06.2014 06:11:34,387 - INFO  - Watchdog has been checked: 0 passed
18.06.2014 06:13:34,275 - INFO  - Watchdog has been checked: 0 passed
18.06.2014 06:15:01,411 - INFO  - mapping file sync started
18.06.2014 06:15:01,955 - INFO  - file successfully updated
18.06.2014 06:15:34,323 - INFO  - Watchdog has been checked: 0 passed
18.06.2014 06:17:34,315 - INFO  - Watchdog has been checked: 0 passed
18.06.2014 06:19:34,436 - INFO  - Watchdog has been checked: 0 passed
18.06.2014 06:21:34,243 - INFO  - Watchdog has been checked: 0 passed
18.06.2014 06:23:34,417 - INFO  - Watchdog has been checked: 0 passed
18.06.2014 06:25:34,455 - INFO  - Watchdog has been checked: 0 passed
18.06.2014 06:27:34,453 - INFO  - Watchdog has been checked: 0 passed
18.06.2014 06:29:34,330 - INFO  - Watchdog has been checked: 0 passed
18.06.2014 06:31:34,299 - INFO  - Watchdog has been checked: 0 passed
18.06.2014 06:33:34,401 - INFO  - Watchdog has been checked: 0 passed
18.06.2014 06:35:34,279 - INFO  - Watchdog has been checked: 0 passed
18.06.2014 06:37:34,516 - INFO  - Watchdog has been checked: 0 passed
18.06.2014 06:39:34,390 - INFO  - Watchdog has been checked: 0 passed
18.06.2014 06:41:34,351 - INFO  - Watchdog has been checked: 0 passed
18.06.2014 06:43:34,168 - INFO  - Watchdog has been checked: 0 passed
18.06.2014 06:45:34,215 - INFO  - Watchdog has been checked: 0 passed
18.06.2014 06:47:34,172 - INFO  - Watchdog has been checked: 0 passed
18.06.2014 06:49:34,254 - INFO  - Watchdog has been checked: 0 passed
18.06.2014 06:51:34,278 - INFO  - Watchdog has been checked: 0 passed
18.06.2014 06:53:34,069 - INFO  - Watchdog has been checked: 0 passed
18.06.2014 06:55:34,148 - INFO  - Watchdog has been checked: 0 passed
18.06.2014 06:57:34,118 - INFO  - Watchdog has been checked: 0 passed
18.06.2014 06:59:34,035 - INFO  - Watchdog has been checked: 0 passed
18.06.2014 07:01:33,129 - INFO  - Watchdog has been checked: 0 passed
18.06.2014 07:03:33,172 - INFO  - Watchdog has been checked: 0 passed
18.06.2014 07:05:33,030 - INFO  - Watchdog has been checked: 0 passed
18.06.2014 07:07:33,095 - INFO  - Watchdog has been checked: 0 passed
18.06.2014 07:09:33,150 - INFO  - Watchdog has been checked: 0 passed
18.06.2014 07:11:33,133 - INFO  - Watchdog has been checked: 0 passed
18.06.2014 07:13:33,171 - INFO  - Watchdog has been checked: 0 passed
18.06.2014 07:15:01,261 - INFO  - mapping file sync started
18.06.2014 07:15:01,702 - INFO  - file successfully updated
18.06.2014 07:15:33,103 - INFO  - Watchdog has been checked: 0 passed
18.06.2014 07:17:33,071 - INFO  - Watchdog has been checked: 0 passed
18.06.2014 07:19:32,179 - INFO  - Watchdog has been checked: 0 passed
18.06.2014 07:21:32,238 - INFO  - Watchdog has been checked: 0 passed
18.06.2014 07:23:32,238 - INFO  - Watchdog has been checked: 0 passed
18.06.2014 07:25:32,077 - INFO  - Watchdog has been checked: 0 passed
18.06.2014 07:27:32,174 - INFO  - Watchdog has been checked: 0 passed
18.06.2014 07:29:32,315 - INFO  - Watchdog has been checked: 0 passed
18.06.2014 07:31:32,346 - INFO  - Watchdog has been checked: 0 passed
18.06.2014 07:33:32,131 - INFO  - Watchdog has been checked: 0 passed
18.06.2014 07:35:32,275 - INFO  - Watchdog has been checked: 0 passed
18.06.2014 07:37:32,228 - INFO  - Watchdog has been checked: 0 passed
18.06.2014 07:39:32,363 - INFO  - Watchdog has been checked: 0 passed
18.06.2014 07:41:32,141 - INFO  - Watchdog has been checked: 0 passed
18.06.2014 07:43:32,134 - INFO  - Watchdog has been checked: 0 passed
18.06.2014 07:45:32,242 - INFO  - Watchdog has been checked: 0 passed
18.06.2014 07:47:32,214 - INFO  - Watchdog has been checked: 0 passed
18.06.2014 07:49:32,136 - INFO  - Watchdog has been checked: 0 passed
18.06.2014 07:51:31,190 - INFO  - Watchdog has been checked: 0 passed
18.06.2014 07:53:30,179 - INFO  - Watchdog has been checked: 0 passed
18.06.2014 07:55:29,247 - INFO  - Watchdog has been checked: 0 passed
18.06.2014 07:57:29,226 - INFO  - Watchdog has been checked: 0 passed
18.06.2014 07:59:29,298 - INFO  - Watchdog has been checked: 0 passed
18.06.2014 08:00:46,883 - INFO  - searcher identified --- respT: 50ms, 83381 results, q=, 
18.06.2014 08:00:53,760 - INFO  - searcher identified --- respT: 25ms, 1 results, q=winganglia01, 
18.06.2014 08:00:54,433 - INFO  - searcher identified --- respT: 24ms, 1 results, q=winganglia01, 
18.06.2014 08:01:29,128 - INFO  - Watchdog has been checked: 0 passed
18.06.2014 08:03:28,169 - INFO  - Watchdog has been checked: 0 passed
18.06.2014 08:05:27,311 - INFO  - Watchdog has been checked: 0 passed
18.06.2014 08:07:27,298 - INFO  - Watchdog has been checked: 0 passed
18.06.2014 08:09:27,376 - INFO  - Watchdog has been checked: 0 passed
18.06.2014 08:11:27,161 - INFO  - Watchdog has been checked: 0 passed
18.06.2014 08:13:27,182 - INFO  - Watchdog has been checked: 0 passed
18.06.2014 08:15:27,178 - INFO  - Watchdog has been checked: 0 passed
18.06.2014 08:17:27,091 - INFO  - Watchdog has been checked: 0 passed
18.06.2014 08:19:30,423 - INFO  - Watchdog has been checked: 0 passed
18.06.2014 08:21:30,071 - INFO  - Watchdog has been checked: 0 passed
18.06.2014 08:23:30,089 - INFO  - Watchdog has been checked: 0 passed
18.06.2014 08:25:30,138 - INFO  - Watchdog has been checked: 0 passed
18.06.2014 08:27:30,120 - INFO  - Watchdog has been checked: 0 passed
18.06.2014 08:29:30,023 - INFO  - Watchdog has been checked: 0 passed
18.06.2014 08:31:30,069 - INFO  - Watchdog has been checked: 0 passed
18.06.2014 08:33:30,186 - INFO  - Watchdog has been checked: 0 passed
18.06.2014 08:35:30,274 - INFO  - Watchdog has been checked: 0 passed
18.06.2014 08:37:30,152 - INFO  - Watchdog has been checked: 0 passed
18.06.2014 08:39:30,194 - INFO  - Watchdog has been checked: 0 passed
18.06.2014 08:41:30,126 - INFO  - Watchdog has been checked: 0 passed
18.06.2014 08:43:30,324 - INFO  - Watchdog has been checked: 0 passed
18.06.2014 08:45:30,265 - INFO  - Watchdog has been checked: 0 passed
18.06.2014 08:47:30,347 - INFO  - Watchdog has been checked: 0 passed
18.06.2014 08:49:30,351 - INFO  - Watchdog has been checked: 0 passed
18.06.2014 08:51:30,359 - INFO  - Watchdog has been checked: 0 passed
18.06.2014 08:53:30,193 - INFO  - Watchdog has been checked: 0 passed
18.06.2014 08:55:30,234 - INFO  - Watchdog has been checked: 0 passed
18.06.2014 08:57:30,203 - INFO  - Watchdog has been checked: 0 passed
18.06.2014 08:59:30,331 - INFO  - Watchdog has been checked: 0 passed
18.06.2014 09:01:30,289 - INFO  - Watchdog has been checked: 0 passed
18.06.2014 09:03:30,350 - INFO  - Watchdog has been checked: 0 passed
18.06.2014 09:05:30,178 - INFO  - Watchdog has been checked: 0 passed
18.06.2014 09:07:30,358 - INFO  - Watchdog has been checked: 0 passed
18.06.2014 09:09:30,405 - INFO  - Watchdog has been checked: 0 passed
18.06.2014 09:11:30,237 - INFO  - Watchdog has been checked: 0 passed
18.06.2014 09:13:30,015 - INFO  - Watchdog has been checked: 0 passed
18.06.2014 09:15:29,086 - INFO  - Watchdog has been checked: 0 passed
18.06.2014 09:17:28,345 - INFO  - Watchdog has been checked: 0 passed
18.06.2014 09:19:28,169 - INFO  - Watchdog has been checked: 0 passed
18.06.2014 09:21:30,913 - INFO  - Watchdog has been checked: 0 passed
18.06.2014 09:23:30,034 - INFO  - Watchdog has been checked: 0 passed
18.06.2014 09:25:29,287 - INFO  - Watchdog has been checked: 0 passed
18.06.2014 09:27:29,068 - INFO  - Watchdog has been checked: 0 passed
18.06.2014 09:29:28,061 - INFO  - Watchdog has been checked: 0 passed
18.06.2014 09:31:27,303 - INFO  - Watchdog has been checked: 0 passed
18.06.2014 09:33:27,146 - INFO  - Watchdog has been checked: 0 passed
18.06.2014 09:35:27,130 - INFO  - Watchdog has been checked: 0 passed
18.06.2014 09:37:27,330 - INFO  - Watchdog has been checked: 0 passed
18.06.2014 09:39:27,121 - INFO  - Watchdog has been checked: 0 passed
18.06.2014 09:41:27,163 - INFO  - Watchdog has been checked: 0 passed
18.06.2014 09:43:30,175 - INFO  - Watchdog has been checked: 0 passed
18.06.2014 09:45:30,252 - INFO  - Watchdog has been checked: 0 passed
18.06.2014 09:47:30,187 - INFO  - Watchdog has been checked: 0 passed
18.06.2014 09:49:30,298 - INFO  - Watchdog has been checked: 0 passed
18.06.2014 09:51:30,337 - INFO  - Watchdog has been checked: 0 passed
18.06.2014 09:53:30,375 - INFO  - Watchdog has been checked: 0 passed
18.06.2014 09:55:30,231 - INFO  - Watchdog has been checked: 0 passed
18.06.2014 09:57:30,260 - INFO  - Watchdog has been checked: 0 passed
18.06.2014 09:59:30,260 - INFO  - Watchdog has been checked: 0 passed
18.06.2014 10:01:30,276 - INFO  - Watchdog has been checked: 0 passed
18.06.2014 10:03:30,279 - INFO  - Watchdog has been checked: 0 passed
18.06.2014 10:05:31,157 - INFO  - Watchdog has been checked: 0 passed
18.06.2014 10:07:31,086 - INFO  - Watchdog has been checked: 0 passed
18.06.2014 10:09:31,224 - INFO  - Watchdog has been checked: 0 passed
18.06.2014 10:11:31,279 - INFO  - Watchdog has been checked: 0 passed
18.06.2014 10:13:31,261 - INFO  - Watchdog has been checked: 0 passed
18.06.2014 10:15:31,101 - INFO  - Watchdog has been checked: 0 passed
18.06.2014 10:17:31,078 - INFO  - Watchdog has been checked: 0 passed
18.06.2014 10:19:30,179 - INFO  - Watchdog has been checked: 0 passed
18.06.2014 10:21:30,321 - INFO  - Watchdog has been checked: 0 passed
18.06.2014 10:23:30,308 - INFO  - Watchdog has been checked: 0 passed
18.06.2014 10:25:30,156 - INFO  - Watchdog has been checked: 0 passed
18.06.2014 10:27:30,164 - INFO  - Watchdog has been checked: 0 passed
18.06.2014 10:29:30,249 - INFO  - Watchdog has been checked: 0 passed
18.06.2014 10:31:30,101 - INFO  - Watchdog has been checked: 0 passed
18.06.2014 10:33:29,087 - INFO  - Watchdog has been checked: 0 passed
18.06.2014 10:35:29,195 - INFO  - Watchdog has been checked: 0 passed
18.06.2014 10:37:29,167 - INFO  - Watchdog has been checked: 0 passed
18.06.2014 10:39:29,238 - INFO  - Watchdog has been checked: 0 passed
18.06.2014 10:41:29,263 - INFO  - Watchdog has been checked: 0 passed
18.06.2014 10:43:29,470 - INFO  - Watchdog has been checked: 0 passed
18.06.2014 10:45:31,136 - INFO  - Watchdog has been checked: 0 passed
18.06.2014 10:47:31,137 - INFO  - Watchdog has been checked: 0 passed
18.06.2014 10:49:31,224 - INFO  - Watchdog has been checked: 0 passed
18.06.2014 10:51:31,274 - INFO  - Watchdog has been checked: 0 passed
18.06.2014 10:53:31,095 - INFO  - Watchdog has been checked: 0 passed
18.06.2014 10:55:31,154 - INFO  - Watchdog has been checked: 0 passed
18.06.2014 10:57:31,249 - INFO  - Watchdog has been checked: 0 passed
18.06.2014 10:59:31,278 - INFO  - Watchdog has been checked: 0 passed
18.06.2014 11:01:31,290 - INFO  - Watchdog has been checked: 0 passed
18.06.2014 11:03:31,398 - INFO  - Watchdog has been checked: 0 passed
18.06.2014 11:05:31,233 - INFO  - Watchdog has been checked: 0 passed
18.06.2014 11:07:31,179 - INFO  - Watchdog has been checked: 0 passed
18.06.2014 11:09:31,297 - INFO  - Watchdog has been checked: 0 passed
18.06.2014 11:11:31,046 - INFO  - Watchdog has been checked: 0 passed
18.06.2014 11:13:30,151 - INFO  - Watchdog has been checked: 0 passed
18.06.2014 11:15:30,165 - INFO  - Watchdog has been checked: 0 passed
18.06.2014 11:17:30,145 - INFO  - Watchdog has been checked: 0 passed
18.06.2014 11:19:30,281 - INFO  - Watchdog has been checked: 0 passed
18.06.2014 11:21:30,262 - INFO  - Watchdog has been checked: 0 passed
18.06.2014 11:23:30,166 - INFO  - Watchdog has been checked: 0 passed
18.06.2014 11:25:31,158 - INFO  - Watchdog has been checked: 0 passed
18.06.2014 11:27:31,146 - INFO  - Watchdog has been checked: 0 passed
18.06.2014 11:29:31,265 - INFO  - Watchdog has been checked: 0 passed
18.06.2014 11:31:31,258 - INFO  - Watchdog has been checked: 0 passed
18.06.2014 11:33:31,315 - INFO  - Watchdog has been checked: 0 passed
18.06.2014 11:35:32,784 - INFO  - Watchdog has been checked: 0 passed
18.06.2014 11:37:32,341 - INFO  - Watchdog has been checked: 0 passed
18.06.2014 11:39:32,218 - INFO  - Watchdog has been checked: 0 passed
18.06.2014 11:41:32,210 - INFO  - Watchdog has been checked: 0 passed
18.06.2014 11:43:32,287 - INFO  - Watchdog has been checked: 0 passed
18.06.2014 11:45:32,448 - INFO  - Watchdog has been checked: 0 passed
18.06.2014 11:47:32,067 - INFO  - Watchdog has been checked: 0 passed
18.06.2014 11:49:31,221 - INFO  - Watchdog has been checked: 0 passed
18.06.2014 11:51:31,155 - INFO  - Watchdog has been checked: 0 passed
18.06.2014 11:53:31,193 - INFO  - Watchdog has been checked: 0 passed
18.06.2014 11:55:31,044 - INFO  - Watchdog has been checked: 0 passed
18.06.2014 11:57:30,292 - INFO  - Watchdog has been checked: 0 passed
18.06.2014 11:59:30,177 - INFO  - Watchdog has been checked: 0 passed
18.06.2014 12:01:30,157 - INFO  - Watchdog has been checked: 0 passed
18.06.2014 12:03:30,173 - INFO  - Watchdog has been checked: 0 passed
18.06.2014 12:05:31,301 - INFO  - Watchdog has been checked: 0 passed
18.06.2014 12:07:31,295 - INFO  - Watchdog has been checked: 0 passed
18.06.2014 12:09:31,158 - INFO  - Watchdog has been checked: 0 passed
18.06.2014 12:11:31,204 - INFO  - Watchdog has been checked: 0 passed
18.06.2014 12:13:31,174 - INFO  - Watchdog has been checked: 0 passed
18.06.2014 12:15:31,298 - INFO  - Watchdog has been checked: 0 passed
18.06.2014 12:17:31,205 - INFO  - Watchdog has been checked: 0 passed
18.06.2014 12:19:31,370 - INFO  - Watchdog has been checked: 0 passed
18.06.2014 12:21:31,374 - INFO  - Watchdog has been checked: 0 passed
18.06.2014 12:23:31,344 - INFO  - Watchdog has been checked: 0 passed
18.06.2014 12:25:31,169 - INFO  - Watchdog has been checked: 0 passed
18.06.2014 12:27:31,407 - INFO  - Watchdog has been checked: 0 passed
18.06.2014 12:29:31,214 - INFO  - Watchdog has been checked: 0 passed
18.06.2014 12:31:31,241 - INFO  - Watchdog has been checked: 0 passed
18.06.2014 12:33:31,218 - INFO  - Watchdog has been checked: 0 passed
18.06.2014 12:35:31,326 - INFO  - Watchdog has been checked: 0 passed
18.06.2014 12:37:31,362 - INFO  - Watchdog has been checked: 0 passed
18.06.2014 12:39:31,124 - INFO  - Watchdog has been checked: 0 passed
18.06.2014 12:41:31,141 - INFO  - Watchdog has been checked: 0 passed
18.06.2014 12:43:31,106 - INFO  - Watchdog has been checked: 0 passed
18.06.2014 12:45:31,202 - INFO  - Watchdog has been checked: 0 passed
18.06.2014 12:47:31,180 - INFO  - Watchdog has been checked: 0 passed
18.06.2014 12:49:31,196 - INFO  - Watchdog has been checked: 0 passed
18.06.2014 12:51:31,445 - INFO  - Watchdog has been checked: 0 passed
18.06.2014 12:53:31,265 - INFO  - Watchdog has been checked: 0 passed
18.06.2014 12:55:31,102 - INFO  - Watchdog has been checked: 0 passed
18.06.2014 12:57:31,139 - INFO  - Watchdog has been checked: 0 passed
18.06.2014 12:59:30,163 - INFO  - Watchdog has been checked: 0 passed
18.06.2014 13:01:30,220 - INFO  - Watchdog has been checked: 0 passed
18.06.2014 13:03:30,230 - INFO  - Watchdog has been checked: 0 passed
18.06.2014 13:05:30,076 - INFO  - Watchdog has been checked: 0 passed
18.06.2014 13:07:30,039 - INFO  - Watchdog has been checked: 0 passed
18.06.2014 13:09:30,133 - INFO  - Watchdog has been checked: 0 passed
18.06.2014 13:11:30,168 - INFO  - Watchdog has been checked: 0 passed
18.06.2014 13:13:30,258 - INFO  - Watchdog has been checked: 0 passed
18.06.2014 13:15:30,510 - INFO  - Watchdog has been checked: 0 passed
18.06.2014 13:17:30,265 - INFO  - Watchdog has been checked: 0 passed
18.06.2014 13:19:30,126 - INFO  - Watchdog has been checked: 0 passed
18.06.2014 13:21:31,481 - INFO  - Watchdog has been checked: 0 passed
18.06.2014 13:23:31,264 - INFO  - Watchdog has been checked: 0 passed
18.06.2014 13:25:31,311 - INFO  - Watchdog has been checked: 0 passed
18.06.2014 13:27:31,290 - INFO  - Watchdog has been checked: 0 passed
18.06.2014 13:29:31,363 - INFO  - Watchdog has been checked: 0 passed
18.06.2014 13:31:31,123 - INFO  - Watchdog has been checked: 0 passed
18.06.2014 13:33:31,151 - INFO  - Watchdog has been checked: 0 passed
18.06.2014 13:35:31,232 - INFO  - Watchdog has been checked: 0 passed
18.06.2014 13:37:31,198 - INFO  - Watchdog has been checked: 0 passed
18.06.2014 13:39:31,319 - INFO  - Watchdog has been checked: 0 passed
18.06.2014 13:41:31,324 - INFO  - Watchdog has been checked: 0 passed
18.06.2014 13:43:31,102 - INFO  - Watchdog has been checked: 0 passed
18.06.2014 13:45:31,173 - INFO  - Watchdog has been checked: 0 passed
18.06.2014 13:47:31,144 - INFO  - Watchdog has been checked: 0 passed
18.06.2014 13:49:31,249 - INFO  - Watchdog has been checked: 0 passed
18.06.2014 13:51:31,240 - INFO  - Watchdog has been checked: 0 passed
18.06.2014 13:53:31,303 - INFO  - Watchdog has been checked: 0 passed
18.06.2014 13:55:31,287 - INFO  - Watchdog has been checked: 0 passed
18.06.2014 13:57:31,117 - INFO  - Watchdog has been checked: 0 passed
18.06.2014 13:59:31,216 - INFO  - Watchdog has been checked: 0 passed
18.06.2014 14:01:31,218 - INFO  - Watchdog has been checked: 0 passed
18.06.2014 14:03:31,262 - INFO  - Watchdog has been checked: 0 passed
18.06.2014 14:05:32,224 - INFO  - Watchdog has been checked: 0 passed
18.06.2014 14:07:32,309 - INFO  - Watchdog has been checked: 0 passed
18.06.2014 14:09:32,150 - INFO  - Watchdog has been checked: 0 passed
18.06.2014 14:11:32,118 - INFO  - Watchdog has been checked: 0 passed
18.06.2014 14:13:32,172 - INFO  - Watchdog has been checked: 0 passed
18.06.2014 14:15:32,260 - INFO  - Watchdog has been checked: 0 passed
18.06.2014 14:17:32,198 - INFO  - Watchdog has been checked: 0 passed
18.06.2014 14:19:32,064 - INFO  - Watchdog has been checked: 0 passed
18.06.2014 14:21:32,211 - INFO  - Watchdog has been checked: 0 passed
18.06.2014 14:23:31,116 - INFO  - Watchdog has been checked: 0 passed
18.06.2014 14:25:30,193 - INFO  - Watchdog has been checked: 0 passed
18.06.2014 14:27:30,134 - INFO  - Watchdog has been checked: 0 passed
18.06.2014 14:29:29,261 - INFO  - Watchdog has been checked: 0 passed
18.06.2014 14:31:30,082 - INFO  - Watchdog has been checked: 0 passed
18.06.2014 14:33:29,301 - INFO  - Watchdog has been checked: 0 passed
18.06.2014 14:35:29,208 - INFO  - Watchdog has been checked: 0 passed
18.06.2014 14:37:29,169 - INFO  - Watchdog has been checked: 0 passed
18.06.2014 14:39:29,277 - INFO  - Watchdog has been checked: 0 passed
18.06.2014 14:41:29,289 - INFO  - Watchdog has been checked: 0 passed
18.06.2014 14:43:29,294 - INFO  - Watchdog has been checked: 0 passed
18.06.2014 14:45:29,107 - INFO  - Watchdog has been checked: 0 passed
18.06.2014 14:47:29,071 - INFO  - Watchdog has been checked: 0 passed
18.06.2014 14:49:29,145 - INFO  - Watchdog has been checked: 0 passed
18.06.2014 14:51:29,169 - INFO  - Watchdog has been checked: 0 passed
18.06.2014 14:53:29,245 - INFO  - Watchdog has been checked: 0 passed
18.06.2014 14:55:29,351 - INFO  - Watchdog has been checked: 0 passed
18.06.2014 14:57:29,317 - INFO  - Watchdog has been checked: 0 passed
18.06.2014 14:59:29,160 - INFO  - Watchdog has been checked: 0 passed
18.06.2014 15:01:29,220 - INFO  - Watchdog has been checked: 0 passed
18.06.2014 15:03:29,166 - INFO  - Watchdog has been checked: 0 passed
18.06.2014 15:05:29,058 - INFO  - Watchdog has been checked: 0 passed
18.06.2014 15:07:29,242 - INFO  - Watchdog has been checked: 0 passed
18.06.2014 15:09:29,097 - INFO  - Watchdog has been checked: 0 passed
18.06.2014 15:11:29,136 - INFO  - Watchdog has been checked: 0 passed
18.06.2014 15:13:29,157 - INFO  - Watchdog has been checked: 0 passed
18.06.2014 15:15:29,310 - INFO  - Watchdog has been checked: 0 passed
18.06.2014 15:17:29,021 - INFO  - Watchdog has been checked: 0 passed
18.06.2014 15:19:28,105 - INFO  - Watchdog has been checked: 0 passed
18.06.2014 15:21:28,145 - INFO  - Watchdog has been checked: 0 passed
18.06.2014 15:23:28,143 - INFO  - Watchdog has been checked: 0 passed
18.06.2014 15:25:28,017 - INFO  - Watchdog has been checked: 0 passed
18.06.2014 15:27:27,245 - INFO  - Watchdog has been checked: 0 passed
18.06.2014 15:29:27,351 - INFO  - Watchdog has been checked: 0 passed
18.06.2014 15:31:27,382 - INFO  - Watchdog has been checked: 0 passed
18.06.2014 15:33:28,746 - INFO  - Watchdog has been checked: 0 passed
18.06.2014 15:35:28,246 - INFO  - Watchdog has been checked: 0 passed
18.06.2014 15:37:28,130 - INFO  - Watchdog has been checked: 0 passed
18.06.2014 15:40:28,253 - INFO  - Watchdog has been checked: 0 passed
18.06.2014 15:41:44,706 - INFO  - Watchdog has been checked: 0 passed
18.06.2014 15:42:28,194 - INFO  - Watchdog has been checked: 0 passed
18.06.2014 15:44:28,165 - INFO  - Watchdog has been checked: 0 passed
18.06.2014 15:46:28,221 - INFO  - Watchdog has been checked: 0 passed
18.06.2014 15:48:28,238 - INFO  - Watchdog has been checked: 0 passed
18.06.2014 15:50:28,126 - INFO  - Watchdog has been checked: 0 passed
18.06.2014 15:52:27,350 - INFO  - Watchdog has been checked: 0 passed
18.06.2014 15:54:27,446 - INFO  - Watchdog has been checked: 0 passed
18.06.2014 15:56:27,387 - INFO  - Watchdog has been checked: 0 passed
18.06.2014 15:58:27,349 - INFO  - Watchdog has been checked: 0 passed
18.06.2014 16:00:27,235 - INFO  - Watchdog has been checked: 0 passed
18.06.2014 16:02:27,164 - INFO  - Watchdog has been checked: 0 passed
18.06.2014 16:04:31,249 - INFO  - Watchdog has been checked: 0 passed
18.06.2014 16:06:31,294 - INFO  - Watchdog has been checked: 0 passed
18.06.2014 16:08:31,372 - INFO  - Watchdog has been checked: 0 passed
18.06.2014 16:10:31,193 - INFO  - Watchdog has been checked: 0 passed
18.06.2014 16:12:31,161 - INFO  - Watchdog has been checked: 0 passed
18.06.2014 16:14:31,144 - INFO  - Watchdog has been checked: 0 passed
18.06.2014 16:16:31,192 - INFO  - Watchdog has been checked: 0 passed
18.06.2014 16:18:31,143 - INFO  - Watchdog has been checked: 0 passed
18.06.2014 16:20:31,290 - INFO  - Watchdog has been checked: 0 passed
18.06.2014 16:22:31,256 - INFO  - Watchdog has been checked: 0 passed
18.06.2014 16:24:31,259 - INFO  - Watchdog has been checked: 0 passed
18.06.2014 16:26:31,371 - INFO  - Watchdog has been checked: 0 passed
18.06.2014 16:28:31,160 - INFO  - Watchdog has been checked: 0 passed
18.06.2014 16:30:31,274 - INFO  - Watchdog has been checked: 0 passed
18.06.2014 16:32:31,225 - INFO  - Watchdog has been checked: 0 passed
18.06.2014 16:34:31,319 - INFO  - Watchdog has been checked: 0 passed
18.06.2014 16:36:31,240 - INFO  - Watchdog has been checked: 0 passed
18.06.2014 16:38:31,323 - INFO  - Watchdog has been checked: 0 passed
18.06.2014 16:40:31,981 - INFO  - Watchdog has been checked: 0 passed
18.06.2014 16:42:31,191 - INFO  - Watchdog has been checked: 0 passed
18.06.2014 16:44:31,170 - INFO  - Watchdog has been checked: 0 passed
18.06.2014 16:46:31,119 - INFO  - Watchdog has been checked: 0 passed
18.06.2014 16:48:31,252 - INFO  - Watchdog has been checked: 0 passed
18.06.2014 16:50:32,118 - INFO  - Watchdog has been checked: 0 passed
18.06.2014 16:52:32,338 - INFO  - Watchdog has been checked: 0 passed
18.06.2014 16:54:32,136 - INFO  - Watchdog has been checked: 0 passed
18.06.2014 16:56:32,386 - INFO  - Watchdog has been checked: 0 passed
18.06.2014 16:58:32,150 - INFO  - Watchdog has been checked: 0 passed
18.06.2014 17:00:32,324 - INFO  - Watchdog has been checked: 0 passed
18.06.2014 17:02:32,280 - INFO  - Watchdog has been checked: 0 passed
18.06.2014 17:04:32,173 - INFO  - Watchdog has been checked: 0 passed
18.06.2014 17:06:32,454 - INFO  - Watchdog has been checked: 0 passed
18.06.2014 17:08:32,263 - INFO  - Watchdog has been checked: 0 passed
18.06.2014 17:10:32,363 - INFO  - Watchdog has been checked: 0 passed
18.06.2014 17:12:32,312 - INFO  - Watchdog has been checked: 0 passed
18.06.2014 17:14:32,098 - INFO  - Watchdog has been checked: 0 passed
18.06.2014 17:16:32,071 - INFO  - Watchdog has been checked: 0 passed
18.06.2014 17:18:31,080 - INFO  - Watchdog has been checked: 0 passed
18.06.2014 17:20:31,895 - INFO  - Watchdog has been checked: 0 passed
18.06.2014 17:22:31,175 - INFO  - Watchdog has been checked: 0 passed
18.06.2014 17:24:31,222 - INFO  - Watchdog has been checked: 0 passed
18.06.2014 17:26:31,252 - INFO  - Watchdog has been checked: 0 passed
18.06.2014 17:28:31,280 - INFO  - Watchdog has been checked: 0 passed
18.06.2014 17:30:31,549 - INFO  - Watchdog has been checked: 0 passed
18.06.2014 17:32:31,167 - INFO  - Watchdog has been checked: 0 passed
18.06.2014 17:34:31,219 - INFO  - Watchdog has been checked: 0 passed
18.06.2014 17:36:31,236 - INFO  - Watchdog has been checked: 0 passed
18.06.2014 17:38:31,264 - INFO  - Watchdog has been checked: 0 passed
18.06.2014 17:40:31,720 - INFO  - Watchdog has been checked: 0 passed
18.06.2014 17:42:31,325 - INFO  - Watchdog has been checked: 0 passed
18.06.2014 17:44:31,160 - INFO  - Watchdog has been checked: 0 passed
18.06.2014 17:46:31,134 - INFO  - Watchdog has been checked: 0 passed
18.06.2014 17:48:31,146 - INFO  - Watchdog has been checked: 0 passed
18.06.2014 17:50:31,715 - INFO  - Watchdog has been checked: 0 passed
18.06.2014 17:52:31,371 - INFO  - Watchdog has been checked: 0 passed
18.06.2014 17:54:31,293 - INFO  - Watchdog has been checked: 0 passed
18.06.2014 17:56:31,291 - INFO  - Watchdog has been checked: 0 passed
18.06.2014 17:58:31,327 - INFO  - Watchdog has been checked: 0 passed
18.06.2014 18:00:31,193 - INFO  - Watchdog has been checked: 0 passed
18.06.2014 18:02:31,218 - INFO  - Watchdog has been checked: 0 passed
18.06.2014 18:04:31,220 - INFO  - Watchdog has been checked: 0 passed
18.06.2014 18:06:31,237 - INFO  - Watchdog has been checked: 0 passed
18.06.2014 18:08:31,265 - INFO  - Watchdog has been checked: 0 passed
18.06.2014 18:10:31,165 - INFO  - Watchdog has been checked: 0 passed
18.06.2014 18:12:31,267 - INFO  - Watchdog has been checked: 0 passed
18.06.2014 18:14:31,266 - INFO  - Watchdog has been checked: 0 passed
18.06.2014 18:16:31,270 - INFO  - Watchdog has been checked: 0 passed
18.06.2014 18:18:31,322 - INFO  - Watchdog has been checked: 0 passed
18.06.2014 18:20:31,181 - INFO  - Watchdog has been checked: 0 passed
18.06.2014 18:22:31,317 - INFO  - Watchdog has been checked: 0 passed
18.06.2014 18:24:31,361 - INFO  - Watchdog has been checked: 0 passed
18.06.2014 18:26:31,112 - INFO  - Watchdog has been checked: 0 passed
18.06.2014 18:28:31,507 - INFO  - Watchdog has been checked: 0 passed
18.06.2014 18:30:31,428 - INFO  - Watchdog has been checked: 0 passed
18.06.2014 18:32:31,232 - INFO  - Watchdog has been checked: 0 passed
18.06.2014 18:34:31,317 - INFO  - Watchdog has been checked: 0 passed
18.06.2014 18:36:31,376 - INFO  - Watchdog has been checked: 0 passed
18.06.2014 18:38:31,387 - INFO  - Watchdog has been checked: 0 passed
18.06.2014 18:40:31,891 - INFO  - Watchdog has been checked: 0 passed
18.06.2014 18:42:31,155 - INFO  - Watchdog has been checked: 0 passed
18.06.2014 18:44:31,206 - INFO  - Watchdog has been checked: 0 passed
18.06.2014 18:46:31,218 - INFO  - Watchdog has been checked: 0 passed
18.06.2014 18:48:31,219 - INFO  - Watchdog has been checked: 0 passed
18.06.2014 18:50:31,339 - INFO  - Watchdog has been checked: 0 passed
18.06.2014 18:52:31,229 - INFO  - Watchdog has been checked: 0 passed
18.06.2014 18:54:31,128 - INFO  - Watchdog has been checked: 0 passed
18.06.2014 18:56:31,111 - INFO  - Watchdog has been checked: 0 passed
18.06.2014 18:58:31,246 - INFO  - Watchdog has been checked: 0 passed
18.06.2014 19:00:31,158 - INFO  - Watchdog has been checked: 0 passed
18.06.2014 19:02:31,139 - INFO  - Watchdog has been checked: 0 passed
18.06.2014 19:04:31,200 - INFO  - Watchdog has been checked: 0 passed
18.06.2014 19:06:31,249 - INFO  - Watchdog has been checked: 0 passed
18.06.2014 19:08:31,257 - INFO  - Watchdog has been checked: 0 passed
18.06.2014 19:10:32,017 - INFO  - Watchdog has been checked: 0 passed
18.06.2014 19:12:31,120 - INFO  - Watchdog has been checked: 0 passed
18.06.2014 19:14:30,126 - INFO  - Watchdog has been checked: 0 passed
18.06.2014 19:16:30,165 - INFO  - Watchdog has been checked: 0 passed
18.06.2014 19:18:30,203 - INFO  - Watchdog has been checked: 0 passed
18.06.2014 19:20:30,099 - INFO  - Watchdog has been checked: 0 passed
18.06.2014 19:22:29,269 - INFO  - Watchdog has been checked: 0 passed
18.06.2014 19:24:29,334 - INFO  - Watchdog has been checked: 0 passed
18.06.2014 19:26:29,161 - INFO  - Watchdog has been checked: 0 passed
18.06.2014 19:28:29,241 - INFO  - Watchdog has been checked: 0 passed
18.06.2014 19:30:29,334 - INFO  - Watchdog has been checked: 0 passed
18.06.2014 19:32:29,336 - INFO  - Watchdog has been checked: 0 passed
18.06.2014 19:34:29,398 - INFO  - Watchdog has been checked: 0 passed
18.06.2014 19:36:29,411 - INFO  - Watchdog has been checked: 0 passed
18.06.2014 19:38:29,360 - INFO  - Watchdog has been checked: 0 passed
18.06.2014 19:40:29,206 - INFO  - Watchdog has been checked: 0 passed
18.06.2014 19:42:29,133 - INFO  - Watchdog has been checked: 0 passed
18.06.2014 19:44:29,265 - INFO  - Watchdog has been checked: 0 passed
18.06.2014 19:46:29,264 - INFO  - Watchdog has been checked: 0 passed
18.06.2014 19:48:29,094 - INFO  - Watchdog has been checked: 0 passed
18.06.2014 19:50:28,253 - INFO  - Watchdog has been checked: 0 passed
18.06.2014 19:52:28,214 - INFO  - Watchdog has been checked: 0 passed
18.06.2014 19:54:28,253 - INFO  - Watchdog has been checked: 0 passed
18.06.2014 19:56:28,223 - INFO  - Watchdog has been checked: 0 passed
18.06.2014 19:58:28,312 - INFO  - Watchdog has been checked: 0 passed
18.06.2014 20:00:28,193 - INFO  - Watchdog has been checked: 0 passed
18.06.2014 20:02:28,226 - INFO  - Watchdog has been checked: 0 passed
18.06.2014 20:04:28,025 - INFO  - Watchdog has been checked: 0 passed
18.06.2014 20:06:28,042 - INFO  - Watchdog has been checked: 0 passed
18.06.2014 20:08:28,059 - INFO  - Watchdog has been checked: 0 passed
18.06.2014 20:10:27,968 - INFO  - Watchdog has been checked: 0 passed
18.06.2014 20:12:31,215 - INFO  - Watchdog has been checked: 0 passed
18.06.2014 20:14:31,125 - INFO  - Watchdog has been checked: 0 passed
18.06.2014 20:16:31,075 - INFO  - Watchdog has been checked: 0 passed
18.06.2014 20:18:31,117 - INFO  - Watchdog has been checked: 0 passed
18.06.2014 20:20:31,054 - INFO  - Watchdog has been checked: 0 passed
18.06.2014 20:22:30,269 - INFO  - Watchdog has been checked: 0 passed
18.06.2014 20:24:30,048 - INFO  - Watchdog has been checked: 0 passed
18.06.2014 20:26:29,099 - INFO  - Watchdog has been checked: 0 passed
18.06.2014 20:28:29,121 - INFO  - Watchdog has been checked: 0 passed
18.06.2014 20:30:29,062 - INFO  - Watchdog has been checked: 0 passed
18.06.2014 20:32:28,272 - INFO  - Watchdog has been checked: 0 passed
18.06.2014 20:34:28,404 - INFO  - Watchdog has been checked: 0 passed
18.06.2014 20:36:28,287 - INFO  - Watchdog has been checked: 0 passed
18.06.2014 20:38:28,337 - INFO  - Watchdog has been checked: 0 passed
18.06.2014 20:40:28,316 - INFO  - Watchdog has been checked: 0 passed
18.06.2014 20:42:28,274 - INFO  - Watchdog has been checked: 0 passed
18.06.2014 20:44:28,333 - INFO  - Watchdog has been checked: 0 passed
18.06.2014 20:46:28,198 - INFO  - Watchdog has been checked: 0 passed
18.06.2014 20:48:28,212 - INFO  - Watchdog has been checked: 0 passed
18.06.2014 20:50:28,374 - INFO  - Watchdog has been checked: 0 passed
18.06.2014 20:52:28,381 - INFO  - Watchdog has been checked: 0 passed
18.06.2014 20:54:28,117 - INFO  - Watchdog has been checked: 0 passed
18.06.2014 20:56:28,151 - INFO  - Watchdog has been checked: 0 passed
18.06.2014 20:58:28,148 - INFO  - Watchdog has been checked: 0 passed
18.06.2014 21:00:28,230 - INFO  - Watchdog has been checked: 0 passed
18.06.2014 21:02:28,191 - INFO  - Watchdog has been checked: 0 passed
18.06.2014 21:04:28,227 - INFO  - Watchdog has been checked: 0 passed
18.06.2014 21:06:28,307 - INFO  - Watchdog has been checked: 0 passed
18.06.2014 21:08:28,279 - INFO  - Watchdog has been checked: 0 passed
18.06.2014 21:10:28,155 - INFO  - Watchdog has been checked: 0 passed
18.06.2014 21:12:28,218 - INFO  - Watchdog has been checked: 0 passed
18.06.2014 21:14:30,864 - INFO  - Watchdog has been checked: 0 passed
18.06.2014 21:16:30,114 - INFO  - Watchdog has been checked: 0 passed
18.06.2014 21:18:30,037 - INFO  - Watchdog has been checked: 0 passed
18.06.2014 21:20:30,004 - INFO  - Watchdog has been checked: 0 passed
18.06.2014 21:22:30,104 - INFO  - Watchdog has been checked: 0 passed
18.06.2014 21:24:30,114 - INFO  - Watchdog has been checked: 0 passed
18.06.2014 21:26:30,148 - INFO  - Watchdog has been checked: 0 passed
18.06.2014 21:28:30,173 - INFO  - Watchdog has been checked: 0 passed
18.06.2014 21:30:30,069 - INFO  - Watchdog has been checked: 0 passed
18.06.2014 21:32:30,263 - INFO  - Watchdog has been checked: 0 passed
18.06.2014 21:34:30,274 - INFO  - Watchdog has been checked: 0 passed
18.06.2014 21:36:30,334 - INFO  - Watchdog has been checked: 0 passed
18.06.2014 21:38:30,167 - INFO  - Watchdog has been checked: 0 passed
18.06.2014 21:40:30,291 - INFO  - Watchdog has been checked: 0 passed
18.06.2014 21:42:30,282 - INFO  - Watchdog has been checked: 0 passed
18.06.2014 21:44:30,300 - INFO  - Watchdog has been checked: 0 passed
18.06.2014 21:46:30,112 - INFO  - Watchdog has been checked: 0 passed
18.06.2014 21:48:30,156 - INFO  - Watchdog has been checked: 0 passed
18.06.2014 21:50:30,301 - INFO  - Watchdog has been checked: 0 passed
18.06.2014 21:52:30,279 - INFO  - Watchdog has been checked: 0 passed
18.06.2014 21:54:30,405 - INFO  - Watchdog has been checked: 0 passed
18.06.2014 21:56:30,394 - INFO  - Watchdog has been checked: 0 passed
18.06.2014 21:58:30,201 - INFO  - Watchdog has been checked: 0 passed
18.06.2014 22:00:30,394 - INFO  - Watchdog has been checked: 0 passed
18.06.2014 22:02:30,321 - INFO  - Watchdog has been checked: 0 passed
18.06.2014 22:04:30,432 - INFO  - Watchdog has been checked: 0 passed
18.06.2014 22:06:30,265 - INFO  - Watchdog has been checked: 0 passed
18.06.2014 22:08:30,325 - INFO  - Watchdog has been checked: 0 passed
18.06.2014 22:10:30,224 - INFO  - Watchdog has been checked: 0 passed
18.06.2014 22:12:30,264 - INFO  - Watchdog has been checked: 0 passed
18.06.2014 22:14:30,338 - INFO  - Watchdog has been checked: 0 passed
18.06.2014 22:16:31,353 - INFO  - Watchdog has been checked: 0 passed
18.06.2014 22:18:31,370 - INFO  - Watchdog has been checked: 0 passed
18.06.2014 22:20:31,272 - INFO  - Watchdog has been checked: 0 passed
18.06.2014 22:22:31,293 - INFO  - Watchdog has been checked: 0 passed
18.06.2014 22:24:31,408 - INFO  - Watchdog has been checked: 0 passed
18.06.2014 22:26:31,380 - INFO  - Watchdog has been checked: 0 passed
18.06.2014 22:28:31,429 - INFO  - Watchdog has been checked: 0 passed
18.06.2014 22:30:31,321 - INFO  - Watchdog has been checked: 0 passed
18.06.2014 22:32:31,563 - INFO  - Watchdog has been checked: 0 passed
18.06.2014 22:34:31,091 - INFO  - Watchdog has been checked: 0 passed
18.06.2014 22:36:31,037 - INFO  - Watchdog has been checked: 0 passed
18.06.2014 22:38:31,069 - INFO  - Watchdog has been checked: 0 passed
18.06.2014 22:40:30,954 - INFO  - Watchdog has been checked: 0 passed
18.06.2014 22:42:29,990 - INFO  - Watchdog has been checked: 0 passed
18.06.2014 22:44:28,986 - INFO  - Watchdog has been checked: 0 passed
18.06.2014 22:46:27,939 - INFO  - Watchdog has been checked: 0 passed
18.06.2014 22:48:27,194 - INFO  - Watchdog has been checked: 0 passed
18.06.2014 22:50:27,309 - INFO  - Watchdog has been checked: 0 passed
18.06.2014 22:52:27,247 - INFO  - Watchdog has been checked: 0 passed
18.06.2014 22:54:27,142 - INFO  - Watchdog has been checked: 0 passed
18.06.2014 22:56:27,129 - INFO  - Watchdog has been checked: 0 passed
18.06.2014 22:58:27,155 - INFO  - Watchdog has been checked: 0 passed
18.06.2014 23:00:27,173 - INFO  - Watchdog has been checked: 0 passed
18.06.2014 23:02:27,309 - INFO  - Watchdog has been checked: 0 passed
18.06.2014 23:04:27,075 - INFO  - Watchdog has been checked: 0 passed
18.06.2014 23:06:27,167 - INFO  - Watchdog has been checked: 0 passed
18.06.2014 23:08:27,181 - INFO  - Watchdog has been checked: 0 passed
18.06.2014 23:10:27,276 - INFO  - Watchdog has been checked: 0 passed
18.06.2014 23:12:27,292 - INFO  - Watchdog has been checked: 0 passed
18.06.2014 23:14:27,364 - INFO  - Watchdog has been checked: 0 passed
18.06.2014 23:16:27,143 - INFO  - Watchdog has been checked: 0 passed
18.06.2014 23:18:29,445 - INFO  - Watchdog has been checked: 0 passed
18.06.2014 23:20:29,363 - INFO  - Watchdog has been checked: 0 passed
18.06.2014 23:22:29,282 - INFO  - Watchdog has been checked: 0 passed
18.06.2014 23:24:29,397 - INFO  - Watchdog has been checked: 0 passed
18.06.2014 23:26:29,416 - INFO  - Watchdog has been checked: 0 passed
18.06.2014 23:28:29,420 - INFO  - Watchdog has been checked: 0 passed
18.06.2014 23:30:59,372 - INFO  - Watchdog has been checked: 0 passed
18.06.2014 23:31:29,239 - INFO  - Watchdog has been checked: 0 passed
18.06.2014 23:33:29,355 - INFO  - Watchdog has been checked: 0 passed
18.06.2014 23:35:30,754 - INFO  - Watchdog has been checked: 0 passed
18.06.2014 23:37:30,335 - INFO  - Watchdog has been checked: 0 passed
18.06.2014 23:39:30,435 - INFO  - Watchdog has been checked: 0 passed
18.06.2014 23:41:30,296 - INFO  - Watchdog has been checked: 0 passed
18.06.2014 23:43:30,338 - INFO  - Watchdog has been checked: 0 passed
18.06.2014 23:45:30,394 - INFO  - Watchdog has been checked: 0 passed
18.06.2014 23:47:30,342 - INFO  - Watchdog has been checked: 0 passed
18.06.2014 23:49:31,377 - INFO  - Watchdog has been checked: 0 passed
18.06.2014 23:51:31,214 - INFO  - Watchdog has been checked: 0 passed
18.06.2014 23:53:31,233 - INFO  - Watchdog has been checked: 0 passed
18.06.2014 23:55:31,318 - INFO  - Watchdog has been checked: 0 passed
18.06.2014 23:57:31,063 - INFO  - Watchdog has been checked: 0 passed
18.06.2014 23:59:30,235 - INFO  - Watchdog has been checked: 0 passed
