07.07.2014 00:01:35,192 - INFO  - Watchdog has been checked: 0 passed
07.07.2014 00:03:35,262 - INFO  - Watchdog has been checked: 0 passed
07.07.2014 00:05:35,282 - INFO  - Watchdog has been checked: 0 passed
07.07.2014 00:07:35,292 - INFO  - Watchdog has been checked: 0 passed
07.07.2014 00:09:35,248 - INFO  - Watchdog has been checked: 0 passed
07.07.2014 00:11:35,233 - INFO  - Watchdog has been checked: 0 passed
07.07.2014 00:13:35,288 - INFO  - Watchdog has been checked: 0 passed
07.07.2014 00:15:35,372 - INFO  - Watchdog has been checked: 0 passed
07.07.2014 00:17:35,373 - INFO  - Watchdog has been checked: 0 passed
07.07.2014 00:19:35,281 - INFO  - Watchdog has been checked: 0 passed
07.07.2014 00:21:35,261 - INFO  - Watchdog has been checked: 0 passed
07.07.2014 00:23:35,343 - INFO  - Watchdog has been checked: 0 passed
07.07.2014 00:25:35,405 - INFO  - Watchdog has been checked: 0 passed
07.07.2014 00:27:35,348 - INFO  - Watchdog has been checked: 0 passed
07.07.2014 00:29:35,280 - INFO  - Watchdog has been checked: 0 passed
07.07.2014 00:31:35,271 - INFO  - Watchdog has been checked: 0 passed
07.07.2014 00:33:35,297 - INFO  - Watchdog has been checked: 0 passed
07.07.2014 00:35:35,103 - INFO  - Watchdog has been checked: 0 passed
07.07.2014 00:37:35,041 - INFO  - Watchdog has been checked: 0 passed
07.07.2014 00:39:34,141 - INFO  - Watchdog has been checked: 0 passed
07.07.2014 00:41:34,130 - INFO  - Watchdog has been checked: 0 passed
07.07.2014 00:43:34,159 - INFO  - Watchdog has been checked: 0 passed
07.07.2014 00:45:33,983 - INFO  - Watchdog has been checked: 0 passed
07.07.2014 00:47:33,214 - INFO  - Watchdog has been checked: 0 passed
07.07.2014 00:49:33,111 - INFO  - Watchdog has been checked: 0 passed
07.07.2014 00:51:33,156 - INFO  - Watchdog has been checked: 0 passed
07.07.2014 00:53:33,245 - INFO  - Watchdog has been checked: 0 passed
07.07.2014 00:55:33,327 - INFO  - Watchdog has been checked: 0 passed
07.07.2014 00:57:33,292 - INFO  - Watchdog has been checked: 0 passed
07.07.2014 00:59:33,176 - INFO  - Watchdog has been checked: 0 passed
07.07.2014 01:01:33,223 - INFO  - Watchdog has been checked: 0 passed
07.07.2014 01:03:33,246 - INFO  - Watchdog has been checked: 0 passed
07.07.2014 01:05:33,326 - INFO  - Watchdog has been checked: 0 passed
07.07.2014 01:07:33,308 - INFO  - Watchdog has been checked: 0 passed
07.07.2014 01:09:33,163 - INFO  - Watchdog has been checked: 0 passed
07.07.2014 01:11:33,205 - INFO  - Watchdog has been checked: 0 passed
07.07.2014 01:13:34,167 - INFO  - Watchdog has been checked: 0 passed
07.07.2014 01:15:34,251 - INFO  - Watchdog has been checked: 0 passed
07.07.2014 01:17:34,249 - INFO  - Watchdog has been checked: 0 passed
07.07.2014 01:19:34,138 - INFO  - Watchdog has been checked: 0 passed
07.07.2014 01:21:34,192 - INFO  - Watchdog has been checked: 0 passed
07.07.2014 01:23:34,197 - INFO  - Watchdog has been checked: 0 passed
07.07.2014 01:25:34,265 - INFO  - Watchdog has been checked: 0 passed
07.07.2014 01:27:34,287 - INFO  - Watchdog has been checked: 0 passed
07.07.2014 01:29:34,422 - INFO  - Watchdog has been checked: 0 passed
07.07.2014 01:31:34,241 - INFO  - Watchdog has been checked: 0 passed
07.07.2014 01:33:34,311 - INFO  - Watchdog has been checked: 0 passed
07.07.2014 01:35:34,359 - INFO  - Watchdog has been checked: 0 passed
07.07.2014 01:37:34,394 - INFO  - Watchdog has been checked: 0 passed
07.07.2014 01:39:34,487 - INFO  - Watchdog has been checked: 0 passed
07.07.2014 01:41:34,279 - INFO  - Watchdog has been checked: 0 passed
07.07.2014 01:43:34,329 - INFO  - Watchdog has been checked: 0 passed
07.07.2014 01:45:34,372 - INFO  - Watchdog has been checked: 0 passed
07.07.2014 01:47:34,211 - INFO  - Watchdog has been checked: 0 passed
07.07.2014 01:49:33,306 - INFO  - Watchdog has been checked: 0 passed
07.07.2014 01:51:33,350 - INFO  - Watchdog has been checked: 0 passed
07.07.2014 01:53:33,385 - INFO  - Watchdog has been checked: 0 passed
07.07.2014 01:55:33,164 - INFO  - Watchdog has been checked: 0 passed
07.07.2014 01:57:33,137 - INFO  - Watchdog has been checked: 0 passed
07.07.2014 01:59:33,264 - INFO  - Watchdog has been checked: 0 passed
07.07.2014 02:01:33,034 - INFO  - Watchdog has been checked: 0 passed
07.07.2014 02:03:32,119 - INFO  - Watchdog has been checked: 0 passed
07.07.2014 02:05:32,151 - INFO  - Watchdog has been checked: 0 passed
07.07.2014 02:07:32,192 - INFO  - Watchdog has been checked: 0 passed
07.07.2014 02:09:32,080 - INFO  - Watchdog has been checked: 0 passed
07.07.2014 02:11:31,130 - INFO  - Watchdog has been checked: 0 passed
07.07.2014 02:13:31,152 - INFO  - Watchdog has been checked: 0 passed
07.07.2014 02:15:34,171 - INFO  - Watchdog has been checked: 0 passed
07.07.2014 02:17:34,197 - INFO  - Watchdog has been checked: 0 passed
07.07.2014 02:19:34,323 - INFO  - Watchdog has been checked: 0 passed
07.07.2014 02:21:34,335 - INFO  - Watchdog has been checked: 0 passed
07.07.2014 02:23:34,149 - INFO  - Watchdog has been checked: 0 passed
07.07.2014 02:25:34,161 - INFO  - Watchdog has been checked: 0 passed
07.07.2014 02:27:34,266 - INFO  - Watchdog has been checked: 0 passed
07.07.2014 02:29:34,181 - INFO  - Watchdog has been checked: 0 passed
07.07.2014 02:31:34,192 - INFO  - Watchdog has been checked: 0 passed
07.07.2014 02:33:34,301 - INFO  - Watchdog has been checked: 0 passed
07.07.2014 02:35:34,308 - INFO  - Watchdog has been checked: 0 passed
07.07.2014 02:37:34,305 - INFO  - Watchdog has been checked: 0 passed
07.07.2014 02:39:34,163 - INFO  - Watchdog has been checked: 0 passed
07.07.2014 02:41:34,161 - INFO  - Watchdog has been checked: 0 passed
07.07.2014 02:43:34,178 - INFO  - Watchdog has been checked: 0 passed
07.07.2014 02:45:34,258 - INFO  - Watchdog has been checked: 0 passed
07.07.2014 02:47:34,279 - INFO  - Watchdog has been checked: 0 passed
07.07.2014 02:49:34,141 - INFO  - Watchdog has been checked: 0 passed
07.07.2014 02:51:34,099 - INFO  - Watchdog has been checked: 0 passed
07.07.2014 02:53:33,176 - INFO  - Watchdog has been checked: 0 passed
07.07.2014 02:55:33,237 - INFO  - Watchdog has been checked: 0 passed
07.07.2014 02:57:33,241 - INFO  - Watchdog has been checked: 0 passed
07.07.2014 02:59:33,154 - INFO  - Watchdog has been checked: 0 passed
07.07.2014 03:01:33,142 - INFO  - Watchdog has been checked: 0 passed
07.07.2014 03:03:33,163 - INFO  - Watchdog has been checked: 0 passed
07.07.2014 03:05:33,338 - INFO  - Watchdog has been checked: 0 passed
07.07.2014 03:07:33,300 - INFO  - Watchdog has been checked: 0 passed
07.07.2014 03:09:33,231 - INFO  - Watchdog has been checked: 0 passed
07.07.2014 03:11:33,249 - INFO  - Watchdog has been checked: 0 passed
07.07.2014 03:13:33,282 - INFO  - Watchdog has been checked: 0 passed
07.07.2014 03:15:33,392 - INFO  - Watchdog has been checked: 0 passed
07.07.2014 03:17:34,343 - INFO  - Watchdog has been checked: 0 passed
07.07.2014 03:19:34,250 - INFO  - Watchdog has been checked: 0 passed
07.07.2014 03:21:34,259 - INFO  - Watchdog has been checked: 0 passed
07.07.2014 03:23:34,292 - INFO  - Watchdog has been checked: 0 passed
07.07.2014 03:25:34,372 - INFO  - Watchdog has been checked: 0 passed
07.07.2014 03:27:34,348 - INFO  - Watchdog has been checked: 0 passed
07.07.2014 03:29:34,232 - INFO  - Watchdog has been checked: 0 passed
07.07.2014 03:31:34,288 - INFO  - Watchdog has been checked: 0 passed
07.07.2014 03:33:34,270 - INFO  - Watchdog has been checked: 0 passed
07.07.2014 03:35:34,156 - INFO  - Watchdog has been checked: 0 passed
07.07.2014 03:37:34,154 - INFO  - Watchdog has been checked: 0 passed
07.07.2014 03:39:34,290 - INFO  - Watchdog has been checked: 0 passed
07.07.2014 03:41:34,355 - INFO  - Watchdog has been checked: 0 passed
07.07.2014 03:43:34,365 - INFO  - Watchdog has been checked: 0 passed
07.07.2014 03:45:34,206 - INFO  - Watchdog has been checked: 0 passed
07.07.2014 03:47:34,436 - INFO  - Watchdog has been checked: 0 passed
07.07.2014 03:49:34,305 - INFO  - Watchdog has been checked: 0 passed
07.07.2014 03:51:34,387 - INFO  - Watchdog has been checked: 0 passed
07.07.2014 03:53:34,102 - INFO  - Watchdog has been checked: 0 passed
07.07.2014 03:55:34,225 - INFO  - Watchdog has been checked: 0 passed
07.07.2014 03:57:34,251 - INFO  - Watchdog has been checked: 0 passed
07.07.2014 03:59:34,143 - INFO  - Watchdog has been checked: 0 passed
07.07.2014 04:01:34,157 - INFO  - Watchdog has been checked: 0 passed
07.07.2014 04:03:34,196 - INFO  - Watchdog has been checked: 0 passed
07.07.2014 04:05:34,270 - INFO  - Watchdog has been checked: 0 passed
07.07.2014 04:07:34,063 - INFO  - Watchdog has been checked: 0 passed
07.07.2014 04:09:33,178 - INFO  - Watchdog has been checked: 0 passed
07.07.2014 04:11:33,236 - INFO  - Watchdog has been checked: 0 passed
07.07.2014 04:13:33,246 - INFO  - Watchdog has been checked: 0 passed
07.07.2014 04:15:33,075 - INFO  - Watchdog has been checked: 0 passed
07.07.2014 04:17:33,097 - INFO  - Watchdog has been checked: 0 passed
07.07.2014 04:19:33,236 - INFO  - Watchdog has been checked: 0 passed
07.07.2014 04:21:33,240 - INFO  - Watchdog has been checked: 0 passed
07.07.2014 04:23:33,121 - INFO  - Watchdog has been checked: 0 passed
07.07.2014 04:25:32,192 - INFO  - Watchdog has been checked: 0 passed
07.07.2014 04:27:32,210 - INFO  - Watchdog has been checked: 0 passed
07.07.2014 04:29:32,107 - INFO  - Watchdog has been checked: 0 passed
07.07.2014 04:31:31,142 - INFO  - Watchdog has been checked: 0 passed
07.07.2014 04:33:31,173 - INFO  - Watchdog has been checked: 0 passed
07.07.2014 04:35:31,205 - INFO  - Watchdog has been checked: 0 passed
07.07.2014 04:37:31,229 - INFO  - Watchdog has been checked: 0 passed
07.07.2014 04:39:31,113 - INFO  - Watchdog has been checked: 0 passed
07.07.2014 04:41:30,122 - INFO  - Watchdog has been checked: 0 passed
07.07.2014 04:43:29,199 - INFO  - Watchdog has been checked: 0 passed
07.07.2014 04:45:28,243 - INFO  - Watchdog has been checked: 0 passed
07.07.2014 04:47:28,257 - INFO  - Watchdog has been checked: 0 passed
07.07.2014 04:49:28,392 - INFO  - Watchdog has been checked: 0 passed
07.07.2014 04:51:28,174 - INFO  - Watchdog has been checked: 0 passed
07.07.2014 04:53:28,251 - INFO  - Watchdog has been checked: 0 passed
07.07.2014 04:55:28,320 - INFO  - Watchdog has been checked: 0 passed
07.07.2014 04:57:28,329 - INFO  - Watchdog has been checked: 0 passed
07.07.2014 04:59:28,217 - INFO  - Watchdog has been checked: 0 passed
07.07.2014 05:01:28,241 - INFO  - Watchdog has been checked: 0 passed
07.07.2014 05:03:28,264 - INFO  - Watchdog has been checked: 0 passed
07.07.2014 05:05:28,313 - INFO  - Watchdog has been checked: 0 passed
07.07.2014 05:07:28,329 - INFO  - Watchdog has been checked: 0 passed
07.07.2014 05:09:28,201 - INFO  - Watchdog has been checked: 0 passed
07.07.2014 05:11:28,240 - INFO  - Watchdog has been checked: 0 passed
07.07.2014 05:13:28,321 - INFO  - Watchdog has been checked: 0 passed
07.07.2014 05:15:28,433 - INFO  - Watchdog has been checked: 0 passed
07.07.2014 05:17:28,439 - INFO  - Watchdog has been checked: 0 passed
07.07.2014 05:19:28,279 - INFO  - Watchdog has been checked: 0 passed
07.07.2014 05:21:28,366 - INFO  - Watchdog has been checked: 0 passed
07.07.2014 05:23:28,429 - INFO  - Watchdog has been checked: 0 passed
07.07.2014 05:25:28,481 - INFO  - Watchdog has been checked: 0 passed
07.07.2014 05:27:28,196 - INFO  - Watchdog has been checked: 0 passed
07.07.2014 05:29:28,305 - INFO  - Watchdog has been checked: 0 passed
07.07.2014 05:31:28,323 - INFO  - Watchdog has been checked: 0 passed
07.07.2014 05:33:28,145 - INFO  - Watchdog has been checked: 0 passed
07.07.2014 05:35:28,179 - INFO  - Watchdog has been checked: 0 passed
07.07.2014 05:37:28,034 - INFO  - Watchdog has been checked: 0 passed
07.07.2014 05:39:27,182 - INFO  - Watchdog has been checked: 0 passed
07.07.2014 05:41:27,191 - INFO  - Watchdog has been checked: 0 passed
07.07.2014 05:43:27,223 - INFO  - Watchdog has been checked: 0 passed
07.07.2014 05:45:27,073 - INFO  - Watchdog has been checked: 0 passed
07.07.2014 05:47:26,129 - INFO  - Watchdog has been checked: 0 passed
07.07.2014 05:49:25,246 - INFO  - Watchdog has been checked: 0 passed
07.07.2014 05:51:25,280 - INFO  - Watchdog has been checked: 0 passed
07.07.2014 05:53:25,085 - INFO  - Watchdog has been checked: 0 passed
07.07.2014 05:55:24,170 - INFO  - Watchdog has been checked: 0 passed
07.07.2014 05:57:24,164 - INFO  - Watchdog has been checked: 0 passed
07.07.2014 05:59:23,275 - INFO  - Watchdog has been checked: 0 passed
07.07.2014 06:01:23,305 - INFO  - Watchdog has been checked: 0 passed
07.07.2014 06:03:23,305 - INFO  - Watchdog has been checked: 0 passed
07.07.2014 06:05:23,109 - INFO  - Watchdog has been checked: 0 passed
07.07.2014 06:07:22,104 - INFO  - Watchdog has been checked: 0 passed
07.07.2014 06:09:22,244 - INFO  - Watchdog has been checked: 0 passed
07.07.2014 06:11:22,285 - INFO  - Watchdog has been checked: 0 passed
07.07.2014 06:13:22,153 - INFO  - Watchdog has been checked: 0 passed
07.07.2014 06:15:01,796 - INFO  - mapping file sync started
07.07.2014 06:15:02,346 - INFO  - file successfully updated
07.07.2014 06:15:21,232 - INFO  - Watchdog has been checked: 0 passed
07.07.2014 06:17:21,231 - INFO  - Watchdog has been checked: 0 passed
07.07.2014 06:19:21,166 - INFO  - Watchdog has been checked: 0 passed
07.07.2014 06:21:21,192 - INFO  - Watchdog has been checked: 0 passed
07.07.2014 06:23:21,184 - INFO  - Watchdog has been checked: 0 passed
07.07.2014 06:25:21,307 - INFO  - Watchdog has been checked: 0 passed
07.07.2014 06:27:21,275 - INFO  - Watchdog has been checked: 0 passed
07.07.2014 06:29:21,150 - INFO  - Watchdog has been checked: 0 passed
07.07.2014 06:31:21,164 - INFO  - Watchdog has been checked: 0 passed
07.07.2014 06:33:21,225 - INFO  - Watchdog has been checked: 0 passed
07.07.2014 06:35:22,463 - INFO  - Watchdog has been checked: 0 passed
07.07.2014 06:37:22,294 - INFO  - Watchdog has been checked: 0 passed
07.07.2014 06:39:22,123 - INFO  - Watchdog has been checked: 0 passed
07.07.2014 06:41:22,184 - INFO  - Watchdog has been checked: 0 passed
07.07.2014 06:43:22,210 - INFO  - Watchdog has been checked: 0 passed
07.07.2014 06:45:22,301 - INFO  - Watchdog has been checked: 0 passed
07.07.2014 06:47:22,327 - INFO  - Watchdog has been checked: 0 passed
07.07.2014 06:49:23,683 - INFO  - Watchdog has been checked: 0 passed
07.07.2014 06:51:23,215 - INFO  - Watchdog has been checked: 0 passed
07.07.2014 06:53:23,248 - INFO  - Watchdog has been checked: 0 passed
07.07.2014 06:55:23,283 - INFO  - Watchdog has been checked: 0 passed
07.07.2014 06:57:23,288 - INFO  - Watchdog has been checked: 0 passed
07.07.2014 06:59:23,125 - INFO  - Watchdog has been checked: 0 passed
07.07.2014 07:01:23,246 - INFO  - Watchdog has been checked: 0 passed
07.07.2014 07:03:23,230 - INFO  - Watchdog has been checked: 0 passed
07.07.2014 07:05:23,253 - INFO  - Watchdog has been checked: 0 passed
07.07.2014 07:07:23,234 - INFO  - Watchdog has been checked: 0 passed
07.07.2014 07:09:23,128 - INFO  - Watchdog has been checked: 0 passed
07.07.2014 07:11:22,181 - INFO  - Watchdog has been checked: 0 passed
07.07.2014 07:13:22,232 - INFO  - Watchdog has been checked: 0 passed
07.07.2014 07:15:01,935 - INFO  - mapping file sync started
07.07.2014 07:15:02,413 - INFO  - file successfully updated
07.07.2014 07:15:22,304 - INFO  - Watchdog has been checked: 0 passed
07.07.2014 07:17:22,297 - INFO  - Watchdog has been checked: 0 passed
07.07.2014 07:19:22,165 - INFO  - Watchdog has been checked: 0 passed
07.07.2014 07:21:22,257 - INFO  - Watchdog has been checked: 0 passed
07.07.2014 07:23:22,234 - INFO  - Watchdog has been checked: 0 passed
07.07.2014 07:25:22,354 - INFO  - Watchdog has been checked: 0 passed
07.07.2014 07:27:22,052 - INFO  - Watchdog has been checked: 0 passed
07.07.2014 07:29:22,235 - INFO  - Watchdog has been checked: 0 passed
07.07.2014 07:31:22,285 - INFO  - Watchdog has been checked: 0 passed
07.07.2014 07:33:22,369 - INFO  - Watchdog has been checked: 0 passed
07.07.2014 07:35:25,628 - INFO  - Watchdog has been checked: 0 passed
07.07.2014 07:37:25,389 - INFO  - Watchdog has been checked: 0 passed
07.07.2014 07:39:25,231 - INFO  - Watchdog has been checked: 0 passed
07.07.2014 07:41:25,295 - INFO  - Watchdog has been checked: 0 passed
07.07.2014 07:43:25,349 - INFO  - Watchdog has been checked: 0 passed
07.07.2014 07:45:25,424 - INFO  - Watchdog has been checked: 0 passed
07.07.2014 07:47:25,416 - INFO  - Watchdog has been checked: 0 passed
07.07.2014 07:49:25,264 - INFO  - Watchdog has been checked: 0 passed
07.07.2014 07:51:25,265 - INFO  - Watchdog has been checked: 0 passed
07.07.2014 07:53:24,299 - INFO  - Watchdog has been checked: 0 passed
07.07.2014 07:55:24,324 - INFO  - Watchdog has been checked: 0 passed
07.07.2014 07:57:24,357 - INFO  - Watchdog has been checked: 0 passed
07.07.2014 07:59:24,227 - INFO  - Watchdog has been checked: 0 passed
07.07.2014 08:01:24,295 - INFO  - Watchdog has been checked: 0 passed
07.07.2014 08:03:24,287 - INFO  - Watchdog has been checked: 0 passed
07.07.2014 08:05:24,338 - INFO  - Watchdog has been checked: 0 passed
07.07.2014 08:07:24,364 - INFO  - Watchdog has been checked: 0 passed
07.07.2014 08:09:24,244 - INFO  - Watchdog has been checked: 0 passed
07.07.2014 08:11:24,390 - INFO  - Watchdog has been checked: 0 passed
07.07.2014 08:13:24,296 - INFO  - Watchdog has been checked: 0 passed
07.07.2014 08:15:24,087 - INFO  - Watchdog has been checked: 0 passed
07.07.2014 08:17:23,346 - INFO  - Watchdog has been checked: 0 passed
07.07.2014 08:19:23,198 - INFO  - Watchdog has been checked: 0 passed
07.07.2014 08:21:23,252 - INFO  - Watchdog has been checked: 0 passed
07.07.2014 08:23:23,326 - INFO  - Watchdog has been checked: 0 passed
07.07.2014 08:25:23,121 - INFO  - Watchdog has been checked: 0 passed
07.07.2014 08:27:23,277 - INFO  - Watchdog has been checked: 0 passed
07.07.2014 08:29:23,218 - INFO  - Watchdog has been checked: 0 passed
07.07.2014 08:31:23,255 - INFO  - Watchdog has been checked: 0 passed
07.07.2014 08:33:23,291 - INFO  - Watchdog has been checked: 0 passed
07.07.2014 08:35:23,064 - INFO  - Watchdog has been checked: 0 passed
07.07.2014 08:37:22,306 - INFO  - Watchdog has been checked: 0 passed
07.07.2014 08:39:22,183 - INFO  - Watchdog has been checked: 0 passed
07.07.2014 08:41:22,237 - INFO  - Watchdog has been checked: 0 passed
07.07.2014 08:43:22,232 - INFO  - Watchdog has been checked: 0 passed
07.07.2014 08:45:22,261 - INFO  - Watchdog has been checked: 0 passed
07.07.2014 08:47:22,280 - INFO  - Watchdog has been checked: 0 passed
07.07.2014 08:49:22,231 - INFO  - Watchdog has been checked: 0 passed
07.07.2014 08:51:22,239 - INFO  - Watchdog has been checked: 0 passed
07.07.2014 08:53:24,326 - INFO  - Watchdog has been checked: 0 passed
07.07.2014 08:55:24,176 - INFO  - Watchdog has been checked: 0 passed
07.07.2014 08:57:24,299 - INFO  - Watchdog has been checked: 0 passed
07.07.2014 08:59:24,339 - INFO  - Watchdog has been checked: 0 passed
07.07.2014 09:01:24,128 - INFO  - Watchdog has been checked: 0 passed
07.07.2014 09:03:24,404 - INFO  - Watchdog has been checked: 0 passed
07.07.2014 09:05:24,226 - INFO  - Watchdog has been checked: 0 passed
07.07.2014 09:07:24,215 - INFO  - Watchdog has been checked: 0 passed
07.07.2014 09:09:24,371 - INFO  - Watchdog has been checked: 0 passed
07.07.2014 09:11:24,379 - INFO  - Watchdog has been checked: 0 passed
07.07.2014 09:13:24,201 - INFO  - Watchdog has been checked: 0 passed
07.07.2014 09:15:24,306 - INFO  - Watchdog has been checked: 0 passed
07.07.2014 09:17:24,287 - INFO  - Watchdog has been checked: 0 passed
07.07.2014 09:19:24,423 - INFO  - Watchdog has been checked: 0 passed
07.07.2014 09:21:24,214 - INFO  - Watchdog has been checked: 0 passed
07.07.2014 09:23:24,291 - INFO  - Watchdog has been checked: 0 passed
07.07.2014 09:25:24,359 - INFO  - Watchdog has been checked: 0 passed
07.07.2014 09:27:24,343 - INFO  - Watchdog has been checked: 0 passed
07.07.2014 09:29:24,225 - INFO  - Watchdog has been checked: 0 passed
07.07.2014 09:31:24,281 - INFO  - Watchdog has been checked: 0 passed
07.07.2014 09:33:24,311 - INFO  - Watchdog has been checked: 0 passed
07.07.2014 09:35:24,287 - INFO  - Watchdog has been checked: 0 passed
07.07.2014 09:37:24,274 - INFO  - Watchdog has been checked: 0 passed
07.07.2014 09:39:24,377 - INFO  - Watchdog has been checked: 0 passed
07.07.2014 09:41:24,254 - INFO  - Watchdog has been checked: 0 passed
07.07.2014 09:43:24,320 - INFO  - Watchdog has been checked: 0 passed
07.07.2014 09:45:24,336 - INFO  - Watchdog has been checked: 0 passed
07.07.2014 09:47:24,403 - INFO  - Watchdog has been checked: 0 passed
07.07.2014 09:49:24,524 - INFO  - Watchdog has been checked: 0 passed
07.07.2014 09:51:24,345 - INFO  - Watchdog has been checked: 0 passed
07.07.2014 09:53:24,354 - INFO  - Watchdog has been checked: 0 passed
07.07.2014 09:55:24,406 - INFO  - Watchdog has been checked: 0 passed
07.07.2014 09:57:24,165 - INFO  - Watchdog has been checked: 0 passed
07.07.2014 09:59:24,309 - INFO  - Watchdog has been checked: 0 passed
07.07.2014 10:01:24,193 - INFO  - Watchdog has been checked: 0 passed
07.07.2014 10:03:24,108 - INFO  - Watchdog has been checked: 0 passed
07.07.2014 10:05:24,201 - INFO  - Watchdog has been checked: 0 passed
07.07.2014 10:07:24,192 - INFO  - Watchdog has been checked: 0 passed
07.07.2014 10:09:24,033 - INFO  - Watchdog has been checked: 0 passed
07.07.2014 10:11:23,130 - INFO  - Watchdog has been checked: 0 passed
07.07.2014 10:13:23,162 - INFO  - Watchdog has been checked: 0 passed
07.07.2014 10:15:22,960 - INFO  - Watchdog has been checked: 0 passed
07.07.2014 10:17:21,984 - INFO  - Watchdog has been checked: 0 passed
07.07.2014 10:19:21,103 - INFO  - Watchdog has been checked: 0 passed
07.07.2014 10:21:20,242 - INFO  - Watchdog has been checked: 0 passed
07.07.2014 10:23:20,023 - INFO  - Watchdog has been checked: 0 passed
07.07.2014 10:25:19,106 - INFO  - Watchdog has been checked: 0 passed
07.07.2014 10:27:18,152 - INFO  - Watchdog has been checked: 0 passed
07.07.2014 10:29:17,182 - INFO  - Watchdog has been checked: 0 passed
07.07.2014 10:31:17,251 - INFO  - Watchdog has been checked: 0 passed
07.07.2014 10:33:17,306 - INFO  - Watchdog has been checked: 0 passed
07.07.2014 10:35:17,139 - INFO  - Watchdog has been checked: 0 passed
07.07.2014 10:37:17,243 - INFO  - Watchdog has been checked: 0 passed
07.07.2014 10:39:17,238 - INFO  - Watchdog has been checked: 0 passed
07.07.2014 10:41:17,359 - INFO  - Watchdog has been checked: 0 passed
07.07.2014 10:43:17,380 - INFO  - Watchdog has been checked: 0 passed
07.07.2014 10:45:17,182 - INFO  - Watchdog has been checked: 0 passed
07.07.2014 10:47:17,233 - INFO  - Watchdog has been checked: 0 passed
07.07.2014 10:49:17,294 - INFO  - Watchdog has been checked: 0 passed
07.07.2014 10:51:17,354 - INFO  - Watchdog has been checked: 0 passed
07.07.2014 10:53:17,404 - INFO  - Watchdog has been checked: 0 passed
07.07.2014 10:55:17,184 - INFO  - Watchdog has been checked: 0 passed
07.07.2014 10:57:17,176 - INFO  - Watchdog has been checked: 0 passed
07.07.2014 10:59:17,279 - INFO  - Watchdog has been checked: 0 passed
07.07.2014 11:01:17,356 - INFO  - Watchdog has been checked: 0 passed
07.07.2014 11:03:17,206 - INFO  - Watchdog has been checked: 0 passed
07.07.2014 11:05:17,271 - INFO  - Watchdog has been checked: 0 passed
07.07.2014 11:07:17,279 - INFO  - Watchdog has been checked: 0 passed
07.07.2014 11:09:17,310 - INFO  - Watchdog has been checked: 0 passed
07.07.2014 11:11:17,391 - INFO  - Watchdog has been checked: 0 passed
07.07.2014 11:13:17,434 - INFO  - Watchdog has been checked: 0 passed
07.07.2014 11:15:17,254 - INFO  - Watchdog has been checked: 0 passed
07.07.2014 11:17:17,386 - INFO  - Watchdog has been checked: 0 passed
07.07.2014 11:19:27,393 - INFO  - Watchdog has been checked: 0 passed
07.07.2014 11:20:18,048 - INFO  - Watchdog has been checked: 0 passed
07.07.2014 11:22:17,201 - INFO  - Watchdog has been checked: 0 passed
07.07.2014 11:24:17,256 - INFO  - Watchdog has been checked: 0 passed
07.07.2014 11:26:17,246 - INFO  - Watchdog has been checked: 0 passed
07.07.2014 11:28:17,248 - INFO  - Watchdog has been checked: 0 passed
07.07.2014 11:30:17,166 - INFO  - Watchdog has been checked: 0 passed
07.07.2014 11:32:17,185 - INFO  - Watchdog has been checked: 0 passed
07.07.2014 11:34:17,166 - INFO  - Watchdog has been checked: 0 passed
07.07.2014 11:36:17,049 - INFO  - Watchdog has been checked: 0 passed
07.07.2014 11:38:16,084 - INFO  - Watchdog has been checked: 0 passed
07.07.2014 11:40:15,115 - INFO  - Watchdog has been checked: 0 passed
07.07.2014 11:42:14,097 - INFO  - Watchdog has been checked: 0 passed
07.07.2014 11:44:14,227 - INFO  - Watchdog has been checked: 0 passed
07.07.2014 11:46:13,958 - INFO  - Watchdog has been checked: 0 passed
07.07.2014 11:48:13,267 - INFO  - Watchdog has been checked: 0 passed
07.07.2014 11:50:13,167 - INFO  - Watchdog has been checked: 0 passed
07.07.2014 11:52:13,212 - INFO  - Watchdog has been checked: 0 passed
07.07.2014 11:54:13,262 - INFO  - Watchdog has been checked: 0 passed
07.07.2014 11:56:13,112 - INFO  - Watchdog has been checked: 0 passed
07.07.2014 11:58:13,103 - INFO  - Watchdog has been checked: 0 passed
07.07.2014 12:00:13,237 - INFO  - Watchdog has been checked: 0 passed
07.07.2014 12:02:13,302 - INFO  - Watchdog has been checked: 0 passed
07.07.2014 12:04:13,167 - INFO  - Watchdog has been checked: 0 passed
07.07.2014 12:06:13,199 - INFO  - Watchdog has been checked: 0 passed
07.07.2014 12:08:13,154 - INFO  - Watchdog has been checked: 0 passed
07.07.2014 12:10:13,300 - INFO  - Watchdog has been checked: 0 passed
07.07.2014 12:12:13,354 - INFO  - Watchdog has been checked: 0 passed
07.07.2014 12:14:13,375 - INFO  - Watchdog has been checked: 0 passed
07.07.2014 12:16:13,260 - INFO  - Watchdog has been checked: 0 passed
07.07.2014 12:18:13,242 - INFO  - Watchdog has been checked: 0 passed
07.07.2014 12:20:13,353 - INFO  - Watchdog has been checked: 0 passed
07.07.2014 12:22:13,269 - INFO  - Watchdog has been checked: 0 passed
07.07.2014 12:24:13,444 - INFO  - Watchdog has been checked: 0 passed
07.07.2014 12:26:13,272 - INFO  - Watchdog has been checked: 0 passed
07.07.2014 12:28:13,206 - INFO  - Watchdog has been checked: 0 passed
07.07.2014 12:30:13,141 - INFO  - Watchdog has been checked: 0 passed
07.07.2014 12:32:13,225 - INFO  - Watchdog has been checked: 0 passed
07.07.2014 12:34:13,265 - INFO  - Watchdog has been checked: 0 passed
07.07.2014 12:36:13,354 - INFO  - Watchdog has been checked: 0 passed
07.07.2014 12:38:13,311 - INFO  - Watchdog has been checked: 0 passed
07.07.2014 12:40:13,146 - INFO  - Watchdog has been checked: 0 passed
07.07.2014 12:42:13,274 - INFO  - Watchdog has been checked: 0 passed
07.07.2014 12:44:13,291 - INFO  - Watchdog has been checked: 0 passed
07.07.2014 12:46:13,136 - INFO  - Watchdog has been checked: 0 passed
07.07.2014 12:48:12,315 - INFO  - Watchdog has been checked: 0 passed
07.07.2014 12:50:12,155 - INFO  - Watchdog has been checked: 0 passed
07.07.2014 12:52:12,250 - INFO  - Watchdog has been checked: 0 passed
07.07.2014 12:54:12,307 - INFO  - Watchdog has been checked: 0 passed
07.07.2014 12:56:13,105 - INFO  - Watchdog has been checked: 0 passed
07.07.2014 12:58:12,094 - INFO  - Watchdog has been checked: 0 passed
07.07.2014 13:00:11,193 - INFO  - Watchdog has been checked: 0 passed
07.07.2014 13:02:11,089 - INFO  - Watchdog has been checked: 0 passed
07.07.2014 13:04:11,217 - INFO  - Watchdog has been checked: 0 passed
07.07.2014 13:06:11,043 - INFO  - Watchdog has been checked: 0 passed
07.07.2014 13:08:10,095 - INFO  - Watchdog has been checked: 0 passed
07.07.2014 13:10:10,198 - INFO  - Watchdog has been checked: 0 passed
07.07.2014 13:12:10,313 - INFO  - Watchdog has been checked: 0 passed
07.07.2014 13:14:10,122 - INFO  - Watchdog has been checked: 0 passed
07.07.2014 13:16:10,158 - INFO  - Watchdog has been checked: 0 passed
07.07.2014 13:18:10,182 - INFO  - Watchdog has been checked: 0 passed
07.07.2014 13:20:10,276 - INFO  - Watchdog has been checked: 0 passed
07.07.2014 13:22:10,325 - INFO  - Watchdog has been checked: 0 passed
07.07.2014 13:24:10,229 - INFO  - Watchdog has been checked: 0 passed
07.07.2014 13:26:10,291 - INFO  - Watchdog has been checked: 0 passed
07.07.2014 13:28:10,301 - INFO  - Watchdog has been checked: 0 passed
07.07.2014 13:30:10,174 - INFO  - Watchdog has been checked: 0 passed
07.07.2014 13:32:10,168 - INFO  - Watchdog has been checked: 0 passed
07.07.2014 13:34:10,319 - INFO  - Watchdog has been checked: 0 passed
07.07.2014 13:36:10,360 - INFO  - Watchdog has been checked: 0 passed
07.07.2014 13:38:10,411 - INFO  - Watchdog has been checked: 0 passed
07.07.2014 13:40:10,197 - INFO  - Watchdog has been checked: 0 passed
07.07.2014 13:42:10,434 - INFO  - Watchdog has been checked: 0 passed
07.07.2014 13:44:10,272 - INFO  - Watchdog has been checked: 0 passed
07.07.2014 13:46:10,297 - INFO  - Watchdog has been checked: 0 passed
07.07.2014 13:48:10,299 - INFO  - Watchdog has been checked: 0 passed
07.07.2014 13:50:10,208 - INFO  - Watchdog has been checked: 0 passed
07.07.2014 13:52:10,217 - INFO  - Watchdog has been checked: 0 passed
07.07.2014 13:54:10,288 - INFO  - Watchdog has been checked: 0 passed
07.07.2014 13:56:10,309 - INFO  - Watchdog has been checked: 0 passed
07.07.2014 13:58:13,262 - INFO  - Watchdog has been checked: 0 passed
07.07.2014 14:00:13,091 - INFO  - Watchdog has been checked: 0 passed
07.07.2014 14:02:13,616 - INFO  - Watchdog has been checked: 0 passed
07.07.2014 14:04:13,196 - INFO  - Watchdog has been checked: 0 passed
07.07.2014 14:06:13,223 - INFO  - Watchdog has been checked: 0 passed
07.07.2014 14:08:13,216 - INFO  - Watchdog has been checked: 0 passed
07.07.2014 14:10:13,138 - INFO  - Watchdog has been checked: 0 passed
07.07.2014 14:12:13,404 - INFO  - Watchdog has been checked: 0 passed
07.07.2014 14:14:13,250 - INFO  - Watchdog has been checked: 0 passed
07.07.2014 14:15:00,016 - INFO  - searcher identified --- respT: 29ms, 165 results, q=8400, 
07.07.2014 14:15:04,883 - INFO  - searcher identified --- respT: 25ms, 4 results, author:DanielOderbolz, q=8400, 
07.07.2014 14:15:08,056 - INFO  - searcher identified --- respT: 12ms, 1 results, date:[NOW-1MONTH TO NOW], author:DanielOderbolz, q=8400, 
07.07.2014 14:16:13,297 - INFO  - Watchdog has been checked: 0 passed
07.07.2014 14:18:13,242 - INFO  - Watchdog has been checked: 0 passed
07.07.2014 14:20:13,120 - INFO  - Watchdog has been checked: 0 passed
07.07.2014 14:22:13,509 - INFO  - Watchdog has been checked: 0 passed
07.07.2014 14:24:13,294 - INFO  - Watchdog has been checked: 0 passed
07.07.2014 14:26:13,305 - INFO  - Watchdog has been checked: 0 passed
07.07.2014 14:28:13,264 - INFO  - Watchdog has been checked: 0 passed
07.07.2014 14:30:13,215 - INFO  - Watchdog has been checked: 0 passed
07.07.2014 14:32:13,755 - INFO  - Watchdog has been checked: 0 passed
07.07.2014 14:34:13,154 - INFO  - Watchdog has been checked: 0 passed
07.07.2014 14:36:13,270 - INFO  - Watchdog has been checked: 0 passed
07.07.2014 14:38:13,215 - INFO  - Watchdog has been checked: 0 passed
07.07.2014 14:40:13,377 - INFO  - Watchdog has been checked: 0 passed
07.07.2014 14:42:13,355 - INFO  - Watchdog has been checked: 0 passed
07.07.2014 14:44:13,179 - INFO  - Watchdog has been checked: 0 passed
07.07.2014 14:46:13,268 - INFO  - Watchdog has been checked: 0 passed
07.07.2014 14:48:13,288 - INFO  - Watchdog has been checked: 0 passed
07.07.2014 14:50:13,168 - INFO  - Watchdog has been checked: 0 passed
07.07.2014 14:52:13,355 - INFO  - Watchdog has been checked: 0 passed
07.07.2014 14:54:13,224 - INFO  - Watchdog has been checked: 0 passed
07.07.2014 14:56:13,317 - INFO  - Watchdog has been checked: 0 passed
07.07.2014 14:58:13,272 - INFO  - Watchdog has been checked: 0 passed
07.07.2014 15:00:13,345 - INFO  - Watchdog has been checked: 0 passed
07.07.2014 15:02:13,346 - INFO  - Watchdog has been checked: 0 passed
07.07.2014 15:04:13,203 - INFO  - Watchdog has been checked: 0 passed
07.07.2014 15:06:13,298 - INFO  - Watchdog has been checked: 0 passed
07.07.2014 15:08:13,274 - INFO  - Watchdog has been checked: 0 passed
07.07.2014 15:10:13,170 - INFO  - Watchdog has been checked: 0 passed
07.07.2014 15:12:13,299 - INFO  - Watchdog has been checked: 0 passed
07.07.2014 15:14:13,294 - INFO  - Watchdog has been checked: 0 passed
07.07.2014 15:16:13,129 - INFO  - Watchdog has been checked: 0 passed
07.07.2014 15:18:13,094 - INFO  - Watchdog has been checked: 0 passed
07.07.2014 15:20:13,190 - INFO  - Watchdog has been checked: 0 passed
07.07.2014 15:22:13,366 - INFO  - Watchdog has been checked: 0 passed
07.07.2014 15:24:13,288 - INFO  - Watchdog has been checked: 0 passed
07.07.2014 15:26:13,079 - INFO  - Watchdog has been checked: 0 passed
07.07.2014 15:28:13,122 - INFO  - Watchdog has been checked: 0 passed
07.07.2014 15:30:13,222 - INFO  - Watchdog has been checked: 0 passed
07.07.2014 15:32:13,370 - INFO  - Watchdog has been checked: 0 passed
07.07.2014 15:34:13,298 - INFO  - Watchdog has been checked: 0 passed
07.07.2014 15:36:13,291 - INFO  - Watchdog has been checked: 0 passed
07.07.2014 15:38:13,292 - INFO  - Watchdog has been checked: 0 passed
07.07.2014 15:40:13,177 - INFO  - Watchdog has been checked: 0 passed
07.07.2014 15:42:13,373 - INFO  - Watchdog has been checked: 0 passed
07.07.2014 15:44:13,287 - INFO  - Watchdog has been checked: 0 passed
07.07.2014 15:46:13,046 - INFO  - Watchdog has been checked: 0 passed
07.07.2014 15:48:12,158 - INFO  - Watchdog has been checked: 0 passed
07.07.2014 15:50:12,164 - INFO  - Watchdog has been checked: 0 passed
07.07.2014 15:52:12,179 - INFO  - Watchdog has been checked: 0 passed
07.07.2014 15:54:12,358 - INFO  - Watchdog has been checked: 0 passed
07.07.2014 15:56:12,026 - INFO  - Watchdog has been checked: 0 passed
07.07.2014 15:58:11,169 - INFO  - Watchdog has been checked: 0 passed
07.07.2014 16:00:11,274 - INFO  - Watchdog has been checked: 0 passed
07.07.2014 16:02:12,590 - INFO  - Watchdog has been checked: 0 passed
07.07.2014 16:04:12,129 - INFO  - Watchdog has been checked: 0 passed
07.07.2014 16:06:11,173 - INFO  - Watchdog has been checked: 0 passed
07.07.2014 16:08:11,180 - INFO  - Watchdog has been checked: 0 passed
07.07.2014 16:10:11,039 - INFO  - Watchdog has been checked: 0 passed
07.07.2014 16:12:10,270 - INFO  - Watchdog has been checked: 0 passed
07.07.2014 16:14:10,122 - INFO  - Watchdog has been checked: 0 passed
07.07.2014 16:16:10,162 - INFO  - Watchdog has been checked: 0 passed
07.07.2014 16:18:10,116 - INFO  - Watchdog has been checked: 0 passed
07.07.2014 16:20:09,288 - INFO  - Watchdog has been checked: 0 passed
07.07.2014 16:22:09,255 - INFO  - Watchdog has been checked: 0 passed
07.07.2014 16:24:09,338 - INFO  - Watchdog has been checked: 0 passed
07.07.2014 16:26:09,166 - INFO  - Watchdog has been checked: 0 passed
07.07.2014 16:28:09,187 - INFO  - Watchdog has been checked: 0 passed
07.07.2014 16:30:09,319 - INFO  - Watchdog has been checked: 0 passed
07.07.2014 16:32:09,298 - INFO  - Watchdog has been checked: 0 passed
07.07.2014 16:34:09,417 - INFO  - Watchdog has been checked: 0 passed
07.07.2014 16:36:09,208 - INFO  - Watchdog has been checked: 0 passed
07.07.2014 16:38:09,110 - INFO  - Watchdog has been checked: 0 passed
07.07.2014 16:40:09,252 - INFO  - Watchdog has been checked: 0 passed
07.07.2014 16:42:09,297 - INFO  - Watchdog has been checked: 0 passed
07.07.2014 16:44:09,168 - INFO  - Watchdog has been checked: 0 passed
07.07.2014 16:46:09,247 - INFO  - Watchdog has been checked: 0 passed
07.07.2014 16:48:09,227 - INFO  - Watchdog has been checked: 0 passed
07.07.2014 16:50:09,308 - INFO  - Watchdog has been checked: 0 passed
07.07.2014 16:52:09,344 - INFO  - Watchdog has been checked: 0 passed
07.07.2014 16:54:09,138 - INFO  - Watchdog has been checked: 0 passed
07.07.2014 16:56:09,243 - INFO  - Watchdog has been checked: 0 passed
07.07.2014 16:58:09,185 - INFO  - Watchdog has been checked: 0 passed
07.07.2014 17:00:09,358 - INFO  - Watchdog has been checked: 0 passed
07.07.2014 17:02:09,356 - INFO  - Watchdog has been checked: 0 passed
07.07.2014 17:04:13,405 - INFO  - Watchdog has been checked: 0 passed
07.07.2014 17:06:13,241 - INFO  - Watchdog has been checked: 0 passed
07.07.2014 17:08:13,201 - INFO  - Watchdog has been checked: 0 passed
07.07.2014 17:10:13,241 - INFO  - Watchdog has been checked: 0 passed
07.07.2014 17:12:13,259 - INFO  - Watchdog has been checked: 0 passed
07.07.2014 17:14:13,148 - INFO  - Watchdog has been checked: 0 passed
07.07.2014 17:16:13,361 - INFO  - Watchdog has been checked: 0 passed
07.07.2014 17:18:13,226 - INFO  - Watchdog has been checked: 0 passed
07.07.2014 17:20:13,329 - INFO  - Watchdog has been checked: 0 passed
07.07.2014 17:22:13,164 - INFO  - Watchdog has been checked: 0 passed
07.07.2014 17:24:13,193 - INFO  - Watchdog has been checked: 0 passed
07.07.2014 17:26:13,261 - INFO  - Watchdog has been checked: 0 passed
07.07.2014 17:28:13,237 - INFO  - Watchdog has been checked: 0 passed
07.07.2014 17:30:13,122 - INFO  - Watchdog has been checked: 0 passed
07.07.2014 17:32:13,170 - INFO  - Watchdog has been checked: 0 passed
07.07.2014 17:34:13,163 - INFO  - Watchdog has been checked: 0 passed
07.07.2014 17:36:13,327 - INFO  - Watchdog has been checked: 0 passed
07.07.2014 17:38:13,264 - INFO  - Watchdog has been checked: 0 passed
07.07.2014 17:40:13,083 - INFO  - Watchdog has been checked: 0 passed
07.07.2014 17:42:12,281 - INFO  - Watchdog has been checked: 0 passed
07.07.2014 17:44:12,161 - INFO  - Watchdog has been checked: 0 passed
07.07.2014 17:46:12,239 - INFO  - Watchdog has been checked: 0 passed
07.07.2014 17:48:12,265 - INFO  - Watchdog has been checked: 0 passed
07.07.2014 17:50:12,128 - INFO  - Watchdog has been checked: 0 passed
07.07.2014 17:52:13,166 - INFO  - Watchdog has been checked: 0 passed
07.07.2014 17:54:12,171 - INFO  - Watchdog has been checked: 0 passed
07.07.2014 17:56:11,221 - INFO  - Watchdog has been checked: 0 passed
07.07.2014 17:58:11,254 - INFO  - Watchdog has been checked: 0 passed
07.07.2014 18:00:11,109 - INFO  - Watchdog has been checked: 0 passed
07.07.2014 18:02:10,190 - INFO  - Watchdog has been checked: 0 passed
07.07.2014 18:04:10,091 - INFO  - Watchdog has been checked: 0 passed
07.07.2014 18:06:13,076 - INFO  - Watchdog has been checked: 0 passed
07.07.2014 18:08:12,152 - INFO  - Watchdog has been checked: 0 passed
07.07.2014 18:10:11,259 - INFO  - Watchdog has been checked: 0 passed
07.07.2014 18:12:13,307 - INFO  - Watchdog has been checked: 0 passed
07.07.2014 18:14:13,096 - INFO  - Watchdog has been checked: 0 passed
07.07.2014 18:16:12,118 - INFO  - Watchdog has been checked: 0 passed
07.07.2014 18:18:12,175 - INFO  - Watchdog has been checked: 0 passed
07.07.2014 18:20:12,281 - INFO  - Watchdog has been checked: 0 passed
07.07.2014 18:22:12,268 - INFO  - Watchdog has been checked: 0 passed
07.07.2014 18:24:12,140 - INFO  - Watchdog has been checked: 0 passed
07.07.2014 18:26:12,191 - INFO  - Watchdog has been checked: 0 passed
07.07.2014 18:28:12,222 - INFO  - Watchdog has been checked: 0 passed
07.07.2014 18:30:12,331 - INFO  - Watchdog has been checked: 0 passed
07.07.2014 18:32:12,290 - INFO  - Watchdog has been checked: 0 passed
07.07.2014 18:34:12,383 - INFO  - Watchdog has been checked: 0 passed
07.07.2014 18:36:12,438 - INFO  - Watchdog has been checked: 0 passed
07.07.2014 18:38:12,208 - INFO  - Watchdog has been checked: 0 passed
07.07.2014 18:40:12,310 - INFO  - Watchdog has been checked: 0 passed
07.07.2014 18:42:12,324 - INFO  - Watchdog has been checked: 0 passed
07.07.2014 18:44:12,452 - INFO  - Watchdog has been checked: 0 passed
07.07.2014 18:46:07,305 - INFO  - searcher identified --- respT: 47ms, 80910 results, q=, 
07.07.2014 18:46:12,444 - INFO  - Watchdog has been checked: 0 passed
07.07.2014 18:48:12,180 - INFO  - Watchdog has been checked: 0 passed
07.07.2014 18:50:12,371 - INFO  - Watchdog has been checked: 0 passed
07.07.2014 18:52:12,323 - INFO  - Watchdog has been checked: 0 passed
07.07.2014 18:54:12,387 - INFO  - Watchdog has been checked: 0 passed
07.07.2014 18:56:12,247 - INFO  - Watchdog has been checked: 0 passed
07.07.2014 18:58:12,198 - INFO  - Watchdog has been checked: 0 passed
07.07.2014 19:00:12,403 - INFO  - Watchdog has been checked: 0 passed
07.07.2014 19:02:12,097 - INFO  - Watchdog has been checked: 0 passed
07.07.2014 19:04:11,166 - INFO  - Watchdog has been checked: 0 passed
07.07.2014 19:06:10,167 - INFO  - Watchdog has been checked: 0 passed
07.07.2014 19:08:13,138 - INFO  - Watchdog has been checked: 0 passed
07.07.2014 19:10:12,091 - INFO  - Watchdog has been checked: 0 passed
07.07.2014 19:12:11,091 - INFO  - Watchdog has been checked: 0 passed
07.07.2014 19:14:10,165 - INFO  - Watchdog has been checked: 0 passed
07.07.2014 19:16:10,018 - INFO  - Watchdog has been checked: 0 passed
07.07.2014 19:18:09,252 - INFO  - Watchdog has been checked: 0 passed
07.07.2014 19:20:09,157 - INFO  - Watchdog has been checked: 0 passed
07.07.2014 19:22:09,169 - INFO  - Watchdog has been checked: 0 passed
07.07.2014 19:24:09,263 - INFO  - Watchdog has been checked: 0 passed
07.07.2014 19:26:09,349 - INFO  - Watchdog has been checked: 0 passed
07.07.2014 19:28:09,310 - INFO  - Watchdog has been checked: 0 passed
07.07.2014 19:30:09,216 - INFO  - Watchdog has been checked: 0 passed
07.07.2014 19:32:09,212 - INFO  - Watchdog has been checked: 0 passed
07.07.2014 19:34:09,212 - INFO  - Watchdog has been checked: 0 passed
07.07.2014 19:36:09,426 - INFO  - Watchdog has been checked: 0 passed
07.07.2014 19:38:09,370 - INFO  - Watchdog has been checked: 0 passed
07.07.2014 19:40:09,246 - INFO  - Watchdog has been checked: 0 passed
07.07.2014 19:42:09,315 - INFO  - Watchdog has been checked: 0 passed
07.07.2014 19:44:09,351 - INFO  - Watchdog has been checked: 0 passed
07.07.2014 19:46:09,228 - INFO  - Watchdog has been checked: 0 passed
07.07.2014 19:48:09,180 - INFO  - Watchdog has been checked: 0 passed
07.07.2014 19:50:09,311 - INFO  - Watchdog has been checked: 0 passed
07.07.2014 19:52:09,315 - INFO  - Watchdog has been checked: 0 passed
07.07.2014 19:54:09,187 - INFO  - Watchdog has been checked: 0 passed
07.07.2014 19:56:09,255 - INFO  - Watchdog has been checked: 0 passed
07.07.2014 19:58:09,235 - INFO  - Watchdog has been checked: 0 passed
07.07.2014 20:00:09,366 - INFO  - Watchdog has been checked: 0 passed
07.07.2014 20:02:09,448 - INFO  - Watchdog has been checked: 0 passed
07.07.2014 20:04:09,446 - INFO  - Watchdog has been checked: 0 passed
07.07.2014 20:06:09,275 - INFO  - Watchdog has been checked: 0 passed
07.07.2014 20:08:09,265 - INFO  - Watchdog has been checked: 0 passed
07.07.2014 20:10:13,420 - INFO  - Watchdog has been checked: 0 passed
07.07.2014 20:12:13,236 - INFO  - Watchdog has been checked: 0 passed
07.07.2014 20:14:13,228 - INFO  - Watchdog has been checked: 0 passed
07.07.2014 20:16:13,325 - INFO  - Watchdog has been checked: 0 passed
07.07.2014 20:18:13,356 - INFO  - Watchdog has been checked: 0 passed
07.07.2014 20:20:13,144 - INFO  - Watchdog has been checked: 0 passed
07.07.2014 20:22:12,158 - INFO  - Watchdog has been checked: 0 passed
07.07.2014 20:24:12,172 - INFO  - Watchdog has been checked: 0 passed
07.07.2014 20:26:11,991 - INFO  - Watchdog has been checked: 0 passed
07.07.2014 20:28:11,074 - INFO  - Watchdog has been checked: 0 passed
07.07.2014 20:30:10,118 - INFO  - Watchdog has been checked: 0 passed
07.07.2014 20:32:09,214 - INFO  - Watchdog has been checked: 0 passed
07.07.2014 20:34:09,013 - INFO  - Watchdog has been checked: 0 passed
07.07.2014 20:36:09,069 - INFO  - Watchdog has been checked: 0 passed
07.07.2014 20:38:09,138 - INFO  - Watchdog has been checked: 0 passed
07.07.2014 20:40:09,175 - INFO  - Watchdog has been checked: 0 passed
07.07.2014 20:42:09,254 - INFO  - Watchdog has been checked: 0 passed
07.07.2014 20:44:09,086 - INFO  - Watchdog has been checked: 0 passed
07.07.2014 20:46:09,116 - INFO  - Watchdog has been checked: 0 passed
07.07.2014 20:48:09,176 - INFO  - Watchdog has been checked: 0 passed
07.07.2014 20:50:09,288 - INFO  - Watchdog has been checked: 0 passed
07.07.2014 20:52:09,325 - INFO  - Watchdog has been checked: 0 passed
07.07.2014 20:54:09,167 - INFO  - Watchdog has been checked: 0 passed
07.07.2014 20:56:09,220 - INFO  - Watchdog has been checked: 0 passed
07.07.2014 20:58:09,364 - INFO  - Watchdog has been checked: 0 passed
07.07.2014 21:00:09,322 - INFO  - Watchdog has been checked: 0 passed
07.07.2014 21:02:09,253 - INFO  - Watchdog has been checked: 0 passed
07.07.2014 21:04:09,210 - INFO  - Watchdog has been checked: 0 passed
07.07.2014 21:06:09,272 - INFO  - Watchdog has been checked: 0 passed
07.07.2014 21:08:09,165 - INFO  - Watchdog has been checked: 0 passed
07.07.2014 21:10:09,435 - INFO  - Watchdog has been checked: 0 passed
07.07.2014 21:12:13,316 - INFO  - Watchdog has been checked: 0 passed
07.07.2014 21:14:13,259 - INFO  - Watchdog has been checked: 0 passed
07.07.2014 21:16:13,254 - INFO  - Watchdog has been checked: 0 passed
07.07.2014 21:18:13,139 - INFO  - Watchdog has been checked: 0 passed
07.07.2014 21:20:12,984 - INFO  - Watchdog has been checked: 0 passed
07.07.2014 21:22:13,023 - INFO  - Watchdog has been checked: 0 passed
07.07.2014 21:24:13,264 - INFO  - Watchdog has been checked: 0 passed
07.07.2014 21:26:13,331 - INFO  - Watchdog has been checked: 0 passed
07.07.2014 21:28:13,344 - INFO  - Watchdog has been checked: 0 passed
07.07.2014 21:30:13,227 - INFO  - Watchdog has been checked: 0 passed
07.07.2014 21:32:13,235 - INFO  - Watchdog has been checked: 0 passed
07.07.2014 21:34:13,281 - INFO  - Watchdog has been checked: 0 passed
07.07.2014 21:36:13,118 - INFO  - Watchdog has been checked: 0 passed
07.07.2014 21:38:12,105 - INFO  - Watchdog has been checked: 0 passed
07.07.2014 21:40:11,252 - INFO  - Watchdog has been checked: 0 passed
07.07.2014 21:42:11,248 - INFO  - Watchdog has been checked: 0 passed
07.07.2014 21:44:11,314 - INFO  - Watchdog has been checked: 0 passed
07.07.2014 21:46:11,168 - INFO  - Watchdog has been checked: 0 passed
07.07.2014 21:48:11,122 - INFO  - Watchdog has been checked: 0 passed
07.07.2014 21:50:11,232 - INFO  - Watchdog has been checked: 0 passed
07.07.2014 21:52:11,260 - INFO  - Watchdog has been checked: 0 passed
07.07.2014 21:54:11,082 - INFO  - Watchdog has been checked: 0 passed
07.07.2014 21:56:11,181 - INFO  - Watchdog has been checked: 0 passed
07.07.2014 21:58:11,127 - INFO  - Watchdog has been checked: 0 passed
07.07.2014 22:00:11,306 - INFO  - Watchdog has been checked: 0 passed
07.07.2014 22:02:11,352 - INFO  - Watchdog has been checked: 0 passed
07.07.2014 22:04:11,123 - INFO  - Watchdog has been checked: 0 passed
07.07.2014 22:06:11,220 - INFO  - Watchdog has been checked: 0 passed
07.07.2014 22:08:11,189 - INFO  - Watchdog has been checked: 0 passed
07.07.2014 22:10:11,075 - INFO  - Watchdog has been checked: 0 passed
07.07.2014 22:12:11,128 - INFO  - Watchdog has been checked: 0 passed
07.07.2014 22:14:12,267 - INFO  - Watchdog has been checked: 0 passed
07.07.2014 22:16:12,037 - INFO  - Watchdog has been checked: 0 passed
07.07.2014 22:18:11,032 - INFO  - Watchdog has been checked: 0 passed
07.07.2014 22:20:11,146 - INFO  - Watchdog has been checked: 0 passed
07.07.2014 22:22:11,225 - INFO  - Watchdog has been checked: 0 passed
07.07.2014 22:24:10,989 - INFO  - Watchdog has been checked: 0 passed
07.07.2014 22:26:10,100 - INFO  - Watchdog has been checked: 0 passed
07.07.2014 22:28:10,093 - INFO  - Watchdog has been checked: 0 passed
07.07.2014 22:30:10,176 - INFO  - Watchdog has been checked: 0 passed
07.07.2014 22:32:10,273 - INFO  - Watchdog has been checked: 0 passed
07.07.2014 22:34:10,036 - INFO  - Watchdog has been checked: 0 passed
07.07.2014 22:36:09,123 - INFO  - Watchdog has been checked: 0 passed
07.07.2014 22:38:09,171 - INFO  - Watchdog has been checked: 0 passed
07.07.2014 22:40:09,246 - INFO  - Watchdog has been checked: 0 passed
07.07.2014 22:42:09,310 - INFO  - Watchdog has been checked: 0 passed
07.07.2014 22:44:09,324 - INFO  - Watchdog has been checked: 0 passed
07.07.2014 22:46:09,157 - INFO  - Watchdog has been checked: 0 passed
07.07.2014 22:48:09,216 - INFO  - Watchdog has been checked: 0 passed
07.07.2014 22:50:09,286 - INFO  - Watchdog has been checked: 0 passed
07.07.2014 22:52:09,365 - INFO  - Watchdog has been checked: 0 passed
07.07.2014 22:54:09,402 - INFO  - Watchdog has been checked: 0 passed
07.07.2014 22:56:09,220 - INFO  - Watchdog has been checked: 0 passed
07.07.2014 22:58:09,239 - INFO  - Watchdog has been checked: 0 passed
07.07.2014 23:00:09,332 - INFO  - Watchdog has been checked: 0 passed
07.07.2014 23:02:09,382 - INFO  - Watchdog has been checked: 0 passed
07.07.2014 23:04:09,474 - INFO  - Watchdog has been checked: 0 passed
07.07.2014 23:06:09,274 - INFO  - Watchdog has been checked: 0 passed
07.07.2014 23:08:09,351 - INFO  - Watchdog has been checked: 0 passed
07.07.2014 23:10:09,422 - INFO  - Watchdog has been checked: 0 passed
07.07.2014 23:12:09,191 - INFO  - Watchdog has been checked: 0 passed
07.07.2014 23:14:09,272 - INFO  - Watchdog has been checked: 0 passed
07.07.2014 23:16:12,907 - INFO  - Watchdog has been checked: 0 passed
07.07.2014 23:18:12,350 - INFO  - Watchdog has been checked: 0 passed
07.07.2014 23:20:12,215 - INFO  - Watchdog has been checked: 0 passed
07.07.2014 23:22:13,265 - INFO  - Watchdog has been checked: 0 passed
07.07.2014 23:24:13,343 - INFO  - Watchdog has been checked: 0 passed
07.07.2014 23:26:13,377 - INFO  - Watchdog has been checked: 0 passed
07.07.2014 23:28:13,177 - INFO  - Watchdog has been checked: 0 passed
07.07.2014 23:31:28,273 - INFO  - Watchdog has been checked: 0 passed
07.07.2014 23:31:28,273 - INFO  - Watchdog has been checked: 0 passed
07.07.2014 23:32:13,128 - INFO  - Watchdog has been checked: 0 passed
07.07.2014 23:34:13,089 - INFO  - Watchdog has been checked: 0 passed
07.07.2014 23:36:13,165 - INFO  - Watchdog has been checked: 0 passed
07.07.2014 23:38:12,939 - INFO  - Watchdog has been checked: 0 passed
07.07.2014 23:40:12,078 - INFO  - Watchdog has been checked: 0 passed
07.07.2014 23:41:21,646 - ERROR - unknown wikiuser
07.07.2014 23:41:21,705 - INFO  - searcher anonymous --- respT: 13ms, 445 results, web:(PSIWeb), q=, 
07.07.2014 23:41:42,568 - ERROR - unknown wikiuser
07.07.2014 23:41:42,608 - INFO  - searcher anonymous --- respT: 13ms, 257 results, web:(PSIWeb), date:[NOW-1YEAR TO NOW], q=, 
07.07.2014 23:41:46,706 - ERROR - unknown wikiuser
07.07.2014 23:41:46,750 - INFO  - searcher anonymous --- respT: 12ms, 145 results, web:(PSIWeb), date:[NOW-1YEAR TO NOW], author:AndreLichtsteiner, q=, 
07.07.2014 23:41:58,769 - ERROR - unknown wikiuser
07.07.2014 23:41:58,814 - INFO  - searcher anonymous --- respT: 13ms, 145 results, web:(PSIWeb), date:[NOW-1YEAR TO NOW], author:AndreLichtsteiner, q=, page turned
07.07.2014 23:42:01,372 - ERROR - unknown wikiuser
07.07.2014 23:42:01,413 - INFO  - searcher anonymous --- respT: 12ms, 145 results, web:(PSIWeb), date:[NOW-1YEAR TO NOW], author:AndreLichtsteiner, q=, page turned
07.07.2014 23:42:07,096 - ERROR - unknown wikiuser
07.07.2014 23:42:07,141 - INFO  - searcher anonymous --- respT: 13ms, 142 results, type:topic, web:(PSIWeb), date:[NOW-1YEAR TO NOW], author:AndreLichtsteiner, q=, page turned
07.07.2014 23:42:12,044 - INFO  - Watchdog has been checked: 0 passed
07.07.2014 23:42:12,756 - ERROR - unknown wikiuser
07.07.2014 23:42:12,803 - INFO  - searcher anonymous --- respT: 14ms, 142 results, type:topic, web:(PSIWeb), date:[NOW-1YEAR TO NOW], author:AndreLichtsteiner, q=, page turned
07.07.2014 23:42:22,442 - ERROR - unknown wikiuser
07.07.2014 23:42:22,492 - INFO  - searcher anonymous --- respT: 14ms, 121 results, type:topic, web:(PSIWeb), date:[NOW-1YEAR TO NOW], author:AndreLichtsteiner, q=rel, 
07.07.2014 23:42:23,687 - ERROR - unknown wikiuser
07.07.2014 23:42:23,731 - INFO  - searcher anonymous --- respT: 15ms, 120 results, type:topic, web:(PSIWeb), date:[NOW-1YEAR TO NOW], author:AndreLichtsteiner, q=release, 
07.07.2014 23:42:32,846 - ERROR - unknown wikiuser
07.07.2014 23:42:32,883 - INFO  - searcher anonymous --- respT: 8ms, no results, type:topic, web:(PSIWeb), date:[NOW-1YEAR TO NOW], author:AndreLichtsteiner, q=last, 
07.07.2014 23:42:35,161 - ERROR - unknown wikiuser
07.07.2014 23:42:35,225 - INFO  - searcher anonymous --- respT: 24ms, 28161 results, q=, 
07.07.2014 23:42:37,189 - ERROR - unknown wikiuser
07.07.2014 23:42:37,322 - INFO  - searcher anonymous --- respT: 23ms, 1098 results, q=recent, 
07.07.2014 23:42:42,636 - ERROR - unknown wikiuser
07.07.2014 23:42:42,680 - INFO  - searcher anonymous --- respT: 12ms, 2 results, web:(PSIWeb), q=recent, 
07.07.2014 23:43:00,490 - ERROR - unknown wikiuser
07.07.2014 23:43:00,543 - INFO  - searcher anonymous --- respT: 15ms, 28 results, web:(PSIWeb), q=SEARCH, 
07.07.2014 23:44:12,179 - INFO  - Watchdog has been checked: 0 passed
07.07.2014 23:46:11,963 - INFO  - Watchdog has been checked: 0 passed
07.07.2014 23:48:11,006 - INFO  - Watchdog has been checked: 0 passed
07.07.2014 23:50:10,085 - INFO  - Watchdog has been checked: 0 passed
07.07.2014 23:52:10,116 - INFO  - Watchdog has been checked: 0 passed
07.07.2014 23:54:09,185 - INFO  - Watchdog has been checked: 0 passed
07.07.2014 23:56:09,260 - INFO  - Watchdog has been checked: 0 passed
07.07.2014 23:58:09,266 - INFO  - Watchdog has been checked: 0 passed
